    0.4143038610E-23    0.0000000000E+00
    0.4439345853E-23    0.0000000000E+00
    0.4756844785E-23    0.0000000000E+00
    0.5097051019E-23    0.0000000000E+00
    0.5461588566E-23    0.0000000000E+00
    0.5852197586E-23    0.0000000000E+00
    0.6270742692E-23    0.0000000000E+00
    0.6719221852E-23    0.0000000000E+00
    0.7199775931E-23    0.0000000000E+00
    0.7714698903E-23    0.0000000000E+00
    0.8266448809E-23    0.0000000000E+00
    0.8857659485E-23    0.0000000000E+00
    0.9491153137E-23    0.0000000000E+00
    0.1016995382E-22    0.0000000000E+00
    0.1089730185E-22    0.0000000000E+00
    0.1167666930E-22    0.0000000000E+00
    0.1251177658E-22    0.0000000000E+00
    0.1340661015E-22    0.0000000000E+00
    0.1436544159E-22    0.0000000000E+00
    0.1539284799E-22    0.0000000000E+00
    0.1649373379E-22    0.0000000000E+00
    0.1767335417E-22    0.0000000000E+00
    0.1893734018E-22    0.0000000000E+00
    0.2029172559E-22    0.0000000000E+00
    0.2174297571E-22    0.0000000000E+00
    0.2329801823E-22    0.0000000000E+00
    0.2496427630E-22    0.0000000000E+00
    0.2674970400E-22    0.0000000000E+00
    0.2866282424E-22    0.0000000000E+00
    0.3071276952E-22    0.0000000000E+00
    0.3290932546E-22    0.0000000000E+00
    0.3526297755E-22    0.0000000000E+00
    0.3778496121E-22    0.0000000000E+00
    0.4048731538E-22    0.0000000000E+00
    0.4338294005E-22    0.0000000000E+00
    0.4648565778E-22    0.0000000000E+00
    0.4981027973E-22    0.0000000000E+00
    0.5337267633E-22    0.0000000000E+00
    0.5718985306E-22    0.0000000000E+00
    0.6128003161E-22    0.0000000000E+00
    0.6566273690E-22    0.0000000000E+00
    0.7035889022E-22    0.0000000000E+00
    0.7539090917E-22    0.0000000000E+00
    0.8078281461E-22    0.0000000000E+00
    0.8656034539E-22    0.0000000000E+00
    0.9275108115E-22    0.0000000000E+00
    0.9938457404E-22    0.0000000000E+00
    0.1064924897E-21    0.0000000000E+00
    0.1141087586E-21    0.0000000000E+00
    0.1222697377E-21    0.0000000000E+00
    0.1310143844E-21    0.0000000000E+00
    0.1403844422E-21    0.0000000000E+00
    0.1504246400E-21    0.0000000000E+00
    0.1611829057E-21    0.0000000000E+00
    0.1727105951E-21    0.0000000000E+00
    0.1850627369E-21    0.0000000000E+00
    0.1982982953E-21    0.0000000000E+00
    0.2124804516E-21    0.0000000000E+00
    0.2276769058E-21    0.0000000000E+00
    0.2439602000E-21    0.0000000000E+00
    0.2614080640E-21    0.0000000000E+00
    0.2801037871E-21    0.0000000000E+00
    0.3001366153E-21    0.0000000000E+00
    0.3216021775E-21    0.0000000000E+00
    0.3446029418E-21    0.0000000000E+00
    0.3692487048E-21    0.0000000000E+00
    0.3956571157E-21    0.0000000000E+00
    0.4239542377E-21    0.0000000000E+00
    0.4542751502E-21    0.0000000000E+00
    0.4867645933E-21    0.0000000000E+00
    0.5215776589E-21    0.0000000000E+00
    0.5588805307E-21    0.0000000000E+00
    0.5988512779E-21    0.0000000000E+00
    0.6416807053E-21    0.0000000000E+00
    0.6875732635E-21    0.0000000000E+00
    0.7367480256E-21    0.0000000000E+00
    0.7894397325E-21    0.0000000000E+00
    0.8458999137E-21    0.0000000000E+00
    0.9063980879E-21    0.0000000000E+00
    0.9712230494E-21    0.0000000000E+00
    0.1040684247E-20    0.0000000000E+00
    0.1115113261E-20    0.0000000000E+00
    0.1194865387E-20    0.0000000000E+00
    0.1280321329E-20    0.0000000000E+00
    0.1371889021E-20    0.0000000000E+00
    0.1470005571E-20    0.0000000000E+00
    0.1575139348E-20    0.0000000000E+00
    0.1687792220E-20    0.0000000000E+00
    0.1808501947E-20    0.0000000000E+00
    0.1937844750E-20    0.0000000000E+00
    0.2076438060E-20    0.0000000000E+00
    0.2224943467E-20    0.0000000000E+00
    0.2384069878E-20    0.0000000000E+00
    0.2554576900E-20    0.0000000000E+00
    0.2737278465E-20    0.0000000000E+00
    0.2933046719E-20    0.0000000000E+00
    0.3142816182E-20    0.0000000000E+00
    0.3367588212E-20    0.0000000000E+00
    0.3608435782E-20    0.0000000000E+00
    0.3866508602E-20    0.0000000000E+00
