    0.5980000000E+00    0.4143038610E-23    0.2860772210E-24    0.1992691735E-07   -0.1578995039E+33   -0.1300248613E-05   -0.6541837411E+09   -0.1203775461E-06
    0.5980000000E+00    0.4439345853E-23    0.3065372650E-24    0.2039107488E-07    0.6007408724E+34    0.5300694987E-04    0.2666896501E+11    0.5258379201E-05
    0.5980000000E+00    0.4756844785E-23    0.3284605973E-24    0.2086604403E-07    0.5814374303E+34    0.5497289647E-04    0.2765807608E+11    0.5843428129E-05
    0.5980000000E+00    0.5097051019E-23    0.3519518710E-24    0.2135207663E-07    0.8331586619E+34    0.8440600547E-04    0.4246652207E+11    0.9613741368E-05
    0.5980000000E+00    0.5461588566E-23    0.3771232243E-24    0.2184943039E-07    0.1091789578E+35    0.1185180720E-03    0.5962905475E+11    0.1446450796E-04
    0.5980000000E+00    0.5852197586E-23    0.4040948153E-24    0.2235836900E-07    0.1449196754E+35    0.1685671664E-03    0.8480985745E+11    0.2204408481E-04
    0.5980000000E+00    0.6270742692E-23    0.4329953957E-24    0.2287916232E-07    0.1940983277E+35    0.2419175790E-03    0.1217140670E+12    0.3389897091E-04
    0.5980000000E+00    0.6719221852E-23    0.4639629256E-24    0.2341208647E-07    0.2551692843E+35    0.3407799457E-03    0.1714539031E+12    0.5116737251E-04
    0.5980000000E+00    0.7199775931E-23    0.4971452317E-24    0.2395742402E-07    0.3340701717E+35    0.4780610205E-03    0.2405230382E+12    0.7691347277E-04
    0.5980000000E+00    0.7714698903E-23    0.5327007132E-24    0.2451546411E-07    0.4359474542E+35    0.6684667033E-03    0.3363203347E+12    0.1152388369E-03
    0.5980000000E+00    0.8266448809E-23    0.5707990981E-24    0.2508650263E-07    0.5688355374E+35    0.9346141556E-03    0.4702249851E+12    0.1726439808E-03
    0.5980000000E+00    0.8857659485E-23    0.6116222531E-24    0.2567084234E-07    0.7302768749E+35    0.1285680871E-02    0.6468543887E+12    0.2544791872E-03
    0.5980000000E+00    0.9491153137E-23    0.6553650517E-24    0.2626879307E-07    0.9283719810E+35    0.1751328675E-02    0.8811320640E+12    0.3714383532E-03
    0.5980000000E+00    0.1016995382E-22    0.7022363048E-24    0.2688067187E-07    0.1173447488E+36    0.2371970555E-02    0.1193390676E+13    0.5390491682E-03
    0.5980000000E+00    0.1089730185E-22    0.7524597575E-24    0.2750680315E-07    0.1463754013E+36    0.3170397615E-02    0.1595096931E+13    0.7720275869E-03
    0.5980000000E+00    0.1167666930E-22    0.8062751566E-24    0.2814751890E-07    0.1805993595E+36    0.4191426352E-02    0.2108798997E+13    0.1093656469E-02
    0.5980000000E+00    0.1251177658E-22    0.8639393956E-24    0.2880315884E-07    0.2204174927E+36    0.5481402477E-02    0.2757814422E+13    0.1532536329E-02
    0.5980000000E+00    0.1340661015E-22    0.9257277409E-24    0.2947407060E-07    0.2648993056E+36    0.7058728107E-02    0.3551401719E+13    0.2114684298E-02
    0.5980000000E+00    0.1436544159E-22    0.9919351458E-24    0.3016060990E-07    0.3144148413E+36    0.8977360630E-02    0.4516708037E+13    0.2881826020E-02
    0.5980000000E+00    0.1539284799E-22    0.1062877658E-23    0.3086314075E-07    0.3683388007E+36    0.1126920044E-01    0.5669783169E+13    0.3876253669E-02
    0.5980000000E+00    0.1649373379E-22    0.1138893930E-23    0.3158203565E-07    0.4253969288E+36    0.1394568926E-01    0.7016383698E+13    0.5139952088E-02
    0.5980000000E+00    0.1767335417E-22    0.1220346833E-23    0.3231767576E-07    0.4836729637E+36    0.1699015910E-01    0.8548123589E+13    0.6709907489E-02
    0.5980000000E+00    0.1893734018E-22    0.1307625190E-23    0.3307045113E-07    0.5415889720E+36    0.2038522205E-01    0.1025625460E+14    0.8626498141E-02
    0.5980000000E+00    0.2029172559E-22    0.1401145635E-23    0.3384076090E-07    0.5972562202E+36    0.2408830910E-01    0.1211935933E+14    0.1092258422E-01
    0.5980000000E+00    0.2174297571E-22    0.1501354598E-23    0.3462901348E-07    0.6481690237E+36    0.2801134135E-01    0.1409312334E+14    0.1360983916E-01
    0.5980000000E+00    0.2329801823E-22    0.1608730435E-23    0.3543562682E-07    0.6918819700E+36    0.3203890371E-01    0.1611947875E+14    0.1668002641E-01
    0.5980000000E+00    0.2496427630E-22    0.1723785718E-23    0.3626102861E-07    0.7287081859E+36    0.3615757386E-01    0.1819167250E+14    0.2017057918E-01
    0.5980000000E+00    0.2674970400E-22    0.1847069675E-23    0.3710565646E-07    0.7551474127E+36    0.4014924405E-01    0.2019996977E+14    0.2399918311E-01
    0.5980000000E+00    0.2866282424E-22    0.1979170815E-23    0.3796995823E-07    0.7634128745E+36    0.4349157282E-01    0.2188156905E+14    0.2785634935E-01
    0.5980000000E+00    0.3071276952E-22    0.2120719737E-23    0.3885439218E-07    0.7622446529E+36    0.4653074654E-01    0.2341064434E+14    0.3193442546E-01
    0.5980000000E+00    0.3290932546E-22    0.2272392139E-23    0.3975942724E-07    0.7533694890E+36    0.4927806675E-01    0.2479288170E+14    0.3623871155E-01
    0.5980000000E+00    0.3526297755E-22    0.2434912046E-23    0.4068554327E-07    0.7275484626E+36    0.5099264755E-01    0.2565552511E+14    0.4018154652E-01
    0.5980000000E+00    0.3778496121E-22    0.2609055264E-23    0.4163323131E-07    0.6901100641E+36    0.5182794566E-01    0.2607578200E+14    0.4376058121E-01
    0.5980000000E+00    0.4048731538E-22    0.2795653084E-23    0.4260299385E-07    0.6443223800E+36    0.5185001069E-01    0.2608688340E+14    0.4691027048E-01
    0.5980000000E+00    0.4338294005E-22    0.2995596250E-23    0.4359534505E-07    0.5916939026E+36    0.5102026709E-01    0.2566942110E+14    0.4946087721E-01
    0.5980000000E+00    0.4648565778E-22    0.3209839213E-23    0.4461081109E-07    0.5340025383E+36    0.4933884234E-01    0.2482345925E+14    0.5125167245E-01
    0.5980000000E+00    0.4981027973E-22    0.3439404683E-23    0.4564993037E-07    0.4733280336E+36    0.4686060171E-01    0.2357660175E+14    0.5215872270E-01
    0.5980000000E+00    0.5337267633E-22    0.3685388516E-23    0.4671325384E-07    0.4122805564E+36    0.4373594224E-01    0.2200451669E+14    0.5216240107E-01
    0.5980000000E+00    0.5718985306E-22    0.3948964943E-23    0.4780134531E-07    0.3531611942E+36    0.4014381204E-01    0.2019723680E+14    0.5130240174E-01
    0.5980000000E+00    0.6128003161E-22    0.4231392172E-23    0.4891478167E-07    0.2973508344E+36    0.3621719366E-01    0.1822166853E+14    0.4959454179E-01
    0.5980000000E+00    0.6566273690E-22    0.4534018400E-23    0.5005415331E-07    0.2460257367E+36    0.3210895525E-01    0.1615472322E+14    0.4711348839E-01
    0.5980000000E+00    0.7035889022E-22    0.4858288246E-23    0.5122006431E-07    0.2001033840E+36    0.2798337336E-01    0.1407905203E+14    0.4399660381E-01
    0.5980000000E+00    0.7539090917E-22    0.5205749646E-23    0.5241313287E-07    0.1599640146E+36    0.2396999420E-01    0.1205983250E+14    0.4038192480E-01
    0.5980000000E+00    0.8078281461E-22    0.5578061244E-23    0.5363399157E-07    0.1256536263E+36    0.2017533063E-01    0.1015065360E+14    0.3641998372E-01
    0.5980000000E+00    0.8656034539E-22    0.5977000309E-23    0.5488328773E-07    0.9698917241E+35    0.1668663965E-01    0.8395416263E+13    0.3227661442E-01
    0.5980000000E+00    0.9275108115E-22    0.6404471218E-23    0.5616168372E-07    0.7360335749E+35    0.1356885681E-01    0.6826790983E+13    0.2812304528E-01
    0.5980000000E+00    0.9938457404E-22    0.6862514550E-23    0.5746985739E-07    0.5492901863E+35    0.1085044310E-01    0.5459097119E+13    0.2409719880E-01
    0.5980000000E+00    0.1064924897E-21    0.7353316823E-23    0.5880850233E-07    0.4029491695E+35    0.8528956490E-02    0.4291106029E+13    0.2029621177E-01
    0.5980000000E+00    0.1141087586E-21    0.7879220933E-23    0.6017832832E-07    0.2904895235E+35    0.6588341586E-02    0.3314739891E+13    0.1679945507E-01
    0.5980000000E+00    0.1222697377E-21    0.8442737340E-23    0.6158006166E-07    0.2058223653E+35    0.5001936784E-02    0.2516584663E+13    0.1366649936E-01
    0.5980000000E+00    0.1310143844E-21    0.9046556049E-23    0.6301444556E-07    0.1434088256E+35    0.3734405838E-02    0.1878861901E+13    0.1093303151E-01
    0.5980000000E+00    0.1403844422E-21    0.9693559452E-23    0.6448224056E-07    0.9824611397E+34    0.2741328083E-02    0.1379222591E+13    0.8599636649E-02
    0.5980000000E+00    0.1504246400E-21    0.1038683609E-22    0.6598422489E-07    0.6616315788E+34    0.1978162020E-02    0.9952569202E+12    0.6649376833E-02
    0.5980000000E+00    0.1611829057E-21    0.1112969539E-22    0.6752119493E-07    0.4381007591E+34    0.1403523341E-02    0.7061435334E+12    0.5055204469E-02
    0.5980000000E+00    0.1727105951E-21    0.1192568347E-22    0.6909396560E-07    0.2852332730E+34    0.9791423144E-03    0.4926280834E+12    0.3778895707E-02
    0.5980000000E+00    0.1850627369E-21    0.1277860007E-22    0.7070337081E-07    0.1825762949E+34    0.6715680456E-03    0.3378806883E+12    0.2777212493E-02
    0.5980000000E+00    0.1982982953E-21    0.1369251667E-22    0.7235026388E-07    0.1148992418E+34    0.4528587845E-03    0.2278432377E+12    0.2006697378E-02
    0.5980000000E+00    0.2124804516E-21    0.1467179595E-22    0.7403551802E-07    0.7111594021E+33    0.3003395944E-03    0.1511074709E+12    0.1426039899E-02
    0.5980000000E+00    0.2276769058E-21    0.1572111260E-22    0.7576002677E-07    0.4328348092E+33    0.1958699507E-03    0.9854649010E+11    0.9965220222E-03
    0.5980000000E+00    0.2439602000E-21    0.1684547565E-22    0.7752470448E-07    0.2590198780E+33    0.1255968445E-03    0.6319054124E+11    0.6846960385E-03
    0.5980000000E+00    0.2614080640E-21    0.1805025236E-22    0.7933048683E-07    0.1524362164E+33    0.7920157071E-04    0.3984805621E+11    0.4626503353E-03
    0.5980000000E+00    0.2801037871E-21    0.1934119387E-22    0.8117833125E-07    0.8822355951E+32    0.4911681645E-04    0.2471175313E+11    0.3074321602E-03
    0.5980000000E+00    0.3001366153E-21    0.2072446262E-22    0.8306921749E-07    0.5020939684E+32    0.2995233181E-04    0.1506967843E+11    0.2008860248E-03
    0.5980000000E+00    0.3216021775E-21    0.2220666179E-22    0.8500414813E-07    0.2810143703E+32    0.1796280532E-04    0.9037483342E+10    0.1290901929E-03
    0.5980000000E+00    0.3446029418E-21    0.2379486681E-22    0.8698414910E-07    0.1546909174E+32    0.1059523147E-04    0.5330694522E+10    0.8158861027E-04
    0.5980000000E+00    0.3692487048E-21    0.2549665916E-22    0.8901027021E-07    0.8375175670E+31    0.6146665210E-05    0.3092522769E+10    0.5071759435E-04
    0.5980000000E+00    0.3956571157E-21    0.2732016250E-22    0.9108358575E-07    0.4460333288E+31    0.3507623293E-05    0.1764762604E+10    0.3101216116E-04
    0.5980000000E+00    0.4239542377E-21    0.2927408154E-22    0.9320519501E-07    0.2336192758E+31    0.1968585614E-05    0.9904388196E+09    0.1864976629E-04
    0.5980000000E+00    0.4542751502E-21    0.3136774352E-22    0.9537622289E-07    0.1203408849E+31    0.1086572813E-05    0.5466787356E+09    0.1103006118E-04
    0.5980000000E+00    0.4867645933E-21    0.3361114274E-22    0.9759782052E-07    0.6097695667E+30    0.5899448021E-06    0.2968142352E+09    0.6416976750E-05
    0.5980000000E+00    0.5215776589E-21    0.3601498832E-22    0.9987116580E-07    0.3038816959E+30    0.3150287393E-06    0.1584979035E+09    0.3671717522E-05
    0.5980000000E+00    0.5588805307E-21    0.3859075526E-22    0.1021974641E-06    0.1489629152E+30    0.1654717259E-06    0.8325247311E+08    0.2066535563E-05
    0.5980000000E+00    0.5988512779E-21    0.4135073927E-22    0.1045779488E-06    0.7184022633E+29    0.8550929499E-07    0.4302161135E+08    0.1144280277E-05
    0.5980000000E+00    0.6416807053E-21    0.4430811541E-22    0.1070138822E-06    0.3408055968E+29    0.4346626787E-07    0.2186883757E+08    0.6232631336E-06
    0.5980000000E+00    0.6875732635E-21    0.4747700104E-22    0.1095065557E-06    0.1590211083E+29    0.2173203570E-07    0.1093386624E+08    0.3339023661E-06
    0.5980000000E+00    0.7367480256E-21    0.5087252317E-22    0.1120572911E-06    0.7299037863E+28    0.1068836436E-07    0.5377551734E+07    0.1759666382E-06
    0.5980000000E+00    0.7894397325E-21    0.5451089068E-22    0.1146674407E-06    0.3295919381E+28    0.5171567696E-08    0.2601929714E+07    0.9123076167E-07
    0.5980000000E+00    0.8458999137E-21    0.5840947171E-22    0.1173383885E-06    0.1464129336E+28    0.2461643039E-08    0.1238506879E+07    0.4653119040E-07
    0.5980000000E+00    0.9063980879E-21    0.6258687655E-22    0.1200715507E-06    0.6398811305E+27    0.1152776029E-08    0.5799870331E+06    0.2334877091E-07
    0.5980000000E+00    0.9712230494E-21    0.6706304648E-22    0.1228683764E-06    0.2750938864E+27    0.5310391900E-09    0.2671775232E+06    0.1152512540E-07
    0.5980000000E+00    0.1040684247E-20    0.7185934897E-22    0.1257303485E-06    0.1163370613E+27    0.2406377305E-09    0.1210701470E+06    0.5596065765E-08
    0.5980000000E+00    0.1115113261E-20    0.7699867968E-22    0.1286589846E-06    0.4840934080E+26    0.1072938434E-09    0.5398189790E+05    0.2673584344E-08
    0.5980000000E+00    0.1194865387E-20    0.8250557175E-22    0.1316558373E-06    0.1981843675E+26    0.4706683863E-10    0.2368036410E+05    0.1256707235E-08
    0.5980000000E+00    0.1280321329E-20    0.8840631292E-22    0.1347224957E-06    0.7981878760E+25    0.2031190986E-10    0.1021936963E+05    0.5811253856E-09
    0.5980000000E+00    0.1371889021E-20    0.9472907100E-22    0.1378605858E-06    0.3162822663E+25    0.8624232894E-11    0.4339041688E+04    0.2643866747E-09
    0.5980000000E+00    0.1470005571E-20    0.1015040283E-21    0.1410717713E-06    0.1232953214E+25    0.3602402462E-11    0.1812448093E+04    0.1183344829E-09
    0.5980000000E+00    0.1575139348E-20    0.1087635259E-21    0.1443577550E-06    0.4729080571E+24    0.1480547506E-11    0.7448960889E+03    0.5211244310E-10
    0.5980000000E+00    0.1687792220E-20    0.1165422177E-21    0.1477202791E-06    0.1784833960E+24    0.5987471434E-12    0.3012428871E+03    0.2258200718E-10
    0.5980000000E+00    0.1808501947E-20    0.1248772362E-21    0.1511611264E-06    0.6627147690E+23    0.2382167433E-12    0.1198520950E+03    0.9627008822E-11
    0.5980000000E+00    0.1937844750E-20    0.1338083694E-21    0.1546821213E-06    0.2421093985E+23    0.9325181268E-13    0.4691704268E+02    0.4038093488E-11
    0.5980000000E+00    0.2076438060E-20    0.1433782510E-21    0.1582851308E-06    0.8703556903E+22    0.3592050278E-13    0.1807239681E+02    0.1666715574E-11
    0.5980000000E+00    0.2224943467E-20    0.1536325639E-21    0.1619720651E-06    0.3078395810E+22    0.1361350933E-13    0.6849256649E+01    0.6768449296E-12
    0.5980000000E+00    0.2384069878E-20    0.1646202581E-21    0.1657448792E-06    0.1071256436E+22    0.5076204129E-14    0.2553950201E+01    0.2704320527E-12
    0.5980000000E+00    0.2554576900E-20    0.1763937846E-21    0.1696055734E-06    0.3668183070E+21    0.1862501521E-14    0.9370655736E+00    0.1063201848E-12
    0.5980000000E+00    0.2737278465E-20    0.1890093455E-21    0.1735561947E-06    0.1235960548E+21    0.6724348946E-15    0.3383168191E+00    0.4113100572E-13
    0.5980000000E+00    0.2933046719E-20    0.2025271626E-21    0.1775988378E-06    0.4097708851E+20    0.2388838180E-15    0.1201877150E+00    0.1565690147E-13
    0.5980000000E+00    0.3142816182E-20    0.2170117645E-21    0.1817356462E-06    0.1336784915E+20    0.8350397895E-16    0.4201269264E-01    0.5864436077E-14
    0.5980000000E+00    0.3367588212E-20    0.2325322952E-21    0.1859688132E-06    0.4291415618E+19    0.2872408553E-16    0.1445172065E-01    0.2161550060E-14
    0.5980000000E+00    0.3608435782E-20    0.2491628434E-21    0.1903005833E-06    0.1350763210E+19    0.9687793150E-17    0.4874142299E-02    0.7811671001E-15
    0.5980000000E+00    0.3866508602E-20    0.2669827968E-21    0.1947332533E-06    0.4845451510E+18    0.3723744593E-17    0.1873497994E-02    0.3217354920E-15
