    0.5930000000E+00    0.4143038610E-23    0.2860772210E-24    0.1992691735E-07    0.0000000000E+00    0.0000000000E+00    0.0000000000E+00    0.0000000000E+00
    0.5930000000E+00    0.4439345853E-23    0.3065372650E-24    0.2039107488E-07    0.0000000000E+00    0.0000000000E+00    0.0000000000E+00    0.0000000000E+00
    0.5930000000E+00    0.4756844785E-23    0.3284605973E-24    0.2086604403E-07    0.0000000000E+00    0.0000000000E+00    0.0000000000E+00    0.0000000000E+00
    0.5930000000E+00    0.5097051019E-23    0.3519518710E-24    0.2135207663E-07    0.0000000000E+00    0.0000000000E+00    0.0000000000E+00    0.0000000000E+00
    0.5930000000E+00    0.5461588566E-23    0.3771232243E-24    0.2184943039E-07    0.0000000000E+00    0.0000000000E+00    0.0000000000E+00    0.0000000000E+00
    0.5930000000E+00    0.5852197586E-23    0.4040948153E-24    0.2235836900E-07    0.0000000000E+00    0.0000000000E+00    0.0000000000E+00    0.0000000000E+00
    0.5930000000E+00    0.6270742692E-23    0.4329953957E-24    0.2287916232E-07    0.0000000000E+00    0.0000000000E+00    0.0000000000E+00    0.0000000000E+00
    0.5930000000E+00    0.6719221852E-23    0.4639629256E-24    0.2341208647E-07    0.0000000000E+00    0.0000000000E+00    0.0000000000E+00    0.0000000000E+00
    0.5930000000E+00    0.7199775931E-23    0.4971452317E-24    0.2395742402E-07    0.0000000000E+00    0.0000000000E+00    0.0000000000E+00    0.0000000000E+00
    0.5930000000E+00    0.7714698903E-23    0.5327007132E-24    0.2451546411E-07    0.0000000000E+00    0.0000000000E+00    0.0000000000E+00    0.0000000000E+00
    0.5930000000E+00    0.8266448809E-23    0.5707990981E-24    0.2508650263E-07    0.0000000000E+00    0.0000000000E+00    0.0000000000E+00    0.0000000000E+00
    0.5930000000E+00    0.8857659485E-23    0.6116222531E-24    0.2567084234E-07    0.0000000000E+00    0.0000000000E+00    0.0000000000E+00    0.0000000000E+00
    0.5930000000E+00    0.9491153137E-23    0.6553650517E-24    0.2626879307E-07    0.0000000000E+00    0.0000000000E+00    0.0000000000E+00    0.0000000000E+00
    0.5930000000E+00    0.1016995382E-22    0.7022363048E-24    0.2688067187E-07    0.0000000000E+00    0.0000000000E+00    0.0000000000E+00    0.0000000000E+00
    0.5930000000E+00    0.1089730185E-22    0.7524597575E-24    0.2750680315E-07    0.0000000000E+00    0.0000000000E+00    0.0000000000E+00    0.0000000000E+00
    0.5930000000E+00    0.1167666930E-22    0.8062751566E-24    0.2814751890E-07    0.0000000000E+00    0.0000000000E+00    0.0000000000E+00    0.0000000000E+00
    0.5930000000E+00    0.1251177658E-22    0.8639393956E-24    0.2880315884E-07    0.0000000000E+00    0.0000000000E+00    0.0000000000E+00    0.0000000000E+00
    0.5930000000E+00    0.1340661015E-22    0.9257277409E-24    0.2947407060E-07    0.0000000000E+00    0.0000000000E+00    0.0000000000E+00    0.0000000000E+00
    0.5930000000E+00    0.1436544159E-22    0.9919351458E-24    0.3016060990E-07    0.0000000000E+00    0.0000000000E+00    0.0000000000E+00    0.0000000000E+00
    0.5930000000E+00    0.1539284799E-22    0.1062877658E-23    0.3086314075E-07    0.0000000000E+00    0.0000000000E+00    0.0000000000E+00    0.0000000000E+00
    0.5930000000E+00    0.1649373379E-22    0.1138893930E-23    0.3158203565E-07    0.0000000000E+00    0.0000000000E+00    0.0000000000E+00    0.0000000000E+00
    0.5930000000E+00    0.1767335417E-22    0.1220346833E-23    0.3231767576E-07    0.0000000000E+00    0.0000000000E+00    0.0000000000E+00    0.0000000000E+00
    0.5930000000E+00    0.1893734018E-22    0.1307625190E-23    0.3307045113E-07    0.0000000000E+00    0.0000000000E+00    0.0000000000E+00    0.0000000000E+00
    0.5930000000E+00    0.2029172559E-22    0.1401145635E-23    0.3384076090E-07    0.0000000000E+00    0.0000000000E+00    0.0000000000E+00    0.0000000000E+00
    0.5930000000E+00    0.2174297571E-22    0.1501354598E-23    0.3462901348E-07    0.0000000000E+00    0.0000000000E+00    0.0000000000E+00    0.0000000000E+00
    0.5930000000E+00    0.2329801823E-22    0.1608730435E-23    0.3543562682E-07    0.0000000000E+00    0.0000000000E+00    0.0000000000E+00    0.0000000000E+00
    0.5930000000E+00    0.2496427630E-22    0.1723785718E-23    0.3626102861E-07    0.0000000000E+00    0.0000000000E+00    0.0000000000E+00    0.0000000000E+00
    0.5930000000E+00    0.2674970400E-22    0.1847069675E-23    0.3710565646E-07    0.0000000000E+00    0.0000000000E+00    0.0000000000E+00    0.0000000000E+00
    0.5930000000E+00    0.2866282424E-22    0.1979170815E-23    0.3796995823E-07    0.0000000000E+00    0.0000000000E+00    0.0000000000E+00    0.0000000000E+00
    0.5930000000E+00    0.3071276952E-22    0.2120719737E-23    0.3885439218E-07    0.7966522685E+36    0.8268278030E-01    0.2446739751E+14    0.4884605935E-01
    0.5930000000E+00    0.3290932546E-22    0.2272392139E-23    0.3975942724E-07    0.7527258337E+36    0.8371110910E-01    0.2477169944E+14    0.5299044383E-01
    0.5930000000E+00    0.3526297755E-22    0.2434912046E-23    0.4068554327E-07    0.7031602626E+36    0.8379162140E-01    0.2479552455E+14    0.5683489412E-01
    0.5930000000E+00    0.3778496121E-22    0.2609055264E-23    0.4163323131E-07    0.6452072782E+36    0.8238450421E-01    0.2437913198E+14    0.5987699456E-01
    0.5930000000E+00    0.4048731538E-22    0.2795653084E-23    0.4260299385E-07    0.5840207891E+36    0.7990511509E-01    0.2364543387E+14    0.6222845842E-01
    0.5930000000E+00    0.4338294005E-22    0.2995596250E-23    0.4359534505E-07    0.5193469010E+36    0.7613841279E-01    0.2253079547E+14    0.6353576744E-01
    0.5930000000E+00    0.4648565778E-22    0.3209839213E-23    0.4461081109E-07    0.4546145112E+36    0.7141502109E-01    0.2113305459E+14    0.6385634103E-01
    0.5930000000E+00    0.4981027973E-22    0.3439404683E-23    0.4564993037E-07    0.3917330718E+36    0.6593811275E-01    0.1951233389E+14    0.6317583253E-01
    0.5930000000E+00    0.5337267633E-22    0.3685388516E-23    0.4671325384E-07    0.3327619455E+36    0.6001778030E-01    0.1776039561E+14    0.6161612615E-01
    0.5930000000E+00    0.5718985306E-22    0.3948964943E-23    0.4780134531E-07    0.2777625042E+36    0.5368091299E-01    0.1588519680E+14    0.5905196512E-01
    0.5930000000E+00    0.6128003161E-22    0.4231392172E-23    0.4891478167E-07    0.2281602241E+36    0.4724830243E-01    0.1398166575E+14    0.5569300743E-01
    0.5930000000E+00    0.6566273690E-22    0.4534018400E-23    0.5005415331E-07    0.1846966571E+36    0.4098314755E-01    0.1212768800E+14    0.5176303959E-01
    0.5930000000E+00    0.7035889022E-22    0.4858288246E-23    0.5122006431E-07    0.1469393695E+36    0.3493690643E-01    0.1033849097E+14    0.4728233413E-01
    0.5930000000E+00    0.7539090917E-22    0.5205749646E-23    0.5241313287E-07    0.1150327398E+36    0.2930675533E-01    0.8672422841E+13    0.4249934136E-01
    0.5930000000E+00    0.8078281461E-22    0.5578061244E-23    0.5363399157E-07    0.8863236342E+35    0.2419572305E-01    0.7159971783E+13    0.3759698904E-01
    0.5930000000E+00    0.8656034539E-22    0.5977000309E-23    0.5488328773E-07    0.6720582597E+35    0.1965862768E-01    0.5817359508E+13    0.3273163191E-01
    0.5930000000E+00    0.9275108115E-22    0.6404471218E-23    0.5616168372E-07    0.5019542122E+35    0.1573295780E-01    0.4655679587E+13    0.2806886416E-01
    0.5930000000E+00    0.9938457404E-22    0.6862514550E-23    0.5746985739E-07    0.3685286074E+35    0.1237705956E-01    0.3662605867E+13    0.2366093714E-01
    0.5930000000E+00    0.1064924897E-21    0.7353316823E-23    0.5880850233E-07    0.2662311234E+35    0.9580873352E-02    0.2835161517E+13    0.1962544714E-01
    0.5930000000E+00    0.1141087586E-21    0.7879220933E-23    0.6017832832E-07    0.1892818153E+35    0.7298862246E-02    0.2159871297E+13    0.1602026251E-01
    0.5930000000E+00    0.1222697377E-21    0.8442737340E-23    0.6158006166E-07    0.1324292398E+35    0.5471799313E-02    0.1619208841E+13    0.1286899469E-01
    0.5930000000E+00    0.1310143844E-21    0.9046556049E-23    0.6301444556E-07    0.9124067687E+34    0.4039566603E-02    0.1195384111E+13    0.1018003413E-01
    0.5930000000E+00    0.1403844422E-21    0.9693559452E-23    0.6448224056E-07    0.6176461754E+34    0.2930124212E-02    0.8670791380E+12    0.7912258948E-02
    0.5930000000E+00    0.1504246400E-21    0.1038683609E-22    0.6598422489E-07    0.4120158142E+34    0.2094402561E-02    0.6197733051E+12    0.6060027868E-02
    0.5930000000E+00    0.1611829057E-21    0.1112969539E-22    0.6752119493E-07    0.2702800672E+34    0.1472177897E-02    0.4356452659E+12    0.4564306013E-02
    0.5930000000E+00    0.1727105951E-21    0.1192568347E-22    0.6909396560E-07    0.1744526545E+34    0.1018178347E-02    0.3012982178E+12    0.3382503992E-02
    0.5930000000E+00    0.1850627369E-21    0.1277860007E-22    0.7070337081E-07    0.1108127893E+34    0.6930046703E-03    0.2050731807E+12    0.2466894760E-02
    0.5930000000E+00    0.1982982953E-21    0.1369251667E-22    0.7235026388E-07    0.6926661278E+33    0.4641626867E-03    0.1373545123E+12    0.1770454159E-02
    0.5930000000E+00    0.2124804516E-21    0.1467179595E-22    0.7403551802E-07    0.4262614596E+33    0.3060711127E-03    0.9057222742E+11    0.1250940932E-02
    0.5930000000E+00    0.2276769058E-21    0.1572111260E-22    0.7576002677E-07    0.2578517163E+33    0.1983884120E-03    0.5870688094E+11    0.8688219055E-03
    0.5930000000E+00    0.2439602000E-21    0.1684547565E-22    0.7752470448E-07    0.1536466334E+33    0.1266687029E-03    0.3748366341E+11    0.5944068210E-03
    0.5930000000E+00    0.2614080640E-21    0.1805025236E-22    0.7933048683E-07    0.9004766091E+32    0.7954606681E-04    0.2353918470E+11    0.3999752989E-03
    0.5930000000E+00    0.2801037871E-21    0.1934119387E-22    0.8117833125E-07    0.5192872879E+32    0.4915344550E-04    0.1454543359E+11    0.2648307600E-03
    0.5930000000E+00    0.3001366153E-21    0.2072446262E-22    0.8306921749E-07    0.2947101095E+32    0.2989105946E-04    0.8845329479E+10    0.1725662134E-03
    0.5930000000E+00    0.3216021775E-21    0.2220666179E-22    0.8500414813E-07    0.1645942303E+32    0.1788796276E-04    0.5293386288E+10    0.1106560957E-03
    0.5930000000E+00    0.3446029418E-21    0.2379486681E-22    0.8698414910E-07    0.9046131266E+31    0.1053438436E-04    0.3117323447E+10    0.6982703816E-04
    0.5930000000E+00    0.3692487048E-21    0.2549665916E-22    0.8901027021E-07    0.4892584369E+31    0.6104984956E-05    0.1806580441E+10    0.4336097700E-04
    0.5930000000E+00    0.3956571157E-21    0.2732016250E-22    0.9108358575E-07    0.2604698754E+31    0.3482601453E-05    0.1030567596E+10    0.2650441591E-04
    0.5930000000E+00    0.4239542377E-21    0.2927408154E-22    0.9320519501E-07    0.1363618564E+31    0.1953615893E-05    0.5781118688E+09    0.1593138895E-04
    0.5930000000E+00    0.4542751502E-21    0.3136774352E-22    0.9537622289E-07    0.7030094950E+30    0.1079213739E-05    0.3193597439E+09    0.9430222210E-05
    0.5930000000E+00    0.4867645933E-21    0.3361114274E-22    0.9759782052E-07    0.3565309071E+30    0.5864668366E-06    0.1735466220E+09    0.5491081881E-05
    0.5930000000E+00    0.5215776589E-21    0.3601498832E-22    0.9987116580E-07    0.1778930447E+30    0.3135488721E-06    0.9278503777E+08    0.3145717395E-05
    0.5930000000E+00    0.5588805307E-21    0.3859075526E-22    0.1021974641E-06    0.8740625680E+29    0.1650778472E-06    0.4884965518E+08    0.1774611361E-05
    0.5930000000E+00    0.5988512779E-21    0.4135073927E-22    0.1045779488E-06    0.4224624789E+29    0.8549376000E-07    0.2529921954E+08    0.9848019020E-06
    0.5930000000E+00    0.6416807053E-21    0.4430811541E-22    0.1070138822E-06    0.2009347315E+29    0.4357137703E-07    0.1289359402E+08    0.5377937449E-06
    0.5930000000E+00    0.6875732635E-21    0.4747700104E-22    0.1095065557E-06    0.9405557910E+28    0.2185399485E-07    0.6467010147E+07    0.2890315803E-06
    0.5930000000E+00    0.7367480256E-21    0.5087252317E-22    0.1120572911E-06    0.4332690083E+28    0.1078708000E-07    0.3192100864E+07    0.1528686255E-06
    0.5930000000E+00    0.7894397325E-21    0.5451089068E-22    0.1146674407E-06    0.1964138983E+28    0.5239845598E-08    0.1550569353E+07    0.7956699399E-07
    0.5930000000E+00    0.8458999137E-21    0.5840947171E-22    0.1173383885E-06    0.8762522982E+27    0.2504813785E-08    0.7412217435E+06    0.4075584536E-07
    0.5930000000E+00    0.9063980879E-21    0.6258687655E-22    0.1200715507E-06    0.3847561618E+27    0.1178506164E-08    0.3487422494E+06    0.2054690057E-07
    0.5930000000E+00    0.9712230494E-21    0.6706304648E-22    0.1228683764E-06    0.1661903751E+27    0.5454464792E-09    0.1614079229E+06    0.1018982214E-07
    0.5930000000E+00    0.1040684247E-20    0.7185934897E-22    0.1257303485E-06    0.7066618961E+26    0.2485180567E-09    0.7354119033E+05    0.4974763166E-08
    0.5930000000E+00    0.1115113261E-20    0.7699867968E-22    0.1286589846E-06    0.2957442544E+26    0.1114455138E-09    0.3297883400E+05    0.2390435620E-08
    0.5930000000E+00    0.1194865387E-20    0.8250557175E-22    0.1316558373E-06    0.1217561871E+26    0.4916287975E-10    0.1454822536E+05    0.1129930613E-08
    0.5930000000E+00    0.1280321329E-20    0.8840631292E-22    0.1347224957E-06    0.4934931037E+25    0.2135144945E-10    0.6318297466E+04    0.5258257182E-09
    0.5930000000E+00    0.1371889021E-20    0.9472907100E-22    0.1378605858E-06    0.1967972865E+25    0.9123582019E-11    0.2699840368E+04    0.2407575092E-09
    0.5930000000E+00    0.1470005571E-20    0.1015040283E-21    0.1410717713E-06    0.7722709071E+24    0.3836329922E-11    0.1135242536E+04    0.1084751877E-09
    0.5930000000E+00    0.1575139348E-20    0.1087635259E-21    0.1443577550E-06    0.2983476279E+24    0.1588067156E-11    0.4699390882E+03    0.4811531406E-10
    0.5930000000E+00    0.1687792220E-20    0.1165422177E-21    0.1477202791E-06    0.1134011135E+24    0.6467904425E-12    0.1913975172E+03    0.2099800597E-10
    0.5930000000E+00    0.1808501947E-20    0.1248772362E-21    0.1511611264E-06    0.4241648955E+23    0.2592274558E-12    0.7671030394E+02    0.9017693258E-11
    0.5930000000E+00    0.1937844750E-20    0.1338083694E-21    0.1546821213E-06    0.1561848746E+23    0.1022787114E-12    0.3026620392E+02    0.3812410956E-11
    0.5930000000E+00    0.2076438060E-20    0.1433782510E-21    0.1582851308E-06    0.5658443288E+22    0.3970482097E-13    0.1174940700E+02    0.1585833921E-11
    0.5930000000E+00    0.2224943467E-20    0.1536325639E-21    0.1619720651E-06    0.2017494236E+22    0.1516905679E-13    0.4488810620E+01    0.6491918188E-12
    0.5930000000E+00    0.2384069878E-20    0.1646202581E-21    0.1657448792E-06    0.7079453898E+21    0.5703560237E-14    0.1687791279E+01    0.2615534745E-12
    0.5930000000E+00    0.2554576900E-20    0.1763937846E-21    0.1696055734E-06    0.2444807818E+21    0.2110527427E-14    0.6245449575E+00    0.1037063767E-12
    0.5930000000E+00    0.2737278465E-20    0.1890093455E-21    0.1735561947E-06    0.8308964405E+20    0.7685872454E-15    0.2274394933E+00    0.4046761729E-13
    0.5930000000E+00    0.2933046719E-20    0.2025271626E-21    0.1775988378E-06    0.2779122852E+20    0.2754571311E-15    0.8151297161E-01    0.1554062500E-13
    0.5930000000E+00    0.3142816182E-20    0.2170117645E-21    0.1817356462E-06    0.9148035894E+19    0.9715700858E-16    0.2875059524E-01    0.5873386702E-14
    0.5930000000E+00    0.3367588212E-20    0.2325322952E-21    0.1859688132E-06    0.2963519891E+19    0.3372516796E-16    0.9979914653E-02    0.2184583164E-14
    0.5930000000E+00    0.3608435782E-20    0.2491628434E-21    0.1903005833E-06    0.9447244577E+18    0.1151997226E-16    0.3408977537E-02    0.7995873128E-15
    0.5930000000E+00    0.3866508602E-20    0.2669827968E-21    0.1947332533E-06    0.3051830289E+18    0.3987554700E-17    0.1179992806E-02    0.2965658327E-15
