    0.5990000000E+00    0.4143038610E-23    0.2860772210E-24    0.1992691735E-07    0.3485791209E+33    0.2870333067E-05    0.1444176757E+10    0.2554149805E-06
    0.5990000000E+00    0.4439345853E-23    0.3065372650E-24    0.2039107488E-07    0.2742604528E+34    0.2419881573E-04    0.1217537004E+11    0.2307321878E-05
    0.5990000000E+00    0.4756844785E-23    0.3284605973E-24    0.2086604403E-07    0.4394277139E+34    0.4154496213E-04    0.2090289429E+11    0.4244557673E-05
    0.5990000000E+00    0.5097051019E-23    0.3519518710E-24    0.2135207663E-07    0.5529561929E+34    0.5601723267E-04    0.2818445926E+11    0.6132474088E-05
    0.5990000000E+00    0.5461588566E-23    0.3771232243E-24    0.2184943039E-07    0.7198663461E+34    0.7814168909E-04    0.3931613805E+11    0.9166359079E-05
    0.5990000000E+00    0.5852197586E-23    0.4040948153E-24    0.2235836900E-07    0.9639311812E+34    0.1121184159E-03    0.5641115732E+11    0.1409259673E-04
    0.5990000000E+00    0.6270742692E-23    0.4329953957E-24    0.2287916232E-07    0.1303647131E+35    0.1624766579E-03    0.8174835721E+11    0.2188290872E-04
    0.5990000000E+00    0.6719221852E-23    0.4639629256E-24    0.2341208647E-07    0.1753897203E+35    0.2342259771E-03    0.1178482441E+12    0.3380252408E-04
    0.5990000000E+00    0.7199775931E-23    0.4971452317E-24    0.2395742402E-07    0.2334934407E+35    0.3341224128E-03    0.1681100455E+12    0.5166776557E-04
    0.5990000000E+00    0.7714698903E-23    0.5327007132E-24    0.2451546411E-07    0.3080278780E+35    0.4723032651E-03    0.2376342332E+12    0.7825913069E-04
    0.5990000000E+00    0.8266448809E-23    0.5707990981E-24    0.2508650263E-07    0.4068321612E+35    0.6684150220E-03    0.3363057235E+12    0.1186752822E-03
    0.5990000000E+00    0.8857659485E-23    0.6116222531E-24    0.2567084234E-07    0.5337884077E+35    0.9397234443E-03    0.4728115952E+12    0.1787780242E-03
    0.5990000000E+00    0.9491153137E-23    0.6553650517E-24    0.2626879307E-07    0.6907221614E+35    0.1302969693E-02    0.6555749809E+12    0.2656124243E-03
    0.5990000000E+00    0.1016995382E-22    0.7022363048E-24    0.2688067187E-07    0.8862753234E+35    0.1791428921E-02    0.9013379106E+12    0.3913034282E-03
    0.5990000000E+00    0.1089730185E-22    0.7524597575E-24    0.2750680315E-07    0.1126008646E+36    0.2438780138E-02    0.1227045610E+13    0.5708036227E-03
    0.5990000000E+00    0.1167666930E-22    0.8062751566E-24    0.2814751890E-07    0.1413125491E+36    0.3279530350E-02    0.1650059904E+13    0.8224807191E-03
    0.5990000000E+00    0.1251177658E-22    0.8639393956E-24    0.2880315884E-07    0.1754419219E+36    0.4362789911E-02    0.2195090130E+13    0.1172406916E-02
    0.5990000000E+00    0.1340661015E-22    0.9257277409E-24    0.2947407060E-07    0.2148165161E+36    0.5723986395E-02    0.2879961285E+13    0.1648210454E-02
    0.5990000000E+00    0.1436544159E-22    0.9919351458E-24    0.3016060990E-07    0.2592635996E+36    0.7402398655E-02    0.3724436096E+13    0.2283949735E-02
    0.5990000000E+00    0.1539284799E-22    0.1062877658E-23    0.3086314075E-07    0.3086840029E+36    0.9443762298E-02    0.4751525934E+13    0.3122188493E-02
    0.5990000000E+00    0.1649373379E-22    0.1138893930E-23    0.3158203565E-07    0.3624630088E+36    0.1188213863E-01    0.5978368376E+13    0.4209288440E-02
    0.5990000000E+00    0.1767335417E-22    0.1220346833E-23    0.3231767576E-07    0.4190955029E+36    0.1472122412E-01    0.7406823253E+13    0.5588020569E-02
    0.5990000000E+00    0.1893734018E-22    0.1307625190E-23    0.3307045113E-07    0.4768367962E+36    0.1794736459E-01    0.9030020621E+13    0.7299863794E-02
    0.5990000000E+00    0.2029172559E-22    0.1401145635E-23    0.3384076090E-07    0.5339713386E+36    0.2153519806E-01    0.1083519988E+14    0.9385619463E-02
    0.5990000000E+00    0.2174297571E-22    0.1501354598E-23    0.3462901348E-07    0.5884045084E+36    0.2542769043E-01    0.1279366493E+14    0.1187465463E-01
    0.5990000000E+00    0.2329801823E-22    0.1608730435E-23    0.3543562682E-07    0.6372032827E+36    0.2950590422E-01    0.1484557369E+14    0.1476464468E-01
    0.5990000000E+00    0.2496427630E-22    0.1723785718E-23    0.3626102861E-07    0.6794514784E+36    0.3371237676E-01    0.1696201444E+14    0.1807604623E-01
    0.5990000000E+00    0.2674970400E-22    0.1847069675E-23    0.3710565646E-07    0.7142775548E+36    0.3797501265E-01    0.1910671317E+14    0.2181785236E-01
    0.5990000000E+00    0.2866282424E-22    0.1979170815E-23    0.3796995823E-07    0.7358400384E+36    0.4191933059E-01    0.2109125369E+14    0.2580645857E-01
    0.5990000000E+00    0.3071276952E-22    0.2120719737E-23    0.3885439218E-07    0.7394413820E+36    0.4513720630E-01    0.2271029274E+14    0.2977479274E-01
    0.5990000000E+00    0.3290932546E-22    0.2272392139E-23    0.3975942724E-07    0.7373399229E+36    0.4822793569E-01    0.2426535950E+14    0.3408888094E-01
    0.5990000000E+00    0.3526297755E-22    0.2434912046E-23    0.4068554327E-07    0.7249183090E+36    0.5080658361E-01    0.2556277806E+14    0.3847991146E-01
    0.5990000000E+00    0.3778496121E-22    0.2609055264E-23    0.4163323131E-07    0.6952133042E+36    0.5220943561E-01    0.2626860773E+14    0.4237044936E-01
    0.5990000000E+00    0.4048731538E-22    0.2795653084E-23    0.4260299385E-07    0.6551735436E+36    0.5272144147E-01    0.2652621789E+14    0.4584598916E-01
    0.5990000000E+00    0.4338294005E-22    0.2995596250E-23    0.4359534505E-07    0.6075107599E+36    0.5238234037E-01    0.2635560287E+14    0.4880889434E-01
    0.5990000000E+00    0.4648565778E-22    0.3209839213E-23    0.4461081109E-07    0.5537082993E+36    0.5115781145E-01    0.2573949451E+14    0.5107707613E-01
    0.5990000000E+00    0.4981027973E-22    0.3439404683E-23    0.4564993037E-07    0.4955542142E+36    0.4905938477E-01    0.2468369403E+14    0.5248511694E-01
    0.5990000000E+00    0.5337267633E-22    0.3685388516E-23    0.4671325384E-07    0.4354648412E+36    0.4619383517E-01    0.2324192402E+14    0.5295391718E-01
    0.5990000000E+00    0.5718985306E-22    0.3948964943E-23    0.4780134531E-07    0.3760242081E+36    0.4274120178E-01    0.2150476921E+14    0.5250018101E-01
    0.5990000000E+00    0.6128003161E-22    0.4231392172E-23    0.4891478167E-07    0.3190975918E+36    0.3886462222E-01    0.1955431052E+14    0.5115269529E-01
    0.5990000000E+00    0.6566273690E-22    0.4534018400E-23    0.5005415331E-07    0.2660209846E+36    0.3471737020E-01    0.1746766592E+14    0.4896219644E-01
    0.5990000000E+00    0.7035889022E-22    0.4858288246E-23    0.5122006431E-07    0.2178874244E+36    0.3046934295E-01    0.1533031737E+14    0.4604443631E-01
    0.5990000000E+00    0.7539090917E-22    0.5205749646E-23    0.5241313287E-07    0.1753499600E+36    0.2627462916E-01    0.1321979291E+14    0.4254520950E-01
    0.5990000000E+00    0.8078281461E-22    0.5578061244E-23    0.5363399157E-07    0.1386287033E+36    0.2225789477E-01    0.1119881684E+14    0.3861874501E-01
    0.5990000000E+00    0.8656034539E-22    0.5977000309E-23    0.5488328773E-07    0.1076499782E+36    0.1852016579E-01    0.9318219295E+13    0.3443173774E-01
    0.5990000000E+00    0.9275108115E-22    0.6404471218E-23    0.5616168372E-07    0.8213649184E+35    0.1514143629E-01    0.7618248420E+13    0.3016345915E-01
    0.5990000000E+00    0.9938457404E-22    0.6862514550E-23    0.5746985739E-07    0.6160432750E+35    0.1216864285E-01    0.6122519848E+13    0.2597503949E-01
    0.5990000000E+00    0.1064924897E-21    0.7353316823E-23    0.5880850233E-07    0.4541343824E+35    0.9612034200E-02    0.4836190105E+13    0.2198514726E-01
    0.5990000000E+00    0.1141087586E-21    0.7879220933E-23    0.6017832832E-07    0.3289279332E+35    0.7459877228E-02    0.3753355812E+13    0.1828292811E-01
    0.5990000000E+00    0.1222697377E-21    0.8442737340E-23    0.6158006166E-07    0.2340571884E+35    0.5687912512E-02    0.2861811104E+13    0.1493712376E-01
    0.5990000000E+00    0.1310143844E-21    0.9046556049E-23    0.6301444556E-07    0.1636966112E+35    0.4262561056E-02    0.2144661075E+13    0.1199457003E-01
    0.5990000000E+00    0.1403844422E-21    0.9693559452E-23    0.6448224056E-07    0.1125454010E+35    0.3140209888E-02    0.1579962334E+13    0.9468316097E-02
    0.5990000000E+00    0.1504246400E-21    0.1038683609E-22    0.6598422489E-07    0.7604998401E+34    0.2273683714E-02    0.1143979146E+13    0.7345884954E-02
    0.5990000000E+00    0.1611829057E-21    0.1112969539E-22    0.6752119493E-07    0.5050943489E+34    0.1618092830E-02    0.8141257480E+12    0.5601669799E-02
    0.5990000000E+00    0.1727105951E-21    0.1192568347E-22    0.6909396560E-07    0.3297617049E+34    0.1131960165E-02    0.5695334030E+12    0.4198993624E-02
    0.5990000000E+00    0.1850627369E-21    0.1277860007E-22    0.7070337081E-07    0.2116224467E+34    0.7783817683E-03    0.3916342917E+12    0.3093903235E-02
    0.5990000000E+00    0.1982982953E-21    0.1369251667E-22    0.7235026388E-07    0.1334862927E+34    0.5260991445E-03    0.2647010429E+12    0.2240689438E-02
    0.5990000000E+00    0.2124804516E-21    0.1467179595E-22    0.7403551802E-07    0.8278222910E+33    0.3495972764E-03    0.1758960542E+12    0.1595446009E-02
    0.5990000000E+00    0.2276769058E-21    0.1572111260E-22    0.7576002677E-07    0.5047559631E+33    0.2284085634E-03    0.1149212759E+12    0.1116931280E-02
    0.5990000000E+00    0.2439602000E-21    0.1684547565E-22    0.7752470448E-07    0.3025565607E+33    0.1467024945E-03    0.7381175906E+11    0.7686905998E-03
    0.5990000000E+00    0.2614080640E-21    0.1805025236E-22    0.7933048683E-07    0.1782999815E+33    0.9263651789E-04    0.4660905297E+11    0.5201113049E-03
    0.5990000000E+00    0.2801037871E-21    0.1934119387E-22    0.8117833125E-07    0.1033130750E+33    0.5751567381E-04    0.2893838357E+11    0.3460192684E-03
    0.5990000000E+00    0.3001366153E-21    0.2072446262E-22    0.8306921749E-07    0.5885658606E+32    0.3510960887E-04    0.1766501653E+11    0.2263289262E-03
    0.5990000000E+00    0.3216021775E-21    0.2220666179E-22    0.8500414813E-07    0.3296712072E+32    0.2107230008E-04    0.1060229781E+11    0.1455546264E-03
    0.5990000000E+00    0.3446029418E-21    0.2379486681E-22    0.8698414910E-07    0.1815793069E+32    0.1243647433E-04    0.6257276333E+10    0.9204736261E-04
    0.5990000000E+00    0.3692487048E-21    0.2549665916E-22    0.8901027021E-07    0.9834962394E+31    0.7217779785E-05    0.3631547126E+10    0.5724238220E-04
    0.5990000000E+00    0.3956571157E-21    0.2732016250E-22    0.9108358575E-07    0.5238906366E+31    0.4119756620E-05    0.2072810582E+10    0.3500947771E-04
    0.5990000000E+00    0.4239542377E-21    0.2927408154E-22    0.9320519501E-07    0.2744323267E+31    0.2312417203E-05    0.1163467479E+10    0.2105621290E-04
    0.5990000000E+00    0.4542751502E-21    0.3136774352E-22    0.9537622289E-07    0.1413585125E+31    0.1276300356E-05    0.6421565951E+09    0.1245279853E-04
    0.5990000000E+00    0.4867645933E-21    0.3361114274E-22    0.9759782052E-07    0.7160843834E+30    0.6927796571E-06    0.3485645237E+09    0.7242845114E-05
    0.5990000000E+00    0.5215776589E-21    0.3601498832E-22    0.9987116580E-07    0.3567411673E+30    0.3698146853E-06    0.1860682229E+09    0.4142840608E-05
    0.5990000000E+00    0.5588805307E-21    0.3859075526E-22    0.1021974641E-06    0.1747831695E+30    0.1941469331E-06    0.9768291054E+08    0.2330475846E-05
    0.5990000000E+00    0.5988512779E-21    0.4135073927E-22    0.1045779488E-06    0.8423322347E+29    0.1002569168E-06    0.5044317352E+08    0.1289520991E-05
    0.5990000000E+00    0.6416807053E-21    0.4430811541E-22    0.1070138822E-06    0.3992917394E+29    0.5092385226E-07    0.2562178050E+08    0.7018354826E-06
    0.5990000000E+00    0.6875732635E-21    0.4747700104E-22    0.1095065557E-06    0.1861492092E+29    0.2543853633E-07    0.1279912193E+08    0.3756697198E-06
    0.5990000000E+00    0.7367480256E-21    0.5087252317E-22    0.1120572911E-06    0.8535325280E+28    0.1249830160E-07    0.6288384048E+07    0.1977721214E-06
    0.5990000000E+00    0.7894397325E-21    0.5451089068E-22    0.1146674407E-06    0.3849653888E+28    0.6040217940E-08    0.3039069736E+07    0.1024157337E-06
    0.5990000000E+00    0.8458999137E-21    0.5840947171E-22    0.1173383885E-06    0.1707950069E+28    0.2871481973E-08    0.1444754816E+07    0.5216991939E-07
    0.5990000000E+00    0.9063980879E-21    0.6258687655E-22    0.1200715507E-06    0.7454103241E+27    0.1342846364E-08    0.6756384925E+06    0.2614209563E-07
    0.5990000000E+00    0.9712230494E-21    0.6706304648E-22    0.1228683764E-06    0.3199995995E+27    0.6177039217E-09    0.3107909868E+06    0.1288529691E-07
    0.5990000000E+00    0.1040684247E-20    0.7185934897E-22    0.1257303485E-06    0.1351171360E+27    0.2794739641E-09    0.1406142749E+06    0.6246768714E-08
    0.5990000000E+00    0.1115113261E-20    0.7699867968E-22    0.1286589846E-06    0.5612697906E+26    0.1243949047E-09    0.6258793867E+05    0.2979316646E-08
    0.5990000000E+00    0.1194865387E-20    0.8250557175E-22    0.1316558373E-06    0.2293753658E+26    0.5447254899E-10    0.2740726853E+05    0.1397950422E-08
    0.5990000000E+00    0.1280321329E-20    0.8840631292E-22    0.1347224957E-06    0.9221211350E+25    0.2346491039E-10    0.1180611358E+05    0.6452573669E-09
    0.5990000000E+00    0.1371889021E-20    0.9472907100E-22    0.1378605858E-06    0.3646797287E+25    0.9943574845E-11    0.5003001162E+04    0.2929925776E-09
    0.5990000000E+00    0.1470005571E-20    0.1015040283E-21    0.1410717713E-06    0.1418766473E+25    0.4145165177E-11    0.2085594620E+04    0.1308747643E-09
    0.5990000000E+00    0.1575139348E-20    0.1087635259E-21    0.1443577550E-06    0.5430246548E+24    0.1700006070E-11    0.8553395009E+03    0.5751280423E-10
    0.5990000000E+00    0.1687792220E-20    0.1165422177E-21    0.1477202791E-06    0.2044966419E+24    0.6859889254E-12    0.3451478412E+03    0.2486744557E-10
    0.5990000000E+00    0.1808501947E-20    0.1248772362E-21    0.1511611264E-06    0.7576244943E+23    0.2723233814E-12    0.1370165373E+03    0.1057788893E-10
    0.5990000000E+00    0.1937844750E-20    0.1338083694E-21    0.1546821213E-06    0.2761391192E+23    0.1063552320E-12    0.5351147425E+02    0.4426627021E-11
    0.5990000000E+00    0.2076438060E-20    0.1433782510E-21    0.1582851308E-06    0.9903000642E+22    0.4086935005E-13    0.2056296744E+02    0.1822685768E-11
    0.5990000000E+00    0.2224943467E-20    0.1536325639E-21    0.1619720651E-06    0.3494149617E+22    0.1545156315E-13    0.7774285365E+01    0.7383911667E-12
    0.5990000000E+00    0.2384069878E-20    0.1646202581E-21    0.1657448792E-06    0.1212901101E+22    0.5747200049E-14    0.2891640981E+01    0.2942865311E-12
    0.5990000000E+00    0.2554576900E-20    0.1763937846E-21    0.1696055734E-06    0.4142474279E+21    0.2103249258E-14    0.1058226910E+01    0.1153997362E-12
    0.5990000000E+00    0.2737278465E-20    0.1890093455E-21    0.1735561947E-06    0.1392104948E+21    0.7573609364E-15    0.3810578896E+00    0.4452633737E-13
    0.5990000000E+00    0.2933046719E-20    0.2025271626E-21    0.1775988378E-06    0.4603101950E+20    0.2683375917E-15    0.1350111307E+00    0.1690423763E-13
    0.5990000000E+00    0.3142816182E-20    0.2170117645E-21    0.1817356462E-06    0.1497576445E+20    0.9354485893E-16    0.4706607485E-01    0.6314427713E-14
    0.5990000000E+00    0.3367588212E-20    0.2325322952E-21    0.1859688132E-06    0.4794485339E+19    0.3209023658E-16    0.1614585231E-01    0.2321063330E-14
    0.5990000000E+00    0.3608435782E-20    0.2491628434E-21    0.1903005833E-06    0.1502785392E+19    0.1077774462E-16    0.5422704579E-02    0.8352989974E-15
    0.5990000000E+00    0.3866508602E-20    0.2669827968E-21    0.1947332533E-06    0.5476022046E+18    0.4208197479E-17    0.2117308634E-02    0.3494702280E-15
