    0.5950000000E+00    0.4143038610E-23    0.2860772210E-24    0.1992691735E-07    0.0000000000E+00    0.0000000000E+00    0.0000000000E+00    0.0000000000E+00
    0.5950000000E+00    0.4439345853E-23    0.3065372650E-24    0.2039107488E-07    0.0000000000E+00    0.0000000000E+00    0.0000000000E+00    0.0000000000E+00
    0.5950000000E+00    0.4756844785E-23    0.3284605973E-24    0.2086604403E-07    0.0000000000E+00    0.0000000000E+00    0.0000000000E+00    0.0000000000E+00
    0.5950000000E+00    0.5097051019E-23    0.3519518710E-24    0.2135207663E-07    0.0000000000E+00    0.0000000000E+00    0.0000000000E+00    0.0000000000E+00
    0.5950000000E+00    0.5461588566E-23    0.3771232243E-24    0.2184943039E-07    0.0000000000E+00    0.0000000000E+00    0.0000000000E+00    0.0000000000E+00
    0.5950000000E+00    0.5852197586E-23    0.4040948153E-24    0.2235836900E-07    0.0000000000E+00    0.0000000000E+00    0.0000000000E+00    0.0000000000E+00
    0.5950000000E+00    0.6270742692E-23    0.4329953957E-24    0.2287916232E-07    0.0000000000E+00    0.0000000000E+00    0.0000000000E+00    0.0000000000E+00
    0.5950000000E+00    0.6719221852E-23    0.4639629256E-24    0.2341208647E-07    0.0000000000E+00    0.0000000000E+00    0.0000000000E+00    0.0000000000E+00
    0.5950000000E+00    0.7199775931E-23    0.4971452317E-24    0.2395742402E-07    0.0000000000E+00    0.0000000000E+00    0.0000000000E+00    0.0000000000E+00
    0.5950000000E+00    0.7714698903E-23    0.5327007132E-24    0.2451546411E-07    0.0000000000E+00    0.0000000000E+00    0.0000000000E+00    0.0000000000E+00
    0.5950000000E+00    0.8266448809E-23    0.5707990981E-24    0.2508650263E-07    0.0000000000E+00    0.0000000000E+00    0.0000000000E+00    0.0000000000E+00
    0.5950000000E+00    0.8857659485E-23    0.6116222531E-24    0.2567084234E-07    0.0000000000E+00    0.0000000000E+00    0.0000000000E+00    0.0000000000E+00
    0.5950000000E+00    0.9491153137E-23    0.6553650517E-24    0.2626879307E-07    0.0000000000E+00    0.0000000000E+00    0.0000000000E+00    0.0000000000E+00
    0.5950000000E+00    0.1016995382E-22    0.7022363048E-24    0.2688067187E-07    0.0000000000E+00    0.0000000000E+00    0.0000000000E+00    0.0000000000E+00
    0.5950000000E+00    0.1089730185E-22    0.7524597575E-24    0.2750680315E-07    0.2639397266E+36    0.5815515168E-02    0.2876230870E+13    0.1536853963E-02
    0.5950000000E+00    0.1167666930E-22    0.8062751566E-24    0.2814751890E-07    0.3014901445E+36    0.7117976506E-02    0.3520400715E+13    0.2015584262E-02
    0.5950000000E+00    0.1251177658E-22    0.8639393956E-24    0.2880315884E-07    0.3529236840E+36    0.8928206659E-02    0.4415702283E+13    0.2708997740E-02
    0.5950000000E+00    0.1340661015E-22    0.9257277409E-24    0.2947407060E-07    0.4091256923E+36    0.1109022056E-01    0.5484988658E+13    0.3605658506E-02
    0.5950000000E+00    0.1436544159E-22    0.9919351458E-24    0.3016060990E-07    0.4688673668E+36    0.1361863051E-01    0.6735486771E+13    0.4744362294E-02
    0.5950000000E+00    0.1539284799E-22    0.1062877658E-23    0.3086314075E-07    0.5275072927E+36    0.1641768423E-01    0.8119839571E+13    0.6128529866E-02
    0.5950000000E+00    0.1649373379E-22    0.1138893930E-23    0.3158203565E-07    0.5878120622E+36    0.1960297220E-01    0.9695215671E+13    0.7840907538E-02
    0.5950000000E+00    0.1767335417E-22    0.1220346833E-23    0.3231767576E-07    0.6438927641E+36    0.2300895925E-01    0.1137974487E+14    0.9861463769E-02
    0.5950000000E+00    0.1893734018E-22    0.1307625190E-23    0.3307045113E-07    0.6972552559E+36    0.2669778473E-01    0.1320415997E+14    0.1226082336E-01
    0.5950000000E+00    0.2029172559E-22    0.1401145635E-23    0.3384076090E-07    0.7425633664E+36    0.3046610610E-01    0.1506789207E+14    0.1499206163E-01
    0.5950000000E+00    0.2174297571E-22    0.1501354598E-23    0.3462901348E-07    0.7801724390E+36    0.3429841369E-01    0.1696327039E+14    0.1808499707E-01
    0.5950000000E+00    0.2329801823E-22    0.1608730435E-23    0.3543562682E-07    0.8086406711E+36    0.3809245919E-01    0.1883972509E+14    0.2152203927E-01
    0.5950000000E+00    0.2496427630E-22    0.1723785718E-23    0.3626102861E-07    0.8244677179E+36    0.4161568866E-01    0.2058223991E+14    0.2519425347E-01
    0.5950000000E+00    0.2674970400E-22    0.1847069675E-23    0.3710565646E-07    0.8241012803E+36    0.4457219472E-01    0.2204446531E+14    0.2891401671E-01
    0.5950000000E+00    0.2866282424E-22    0.1979170815E-23    0.3796995823E-07    0.8163109029E+36    0.4730848358E-01    0.2339777594E+14    0.3288390887E-01
    0.5950000000E+00    0.3071276952E-22    0.2120719737E-23    0.3885439218E-07    0.7937202153E+36    0.4928909814E-01    0.2437734604E+14    0.3671092101E-01
    0.5950000000E+00    0.3290932546E-22    0.2272392139E-23    0.3975942724E-07    0.7587236717E+36    0.5048554679E-01    0.2496908425E+14    0.4029131788E-01
    0.5950000000E+00    0.3526297755E-22    0.2434912046E-23    0.4068554327E-07    0.7151544024E+36    0.5098979275E-01    0.2521847364E+14    0.4360413297E-01
    0.5950000000E+00    0.3778496121E-22    0.2609055264E-23    0.4163323131E-07    0.6630076610E+36    0.5065262733E-01    0.2505171875E+14    0.4641372081E-01
    0.5950000000E+00    0.4048731538E-22    0.2795653084E-23    0.4260299385E-07    0.6052468628E+36    0.4954684183E-01    0.2450482062E+14    0.4864748422E-01
    0.5950000000E+00    0.4338294005E-22    0.2995596250E-23    0.4359534505E-07    0.5433796913E+36    0.4766359910E-01    0.2357340857E+14    0.5014541635E-01
    0.5950000000E+00    0.4648565778E-22    0.3209839213E-23    0.4461081109E-07    0.4796619202E+36    0.4508360873E-01    0.2229739987E+14    0.5082332572E-01
    0.5950000000E+00    0.4981027973E-22    0.3439404683E-23    0.4564993037E-07    0.4164771612E+36    0.4194446128E-01    0.2074484390E+14    0.5066628122E-01
    0.5950000000E+00    0.5337267633E-22    0.3685388516E-23    0.4671325384E-07    0.3562253639E+36    0.3844220312E-01    0.1901270105E+14    0.4975682701E-01
    0.5950000000E+00    0.5718985306E-22    0.3948964943E-23    0.4780134531E-07    0.2996904057E+36    0.3465423131E-01    0.1713925026E+14    0.4806187155E-01
    0.5950000000E+00    0.6128003161E-22    0.4231392172E-23    0.4891478167E-07    0.2478437353E+36    0.3070869607E-01    0.1518787193E+14    0.4563581224E-01
    0.5950000000E+00    0.6566273690E-22    0.4534018400E-23    0.5005415331E-07    0.2018106820E+36    0.2679338474E-01    0.1325144172E+14    0.4266502347E-01
    0.5950000000E+00    0.7035889022E-22    0.4858288246E-23    0.5122006431E-07    0.1616228374E+36    0.2299249799E-01    0.1137160348E+14    0.3923110725E-01
    0.5950000000E+00    0.7539090917E-22    0.5205749646E-23    0.5241313287E-07    0.1272647246E+36    0.1939954180E-01    0.9594603292E+13    0.3546793312E-01
    0.5950000000E+00    0.8078281461E-22    0.5578061244E-23    0.5363399157E-07    0.9857759667E+35    0.1610132648E-01    0.7963375717E+13    0.3154322288E-01
    0.5950000000E+00    0.8656034539E-22    0.5977000309E-23    0.5488328773E-07    0.7511801169E+35    0.1314702577E-01    0.6502241036E+13    0.2759763858E-01
    0.5950000000E+00    0.9275108115E-22    0.6404471218E-23    0.5616168372E-07    0.5635404745E+35    0.1056838300E-01    0.5226898829E+13    0.2377130105E-01
    0.5950000000E+00    0.9938457404E-22    0.6862514550E-23    0.5746985739E-07    0.4157832408E+35    0.8355076107E-02    0.4132244028E+13    0.2013700226E-01
    0.5950000000E+00    0.1064924897E-21    0.7353316823E-23    0.5880850233E-07    0.3016393243E+35    0.6494883860E-02    0.3212232264E+13    0.1677319508E-01
    0.5950000000E+00    0.1141087586E-21    0.7879220933E-23    0.6017832832E-07    0.2152718601E+35    0.4966731625E-02    0.2456440472E+13    0.1374406189E-01
    0.5950000000E+00    0.1222697377E-21    0.8442737340E-23    0.6158006166E-07    0.1511455134E+35    0.3736617904E-02    0.1848052228E+13    0.1107957493E-01
    0.5950000000E+00    0.1310143844E-21    0.9046556049E-23    0.6301444556E-07    0.1044646860E+35    0.2767278912E-02    0.1368637653E+13    0.8792195617E-02
    0.5950000000E+00    0.1403844422E-21    0.9693559452E-23    0.6448224056E-07    0.7097206917E+34    0.2014516818E-02    0.9963374341E+12    0.6858281485E-02
    0.5950000000E+00    0.1504246400E-21    0.1038683609E-22    0.6598422489E-07    0.4745399068E+34    0.1443298535E-02    0.7138249462E+12    0.5265026718E-02
    0.5950000000E+00    0.1611829057E-21    0.1112969539E-22    0.6752119493E-07    0.3121754787E+34    0.1017377706E-02    0.5031735074E+12    0.3976734758E-02
    0.5950000000E+00    0.1727105951E-21    0.1192568347E-22    0.6909396560E-07    0.2019842167E+34    0.7053438186E-03    0.3488481426E+12    0.2954236592E-02
    0.5950000000E+00    0.1850627369E-21    0.1277860007E-22    0.7070337081E-07    0.1285684210E+34    0.4810804852E-03    0.2379322386E+12    0.2159047260E-02
    0.5950000000E+00    0.1982982953E-21    0.1369251667E-22    0.7235026388E-07    0.8051632028E+33    0.3228251407E-03    0.1596624905E+12    0.1552429038E-02
    0.5950000000E+00    0.2124804516E-21    0.1467179595E-22    0.7403551802E-07    0.4962837347E+33    0.2132128975E-03    0.1054505921E+12    0.1098646257E-02
    0.5950000000E+00    0.2276769058E-21    0.1572111260E-22    0.7576002677E-07    0.3007687537E+33    0.1384573919E-03    0.6847809923E+11    0.7644701901E-03
    0.5950000000E+00    0.2439602000E-21    0.1684547565E-22    0.7752470448E-07    0.1793900566E+33    0.8848747389E-04    0.4376403408E+11    0.5235114752E-03
    0.5950000000E+00    0.2614080640E-21    0.1805025236E-22    0.7933048683E-07    0.1052715276E+33    0.5564092678E-04    0.2751882621E+11    0.3527270480E-03
    0.5950000000E+00    0.2801037871E-21    0.1934119387E-22    0.8117833125E-07    0.6076714837E+32    0.3441535763E-04    0.1702110839E+11    0.2337742624E-03
    0.5950000000E+00    0.3001366153E-21    0.2072446262E-22    0.8306921749E-07    0.3451159747E+32    0.2094346294E-04    0.1035819406E+11    0.1524378803E-03
    0.5950000000E+00    0.3216021775E-21    0.2220666179E-22    0.8500414813E-07    0.1928564452E+32    0.1254057898E-04    0.6202305274E+10    0.9780521145E-04
    0.5950000000E+00    0.3446029418E-21    0.2379486681E-22    0.8698414910E-07    0.1060389818E+32    0.7388375838E-05    0.3654134509E+10    0.6174380475E-04
    0.5950000000E+00    0.3692487048E-21    0.2549665916E-22    0.8901027021E-07    0.5736540948E+31    0.4282856549E-05    0.2118210315E+10    0.3835110987E-04
    0.5950000000E+00    0.3956571157E-21    0.2732016250E-22    0.9108358575E-07    0.3054149978E+31    0.2443283095E-05    0.1208396171E+10    0.2344327050E-04
    0.5950000000E+00    0.4239542377E-21    0.2927408154E-22    0.9320519501E-07    0.1599196469E+31    0.1370835215E-05    0.6779861200E+09    0.1409385052E-04
    0.5950000000E+00    0.4542751502E-21    0.3136774352E-22    0.9537622289E-07    0.8241115778E+30    0.7569539259E-06    0.3743734108E+09    0.8338997705E-05
    0.5950000000E+00    0.4867645933E-21    0.3361114274E-22    0.9759782052E-07    0.4178698251E+30    0.4112675478E-06    0.2034042355E+09    0.4854772131E-05
    0.5950000000E+00    0.5215776589E-21    0.3601498832E-22    0.9987116580E-07    0.2084143317E+30    0.2197915595E-06    0.1087042592E+09    0.2780068001E-05
    0.5950000000E+00    0.5588805307E-21    0.3859075526E-22    0.1021974641E-06    0.1023203430E+30    0.1156233152E-06    0.5718484759E+08    0.1567075158E-05
    0.5950000000E+00    0.5988512779E-21    0.4135073927E-22    0.1045779488E-06    0.4942711570E+29    0.5984787000E-07    0.2959949140E+08    0.8691467427E-06
    0.5950000000E+00    0.6416807053E-21    0.4430811541E-22    0.1070138822E-06    0.2348949738E+29    0.3047594312E-07    0.1507275725E+08    0.4742436919E-06
    0.5950000000E+00    0.6875732635E-21    0.4747700104E-22    0.1095065557E-06    0.1098436962E+29    0.1527068676E-07    0.7552558868E+07    0.2546261346E-06
    0.5950000000E+00    0.7367480256E-21    0.5087252317E-22    0.1120572911E-06    0.5054599733E+28    0.7529570437E-08    0.3723966373E+07    0.1345285957E-06
    0.5950000000E+00    0.7894397325E-21    0.5451089068E-22    0.1146674407E-06    0.2288734295E+28    0.3653245075E-08    0.1806817790E+07    0.6993961158E-07
    0.5950000000E+00    0.8458999137E-21    0.5840947171E-22    0.1173383885E-06    0.1019760889E+28    0.1744141764E-08    0.8626156479E+06    0.3577883457E-07
    0.5950000000E+00    0.9063980879E-21    0.6258687655E-22    0.1200715507E-06    0.4471445614E+27    0.8194668376E-09    0.4052909755E+06    0.1801257457E-07
    0.5950000000E+00    0.9712230494E-21    0.6706304648E-22    0.1228683764E-06    0.1928762037E+27    0.3787582312E-09    0.1873258147E+06    0.8920855163E-08
    0.5950000000E+00    0.1040684247E-20    0.7185934897E-22    0.1257303485E-06    0.8187546432E+26    0.1722809295E-09    0.8520650594E+05    0.4347920702E-08
    0.5950000000E+00    0.1115113261E-20    0.7699867968E-22    0.1286589846E-06    0.3420876496E+26    0.7712955496E-10    0.3814664747E+05    0.2085764320E-08
    0.5950000000E+00    0.1194865387E-20    0.8250557175E-22    0.1316558373E-06    0.1406077991E+26    0.3396978832E-10    0.1680073923E+05    0.9843221297E-09
    0.5950000000E+00    0.1280321329E-20    0.8840631292E-22    0.1347224957E-06    0.5687929364E+25    0.1472440060E-10    0.7282377285E+04    0.4571745365E-09
    0.5950000000E+00    0.1371889021E-20    0.9472907100E-22    0.1378605858E-06    0.2264126656E+25    0.6280354349E-11    0.3106130503E+04    0.2089433515E-09
    0.5950000000E+00    0.1470005571E-20    0.1015040283E-21    0.1410717713E-06    0.8867377293E+24    0.2635594652E-11    0.1303509402E+04    0.9395567701E-10
    0.5950000000E+00    0.1575139348E-20    0.1087635259E-21    0.1443577550E-06    0.3418346229E+24    0.1088678080E-11    0.5384371652E+03    0.4158568765E-10
    0.5950000000E+00    0.1687792220E-20    0.1165422177E-21    0.1477202791E-06    0.1296672615E+24    0.4425005036E-12    0.2188513952E+03    0.1811165671E-10
    0.5950000000E+00    0.1808501947E-20    0.1248772362E-21    0.1511611264E-06    0.4839445963E+23    0.1769616159E-12    0.8752147447E+02    0.7761103655E-11
    0.5950000000E+00    0.1937844750E-20    0.1338083694E-21    0.1546821213E-06    0.1777807552E+23    0.6965754704E-13    0.3445115030E+02    0.3273501810E-11
    0.5950000000E+00    0.2076438060E-20    0.1433782510E-21    0.1582851308E-06    0.6426479082E+22    0.2698090598E-13    0.1334418576E+02    0.1358629177E-11
    0.5950000000E+00    0.2224943467E-20    0.1536325639E-21    0.1619720651E-06    0.2285860823E+22    0.1028331678E-13    0.5085911106E+01    0.5548525972E-12
    0.5950000000E+00    0.2384069878E-20    0.1646202581E-21    0.1657448792E-06    0.8001516308E+21    0.3857054052E-14    0.1907617401E+01    0.2229975715E-12
    0.5950000000E+00    0.2554576900E-20    0.1763937846E-21    0.1696055734E-06    0.2756380260E+21    0.1423713363E-14    0.7041385339E+00    0.8819967195E-13
    0.5950000000E+00    0.2737278465E-20    0.1890093455E-21    0.1735561947E-06    0.9344147913E+20    0.5171578661E-15    0.2557753485E+00    0.3432950516E-13
    0.5950000000E+00    0.2933046719E-20    0.2025271626E-21    0.1775988378E-06    0.3117280919E+20    0.1848669906E-15    0.9143130571E-01    0.1314933470E-13
    0.5950000000E+00    0.3142816182E-20    0.2170117645E-21    0.1817356462E-06    0.1023413207E+20    0.6503309866E-16    0.3216399589E-01    0.4956542747E-14
    0.5950000000E+00    0.3367588212E-20    0.2325322952E-21    0.1859688132E-06    0.3306500928E+19    0.2251396980E-16    0.1113493355E-01    0.1838639085E-14
    0.5950000000E+00    0.3608435782E-20    0.2491628434E-21    0.1903005833E-06    0.1050526846E+19    0.7664619248E-17    0.3790758661E-02    0.6707103282E-15
    0.5950000000E+00    0.3866508602E-20    0.2669827968E-21    0.1947332533E-06    0.3540443920E+18    0.2767841074E-17    0.1368915687E-02    0.2595287999E-15
