    0.5910000000E+00    0.4143038610E-23    0.2860772210E-24    0.1992691735E-07    0.0000000000E+00    0.0000000000E+00    0.0000000000E+00    0.0000000000E+00
    0.5910000000E+00    0.4439345853E-23    0.3065372650E-24    0.2039107488E-07    0.0000000000E+00    0.0000000000E+00    0.0000000000E+00    0.0000000000E+00
    0.5910000000E+00    0.4756844785E-23    0.3284605973E-24    0.2086604403E-07    0.0000000000E+00    0.0000000000E+00    0.0000000000E+00    0.0000000000E+00
    0.5910000000E+00    0.5097051019E-23    0.3519518710E-24    0.2135207663E-07    0.0000000000E+00    0.0000000000E+00    0.0000000000E+00    0.0000000000E+00
    0.5910000000E+00    0.5461588566E-23    0.3771232243E-24    0.2184943039E-07    0.0000000000E+00    0.0000000000E+00    0.0000000000E+00    0.0000000000E+00
    0.5910000000E+00    0.5852197586E-23    0.4040948153E-24    0.2235836900E-07    0.0000000000E+00    0.0000000000E+00    0.0000000000E+00    0.0000000000E+00
    0.5910000000E+00    0.6270742692E-23    0.4329953957E-24    0.2287916232E-07    0.0000000000E+00    0.0000000000E+00    0.0000000000E+00    0.0000000000E+00
    0.5910000000E+00    0.6719221852E-23    0.4639629256E-24    0.2341208647E-07    0.0000000000E+00    0.0000000000E+00    0.0000000000E+00    0.0000000000E+00
    0.5910000000E+00    0.7199775931E-23    0.4971452317E-24    0.2395742402E-07    0.0000000000E+00    0.0000000000E+00    0.0000000000E+00    0.0000000000E+00
    0.5910000000E+00    0.7714698903E-23    0.5327007132E-24    0.2451546411E-07    0.0000000000E+00    0.0000000000E+00    0.0000000000E+00    0.0000000000E+00
    0.5910000000E+00    0.8266448809E-23    0.5707990981E-24    0.2508650263E-07    0.0000000000E+00    0.0000000000E+00    0.0000000000E+00    0.0000000000E+00
    0.5910000000E+00    0.8857659485E-23    0.6116222531E-24    0.2567084234E-07    0.0000000000E+00    0.0000000000E+00    0.0000000000E+00    0.0000000000E+00
    0.5910000000E+00    0.9491153137E-23    0.6553650517E-24    0.2626879307E-07    0.0000000000E+00    0.0000000000E+00    0.0000000000E+00    0.0000000000E+00
    0.5910000000E+00    0.1016995382E-22    0.7022363048E-24    0.2688067187E-07    0.0000000000E+00    0.0000000000E+00    0.0000000000E+00    0.0000000000E+00
    0.5910000000E+00    0.1089730185E-22    0.7524597575E-24    0.2750680315E-07    0.0000000000E+00    0.0000000000E+00    0.0000000000E+00    0.0000000000E+00
    0.5910000000E+00    0.1167666930E-22    0.8062751566E-24    0.2814751890E-07    0.0000000000E+00    0.0000000000E+00    0.0000000000E+00    0.0000000000E+00
    0.5910000000E+00    0.1251177658E-22    0.8639393956E-24    0.2880315884E-07    0.0000000000E+00    0.0000000000E+00    0.0000000000E+00    0.0000000000E+00
    0.5910000000E+00    0.1340661015E-22    0.9257277409E-24    0.2947407060E-07    0.0000000000E+00    0.0000000000E+00    0.0000000000E+00    0.0000000000E+00
    0.5910000000E+00    0.1436544159E-22    0.9919351458E-24    0.3016060990E-07    0.0000000000E+00    0.0000000000E+00    0.0000000000E+00    0.0000000000E+00
    0.5910000000E+00    0.1539284799E-22    0.1062877658E-23    0.3086314075E-07    0.0000000000E+00    0.0000000000E+00    0.0000000000E+00    0.0000000000E+00
    0.5910000000E+00    0.1649373379E-22    0.1138893930E-23    0.3158203565E-07    0.0000000000E+00    0.0000000000E+00    0.0000000000E+00    0.0000000000E+00
    0.5910000000E+00    0.1767335417E-22    0.1220346833E-23    0.3231767576E-07    0.0000000000E+00    0.0000000000E+00    0.0000000000E+00    0.0000000000E+00
    0.5910000000E+00    0.1893734018E-22    0.1307625190E-23    0.3307045113E-07    0.0000000000E+00    0.0000000000E+00    0.0000000000E+00    0.0000000000E+00
    0.5910000000E+00    0.2029172559E-22    0.1401145635E-23    0.3384076090E-07    0.0000000000E+00    0.0000000000E+00    0.0000000000E+00    0.0000000000E+00
    0.5910000000E+00    0.2174297571E-22    0.1501354598E-23    0.3462901348E-07    0.0000000000E+00    0.0000000000E+00    0.0000000000E+00    0.0000000000E+00
    0.5910000000E+00    0.2329801823E-22    0.1608730435E-23    0.3543562682E-07    0.0000000000E+00    0.0000000000E+00    0.0000000000E+00    0.0000000000E+00
    0.5910000000E+00    0.2496427630E-22    0.1723785718E-23    0.3626102861E-07    0.0000000000E+00    0.0000000000E+00    0.0000000000E+00    0.0000000000E+00
    0.5910000000E+00    0.2674970400E-22    0.1847069675E-23    0.3710565646E-07    0.0000000000E+00    0.0000000000E+00    0.0000000000E+00    0.0000000000E+00
    0.5910000000E+00    0.2866282424E-22    0.1979170815E-23    0.3796995823E-07    0.0000000000E+00    0.0000000000E+00    0.0000000000E+00    0.0000000000E+00
    0.5910000000E+00    0.3071276952E-22    0.2120719737E-23    0.3885439218E-07    0.0000000000E+00    0.0000000000E+00    0.0000000000E+00    0.0000000000E+00
    0.5910000000E+00    0.3290932546E-22    0.2272392139E-23    0.3975942724E-07    0.0000000000E+00    0.0000000000E+00    0.0000000000E+00    0.0000000000E+00
    0.5910000000E+00    0.3526297755E-22    0.2434912046E-23    0.4068554327E-07    0.0000000000E+00    0.0000000000E+00    0.0000000000E+00    0.0000000000E+00
    0.5910000000E+00    0.3778496121E-22    0.2609055264E-23    0.4163323131E-07    0.0000000000E+00    0.0000000000E+00    0.0000000000E+00    0.0000000000E+00
    0.5910000000E+00    0.4048731538E-22    0.2795653084E-23    0.4260299385E-07    0.0000000000E+00    0.0000000000E+00    0.0000000000E+00    0.0000000000E+00
    0.5910000000E+00    0.4338294005E-22    0.2995596250E-23    0.4359534505E-07    0.0000000000E+00    0.0000000000E+00    0.0000000000E+00    0.0000000000E+00
    0.5910000000E+00    0.4648565778E-22    0.3209839213E-23    0.4461081109E-07    0.0000000000E+00    0.0000000000E+00    0.0000000000E+00    0.0000000000E+00
    0.5910000000E+00    0.4981027973E-22    0.3439404683E-23    0.4564993037E-07    0.0000000000E+00    0.0000000000E+00    0.0000000000E+00    0.0000000000E+00
    0.5910000000E+00    0.5337267633E-22    0.3685388516E-23    0.4671325384E-07    0.0000000000E+00    0.0000000000E+00    0.0000000000E+00    0.0000000000E+00
    0.5910000000E+00    0.5718985306E-22    0.3948964943E-23    0.4780134531E-07    0.0000000000E+00    0.0000000000E+00    0.0000000000E+00    0.0000000000E+00
    0.5910000000E+00    0.6128003161E-22    0.4231392172E-23    0.4891478167E-07    0.0000000000E+00    0.0000000000E+00    0.0000000000E+00    0.0000000000E+00
    0.5910000000E+00    0.6566273690E-22    0.4534018400E-23    0.5005415331E-07    0.0000000000E+00    0.0000000000E+00    0.0000000000E+00    0.0000000000E+00
    0.5910000000E+00    0.7035889022E-22    0.4858288246E-23    0.5122006431E-07    0.0000000000E+00    0.0000000000E+00    0.0000000000E+00    0.0000000000E+00
    0.5910000000E+00    0.7539090917E-22    0.5205749646E-23    0.5241313287E-07    0.0000000000E+00    0.0000000000E+00    0.0000000000E+00    0.0000000000E+00
    0.5910000000E+00    0.8078281461E-22    0.5578061244E-23    0.5363399157E-07    0.0000000000E+00    0.0000000000E+00    0.0000000000E+00    0.0000000000E+00
    0.5910000000E+00    0.8656034539E-22    0.5977000309E-23    0.5488328773E-07    0.0000000000E+00    0.0000000000E+00    0.0000000000E+00    0.0000000000E+00
    0.5910000000E+00    0.9275108115E-22    0.6404471218E-23    0.5616168372E-07    0.0000000000E+00    0.0000000000E+00    0.0000000000E+00    0.0000000000E+00
    0.5910000000E+00    0.9938457404E-22    0.6862514550E-23    0.5746985739E-07    0.0000000000E+00    0.0000000000E+00    0.0000000000E+00    0.0000000000E+00
    0.5910000000E+00    0.1064924897E-21    0.7353316823E-23    0.5880850233E-07    0.0000000000E+00    0.0000000000E+00    0.0000000000E+00    0.0000000000E+00
    0.5910000000E+00    0.1141087586E-21    0.7879220933E-23    0.6017832832E-07    0.0000000000E+00    0.0000000000E+00    0.0000000000E+00    0.0000000000E+00
    0.5910000000E+00    0.1222697377E-21    0.8442737340E-23    0.6158006166E-07    0.0000000000E+00    0.0000000000E+00    0.0000000000E+00    0.0000000000E+00
    0.5910000000E+00    0.1310143844E-21    0.9046556049E-23    0.6301444556E-07    0.0000000000E+00    0.0000000000E+00    0.0000000000E+00    0.0000000000E+00
    0.5910000000E+00    0.1403844422E-21    0.9693559452E-23    0.6448224056E-07    0.0000000000E+00    0.0000000000E+00    0.0000000000E+00    0.0000000000E+00
    0.5910000000E+00    0.1504246400E-21    0.1038683609E-22    0.6598422489E-07    0.0000000000E+00    0.0000000000E+00    0.0000000000E+00    0.0000000000E+00
    0.5910000000E+00    0.1611829057E-21    0.1112969539E-22    0.6752119493E-07    0.0000000000E+00    0.0000000000E+00    0.0000000000E+00    0.0000000000E+00
    0.5910000000E+00    0.1727105951E-21    0.1192568347E-22    0.6909396560E-07    0.0000000000E+00    0.0000000000E+00    0.0000000000E+00    0.0000000000E+00
    0.5910000000E+00    0.1850627369E-21    0.1277860007E-22    0.7070337081E-07    0.0000000000E+00    0.0000000000E+00    0.0000000000E+00    0.0000000000E+00
    0.5910000000E+00    0.1982982953E-21    0.1369251667E-22    0.7235026388E-07    0.0000000000E+00    0.0000000000E+00    0.0000000000E+00    0.0000000000E+00
    0.5910000000E+00    0.2124804516E-21    0.1467179595E-22    0.7403551802E-07    0.0000000000E+00    0.0000000000E+00    0.0000000000E+00    0.0000000000E+00
    0.5910000000E+00    0.2276769058E-21    0.1572111260E-22    0.7576002677E-07    0.0000000000E+00    0.0000000000E+00    0.0000000000E+00    0.0000000000E+00
    0.5910000000E+00    0.2439602000E-21    0.1684547565E-22    0.7752470448E-07    0.0000000000E+00    0.0000000000E+00    0.0000000000E+00    0.0000000000E+00
    0.5910000000E+00    0.2614080640E-21    0.1805025236E-22    0.7933048683E-07    0.0000000000E+00    0.0000000000E+00    0.0000000000E+00    0.0000000000E+00
    0.5910000000E+00    0.2801037871E-21    0.1934119387E-22    0.8117833125E-07    0.0000000000E+00    0.0000000000E+00    0.0000000000E+00    0.0000000000E+00
    0.5910000000E+00    0.3001366153E-21    0.2072446262E-22    0.8306921749E-07    0.0000000000E+00    0.0000000000E+00    0.0000000000E+00    0.0000000000E+00
    0.5910000000E+00    0.3216021775E-21    0.2220666179E-22    0.8500414813E-07    0.0000000000E+00    0.0000000000E+00    0.0000000000E+00    0.0000000000E+00
    0.5910000000E+00    0.3446029418E-21    0.2379486681E-22    0.8698414910E-07    0.0000000000E+00    0.0000000000E+00    0.0000000000E+00    0.0000000000E+00
    0.5910000000E+00    0.3692487048E-21    0.2549665916E-22    0.8901027021E-07    0.4529223977E+31    0.4405632099E+00    0.1672410087E+10    0.4023596459E+00
    0.5910000000E+00    0.3956571157E-21    0.2732016250E-22    0.9108358575E-07    0.2410861579E+31    0.2512792955E+00    0.9538745384E+09    0.2459024724E+00
    0.5910000000E+00    0.4239542377E-21    0.2927408154E-22    0.9320519501E-07    0.1262212212E+31    0.1409667891E+00    0.5351202161E+09    0.1478165280E+00
    0.5910000000E+00    0.4542751502E-21    0.3136774352E-22    0.9537622289E-07    0.6509204891E+30    0.7789550049E-01    0.2956970029E+09    0.8752226768E-01
    0.5910000000E+00    0.4867645933E-21    0.3361114274E-22    0.9759782052E-07    0.3301171420E+30    0.4233041307E-01    0.1606893364E+09    0.5096343544E-01
    0.5910000000E+00    0.5215776589E-21    0.3601498832E-22    0.9987116580E-07    0.1647568779E+30    0.2263747499E-01    0.8593350666E+08    0.2920345084E-01
    0.5910000000E+00    0.5588805307E-21    0.3859075526E-22    0.1021974641E-06    0.8098492507E+29    0.1192308430E-01    0.4526089790E+08    0.1648142674E-01
    0.5910000000E+00    0.5988512779E-21    0.4135073927E-22    0.1045779488E-06    0.3915105315E+29    0.6176292835E-02    0.2344565821E+08    0.9148166672E-02
    0.5910000000E+00    0.6416807053E-21    0.4430811541E-22    0.1070138822E-06    0.1862986968E+29    0.3149156523E-02    0.1195442792E+08    0.4998048160E-02
    0.5910000000E+00    0.6875732635E-21    0.4747700104E-22    0.1095065557E-06    0.8724532148E+28    0.1580252832E-02    0.5998755041E+07    0.2687402809E-02
    0.5910000000E+00    0.7367480256E-21    0.5087252317E-22    0.1120572911E-06    0.4021048825E+28    0.7804117085E-03    0.2962499783E+07    0.1422099442E-02
    0.5910000000E+00    0.7894397325E-21    0.5451089068E-22    0.1146674407E-06    0.1823901703E+28    0.3793026342E-03    0.1439860473E+07    0.7406142234E-03
    0.5910000000E+00    0.8458999137E-21    0.5840947171E-22    0.1173383885E-06    0.8141947184E+27    0.1814315082E-03    0.6887272421E+06    0.3795936164E-03
    0.5910000000E+00    0.9063980879E-21    0.6258687655E-22    0.1200715507E-06    0.3577499910E+27    0.8542088399E-04    0.3242639078E+06    0.1915006494E-03
    0.5910000000E+00    0.9712230494E-21    0.6706304648E-22    0.1228683764E-06    0.1546252097E+27    0.3956076959E-04    0.1501755676E+06    0.9503223015E-04
    0.5910000000E+00    0.1040684247E-20    0.7185934897E-22    0.1257303485E-06    0.6580448999E+26    0.1804014224E-04    0.6848169612E+05    0.4643507454E-04
    0.5910000000E+00    0.1115113261E-20    0.7699867968E-22    0.1286589846E-06    0.2756096987E+26    0.8096157092E-05    0.3073360300E+05    0.2232981453E-04
    0.5910000000E+00    0.1194865387E-20    0.8250557175E-22    0.1316558373E-06    0.1135562597E+26    0.3574337103E-05    0.1356844442E+05    0.1056335071E-04
    0.5910000000E+00    0.1280321329E-20    0.8840631292E-22    0.1347224957E-06    0.4607051447E+25    0.1553844275E-05    0.5898506233E+04    0.4920550366E-05
    0.5910000000E+00    0.1371889021E-20    0.9472907100E-22    0.1378605858E-06    0.1838765463E+25    0.6645241490E-06    0.2522582152E+04    0.2254846371E-05
    0.5910000000E+00    0.1470005571E-20    0.1015040283E-21    0.1410717713E-06    0.7222766451E+24    0.2796971249E-06    0.1061750692E+04    0.1016937334E-05
    0.5910000000E+00    0.1575139348E-20    0.1087635259E-21    0.1443577550E-06    0.2793223792E+24    0.1159017951E-06    0.4399716703E+03    0.4515401284E-06
    0.5910000000E+00    0.1687792220E-20    0.1165422177E-21    0.1477202791E-06    0.1062713670E+24    0.4724987859E-07    0.1793639864E+03    0.1972454013E-06
    0.5910000000E+00    0.1808501947E-20    0.1248772362E-21    0.1511611264E-06    0.3979283365E+23    0.1895785933E-07    0.7196541713E+02    0.8479992847E-07
    0.5910000000E+00    0.1937844750E-20    0.1338083694E-21    0.1546821213E-06    0.1466887996E+23    0.7488268093E-08    0.2842601201E+02    0.3589116654E-07
    0.5910000000E+00    0.2076438060E-20    0.1433782510E-21    0.1582851308E-06    0.5320048918E+22    0.2910047351E-08    0.1104675205E+02    0.1494535534E-07
    0.5910000000E+00    0.2224943467E-20    0.1536325639E-21    0.1619720651E-06    0.1899075331E+22    0.1113080623E-08    0.4225335251E+01    0.6125376835E-08
    0.5910000000E+00    0.2384069878E-20    0.1646202581E-21    0.1657448792E-06    0.6671738609E+21    0.4190090978E-09    0.1590589105E+01    0.2470754769E-08
    0.5910000000E+00    0.2554576900E-20    0.1763937846E-21    0.1696055734E-06    0.2306771261E+21    0.1552347555E-09    0.5892824577E+00    0.9808331862E-09
    0.5910000000E+00    0.2737278465E-20    0.1890093455E-21    0.1735561947E-06    0.7849445959E+20    0.5660091263E-10    0.2148611938E+00    0.3832036379E-09
    0.5910000000E+00    0.2933046719E-20    0.2025271626E-21    0.1775988378E-06    0.2628708937E+20    0.2031079542E-10    0.7710126124E-01    0.1473442258E-09
    0.5910000000E+00    0.3142816182E-20    0.2170117645E-21    0.1817356462E-06    0.8663932998E+19    0.7172978267E-11    0.2722914883E-01    0.5575780960E-10
    0.5910000000E+00    0.3367588212E-20    0.2325322952E-21    0.1859688132E-06    0.2810326742E+19    0.2493108882E-11    0.9464023210E-02    0.2076574112E-10
    0.5910000000E+00    0.3608435782E-20    0.2491628434E-21    0.1903005833E-06    0.8971550713E+18    0.8528093365E-12    0.3237326461E-02    0.7611287660E-11
    0.5910000000E+00    0.3866508602E-20    0.2669827968E-21    0.1947332533E-06    0.2825155641E+18    0.2877576039E-12    0.1092348858E-02    0.2751902217E-11
