    0.5960000000E+00    0.4143038610E-23    0.2860772210E-24    0.1992691735E-07    0.0000000000E+00    0.0000000000E+00    0.0000000000E+00    0.0000000000E+00
    0.5960000000E+00    0.4439345853E-23    0.3065372650E-24    0.2039107488E-07    0.0000000000E+00    0.0000000000E+00    0.0000000000E+00    0.0000000000E+00
    0.5960000000E+00    0.4756844785E-23    0.3284605973E-24    0.2086604403E-07    0.0000000000E+00    0.0000000000E+00    0.0000000000E+00    0.0000000000E+00
    0.5960000000E+00    0.5097051019E-23    0.3519518710E-24    0.2135207663E-07    0.0000000000E+00    0.0000000000E+00    0.0000000000E+00    0.0000000000E+00
    0.5960000000E+00    0.5461588566E-23    0.3771232243E-24    0.2184943039E-07    0.0000000000E+00    0.0000000000E+00    0.0000000000E+00    0.0000000000E+00
    0.5960000000E+00    0.5852197586E-23    0.4040948153E-24    0.2235836900E-07    0.0000000000E+00    0.0000000000E+00    0.0000000000E+00    0.0000000000E+00
    0.5960000000E+00    0.6270742692E-23    0.4329953957E-24    0.2287916232E-07    0.0000000000E+00    0.0000000000E+00    0.0000000000E+00    0.0000000000E+00
    0.5960000000E+00    0.6719221852E-23    0.4639629256E-24    0.2341208647E-07    0.0000000000E+00    0.0000000000E+00    0.0000000000E+00    0.0000000000E+00
    0.5960000000E+00    0.7199775931E-23    0.4971452317E-24    0.2395742402E-07    0.0000000000E+00    0.0000000000E+00    0.0000000000E+00    0.0000000000E+00
    0.5960000000E+00    0.7714698903E-23    0.5327007132E-24    0.2451546411E-07    0.7999031307E+35    0.1230099687E-02    0.6171011805E+12    0.2263785824E-03
    0.5960000000E+00    0.8266448809E-23    0.5707990981E-24    0.2508650263E-07    0.9490814334E+35    0.1563890671E-02    0.7845533084E+12    0.3083908024E-03
    0.5960000000E+00    0.8857659485E-23    0.6116222531E-24    0.2567084234E-07    0.1182099584E+36    0.2087165926E-02    0.1047063559E+13    0.4410136218E-03
    0.5960000000E+00    0.9491153137E-23    0.6553650517E-24    0.2626879307E-07    0.1477761829E+36    0.2795808081E-02    0.1402566382E+13    0.6329980669E-03
    0.5960000000E+00    0.1016995382E-22    0.7022363048E-24    0.2688067187E-07    0.1806339611E+36    0.3661864898E-02    0.1837039042E+13    0.8883770797E-03
    0.5960000000E+00    0.1089730185E-22    0.7524597575E-24    0.2750680315E-07    0.2189006469E+36    0.4754993816E-02    0.2385426423E+13    0.1236075460E-02
    0.5960000000E+00    0.1167666930E-22    0.8062751566E-24    0.2814751890E-07    0.2633685708E+36    0.6130090109E-02    0.3075267706E+13    0.1707504616E-02
    0.5960000000E+00    0.1251177658E-22    0.8639393956E-24    0.2880315884E-07    0.3114192827E+36    0.7766912482E-02    0.3896408487E+13    0.2318160169E-02
    0.5960000000E+00    0.1340661015E-22    0.9257277409E-24    0.2947407060E-07    0.3639744774E+36    0.9726886374E-02    0.4879663922E+13    0.3110776937E-02
    0.5960000000E+00    0.1436544159E-22    0.9919351458E-24    0.3016060990E-07    0.4215618350E+36    0.1207158225E-01    0.6055921918E+13    0.4136749525E-02
    0.5960000000E+00    0.1539284799E-22    0.1062877658E-23    0.3086314075E-07    0.4799846028E+36    0.1472754023E-01    0.7388330030E+13    0.5407857579E-02
    0.5960000000E+00    0.1649373379E-22    0.1138893930E-23    0.3158203565E-07    0.5397517865E+36    0.1774585792E-01    0.8902522277E+13    0.6982195871E-02
    0.5960000000E+00    0.1767335417E-22    0.1220346833E-23    0.3231767576E-07    0.5975386201E+36    0.2105081387E-01    0.1056051166E+14    0.8874909216E-02
    0.5960000000E+00    0.1893734018E-22    0.1307625190E-23    0.3307045113E-07    0.6528546346E+36    0.2464446548E-01    0.1236333030E+14    0.1113305696E-01
    0.5960000000E+00    0.2029172559E-22    0.1401145635E-23    0.3384076090E-07    0.7022424789E+36    0.2840468700E-01    0.1424971168E+14    0.1374944082E-01
    0.5960000000E+00    0.2174297571E-22    0.1501354598E-23    0.3462901348E-07    0.7440798617E+36    0.3224946113E-01    0.1617851036E+14    0.1672697817E-01
    0.5960000000E+00    0.2329801823E-22    0.1608730435E-23    0.3543562682E-07    0.7775453511E+36    0.3611009580E-01    0.1811526576E+14    0.2006890460E-01
    0.5960000000E+00    0.2496427630E-22    0.1723785718E-23    0.3626102861E-07    0.8014921883E+36    0.3988432123E-01    0.2000867244E+14    0.2375183859E-01
    0.5960000000E+00    0.2674970400E-22    0.1847069675E-23    0.3710565646E-07    0.8064056631E+36    0.4299881435E-01    0.2157111279E+14    0.2743794040E-01
    0.5960000000E+00    0.2866282424E-22    0.1979170815E-23    0.3796995823E-07    0.8036916382E+36    0.4591899363E-01    0.2303607217E+14    0.3139694479E-01
    0.5960000000E+00    0.3071276952E-22    0.2120719737E-23    0.3885439218E-07    0.7898372389E+36    0.4835490310E-01    0.2425808908E+14    0.3542709527E-01
    0.5960000000E+00    0.3290932546E-22    0.2272392139E-23    0.3975942724E-07    0.7602477452E+36    0.4987214554E-01    0.2501924048E+14    0.3915192141E-01
    0.5960000000E+00    0.3526297755E-22    0.2434912046E-23    0.4068554327E-07    0.7209931315E+36    0.5067970042E-01    0.2542436461E+14    0.4263134816E-01
    0.5960000000E+00    0.3778496121E-22    0.2609055264E-23    0.4163323131E-07    0.6729869213E+36    0.5068851124E-01    0.2542878471E+14    0.4568825423E-01
    0.5960000000E+00    0.4048731538E-22    0.2795653084E-23    0.4260299385E-07    0.6182242675E+36    0.4989407324E-01    0.2503024089E+14    0.4818856438E-01
    0.5960000000E+00    0.4338294005E-22    0.2995596250E-23    0.4359534505E-07    0.5585779120E+36    0.4830439753E-01    0.2423275207E+14    0.4998983435E-01
    0.5960000000E+00    0.4648565778E-22    0.3209839213E-23    0.4461081109E-07    0.4961050594E+36    0.4597021846E-01    0.2306177001E+14    0.5097668564E-01
    0.5960000000E+00    0.4981027973E-22    0.3439404683E-23    0.4564993037E-07    0.4331458605E+36    0.4300679510E-01    0.2157511648E+14    0.5110131873E-01
    0.5960000000E+00    0.5337267633E-22    0.3685388516E-23    0.4671325384E-07    0.3722903917E+36    0.3960816654E-01    0.1987013458E+14    0.5042893161E-01
    0.5960000000E+00    0.5718985306E-22    0.3948964943E-23    0.4780134531E-07    0.3148309092E+36    0.3589056334E-01    0.1800513344E+14    0.4896382116E-01
    0.5960000000E+00    0.6128003161E-22    0.4231392172E-23    0.4891478167E-07    0.2616665817E+36    0.3196326773E-01    0.1603493640E+14    0.4672466544E-01
    0.5960000000E+00    0.6566273690E-22    0.4534018400E-23    0.5005415331E-07    0.2139730895E+36    0.2800670835E-01    0.1405005868E+14    0.4386893556E-01
    0.5960000000E+00    0.7035889022E-22    0.4858288246E-23    0.5122006431E-07    0.1721145825E+36    0.2413907251E-01    0.1210979102E+14    0.4051497798E-01
    0.5960000000E+00    0.7539090917E-22    0.5205749646E-23    0.5241313287E-07    0.1360986834E+36    0.2045299139E-01    0.1026060348E+14    0.3678339945E-01
    0.5960000000E+00    0.8078281461E-22    0.5578061244E-23    0.5363399157E-07    0.1058210649E+36    0.1704021379E-01    0.8548523471E+13    0.3283749859E-01
    0.5960000000E+00    0.8656034539E-22    0.5977000309E-23    0.5488328773E-07    0.8092026628E+35    0.1396240447E-01    0.7004486198E+13    0.2883070369E-01
    0.5960000000E+00    0.9275108115E-22    0.6404471218E-23    0.5616168372E-07    0.6089761974E+35    0.1125908841E-01    0.5648320070E+13    0.2491140701E-01
    0.5960000000E+00    0.9938457404E-22    0.6862514550E-23    0.5746985739E-07    0.4507778281E+35    0.8930287860E-02    0.4480036243E+13    0.2117193179E-01
    0.5960000000E+00    0.1064924897E-21    0.7353316823E-23    0.5880850233E-07    0.3280364414E+35    0.6963458689E-02    0.3493341737E+13    0.1768968223E-01
    0.5960000000E+00    0.1141087586E-21    0.7879220933E-23    0.6017832832E-07    0.2347482466E+35    0.5339557511E-02    0.2678683100E+13    0.1453450670E-01
    0.5960000000E+00    0.1222697377E-21    0.8442737340E-23    0.6158006166E-07    0.1652298802E+35    0.4027091519E-02    0.2020261412E+13    0.1174590617E-01
    0.5960000000E+00    0.1310143844E-21    0.9046556049E-23    0.6301444556E-07    0.1144528630E+35    0.2989025172E-02    0.1499497140E+13    0.9341671697E-02
    0.5960000000E+00    0.1403844422E-21    0.9693559452E-23    0.6448224056E-07    0.7794505818E+34    0.2181179951E-02    0.1094227351E+13    0.7304433254E-02
    0.5960000000E+00    0.1504246400E-21    0.1038683609E-22    0.6598422489E-07    0.5221417502E+34    0.1565637922E-02    0.7854298477E+12    0.5618059830E-02
    0.5960000000E+00    0.1611829057E-21    0.1112969539E-22    0.6752119493E-07    0.3441150379E+34    0.1105621724E-02    0.5546546170E+12    0.4251102643E-02
    0.5960000000E+00    0.1727105951E-21    0.1192568347E-22    0.6909396560E-07    0.2230401099E+34    0.7678667848E-03    0.3852139012E+12    0.3163595214E-02
    0.5960000000E+00    0.1850627369E-21    0.1277860007E-22    0.7070337081E-07    0.1421855789E+34    0.5245156636E-03    0.2631325238E+12    0.2315546410E-02
    0.5960000000E+00    0.1982982953E-21    0.1369251667E-22    0.7235026388E-07    0.8916213508E+33    0.3524385218E-03    0.1768069939E+12    0.1667164289E-02
    0.5960000000E+00    0.2124804516E-21    0.1467179595E-22    0.7403551802E-07    0.5501976228E+33    0.2330352509E-03    0.1169062393E+12    0.1181181535E-02
    0.5960000000E+00    0.2276769058E-21    0.1572111260E-22    0.7576002677E-07    0.3338545134E+33    0.1515165815E-03    0.7601096261E+11    0.8229154028E-03
    0.5960000000E+00    0.2439602000E-21    0.1684547565E-22    0.7752470448E-07    0.1992899665E+33    0.9691440768E-04    0.4861882009E+11    0.5640055449E-03
    0.5960000000E+00    0.2614080640E-21    0.1805025236E-22    0.7933048683E-07    0.1170430865E+33    0.6098860186E-04    0.3059600665E+11    0.3803152195E-03
    0.5960000000E+00    0.2801037871E-21    0.1934119387E-22    0.8117833125E-07    0.6761166408E+32    0.3775065893E-04    0.1893828316E+11    0.2522432564E-03
    0.5960000000E+00    0.3001366153E-21    0.2072446262E-22    0.8306921749E-07    0.3841949149E+32    0.2298553009E-04    0.1153109614E+11    0.1645695766E-03
    0.5960000000E+00    0.3216021775E-21    0.2220666179E-22    0.8500414813E-07    0.2147819936E+32    0.1376894867E-04    0.6907435685E+10    0.1056320744E-03
    0.5960000000E+00    0.3446029418E-21    0.2379486681E-22    0.8698414910E-07    0.1181311137E+32    0.8114601739E-05    0.4070832929E+10    0.6670559120E-04
    0.5960000000E+00    0.3692487048E-21    0.2549665916E-22    0.8901027021E-07    0.6391986251E+31    0.4704773754E-05    0.2360232644E+10    0.4144133826E-04
    0.5960000000E+00    0.3956571157E-21    0.2732016250E-22    0.9108358575E-07    0.3403308812E+31    0.2684134473E-05    0.1346543348E+10    0.2533373934E-04
    0.5960000000E+00    0.4239542377E-21    0.2927408154E-22    0.9320519501E-07    0.1782192649E+31    0.1506113008E-05    0.7555681260E+09    0.1523184766E-04
    0.5960000000E+00    0.4542751502E-21    0.3136774352E-22    0.9537622289E-07    0.9182458608E+30    0.8314993055E-06    0.4171362763E+09    0.9010666557E-05
    0.5960000000E+00    0.4867645933E-21    0.3361114274E-22    0.9759782052E-07    0.4655118248E+30    0.4516828788E-06    0.2265946741E+09    0.5244796677E-05
    0.5960000000E+00    0.5215776589E-21    0.3601498832E-22    0.9987116580E-07    0.2321221454E+30    0.2413345425E-06    0.1210697252E+09    0.3002717778E-05
    0.5960000000E+00    0.5588805307E-21    0.3859075526E-22    0.1021974641E-06    0.1139037680E+30    0.1268939751E-06    0.6365859830E+08    0.1691749397E-05
    0.5960000000E+00    0.5988512779E-21    0.4135073927E-22    0.1045779488E-06    0.5499815899E+29    0.6565246906E-07    0.3293571780E+08    0.9378774449E-06
    0.5960000000E+00    0.6416807053E-21    0.4430811541E-22    0.1070138822E-06    0.2612364749E+29    0.3341463536E-07    0.1676304054E+08    0.5114836482E-06
    0.5960000000E+00    0.6875732635E-21    0.4747700104E-22    0.1095065557E-06    0.1220817192E+29    0.1673221930E-07    0.8394012606E+07    0.2744407363E-06
    0.5960000000E+00    0.7367480256E-21    0.5087252317E-22    0.1120572911E-06    0.5613659627E+28    0.8244208905E-08    0.4135852647E+07    0.1448918695E-06
    0.5960000000E+00    0.7894397325E-21    0.5451089068E-22    0.1146674407E-06    0.2539877641E+28    0.3996830275E-08    0.2005080325E+07    0.7526806206E-07
    0.5960000000E+00    0.8458999137E-21    0.5840947171E-22    0.1173383885E-06    0.1130685551E+28    0.1906534875E-08    0.9564468103E+06    0.3847155866E-07
    0.5960000000E+00    0.9063980879E-21    0.6258687655E-22    0.1200715507E-06    0.4953137131E+27    0.8949180413E-09    0.4489514024E+06    0.1934988068E-07
    0.5960000000E+00    0.9712230494E-21    0.6706304648E-22    0.1228683764E-06    0.2134531636E+27    0.4132430016E-09    0.2073106324E+06    0.9574156787E-08
    0.5960000000E+00    0.1040684247E-20    0.7185934897E-22    0.1257303485E-06    0.9051046868E+26    0.1877594158E-09    0.9419281895E+05    0.4661189432E-08
    0.5960000000E+00    0.1115113261E-20    0.7699867968E-22    0.1286589846E-06    0.3777276880E+26    0.8396179833E-10    0.4212091541E+05    0.2233452702E-08
    0.5960000000E+00    0.1194865387E-20    0.8250557175E-22    0.1316558373E-06    0.1550838562E+26    0.3693767050E-10    0.1853043319E+05    0.1052845222E-08
    0.5960000000E+00    0.1280321329E-20    0.8840631292E-22    0.1347224957E-06    0.6265481314E+25    0.1599032720E-10    0.8021829365E+04    0.4883738241E-09
    0.5960000000E+00    0.1371889021E-20    0.9472907100E-22    0.1378605858E-06    0.2490826122E+25    0.6811555871E-11    0.3417137012E+04    0.2229160563E-09
    0.5960000000E+00    0.1470005571E-20    0.1015040283E-21    0.1410717713E-06    0.9742319573E+24    0.2854731604E-11    0.1432126405E+04    0.1001060467E-09
    0.5960000000E+00    0.1575139348E-20    0.1087635259E-21    0.1443577550E-06    0.3750180773E+24    0.1177484271E-11    0.5907057298E+03    0.4424356791E-10
    0.5960000000E+00    0.1687792220E-20    0.1165422177E-21    0.1477202791E-06    0.1420532595E+24    0.4779187999E-12    0.2397563861E+03    0.1924195269E-10
    0.5960000000E+00    0.1808501947E-20    0.1248772362E-21    0.1511611264E-06    0.5293919763E+23    0.1908447714E-12    0.9574064198E+02    0.8233325665E-11
    0.5960000000E+00    0.1937844750E-20    0.1338083694E-21    0.1546821213E-06    0.1941671064E+23    0.7500298883E-13    0.3762657078E+02    0.3467157720E-11
    0.5960000000E+00    0.2076438060E-20    0.1433782510E-21    0.1582851308E-06    0.7007922499E+22    0.2900629115E-13    0.1455151700E+02    0.1436769929E-11
    0.5960000000E+00    0.2224943467E-20    0.1536325639E-21    0.1619720651E-06    0.2488665498E+22    0.1103746752E-13    0.5537140042E+01    0.5858203667E-12
    0.5960000000E+00    0.2384069878E-20    0.1646202581E-21    0.1657448792E-06    0.8696805253E+21    0.4132973842E-14    0.2073379144E+01    0.2350486085E-12
    0.5960000000E+00    0.2554576900E-20    0.1763937846E-21    0.1696055734E-06    0.2990799096E+21    0.1522965805E-14    0.7640226283E+00    0.9280795007E-13
    0.5960000000E+00    0.2737278465E-20    0.1890093455E-21    0.1735561947E-06    0.1012128982E+21    0.5522538756E-15    0.2770478865E+00    0.3606067072E-13
    0.5960000000E+00    0.2933046719E-20    0.2025271626E-21    0.1775988378E-06    0.3370572830E+20    0.1970636975E-15    0.9886047580E-01    0.1378801207E-13
    0.5960000000E+00    0.3142816182E-20    0.2170117645E-21    0.1817356462E-06    0.1104576391E+20    0.6919881667E-16    0.3471480556E-01    0.5187925081E-14
    0.5960000000E+00    0.3367588212E-20    0.2325322952E-21    0.1859688132E-06    0.3562221854E+19    0.2391243900E-16    0.1199609632E-01    0.1920962572E-14
    0.5960000000E+00    0.3608435782E-20    0.2491628434E-21    0.1903005833E-06    0.1128910741E+19    0.8120121298E-17    0.4073601913E-02    0.6989684043E-15
    0.5960000000E+00    0.3866508602E-20    0.2669827968E-21    0.1947332533E-06    0.3891085106E+18    0.2998980496E-17    0.1504491403E-02    0.2766105048E-15
