    0.5940000000E+00    0.4143038610E-23    0.2860772210E-24    0.1992691735E-07    0.0000000000E+00    0.0000000000E+00    0.0000000000E+00    0.0000000000E+00
    0.5940000000E+00    0.4439345853E-23    0.3065372650E-24    0.2039107488E-07    0.0000000000E+00    0.0000000000E+00    0.0000000000E+00    0.0000000000E+00
    0.5940000000E+00    0.4756844785E-23    0.3284605973E-24    0.2086604403E-07    0.0000000000E+00    0.0000000000E+00    0.0000000000E+00    0.0000000000E+00
    0.5940000000E+00    0.5097051019E-23    0.3519518710E-24    0.2135207663E-07    0.0000000000E+00    0.0000000000E+00    0.0000000000E+00    0.0000000000E+00
    0.5940000000E+00    0.5461588566E-23    0.3771232243E-24    0.2184943039E-07    0.0000000000E+00    0.0000000000E+00    0.0000000000E+00    0.0000000000E+00
    0.5940000000E+00    0.5852197586E-23    0.4040948153E-24    0.2235836900E-07    0.0000000000E+00    0.0000000000E+00    0.0000000000E+00    0.0000000000E+00
    0.5940000000E+00    0.6270742692E-23    0.4329953957E-24    0.2287916232E-07    0.0000000000E+00    0.0000000000E+00    0.0000000000E+00    0.0000000000E+00
    0.5940000000E+00    0.6719221852E-23    0.4639629256E-24    0.2341208647E-07    0.0000000000E+00    0.0000000000E+00    0.0000000000E+00    0.0000000000E+00
    0.5940000000E+00    0.7199775931E-23    0.4971452317E-24    0.2395742402E-07    0.0000000000E+00    0.0000000000E+00    0.0000000000E+00    0.0000000000E+00
    0.5940000000E+00    0.7714698903E-23    0.5327007132E-24    0.2451546411E-07    0.0000000000E+00    0.0000000000E+00    0.0000000000E+00    0.0000000000E+00
    0.5940000000E+00    0.8266448809E-23    0.5707990981E-24    0.2508650263E-07    0.0000000000E+00    0.0000000000E+00    0.0000000000E+00    0.0000000000E+00
    0.5940000000E+00    0.8857659485E-23    0.6116222531E-24    0.2567084234E-07    0.0000000000E+00    0.0000000000E+00    0.0000000000E+00    0.0000000000E+00
    0.5940000000E+00    0.9491153137E-23    0.6553650517E-24    0.2626879307E-07    0.0000000000E+00    0.0000000000E+00    0.0000000000E+00    0.0000000000E+00
    0.5940000000E+00    0.1016995382E-22    0.7022363048E-24    0.2688067187E-07    0.0000000000E+00    0.0000000000E+00    0.0000000000E+00    0.0000000000E+00
    0.5940000000E+00    0.1089730185E-22    0.7524597575E-24    0.2750680315E-07    0.0000000000E+00    0.0000000000E+00    0.0000000000E+00    0.0000000000E+00
    0.5940000000E+00    0.1167666930E-22    0.8062751566E-24    0.2814751890E-07    0.0000000000E+00    0.0000000000E+00    0.0000000000E+00    0.0000000000E+00
    0.5940000000E+00    0.1251177658E-22    0.8639393956E-24    0.2880315884E-07    0.0000000000E+00    0.0000000000E+00    0.0000000000E+00    0.0000000000E+00
    0.5940000000E+00    0.1340661015E-22    0.9257277409E-24    0.2947407060E-07    0.0000000000E+00    0.0000000000E+00    0.0000000000E+00    0.0000000000E+00
    0.5940000000E+00    0.1436544159E-22    0.9919351458E-24    0.3016060990E-07    0.0000000000E+00    0.0000000000E+00    0.0000000000E+00    0.0000000000E+00
    0.5940000000E+00    0.1539284799E-22    0.1062877658E-23    0.3086314075E-07    0.0000000000E+00    0.0000000000E+00    0.0000000000E+00    0.0000000000E+00
    0.5940000000E+00    0.1649373379E-22    0.1138893930E-23    0.3158203565E-07    0.6520378771E+36    0.2340742969E-01    0.1075453916E+14    0.9113981407E-02
    0.5940000000E+00    0.1767335417E-22    0.1220346833E-23    0.3231767576E-07    0.6810440637E+36    0.2619727473E-01    0.1203633294E+14    0.1092975747E-01
    0.5940000000E+00    0.1893734018E-22    0.1307625190E-23    0.3307045113E-07    0.7336428312E+36    0.3023887160E-01    0.1389324386E+14    0.1351823499E-01
    0.5940000000E+00    0.2029172559E-22    0.1401145635E-23    0.3384076090E-07    0.7746371363E+36    0.3421205930E-01    0.1571872420E+14    0.1638828949E-01
    0.5940000000E+00    0.2174297571E-22    0.1501354598E-23    0.3462901348E-07    0.8088143513E+36    0.3827628251E-01    0.1758603079E+14    0.1964645339E-01
    0.5940000000E+00    0.2329801823E-22    0.1608730435E-23    0.3543562682E-07    0.8322972606E+36    0.4220455913E-01    0.1939087675E+14    0.2321206504E-01
    0.5940000000E+00    0.2496427630E-22    0.1723785718E-23    0.3626102861E-07    0.8413144494E+36    0.4571295022E-01    0.2100280637E+14    0.2693975622E-01
    0.5940000000E+00    0.2674970400E-22    0.1847069675E-23    0.3710565646E-07    0.8373886594E+36    0.4875374459E-01    0.2239989877E+14    0.3078664675E-01
    0.5940000000E+00    0.2866282424E-22    0.1979170815E-23    0.3796995823E-07    0.8232762900E+36    0.5136017690E-01    0.2359742361E+14    0.3475208947E-01
    0.5940000000E+00    0.3071276952E-22    0.2120719737E-23    0.3885439218E-07    0.7952431087E+36    0.5315949139E-01    0.2442411831E+14    0.3854208705E-01
    0.5940000000E+00    0.3290932546E-22    0.2272392139E-23    0.3975942724E-07    0.7559167424E+36    0.5414456478E-01    0.2487671009E+14    0.4206387498E-01
    0.5940000000E+00    0.3526297755E-22    0.2434912046E-23    0.4068554327E-07    0.7089093912E+36    0.5440911131E-01    0.2499825595E+14    0.4529247395E-01
    0.5940000000E+00    0.3778496121E-22    0.2609055264E-23    0.4163323131E-07    0.6534563841E+36    0.5373998094E-01    0.2469082412E+14    0.4793491027E-01
    0.5940000000E+00    0.4048731538E-22    0.2795653084E-23    0.4260299385E-07    0.5936112658E+36    0.5230979733E-01    0.2403372653E+14    0.4999625197E-01
    0.5940000000E+00    0.4338294005E-22    0.2995596250E-23    0.4359534505E-07    0.5301174480E+36    0.5005563802E-01    0.2299805346E+14    0.5126340060E-01
    0.5940000000E+00    0.4648565778E-22    0.3209839213E-23    0.4461081109E-07    0.4656969563E+36    0.4711772383E-01    0.2164822934E+14    0.5170573464E-01
    0.5940000000E+00    0.4981027973E-22    0.3439404683E-23    0.4564993037E-07    0.4026004174E+36    0.4364707286E-01    0.2005363941E+14    0.5132270455E-01
    0.5940000000E+00    0.5337267633E-22    0.3685388516E-23    0.4671325384E-07    0.3430178946E+36    0.3984718808E-01    0.1830778306E+14    0.5020559177E-01
    0.5940000000E+00    0.5718985306E-22    0.3948964943E-23    0.4780134531E-07    0.2873219873E+36    0.3576430289E-01    0.1643190223E+14    0.4828410382E-01
    0.5940000000E+00    0.6128003161E-22    0.4231392172E-23    0.4891478167E-07    0.2366876155E+36    0.3156868105E-01    0.1450422456E+14    0.4566787966E-01
    0.5940000000E+00    0.6566273690E-22    0.4534018400E-23    0.5005415331E-07    0.1920860444E+36    0.2745217230E-01    0.1261289539E+14    0.4255309243E-01
    0.5940000000E+00    0.7035889022E-22    0.4858288246E-23    0.5122006431E-07    0.1532691158E+36    0.2347121409E-01    0.1078384489E+14    0.3898432021E-01
    0.5940000000E+00    0.7539090917E-22    0.5205749646E-23    0.5241313287E-07    0.1202843219E+36    0.1973739929E-01    0.9068344389E+13    0.3512726506E-01
    0.5940000000E+00    0.8078281461E-22    0.5578061244E-23    0.5363399157E-07    0.9289119778E+35    0.1633260525E-01    0.7504012409E+13    0.3114654484E-01
    0.5940000000E+00    0.8656034539E-22    0.5977000309E-23    0.5488328773E-07    0.7058640177E+35    0.1329847823E-01    0.6109983317E+13    0.2717417434E-01
    0.5940000000E+00    0.9275108115E-22    0.6404471218E-23    0.5616168372E-07    0.5282152650E+35    0.1066330547E-01    0.4899253691E+13    0.2334781596E-01
    0.5940000000E+00    0.9938457404E-22    0.6862514550E-23    0.5746985739E-07    0.3886541342E+35    0.8407060921E-02    0.3862622557E+13    0.1972416402E-01
    0.5940000000E+00    0.1064924897E-21    0.7353316823E-23    0.5880850233E-07    0.2812735820E+35    0.6519433304E-02    0.2995352404E+13    0.1638944539E-01
    0.5940000000E+00    0.1141087586E-21    0.7879220933E-23    0.6017832832E-07    0.2003055541E+35    0.4974780170E-02    0.2285661812E+13    0.1340072532E-01
    0.5940000000E+00    0.1222697377E-21    0.8442737340E-23    0.6158006166E-07    0.1403566378E+35    0.3735199984E-02    0.1716136929E+13    0.1078122898E-01
    0.5940000000E+00    0.1310143844E-21    0.9046556049E-23    0.6301444556E-07    0.9683480315E+34    0.2761292268E-02    0.1268675213E+13    0.8540175344E-02
    0.5940000000E+00    0.1403844422E-21    0.9693559452E-23    0.6448224056E-07    0.6565612921E+34    0.2006116629E-02    0.9217099074E+12    0.6648299696E-02
    0.5940000000E+00    0.1504246400E-21    0.1038683609E-22    0.6598422489E-07    0.4383895477E+34    0.1435294742E-02    0.6594458988E+12    0.5096775501E-02
    0.5940000000E+00    0.1611829057E-21    0.1112969539E-22    0.6752119493E-07    0.2879491770E+34    0.1010175298E-02    0.4641248505E+12    0.3843714793E-02
    0.5940000000E+00    0.1727105951E-21    0.1192568347E-22    0.6909396560E-07    0.1860486926E+34    0.6993708475E-03    0.3213258042E+12    0.2851424889E-02
    0.5940000000E+00    0.1850627369E-21    0.1277860007E-22    0.7070337081E-07    0.1182847236E+34    0.4764414769E-03    0.2189009469E+12    0.2081440367E-02
    0.5940000000E+00    0.1982982953E-21    0.1369251667E-22    0.7235026388E-07    0.7399741254E+33    0.3193724404E-03    0.1467356076E+12    0.1495036679E-02
    0.5940000000E+00    0.2124804516E-21    0.1467179595E-22    0.7403551802E-07    0.4556890330E+33    0.2107412149E-03    0.9682501150E+11    0.1057070347E-02
    0.5940000000E+00    0.2276769058E-21    0.1572111260E-22    0.7576002677E-07    0.2758804109E+33    0.1367104670E-03    0.6281159834E+11    0.7347780560E-03
    0.5940000000E+00    0.2439602000E-21    0.1684547565E-22    0.7752470448E-07    0.1644500223E+33    0.8732022367E-04    0.4011926032E+11    0.5028856583E-03
    0.5940000000E+00    0.2614080640E-21    0.1805025236E-22    0.7933048683E-07    0.9643688596E+32    0.5486862550E-04    0.2520937965E+11    0.3385934025E-03
    0.5940000000E+00    0.2801037871E-21    0.1934119387E-22    0.8117833125E-07    0.5563563003E+32    0.3391828720E-04    0.1558375067E+11    0.2242788518E-03
    0.5940000000E+00    0.3001366153E-21    0.2072446262E-22    0.8306921749E-07    0.3158436775E+32    0.2063255875E-04    0.9479625234E+10    0.1461865784E-03
    0.5940000000E+00    0.3216021775E-21    0.2220666179E-22    0.8500414813E-07    0.1764411722E+32    0.1235039470E-04    0.5674386519E+10    0.9376381038E-04
    0.5940000000E+00    0.3446029418E-21    0.2379486681E-22    0.8698414910E-07    0.9698975978E+31    0.7274560941E-05    0.3342295655E+10    0.5917812450E-04
    0.5940000000E+00    0.3692487048E-21    0.2549665916E-22    0.8901027021E-07    0.5246219176E+31    0.4216259506E-05    0.1937159636E+10    0.3675206484E-04
    0.5940000000E+00    0.3956571157E-21    0.2732016250E-22    0.9108358575E-07    0.2793011320E+31    0.2405213311E-05    0.1105074803E+10    0.2246508206E-04
    0.5940000000E+00    0.4239542377E-21    0.2927408154E-22    0.9320519501E-07    0.1462325216E+31    0.1349350802E-05    0.6199589721E+09    0.1350452404E-04
    0.5940000000E+00    0.4542751502E-21    0.3136774352E-22    0.9537622289E-07    0.7537373404E+30    0.7452481964E-06    0.3424041435E+09    0.7991997593E-05
    0.5940000000E+00    0.4867645933E-21    0.3361114274E-22    0.9759782052E-07    0.3822342230E+30    0.4049584555E-06    0.1860580861E+09    0.4653341033E-05
    0.5940000000E+00    0.5215776589E-21    0.3601498832E-22    0.9987116580E-07    0.1906811892E+30    0.2164655328E-06    0.9945504827E+08    0.2665281994E-05
    0.5940000000E+00    0.5588805307E-21    0.3859075526E-22    0.1021974641E-06    0.9365563175E+29    0.1139238886E-06    0.5234230917E+08    0.1503035407E-05
    0.5940000000E+00    0.5988512779E-21    0.4135073927E-22    0.1045779488E-06    0.4525648116E+29    0.5898773030E-07    0.2710190158E+08    0.8339040761E-06
    0.5940000000E+00    0.6416807053E-21    0.4430811541E-22    0.1070138822E-06    0.2151709949E+29    0.3005139457E-07    0.1380710758E+08    0.4552175966E-06
    0.5940000000E+00    0.6875732635E-21    0.4747700104E-22    0.1095065557E-06    0.1006758835E+29    0.1506629103E-07    0.6922204577E+07    0.2445461124E-06
    0.5940000000E+00    0.7367480256E-21    0.5087252317E-22    0.1120572911E-06    0.4635500390E+28    0.7433229208E-08    0.3415195760E+07    0.1292801762E-06
    0.5940000000E+00    0.7894397325E-21    0.5451089068E-22    0.1146674407E-06    0.2100335175E+28    0.3608855628E-08    0.1658088039E+07    0.6725489814E-07
    0.5940000000E+00    0.8458999137E-21    0.5840947171E-22    0.1173383885E-06    0.9364877720E+27    0.1724181631E-08    0.7921749255E+06    0.3443003186E-07
    0.5940000000E+00    0.9063980879E-21    0.6258687655E-22    0.1200715507E-06    0.4109530025E+27    0.8107240577E-09    0.3724870156E+06    0.1734712354E-07
    0.5940000000E+00    0.9712230494E-21    0.6706304648E-22    0.1228683764E-06    0.1774008365E+27    0.3750045751E-09    0.1722957814E+06    0.8597872032E-08
    0.5940000000E+00    0.1040684247E-20    0.7185934897E-22    0.1257303485E-06    0.7537658871E+26    0.1707329647E-09    0.7844322847E+05    0.4194418811E-08
    0.5940000000E+00    0.1115113261E-20    0.7699867968E-22    0.1286589846E-06    0.3152310639E+26    0.7650853929E-10    0.3515183397E+05    0.2014022515E-08
    0.5940000000E+00    0.1194865387E-20    0.8250557175E-22    0.1316558373E-06    0.1296869180E+26    0.3372695028E-10    0.1549584095E+05    0.9513306369E-09
    0.5940000000E+00    0.1280321329E-20    0.8840631292E-22    0.1347224957E-06    0.5251838765E+25    0.1463498519E-10    0.6724041190E+04    0.4423303082E-09
    0.5940000000E+00    0.1371889021E-20    0.9472907100E-22    0.1378605858E-06    0.2092703466E+25    0.6248684487E-11    0.2870956911E+04    0.2023685441E-09
    0.5940000000E+00    0.1470005571E-20    0.1015040283E-21    0.1410717713E-06    0.8205029878E+24    0.2625191985E-11    0.1206143963E+04    0.9109939240E-10
    0.5940000000E+00    0.1575139348E-20    0.1087635259E-21    0.1443577550E-06    0.3166827369E+24    0.1085688637E-11    0.4988194398E+03    0.4037008866E-10
    0.5940000000E+00    0.1687792220E-20    0.1165422177E-21    0.1477202791E-06    0.1202643406E+24    0.4417919286E-12    0.2029812184E+03    0.1760241225E-10
    0.5940000000E+00    0.1808501947E-20    0.1248772362E-21    0.1511611264E-06    0.4494011124E+23    0.1768947916E-12    0.8127427868E+02    0.7552129991E-11
    0.5940000000E+00    0.1937844750E-20    0.1338083694E-21    0.1546821213E-06    0.1653080528E+23    0.6972281499E-13    0.3203413422E+02    0.3189549332E-11
    0.5940000000E+00    0.2076438060E-20    0.1433782510E-21    0.1582851308E-06    0.5983154047E+22    0.2704027396E-13    0.1242364878E+02    0.1325456558E-11
    0.5940000000E+00    0.2224943467E-20    0.1536325639E-21    0.1619720651E-06    0.2131021915E+22    0.1031974150E-13    0.4741403288E+01    0.5420298815E-12
    0.5940000000E+00    0.2384069878E-20    0.1646202581E-21    0.1657448792E-06    0.7469819771E+21    0.3876064776E-14    0.1780857231E+01    0.2181450873E-12
    0.5940000000E+00    0.2554576900E-20    0.1763937846E-21    0.1696055734E-06    0.2576816093E+21    0.1432729908E-14    0.6582674866E+00    0.8640099377E-13
    0.5940000000E+00    0.2737278465E-20    0.1890093455E-21    0.1735561947E-06    0.8747885364E+20    0.5211754932E-15    0.2394539822E+00    0.3367738771E-13
    0.5940000000E+00    0.2933046719E-20    0.2025271626E-21    0.1775988378E-06    0.2922615147E+20    0.1865746062E-15    0.8572166769E-01    0.1291834695E-13
    0.5940000000E+00    0.3142816182E-20    0.2170117645E-21    0.1817356462E-06    0.9609273821E+19    0.6573118651E-16    0.3020018126E-01    0.4876698232E-14
    0.5940000000E+00    0.3367588212E-20    0.2325322952E-21    0.1859688132E-06    0.3109290948E+19    0.2278989190E-16    0.1047081154E-01    0.1811743350E-14
    0.5940000000E+00    0.3608435782E-20    0.2491628434E-21    0.1903005833E-06    0.9897988816E+18    0.7773701523E-17    0.3571625701E-02    0.6621894728E-15
    0.5940000000E+00    0.3866508602E-20    0.2669827968E-21    0.1947332533E-06    0.3262405371E+18    0.2745483425E-17    0.1261411843E-02    0.2505954821E-15
