    0.6780000000E+00    0.4143038610E-23    0.2860772210E-24    0.1992691735E-07    0.7360396353E-05    0.6060830317E-43    0.3049440628E-28    0.4246717933E-45
    0.6780000000E+00    0.4439345853E-23    0.3065372650E-24    0.2039107488E-07   -0.5340211300E-05   -0.4711827313E-43   -0.2370704489E-28   -0.3537615728E-45
    0.6780000000E+00    0.4756844785E-23    0.3284605973E-24    0.2086604403E-07   -0.2280610653E-04   -0.2156165399E-42   -0.1084851089E-27   -0.1734616061E-44
    0.6780000000E+00    0.5097051019E-23    0.3519518710E-24    0.2135207663E-07   -0.2131552375E-04   -0.2159369347E-42   -0.1086463120E-27   -0.1861436489E-44
    0.6780000000E+00    0.5461588566E-23    0.3771232243E-24    0.2184943039E-07    0.2722178823E-04    0.2954932570E-42    0.1486742073E-27    0.2729410549E-44
    0.6780000000E+00    0.5852197586E-23    0.4040948153E-24    0.2235836900E-07    0.1201649301E-03    0.1397682933E-41    0.7032289138E-27    0.1383343242E-43
    0.6780000000E+00    0.6270742692E-23    0.4329953957E-24    0.2287916232E-07    0.8760082960E-04    0.1091790077E-41    0.5493222620E-27    0.1157871685E-43
    0.6780000000E+00    0.6719221852E-23    0.4639629256E-24    0.2341208647E-07   -0.3050847210E-03   -0.4074284785E-41   -0.2049931924E-26   -0.4629911322E-43
    0.6780000000E+00    0.7199775931E-23    0.4971452317E-24    0.2395742402E-07   -0.4764264629E-03   -0.6817525956E-41   -0.3430163780E-26   -0.8301337881E-43
    0.6780000000E+00    0.7714698903E-23    0.5327007132E-24    0.2451546411E-07    0.3684121957E-03    0.5648913470E-41    0.2842189162E-26    0.7370317775E-43
    0.6780000000E+00    0.8266448809E-23    0.5707990981E-24    0.2508650263E-07    0.1598731229E-02    0.2626675252E-40    0.1321582986E-25    0.3672211388E-42
    0.6780000000E+00    0.8857659485E-23    0.6116222531E-24    0.2567084234E-07   -0.1861879143E-03   -0.3277799697E-41   -0.1649189145E-26   -0.4910251099E-43
    0.6780000000E+00    0.9491153137E-23    0.6553650517E-24    0.2626879307E-07   -0.4094876354E-02   -0.7724523816E-40   -0.3886509855E-25   -0.1239918122E-41
    0.6780000000E+00    0.1016995382E-22    0.7022363048E-24    0.2688067187E-07    0.2585124174E-03    0.5225313273E-41    0.2629059346E-26    0.8987390738E-43
    0.6780000000E+00    0.1089730185E-22    0.7524597575E-24    0.2750680315E-07    0.8499031711E-02    0.1840773585E-39    0.9261651395E-25    0.3392514123E-41
    0.6780000000E+00    0.1167666930E-22    0.8062751566E-24    0.2814751890E-07   -0.3001507897E-02   -0.6965790590E-40   -0.3504761513E-25   -0.1375598536E-41
    0.6780000000E+00    0.1251177658E-22    0.8639393956E-24    0.2880315884E-07   -0.1339362038E-01   -0.3330649323E-39   -0.1675779857E-24   -0.7047745290E-41
    0.6780000000E+00    0.1340661015E-22    0.9257277409E-24    0.2947407060E-07    0.1135057075E-01    0.3024465425E-39    0.1521726770E-24    0.6857564717E-41
    0.6780000000E+00    0.1436544159E-22    0.9919351458E-24    0.3016060990E-07    0.1011172479E-01    0.2887062362E-39    0.1452593919E-24    0.7014188869E-41
    0.6780000000E+00    0.1539284799E-22    0.1062877658E-23    0.3086314075E-07   -0.1707886219E-01   -0.5225042870E-39   -0.2628923295E-24   -0.1360226241E-40
    0.6780000000E+00    0.1649373379E-22    0.1138893930E-23    0.3158203565E-07    0.3016867640E-01    0.9889792520E-39    0.4975941173E-24    0.2758725386E-40
    0.6780000000E+00    0.1767335417E-22    0.1220346833E-23    0.3231767576E-07    0.3724773234E-02    0.1308370555E-39    0.6582923656E-25    0.3910677949E-41
    0.6780000000E+00    0.1893734018E-22    0.1307625190E-23    0.3307045113E-07   -0.3004268431E+00   -0.1130757972E-37   -0.5689285327E-23   -0.3621520509E-39
    0.6780000000E+00    0.2029172559E-22    0.1401145635E-23    0.3384076090E-07    0.1565070881E+00    0.6311970133E-38    0.3175798885E-23    0.2166138523E-39
    0.6780000000E+00    0.2174297571E-22    0.1501354598E-23    0.3462901348E-07    0.4997625306E+01    0.2159705906E-36    0.1086632456E-21    0.7941744423E-38
    0.6780000000E+00    0.2329801823E-22    0.1608730435E-23    0.3543562682E-07    0.4165466227E+01    0.1928832618E-36    0.9704710808E-22    0.7600039201E-38
    0.6780000000E+00    0.2496427630E-22    0.1723785718E-23    0.3626102861E-07   -0.3981356099E+02   -0.1975431375E-35   -0.9939167371E-21   -0.8340330065E-37
    0.6780000000E+00    0.2674970400E-22    0.1847069675E-23    0.3710565646E-07   -0.1012767604E+03   -0.5384442266E-35   -0.2709123362E-20   -0.2435914359E-36
    0.6780000000E+00    0.2866282424E-22    0.1979170815E-23    0.3796995823E-07   -0.6640434283E+02   -0.3782922176E-35   -0.1903336007E-20   -0.1833786190E-36
    0.6780000000E+00    0.3071276952E-22    0.2120719737E-23    0.3885439218E-07   -0.1372425355E+03   -0.8377600702E-35   -0.4215098363E-20   -0.4351519637E-36
    0.6780000000E+00    0.3290932546E-22    0.2272392139E-23    0.3975942724E-07   -0.5207274510E+04   -0.3405974536E-33   -0.1713678916E-18   -0.1895669783E-34
    0.6780000000E+00    0.3526297755E-22    0.2434912046E-23    0.4068554327E-07   -0.3309962050E+06   -0.2319818131E-31   -0.1167191175E-16   -0.1383487467E-32
    0.6780000000E+00    0.3778496121E-22    0.2609055264E-23    0.4163323131E-07   -0.4024863240E+07   -0.3022609563E-30   -0.1520793014E-15   -0.1931538383E-31
    0.6780000000E+00    0.4048731538E-22    0.2795653084E-23    0.4260299385E-07    0.2911173515E+07    0.2342604728E-30    0.1178656002E-15    0.1604058882E-31
    0.6780000000E+00    0.4338294005E-22    0.2995596250E-23    0.4359534505E-07    0.5217392927E+09    0.4498673442E-28    0.2263458445E-13    0.3300697770E-29
    0.6780000000E+00    0.4648565778E-22    0.3209839213E-23    0.4461081109E-07    0.4236919009E+10    0.3914543164E-27    0.1969559671E-12    0.3077530580E-28
    0.6780000000E+00    0.4981027973E-22    0.3439404683E-23    0.4564993037E-07   -0.3769571417E+10   -0.3731839005E-27   -0.1877634067E-12   -0.3143722406E-28
    0.6780000000E+00    0.5337267633E-22    0.3685388516E-23    0.4671325384E-07   -0.4066229136E+12   -0.4313430171E-25   -0.2170255315E-10   -0.3893534816E-26
    0.6780000000E+00    0.5718985306E-22    0.3948964943E-23    0.4780134531E-07   -0.1385176990E+14   -0.1574476534E-23   -0.7921806849E-09   -0.1522851247E-24
    0.6780000000E+00    0.6128003161E-22    0.4231392172E-23    0.4891478167E-07   -0.4115821941E+15   -0.5012882233E-22   -0.2522176987E-07   -0.5195278013E-23
    0.6780000000E+00    0.6566273690E-22    0.4534018400E-23    0.5005415331E-07   -0.4824677820E+16   -0.6296500489E-21   -0.3168015503E-06   -0.6992307714E-22
    0.6780000000E+00    0.7035889022E-22    0.4858288246E-23    0.5122006431E-07   -0.3803427056E+16   -0.5318706377E-21   -0.2676049067E-06   -0.6328886485E-22
    0.6780000000E+00    0.7539090917E-22    0.5205749646E-23    0.5241313287E-07    0.8523597418E+17    0.1277185129E-19    0.6426017587E-05    0.1628452682E-20
    0.6780000000E+00    0.8078281461E-22    0.5578061244E-23    0.5363399157E-07    0.1958765142E+19    0.3144946708E-18    0.1582345613E-03    0.4296695544E-19
    0.6780000000E+00    0.8656034539E-22    0.5977000309E-23    0.5488328773E-07    0.3525003701E+20    0.6064437174E-17    0.3051255379E-02    0.8877931546E-18
    0.6780000000E+00    0.9275108115E-22    0.6404471218E-23    0.5616168372E-07    0.3113829687E+21    0.5740183536E-16    0.2888110699E-01    0.9004240151E-17
    0.6780000000E+00    0.9938457404E-22    0.6862514550E-23    0.5746985739E-07    0.3161415660E+21    0.6244713584E-16    0.3141959487E-01    0.1049624151E-16
    0.6780000000E+00    0.1064924897E-21    0.7353316823E-23    0.5880850233E-07   -0.1814498972E+22   -0.3840498946E-15   -0.1932305131E+00   -0.6916859293E-16
    0.6780000000E+00    0.1141087586E-21    0.7879220933E-23    0.6017832832E-07   -0.3180006925E+23   -0.7212054330E-14   -0.3628666426E+01   -0.1391811051E-14
    0.6780000000E+00    0.1222697377E-21    0.8442737340E-23    0.6158006166E-07   -0.3675864079E+24   -0.8932856722E-13   -0.4494469369E+02   -0.1847190384E-13
    0.6780000000E+00    0.1310143844E-21    0.9046556049E-23    0.6301444556E-07   -0.3732771966E+25   -0.9719913135E-12   -0.4890468214E+03   -0.2153692395E-12
    0.6780000000E+00    0.1403844422E-21    0.9693559452E-23    0.6448224056E-07   -0.3450794585E+26   -0.9628309272E-11   -0.4844378730E+04   -0.2285974190E-11
    0.6780000000E+00    0.1504246400E-21    0.1038683609E-22    0.6598422489E-07   -0.1483764098E+27   -0.4436043358E-10   -0.2231946802E+05   -0.1128540302E-10
    0.6780000000E+00    0.1611829057E-21    0.1112969539E-22    0.6752119493E-07   -0.1523475418E+27   -0.4880523125E-10   -0.2455581946E+05   -0.1330416633E-10
    0.6780000000E+00    0.1727105951E-21    0.1192568347E-22    0.6909396560E-07    0.1510307106E+27    0.5184372396E-10    0.2608460390E+05    0.1514319380E-10
    0.6780000000E+00    0.1850627369E-21    0.1277860007E-22    0.7070337081E-07    0.2782569292E+28    0.1023474230E-08    0.5149498888E+06    0.3203304344E-09
    0.6780000000E+00    0.1982982953E-21    0.1369251667E-22    0.7235026388E-07    0.1997491814E+29    0.7872559146E-08    0.3960992216E+07    0.2640202409E-08
    0.6780000000E+00    0.2124804516E-21    0.1467179595E-22    0.7403551802E-07    0.1193652138E+30    0.5040907219E-07    0.2536277453E+08    0.1811465198E-07
    0.6780000000E+00    0.2276769058E-21    0.1572111260E-22    0.7576002677E-07    0.6467661972E+30    0.2926700203E-06    0.1472537266E+09    0.1126936716E-06
    0.6780000000E+00    0.2439602000E-21    0.1684547565E-22    0.7752470448E-07    0.3245457027E+31    0.1573645075E-05    0.7917623453E+09    0.6492740982E-06
    0.6780000000E+00    0.2614080640E-21    0.1805025236E-22    0.7933048683E-07    0.1518771886E+32    0.7890844286E-05    0.3970192184E+10    0.3488548491E-05
    0.6780000000E+00    0.2801037871E-21    0.1934119387E-22    0.8117833125E-07    0.6646275390E+32    0.3700064172E-04    0.1861646907E+11    0.1752792665E-04
    0.6780000000E+00    0.3001366153E-21    0.2072446262E-22    0.8306921749E-07    0.2723297832E+33    0.1624523747E-03    0.8173613938E+11    0.8246076414E-04
    0.6780000000E+00    0.3216021775E-21    0.2220666179E-22    0.8500414813E-07    0.1046020488E+34    0.6686073016E-03    0.3364024668E+12    0.3636573803E-03
    0.6780000000E+00    0.3446029418E-21    0.2379486681E-22    0.8698414910E-07    0.3773004790E+34    0.2584153340E-02    0.1300188550E+13    0.1506050627E-02
    0.6780000000E+00    0.3692487048E-21    0.2549665916E-22    0.8901027021E-07    0.1260678844E+35    0.9251994985E-02    0.4655040303E+13    0.5777722504E-02
    0.6780000000E+00    0.3956571157E-21    0.2732016250E-22    0.9108358575E-07    0.3111758087E+35    0.2447015672E-01    0.1231189230E+14    0.1637412274E-01
    0.6780000000E+00    0.4239542377E-21    0.2927408154E-22    0.9320519501E-07    0.5712271974E+35    0.4813265310E-01    0.2421741910E+14    0.3451128194E-01
    0.6780000000E+00    0.4542751502E-21    0.3136774352E-22    0.9537622289E-07    0.8503586469E+35    0.7677733902E-01    0.3862968020E+14    0.5898673349E-01
    0.6780000000E+00    0.4867645933E-21    0.3361114274E-22    0.9759782052E-07    0.1062741410E+36    0.1028154847E+00    0.5173048905E+14    0.8464081143E-01
    0.6780000000E+00    0.5215776589E-21    0.3601498832E-22    0.9987116580E-07    0.1132894046E+36    0.1174411292E+00    0.5908922243E+14    0.1035956475E+00
    0.6780000000E+00    0.5588805307E-21    0.3859075526E-22    0.1021974641E-06    0.1127316154E+36    0.1252208520E+00    0.6300350505E+14    0.1183580892E+00
    0.6780000000E+00    0.5988512779E-21    0.4135073927E-22    0.1045779488E-06    0.1080041661E+36    0.1285498078E+00    0.6467843287E+14    0.1301945253E+00
    0.6780000000E+00    0.6416807053E-21    0.4430811541E-22    0.1070138822E-06    0.9111130790E+35    0.1161992179E+00    0.5846436831E+14    0.1261027320E+00
    0.6780000000E+00    0.6875732635E-21    0.4747700104E-22    0.1095065557E-06    0.6655799822E+35    0.9095596286E-01    0.4576350005E+14    0.1057675554E+00
    0.6780000000E+00    0.7367480256E-21    0.5087252317E-22    0.1120572911E-06    0.4369913225E+35    0.6398876629E-01    0.3219524940E+14    0.7973059917E-01
    0.6780000000E+00    0.7894397325E-21    0.5451089068E-22    0.1146674407E-06    0.2635113933E+35    0.4134569734E-01    0.2080263638E+14    0.5520159316E-01
    0.6780000000E+00    0.8458999137E-21    0.5840947171E-22    0.1173383885E-06    0.1474977892E+35    0.2479798739E-01    0.1247683672E+14    0.3547625154E-01
    0.6780000000E+00    0.9063980879E-21    0.6258687655E-22    0.1200715507E-06    0.7667077804E+34    0.1381213436E-01    0.6949424661E+13    0.2117298477E-01
    0.6780000000E+00    0.9712230494E-21    0.6706304648E-22    0.1228683764E-06    0.3679749444E+34    0.7103120337E-02    0.3573857476E+13    0.1166730264E-01
    0.6780000000E+00    0.1040684247E-20    0.7185934897E-22    0.1257303485E-06    0.1619937143E+34    0.3350650171E-02    0.1685843066E+13    0.5897261391E-02
    0.6780000000E+00    0.1115113261E-20    0.7699867968E-22    0.1286589846E-06    0.6520906728E+33    0.1445236470E-02    0.7271549568E+12    0.2725587965E-02
    0.6780000000E+00    0.1194865387E-20    0.8250557175E-22    0.1316558373E-06    0.2404824979E+33    0.5711029431E-03    0.2873442130E+12    0.1154079400E-02
    0.6780000000E+00    0.1280321329E-20    0.8840631292E-22    0.1347224957E-06    0.8171948238E+32    0.2079488538E-03    0.1046271963E+12    0.4502749864E-03
    0.6780000000E+00    0.1371889021E-20    0.9472907100E-22    0.1378605858E-06    0.2573598274E+32    0.7017326447E-04    0.3530691217E+11    0.1628144593E-03
    0.6780000000E+00    0.1470005571E-20    0.1015040283E-21    0.1410717713E-06    0.7520493680E+31    0.2197238876E-04    0.1105516761E+11    0.5462589497E-04
    0.6780000000E+00    0.1575139348E-20    0.1087635259E-21    0.1443577550E-06    0.2029474568E+31    0.6353521990E-05    0.3196705249E+10    0.1692527868E-04
    0.6780000000E+00    0.1687792220E-20    0.1165422177E-21    0.1477202791E-06    0.5032195311E+30    0.1688062074E-05    0.8493300096E+09    0.4818476036E-05
    0.6780000000E+00    0.1808501947E-20    0.1248772362E-21    0.1511611264E-06    0.1139720829E+30    0.4096655168E-06    0.2061187338E+09    0.1252998930E-05
    0.6780000000E+00    0.1937844750E-20    0.1338083694E-21    0.1546821213E-06    0.2555580640E+29    0.9842841992E-07    0.4952318527E+08    0.3225832434E-06
    0.6780000000E+00    0.2076438060E-20    0.1433782510E-21    0.1582851308E-06    0.5890907081E+28    0.2431157508E-07    0.1223210367E+08    0.8537572157E-07
    0.6780000000E+00    0.2224943467E-20    0.1536325639E-21    0.1619720651E-06    0.1359678280E+28    0.6012666057E-08    0.3025207306E+07    0.2262498889E-07
    0.6780000000E+00    0.2384069878E-20    0.1646202581E-21    0.1657448792E-06    0.2916849844E+27    0.1382117598E-08    0.6953973854E+06    0.5572708001E-08
    0.6780000000E+00    0.2554576900E-20    0.1763937846E-21    0.1696055734E-06    0.6600784712E+26    0.3351401750E-09    0.1686221214E+06    0.1447930722E-08
    0.6780000000E+00    0.2737278465E-20    0.1890093455E-21    0.1735561947E-06    0.1609515661E+26    0.8756410858E-10    0.4405692558E+05    0.4053660953E-09
    0.6780000000E+00    0.2933046719E-20    0.2025271626E-21    0.1775988378E-06    0.3765492501E+25    0.2195091919E-10    0.1104436543E+05    0.1088864908E-09
    0.6780000000E+00    0.3142816182E-20    0.2170117645E-21    0.1817356462E-06    0.7182215071E+24    0.4486310518E-11    0.2257238175E+04    0.2384572991E-10
    0.6780000000E+00    0.3367588212E-20    0.2325322952E-21    0.1859688132E-06    0.1792397105E+24    0.1199679279E-11    0.6036055361E+03    0.6832607107E-11
    0.6780000000E+00    0.3608435782E-20    0.2491628434E-21    0.1903005833E-06    0.3526252559E+23    0.2528973847E-12    0.1272425591E+03    0.1543354274E-11
    0.6780000000E+00    0.3866508602E-20    0.2669827968E-21    0.1947332533E-06    0.1354624820E+23    0.1040998138E-12    0.5237668520E+02    0.6807242835E-12
