    0.6270000000E+00    0.4143038610E-23    0.2860772210E-24    0.1992691735E-07   -0.2525564894E+15   -0.2079646196E-23   -0.1046351287E-08   -0.4075219755E-25
    0.6270000000E+00    0.4439345853E-23    0.3065372650E-24    0.2039107488E-07    0.1603929572E+15    0.1415194781E-23    0.7120398093E-09    0.2971514100E-25
    0.6270000000E+00    0.4756844785E-23    0.3284605973E-24    0.2086604403E-07    0.7684558553E+15    0.7265238037E-23    0.3655425228E-08    0.1634599738E-24
    0.6270000000E+00    0.5097051019E-23    0.3519518710E-24    0.2135207663E-07    0.7386965590E+15    0.7483366233E-23    0.3765174049E-08    0.1804091569E-24
    0.6270000000E+00    0.5461588566E-23    0.3771232243E-24    0.2184943039E-07   -0.8039174822E+15   -0.8726546294E-23   -0.4390666529E-08   -0.2254259839E-24
    0.6270000000E+00    0.5852197586E-23    0.4040948153E-24    0.2235836900E-07   -0.4038235133E+16   -0.4697021269E-22   -0.2363254990E-07   -0.1300121989E-23
    0.6270000000E+00    0.6270742692E-23    0.4329953957E-24    0.2287916232E-07   -0.3111797402E+16   -0.3878307479E-22   -0.1951328081E-07   -0.1150280651E-23
    0.6270000000E+00    0.6719221852E-23    0.4639629256E-24    0.2341208647E-07    0.9737271107E+16    0.1300373725E-21    0.6542688480E-07    0.4132660819E-23
    0.6270000000E+00    0.7199775931E-23    0.4971452317E-24    0.2395742402E-07    0.1628058435E+17    0.2329704898E-21    0.1172165594E-06    0.7933457321E-23
    0.6270000000E+00    0.7714698903E-23    0.5327007132E-24    0.2451546411E-07   -0.1044235679E+17   -0.1601140532E-21   -0.8055963845E-07   -0.5842396516E-23
    0.6270000000E+00    0.8266448809E-23    0.5707990981E-24    0.2508650263E-07   -0.5406453140E+17   -0.8882666709E-21   -0.4469216812E-06   -0.3473001285E-22
    0.6270000000E+00    0.8857659485E-23    0.6116222531E-24    0.2567084234E-07    0.9759433893E+15    0.1718128139E-22    0.8644574218E-08    0.7198087598E-24
    0.6270000000E+00    0.9491153137E-23    0.6553650517E-24    0.2626879307E-07    0.1383883350E+18    0.2610540337E-20    0.1313464880E-05    0.1171903861E-21
    0.6270000000E+00    0.1016995382E-22    0.7022363048E-24    0.2688067187E-07   -0.4510385651E+16   -0.9116845622E-22   -0.4587041376E-07   -0.4385369359E-23
    0.6270000000E+00    0.1089730185E-22    0.7524597575E-24    0.2750680315E-07   -0.2771924240E+18   -0.6003607344E-20   -0.3020649514E-05   -0.3094381509E-21
    0.6270000000E+00    0.1167666930E-22    0.8062751566E-24    0.2814751890E-07    0.1489645983E+18    0.3457116330E-20    0.1739410352E-05    0.1909306146E-21
    0.6270000000E+00    0.1251177658E-22    0.8639393956E-24    0.2880315884E-07    0.2654739440E+18    0.6601655020E-20    0.3321550675E-05    0.3906739043E-21
    0.6270000000E+00    0.1340661015E-22    0.9257277409E-24    0.2947407060E-07   -0.3201080560E+18   -0.8529577663E-20   -0.4291563912E-05   -0.5408652817E-21
    0.6270000000E+00    0.1436544159E-22    0.9919351458E-24    0.3016060990E-07    0.8644217649E+18    0.2468065136E-19    0.1241780037E-04    0.1676942587E-20
    0.6270000000E+00    0.1539284799E-22    0.1062877658E-23    0.3086314075E-07    0.7571917023E+17    0.2316523819E-20    0.1165533677E-05    0.1686546606E-21
    0.6270000000E+00    0.1649373379E-22    0.1138893930E-23    0.3158203565E-07   -0.1016843939E+20   -0.3333383092E-18   -0.1677155323E-03   -0.2600439805E-19
    0.6270000000E+00    0.1767335417E-22    0.1220346833E-23    0.3231767576E-07   -0.5736290761E+19   -0.2014939825E-18   -0.1013794982E-03   -0.1684316324E-19
    0.6270000000E+00    0.1893734018E-22    0.1307625190E-23    0.3307045113E-07   -0.2196676883E+20   -0.8267935952E-18   -0.4159921741E-03   -0.7405573228E-19
    0.6270000000E+00    0.2029172559E-22    0.1401145635E-23    0.3384076090E-07   -0.7605111803E+21   -0.3067160672E-16   -0.1543208418E-01   -0.2943730881E-17
    0.6270000000E+00    0.2174297571E-22    0.1501354598E-23    0.3462901348E-07   -0.1262068266E+23   -0.5453982883E-15   -0.2744111964E+00   -0.5608869655E-16
    0.6270000000E+00    0.2329801823E-22    0.1608730435E-23    0.3543562682E-07   -0.1843727023E+23   -0.8537437651E-15   -0.4295518579E+00   -0.9407822655E-16
    0.6270000000E+00    0.2496427630E-22    0.1723785718E-23    0.3626102861E-07    0.6232629715E+23    0.3092446890E-14    0.1555930903E+01    0.3651437125E-15
    0.6270000000E+00    0.2674970400E-22    0.1847069675E-23    0.3710565646E-07    0.1418017266E+25    0.7538977426E-13    0.3793154214E+02    0.9538366813E-14
    0.6270000000E+00    0.2866282424E-22    0.1979170815E-23    0.3796995823E-07    0.1238266337E+26    0.7054154872E-12    0.3549221037E+03    0.9563273300E-13
    0.6270000000E+00    0.3071276952E-22    0.2120719737E-23    0.3885439218E-07    0.1574479210E+26    0.9610984004E-12    0.4835661710E+03    0.1396141483E-12
    0.6270000000E+00    0.3290932546E-22    0.2272392139E-23    0.3975942724E-07   -0.2295207157E+26   -0.1501249284E-11   -0.7553371932E+03   -0.2336761509E-12
    0.6270000000E+00    0.3526297755E-22    0.2434912046E-23    0.4068554327E-07   -0.4748277299E+27   -0.3327874943E-10   -0.1674383958E+05   -0.5550454855E-11
    0.6270000000E+00    0.3778496121E-22    0.2609055264E-23    0.4163323131E-07   -0.4315275694E+28   -0.3240704790E-09   -0.1630525247E+06   -0.5791633187E-10
    0.6270000000E+00    0.4048731538E-22    0.2795653084E-23    0.4260299385E-07   -0.2676989618E+29   -0.2154158281E-08   -0.1083841229E+07   -0.4125144706E-09
    0.6270000000E+00    0.4338294005E-22    0.2995596250E-23    0.4359534505E-07   -0.4529131086E+29   -0.3905222784E-08   -0.1964870223E+07   -0.8013225999E-09
    0.6270000000E+00    0.4648565778E-22    0.3209839213E-23    0.4461081109E-07   -0.3163338471E+29   -0.2922648500E-08   -0.1470498696E+07   -0.6425962161E-09
    0.6270000000E+00    0.4981027973E-22    0.3439404683E-23    0.4564993037E-07    0.1099058868E+30    0.1088057579E-07    0.5474442963E+07    0.2563382739E-08
    0.6270000000E+00    0.5337267633E-22    0.3685388516E-23    0.4671325384E-07    0.9414558124E+30    0.9986903764E-07    0.5024801635E+08    0.2521113755E-07
    0.6270000000E+00    0.5718985306E-22    0.3948964943E-23    0.4780134531E-07    0.4881055072E+31    0.5548104488E-06    0.2791468223E+09    0.1500742593E-06
    0.6270000000E+00    0.6128003161E-22    0.4231392172E-23    0.4891478167E-07    0.2114535241E+32    0.2575406880E-05    0.1295787864E+10    0.7464615262E-06
    0.6270000000E+00    0.6566273690E-22    0.4534018400E-23    0.5005415331E-07    0.8102163083E+32    0.1057381979E-04    0.5320102028E+10    0.3283926902E-05
    0.6270000000E+00    0.7035889022E-22    0.4858288246E-23    0.5122006431E-07    0.2794060735E+33    0.3907210111E-04    0.1965870125E+11    0.1300254433E-04
    0.6270000000E+00    0.7539090917E-22    0.5205749646E-23    0.5241313287E-07    0.8742049008E+33    0.1309918153E-03    0.6590710227E+11    0.4670955585E-04
    0.6270000000E+00    0.8078281461E-22    0.5578061244E-23    0.5363399157E-07    0.2359772763E+34    0.3788795004E-03    0.1906290856E+12    0.1447647034E-03
    0.6270000000E+00    0.8656034539E-22    0.5977000309E-23    0.5488328773E-07    0.5470069658E+34    0.9410740127E-03    0.4734911189E+12    0.3852878890E-03
    0.6270000000E+00    0.9275108115E-22    0.6404471218E-23    0.5616168372E-07    0.1151386579E+35    0.2122521445E-02    0.1067923500E+13    0.9311371704E-03
    0.6270000000E+00    0.9938457404E-22    0.6862514550E-23    0.5746985739E-07    0.2215733082E+35    0.4376715992E-02    0.2202096885E+13    0.2057358347E-02
    0.6270000000E+00    0.1064924897E-21    0.7353316823E-23    0.5880850233E-07    0.3892660105E+35    0.8239055115E-02    0.4145390663E+13    0.4149912932E-02
    0.6270000000E+00    0.1141087586E-21    0.7879220933E-23    0.6017832832E-07    0.6272452781E+35    0.1422552570E-01    0.7157418002E+13    0.7677678134E-02
    0.6270000000E+00    0.1222697377E-21    0.8442737340E-23    0.6158006166E-07    0.9354167402E+35    0.2273191700E-01    0.1143731595E+14    0.1314612140E-01
    0.6270000000E+00    0.1310143844E-21    0.9046556049E-23    0.6301444556E-07    0.1300911036E+36    0.3387493900E-01    0.1704380586E+14    0.2099133690E-01
    0.6270000000E+00    0.1403844422E-21    0.9693559452E-23    0.6448224056E-07    0.1691049094E+36    0.4718317264E-01    0.2373969837E+14    0.3132915756E-01
    0.6270000000E+00    0.1504246400E-21    0.1038683609E-22    0.6598422489E-07    0.2048481411E+36    0.6124391587E-01    0.3081420787E+14    0.4357370895E-01
    0.6270000000E+00    0.1611829057E-21    0.1112969539E-22    0.6752119493E-07    0.2299771563E+36    0.7367423303E-01    0.3706838629E+14    0.5616647913E-01
    0.6270000000E+00    0.1727105951E-21    0.1192568347E-22    0.6909396560E-07    0.2383542703E+36    0.8181894231E-01    0.4116630788E+14    0.6683676758E-01
    0.6270000000E+00    0.1850627369E-21    0.1277860007E-22    0.7070337081E-07    0.2379696842E+36    0.8752911918E-01    0.4403932105E+14    0.7661505807E-01
    0.6270000000E+00    0.1982982953E-21    0.1369251667E-22    0.7235026388E-07    0.2337654652E+36    0.9213216484E-01    0.4635529324E+14    0.8641176043E-01
    0.6270000000E+00    0.2124804516E-21    0.1467179595E-22    0.7403551802E-07    0.2161999924E+36    0.9130332597E-01    0.4593827201E+14    0.9175889504E-01
    0.6270000000E+00    0.2276769058E-21    0.1572111260E-22    0.7576002677E-07    0.1841537850E+36    0.8333195552E-01    0.4192756396E+14    0.8973733139E-01
    0.6270000000E+00    0.2439602000E-21    0.1684547565E-22    0.7752470448E-07    0.1485695973E+36    0.7203787113E-01    0.3624506866E+14    0.8312323696E-01
    0.6270000000E+00    0.2614080640E-21    0.1805025236E-22    0.7933048683E-07    0.1149832352E+36    0.5974003160E-01    0.3005754492E+14    0.7386301397E-01
    0.6270000000E+00    0.2801037871E-21    0.1934119387E-22    0.8117833125E-07    0.8554901726E+35    0.4762620191E-01    0.2396260372E+14    0.6309682784E-01
    0.6270000000E+00    0.3001366153E-21    0.2072446262E-22    0.8306921749E-07    0.6108268843E+35    0.3643754154E-01    0.1833315136E+14    0.5172620829E-01
    0.6270000000E+00    0.3216021775E-21    0.2220666179E-22    0.8500414813E-07    0.4180744382E+35    0.2672295859E-01    0.1344536497E+14    0.4064864898E-01
    0.6270000000E+00    0.3446029418E-21    0.2379486681E-22    0.8698414910E-07    0.2744836356E+35    0.1879954687E-01    0.9458786833E+13    0.3064142498E-01
    0.6270000000E+00    0.3692487048E-21    0.2549665916E-22    0.8901027021E-07    0.1731651580E+35    0.1270841643E-01    0.6394101033E+13    0.2219489089E-01
    0.6270000000E+00    0.3956571157E-21    0.2732016250E-22    0.9108358575E-07    0.1051615246E+35    0.8269662733E-02    0.4160790552E+13    0.1547566695E-01
    0.6270000000E+00    0.4239542377E-21    0.2927408154E-22    0.9320519501E-07    0.6155981895E+34    0.5187143441E-02    0.2609854612E+13    0.1040135298E-01
    0.6270000000E+00    0.4542751502E-21    0.3136774352E-22    0.9537622289E-07    0.3477198907E+34    0.3139499790E-02    0.1579605056E+13    0.6745622528E-02
    0.6270000000E+00    0.4867645933E-21    0.3361114274E-22    0.9759782052E-07    0.1896969177E+34    0.1835232951E-02    0.9233774302E+12    0.4225253550E-02
    0.6270000000E+00    0.5215776589E-21    0.3601498832E-22    0.9987116580E-07    0.1000478412E+34    0.1037143013E-02    0.5218271881E+12    0.2558587201E-02
    0.6270000000E+00    0.5588805307E-21    0.3859075526E-22    0.1021974641E-06    0.5106107534E+33    0.5671799640E-03    0.2853704088E+12    0.1499278999E-02
    0.6270000000E+00    0.5988512779E-21    0.4135073927E-22    0.1045779488E-06    0.2524051501E+33    0.3004202034E-03    0.1511531467E+12    0.8509238823E-03
    0.6270000000E+00    0.6416807053E-21    0.4430811541E-22    0.1070138822E-06    0.1209461762E+33    0.1542492518E-03    0.7760882761E+11    0.4681495854E-03
    0.6270000000E+00    0.6875732635E-21    0.4747700104E-22    0.1095065557E-06    0.5622269834E+32    0.7683208327E-04    0.3865722418E+11    0.2498642864E-03
    0.6270000000E+00    0.7367480256E-21    0.5087252317E-22    0.1120572911E-06    0.2537355135E+32    0.3715456495E-04    0.1869391386E+11    0.1294713741E-03
    0.6270000000E+00    0.7894397325E-21    0.5451089068E-22    0.1146674407E-06    0.1112510594E+32    0.1745561197E-04    0.8782600656E+10    0.6517734359E-04
    0.6270000000E+00    0.8458999137E-21    0.5840947171E-22    0.1173383885E-06    0.4742099465E+31    0.7972629513E-05    0.4011341529E+10    0.3189797842E-04
    0.6270000000E+00    0.9063980879E-21    0.6258687655E-22    0.1200715507E-06    0.1966465984E+31    0.3542561205E-05    0.1782401008E+10    0.1518724291E-04
    0.6270000000E+00    0.9712230494E-21    0.6706304648E-22    0.1228683764E-06    0.7939284704E+30    0.1532541699E-05    0.7710816300E+09    0.7040019741E-05
    0.6270000000E+00    0.1040684247E-20    0.7185934897E-22    0.1257303485E-06    0.3122879366E+30    0.6459310061E-06    0.3249931362E+09    0.3179418589E-05
    0.6270000000E+00    0.1115113261E-20    0.7699867968E-22    0.1286589846E-06    0.1197279221E+30    0.2653544464E-06    0.1335101937E+09    0.1399548478E-05
    0.6270000000E+00    0.1194865387E-20    0.8250557175E-22    0.1316558373E-06    0.4474910396E+29    0.1062711224E-06    0.5346915542E+08    0.6005882681E-06
    0.6270000000E+00    0.1280321329E-20    0.8840631292E-22    0.1347224957E-06    0.1631002524E+29    0.4150357976E-07    0.2088207320E+08    0.2513316220E-06
    0.6270000000E+00    0.1371889021E-20    0.9472907100E-22    0.1378605858E-06    0.5801710603E+28    0.1581928993E-07    0.7959303081E+07    0.1026475440E-06
    0.6270000000E+00    0.1470005571E-20    0.1015040283E-21    0.1410717713E-06    0.2016440791E+28    0.5891371348E-08    0.2964179197E+07    0.4096170026E-07
    0.6270000000E+00    0.1575139348E-20    0.1087635259E-21    0.1443577550E-06    0.6852496607E+27    0.2145259101E-08    0.1079363704E+07    0.1598237550E-07
    0.6270000000E+00    0.1687792220E-20    0.1165422177E-21    0.1477202791E-06    0.2276279142E+27    0.7635833373E-09    0.3841886227E+06    0.6095621887E-08
    0.6270000000E+00    0.1808501947E-20    0.1248772362E-21    0.1511611264E-06    0.7386575723E+26    0.2655058401E-09    0.1335863658E+06    0.2271096852E-08
    0.6270000000E+00    0.1937844750E-20    0.1338083694E-21    0.1546821213E-06    0.2342445057E+26    0.9021948361E-10    0.4539294855E+05    0.8269169878E-09
    0.6270000000E+00    0.2076438060E-20    0.1433782510E-21    0.1582851308E-06    0.7271885744E+25    0.3001082750E-10    0.1509962033E+05    0.2947403178E-09
    0.6270000000E+00    0.2224943467E-20    0.1536325639E-21    0.1619720651E-06    0.2213090387E+25    0.9786560282E-11    0.4924000999E+04    0.1029891924E-09
    0.6270000000E+00    0.2384069878E-20    0.1646202581E-21    0.1657448792E-06    0.6599684269E+24    0.3127188664E-11    0.1573410847E+04    0.3526270794E-10
    0.6270000000E+00    0.2554576900E-20    0.1763937846E-21    0.1696055734E-06    0.1925723195E+24    0.9777431574E-12    0.4919407988E+03    0.1181371154E-10
    0.6270000000E+00    0.2737278465E-20    0.1890093455E-21    0.1735561947E-06    0.5498962278E+23    0.2991656071E-12    0.1505219102E+03    0.3873229593E-11
    0.6270000000E+00    0.2933046719E-20    0.2025271626E-21    0.1775988378E-06    0.1539919611E+23    0.8976953462E-13    0.4516656163E+02    0.1245347493E-11
    0.6270000000E+00    0.3142816182E-20    0.2170117645E-21    0.1817356462E-06    0.4233991050E+22    0.2644727064E-13    0.1330665559E+02    0.3931356578E-12
    0.6270000000E+00    0.3367588212E-20    0.2325322952E-21    0.1859688132E-06    0.1144716528E+22    0.7661765884E-14    0.3854933887E+01    0.1220366997E-12
    0.6270000000E+00    0.3608435782E-20    0.2491628434E-21    0.1903005833E-06    0.2869235184E+21    0.2057771138E-14    0.1035345090E+01    0.3512033490E-13
    0.6270000000E+00    0.3866508602E-20    0.2669827968E-21    0.1947332533E-06    0.1050819104E+21    0.8075304053E-15    0.4063001103E+00    0.1476795840E-13
