    0.6090000000E+00    0.4143038610E-23    0.2860772210E-24    0.1992691735E-07   -0.1955333407E+28   -0.1610095900E-10   -0.8101021800E+04   -0.8415150523E-12
    0.6090000000E+00    0.4439345853E-23    0.3065372650E-24    0.2039107488E-07   -0.4631058058E+28   -0.4086120309E-10   -0.2055886839E+05   -0.2288343910E-11
    0.6090000000E+00    0.4756844785E-23    0.3284605973E-24    0.2086604403E-07   -0.2229249803E+28   -0.2107607138E-10   -0.1060419530E+05   -0.1264735781E-11
    0.6090000000E+00    0.5097051019E-23    0.3519518710E-24    0.2135207663E-07    0.1540271294E+29    0.1560371989E-09    0.7850841370E+05    0.1003317275E-10
    0.6090000000E+00    0.5461588566E-23    0.3771232243E-24    0.2184943039E-07    0.2509471504E+29    0.2724038193E-09    0.1370570087E+06    0.1876823086E-10
    0.6090000000E+00    0.5852197586E-23    0.4040948153E-24    0.2235836900E-07    0.6961677333E+28    0.8097385473E-10    0.4074111129E+05    0.5977986897E-11
    0.6090000000E+00    0.6270742692E-23    0.4329953957E-24    0.2287916232E-07   -0.9598509118E+29   -0.1196285133E-08   -0.6018978090E+06   -0.9463348857E-10
    0.6090000000E+00    0.6719221852E-23    0.4639629256E-24    0.2341208647E-07   -0.1144022042E+30   -0.1527795814E-08   -0.7686937902E+06   -0.1295016973E-09
    0.6090000000E+00    0.7199775931E-23    0.4971452317E-24    0.2395742402E-07    0.9216493294E+29    0.1318853740E-08    0.6635668658E+06    0.1197861978E-09
    0.6090000000E+00    0.7714698903E-23    0.5327007132E-24    0.2451546411E-07    0.6552523729E+30    0.1004707227E-07    0.5055074763E+07    0.9777991848E-09
    0.6090000000E+00    0.8266448809E-23    0.5707990981E-24    0.2508650263E-07    0.5463240949E+30    0.8975967653E-08    0.4516160164E+07    0.9360335674E-09
    0.6090000000E+00    0.8857659485E-23    0.6116222531E-24    0.2567084234E-07   -0.1748462286E+31   -0.3078131668E-07   -0.1548728355E+08   -0.3439516027E-08
    0.6090000000E+00    0.9491153137E-23    0.6553650517E-24    0.2626879307E-07   -0.8849700623E+31   -0.1669396517E-06   -0.8399386382E+08   -0.1998801412E-07
    0.6090000000E+00    0.1016995382E-22    0.7022363048E-24    0.2688067187E-07   -0.9604627580E+31   -0.1941384034E-06   -0.9767861890E+08   -0.2490701018E-07
    0.6090000000E+00    0.1089730185E-22    0.7524597575E-24    0.2750680315E-07   -0.1220044818E+31   -0.2642449576E-07   -0.1329519665E+08   -0.3632593933E-08
    0.6090000000E+00    0.1167666930E-22    0.8062751566E-24    0.2814751890E-07    0.5317202916E+32    0.1233997154E-05    0.6208722006E+09    0.1817708770E-06
    0.6090000000E+00    0.1251177658E-22    0.8639393956E-24    0.2880315884E-07    0.2881033950E+33    0.7164391335E-05    0.3604685310E+10    0.1130809490E-05
    0.6090000000E+00    0.1340661015E-22    0.9257277409E-24    0.2947407060E-07    0.9669365016E+33    0.2576492478E-04    0.1296334071E+11    0.4357516332E-05
    0.6090000000E+00    0.1436544159E-22    0.9919351458E-24    0.3016060990E-07    0.1999055222E+34    0.5707628727E-04    0.2871731103E+11    0.1034346049E-04
    0.6090000000E+00    0.1539284799E-22    0.1062877658E-23    0.3086314075E-07    0.3355014962E+34    0.1026420660E-03    0.5164323533E+11    0.1993129558E-04
    0.6090000000E+00    0.1649373379E-22    0.1138893930E-23    0.3158203565E-07    0.5254794016E+34    0.1722608638E-03    0.8667117361E+11    0.3584237383E-04
    0.6090000000E+00    0.1767335417E-22    0.1220346833E-23    0.3231767576E-07    0.8095890498E+34    0.2843777078E-03    0.1430815401E+12    0.6340239944E-04
    0.6090000000E+00    0.1893734018E-22    0.1307625190E-23    0.3307045113E-07    0.1237291081E+35    0.4656963200E-03    0.2343100209E+12    0.1112533125E-03
    0.6090000000E+00    0.2029172559E-22    0.1401145635E-23    0.3384076090E-07    0.1866452432E+35    0.7527449489E-03    0.3787354058E+12    0.1926894755E-03
    0.6090000000E+00    0.2174297571E-22    0.1501354598E-23    0.3462901348E-07    0.2766445571E+35    0.1195509561E-02    0.6015075884E+12    0.3279164460E-03
    0.6090000000E+00    0.2329801823E-22    0.1608730435E-23    0.3543562682E-07    0.4018357485E+35    0.1860713438E-02    0.9361976592E+12    0.5468769749E-03
    0.6090000000E+00    0.2496427630E-22    0.1723785718E-23    0.3626102861E-07    0.5709113508E+35    0.2832693601E-02    0.1425238870E+13    0.8920922082E-03
    0.6090000000E+00    0.2674970400E-22    0.1847069675E-23    0.3710565646E-07    0.7919764652E+35    0.4210592378E-02    0.2118513602E+13    0.1420866728E-02
    0.6090000000E+00    0.2866282424E-22    0.1979170815E-23    0.3796995823E-07    0.1071160146E+36    0.6102184432E-02    0.3070247499E+13    0.2206457030E-02
    0.6090000000E+00    0.3071276952E-22    0.2120719737E-23    0.3885439218E-07    0.1411743824E+36    0.8617609699E-02    0.4335856270E+13    0.3338850435E-02
    0.6090000000E+00    0.3290932546E-22    0.2272392139E-23    0.3975942724E-07    0.1812806454E+36    0.1185720593E-01    0.5965823758E+13    0.4922576874E-02
    0.6090000000E+00    0.3526297755E-22    0.2434912046E-23    0.4068554327E-07    0.2265654307E+36    0.1587905196E-01    0.7989371696E+13    0.7063740146E-02
    0.6090000000E+00    0.3778496121E-22    0.2609055264E-23    0.4163323131E-07    0.2751863468E+36    0.2066606575E-01    0.1039790544E+14    0.9850719471E-02
    0.6090000000E+00    0.4048731538E-22    0.2795653084E-23    0.4260299385E-07    0.3248675637E+36    0.2614190761E-01    0.1315301551E+14    0.1335203371E-01
    0.6090000000E+00    0.4338294005E-22    0.2995596250E-23    0.4359534505E-07    0.3735534357E+36    0.3220947596E-01    0.1620584631E+14    0.1762762502E-01
    0.6090000000E+00    0.4648565778E-22    0.3209839213E-23    0.4461081109E-07    0.4188833201E+36    0.3870116077E-01    0.1947206667E+14    0.2269520634E-01
    0.6090000000E+00    0.4981027973E-22    0.3439404683E-23    0.4564993037E-07    0.4569114238E+36    0.4523378614E-01    0.2275888583E+14    0.2842320746E-01
    0.6090000000E+00    0.5337267633E-22    0.3685388516E-23    0.4671325384E-07    0.4821528840E+36    0.5114647324E-01    0.2573378982E+14    0.3443704176E-01
    0.6090000000E+00    0.5718985306E-22    0.3948964943E-23    0.4780134531E-07    0.4900352879E+36    0.5570039552E-01    0.2802504611E+14    0.4018541185E-01
    0.6090000000E+00    0.6128003161E-22    0.4231392172E-23    0.4891478167E-07    0.4895647266E+36    0.5962673690E-01    0.3000054192E+14    0.4609472068E-01
    0.6090000000E+00    0.6566273690E-22    0.4534018400E-23    0.5005415331E-07    0.4845462671E+36    0.6323625994E-01    0.3181663405E+14    0.5238130579E-01
    0.6090000000E+00    0.7035889022E-22    0.4858288246E-23    0.5122006431E-07    0.4641409807E+36    0.6490540131E-01    0.3265644431E+14    0.5760908588E-01
    0.6090000000E+00    0.7539090917E-22    0.5205749646E-23    0.5241313287E-07    0.4274846070E+36    0.6405475952E-01    0.3222845318E+14    0.6092023215E-01
    0.6090000000E+00    0.8078281461E-22    0.5578061244E-23    0.5363399157E-07    0.3838247772E+36    0.6162599301E-01    0.3100644582E+14    0.6280208682E-01
    0.6090000000E+00    0.8656034539E-22    0.5977000309E-23    0.5488328773E-07    0.3368650510E+36    0.5795446220E-01    0.2915915516E+14    0.6328445213E-01
    0.6090000000E+00    0.9275108115E-22    0.6404471218E-23    0.5616168372E-07    0.2886692887E+36    0.5321468626E-01    0.2677438862E+14    0.6226466425E-01
    0.6090000000E+00    0.9938457404E-22    0.6862514550E-23    0.5746985739E-07    0.2413279562E+36    0.4766927632E-01    0.2398427613E+14    0.5976524490E-01
    0.6090000000E+00    0.1064924897E-21    0.7353316823E-23    0.5880850233E-07    0.1968381080E+36    0.4166199916E-01    0.2096178019E+14    0.5596934835E-01
    0.6090000000E+00    0.1141087586E-21    0.7879220933E-23    0.6017832832E-07    0.1566976572E+36    0.3553803636E-01    0.1788057514E+14    0.5115682375E-01
    0.6090000000E+00    0.1222697377E-21    0.8442737340E-23    0.6158006166E-07    0.1217819500E+36    0.2959469357E-01    0.1489024708E+14    0.4564823522E-01
    0.6090000000E+00    0.1310143844E-21    0.9046556049E-23    0.6301444556E-07    0.9242086224E+35    0.2406583528E-01    0.1210846237E+14    0.3977508207E-01
    0.6090000000E+00    0.1403844422E-21    0.9693559452E-23    0.6448224056E-07    0.6851346058E+35    0.1911643163E-01    0.9618223945E+13    0.3385454431E-01
    0.6090000000E+00    0.1504246400E-21    0.1038683609E-22    0.6598422489E-07    0.4963524471E+35    0.1483956229E-01    0.7466363814E+13    0.2815990827E-01
    0.6090000000E+00    0.1611829057E-21    0.1112969539E-22    0.6752119493E-07    0.3515310551E+35    0.1126145800E-01    0.5666079690E+13    0.2289838042E-01
    0.6090000000E+00    0.1727105951E-21    0.1192568347E-22    0.6909396560E-07    0.2434328224E+35    0.8356223709E-02    0.4204342762E+13    0.1820623746E-01
    0.6090000000E+00    0.1850627369E-21    0.1277860007E-22    0.7070337081E-07    0.1648554118E+35    0.6063650099E-02    0.3050859370E+13    0.1415612136E-01
    0.6090000000E+00    0.1982982953E-21    0.1369251667E-22    0.7235026388E-07    0.1092053425E+35    0.4304025237E-02    0.2165523325E+13    0.1076675805E-01
    0.6090000000E+00    0.2124804516E-21    0.1467179595E-22    0.7403551802E-07    0.7078519534E+34    0.2989326546E-02    0.1504047027E+13    0.8012785249E-02
    0.6090000000E+00    0.2276769058E-21    0.1572111260E-22    0.7576002677E-07    0.4490807176E+34    0.2032147989E-02    0.1022453083E+13    0.5836674530E-02
    0.6090000000E+00    0.2439602000E-21    0.1684547565E-22    0.7752470448E-07    0.2789167658E+34    0.1352401191E-02    0.6804458996E+12    0.4162130463E-02
    0.6090000000E+00    0.2614080640E-21    0.1805025236E-22    0.7933048683E-07    0.1696125094E+34    0.8812290463E-03    0.4433807772E+12    0.2906022337E-02
    0.6090000000E+00    0.2801037871E-21    0.1934119387E-22    0.8117833125E-07    0.1010074124E+34    0.5623208275E-03    0.2829255874E+12    0.1986983744E-02
    0.6090000000E+00    0.3001366153E-21    0.2072446262E-22    0.8306921749E-07    0.5891991756E+33    0.3514738789E-03    0.1768402463E+12    0.1330770604E-02
    0.6090000000E+00    0.3216021775E-21    0.2220666179E-22    0.8500414813E-07    0.3367331894E+33    0.2152369591E-03    0.1082941269E+12    0.8732266717E-03
    0.6090000000E+00    0.3446029418E-21    0.2379486681E-22    0.8698414910E-07    0.1885833888E+33    0.1291618806E-03    0.6498639057E+11    0.5614932040E-03
    0.6090000000E+00    0.3692487048E-21    0.2549665916E-22    0.8901027021E-07    0.1035076461E+33    0.7596321836E-04    0.3822006428E+11    0.3538453566E-03
    0.6090000000E+00    0.3956571157E-21    0.2732016250E-22    0.9108358575E-07    0.5568615614E+32    0.4379032463E-04    0.2203262392E+11    0.2185688712E-03
    0.6090000000E+00    0.4239542377E-21    0.2927408154E-22    0.9320519501E-07    0.2936926589E+32    0.2474708300E-04    0.1245122473E+11    0.1323531127E-03
    0.6090000000E+00    0.4542751502E-21    0.3136774352E-22    0.9537622289E-07    0.1518768846E+32    0.1371268829E-04    0.6899389456E+10    0.7858374982E-04
    0.6090000000E+00    0.4867645933E-21    0.3361114274E-22    0.9759782052E-07    0.7702582250E+31    0.7451904292E-05    0.3749344317E+10    0.4575909356E-04
    0.6090000000E+00    0.5215776589E-21    0.3601498832E-22    0.9987116580E-07    0.3831873477E+31    0.3972300406E-05    0.1998619597E+10    0.2613678884E-04
    0.6090000000E+00    0.5588805307E-21    0.3859075526E-22    0.1021974641E-06    0.1870105398E+31    0.2077289412E-05    0.1045165497E+10    0.1464559945E-04
    0.6090000000E+00    0.5988512779E-21    0.4135073927E-22    0.1045779488E-06    0.8954034791E+30    0.1065736160E-05    0.5362135177E+09    0.8051185742E-05
    0.6090000000E+00    0.6416807053E-21    0.4430811541E-22    0.1070138822E-06    0.4206200050E+30    0.5364396224E-06    0.2699037415E+09    0.4342411666E-05
    0.6090000000E+00    0.6875732635E-21    0.4747700104E-22    0.1095065557E-06    0.1938823029E+30    0.2649531538E-06    0.1333082877E+09    0.2298154584E-05
    0.6090000000E+00    0.7367480256E-21    0.5087252317E-22    0.1120572911E-06    0.8771184504E+29    0.1284367095E-06    0.6462152865E+08    0.1193711328E-05
    0.6090000000E+00    0.7894397325E-21    0.5451089068E-22    0.1146674407E-06    0.3895289524E+29    0.6111821569E-07    0.3075096320E+08    0.6086684786E-06
    0.6090000000E+00    0.8458999137E-21    0.5840947171E-22    0.1173383885E-06    0.1698333701E+29    0.2855314505E-07    0.1436620331E+08    0.3046941360E-06
    0.6090000000E+00    0.9063980879E-21    0.6258687655E-22    0.1200715507E-06    0.7269481927E+28    0.1309587090E-07    0.6589044519E+07    0.1497423104E-06
    0.6090000000E+00    0.9712230494E-21    0.6706304648E-22    0.1228683764E-06    0.3054857540E+28    0.5896874515E-08    0.2966948056E+07    0.7224903166E-07
    0.6090000000E+00    0.1040684247E-20    0.7185934897E-22    0.1257303485E-06    0.1260537469E+28    0.2607274057E-08    0.1311821487E+07    0.3422920622E-07
    0.6090000000E+00    0.1115113261E-20    0.7699867968E-22    0.1286589846E-06    0.5108478187E+27    0.1132198218E-08    0.5696531772E+06    0.1592694982E-07
    0.6090000000E+00    0.1194865387E-20    0.8250557175E-22    0.1316558373E-06    0.2033471031E+27    0.4829130189E-09    0.2429724151E+06    0.7279123006E-08
    0.6090000000E+00    0.1280321329E-20    0.8840631292E-22    0.1347224957E-06    0.7950194415E+26    0.2023059579E-09    0.1017880348E+06    0.3267524236E-08
    0.6090000000E+00    0.1371889021E-20    0.9472907100E-22    0.1378605858E-06    0.3052967183E+26    0.8324402286E-10    0.4188332160E+05    0.1440665660E-08
    0.6090000000E+00    0.1470005571E-20    0.1015040283E-21    0.1410717713E-06    0.1151742339E+26    0.3365009201E-10    0.1693067655E+05    0.6240169704E-09
    0.6090000000E+00    0.1575139348E-20    0.1087635259E-21    0.1443577550E-06    0.4269327913E+25    0.1336566085E-10    0.6724786387E+04    0.2655831889E-09
    0.6090000000E+00    0.1687792220E-20    0.1165422177E-21    0.1477202791E-06    0.1555015341E+25    0.5216336527E-11    0.2624542794E+04    0.1110646229E-09
    0.6090000000E+00    0.1808501947E-20    0.1248772362E-21    0.1511611264E-06    0.5564773571E+24    0.2000223022E-11    0.1006390384E+04    0.4563400295E-10
    0.6090000000E+00    0.1937844750E-20    0.1338083694E-21    0.1546821213E-06    0.1956764334E+24    0.7536495563E-12    0.3791905492E+03    0.1842381620E-10
    0.6090000000E+00    0.2076438060E-20    0.1433782510E-21    0.1582851308E-06    0.6762598522E+23    0.2790901629E-12    0.1404211696E+03    0.7310627803E-11
    0.6090000000E+00    0.2224943467E-20    0.1536325639E-21    0.1619720651E-06    0.2297361869E+23    0.1015921923E-12    0.5111500282E+02    0.2851480965E-11
    0.6090000000E+00    0.2384069878E-20    0.1646202581E-21    0.1657448792E-06    0.7671110904E+22    0.3634872531E-13    0.1828846444E+02    0.1093199262E-11
    0.6090000000E+00    0.2554576900E-20    0.1763937846E-21    0.1696055734E-06    0.2517550765E+22    0.1278230454E-13    0.6431277028E+01    0.4119260952E-12
    0.6090000000E+00    0.2737278465E-20    0.1890093455E-21    0.1735561947E-06    0.8121330671E+21    0.4418329674E-14    0.2223034355E+01    0.1525696894E-12
    0.6090000000E+00    0.2933046719E-20    0.2025271626E-21    0.1775988378E-06    0.2575476127E+21    0.1501372485E-14    0.7553991804E+00    0.5555185903E-13
    0.6090000000E+00    0.3142816182E-20    0.2170117645E-21    0.1817356462E-06    0.8029457035E+20    0.5015533118E-15    0.2523510750E+00    0.1988507563E-13
    0.6090000000E+00    0.3367588212E-20    0.2325322952E-21    0.1859688132E-06    0.2463640300E+20    0.1648952797E-15    0.8296526034E-01    0.7005164984E-14
    0.6090000000E+00    0.3608435782E-20    0.2491628434E-21    0.1903005833E-06    0.7315056936E+19    0.5246245801E-16    0.2639591319E-01    0.2388134481E-14
    0.6090000000E+00    0.3866508602E-20    0.2669827968E-21    0.1947332533E-06    0.2719053236E+19    0.2089530114E-16    0.1051324272E-01    0.1019198508E-14
