    0.6400000000E+00    0.4143038610E-23    0.2860772210E-24    0.1992691735E-07   -0.2643638917E+06   -0.2176872838E-32   -0.1095269811E-17   -0.2726947884E-34
    0.6400000000E+00    0.4439345853E-23    0.3065372650E-24    0.2039107488E-07   -0.9706480068E+07   -0.8564316153E-31   -0.4309042204E-16   -0.1149572771E-32
    0.6400000000E+00    0.4756844785E-23    0.3284605973E-24    0.2086604403E-07   -0.9782461526E+07   -0.9248665500E-31   -0.4653365109E-16   -0.1330218091E-32
    0.6400000000E+00    0.5097051019E-23    0.3519518710E-24    0.2135207663E-07    0.9109413446E+07    0.9228292205E-31    0.4643114508E-16    0.1422214543E-32
    0.6400000000E+00    0.5461588566E-23    0.3771232243E-24    0.2184943039E-07    0.5572108260E+08    0.6048538782E-30    0.3043256276E-15    0.9988361388E-32
    0.6400000000E+00    0.5852197586E-23    0.4040948153E-24    0.2235836900E-07    0.4939823300E+08    0.5745691953E-30    0.2890882199E-15    0.1016684297E-31
    0.6400000000E+00    0.6270742692E-23    0.4329953957E-24    0.2287916232E-07   -0.1025212918E+09   -0.1277747364E-29   -0.6428846413E-15   -0.2422639374E-31
    0.6400000000E+00    0.6719221852E-23    0.4639629256E-24    0.2341208647E-07   -0.2567049540E+09   -0.3428192289E-29   -0.1724857536E-14   -0.6964804836E-31
    0.6400000000E+00    0.7199775931E-23    0.4971452317E-24    0.2395742402E-07   -0.3375643227E+08   -0.4830448582E-30   -0.2430387486E-15   -0.1051553180E-31
    0.6400000000E+00    0.7714698903E-23    0.5327007132E-24    0.2451546411E-07    0.8337201819E+09    0.1278354306E-28    0.6431900173E-14    0.2981913328E-30
    0.6400000000E+00    0.8266448809E-23    0.5707990981E-24    0.2508650263E-07    0.5540604502E+09    0.9103074027E-29    0.4580112348E-14    0.2275264297E-30
    0.6400000000E+00    0.8857659485E-23    0.6116222531E-24    0.2567084234E-07   -0.2049294833E+10   -0.3607741141E-28   -0.1815195581E-13   -0.9662269496E-30
    0.6400000000E+00    0.9491153137E-23    0.6553650517E-24    0.2626879307E-07   -0.1704596367E+10   -0.3215529382E-28   -0.1617858516E-13   -0.9227759348E-30
    0.6400000000E+00    0.1016995382E-22    0.7022363048E-24    0.2688067187E-07    0.4485109035E+10    0.9065753979E-28    0.4561335174E-13    0.2787710731E-29
    0.6400000000E+00    0.1089730185E-22    0.7524597575E-24    0.2750680315E-07    0.3131052654E+10    0.6781430184E-28    0.3412002587E-13    0.2234421351E-29
    0.6400000000E+00    0.1167666930E-22    0.8062751566E-24    0.2814751890E-07   -0.8613415932E+10   -0.1998970307E-27   -0.1005760094E-12   -0.7057487551E-29
    0.6400000000E+00    0.1251177658E-22    0.8639393956E-24    0.2880315884E-07   -0.1335691077E+10   -0.3321520587E-28   -0.1671186833E-13   -0.1256552753E-29
    0.6400000000E+00    0.1340661015E-22    0.9257277409E-24    0.2947407060E-07    0.9497512159E+10    0.2530700682E-27    0.1273294429E-12    0.1025851646E-28
    0.6400000000E+00    0.1436544159E-22    0.9919351458E-24    0.3016060990E-07    0.9422107177E+09    0.2690165284E-28    0.1353527303E-13    0.1168483923E-29
    0.6400000000E+00    0.1539284799E-22    0.1062877658E-23    0.3086314075E-07   -0.4023988386E+10   -0.1231083874E-27   -0.6194064156E-13   -0.5729693887E-29
    0.6400000000E+00    0.1649373379E-22    0.1138893930E-23    0.3158203565E-07   -0.4785074749E+11   -0.1568626871E-26   -0.7892374907E-12   -0.7822821630E-28
    0.6400000000E+00    0.1767335417E-22    0.1220346833E-23    0.3231767576E-07   -0.1445815917E+12   -0.5078599031E-26   -0.2555241676E-11   -0.2713861644E-27
    0.6400000000E+00    0.1893734018E-22    0.1307625190E-23    0.3307045113E-07    0.3502150177E+12    0.1318152596E-25    0.6632140925E-11    0.7547610269E-27
    0.6400000000E+00    0.2029172559E-22    0.1401145635E-23    0.3384076090E-07    0.1009232783E+13    0.4070261138E-25    0.2047907470E-10    0.2497273168E-26
    0.6400000000E+00    0.2174297571E-22    0.1501354598E-23    0.3462901348E-07   -0.3666837628E+13   -0.1584610770E-24   -0.7972796148E-10   -0.1041756888E-25
    0.6400000000E+00    0.2329801823E-22    0.1608730435E-23    0.3543562682E-07   -0.5719415894E+13   -0.2648394040E-24   -0.1332510557E-09   -0.1865633706E-25
    0.6400000000E+00    0.2496427630E-22    0.1723785718E-23    0.3626102861E-07    0.8326072046E+14    0.4131151181E-23    0.2078543631E-08    0.3118278254E-24
    0.6400000000E+00    0.2674970400E-22    0.1847069675E-23    0.3710565646E-07    0.5639566536E+15    0.2998310798E-22    0.1508567355E-07    0.2425048486E-23
    0.6400000000E+00    0.2866282424E-22    0.1979170815E-23    0.3796995823E-07   -0.2933639431E+15   -0.1671235523E-22   -0.8408639140E-08   -0.1448376387E-23
    0.6400000000E+00    0.3071276952E-22    0.2120719737E-23    0.3885439218E-07   -0.3335152012E+17   -0.2035853661E-20   -0.1024317551E-05   -0.1890559433E-21
    0.6400000000E+00    0.3290932546E-22    0.2272392139E-23    0.3975942724E-07   -0.8652774894E+18   -0.5659607708E-19   -0.2847569851E-04   -0.5631578043E-20
    0.6400000000E+00    0.3526297755E-22    0.2434912046E-23    0.4068554327E-07   -0.1731769974E+20   -0.1213727325E-17   -0.6106736571E-03   -0.1294091268E-18
    0.6400000000E+00    0.3778496121E-22    0.2609055264E-23    0.4163323131E-07   -0.3529121520E+20   -0.2650315258E-17   -0.1333477197E-02   -0.3027898510E-18
    0.6400000000E+00    0.4048731538E-22    0.2795653084E-23    0.4260299385E-07    0.6837358088E+20    0.5501983066E-17    0.2768262733E-02    0.6735394330E-18
    0.6400000000E+00    0.4338294005E-22    0.2995596250E-23    0.4359534505E-07    0.2174985997E+22    0.1875371834E-15    0.9435728710E-01    0.2459977680E-16
    0.6400000000E+00    0.4648565778E-22    0.3209839213E-23    0.4461081109E-07    0.3366469367E+23    0.3110323709E-14    0.1564925429E+01    0.4371690103E-15
    0.6400000000E+00    0.4981027973E-22    0.3439404683E-23    0.4564993037E-07    0.1770614950E+24    0.1752891563E-13    0.8819482595E+01    0.2639969007E-14
    0.6400000000E+00    0.5337267633E-22    0.3685388516E-23    0.4671325384E-07    0.1419124931E+24    0.1505398759E-13    0.7574249559E+01    0.2429379325E-14
    0.6400000000E+00    0.5718985306E-22    0.3948964943E-23    0.4780134531E-07   -0.1095206937E+25   -0.1244878911E-12   -0.6263472380E+02   -0.2152637430E-13
    0.6400000000E+00    0.6128003161E-22    0.4231392172E-23    0.4891478167E-07   -0.1498414576E+26   -0.1825000186E-11   -0.9182289261E+03   -0.3381478968E-12
    0.6400000000E+00    0.6566273690E-22    0.4534018400E-23    0.5005415331E-07   -0.1417029273E+27   -0.1849310118E-10   -0.9304602033E+04   -0.3671584464E-11
    0.6400000000E+00    0.7035889022E-22    0.4858288246E-23    0.5122006431E-07   -0.1170762277E+28   -0.1637192116E-09   -0.8237353454E+05   -0.3482919383E-10
    0.6400000000E+00    0.7539090917E-22    0.5205749646E-23    0.5241313287E-07   -0.3995273509E+28   -0.5986561378E-09   -0.3012073022E+06   -0.1364649804E-09
    0.6400000000E+00    0.8078281461E-22    0.5578061244E-23    0.5363399157E-07   -0.4010574147E+28   -0.6439282430E-09   -0.3239854678E+06   -0.1572828070E-09
    0.6400000000E+00    0.8656034539E-22    0.5977000309E-23    0.5488328773E-07    0.2251731453E+28    0.3873892082E-09    0.1949106523E+06    0.1013891065E-09
    0.6400000000E+00    0.9275108115E-22    0.6404471218E-23    0.5616168372E-07    0.4949753279E+29    0.9124613463E-08    0.4590949681E+07    0.2558929102E-08
    0.6400000000E+00    0.9938457404E-22    0.6862514550E-23    0.5746985739E-07    0.3129412461E+30    0.6181497977E-07    0.3110153244E+08    0.1857537153E-07
    0.6400000000E+00    0.1064924897E-21    0.7353316823E-23    0.5880850233E-07    0.1585793942E+31    0.3356430650E-06    0.1688751451E+09    0.1080740573E-06
    0.6400000000E+00    0.1141087586E-21    0.7879220933E-23    0.6017832832E-07    0.7129022012E+31    0.1616817047E-05    0.8134838518E+09    0.5578335840E-06
    0.6400000000E+00    0.1222697377E-21    0.8442737340E-23    0.6158006166E-07    0.2923726393E+32    0.7105058402E-05    0.3574832593E+10    0.2626705780E-05
    0.6400000000E+00    0.1310143844E-21    0.9046556049E-23    0.6301444556E-07    0.1108823190E+33    0.2887308731E-04    0.1452717877E+11    0.1143765524E-04
    0.6400000000E+00    0.1403844422E-21    0.9693559452E-23    0.6448224056E-07    0.3930237672E+33    0.1096603779E-03    0.5517442233E+11    0.4654719508E-04
    0.6400000000E+00    0.1504246400E-21    0.1038683609E-22    0.6598422489E-07    0.1314151069E+34    0.3928947419E-03    0.1976807014E+12    0.1786981244E-03
    0.6400000000E+00    0.1611829057E-21    0.1112969539E-22    0.6752119493E-07    0.4171482011E+34    0.1336353326E-02    0.6723715916E+12    0.6512760033E-03
    0.6400000000E+00    0.1727105951E-21    0.1192568347E-22    0.6909396560E-07    0.1133734046E+35    0.3891724718E-02    0.1958078819E+13    0.2032290983E-02
    0.6400000000E+00    0.1850627369E-21    0.1277860007E-22    0.7070337081E-07    0.2439121121E+35    0.8971484081E-02    0.4513904303E+13    0.5020050297E-02
    0.6400000000E+00    0.1982982953E-21    0.1369251667E-22    0.7235026388E-07    0.4488676414E+35    0.1769087127E-01    0.8900968808E+13    0.1060701053E-01
    0.6400000000E+00    0.2124804516E-21    0.1467179595E-22    0.7403551802E-07    0.7314687980E+35    0.3089062741E-01    0.1554228205E+14    0.1984588666E-01
    0.6400000000E+00    0.2276769058E-21    0.1572111260E-22    0.7576002677E-07    0.1067674304E+36    0.4831363504E-01    0.2430847819E+14    0.3325932967E-01
    0.6400000000E+00    0.2439602000E-21    0.1684547565E-22    0.7752470448E-07    0.1398500048E+36    0.6780994773E-01    0.3411783515E+14    0.5001925135E-01
    0.6400000000E+00    0.2614080640E-21    0.1805025236E-22    0.7933048683E-07    0.1641678817E+36    0.8529412500E-01    0.4291480812E+14    0.6741598680E-01
    0.6400000000E+00    0.2801037871E-21    0.1934119387E-22    0.8117833125E-07    0.1726123673E+36    0.9609545172E-01    0.4834937778E+14    0.8138542021E-01
    0.6400000000E+00    0.3001366153E-21    0.2072446262E-22    0.8306921749E-07    0.1722308440E+36    0.1027405423E+00    0.5169278259E+14    0.9323642898E-01
    0.6400000000E+00    0.3216021775E-21    0.2220666179E-22    0.8500414813E-07    0.1680466296E+36    0.1074139606E+00    0.5404416200E+14    0.1044490533E+00
    0.6400000000E+00    0.3446029418E-21    0.2379486681E-22    0.8698414910E-07    0.1511200650E+36    0.1035030281E+00    0.5207641898E+14    0.1078442100E+00
    0.6400000000E+00    0.3692487048E-21    0.2549665916E-22    0.8901027021E-07    0.1220598576E+36    0.8957849935E-01    0.4507044432E+14    0.1000109518E+00
    0.6400000000E+00    0.3956571157E-21    0.2732016250E-22    0.9108358575E-07    0.9159880975E+35    0.7203121731E-01    0.3624172086E+14    0.8617167441E-01
    0.6400000000E+00    0.4239542377E-21    0.2927408154E-22    0.9320519501E-07    0.6500561026E+35    0.5477492147E-01    0.2755940394E+14    0.7021429526E-01
    0.6400000000E+00    0.4542751502E-21    0.3136774352E-22    0.9537622289E-07    0.4386644430E+35    0.3960621648E-01    0.1992743557E+14    0.5440103151E-01
    0.6400000000E+00    0.4867645933E-21    0.3361114274E-22    0.9759782052E-07    0.2811505488E+35    0.2720005984E-01    0.1368541325E+14    0.4003258524E-01
    0.6400000000E+00    0.5215776589E-21    0.3601498832E-22    0.9987116580E-07    0.1707753729E+35    0.1770337897E-01    0.8907261917E+13    0.2791900546E-01
    0.6400000000E+00    0.5588805307E-21    0.3859075526E-22    0.1021974641E-06    0.9829701287E+34    0.1091870781E-01    0.5493628672E+13    0.1845079237E-01
    0.6400000000E+00    0.5988512779E-21    0.4135073927E-22    0.1045779488E-06    0.5372759227E+34    0.6394819676E-02    0.3217483729E+13    0.1157902736E-01
    0.6400000000E+00    0.6416807053E-21    0.4430811541E-22    0.1070138822E-06    0.2796965765E+34    0.3567122915E-02    0.1794758964E+13    0.6920888492E-02
    0.6400000000E+00    0.6875732635E-21    0.4747700104E-22    0.1095065557E-06    0.1390329256E+34    0.1899978057E-02    0.9559532239E+12    0.3949956956E-02
    0.6400000000E+00    0.7367480256E-21    0.5087252317E-22    0.1120572911E-06    0.6610476415E+33    0.9679739817E-03    0.4870255447E+12    0.2156291454E-02
    0.6400000000E+00    0.7894397325E-21    0.5451089068E-22    0.1146674407E-06    0.3009987893E+33    0.4722757786E-03    0.2376204037E+12    0.1127299853E-02
    0.6400000000E+00    0.8458999137E-21    0.5840947171E-22    0.1173383885E-06    0.1314191531E+33    0.2209477523E-03    0.1111674502E+12    0.5651104853E-03
    0.6400000000E+00    0.9063980879E-21    0.6258687655E-22    0.1200715507E-06    0.5510111144E+32    0.9926388826E-04    0.4994354204E+11    0.2720414372E-03
    0.6400000000E+00    0.9712230494E-21    0.6706304648E-22    0.1228683764E-06    0.2222054621E+32    0.4289292412E-04    0.2158110665E+11    0.1259590660E-03
    0.6400000000E+00    0.1040684247E-20    0.7185934897E-22    0.1257303485E-06    0.8631220197E+31    0.1785266766E-04    0.8982374892E+10    0.5617549369E-04
    0.6400000000E+00    0.1115113261E-20    0.7699867968E-22    0.1286589846E-06    0.3233466769E+31    0.7166371630E-05    0.3605681674E+10    0.2416256879E-04
    0.6400000000E+00    0.1194865387E-20    0.8250557175E-22    0.1316558373E-06    0.1169733391E+31    0.2777907698E-05    0.1397673941E+10    0.1003602163E-04
    0.6400000000E+00    0.1280321329E-20    0.8840631292E-22    0.1347224957E-06    0.4092000529E+30    0.1041277790E-05    0.5239075558E+09    0.4030977580E-05
    0.6400000000E+00    0.1371889021E-20    0.9472907100E-22    0.1378605858E-06    0.1386376149E+30    0.3780175839E-06    0.1901954218E+09    0.1568035098E-05
    0.6400000000E+00    0.1470005571E-20    0.1015040283E-21    0.1410717713E-06    0.4555037328E+29    0.1330830864E-06    0.6695930248E+08    0.5915161980E-06
    0.6400000000E+00    0.1575139348E-20    0.1087635259E-21    0.1443577550E-06    0.1452153441E+29    0.4546146558E-07    0.2287344025E+08    0.2165146114E-06
    0.6400000000E+00    0.1687792220E-20    0.1165422177E-21    0.1477202791E-06    0.4491379082E+28    0.1506643963E-07    0.7580514671E+07    0.7688726514E-07
    0.6400000000E+00    0.1808501947E-20    0.1248772362E-21    0.1511611264E-06    0.1348325448E+28    0.4846471410E-08    0.2438449197E+07    0.2650143756E-07
    0.6400000000E+00    0.1937844750E-20    0.1338083694E-21    0.1546821213E-06    0.3940048018E+27    0.1517513064E-08    0.7635201366E+06    0.8891524227E-08
    0.6400000000E+00    0.2076438060E-20    0.1433782510E-21    0.1582851308E-06    0.1125926648E+27    0.4646661345E-09    0.2337916944E+06    0.2917324903E-08
    0.6400000000E+00    0.2224943467E-20    0.1536325639E-21    0.1619720651E-06    0.3151177321E+26    0.1393489710E-09    0.7011191396E+05    0.9374487703E-09
    0.6400000000E+00    0.2384069878E-20    0.1646202581E-21    0.1657448792E-06    0.8586393245E+25    0.4068569120E-10    0.2047056150E+05    0.2932820452E-09
    0.6400000000E+00    0.2554576900E-20    0.1763937846E-21    0.1696055734E-06    0.2259447707E+25    0.1147184362E-10    0.5771932917E+04    0.8860882871E-10
    0.6400000000E+00    0.2737278465E-20    0.1890093455E-21    0.1735561947E-06    0.5764226656E+24    0.3135970534E-11    0.1577829349E+04    0.2595468431E-10
    0.6400000000E+00    0.2933046719E-20    0.2025271626E-21    0.1775988378E-06    0.1456119359E+24    0.8488440324E-12    0.4270866109E+03    0.7527862491E-11
    0.6400000000E+00    0.3142816182E-20    0.2170117645E-21    0.1817356462E-06    0.3693454214E+23    0.2307085255E-12    0.1160784767E+03    0.2192337543E-11
    0.6400000000E+00    0.3367588212E-20    0.2325322952E-21    0.1859688132E-06    0.9259488536E+22    0.6197519790E-13    0.3118214445E+02    0.6310469904E-12
    0.6400000000E+00    0.3608435782E-20    0.2491628434E-21    0.1903005833E-06    0.1824780972E+22    0.1308704716E-13    0.6584604953E+01    0.1427859401E-12
    0.6400000000E+00    0.3866508602E-20    0.2669827968E-21    0.1947332533E-06    0.7158232378E+21    0.5500937577E-14    0.2767736706E+01    0.6431029390E-13
