    0.6850000000E+00    0.4143038610E-23    0.2860772210E-24    0.1992691735E-07   -0.3304367276E-06   -0.2720941700E-44   -0.1369012121E-29   -0.1793442441E-46
    0.6850000000E+00    0.4439345853E-23    0.3065372650E-24    0.2039107488E-07   -0.1841613824E-06   -0.1624910669E-44   -0.8175560695E-30   -0.1147618913E-46
    0.6850000000E+00    0.4756844785E-23    0.3284605973E-24    0.2086604403E-07    0.7308875782E-06    0.6910055011E-44    0.3476718764E-29    0.5229374097E-46
    0.6850000000E+00    0.5097051019E-23    0.3519518710E-24    0.2135207663E-07    0.1393568020E-05    0.1411754222E-43    0.7103087296E-29    0.1144793887E-45
    0.6850000000E+00    0.5461588566E-23    0.3771232243E-24    0.2184943039E-07    0.7794105280E-06    0.8460522635E-44    0.4256819628E-29    0.7351321192E-46
    0.6850000000E+00    0.5852197586E-23    0.4040948153E-24    0.2235836900E-07   -0.4151812443E-05   -0.4829127257E-43   -0.2429722676E-28   -0.4496109261E-45
    0.6850000000E+00    0.6270742692E-23    0.4329953957E-24    0.2287916232E-07   -0.6549761015E-05   -0.8163123704E-43   -0.4107186602E-28   -0.8143752837E-45
    0.6850000000E+00    0.6719221852E-23    0.4639629256E-24    0.2341208647E-07    0.1629702341E-05    0.2176402487E-43    0.1095033159E-28    0.2326523373E-45
    0.6850000000E+00    0.7199775931E-23    0.4971452317E-24    0.2395742402E-07    0.2497526061E-04    0.3573888117E-42    0.1798162802E-27    0.4093635395E-44
    0.6850000000E+00    0.7714698903E-23    0.5327007132E-24    0.2451546411E-07    0.1517091599E-04    0.2326176839E-42    0.1170390489E-27    0.2855031694E-44
    0.6850000000E+00    0.8266448809E-23    0.5707990981E-24    0.2508650263E-07   -0.6551123927E-04   -0.1076333206E-41   -0.5415453058E-27   -0.1415516530E-43
    0.6850000000E+00    0.8857659485E-23    0.6116222531E-24    0.2567084234E-07   -0.5929271134E-04   -0.1043835912E-41   -0.5251946470E-27   -0.1470958569E-43
    0.6850000000E+00    0.9491153137E-23    0.6553650517E-24    0.2626879307E-07    0.1471198305E-03    0.2775250182E-41    0.1396336841E-26    0.4190543433E-43
    0.6850000000E+00    0.1016995382E-22    0.7022363048E-24    0.2688067187E-07    0.1402860655E-03    0.2835603207E-41    0.1426702807E-26    0.4587897065E-43
    0.6850000000E+00    0.1089730185E-22    0.7524597575E-24    0.2750680315E-07   -0.3083766024E-03   -0.6679013836E-41   -0.3360472919E-26   -0.1157925318E-42
    0.6850000000E+00    0.1167666930E-22    0.8062751566E-24    0.2814751890E-07   -0.2145241502E-03   -0.4978598618E-41   -0.2504927560E-26   -0.9248585605E-43
    0.6850000000E+00    0.1251177658E-22    0.8639393956E-24    0.2880315884E-07    0.5603493140E-03    0.1393444798E-40    0.7010965423E-26    0.2773690347E-42
    0.6850000000E+00    0.1340661015E-22    0.9257277409E-24    0.2947407060E-07    0.8684235566E-04    0.2313995550E-41    0.1164261607E-26    0.4935495109E-43
    0.6850000000E+00    0.1436544159E-22    0.9919351458E-24    0.3016060990E-07   -0.6427583668E-03   -0.1835179978E-40   -0.9233507775E-26   -0.4194178107E-42
    0.6850000000E+00    0.1539284799E-22    0.1062877658E-23    0.3086314075E-07   -0.3469688137E-03   -0.1061503340E-40   -0.5340838208E-26   -0.2599498503E-42
    0.6850000000E+00    0.1649373379E-22    0.1138893930E-23    0.3158203565E-07    0.3235388770E-03    0.1060614103E-40    0.5336364108E-26    0.2783079448E-42
    0.6850000000E+00    0.1767335417E-22    0.1220346833E-23    0.3231767576E-07    0.3398476031E-02    0.1193754812E-39    0.6006247053E-25    0.3356474420E-41
    0.6850000000E+00    0.1893734018E-22    0.1307625190E-23    0.3307045113E-07    0.2053340907E-02    0.7728442554E-40    0.3888481525E-25    0.2328413934E-41
    0.6850000000E+00    0.2029172559E-22    0.1401145635E-23    0.3384076090E-07   -0.3523341981E-01   -0.1420972661E-38   -0.7149468865E-24   -0.4587266051E-40
    0.6850000000E+00    0.2174297571E-22    0.1501354598E-23    0.3462901348E-07   -0.2475364548E-01   -0.1069719938E-38   -0.5382179123E-24   -0.3700311600E-40
    0.6850000000E+00    0.2329801823E-22    0.1608730435E-23    0.3543562682E-07    0.6385788591E+00    0.2956960074E-37    0.1487762190E-22    0.1096007856E-38
    0.6850000000E+00    0.2496427630E-22    0.1723785718E-23    0.3626102861E-07    0.1552415893E+01    0.7702629420E-37    0.3875493928E-22    0.3059195351E-38
    0.6850000000E+00    0.2674970400E-22    0.1847069675E-23    0.3710565646E-07   -0.9557084383E+00   -0.5081083646E-37   -0.2556491783E-22   -0.2162342832E-38
    0.6850000000E+00    0.2866282424E-22    0.1979170815E-23    0.3796995823E-07   -0.1997555354E+02   -0.1137967206E-35   -0.5725557803E-21   -0.5189170653E-37
    0.6850000000E+00    0.3071276952E-22    0.2120719737E-23    0.3885439218E-07   -0.4005696869E+02   -0.2445169697E-35   -0.1230260447E-20   -0.1194750474E-36
    0.6850000000E+00    0.3290932546E-22    0.2272392139E-23    0.3975942724E-07   -0.9370705386E+02   -0.6129191743E-35   -0.3083835933E-20   -0.3209012541E-36
    0.6850000000E+00    0.3526297755E-22    0.2434912046E-23    0.4068554327E-07   -0.2576340844E+04   -0.1805652787E-33   -0.9084944936E-19   -0.1012983681E-34
    0.6850000000E+00    0.3778496121E-22    0.2609055264E-23    0.4163323131E-07   -0.1843046474E+06   -0.1384099177E-31   -0.6963943953E-17   -0.8320231630E-33
    0.6850000000E+00    0.4048731538E-22    0.2795653084E-23    0.4260299385E-07   -0.1018240574E+07   -0.8193723840E-31   -0.4122582726E-16   -0.5277758684E-32
    0.6850000000E+00    0.4338294005E-22    0.2995596250E-23    0.4359534505E-07    0.3876769244E+07    0.3342726739E-30    0.1681856477E-15    0.2307114145E-31
    0.6850000000E+00    0.4648565778E-22    0.3209839213E-23    0.4461081109E-07    0.3050745463E+09    0.2818622393E-28    0.1418159095E-13    0.2084515383E-29
    0.6850000000E+00    0.4981027973E-22    0.3439404683E-23    0.4564993037E-07    0.1210809177E+10    0.1198689298E-27    0.6031074381E-13    0.9498933219E-29
    0.6850000000E+00    0.5337267633E-22    0.3685388516E-23    0.4671325384E-07   -0.4176193826E+10   -0.4430080020E-27   -0.2228946414E-12   -0.3761662065E-28
    0.6850000000E+00    0.5718985306E-22    0.3948964943E-23    0.4780134531E-07   -0.2386359839E+12   -0.2712481941E-25   -0.1364755686E-10   -0.2467942642E-26
    0.6850000000E+00    0.6128003161E-22    0.4231392172E-23    0.4891478167E-07   -0.8099527055E+13   -0.9864852235E-24   -0.4963392740E-09   -0.9617424616E-25
    0.6850000000E+00    0.6566273690E-22    0.4534018400E-23    0.5005415331E-07   -0.2437043282E+15   -0.3180490965E-22   -0.1600229318E-07   -0.3322479980E-23
    0.6850000000E+00    0.7035889022E-22    0.4858288246E-23    0.5122006431E-07   -0.2027227699E+16   -0.2834872006E-21   -0.1426334911E-06   -0.3173230807E-22
    0.6850000000E+00    0.7539090917E-22    0.5205749646E-23    0.5241313287E-07   -0.7663657330E+15   -0.1148330769E-21   -0.5777700937E-07   -0.1377321123E-22
    0.6850000000E+00    0.8078281461E-22    0.5578061244E-23    0.5363399157E-07    0.5440993959E+17    0.8735930447E-20    0.4395388063E-05    0.1122735291E-20
    0.6850000000E+00    0.8656034539E-22    0.5977000309E-23    0.5488328773E-07    0.1201538078E+19    0.2067133201E-18    0.1040055510E-03    0.2846667014E-19
    0.6850000000E+00    0.9275108115E-22    0.6404471218E-23    0.5616168372E-07    0.2181497863E+20    0.4021478173E-17    0.2023362854E-02    0.5934087179E-18
    0.6850000000E+00    0.9938457404E-22    0.6862514550E-23    0.5746985739E-07    0.1652670447E+21    0.3264503849E-16    0.1642499484E-01    0.5161612429E-17
    0.6850000000E+00    0.1064924897E-21    0.7353316823E-23    0.5880850233E-07    0.1466883950E+21    0.3104750322E-16    0.1562121240E-01    0.5260110739E-17
    0.6850000000E+00    0.1141087586E-21    0.7879220933E-23    0.6017832832E-07   -0.1259154997E+22   -0.2855683795E-15   -0.1436806135E+00   -0.5184159126E-16
    0.6850000000E+00    0.1222697377E-21    0.8442737340E-23    0.6158006166E-07   -0.2074547703E+23   -0.5041437060E-14   -0.2536544036E+01   -0.9806692463E-15
    0.6850000000E+00    0.1310143844E-21    0.9046556049E-23    0.6301444556E-07   -0.2412811931E+24   -0.6282816789E-13   -0.3161130698E+02   -0.1309551560E-13
    0.6850000000E+00    0.1403844422E-21    0.9693559452E-23    0.6448224056E-07   -0.2484506796E+25   -0.6932200462E-12   -0.3487861007E+03   -0.1548243693E-12
    0.6850000000E+00    0.1504246400E-21    0.1038683609E-22    0.6598422489E-07   -0.2333895106E+26   -0.6977699418E-11   -0.3510753310E+04   -0.1669861546E-11
    0.6850000000E+00    0.1611829057E-21    0.1112969539E-22    0.6752119493E-07   -0.1025411052E+27   -0.3284951167E-10   -0.1652787329E+05   -0.8423588140E-11
    0.6850000000E+00    0.1727105951E-21    0.1192568347E-22    0.6909396560E-07   -0.1052591257E+27   -0.3613189026E-10   -0.1817936625E+05   -0.9927934175E-11
    0.6850000000E+00    0.1850627369E-21    0.1277860007E-22    0.7070337081E-07    0.1135733592E+27    0.4177412818E-10    0.2101819668E+05    0.1229916425E-10
    0.6850000000E+00    0.1982982953E-21    0.1369251667E-22    0.7235026388E-07    0.2040899430E+28    0.8043638205E-09    0.4047068777E+06    0.2537585796E-09
    0.6850000000E+00    0.2124804516E-21    0.1467179595E-22    0.7403551802E-07    0.1486890445E+29    0.6279280658E-08    0.3159351533E+07    0.2122648588E-08
    0.6850000000E+00    0.2276769058E-21    0.1572111260E-22    0.7576002677E-07    0.9054907268E+29    0.4097461965E-07    0.2061593269E+08    0.1484168252E-07
    0.6850000000E+00    0.2439602000E-21    0.1684547565E-22    0.7752470448E-07    0.5006600655E+30    0.2427581816E-06    0.1221411297E+09    0.9421977922E-07
    0.6850000000E+00    0.2614080640E-21    0.1805025236E-22    0.7933048683E-07    0.2564383081E+31    0.1332336197E-05    0.6703504166E+09    0.5540921959E-06
    0.6850000000E+00    0.2801037871E-21    0.1934119387E-22    0.8117833125E-07    0.1224617252E+32    0.6817596551E-05    0.3430199300E+10    0.3038082085E-05
    0.6850000000E+00    0.3001366153E-21    0.2072446262E-22    0.8306921749E-07    0.5466278694E+32    0.3260788975E-04    0.1640630386E+11    0.1557008203E-04
    0.6850000000E+00    0.3216021775E-21    0.2220666179E-22    0.8500414813E-07    0.2283808246E+33    0.1459790593E-03    0.7344777051E+11    0.7468936501E-04
    0.6850000000E+00    0.3446029418E-21    0.2379486681E-22    0.8698414910E-07    0.8943701340E+33    0.6125594049E-03    0.3082025793E+12    0.3358276255E-03
    0.6850000000E+00    0.3692487048E-21    0.2549665916E-22    0.8901027021E-07    0.3289571159E+34    0.2414183122E-02    0.1214669890E+13    0.1418203053E-02
    0.6850000000E+00    0.3956571157E-21    0.2732016250E-22    0.9108358575E-07    0.1132747097E+35    0.8907665121E-02    0.4481794490E+13    0.5607019779E-02
    0.6850000000E+00    0.4239542377E-21    0.2927408154E-22    0.9320519501E-07    0.2934582975E+35    0.2472733528E-01    0.1244128888E+14    0.1667805970E-01
    0.6850000000E+00    0.4542751502E-21    0.3136774352E-22    0.9537622289E-07    0.5494034729E+35    0.4960464253E-01    0.2495803452E+14    0.3585011316E-01
    0.6850000000E+00    0.4867645933E-21    0.3361114274E-22    0.9759782052E-07    0.8217343794E+35    0.7949913093E-01    0.3999912010E+14    0.6156453274E-01
    0.6850000000E+00    0.5215776589E-21    0.3601498832E-22    0.9987116580E-07    0.1023693363E+36    0.1061208724E+00    0.5339355876E+14    0.8805804066E-01
    0.6850000000E+00    0.5588805307E-21    0.3859075526E-22    0.1021974641E-06    0.1083531277E+36    0.1203572832E+00    0.6055645352E+14    0.1070139963E+00
    0.6850000000E+00    0.5988512779E-21    0.4135073927E-22    0.1045779488E-06    0.1076402410E+36    0.1281166533E+00    0.6446049587E+14    0.1220601198E+00
    0.6850000000E+00    0.6416807053E-21    0.4430811541E-22    0.1070138822E-06    0.1023710927E+36    0.1305594352E+00    0.6568955495E+14    0.1332835247E+00
    0.6850000000E+00    0.6875732635E-21    0.4747700104E-22    0.1095065557E-06    0.8475181641E+35    0.1158190341E+00    0.5827308300E+14    0.1266916946E+00
    0.6850000000E+00    0.7367480256E-21    0.5087252317E-22    0.1120572911E-06    0.6067989015E+35    0.8885373940E-01    0.4470578926E+14    0.1041463170E+00
    0.6850000000E+00    0.7894397325E-21    0.5451089068E-22    0.1146674407E-06    0.3893014651E+35    0.6108252228E-01    0.3073300445E+14    0.7671586189E-01
    0.6850000000E+00    0.8458999137E-21    0.5840947171E-22    0.1173383885E-06    0.2285870259E+35    0.3843107220E-01    0.1933617455E+14    0.5171907009E-01
    0.6850000000E+00    0.9063980879E-21    0.6258687655E-22    0.1200715507E-06    0.1241309344E+35    0.2236201572E-01    0.1125120416E+14    0.3224624541E-01
    0.6850000000E+00    0.9712230494E-21    0.6706304648E-22    0.1228683764E-06    0.6234101143E+34    0.1203385483E-01    0.6054702722E+13    0.1859400633E-01
    0.6850000000E+00    0.1040684247E-20    0.7185934897E-22    0.1257303485E-06    0.2875512439E+34    0.5947660556E-02    0.2992500498E+13    0.9847236787E-02
    0.6850000000E+00    0.1115113261E-20    0.7699867968E-22    0.1286589846E-06    0.1207819262E+34    0.2676904484E-02    0.1346855276E+13    0.4748988104E-02
    0.6850000000E+00    0.1194865387E-20    0.8250557175E-22    0.1316558373E-06    0.4594573973E+33    0.1091129184E-02    0.5489897409E+12    0.2074170143E-02
    0.6850000000E+00    0.1280321329E-20    0.8840631292E-22    0.1347224957E-06    0.1582773203E+33    0.4027630424E-03    0.2026458291E+12    0.8203852044E-03
    0.6850000000E+00    0.1371889021E-20    0.9472907100E-22    0.1378605858E-06    0.4962468416E+32    0.1353096216E-03    0.6807955940E+11    0.2953227380E-03
    0.6850000000E+00    0.1470005571E-20    0.1015040283E-21    0.1410717713E-06    0.1424803708E+32    0.4162803974E-04    0.2094469388E+11    0.9735408223E-04
    0.6850000000E+00    0.1575139348E-20    0.1087635259E-21    0.1443577550E-06    0.3747046292E+31    0.1173059342E-04    0.5902120055E+10    0.2939599663E-04
    0.6850000000E+00    0.1687792220E-20    0.1165422177E-21    0.1477202791E-06    0.8935065108E+30    0.2997289176E-05    0.1508053337E+10    0.8048164636E-05
    0.6850000000E+00    0.1808501947E-20    0.1248772362E-21    0.1511611264E-06    0.1808378361E+30    0.6500102806E-06    0.3270455787E+09    0.1870201634E-05
    0.6850000000E+00    0.1937844750E-20    0.1338083694E-21    0.1546821213E-06    0.3936592285E+29    0.1516182085E-06    0.7628504692E+08    0.4674332129E-06
    0.6850000000E+00    0.2076438060E-20    0.1433782510E-21    0.1582851308E-06    0.8966840408E+28    0.3700584830E-07    0.1861908870E+08    0.1222471015E-06
    0.6850000000E+00    0.2224943467E-20    0.1536325639E-21    0.1619720651E-06    0.2068338429E+28    0.9146449166E-08    0.4601936077E+07    0.3237581662E-07
    0.6850000000E+00    0.2384069878E-20    0.1646202581E-21    0.1657448792E-06    0.4362470023E+27    0.2067109008E-08    0.1040043338E+07    0.7840280238E-08
    0.6850000000E+00    0.2554576900E-20    0.1763937846E-21    0.1696055734E-06    0.9671111807E+26    0.4910292102E-09    0.2470559882E+06    0.1995609371E-08
    0.6850000000E+00    0.2737278465E-20    0.1890093455E-21    0.1735561947E-06    0.2344381672E+26    0.1275437675E-09    0.6417225465E+05    0.5554275888E-09
    0.6850000000E+00    0.2933046719E-20    0.2025271626E-21    0.1775988378E-06    0.5560006753E+25    0.3241203080E-10    0.1630775956E+05    0.1512427096E-09
    0.6850000000E+00    0.3142816182E-20    0.2170117645E-21    0.1817356462E-06    0.1025276669E+25    0.6404304880E-11    0.3222256106E+04    0.3202139184E-10
    0.6850000000E+00    0.3367588212E-20    0.2325322952E-21    0.1859688132E-06    0.2544035202E+24    0.1702762356E-11    0.8567262958E+03    0.9122675917E-11
    0.6850000000E+00    0.3608435782E-20    0.2491628434E-21    0.1903005833E-06    0.4984413058E+23    0.3574744026E-12    0.1798593443E+03    0.2052169154E-11
    0.6850000000E+00    0.3866508602E-20    0.2669827968E-21    0.1947332533E-06    0.1916097804E+23    0.1472477262E-12    0.7408608641E+02    0.9057676460E-12
