    0.6310000000E+00    0.4143038610E-23    0.2860772210E-24    0.1992691735E-07   -0.6040421283E+12   -0.4973912637E-26   -0.2502569860E-11   -0.8290861447E-28
    0.6310000000E+00    0.4439345853E-23    0.3065372650E-24    0.2039107488E-07   -0.5803612859E+12   -0.5120700295E-26   -0.2576424468E-11   -0.9145992959E-28
    0.6310000000E+00    0.4756844785E-23    0.3284605973E-24    0.2086604403E-07    0.8643606742E+12    0.8171954191E-26    0.4111629565E-11    0.1563966434E-27
    0.6310000000E+00    0.5097051019E-23    0.3519518710E-24    0.2135207663E-07    0.3180250790E+13    0.3221753382E-25    0.1620990053E-10    0.6606840123E-27
    0.6310000000E+00    0.5461588566E-23    0.3771232243E-24    0.2184943039E-07    0.2700120661E+13    0.2930988375E-25    0.1474694813E-10    0.6440440915E-27
    0.6310000000E+00    0.5852197586E-23    0.4040948153E-24    0.2235836900E-07   -0.5743116417E+13   -0.6680032013E-25   -0.3360985204E-10   -0.1572823713E-26
    0.6310000000E+00    0.6270742692E-23    0.4329953957E-24    0.2287916232E-07   -0.1547394401E+14   -0.1928554627E-24   -0.9703312131E-10   -0.4865566913E-26
    0.6310000000E+00    0.6719221852E-23    0.4639629256E-24    0.2341208647E-07   -0.5834401121E+13   -0.7791610028E-25   -0.3920263551E-10   -0.2106341150E-26
    0.6310000000E+00    0.7199775931E-23    0.4971452317E-24    0.2395742402E-07    0.4971699270E+14    0.7114358974E-24    0.3579512074E-09    0.2060806803E-25
    0.6310000000E+00    0.7714698903E-23    0.5327007132E-24    0.2451546411E-07    0.4726221357E+14    0.7246778419E-24    0.3646137472E-09    0.2249295357E-25
    0.6310000000E+00    0.8266448809E-23    0.5707990981E-24    0.2508650263E-07   -0.1099893955E+15   -0.1807098140E-23   -0.9092217072E-09   -0.6010121385E-25
    0.6310000000E+00    0.8857659485E-23    0.6116222531E-24    0.2567084234E-07   -0.1523864388E+15   -0.2682731717E-23   -0.1349787185E-08   -0.9560459108E-25
    0.6310000000E+00    0.9491153137E-23    0.6553650517E-24    0.2626879307E-07    0.2238634857E+15    0.4222932947E-23    0.2124722625E-08    0.1612559285E-24
    0.6310000000E+00    0.1016995382E-22    0.7022363048E-24    0.2688067187E-07    0.3535723697E+15    0.7146760743E-23    0.3595814671E-08    0.2924224744E-24
    0.6310000000E+00    0.1089730185E-22    0.7524597575E-24    0.2750680315E-07   -0.4595973163E+15   -0.9954246888E-23   -0.5008370684E-08   -0.4364252934E-24
    0.6310000000E+00    0.1167666930E-22    0.8062751566E-24    0.2814751890E-07   -0.7016556345E+15   -0.1628376930E-22   -0.8193000809E-08   -0.7649912109E-24
    0.6310000000E+00    0.1251177658E-22    0.8639393956E-24    0.2880315884E-07    0.8886709756E+15    0.2209896428E-22    0.1111885270E-07    0.1112431875E-23
    0.6310000000E+00    0.1340661015E-22    0.9257277409E-24    0.2947407060E-07    0.1628222579E+16    0.4338550899E-22    0.2182894535E-07    0.2340163500E-23
    0.6310000000E+00    0.1436544159E-22    0.9919351458E-24    0.3016060990E-07   -0.1666369670E+16   -0.4757757212E-22   -0.2393813617E-07   -0.2749816925E-23
    0.6310000000E+00    0.1539284799E-22    0.1062877658E-23    0.3086314075E-07   -0.5159343970E+16   -0.1578430292E-21   -0.7941699747E-07   -0.9775228351E-23
    0.6310000000E+00    0.1649373379E-22    0.1138893930E-23    0.3158203565E-07    0.3328671171E+16    0.1091193621E-21    0.5490221616E-07    0.7241079625E-23
    0.6310000000E+00    0.1767335417E-22    0.1220346833E-23    0.3231767576E-07    0.3600153790E+17    0.1264596505E-20    0.6362679299E-06    0.8991941682E-22
    0.6310000000E+00    0.1893734018E-22    0.1307625190E-23    0.3307045113E-07    0.3219411532E+17    0.1211734350E-20    0.6096709136E-06    0.9232279072E-22
    0.6310000000E+00    0.2029172559E-22    0.1401145635E-23    0.3384076090E-07   -0.6118028347E+17   -0.2467416183E-20   -0.1241453524E-05   -0.2014391653E-21
    0.6310000000E+00    0.2174297571E-22    0.1501354598E-23    0.3462901348E-07   -0.8143939707E+18   -0.3519374424E-19   -0.1770734832E-04   -0.3078697210E-20
    0.6310000000E+00    0.2329801823E-22    0.1608730435E-23    0.3543562682E-07   -0.1287934269E+20   -0.5963821317E-18   -0.3000631608E-03   -0.5590184317E-19
    0.6310000000E+00    0.2496427630E-22    0.1723785718E-23    0.3626102861E-07   -0.2669358927E+21   -0.1324457106E-16   -0.6663861380E-02   -0.1330268790E-17
    0.6310000000E+00    0.2674970400E-22    0.1847069675E-23    0.3710565646E-07   -0.1871398222E+22   -0.9949405613E-16   -0.5005934850E-01   -0.1070776031E-16
    0.6310000000E+00    0.2866282424E-22    0.1979170815E-23    0.3796995823E-07   -0.1209782422E+22   -0.6891887729E-16   -0.3467578095E-01   -0.7947667663E-17
    0.6310000000E+00    0.3071276952E-22    0.2120719737E-23    0.3885439218E-07    0.2496039319E+23    0.1523639932E-14    0.7666028032E+00    0.1882711827E-15
    0.6310000000E+00    0.3290932546E-22    0.2272392139E-23    0.3975942724E-07    0.4200115532E+24    0.2747211909E-13    0.1382229690E+02    0.3637421798E-14
    0.6310000000E+00    0.3526297755E-22    0.2434912046E-23    0.4068554327E-07    0.2874808559E+25    0.2014836701E-12    0.1013743097E+03    0.2858520806E-13
    0.6310000000E+00    0.3778496121E-22    0.2609055264E-23    0.4163323131E-07    0.2941424294E+25    0.2208963801E-12    0.1111416029E+03    0.3358072773E-13
    0.6310000000E+00    0.4048731538E-22    0.2795653084E-23    0.4260299385E-07   -0.9580570413E+25   -0.7709430382E-12   -0.3878915758E+03   -0.1255809591E-12
    0.6310000000E+00    0.4338294005E-22    0.2995596250E-23    0.4359534505E-07   -0.1502142404E+27   -0.1295215491E-10   -0.6516735385E+04   -0.2260703124E-11
    0.6310000000E+00    0.4648565778E-22    0.3209839213E-23    0.4461081109E-07   -0.1364782684E+28   -0.1260940017E-09   -0.6344282078E+05   -0.2358283063E-10
    0.6310000000E+00    0.4981027973E-22    0.3439404683E-23    0.4564993037E-07   -0.9580715326E+28   -0.9484814902E-09   -0.4772181104E+06   -0.1900773482E-09
    0.6310000000E+00    0.5337267633E-22    0.3685388516E-23    0.4671325384E-07   -0.1937321812E+29   -0.2055098736E-08   -0.1034000500E+07   -0.4413002735E-09
    0.6310000000E+00    0.5718985306E-22    0.3948964943E-23    0.4780134531E-07   -0.1556408996E+29   -0.1769109262E-08   -0.8901080178E+06   -0.4070578747E-09
    0.6310000000E+00    0.6128003161E-22    0.4231392172E-23    0.4891478167E-07    0.3428524463E+29    0.4175785447E-08    0.2101000875E+07    0.1029531599E-08
    0.6310000000E+00    0.6566273690E-22    0.4534018400E-23    0.5005415331E-07    0.3471201959E+30    0.4530131471E-07    0.2279286209E+08    0.1196774455E-07
    0.6310000000E+00    0.7035889022E-22    0.4858288246E-23    0.5122006431E-07    0.1906824848E+31    0.2666500851E-06    0.1341620802E+09    0.7548197083E-07
    0.6310000000E+00    0.7539090917E-22    0.5205749646E-23    0.5241313287E-07    0.8688905898E+31    0.1301955132E-05    0.6550645153E+09    0.3949094462E-06
    0.6310000000E+00    0.8078281461E-22    0.5578061244E-23    0.5363399157E-07    0.3511566139E+32    0.5638087045E-05    0.2836741964E+10    0.1832454843E-05
    0.6310000000E+00    0.8656034539E-22    0.5977000309E-23    0.5488328773E-07    0.1283474537E+33    0.2208097170E-04    0.1110979993E+11    0.7689882176E-05
    0.6310000000E+00    0.9275108115E-22    0.6404471218E-23    0.5616168372E-07    0.4282595899E+33    0.7894743433E-04    0.3972153998E+11    0.2946046010E-04
    0.6310000000E+00    0.9938457404E-22    0.6862514550E-23    0.5746985739E-07    0.1317483815E+34    0.2602412958E-03    0.1309375678E+12    0.1040585374E-03
    0.6310000000E+00    0.1064924897E-21    0.7353316823E-23    0.5880850233E-07    0.3704142514E+34    0.7840046009E-03    0.3944633586E+12    0.3359078211E-03
    0.6310000000E+00    0.1141087586E-21    0.7879220933E-23    0.6017832832E-07    0.8870484899E+34    0.2011769802E-02    0.1012200020E+13    0.9235912064E-03
    0.6310000000E+00    0.1222697377E-21    0.8442737340E-23    0.6158006166E-07    0.1849717938E+35    0.4495069721E-02    0.2261645272E+13    0.2211250462E-02
    0.6310000000E+00    0.1310143844E-21    0.9046556049E-23    0.6301444556E-07    0.3425157534E+35    0.8918903700E-02    0.4487449059E+13    0.4701246025E-02
    0.6310000000E+00    0.1403844422E-21    0.9693559452E-23    0.6448224056E-07    0.5722894112E+35    0.1596785699E-01    0.8034052975E+13    0.9018787180E-02
    0.6310000000E+00    0.1504246400E-21    0.1038683609E-22    0.6598422489E-07    0.8748683254E+35    0.2615613782E-01    0.1316017528E+14    0.1582978884E-01
    0.6310000000E+00    0.1611829057E-21    0.1112969539E-22    0.6752119493E-07    0.1233161358E+36    0.3950488766E-01    0.1987645308E+14    0.2561841966E-01
    0.6310000000E+00    0.1727105951E-21    0.1192568347E-22    0.6909396560E-07    0.1603826559E+36    0.5505392982E-01    0.2769978395E+14    0.3825514297E-01
    0.6310000000E+00    0.1850627369E-21    0.1277860007E-22    0.7070337081E-07    0.1917515206E+36    0.7052932712E-01    0.3548606121E+14    0.5251353389E-01
    0.6310000000E+00    0.1982982953E-21    0.1369251667E-22    0.7235026388E-07    0.2097050958E+36    0.8264943858E-01    0.4158416301E+14    0.6593885664E-01
    0.6310000000E+00    0.2124804516E-21    0.1467179595E-22    0.7403551802E-07    0.2120383348E+36    0.8954581816E-01    0.4505400113E+14    0.7655028525E-01
    0.6310000000E+00    0.2276769058E-21    0.1572111260E-22    0.7576002677E-07    0.2106520675E+36    0.9532276909E-01    0.4796061094E+14    0.8731686900E-01
    0.6310000000E+00    0.2439602000E-21    0.1684547565E-22    0.7752470448E-07    0.2020619667E+36    0.9797505131E-01    0.4929507780E+14    0.9616499295E-01
    0.6310000000E+00    0.2614080640E-21    0.1805025236E-22    0.7933048683E-07    0.1769532001E+36    0.9193679185E-01    0.4625699345E+14    0.9669206813E-01
    0.6310000000E+00    0.2801037871E-21    0.1934119387E-22    0.8117833125E-07    0.1437231983E+36    0.8001249204E-01    0.4025741214E+14    0.9016942527E-01
    0.6310000000E+00    0.3001366153E-21    0.2072446262E-22    0.8306921749E-07    0.1107527342E+36    0.6606712080E-01    0.3324095080E+14    0.7977868715E-01
    0.6310000000E+00    0.3216021775E-21    0.2220666179E-22    0.8500414813E-07    0.8168903650E+35    0.5221492970E-01    0.2627137202E+14    0.6756102069E-01
    0.6310000000E+00    0.3446029418E-21    0.2379486681E-22    0.8698414910E-07    0.5768925082E+35    0.3951170976E-01    0.1987988555E+14    0.5478066847E-01
    0.6310000000E+00    0.3692487048E-21    0.2549665916E-22    0.8901027021E-07    0.3893041251E+35    0.2857063740E-01    0.1437500440E+14    0.4244450118E-01
    0.6310000000E+00    0.3956571157E-21    0.2732016250E-22    0.9108358575E-07    0.2508954404E+35    0.1972984588E-01    0.9926856629E+13    0.3140690908E-01
    0.6310000000E+00    0.4239542377E-21    0.2927408154E-22    0.9320519501E-07    0.1546251392E+35    0.1302899830E-01    0.6555398300E+13    0.2222350381E-01
    0.6310000000E+00    0.4542751502E-21    0.3136774352E-22    0.9537622289E-07    0.9132587913E+34    0.8245647891E-02    0.4148707746E+13    0.1507045241E-01
    0.6310000000E+00    0.4867645933E-21    0.3361114274E-22    0.9759782052E-07    0.5179593581E+34    0.5011025443E-02    0.2521242763E+13    0.9813594579E-02
    0.6310000000E+00    0.5215776589E-21    0.3601498832E-22    0.9987116580E-07    0.2824980415E+34    0.2928507666E-02    0.1473446671E+13    0.6145367648E-02
    0.6310000000E+00    0.5588805307E-21    0.3859075526E-22    0.1021974641E-06    0.1483323216E+34    0.1647656660E-02    0.8290004664E+12    0.3704829470E-02
    0.6310000000E+00    0.5988512779E-21    0.4135073927E-22    0.1045779488E-06    0.7506157838E+33    0.8934054889E-03    0.4495072214E+12    0.2152534500E-02
    0.6310000000E+00    0.6416807053E-21    0.4430811541E-22    0.1070138822E-06    0.3664770484E+33    0.4673881582E-03    0.2351612509E+12    0.1206644143E-02
    0.6310000000E+00    0.6875732635E-21    0.4747700104E-22    0.1095065557E-06    0.1728257318E+33    0.2361779389E-03    0.1188303524E+12    0.6533423838E-03
    0.6310000000E+00    0.7367480256E-21    0.5087252317E-22    0.1120572911E-06    0.7880524574E+32    0.1153947503E-03    0.5805960921E+11    0.3420483943E-03
    0.6310000000E+00    0.7894397325E-21    0.5451089068E-22    0.1146674407E-06    0.3477777716E+32    0.5456733505E-04    0.2745495910E+11    0.1733142407E-03
    0.6310000000E+00    0.8458999137E-21    0.5840947171E-22    0.1173383885E-06    0.1486745959E+32    0.2499583739E-04    0.1257638279E+11    0.8506858230E-04
    0.6310000000E+00    0.9063980879E-21    0.6258687655E-22    0.1200715507E-06    0.6162143381E+31    0.1110101586E-04    0.5585354977E+10    0.4048221133E-04
    0.6310000000E+00    0.9712230494E-21    0.6706304648E-22    0.1228683764E-06    0.2478322794E+31    0.4783973830E-05    0.2407004222E+10    0.1869348611E-04
    0.6310000000E+00    0.1040684247E-20    0.7185934897E-22    0.1257303485E-06    0.9680733964E+30    0.2002346391E-05    0.1007458734E+10    0.8383796224E-05
    0.6310000000E+00    0.1115113261E-20    0.7699867968E-22    0.1286589846E-06    0.3676127061E+30    0.8147445005E-06    0.4099298036E+09    0.3655299291E-05
    0.6310000000E+00    0.1194865387E-20    0.8250557175E-22    0.1316558373E-06    0.1358143144E+30    0.3225347182E-06    0.1622798234E+09    0.1550522148E-05
    0.6310000000E+00    0.1280321329E-20    0.8840631292E-22    0.1347224957E-06    0.4883744703E+29    0.1242750301E-06    0.6252762511E+08    0.6401553533E-06
    0.6310000000E+00    0.1371889021E-20    0.9472907100E-22    0.1378605858E-06    0.1709553339E+29    0.4661370029E-07    0.2345317457E+08    0.2572853654E-06
    0.6310000000E+00    0.1470005571E-20    0.1015040283E-21    0.1410717713E-06    0.5828460461E+28    0.1702882877E-07    0.8567869349E+07    0.1007131740E-06
    0.6310000000E+00    0.1575139348E-20    0.1087635259E-21    0.1443577550E-06    0.1937982092E+28    0.6067093438E-08    0.3052591849E+07    0.3844874672E-07
    0.6310000000E+00    0.1687792220E-20    0.1165422177E-21    0.1477202791E-06    0.6294953004E+27    0.2111657193E-08    0.1062457271E+07    0.1433919994E-07
    0.6310000000E+00    0.1808501947E-20    0.1248772362E-21    0.1511611264E-06    0.1998557428E+27    0.7183689557E-09    0.3614395000E+06    0.5226958603E-08
    0.6310000000E+00    0.1937844750E-20    0.1338083694E-21    0.1546821213E-06    0.6194393015E+26    0.2385776083E-09    0.1200377198E+06    0.1860078123E-08
    0.6310000000E+00    0.2076438060E-20    0.1433782510E-21    0.1582851308E-06    0.1872026062E+26    0.7725788496E-10    0.3887146165E+05    0.6454228238E-09
    0.6310000000E+00    0.2224943467E-20    0.1536325639E-21    0.1619720651E-06    0.5524204726E+25    0.2442871872E-10    0.1229104322E+05    0.2186765399E-09
    0.6310000000E+00    0.2384069878E-20    0.1646202581E-21    0.1657448792E-06    0.1597770413E+25    0.7570861455E-11    0.3809196315E+04    0.7261842130E-10
    0.6310000000E+00    0.2554576900E-20    0.1763937846E-21    0.1696055734E-06    0.4538250584E+24    0.2304195882E-11    0.1159331011E+04    0.2368213762E-10
    0.6310000000E+00    0.2737278465E-20    0.1890093455E-21    0.1735561947E-06    0.1262272165E+24    0.6867266941E-12    0.3455190414E+03    0.7562849079E-11
    0.6310000000E+00    0.2933046719E-20    0.2025271626E-21    0.1775988378E-06    0.3424726274E+23    0.1996442422E-12    0.1004488216E+03    0.2355907822E-11
    0.6310000000E+00    0.3142816182E-20    0.2170117645E-21    0.1817356462E-06    0.9076171392E+22    0.5669354479E-13    0.2852473832E+02    0.7168612692E-12
    0.6310000000E+00    0.3367588212E-20    0.2325322952E-21    0.1859688132E-06    0.2373390175E+22    0.1588546983E-13    0.7992600776E+01    0.2152293869E-12
    0.6310000000E+00    0.3608435782E-20    0.2491628434E-21    0.1903005833E-06    0.5614943542E+21    0.4026950746E-14    0.2026116319E+01    0.5846255914E-13
    0.6310000000E+00    0.3866508602E-20    0.2669827968E-21    0.1947332533E-06    0.2101089001E+21    0.1614638758E-14    0.8123878693E+00    0.2511752699E-13
