    0.6660000000E+00    0.4143038610E-23    0.2860772210E-24    0.1992691735E-07   -0.1418478229E-02   -0.1168028927E-40   -0.5876810072E-26   -0.9275832867E-43
    0.6660000000E+00    0.4439345853E-23    0.3065372650E-24    0.2039107488E-07   -0.6963872070E-02   -0.6144431518E-40   -0.3091503660E-25   -0.5228547100E-42
    0.6660000000E+00    0.4756844785E-23    0.3284605973E-24    0.2086604403E-07   -0.5708169642E-02   -0.5396694022E-40   -0.2715287699E-25   -0.4920702533E-42
    0.6660000000E+00    0.5097051019E-23    0.3519518710E-24    0.2135207663E-07    0.1412845415E-01    0.1431283190E-39    0.7201345162E-25    0.1398378979E-41
    0.6660000000E+00    0.5461588566E-23    0.3771232243E-24    0.2184943039E-07    0.3938392965E-01    0.4275136354E-39    0.2150988199E-24    0.4475579617E-41
    0.6660000000E+00    0.5852197586E-23    0.4040948153E-24    0.2235836900E-07    0.2546619569E-01    0.2962067806E-39    0.1490332089E-24    0.3322724335E-41
    0.6660000000E+00    0.6270742692E-23    0.4329953957E-24    0.2287916232E-07   -0.1078972393E+00   -0.1344749082E-38   -0.6765958245E-24   -0.1616369224E-40
    0.6660000000E+00    0.6719221852E-23    0.4639629256E-24    0.2341208647E-07   -0.1692416247E+00   -0.2260154406E-38   -0.1137172023E-23   -0.2910967964E-40
    0.6660000000E+00    0.7199775931E-23    0.4971452317E-24    0.2395742402E-07    0.8774471225E-01    0.1255601651E-38    0.6317422673E-24    0.1732810993E-40
    0.6660000000E+00    0.7714698903E-23    0.5327007132E-24    0.2451546411E-07    0.6125819346E+00    0.9392800734E-38    0.4725885179E-23    0.1388974988E-39
    0.6660000000E+00    0.8266448809E-23    0.5707990981E-24    0.2508650263E-07    0.1811401412E+00    0.2976087021E-38    0.1497385705E-23    0.4715686683E-40
    0.6660000000E+00    0.8857659485E-23    0.6116222531E-24    0.2567084234E-07   -0.1641394794E+01   -0.2889641565E-37   -0.1453891617E-22   -0.4906177901E-39
    0.6660000000E+00    0.9491153137E-23    0.6553650517E-24    0.2626879307E-07   -0.7859011457E+00   -0.1482514145E-37   -0.7459108125E-23   -0.2697106913E-39
    0.6660000000E+00    0.1016995382E-22    0.7022363048E-24    0.2688067187E-07    0.3680368525E+01    0.7439131433E-37    0.3742917792E-22    0.1450178787E-38
    0.6660000000E+00    0.1089730185E-22    0.7524597575E-24    0.2750680315E-07    0.1403891493E+01    0.3040636233E-37    0.1529862936E-22    0.6351316903E-39
    0.6660000000E+00    0.1167666930E-22    0.8062751566E-24    0.2814751890E-07   -0.7265217609E+01   -0.1686085334E-36   -0.8483354344E-22   -0.3773799887E-38
    0.6660000000E+00    0.1251177658E-22    0.8639393956E-24    0.2880315884E-07   -0.6575958868E+00   -0.1635272043E-37   -0.8227692815E-23   -0.3921835093E-39
    0.6660000000E+00    0.1340661015E-22    0.9257277409E-24    0.2947407060E-07    0.1320913909E+02    0.3519698289E-36    0.1770897781E-21    0.9044920487E-38
    0.6660000000E+00    0.1436544159E-22    0.9919351458E-24    0.3016060990E-07   -0.3985719578E+01   -0.1137987951E-36   -0.5725662179E-22   -0.3133552535E-38
    0.6660000000E+00    0.1539284799E-22    0.1062877658E-23    0.3086314075E-07   -0.2716577951E+02   -0.8310996421E-36   -0.4181587146E-21   -0.2452180371E-37
    0.6660000000E+00    0.1649373379E-22    0.1138893930E-23    0.3158203565E-07    0.2020536901E+02    0.6623655102E-36    0.3332619776E-21    0.2094098119E-37
    0.6660000000E+00    0.1767335417E-22    0.1220346833E-23    0.3231767576E-07    0.1112937825E+03    0.3909325450E-35    0.1966934435E-20    0.1324345021E-36
    0.6660000000E+00    0.1893734018E-22    0.1307625190E-23    0.3307045113E-07    0.1339437425E+02    0.5041425494E-36    0.2536538217E-21    0.1830006657E-37
    0.6660000000E+00    0.2029172559E-22    0.1401145635E-23    0.3384076090E-07   -0.7635813747E+03   -0.3079542843E-34   -0.1549438372E-19   -0.1197803470E-35
    0.6660000000E+00    0.2174297571E-22    0.1501354598E-23    0.3462901348E-07   -0.8459320200E+03   -0.3655664977E-34   -0.1839307936E-19   -0.1523581548E-35
    0.6660000000E+00    0.2329801823E-22    0.1608730435E-23    0.3543562682E-07    0.1400091863E+04    0.6483170686E-34    0.3261936575E-19    0.2895254678E-35
    0.6660000000E+00    0.2496427630E-22    0.1723785718E-23    0.3626102861E-07    0.2079770845E+04    0.1031920903E-33    0.5191997401E-19    0.4937939061E-35
    0.6660000000E+00    0.2674970400E-22    0.1847069675E-23    0.3710565646E-07   -0.9081499190E+04   -0.4828235806E-33   -0.2429274152E-18   -0.2475641697E-34
    0.6660000000E+00    0.2866282424E-22    0.1979170815E-23    0.3796995823E-07   -0.1262407937E+06   -0.7191684726E-32   -0.3618417682E-17   -0.3951208584E-33
    0.6660000000E+00    0.3071276952E-22    0.2120719737E-23    0.3885439218E-07   -0.2102432135E+07   -0.1283373035E-30   -0.6457151361E-16   -0.7555308919E-32
    0.6660000000E+00    0.3290932546E-22    0.2272392139E-23    0.3975942724E-07   -0.5504417629E+08   -0.3600329931E-29   -0.1811466712E-14   -0.2271128030E-30
    0.6660000000E+00    0.3526297755E-22    0.2434912046E-23    0.4068554327E-07   -0.5777451104E+08   -0.4049181114E-29   -0.2037301286E-14   -0.2736947828E-30
    0.6660000000E+00    0.3778496121E-22    0.2609055264E-23    0.4163323131E-07    0.1938786796E+10    0.1455998666E-27    0.7325698386E-13    0.1054533288E-28
    0.6660000000E+00    0.4048731538E-22    0.2795653084E-23    0.4260299385E-07    0.4496933732E+11    0.3618656932E-26    0.1820687742E-11    0.2808320874E-27
    0.6660000000E+00    0.4338294005E-22    0.2995596250E-23    0.4359534505E-07    0.3664579075E+11    0.3159766725E-26    0.1589802143E-11    0.2627570260E-27
    0.6660000000E+00    0.4648565778E-22    0.3209839213E-23    0.4461081109E-07   -0.1474104778E+13   -0.1361944084E-24   -0.6852473023E-10   -0.1213552569E-25
    0.6660000000E+00    0.4981027973E-22    0.3439404683E-23    0.4564993037E-07   -0.5209363281E+14   -0.5157218934E-23   -0.2594798422E-08   -0.4923964178E-24
    0.6660000000E+00    0.5337267633E-22    0.3685388516E-23    0.4671325384E-07   -0.1504125708E+16   -0.1595567046E-21   -0.8027921458E-07   -0.1632354100E-22
    0.6660000000E+00    0.5718985306E-22    0.3948964943E-23    0.4780134531E-07   -0.2723972317E+17   -0.3096232847E-20   -0.1557835766E-05   -0.3394164837E-21
    0.6660000000E+00    0.6128003161E-22    0.4231392172E-23    0.4891478167E-07   -0.3531587690E+17   -0.4301311728E-20   -0.2164158053E-05   -0.5052429179E-21
    0.6660000000E+00    0.6566273690E-22    0.4534018400E-23    0.5005415331E-07    0.2519220301E+18    0.3287737015E-19    0.1654188998E-04    0.4138056228E-20
    0.6660000000E+00    0.7035889022E-22    0.4858288246E-23    0.5122006431E-07    0.6468213252E+19    0.9045139177E-18    0.4550963061E-03    0.1219872863E-18
    0.6660000000E+00    0.7539090917E-22    0.5205749646E-23    0.5241313287E-07    0.1140004497E+21    0.1708195165E-16    0.8594597545E-02    0.2468520878E-17
    0.6660000000E+00    0.8078281461E-22    0.5578061244E-23    0.5363399157E-07    0.1148690744E+22    0.1844310529E-15    0.9279447143E-01    0.2855836644E-16
    0.6660000000E+00    0.8656034539E-22    0.5977000309E-23    0.5488328773E-07    0.1361444419E+22    0.2342237014E-15    0.1178470991E+00    0.3886244820E-16
    0.6660000000E+00    0.9275108115E-22    0.6404471218E-23    0.5616168372E-07   -0.4704203558E+22   -0.8671955286E-15   -0.4363199659E+00   -0.1541758482E-15
    0.6660000000E+00    0.9938457404E-22    0.6862514550E-23    0.5746985739E-07   -0.9051993830E+23   -0.1788031531E-13   -0.8996285510E+01   -0.3406234078E-14
    0.6660000000E+00    0.1064924897E-21    0.7353316823E-23    0.5880850233E-07   -0.1024535017E+25   -0.2168491530E-12   -0.1091052847E+03   -0.4426465122E-13
    0.6660000000E+00    0.1141087586E-21    0.7879220933E-23    0.6017832832E-07   -0.1005899721E+26   -0.2281316868E-11   -0.1147819685E+04   -0.4989820559E-12
    0.6660000000E+00    0.1222697377E-21    0.8442737340E-23    0.6158006166E-07   -0.8957981377E+26   -0.2176913031E-10   -0.1095290034E+05   -0.5101999309E-11
    0.6660000000E+00    0.1310143844E-21    0.9046556049E-23    0.6301444556E-07   -0.3218381414E+27   -0.8380471151E-10   -0.4216542598E+05   -0.2104591208E-10
    0.6660000000E+00    0.1403844422E-21    0.9693559452E-23    0.6448224056E-07   -0.3114253369E+27   -0.8689301507E-10   -0.4371927221E+05   -0.2338213606E-10
    0.6660000000E+00    0.1504246400E-21    0.1038683609E-22    0.6598422489E-07    0.4000377542E+27    0.1196001996E-09    0.6017553515E+05    0.3448507865E-10
    0.6660000000E+00    0.1611829057E-21    0.1112969539E-22    0.6752119493E-07    0.6144106392E+28    0.1968292562E-08    0.9903249212E+06    0.6081195531E-09
    0.6660000000E+00    0.1727105951E-21    0.1192568347E-22    0.6909396560E-07    0.4183951876E+29    0.1436208870E-07    0.7226128184E+07    0.4754632130E-08
    0.6660000000E+00    0.1850627369E-21    0.1277860007E-22    0.7070337081E-07    0.2383357856E+30    0.8766377722E-07    0.4410707278E+08    0.3109707176E-07
    0.6660000000E+00    0.1982982953E-21    0.1369251667E-22    0.7235026388E-07    0.1230599953E+31    0.4850067893E-06    0.2440258728E+09    0.1843516947E-06
    0.6660000000E+00    0.2124804516E-21    0.1467179595E-22    0.7403551802E-07    0.5883728884E+31    0.2484755019E-05    0.1250177370E+10    0.1012005547E-05
    0.6660000000E+00    0.2276769058E-21    0.1572111260E-22    0.7576002677E-07    0.2625427555E+32    0.1188039726E-04    0.5977492222E+10    0.5184779357E-05
    0.6660000000E+00    0.2439602000E-21    0.1684547565E-22    0.7752470448E-07    0.1096967751E+33    0.5318936236E-04    0.2676164718E+11    0.2487276693E-04
    0.6660000000E+00    0.2614080640E-21    0.1805025236E-22    0.7933048683E-07    0.4297243526E+33    0.2232651251E-03    0.1123334111E+12    0.1118716919E-03
    0.6660000000E+00    0.2801037871E-21    0.1934119387E-22    0.8117833125E-07    0.1579161761E+34    0.8791389929E-03    0.4423291896E+12    0.4720161512E-03
    0.6660000000E+00    0.3001366153E-21    0.2072446262E-22    0.8306921749E-07    0.5449138251E+34    0.3250564219E-02    0.1635485911E+13    0.1870070877E-02
    0.6660000000E+00    0.3216021775E-21    0.2220666179E-22    0.8500414813E-07    0.1650340361E+35    0.1054883368E-01    0.5307530538E+13    0.6502850373E-02
    0.6660000000E+00    0.3446029418E-21    0.2379486681E-22    0.8698414910E-07    0.3640554159E+35    0.2493437117E-01    0.1254545673E+14    0.1647015690E-01
    0.6660000000E+00    0.3692487048E-21    0.2549665916E-22    0.8901027021E-07    0.6357279037E+35    0.4665543017E-01    0.2347417050E+14    0.3302185867E-01
    0.6660000000E+00    0.3956571157E-21    0.2732016250E-22    0.9108358575E-07    0.9279361870E+35    0.7297078785E-01    0.3671445553E+14    0.5534117192E-01
    0.6660000000E+00    0.4239542377E-21    0.2927408154E-22    0.9320519501E-07    0.1155876177E+36    0.9739625021E-01    0.4900386034E+14    0.7914829304E-01
    0.6660000000E+00    0.4542751502E-21    0.3136774352E-22    0.9537622289E-07    0.1240462367E+36    0.1119990960E+00    0.5635112282E+14    0.9752452271E-01
    0.6660000000E+00    0.4867645933E-21    0.3361114274E-22    0.9759782052E-07    0.1237083093E+36    0.1196822638E+00    0.6021682488E+14    0.1116680961E+00
    0.6660000000E+00    0.5215776589E-21    0.3601498832E-22    0.9987116580E-07    0.1196283943E+36    0.1240124242E+00    0.6239549781E+14    0.1239836774E+00
    0.6660000000E+00    0.5588805307E-21    0.3859075526E-22    0.1021974641E-06    0.1036928968E+36    0.1151807577E+00    0.5795194121E+14    0.1233897964E+00
    0.6660000000E+00    0.5988512779E-21    0.4135073927E-22    0.1045779488E-06    0.7827742479E+35    0.9316814604E-01    0.4687653587E+14    0.1069465477E+00
    0.6660000000E+00    0.6416807053E-21    0.4430811541E-22    0.1070138822E-06    0.5345429580E+35    0.6817317748E-01    0.3430059023E+14    0.8385188940E-01
    0.6660000000E+00    0.6875732635E-21    0.4747700104E-22    0.1095065557E-06    0.3376001629E+35    0.4613532363E-01    0.2321248458E+14    0.6080410325E-01
    0.6660000000E+00    0.7367480256E-21    0.5087252317E-22    0.1120572911E-06    0.1992306603E+35    0.2917340346E-01    0.1467827956E+14    0.4119897532E-01
    0.6660000000E+00    0.7894397325E-21    0.5451089068E-22    0.1146674407E-06    0.1099305610E+35    0.1724842197E-01    0.8678355268E+13    0.2610049144E-01
    0.6660000000E+00    0.8458999137E-21    0.5840947171E-22    0.1173383885E-06    0.5646817614E+34    0.9493682090E-02    0.4776642532E+13    0.1539338037E-01
    0.6660000000E+00    0.9063980879E-21    0.6258687655E-22    0.1200715507E-06    0.2689503232E+34    0.4845102783E-02    0.2437760587E+13    0.8417871867E-02
    0.6660000000E+00    0.9712230494E-21    0.6706304648E-22    0.1228683764E-06    0.1187209656E+34    0.2291703057E-02    0.1153045382E+13    0.4266361587E-02
    0.6660000000E+00    0.1040684247E-20    0.7185934897E-22    0.1257303485E-06    0.4873679598E+33    0.1008063520E-02    0.5071961582E+12    0.2010884909E-02
    0.6660000000E+00    0.1115113261E-20    0.7699867968E-22    0.1286589846E-06    0.1870532746E+33    0.4145684420E-03    0.2085855871E+12    0.8861261557E-03
    0.6660000000E+00    0.1194865387E-20    0.8250557175E-22    0.1316558373E-06    0.6740728259E+32    0.1600802462E-03    0.8054262880E+11    0.3666376494E-03
    0.6660000000E+00    0.1280321329E-20    0.8840631292E-22    0.1347224957E-06    0.2283993920E+32    0.5812003504E-04    0.2924246133E+11    0.1426346970E-03
    0.6660000000E+00    0.1371889021E-20    0.9472907100E-22    0.1378605858E-06    0.7272333074E+31    0.1982917681E-04    0.9976833904E+10    0.5214395901E-04
    0.6660000000E+00    0.1470005571E-20    0.1015040283E-21    0.1410717713E-06    0.2176995408E+31    0.6360458697E-05    0.3200195377E+10    0.1792205283E-04
    0.6660000000E+00    0.1575139348E-20    0.1087635259E-21    0.1443577550E-06    0.6153936113E+30    0.1926566069E-05    0.9693306919E+09    0.5816787838E-05
    0.6660000000E+00    0.1687792220E-20    0.1165422177E-21    0.1477202791E-06    0.1656104848E+30    0.5555443721E-06    0.2795160878E+09    0.1797289631E-05
    0.6660000000E+00    0.1808501947E-20    0.1248772362E-21    0.1511611264E-06    0.4278321606E+29    0.1537815917E-06    0.7737352955E+08    0.5330938448E-06
    0.6660000000E+00    0.1937844750E-20    0.1338083694E-21    0.1546821213E-06    0.1066318716E+29    0.4106936197E-07    0.2066360126E+08    0.1525517775E-06
    0.6660000000E+00    0.2076438060E-20    0.1433782510E-21    0.1582851308E-06    0.2562475965E+28    0.1057525199E-07    0.5320822622E+07    0.4209107725E-07
    0.6660000000E+00    0.2224943467E-20    0.1536325639E-21    0.1619720651E-06    0.5960259599E+27    0.2635700747E-08    0.1326124066E+07    0.1124075329E-07
    0.6660000000E+00    0.2384069878E-20    0.1646202581E-21    0.1657448792E-06    0.1323421880E+27    0.6270890747E-09    0.3155130241E+06    0.2865685662E-08
    0.6660000000E+00    0.2554576900E-20    0.1763937846E-21    0.1696055734E-06    0.3102654811E+26    0.1575304031E-09    0.7925970307E+05    0.7713716985E-09
    0.6660000000E+00    0.2737278465E-20    0.1890093455E-21    0.1735561947E-06    0.7612891140E+25    0.4141718173E-10    0.2083860297E+05    0.2173100741E-09
    0.6660000000E+00    0.2933046719E-20    0.2025271626E-21    0.1775988378E-06    0.1754622010E+25    0.1022855999E-10    0.5146388329E+04    0.5750608648E-10
    0.6660000000E+00    0.3142816182E-20    0.2170117645E-21    0.1817356462E-06    0.3591172631E+24    0.2243195921E-11    0.1128639546E+04    0.1351345883E-10
    0.6660000000E+00    0.3367588212E-20    0.2325322952E-21    0.1859688132E-06    0.8968033467E+23    0.6002444376E-12    0.3020064379E+03    0.3874605232E-11
    0.6660000000E+00    0.3608435782E-20    0.2491628434E-21    0.1903005833E-06    0.1774760267E+23    0.1272830640E-12    0.6404108453E+02    0.8803795331E-12
    0.6660000000E+00    0.3866508602E-20    0.2669827968E-21    0.1947332533E-06    0.6819542945E+22    0.5240662507E-13    0.2636782146E+02    0.3884056233E-12
