    0.6130000000E+00    0.4143038610E-23    0.2860772210E-24    0.1992691735E-07    0.4635181691E+25    0.3816784908E-13    0.1920373671E+02    0.1567687467E-14
    0.6130000000E+00    0.4439345853E-23    0.3065372650E-24    0.2039107488E-07   -0.3935791249E+25   -0.3472665717E-13   -0.1747233856E+02   -0.1528356892E-14
    0.6130000000E+00    0.4756844785E-23    0.3284605973E-24    0.2086604403E-07   -0.1460308821E+26   -0.1380624679E-12   -0.6946462397E+02   -0.6510846137E-14
    0.6130000000E+00    0.5097051019E-23    0.3519518710E-24    0.2135207663E-07   -0.1321611946E+26   -0.1338859114E-12   -0.6736323513E+02   -0.6765449853E-14
    0.6130000000E+00    0.5461588566E-23    0.3771232243E-24    0.2184943039E-07    0.2023538780E+26    0.2196556889E-12    0.1105173626E+03    0.1189335154E-13
    0.6130000000E+00    0.5852197586E-23    0.4040948153E-24    0.2235836900E-07    0.7693677407E+26    0.8948801946E-12    0.4502492035E+03    0.5191904512E-13
    0.6130000000E+00    0.6270742692E-23    0.4329953957E-24    0.2287916232E-07    0.5337966669E+26    0.6652835446E-12    0.3347301548E+03    0.4135886210E-13
    0.6130000000E+00    0.6719221852E-23    0.4639629256E-24    0.2341208647E-07   -0.2054691050E+27   -0.2743957959E-11   -0.1380592501E+04   -0.1827844529E-12
    0.6130000000E+00    0.7199775931E-23    0.4971452317E-24    0.2395742402E-07   -0.3126982702E+27   -0.4474622506E-11   -0.2251357479E+04   -0.3193877116E-12
    0.6130000000E+00    0.7714698903E-23    0.5327007132E-24    0.2451546411E-07    0.2456226365E+27    0.3766164737E-11    0.1894904685E+04    0.2880455118E-12
    0.6130000000E+00    0.8266448809E-23    0.5707990981E-24    0.2508650263E-07    0.1184084345E+28    0.1945420837E-10    0.9788172625E+04    0.1594319519E-11
    0.6130000000E+00    0.8857659485E-23    0.6116222531E-24    0.2567084234E-07    0.4681213795E+26    0.8241180004E-12    0.4146459777E+03    0.7236877147E-13
    0.6130000000E+00    0.9491153137E-23    0.6553650517E-24    0.2626879307E-07   -0.4493956126E+28   -0.8477342933E-10   -0.4265282578E+05   -0.7976668652E-11
    0.6130000000E+00    0.1016995382E-22    0.7022363048E-24    0.2688067187E-07   -0.2068865528E+28   -0.4181799316E-10   -0.2104026687E+05   -0.4216236729E-11
    0.6130000000E+00    0.1089730185E-22    0.7524597575E-24    0.2750680315E-07    0.2949652703E+29    0.6388542794E-09    0.3214325584E+06    0.6901819676E-10
    0.6130000000E+00    0.1167666930E-22    0.8062751566E-24    0.2814751890E-07    0.4142538887E+29    0.9613853896E-09    0.4837105665E+06    0.1112908137E-09
    0.6130000000E+00    0.1251177658E-22    0.8639393956E-24    0.2880315884E-07   -0.4642290948E+29   -0.1154418504E-08   -0.5808330715E+06   -0.1431940853E-09
    0.6130000000E+00    0.1340661015E-22    0.9257277409E-24    0.2947407060E-07   -0.8566899174E+30   -0.2282730174E-07   -0.1148530774E+08   -0.3034005610E-08
    0.6130000000E+00    0.1436544159E-22    0.9919351458E-24    0.3016060990E-07   -0.2257622820E+31   -0.6445881395E-07   -0.3243174876E+08   -0.9180030205E-08
    0.6130000000E+00    0.1539284799E-22    0.1062877658E-23    0.3086314075E-07   -0.2115718945E+31   -0.6472750976E-07   -0.3256694012E+08   -0.9877583254E-08
    0.6130000000E+00    0.1649373379E-22    0.1138893930E-23    0.3158203565E-07    0.1323969193E+31    0.4340190617E-07    0.2183719542E+08    0.7096931342E-08
    0.6130000000E+00    0.1767335417E-22    0.1220346833E-23    0.3231767576E-07    0.2170046414E+32    0.7622544118E-06    0.3835199883E+09    0.1335554905E-06
    0.6130000000E+00    0.1893734018E-22    0.1307625190E-23    0.3307045113E-07    0.1107485179E+33    0.4168394815E-05    0.2097282359E+10    0.7825834280E-06
    0.6130000000E+00    0.2029172559E-22    0.1401145635E-23    0.3384076090E-07    0.4356880271E+33    0.1757140745E-04    0.8840861889E+10    0.3534828512E-05
    0.6130000000E+00    0.2174297571E-22    0.1501354598E-23    0.3462901348E-07    0.1166999036E+34    0.5043144607E-04    0.2537403170E+11    0.1087084294E-04
    0.6130000000E+00    0.2329801823E-22    0.1608730435E-23    0.3543562682E-07    0.2286774095E+34    0.1058898145E-03    0.5327730453E+11    0.2445772106E-04
    0.6130000000E+00    0.2496427630E-22    0.1723785718E-23    0.3626102861E-07    0.3976283941E+34    0.1972914720E-03    0.9926505095E+11    0.4882813235E-04
    0.6130000000E+00    0.2674970400E-22    0.1847069675E-23    0.3710565646E-07    0.6644522571E+34    0.3532601955E-03    0.1777390120E+12    0.9368207573E-04
    0.6130000000E+00    0.2866282424E-22    0.1979170815E-23    0.3796995823E-07    0.1088477567E+35    0.6200838303E-03    0.3119884118E+12    0.1762025570E-03
    0.6130000000E+00    0.3071276952E-22    0.2120719737E-23    0.3885439218E-07    0.1745627383E+35    0.1065571190E-02    0.5361305149E+12    0.3244473788E-03
    0.6130000000E+00    0.3290932546E-22    0.2272392139E-23    0.3975942724E-07    0.2727269477E+35    0.1783852642E-02    0.8975259883E+12    0.5819970400E-03
    0.6130000000E+00    0.3526297755E-22    0.2434912046E-23    0.4068554327E-07    0.4133248680E+35    0.2896826332E-02    0.1457506554E+13    0.1012708044E-02
    0.6130000000E+00    0.3778496121E-22    0.2609055264E-23    0.4163323131E-07    0.6061477770E+35    0.4552075333E-02    0.2290327024E+13    0.1705183967E-02
    0.6130000000E+00    0.4048731538E-22    0.2795653084E-23    0.4260299385E-07    0.8597334504E+35    0.6918226052E-02    0.3480829935E+13    0.2776876393E-02
    0.6130000000E+00    0.4338294005E-22    0.2995596250E-23    0.4359534505E-07    0.1178858752E+36    0.1016465624E-01    0.5114235854E+13    0.4371741717E-02
    0.6130000000E+00    0.4648565778E-22    0.3209839213E-23    0.4461081109E-07    0.1560152459E+36    0.1441444628E-01    0.7252471331E+13    0.6642931344E-02
    0.6130000000E+00    0.4981027973E-22    0.3439404683E-23    0.4564993037E-07    0.1990220585E+36    0.1970299003E-01    0.9913344404E+13    0.9729576513E-02
    0.6130000000E+00    0.5337267633E-22    0.3685388516E-23    0.4671325384E-07    0.2449709175E+36    0.2598636013E-01    0.1307475349E+14    0.1375014420E-01
    0.6130000000E+00    0.5718985306E-22    0.3948964943E-23    0.4780134531E-07    0.2917129700E+36    0.3315787293E-01    0.1668302189E+14    0.1879959368E-01
    0.6130000000E+00    0.6128003161E-22    0.4231392172E-23    0.4891478167E-07    0.3363925307E+36    0.4097106640E-01    0.2061414492E+14    0.2489081220E-01
    0.6130000000E+00    0.6566273690E-22    0.4534018400E-23    0.5005415331E-07    0.3745671685E+36    0.4888331300E-01    0.2459510544E+14    0.3182163074E-01
    0.6130000000E+00    0.7035889022E-22    0.4858288246E-23    0.5122006431E-07    0.4004680422E+36    0.5600138766E-01    0.2817648702E+14    0.3906254982E-01
    0.6130000000E+00    0.7539090917E-22    0.5205749646E-23    0.5241313287E-07    0.4091732611E+36    0.6131096749E-01    0.3084794416E+14    0.4582473576E-01
    0.6130000000E+00    0.8078281461E-22    0.5578061244E-23    0.5363399157E-07    0.4088542340E+36    0.6564466304E-01    0.3302839578E+14    0.5257281398E-01
    0.6130000000E+00    0.8656034539E-22    0.5977000309E-23    0.5488328773E-07    0.4045726559E+36    0.6960291853E-01    0.3501994883E+14    0.5972955105E-01
    0.6130000000E+00    0.9275108115E-22    0.6404471218E-23    0.5616168372E-07    0.3861000199E+36    0.7117553626E-01    0.3581119428E+14    0.6544742256E-01
    0.6130000000E+00    0.9938457404E-22    0.6862514550E-23    0.5746985739E-07    0.3507489588E+36    0.6928310046E-01    0.3485903586E+14    0.6826358846E-01
    0.6130000000E+00    0.1064924897E-21    0.7353316823E-23    0.5880850233E-07    0.3086991008E+36    0.6533806796E-01    0.3287413582E+14    0.6898077801E-01
    0.6130000000E+00    0.1141087586E-21    0.7879220933E-23    0.6017832832E-07    0.2646464606E+36    0.6002014135E-01    0.3019847908E+14    0.6789828642E-01
    0.6130000000E+00    0.1222697377E-21    0.8442737340E-23    0.6158006166E-07    0.2208580726E+36    0.5367155792E-01    0.2700425861E+14    0.6505879299E-01
    0.6130000000E+00    0.1310143844E-21    0.9046556049E-23    0.6301444556E-07    0.1791979387E+36    0.4666206277E-01    0.2347750763E+14    0.6060741116E-01
    0.6130000000E+00    0.1403844422E-21    0.9693559452E-23    0.6448224056E-07    0.1413268775E+36    0.3943262490E-01    0.1984009486E+14    0.5488042774E-01
    0.6130000000E+00    0.1504246400E-21    0.1038683609E-22    0.6598422489E-07    0.1083875953E+36    0.3240488653E-01    0.1630416500E+14    0.4832504922E-01
    0.6130000000E+00    0.1611829057E-21    0.1112969539E-22    0.6752119493E-07    0.8088224346E+35    0.2591099633E-01    0.1303683502E+14    0.4140434444E-01
    0.6130000000E+00    0.1727105951E-21    0.1192568347E-22    0.6909396560E-07    0.5876234005E+35    0.2017111967E-01    0.1014887872E+14    0.3453757221E-01
    0.6130000000E+00    0.1850627369E-21    0.1277860007E-22    0.7070337081E-07    0.4158768264E+35    0.1529662588E-01    0.7696330371E+13    0.2806450878E-01
    0.6130000000E+00    0.1982982953E-21    0.1369251667E-22    0.7235026388E-07    0.2868581688E+35    0.1130571792E-01    0.5688348585E+13    0.2222593017E-01
    0.6130000000E+00    0.2124804516E-21    0.1467179595E-22    0.7403551802E-07    0.1929190580E+35    0.8147156457E-02    0.4099152856E+13    0.1716199838E-01
    0.6130000000E+00    0.2276769058E-21    0.1572111260E-22    0.7576002677E-07    0.1265416951E+35    0.5726174407E-02    0.2881062159E+13    0.1292487559E-01
    0.6130000000E+00    0.2439602000E-21    0.1684547565E-22    0.7752470448E-07    0.8098514230E+34    0.3926777316E-02    0.1975715151E+13    0.9497254445E-02
    0.6130000000E+00    0.2614080640E-21    0.1805025236E-22    0.7933048683E-07    0.5059124817E+34    0.2628489934E-02    0.1322496024E+13    0.6811897717E-02
    0.6130000000E+00    0.2801037871E-21    0.1934119387E-22    0.8117833125E-07    0.3086165495E+34    0.1718106715E-02    0.8644466428E+12    0.4771027669E-02
    0.6130000000E+00    0.3001366153E-21    0.2072446262E-22    0.8306921749E-07    0.1838983325E+34    0.1097005273E-02    0.5519462309E+12    0.3264153061E-02
    0.6130000000E+00    0.3216021775E-21    0.2220666179E-22    0.8500414813E-07    0.1070705829E+34    0.6843859587E-03    0.3443413260E+12    0.2182040920E-02
    0.6130000000E+00    0.3446029418E-21    0.2379486681E-22    0.8698414910E-07    0.6092883630E+33    0.4173052105E-03    0.2099625623E+12    0.1425658827E-02
    0.6130000000E+00    0.3692487048E-21    0.2549665916E-22    0.8901027021E-07    0.3389833512E+33    0.2487764652E-03    0.1251691634E+12    0.9106911010E-03
    0.6130000000E+00    0.3956571157E-21    0.2732016250E-22    0.9108358575E-07    0.1844483782E+33    0.1450460028E-03    0.7297831331E+11    0.5689414364E-03
    0.6130000000E+00    0.4239542377E-21    0.2927408154E-22    0.9320519501E-07    0.9818047114E+32    0.8272866873E-04    0.4162402680E+11    0.3477105242E-03
    0.6130000000E+00    0.4542751502E-21    0.3136774352E-22    0.9537622289E-07    0.5113512434E+32    0.4616897578E-04    0.2322941629E+11    0.2079275519E-03
    0.6130000000E+00    0.4867645933E-21    0.3361114274E-22    0.9759782052E-07    0.2606441072E+32    0.2521615321E-04    0.1268723228E+11    0.1216860053E-03
    0.6130000000E+00    0.5215776589E-21    0.3601498832E-22    0.9987116580E-07    0.1300535804E+32    0.1348196629E-04    0.6783304200E+10    0.6971320297E-04
    0.6130000000E+00    0.5588805307E-21    0.3859075526E-22    0.1021974641E-06    0.6354393341E+31    0.7058379718E-05    0.3551346722E+10    0.3910810912E-04
    0.6130000000E+00    0.5988512779E-21    0.4135073927E-22    0.1045779488E-06    0.3041092444E+31    0.3619599721E-05    0.1821162097E+10    0.2148930382E-04
    0.6130000000E+00    0.6416807053E-21    0.4430811541E-22    0.1070138822E-06    0.1425862808E+31    0.1818480570E-05    0.9149486524E+09    0.1156832457E-04
    0.6130000000E+00    0.6875732635E-21    0.4747700104E-22    0.1095065557E-06    0.6550316400E+30    0.8951446124E-06    0.4503822424E+09    0.6101758322E-05
    0.6130000000E+00    0.7367480256E-21    0.5087252317E-22    0.1120572911E-06    0.2948606345E+30    0.4317652836E-06    0.2172379903E+09    0.3153621151E-05
    0.6130000000E+00    0.7894397325E-21    0.5451089068E-22    0.1146674407E-06    0.1300816141E+30    0.2041018029E-06    0.1026915946E+09    0.1597381465E-05
    0.6130000000E+00    0.8458999137E-21    0.5840947171E-22    0.1173383885E-06    0.5625860337E+29    0.9458447780E-07    0.4758914774E+08    0.7931981095E-06
    0.6130000000E+00    0.9063980879E-21    0.6258687655E-22    0.1200715507E-06    0.2385999955E+29    0.4298345837E-07    0.2162665797E+08    0.3862452531E-06
    0.6130000000E+00    0.9712230494E-21    0.6706304648E-22    0.1228683764E-06    0.9925040447E+28    0.1915857525E-07    0.9639428048E+07    0.1844696863E-06
    0.6130000000E+00    0.1040684247E-20    0.7185934897E-22    0.1257303485E-06    0.4049277143E+28    0.8375455315E-08    0.4214018935E+07    0.8641123774E-07
    0.6130000000E+00    0.1115113261E-20    0.7699867968E-22    0.1286589846E-06    0.1620376390E+28    0.3591259852E-08    0.1806903200E+07    0.3970165676E-07
    0.6130000000E+00    0.1194865387E-20    0.8250557175E-22    0.1316558373E-06    0.6361149890E+27    0.1510659385E-08    0.7600717826E+06    0.1789486198E-07
    0.6130000000E+00    0.1280321329E-20    0.8840631292E-22    0.1347224957E-06    0.2450587645E+27    0.6235929025E-09    0.3137539632E+06    0.7915219512E-08
    0.6130000000E+00    0.1371889021E-20    0.9472907100E-22    0.1378605858E-06    0.9266053806E+26    0.2526537459E-09    0.1271199749E+06    0.3436272066E-08
    0.6130000000E+00    0.1470005571E-20    0.1015040283E-21    0.1410717713E-06    0.3438743455E+26    0.1004686810E-09    0.5054972037E+05    0.1464173360E-08
    0.6130000000E+00    0.1575139348E-20    0.1087635259E-21    0.1443577550E-06    0.1252544725E+26    0.3921246699E-10    0.1972932481E+05    0.6123306044E-09
    0.6130000000E+00    0.1687792220E-20    0.1165422177E-21    0.1477202791E-06    0.4478988181E+25    0.1502487406E-10    0.7559601407E+04    0.2514042646E-09
    0.6130000000E+00    0.1808501947E-20    0.1248772362E-21    0.1511611264E-06    0.1572824526E+25    0.5653419295E-11    0.2844456218E+04    0.1013614925E-09
    0.6130000000E+00    0.1937844750E-20    0.1338083694E-21    0.1546821213E-06    0.5423858880E+24    0.2089004162E-11    0.1051059645E+04    0.4013295196E-10
    0.6130000000E+00    0.2076438060E-20    0.1433782510E-21    0.1582851308E-06    0.1836618253E+24    0.7579661659E-12    0.3813624042E+03    0.1560312616E-10
    0.6130000000E+00    0.2224943467E-20    0.1536325639E-21    0.1619720651E-06    0.6107555664E+23    0.2700836895E-12    0.1358896608E+03    0.5957446593E-11
    0.6130000000E+00    0.2384069878E-20    0.1646202581E-21    0.1657448792E-06    0.1995343744E+23    0.9454719474E-13    0.4757038918E+02    0.2234654815E-11
    0.6130000000E+00    0.2554576900E-20    0.1763937846E-21    0.1696055734E-06    0.6405599781E+22    0.3252300939E-13    0.1636359723E+02    0.8236686275E-12
    0.6130000000E+00    0.2737278465E-20    0.1890093455E-21    0.1735561947E-06    0.2020339081E+22    0.1099145506E-13    0.5530230658E+01    0.2982750923E-12
    0.6130000000E+00    0.2933046719E-20    0.2025271626E-21    0.1775988378E-06    0.6259452100E+21    0.3648944386E-14    0.1835926544E+01    0.1061033373E-12
    0.6130000000E+00    0.3142816182E-20    0.2170117645E-21    0.1817356462E-06    0.1905186027E+21    0.1190058503E-14    0.5987649477E+00    0.3707917918E-13
    0.6130000000E+00    0.3367588212E-20    0.2325322952E-21    0.1859688132E-06    0.5704942163E+20    0.3818406580E-15    0.1921189598E+00    0.1274805621E-13
    0.6130000000E+00    0.3608435782E-20    0.2491628434E-21    0.1903005833E-06    0.1651434479E+20    0.1184383290E-15    0.5959095263E-01    0.4236957146E-14
    0.6130000000E+00    0.3866508602E-20    0.2669827968E-21    0.1947332533E-06    0.6039992672E+19    0.4641595983E-16    0.2335368362E-01    0.1779217885E-14
