    0.6100000000E+00    0.4143038610E-23    0.2860772210E-24    0.1992691735E-07    0.7687417702E+27    0.6330112134E-11    0.3184926836E+04    0.3115235829E-12
    0.6100000000E+00    0.4439345853E-23    0.3065372650E-24    0.2039107488E-07   -0.1235878301E+26   -0.1090452195E-12   -0.5486491210E+02   -0.5750242454E-14
    0.6100000000E+00    0.4756844785E-23    0.3284605973E-24    0.2086604403E-07   -0.2134662344E+28   -0.2018180998E-10   -0.1015425744E+05   -0.1140353864E-11
    0.6100000000E+00    0.5097051019E-23    0.3519518710E-24    0.2135207663E-07   -0.2527673308E+28   -0.2560659698E-10   -0.1288367981E+05   -0.1550355849E-11
    0.6100000000E+00    0.5461588566E-23    0.3771232243E-24    0.2184943039E-07    0.6305632108E+26    0.6844780928E-12    0.3443876822E+03    0.4440573660E-13
    0.6100000000E+00    0.5852197586E-23    0.4040948153E-24    0.2235836900E-07    0.1139019381E+29    0.1324835747E-09    0.6665766472E+05    0.9209616871E-11
    0.6100000000E+00    0.6270742692E-23    0.4329953957E-24    0.2287916232E-07    0.1202191299E+29    0.1498319750E-09    0.7538632299E+05    0.1116050972E-10
    0.6100000000E+00    0.6719221852E-23    0.4639629256E-24    0.2341208647E-07   -0.1466116487E+29   -0.1957940102E-09   -0.9851161940E+05   -0.1562711929E-10
    0.6100000000E+00    0.7199775931E-23    0.4971452317E-24    0.2395742402E-07   -0.6064019770E+29   -0.8677438262E-09   -0.4365958359E+06   -0.7421147408E-10
    0.6100000000E+00    0.7714698903E-23    0.5327007132E-24    0.2451546411E-07   -0.3222450301E+29   -0.4941026146E-09   -0.2486023380E+06   -0.4527898446E-10
    0.6100000000E+00    0.8266448809E-23    0.5707990981E-24    0.2508650263E-07    0.2367915661E+30    0.3890425953E-08    0.1957425360E+07    0.3820117133E-09
    0.6100000000E+00    0.8857659485E-23    0.6116222531E-24    0.2567084234E-07    0.3487792480E+30    0.6140186477E-08    0.3089367814E+07    0.6460424963E-09
    0.6100000000E+00    0.9491153137E-23    0.6553650517E-24    0.2626879307E-07   -0.1484857727E+30   -0.2801017146E-08   -0.1409301207E+07   -0.3157877602E-09
    0.6100000000E+00    0.1016995382E-22    0.7022363048E-24    0.2688067187E-07   -0.3749865975E+31   -0.7579606676E-07   -0.3813596378E+08   -0.9156430333E-08
    0.6100000000E+00    0.1089730185E-22    0.7524597575E-24    0.2750680315E-07   -0.6935617884E+31   -0.1502159614E-06   -0.7557952157E+08   -0.1944444750E-07
    0.6100000000E+00    0.1167666930E-22    0.8062751566E-24    0.2814751890E-07   -0.5203930673E+31   -0.1207709343E-06   -0.6076457755E+08   -0.1675104680E-07
    0.6100000000E+00    0.1251177658E-22    0.8639393956E-24    0.2880315884E-07    0.1164554975E+32    0.2895949063E-06    0.1457065166E+09    0.4303981982E-07
    0.6100000000E+00    0.1340661015E-22    0.9257277409E-24    0.2947407060E-07    0.9701145710E+32    0.2584960741E-05    0.1300594785E+10    0.4116550782E-06
    0.6100000000E+00    0.1436544159E-22    0.9919351458E-24    0.3016060990E-07    0.4313332730E+33    0.1231526850E-04    0.6196292939E+10    0.2101471045E-05
    0.6100000000E+00    0.1539284799E-22    0.1062877658E-23    0.3086314075E-07    0.1204897384E+34    0.3686217745E-04    0.1854680228E+11    0.6740009539E-05
    0.6100000000E+00    0.1649373379E-22    0.1138893930E-23    0.3158203565E-07    0.2310492793E+34    0.7574178608E-04    0.3810865304E+11    0.1483935648E-04
    0.6100000000E+00    0.1767335417E-22    0.1220346833E-23    0.3231767576E-07    0.3825098543E+34    0.1343611004E-03    0.6760232127E+11    0.2820675184E-04
    0.6100000000E+00    0.1893734018E-22    0.1307625190E-23    0.3307045113E-07    0.6056170938E+34    0.2279444638E-03    0.1146877692E+12    0.5127534303E-04
    0.6100000000E+00    0.2029172559E-22    0.1401145635E-23    0.3384076090E-07    0.9465185673E+34    0.3817333131E-03    0.1920649504E+12    0.9201096538E-04
    0.6100000000E+00    0.2174297571E-22    0.1501354598E-23    0.3462901348E-07    0.1461661126E+35    0.6316516294E-03    0.3178086237E+12    0.1631387561E-03
    0.6100000000E+00    0.2329801823E-22    0.1608730435E-23    0.3543562682E-07    0.2218664150E+35    0.1027359615E-02    0.5169047781E+12    0.2843164682E-03
    0.6100000000E+00    0.2496427630E-22    0.1723785718E-23    0.3626102861E-07    0.3297918290E+35    0.1636329708E-02    0.8233014341E+12    0.4852330134E-03
    0.6100000000E+00    0.2674970400E-22    0.1847069675E-23    0.3710565646E-07    0.4789102688E+35    0.2546156377E-02    0.1281070793E+13    0.8090299493E-03
    0.6100000000E+00    0.2866282424E-22    0.1979170815E-23    0.3796995823E-07    0.6779958466E+35    0.3862406304E-02    0.1943327579E+13    0.1315035518E-02
    0.6100000000E+00    0.3071276952E-22    0.2120719737E-23    0.3885439218E-07    0.9342297817E+35    0.5702753919E-02    0.2869278396E+13    0.2080482933E-02
    0.6100000000E+00    0.3290932546E-22    0.2272392139E-23    0.3975942724E-07    0.1252288860E+36    0.8190971998E-02    0.4121198167E+13    0.3201953104E-02
    0.6100000000E+00    0.3526297755E-22    0.2434912046E-23    0.4068554327E-07    0.1632681580E+36    0.1144280289E-01    0.5757321389E+13    0.4793049814E-02
    0.6100000000E+00    0.3778496121E-22    0.2609055264E-23    0.4163323131E-07    0.2067922040E+36    0.1552977222E-01    0.7813635405E+13    0.6970189918E-02
    0.6100000000E+00    0.4048731538E-22    0.2795653084E-23    0.4260299385E-07    0.2540689307E+36    0.2044478198E-01    0.1028656893E+14    0.9832455949E-02
    0.6100000000E+00    0.4338294005E-22    0.2995596250E-23    0.4359534505E-07    0.3028993313E+36    0.2611735778E-01    0.1314066353E+14    0.1345887514E-01
    0.6100000000E+00    0.4648565778E-22    0.3209839213E-23    0.4461081109E-07    0.3511940324E+36    0.3244726170E-01    0.1632548560E+14    0.1791668166E-01
    0.6100000000E+00    0.4981027973E-22    0.3439404683E-23    0.4564993037E-07    0.3964530436E+36    0.3924846536E-01    0.1974743700E+14    0.2322213823E-01
    0.6100000000E+00    0.5337267633E-22    0.3685388516E-23    0.4671325384E-07    0.4346062947E+36    0.4610276109E-01    0.2319610109E+14    0.2922849554E-01
    0.6100000000E+00    0.5718985306E-22    0.3948964943E-23    0.4780134531E-07    0.4601190063E+36    0.5229992873E-01    0.2631413836E+14    0.3552880683E-01
    0.6100000000E+00    0.6128003161E-22    0.4231392172E-23    0.4891478167E-07    0.4683244690E+36    0.5703977100E-01    0.2869893826E+14    0.4151999561E-01
    0.6100000000E+00    0.6566273690E-22    0.4534018400E-23    0.5005415331E-07    0.4679136090E+36    0.6106559605E-01    0.3072448820E+14    0.4762951138E-01
    0.6100000000E+00    0.7035889022E-22    0.4858288246E-23    0.5122006431E-07    0.4631706778E+36    0.6476971429E-01    0.3258817487E+14    0.5413168016E-01
    0.6100000000E+00    0.7539090917E-22    0.5205749646E-23    0.5241313287E-07    0.4434413842E+36    0.6644574040E-01    0.3343144912E+14    0.5950406985E-01
    0.6100000000E+00    0.8078281461E-22    0.5578061244E-23    0.5363399157E-07    0.4071669948E+36    0.6537376393E-01    0.3289209585E+14    0.6273111634E-01
    0.6100000000E+00    0.8656034539E-22    0.5977000309E-23    0.5488328773E-07    0.3639106677E+36    0.6260740607E-01    0.3150023308E+14    0.6437322043E-01
    0.6100000000E+00    0.9275108115E-22    0.6404471218E-23    0.5616168372E-07    0.3176715614E+36    0.5856110482E-01    0.2946438077E+14    0.6451917230E-01
    0.6100000000E+00    0.9938457404E-22    0.6862514550E-23    0.5746985739E-07    0.2705678574E+36    0.5344500554E-01    0.2689027126E+14    0.6309379526E-01
    0.6100000000E+00    0.1064924897E-21    0.7353316823E-23    0.5880850233E-07    0.2246354430E+36    0.4754547651E-01    0.2392198761E+14    0.6014350445E-01
    0.6100000000E+00    0.1141087586E-21    0.7879220933E-23    0.6017832832E-07    0.1817962566E+36    0.4123023976E-01    0.2074454516E+14    0.5588501683E-01
    0.6100000000E+00    0.1222697377E-21    0.8442737340E-23    0.6158006166E-07    0.1434694108E+36    0.3486504569E-01    0.1754196723E+14    0.5063720947E-01
    0.6100000000E+00    0.1310143844E-21    0.9046556049E-23    0.6301444556E-07    0.1104450139E+36    0.2875921571E-01    0.1446988552E+14    0.4475654607E-01
    0.6100000000E+00    0.1403844422E-21    0.9693559452E-23    0.6448224056E-07    0.8296265815E+35    0.2314800580E-01    0.1164666649E+14    0.3860051582E-01
    0.6100000000E+00    0.1504246400E-21    0.1038683609E-22    0.6598422489E-07    0.6083439415E+35    0.1818779754E-01    0.9150991837E+13    0.3249822468E-01
    0.6100000000E+00    0.1611829057E-21    0.1112969539E-22    0.6752119493E-07    0.4356555178E+35    0.1395642361E-01    0.7022022224E+13    0.2672105916E-01
    0.6100000000E+00    0.1727105951E-21    0.1192568347E-22    0.6909396560E-07    0.3048000395E+35    0.1046275228E-01    0.5264219621E+13    0.2146473191E-01
    0.6100000000E+00    0.1850627369E-21    0.1277860007E-22    0.7070337081E-07    0.2083808282E+35    0.7664585685E-02    0.3856352639E+13    0.1684877030E-01
    0.6100000000E+00    0.1982982953E-21    0.1369251667E-22    0.7235026388E-07    0.1392393340E+35    0.5487731585E-02    0.2761092256E+13    0.1292624511E-01
    0.6100000000E+00    0.2124804516E-21    0.1467179595E-22    0.7403551802E-07    0.9096154688E+34    0.3841393182E-02    0.1932755056E+13    0.9695457052E-02
    0.6100000000E+00    0.2276769058E-21    0.1572111260E-22    0.7576002677E-07    0.5811619598E+34    0.2629832593E-02    0.1323171568E+13    0.7112260077E-02
    0.6100000000E+00    0.2439602000E-21    0.1684547565E-22    0.7752470448E-07    0.3632518084E+34    0.1761321794E-02    0.8861898381E+12    0.5104088954E-02
    0.6100000000E+00    0.2614080640E-21    0.1805025236E-22    0.7933048683E-07    0.2221667873E+34    0.1154277045E-02    0.5807618976E+12    0.3584178122E-02
    0.6100000000E+00    0.2801037871E-21    0.1934119387E-22    0.8117833125E-07    0.1329808356E+34    0.7403208511E-03    0.3724843566E+12    0.2463199043E-02
    0.6100000000E+00    0.3001366153E-21    0.2072446262E-22    0.8306921749E-07    0.7791726562E+33    0.4647984030E-03    0.2338582438E+12    0.1657082584E-02
    0.6100000000E+00    0.3216021775E-21    0.2220666179E-22    0.8500414813E-07    0.4470195424E+33    0.2857310477E-03    0.1437624583E+12    0.1091533224E-02
    0.6100000000E+00    0.3446029418E-21    0.2379486681E-22    0.8698414910E-07    0.2511729184E+33    0.1720298203E-03    0.8655492660E+11    0.7041793113E-03
    0.6100000000E+00    0.3692487048E-21    0.2549665916E-22    0.8901027021E-07    0.1382460455E+33    0.1014573796E-03    0.5104717325E+11    0.4450032337E-03
    0.6100000000E+00    0.3956571157E-21    0.2732016250E-22    0.9108358575E-07    0.7454673936E+32    0.5862185761E-04    0.2949494788E+11    0.2755111008E-03
    0.6100000000E+00    0.4239542377E-21    0.2927408154E-22    0.9320519501E-07    0.3938808253E+32    0.3318912197E-04    0.1669874450E+11    0.1671380338E-03
    0.6100000000E+00    0.4542751502E-21    0.3136774352E-22    0.9537622289E-07    0.2039582534E+32    0.1841502056E-04    0.9265316620E+10    0.9936918637E-04
    0.6100000000E+00    0.4867645933E-21    0.3361114274E-22    0.9759782052E-07    0.1035274772E+32    0.1001582101E-04    0.5039351033E+10    0.5791166890E-04
    0.6100000000E+00    0.5215776589E-21    0.3601498832E-22    0.9987116580E-07    0.5152394693E+31    0.5341214854E-05    0.2687373961E+10    0.3309173774E-04
    0.6100000000E+00    0.5588805307E-21    0.3859075526E-22    0.1021974641E-06    0.2514662626E+31    0.2793255426E-05    0.1405395983E+10    0.1854343459E-04
    0.6100000000E+00    0.5988512779E-21    0.4135073927E-22    0.1045779488E-06    0.1203665684E+31    0.1432639111E-05    0.7208167333E+09    0.1019098891E-04
    0.6100000000E+00    0.6416807053E-21    0.4430811541E-22    0.1070138822E-06    0.5650742074E+30    0.7206699416E-06    0.3625972159E+09    0.5493080128E-05
    0.6100000000E+00    0.6875732635E-21    0.4747700104E-22    0.1095065557E-06    0.2602067955E+30    0.3555900156E-06    0.1789112356E+09    0.2904217138E-05
    0.6100000000E+00    0.7367480256E-21    0.5087252317E-22    0.1120572911E-06    0.1175523858E+30    0.1721323000E-06    0.8660648812E+08    0.1506405516E-05
    0.6100000000E+00    0.7894397325E-21    0.5451089068E-22    0.1146674407E-06    0.5211374264E+29    0.8176796470E-07    0.4114065905E+08    0.7667657642E-06
    0.6100000000E+00    0.8458999137E-21    0.5840947171E-22    0.1173383885E-06    0.2267554771E+29    0.3812314403E-07    0.1918124385E+08    0.3830612624E-06
    0.6100000000E+00    0.9063980879E-21    0.6258687655E-22    0.1200715507E-06    0.9684223656E+28    0.1744599464E-07    0.8777761804E+07    0.1878344556E-06
    0.6100000000E+00    0.9712230494E-21    0.6706304648E-22    0.1228683764E-06    0.4059459165E+28    0.7836084327E-08    0.3942640309E+07    0.9040212241E-07
    0.6100000000E+00    0.1040684247E-20    0.7185934897E-22    0.1257303485E-06    0.1670357959E+28    0.3454939722E-08    0.1738315215E+07    0.4270905876E-07
    0.6100000000E+00    0.1115113261E-20    0.7699867968E-22    0.1286589846E-06    0.6748192577E+27    0.1495610108E-08    0.7524999033E+06    0.1981061315E-07
    0.6100000000E+00    0.1194865387E-20    0.8250557175E-22    0.1316558373E-06    0.2677220191E+27    0.6357919365E-09    0.3198917740E+06    0.9023905556E-08
    0.6100000000E+00    0.1280321329E-20    0.8840631292E-22    0.1347224957E-06    0.1043056532E+27    0.2654231330E-09    0.1335447526E+06    0.4036623990E-08
    0.6100000000E+00    0.1371889021E-20    0.9472907100E-22    0.1378605858E-06    0.3990657376E+26    0.1088116426E-09    0.5474739043E+05    0.1773188443E-08
    0.6100000000E+00    0.1470005571E-20    0.1015040283E-21    0.1410717713E-06    0.1499501068E+26    0.4381044890E-10    0.2204274923E+05    0.7649925909E-09
    0.6100000000E+00    0.1575139348E-20    0.1087635259E-21    0.1443577550E-06    0.5535023871E+25    0.1732807911E-10    0.8718433892E+04    0.3242126439E-09
    0.6100000000E+00    0.1687792220E-20    0.1165422177E-21    0.1477202791E-06    0.2007300605E+25    0.6733538373E-11    0.3387906345E+04    0.1349966108E-09
    0.6100000000E+00    0.1808501947E-20    0.1248772362E-21    0.1511611264E-06    0.7151446720E+24    0.2570542752E-11    0.1293340532E+04    0.5522101144E-10
    0.6100000000E+00    0.1937844750E-20    0.1338083694E-21    0.1546821213E-06    0.2502987080E+24    0.9640277419E-12    0.4850400372E+03    0.2219060064E-10
    0.6100000000E+00    0.2076438060E-20    0.1433782510E-21    0.1582851308E-06    0.8607957234E+23    0.3552474953E-12    0.1787389002E+03    0.8762147310E-11
    0.6100000000E+00    0.2224943467E-20    0.1536325639E-21    0.1619720651E-06    0.2909539504E+23    0.1286634469E-12    0.6473560914E+02    0.3400436803E-11
    0.6100000000E+00    0.2384069878E-20    0.1646202581E-21    0.1657448792E-06    0.9665837846E+22    0.4580052213E-13    0.2304403286E+02    0.1297029801E-11
    0.6100000000E+00    0.2554576900E-20    0.1763937846E-21    0.1696055734E-06    0.3155714557E+22    0.1602243938E-13    0.8061515510E+01    0.4861923967E-12
    0.6100000000E+00    0.2737278465E-20    0.1890093455E-21    0.1735561947E-06    0.1012521944E+22    0.5508525549E-14    0.2771554512E+01    0.1791079626E-12
    0.6100000000E+00    0.2933046719E-20    0.2025271626E-21    0.1775988378E-06    0.3193195865E+21    0.1861471889E-14    0.9365792653E+00    0.6485388659E-13
    0.6100000000E+00    0.3142816182E-20    0.2170117645E-21    0.1817356462E-06    0.9899155969E+20    0.6183424905E-15    0.3111122757E+00    0.2308386983E-13
    0.6100000000E+00    0.3367588212E-20    0.2325322952E-21    0.1859688132E-06    0.3019991709E+20    0.2021327454E-15    0.1017008848E+00    0.8085673497E-14
    0.6100000000E+00    0.3608435782E-20    0.2491628434E-21    0.1903005833E-06    0.8912591411E+19    0.6391972842E-16    0.3216051375E-01    0.2739772151E-14
    0.6100000000E+00    0.3866508602E-20    0.2669827968E-21    0.1947332533E-06    0.3300084284E+19    0.2536039163E-16    0.1275980427E-01    0.1164757409E-14
