    0.6920000000E+00    0.4143038610E-23    0.2860772210E-24    0.1992691735E-07    0.1535949515E-07    0.1264759252E-45    0.6363498144E-31    0.7893162452E-48
    0.6920000000E+00    0.4439345853E-23    0.3065372650E-24    0.2039107488E-07    0.1544192159E-07    0.1362486685E-45    0.6855203059E-31    0.9111197129E-48
    0.6920000000E+00    0.4756844785E-23    0.3284605973E-24    0.2086604403E-07   -0.1996057705E-07   -0.1887139548E-45   -0.9494936682E-31   -0.1352219494E-47
    0.6920000000E+00    0.5097051019E-23    0.3519518710E-24    0.2135207663E-07   -0.8363027147E-07   -0.8472165490E-45   -0.4262677604E-30   -0.6504854799E-47
    0.6920000000E+00    0.5461588566E-23    0.3771232243E-24    0.2184943039E-07   -0.7326480208E-07   -0.7952914338E-45   -0.4001422054E-30   -0.6542887920E-47
    0.6920000000E+00    0.5852197586E-23    0.4040948153E-24    0.2235836900E-07    0.1394769392E-06    0.1622308084E-44    0.8162466069E-30    0.1430133265E-46
    0.6920000000E+00    0.6270742692E-23    0.4329953957E-24    0.2287916232E-07    0.4098358513E-06    0.5107882173E-44    0.2569975170E-29    0.4824852563E-46
    0.6920000000E+00    0.6719221852E-23    0.4639629256E-24    0.2341208647E-07    0.1750460626E-06    0.2337670360E-44    0.1176173329E-29    0.2366063776E-46
    0.6920000000E+00    0.7199775931E-23    0.4971452317E-24    0.2395742402E-07   -0.1289276138E-05   -0.1844917154E-43   -0.9282499310E-29   -0.2000875401E-45
    0.6920000000E+00    0.7714698903E-23    0.5327007132E-24    0.2451546411E-07   -0.1266559300E-05   -0.1942032315E-43   -0.9771123645E-29   -0.2256834065E-45
    0.6920000000E+00    0.8266448809E-23    0.5707990981E-24    0.2508650263E-07    0.2773679498E-05    0.4557085746E-43    0.2292847959E-28    0.5674536275E-45
    0.6920000000E+00    0.8857659485E-23    0.6116222531E-24    0.2567084234E-07    0.4090024027E-05    0.7200402652E-43    0.3622804012E-28    0.9607269188E-45
    0.6920000000E+00    0.9491153137E-23    0.6553650517E-24    0.2626879307E-07   -0.5645555857E-05   -0.1064970634E-42   -0.5358283518E-28   -0.1522582412E-44
    0.6920000000E+00    0.1016995382E-22    0.7022363048E-24    0.2688067187E-07   -0.9569847559E-05   -0.1934353946E-42   -0.9732490769E-28   -0.2963323874E-44
    0.6920000000E+00    0.1089730185E-22    0.7524597575E-24    0.2750680315E-07    0.1262216298E-04    0.2733787211E-42    0.1375475200E-27    0.4487535361E-44
    0.6920000000E+00    0.1167666930E-22    0.8062751566E-24    0.2814751890E-07    0.1634324418E-04    0.3792880791E-42    0.1908346576E-27    0.6671329166E-44
    0.6920000000E+00    0.1251177658E-22    0.8639393956E-24    0.2880315884E-07   -0.2523102881E-04   -0.6274308712E-42   -0.3156849953E-27   -0.1182521538E-43
    0.6920000000E+00    0.1340661015E-22    0.9257277409E-24    0.2947407060E-07   -0.2429138122E-04   -0.6472665049E-42   -0.3256650779E-27   -0.1307152656E-43
    0.6920000000E+00    0.1436544159E-22    0.9919351458E-24    0.3016060990E-07    0.4954105683E-04    0.1414477979E-41    0.7116791582E-27    0.3060831111E-43
    0.6920000000E+00    0.1539284799E-22    0.1062877658E-23    0.3086314075E-07    0.4731332055E-04    0.1447485936E-41    0.7282867512E-27    0.3356274930E-43
    0.6920000000E+00    0.1649373379E-22    0.1138893930E-23    0.3158203565E-07   -0.1248506568E-03   -0.4092811614E-41   -0.2059253496E-26   -0.1016868821E-42
    0.6920000000E+00    0.1767335417E-22    0.1220346833E-23    0.3231767576E-07   -0.1734817744E-03   -0.6093752055E-41   -0.3066004841E-26   -0.1622288000E-42
    0.6920000000E+00    0.1893734018E-22    0.1307625190E-23    0.3307045113E-07    0.4950750257E-03    0.1863382200E-40    0.9375404176E-26    0.5315512194E-42
    0.6920000000E+00    0.2029172559E-22    0.1401145635E-23    0.3384076090E-07    0.6127693391E-03    0.2471314120E-40    0.1243414728E-25    0.7553898182E-42
    0.6920000000E+00    0.2174297571E-22    0.1501354598E-23    0.3462901348E-07   -0.5783167693E-02   -0.2499175240E-39   -0.1257432747E-24   -0.8185399597E-41
    0.6920000000E+00    0.2329801823E-22    0.1608730435E-23    0.3543562682E-07   -0.6550443725E-02   -0.3033204167E-39   -0.1526123573E-24   -0.1064497927E-40
    0.6920000000E+00    0.2496427630E-22    0.1723785718E-23    0.3626102861E-07    0.7651060598E-01    0.3796230426E-38    0.1910031908E-23    0.1427564507E-39
    0.6920000000E+00    0.2674970400E-22    0.1847069675E-23    0.3710565646E-07    0.5001617626E+00    0.2659141273E-37    0.1337917910E-22    0.1071481278E-38
    0.6920000000E+00    0.2866282424E-22    0.1979170815E-23    0.3796995823E-07    0.3976831898E+00    0.2265521341E-37    0.1139872338E-22    0.9781632311E-39
    0.6920000000E+00    0.3071276952E-22    0.2120719737E-23    0.3885439218E-07   -0.1345035008E+01   -0.8210403707E-37   -0.4130975019E-22   -0.3798461144E-38
    0.6920000000E+00    0.3290932546E-22    0.2272392139E-23    0.3975942724E-07   -0.7810306269E+01   -0.5108565761E-36   -0.2570319110E-21   -0.2532457493E-37
    0.6920000000E+00    0.3526297755E-22    0.2434912046E-23    0.4068554327E-07   -0.4908706129E+02   -0.3440313002E-35   -0.1730955940E-20   -0.1827431611E-36
    0.6920000000E+00    0.3778496121E-22    0.2609055264E-23    0.4163323131E-07   -0.2394934181E+04   -0.1798558243E-33   -0.9049249512E-19   -0.1023688165E-34
    0.6920000000E+00    0.4048731538E-22    0.2795653084E-23    0.4260299385E-07   -0.1408057129E+06   -0.1133055543E-31   -0.5700845305E-17   -0.6910259805E-33
    0.6920000000E+00    0.4338294005E-22    0.2995596250E-23    0.4359534505E-07   -0.2171464085E+06   -0.1872335081E-31   -0.9420449621E-17   -0.1223564170E-32
    0.6920000000E+00    0.4648565778E-22    0.3209839213E-23    0.4461081109E-07    0.4858538778E+07    0.4488865546E-30    0.2258523709E-15    0.3143256147E-31
    0.6920000000E+00    0.4981027973E-22    0.3439404683E-23    0.4564993037E-07    0.2156994951E+09    0.2135404003E-28    0.1074405219E-13    0.1602223985E-29
    0.6920000000E+00    0.5337267633E-22    0.3685388516E-23    0.4671325384E-07    0.3046815031E+09    0.3232042131E-28    0.1626166725E-13    0.2598484853E-29
    0.6920000000E+00    0.5718985306E-22    0.3948964943E-23    0.4780134531E-07   -0.5061699959E+10   -0.5753436470E-27   -0.2894778769E-12   -0.4956447361E-28
    0.6920000000E+00    0.6128003161E-22    0.4231392172E-23    0.4891478167E-07   -0.2195212413E+12   -0.2673667972E-25   -0.1345226861E-10   -0.2468031225E-26
    0.6920000000E+00    0.6566273690E-22    0.4534018400E-23    0.5005415331E-07   -0.7370461211E+13   -0.9618903966E-24   -0.4839646553E-09   -0.9514123073E-25
    0.6920000000E+00    0.7035889022E-22    0.4858288246E-23    0.5122006431E-07   -0.2219358417E+15   -0.3103547299E-22   -0.1561515952E-07   -0.3289285305E-23
    0.6920000000E+00    0.7539090917E-22    0.5205749646E-23    0.5241313287E-07   -0.9353313246E+15   -0.1401510653E-21   -0.7051547893E-07   -0.1591620702E-22
    0.6920000000E+00    0.8078281461E-22    0.5578061244E-23    0.5363399157E-07    0.7738338316E+15    0.1242449189E-21    0.6251247496E-07    0.1511895635E-22
    0.6920000000E+00    0.8656034539E-22    0.5977000309E-23    0.5488328773E-07    0.5134329939E+17    0.8833131532E-20    0.4444293728E-05    0.1151749079E-20
    0.6920000000E+00    0.9275108115E-22    0.6404471218E-23    0.5616168372E-07    0.1078971294E+19    0.1989027623E-18    0.1000757541E-03    0.2778970847E-19
    0.6920000000E+00    0.9938457404E-22    0.6862514550E-23    0.5746985739E-07    0.1953640463E+20    0.3859006992E-17    0.1941617252E-02    0.5777217814E-18
    0.6920000000E+00    0.1064924897E-21    0.7353316823E-23    0.5880850233E-07    0.9843486855E+20    0.2083434683E-16    0.1048257423E-01    0.3342127899E-17
    0.6920000000E+00    0.1141087586E-21    0.7879220933E-23    0.6017832832E-07    0.5029703522E+20    0.1140704908E-16    0.5739332250E-02    0.1960724097E-17
    0.6920000000E+00    0.1222697377E-21    0.8442737340E-23    0.6158006166E-07   -0.1266320397E+22   -0.3077333228E-15   -0.1548326629E+00   -0.5667841574E-16
    0.6920000000E+00    0.1310143844E-21    0.9046556049E-23    0.6301444556E-07   -0.1878466071E+23   -0.4891412389E-14   -0.2461060760E+01   -0.9653336726E-15
    0.6920000000E+00    0.1403844422E-21    0.9693559452E-23    0.6448224056E-07   -0.2164919354E+24   -0.6040496638E-13   -0.3039209959E+02   -0.1277367385E-13
    0.6920000000E+00    0.1504246400E-21    0.1038683609E-22    0.6598422489E-07   -0.2234523250E+25   -0.6680605115E-12   -0.3361273554E+03   -0.1513766807E-12
    0.6920000000E+00    0.1611829057E-21    0.1112969539E-22    0.6752119493E-07   -0.2109973280E+26   -0.6759395829E-11   -0.3400916242E+04   -0.1641160500E-11
    0.6920000000E+00    0.1727105951E-21    0.1192568347E-22    0.6909396560E-07   -0.7722494117E+26   -0.2650870487E-10   -0.1333756555E+05   -0.6896546778E-11
    0.6920000000E+00    0.1850627369E-21    0.1277860007E-22    0.7070337081E-07   -0.7191313753E+26   -0.2645082128E-10   -0.1330844205E+05   -0.7373646909E-11
    0.6920000000E+00    0.1982982953E-21    0.1369251667E-22    0.7235026388E-07    0.1445213224E+27    0.5695906487E-10    0.2865833186E+05    0.1701398427E-10
    0.6920000000E+00    0.2124804516E-21    0.1467179595E-22    0.7403551802E-07    0.1971967113E+28    0.8327805849E-09    0.4190044626E+06    0.2665469810E-09
    0.6920000000E+00    0.2276769058E-21    0.1572111260E-22    0.7576002677E-07    0.1412852481E+29    0.6393339139E-08    0.3216738813E+07    0.2192658105E-08
    0.6920000000E+00    0.2439602000E-21    0.1684547565E-22    0.7752470448E-07    0.8638786915E+29    0.4188742716E-07    0.2107520183E+08    0.1539312733E-07
    0.6920000000E+00    0.2614080640E-21    0.1805025236E-22    0.7933048683E-07    0.4818346284E+30    0.2503392418E-06    0.1259554574E+09    0.9857620820E-07
    0.6920000000E+00    0.2801037871E-21    0.1934119387E-22    0.8117833125E-07    0.2492620715E+31    0.1387672954E-05    0.6981925019E+09    0.5855045846E-06
    0.6920000000E+00    0.3001366153E-21    0.2072446262E-22    0.8306921749E-07    0.1202435096E+32    0.7172863522E-05    0.3608947999E+10    0.3242916332E-05
    0.6920000000E+00    0.3216021775E-21    0.2220666179E-22    0.8500414813E-07    0.5421083054E+32    0.3465109673E-04    0.1743432115E+11    0.1678650025E-04
    0.6920000000E+00    0.3446029418E-21    0.2379486681E-22    0.8698414910E-07    0.2287543842E+33    0.1566752333E-03    0.7882943375E+11    0.8132864308E-04
    0.6920000000E+00    0.3692487048E-21    0.2549665916E-22    0.8901027021E-07    0.9049582020E+33    0.6641397043E-03    0.3341546440E+12    0.3694048735E-03
    0.6920000000E+00    0.3956571157E-21    0.2732016250E-22    0.9108358575E-07    0.3363614355E+34    0.2645069703E-02    0.1330837954E+13    0.1576450350E-02
    0.6920000000E+00    0.4239542377E-21    0.2927408154E-22    0.9320519501E-07    0.1170196692E+35    0.9860292316E-02    0.4961098467E+13    0.6296989460E-02
    0.6920000000E+00    0.4542751502E-21    0.3136774352E-22    0.9537622289E-07    0.3029114163E+35    0.2734932207E-01    0.1376051292E+14    0.1871499614E-01
    0.6920000000E+00    0.4867645933E-21    0.3361114274E-22    0.9759782052E-07    0.5603988643E+35    0.5421608710E-01    0.2727823253E+14    0.3975313162E-01
    0.6920000000E+00    0.5215776589E-21    0.3601498832E-22    0.9987116580E-07    0.8230842426E+35    0.8532478672E-01    0.4293023523E+14    0.6703758916E-01
    0.6920000000E+00    0.5588805307E-21    0.3859075526E-22    0.1021974641E-06    0.1002801476E+36    0.1113899190E+00    0.5604462208E+14    0.9377543004E-01
    0.6920000000E+00    0.5988512779E-21    0.4135073927E-22    0.1045779488E-06    0.1040385683E+36    0.1238298341E+00    0.6230362958E+14    0.1117039337E+00
    0.6920000000E+00    0.6416807053E-21    0.4430811541E-22    0.1070138822E-06    0.1029814659E+36    0.1313378774E+00    0.6608121965E+14    0.1269501357E+00
    0.6920000000E+00    0.6875732635E-21    0.4747700104E-22    0.1095065557E-06    0.9616729797E+35    0.1314190543E+00    0.6612206291E+14    0.1361135979E+00
    0.6920000000E+00    0.7367480256E-21    0.5087252317E-22    0.1120572911E-06    0.7677863125E+35    0.1124271728E+00    0.5656650498E+14    0.1247712327E+00
    0.6920000000E+00    0.7894397325E-21    0.5451089068E-22    0.1146674407E-06    0.5325373122E+35    0.8355663965E-01    0.4204061133E+14    0.9936287342E-01
    0.6920000000E+00    0.8458999137E-21    0.5840947171E-22    0.1173383885E-06    0.3307601002E+35    0.5560886599E-01    0.2797899402E+14    0.7085772671E-01
    0.6920000000E+00    0.9063980879E-21    0.6258687655E-22    0.1200715507E-06    0.1876652726E+35    0.3380763866E-01    0.1700994443E+14    0.4615917246E-01
    0.6920000000E+00    0.9712230494E-21    0.6706304648E-22    0.1228683764E-06    0.9815136602E+34    0.1894642488E-01    0.9532686901E+13    0.2771854620E-01
    0.6920000000E+00    0.1040684247E-20    0.7185934897E-22    0.1257303485E-06    0.4724495738E+34    0.9772065863E-02    0.4916708290E+13    0.1531896986E-01
    0.6920000000E+00    0.1115113261E-20    0.7699867968E-22    0.1286589846E-06    0.2074469523E+34    0.4597671972E-02    0.2313268475E+13    0.7722913292E-02
    0.6920000000E+00    0.1194865387E-20    0.8250557175E-22    0.1316558373E-06    0.8218263620E+33    0.1951690697E-02    0.9819718742E+12    0.3512806020E-02
    0.6920000000E+00    0.1280321329E-20    0.8840631292E-22    0.1347224957E-06    0.2912722899E+33    0.7411909264E-03    0.3729221255E+12    0.1429464158E-02
    0.6920000000E+00    0.1371889021E-20    0.9472907100E-22    0.1378605858E-06    0.9207122555E+32    0.2510468913E-03    0.1263115035E+12    0.5187976786E-03
    0.6920000000E+00    0.1470005571E-20    0.1015040283E-21    0.1410717713E-06    0.2602678233E+32    0.7604162757E-04    0.3825951502E+11    0.1683815799E-03
    0.6920000000E+00    0.1575139348E-20    0.1087635259E-21    0.1443577550E-06    0.6608229573E+31    0.2068788275E-04    0.1040888242E+11    0.4908617850E-04
    0.6920000000E+00    0.1687792220E-20    0.1165422177E-21    0.1477202791E-06    0.1495099925E+31    0.5015348818E-05    0.2523418022E+10    0.1275100218E-04
    0.6920000000E+00    0.1808501947E-20    0.1248772362E-21    0.1511611264E-06    0.2729865758E+30    0.9812331565E-06    0.4936967538E+09    0.2673101140E-05
    0.6920000000E+00    0.1937844750E-20    0.1338083694E-21    0.1546821213E-06    0.5847330035E+29    0.2252104461E-06    0.1133121781E+09    0.6574030386E-06
    0.6920000000E+00    0.2076438060E-20    0.1433782510E-21    0.1582851308E-06    0.1315498121E+29    0.5429016430E-07    0.2731550366E+08    0.1698104185E-06
    0.6920000000E+00    0.2224943467E-20    0.1536325639E-21    0.1619720651E-06    0.3038023480E+28    0.1343451678E-07    0.6759430496E+07    0.4502619276E-07
    0.6920000000E+00    0.2384069878E-20    0.1646202581E-21    0.1657448792E-06    0.6312684770E+27    0.2991197071E-08    0.1504988161E+07    0.1074207557E-07
    0.6920000000E+00    0.2554576900E-20    0.1763937846E-21    0.1696055734E-06    0.1371398425E+27    0.6962970743E-09    0.3503342738E+06    0.2679401194E-08
    0.6920000000E+00    0.2737278465E-20    0.1890093455E-21    0.1735561947E-06    0.3299381116E+26    0.1794995682E-09    0.9031324875E+05    0.7401275740E-09
    0.6920000000E+00    0.2933046719E-20    0.2025271626E-21    0.1775988378E-06    0.7910957824E+25    0.4611688799E-10    0.2320320889E+05    0.2037526047E-09
    0.6920000000E+00    0.3142816182E-20    0.2170117645E-21    0.1817356462E-06    0.1454209449E+25    0.9083597582E-11    0.4570312988E+04    0.4300322855E-10
    0.6920000000E+00    0.3367588212E-20    0.2325322952E-21    0.1859688132E-06    0.3519585808E+24    0.2355713559E-11    0.1185251568E+04    0.1194993816E-10
    0.6920000000E+00    0.3608435782E-20    0.2491628434E-21    0.1903005833E-06    0.6704885991E+23    0.4808640628E-12    0.2419415052E+03    0.2613758738E-11
    0.6920000000E+00    0.3866508602E-20    0.2669827968E-21    0.1947332533E-06    0.2619133482E+23    0.2012744073E-12    0.1012690214E+03    0.1172281018E-11
