    0.6630000000E+00    0.4143038610E-23    0.2860772210E-24    0.1992691735E-07   -0.2111136274E-01   -0.1738389907E-39   -0.8746519094E-25   -0.1432116373E-41
    0.6630000000E+00    0.4439345853E-23    0.3065372650E-24    0.2039107488E-07    0.3251630958E-01    0.2869010738E-39    0.1443511441E-24    0.2532580694E-41
    0.6630000000E+00    0.4756844785E-23    0.3284605973E-24    0.2086604403E-07    0.7614542281E-01    0.7199042317E-39    0.3622119573E-24    0.6809352935E-41
    0.6630000000E+00    0.5097051019E-23    0.3519518710E-24    0.2135207663E-07    0.5511389888E-01    0.5583314079E-39    0.2809183544E-24    0.5658784786E-41
    0.6630000000E+00    0.5461588566E-23    0.3771232243E-24    0.2184943039E-07   -0.1771816119E+00   -0.1923311251E-38   -0.9676930657E-24   -0.2088722238E-40
    0.6630000000E+00    0.5852197586E-23    0.4040948153E-24    0.2235836900E-07   -0.4001957332E+00   -0.4654825212E-38   -0.2342024504E-23   -0.5416696420E-40
    0.6630000000E+00    0.6270742692E-23    0.4329953957E-24    0.2287916232E-07   -0.1552926445E+00   -0.1935449347E-38   -0.9738002158E-24   -0.2413308975E-40
    0.6630000000E+00    0.6719221852E-23    0.4639629256E-24    0.2341208647E-07    0.1343859793E+01    0.1794671163E-37    0.9029692090E-23    0.2397816822E-39
    0.6630000000E+00    0.7199775931E-23    0.4971452317E-24    0.2395742402E-07    0.1422969122E+01    0.2036227976E-37    0.1024505883E-22    0.2915127257E-39
    0.6630000000E+00    0.7714698903E-23    0.5327007132E-24    0.2451546411E-07   -0.2495679381E+01   -0.3826658574E-37   -0.1925341499E-22   -0.5870172089E-39
    0.6630000000E+00    0.8266448809E-23    0.5707990981E-24    0.2508650263E-07   -0.5194946121E+01   -0.8535165990E-37   -0.4294375618E-22   -0.1402952896E-38
    0.6630000000E+00    0.8857659485E-23    0.6116222531E-24    0.2567084234E-07    0.3910966727E+01    0.6885175982E-37    0.3464201153E-22    0.1212679856E-38
    0.6630000000E+00    0.9491153137E-23    0.6553650517E-24    0.2626879307E-07    0.1369580513E+02    0.2583559644E-36    0.1299889839E-21    0.4875841846E-38
    0.6630000000E+00    0.1016995382E-22    0.7022363048E-24    0.2688067187E-07   -0.8141808257E+01   -0.1645704263E-36   -0.8280181395E-22   -0.3327996896E-38
    0.6630000000E+00    0.1089730185E-22    0.7524597575E-24    0.2750680315E-07   -0.2780474367E+02   -0.6022125746E-36   -0.3029966846E-21   -0.1304911138E-37
    0.6630000000E+00    0.1167666930E-22    0.8062751566E-24    0.2814751890E-07    0.2091100784E+02    0.4852950805E-36    0.2441709234E-21    0.1126774493E-37
    0.6630000000E+00    0.1251177658E-22    0.8639393956E-24    0.2880315884E-07    0.4635654398E+02    0.1152768165E-35    0.5800027212E-21    0.2867960019E-37
    0.6630000000E+00    0.1340661015E-22    0.9257277409E-24    0.2947407060E-07   -0.4806444411E+02   -0.1280721935E-35   -0.6443812642E-21   -0.3414176479E-37
    0.6630000000E+00    0.1436544159E-22    0.9919351458E-24    0.3016060990E-07   -0.8047247454E+02   -0.2297620408E-35   -0.1156022633E-20   -0.6563105694E-37
    0.6630000000E+00    0.1539284799E-22    0.1062877658E-23    0.3086314075E-07    0.1131739812E+03    0.3462402220E-35    0.1742069889E-20    0.1059762715E-36
    0.6630000000E+00    0.1649373379E-22    0.1138893930E-23    0.3158203565E-07    0.2468076356E+03    0.8090763664E-35    0.4070779438E-20    0.2653509419E-36
    0.6630000000E+00    0.1767335417E-22    0.1220346833E-23    0.3231767576E-07   -0.9030384512E+02   -0.3172029129E-35   -0.1595971838E-20   -0.1114726396E-36
    0.6630000000E+00    0.1893734018E-22    0.1307625190E-23    0.3307045113E-07   -0.1520346315E+04   -0.5722337251E-34   -0.2879131536E-19   -0.2154788098E-35
    0.6630000000E+00    0.2029172559E-22    0.1401145635E-23    0.3384076090E-07   -0.1520808209E+04   -0.6133457665E-34   -0.3085982285E-19   -0.2474779388E-35
    0.6630000000E+00    0.2174297571E-22    0.1501354598E-23    0.3462901348E-07    0.3137739687E+04    0.1355962986E-33    0.6822379781E-19    0.5862447318E-35
    0.6630000000E+00    0.2329801823E-22    0.1608730435E-23    0.3543562682E-07    0.5695372075E+04    0.2637260471E-33    0.1326908824E-18    0.1221755052E-34
    0.6630000000E+00    0.2496427630E-22    0.1723785718E-23    0.3626102861E-07   -0.1384851416E+05   -0.6871223949E-33   -0.3457181340E-18   -0.3410870427E-34
    0.6630000000E+00    0.2674970400E-22    0.1847069675E-23    0.3710565646E-07   -0.2066057387E+06   -0.1098432323E-31   -0.5526642356E-17   -0.5842576702E-33
    0.6630000000E+00    0.2866282424E-22    0.1979170815E-23    0.3796995823E-07   -0.1643285449E+07   -0.9361467495E-31   -0.4710120202E-16   -0.5335499112E-32
    0.6630000000E+00    0.3071276952E-22    0.2120719737E-23    0.3885439218E-07   -0.3176522975E+08   -0.1939022840E-29   -0.9755981799E-15   -0.1184169969E-30
    0.6630000000E+00    0.3290932546E-22    0.2272392139E-23    0.3975942724E-07   -0.1841470589E+09   -0.1204469233E-28   -0.6060155493E-14   -0.7881825745E-30
    0.6630000000E+00    0.3526297755E-22    0.2434912046E-23    0.4068554327E-07    0.3325221192E+09    0.2330512644E-28    0.1172572002E-13    0.1634114869E-29
    0.6630000000E+00    0.3778496121E-22    0.2609055264E-23    0.4163323131E-07    0.3022056695E+11    0.2269517477E-26    0.1141882950E-11    0.1705158090E-27
    0.6630000000E+00    0.4048731538E-22    0.2795653084E-23    0.4260299385E-07    0.1293632864E+12    0.1040978989E-25    0.5237572174E-11    0.8380560818E-27
    0.6630000000E+00    0.4338294005E-22    0.2995596250E-23    0.4359534505E-07   -0.3263340315E+12   -0.2813800420E-25   -0.1415732973E-10   -0.2427305324E-26
    0.6630000000E+00    0.4648565778E-22    0.3209839213E-23    0.4461081109E-07   -0.1855921477E+14   -0.1714709371E-23   -0.8627373064E-09   -0.1584972165E-24
    0.6630000000E+00    0.4981027973E-22    0.3439404683E-23    0.4564993037E-07   -0.5649690412E+15   -0.5593138507E-22   -0.2814126598E-07   -0.5539705690E-23
    0.6630000000E+00    0.5337267633E-22    0.3685388516E-23    0.4671325384E-07   -0.1515189584E+17   -0.1607303536E-20   -0.8086972326E-06   -0.1705803568E-21
    0.6630000000E+00    0.5718985306E-22    0.3948964943E-23    0.4780134531E-07   -0.7202016873E+17   -0.8186251036E-20   -0.4118822867E-05   -0.9309281793E-21
    0.6630000000E+00    0.6128003161E-22    0.4231392172E-23    0.4891478167E-07    0.1919328625E+17    0.2337654180E-20    0.1176165188E-05    0.2848468248E-21
    0.6630000000E+00    0.6566273690E-22    0.4534018400E-23    0.5005415331E-07    0.2646492053E+19    0.3453834458E-18    0.1737759114E-03    0.4509544079E-19
    0.6630000000E+00    0.7035889022E-22    0.4858288246E-23    0.5122006431E-07    0.5076955680E+20    0.7099606790E-17    0.3572089673E-02    0.9932656448E-18
    0.6630000000E+00    0.7539090917E-22    0.5205749646E-23    0.5241313287E-07    0.8124206374E+21    0.1217339939E-15    0.6124913048E-01    0.1824916463E-16
    0.6630000000E+00    0.8078281461E-22    0.5578061244E-23    0.5363399157E-07    0.2303110195E+22    0.3697818933E-15    0.1860517240E+00    0.5939867537E-16
    0.6630000000E+00    0.8656034539E-22    0.5977000309E-23    0.5488328773E-07    0.3467771433E+20    0.5965974441E-17    0.3001714929E-02    0.1026863003E-17
    0.6630000000E+00    0.9275108115E-22    0.6404471218E-23    0.5616168372E-07   -0.4170995179E+23   -0.7689013293E-14   -0.3868643123E+01   -0.1418083259E-14
    0.6630000000E+00    0.9938457404E-22    0.6862514550E-23    0.5746985739E-07   -0.5267284547E+24   -0.1040441590E-12   -0.5234868310E+02   -0.2056121728E-13
    0.6630000000E+00    0.1064924897E-21    0.7353316823E-23    0.5880850233E-07   -0.5378697196E+25   -0.1138434424E-11   -0.5727908559E+03   -0.2410677629E-12
    0.6630000000E+00    0.1141087586E-21    0.7879220933E-23    0.6017832832E-07   -0.4924777555E+26   -0.1116908363E-10   -0.5619602532E+04   -0.2534245365E-11
    0.6630000000E+00    0.1222697377E-21    0.8442737340E-23    0.6158006166E-07   -0.2993939628E+27   -0.7275686249E-10   -0.3660682132E+05   -0.1768907327E-10
    0.6630000000E+00    0.1310143844E-21    0.9046556049E-23    0.6301444556E-07   -0.4256452727E+27   -0.1108354626E-09   -0.5576565339E+05   -0.2887419310E-10
    0.6630000000E+00    0.1403844422E-21    0.9693559452E-23    0.6448224056E-07   -0.9402861795E+26   -0.2623559854E-10   -0.1320015508E+05   -0.7323557487E-11
    0.6630000000E+00    0.1504246400E-21    0.1038683609E-22    0.6598422489E-07    0.3161671486E+28    0.9452521337E-09    0.4755932949E+06    0.2827344864E-09
    0.6630000000E+00    0.1611829057E-21    0.1112969539E-22    0.6752119493E-07    0.2466454745E+29    0.7901400493E-08    0.3975503425E+07    0.2532416843E-08
    0.6630000000E+00    0.1727105951E-21    0.1192568347E-22    0.6909396560E-07    0.1464367506E+30    0.5026677321E-07    0.2529117834E+08    0.1726283524E-07
    0.6630000000E+00    0.1850627369E-21    0.1277860007E-22    0.7070337081E-07    0.7727750079E+30    0.2842392131E-06    0.1430118580E+09    0.1045960082E-06
    0.6630000000E+00    0.1982982953E-21    0.1369251667E-22    0.7235026388E-07    0.3752699813E+31    0.1479022393E-05    0.7441539755E+09    0.5831843590E-06
    0.6630000000E+00    0.2124804516E-21    0.1467179595E-22    0.7403551802E-07    0.1696745205E+32    0.7165517393E-05    0.3605251874E+10    0.3027461805E-05
    0.6630000000E+00    0.2276769058E-21    0.1572111260E-22    0.7576002677E-07    0.7178690547E+32    0.3248449775E-04    0.1634422052E+11    0.1470643049E-04
    0.6630000000E+00    0.2439602000E-21    0.1684547565E-22    0.7752470448E-07    0.2848027593E+33    0.1380940976E-03    0.6948053812E+11    0.6698942265E-04
    0.6630000000E+00    0.2614080640E-21    0.1805025236E-22    0.7933048683E-07    0.1060216397E+34    0.5508399630E-03    0.2771491157E+12    0.2863232129E-03
    0.6630000000E+00    0.2801037871E-21    0.1934119387E-22    0.8117833125E-07    0.3704807201E+34    0.2062512247E-02    0.1037730528E+13    0.1148755634E-02
    0.6630000000E+00    0.3001366153E-21    0.2072446262E-22    0.8306921749E-07    0.1188781255E+35    0.7091414519E-02    0.3567967822E+13    0.4232178635E-02
    0.6630000000E+00    0.3216021775E-21    0.2220666179E-22    0.8500414813E-07    0.2867186168E+35    0.1832680744E-01    0.9220933150E+13    0.1171973886E-01
    0.6630000000E+00    0.3446029418E-21    0.2379486681E-22    0.8698414910E-07    0.5359885125E+35    0.3671017085E-01    0.1847032182E+14    0.2515460627E-01
    0.6630000000E+00    0.3692487048E-21    0.2549665916E-22    0.8901027021E-07    0.8324193235E+35    0.6109041525E-01    0.3073697571E+14    0.4485431156E-01
    0.6630000000E+00    0.3956571157E-21    0.2732016250E-22    0.9108358575E-07    0.1102300117E+36    0.8668237006E-01    0.4361328847E+14    0.6819647004E-01
    0.6630000000E+00    0.4239542377E-21    0.2927408154E-22    0.9320519501E-07    0.1257250533E+36    0.1059382397E+00    0.5330166913E+14    0.8930666476E-01
    0.6630000000E+00    0.4542751502E-21    0.3136774352E-22    0.9537622289E-07    0.1273491435E+36    0.1149812305E+00    0.5785155128E+14    0.1038623322E+00
    0.6630000000E+00    0.4867645933E-21    0.3361114274E-22    0.9759782052E-07    0.1256361745E+36    0.1215473873E+00    0.6115524139E+14    0.1176458864E+00
    0.6630000000E+00    0.5215776589E-21    0.3601498832E-22    0.9987116580E-07    0.1159458367E+36    0.1201949117E+00    0.6047475805E+14    0.1246571521E+00
    0.6630000000E+00    0.5588805307E-21    0.3859075526E-22    0.1021974641E-06    0.9291770207E+35    0.1032118077E+00    0.5192989464E+14    0.1146992301E+00
    0.6630000000E+00    0.5988512779E-21    0.4135073927E-22    0.1045779488E-06    0.6660884255E+35    0.7927984839E-01    0.3988879048E+14    0.9440476798E-01
    0.6630000000E+00    0.6416807053E-21    0.4430811541E-22    0.1070138822E-06    0.4388516143E+35    0.5596913876E-01    0.2816026134E+14    0.7141340526E-01
    0.6630000000E+00    0.6875732635E-21    0.4747700104E-22    0.1095065557E-06    0.2698562237E+35    0.3687766056E-01    0.1855459244E+14    0.5041902938E-01
    0.6630000000E+00    0.7367480256E-21    0.5087252317E-22    0.1120572911E-06    0.1555164628E+35    0.2277232082E-01    0.1145764469E+14    0.3336095019E-01
    0.6630000000E+00    0.7894397325E-21    0.5451089068E-22    0.1146674407E-06    0.8375871652E+34    0.1314198411E-01    0.6612245877E+13    0.2062965931E-01
    0.6630000000E+00    0.8458999137E-21    0.5840947171E-22    0.1173383885E-06    0.4198086019E+34    0.7058009799E-02    0.3551160601E+13    0.1187171262E-01
    0.6630000000E+00    0.9063980879E-21    0.6258687655E-22    0.1200715507E-06    0.1954970549E+34    0.3521852338E-02    0.1771981567E+13    0.6347493450E-02
    0.6630000000E+00    0.9712230494E-21    0.6706304648E-22    0.1228683764E-06    0.8477471452E+33    0.1636429349E-02    0.8233515675E+12    0.3160300487E-02
    0.6630000000E+00    0.1040684247E-20    0.7185934897E-22    0.1257303485E-06    0.3439487814E+33    0.7114177537E-03    0.3579420786E+12    0.1472162725E-02
    0.6630000000E+00    0.1115113261E-20    0.7699867968E-22    0.1286589846E-06    0.1311740230E+33    0.2907225786E-03    0.1462738925E+12    0.6446290607E-03
    0.6630000000E+00    0.1194865387E-20    0.8250557175E-22    0.1316558373E-06    0.4714166913E+32    0.1119530370E-03    0.5632794874E+11    0.2659910339E-03
    0.6630000000E+00    0.1280321329E-20    0.8840631292E-22    0.1347224957E-06    0.1596941455E+32    0.4063683904E-04    0.2044598207E+11    0.1034548933E-03
    0.6630000000E+00    0.1371889021E-20    0.9472907100E-22    0.1378605858E-06    0.5100235656E+31    0.1390660653E-04    0.6996957303E+10    0.3793606539E-04
    0.6630000000E+00    0.1470005571E-20    0.1015040283E-21    0.1410717713E-06    0.1539672299E+31    0.4498411908E-05    0.2263326857E+10    0.1314892773E-04
    0.6630000000E+00    0.1575139348E-20    0.1087635259E-21    0.1443577550E-06    0.4417685594E+30    0.1383011298E-05    0.6958470407E+09    0.4331684789E-05
    0.6630000000E+00    0.1687792220E-20    0.1165422177E-21    0.1477202791E-06    0.1212522042E+30    0.4067434483E-06    0.2046485269E+09    0.1365059823E-05
    0.6630000000E+00    0.1808501947E-20    0.1248772362E-21    0.1511611264E-06    0.3199073062E+29    0.1149886785E-06    0.5785529862E+08    0.4135101755E-06
    0.6630000000E+00    0.1937844750E-20    0.1338083694E-21    0.1546821213E-06    0.8137814826E+28    0.3134286754E-07    0.1576982174E+08    0.1207729975E-06
    0.6630000000E+00    0.2076438060E-20    0.1433782510E-21    0.1582851308E-06    0.1999991558E+28    0.8253897785E-08    0.4152858590E+07    0.3407926382E-07
    0.6630000000E+00    0.2224943467E-20    0.1536325639E-21    0.1619720651E-06    0.4720879345E+27    0.2087631421E-08    0.1050368966E+07    0.9236021668E-08
    0.6630000000E+00    0.2384069878E-20    0.1646202581E-21    0.1657448792E-06    0.1058545199E+27    0.5015801380E-09    0.2523645723E+06    0.2377778790E-08
    0.6630000000E+00    0.2554576900E-20    0.1763937846E-21    0.1696055734E-06    0.2503515329E+26    0.1271104274E-09    0.6395422428E+05    0.6456725111E-09
    0.6630000000E+00    0.2737278465E-20    0.1890093455E-21    0.1735561947E-06    0.6151030720E+25    0.3346407462E-10    0.1683708393E+05    0.1821419317E-09
    0.6630000000E+00    0.2933046719E-20    0.2025271626E-21    0.1775988378E-06    0.1413693806E+25    0.8241120781E-11    0.4146429980E+04    0.4806372182E-10
    0.6630000000E+00    0.3142816182E-20    0.2170117645E-21    0.1817356462E-06    0.2948474529E+24    0.1841739931E-11    0.9266513462E+03    0.1150957858E-10
    0.6630000000E+00    0.3367588212E-20    0.2325322952E-21    0.1859688132E-06    0.7365400944E+23    0.4929777486E-12    0.2480363740E+03    0.3301098136E-11
    0.6630000000E+00    0.3608435782E-20    0.2491628434E-21    0.1903005833E-06    0.1460357458E+23    0.1047345804E-12    0.5269606107E+02    0.7514865555E-12
    0.6630000000E+00    0.3866508602E-20    0.2669827968E-21    0.1947332533E-06    0.5609277558E+22    0.4310601287E-13    0.2168831993E+02    0.3314125669E-12
