    0.6330000000E+00    0.4143038610E-23    0.2860772210E-24    0.1992691735E-07    0.3207401999E+11    0.2641096803E-27    0.1328839032E-12    0.4095138782E-29
    0.6330000000E+00    0.4439345853E-23    0.3065372650E-24    0.2039107488E-07    0.4076505175E+11    0.3596821801E-27    0.1809701634E-12    0.5975898698E-29
    0.6330000000E+00    0.4756844785E-23    0.3284605973E-24    0.2086604403E-07   -0.2068895850E+11   -0.1956003161E-27   -0.9841416432E-13   -0.3482201171E-29
    0.6330000000E+00    0.5097051019E-23    0.3519518710E-24    0.2135207663E-07   -0.1998672436E+12   -0.2024755312E-26   -0.1018733538E-11   -0.3862396474E-28
    0.6330000000E+00    0.5461588566E-23    0.3771232243E-24    0.2184943039E-07   -0.2004229214E+12   -0.2175596302E-26   -0.1094627536E-11   -0.4446953794E-28
    0.6330000000E+00    0.5852197586E-23    0.4040948153E-24    0.2235836900E-07    0.2045780740E+12    0.2379523562E-26    0.1197231311E-11    0.5211638869E-28
    0.6330000000E+00    0.6270742692E-23    0.4329953957E-24    0.2287916232E-07    0.1002115322E+13    0.1248960279E-25    0.6284007334E-11    0.2931115496E-27
    0.6330000000E+00    0.6719221852E-23    0.4639629256E-24    0.2341208647E-07    0.6584549149E+12    0.8793402805E-26    0.4424304653E-11    0.2211267447E-27
    0.6330000000E+00    0.7199775931E-23    0.4971452317E-24    0.2395742402E-07   -0.2761072890E+13   -0.3951016067E-25   -0.1987910614E-10   -0.1064616274E-26
    0.6330000000E+00    0.7714698903E-23    0.5327007132E-24    0.2451546411E-07   -0.3370484421E+13   -0.5168008841E-25   -0.2600227246E-10   -0.1492133060E-26
    0.6330000000E+00    0.8266448809E-23    0.5707990981E-24    0.2508650263E-07    0.5004334861E+13    0.8221996478E-25    0.4136807796E-10    0.2543674823E-26
    0.6330000000E+00    0.8857659485E-23    0.6116222531E-24    0.2567084234E-07    0.1061918853E+14    0.1869486163E-24    0.9406115597E-10    0.6197357648E-26
    0.6330000000E+00    0.9491153137E-23    0.6553650517E-24    0.2626879307E-07   -0.9125093976E+13   -0.1721346377E-24   -0.8660766431E-10   -0.6114382092E-26
    0.6330000000E+00    0.1016995382E-22    0.7022363048E-24    0.2688067187E-07   -0.2537769723E+14   -0.5129595687E-24   -0.2580900087E-09   -0.1952393893E-25
    0.6330000000E+00    0.1089730185E-22    0.7524597575E-24    0.2750680315E-07    0.2031861864E+14    0.4400733842E-24    0.2214181204E-09    0.1794772506E-25
    0.6330000000E+00    0.1167666930E-22    0.8062751566E-24    0.2814751890E-07    0.5178066987E+14    0.1201706993E-23    0.6046257584E-09    0.5251494238E-25
    0.6330000000E+00    0.1251177658E-22    0.8639393956E-24    0.2880315884E-07   -0.5626949140E+14   -0.1399277702E-23   -0.7040313046E-09   -0.6552216191E-25
    0.6330000000E+00    0.1340661015E-22    0.9257277409E-24    0.2947407060E-07   -0.1074684900E+15   -0.2863598135E-23   -0.1440788149E-08   -0.1436800187E-24
    0.6330000000E+00    0.1436544159E-22    0.9919351458E-24    0.3016060990E-07    0.1853813259E+15    0.5292939233E-23    0.2663084609E-08    0.2845648230E-24
    0.6330000000E+00    0.1539284799E-22    0.1062877658E-23    0.3086314075E-07    0.2707449786E+15    0.8283070056E-23    0.4167536300E-08    0.4771727556E-24
    0.6330000000E+00    0.1649373379E-22    0.1138893930E-23    0.3158203565E-07   -0.6829195575E+15   -0.2238723583E-22   -0.1126389338E-07   -0.1381925972E-23
    0.6330000000E+00    0.1767335417E-22    0.1220346833E-23    0.3231767576E-07   -0.9315244008E+15   -0.3272089388E-22   -0.1646316065E-07   -0.2164260157E-23
    0.6330000000E+00    0.1893734018E-22    0.1307625190E-23    0.3307045113E-07    0.3457163385E+16    0.1301220296E-21    0.6546947908E-07    0.9222212680E-23
    0.6330000000E+00    0.2029172559E-22    0.1401145635E-23    0.3384076090E-07    0.1614489822E+17    0.6511277960E-21    0.3276078443E-06    0.4944820605E-22
    0.6330000000E+00    0.2174297571E-22    0.1501354598E-23    0.3462901348E-07    0.1255559672E+17    0.5425856229E-21    0.2729960345E-06    0.4415222425E-22
    0.6330000000E+00    0.2329801823E-22    0.1608730435E-23    0.3543562682E-07   -0.1060898658E+18   -0.4912525569E-20   -0.2471683626E-05   -0.4283404896E-21
    0.6330000000E+00    0.2496427630E-22    0.1723785718E-23    0.3626102861E-07   -0.2659442696E+19   -0.1319536965E-18   -0.6639106228E-04   -0.1232837584E-19
    0.6330000000E+00    0.2674970400E-22    0.1847069675E-23    0.3710565646E-07   -0.5853837479E+20   -0.3112229284E-17   -0.1565884198E-02   -0.3115701832E-18
    0.6330000000E+00    0.2866282424E-22    0.1979170815E-23    0.3796995823E-07   -0.6042175867E+21   -0.3442106361E-16   -0.1731858249E-01   -0.3692398712E-17
    0.6330000000E+00    0.3071276952E-22    0.2120719737E-23    0.3885439218E-07   -0.5814163434E+21   -0.3549099372E-16   -0.1785690615E-01   -0.4079457982E-17
    0.6330000000E+00    0.3290932546E-22    0.2272392139E-23    0.3975942724E-07    0.5450610449E+22    0.3565135726E-15    0.1793759132E+00    0.4390969023E-16
    0.6330000000E+00    0.3526297755E-22    0.2434912046E-23    0.4068554327E-07    0.1037965790E+24    0.7274681165E-14    0.3660176435E+01    0.9600597638E-15
    0.6330000000E+00    0.3778496121E-22    0.2609055264E-23    0.4163323131E-07    0.1064596134E+25    0.7994951039E-13    0.4022572361E+02    0.1130576915E-13
    0.6330000000E+00    0.4048731538E-22    0.2795653084E-23    0.4260299385E-07    0.1600065702E+25    0.1287563746E-12    0.6478236469E+02    0.1950981022E-13
    0.6330000000E+00    0.4338294005E-22    0.2995596250E-23    0.4359534505E-07   -0.1546321221E+25   -0.1333308476E-12   -0.6708396084E+02   -0.2164785872E-13
    0.6330000000E+00    0.4648565778E-22    0.3209839213E-23    0.4461081109E-07   -0.4209776262E+26   -0.3889465636E-11   -0.1956942186E+04   -0.6766658261E-12
    0.6330000000E+00    0.4981027973E-22    0.3439404683E-23    0.4564993037E-07   -0.4147971461E+27   -0.4106451364E-10   -0.2066116188E+05   -0.7655102118E-11
    0.6330000000E+00    0.5337267633E-22    0.3685388516E-23    0.4671325384E-07   -0.3386430160E+28   -0.3592303714E-09   -0.1807428408E+06   -0.7175585643E-10
    0.6330000000E+00    0.5718985306E-22    0.3948964943E-23    0.4780134531E-07   -0.1209101229E+29   -0.1374338100E-08   -0.6914832159E+06   -0.2941561219E-09
    0.6330000000E+00    0.6128003161E-22    0.4231392172E-23    0.4891478167E-07   -0.1257963337E+29   -0.1532141611E-08   -0.7708803303E+06   -0.3513849954E-09
    0.6330000000E+00    0.6566273690E-22    0.4534018400E-23    0.5005415331E-07    0.2892079296E+28    0.3774340875E-09    0.1899018419E+06    0.9275245753E-10
    0.6330000000E+00    0.7035889022E-22    0.4858288246E-23    0.5122006431E-07    0.1194953486E+30    0.1671021064E-07    0.8407560114E+07    0.4400137312E-08
    0.6330000000E+00    0.7539090917E-22    0.5205749646E-23    0.5241313287E-07    0.7494988860E+30    0.1123057301E-06    0.5650540244E+08    0.3168737187E-07
    0.6330000000E+00    0.8078281461E-22    0.5578061244E-23    0.5363399157E-07    0.3663169544E+31    0.5881497864E-06    0.2959211461E+09    0.1778165782E-06
    0.6330000000E+00    0.8656034539E-22    0.5977000309E-23    0.5488328773E-07    0.1568862345E+32    0.2699080039E-05    0.1358012665E+10    0.8743797041E-06
    0.6330000000E+00    0.9275108115E-22    0.6404471218E-23    0.5616168372E-07    0.6062618125E+32    0.1117612209E-04    0.5623143857E+10    0.3879497197E-05
    0.6330000000E+00    0.9938457404E-22    0.6862514550E-23    0.5746985739E-07    0.2140042002E+33    0.4227204138E-04    0.2126871628E+11    0.1572307645E-04
    0.6330000000E+00    0.1064924897E-21    0.7353316823E-23    0.5880850233E-07    0.6973272819E+33    0.1475936186E-03    0.7426011840E+11    0.5882363870E-04
    0.6330000000E+00    0.1141087586E-21    0.7879220933E-23    0.6017832832E-07    0.2126303257E+34    0.4822321138E-03    0.2426298251E+12    0.2059398696E-03
    0.6330000000E+00    0.1222697377E-21    0.8442737340E-23    0.6158006166E-07    0.5868664813E+34    0.1426166496E-02    0.7175601076E+12    0.6526112176E-03
    0.6330000000E+00    0.1310143844E-21    0.9046556049E-23    0.6301444556E-07    0.1345187802E+35    0.3502787929E-02    0.1762389518E+13    0.1717505551E-02
    0.6330000000E+00    0.1403844422E-21    0.9693559452E-23    0.6448224056E-07    0.2662373140E+35    0.7428478096E-02    0.3737557682E+13    0.3902870596E-02
    0.6330000000E+00    0.1504246400E-21    0.1038683609E-22    0.6598422489E-07    0.4682203616E+35    0.1399849092E-01    0.7043187931E+13    0.7880713239E-02
    0.6330000000E+00    0.1611829057E-21    0.1112969539E-22    0.6752119493E-07    0.7456330028E+35    0.2388669401E-01    0.1201832940E+14    0.1440921598E-01
    0.6330000000E+00    0.1727105951E-21    0.1192568347E-22    0.6909396560E-07    0.1086473334E+36    0.3729494709E-01    0.1876454561E+14    0.2410650778E-01
    0.6330000000E+00    0.1850627369E-21    0.1277860007E-22    0.7070337081E-07    0.1451942501E+36    0.5340480603E-01    0.2687004531E+14    0.3698832347E-01
    0.6330000000E+00    0.1982982953E-21    0.1369251667E-22    0.7235026388E-07    0.1774701546E+36    0.6994493187E-01    0.3519202911E+14    0.5190874828E-01
    0.6330000000E+00    0.2124804516E-21    0.1467179595E-22    0.7403551802E-07    0.1975830843E+36    0.8344122752E-01    0.4198254298E+14    0.6635367624E-01
    0.6330000000E+00    0.2276769058E-21    0.1572111260E-22    0.7576002677E-07    0.2013179769E+36    0.9109897305E-01    0.4583545406E+14    0.7762431597E-01
    0.6330000000E+00    0.2439602000E-21    0.1684547565E-22    0.7752470448E-07    0.2002767863E+36    0.9710945973E-01    0.4885956484E+14    0.8866369840E-01
    0.6330000000E+00    0.2614080640E-21    0.1805025236E-22    0.7933048683E-07    0.1932628880E+36    0.1004105600E+00    0.5052047740E+14    0.9823442197E-01
    0.6330000000E+00    0.2801037871E-21    0.1934119387E-22    0.8117833125E-07    0.1704940210E+36    0.9491614202E-01    0.4775602097E+14    0.9950029823E-01
    0.6330000000E+00    0.3001366153E-21    0.2072446262E-22    0.8306921749E-07    0.1382793174E+36    0.8248750180E-01    0.4150268629E+14    0.9265576707E-01
    0.6330000000E+00    0.3216021775E-21    0.2220666179E-22    0.8500414813E-07    0.1059085652E+36    0.6769584420E-01    0.3406042520E+14    0.8147911693E-01
    0.6330000000E+00    0.3446029418E-21    0.2379486681E-22    0.8698414910E-07    0.7744277477E+35    0.5304101537E-01    0.2668700801E+14    0.6840630528E-01
    0.6330000000E+00    0.3692487048E-21    0.2549665916E-22    0.8901027021E-07    0.5414108214E+35    0.3973359455E-01    0.1999152446E+14    0.5490882633E-01
    0.6330000000E+00    0.3956571157E-21    0.2732016250E-22    0.9108358575E-07    0.3611663525E+35    0.2840129920E-01    0.1428980373E+14    0.4205547205E-01
    0.6330000000E+00    0.4239542377E-21    0.2927408154E-22    0.9320519501E-07    0.2296552567E+35    0.1935117385E-01    0.9736331928E+13    0.3070376402E-01
    0.6330000000E+00    0.4542751502E-21    0.3136774352E-22    0.9537622289E-07    0.1393463986E+35    0.1258133345E-01    0.6330160615E+13    0.2139000951E-01
    0.6330000000E+00    0.4867645933E-21    0.3361114274E-22    0.9759782052E-07    0.8086202337E+34    0.7823039591E-02    0.3936076992E+13    0.1425147558E-01
    0.6330000000E+00    0.5215776589E-21    0.3601498832E-22    0.9987116580E-07    0.4497772306E+34    0.4662602476E-02    0.2345937550E+13    0.9101494164E-02
    0.6330000000E+00    0.5588805307E-21    0.3859075526E-22    0.1021974641E-06    0.2402041768E+34    0.2668157602E-02    0.1342454378E+13    0.5580791325E-02
    0.6330000000E+00    0.5988512779E-21    0.4135073927E-22    0.1045779488E-06    0.1233167194E+34    0.1467752696E-02    0.7384837503E+12    0.3289555300E-02
    0.6330000000E+00    0.6416807053E-21    0.4430811541E-22    0.1070138822E-06    0.6092569661E+33    0.7770186223E-03    0.3909484397E+12    0.1866017586E-02
    0.6330000000E+00    0.6875732635E-21    0.4747700104E-22    0.1095065557E-06    0.2900190036E+33    0.3963303949E-03    0.1994093128E+12    0.1019862645E-02
    0.6330000000E+00    0.7367480256E-21    0.5087252317E-22    0.1120572911E-06    0.1331763516E+33    0.1950105185E-03    0.9811741409E+11    0.5377028544E-03
    0.6330000000E+00    0.7894397325E-21    0.5451089068E-22    0.1146674407E-06    0.5906121809E+32    0.9266875398E-04    0.4662527221E+11    0.2737900295E-03
    0.6330000000E+00    0.8458999137E-21    0.5840947171E-22    0.1173383885E-06    0.2532251504E+32    0.4257334378E-04    0.2142031329E+11    0.1347789494E-03
    0.6330000000E+00    0.9063980879E-21    0.6258687655E-22    0.1200715507E-06    0.1050656319E+32    0.1892742791E-04    0.9523128785E+10    0.6420604306E-04
    0.6330000000E+00    0.9712230494E-21    0.6706304648E-22    0.1228683764E-06    0.4222506700E+31    0.8150819416E-05    0.4100995834E+10    0.2962685666E-04
    0.6330000000E+00    0.1040684247E-20    0.7185934897E-22    0.1257303485E-06    0.1645327970E+31    0.3403168123E-05    0.1712266900E+10    0.1325463307E-04
    0.6330000000E+00    0.1115113261E-20    0.7699867968E-22    0.1286589846E-06    0.6222329779E+30    0.1379062498E-05    0.6938602454E+09    0.5755303804E-05
    0.6330000000E+00    0.1194865387E-20    0.8250557175E-22    0.1316558373E-06    0.2286225129E+30    0.5429375989E-06    0.2731731274E+09    0.2427919163E-05
    0.6330000000E+00    0.1280321329E-20    0.8840631292E-22    0.1347224957E-06    0.8167576450E+29    0.2078376064E-06    0.1045712234E+09    0.9958832710E-06
    0.6330000000E+00    0.1371889021E-20    0.9472907100E-22    0.1378605858E-06    0.2838068108E+29    0.7738445661E-07    0.3893514479E+08    0.3973178185E-06
    0.6330000000E+00    0.1470005571E-20    0.1015040283E-21    0.1410717713E-06    0.9593400598E+28    0.2802873541E-07    0.1410235233E+08    0.1542012197E-06
    0.6330000000E+00    0.1575139348E-20    0.1087635259E-21    0.1443577550E-06    0.3156960879E+28    0.9883257804E-08    0.4972653301E+07    0.5826187123E-07
    0.6330000000E+00    0.1687792220E-20    0.1165422177E-21    0.1477202791E-06    0.1013218802E+28    0.3398866948E-08    0.1710102811E+07    0.2146932889E-07
    0.6330000000E+00    0.1808501947E-20    0.1248772362E-21    0.1511611264E-06    0.3177640612E+27    0.1142183025E-08    0.5746769235E+06    0.7730721113E-08
    0.6330000000E+00    0.1937844750E-20    0.1338083694E-21    0.1546821213E-06    0.9738542189E+26    0.3750808348E-09    0.1887178285E+06    0.2720252254E-08
    0.6330000000E+00    0.2076438060E-20    0.1433782510E-21    0.1582851308E-06    0.2910322859E+26    0.1201080440E-09    0.6043105152E+05    0.9333755051E-09
    0.6330000000E+00    0.2224943467E-20    0.1536325639E-21    0.1619720651E-06    0.8469829935E+25    0.3745463888E-10    0.1884489278E+05    0.3118817189E-09
    0.6330000000E+00    0.2384069878E-20    0.1646202581E-21    0.1657448792E-06    0.2407583970E+25    0.1140807498E-10    0.5739848423E+04    0.1017880213E-09
    0.6330000000E+00    0.2554576900E-20    0.1763937846E-21    0.1696055734E-06    0.6721934236E+24    0.3412912729E-11    0.1717169792E+04    0.3262943007E-10
    0.6330000000E+00    0.2737278465E-20    0.1890093455E-21    0.1735561947E-06    0.1845690418E+24    0.1004129628E-11    0.5052168635E+03    0.1028665292E-10
    0.6330000000E+00    0.2933046719E-20    0.2025271626E-21    0.1775988378E-06    0.4953667235E+23    0.2887737770E-12    0.1452933743E+03    0.3169874427E-11
    0.6330000000E+00    0.3142816182E-20    0.2170117645E-21    0.1817356462E-06    0.1292173327E+23    0.8071452516E-13    0.4061063244E+02    0.9493710868E-12
    0.6330000000E+00    0.3367588212E-20    0.2325322952E-21    0.1859688132E-06    0.3306977195E+22    0.2213411306E-13    0.1113653742E+02    0.2789628869E-12
    0.6330000000E+00    0.3608435782E-20    0.2491628434E-21    0.1903005833E-06    0.7542003675E+21    0.5409008496E-14    0.2721483592E+01    0.7304693005E-13
    0.6330000000E+00    0.3866508602E-20    0.2669827968E-21    0.1947332533E-06    0.2870597252E+21    0.2205988219E-14    0.1109918897E+01    0.3192180892E-13
