    0.6350000000E+00    0.4143038610E-23    0.2860772210E-24    0.1992691735E-07   -0.2167012941E+10   -0.1784400880E-28   -0.8978018283E-14   -0.2587514922E-30
    0.6350000000E+00    0.4439345853E-23    0.3065372650E-24    0.2039107488E-07   -0.2898715432E+10   -0.2557622868E-28   -0.1286840033E-13   -0.3973991562E-30
    0.6350000000E+00    0.4756844785E-23    0.3284605973E-24    0.2086604403E-07    0.1072562205E+10    0.1014036093E-28    0.5102011932E-14    0.1688277558E-30
    0.6350000000E+00    0.5097051019E-23    0.3519518710E-24    0.2135207663E-07    0.1389921901E+11    0.1408060521E-27    0.7084502843E-13    0.2511954429E-29
    0.6350000000E+00    0.5461588566E-23    0.3771232243E-24    0.2184943039E-07    0.1433474152E+11    0.1556040119E-27    0.7829046038E-13    0.2974481173E-29
    0.6350000000E+00    0.5852197586E-23    0.4040948153E-24    0.2235836900E-07   -0.1232588076E+11   -0.1433668971E-27   -0.7213348963E-13   -0.2936562985E-29
    0.6350000000E+00    0.6270742692E-23    0.4329953957E-24    0.2287916232E-07   -0.7028326374E+11   -0.8759571149E-27   -0.4407282625E-12   -0.1922530679E-28
    0.6350000000E+00    0.6719221852E-23    0.4639629256E-24    0.2341208647E-07   -0.4908693817E+11   -0.6555364840E-27   -0.3298260276E-12   -0.1541655376E-28
    0.6350000000E+00    0.7199775931E-23    0.4971452317E-24    0.2395742402E-07    0.1867635075E+12    0.2672532193E-26    0.1344655406E-11    0.6734624402E-28
    0.6350000000E+00    0.7714698903E-23    0.5327007132E-24    0.2451546411E-07    0.2412102497E+12    0.3698509020E-26    0.1860864449E-11    0.9986587612E-28
    0.6350000000E+00    0.8266448809E-23    0.5707990981E-24    0.2508650263E-07   -0.3249695671E+12   -0.5339168361E-26   -0.2686344291E-11   -0.1544770794E-27
    0.6350000000E+00    0.8857659485E-23    0.6116222531E-24    0.2567084234E-07   -0.7571176615E+12   -0.1332889974E-25   -0.6706290435E-11   -0.4132232369E-27
    0.6350000000E+00    0.9491153137E-23    0.6553650517E-24    0.2626879307E-07    0.5818131042E+12    0.1097525002E-25    0.5522077269E-11    0.3645900874E-27
    0.6350000000E+00    0.1016995382E-22    0.7022363048E-24    0.2688067187E-07    0.1809995580E+13    0.3658545312E-25    0.1840757146E-10    0.1302263513E-26
    0.6350000000E+00    0.1089730185E-22    0.7524597575E-24    0.2750680315E-07   -0.1427635778E+13   -0.3092063094E-25   -0.1555737800E-10   -0.1179339328E-26
    0.6350000000E+00    0.1167666930E-22    0.8062751566E-24    0.2814751890E-07   -0.3482168652E+13   -0.8081290624E-25   -0.4066013181E-10   -0.3302715462E-26
    0.6350000000E+00    0.1251177658E-22    0.8639393956E-24    0.2880315884E-07    0.4297028982E+13    0.1068560723E-24    0.5376346658E-10    0.4679394293E-26
    0.6350000000E+00    0.1340661015E-22    0.9257277409E-24    0.2947407060E-07    0.5038056299E+13    0.1342437082E-24    0.6754325671E-10    0.6299185163E-26
    0.6350000000E+00    0.1436544159E-22    0.9919351458E-24    0.3016060990E-07   -0.1365838189E+14   -0.3899690814E-24   -0.1962086873E-09   -0.1960742713E-25
    0.6350000000E+00    0.1539284799E-22    0.1062877658E-23    0.3086314075E-07   -0.4808360320E+13   -0.1471051674E-24   -0.7401435950E-10   -0.7925348394E-26
    0.6350000000E+00    0.1649373379E-22    0.1138893930E-23    0.3158203565E-07    0.5304002182E+14    0.1738739891E-23    0.8748280000E-09    0.1003748830E-24
    0.6350000000E+00    0.1767335417E-22    0.1220346833E-23    0.3231767576E-07   -0.1262293646E+14   -0.4433955397E-24   -0.2230896267E-09   -0.2742721774E-25
    0.6350000000E+00    0.1893734018E-22    0.1307625190E-23    0.3307045113E-07   -0.2433952046E+15   -0.9161001228E-23   -0.4609257788E-08   -0.6072022548E-24
    0.6350000000E+00    0.2029172559E-22    0.1401145635E-23    0.3384076090E-07    0.7336281347E+14    0.2958740674E-23    0.1488658080E-08    0.2101344881E-24
    0.6350000000E+00    0.2174297571E-22    0.1501354598E-23    0.3462901348E-07    0.4446928673E+16    0.1921724325E-21    0.9668946211E-07    0.1462451666E-22
    0.6350000000E+00    0.2329801823E-22    0.1608730435E-23    0.3543562682E-07    0.6835816858E+16    0.3165347119E-21    0.1592609857E-06    0.2581141282E-22
    0.6350000000E+00    0.2496427630E-22    0.1723785718E-23    0.3626102861E-07   -0.2163643145E+17   -0.1073535863E-20   -0.5401378530E-06   -0.9380089696E-22
    0.6350000000E+00    0.2674970400E-22    0.1847069675E-23    0.3710565646E-07   -0.7876229615E+18   -0.4187446703E-19   -0.2106868108E-04   -0.3920484370E-20
    0.6350000000E+00    0.2866282424E-22    0.1979170815E-23    0.3796995823E-07   -0.1826062076E+20   -0.1040270927E-17   -0.5234009635E-03   -0.1043606788E-18
    0.6350000000E+00    0.3071276952E-22    0.2120719737E-23    0.3885439218E-07   -0.2216555089E+21   -0.1353036316E-16   -0.6807654557E-02   -0.1454453656E-17
    0.6350000000E+00    0.3290932546E-22    0.2272392139E-23    0.3975942724E-07   -0.2381589873E+21   -0.1557750498E-16   -0.7837651623E-02   -0.1794272219E-17
    0.6350000000E+00    0.3526297755E-22    0.2434912046E-23    0.4068554327E-07    0.1733407061E+22    0.1214874693E-15    0.6112509428E-01    0.1499415236E-16
    0.6350000000E+00    0.3778496121E-22    0.2609055264E-23    0.4163323131E-07    0.3542056786E+23    0.2660029441E-14    0.1338364783E+01    0.3517846439E-15
    0.6350000000E+00    0.4048731538E-22    0.2795653084E-23    0.4260299385E-07    0.4347212353E+24    0.3498176992E-13    0.1760069576E+02    0.4957151744E-14
    0.6350000000E+00    0.4338294005E-22    0.2995596250E-23    0.4359534505E-07    0.8427991598E+24    0.7266997619E-13    0.3656310542E+02    0.1103431689E-13
    0.6350000000E+00    0.4648565778E-22    0.3209839213E-23    0.4461081109E-07   -0.2368700535E+24   -0.2188472441E-13   -0.1101106024E+02   -0.3560668284E-14
    0.6350000000E+00    0.4981027973E-22    0.3439404683E-23    0.4564993037E-07   -0.1566179448E+26   -0.1550502406E-11   -0.7801183641E+03   -0.2703104770E-12
    0.6350000000E+00    0.5337267633E-22    0.3685388516E-23    0.4671325384E-07   -0.1639978684E+27   -0.1739679024E-10   -0.8753005148E+04   -0.3249821903E-11
    0.6350000000E+00    0.5718985306E-22    0.3948964943E-23    0.4780134531E-07   -0.1389811342E+28   -0.1579744222E-09   -0.7948310645E+05   -0.3162111720E-10
    0.6350000000E+00    0.6128003161E-22    0.4231392172E-23    0.4891478167E-07   -0.7074713202E+28   -0.8616675994E-09   -0.4335386487E+06   -0.1848120128E-09
    0.6350000000E+00    0.6566273690E-22    0.4534018400E-23    0.5005415331E-07   -0.9332537582E+28   -0.1217953398E-08   -0.6127999598E+06   -0.2799117346E-09
    0.6350000000E+00    0.7035889022E-22    0.4858288246E-23    0.5122006431E-07   -0.3264107743E+28   -0.4564523103E-09   -0.2296589984E+06   -0.1124050554E-09
    0.6350000000E+00    0.7539090917E-22    0.5205749646E-23    0.5241313287E-07    0.4982778755E+29    0.7466250004E-08    0.3756562205E+07    0.1970121281E-08
    0.6350000000E+00    0.8078281461E-22    0.5578061244E-23    0.5363399157E-07    0.3570253211E+30    0.5732313611E-07    0.2884151033E+08    0.1620766220E-07
    0.6350000000E+00    0.8656034539E-22    0.5977000309E-23    0.5488328773E-07    0.1847832013E+31    0.3179021103E-06    0.1599489773E+09    0.9631276368E-07
    0.6350000000E+00    0.9275108115E-22    0.6404471218E-23    0.5616168372E-07    0.8277767166E+31    0.1525963446E-05    0.7677718542E+09    0.4953755468E-06
    0.6350000000E+00    0.9938457404E-22    0.6862514550E-23    0.5746985739E-07    0.3339416699E+32    0.6596317304E-05    0.3318865061E+10    0.2294520661E-05
    0.6350000000E+00    0.1064924897E-21    0.7353316823E-23    0.5880850233E-07    0.1231728162E+33    0.2607028597E-04    0.1311697986E+11    0.9717090092E-05
    0.6350000000E+00    0.1141087586E-21    0.7879220933E-23    0.6017832832E-07    0.4200484380E+33    0.9526432575E-04    0.4793120581E+11    0.3804702749E-04
    0.6350000000E+00    0.1222697377E-21    0.8442737340E-23    0.6158006166E-07    0.1341027061E+34    0.3258880725E-03    0.1639670270E+12    0.1394629668E-03
    0.6350000000E+00    0.1310143844E-21    0.9046556049E-23    0.6301444556E-07    0.4043051312E+34    0.1052786184E-02    0.5296978789E+12    0.4827592582E-03
    0.6350000000E+00    0.1403844422E-21    0.9693559452E-23    0.6448224056E-07    0.1030379573E+35    0.2874935888E-02    0.1446492616E+13    0.1412598037E-02
    0.6350000000E+00    0.1504246400E-21    0.1038683609E-22    0.6598422489E-07    0.2173923364E+35    0.6499428253E-02    0.3270116393E+13    0.3421886404E-02
    0.6350000000E+00    0.1611829057E-21    0.1112969539E-22    0.6752119493E-07    0.3998385772E+35    0.1280901155E-01    0.6444714368E+13    0.7226134677E-02
    0.6350000000E+00    0.1727105951E-21    0.1192568347E-22    0.6909396560E-07    0.6589138098E+35    0.2261827779E-01    0.1138013962E+14    0.1367256409E-01
    0.6350000000E+00    0.1850627369E-21    0.1277860007E-22    0.7070337081E-07    0.9859504213E+35    0.3626485963E-01    0.1824626834E+14    0.2348964401E-01
    0.6350000000E+00    0.1982982953E-21    0.1369251667E-22    0.7235026388E-07    0.1344490803E+36    0.5298937042E-01    0.2666102342E+14    0.3677724507E-01
    0.6350000000E+00    0.2124804516E-21    0.1467179595E-22    0.7403551802E-07    0.1667727234E+36    0.7042971722E-01    0.3543594357E+14    0.5237769458E-01
    0.6350000000E+00    0.2276769058E-21    0.1572111260E-22    0.7576002677E-07    0.1875336995E+36    0.8486141029E-01    0.4269709244E+14    0.6762397247E-01
    0.6350000000E+00    0.2439602000E-21    0.1684547565E-22    0.7752470448E-07    0.1918487479E+36    0.9302290397E-01    0.4680345891E+14    0.7942922541E-01
    0.6350000000E+00    0.2614080640E-21    0.1805025236E-22    0.7933048683E-07    0.1909049297E+36    0.9918547263E-01    0.4990408808E+14    0.9074830069E-01
    0.6350000000E+00    0.2801037871E-21    0.1934119387E-22    0.8117833125E-07    0.1843781891E+36    0.1026456311E+00    0.5164502903E+14    0.1006307949E+00
    0.6350000000E+00    0.3001366153E-21    0.2072446262E-22    0.8306921749E-07    0.1625500683E+36    0.9696568733E-01    0.4878722733E+14    0.1018611358E+00
    0.6350000000E+00    0.3216021775E-21    0.2220666179E-22    0.8500414813E-07    0.1310533036E+36    0.8376814478E-01    0.4214702783E+14    0.9429080238E-01
    0.6350000000E+00    0.3446029418E-21    0.2379486681E-22    0.8698414910E-07    0.9942749582E+35    0.6809848110E-01    0.3426300756E+14    0.8213492398E-01
    0.6350000000E+00    0.3692487048E-21    0.2549665916E-22    0.8901027021E-07    0.7185569187E+35    0.5273416811E-01    0.2653262116E+14    0.6815261646E-01
    0.6350000000E+00    0.3956571157E-21    0.2732016250E-22    0.9108358575E-07    0.4957196553E+35    0.3898226442E-01    0.1961350090E+14    0.5398305982E-01
    0.6350000000E+00    0.4239542377E-21    0.2927408154E-22    0.9320519501E-07    0.3258256594E+35    0.2745466866E-01    0.1381351690E+14    0.4073865073E-01
    0.6350000000E+00    0.4542751502E-21    0.3136774352E-22    0.9537622289E-07    0.2037721144E+35    0.1839821441E-01    0.9256860790E+13    0.2925271029E-01
    0.6350000000E+00    0.4867645933E-21    0.3361114274E-22    0.9759782052E-07    0.1213674503E+35    0.1174175873E-01    0.5907737761E+13    0.2000431049E-01
    0.6350000000E+00    0.5215776589E-21    0.3601498832E-22    0.9987116580E-07    0.6900330939E+34    0.7153207839E-02    0.3599058456E+13    0.1305843940E-01
    0.6350000000E+00    0.5588805307E-21    0.3859075526E-22    0.1021974641E-06    0.3754199681E+34    0.4170117503E-02    0.2098149110E+13    0.8157155224E-02
    0.6350000000E+00    0.5988512779E-21    0.4135073927E-22    0.1045779488E-06    0.1958191783E+34    0.2330698774E-02    0.1172665652E+13    0.4885135136E-02
    0.6350000000E+00    0.6416807053E-21    0.4430811541E-22    0.1070138822E-06    0.9805118516E+33    0.1250500217E-02    0.6291755364E+12    0.2808498560E-02
    0.6350000000E+00    0.6875732635E-21    0.4747700104E-22    0.1095065557E-06    0.4718508173E+33    0.6448157481E-03    0.3244320064E+12    0.1551765420E-02
    0.6350000000E+00    0.7367480256E-21    0.5087252317E-22    0.1120572911E-06    0.2184957279E+33    0.3199439290E-03    0.1609762961E+12    0.8250196794E-03
    0.6350000000E+00    0.7894397325E-21    0.5451089068E-22    0.1146674407E-06    0.9748433421E+32    0.1529557310E-03    0.7695800673E+11    0.4226259773E-03
    0.6350000000E+00    0.8458999137E-21    0.5840947171E-22    0.1173383885E-06    0.4195921346E+32    0.7054370454E-04    0.3549329505E+11    0.2088568371E-03
    0.6350000000E+00    0.9063980879E-21    0.6258687655E-22    0.1200715507E-06    0.1744274634E+32    0.3142286569E-04    0.1581007193E+11    0.9968647135E-04
    0.6350000000E+00    0.9712230494E-21    0.6706304648E-22    0.1228683764E-06    0.7010513516E+31    0.1353258473E-04    0.6808772314E+10    0.4600141482E-04
    0.6350000000E+00    0.1040684247E-20    0.7185934897E-22    0.1257303485E-06    0.2726940279E+31    0.5640356451E-05    0.2837883791E+10    0.2054456665E-04
    0.6350000000E+00    0.1115113261E-20    0.7699867968E-22    0.1286589846E-06    0.1027687361E+31    0.2277675967E-05    0.1145987805E+10    0.8889603150E-05
    0.6350000000E+00    0.1194865387E-20    0.8250557175E-22    0.1316558373E-06    0.3756734761E+30    0.8921573491E-06    0.4488792335E+09    0.3731057066E-05
    0.6350000000E+00    0.1280321329E-20    0.8840631292E-22    0.1347224957E-06    0.1333533746E+30    0.3393399051E-06    0.1707351698E+09    0.1520636352E-05
    0.6350000000E+00    0.1371889021E-20    0.9472907100E-22    0.1378605858E-06    0.4600027494E+29    0.1254270914E-06    0.6310727217E+08    0.6022569017E-06
    0.6350000000E+00    0.1470005571E-20    0.1015040283E-21    0.1410717713E-06    0.1542307440E+29    0.4506110915E-07    0.2267200528E+08    0.2318421052E-06
    0.6350000000E+00    0.1575139348E-20    0.1087635259E-21    0.1443577550E-06    0.5027129537E+28    0.1573805287E-07    0.7918429542E+07    0.8676437330E-07
    0.6350000000E+00    0.1687792220E-20    0.1165422177E-21    0.1477202791E-06    0.1594900416E+28    0.5350131975E-08    0.2691860513E+07    0.3160493703E-07
    0.6350000000E+00    0.1808501947E-20    0.1248772362E-21    0.1511611264E-06    0.4937278355E+27    0.1774673795E-08    0.8929077517E+06    0.1123334173E-07
    0.6350000000E+00    0.1937844750E-20    0.1338083694E-21    0.1546821213E-06    0.1494288991E+27    0.5755267590E-09    0.2895700077E+06    0.3903515922E-08
    0.6350000000E+00    0.2076438060E-20    0.1433782510E-21    0.1582851308E-06    0.4416877013E+26    0.1822830264E-09    0.9171371535E+05    0.1324758347E-08
    0.6350000000E+00    0.2224943467E-20    0.1536325639E-21    0.1619720651E-06    0.1270690286E+26    0.5619150109E-10    0.2827214052E+05    0.4375836315E-09
    0.6350000000E+00    0.2384069878E-20    0.1646202581E-21    0.1657448792E-06    0.3555509611E+25    0.1684739587E-10    0.8476583365E+04    0.1405798951E-09
    0.6350000000E+00    0.2554576900E-20    0.1763937846E-21    0.1696055734E-06    0.9734235809E+24    0.4942341911E-11    0.2486685393E+04    0.4418992056E-10
    0.6350000000E+00    0.2737278465E-20    0.1890093455E-21    0.1735561947E-06    0.2627778713E+24    0.1429617033E-11    0.7192962080E+03    0.1369651723E-10
    0.6350000000E+00    0.2933046719E-20    0.2025271626E-21    0.1775988378E-06    0.6982725688E+23    0.4070576352E-12    0.2048066067E+03    0.4178749518E-11
    0.6350000000E+00    0.3142816182E-20    0.2170117645E-21    0.1817356462E-06    0.1804513419E+23    0.1127174201E-12    0.5671253974E+02    0.1239885194E-11
    0.6350000000E+00    0.3367588212E-20    0.2325322952E-21    0.1859688132E-06    0.4532953618E+22    0.3033976407E-13    0.1526512117E+02    0.3576042186E-12
    0.6350000000E+00    0.3608435782E-20    0.2491628434E-21    0.1903005833E-06    0.9857252802E+21    0.7069469394E-14    0.3556926372E+01    0.8928474300E-13
    0.6350000000E+00    0.3866508602E-20    0.2669827968E-21    0.1947332533E-06    0.3824477707E+21    0.2939023494E-14    0.1478737595E+01    0.3977347088E-13
