    0.6830000000E+00    0.4143038610E-23    0.2860772210E-24    0.1992691735E-07   -0.4744728984E-06   -0.3906990316E-44   -0.1965759538E-29   -0.2618696187E-46
    0.6830000000E+00    0.4439345853E-23    0.3065372650E-24    0.2039107488E-07    0.9535745954E-06    0.8413672365E-44    0.4233247426E-29    0.6042663043E-46
    0.6830000000E+00    0.4756844785E-23    0.3284605973E-24    0.2086604403E-07    0.1882960308E-05    0.1780213497E-43    0.8956949922E-29    0.1369982030E-45
    0.6830000000E+00    0.5097051019E-23    0.3519518710E-24    0.2135207663E-07    0.1152325308E-05    0.1167363269E-43    0.5873460885E-29    0.9626065340E-46
    0.6830000000E+00    0.5461588566E-23    0.3771232243E-24    0.2184943039E-07   -0.5300409255E-05   -0.5753608767E-43   -0.2894865458E-28   -0.5083737396E-45
    0.6830000000E+00    0.5852197586E-23    0.4040948153E-24    0.2235836900E-07   -0.9880562819E-05   -0.1149244959E-42   -0.5782300588E-28   -0.1088066374E-44
    0.6830000000E+00    0.6270742692E-23    0.4329953957E-24    0.2287916232E-07   -0.1974659235E-05   -0.2461065003E-43   -0.1238257997E-28   -0.2496697151E-45
    0.6830000000E+00    0.6719221852E-23    0.4639629256E-24    0.2341208647E-07    0.3587785006E-04    0.4791343799E-42    0.2410712341E-27    0.5208349455E-44
    0.6830000000E+00    0.7199775931E-23    0.4971452317E-24    0.2395742402E-07    0.3393804680E-04    0.4856437099E-42    0.2443463325E-27    0.5656666166E-44
    0.6830000000E+00    0.7714698903E-23    0.5327007132E-24    0.2451546411E-07   -0.7588487007E-04   -0.1163552862E-41   -0.5854289239E-27   -0.1452208251E-43
    0.6830000000E+00    0.8266448809E-23    0.5707990981E-24    0.2508650263E-07   -0.1267619074E-03   -0.2082666298E-41   -0.1047870818E-26   -0.2785239017E-43
    0.6830000000E+00    0.8857659485E-23    0.6116222531E-24    0.2567084234E-07    0.1331142128E-03    0.2343448167E-41    0.1179080370E-26    0.3358134862E-43
    0.6830000000E+00    0.9491153137E-23    0.6553650517E-24    0.2626879307E-07    0.3401927695E-03    0.6417354087E-41    0.3228821672E-26    0.9853687476E-43
    0.6830000000E+00    0.1016995382E-22    0.7022363048E-24    0.2688067187E-07   -0.2846863739E-03   -0.5754367635E-41   -0.2895247274E-26   -0.9467610568E-43
    0.6830000000E+00    0.1089730185E-22    0.7524597575E-24    0.2750680315E-07   -0.6860642449E-03   -0.1485920964E-40   -0.7476249163E-26   -0.2619621168E-42
    0.6830000000E+00    0.1167666930E-22    0.8062751566E-24    0.2814751890E-07    0.7226303960E-03    0.1677054395E-40    0.8437916162E-26    0.3168034704E-42
    0.6830000000E+00    0.1251177658E-22    0.8639393956E-24    0.2880315884E-07    0.9434626261E-03    0.2346149188E-40    0.1180439359E-25    0.4748958845E-42
    0.6830000000E+00    0.1340661015E-22    0.9257277409E-24    0.2947407060E-07   -0.1332293801E-02   -0.3550021073E-40   -0.1786154359E-25   -0.7699698367E-42
    0.6830000000E+00    0.1436544159E-22    0.9919351458E-24    0.3016060990E-07   -0.5958516813E-03   -0.1701253740E-40   -0.8559672525E-26   -0.3953774300E-42
    0.6830000000E+00    0.1539284799E-22    0.1062877658E-23    0.3086314075E-07    0.6354237721E-03    0.1943991592E-40    0.9780981535E-26    0.4841023194E-42
    0.6830000000E+00    0.1649373379E-22    0.1138893930E-23    0.3158203565E-07    0.1353672921E-02    0.4437564365E-40    0.2232712080E-25    0.1184097452E-41
    0.6830000000E+00    0.1767335417E-22    0.1220346833E-23    0.3231767576E-07    0.6092921128E-02    0.2140210450E-39    0.1076823530E-24    0.6119265003E-41
    0.6830000000E+00    0.1893734018E-22    0.1307625190E-23    0.3307045113E-07   -0.7555426566E-02   -0.2843740170E-39   -0.1430796831E-24   -0.8712297439E-41
    0.6830000000E+00    0.2029172559E-22    0.1401145635E-23    0.3384076090E-07   -0.7413340967E-01   -0.2989819013E-38   -0.1504294806E-23   -0.9814940709E-40
    0.6830000000E+00    0.2174297571E-22    0.1501354598E-23    0.3462901348E-07    0.6760178672E-01    0.2921387041E-38    0.1469864007E-23    0.1027618418E-39
    0.6830000000E+00    0.2329801823E-22    0.1608730435E-23    0.3543562682E-07    0.1772489090E+01    0.8207568094E-37    0.4129548311E-22    0.3093550968E-38
    0.6830000000E+00    0.2496427630E-22    0.1723785718E-23    0.3626102861E-07    0.1757397889E+01    0.8719689579E-37    0.4387216648E-22    0.3521630653E-38
    0.6830000000E+00    0.2674970400E-22    0.1847069675E-23    0.3710565646E-07   -0.1013415637E+02   -0.5387887577E-36   -0.2710856833E-21   -0.2331638976E-37
    0.6830000000E+00    0.2866282424E-22    0.1979170815E-23    0.3796995823E-07   -0.4396936606E+02   -0.2504846564E-35   -0.1260286211E-20   -0.1161512557E-36
    0.6830000000E+00    0.3071276952E-22    0.2120719737E-23    0.3885439218E-07   -0.6208287044E+02   -0.3789681508E-35   -0.1906736891E-20   -0.1882979074E-36
    0.6830000000E+00    0.3290932546E-22    0.2272392139E-23    0.3975942724E-07   -0.2060743582E+03   -0.1347891330E-34   -0.6781768122E-20   -0.7176251670E-36
    0.6830000000E+00    0.3526297755E-22    0.2434912046E-23    0.4068554327E-07   -0.9727297769E+04   -0.6817468414E-33   -0.3430134829E-18   -0.3889250495E-34
    0.6830000000E+00    0.3778496121E-22    0.2609055264E-23    0.4163323131E-07   -0.6338349757E+06   -0.4760001880E-31   -0.2394942997E-16   -0.2909711332E-32
    0.6830000000E+00    0.4048731538E-22    0.2795653084E-23    0.4260299385E-07   -0.1388849645E+07   -0.1117599390E-30   -0.5623079358E-16   -0.7320300968E-32
    0.6830000000E+00    0.4338294005E-22    0.2995596250E-23    0.4359534505E-07    0.1696209072E+08    0.1462548597E-29    0.7358653650E-15    0.1026486133E-30
    0.6830000000E+00    0.4648565778E-22    0.3209839213E-23    0.4461081109E-07    0.8661748753E+09    0.8002699437E-28    0.4026470883E-13    0.6018375588E-29
    0.6830000000E+00    0.4981027973E-22    0.3439404683E-23    0.4564993037E-07    0.1514314875E+10    0.1499156984E-27    0.7542844750E-13    0.1208063863E-28
    0.6830000000E+00    0.5337267633E-22    0.3685388516E-23    0.4671325384E-07   -0.1678025388E+11   -0.1780038728E-26   -0.8956070590E-12   -0.1536994213E-27
    0.6830000000E+00    0.5718985306E-22    0.3948964943E-23    0.4780134531E-07   -0.7368011216E+12   -0.8374930316E-25   -0.4213754787E-10   -0.7748613222E-26
    0.6830000000E+00    0.6128003161E-22    0.4231392172E-23    0.4891478167E-07   -0.2400987295E+14   -0.2924292335E-23   -0.1471325774E-08   -0.2899102477E-24
    0.6830000000E+00    0.6566273690E-22    0.4534018400E-23    0.5005415331E-07   -0.6999348576E+15   -0.9134579215E-22   -0.4595963840E-07   -0.9703565182E-23
    0.6830000000E+00    0.7035889022E-22    0.4858288246E-23    0.5122006431E-07   -0.2923342541E+16   -0.4087997584E-21   -0.2056831369E-06   -0.4653218131E-22
    0.6830000000E+00    0.7539090917E-22    0.5205749646E-23    0.5241313287E-07    0.2195543774E+16    0.3289826725E-21    0.1655240413E-06    0.4012507022E-22
    0.6830000000E+00    0.8078281461E-22    0.5578061244E-23    0.5363399157E-07    0.1501935104E+18    0.2411471269E-19    0.1213305451E-04    0.3151554872E-20
    0.6830000000E+00    0.8656034539E-22    0.5977000309E-23    0.5488328773E-07    0.3068692704E+19    0.5279397041E-18    0.2656271004E-03    0.7393108941E-19
    0.6830000000E+00    0.9275108115E-22    0.6404471218E-23    0.5616168372E-07    0.5385874811E+20    0.9928580889E-17    0.4995457117E-02    0.1489806825E-17
    0.6830000000E+00    0.9938457404E-22    0.6862514550E-23    0.5746985739E-07    0.2276726670E+21    0.4497196033E-16    0.2262715103E-01    0.7230770875E-17
    0.6830000000E+00    0.1064924897E-21    0.7353316823E-23    0.5880850233E-07    0.8350389898E+20    0.1767411506E-16    0.8892538104E-02    0.3044952058E-17
    0.6830000000E+00    0.1141087586E-21    0.7879220933E-23    0.6017832832E-07   -0.3284083822E+22   -0.7448094139E-15   -0.3747427280E+00   -0.1374953270E-15
    0.6830000000E+00    0.1222697377E-21    0.8442737340E-23    0.6158006166E-07   -0.4635894820E+23   -0.1126586384E-13   -0.5668296438E+01   -0.2228472500E-14
    0.6830000000E+00    0.1310143844E-21    0.9046556049E-23    0.6301444556E-07   -0.5165846665E+24   -0.1345155324E-12   -0.6768002209E+02   -0.2851118159E-13
    0.6830000000E+00    0.1403844422E-21    0.9693559452E-23    0.6448224056E-07   -0.5159865942E+25   -0.1439691174E-11   -0.7243649020E+03   -0.3269731742E-12
    0.6830000000E+00    0.1504246400E-21    0.1038683609E-22    0.6598422489E-07   -0.4641611484E+26   -0.1387713170E-10   -0.6982127363E+04   -0.3377088882E-11
    0.6830000000E+00    0.1611829057E-21    0.1112969539E-22    0.6752119493E-07   -0.1245443260E+27   -0.3989834403E-10   -0.2007441636E+05   -0.1040393552E-10
    0.6830000000E+00    0.1727105951E-21    0.1192568347E-22    0.6909396560E-07   -0.9908911172E+26   -0.3401393356E-10   -0.1711373946E+05   -0.9503851468E-11
    0.6830000000E+00    0.1850627369E-21    0.1277860007E-22    0.7070337081E-07    0.3589805110E+27    0.1320388689E-09    0.6643391585E+05    0.3953161676E-10
    0.6830000000E+00    0.1982982953E-21    0.1369251667E-22    0.7235026388E-07    0.3933803174E+28    0.1550399253E-08    0.7800664633E+06    0.4973777249E-09
    0.6830000000E+00    0.2124804516E-21    0.1467179595E-22    0.7403551802E-07    0.2668421558E+29    0.1126899963E-07    0.5669874175E+07    0.3873719284E-08
    0.6830000000E+00    0.2276769058E-21    0.1572111260E-22    0.7576002677E-07    0.1568456583E+30    0.7097467708E-07    0.3571013418E+08    0.2614244520E-07
    0.6830000000E+00    0.2439602000E-21    0.1684547565E-22    0.7752470448E-07    0.8436665204E+30    0.4090738697E-06    0.2058210530E+09    0.1614524056E-06
    0.6830000000E+00    0.2614080640E-21    0.1805025236E-22    0.7933048683E-07    0.4214157069E+31    0.2189483327E-05    0.1101614641E+10    0.9259433640E-06
    0.6830000000E+00    0.2801037871E-21    0.1934119387E-22    0.8117833125E-07    0.1964544440E+32    0.1093686324E-04    0.5502763375E+10    0.4956048668E-05
    0.6830000000E+00    0.3001366153E-21    0.2072446262E-22    0.8306921749E-07    0.8564877758E+32    0.5109190463E-04    0.2570633421E+11    0.2480817826E-04
    0.6830000000E+00    0.3216021775E-21    0.2220666179E-22    0.8500414813E-07    0.3496533309E+33    0.2234954025E-03    0.1124492726E+12    0.1162817007E-03
    0.6830000000E+00    0.3446029418E-21    0.2379486681E-22    0.8698414910E-07    0.1338595922E+34    0.9168122797E-03    0.4612840927E+12    0.5111203855E-03
    0.6830000000E+00    0.3692487048E-21    0.2549665916E-22    0.8901027021E-07    0.4816183072E+34    0.3534548219E-02    0.1778369362E+13    0.2111430020E-02
    0.6830000000E+00    0.3956571157E-21    0.2732016250E-22    0.9108358575E-07    0.1567766701E+35    0.1232856019E-01    0.6202980510E+13    0.7891419687E-02
    0.6830000000E+00    0.4239542377E-21    0.2927408154E-22    0.9320519501E-07    0.3627881620E+35    0.3056919703E-01    0.1538055787E+14    0.2096654219E-01
    0.6830000000E+00    0.4542751502E-21    0.3136774352E-22    0.9537622289E-07    0.6319558051E+35    0.5705814279E-01    0.2870818183E+14    0.4193343242E-01
    0.6830000000E+00    0.4867645933E-21    0.3361114274E-22    0.9759782052E-07    0.8962424321E+35    0.8670745225E-01    0.4362590830E+14    0.6828089523E-01
    0.6830000000E+00    0.5215776589E-21    0.3601498832E-22    0.9987116580E-07    0.1067191052E+36    0.1106300475E+00    0.5566230104E+14    0.9335033486E-01
    0.6830000000E+00    0.5588805307E-21    0.3859075526E-22    0.1021974641E-06    0.1095955549E+36    0.1217373556E+00    0.6125082189E+14    0.1100694116E+00
    0.6830000000E+00    0.5988512779E-21    0.4135073927E-22    0.1045779488E-06    0.1083323031E+36    0.1289403664E+00    0.6487493816E+14    0.1249199153E+00
    0.6830000000E+00    0.6416807053E-21    0.4430811541E-22    0.1070138822E-06    0.1005678189E+36    0.1282596219E+00    0.6453242896E+14    0.1331474141E+00
    0.6830000000E+00    0.6875732635E-21    0.4747700104E-22    0.1095065557E-06    0.7997561433E+35    0.1092920340E+00    0.5498909414E+14    0.1215713641E+00
    0.6830000000E+00    0.7367480256E-21    0.5087252317E-22    0.1120572911E-06    0.5577101168E+35    0.8166565440E-01    0.4108918274E+14    0.9733795721E-01
    0.6830000000E+00    0.7894397325E-21    0.5451089068E-22    0.1146674407E-06    0.3510071999E+35    0.5507404165E-01    0.2770990300E+14    0.7033795376E-01
    0.6830000000E+00    0.8458999137E-21    0.5840947171E-22    0.1173383885E-06    0.2031885745E+35    0.3416097105E-01    0.1718771976E+14    0.4674907138E-01
    0.6830000000E+00    0.9063980879E-21    0.6258687655E-22    0.1200715507E-06    0.1090018102E+35    0.1963652497E-01    0.9879903234E+13    0.2879435903E-01
    0.6830000000E+00    0.9712230494E-21    0.6706304648E-22    0.1228683764E-06    0.5407024507E+34    0.1043732632E-01    0.5251426830E+13    0.1639955422E-01
    0.6830000000E+00    0.1040684247E-20    0.7185934897E-22    0.1257303485E-06    0.2461609340E+34    0.5091550492E-02    0.2561758063E+13    0.8572210678E-02
    0.6830000000E+00    0.1115113261E-20    0.7699867968E-22    0.1286589846E-06    0.1020936900E+34    0.2262714839E-02    0.1138460277E+13    0.4081996294E-02
    0.6830000000E+00    0.1194865387E-20    0.8250557175E-22    0.1316558373E-06    0.3844447362E+33    0.9129875238E-03    0.4593597085E+12    0.1764849288E-02
    0.6830000000E+00    0.1280321329E-20    0.8840631292E-22    0.1347224957E-06    0.1317194003E+33    0.3351819851E-03    0.1686431578E+12    0.6942620877E-03
    0.6830000000E+00    0.1371889021E-20    0.9472907100E-22    0.1378605858E-06    0.4131430564E+32    0.1126500482E-03    0.5667864233E+11    0.2500196616E-03
    0.6830000000E+00    0.1470005571E-20    0.1015040283E-21    0.1410717713E-06    0.1192556197E+32    0.3484253761E-04    0.1753064254E+11    0.8286145569E-04
    0.6830000000E+00    0.1575139348E-20    0.1087635259E-21    0.1443577550E-06    0.3162260360E+31    0.9899848487E-05    0.4981000723E+10    0.2522733237E-04
    0.6830000000E+00    0.1687792220E-20    0.1165422177E-21    0.1477202791E-06    0.7624940292E+30    0.2557804642E-05    0.1286931490E+10    0.6984095227E-05
    0.6830000000E+00    0.1808501947E-20    0.1248772362E-21    0.1511611264E-06    0.1595757325E+30    0.5735849803E-06    0.2885930229E+09    0.1678187769E-05
    0.6830000000E+00    0.1937844750E-20    0.1338083694E-21    0.1546821213E-06    0.3493468783E+29    0.1345512667E-06    0.6769800140E+08    0.4218233067E-06
    0.6830000000E+00    0.2076438060E-20    0.1433782510E-21    0.1582851308E-06    0.7984946463E+28    0.3295360506E-07    0.1658024674E+08    0.1106995139E-06
    0.6830000000E+00    0.2224943467E-20    0.1536325639E-21    0.1619720651E-06    0.1841807333E+28    0.8144700552E-08    0.4097917194E+07    0.2931689036E-07
    0.6830000000E+00    0.2384069878E-20    0.1646202581E-21    0.1657448792E-06    0.3902710038E+27    0.1849256736E-08    0.9304333446E+06    0.7132470605E-08
    0.6830000000E+00    0.2554576900E-20    0.1763937846E-21    0.1696055734E-06    0.8702690947E+26    0.4418597931E-09    0.2223169326E+06    0.1826111393E-08
    0.6830000000E+00    0.2737278465E-20    0.1890093455E-21    0.1735561947E-06    0.2113571030E+26    0.1149867427E-09    0.5785432464E+05    0.5092025298E-09
    0.6830000000E+00    0.2933046719E-20    0.2025271626E-21    0.1775988378E-06    0.4993939597E+25    0.2911214522E-10    0.1464745815E+05    0.1381392170E-09
    0.6830000000E+00    0.3142816182E-20    0.2170117645E-21    0.1817356462E-06    0.9268386096E+24    0.5789419785E-11    0.2912883381E+04    0.2943593411E-10
    0.6830000000E+00    0.3367588212E-20    0.2325322952E-21    0.1859688132E-06    0.2309114202E+24    0.1545526074E-11    0.7776145769E+03    0.8420136219E-11
    0.6830000000E+00    0.3608435782E-20    0.2491628434E-21    0.1903005833E-06    0.4534167839E+23    0.3251835112E-12    0.1636125347E+03    0.1898328191E-11
    0.6830000000E+00    0.3866508602E-20    0.2669827968E-21    0.1947332533E-06    0.1741257764E+23    0.1338116697E-12    0.6732588124E+02    0.8370218035E-12
