    0.6250000000E+00    0.4143038610E-23    0.2860772210E-24    0.1992691735E-07    0.2263849130E+16    0.1864139481E-22    0.9379214352E-08    0.3996016382E-24
    0.6250000000E+00    0.4439345853E-23    0.3065372650E-24    0.2039107488E-07   -0.9720245885E+16   -0.8576462143E-22   -0.4315153326E-07   -0.1969958287E-23
    0.6250000000E+00    0.4756844785E-23    0.3284605973E-24    0.2086604403E-07   -0.1353503980E+17   -0.1279647820E-21   -0.6438408350E-07   -0.3149483349E-23
    0.6250000000E+00    0.5097051019E-23    0.3519518710E-24    0.2135207663E-07   -0.2915725190E+16   -0.2953775696E-22   -0.1486160005E-07   -0.7789801089E-24
    0.6250000000E+00    0.5461588566E-23    0.3771232243E-24    0.2184943039E-07    0.5603216915E+17    0.6082307312E-21    0.3060246544E-06    0.1718767823E-22
    0.6250000000E+00    0.5852197586E-23    0.4040948153E-24    0.2235836900E-07    0.6996590251E+17    0.8137993984E-21    0.4094542858E-06    0.2464144773E-22
    0.6250000000E+00    0.6270742692E-23    0.4329953957E-24    0.2287916232E-07   -0.3445642469E+17   -0.4294386565E-21   -0.2160673733E-06   -0.1393317176E-22
    0.6250000000E+00    0.6719221852E-23    0.4639629256E-24    0.2341208647E-07   -0.3016071205E+18   -0.4027842817E-20   -0.2026565155E-05   -0.1400300905E-21
    0.6250000000E+00    0.7199775931E-23    0.4971452317E-24    0.2395742402E-07   -0.2019453245E+18   -0.2889779638E-20   -0.1453961087E-05   -0.1076498879E-21
    0.6250000000E+00    0.7714698903E-23    0.5327007132E-24    0.2451546411E-07    0.8046342436E+18    0.1233756447E-19    0.6207510917E-05    0.4924683116E-21
    0.6250000000E+00    0.8266448809E-23    0.5707990981E-24    0.2508650263E-07    0.8851217270E+18    0.1454232765E-19    0.7316813446E-05    0.6219891097E-21
    0.6250000000E+00    0.8857659485E-23    0.6116222531E-24    0.2567084234E-07   -0.1674876267E+19   -0.2948585004E-19   -0.1483548365E-04   -0.1351333390E-20
    0.6250000000E+00    0.9491153137E-23    0.6553650517E-24    0.2626879307E-07   -0.2527518277E+19   -0.4767879037E-19   -0.2398906302E-04   -0.2341391752E-20
    0.6250000000E+00    0.1016995382E-22    0.7022363048E-24    0.2688067187E-07    0.3746830422E+19    0.7573470912E-19    0.3810509235E-04    0.3985142148E-20
    0.6250000000E+00    0.1089730185E-22    0.7524597575E-24    0.2750680315E-07    0.5449628094E+19    0.1180314627E-18    0.5938624229E-04    0.6654978311E-20
    0.6250000000E+00    0.1167666930E-22    0.8062751566E-24    0.2814751890E-07   -0.9731439544E+19   -0.2258437169E-18   -0.1136308014E-03   -0.1364447620E-19
    0.6250000000E+00    0.1251177658E-22    0.8639393956E-24    0.2880315884E-07   -0.7894510773E+19   -0.1963162030E-18   -0.9877435499E-04   -0.1270881334E-19
    0.6250000000E+00    0.1340661015E-22    0.9257277409E-24    0.2947407060E-07    0.3167066947E+20    0.8438945219E-18    0.4245963187E-03    0.5853788446E-19
    0.6250000000E+00    0.1436544159E-22    0.9919351458E-24    0.3016060990E-07   -0.2283581044E+20   -0.6519996359E-18   -0.3280465011E-03   -0.4846142815E-19
    0.6250000000E+00    0.1539284799E-22    0.1062877658E-23    0.3086314075E-07   -0.1273585431E+21   -0.3896359372E-17   -0.1960410694E-02   -0.3103186388E-18
    0.6250000000E+00    0.1649373379E-22    0.1138893930E-23    0.3158203565E-07    0.1675215581E+21    0.5491634535E-17    0.2763055982E-02    0.4686520088E-18
    0.6250000000E+00    0.1767335417E-22    0.1220346833E-23    0.3231767576E-07   -0.2259106397E+20   -0.7935377819E-18   -0.3992598746E-03   -0.7256320635E-19
    0.6250000000E+00    0.1893734018E-22    0.1307625190E-23    0.3307045113E-07   -0.1154508215E+23   -0.4345381905E-15   -0.2186331481E+00   -0.4257717151E-16
    0.6250000000E+00    0.2029172559E-22    0.1401145635E-23    0.3384076090E-07   -0.6983486402E+23   -0.2816457588E-14   -0.1417069898E+01   -0.2957005084E-15
    0.6250000000E+00    0.2174297571E-22    0.1501354598E-23    0.3462901348E-07   -0.2788722499E+23   -0.1205136456E-14   -0.6063512555E+00   -0.1355767066E-15
    0.6250000000E+00    0.2329801823E-22    0.1608730435E-23    0.3543562682E-07    0.1141563291E+25    0.5286045764E-13    0.2659616236E+02    0.6372058791E-14
    0.6250000000E+00    0.2496427630E-22    0.1723785718E-23    0.3626102861E-07    0.1645084448E+26    0.8162423435E-12    0.4106834269E+03    0.1054309151E-12
    0.6250000000E+00    0.2674970400E-22    0.1847069675E-23    0.3710565646E-07    0.4087043045E+26    0.2172901980E-11    0.1093271917E+04    0.3007384736E-12
    0.6250000000E+00    0.2866282424E-22    0.1979170815E-23    0.3796995823E-07    0.1216505712E+26    0.6930188960E-12    0.3486848941E+03    0.1027765255E-12
    0.6250000000E+00    0.3071276952E-22    0.2120719737E-23    0.3885439218E-07   -0.4230042250E+27   -0.2582115288E-10   -0.1299163127E+05   -0.4103216991E-11
    0.6250000000E+00    0.3290932546E-22    0.2272392139E-23    0.3975942724E-07   -0.4350845630E+28   -0.2845801464E-09   -0.1431833948E+06   -0.4845665753E-10
    0.6250000000E+00    0.3526297755E-22    0.2434912046E-23    0.4068554327E-07   -0.3185297041E+29   -0.2232445483E-08   -0.1123230580E+07   -0.4073143562E-09
    0.6250000000E+00    0.3778496121E-22    0.2609055264E-23    0.4163323131E-07   -0.7034474860E+29   -0.5282780983E-08   -0.2657973597E+07   -0.1032788661E-08
    0.6250000000E+00    0.4048731538E-22    0.2795653084E-23    0.4260299385E-07   -0.6159159121E+29   -0.4956240224E-08   -0.2493678178E+07   -0.1038248240E-08
    0.6250000000E+00    0.4338294005E-22    0.2995596250E-23    0.4359534505E-07    0.7912643711E+29    0.6822641236E-08    0.3432737477E+07    0.1531444950E-08
    0.6250000000E+00    0.4648565778E-22    0.3209839213E-23    0.4461081109E-07    0.9598981099E+30    0.8868620278E-07    0.4462149504E+08    0.2133069057E-07
    0.6250000000E+00    0.4981027973E-22    0.3439404683E-23    0.4564993037E-07    0.5228109671E+31    0.5175777677E-06    0.2604136051E+09    0.1333903673E-06
    0.6250000000E+00    0.5337267633E-22    0.3685388516E-23    0.4671325384E-07    0.2302737253E+32    0.2442729126E-05    0.1229032501E+10    0.6745655627E-06
    0.6250000000E+00    0.5718985306E-22    0.3948964943E-23    0.4780134531E-07    0.8872553989E+32    0.1008508527E-04    0.5074200589E+10    0.2984203463E-05
    0.6250000000E+00    0.6128003161E-22    0.4231392172E-23    0.4891478167E-07    0.3054493693E+33    0.3720233136E-04    0.1871794701E+11    0.1179557217E-04
    0.6250000000E+00    0.6566273690E-22    0.4534018400E-23    0.5005415331E-07    0.9399706869E+33    0.1226719402E-03    0.6172104791E+11    0.4167677349E-04
    0.6250000000E+00    0.7035889022E-22    0.4858288246E-23    0.5122006431E-07    0.2382864959E+34    0.3332194589E-03    0.1676557341E+12    0.1213051419E-03
    0.6250000000E+00    0.7539090917E-22    0.5205749646E-23    0.5241313287E-07    0.5269286996E+34    0.7895557075E-03    0.3972563373E+12    0.3079864661E-03
    0.6250000000E+00    0.8078281461E-22    0.5578061244E-23    0.5363399157E-07    0.1074519748E+35    0.1725223343E-02    0.8680272964E+12    0.7210978174E-03
    0.6250000000E+00    0.8656034539E-22    0.5977000309E-23    0.5488328773E-07    0.2035882382E+35    0.3502544066E-02    0.1762266821E+13    0.1568673151E-02
    0.6250000000E+00    0.9275108115E-22    0.6404471218E-23    0.5616168372E-07    0.3568091452E+35    0.6577591541E-02    0.3309443398E+13    0.3156572411E-02
    0.6250000000E+00    0.9938457404E-22    0.6862514550E-23    0.5746985739E-07    0.5778178538E+35    0.1141357983E-01    0.5742618127E+13    0.5869089552E-02
    0.6250000000E+00    0.1064924897E-21    0.7353316823E-23    0.5880850233E-07    0.8689094140E+35    0.1839100347E-01    0.9253232684E+13    0.1013337890E-01
    0.6250000000E+00    0.1141087586E-21    0.7879220933E-23    0.6017832832E-07    0.1222331422E+36    0.2772170259E-01    0.1394787211E+14    0.1636698767E-01
    0.6250000000E+00    0.1222697377E-21    0.8442737340E-23    0.6158006166E-07    0.1616175557E+36    0.3927529523E-01    0.1976093616E+14    0.2484667696E-01
    0.6250000000E+00    0.1310143844E-21    0.9046556049E-23    0.6301444556E-07    0.2007499495E+36    0.5227407643E-01    0.2630113105E+14    0.3543522738E-01
    0.6250000000E+00    0.1403844422E-21    0.9693559452E-23    0.6448224056E-07    0.2331651054E+36    0.6505706700E-01    0.3273275325E+14    0.4725451774E-01
    0.6250000000E+00    0.1504246400E-21    0.1038683609E-22    0.6598422489E-07    0.2517197530E+36    0.7525722855E-01    0.3786485321E+14    0.5857294711E-01
    0.6250000000E+00    0.1611829057E-21    0.1112969539E-22    0.6752119493E-07    0.2542949399E+36    0.8146454616E-01    0.4098799732E+14    0.6793874151E-01
    0.6250000000E+00    0.1727105951E-21    0.1192568347E-22    0.6909396560E-07    0.2530014266E+36    0.8684681462E-01    0.4369602696E+14    0.7760733128E-01
    0.6250000000E+00    0.1850627369E-21    0.1277860007E-22    0.7070337081E-07    0.2447150310E+36    0.9001016743E-01    0.4528763340E+14    0.8618673425E-01
    0.6250000000E+00    0.1982982953E-21    0.1369251667E-22    0.7235026388E-07    0.2192740193E+36    0.8642076398E-01    0.4348166423E+14    0.8866800900E-01
    0.6250000000E+00    0.2124804516E-21    0.1467179595E-22    0.7403551802E-07    0.1840805489E+36    0.7773897761E-01    0.3911351816E+14    0.8546487860E-01
    0.6250000000E+00    0.2276769058E-21    0.1572111260E-22    0.7576002677E-07    0.1478108019E+36    0.6688628841E-01    0.3365310604E+14    0.7879269452E-01
    0.6250000000E+00    0.2439602000E-21    0.1684547565E-22    0.7752470448E-07    0.1142830610E+36    0.5541314353E-01    0.2788051840E+14    0.6994580025E-01
    0.6250000000E+00    0.2614080640E-21    0.1805025236E-22    0.7933048683E-07    0.8504330917E+35    0.4418461497E-01    0.2223100680E+14    0.5976128542E-01
    0.6250000000E+00    0.2801037871E-21    0.1934119387E-22    0.8117833125E-07    0.6080329691E+35    0.3384995163E-01    0.1703123373E+14    0.4905766890E-01
    0.6250000000E+00    0.3001366153E-21    0.2072446262E-22    0.8306921749E-07    0.4175789939E+35    0.2490976139E-01    0.1253307459E+14    0.3868284636E-01
    0.6250000000E+00    0.3216021775E-21    0.2220666179E-22    0.8500414813E-07    0.2758070105E+35    0.1762934695E-01    0.8870013515E+13    0.2933493162E-01
    0.6250000000E+00    0.3446029418E-21    0.2379486681E-22    0.8698414910E-07    0.1754923705E+35    0.1201957645E-01    0.6047518713E+13    0.2143078205E-01
    0.6250000000E+00    0.3692487048E-21    0.2549665916E-22    0.8901027021E-07    0.1077266181E+35    0.7905947938E-02    0.3977791422E+13    0.1510437660E-01
    0.6250000000E+00    0.3956571157E-21    0.2732016250E-22    0.9108358575E-07    0.6386524659E+34    0.5022217503E-02    0.2526873926E+13    0.1028121338E-01
    0.6250000000E+00    0.4239542377E-21    0.2927408154E-22    0.9320519501E-07    0.3659884124E+34    0.3083885601E-02    0.1551623384E+13    0.6764677777E-02
    0.6250000000E+00    0.4542751502E-21    0.3136774352E-22    0.9537622289E-07    0.2029132325E+34    0.1832066752E-02    0.9217843917E+12    0.4306159864E-02
    0.6250000000E+00    0.4867645933E-21    0.3361114274E-22    0.9759782052E-07    0.1089385969E+34    0.1053932267E-02    0.5302745180E+12    0.2654370589E-02
    0.6250000000E+00    0.5215776589E-21    0.3601498832E-22    0.9987116580E-07    0.5668325247E+33    0.5876052750E-03    0.2956471812E+12    0.1585749347E-02
    0.6250000000E+00    0.5588805307E-21    0.3859075526E-22    0.1021974641E-06    0.2860689815E+33    0.3177618049E-03    0.1598783842E+12    0.9188625452E-03
    0.6250000000E+00    0.5988512779E-21    0.4135073927E-22    0.1045779488E-06    0.1401350675E+33    0.1667929734E-03    0.8392006425E+11    0.5168048805E-03
    0.6250000000E+00    0.6416807053E-21    0.4430811541E-22    0.1070138822E-06    0.6667893915E+32    0.8503928608E-04    0.4278658870E+11    0.2823374324E-03
    0.6250000000E+00    0.6875732635E-21    0.4747700104E-22    0.1095065557E-06    0.3083814644E+32    0.4214239276E-04    0.2120348499E+11    0.1499229247E-03
    0.6250000000E+00    0.7367480256E-21    0.5087252317E-22    0.1120572911E-06    0.1387118405E+32    0.2031161509E-04    0.1021956746E+11    0.7742715709E-04
    0.6250000000E+00    0.7894397325E-21    0.5451089068E-22    0.1146674407E-06    0.6071807130E+31    0.9526840445E-05    0.4793325797E+10    0.3891327177E-04
    0.6250000000E+00    0.8458999137E-21    0.5840947171E-22    0.1173383885E-06    0.2588042475E+31    0.4351132651E-05    0.2189224907E+10    0.1904369332E-04
    0.6250000000E+00    0.9063980879E-21    0.6258687655E-22    0.1200715507E-06    0.1074903294E+31    0.1936423380E-05    0.9742902902E+09    0.9081324052E-05
    0.6250000000E+00    0.9712230494E-21    0.6706304648E-22    0.1228683764E-06    0.4352942989E+30    0.8402604127E-06    0.4227678563E+09    0.4222432916E-05
    0.6250000000E+00    0.1040684247E-20    0.7185934897E-22    0.1257303485E-06    0.1719433394E+30    0.3556446510E-06    0.1789387247E+09    0.1914983942E-05
    0.6250000000E+00    0.1115113261E-20    0.7699867968E-22    0.1286589846E-06    0.6626082600E+29    0.1468546726E-06    0.7388832578E+08    0.8472988652E-06
    0.6250000000E+00    0.1194865387E-20    0.8250557175E-22    0.1316558373E-06    0.2491801089E+29    0.5917582144E-07    0.2977366873E+08    0.3658416530E-06
    0.6250000000E+00    0.1280321329E-20    0.8840631292E-22    0.1347224957E-06    0.9150461112E+28    0.2328487461E-07    0.1171553054E+08    0.1542491427E-06
    0.6250000000E+00    0.1371889021E-20    0.9472907100E-22    0.1378605858E-06    0.3284402611E+28    0.8955447919E-08    0.4505835883E+07    0.6356765167E-07
    0.6250000000E+00    0.1470005571E-20    0.1015040283E-21    0.1410717713E-06    0.1153002246E+28    0.3368690233E-08    0.1694919726E+07    0.2562181746E-07
    0.6250000000E+00    0.1575139348E-20    0.1087635259E-21    0.1443577550E-06    0.3958414407E+27    0.1239230753E-08    0.6235054290E+06    0.1009952708E-07
    0.6250000000E+00    0.1687792220E-20    0.1165422177E-21    0.1477202791E-06    0.1328479289E+27    0.4456415868E-09    0.2242197008E+06    0.3891657104E-08
    0.6250000000E+00    0.1808501947E-20    0.1248772362E-21    0.1511611264E-06    0.4359626364E+26    0.1567040404E-09    0.7884392768E+05    0.1466320984E-08
    0.6250000000E+00    0.1937844750E-20    0.1338083694E-21    0.1546821213E-06    0.1400654714E+26    0.5394634321E-10    0.2714251383E+05    0.5408923840E-09
    0.6250000000E+00    0.2076438060E-20    0.1433782510E-21    0.1582851308E-06    0.4410350540E+25    0.1820136811E-10    0.9157819718E+04    0.1955477793E-09
    0.6250000000E+00    0.2224943467E-20    0.1536325639E-21    0.1619720651E-06    0.1360850650E+25    0.6017850424E-11    0.3027815764E+04    0.6927718692E-10
    0.6250000000E+00    0.2384069878E-20    0.1646202581E-21    0.1657448792E-06    0.4111354206E+24    0.1948120507E-11    0.9801755721E+03    0.2403060327E-10
    0.6250000000E+00    0.2554576900E-20    0.1763937846E-21    0.1696055734E-06    0.1216362486E+24    0.6175810214E-12    0.3107291508E+03    0.8162868436E-11
    0.6250000000E+00    0.2737278465E-20    0.1890093455E-21    0.1735561947E-06    0.3528826965E+23    0.1919823428E-12    0.9659382057E+02    0.2719005854E-11
    0.6250000000E+00    0.2933046719E-20    0.2025271626E-21    0.1775988378E-06    0.1004696410E+23    0.5856872561E-13    0.2946821509E+02    0.8888216605E-12
    0.6250000000E+00    0.3142816182E-20    0.2170117645E-21    0.1817356462E-06    0.2805398709E+22    0.1752368818E-13    0.8816852461E+01    0.2849537470E-12
    0.6250000000E+00    0.3367588212E-20    0.2325322952E-21    0.1859688132E-06    0.7696224254E+21    0.5151202675E-14    0.2591771408E+01    0.8975476064E-13
    0.6250000000E+00    0.3608435782E-20    0.2491628434E-21    0.1903005833E-06    0.1986466672E+21    0.1424663202E-14    0.7168037420E+00    0.2659873989E-13
    0.6250000000E+00    0.3866508602E-20    0.2669827968E-21    0.1947332533E-06    0.7209084038E+20    0.5540015912E-15    0.2787398544E+00    0.1108306467E-13
