    0.6900000000E+00    0.4143038610E-23    0.2860772210E-24    0.1992691735E-07    0.3542500958E-07    0.2917030031E-45    0.1467671825E-30    0.1848008686E-47
    0.6900000000E+00    0.4439345853E-23    0.3065372650E-24    0.2039107488E-07   -0.2243173352E-07   -0.1979218588E-45   -0.9958222317E-31   -0.1343559391E-47
    0.6900000000E+00    0.4756844785E-23    0.3284605973E-24    0.2086604403E-07   -0.1082240116E-06   -0.1023185912E-44   -0.5148048250E-30   -0.7442479717E-47
    0.6900000000E+00    0.5097051019E-23    0.3519518710E-24    0.2135207663E-07   -0.1037949694E-06   -0.1051495041E-44   -0.5290482543E-30   -0.8195403423E-47
    0.6900000000E+00    0.5461588566E-23    0.3771232243E-24    0.2184943039E-07    0.1127892469E-06    0.1224330365E-44    0.6160084611E-30    0.1022496261E-46
    0.6900000000E+00    0.5852197586E-23    0.4040948153E-24    0.2235836900E-07    0.5704225932E-06    0.6634797045E-44    0.3338225723E-29    0.5937324018E-46
    0.6900000000E+00    0.6270742692E-23    0.4329953957E-24    0.2287916232E-07    0.4373056406E-06    0.5450244723E-44    0.2742231150E-29    0.5226116791E-46
    0.6900000000E+00    0.6719221852E-23    0.4639629256E-24    0.2341208647E-07   -0.1379079112E-05   -0.1841705159E-43   -0.9266338508E-29   -0.1892270472E-45
    0.6900000000E+00    0.7199775931E-23    0.4971452317E-24    0.2395742402E-07   -0.2297132774E-05   -0.3287131075E-43   -0.1653884126E-28   -0.3618929559E-45
    0.6900000000E+00    0.7714698903E-23    0.5327007132E-24    0.2451546411E-07    0.1515377537E-05    0.2323548646E-43    0.1169068143E-28    0.2741036868E-45
    0.6900000000E+00    0.8266448809E-23    0.5707990981E-24    0.2508650263E-07    0.7612752112E-05    0.1250756050E-42    0.6293042563E-28    0.1581014016E-44
    0.6900000000E+00    0.8857659485E-23    0.6116222531E-24    0.2567084234E-07   -0.3139529002E-06   -0.5527075832E-44   -0.2780887884E-29   -0.7486150106E-46
    0.6900000000E+00    0.9491153137E-23    0.6553650517E-24    0.2626879307E-07   -0.1935869926E-04   -0.3651800948E-42   -0.1837363792E-27   -0.5299930870E-44
    0.6900000000E+00    0.1016995382E-22    0.7022363048E-24    0.2688067187E-07    0.1124715669E-06    0.2273388557E-44    0.1143830641E-29    0.3535385509E-46
    0.6900000000E+00    0.1089730185E-22    0.7524597575E-24    0.2750680315E-07    0.3962138051E-04    0.8581447054E-42    0.4317661430E-27    0.1429959164E-43
    0.6900000000E+00    0.1167666930E-22    0.8062751566E-24    0.2814751890E-07   -0.1025763644E-04   -0.2380555035E-42   -0.1197750285E-27   -0.4250512855E-44
    0.6900000000E+00    0.1251177658E-22    0.8639393956E-24    0.2880315884E-07   -0.6279483901E-04   -0.1561546335E-41   -0.7856749961E-27   -0.2987569266E-43
    0.6900000000E+00    0.1340661015E-22    0.9257277409E-24    0.2947407060E-07    0.3176938890E-04    0.8465249932E-42    0.4259198116E-27    0.1735413185E-43
    0.6900000000E+00    0.1436544159E-22    0.9919351458E-24    0.3016060990E-07    0.9915416631E-04    0.2831013180E-41    0.1424393385E-26    0.6218777220E-43
    0.6900000000E+00    0.1539284799E-22    0.1062877658E-23    0.3086314075E-07   -0.4353462851E-04   -0.1331882053E-41   -0.6701219190E-27   -0.3134937411E-43
    0.6900000000E+00    0.1649373379E-22    0.1138893930E-23    0.3158203565E-07   -0.2693298178E-03   -0.8829078154E-41   -0.4442254315E-26   -0.2226785932E-42
    0.6900000000E+00    0.1767335417E-22    0.1220346833E-23    0.3231767576E-07   -0.9983532815E-04   -0.3506833718E-41   -0.1764425113E-26   -0.9477161500E-43
    0.6900000000E+00    0.1893734018E-22    0.1307625190E-23    0.3307045113E-07    0.1236744011E-02    0.4654904118E-40    0.2342064205E-25    0.1347950201E-41
    0.6900000000E+00    0.2029172559E-22    0.1401145635E-23    0.3384076090E-07    0.1117428776E-03    0.4506618292E-41    0.2267455810E-26    0.1398343548E-42
    0.6900000000E+00    0.2174297571E-22    0.1501354598E-23    0.3462901348E-07   -0.1250317329E-01   -0.5403201628E-39   -0.2718561930E-24   -0.1796446475E-40
    0.6900000000E+00    0.2329801823E-22    0.1608730435E-23    0.3543562682E-07   -0.1794481409E-02   -0.8309404239E-40   -0.4180786057E-25   -0.2960281391E-41
    0.6900000000E+00    0.2496427630E-22    0.1723785718E-23    0.3626102861E-07    0.3077916167E+00    0.1527171148E-37    0.7683794963E-23    0.5829761913E-39
    0.6900000000E+00    0.2674970400E-22    0.1847069675E-23    0.3710565646E-07    0.7082450195E+00    0.3765428913E-37    0.1894534463E-22    0.1540201567E-38
    0.6900000000E+00    0.2866282424E-22    0.1979170815E-23    0.3796995823E-07   -0.1138350729E+00   -0.6484955704E-38   -0.3262834688E-23   -0.2842301353E-39
    0.6900000000E+00    0.3071276952E-22    0.2120719737E-23    0.3885439218E-07   -0.5346784595E+01   -0.3263800555E-36   -0.1642145629E-21   -0.1532804334E-37
    0.6900000000E+00    0.3290932546E-22    0.2272392139E-23    0.3975942724E-07   -0.1804516623E+02   -0.1180298380E-35   -0.5938542483E-21   -0.5939568820E-37
    0.6900000000E+00    0.3526297755E-22    0.2434912046E-23    0.4068554327E-07   -0.1342447319E+03   -0.9408668686E-35   -0.4733868966E-20   -0.5073308636E-36
    0.6900000000E+00    0.3778496121E-22    0.2609055264E-23    0.4163323131E-07   -0.7938680818E+04   -0.5961825565E-33   -0.2999627468E-18   -0.3444628360E-34
    0.6900000000E+00    0.4048731538E-22    0.2795653084E-23    0.4260299385E-07   -0.2703867022E+06   -0.2175786375E-31   -0.1094723169E-16   -0.1347036490E-32
    0.6900000000E+00    0.4338294005E-22    0.2995596250E-23    0.4359534505E-07   -0.2156247540E+06   -0.1859214684E-31   -0.9354435775E-17   -0.1233367921E-32
    0.6900000000E+00    0.4648565778E-22    0.3209839213E-23    0.4461081109E-07    0.1572038030E+08    0.1452425857E-29    0.7307722188E-15    0.1032421595E-30
    0.6900000000E+00    0.4981027973E-22    0.3439404683E-23    0.4564993037E-07    0.3849181430E+09    0.3810652143E-28    0.1917288038E-13    0.2902434406E-29
    0.6900000000E+00    0.5337267633E-22    0.3685388516E-23    0.4671325384E-07    0.2952574161E+09    0.3132072012E-28    0.1575867850E-13    0.2556200095E-29
    0.6900000000E+00    0.5718985306E-22    0.3948964943E-23    0.4780134531E-07   -0.1524515315E+11   -0.1732856962E-26   -0.8718680686E-12   -0.1515394907E-27
    0.6900000000E+00    0.6128003161E-22    0.4231392172E-23    0.4891478167E-07   -0.5981055690E+12   -0.7284651337E-25   -0.3665192818E-10   -0.6826087923E-26
    0.6900000000E+00    0.6566273690E-22    0.4534018400E-23    0.5005415331E-07   -0.1945176349E+14   -0.2538574448E-23   -0.1277256028E-08   -0.2548901261E-24
    0.6900000000E+00    0.7035889022E-22    0.4858288246E-23    0.5122006431E-07   -0.5254822023E+15   -0.7348334802E-22   -0.3697234458E-07   -0.7905913222E-23
    0.6900000000E+00    0.7539090917E-22    0.5205749646E-23    0.5241313287E-07   -0.1146265512E+16   -0.1717576739E-21   -0.8641799909E-07   -0.1980064136E-22
    0.6900000000E+00    0.8078281461E-22    0.5578061244E-23    0.5363399157E-07    0.3571794605E+16    0.5734788437E-21    0.2885396214E-06    0.7084031909E-22
    0.6900000000E+00    0.8656034539E-22    0.5977000309E-23    0.5488328773E-07    0.1244427755E+18    0.2140920855E-19    0.1077180963E-04    0.2833764272E-20
    0.6900000000E+00    0.9275108115E-22    0.6404471218E-23    0.5616168372E-07    0.2488827540E+19    0.4588024493E-18    0.2308414451E-03    0.6507120295E-19
    0.6900000000E+00    0.9938457404E-22    0.6862514550E-23    0.5746985739E-07    0.4326850250E+20    0.8546785187E-17    0.4300221690E-02    0.1298870629E-17
    0.6900000000E+00    0.1064924897E-21    0.7353316823E-23    0.5880850233E-07    0.1224705747E+21    0.2592165223E-16    0.1304219642E-01    0.4221101426E-17
    0.6900000000E+00    0.1141087586E-21    0.7879220933E-23    0.6017832832E-07   -0.2383584913E+20   -0.5405819639E-17   -0.2719879154E-02   -0.9432453210E-18
    0.6900000000E+00    0.1222697377E-21    0.8442737340E-23    0.6158006166E-07   -0.2843526492E+22   -0.6910161580E-15   -0.3476772384E+00   -0.1291966671E-15
    0.6900000000E+00    0.1310143844E-21    0.9046556049E-23    0.6301444556E-07   -0.3835205621E+23   -0.9986644196E-14   -0.5024671036E+01   -0.2000703284E-14
    0.6900000000E+00    0.1403844422E-21    0.9693559452E-23    0.6448224056E-07   -0.4271579165E+24   -0.1191843915E-12   -0.5996632583E+02   -0.2558482739E-13
    0.6900000000E+00    0.1504246400E-21    0.1038683609E-22    0.6598422489E-07   -0.4293875588E+25   -0.1283749776E-11   -0.6459046893E+03   -0.2952864295E-12
    0.6900000000E+00    0.1611829057E-21    0.1112969539E-22    0.6752119493E-07   -0.3788188617E+26   -0.1213563536E-10   -0.6105912486E+04   -0.2991063454E-11
    0.6900000000E+00    0.1727105951E-21    0.1192568347E-22    0.6909396560E-07   -0.8977335500E+26   -0.3081615003E-10   -0.1550480957E+05   -0.8138446026E-11
    0.6900000000E+00    0.1850627369E-21    0.1277860007E-22    0.7070337081E-07   -0.6241962692E+26   -0.2295895371E-10   -0.1155154699E+05   -0.6497034909E-11
    0.6900000000E+00    0.1982982953E-21    0.1369251667E-22    0.7235026388E-07    0.3476110385E+27    0.1370012353E-09    0.6893067635E+05    0.4154201813E-10
    0.6900000000E+00    0.2124804516E-21    0.1467179595E-22    0.7403551802E-07    0.3513600443E+28    0.1483827095E-08    0.7465714088E+06    0.4821102943E-09
    0.6900000000E+00    0.2276769058E-21    0.1572111260E-22    0.7576002677E-07    0.2380324248E+29    0.1077127328E-07    0.5419448598E+07    0.3749990371E-08
    0.6900000000E+00    0.2439602000E-21    0.1684547565E-22    0.7752470448E-07    0.1412393535E+30    0.6848360993E-07    0.3445678093E+08    0.2554757912E-07
    0.6900000000E+00    0.2614080640E-21    0.1805025236E-22    0.7933048683E-07    0.7690146907E+30    0.3995448712E-06    0.2010266415E+09    0.1597087344E-06
    0.6900000000E+00    0.2801037871E-21    0.1934119387E-22    0.8117833125E-07    0.3890734613E+31    0.2166020350E-05    0.1089809500E+10    0.9277386297E-06
    0.6900000000E+00    0.3001366153E-21    0.2072446262E-22    0.8306921749E-07    0.1837011860E+32    0.1095829239E-04    0.5513545220E+10    0.5029282046E-05
    0.6900000000E+00    0.3216021775E-21    0.2220666179E-22    0.8500414813E-07    0.8109749816E+32    0.5183682348E-04    0.2608113200E+11    0.2549185786E-04
    0.6900000000E+00    0.3446029418E-21    0.2379486681E-22    0.8698414910E-07    0.3352221971E+33    0.2295956693E-03    0.1155185553E+12    0.1209836826E-03
    0.6900000000E+00    0.3692487048E-21    0.2549665916E-22    0.8901027021E-07    0.1299678653E+34    0.9538210657E-03    0.4799046595E+12    0.5385549447E-03
    0.6900000000E+00    0.3956571157E-21    0.2732016250E-22    0.9108358575E-07    0.4737126026E+34    0.3725167992E-02    0.1874277620E+13    0.2253766766E-02
    0.6900000000E+00    0.4239542377E-21    0.2927408154E-22    0.9320519501E-07    0.1567800106E+35    0.1321057172E-01    0.6646754987E+13    0.8564158989E-02
    0.6900000000E+00    0.4542751502E-21    0.3136774352E-22    0.9537622289E-07    0.3656559256E+35    0.3301440994E-01    0.1661084005E+14    0.2293330503E-01
    0.6900000000E+00    0.4867645933E-21    0.3361114274E-22    0.9759782052E-07    0.6330574569E+35    0.6124548141E-01    0.3081499556E+14    0.4558659562E-01
    0.6900000000E+00    0.5215776589E-21    0.3601498832E-22    0.9987116580E-07    0.8856298110E+35    0.9180855474E-01    0.4619247235E+14    0.7322278761E-01
    0.6900000000E+00    0.5588805307E-21    0.3859075526E-22    0.1021974641E-06    0.1034534913E+36    0.1149148291E+00    0.5781814210E+14    0.9820626251E-01
    0.6900000000E+00    0.5988512779E-21    0.4135073927E-22    0.1045779488E-06    0.1050792881E+36    0.1250685301E+00    0.6292686598E+14    0.1145278621E+00
    0.6900000000E+00    0.6416807053E-21    0.4430811541E-22    0.1070138822E-06    0.1033856049E+36    0.1318532979E+00    0.6634054784E+14    0.1293761147E+00
    0.6900000000E+00    0.6875732635E-21    0.4747700104E-22    0.1095065557E-06    0.9390088985E+35    0.1283218558E+00    0.6456374128E+14    0.1349160879E+00
    0.6900000000E+00    0.7367480256E-21    0.5087252317E-22    0.1120572911E-06    0.7248693131E+35    0.1061428241E+00    0.5340460353E+14    0.1195786776E+00
    0.6900000000E+00    0.7894397325E-21    0.5451089068E-22    0.1146674407E-06    0.4907651894E+35    0.7700247316E-01    0.3874295399E+14    0.9295393553E-01
    0.6900000000E+00    0.8458999137E-21    0.5840947171E-22    0.1173383885E-06    0.2995904551E+35    0.5036848597E-01    0.2534235401E+14    0.6515113776E-01
    0.6900000000E+00    0.9063980879E-21    0.6258687655E-22    0.1200715507E-06    0.1677987353E+35    0.3022870950E-01    0.1520924528E+14    0.4189697956E-01
    0.6900000000E+00    0.9712230494E-21    0.6706304648E-22    0.1228683764E-06    0.8677421110E+34    0.1675026175E-01    0.8427711391E+13    0.2487623814E-01
    0.6900000000E+00    0.1040684247E-20    0.7185934897E-22    0.1257303485E-06    0.4128471349E+34    0.8539259252E-02    0.4296435098E+13    0.1358886884E-01
    0.6900000000E+00    0.1115113261E-20    0.7699867968E-22    0.1286589846E-06    0.1790310000E+34    0.3967885773E-02    0.1996398423E+13    0.6765848503E-02
    0.6900000000E+00    0.1194865387E-20    0.8250557175E-22    0.1316558373E-06    0.7007013660E+33    0.1664040484E-02    0.8372438089E+12    0.3040373901E-02
    0.6900000000E+00    0.1280321329E-20    0.8840631292E-22    0.1347224957E-06    0.2460015133E+33    0.6259918841E-03    0.3149609846E+12    0.1225552190E-02
    0.6900000000E+00    0.1371889021E-20    0.9472907100E-22    0.1378605858E-06    0.7744784746E+32    0.2111739170E-03    0.1062498517E+12    0.4429996504E-03
    0.6900000000E+00    0.1470005571E-20    0.1015040283E-21    0.1410717713E-06    0.2196898109E+32    0.6418607790E-04    0.3229452459E+11    0.1442792735E-03
    0.6900000000E+00    0.1575139348E-20    0.1087635259E-21    0.1443577550E-06    0.5638463972E+31    0.1765191119E-04    0.8881366466E+10    0.4251623917E-04
    0.6900000000E+00    0.1687792220E-20    0.1165422177E-21    0.1477202791E-06    0.1299060768E+31    0.4357730728E-05    0.2192544657E+10    0.1124665826E-04
    0.6900000000E+00    0.1808501947E-20    0.1248772362E-21    0.1511611264E-06    0.2435189999E+30    0.8753137997E-06    0.4404045854E+09    0.2420621482E-05
    0.6900000000E+00    0.1937844750E-20    0.1338083694E-21    0.1546821213E-06    0.5239734601E+29    0.2018088529E-06    0.1015379219E+09    0.5980029436E-06
    0.6900000000E+00    0.2076438060E-20    0.1433782510E-21    0.1582851308E-06    0.1183060715E+29    0.4882451715E-07    0.2456552295E+08    0.1550247590E-06
    0.6900000000E+00    0.2224943467E-20    0.1536325639E-21    0.1619720651E-06    0.2730786753E+28    0.1207587785E-07    0.6075846148E+07    0.4108486074E-07
    0.6900000000E+00    0.2384069878E-20    0.1646202581E-21    0.1657448792E-06    0.5697441071E+27    0.2699670531E-08    0.1358309764E+07    0.9841785007E-08
    0.6900000000E+00    0.2554576900E-20    0.1763937846E-21    0.1696055734E-06    0.1244864672E+27    0.6320523729E-09    0.3180102534E+06    0.2468972052E-08
    0.6900000000E+00    0.2737278465E-20    0.1890093455E-21    0.1735561947E-06    0.3001875520E+26    0.1633140704E-09    0.8216969215E+05    0.6835758496E-09
    0.6900000000E+00    0.2933046719E-20    0.2025271626E-21    0.1775988378E-06    0.7177463127E+25    0.4184098442E-10    0.2105183467E+05    0.1876571005E-09
    0.6900000000E+00    0.3142816182E-20    0.2170117645E-21    0.1817356462E-06    0.1317311687E+25    0.8228477174E-11    0.4140068487E+04    0.3954418020E-10
    0.6900000000E+00    0.3367588212E-20    0.2325322952E-21    0.1859688132E-06    0.3214255897E+24    0.2151351498E-11    0.1082429027E+04    0.1107833468E-10
    0.6900000000E+00    0.3608435782E-20    0.2491628434E-21    0.1903005833E-06    0.6195422073E+23    0.4443260979E-12    0.2235578269E+03    0.2451686471E-11
    0.6900000000E+00    0.3866508602E-20    0.2669827968E-21    0.1947332533E-06    0.2404263791E+23    0.1847621638E-12    0.9296106627E+02    0.1092386055E-11
