    0.6530000000E+00    0.4143038610E-23    0.2860772210E-24    0.1992691735E-07    0.3054923705E+02    0.2515540376E-36    0.1265666686E-21    0.2396202880E-38
    0.6530000000E+00    0.4439345853E-23    0.3065372650E-24    0.2039107488E-07    0.2685398257E+02    0.2369406779E-36    0.1192141162E-21    0.2418421082E-38
    0.6530000000E+00    0.4756844785E-23    0.3284605973E-24    0.2086604403E-07   -0.4935540654E+02   -0.4666224799E-36   -0.2347760082E-21   -0.5103380512E-38
    0.6530000000E+00    0.5097051019E-23    0.3519518710E-24    0.2135207663E-07   -0.1539360391E+03   -0.1559449199E-35   -0.7846198452E-21   -0.1827525835E-37
    0.6530000000E+00    0.5461588566E-23    0.3771232243E-24    0.2184943039E-07   -0.1228664871E+03   -0.1333719083E-35   -0.6710462009E-21   -0.1674775730E-37
    0.6530000000E+00    0.5852197586E-23    0.4040948153E-24    0.2235836900E-07    0.3132022753E+03    0.3642971992E-35    0.1832921600E-20    0.4901715781E-37
    0.6530000000E+00    0.6270742692E-23    0.4329953957E-24    0.2287916232E-07    0.7442593294E+03    0.9275881913E-35    0.4667058751E-20    0.1337357460E-36
    0.6530000000E+00    0.6719221852E-23    0.4639629256E-24    0.2341208647E-07    0.2040251493E+03    0.2724674506E-35    0.1370890242E-20    0.4209271333E-37
    0.6530000000E+00    0.7199775931E-23    0.4971452317E-24    0.2395742402E-07   -0.2483444420E+04   -0.3553737693E-34   -0.1788024336E-19   -0.5882713016E-36
    0.6530000000E+00    0.7714698903E-23    0.5327007132E-24    0.2451546411E-07   -0.2190869527E+04   -0.3359289548E-34   -0.1690189874E-19   -0.5958538256E-36
    0.6530000000E+00    0.8266448809E-23    0.5707990981E-24    0.2508650263E-07    0.5760145549E+04    0.9463774452E-34    0.4761594831E-19    0.1798691468E-35
    0.6530000000E+00    0.8857659485E-23    0.6116222531E-24    0.2567084234E-07    0.7218484960E+04    0.1270799338E-33    0.6393888177E-19    0.2588029803E-35
    0.6530000000E+00    0.9491153137E-23    0.6553650517E-24    0.2626879307E-07   -0.1203624855E+05   -0.2270502954E-33   -0.1142378782E-18   -0.4954665786E-35
    0.6530000000E+00    0.1016995382E-22    0.7022363048E-24    0.2688067187E-07   -0.1717032393E+05   -0.3470638757E-33   -0.1746214013E-18   -0.8115246308E-35
    0.6530000000E+00    0.1089730185E-22    0.7524597575E-24    0.2750680315E-07    0.2670860468E+05    0.5784717090E-33    0.2910517271E-18    0.1449353813E-34
    0.6530000000E+00    0.1167666930E-22    0.8062751566E-24    0.2814751890E-07    0.2897696076E+05    0.6724867883E-33    0.3383543882E-18    0.1805410858E-34
    0.6530000000E+00    0.1251177658E-22    0.8639393956E-24    0.2880315884E-07   -0.5447806616E+05   -0.1354729558E-32   -0.6816173923E-18   -0.3897130062E-34
    0.6530000000E+00    0.1340661015E-22    0.9257277409E-24    0.2947407060E-07   -0.1738241436E+05   -0.4631706403E-33   -0.2330392528E-18   -0.1427688021E-34
    0.6530000000E+00    0.1436544159E-22    0.9919351458E-24    0.3016060990E-07    0.6480891602E+05    0.1850400263E-32    0.9310086977E-18    0.6111642959E-34
    0.6530000000E+00    0.1539284799E-22    0.1062877658E-23    0.3086314075E-07   -0.6508775803E+05   -0.1991270392E-32   -0.1001885966E-17   -0.7047296270E-34
    0.6530000000E+00    0.1649373379E-22    0.1138893930E-23    0.3158203565E-07    0.3472465264E+05    0.1138331710E-32    0.5727391764E-18    0.4316792042E-34
    0.6530000000E+00    0.1767335417E-22    0.1220346833E-23    0.3231767576E-07    0.1546817412E+06    0.5433378703E-32    0.2733745196E-17    0.2207812915E-33
    0.6530000000E+00    0.1893734018E-22    0.1307625190E-23    0.3307045113E-07   -0.1476656051E+06   -0.5557894174E-32   -0.2796393797E-17   -0.2419928680E-33
    0.6530000000E+00    0.2029172559E-22    0.1401145635E-23    0.3384076090E-07   -0.1361140514E+07   -0.5489513844E-31   -0.2761988980E-16   -0.2561097889E-32
    0.6530000000E+00    0.2174297571E-22    0.1501354598E-23    0.3462901348E-07   -0.1453756400E+08   -0.6282356302E-30   -0.3160899010E-15   -0.3140616131E-31
    0.6530000000E+00    0.2329801823E-22    0.1608730435E-23    0.3543562682E-07   -0.1289321789E+09   -0.5970246271E-29   -0.3003864254E-14   -0.3198044771E-30
    0.6530000000E+00    0.2496427630E-22    0.1723785718E-23    0.3626102861E-07   -0.2533716916E+09   -0.1257155544E-28   -0.6325240916E-14   -0.7215747179E-30
    0.6530000000E+00    0.2674970400E-22    0.1847069675E-23    0.3710565646E-07   -0.7155899055E+09   -0.3804478459E-28   -0.1914181816E-13   -0.2339846798E-29
    0.6530000000E+00    0.2866282424E-22    0.1979170815E-23    0.3796995823E-07   -0.3641895320E+10   -0.2074714692E-27   -0.1043870055E-12   -0.1367258638E-28
    0.6530000000E+00    0.3071276952E-22    0.2120719737E-23    0.3885439218E-07    0.5989609674E+10    0.3656195800E-27    0.1839575014E-12    0.2581794902E-28
    0.6530000000E+00    0.3290932546E-22    0.2272392139E-23    0.3975942724E-07    0.5571299594E+12    0.3644076092E-25    0.1833477115E-10    0.2757272760E-26
    0.6530000000E+00    0.3526297755E-22    0.2434912046E-23    0.4068554327E-07    0.2494369852E+13    0.1748202644E-24    0.8795890808E-10    0.1417372708E-25
    0.6530000000E+00    0.3778496121E-22    0.2609055264E-23    0.4163323131E-07   -0.5165780148E+13   -0.3879420379E-24   -0.1951888025E-09   -0.3370226866E-25
    0.6530000000E+00    0.4048731538E-22    0.2795653084E-23    0.4260299385E-07   -0.2970162531E+15   -0.2390072853E-22   -0.1202539071E-07   -0.2224863813E-23
    0.6530000000E+00    0.4338294005E-22    0.2995596250E-23    0.4359534505E-07   -0.8459898944E+16   -0.7294509583E-21   -0.3670152887E-06   -0.7275927997E-22
    0.6530000000E+00    0.4648565778E-22    0.3209839213E-23    0.4461081109E-07   -0.2105174188E+18   -0.1944997109E-19   -0.9786040685E-05   -0.2078793038E-20
    0.6530000000E+00    0.4981027973E-22    0.3439404683E-23    0.4564993037E-07   -0.6558669102E+18   -0.6493018561E-19   -0.3266891426E-04   -0.7435992409E-20
    0.6530000000E+00    0.5337267633E-22    0.3685388516E-23    0.4671325384E-07    0.6135164276E+18    0.6508143494E-19    0.3274501371E-04    0.7986369753E-20
    0.6530000000E+00    0.5718985306E-22    0.3948964943E-23    0.4780134531E-07    0.3142884501E+20    0.3572393949E-17    0.1797411028E-02    0.4697336132E-18
    0.6530000000E+00    0.6128003161E-22    0.4231392172E-23    0.4891478167E-07    0.5531880414E+21    0.6737576465E-16    0.3389938066E-01    0.9492836491E-17
    0.6530000000E+00    0.6566273690E-22    0.4534018400E-23    0.5005415331E-07    0.6631101911E+22    0.8653994730E-15    0.4354163001E+00    0.1306498513E-15
    0.6530000000E+00    0.7035889022E-22    0.4858288246E-23    0.5122006431E-07    0.1062711641E+23    0.1486094278E-14    0.7477121170E+00    0.2404023204E-15
    0.6530000000E+00    0.7539090917E-22    0.5205749646E-23    0.5241313287E-07   -0.1372161547E+23   -0.2056061820E-14   -0.1034485066E+01   -0.3563924228E-15
    0.6530000000E+00    0.8078281461E-22    0.5578061244E-23    0.5363399157E-07   -0.3687770832E+24   -0.5920997108E-13   -0.2979085075E+02   -0.1099732709E-13
    0.6530000000E+00    0.8656034539E-22    0.5977000309E-23    0.5488328773E-07   -0.4118795325E+25   -0.7085999788E-12   -0.3565243459E+03   -0.1410241298E-12
    0.6530000000E+00    0.9275108115E-22    0.6404471218E-23    0.5616168372E-07   -0.3883414072E+26   -0.7158872437E-11   -0.3601908537E+04   -0.1526640984E-11
    0.6530000000E+00    0.9938457404E-22    0.6862514550E-23    0.5746985739E-07   -0.3277884394E+27   -0.6474773141E-10   -0.3257711442E+05   -0.1479506406E-10
    0.6530000000E+00    0.1064924897E-21    0.7353316823E-23    0.5880850233E-07   -0.9343829437E+27   -0.1977679110E-09   -0.9950476603E+05   -0.4842260165E-10
    0.6530000000E+00    0.1141087586E-21    0.7879220933E-23    0.6017832832E-07   -0.8428430384E+27   -0.1911514637E-09   -0.9617577281E+05   -0.5014988268E-10
    0.6530000000E+00    0.1222697377E-21    0.8442737340E-23    0.6158006166E-07    0.1424102300E+28    0.3460765015E-09    0.1741246148E+06    0.9728914915E-10
    0.6530000000E+00    0.1310143844E-21    0.9046556049E-23    0.6301444556E-07    0.1821065772E+29    0.4741945471E-08    0.2385858112E+07    0.1428396736E-08
    0.6530000000E+00    0.1403844422E-21    0.9693559452E-23    0.6448224056E-07    0.1157759171E+30    0.3230346833E-07    0.1625313754E+08    0.1042656961E-07
    0.6530000000E+00    0.1504246400E-21    0.1038683609E-22    0.6598422489E-07    0.6174741210E+30    0.1846076460E-06    0.9288332233E+08    0.6384721789E-07
    0.6530000000E+00    0.1611829057E-21    0.1112969539E-22    0.6752119493E-07    0.2976908547E+31    0.9536662577E-06    0.4798267696E+09    0.3534180369E-06
    0.6530000000E+00    0.1727105951E-21    0.1192568347E-22    0.6909396560E-07    0.1326315069E+32    0.4552790095E-05    0.2290686649E+10    0.1807881336E-05
    0.6530000000E+00    0.1850627369E-21    0.1277860007E-22    0.7070337081E-07    0.5514762461E+32    0.2028419302E-04    0.1020577034E+11    0.8630779632E-05
    0.6530000000E+00    0.1982982953E-21    0.1369251667E-22    0.7235026388E-07    0.2151460261E+33    0.8479383009E-04    0.4266309020E+11    0.3865952788E-04
    0.6530000000E+00    0.2124804516E-21    0.1467179595E-22    0.7403551802E-07    0.7894915085E+33    0.3334098201E-03    0.1677515122E+12    0.1628810951E-03
    0.6530000000E+00    0.2276769058E-21    0.1572111260E-22    0.7576002677E-07    0.2725675536E+34    0.1233403226E-02    0.6205733723E+12    0.6456503243E-03
    0.6530000000E+00    0.2439602000E-21    0.1684547565E-22    0.7752470448E-07    0.8749521874E+34    0.4242435470E-02    0.2134535106E+13    0.2379619606E-02
    0.6530000000E+00    0.2614080640E-21    0.1805025236E-22    0.7933048683E-07    0.2194460671E+35    0.1140141426E-01    0.5736497156E+13    0.6852531163E-02
    0.6530000000E+00    0.2801037871E-21    0.1934119387E-22    0.8117833125E-07    0.4324822874E+35    0.2407682684E-01    0.1211399266E+14    0.1550570591E-01
    0.6530000000E+00    0.3001366153E-21    0.2072446262E-22    0.8306921749E-07    0.7185477034E+35    0.4286339136E-01    0.2156624757E+14    0.2957868232E-01
    0.6530000000E+00    0.3216021775E-21    0.2220666179E-22    0.8500414813E-07    0.1031457753E+36    0.6592989262E-01    0.3317190594E+14    0.4875000469E-01
    0.6530000000E+00    0.3446029418E-21    0.2379486681E-22    0.8698414910E-07    0.1290279858E+36    0.8837203209E-01    0.4446342348E+14    0.7001758624E-01
    0.6530000000E+00    0.3692487048E-21    0.2549665916E-22    0.8901027021E-07    0.1410862584E+36    0.1035417832E+00    0.5209591819E+14    0.8790385745E-01
    0.6530000000E+00    0.3956571157E-21    0.2732016250E-22    0.9108358575E-07    0.1414049799E+36    0.1111976549E+00    0.5594788647E+14    0.1011551321E+00
    0.6530000000E+00    0.4239542377E-21    0.2927408154E-22    0.9320519501E-07    0.1386915001E+36    0.1168640060E+00    0.5879884920E+14    0.1139129405E+00
    0.6530000000E+00    0.4542751502E-21    0.3136774352E-22    0.9537622289E-07    0.1256646015E+36    0.1134602881E+00    0.5708630571E+14    0.1185048638E+00
    0.6530000000E+00    0.4867645933E-21    0.3361114274E-22    0.9759782052E-07    0.9998316838E+35    0.9672924967E-01    0.4866826630E+14    0.1082555354E+00
    0.6530000000E+00    0.5215776589E-21    0.3601498832E-22    0.9987116580E-07    0.7233653282E+35    0.7498745470E-01    0.3772911944E+14    0.8992509514E-01
    0.6530000000E+00    0.5588805307E-21    0.3859075526E-22    0.1021974641E-06    0.4873023083E+35    0.5412892380E-01    0.2723437727E+14    0.6955393192E-01
    0.6530000000E+00    0.5988512779E-21    0.4135073927E-22    0.1045779488E-06    0.3089864576E+35    0.3677649780E-01    0.1850369350E+14    0.5063638144E-01
    0.6530000000E+00    0.6416807053E-21    0.4430811541E-22    0.1070138822E-06    0.1846238493E+35    0.2354608597E-01    0.1184695618E+14    0.3473849656E-01
    0.6530000000E+00    0.6875732635E-21    0.4747700104E-22    0.1095065557E-06    0.1036364673E+35    0.1416261745E-01    0.7125766402E+13    0.2238905781E-01
    0.6530000000E+00    0.7367480256E-21    0.5087252317E-22    0.1120572911E-06    0.5452602020E+34    0.7984260977E-02    0.4017193773E+13    0.1352468060E-01
    0.6530000000E+00    0.7894397325E-21    0.5451089068E-22    0.1146674407E-06    0.2690802399E+34    0.4221946543E-02    0.2124226326E+13    0.7663109362E-02
    0.6530000000E+00    0.8458999137E-21    0.5840947171E-22    0.1173383885E-06    0.1249710962E+34    0.2101069910E-02    0.1057130395E+13    0.4086323983E-02
    0.6530000000E+00    0.9063980879E-21    0.6258687655E-22    0.1200715507E-06    0.5484885033E+33    0.9880944337E-03    0.4971489306E+12    0.2059163095E-02
    0.6530000000E+00    0.9712230494E-21    0.6706304648E-22    0.1228683764E-06    0.2281846128E+33    0.4404709583E-03    0.2216181555E+12    0.9835797358E-03
    0.6530000000E+00    0.1040684247E-20    0.7185934897E-22    0.1257303485E-06    0.9012347909E+32    0.1864098567E-03    0.9379008498E+11    0.4460270172E-03
    0.6530000000E+00    0.1115113261E-20    0.7699867968E-22    0.1286589846E-06    0.3382290876E+32    0.7496212305E-04    0.3771637410E+11    0.1921914978E-03
    0.6530000000E+00    0.1194865387E-20    0.8250557175E-22    0.1316558373E-06    0.1207930460E+32    0.2868618909E-04    0.1443314297E+11    0.7880706442E-04
    0.6530000000E+00    0.1280321329E-20    0.8840631292E-22    0.1347224957E-06    0.4115450390E+31    0.1047244998E-04    0.5269098914E+10    0.3082766196E-04
    0.6530000000E+00    0.1371889021E-20    0.9472907100E-22    0.1378605858E-06    0.1341619750E+31    0.3658140375E-05    0.1840553406E+10    0.1153858783E-04
    0.6530000000E+00    0.1470005571E-20    0.1015040283E-21    0.1410717713E-06    0.4195854033E+30    0.1225889415E-05    0.6167928804E+09    0.4143273370E-05
    0.6530000000E+00    0.1575139348E-20    0.1087635259E-21    0.1443577550E-06    0.1261691012E+30    0.3949880285E-06    0.1987339158E+09    0.1430461674E-05
    0.6530000000E+00    0.1687792220E-20    0.1165422177E-21    0.1477202791E-06    0.3656775629E+29    0.1226674219E-06    0.6171877457E+08    0.4760159787E-06
    0.6530000000E+00    0.1808501947E-20    0.1248772362E-21    0.1511611264E-06    0.1024287006E+29    0.3681735518E-07    0.1852425044E+08    0.1530893153E-06
    0.6530000000E+00    0.1937844750E-20    0.1338083694E-21    0.1546821213E-06    0.2775714218E+28    0.1069068846E-07    0.5378903224E+07    0.4763190677E-07
    0.6530000000E+00    0.2076438060E-20    0.1433782510E-21    0.1582851308E-06    0.7260862672E+27    0.2996533565E-08    0.1507673160E+07    0.1430577664E-07
    0.6530000000E+00    0.2224943467E-20    0.1536325639E-21    0.1619720651E-06    0.1830436404E+27    0.8094416891E-09    0.4072617519E+06    0.4140739047E-08
    0.6530000000E+00    0.2384069878E-20    0.1646202581E-21    0.1657448792E-06    0.4485299679E+26    0.2125310506E-09    0.1069326786E+06    0.1164969841E-08
    0.6530000000E+00    0.2554576900E-20    0.1763937846E-21    0.1696055734E-06    0.1101002332E+26    0.5590094669E-10    0.2812595124E+05    0.3283306725E-09
    0.6530000000E+00    0.2737278465E-20    0.1890093455E-21    0.1735561947E-06    0.2721357064E+25    0.1480527410E-10    0.7449112085E+04    0.9317700477E-10
    0.6530000000E+00    0.2933046719E-20    0.2025271626E-21    0.1775988378E-06    0.6132453223E+24    0.3574910456E-11    0.1798677180E+04    0.2410779343E-10
    0.6530000000E+00    0.3142816182E-20    0.2170117645E-21    0.1817356462E-06    0.1384938533E+24    0.8650902608E-12    0.4352607234E+03    0.6251060701E-11
    0.6530000000E+00    0.3367588212E-20    0.2325322952E-21    0.1859688132E-06    0.3466352906E+23    0.2320083950E-12    0.1167324919E+03    0.1796370825E-11
    0.6530000000E+00    0.3608435782E-20    0.2491628434E-21    0.1903005833E-06    0.6911582038E+22    0.4956879839E-13    0.2493999993E+02    0.4112450510E-12
    0.6530000000E+00    0.3866508602E-20    0.2669827968E-21    0.1947332533E-06    0.2647152346E+22    0.2034275928E-13    0.1023523732E+02    0.1808431876E-12
