    0.6200000000E+00    0.4143038610E-23    0.2860772210E-24    0.1992691735E-07    0.9788812260E+19    0.8060480342E-19    0.4055542715E-04    0.2218538276E-20
    0.6200000000E+00    0.4439345853E-23    0.3065372650E-24    0.2039107488E-07    0.4292429701E+20    0.3787338434E-18    0.1905557999E-03    0.1116966423E-19
    0.6200000000E+00    0.4756844785E-23    0.3284605973E-24    0.2086604403E-07    0.3396612438E+20    0.3211270720E-18    0.1615715816E-03    0.1014805757E-19
    0.6200000000E+00    0.5097051019E-23    0.3519518710E-24    0.2135207663E-07   -0.9403608654E+20   -0.9526326690E-18   -0.4793067307E-03   -0.3225755703E-19
    0.6200000000E+00    0.5461588566E-23    0.3771232243E-24    0.2184943039E-07   -0.2406311761E+21   -0.2612058009E-17   -0.1314228480E-02   -0.9477391485E-19
    0.6200000000E+00    0.5852197586E-23    0.4040948153E-24    0.2235836900E-07   -0.1464056189E+21   -0.1702898130E-17   -0.8567946092E-03   -0.6620559172E-19
    0.6200000000E+00    0.6270742692E-23    0.4329953957E-24    0.2287916232E-07    0.6905109242E+21    0.8606002693E-17    0.4330016332E-02    0.3585151235E-18
    0.6200000000E+00    0.6719221852E-23    0.4639629256E-24    0.2341208647E-07    0.1022176578E+22    0.1365076056E-16    0.6868231198E-02    0.6093444390E-18
    0.6200000000E+00    0.7199775931E-23    0.4971452317E-24    0.2395742402E-07   -0.6455265540E+21   -0.9237299730E-17   -0.4647646546E-02   -0.4418257655E-18
    0.6200000000E+00    0.7714698903E-23    0.5327007132E-24    0.2451546411E-07   -0.3733032033E+22   -0.5723907944E-16   -0.2879921813E-01   -0.2933584777E-17
    0.6200000000E+00    0.8266448809E-23    0.5707990981E-24    0.2508650263E-07   -0.7862393325E+21   -0.1291771474E-16   -0.6499407194E-02   -0.7094008310E-18
    0.6200000000E+00    0.8857659485E-23    0.6116222531E-24    0.2567084234E-07    0.9853136066E+22    0.1734624212E-15    0.8727572412E-01    0.1020731240E-16
    0.6200000000E+00    0.9491153137E-23    0.6553650517E-24    0.2626879307E-07    0.3962724220E+22    0.7475233675E-16    0.3761082241E-01    0.4713361782E-17
    0.6200000000E+00    0.1016995382E-22    0.7022363048E-24    0.2688067187E-07   -0.2054583590E+23   -0.4152931224E-15   -0.2089502022E+00   -0.2805826042E-16
    0.6200000000E+00    0.1089730185E-22    0.7524597575E-24    0.2750680315E-07   -0.1416453295E+23   -0.3067843372E-15   -0.1543551911E+00   -0.2220952068E-16
    0.6200000000E+00    0.1167666930E-22    0.8062751566E-24    0.2814751890E-07    0.3680582982E+23    0.8541763400E-15    0.4297695032E+00    0.6626032176E-16
    0.6200000000E+00    0.1251177658E-22    0.8639393956E-24    0.2880315884E-07    0.5859017340E+23    0.1456987102E-14    0.7330671594E+00    0.1211048985E-15
    0.6200000000E+00    0.1340661015E-22    0.9257277409E-24    0.2947407060E-07    0.1994736554E+23    0.5315161565E-15    0.2674265533E+00    0.4733936991E-16
    0.6200000000E+00    0.1436544159E-22    0.9919351458E-24    0.3016060990E-07   -0.8115609992E+24   -0.2317139028E-13   -0.1165843213E+02   -0.2211353102E-14
    0.6200000000E+00    0.1539284799E-22    0.1062877658E-23    0.3086314075E-07   -0.2901358196E+25   -0.8876306155E-13   -0.4466016569E+02   -0.9076915156E-14
    0.6200000000E+00    0.1649373379E-22    0.1138893930E-23    0.3158203565E-07    0.6396065587E+24    0.2096736389E-13    0.1054950031E+02    0.2297469926E-14
    0.6200000000E+00    0.1767335417E-22    0.1220346833E-23    0.3231767576E-07    0.7146541215E+26    0.2510306939E-11    0.1263033540E+04    0.2947357586E-12
    0.6200000000E+00    0.1893734018E-22    0.1307625190E-23    0.3307045113E-07    0.4392198754E+27    0.1653152462E-10    0.8317656193E+04    0.2079787248E-11
    0.6200000000E+00    0.2029172559E-22    0.1401145635E-23    0.3384076090E-07    0.4154677760E+27    0.1675591965E-10    0.8430558103E+04    0.2258781759E-11
    0.6200000000E+00    0.2174297571E-22    0.1501354598E-23    0.3462901348E-07   -0.1531068174E+28   -0.6616456370E-10   -0.3328997813E+05   -0.9557217197E-11
    0.6200000000E+00    0.2329801823E-22    0.1608730435E-23    0.3543562682E-07   -0.2045436997E+29   -0.9471462212E-09   -0.4765462843E+06   -0.1465963083E-09
    0.6200000000E+00    0.2496427630E-22    0.1723785718E-23    0.3626102861E-07   -0.1401175662E+30   -0.6952220036E-08   -0.3497933637E+07   -0.1153000543E-08
    0.6200000000E+00    0.2674970400E-22    0.1847069675E-23    0.3710565646E-07   -0.2621941015E+30   -0.1393971328E-07   -0.7013614605E+07   -0.2477192999E-08
    0.6200000000E+00    0.2866282424E-22    0.1979170815E-23    0.3796995823E-07   -0.2088014946E+30   -0.1189500221E-07   -0.5984840543E+07   -0.2265012118E-08
    0.6200000000E+00    0.3071276952E-22    0.2120719737E-23    0.3885439218E-07    0.4096953647E+30    0.2500874938E-07    0.1258287931E+08    0.5102675811E-08
    0.6200000000E+00    0.3290932546E-22    0.2272392139E-23    0.3975942724E-07    0.3986621949E+31    0.2607570009E-06    0.1311970392E+09    0.5700881060E-07
    0.6200000000E+00    0.3526297755E-22    0.2434912046E-23    0.4068554327E-07    0.2026179717E+32    0.1420067170E-05    0.7144912986E+09    0.3326709590E-06
    0.6200000000E+00    0.3778496121E-22    0.2609055264E-23    0.4163323131E-07    0.8401053921E+32    0.6309060559E-05    0.3174334965E+10    0.1583691913E-05
    0.6200000000E+00    0.4048731538E-22    0.2795653084E-23    0.4260299385E-07    0.3041334970E+33    0.2447344908E-04    0.1231354881E+11    0.6582656337E-05
    0.6200000000E+00    0.4338294005E-22    0.2995596250E-23    0.4359534505E-07    0.9067327841E+33    0.7818262401E-04    0.3933673401E+11    0.2253285621E-04
    0.6200000000E+00    0.4648565778E-22    0.3209839213E-23    0.4461081109E-07    0.2059954545E+34    0.1903218108E-03    0.9575834201E+11    0.5877526069E-04
    0.6200000000E+00    0.4981027973E-22    0.3439404683E-23    0.4564993037E-07    0.4155854141E+34    0.4114255141E-03    0.2070042573E+12    0.1361435978E-03
    0.6200000000E+00    0.5337267633E-22    0.3685388516E-23    0.4671325384E-07    0.7915411830E+34    0.8396618850E-03    0.4224667136E+12    0.2977216673E-03
    0.6200000000E+00    0.5718985306E-22    0.3948964943E-23    0.4780134531E-07    0.1436169711E+35    0.1632437968E-02    0.8213433476E+12    0.6202156063E-03
    0.6200000000E+00    0.6128003161E-22    0.4231392172E-23    0.4891478167E-07    0.2478744140E+35    0.3018996603E-02    0.1518975193E+13    0.1229047385E-02
    0.6200000000E+00    0.6566273690E-22    0.4534018400E-23    0.5005415331E-07    0.4060383845E+35    0.5299049972E-02    0.2666159161E+13    0.2311553864E-02
    0.6200000000E+00    0.7035889022E-22    0.4858288246E-23    0.5122006431E-07    0.6292663524E+35    0.8799650716E-02    0.4427448221E+13    0.4113120537E-02
    0.6200000000E+00    0.7539090917E-22    0.5205749646E-23    0.5241313287E-07    0.9208724243E+35    0.1379845279E-01    0.6942540929E+13    0.6910928421E-02
    0.6200000000E+00    0.8078281461E-22    0.5578061244E-23    0.5363399157E-07    0.1274735699E+36    0.2046685309E-01    0.1029767377E+14    0.1098391277E-01
    0.6200000000E+00    0.8656034539E-22    0.5977000309E-23    0.5488328773E-07    0.1676475217E+36    0.2884217859E-01    0.1451162738E+14    0.1658570988E-01
    0.6200000000E+00    0.9275108115E-22    0.6404471218E-23    0.5616168372E-07    0.2101497291E+36    0.3874001267E-01    0.1949161458E+14    0.2387073334E-01
    0.6200000000E+00    0.9938457404E-22    0.6862514550E-23    0.5746985739E-07    0.2508520465E+36    0.4955056061E-01    0.2493082379E+14    0.3271557632E-01
    0.6200000000E+00    0.1064924897E-21    0.7353316823E-23    0.5880850233E-07    0.2837732523E+36    0.6006235844E-01    0.3021972015E+14    0.4249211854E-01
    0.6200000000E+00    0.1141087586E-21    0.7879220933E-23    0.6017832832E-07    0.3023412030E+36    0.6856907024E-01    0.3449977935E+14    0.5197975924E-01
    0.6200000000E+00    0.1222697377E-21    0.8442737340E-23    0.6158006166E-07    0.3048912963E+36    0.7409279036E-01    0.3727897884E+14    0.6018412538E-01
    0.6200000000E+00    0.1310143844E-21    0.9046556049E-23    0.6301444556E-07    0.3035944689E+36    0.7905416920E-01    0.3977524246E+14    0.6880670830E-01
    0.6200000000E+00    0.1403844422E-21    0.9693559452E-23    0.6448224056E-07    0.2951766868E+36    0.8235936274E-01    0.4143821452E+14    0.7681021495E-01
    0.6200000000E+00    0.1504246400E-21    0.1038683609E-22    0.6598422489E-07    0.2689874085E+36    0.8041977891E-01    0.4046233408E+14    0.8036535688E-01
    0.6200000000E+00    0.1611829057E-21    0.1112969539E-22    0.6752119493E-07    0.2320133039E+36    0.7432652223E-01    0.3739657848E+14    0.7958840757E-01
    0.6200000000E+00    0.1727105951E-21    0.1192568347E-22    0.6909396560E-07    0.1927848402E+36    0.6617650146E-01    0.3329598448E+14    0.7592937175E-01
    0.6200000000E+00    0.1850627369E-21    0.1277860007E-22    0.7070337081E-07    0.1550267557E+36    0.5702136146E-01    0.2868967571E+14    0.7010412698E-01
    0.6200000000E+00    0.1982982953E-21    0.1369251667E-22    0.7235026388E-07    0.1205253026E+36    0.4750170019E-01    0.2389996203E+14    0.6257706028E-01
    0.6200000000E+00    0.2124804516E-21    0.1467179595E-22    0.7403551802E-07    0.9046130343E+35    0.3820267422E-01    0.1922125860E+14    0.5392619376E-01
    0.6200000000E+00    0.2276769058E-21    0.1572111260E-22    0.7576002677E-07    0.6554640109E+35    0.2966058928E-01    0.1492340179E+14    0.4486273827E-01
    0.6200000000E+00    0.2439602000E-21    0.1684547565E-22    0.7752470448E-07    0.4589616049E+35    0.2225395879E-01    0.1119683649E+14    0.3606727094E-01
    0.6200000000E+00    0.2614080640E-21    0.1805025236E-22    0.7933048683E-07    0.3109469558E+35    0.1615538206E-01    0.8128404171E+13    0.2805583741E-01
    0.6200000000E+00    0.2801037871E-21    0.1934119387E-22    0.8117833125E-07    0.2040480230E+35    0.1135960722E-01    0.5715462398E+13    0.2113826402E-01
    0.6200000000E+00    0.3001366153E-21    0.2072446262E-22    0.8306921749E-07    0.1297961835E+35    0.7742707385E-02    0.3895658720E+13    0.1543827773E-01
    0.6200000000E+00    0.3216021775E-21    0.2220666179E-22    0.8500414813E-07    0.8008817250E+34    0.5119167119E-02    0.2575653067E+13    0.1093717876E-01
    0.6200000000E+00    0.3446029418E-21    0.2379486681E-22    0.8698414910E-07    0.4796681112E+34    0.3285275319E-02    0.1652950422E+13    0.7521037842E-02
    0.6200000000E+00    0.3692487048E-21    0.2549665916E-22    0.8901027021E-07    0.2790476237E+34    0.2047902388E-02    0.1030379736E+13    0.5023602354E-02
    0.6200000000E+00    0.3956571157E-21    0.2732016250E-22    0.9108358575E-07    0.1577874779E+34    0.1240804781E-02    0.6242973837E+12    0.3261440508E-02
    0.6200000000E+00    0.4239542377E-21    0.2927408154E-22    0.9320519501E-07    0.8677349242E+33    0.7311693889E-03    0.3678798983E+12    0.2059320789E-02
    0.6200000000E+00    0.4542751502E-21    0.3136774352E-22    0.9537622289E-07    0.4643641827E+33    0.4192659934E-03    0.2109491088E+12    0.1265306215E-02
    0.6200000000E+00    0.4867645933E-21    0.3361114274E-22    0.9759782052E-07    0.2419448412E+33    0.2340708274E-03    0.1177701822E+12    0.7569257733E-03
    0.6200000000E+00    0.5215776589E-21    0.3601498832E-22    0.9987116580E-07    0.1227978430E+33    0.1272980239E-03    0.6404861145E+11    0.4410904601E-03
    0.6200000000E+00    0.5588805307E-21    0.3859075526E-22    0.1021974641E-06    0.6074366765E+32    0.6747329741E-04    0.3394845321E+11    0.2505174241E-03
    0.6200000000E+00    0.5988512779E-21    0.4135073927E-22    0.1045779488E-06    0.2929803693E+32    0.3487140501E-04    0.1754516686E+11    0.1387316172E-03
    0.6200000000E+00    0.6416807053E-21    0.4430811541E-22    0.1070138822E-06    0.1378402225E+32    0.1757951501E-04    0.8844941118E+10    0.7493986255E-04
    0.6200000000E+00    0.6875732635E-21    0.4747700104E-22    0.1095065557E-06    0.6328477359E+31    0.8648288214E-05    0.4351291830E+10    0.3950355291E-04
    0.6200000000E+00    0.7367480256E-21    0.5087252317E-22    0.1120572911E-06    0.2836766887E+31    0.4153885993E-05    0.2089982403E+10    0.2033108592E-04
    0.6200000000E+00    0.7894397325E-21    0.5451089068E-22    0.1146674407E-06    0.1242119788E+31    0.1948921759E-05    0.9805787133E+09    0.1022116519E-04
    0.6200000000E+00    0.8458999137E-21    0.5840947171E-22    0.1173383885E-06    0.5314656175E+30    0.8935237437E-06    0.4495667200E+09    0.5021252956E-05
    0.6200000000E+00    0.9063980879E-21    0.6258687655E-22    0.1200715507E-06    0.2222485558E+30    0.4003776918E-06    0.2014456660E+09    0.2410881555E-05
    0.6200000000E+00    0.9712230494E-21    0.6706304648E-22    0.1228683764E-06    0.9084898976E+29    0.1753682734E-06    0.8823463286E+08    0.1131506437E-05
    0.6200000000E+00    0.1040684247E-20    0.7185934897E-22    0.1257303485E-06    0.3631316993E+29    0.7510953717E-07    0.3779054390E+08    0.5192793933E-06
    0.6200000000E+00    0.1115113261E-20    0.7699867968E-22    0.1286589846E-06    0.1420092242E+29    0.3147367665E-07    0.1583563691E+08    0.2331596966E-06
    0.6200000000E+00    0.1194865387E-20    0.8250557175E-22    0.1316558373E-06    0.5436435548E+28    0.1291056259E-07    0.6495808666E+07    0.1024828443E-06
    0.6200000000E+00    0.1280321329E-20    0.8840631292E-22    0.1347224957E-06    0.2037745365E+28    0.5185382980E-08    0.2608968855E+07    0.4410489989E-07
    0.6200000000E+00    0.1371889021E-20    0.9472907100E-22    0.1378605858E-06    0.7477961724E+27    0.2038985615E-08    0.1025893359E+07    0.1858318561E-07
    0.6200000000E+00    0.1470005571E-20    0.1015040283E-21    0.1410717713E-06    0.2686728761E+27    0.7849730529E-09    0.3949506246E+06    0.7665857662E-08
    0.6200000000E+00    0.1575139348E-20    0.1087635259E-21    0.1443577550E-06    0.9455226773E+26    0.2960076079E-09    0.1489329974E+06    0.3097482605E-08
    0.6200000000E+00    0.1687792220E-20    0.1165422177E-21    0.1477202791E-06    0.3261432797E+26    0.1094055511E-09    0.5504620902E+05    0.1226719760E-08
    0.6200000000E+00    0.1808501947E-20    0.1248772362E-21    0.1511611264E-06    0.1102938349E+26    0.3964442847E-10    0.1994666152E+05    0.4763083161E-09
    0.6200000000E+00    0.1937844750E-20    0.1338083694E-21    0.1546821213E-06    0.3656179110E+25    0.1408180697E-10    0.7085107493E+04    0.1812860514E-09
    0.6200000000E+00    0.2076438060E-20    0.1433782510E-21    0.1582851308E-06    0.1188043660E+25    0.4903016165E-11    0.2466899073E+04    0.6763466261E-10
    0.6200000000E+00    0.2224943467E-20    0.1536325639E-21    0.1619720651E-06    0.3786051586E+24    0.1674238987E-11    0.8423750743E+03    0.2474705102E-10
    0.6200000000E+00    0.2384069878E-20    0.1646202581E-21    0.1657448792E-06    0.1183890436E+24    0.5609736163E-12    0.2822477527E+03    0.8884816012E-11
    0.6200000000E+00    0.2554576900E-20    0.1763937846E-21    0.1696055734E-06    0.3632275136E+23    0.1844206981E-12    0.9278926156E+02    0.3129793358E-11
    0.6200000000E+00    0.2737278465E-20    0.1890093455E-21    0.1735561947E-06    0.1093221422E+23    0.5947563086E-13    0.2992451457E+02    0.1081546161E-11
    0.6200000000E+00    0.2933046719E-20    0.2025271626E-21    0.1775988378E-06    0.3229466104E+22    0.1882615606E-13    0.9472174958E+01    0.3668323747E-12
    0.6200000000E+00    0.3142816182E-20    0.2170117645E-21    0.1817356462E-06    0.9370580303E+21    0.5853254541E-14    0.2945001142E+01    0.1222090628E-12
    0.6200000000E+00    0.3367588212E-20    0.2325322952E-21    0.1859688132E-06    0.2673062086E+21    0.1789122057E-14    0.9001772373E+00    0.4002634855E-13
    0.6200000000E+00    0.3608435782E-20    0.2491628434E-21    0.1903005833E-06    0.7326501451E+20    0.5254453631E-15    0.2643720999E+00    0.1259602653E-13
    0.6200000000E+00    0.3866508602E-20    0.2669827968E-21    0.1947332533E-06    0.2616462909E+20    0.2010691798E-15    0.1011657634E+00    0.5164776222E-14
