    0.6120000000E+00    0.4143038610E-23    0.2860772210E-24    0.1992691735E-07   -0.2453132976E+26   -0.2020003000E-12   -0.1016342464E+03   -0.8810781473E-14
    0.6120000000E+00    0.4439345853E-23    0.3065372650E-24    0.2039107488E-07   -0.2777398969E+26   -0.2450581744E-12   -0.1232983460E+03   -0.1145332566E-13
    0.6120000000E+00    0.4756844785E-23    0.3284605973E-24    0.2086604403E-07    0.2434112055E+26    0.2301290746E-12    0.1157869323E+03    0.1152481351E-13
    0.6120000000E+00    0.5097051019E-23    0.3519518710E-24    0.2135207663E-07    0.1424363882E+27    0.1442951974E-11    0.7260055377E+03    0.7743089730E-13
    0.6120000000E+00    0.5461588566E-23    0.3771232243E-24    0.2184943039E-07    0.1344478935E+27    0.1459435567E-11    0.7342990778E+03    0.8391649605E-13
    0.6120000000E+00    0.5852197586E-23    0.4040948153E-24    0.2235836900E-07   -0.1881427615E+27   -0.2188358338E-11   -0.1101048614E+04   -0.1348282363E-12
    0.6120000000E+00    0.6270742692E-23    0.4329953957E-24    0.2287916232E-07   -0.7131101168E+27   -0.8887661832E-11   -0.4471730053E+04   -0.5867457293E-12
    0.6120000000E+00    0.6719221852E-23    0.4639629256E-24    0.2341208647E-07   -0.4254531450E+27   -0.5681757086E-11   -0.2858714069E+04   -0.4019250530E-12
    0.6120000000E+00    0.7199775931E-23    0.4971452317E-24    0.2395742402E-07    0.2139135511E+28    0.3061041526E-10    0.1540129636E+05    0.2320233200E-11
    0.6120000000E+00    0.7714698903E-23    0.5327007132E-24    0.2451546411E-07    0.2641368220E+28    0.4050045219E-10    0.2037736051E+05    0.3289442413E-11
    0.6120000000E+00    0.8266448809E-23    0.5707990981E-24    0.2508650263E-07   -0.4016947806E+28   -0.6599744347E-10   -0.3320589340E+05   -0.5743670640E-11
    0.6120000000E+00    0.8857659485E-23    0.6116222531E-24    0.2567084234E-07   -0.1198367133E+29   -0.2109700535E-09   -0.1061472800E+06   -0.1967357243E-10
    0.6120000000E+00    0.9491153137E-23    0.6553650517E-24    0.2626879307E-07    0.2717473599E+28    0.5126208394E-10    0.2579195808E+05    0.5122225253E-11
    0.6120000000E+00    0.1016995382E-22    0.7022363048E-24    0.2688067187E-07    0.7974653640E+29    0.1611917289E-08    0.8110185921E+06    0.1725858433E-09
    0.6120000000E+00    0.1089730185E-22    0.7524597575E-24    0.2750680315E-07    0.7446696500E+29    0.1612852226E-08    0.8114889952E+06    0.1850363246E-09
    0.6120000000E+00    0.1167666930E-22    0.8062751566E-24    0.2814751890E-07   -0.2502061200E+30   -0.5806692822E-08   -0.2921574121E+07   -0.7138242006E-09
    0.6120000000E+00    0.1251177658E-22    0.8639393956E-24    0.2880315884E-07   -0.2144739130E+31   -0.5333415262E-07   -0.2683449682E+08   -0.7025347564E-08
    0.6120000000E+00    0.1340661015E-22    0.9257277409E-24    0.2947407060E-07   -0.3352504851E+31   -0.8933061808E-07   -0.4494572556E+08   -0.1260848060E-07
    0.6120000000E+00    0.1436544159E-22    0.9919351458E-24    0.3016060990E-07   -0.2152533245E+31   -0.6145833517E-07   -0.3092209060E+08   -0.9294867583E-08
    0.6120000000E+00    0.1539284799E-22    0.1062877658E-23    0.3086314075E-07    0.8188648135E+31    0.2505204216E-06    0.1260466160E+09    0.4059808508E-07
    0.6120000000E+00    0.1649373379E-22    0.1138893930E-23    0.3158203565E-07    0.6016686031E+32    0.1972369477E-05    0.9923761767E+09    0.3424922027E-06
    0.6120000000E+00    0.1767335417E-22    0.1220346833E-23    0.3231767576E-07    0.2674829276E+33    0.9395653493E-05    0.4727320514E+10    0.1748193122E-05
    0.6120000000E+00    0.1893734018E-22    0.1307625190E-23    0.3307045113E-07    0.8636381649E+33    0.3250594153E-04    0.1635500972E+11    0.6480748460E-05
    0.6120000000E+00    0.2029172559E-22    0.1401145635E-23    0.3384076090E-07    0.1833567359E+34    0.7394823165E-04    0.3720624571E+11    0.1579756709E-04
    0.6120000000E+00    0.2174297571E-22    0.1501354598E-23    0.3462901348E-07    0.3235079931E+34    0.1398028224E-03    0.7034026435E+11    0.3200209093E-04
    0.6120000000E+00    0.2329801823E-22    0.1608730435E-23    0.3543562682E-07    0.5362653929E+34    0.2483194257E-03    0.1249392090E+12    0.6090782773E-04
    0.6120000000E+00    0.2496427630E-22    0.1723785718E-23    0.3626102861E-07    0.8702250274E+34    0.4317799714E-03    0.2172453803E+12    0.1134814585E-03
    0.6120000000E+00    0.2674970400E-22    0.1847069675E-23    0.3710565646E-07    0.1388669926E+35    0.7382950455E-03    0.3714650946E+12    0.2079181343E-03
    0.6120000000E+00    0.2866282424E-22    0.1979170815E-23    0.3796995823E-07    0.2169443604E+35    0.1235888493E-02    0.6218238072E+12    0.3729423510E-03
    0.6120000000E+00    0.3071276952E-22    0.2120719737E-23    0.3885439218E-07    0.3304139951E+35    0.2016923183E-02    0.1014792888E+13    0.6521564193E-03
    0.6120000000E+00    0.3290932546E-22    0.2272392139E-23    0.3975942724E-07    0.4889786544E+35    0.3198311981E-02    0.1609195768E+13    0.1108110935E-02
    0.6120000000E+00    0.3526297755E-22    0.2434912046E-23    0.4068554327E-07    0.7016748129E+35    0.4917754126E-02    0.2474314318E+13    0.1825699207E-02
    0.6120000000E+00    0.3778496121E-22    0.2609055264E-23    0.4163323131E-07    0.9758399155E+35    0.7328405674E-02    0.3687207335E+13    0.2915223914E-02
    0.6120000000E+00    0.4048731538E-22    0.2795653084E-23    0.4260299385E-07    0.1314864459E+36    0.1058063933E-01    0.5323533203E+13    0.4509976987E-02
    0.6120000000E+00    0.4338294005E-22    0.2995596250E-23    0.4359534505E-07    0.1713976648E+36    0.1477868609E-01    0.7435734615E+13    0.6749914006E-02
    0.6120000000E+00    0.4648565778E-22    0.3209839213E-23    0.4461081109E-07    0.2158418922E+36    0.1994190594E-01    0.1003355233E+14    0.9759533946E-02
    0.6120000000E+00    0.4981027973E-22    0.3439404683E-23    0.4564993037E-07    0.2627906965E+36    0.2601602312E-01    0.1308967810E+14    0.1364279412E-01
    0.6120000000E+00    0.5337267633E-22    0.3685388516E-23    0.4671325384E-07    0.3101076921E+36    0.3289602801E-01    0.1655127748E+14    0.1848442214E-01
    0.6120000000E+00    0.5718985306E-22    0.3948964943E-23    0.4780134531E-07    0.3550501232E+36    0.4035715953E-01    0.2030526437E+14    0.2429869821E-01
    0.6120000000E+00    0.6128003161E-22    0.4231392172E-23    0.4891478167E-07    0.3933066740E+36    0.4790294786E-01    0.2410184542E+14    0.3090470877E-01
    0.6120000000E+00    0.6566273690E-22    0.4534018400E-23    0.5005415331E-07    0.4192003621E+36    0.5470821852E-01    0.2752584308E+14    0.3781943082E-01
    0.6120000000E+00    0.7035889022E-22    0.4858288246E-23    0.5122006431E-07    0.4278748946E+36    0.5983395756E-01    0.3010480274E+14    0.4432106061E-01
    0.6120000000E+00    0.7539090917E-22    0.5205749646E-23    0.5241313287E-07    0.4275476924E+36    0.6406421230E-01    0.3223320924E+14    0.5084847192E-01
    0.6120000000E+00    0.8078281461E-22    0.5578061244E-23    0.5363399157E-07    0.4231929219E+36    0.6794684867E-01    0.3418671536E+14    0.5778721103E-01
    0.6120000000E+00    0.8656034539E-22    0.5977000309E-23    0.5488328773E-07    0.4044930156E+36    0.6958921715E-01    0.3501305513E+14    0.6341680622E-01
    0.6120000000E+00    0.9275108115E-22    0.6404471218E-23    0.5616168372E-07    0.3689123029E+36    0.6800706976E-01    0.3421701494E+14    0.6640740018E-01
    0.6120000000E+00    0.9938457404E-22    0.6862514550E-23    0.5746985739E-07    0.3264730116E+36    0.6448789624E-01    0.3244638119E+14    0.6747464758E-01
    0.6120000000E+00    0.1064924897E-21    0.7353316823E-23    0.5880850233E-07    0.2816883685E+36    0.5962107995E-01    0.2999769569E+14    0.6684397281E-01
    0.6120000000E+00    0.1141087586E-21    0.7879220933E-23    0.6017832832E-07    0.2367851752E+36    0.5370137828E-01    0.2701926240E+14    0.6451309058E-01
    0.6120000000E+00    0.1222697377E-21    0.8442737340E-23    0.6158006166E-07    0.1936868617E+36    0.4706857891E-01    0.2368204179E+14    0.6058896054E-01
    0.6120000000E+00    0.1310143844E-21    0.9046556049E-23    0.6301444556E-07    0.1541477119E+36    0.4013913476E-01    0.2019556759E+14    0.5536437762E-01
    0.6120000000E+00    0.1403844422E-21    0.9693559452E-23    0.6448224056E-07    0.1194110220E+36    0.3331772499E-01    0.1676344971E+14    0.4924223480E-01
    0.6120000000E+00    0.1504246400E-21    0.1038683609E-22    0.6598422489E-07    0.9008205201E+35    0.2693203651E-01    0.1355056024E+14    0.4265123490E-01
    0.6120000000E+00    0.1611829057E-21    0.1112969539E-22    0.6752119493E-07    0.6621157181E+35    0.2121117962E-01    0.1067217354E+14    0.3599376172E-01
    0.6120000000E+00    0.1727105951E-21    0.1192568347E-22    0.6909396560E-07    0.4744151388E+35    0.1628506375E-01    0.8193652096E+13    0.2961091847E-01
    0.6120000000E+00    0.1850627369E-21    0.1277860007E-22    0.7070337081E-07    0.3315297732E+35    0.1219420412E-01    0.6135380718E+13    0.2375832812E-01
    0.6120000000E+00    0.1982982953E-21    0.1369251667E-22    0.7235026388E-07    0.2260399746E+35    0.8908737733E-02    0.4482334163E+13    0.1859852870E-01
    0.6120000000E+00    0.2124804516E-21    0.1467179595E-22    0.7403551802E-07    0.1504083841E+35    0.6351890014E-02    0.3195884138E+13    0.1420906121E-01
    0.6120000000E+00    0.2276769058E-21    0.1572111260E-22    0.7576002677E-07    0.9770613117E+34    0.4421328065E-02    0.2224542963E+13    0.1059778627E-01
    0.6120000000E+00    0.2439602000E-21    0.1684547565E-22    0.7752470448E-07    0.6198738669E+34    0.3005621241E-02    0.1512245525E+13    0.7719633228E-02
    0.6120000000E+00    0.2614080640E-21    0.1805025236E-22    0.7933048683E-07    0.3842243789E+34    0.1996254192E-02    0.1004393510E+13    0.5493868457E-02
    0.6120000000E+00    0.2801037871E-21    0.1934119387E-22    0.8117833125E-07    0.2327564487E+34    0.1295784099E-02    0.6519596274E+12    0.3821158581E-02
    0.6120000000E+00    0.3001366153E-21    0.2072446262E-22    0.8306921749E-07    0.1378353243E+34    0.8222264747E-03    0.4136942772E+12    0.2598088089E-02
    0.6120000000E+00    0.3216021775E-21    0.2220666179E-22    0.8500414813E-07    0.7981246829E+33    0.5101544343E-03    0.2566786360E+12    0.1727285318E-02
    0.6120000000E+00    0.3446029418E-21    0.2379486681E-22    0.8698414910E-07    0.4520230662E+33    0.3095932767E-03    0.1557684784E+12    0.1123191831E-02
    0.6120000000E+00    0.3692487048E-21    0.2549665916E-22    0.8901027021E-07    0.2504735096E+33    0.1838199844E-03    0.9248701902E+11    0.7145870484E-03
    0.6120000000E+00    0.3956571157E-21    0.2732016250E-22    0.9108358575E-07    0.1358266773E+33    0.1068110048E-03    0.5374079135E+11    0.4449164016E-03
    0.6120000000E+00    0.4239542377E-21    0.2927408154E-22    0.9320519501E-07    0.7209675302E+32    0.6075004864E-04    0.3056572397E+11    0.2711496483E-03
    0.6120000000E+00    0.4542751502E-21    0.3136774352E-22    0.9537622289E-07    0.3746552250E+32    0.3382694035E-04    0.1701965586E+11    0.1617801125E-03
    0.6120000000E+00    0.4867645933E-21    0.3361114274E-22    0.9759782052E-07    0.1906453480E+32    0.1844408591E-04    0.9279940531E+10    0.9451909438E-04
    0.6120000000E+00    0.5215776589E-21    0.3601498832E-22    0.9987116580E-07    0.9501974080E+31    0.9850193575E-05    0.4956017395E+10    0.5408877937E-04
    0.6120000000E+00    0.5588805307E-21    0.3859075526E-22    0.1021974641E-06    0.4639985502E+31    0.5154037184E-05    0.2593197560E+10    0.3032563915E-04
    0.6120000000E+00    0.5988512779E-21    0.4135073927E-22    0.1045779488E-06    0.2220411004E+31    0.2642799980E-05    0.1329695967E+10    0.1666198390E-04
    0.6120000000E+00    0.6416807053E-21    0.4430811541E-22    0.1070138822E-06    0.1041403824E+31    0.1328159068E-05    0.6682487401E+09    0.8972480174E-05
    0.6120000000E+00    0.6875732635E-21    0.4747700104E-22    0.1095065557E-06    0.4787415580E+30    0.6542324068E-06    0.3291698954E+09    0.4735812158E-05
    0.6120000000E+00    0.7367480256E-21    0.5087252317E-22    0.1120572911E-06    0.2157373016E+30    0.3159047574E-06    0.1589440310E+09    0.2450296174E-05
    0.6120000000E+00    0.7894397325E-21    0.5451089068E-22    0.1146674407E-06    0.9532128373E+29    0.1495618424E-06    0.7525040873E+08    0.1243034613E-05
    0.6120000000E+00    0.8458999137E-21    0.5840947171E-22    0.1173383885E-06    0.4130708635E+29    0.6944731930E-07    0.3494166078E+08    0.6184689515E-06
    0.6120000000E+00    0.9063980879E-21    0.6258687655E-22    0.1200715507E-06    0.1756008084E+29    0.3163424217E-07    0.1591642370E+08    0.3018699275E-06
    0.6120000000E+00    0.9712230494E-21    0.6706304648E-22    0.1228683764E-06    0.7323557184E+28    0.1413686142E-07    0.7112807540E+07    0.1445491081E-06
    0.6120000000E+00    0.1040684247E-20    0.7185934897E-22    0.1257303485E-06    0.2996445137E+28    0.6197795672E-08    0.3118353252E+07    0.6790467421E-07
    0.6120000000E+00    0.1115113261E-20    0.7699867968E-22    0.1286589846E-06    0.1202885331E+28    0.2665969354E-08    0.1341353385E+07    0.3129807077E-07
    0.6120000000E+00    0.1194865387E-20    0.8250557175E-22    0.1316558373E-06    0.4739031873E+27    0.1125435353E-08    0.5662505154E+06    0.1415738260E-07
    0.6120000000E+00    0.1280321329E-20    0.8840631292E-22    0.1347224957E-06    0.1832759691E+27    0.4663762742E-09    0.2346521325E+06    0.6286354442E-08
    0.6120000000E+00    0.1371889021E-20    0.9472907100E-22    0.1378605858E-06    0.6958111934E+26    0.1897240273E-09    0.9545757373E+05    0.2740215700E-08
    0.6120000000E+00    0.1470005571E-20    0.1015040283E-21    0.1410717713E-06    0.2593175560E+26    0.7576399098E-10    0.3811982520E+05    0.1172533499E-08
    0.6120000000E+00    0.1575139348E-20    0.1087635259E-21    0.1443577550E-06    0.9488181563E+25    0.2970392985E-10    0.1494520812E+05    0.4925794914E-09
    0.6120000000E+00    0.1687792220E-20    0.1165422177E-21    0.1477202791E-06    0.3409307272E+25    0.1143660361E-10    0.5754202290E+04    0.2032167419E-09
    0.6120000000E+00    0.1808501947E-20    0.1248772362E-21    0.1511611264E-06    0.1203223882E+25    0.4324912917E-11    0.2176032733E+04    0.8234548329E-10
    0.6120000000E+00    0.1937844750E-20    0.1338083694E-21    0.1546821213E-06    0.4170522858E+24    0.1606280658E-11    0.8081825825E+03    0.3277055867E-10
    0.6120000000E+00    0.2076438060E-20    0.1433782510E-21    0.1582851308E-06    0.1419679625E+24    0.5858969988E-12    0.2947876806E+03    0.1280806989E-10
    0.6120000000E+00    0.2224943467E-20    0.1536325639E-21    0.1619720651E-06    0.4747442429E+23    0.2099377947E-12    0.1056279102E+03    0.4917598258E-11
    0.6120000000E+00    0.2384069878E-20    0.1646202581E-21    0.1657448792E-06    0.1560028479E+23    0.7392025400E-13    0.3719216906E+02    0.1855350074E-11
    0.6120000000E+00    0.2554576900E-20    0.1763937846E-21    0.1696055734E-06    0.5037503112E+22    0.2557680258E-13    0.1286868908E+02    0.6878736394E-12
    0.6120000000E+00    0.2737278465E-20    0.1890093455E-21    0.1735561947E-06    0.1598194519E+22    0.8694819302E-14    0.4374703439E+01    0.2505664825E-12
    0.6120000000E+00    0.2933046719E-20    0.2025271626E-21    0.1775988378E-06    0.4981645674E+21    0.2904047786E-14    0.1461139950E+01    0.8967392393E-13
    0.6120000000E+00    0.3142816182E-20    0.2170117645E-21    0.1817356462E-06    0.1525882281E+21    0.9531295929E-15    0.4795567525E+00    0.3153656366E-13
    0.6120000000E+00    0.3367588212E-20    0.2325322952E-21    0.1859688132E-06    0.4598796138E+20    0.3078045830E-15    0.1548685166E+00    0.1091283270E-13
    0.6120000000E+00    0.3608435782E-20    0.2491628434E-21    0.1903005833E-06    0.1340099898E+20    0.9610989395E-16    0.4835664423E-01    0.3651157046E-14
    0.6120000000E+00    0.3866508602E-20    0.2669827968E-21    0.1947332533E-06    0.4921817527E+19    0.3782304003E-16    0.1903024980E-01    0.1539638803E-14
