    0.6020000000E+00    0.4143038610E-23    0.2860772210E-24    0.1992691735E-07    0.2837792090E+32    0.2336745945E-06    0.1175708220E+09    0.1811053770E-07
    0.6020000000E+00    0.4439345853E-23    0.3065372650E-24    0.2039107488E-07   -0.7198386943E+32   -0.6351350968E-06   -0.3195612923E+09   -0.5274556621E-07
    0.6020000000E+00    0.4756844785E-23    0.3284605973E-24    0.2086604403E-07   -0.1327671256E+33   -0.1255224701E-05   -0.6315526091E+09   -0.1116969524E-06
    0.6020000000E+00    0.5097051019E-23    0.3519518710E-24    0.2135207663E-07   -0.9513540291E+32   -0.9637692946E-06   -0.4849100023E+09   -0.9189522226E-07
    0.6020000000E+00    0.5461588566E-23    0.3771232243E-24    0.2184943039E-07    0.2206836972E+33    0.2395527579E-05    0.1205283558E+10    0.2447490541E-06
    0.6020000000E+00    0.5852197586E-23    0.4040948153E-24    0.2235836900E-07    0.1326604914E+34    0.1543023448E-04    0.7763554077E+10    0.1689243951E-05
    0.6020000000E+00    0.6270742692E-23    0.4329953957E-24    0.2287916232E-07    0.2769402404E+34    0.3451572410E-04    0.1736620989E+11    0.4048897995E-05
    0.6020000000E+00    0.6719221852E-23    0.4639629256E-24    0.2341208647E-07    0.4124172934E+34    0.5507668487E-04    0.2771123290E+11    0.6922893307E-05
    0.6020000000E+00    0.7199775931E-23    0.4971452317E-24    0.2395742402E-07    0.5629898986E+34    0.8056223878E-04    0.4053401121E+11    0.1085054052E-04
    0.6020000000E+00    0.7714698903E-23    0.5327007132E-24    0.2451546411E-07    0.7749615522E+34    0.1188258913E-03    0.5978595036E+11    0.1714868912E-04
    0.6020000000E+00    0.8266448809E-23    0.5707990981E-24    0.2508650263E-07    0.1078679559E+35    0.1772243422E-03    0.8916849360E+11    0.2740584643E-04
    0.6020000000E+00    0.8857659485E-23    0.6116222531E-24    0.2567084234E-07    0.1492947367E+35    0.2628302941E-03    0.1322401940E+12    0.4355071282E-04
    0.6020000000E+00    0.9491153137E-23    0.6553650517E-24    0.2626879307E-07    0.2052232235E+35    0.3871305359E-03    0.1947805041E+12    0.6873489530E-04
    0.6020000000E+00    0.1016995382E-22    0.7022363048E-24    0.2688067187E-07    0.2805288949E+35    0.5670332483E-03    0.2852965905E+12    0.1078768785E-03
    0.6020000000E+00    0.1089730185E-22    0.7524597575E-24    0.2750680315E-07    0.3802993426E+35    0.8236761644E-03    0.4144236728E+12    0.1679099164E-03
    0.6020000000E+00    0.1167666930E-22    0.8062751566E-24    0.2814751890E-07    0.5098863962E+35    0.1183325842E-02    0.5953774831E+12    0.2584783638E-03
    0.6020000000E+00    0.1251177658E-22    0.8639393956E-24    0.2880315884E-07    0.6751399408E+35    0.1678899598E-02    0.8447200099E+12    0.3929565860E-03
    0.6020000000E+00    0.1340661015E-22    0.9257277409E-24    0.2947407060E-07    0.8826962547E+35    0.2352026485E-02    0.1183396457E+13    0.5898778037E-03
    0.6020000000E+00    0.1436544159E-22    0.9919351458E-24    0.3016060990E-07    0.1139164864E+36    0.3252501497E-02    0.1636460631E+13    0.8740521630E-03
    0.6020000000E+00    0.1539284799E-22    0.1062877658E-23    0.3086314075E-07    0.1448776837E+36    0.4432333370E-02    0.2230080162E+13    0.1276298516E-02
    0.6020000000E+00    0.1649373379E-22    0.1138893930E-23    0.3158203565E-07    0.1813025115E+36    0.5943397046E-02    0.2990355360E+13    0.1833811073E-02
    0.6020000000E+00    0.1767335417E-22    0.1220346833E-23    0.3231767576E-07    0.2232119419E+36    0.7840582876E-02    0.3944903705E+13    0.2592198151E-02
    0.6020000000E+00    0.1893734018E-22    0.1307625190E-23    0.3307045113E-07    0.2703728209E+36    0.1017639501E-01    0.5120142085E+13    0.3605070839E-02
    0.6020000000E+00    0.2029172559E-22    0.1401145635E-23    0.3384076090E-07    0.3219073856E+36    0.1298260563E-01    0.6532056335E+13    0.4928124962E-02
    0.6020000000E+00    0.2174297571E-22    0.1501354598E-23    0.3462901348E-07    0.3764316192E+36    0.1626735782E-01    0.8184743552E+13    0.6616630255E-02
    0.6020000000E+00    0.2329801823E-22    0.1608730435E-23    0.3543562682E-07    0.4322711983E+36    0.2001645774E-01    0.1007106226E+14    0.8723827524E-02
    0.6020000000E+00    0.2496427630E-22    0.1723785718E-23    0.3626102861E-07    0.4869896778E+36    0.2416299032E-01    0.1215734487E+14    0.1128419355E-01
    0.6020000000E+00    0.2674970400E-22    0.1847069675E-23    0.3710565646E-07    0.5380379342E+36    0.2860512306E-01    0.1439235548E+14    0.1431408749E-01
    0.6020000000E+00    0.2866282424E-22    0.1979170815E-23    0.3796995823E-07    0.5841237967E+36    0.3327636070E-01    0.1674263772E+14    0.1784249855E-01
    0.6020000000E+00    0.3071276952E-22    0.2120719737E-23    0.3885439218E-07    0.6236421118E+36    0.3806855194E-01    0.1915377644E+14    0.2187188452E-01
    0.6020000000E+00    0.3290932546E-22    0.2272392139E-23    0.3975942724E-07    0.6519179358E+36    0.4264065366E-01    0.2145417952E+14    0.2625086995E-01
    0.6020000000E+00    0.3526297755E-22    0.2434912046E-23    0.4068554327E-07    0.6628242856E+36    0.4645466540E-01    0.2337315790E+14    0.3064426315E-01
    0.6020000000E+00    0.3778496121E-22    0.2609055264E-23    0.4163323131E-07    0.6626385597E+36    0.4976312307E-01    0.2503777227E+14    0.3517446293E-01
    0.6020000000E+00    0.4048731538E-22    0.2795653084E-23    0.4260299385E-07    0.6576927578E+36    0.5292416119E-01    0.2662821411E+14    0.4008425630E-01
    0.6020000000E+00    0.4338294005E-22    0.2995596250E-23    0.4359534505E-07    0.6375167641E+36    0.5496959451E-01    0.2765735156E+14    0.4461104331E-01
    0.6020000000E+00    0.4648565778E-22    0.3209839213E-23    0.4461081109E-07    0.6017428011E+36    0.5559577994E-01    0.2797240992E+14    0.4834612538E-01
    0.6020000000E+00    0.4981027973E-22    0.3439404683E-23    0.4564993037E-07    0.5577406879E+36    0.5521578513E-01    0.2778121968E+14    0.5144972985E-01
    0.6020000000E+00    0.5337267633E-22    0.3685388516E-23    0.4671325384E-07    0.5077181513E+36    0.5385842064E-01    0.2709827655E+14    0.5377413841E-01
    0.6020000000E+00    0.5718985306E-22    0.3948964943E-23    0.4780134531E-07    0.4532746403E+36    0.5152195641E-01    0.2592271007E+14    0.5512037869E-01
    0.6020000000E+00    0.6128003161E-22    0.4231392172E-23    0.4891478167E-07    0.3967425031E+36    0.4832141608E-01    0.2431239313E+14    0.5539358841E-01
    0.6020000000E+00    0.6566273690E-22    0.4534018400E-23    0.5005415331E-07    0.3405933532E+36    0.4444952171E-01    0.2236429174E+14    0.5459928292E-01
    0.6020000000E+00    0.7035889022E-22    0.4858288246E-23    0.5122006431E-07    0.2868435715E+36    0.4011215965E-01    0.2018199536E+14    0.5279537657E-01
    0.6020000000E+00    0.7539090917E-22    0.5205749646E-23    0.5241313287E-07    0.2369964513E+36    0.3551180661E-01    0.1786737793E+14    0.5008326273E-01
    0.6020000000E+00    0.8078281461E-22    0.5578061244E-23    0.5363399157E-07    0.1921046011E+36    0.3084385769E-01    0.1551875038E+14    0.4661101256E-01
    0.6020000000E+00    0.8656034539E-22    0.5977000309E-23    0.5488328773E-07    0.1527646876E+36    0.2628172702E-01    0.1322336412E+14    0.4255726865E-01
    0.6020000000E+00    0.9275108115E-22    0.6404471218E-23    0.5616168372E-07    0.1191680117E+36    0.2196800492E-01    0.1105296192E+14    0.3811627608E-01
    0.6020000000E+00    0.9938457404E-22    0.6862514550E-23    0.5746985739E-07    0.9120149317E+35    0.1801494218E-01    0.9064021550E+13    0.3349289743E-01
    0.6020000000E+00    0.1064924897E-21    0.7353316823E-23    0.5880850233E-07    0.6850385163E+35    0.1449926256E-01    0.7295145716E+13    0.2888456032E-01
    0.6020000000E+00    0.1141087586E-21    0.7879220933E-23    0.6017832832E-07    0.5051381493E+35    0.1145621334E-01    0.5764068714E+13    0.2445462117E-01
    0.6020000000E+00    0.1222697377E-21    0.8442737340E-23    0.6158006166E-07    0.3656247570E+35    0.8885185900E-02    0.4470484315E+13    0.2032293207E-01
    0.6020000000E+00    0.1310143844E-21    0.9046556049E-23    0.6301444556E-07    0.2597258124E+35    0.6763103556E-02    0.3402781744E+13    0.1657547124E-01
    0.6020000000E+00    0.1403844422E-21    0.9693559452E-23    0.6448224056E-07    0.1810978817E+35    0.5052941780E-02    0.2542332510E+13    0.1326979278E-01
    0.6020000000E+00    0.1504246400E-21    0.1038683609E-22    0.6598422489E-07    0.1239810823E+35    0.3706690689E-02    0.1864980967E+13    0.1043052561E-01
    0.6020000000E+00    0.1611829057E-21    0.1112969539E-22    0.6752119493E-07    0.8334690377E+34    0.2670056153E-02    0.1343409613E+13    0.8050822315E-02
    0.6020000000E+00    0.1727105951E-21    0.1192568347E-22    0.6909396560E-07    0.5501965817E+34    0.1888638383E-02    0.9502477907E+12    0.6101950195E-02
    0.6020000000E+00    0.1850627369E-21    0.1277860007E-22    0.7070337081E-07    0.3566680517E+34    0.1311883088E-02    0.6600596581E+12    0.4541663779E-02
    0.6020000000E+00    0.1982982953E-21    0.1369251667E-22    0.7235026388E-07    0.2270628265E+34    0.8949050596E-03    0.4502617140E+12    0.3319684497E-02
    0.6020000000E+00    0.2124804516E-21    0.1467179595E-22    0.7403551802E-07    0.1419657805E+34    0.5995350783E-03    0.3016495315E+12    0.2383057082E-02
    0.6020000000E+00    0.2276769058E-21    0.1572111260E-22    0.7576002677E-07    0.8718481563E+33    0.3945225008E-03    0.1984996906E+12    0.1680318559E-02
    0.6020000000E+00    0.2439602000E-21    0.1684547565E-22    0.7752470448E-07    0.5259832321E+33    0.2550367840E-03    0.1283189745E+12    0.1163918765E-02
    0.6020000000E+00    0.2614080640E-21    0.1805025236E-22    0.7933048683E-07    0.3117325978E+33    0.1619620043E-03    0.8148941486E+11    0.7920142387E-03
    0.6020000000E+00    0.2801037871E-21    0.1934119387E-22    0.8117833125E-07    0.1815019408E+33    0.1010443878E-03    0.5083938098E+11    0.5294586451E-03
    0.6020000000E+00    0.3001366153E-21    0.2072446262E-22    0.8306921749E-07    0.1038247454E+33    0.6193438062E-04    0.3116160767E+11    0.3477375945E-03
    0.6020000000E+00    0.3216021775E-21    0.2220666179E-22    0.8500414813E-07    0.5835278396E+32    0.3729859774E-04    0.1876638239E+11    0.2243945741E-03
    0.6020000000E+00    0.3446029418E-21    0.2379486681E-22    0.8698414910E-07    0.3222428732E+32    0.2207060535E-04    0.1110458421E+11    0.1422768010E-03
    0.6020000000E+00    0.3692487048E-21    0.2549665916E-22    0.8901027021E-07    0.1748663627E+32    0.1283326613E-04    0.6456917794E+10    0.8864557211E-04
    0.6020000000E+00    0.3956571157E-21    0.2732016250E-22    0.9108358575E-07    0.9325789891E+31    0.7333588723E-05    0.3689815129E+10    0.5427956984E-04
    0.6020000000E+00    0.4239542377E-21    0.2927408154E-22    0.9320519501E-07    0.4888315479E+31    0.4118984430E-05    0.2072422063E+10    0.3266705600E-04
    0.6020000000E+00    0.4542751502E-21    0.3136774352E-22    0.9537622289E-07    0.2518350663E+31    0.2273773111E-05    0.1144024126E+10    0.1932266272E-04
    0.6020000000E+00    0.4867645933E-21    0.3361114274E-22    0.9759782052E-07    0.1275098419E+31    0.1233600769E-05    0.6206727636E+09    0.1123296687E-04
    0.6020000000E+00    0.5215776589E-21    0.3601498832E-22    0.9987116580E-07    0.6345494026E+30    0.6578037780E-06    0.3309667918E+09    0.6418243804E-05
    0.6020000000E+00    0.5588805307E-21    0.3859075526E-22    0.1021974641E-06    0.3103919234E+30    0.3447794210E-06    0.1734720028E+09    0.3604634066E-05
    0.6020000000E+00    0.5988512779E-21    0.4135073927E-22    0.1045779488E-06    0.1492512138E+30    0.1776432850E-06    0.8937928009E+08    0.1990071327E-05
    0.6020000000E+00    0.6416807053E-21    0.4430811541E-22    0.1070138822E-06    0.7055713848E+29    0.8998536510E-07    0.4527515438E+08    0.1080169051E-05
    0.6020000000E+00    0.6875732635E-21    0.4747700104E-22    0.1095065557E-06    0.3279350404E+29    0.4481451989E-07    0.2254793659E+08    0.5764194077E-06
    0.6020000000E+00    0.7367480256E-21    0.5087252317E-22    0.1120572911E-06    0.1498391767E+29    0.2194099417E-07    0.1103937176E+08    0.3023960742E-06
    0.6020000000E+00    0.7894397325E-21    0.5451089068E-22    0.1146674407E-06    0.6730707531E+28    0.1056067417E-07    0.5313487953E+07    0.1559593765E-06
    0.6020000000E+00    0.8458999137E-21    0.5840947171E-22    0.1173383885E-06    0.2972677728E+28    0.4997798624E-08    0.2514587834E+07    0.7908581600E-07
    0.6020000000E+00    0.9063980879E-21    0.6258687655E-22    0.1200715507E-06    0.1291019136E+28    0.2325753073E-08    0.1170177276E+07    0.3943514575E-07
    0.6020000000E+00    0.9712230494E-21    0.6706304648E-22    0.1228683764E-06    0.5513407630E+27    0.1064268056E-08    0.5354748571E+06    0.1933618861E-07
    0.6020000000E+00    0.1040684247E-20    0.7185934897E-22    0.1257303485E-06    0.2315136670E+27    0.4788588936E-09    0.2409326262E+06    0.9322392940E-08
    0.6020000000E+00    0.1115113261E-20    0.7699867968E-22    0.1286589846E-06    0.9558874756E+26    0.2118545010E-09    0.1065922800E+06    0.4419341291E-08
    0.6020000000E+00    0.1194865387E-20    0.8250557175E-22    0.1316558373E-06    0.3881309747E+26    0.9217416814E-10    0.4637642674E+05    0.2060293411E-08
    0.6020000000E+00    0.1280321329E-20    0.8840631292E-22    0.1347224957E-06    0.1549979710E+26    0.3944181910E-10    0.1984472083E+05    0.9446627350E-09
    0.6020000000E+00    0.1371889021E-20    0.9472907100E-22    0.1378605858E-06    0.6087341133E+25    0.1659810716E-10    0.8351156470E+04    0.4259694085E-09
    0.6020000000E+00    0.1470005571E-20    0.1015040283E-21    0.1410717713E-06    0.2351066875E+25    0.6869037805E-11    0.3456081405E+04    0.1888929518E-09
    0.6020000000E+00    0.1575139348E-20    0.1087635259E-21    0.1443577550E-06    0.8930103661E+24    0.2795679772E-11    0.1406615766E+04    0.8237724641E-10
    0.6020000000E+00    0.1687792220E-20    0.1165422177E-21    0.1477202791E-06    0.3336239181E+24    0.1119149493E-11    0.5630878534E+03    0.3533523216E-10
    0.6020000000E+00    0.1808501947E-20    0.1248772362E-21    0.1511611264E-06    0.1226006320E+24    0.4406802963E-12    0.2217234817E+03    0.1490882715E-10
    0.6020000000E+00    0.1937844750E-20    0.1338083694E-21    0.1546821213E-06    0.4431335907E+23    0.1706733040E-12    0.8587241023E+02    0.6187075884E-11
    0.6020000000E+00    0.2076438060E-20    0.1433782510E-21    0.1582851308E-06    0.1575388620E+23    0.6501575763E-13    0.3271196889E+02    0.2525448255E-11
    0.6020000000E+00    0.2224943467E-20    0.1536325639E-21    0.1619720651E-06    0.5509230063E+22    0.2436249891E-13    0.1225772544E+02    0.1014008696E-11
    0.6020000000E+00    0.2384069878E-20    0.1646202581E-21    0.1657448792E-06    0.1895127560E+22    0.8979855979E-14    0.4518116532E+01    0.4004877331E-12
    0.6020000000E+00    0.2554576900E-20    0.1763937846E-21    0.1696055734E-06    0.6412310789E+21    0.3255708304E-14    0.1638074102E+01    0.1555841437E-12
    0.6020000000E+00    0.2737278465E-20    0.1890093455E-21    0.1735561947E-06    0.2134300578E+21    0.1161145132E-14    0.5842175008E+00    0.5945746003E-13
    0.6020000000E+00    0.2933046719E-20    0.2025271626E-21    0.1775988378E-06    0.6988773779E+20    0.4074102084E-15    0.2049840000E+00    0.2235382021E-13
    0.6020000000E+00    0.3142816182E-20    0.2170117645E-21    0.1817356462E-06    0.2251341843E+20    0.1406281835E-15    0.7075553576E-01    0.8267842861E-14
    0.6020000000E+00    0.3367588212E-20    0.2325322952E-21    0.1859688132E-06    0.7136866811E+19    0.4776816033E-16    0.2403402854E-01    0.3009250648E-14
    0.6020000000E+00    0.3608435782E-20    0.2491628434E-21    0.1903005833E-06    0.2204150148E+19    0.1580782428E-16    0.7953534263E-02    0.1067067632E-14
    0.6020000000E+00    0.3866508602E-20    0.2669827968E-21    0.1947332533E-06    0.8254027322E+18    0.6343030885E-17    0.3191426764E-02    0.4587928835E-15
