    0.6170000000E+00    0.4143038610E-23    0.2860772210E-24    0.1992691735E-07    0.1483674365E+22    0.1221713906E-16    0.6146920182E-02    0.3969008988E-18
    0.6170000000E+00    0.4439345853E-23    0.3065372650E-24    0.2039107488E-07    0.7896499631E+22    0.6967316563E-16    0.3505529290E-01    0.2425370600E-17
    0.6170000000E+00    0.4756844785E-23    0.3284605973E-24    0.2086604403E-07    0.6649448049E+22    0.6286610032E-16    0.3163039227E-01    0.2344925701E-17
    0.6170000000E+00    0.5097051019E-23    0.3519518710E-24    0.2135207663E-07   -0.1534820274E+23   -0.1554849833E-15   -0.7823057242E-01   -0.6214425939E-17
    0.6170000000E+00    0.5461588566E-23    0.3771232243E-24    0.2184943039E-07   -0.4455319797E+23   -0.4836261846E-15   -0.2433312366E+00   -0.2071201595E-16
    0.6170000000E+00    0.5852197586E-23    0.4040948153E-24    0.2235836900E-07   -0.2997408127E+23   -0.3486396721E-15   -0.1754142461E+00   -0.1599887222E-16
    0.6170000000E+00    0.6270742692E-23    0.4329953957E-24    0.2287916232E-07    0.1186503606E+24    0.1478767803E-14    0.7440258813E+00    0.7271308178E-16
    0.6170000000E+00    0.6719221852E-23    0.4639629256E-24    0.2341208647E-07    0.1928183969E+24    0.2575012797E-14    0.1295589586E+01    0.1356725404E-15
    0.6170000000E+00    0.7199775931E-23    0.4971452317E-24    0.2395742402E-07   -0.8676371199E+23   -0.1241563818E-14   -0.6246792852E+00   -0.7009412413E-16
    0.6170000000E+00    0.7714698903E-23    0.5327007132E-24    0.2451546411E-07   -0.6921192459E+24   -0.1061235696E-13   -0.5339491587E+01   -0.6419843116E-15
    0.6170000000E+00    0.8266448809E-23    0.5707990981E-24    0.2508650263E-07   -0.2098296964E+24   -0.3447449206E-14   -0.1734546444E+01   -0.2234654784E-15
    0.6170000000E+00    0.8857659485E-23    0.6116222531E-24    0.2567084234E-07    0.1815921027E+25    0.3196891386E-13    0.1608481011E+02    0.2220447181E-14
    0.6170000000E+00    0.9491153137E-23    0.6553650517E-24    0.2626879307E-07    0.5379089394E+24    0.1014704732E-13    0.5105376117E+01    0.7551830802E-15
    0.6170000000E+00    0.1016995382E-22    0.7022363048E-24    0.2688067187E-07   -0.3486029859E+25   -0.7046314554E-13   -0.3545276267E+02   -0.5619201321E-14
    0.6170000000E+00    0.1089730185E-22    0.7524597575E-24    0.2750680315E-07    0.1785261030E+25    0.3866630291E-13    0.1945452832E+02    0.3304039375E-14
    0.6170000000E+00    0.1167666930E-22    0.8062751566E-24    0.2814751890E-07    0.2177351666E+25    0.5053118720E-13    0.2542421536E+02    0.4626707744E-14
    0.6170000000E+00    0.1251177658E-22    0.8639393956E-24    0.2880315884E-07   -0.3675003683E+26   -0.9138790101E-12   -0.4598082501E+03   -0.8966052304E-13
    0.6170000000E+00    0.1340661015E-22    0.9257277409E-24    0.2947407060E-07   -0.2962223154E+26   -0.7893119830E-12   -0.3971337100E+03   -0.8297767493E-13
    0.6170000000E+00    0.1436544159E-22    0.9919351458E-24    0.3016060990E-07    0.5107304356E+27    0.1458218699E-10    0.7336868241E+04    0.1642612898E-11
    0.6170000000E+00    0.1539284799E-22    0.1062877658E-23    0.3086314075E-07    0.2690631932E+28    0.8231618148E-10    0.4141648834E+05    0.9935684248E-11
    0.6170000000E+00    0.1649373379E-22    0.1138893930E-23    0.3158203565E-07    0.2051230179E+28    0.6724272756E-10    0.3383244450E+05    0.8696768040E-11
    0.6170000000E+00    0.1767335417E-22    0.1220346833E-23    0.3231767576E-07   -0.1385732513E+29   -0.4867548983E-09   -0.2449054148E+06   -0.6745635898E-10
    0.6170000000E+00    0.1893734018E-22    0.1307625190E-23    0.3307045113E-07   -0.1530759787E+30   -0.5761531873E-08   -0.2898851883E+07   -0.8555601229E-09
    0.6170000000E+00    0.2029172559E-22    0.1401145635E-23    0.3384076090E-07   -0.5644769147E+30   -0.2276549560E-07   -0.1145421066E+08   -0.3622343862E-08
    0.6170000000E+00    0.2174297571E-22    0.1501354598E-23    0.3462901348E-07   -0.6059982951E+30   -0.2618799964E-07   -0.1317620621E+08   -0.4464932438E-08
    0.6170000000E+00    0.2329801823E-22    0.1608730435E-23    0.3543562682E-07   -0.5732268760E+29   -0.2654345601E-08   -0.1335505020E+07   -0.4849199298E-09
    0.6170000000E+00    0.2496427630E-22    0.1723785718E-23    0.3626102861E-07    0.3825016831E+31    0.1897860445E-06    0.9548877703E+08    0.3715154163E-07
    0.6170000000E+00    0.2674970400E-22    0.1847069675E-23    0.3710565646E-07    0.2262223897E+32    0.1202725474E-05    0.6051381962E+09    0.2522778232E-06
    0.6170000000E+00    0.2866282424E-22    0.1979170815E-23    0.3796995823E-07    0.9843760268E+32    0.5607792719E-05    0.2821499705E+10    0.1260388749E-05
    0.6170000000E+00    0.3071276952E-22    0.2120719737E-23    0.3885439218E-07    0.3650382779E+33    0.2228277787E-04    0.1121133650E+11    0.5366385856E-05
    0.6170000000E+00    0.3290932546E-22    0.2272392139E-23    0.3975942724E-07    0.1026746997E+34    0.6715747597E-04    0.3378955110E+11    0.1733033392E-04
    0.6170000000E+00    0.3526297755E-22    0.2434912046E-23    0.4068554327E-07    0.2166222250E+34    0.1518217301E-03    0.7638744657E+11    0.4198039316E-04
    0.6170000000E+00    0.3778496121E-22    0.2609055264E-23    0.4163323131E-07    0.4079335102E+34    0.3063517083E-03    0.1541375186E+12    0.9076802206E-04
    0.6170000000E+00    0.4048731538E-22    0.2795653084E-23    0.4260299385E-07    0.7344568464E+34    0.5910132363E-03    0.2973618597E+12    0.1876332378E-03
    0.6170000000E+00    0.4338294005E-22    0.2995596250E-23    0.4359534505E-07    0.1279827252E+35    0.1103525257E-02    0.5552266895E+12    0.3754004967E-03
    0.6170000000E+00    0.4648565778E-22    0.3209839213E-23    0.4461081109E-07    0.2147598138E+35    0.1984193135E-02    0.9983251211E+12    0.7232634325E-03
    0.6170000000E+00    0.4981027973E-22    0.3439404683E-23    0.4564993037E-07    0.3456152086E+35    0.3421556919E-02    0.1721519022E+13    0.1336399592E-02
    0.6170000000E+00    0.5337267633E-22    0.3685388516E-23    0.4671325384E-07    0.5327881677E+35    0.5651783214E-02    0.2843633043E+13    0.2365364424E-02
    0.6170000000E+00    0.5718985306E-22    0.3948964943E-23    0.4780134531E-07    0.7855573472E+35    0.8929123273E-02    0.4492590925E+13    0.4004251843E-02
    0.6170000000E+00    0.6128003161E-22    0.4231392172E-23    0.4891478167E-07    0.1105346201E+36    0.1346260944E-01    0.6773565013E+13    0.6469069428E-02
    0.6170000000E+00    0.6566273690E-22    0.4534018400E-23    0.5005415331E-07    0.1483746327E+36    0.1936379967E-01    0.9742684472E+13    0.9970183380E-02
    0.6170000000E+00    0.7035889022E-22    0.4858288246E-23    0.5122006431E-07    0.1905031122E+36    0.2663992507E-01    0.1340358756E+14    0.1469757091E-01
    0.6170000000E+00    0.7539090917E-22    0.5205749646E-23    0.5241313287E-07    0.2347158880E+36    0.3517008452E-01    0.1769544419E+14    0.2079150741E-01
    0.6170000000E+00    0.8078281461E-22    0.5578061244E-23    0.5363399157E-07    0.2776172587E+36    0.4457356654E-01    0.2242670354E+14    0.2823514035E-01
    0.6170000000E+00    0.8656034539E-22    0.5977000309E-23    0.5488328773E-07    0.3140503411E+36    0.5402940605E-01    0.2718430599E+14    0.3667268927E-01
    0.6170000000E+00    0.9275108115E-22    0.6404471218E-23    0.5616168372E-07    0.3377846205E+36    0.6226884295E-01    0.3132988875E+14    0.4528802289E-01
    0.6170000000E+00    0.9938457404E-22    0.6862514550E-23    0.5746985739E-07    0.3442670049E+36    0.6800272641E-01    0.3421482964E+14    0.5299548737E-01
    0.6170000000E+00    0.1064924897E-21    0.7353316823E-23    0.5880850233E-07    0.3436511404E+36    0.7273588265E-01    0.3659626554E+14    0.6073811070E-01
    0.6170000000E+00    0.1141087586E-21    0.7879220933E-23    0.6017832832E-07    0.3384170038E+36    0.7675083340E-01    0.3861634419E+14    0.6867452518E-01
    0.6170000000E+00    0.1222697377E-21    0.8442737340E-23    0.6158006166E-07    0.3177998017E+36    0.7722973521E-01    0.3885729841E+14    0.7404523422E-01
    0.6170000000E+00    0.1310143844E-21    0.9046556049E-23    0.6301444556E-07    0.2820362210E+36    0.7344053143E-01    0.3695080188E+14    0.7544811195E-01
    0.6170000000E+00    0.1403844422E-21    0.9693559452E-23    0.6448224056E-07    0.2413997732E+36    0.6735468069E-01    0.3388877250E+14    0.7414474007E-01
    0.6170000000E+00    0.1504246400E-21    0.1038683609E-22    0.6598422489E-07    0.2005078543E+36    0.5994629041E-01    0.3016132179E+14    0.7070902987E-01
    0.6170000000E+00    0.1611829057E-21    0.1112969539E-22    0.6752119493E-07    0.1615347512E+36    0.5174839578E-01    0.2603664057E+14    0.6540477507E-01
    0.6170000000E+00    0.1727105951E-21    0.1192568347E-22    0.6909396560E-07    0.1260367993E+36    0.4326416134E-01    0.2176789061E+14    0.5859234164E-01
    0.6170000000E+00    0.1850627369E-21    0.1277860007E-22    0.7070337081E-07    0.9521061123E+35    0.3502001092E-01    0.1761993630E+14    0.5081931918E-01
    0.6170000000E+00    0.1982982953E-21    0.1369251667E-22    0.7235026388E-07    0.6968185760E+35    0.2746316863E-01    0.1381779357E+14    0.4270347419E-01
    0.6170000000E+00    0.2124804516E-21    0.1467179595E-22    0.7403551802E-07    0.4945649732E+35    0.2088595215E-01    0.1050853888E+14    0.3479900642E-01
    0.6170000000E+00    0.2276769058E-21    0.1572111260E-22    0.7576002677E-07    0.3407094293E+35    0.1541753975E-01    0.7757166864E+13    0.2752501994E-01
    0.6170000000E+00    0.2439602000E-21    0.1684547565E-22    0.7752470448E-07    0.2279899184E+35    0.1105468997E-01    0.5562046609E+13    0.2114750481E-01
    0.6170000000E+00    0.2614080640E-21    0.1805025236E-22    0.7933048683E-07    0.1482763820E+35    0.7703762837E-02    0.3876064195E+13    0.1579121221E-01
    0.6170000000E+00    0.2801037871E-21    0.1934119387E-22    0.8117833125E-07    0.9377387106E+34    0.5220508032E-02    0.2626641641E+13    0.1146635369E-01
    0.6170000000E+00    0.3001366153E-21    0.2072446262E-22    0.8306921749E-07    0.5770055765E+34    0.3442000542E-02    0.1731805008E+13    0.8100717736E-02
    0.6170000000E+00    0.3216021775E-21    0.2220666179E-22    0.8500414813E-07    0.3456309515E+34    0.2209243322E-02    0.1111556666E+13    0.5571294503E-02
    0.6170000000E+00    0.3446029418E-21    0.2379486681E-22    0.8698414910E-07    0.2016578396E+34    0.1381166494E-02    0.6949188478E+12    0.3732145783E-02
    0.6170000000E+00    0.3692487048E-21    0.2549665916E-22    0.8901027021E-07    0.1146548671E+34    0.8414405145E-03    0.4233616117E+12    0.2436329279E-02
    0.6170000000E+00    0.3956571157E-21    0.2732016250E-22    0.9108358575E-07    0.6355169622E+33    0.4997560616E-03    0.2514468082E+12    0.1550495949E-02
    0.6170000000E+00    0.4239542377E-21    0.2927408154E-22    0.9320519501E-07    0.3435595104E+33    0.2894895553E-03    0.1456535103E+12    0.9623775082E-03
    0.6170000000E+00    0.4542751502E-21    0.3136774352E-22    0.9537622289E-07    0.1812206130E+33    0.1636208028E-03    0.8232402120E+11    0.5828423284E-03
    0.6170000000E+00    0.4867645933E-21    0.3361114274E-22    0.9759782052E-07    0.9330919313E+32    0.9027247670E-04    0.4541961145E+11    0.3445624313E-03
    0.6170000000E+00    0.5215776589E-21    0.3601498832E-22    0.9987116580E-07    0.4691423675E+32    0.4863350600E-04    0.2446941777E+11    0.1989061194E-03
    0.6170000000E+00    0.5588805307E-21    0.3859075526E-22    0.1021974641E-06    0.2303989715E+32    0.2559242622E-04    0.1287654995E+11    0.1121563908E-03
    0.6170000000E+00    0.5988512779E-21    0.4135073927E-22    0.1045779488E-06    0.1105590493E+32    0.1315907068E-04    0.6620842797E+10    0.6179278722E-04
    0.6170000000E+00    0.6416807053E-21    0.4430811541E-22    0.1070138822E-06    0.5185809238E+31    0.6613745225E-05    0.3327633729E+10    0.3327821524E-04
    0.6170000000E+00    0.6875732635E-21    0.4747700104E-22    0.1095065557E-06    0.2378631755E+31    0.3250559622E-05    0.1635483598E+10    0.1752551148E-04
    0.6170000000E+00    0.7367480256E-21    0.5087252317E-22    0.1120572911E-06    0.1067259544E+31    0.1562791250E-05    0.7863013615E+09    0.9028457049E-05
    0.6170000000E+00    0.7894397325E-21    0.5451089068E-22    0.1146674407E-06    0.4685172585E+30    0.7351170865E-06    0.3698661392E+09    0.4550604403E-05
    0.6170000000E+00    0.8458999137E-21    0.5840947171E-22    0.1173383885E-06    0.2012527336E+30    0.3383550883E-06    0.1702396700E+09    0.2244322572E-05
    0.6170000000E+00    0.9063980879E-21    0.6258687655E-22    0.1200715507E-06    0.8460695542E+29    0.1524182571E-06    0.7668758261E+08    0.1083302029E-05
    0.6170000000E+00    0.9712230494E-21    0.6706304648E-22    0.1228683764E-06    0.3482461109E+29    0.6722289302E-07    0.3382246497E+08    0.5119526134E-06
    0.6170000000E+00    0.1040684247E-20    0.7185934897E-22    0.1257303485E-06    0.1404043448E+29    0.2904099361E-07    0.1461165899E+08    0.2369867344E-06
    0.6170000000E+00    0.1115113261E-20    0.7699867968E-22    0.1286589846E-06    0.5546419277E+28    0.1229259634E-07    0.6184885689E+07    0.1074870604E-06
    0.6170000000E+00    0.1194865387E-20    0.8250557175E-22    0.1316558373E-06    0.2146808474E+28    0.5098286355E-08    0.2565147139E+07    0.4776797053E-07
    0.6170000000E+00    0.1280321329E-20    0.8840631292E-22    0.1347224957E-06    0.8141669410E+27    0.2071783586E-08    0.1042395300E+07    0.2079969436E-07
    0.6170000000E+00    0.1371889021E-20    0.9472907100E-22    0.1378605858E-06    0.3026022222E+27    0.8250932552E-09    0.4151366665E+06    0.8875965436E-08
    0.6170000000E+00    0.1470005571E-20    0.1015040283E-21    0.1410717713E-06    0.1102722332E+27    0.3221788994E-09    0.1621007971E+06    0.3713724297E-08
    0.6170000000E+00    0.1575139348E-20    0.1087635259E-21    0.1443577550E-06    0.3941278385E+26    0.1233866109E-09    0.6208062666E+05    0.1523984679E-08
    0.6170000000E+00    0.1687792220E-20    0.1165422177E-21    0.1477202791E-06    0.1381605423E+26    0.4634628768E-10    0.2331862884E+05    0.6133770444E-09
    0.6170000000E+00    0.1808501947E-20    0.1248772362E-21    0.1511611264E-06    0.4749919076E+25    0.1707328675E-10    0.8590237897E+04    0.2421194618E-09
    0.6170000000E+00    0.1937844750E-20    0.1338083694E-21    0.1546821213E-06    0.1601993761E+25    0.6170093487E-11    0.3104415200E+04    0.9375713110E-10
    0.6170000000E+00    0.2076438060E-20    0.1433782510E-21    0.1582851308E-06    0.5302660473E+24    0.2188390114E-11    0.1101064602E+04    0.3563176288E-10
    0.6170000000E+00    0.2224943467E-20    0.1536325639E-21    0.1619720651E-06    0.1722799538E+24    0.7618433317E-12    0.3833131578E+03    0.1329162978E-10
    0.6170000000E+00    0.2384069878E-20    0.1646202581E-21    0.1657448792E-06    0.5493015411E+23    0.2602805653E-12    0.1309573258E+03    0.4865800590E-11
    0.6170000000E+00    0.2554576900E-20    0.1763937846E-21    0.1696055734E-06    0.1719026216E+23    0.8727973600E-13    0.4391384663E+02    0.1748340385E-11
    0.6170000000E+00    0.2737278465E-20    0.1890093455E-21    0.1735561947E-06    0.5283315756E+22    0.2874335712E-13    0.1446190644E+02    0.6169501245E-12
    0.6170000000E+00    0.2933046719E-20    0.2025271626E-21    0.1775988378E-06    0.1595242775E+22    0.9299459559E-14    0.4678921586E+01    0.2138800493E-12
    0.6170000000E+00    0.3142816182E-20    0.2170117645E-21    0.1817356462E-06    0.4729684429E+21    0.2954357784E-14    0.1486452876E+01    0.7280742212E-13
    0.6170000000E+00    0.3367588212E-20    0.2325322952E-21    0.1859688132E-06    0.1377824829E+21    0.9221996024E-15    0.4639946654E+00    0.2435216042E-13
    0.6170000000E+00    0.3608435782E-20    0.2491628434E-21    0.1903005833E-06    0.3874233830E+20    0.2778540638E-15    0.1397992398E+00    0.7861932638E-14
    0.6170000000E+00    0.3866508602E-20    0.2669827968E-21    0.1947332533E-06    0.1392082844E+20    0.1069783771E-15    0.5382500290E-01    0.3243460180E-14
