    0.6260000000E+00    0.4143038610E-23    0.2860772210E-24    0.1992691735E-07    0.1005593144E+16    0.8280436432E-23    0.4166211221E-08    0.1695836832E-24
    0.6260000000E+00    0.4439345853E-23    0.3065372650E-24    0.2039107488E-07    0.1480769063E+16    0.1306526601E-22    0.6573646001E-08    0.2867141271E-24
    0.6260000000E+00    0.4756844785E-23    0.3284605973E-24    0.2086604403E-07   -0.2261529317E+15   -0.2138125268E-23   -0.1075774394E-08   -0.5027637790E-25
    0.6260000000E+00    0.5097051019E-23    0.3519518710E-24    0.2135207663E-07   -0.6761862481E+16   -0.6850105465E-22   -0.3446555805E-07   -0.1725949538E-23
    0.6260000000E+00    0.5461588566E-23    0.3771232243E-24    0.2184943039E-07   -0.7400093878E+16   -0.8032822178E-22   -0.4041626811E-07   -0.2168697551E-23
    0.6260000000E+00    0.5852197586E-23    0.4040948153E-24    0.2235836900E-07    0.4358635597E+16    0.5069690948E-22    0.2550759672E-07    0.1466602163E-23
    0.6260000000E+00    0.6270742692E-23    0.4329953957E-24    0.2287916232E-07    0.3488123601E+17    0.4347331816E-21    0.2187312558E-06    0.1347577110E-22
    0.6260000000E+00    0.6719221852E-23    0.4639629256E-24    0.2341208647E-07    0.2685313978E+17    0.3586129731E-21    0.1804322036E-06    0.1191123608E-22
    0.6260000000E+00    0.7199775931E-23    0.4971452317E-24    0.2395742402E-07   -0.8607037495E+17   -0.1231642364E-20   -0.6196874139E-06   -0.4383443919E-22
    0.6260000000E+00    0.7714698903E-23    0.5327007132E-24    0.2451546411E-07   -0.1246694301E+18   -0.1911573046E-20   -0.9617871158E-06   -0.7289902739E-22
    0.6260000000E+00    0.8266448809E-23    0.5707990981E-24    0.2508650263E-07    0.1382235501E+18    0.2270978210E-20    0.1142617901E-05    0.9279910828E-22
    0.6260000000E+00    0.8857659485E-23    0.6116222531E-24    0.2567084234E-07    0.3866213596E+18    0.6806389021E-20    0.3424560353E-05    0.2980215050E-21
    0.6260000000E+00    0.9491153137E-23    0.6553650517E-24    0.2626879307E-07   -0.2398954631E+18   -0.4525358175E-20   -0.2276884577E-05   -0.2123165236E-21
    0.6260000000E+00    0.1016995382E-22    0.7022363048E-24    0.2688067187E-07   -0.9168596506E+18   -0.1853249043E-19   -0.9324420302E-05   -0.9316753826E-21
    0.6260000000E+00    0.1089730185E-22    0.7524597575E-24    0.2750680315E-07    0.7179000008E+18    0.1554872841E-19    0.7823173004E-05    0.8375788718E-21
    0.6260000000E+00    0.1167666930E-22    0.8062751566E-24    0.2814751890E-07    0.1549743443E+19    0.3596588335E-19    0.1809584169E-04    0.2075972362E-20
    0.6260000000E+00    0.1251177658E-22    0.8639393956E-24    0.2880315884E-07   -0.2225917676E+19   -0.5535285453E-19   -0.2785018465E-04   -0.3423504146E-20
    0.6260000000E+00    0.1340661015E-22    0.9257277409E-24    0.2947407060E-07   -0.5226489207E+16   -0.1392646788E-21   -0.7006950324E-07   -0.9229364915E-23
    0.6260000000E+00    0.1436544159E-22    0.9919351458E-24    0.3016060990E-07    0.6734140655E+19    0.1922706999E-18    0.9673890425E-04    0.1365349838E-19
    0.6260000000E+00    0.1539284799E-22    0.1062877658E-23    0.3086314075E-07   -0.2283440302E+20   -0.6985871386E-18   -0.3514864947E-03   -0.5315589339E-19
    0.6260000000E+00    0.1649373379E-22    0.1138893930E-23    0.3158203565E-07   -0.2016099620E+20   -0.6609108956E-18   -0.3325301041E-03   -0.5388572712E-19
    0.6260000000E+00    0.1767335417E-22    0.1220346833E-23    0.3231767576E-07    0.2859043274E+20    0.1004272690E-17    0.5052888437E-03    0.8773694106E-19
    0.6260000000E+00    0.1893734018E-22    0.1307625190E-23    0.3307045113E-07   -0.4634709539E+21   -0.1744429593E-16   -0.8776907118E-02   -0.1632992844E-17
    0.6260000000E+00    0.2029172559E-22    0.1401145635E-23    0.3384076090E-07   -0.1335283766E+23   -0.5385232932E-15   -0.2709521177E+00   -0.5401760550E-16
    0.6260000000E+00    0.2174297571E-22    0.1501354598E-23    0.3462901348E-07   -0.3789764118E+23   -0.1637733013E-14   -0.8240074917E+00   -0.1760248324E-15
    0.6260000000E+00    0.2329801823E-22    0.1608730435E-23    0.3543562682E-07    0.2355253245E+23    0.1090607638E-14    0.5487273303E+00    0.1256028143E-15
    0.6260000000E+00    0.2496427630E-22    0.1723785718E-23    0.3626102861E-07    0.1230664943E+25    0.6106196182E-13    0.3072265968E+02    0.7535318077E-14
    0.6260000000E+00    0.2674970400E-22    0.1847069675E-23    0.3710565646E-07    0.1437443567E+26    0.7642258568E-12    0.3845118993E+03    0.1010537800E-12
    0.6260000000E+00    0.2866282424E-22    0.1979170815E-23    0.3796995823E-07    0.2585841192E+26    0.1473101844E-11    0.7411751161E+03    0.2087197804E-12
    0.6260000000E+00    0.3071276952E-22    0.2120719737E-23    0.3885439218E-07   -0.6721210492E+25   -0.4102781802E-12   -0.2064269887E+03   -0.6228869849E-13
    0.6260000000E+00    0.3290932546E-22    0.2272392139E-23    0.3975942724E-07   -0.4321608716E+27   -0.2826678181E-10   -0.1422212277E+05   -0.4598404829E-11
    0.6260000000E+00    0.3526297755E-22    0.2434912046E-23    0.4068554327E-07   -0.4159516020E+28   -0.2915236046E-09   -0.1466769201E+06   -0.5081647795E-10
    0.6260000000E+00    0.3778496121E-22    0.2609055264E-23    0.4163323131E-07   -0.2859533651E+29   -0.2147465204E-08   -0.1080473681E+07   -0.4011039801E-09
    0.6260000000E+00    0.4048731538E-22    0.2795653084E-23    0.4260299385E-07   -0.5633050840E+29   -0.4532883891E-08   -0.2280671059E+07   -0.9072049908E-09
    0.6260000000E+00    0.4338294005E-22    0.2995596250E-23    0.4359534505E-07   -0.4560563021E+29   -0.3932324828E-08   -0.1978506321E+07   -0.8432963513E-09
    0.6260000000E+00    0.4648565778E-22    0.3209839213E-23    0.4461081109E-07    0.9029218902E+29    0.8342209765E-08    0.4197291799E+07    0.1916955105E-08
    0.6260000000E+00    0.4981027973E-22    0.3439404683E-23    0.4564993037E-07    0.9174008144E+30    0.9082178752E-07    0.4569599119E+08    0.2236252717E-07
    0.6260000000E+00    0.5337267633E-22    0.3685388516E-23    0.4671325384E-07    0.4890844542E+31    0.5188176984E-06    0.2610374627E+09    0.1368817720E-06
    0.6260000000E+00    0.5718985306E-22    0.3948964943E-23    0.4780134531E-07    0.2141015569E+32    0.2433608700E-05    0.1224443658E+10    0.6879891436E-06
    0.6260000000E+00    0.6128003161E-22    0.4231392172E-23    0.4891478167E-07    0.8240963385E+32    0.1003711519E-04    0.5050064968E+10    0.3040463151E-05
    0.6260000000E+00    0.6566273690E-22    0.4534018400E-23    0.5005415331E-07    0.2844466166E+33    0.3712202819E-04    0.1867754335E+11    0.1204931983E-04
    0.6260000000E+00    0.7035889022E-22    0.4858288246E-23    0.5122006431E-07    0.8867444322E+33    0.1240022011E-03    0.6239035416E+11    0.4312809049E-04
    0.6260000000E+00    0.7539090917E-22    0.5205749646E-23    0.5241313287E-07    0.2328564737E+34    0.3489146786E-03    0.1755526126E+12    0.1300319502E-03
    0.6260000000E+00    0.8078281461E-22    0.5578061244E-23    0.5363399157E-07    0.5280497824E+34    0.8478241671E-03    0.4265734768E+12    0.3385607654E-03
    0.6260000000E+00    0.8656034539E-22    0.5977000309E-23    0.5488328773E-07    0.1096090840E+35    0.1885721150E-02    0.9487800166E+12    0.8068788058E-03
    0.6260000000E+00    0.9275108115E-22    0.6404471218E-23    0.5616168372E-07    0.2098033488E+35    0.3867615926E-02    0.1945948743E+13    0.1773267179E-02
    0.6260000000E+00    0.9938457404E-22    0.6862514550E-23    0.5746985739E-07    0.3689881258E+35    0.7288586537E-02    0.3667172771E+13    0.3580751235E-02
    0.6260000000E+00    0.1064924897E-21    0.7353316823E-23    0.5880850233E-07    0.5971458819E+35    0.1263896076E-01    0.6359155169E+13    0.6653378055E-02
    0.6260000000E+00    0.1141087586E-21    0.7879220933E-23    0.6017832832E-07    0.8956016603E+35    0.2031167851E-01    0.1021959937E+14    0.1145715134E-01
    0.6260000000E+00    0.1222697377E-21    0.8442737340E-23    0.6158006166E-07    0.1254601550E+36    0.3048854813E-01    0.1533998025E+14    0.1842754921E-01
    0.6260000000E+00    0.1310143844E-21    0.9046556049E-23    0.6301444556E-07    0.1647637011E+36    0.4290347434E-01    0.2158641488E+14    0.2778582517E-01
    0.6260000000E+00    0.1403844422E-21    0.9693559452E-23    0.6448224056E-07    0.2024954242E+36    0.5649969948E-01    0.2842720718E+14    0.3920820622E-01
    0.6260000000E+00    0.1504246400E-21    0.1038683609E-22    0.6598422489E-07    0.2316817134E+36    0.6926641016E-01    0.3485063832E+14    0.5150548916E-01
    0.6260000000E+00    0.1611829057E-21    0.1112969539E-22    0.6752119493E-07    0.2453128243E+36    0.7858708436E-01    0.3954023382E+14    0.6261552299E-01
    0.6260000000E+00    0.1727105951E-21    0.1192568347E-22    0.6909396560E-07    0.2459148745E+36    0.8441424147E-01    0.4247210433E+14    0.7206867844E-01
    0.6260000000E+00    0.1850627369E-21    0.1277860007E-22    0.7070337081E-07    0.2435871300E+36    0.8959530711E-01    0.4507890096E+14    0.8196267017E-01
    0.6260000000E+00    0.1982982953E-21    0.1369251667E-22    0.7235026388E-07    0.2312560684E+36    0.9114315581E-01    0.4585768414E+14    0.8934184108E-01
    0.6260000000E+00    0.2124804516E-21    0.1467179595E-22    0.7403551802E-07    0.2020212973E+36    0.8531552734E-01    0.4292557648E+14    0.8961050307E-01
    0.6260000000E+00    0.2276769058E-21    0.1572111260E-22    0.7576002677E-07    0.1663393301E+36    0.7527068563E-01    0.3787162399E+14    0.8471429635E-01
    0.6260000000E+00    0.2439602000E-21    0.1684547565E-22    0.7752470448E-07    0.1312071952E+36    0.6361925452E-01    0.3200933359E+14    0.7672191099E-01
    0.6260000000E+00    0.2614080640E-21    0.1805025236E-22    0.7933048683E-07    0.9959306535E+35    0.5174400301E-01    0.2603443040E+14    0.6686376993E-01
    0.6260000000E+00    0.2801037871E-21    0.1934119387E-22    0.8117833125E-07    0.7265477403E+35    0.4044781634E-01    0.2035087736E+14    0.5600488583E-01
    0.6260000000E+00    0.3001366153E-21    0.2072446262E-22    0.8306921749E-07    0.5086332491E+35    0.3034140380E-01    0.1526594618E+14    0.4501595896E-01
    0.6260000000E+00    0.3216021775E-21    0.2220666179E-22    0.8500414813E-07    0.3417750151E+35    0.2184596508E-01    0.1099155891E+14    0.3472978310E-01
    0.6260000000E+00    0.3446029418E-21    0.2379486681E-22    0.8698414910E-07    0.2207602678E+35    0.1512000156E-01    0.7607463771E+13    0.2575625238E-01
    0.6260000000E+00    0.3692487048E-21    0.2549665916E-22    0.8901027021E-07    0.1373115912E+35    0.1007715929E-01    0.5070212719E+13    0.1839369410E-01
    0.6260000000E+00    0.3956571157E-21    0.2732016250E-22    0.9108358575E-07    0.8235927687E+34    0.6476545913E-02    0.3258603393E+13    0.1266701499E-01
    0.6260000000E+00    0.4239542377E-21    0.2927408154E-22    0.9320519501E-07    0.4768624209E+34    0.4018130366E-02    0.2021678441E+13    0.8420829208E-02
    0.6260000000E+00    0.4542751502E-21    0.3136774352E-22    0.9537622289E-07    0.2667738042E+34    0.2408652264E-02    0.1211887100E+13    0.5408850050E-02
    0.6260000000E+00    0.4867645933E-21    0.3361114274E-22    0.9759782052E-07    0.1443315711E+34    0.1396343484E-02    0.7025549849E+12    0.3359874833E-02
    0.6260000000E+00    0.5215776589E-21    0.3601498832E-22    0.9987116580E-07    0.7558778496E+33    0.7835785570E-03    0.3942489992E+12    0.2020288439E-02
    0.6260000000E+00    0.5588805307E-21    0.3859075526E-22    0.1021974641E-06    0.3835277728E+33    0.4260177971E-03    0.2143462052E+12    0.1176951531E-02
    0.6260000000E+00    0.5988512779E-21    0.4135073927E-22    0.1045779488E-06    0.1886893729E+33    0.2245837685E-03    0.1129968721E+12    0.6648278453E-03
    0.6260000000E+00    0.6416807053E-21    0.4430811541E-22    0.1070138822E-06    0.9008084523E+32    0.1148850127E-03    0.5780314030E+11    0.3644132944E-03
    0.6260000000E+00    0.6875732635E-21    0.4747700104E-22    0.1095065557E-06    0.4176074221E+32    0.5706885151E-04    0.2871356981E+11    0.1939679467E-03
    0.6260000000E+00    0.7367480256E-21    0.5087252317E-22    0.1120572911E-06    0.1881275099E+32    0.2754756593E-04    0.1386025715E+11    0.1003261316E-03
    0.6260000000E+00    0.7894397325E-21    0.5451089068E-22    0.1146674407E-06    0.8240632964E+31    0.1292979071E-04    0.6505483083E+10    0.5045710522E-04
    0.6260000000E+00    0.8458999137E-21    0.5840947171E-22    0.1173383885E-06    0.3512113376E+31    0.5904721940E-05    0.2970896402E+10    0.2469052286E-04
    0.6260000000E+00    0.9063980879E-21    0.6258687655E-22    0.1200715507E-06    0.1457397901E+31    0.2625482112E-05    0.1320982671E+10    0.1176359054E-04
    0.6260000000E+00    0.9712230494E-21    0.6706304648E-22    0.1228683764E-06    0.5892486245E+30    0.1137442631E-05    0.5722918459E+09    0.5460851130E-05
    0.6260000000E+00    0.1040684247E-20    0.7185934897E-22    0.1257303485E-06    0.2322580183E+30    0.4803984970E-06    0.2417072609E+09    0.2471339871E-05
    0.6260000000E+00    0.1115113261E-20    0.7699867968E-22    0.1286589846E-06    0.8927226662E+29    0.1978552076E-06    0.9954868838E+08    0.1090632214E-05
    0.6260000000E+00    0.1194865387E-20    0.8250557175E-22    0.1316558373E-06    0.3346688692E+29    0.7947787378E-07    0.3998842480E+08    0.4694367399E-06
    0.6260000000E+00    0.1280321329E-20    0.8840631292E-22    0.1347224957E-06    0.1224266997E+29    0.3115351585E-07    0.1567455150E+08    0.1971686679E-06
    0.6260000000E+00    0.1371889021E-20    0.9472907100E-22    0.1378605858E-06    0.4374296358E+28    0.1192721717E-07    0.6001049149E+07    0.8088536747E-07
    0.6260000000E+00    0.1470005571E-20    0.1015040283E-21    0.1410717713E-06    0.1528009792E+28    0.4464337930E-08    0.2246182907E+07    0.3244052674E-07
    0.6260000000E+00    0.1575139348E-20    0.1087635259E-21    0.1443577550E-06    0.5219665390E+27    0.1634081025E-08    0.8221700341E+06    0.1272343639E-07
    0.6260000000E+00    0.1687792220E-20    0.1165422177E-21    0.1477202791E-06    0.1742821961E+27    0.5846338371E-09    0.2941521346E+06    0.4877696605E-08
    0.6260000000E+00    0.1808501947E-20    0.1248772362E-21    0.1511611264E-06    0.5686691707E+26    0.2044045733E-09    0.1028439302E+06    0.1827348766E-08
    0.6260000000E+00    0.1937844750E-20    0.1338083694E-21    0.1546821213E-06    0.1814981680E+26    0.6990418387E-10    0.3517152720E+05    0.6696286176E-09
    0.6260000000E+00    0.2076438060E-20    0.1433782510E-21    0.1582851308E-06    0.5675078993E+25    0.2342085983E-10    0.1178395001E+05    0.2403995613E-09
    0.6260000000E+00    0.2224943467E-20    0.1536325639E-21    0.1619720651E-06    0.1739411783E+25    0.7691894722E-11    0.3870092883E+04    0.8459879311E-10
    0.6260000000E+00    0.2384069878E-20    0.1646202581E-21    0.1657448792E-06    0.5221138078E+24    0.2473979534E-11    0.1244755802E+04    0.2915593266E-10
    0.6260000000E+00    0.2554576900E-20    0.1763937846E-21    0.1696055734E-06    0.1533765753E+24    0.7787354769E-12    0.3918122563E+03    0.9833786977E-11
    0.6260000000E+00    0.2737278465E-20    0.1890093455E-21    0.1735561947E-06    0.4414146933E+23    0.2401473006E-12    0.1208274934E+03    0.3249440171E-11
    0.6260000000E+00    0.2933046719E-20    0.2025271626E-21    0.1775988378E-06    0.1246656206E+23    0.7267375947E-13    0.3656500894E+02    0.1053679336E-11
    0.6260000000E+00    0.3142816182E-20    0.2170117645E-21    0.1817356462E-06    0.3454935762E+22    0.2158096701E-13    0.1085822802E+02    0.3352754366E-12
    0.6260000000E+00    0.3367588212E-20    0.2325322952E-21    0.1859688132E-06    0.9407939198E+21    0.6296880128E-14    0.3168206514E+01    0.1048229220E-12
    0.6260000000E+00    0.3608435782E-20    0.2491628434E-21    0.1903005833E-06    0.2393015263E+21    0.1716233570E-14    0.8635041902E+00    0.3061309424E-13
    0.6260000000E+00    0.3866508602E-20    0.2669827968E-21    0.1947332533E-06    0.8724470687E+20    0.6704555832E-15    0.3373324096E+00    0.1281447587E-13
