    0.6080000000E+00    0.4143038610E-23    0.2860772210E-24    0.1992691735E-07   -0.1197386088E+29   -0.9859732486E-10   -0.4960816794E+05   -0.5470391921E-11
    0.6080000000E+00    0.4439345853E-23    0.3065372650E-24    0.2039107488E-07    0.1772601637E+29    0.1564019163E-09    0.7869191727E+05    0.9298124996E-11
    0.6080000000E+00    0.4756844785E-23    0.3284605973E-24    0.2086604403E-07    0.4263194744E+29    0.4030566544E-09    0.2027935568E+06    0.2567552934E-10
    0.6080000000E+00    0.5097051019E-23    0.3519518710E-24    0.2135207663E-07    0.3183849823E+29    0.3225399383E-09    0.1622824499E+06    0.2201591850E-10
    0.6080000000E+00    0.5461588566E-23    0.3771232243E-24    0.2184943039E-07   -0.9399818911E+29   -0.1020352918E-08   -0.5133794349E+06   -0.7462832962E-10
    0.6080000000E+00    0.5852197586E-23    0.4040948153E-24    0.2235836900E-07   -0.2316028641E+30   -0.2693858933E-08   -0.1355385722E+07   -0.2111194082E-09
    0.6080000000E+00    0.6270742692E-23    0.4329953957E-24    0.2287916232E-07   -0.1304469292E+30   -0.1625791258E-08   -0.8179991282E+06   -0.1365268576E-09
    0.6080000000E+00    0.6719221852E-23    0.4639629256E-24    0.2341208647E-07    0.7464590662E+30    0.9968663150E-08    0.5015624069E+07    0.8969954318E-09
    0.6080000000E+00    0.7199775931E-23    0.4971452317E-24    0.2395742402E-07    0.1260670214E+31    0.1803982896E-07    0.9076543063E+07    0.1739344971E-08
    0.6080000000E+00    0.7714698903E-23    0.5327007132E-24    0.2451546411E-07    0.2021710906E+30    0.3099916372E-08    0.1559689091E+07    0.3202604341E-09
    0.6080000000E+00    0.8266448809E-23    0.5707990981E-24    0.2508650263E-07   -0.7641373718E+31   -0.1255458508E-06   -0.6316702467E+08   -0.1389810775E-07
    0.6080000000E+00    0.8857659485E-23    0.6116222531E-24    0.2567084234E-07   -0.1470842209E+32   -0.2589387269E-06   -0.1302821945E+09   -0.3071498578E-07
    0.6080000000E+00    0.9491153137E-23    0.6553650517E-24    0.2626879307E-07   -0.1128109198E+32   -0.2128051158E-06   -0.1070705715E+09   -0.2704801349E-07
    0.6080000000E+00    0.1016995382E-22    0.7022363048E-24    0.2688067187E-07    0.2206323428E+32    0.4459643063E-06    0.2243820736E+09    0.6073701032E-07
    0.6080000000E+00    0.1089730185E-22    0.7524597575E-24    0.2750680315E-07    0.1864009476E+33    0.4037188615E-05    0.2031267391E+10    0.5891587744E-06
    0.6080000000E+00    0.1167666930E-22    0.8062751566E-24    0.2814751890E-07    0.7555171851E+33    0.1753376862E-04    0.8821924324E+10    0.2741754604E-05
    0.6080000000E+00    0.1251177658E-22    0.8639393956E-24    0.2880315884E-07    0.1737621065E+34    0.4321017216E-04    0.2174072654E+11    0.7240012349E-05
    0.6080000000E+00    0.1340661015E-22    0.9257277409E-24    0.2947407060E-07    0.2995656862E+34    0.7982207062E-04    0.4016160368E+11    0.1433099352E-04
    0.6080000000E+00    0.1436544159E-22    0.9919351458E-24    0.3016060990E-07    0.4662625215E+34    0.1331255552E-03    0.6698067019E+11    0.2561030450E-04
    0.6080000000E+00    0.1539284799E-22    0.1062877658E-23    0.3086314075E-07    0.7073891483E+34    0.2164159758E-03    0.1088873363E+12    0.4461106871E-04
    0.6080000000E+00    0.1649373379E-22    0.1138893930E-23    0.3158203565E-07    0.1067124761E+35    0.3498211965E-03    0.1760087172E+12    0.7726795730E-04
    0.6080000000E+00    0.1767335417E-22    0.1220346833E-23    0.3231767576E-07    0.1596096591E+35    0.5606477632E-03    0.2820838033E+12    0.1326915918E-03
    0.6080000000E+00    0.1893734018E-22    0.1307625190E-23    0.3307045113E-07    0.2353412527E+35    0.8857863525E-03    0.4456737361E+12    0.2246375195E-03
    0.6080000000E+00    0.2029172559E-22    0.1401145635E-23    0.3384076090E-07    0.3410187831E+35    0.1375337309E-02    0.6919859569E+12    0.3737339359E-03
    0.6080000000E+00    0.2174297571E-22    0.1501354598E-23    0.3462901348E-07    0.4847432766E+35    0.2094800737E-02    0.1053976129E+13    0.6099525176E-03
    0.6080000000E+00    0.2329801823E-22    0.1608730435E-23    0.3543562682E-07    0.6747813186E+35    0.3124596734E-02    0.1572106746E+13    0.9748712993E-03
    0.6080000000E+00    0.2496427630E-22    0.1723785718E-23    0.3626102861E-07    0.9184463346E+35    0.4557059606E-02    0.2292834807E+13    0.1523484428E-02
    0.6080000000E+00    0.2674970400E-22    0.1847069675E-23    0.3710565646E-07    0.1220793007E+36    0.6490422323E-02    0.3265585157E+13    0.2325017719E-02
    0.6080000000E+00    0.2866282424E-22    0.1979170815E-23    0.3796995823E-07    0.1583719990E+36    0.9022135022E-02    0.4539388771E+13    0.3463080864E-02
    0.6080000000E+00    0.3071276952E-22    0.2120719737E-23    0.3885439218E-07    0.2004917178E+36    0.1223847657E-01    0.6157655921E+13    0.5033622835E-02
    0.6080000000E+00    0.3290932546E-22    0.2272392139E-23    0.3975942724E-07    0.2474648322E+36    0.1618618176E-01    0.8143900703E+13    0.7133418820E-02
    0.6080000000E+00    0.3526297755E-22    0.2434912046E-23    0.4068554327E-07    0.2973579178E+36    0.2084061021E-01    0.1048572558E+14    0.9841555390E-02
    0.6080000000E+00    0.3778496121E-22    0.2609055264E-23    0.4163323131E-07    0.3478223178E+36    0.2612091396E-01    0.1314245279E+14    0.1321726748E-01
    0.6080000000E+00    0.4048731538E-22    0.2795653084E-23    0.4260299385E-07    0.3968377393E+36    0.3193330660E-01    0.1606689471E+14    0.1731399154E-01
    0.6080000000E+00    0.4338294005E-22    0.2995596250E-23    0.4359534505E-07    0.4422006598E+36    0.3812855179E-01    0.1918396471E+14    0.2215152450E-01
    0.6080000000E+00    0.4648565778E-22    0.3209839213E-23    0.4461081109E-07    0.4801042081E+36    0.4435743619E-01    0.2231795992E+14    0.2761339127E-01
    0.6080000000E+00    0.4981027973E-22    0.3439404683E-23    0.4564993037E-07    0.5051008742E+36    0.5000449481E-01    0.2515921583E+14    0.3335510824E-01
    0.6080000000E+00    0.5337267633E-22    0.3685388516E-23    0.4671325384E-07    0.5126855243E+36    0.5438535644E-01    0.2736339855E+14    0.3887185709E-01
    0.6080000000E+00    0.5718985306E-22    0.3948964943E-23    0.4780134531E-07    0.5121545993E+36    0.5821461118E-01    0.2929004628E+14    0.4458464483E-01
    0.6080000000E+00    0.6128003161E-22    0.4231392172E-23    0.4891478167E-07    0.5068416088E+36    0.6173098186E-01    0.3105926981E+14    0.5065898627E-01
    0.6080000000E+00    0.6566273690E-22    0.4534018400E-23    0.5005415331E-07    0.4857526822E+36    0.6339370451E-01    0.3189585057E+14    0.5574416846E-01
    0.6080000000E+00    0.7035889022E-22    0.4858288246E-23    0.5122006431E-07    0.4487496943E+36    0.6275308625E-01    0.3157353048E+14    0.5912734794E-01
    0.6080000000E+00    0.7539090917E-22    0.5205749646E-23    0.5241313287E-07    0.4047129084E+36    0.6064262338E-01    0.3051167412E+14    0.6122535200E-01
    0.6080000000E+00    0.8078281461E-22    0.5578061244E-23    0.5363399157E-07    0.3570476411E+36    0.5732671976E-01    0.2884331340E+14    0.6201694980E-01
    0.6080000000E+00    0.8656034539E-22    0.5977000309E-23    0.5488328773E-07    0.3077692421E+36    0.5294880206E-01    0.2664061189E+14    0.6137753592E-01
    0.6080000000E+00    0.9275108115E-22    0.6404471218E-23    0.5616168372E-07    0.2590215973E+36    0.4774928811E-01    0.2402453319E+14    0.5930894671E-01
    0.6080000000E+00    0.9938457404E-22    0.6862514550E-23    0.5746985739E-07    0.2128714016E+36    0.4204828078E-01    0.2115613357E+14    0.5596307296E-01
    0.6080000000E+00    0.1064924897E-21    0.7353316823E-23    0.5880850233E-07    0.1708916502E+36    0.3617027140E-01    0.1819867730E+14    0.5158281960E-01
    0.6080000000E+00    0.1141087586E-21    0.7879220933E-23    0.6017832832E-07    0.1340412222E+36    0.3039970036E-01    0.1529527746E+14    0.4645394626E-01
    0.6080000000E+00    0.1222697377E-21    0.8442737340E-23    0.6158006166E-07    0.1027388473E+36    0.2496695696E-01    0.1256185191E+14    0.4088075640E-01
    0.6080000000E+00    0.1310143844E-21    0.9046556049E-23    0.6301444556E-07    0.7697149637E+35    0.2004291356E-01    0.1008437322E+14    0.3516528680E-01
    0.6080000000E+00    0.1403844422E-21    0.9693559452E-23    0.6448224056E-07    0.5639004339E+35    0.1573379012E-01    0.7916284786E+13    0.2957921628E-01
    0.6080000000E+00    0.1504246400E-21    0.1038683609E-22    0.6598422489E-07    0.4041169381E+35    0.1208197625E-01    0.6078914491E+13    0.2433835872E-01
    0.6080000000E+00    0.1611829057E-21    0.1112969539E-22    0.6752119493E-07    0.2833488173E+35    0.9077208854E-02    0.4567098569E+13    0.1959321203E-01
    0.6080000000E+00    0.1727105951E-21    0.1192568347E-22    0.6909396560E-07    0.1943970512E+35    0.6672991887E-02    0.3357443041E+13    0.1543383692E-01
    0.6080000000E+00    0.1850627369E-21    0.1277860007E-22    0.7070337081E-07    0.1305254474E+35    0.4800938189E-02    0.2415539654E+13    0.1189814959E-01
    0.6080000000E+00    0.1982982953E-21    0.1369251667E-22    0.7235026388E-07    0.8579594878E+34    0.3381409007E-02    0.1701319038E+13    0.8979476443E-02
    0.6080000000E+00    0.2124804516E-21    0.1467179595E-22    0.7403551802E-07    0.5522400780E+34    0.2332162703E-02    0.1173402211E+13    0.6636088296E-02
    0.6080000000E+00    0.2276769058E-21    0.1572111260E-22    0.7576002677E-07    0.3481458946E+34    0.1575404937E-02    0.7926478006E+12    0.4803364150E-02
    0.6080000000E+00    0.2439602000E-21    0.1684547565E-22    0.7752470448E-07    0.2149916046E+34    0.1042443258E-02    0.5244939486E+12    0.3405694871E-02
    0.6080000000E+00    0.2614080640E-21    0.1805025236E-22    0.7933048683E-07    0.1300681006E+34    0.6757743792E-03    0.3400085037E+12    0.2365674739E-02
    0.6080000000E+00    0.2801037871E-21    0.1934119387E-22    0.8117833125E-07    0.7710746224E+33    0.4292668324E-03    0.2159809219E+12    0.1610203047E-02
    0.6080000000E+00    0.3001366153E-21    0.2072446262E-22    0.8306921749E-07    0.4480168889E+33    0.2672546743E-03    0.1344662727E+12    0.1074183854E-02
    0.6080000000E+00    0.3216021775E-21    0.2220666179E-22    0.8500414813E-07    0.2551777659E+33    0.1631074337E-03    0.8206572516E+11    0.7024688404E-03
    0.6080000000E+00    0.3446029418E-21    0.2379486681E-22    0.8698414910E-07    0.1424939114E+33    0.9759492438E-04    0.4910382108E+11    0.4503814991E-03
    0.6080000000E+00    0.3692487048E-21    0.2549665916E-22    0.8901027021E-07    0.7801918981E+32    0.5725749713E-04    0.2880848479E+11    0.2831298574E-03
    0.6080000000E+00    0.3956571157E-21    0.2732016250E-22    0.9108358575E-07    0.4189011764E+32    0.3294143423E-04    0.1657412312E+11    0.1745403386E-03
    0.6080000000E+00    0.4239542377E-21    0.2927408154E-22    0.9320519501E-07    0.2205936345E+32    0.1858762491E-04    0.9352160614E+10    0.1055303091E-03
    0.6080000000E+00    0.4542751502E-21    0.3136774352E-22    0.9537622289E-07    0.1139531503E+32    0.1028862314E-04    0.5176608448E+10    0.6259080976E-04
    0.6080000000E+00    0.4867645933E-21    0.3361114274E-22    0.9759782052E-07    0.5775583744E+31    0.5587619306E-05    0.2811349673E+10    0.3642336949E-04
    0.6080000000E+00    0.5215776589E-21    0.3601498832E-22    0.9987116580E-07    0.2872519012E+31    0.2977788413E-05    0.1498241742E+10    0.2079922466E-04
    0.6080000000E+00    0.5588805307E-21    0.3859075526E-22    0.1021974641E-06    0.1402011691E+31    0.1557336846E-05    0.7835570379E+09    0.1165563313E-04
    0.6080000000E+00    0.5988512779E-21    0.4135073927E-22    0.1045779488E-06    0.6715399250E+30    0.7992870227E-06    0.4021525423E+09    0.6409971108E-05
    0.6080000000E+00    0.6416807053E-21    0.4430811541E-22    0.1070138822E-06    0.3156875871E+30    0.4026135895E-06    0.2025706336E+09    0.3459726275E-05
    0.6080000000E+00    0.6875732635E-21    0.4747700104E-22    0.1095065557E-06    0.1456739809E+30    0.1990732527E-06    0.1001615345E+09    0.1833015861E-05
    0.6080000000E+00    0.7367480256E-21    0.5087252317E-22    0.1120572911E-06    0.6599864736E+29    0.9664201104E-07    0.4862437313E+08    0.9534968638E-06
    0.6080000000E+00    0.7894397325E-21    0.5451089068E-22    0.1146674407E-06    0.2936150540E+29    0.4606904849E-07    0.2317913897E+08    0.4870376696E-06
    0.6080000000E+00    0.8458999137E-21    0.5840947171E-22    0.1173383885E-06    0.1282690428E+29    0.2156516462E-07    0.1085027722E+08    0.2442902242E-06
    0.6080000000E+00    0.9063980879E-21    0.6258687655E-22    0.1200715507E-06    0.5502470974E+28    0.9912625166E-08    0.4987429169E+07    0.1203211556E-06
    0.6080000000E+00    0.9712230494E-21    0.6706304648E-22    0.1228683764E-06    0.2318042726E+28    0.4474580859E-08    0.2251336525E+07    0.5819767981E-07
    0.6080000000E+00    0.1040684247E-20    0.7185934897E-22    0.1257303485E-06    0.9591757354E+27    0.1983942622E-08    0.9981990780E+06    0.2764919032E-07
    0.6080000000E+00    0.1115113261E-20    0.7699867968E-22    0.1286589846E-06    0.3899019997E+27    0.8641445324E-09    0.4347848905E+06    0.1290445587E-07
    0.6080000000E+00    0.1194865387E-20    0.8250557175E-22    0.1316558373E-06    0.1557018878E+27    0.3697641498E-09    0.1860427965E+06    0.5916680423E-08
    0.6080000000E+00    0.1280321329E-20    0.8840631292E-22    0.1347224957E-06    0.6107975716E+26    0.1554276303E-09    0.7820171590E+05    0.2664903799E-08
    0.6080000000E+00    0.1371889021E-20    0.9472907100E-22    0.1378605858E-06    0.2354032354E+26    0.6418644925E-10    0.3229471143E+05    0.1179224956E-08
    0.6080000000E+00    0.1470005571E-20    0.1015040283E-21    0.1410717713E-06    0.8915175339E+25    0.2604718610E-10    0.1310535742E+05    0.5127599815E-09
    0.6080000000E+00    0.1575139348E-20    0.1087635259E-21    0.1443577550E-06    0.3318102261E+25    0.1038773090E-10    0.5226473432E+04    0.2191159543E-09
    0.6080000000E+00    0.1687792220E-20    0.1165422177E-21    0.1477202791E-06    0.1213562679E+25    0.4070925324E-11    0.2048241648E+04    0.9201241851E-10
    0.6080000000E+00    0.1808501947E-20    0.1248772362E-21    0.1511611264E-06    0.4361545907E+24    0.1567730371E-11    0.7887864264E+03    0.3796860858E-10
    0.6080000000E+00    0.1937844750E-20    0.1338083694E-21    0.1546821213E-06    0.1540636434E+24    0.5933775186E-12    0.2985514225E+03    0.1539871207E-10
    0.6080000000E+00    0.2076438060E-20    0.1433782510E-21    0.1582851308E-06    0.5349671785E+23    0.2207791524E-12    0.1110826210E+03    0.6139194206E-11
    0.6080000000E+00    0.2224943467E-20    0.1536325639E-21    0.1619720651E-06    0.1826123808E+23    0.8075346059E-13    0.4063022238E+02    0.2406104320E-11
    0.6080000000E+00    0.2384069878E-20    0.1646202581E-21    0.1657448792E-06    0.6127431854E+22    0.2903416990E-13    0.1460822572E+02    0.9269636929E-12
    0.6080000000E+00    0.2554576900E-20    0.1763937846E-21    0.1696055734E-06    0.2021080608E+22    0.1026158765E-13    0.5163005832E+01    0.3510491042E-12
    0.6080000000E+00    0.2737278465E-20    0.1890093455E-21    0.1735561947E-06    0.6553739439E+21    0.3565497159E-14    0.1793940983E+01    0.1306993432E-12
    0.6080000000E+00    0.2933046719E-20    0.2025271626E-21    0.1775988378E-06    0.2089416467E+21    0.1218024256E-14    0.6128356113E+00    0.4784199125E-13
    0.6080000000E+00    0.3142816182E-20    0.2170117645E-21    0.1817356462E-06    0.6549478971E+20    0.4091077210E-15    0.2058380850E+00    0.1721832838E-13
    0.6080000000E+00    0.3367588212E-20    0.2325322952E-21    0.1859688132E-06    0.2020583997E+20    0.1352408317E-15    0.6804494849E-01    0.6099035246E-14
    0.6080000000E+00    0.3608435782E-20    0.2491628434E-21    0.1903005833E-06    0.6035211247E+19    0.4328360250E-16    0.2177767221E-01    0.2091590739E-14
    0.6080000000E+00    0.3866508602E-20    0.2669827968E-21    0.1947332533E-06    0.2251466439E+19    0.1730200374E-16    0.8705314353E-02    0.8958797328E-15
