    0.6230000000E+00    0.4143038610E-23    0.2860772210E-24    0.1992691735E-07    0.8580013209E+17    0.7065109225E-21    0.3554732600E-06    0.1666589935E-22
    0.6230000000E+00    0.4439345853E-23    0.3065372650E-24    0.2039107488E-07    0.2453567241E+18    0.2164855376E-20    0.1089223356E-05    0.5471907696E-22
    0.6230000000E+00    0.4756844785E-23    0.3284605973E-24    0.2086604403E-07    0.1497781492E+18    0.1416052593E-20    0.7124714077E-06    0.3835210961E-22
    0.6230000000E+00    0.5097051019E-23    0.3519518710E-24    0.2135207663E-07   -0.7164136054E+18   -0.7257628749E-20   -0.3651596697E-05   -0.2106224320E-21
    0.6230000000E+00    0.5461588566E-23    0.3771232243E-24    0.2184943039E-07   -0.1341831549E+19   -0.1456561822E-19   -0.7328531844E-05   -0.4529380405E-21
    0.6230000000E+00    0.5852197586E-23    0.4040948153E-24    0.2235836900E-07   -0.5135154444E+18   -0.5972888861E-20   -0.3005193844E-05   -0.1990188939E-21
    0.6230000000E+00    0.6270742692E-23    0.4329953957E-24    0.2287916232E-07    0.4656339067E+19    0.5803306673E-19    0.2919870417E-04    0.2071979220E-20
    0.6230000000E+00    0.6719221852E-23    0.4639629256E-24    0.2341208647E-07    0.5436099529E+19    0.7259694136E-19    0.3652635875E-04    0.2777334557E-20
    0.6230000000E+00    0.7199775931E-23    0.4971452317E-24    0.2395742402E-07   -0.6549204125E+19   -0.9371723150E-19   -0.4715280223E-04   -0.3841751991E-20
    0.6230000000E+00    0.7714698903E-23    0.5327007132E-24    0.2451546411E-07   -0.2133952025E+20   -0.3272017181E-18   -0.1646279735E-03   -0.1437227273E-19
    0.6230000000E+00    0.8266448809E-23    0.5707990981E-24    0.2508650263E-07    0.1527514428E+19    0.2509667836E-19    0.1262711982E-04    0.1181207292E-20
    0.6230000000E+00    0.8857659485E-23    0.6116222531E-24    0.2567084234E-07    0.6076438270E+20    0.1069744382E-17    0.5382302107E-03    0.5394980615E-19
    0.6230000000E+00    0.9491153137E-23    0.6553650517E-24    0.2626879307E-07    0.1566039687E+20    0.2954157786E-18    0.1486352249E-03    0.1596406775E-19
    0.6230000000E+00    0.1016995382E-22    0.7022363048E-24    0.2688067187E-07   -0.1491840251E+21   -0.3015457727E-17   -0.1517194645E-02   -0.1746075903E-18
    0.6230000000E+00    0.1089730185E-22    0.7524597575E-24    0.2750680315E-07   -0.4841103261E+20   -0.1048516503E-17   -0.5275496351E-03   -0.6505566859E-19
    0.6230000000E+00    0.1167666930E-22    0.8062751566E-24    0.2814751890E-07    0.3850004951E+21    0.8934951756E-17    0.4495523463E-02    0.5940213935E-18
    0.6230000000E+00    0.1251177658E-22    0.8639393956E-24    0.2880315884E-07    0.1160808437E+21    0.2886632388E-17    0.1452377582E-02    0.2056370450E-18
    0.6230000000E+00    0.1340661015E-22    0.9257277409E-24    0.2947407060E-07   -0.1348069394E+22   -0.3592056611E-16   -0.1807304081E-01   -0.2741909062E-17
    0.6230000000E+00    0.1436544159E-22    0.9919351458E-24    0.3016060990E-07   -0.2692355218E+21   -0.7687113302E-17   -0.3867687163E-02   -0.6287429909E-18
    0.6230000000E+00    0.1539284799E-22    0.1062877658E-23    0.3086314075E-07    0.4780861603E+22    0.1462638820E-15    0.7359107593E-01    0.1281878815E-16
    0.6230000000E+00    0.1649373379E-22    0.1138893930E-23    0.3158203565E-07   -0.6260622751E+22   -0.2052335980E-15   -0.1032610450E+00   -0.1927339994E-16
    0.6230000000E+00    0.1767335417E-22    0.1220346833E-23    0.3231767576E-07   -0.1993433504E+24   -0.7002170431E-14   -0.3523065633E+01   -0.7045998583E-15
    0.6230000000E+00    0.1893734018E-22    0.1307625190E-23    0.3307045113E-07   -0.2644540967E+24   -0.9953623814E-14   -0.5008057191E+01   -0.1073225783E-14
    0.6230000000E+00    0.2029172559E-22    0.1401145635E-23    0.3384076090E-07    0.1126951098E+25    0.4545022055E-13    0.2286778244E+02    0.5251046563E-14
    0.6230000000E+00    0.2174297571E-22    0.1501354598E-23    0.3462901348E-07    0.2288156750E+26    0.9888187580E-12    0.4975133664E+03    0.1224127264E-12
    0.6230000000E+00    0.2329801823E-22    0.1608730435E-23    0.3543562682E-07    0.1000330223E+27    0.4632061472E-11    0.2330571177E+04    0.6144466611E-12
    0.6230000000E+00    0.2496427630E-22    0.1723785718E-23    0.3626102861E-07    0.7679060208E+26    0.3810123006E-11    0.1917021808E+04    0.5415628574E-12
    0.6230000000E+00    0.2674970400E-22    0.1847069675E-23    0.3710565646E-07   -0.5159873122E+27   -0.2743278796E-10   -0.1380250787E+05   -0.4178109531E-11
    0.6230000000E+00    0.2866282424E-22    0.1979170815E-23    0.3796995823E-07   -0.6158628928E+28   -0.3508447333E-09   -0.1765236986E+06   -0.5725650516E-10
    0.6230000000E+00    0.3071276952E-22    0.2120719737E-23    0.3885439218E-07   -0.4730482004E+29   -0.2887595249E-08   -0.1452862035E+07   -0.5049474611E-09
    0.6230000000E+00    0.3290932546E-22    0.2272392139E-23    0.3975942724E-07   -0.1138781064E+30   -0.7448540109E-08   -0.3747651665E+07   -0.1395664510E-08
    0.6230000000E+00    0.3526297755E-22    0.2434912046E-23    0.4068554327E-07   -0.1047911137E+30   -0.7344384071E-08   -0.3695246691E+07   -0.1474569526E-08
    0.6230000000E+00    0.3778496121E-22    0.2609055264E-23    0.4163323131E-07    0.8988576769E+29    0.6750281061E-08    0.3396330245E+07    0.1452217715E-08
    0.6230000000E+00    0.4048731538E-22    0.2795653084E-23    0.4260299385E-07    0.1328691386E+31    0.1069190382E-06    0.5379514720E+08    0.2464704839E-07
    0.6230000000E+00    0.4338294005E-22    0.2995596250E-23    0.4359534505E-07    0.7317090732E+31    0.6309128373E-06    0.3174369085E+09    0.1558401073E-06
    0.6230000000E+00    0.4648565778E-22    0.3209839213E-23    0.4461081109E-07    0.3208803080E+32    0.2964653829E-05    0.1491633219E+10    0.7846642462E-06
    0.6230000000E+00    0.4981027973E-22    0.3439404683E-23    0.4564993037E-07    0.1223908873E+33    0.1211657869E-04    0.6096324331E+10    0.3436290579E-05
    0.6230000000E+00    0.5337267633E-22    0.3685388516E-23    0.4671325384E-07    0.4146514002E+33    0.4398595850E-04    0.2213105497E+11    0.1336669180E-04
    0.6230000000E+00    0.5718985306E-22    0.3948964943E-23    0.4780134531E-07    0.1186872266E+34    0.1349071307E-03    0.6787705046E+11    0.4392833875E-04
    0.6230000000E+00    0.6128003161E-22    0.4231392172E-23    0.4891478167E-07    0.2751601133E+34    0.3351323899E-03    0.1686182044E+12    0.1169300884E-03
    0.6230000000E+00    0.6566273690E-22    0.4534018400E-23    0.5005415331E-07    0.5747441894E+34    0.7500764206E-03    0.3773927649E+12    0.2804241341E-03
    0.6230000000E+00    0.7035889022E-22    0.4858288246E-23    0.5122006431E-07    0.1122871442E+35    0.1570221648E-02    0.7900398854E+12    0.6290292416E-03
    0.6230000000E+00    0.7539090917E-22    0.5205749646E-23    0.5241313287E-07    0.2062343782E+35    0.3090238404E-02    0.1554819727E+13    0.1326483523E-02
    0.6230000000E+00    0.8078281461E-22    0.5578061244E-23    0.5363399157E-07    0.3547052538E+35    0.5695063163E-02    0.2865408876E+13    0.2619439785E-02
    0.6230000000E+00    0.8656034539E-22    0.5977000309E-23    0.5488328773E-07    0.5691894914E+35    0.9792369606E-02    0.4926923896E+13    0.4826115058E-02
    0.6230000000E+00    0.9275108115E-22    0.6404471218E-23    0.5616168372E-07    0.8530516363E+35    0.1572556450E-01    0.7912146154E+13    0.8304550274E-02
    0.6230000000E+00    0.9938457404E-22    0.6862514550E-23    0.5746985739E-07    0.1200381820E+36    0.2371102526E-01    0.1192994359E+14    0.1341714791E-01
    0.6230000000E+00    0.1064924897E-21    0.7353316823E-23    0.5880850233E-07    0.1594673673E+36    0.3375225148E-01    0.1698207697E+14    0.2046504117E-01
    0.6230000000E+00    0.1141087586E-21    0.7879220933E-23    0.6017832832E-07    0.2003322392E+36    0.4543408322E-01    0.2285966312E+14    0.2951832048E-01
    0.6230000000E+00    0.1222697377E-21    0.8442737340E-23    0.6158006166E-07    0.2372409700E+36    0.5765282796E-01    0.2900739118E+14    0.4013566742E-01
    0.6230000000E+00    0.1310143844E-21    0.9046556049E-23    0.6301444556E-07    0.2632989494E+36    0.6856145888E-01    0.3449594978E+14    0.5114343863E-01
    0.6230000000E+00    0.1403844422E-21    0.9693559452E-23    0.6448224056E-07    0.2725251784E+36    0.7603920307E-01    0.3825829516E+14    0.6077814360E-01
    0.6230000000E+00    0.1504246400E-21    0.1038683609E-22    0.6598422489E-07    0.2722727899E+36    0.8140201685E-01    0.4095653638E+14    0.6971801921E-01
    0.6230000000E+00    0.1611829057E-21    0.1112969539E-22    0.6752119493E-07    0.2684269981E+36    0.8599181559E-01    0.4326584352E+14    0.7891635047E-01
    0.6230000000E+00    0.1727105951E-21    0.1192568347E-22    0.6909396560E-07    0.2515825646E+36    0.8635976738E-01    0.4345097445E+14    0.8492221988E-01
    0.6230000000E+00    0.1850627369E-21    0.1277860007E-22    0.7070337081E-07    0.2189731715E+36    0.8054189294E-01    0.4052377443E+14    0.8486560406E-01
    0.6230000000E+00    0.1982982953E-21    0.1369251667E-22    0.7235026388E-07    0.1815367551E+36    0.7154766952E-01    0.3599842907E+14    0.8078028232E-01
    0.6230000000E+00    0.2124804516E-21    0.1467179595E-22    0.7403551802E-07    0.1450055798E+36    0.6123724416E-01    0.3081085107E+14    0.7408418582E-01
    0.6230000000E+00    0.2276769058E-21    0.1572111260E-22    0.7576002677E-07    0.1117609564E+36    0.5057326980E-01    0.2544538876E+14    0.6555878679E-01
    0.6230000000E+00    0.2439602000E-21    0.1684547565E-22    0.7752470448E-07    0.8297150650E+35    0.4023091401E-01    0.2024174532E+14    0.5588172114E-01
    0.6230000000E+00    0.2614080640E-21    0.1805025236E-22    0.7933048683E-07    0.5927826763E+35    0.3079827745E-01    0.1549581718E+14    0.4583912314E-01
    0.6230000000E+00    0.2801037871E-21    0.1934119387E-22    0.8117833125E-07    0.4078227568E+35    0.2270400010E-01    0.1142326986E+14    0.3620864345E-01
    0.6230000000E+00    0.3001366153E-21    0.2072446262E-22    0.8306921749E-07    0.2705741303E+35    0.1614050784E-01    0.8120920366E+13    0.2758208353E-01
    0.6230000000E+00    0.3216021775E-21    0.2220666179E-22    0.8500414813E-07    0.1733637593E+35    0.1108126242E-01    0.5575416249E+13    0.2029079738E-01
    0.6230000000E+00    0.3446029418E-21    0.2379486681E-22    0.8698414910E-07    0.1073896158E+35    0.7355178424E-02    0.3700677752E+13    0.1443122131E-01
    0.6230000000E+00    0.3692487048E-21    0.2549665916E-22    0.8901027021E-07    0.6436766060E+34    0.4723877742E-02    0.2376767531E+13    0.9931355396E-02
    0.6230000000E+00    0.3956571157E-21    0.2732016250E-22    0.9108358575E-07    0.3736084631E+34    0.2937971843E-02    0.1478208469E+13    0.6618468461E-02
    0.6230000000E+00    0.4239542377E-21    0.2927408154E-22    0.9320519501E-07    0.2101650360E+34    0.1770889205E-02    0.8910035763E+12    0.4274656924E-02
    0.6230000000E+00    0.4542751502E-21    0.3136774352E-22    0.9537622289E-07    0.1146695945E+34    0.1035330959E-02    0.5209154728E+12    0.2677867442E-02
    0.6230000000E+00    0.4867645933E-21    0.3361114274E-22    0.9759782052E-07    0.6073005109E+33    0.5875361193E-03    0.2956123862E+12    0.1628337575E-02
    0.6230000000E+00    0.5215776589E-21    0.3601498832E-22    0.9987116580E-07    0.3124065028E+33    0.3238552853E-03    0.1629442523E+12    0.9617470512E-03
    0.6230000000E+00    0.5588805307E-21    0.3859075526E-22    0.1021974641E-06    0.1561982690E+33    0.1735030607E-03    0.8729617145E+11    0.5520990691E-03
    0.6230000000E+00    0.5988512779E-21    0.4135073927E-22    0.1045779488E-06    0.7595313416E+32    0.9040170539E-04    0.4548463145E+11    0.3082382268E-03
    0.6230000000E+00    0.6416807053E-21    0.4430811541E-22    0.1070138822E-06    0.3594074364E+32    0.4583718966E-04    0.2306248172E+11    0.1674664665E-03
    0.6230000000E+00    0.6875732635E-21    0.4747700104E-22    0.1095065557E-06    0.1655892969E+32    0.2262888660E-04    0.1138547733E+11    0.8858762539E-04
    0.6230000000E+00    0.7367480256E-21    0.5087252317E-22    0.1120572911E-06    0.7431913237E+31    0.1088257214E-04    0.5475447404E+10    0.4565006804E-04
    0.6230000000E+00    0.7894397325E-21    0.5451089068E-22    0.1146674407E-06    0.3251106054E+31    0.5101079132E-05    0.2566552294E+10    0.2292830420E-04
    0.6230000000E+00    0.8458999137E-21    0.5840947171E-22    0.1173383885E-06    0.1387037319E+31    0.2331949118E-05    0.1173294749E+10    0.1123127198E-04
    0.6230000000E+00    0.9063980879E-21    0.6258687655E-22    0.1200715507E-06    0.5774465503E+30    0.1040261954E-05    0.5233964491E+09    0.5368495451E-05
    0.6230000000E+00    0.9712230494E-21    0.6706304648E-22    0.1228683764E-06    0.2346682933E+30    0.4529865829E-06    0.2279152555E+09    0.2504927803E-05
    0.6230000000E+00    0.1040684247E-20    0.7185934897E-22    0.1257303485E-06    0.9310863593E+29    0.1925843039E-06    0.9689669068E+08    0.1141118542E-05
    0.6230000000E+00    0.1115113261E-20    0.7699867968E-22    0.1286589846E-06    0.3607647252E+29    0.7995672375E-07    0.4022935293E+08    0.5076505544E-06
    0.6230000000E+00    0.1194865387E-20    0.8250557175E-22    0.1316558373E-06    0.1365847838E+29    0.3243644452E-07    0.1632004306E+08    0.2206699100E-06
    0.6230000000E+00    0.1280321329E-20    0.8840631292E-22    0.1347224957E-06    0.5056688819E+28    0.1286758816E-07    0.6474186552E+07    0.9380090466E-07
    0.6230000000E+00    0.1371889021E-20    0.9472907100E-22    0.1378605858E-06    0.1831692343E+28    0.4994401516E-08    0.2512878616E+07    0.3901156097E-07
    0.6230000000E+00    0.1470005571E-20    0.1015040283E-21    0.1410717713E-06    0.6491651773E+27    0.1896645387E-08    0.9542764272E+06    0.1587435227E-07
    0.6230000000E+00    0.1575139348E-20    0.1087635259E-21    0.1443577550E-06    0.2250444263E+27    0.7045295042E-09    0.3544763310E+06    0.6318428270E-08
    0.6230000000E+00    0.1687792220E-20    0.1165422177E-21    0.1477202791E-06    0.7633004638E+26    0.2560509846E-09    0.1288292584E+06    0.2460573399E-08
    0.6230000000E+00    0.1808501947E-20    0.1248772362E-21    0.1511611264E-06    0.2535293145E+26    0.9112952489E-10    0.4585082589E+05    0.9383589063E-09
    0.6230000000E+00    0.1937844750E-20    0.1338083694E-21    0.1546821213E-06    0.8253122415E+25    0.3178697576E-10    0.1599326994E+05    0.3507188312E-09
    0.6230000000E+00    0.2076438060E-20    0.1433782510E-21    0.1582851308E-06    0.2633010644E+25    0.1086634623E-10    0.5467283513E+04    0.1284675415E-09
    0.6230000000E+00    0.2224943467E-20    0.1536325639E-21    0.1619720651E-06    0.8228694961E+24    0.3638831011E-11    0.1830838110E+04    0.4609690438E-10
    0.6230000000E+00    0.2384069878E-20    0.1646202581E-21    0.1657448792E-06    0.2519658338E+24    0.1193912719E-11    0.6007041548E+03    0.1620624699E-10
    0.6230000000E+00    0.2554576900E-20    0.1763937846E-21    0.1696055734E-06    0.7566459935E+23    0.3841701885E-12    0.1932910376E+03    0.5587705841E-11
    0.6230000000E+00    0.2737278465E-20    0.1890093455E-21    0.1735561947E-06    0.2229453423E+23    0.1212912097E-12    0.6102634844E+02    0.1890336856E-11
    0.6230000000E+00    0.2933046719E-20    0.2025271626E-21    0.1775988378E-06    0.6443104982E+22    0.3756004739E-13    0.1889792793E+02    0.6272432637E-12
    0.6230000000E+00    0.3142816182E-20    0.2170117645E-21    0.1817356462E-06    0.1826261681E+22    0.1140759070E-13    0.5739604763E+01    0.2041285755E-12
    0.6230000000E+00    0.3367588212E-20    0.2325322952E-21    0.1859688132E-06    0.5090117719E+21    0.3406895011E-14    0.1714142043E+01    0.6532337645E-13
    0.6230000000E+00    0.3608435782E-20    0.2491628434E-21    0.1903005833E-06    0.1349994480E+21    0.9681951810E-15    0.4871368387E+00    0.1989174078E-13
    0.6230000000E+00    0.3866508602E-20    0.2669827968E-21    0.1947332533E-06    0.4857018763E+20    0.3732507637E-15    0.1877970482E+00    0.8216948772E-14
