    0.6340000000E+00    0.4143038610E-23    0.2860772210E-24    0.1992691735E-07   -0.6401161476E+10   -0.5270959833E-28   -0.2652025915E-13   -0.7898463804E-30
    0.6340000000E+00    0.4439345853E-23    0.3065372650E-24    0.2039107488E-07    0.1197617655E+11    0.1056693689E-27    0.5316638971E-13    0.1696688199E-29
    0.6340000000E+00    0.4756844785E-23    0.3284605973E-24    0.2086604403E-07    0.2464969930E+11    0.2330464810E-27    0.1172547935E-12    0.4009548536E-29
    0.6340000000E+00    0.5097051019E-23    0.3519518710E-24    0.2135207663E-07    0.1592924289E+11    0.1613712111E-27    0.8119216370E-13    0.2974945293E-29
    0.6340000000E+00    0.5461588566E-23    0.3771232243E-24    0.2184943039E-07   -0.6618396991E+11   -0.7184288066E-27   -0.3614696133E-12   -0.1419177324E-28
    0.6340000000E+00    0.5852197586E-23    0.4040948153E-24    0.2235836900E-07   -0.1291136347E+12   -0.1501768640E-26   -0.7555985016E-12   -0.3178746952E-28
    0.6340000000E+00    0.6270742692E-23    0.4329953957E-24    0.2287916232E-07   -0.3314605108E+11   -0.4131071571E-27   -0.2078503576E-12   -0.9369483369E-29
    0.6340000000E+00    0.6719221852E-23    0.4639629256E-24    0.2341208647E-07    0.4588472220E+12    0.6127721667E-26    0.3083096281E-11    0.1489196326E-27
    0.6340000000E+00    0.7199775931E-23    0.4971452317E-24    0.2395742402E-07    0.4491684776E+12    0.6427472008E-26    0.3233912394E-11    0.1673759748E-27
    0.6340000000E+00    0.7714698903E-23    0.5327007132E-24    0.2451546411E-07   -0.9353697775E+12   -0.1434214990E-25   -0.7216096196E-11   -0.4001908759E-27
    0.6340000000E+00    0.8266448809E-23    0.5707990981E-24    0.2508650263E-07   -0.1662841366E+13   -0.2732006598E-25   -0.1374579303E-10   -0.8168356226E-27
    0.6340000000E+00    0.8857659485E-23    0.6116222531E-24    0.2567084234E-07    0.1567996888E+13    0.2760426070E-25    0.1388878251E-10    0.8843599079E-27
    0.6340000000E+00    0.9491153137E-23    0.6553650517E-24    0.2626879307E-07    0.4481770336E+13    0.8454355811E-25    0.4253716858E-10    0.2902240827E-26
    0.6340000000E+00    0.1016995382E-22    0.7022363048E-24    0.2688067187E-07   -0.3154774227E+13   -0.6376747317E-25   -0.3208390819E-10   -0.2345590174E-26
    0.6340000000E+00    0.1089730185E-22    0.7524597575E-24    0.2750680315E-07   -0.9735495795E+13   -0.2108574730E-24   -0.1060906363E-09   -0.8310782620E-26
    0.6340000000E+00    0.1167666930E-22    0.8062751566E-24    0.2814751890E-07    0.8575401999E+13    0.1990148172E-24    0.1001321333E-09    0.8405011994E-26
    0.6340000000E+00    0.1251177658E-22    0.8639393956E-24    0.2880315884E-07    0.1808997818E+14    0.4498512866E-24    0.2263377653E-09    0.2035738042E-25
    0.6340000000E+00    0.1340661015E-22    0.9257277409E-24    0.2947407060E-07   -0.2852643705E+14   -0.7601135169E-24   -0.3824428204E-09   -0.3685796736E-25
    0.6340000000E+00    0.1436544159E-22    0.9919351458E-24    0.3016060990E-07   -0.3342160289E+14   -0.9542412770E-24   -0.4801160842E-09   -0.4958052534E-25
    0.6340000000E+00    0.1539284799E-22    0.1062877658E-23    0.3086314075E-07    0.1026641470E+15    0.3140868304E-23    0.1580293609E-08    0.1748649034E-24
    0.6340000000E+00    0.1649373379E-22    0.1138893930E-23    0.3158203565E-07    0.8127991314E+14    0.2664490369E-23    0.1340609250E-08    0.1589523965E-24
    0.6340000000E+00    0.1767335417E-22    0.1220346833E-23    0.3231767576E-07   -0.4297768782E+15   -0.1509642003E-22   -0.7595598981E-08   -0.9649990733E-24
    0.6340000000E+00    0.1893734018E-22    0.1307625190E-23    0.3307045113E-07   -0.3148492335E+15   -0.1185041513E-22   -0.5962407041E-08   -0.8116830741E-24
    0.6340000000E+00    0.2029172559E-22    0.1401145635E-23    0.3384076090E-07    0.3890724426E+16    0.1569138923E-21    0.7894951241E-07    0.1151633583E-22
    0.6340000000E+00    0.2174297571E-22    0.1501354598E-23    0.3462901348E-07    0.1123674732E+17    0.4855920174E-21    0.2443203240E-06    0.3818778461E-22
    0.6340000000E+00    0.2329801823E-22    0.1608730435E-23    0.3543562682E-07    0.1739058730E+16    0.8052767731E-22    0.4051662199E-07    0.6785753795E-23
    0.6340000000E+00    0.2496427630E-22    0.1723785718E-23    0.3626102861E-07   -0.2732661172E+18   -0.1355865811E-19   -0.6821890853E-05   -0.1224248654E-20
    0.6340000000E+00    0.2674970400E-22    0.1847069675E-23    0.3710565646E-07   -0.6664723030E+19   -0.3543341655E-18   -0.1782793683E-03   -0.3428198458E-19
    0.6340000000E+00    0.2866282424E-22    0.1979170815E-23    0.3796995823E-07   -0.1431647661E+21   -0.8155809478E-17   -0.4103506529E-02   -0.8455124317E-18
    0.6340000000E+00    0.3071276952E-22    0.2120719737E-23    0.3885439218E-07   -0.4642880345E+21   -0.2834121177E-16   -0.1425957139E-01   -0.3148265431E-17
    0.6340000000E+00    0.3290932546E-22    0.2272392139E-23    0.3975942724E-07    0.1769181002E+21    0.1157186054E-16    0.5822255338E-02    0.1377387434E-17
    0.6340000000E+00    0.3526297755E-22    0.2434912046E-23    0.4068554327E-07    0.1434972049E+23    0.1005713699E-14    0.5060138715E+00    0.1282706487E-15
    0.6340000000E+00    0.3778496121E-22    0.2609055264E-23    0.4163323131E-07    0.2204630564E+24    0.1655643193E-13    0.8330188034E+01    0.2262661949E-14
    0.6340000000E+00    0.4048731538E-22    0.2795653084E-23    0.4260299385E-07    0.1094166846E+25    0.8804698222E-13    0.4429987819E+02    0.1289339835E-13
    0.6340000000E+00    0.4338294005E-22    0.2995596250E-23    0.4359534505E-07    0.8773806425E+24    0.7565174888E-13    0.3806335181E+02    0.1187057887E-13
    0.6340000000E+00    0.4648565778E-22    0.3209839213E-23    0.4461081109E-07   -0.6217527067E+25   -0.5744452048E-12   -0.2890258355E+03   -0.9658318746E-13
    0.6340000000E+00    0.4981027973E-22    0.3439404683E-23    0.4564993037E-07   -0.8222716395E+26   -0.8140409181E-11   -0.4095758037E+04   -0.1466557722E-11
    0.6340000000E+00    0.5337267633E-22    0.3685388516E-23    0.4671325384E-07   -0.7410560919E+27   -0.7861076193E-10   -0.3955214693E+05   -0.1517521774E-10
    0.6340000000E+00    0.5718985306E-22    0.3948964943E-23    0.4780134531E-07   -0.5324564540E+28   -0.6052224363E-09   -0.3045110636E+06   -0.1251895115E-09
    0.6340000000E+00    0.6128003161E-22    0.4231392172E-23    0.4891478167E-07   -0.1109051932E+29   -0.1350774354E-08   -0.6796273745E+06   -0.2993889258E-09
    0.6340000000E+00    0.6566273690E-22    0.4534018400E-23    0.5005415331E-07   -0.8956381403E+28   -0.1168862709E-08   -0.5881005156E+06   -0.2775980614E-09
    0.6340000000E+00    0.7035889022E-22    0.4858288246E-23    0.5122006431E-07    0.2012849927E+29    0.2814766153E-08    0.1416218871E+07    0.7163004857E-09
    0.6340000000E+00    0.7539090917E-22    0.5205749646E-23    0.5241313287E-07    0.2065798355E+30    0.3095414774E-07    0.1557424161E+08    0.8440570014E-08
    0.6340000000E+00    0.8078281461E-22    0.5578061244E-23    0.5363399157E-07    0.1157861980E+31    0.1859035646E-06    0.9353534966E+08    0.5431760878E-07
    0.6340000000E+00    0.8656034539E-22    0.5977000309E-23    0.5488328773E-07    0.5404745133E+31    0.9298355429E-06    0.4678366055E+09    0.2911113033E-06
    0.6340000000E+00    0.9275108115E-22    0.6404471218E-23    0.5616168372E-07    0.2245942183E+32    0.4140277934E-05    0.2083135657E+10    0.1388936598E-05
    0.6340000000E+00    0.9938457404E-22    0.6862514550E-23    0.5746985739E-07    0.8478452470E+32    0.1674740465E-04    0.8426273872E+10    0.6020054725E-05
    0.6340000000E+00    0.1064924897E-21    0.7353316823E-23    0.5880850233E-07    0.2940419349E+33    0.6223578844E-04    0.3131325773E+11    0.2397138468E-04
    0.6340000000E+00    0.1141087586E-21    0.7879220933E-23    0.6017832832E-07    0.9478609785E+33    0.2149688675E-03    0.1081592396E+12    0.8872142202E-04
    0.6340000000E+00    0.1222697377E-21    0.8442737340E-23    0.6158006166E-07    0.2880701022E+34    0.7000500815E-03    0.3522225584E+12    0.3095865155E-03
    0.6340000000E+00    0.1310143844E-21    0.9046556049E-23    0.6301444556E-07    0.7709755564E+34    0.2007573863E-02    0.1010088879E+13    0.9513152494E-03
    0.6340000000E+00    0.1403844422E-21    0.9693559452E-23    0.6448224056E-07    0.1701416821E+35    0.4747245003E-02    0.2388524513E+13    0.2410430265E-02
    0.6340000000E+00    0.1504246400E-21    0.1038683609E-22    0.6598422489E-07    0.3252003036E+35    0.9722587633E-02    0.4891813858E+13    0.5289745670E-02
    0.6340000000E+00    0.1611829057E-21    0.1112969539E-22    0.6752119493E-07    0.5544281692E+35    0.1776135978E-01    0.8936434331E+13    0.1035450011E-01
    0.6340000000E+00    0.1727105951E-21    0.1192568347E-22    0.6909396560E-07    0.8575384499E+35    0.2943638848E-01    0.1481059760E+14    0.1838812516E-01
    0.6340000000E+00    0.1850627369E-21    0.1277860007E-22    0.7070337081E-07    0.1211893173E+36    0.4457540143E-01    0.2242762675E+14    0.2983652143E-01
    0.6340000000E+00    0.1982982953E-21    0.1369251667E-22    0.7235026388E-07    0.1564665479E+36    0.6166694369E-01    0.3102704971E+14    0.4422881973E-01
    0.6340000000E+00    0.2124804516E-21    0.1467179595E-22    0.7403551802E-07    0.1839012858E+36    0.7766327305E-01    0.3907542824E+14    0.5968546958E-01
    0.6340000000E+00    0.2276769058E-21    0.1572111260E-22    0.7576002677E-07    0.1959693690E+36    0.8867865919E-01    0.4461769956E+14    0.7302508035E-01
    0.6340000000E+00    0.2439602000E-21    0.1684547565E-22    0.7752470448E-07    0.1962065351E+36    0.9513589152E-01    0.4786658553E+14    0.8394548020E-01
    0.6340000000E+00    0.2614080640E-21    0.1805025236E-22    0.7933048683E-07    0.1934226600E+36    0.1004935702E+00    0.5056224307E+14    0.9501478739E-01
    0.6340000000E+00    0.2801037871E-21    0.1934119387E-22    0.8117833125E-07    0.1798393437E+36    0.1001187994E+00    0.5037368123E+14    0.1014304981E+00
    0.6340000000E+00    0.3001366153E-21    0.2072446262E-22    0.8306921749E-07    0.1512550335E+36    0.9022788139E-01    0.4539717380E+14    0.9794757440E-01
    0.6340000000E+00    0.3216021775E-21    0.2220666179E-22    0.8500414813E-07    0.1185412899E+36    0.7577057316E-01    0.3812313695E+14    0.8813603277E-01
    0.6340000000E+00    0.3446029418E-21    0.2379486681E-22    0.8698414910E-07    0.8821439981E+35    0.6041856519E-01    0.3039894169E+14    0.7530491680E-01
    0.6340000000E+00    0.3692487048E-21    0.2549665916E-22    0.8901027021E-07    0.6271372615E+35    0.4602497159E-01    0.2315696216E+14    0.6146762805E-01
    0.6340000000E+00    0.3956571157E-21    0.2732016250E-22    0.9108358575E-07    0.4255682502E+35    0.3346571772E-01    0.1683791064E+14    0.4789090775E-01
    0.6340000000E+00    0.4239542377E-21    0.2927408154E-22    0.9320519501E-07    0.2751168446E+35    0.2318185076E-01    0.1166369521E+14    0.3554684260E-01
    0.6340000000E+00    0.4542751502E-21    0.3136774352E-22    0.9537622289E-07    0.1694196397E+35    0.1529659181E-01    0.7696313228E+13    0.2513318935E-01
    0.6340000000E+00    0.4867645933E-21    0.3361114274E-22    0.9759782052E-07    0.9956052420E+34    0.9632036030E-02    0.4846253808E+13    0.1695785916E-01
    0.6340000000E+00    0.5215776589E-21    0.3601498832E-22    0.9987116580E-07    0.5596987164E+34    0.5802100336E-02    0.2919263462E+13    0.1094556439E-01
    0.6340000000E+00    0.5588805307E-21    0.3859075526E-22    0.1021974641E-06    0.3016304542E+34    0.3350472919E-02    0.1685753883E+13    0.6772656316E-02
    0.6340000000E+00    0.5988512779E-21    0.4135073927E-22    0.1045779488E-06    0.1560603163E+34    0.1857476836E-02    0.9345691982E+12    0.4023243627E-02
    0.6340000000E+00    0.6416807053E-21    0.4430811541E-22    0.1070138822E-06    0.7760786293E+33    0.9897753836E-03    0.4979946822E+12    0.2297151159E-02
    0.6340000000E+00    0.6875732635E-21    0.4747700104E-22    0.1095065557E-06    0.3713763843E+33    0.5075107052E-03    0.2553484725E+12    0.1262112689E-02
    0.6340000000E+00    0.7367480256E-21    0.5087252317E-22    0.1120572911E-06    0.1712214628E+33    0.2507200854E-03    0.1261470747E+12    0.6681008934E-03
    0.6340000000E+00    0.7894397325E-21    0.5451089068E-22    0.1146674407E-06    0.7615151700E+32    0.1194839257E-03    0.6011703322E+11    0.3411633802E-03
    0.6340000000E+00    0.8458999137E-21    0.5840947171E-22    0.1173383885E-06    0.3270957265E+32    0.5499279510E-04    0.2766902468E+11    0.1682514127E-03
    0.6340000000E+00    0.9063980879E-21    0.6258687655E-22    0.1200715507E-06    0.1358312570E+32    0.2446981261E-04    0.1231171916E+11    0.8022016834E-04
    0.6340000000E+00    0.9712230494E-21    0.6706304648E-22    0.1228683764E-06    0.5458582469E+31    0.1053685006E-04    0.5301501111E+10    0.3701380439E-04
    0.6340000000E+00    0.1040684247E-20    0.7185934897E-22    0.1257303485E-06    0.2124931481E+31    0.4395171789E-05    0.2211382718E+10    0.1654355273E-04
    0.6340000000E+00    0.1115113261E-20    0.7699867968E-22    0.1286589846E-06    0.8021459716E+30    0.1777805849E-05    0.8944836105E+09    0.7170298838E-05
    0.6340000000E+00    0.1194865387E-20    0.8250557175E-22    0.1316558373E-06    0.2939583921E+30    0.6980986323E-06    0.3512407080E+09    0.3016961115E-05
    0.6340000000E+00    0.1280321329E-20    0.8840631292E-22    0.1347224957E-06    0.1046790052E+30    0.2663731893E-06    0.1340227631E+09    0.1233512163E-05
    0.6340000000E+00    0.1371889021E-20    0.9472907100E-22    0.1378605858E-06    0.3624119487E+29    0.9881740201E-07    0.4971889736E+08    0.4903276196E-06
    0.6340000000E+00    0.1470005571E-20    0.1015040283E-21    0.1410717713E-06    0.1220029305E+29    0.3564521071E-07    0.1793449875E+08    0.1895195916E-06
    0.6340000000E+00    0.1575139348E-20    0.1087635259E-21    0.1443577550E-06    0.3995328869E+28    0.1250787284E-07    0.6293199711E+07    0.7125845187E-07
    0.6340000000E+00    0.1687792220E-20    0.1165422177E-21    0.1477202791E-06    0.1274781230E+28    0.4276284433E-08    0.2151565842E+07    0.2610474827E-07
    0.6340000000E+00    0.1808501947E-20    0.1248772362E-21    0.1511611264E-06    0.3972209664E+27    0.1427785896E-08    0.7183748912E+06    0.9339336277E-08
    0.6340000000E+00    0.1937844750E-20    0.1338083694E-21    0.1546821213E-06    0.1209984474E+27    0.4660266165E-09    0.2344762060E+06    0.3266356980E-08
    0.6340000000E+00    0.2076438060E-20    0.1433782510E-21    0.1582851308E-06    0.3596467394E+26    0.1484249978E-09    0.7467841778E+05    0.1114705071E-08
    0.6340000000E+00    0.2224943467E-20    0.1536325639E-21    0.1619720651E-06    0.1040383469E+26    0.4600704788E-10    0.2314794404E+05    0.3702348468E-09
    0.6340000000E+00    0.2384069878E-20    0.1646202581E-21    0.1657448792E-06    0.2933095719E+25    0.1389815529E-10    0.6992705154E+04    0.1198422862E-09
    0.6340000000E+00    0.2554576900E-20    0.1763937846E-21    0.1696055734E-06    0.8110439005E+24    0.4117895169E-11    0.2071874013E+04    0.3804768277E-10
    0.6340000000E+00    0.2737278465E-20    0.1890093455E-21    0.1735561947E-06    0.2209537793E+24    0.1202077196E-11    0.6048120218E+03    0.1190105011E-10
    0.6340000000E+00    0.2933046719E-20    0.2025271626E-21    0.1775988378E-06    0.5901937998E+23    0.3440531724E-12    0.1731065988E+03    0.3649879211E-11
    0.6340000000E+00    0.3142816182E-20    0.2170117645E-21    0.1817356462E-06    0.1531074363E+23    0.9563727837E-13    0.4811885286E+02    0.1087126629E-11
    0.6340000000E+00    0.3367588212E-20    0.2325322952E-21    0.1859688132E-06    0.3878679120E+22    0.2596060302E-13    0.1306179408E+02    0.3162042491E-12
    0.6340000000E+00    0.3608435782E-20    0.2491628434E-21    0.1903005833E-06    0.8648176298E+21    0.6202338409E-14    0.3120638880E+01    0.8094842139E-13
    0.6340000000E+00    0.3866508602E-20    0.2669827968E-21    0.1947332533E-06    0.3323768771E+21    0.2554240148E-14    0.1285138054E+01    0.3572026338E-13
