    0.6050000000E+00    0.4143038610E-23    0.2860772210E-24    0.1992691735E-07   -0.1200711370E+31   -0.9887114127E-08   -0.4974593568E+07   -0.6528271655E-09
    0.6050000000E+00    0.4439345853E-23    0.3065372650E-24    0.2039107488E-07   -0.1022880422E+31   -0.9025178292E-08   -0.4540919960E+07   -0.6385346379E-09
    0.6050000000E+00    0.4756844785E-23    0.3284605973E-24    0.2086604403E-07    0.2000862478E+31    0.1891682141E-07    0.9517792241E+07    0.1434091410E-08
    0.6050000000E+00    0.5097051019E-23    0.3519518710E-24    0.2135207663E-07    0.6069471205E+31    0.6148678414E-07    0.3093640439E+08    0.4994711984E-08
    0.6050000000E+00    0.5461588566E-23    0.3771232243E-24    0.2184943039E-07    0.5150752186E+31    0.5591155609E-07    0.2813128925E+08    0.4866651529E-08
    0.6050000000E+00    0.5852197586E-23    0.4040948153E-24    0.2235836900E-07   -0.9145795920E+31   -0.1063781492E-06   -0.5352300481E+08   -0.9921585995E-08
    0.6050000000E+00    0.6270742692E-23    0.4329953957E-24    0.2287916232E-07   -0.4164771966E+32   -0.5190654846E-06   -0.2611621337E+09   -0.5187412953E-07
    0.6050000000E+00    0.6719221852E-23    0.4639629256E-24    0.2341208647E-07   -0.4273786119E+32   -0.5707470928E-06   -0.2871651708E+09   -0.6111845662E-07
    0.6050000000E+00    0.7199775931E-23    0.4971452317E-24    0.2395742402E-07   -0.2334197253E+30   -0.3340169281E-08   -0.1680569720E+07   -0.3832632238E-09
    0.6050000000E+00    0.7714698903E-23    0.5327007132E-24    0.2451546411E-07    0.2457802121E+33    0.3768580863E-05    0.1896120332E+10    0.4633471641E-06
    0.6050000000E+00    0.8266448809E-23    0.5707990981E-24    0.2508650263E-07    0.1053458433E+34    0.1730805745E-04    0.8708360212E+10    0.2280221304E-05
    0.6050000000E+00    0.8857659485E-23    0.6116222531E-24    0.2567084234E-07    0.2229131894E+34    0.3924340564E-04    0.1974489126E+11    0.5539816256E-05
    0.6050000000E+00    0.9491153137E-23    0.6553650517E-24    0.2626879307E-07    0.3556265199E+34    0.6708494435E-04    0.3375305760E+11    0.1014737557E-04
    0.6050000000E+00    0.1016995382E-22    0.7022363048E-24    0.2688067187E-07    0.5200404460E+34    0.1051158112E-03    0.5288787318E+11    0.1703714097E-04
    0.6050000000E+00    0.1089730185E-22    0.7524597575E-24    0.2750680315E-07    0.7497949587E+34    0.1623952941E-03    0.8170741987E+11    0.2820344181E-04
    0.6050000000E+00    0.1167666930E-22    0.8062751566E-24    0.2814751890E-07    0.1080328451E+35    0.2507187059E-03    0.1261463806E+12    0.4665684934E-04
    0.6050000000E+00    0.1251177658E-22    0.8639393956E-24    0.2880315884E-07    0.1550584874E+35    0.3855906258E-03    0.1940057151E+12    0.7688739339E-04
    0.6050000000E+00    0.1340661015E-22    0.9257277409E-24    0.2947407060E-07    0.2207828565E+35    0.5882965097E-03    0.2959949684E+12    0.1256970087E-03
    0.6050000000E+00    0.1436544159E-22    0.9919351458E-24    0.3016060990E-07    0.3106776145E+35    0.8870352645E-03    0.4463021125E+12    0.2030811231E-03
    0.6050000000E+00    0.1539284799E-22    0.1062877658E-23    0.3086314075E-07    0.4309569860E+35    0.1318453596E-02    0.6633655378E+12    0.3234398448E-03
    0.6050000000E+00    0.1649373379E-22    0.1138893930E-23    0.3158203565E-07    0.5888338125E+35    0.1930294905E-02    0.9712068149E+12    0.5074021874E-03
    0.6050000000E+00    0.1767335417E-22    0.1220346833E-23    0.3231767576E-07    0.7918306107E+35    0.2781398465E-02    0.1399430282E+13    0.7834149978E-03
    0.6050000000E+00    0.1893734018E-22    0.1307625190E-23    0.3307045113E-07    0.1046222205E+36    0.3937810903E-02    0.1981266580E+13    0.1188457150E-02
    0.6050000000E+00    0.2029172559E-22    0.1401145635E-23    0.3384076090E-07    0.1356449606E+36    0.5470595294E-02    0.2752470318E+13    0.1769144303E-02
    0.6050000000E+00    0.2174297571E-22    0.1501354598E-23    0.3462901348E-07    0.1724756801E+36    0.7453474844E-02    0.3750134523E+13    0.2582780274E-02
    0.6050000000E+00    0.2329801823E-22    0.1608730435E-23    0.3543562682E-07    0.2149562785E+36    0.9953620043E-02    0.5008055294E+13    0.3695810792E-02
    0.6050000000E+00    0.2496427630E-22    0.1723785718E-23    0.3626102861E-07    0.2624665957E+36    0.1302281773E-01    0.6552288616E+13    0.5181239085E-02
    0.6050000000E+00    0.2674970400E-22    0.1847069675E-23    0.3710565646E-07    0.3138387301E+36    0.1668543224E-01    0.8395093133E+13    0.7113218224E-02
    0.6050000000E+00    0.2866282424E-22    0.1979170815E-23    0.3796995823E-07    0.3670607091E+36    0.2091071212E-01    0.1052099659E+14    0.9552069945E-02
    0.6050000000E+00    0.3071276952E-22    0.2120719737E-23    0.3885439218E-07    0.4195794717E+36    0.2561209804E-01    0.1288644761E+14    0.1253642845E-01
    0.6050000000E+00    0.3290932546E-22    0.2272392139E-23    0.3975942724E-07    0.4693771125E+36    0.3070102200E-01    0.1544688416E+14    0.1610206234E-01
    0.6050000000E+00    0.3526297755E-22    0.2434912046E-23    0.4068554327E-07    0.5148381933E+36    0.3608292050E-01    0.1815472765E+14    0.2027824437E-01
    0.6050000000E+00    0.3778496121E-22    0.2609055264E-23    0.4163323131E-07    0.5528228502E+36    0.4151613444E-01    0.2088838995E+14    0.2500032074E-01
    0.6050000000E+00    0.4048731538E-22    0.2795653084E-23    0.4260299385E-07    0.5779701250E+36    0.4650892639E-01    0.2340045873E+14    0.3000993019E-01
    0.6050000000E+00    0.4338294005E-22    0.2995596250E-23    0.4359534505E-07    0.5855342312E+36    0.5048742413E-01    0.2540219645E+14    0.3490694843E-01
    0.6050000000E+00    0.4648565778E-22    0.3209839213E-23    0.4461081109E-07    0.5849162111E+36    0.5404114997E-01    0.2719021482E+14    0.4003623713E-01
    0.6050000000E+00    0.4981027973E-22    0.3439404683E-23    0.4564993037E-07    0.5790170344E+36    0.5732212272E-01    0.2884100045E+14    0.4550414256E-01
    0.6050000000E+00    0.5337267633E-22    0.3685388516E-23    0.4671325384E-07    0.5567235624E+36    0.5905688368E-01    0.2971382650E+14    0.5023416609E-01
    0.6050000000E+00    0.5718985306E-22    0.3948964943E-23    0.4780134531E-07    0.5193304018E+36    0.5903025659E-01    0.2970042936E+14    0.5380260971E-01
    0.6050000000E+00    0.6128003161E-22    0.4231392172E-23    0.4891478167E-07    0.4745836797E+36    0.5780211413E-01    0.2908250289E+14    0.5645109805E-01
    0.6050000000E+00    0.6566273690E-22    0.4534018400E-23    0.5005415331E-07    0.4250983537E+36    0.5547794261E-01    0.2791312136E+14    0.5805625502E-01
    0.6050000000E+00    0.7035889022E-22    0.4858288246E-23    0.5122006431E-07    0.3727632553E+36    0.5212715464E-01    0.2622720896E+14    0.5845110024E-01
    0.6050000000E+00    0.7539090917E-22    0.5205749646E-23    0.5241313287E-07    0.3198695276E+36    0.4792959871E-01    0.2411525450E+14    0.5758806202E-01
    0.6050000000E+00    0.8078281461E-22    0.5578061244E-23    0.5363399157E-07    0.2686683907E+36    0.4313675759E-01    0.2170378880E+14    0.5553620107E-01
    0.6050000000E+00    0.8656034539E-22    0.5977000309E-23    0.5488328773E-07    0.2209470521E+36    0.3801186126E-01    0.1912525315E+14    0.5243820370E-01
    0.6050000000E+00    0.9275108115E-22    0.6404471218E-23    0.5616168372E-07    0.1779278057E+36    0.3280006821E-01    0.1650299635E+14    0.4848455541E-01
    0.6050000000E+00    0.9938457404E-22    0.6862514550E-23    0.5746985739E-07    0.1403093390E+36    0.2771516717E-01    0.1394458389E+14    0.4389814546E-01
    0.6050000000E+00    0.1064924897E-21    0.7353316823E-23    0.5880850233E-07    0.1083501099E+36    0.2293296880E-01    0.1153847297E+14    0.3892144459E-01
    0.6050000000E+00    0.1141087586E-21    0.7879220933E-23    0.6017832832E-07    0.8195396819E+35    0.1858664100E-01    0.9351665573E+13    0.3380100253E-01
    0.6050000000E+00    0.1222697377E-21    0.8442737340E-23    0.6158006166E-07    0.6073984684E+35    0.1476062056E-01    0.7426645143E+13    0.2876294078E-01
    0.6050000000E+00    0.1310143844E-21    0.9046556049E-23    0.6301444556E-07    0.4412184061E+35    0.1148906127E-01    0.5780595788E+13    0.2398905920E-01
    0.6050000000E+00    0.1403844422E-21    0.9693559452E-23    0.6448224056E-07    0.3141344826E+35    0.8764891321E-02    0.4409959411E+13    0.1960989220E-01
    0.6050000000E+00    0.1504246400E-21    0.1038683609E-22    0.6598422489E-07    0.2192054245E+35    0.6553634561E-02    0.3297389705E+13    0.1571125552E-01
    0.6050000000E+00    0.1611829057E-21    0.1112969539E-22    0.6752119493E-07    0.1499447625E+35    0.4803548993E-02    0.2416853251E+13    0.1233931057E-01
    0.6050000000E+00    0.1727105951E-21    0.1192568347E-22    0.6909396560E-07    0.1005707593E+35    0.3452253297E-02    0.1736963570E+13    0.9502356588E-02
    0.6050000000E+00    0.1850627369E-21    0.1277860007E-22    0.7070337081E-07    0.6615430148E+34    0.2433262774E-02    0.1224269609E+13    0.7176582517E-02
    0.6050000000E+00    0.1982982953E-21    0.1369251667E-22    0.7235026388E-07    0.4268083813E+34    0.1682146681E-02    0.8463537442E+12    0.5316092559E-02
    0.6050000000E+00    0.2124804516E-21    0.1467179595E-22    0.7403551802E-07    0.2700992672E+34    0.1140655056E-02    0.5739081427E+12    0.3862629034E-02
    0.6050000000E+00    0.2276769058E-21    0.1572111260E-22    0.7576002677E-07    0.1676740759E+34    0.7587467527E-03    0.3817551479E+12    0.2753122376E-02
    0.6050000000E+00    0.2439602000E-21    0.1684547565E-22    0.7752470448E-07    0.1021227477E+34    0.4951689628E-03    0.2491388595E+12    0.1925227631E-02
    0.6050000000E+00    0.2614080640E-21    0.1805025236E-22    0.7933048683E-07    0.6103354185E+33    0.3171023768E-03    0.1595466001E+12    0.1321077111E-02
    0.6050000000E+00    0.2801037871E-21    0.1934119387E-22    0.8117833125E-07    0.3579810334E+33    0.1992924937E-03    0.1002718432E+12    0.8896508788E-03
    0.6050000000E+00    0.3001366153E-21    0.2072446262E-22    0.8306921749E-07    0.2060762134E+33    0.1229302570E-03    0.6185101720E+11    0.5880137213E-03
    0.6050000000E+00    0.3216021775E-21    0.2220666179E-22    0.8500414813E-07    0.1164396966E+33    0.7442725279E-04    0.3744725997E+11    0.3814702374E-03
    0.6050000000E+00    0.3446029418E-21    0.2379486681E-22    0.8698414910E-07    0.6458268883E+32    0.4423306630E-04    0.2225538456E+11    0.2429269610E-03
    0.6050000000E+00    0.3692487048E-21    0.2549665916E-22    0.8901027021E-07    0.3516520618E+32    0.2580739042E-04    0.1298470684E+11    0.1518702692E-03
    0.6050000000E+00    0.3956571157E-21    0.2732016250E-22    0.9108358575E-07    0.1879930580E+32    0.1478334582E-04    0.7438079107E+10    0.9321834903E-04
    0.6050000000E+00    0.4239542377E-21    0.2927408154E-22    0.9320519501E-07    0.9868868962E+31    0.8315690296E-05    0.4183948818E+10    0.5618585282E-04
    0.6050000000E+00    0.4542751502E-21    0.3136774352E-22    0.9537622289E-07    0.5088027215E+31    0.4593887436E-05    0.2311364327E+10    0.3325898722E-04
    0.6050000000E+00    0.4867645933E-21    0.3361114274E-22    0.9759782052E-07    0.2576386009E+31    0.2492538389E-05    0.1254093488E+10    0.1933617316E-04
    0.6050000000E+00    0.5215776589E-21    0.3601498832E-22    0.9987116580E-07    0.1281294738E+31    0.1328250434E-05    0.6682947098E+09    0.1104100578E-04
    0.6050000000E+00    0.5588805307E-21    0.3859075526E-22    0.1021974641E-06    0.6258560582E+30    0.6951929902E-06    0.3497787659E+09    0.6192044305E-05
    0.6050000000E+00    0.5988512779E-21    0.4135073927E-22    0.1045779488E-06    0.3002805709E+30    0.3574029697E-06    0.1798234036E+09    0.3411040121E-05
    0.6050000000E+00    0.6416807053E-21    0.4430811541E-22    0.1070138822E-06    0.1415365897E+30    0.1805093287E-06    0.9082129871E+08    0.1845985655E-05
    0.6050000000E+00    0.6875732635E-21    0.4747700104E-22    0.1095065557E-06    0.6554834722E+29    0.8957620714E-07    0.4506929102E+08    0.9815701442E-06
    0.6050000000E+00    0.7367480256E-21    0.5087252317E-22    0.1120572911E-06    0.2982873763E+29    0.4367830716E-07    0.2197626355E+08    0.5128548522E-06
    0.6050000000E+00    0.7894397325E-21    0.5451089068E-22    0.1146674407E-06    0.1333751360E+29    0.2092694338E-07    0.1052916317E+08    0.2632900640E-06
    0.6050000000E+00    0.8458999137E-21    0.5840947171E-22    0.1173383885E-06    0.5859742872E+28    0.9851661549E-08    0.4956755990E+07    0.1328122561E-06
    0.6050000000E+00    0.9063980879E-21    0.6258687655E-22    0.1200715507E-06    0.2529854713E+28    0.4557498188E-08    0.2293055474E+07    0.6583474769E-07
    0.6050000000E+00    0.9712230494E-21    0.6706304648E-22    0.1228683764E-06    0.1073486853E+28    0.2072180841E-08    0.1042595175E+07    0.3207423632E-07
    0.6050000000E+00    0.1040684247E-20    0.7185934897E-22    0.1257303485E-06    0.4477217700E+27    0.9260600215E-09    0.4659369931E+06    0.1535917210E-07
    0.6050000000E+00    0.1115113261E-20    0.7699867968E-22    0.1286589846E-06    0.1835293562E+27    0.4067583389E-09    0.2046560190E+06    0.7228782134E-08
    0.6050000000E+00    0.1194865387E-20    0.8250557175E-22    0.1316558373E-06    0.7394126421E+26    0.1755972845E-09    0.8834985728E+05    0.3343847528E-08
    0.6050000000E+00    0.1280321329E-20    0.8840631292E-22    0.1347224957E-06    0.2928294621E+26    0.7451534106E-10    0.3749158062E+05    0.1520457777E-08
    0.6050000000E+00    0.1371889021E-20    0.9472907100E-22    0.1378605858E-06    0.1140125685E+26    0.3108734648E-10    0.1564125911E+05    0.6796922600E-09
    0.6050000000E+00    0.1470005571E-20    0.1015040283E-21    0.1410717713E-06    0.4364149198E+25    0.1275059682E-10    0.6415323634E+04    0.2987164808E-09
    0.6050000000E+00    0.1575139348E-20    0.1087635259E-21    0.1443577550E-06    0.1642193406E+25    0.5141090250E-11    0.2586683451E+04    0.1290576933E-09
    0.6050000000E+00    0.1687792220E-20    0.1165422177E-21    0.1477202791E-06    0.6074967813E+24    0.2037862629E-11    0.1025328341E+04    0.5481552474E-10
    0.6050000000E+00    0.1808501947E-20    0.1248772362E-21    0.1511611264E-06    0.2209676230E+24    0.7942542872E-12    0.3996203764E+03    0.2289223727E-10
    0.6050000000E+00    0.1937844750E-20    0.1338083694E-21    0.1546821213E-06    0.7903555439E+23    0.3044061538E-12    0.1531586341E+03    0.9401174169E-11
    0.6050000000E+00    0.2076438060E-20    0.1433782510E-21    0.1582851308E-06    0.2779776353E+23    0.1147204337E-12    0.5772033418E+02    0.3796378025E-11
    0.6050000000E+00    0.2224943467E-20    0.1536325639E-21    0.1619720651E-06    0.9613510667E+22    0.4251213698E-13    0.2138951776E+02    0.1507445457E-11
    0.6050000000E+00    0.2384069878E-20    0.1646202581E-21    0.1657448792E-06    0.3269418998E+22    0.1549178659E-13    0.7794523353E+01    0.5886134431E-12
    0.6050000000E+00    0.2554576900E-20    0.1763937846E-21    0.1696055734E-06    0.1093437000E+22    0.5551683378E-14    0.2793268902E+01    0.2260233775E-12
    0.6050000000E+00    0.2737278465E-20    0.1890093455E-21    0.1735561947E-06    0.3596248743E+21    0.1956503580E-14    0.9843934238E+00    0.8535113835E-13
    0.6050000000E+00    0.2933046719E-20    0.2025271626E-21    0.1775988378E-06    0.1163245306E+21    0.6781132535E-15    0.3411852828E+00    0.3169793010E-13
    0.6050000000E+00    0.3142816182E-20    0.2170117645E-21    0.1817356462E-06    0.3700827056E+20    0.2311690639E-15    0.1163101916E+00    0.1157866224E-13
    0.6050000000E+00    0.3367588212E-20    0.2325322952E-21    0.1859688132E-06    0.1158818934E+20    0.7756155480E-16    0.3902424981E-01    0.4162700615E-14
    0.6050000000E+00    0.3608435782E-20    0.2491628434E-21    0.1903005833E-06    0.3520826813E+19    0.2525082586E-16    0.1270467745E-01    0.1452125853E-14
    0.6050000000E+00    0.3866508602E-20    0.2669827968E-21    0.1947332533E-06    0.1323608248E+19    0.1017162613E-16    0.5117742677E-02    0.6267856711E-15
