    0.6470000000E+00    0.4143038610E-23    0.2860772210E-24    0.1992691735E-07    0.4278444931E+04    0.3523034291E-34    0.1772576254E-19    0.3749368563E-36
    0.6470000000E+00    0.4439345853E-23    0.3065372650E-24    0.2039107488E-07    0.5331525454E+04    0.4704163533E-34    0.2366848542E-19    0.5364431132E-36
    0.6470000000E+00    0.4756844785E-23    0.3284605973E-24    0.2086604403E-07   -0.2974482695E+04   -0.2812175177E-34   -0.1414915249E-19   -0.3436241146E-36
    0.6470000000E+00    0.5097051019E-23    0.3519518710E-24    0.2135207663E-07   -0.2641531887E+05   -0.2676004143E-33   -0.1346402280E-18   -0.3503709130E-35
    0.6470000000E+00    0.5461588566E-23    0.3771232243E-24    0.2184943039E-07   -0.2622976016E+05   -0.2847247651E-33   -0.1432561582E-18   -0.3994537538E-35
    0.6470000000E+00    0.5852197586E-23    0.4040948153E-24    0.2235836900E-07    0.2831029043E+05    0.3292875029E-33    0.1656774133E-18    0.4950128946E-35
    0.6470000000E+00    0.6270742692E-23    0.4329953957E-24    0.2287916232E-07    0.1323055162E+06    0.1648955271E-32    0.8296538486E-18    0.2656134964E-34
    0.6470000000E+00    0.6719221852E-23    0.4639629256E-24    0.2341208647E-07    0.8466985442E+05    0.1130732141E-32    0.5689155361E-18    0.1951645796E-34
    0.6470000000E+00    0.7199775931E-23    0.4971452317E-24    0.2395742402E-07   -0.3691660087E+06   -0.5282659639E-32   -0.2657912544E-17   -0.9769984920E-34
    0.6470000000E+00    0.7714698903E-23    0.5327007132E-24    0.2451546411E-07   -0.4415560090E+06   -0.6770437342E-32   -0.3406471658E-17   -0.1341707930E-33
    0.6470000000E+00    0.8266448809E-23    0.5707990981E-24    0.2508650263E-07    0.6797298777E+06    0.1116779115E-31    0.5618952238E-17    0.2371420376E-33
    0.6470000000E+00    0.8857659485E-23    0.6116222531E-24    0.2567084234E-07    0.1396657595E+07    0.2458786791E-31    0.1237111739E-16    0.5594511033E-33
    0.6470000000E+00    0.9491153137E-23    0.6553650517E-24    0.2626879307E-07   -0.1274892568E+07   -0.2404941481E-31   -0.1210020059E-16   -0.5863349424E-33
    0.6470000000E+00    0.1016995382E-22    0.7022363048E-24    0.2688067187E-07   -0.3291687309E+07   -0.6653489823E-31   -0.3347630790E-16   -0.1738164038E-32
    0.6470000000E+00    0.1089730185E-22    0.7524597575E-24    0.2750680315E-07    0.2918661374E+07    0.6321419831E-31    0.3180553398E-16    0.1769521720E-32
    0.6470000000E+00    0.1167666930E-22    0.8062751566E-24    0.2814751890E-07    0.6183287032E+07    0.1434994812E-30    0.7220019788E-16    0.4304191588E-32
    0.6470000000E+00    0.1251177658E-22    0.8639393956E-24    0.2880315884E-07   -0.7514739552E+07   -0.1868722683E-30   -0.9402274233E-16   -0.6006010962E-32
    0.6470000000E+00    0.1340661015E-22    0.9257277409E-24    0.2947407060E-07   -0.1014744584E+08   -0.2703881572E-30   -0.1360428504E-15   -0.9311699005E-32
    0.6470000000E+00    0.1436544159E-22    0.9919351458E-24    0.3016060990E-07    0.1954568932E+08    0.5580613114E-30    0.2807824583E-15    0.2059316877E-31
    0.6470000000E+00    0.1539284799E-22    0.1062877658E-23    0.3086314075E-07    0.1578354669E+08    0.4828758918E-30    0.2429537350E-15    0.1909311492E-31
    0.6470000000E+00    0.1649373379E-22    0.1138893930E-23    0.3158203565E-07   -0.6261538634E+08   -0.2052636222E-29   -0.1032761513E-14   -0.8696675226E-31
    0.6470000000E+00    0.1767335417E-22    0.1220346833E-23    0.3231767576E-07    0.1139018015E+08    0.4000935193E-30    0.2013026878E-15    0.1816363559E-31
    0.6470000000E+00    0.1893734018E-22    0.1307625190E-23    0.3307045113E-07    0.6044826627E+08    0.2275174823E-29    0.1144729382E-14    0.1106766580E-30
    0.6470000000E+00    0.2029172559E-22    0.1401145635E-23    0.3384076090E-07   -0.1776666007E+10   -0.7165338584E-28   -0.3605161908E-13   -0.3734891417E-29
    0.6470000000E+00    0.2174297571E-22    0.1501354598E-23    0.3462901348E-07   -0.2462812465E+10   -0.1064295601E-27   -0.5354887161E-13   -0.5944338473E-29
    0.6470000000E+00    0.2329801823E-22    0.1608730435E-23    0.3543562682E-07    0.4960715692E+10    0.2297075456E-27    0.1155748446E-12    0.1374727198E-28
    0.6470000000E+00    0.2496427630E-22    0.1723785718E-23    0.3626102861E-07   -0.2111381642E+11   -0.1047605247E-26   -0.5270911468E-12   -0.6717983430E-28
    0.6470000000E+00    0.2674970400E-22    0.1847069675E-23    0.3710565646E-07   -0.6015390314E+11   -0.3198119858E-26   -0.1609099103E-11   -0.2197536005E-27
    0.6470000000E+00    0.2866282424E-22    0.1979170815E-23    0.3796995823E-07    0.8073065591E+12    0.4599063488E-25    0.2313968601E-10    0.3386184896E-26
    0.6470000000E+00    0.3071276952E-22    0.2120719737E-23    0.3885439218E-07    0.1755522524E+14    0.1071611412E-23    0.5391695867E-09    0.8454318271E-25
    0.6470000000E+00    0.3290932546E-22    0.2272392139E-23    0.3975942724E-07    0.1417025886E+14    0.9268484073E-24    0.4663336608E-09    0.7835197919E-25
    0.6470000000E+00    0.3526297755E-22    0.2434912046E-23    0.4068554327E-07   -0.4917021540E+15   -0.3446140936E-22   -0.1733888202E-07   -0.3121578768E-23
    0.6470000000E+00    0.3778496121E-22    0.2609055264E-23    0.4163323131E-07   -0.1522149502E+17   -0.1143110552E-20   -0.5751435989E-06   -0.1109505597E-21
    0.6470000000E+00    0.4048731538E-22    0.2795653084E-23    0.4260299385E-07   -0.3796331880E+18   -0.3054886617E-19   -0.1537032861E-04   -0.3177140051E-20
    0.6470000000E+00    0.4338294005E-22    0.2995596250E-23    0.4359534505E-07   -0.3027137108E+19   -0.2610135274E-18   -0.1313261077E-03   -0.2908735820E-19
    0.6470000000E+00    0.4648565778E-22    0.3209839213E-23    0.4461081109E-07   -0.1839125874E+19   -0.1699191701E-18   -0.8549297600E-04   -0.2029007450E-19
    0.6470000000E+00    0.4981027973E-22    0.3439404683E-23    0.4564993037E-07    0.5139537767E+20    0.5088092355E-17    0.2560018138E-02    0.6510228755E-18
    0.6470000000E+00    0.5337267633E-22    0.3685388516E-23    0.4671325384E-07    0.9822775338E+21    0.1041993801E-15    0.5242678087E-01    0.1428586029E-16
    0.6470000000E+00    0.5718985306E-22    0.3948964943E-23    0.4780134531E-07    0.1424918570E+23    0.1619649235E-14    0.8149088362E+00    0.2379371381E-15
    0.6470000000E+00    0.6128003161E-22    0.4231392172E-23    0.4891478167E-07    0.3557178120E+23    0.4332479698E-14    0.2179839877E+01    0.6819896749E-15
    0.6470000000E+00    0.6566273690E-22    0.4534018400E-23    0.5005415331E-07   -0.2391664336E+21   -0.3121268658E-16   -0.1570432261E-01   -0.5264685285E-17
    0.6470000000E+00    0.7035889022E-22    0.4858288246E-23    0.5122006431E-07   -0.5990063315E+24   -0.8376495062E-13   -0.4214542072E+02   -0.1513922349E-13
    0.6470000000E+00    0.7539090917E-22    0.5205749646E-23    0.5241313287E-07   -0.7002206427E+25   -0.1049218244E-11   -0.5279027087E+03   -0.2031922302E-12
    0.6470000000E+00    0.8078281461E-22    0.5578061244E-23    0.5363399157E-07   -0.6574371925E+26   -0.1055565514E-10   -0.5310962684E+04   -0.2190415261E-11
    0.6470000000E+00    0.8656034539E-22    0.5977000309E-23    0.5488328773E-07   -0.5506369754E+27   -0.9473191026E-10   -0.4766332678E+05   -0.2106384054E-10
    0.6470000000E+00    0.9275108115E-22    0.6404471218E-23    0.5616168372E-07   -0.1696155881E+28   -0.3126775400E-09   -0.1573202918E+06   -0.7449685690E-10
    0.6470000000E+00    0.9938457404E-22    0.6862514550E-23    0.5746985739E-07   -0.1611078268E+28   -0.3182347223E-09   -0.1601163274E+06   -0.8124353780E-10
    0.6470000000E+00    0.1064924897E-21    0.7353316823E-23    0.5880850233E-07    0.1801285961E+28    0.3812532796E-09    0.1918234267E+06    0.1042929259E-09
    0.6470000000E+00    0.1141087586E-21    0.7879220933E-23    0.6017832832E-07    0.2719263122E+29    0.6167116561E-08    0.3102917392E+07    0.1807687772E-08
    0.6470000000E+00    0.1222697377E-21    0.8442737340E-23    0.6158006166E-07    0.1720592174E+30    0.4181276304E-07    0.2103763539E+08    0.1313258228E-07
    0.6470000000E+00    0.1310143844E-21    0.9046556049E-23    0.6301444556E-07    0.8971723051E+30    0.2336182588E-06    0.1175424773E+09    0.7862271668E-07
    0.6470000000E+00    0.1403844422E-21    0.9693559452E-23    0.6448224056E-07    0.4198382823E+31    0.1171420879E-05    0.5893876306E+09    0.4224294850E-06
    0.6470000000E+00    0.1504246400E-21    0.1038683609E-22    0.6598422489E-07    0.1807609871E+32    0.5404252451E-05    0.2719090640E+10    0.2088223080E-05
    0.6470000000E+00    0.1611829057E-21    0.1112969539E-22    0.6752119493E-07    0.7245630976E+32    0.2321170996E-04    0.1167871854E+11    0.9610553455E-05
    0.6470000000E+00    0.1727105951E-21    0.1192568347E-22    0.6909396560E-07    0.2724632281E+33    0.9352739143E-04    0.4705728627E+11    0.4149350149E-04
    0.6470000000E+00    0.1850627369E-21    0.1277860007E-22    0.7070337081E-07    0.9657123586E+33    0.3552047078E-03    0.1787173721E+12    0.1688573528E-03
    0.6470000000E+00    0.1982982953E-21    0.1369251667E-22    0.7235026388E-07    0.3231132839E+34    0.1273461258E-02    0.6407281338E+12    0.6486747610E-03
    0.6470000000E+00    0.2124804516E-21    0.1467179595E-22    0.7403551802E-07    0.9822753440E+34    0.4148242789E-02    0.2087143087E+13    0.2264151224E-02
    0.6470000000E+00    0.2276769058E-21    0.1572111260E-22    0.7576002677E-07    0.2298874097E+35    0.1040270087E-01    0.5234005413E+13    0.6083974344E-02
    0.6470000000E+00    0.2439602000E-21    0.1684547565E-22    0.7752470448E-07    0.4397285731E+35    0.2132139473E-01    0.1072762706E+14    0.1336155100E-01
    0.6470000000E+00    0.2614080640E-21    0.1805025236E-22    0.7933048683E-07    0.7256539308E+35    0.3770166030E-01    0.1896917892E+14    0.2531638779E-01
    0.6470000000E+00    0.2801037871E-21    0.1934119387E-22    0.8117833125E-07    0.1050760903E+36    0.5849716632E-01    0.2943221081E+14    0.4208972538E-01
    0.6470000000E+00    0.3001366153E-21    0.2072446262E-22    0.8306921749E-07    0.1341601426E+36    0.8003029819E-01    0.4026637111E+14    0.6170149663E-01
    0.6470000000E+00    0.3216021775E-21    0.2220666179E-22    0.8500414813E-07    0.1512226145E+36    0.9666019482E-01    0.4863352211E+14    0.7985257576E-01
    0.6470000000E+00    0.3446029418E-21    0.2379486681E-22    0.8698414910E-07    0.1533876056E+36    0.1050560801E+00    0.5285782013E+14    0.9299561168E-01
    0.6470000000E+00    0.3692487048E-21    0.2549665916E-22    0.8901027021E-07    0.1519048715E+36    0.1114814543E+00    0.5609067706E+14    0.1057411158E+00
    0.6470000000E+00    0.3956571157E-21    0.2732016250E-22    0.9108358575E-07    0.1430555690E+36    0.1124956406E+00    0.5660095383E+14    0.1143344104E+00
    0.6470000000E+00    0.4239542377E-21    0.2927408154E-22    0.9320519501E-07    0.1193763866E+36    0.1005887365E+00    0.5061012497E+14    0.1095445098E+00
    0.6470000000E+00    0.4542751502E-21    0.3136774352E-22    0.9537622289E-07    0.9036287404E+35    0.8158699909E-01    0.4104960818E+14    0.9520554045E-01
    0.6470000000E+00    0.4867645933E-21    0.3361114274E-22    0.9759782052E-07    0.6368212467E+35    0.6160961126E-01    0.3099820352E+14    0.7703529179E-01
    0.6470000000E+00    0.5215776589E-21    0.3601498832E-22    0.9987116580E-07    0.4235064831E+35    0.4390267541E-01    0.2208915199E+14    0.5882097922E-01
    0.6470000000E+00    0.5588805307E-21    0.3859075526E-22    0.1021974641E-06    0.2665064262E+35    0.2960319660E-01    0.1489452529E+14    0.4249911366E-01
    0.6470000000E+00    0.5988512779E-21    0.4135073927E-22    0.1045779488E-06    0.1583201099E+35    0.1884373580E-01    0.9481020013E+13    0.2898733368E-01
    0.6470000000E+00    0.6416807053E-21    0.4430811541E-22    0.1070138822E-06    0.8859337555E+34    0.1129879615E-01    0.5684865970E+13    0.1862402031E-01
    0.6470000000E+00    0.6875732635E-21    0.4747700104E-22    0.1095065557E-06    0.4672143177E+34    0.6384796608E-02    0.3212440732E+13    0.1127686368E-01
    0.6470000000E+00    0.7367480256E-21    0.5087252317E-22    0.1120572911E-06    0.2328759769E+34    0.3410009695E-02    0.1715709162E+13    0.6453523221E-02
    0.6470000000E+00    0.7894397325E-21    0.5451089068E-22    0.1146674407E-06    0.1100985589E+34    0.1727478132E-02    0.8691617689E+12    0.3503110379E-02
    0.6470000000E+00    0.8458999137E-21    0.5840947171E-22    0.1173383885E-06    0.4951203754E+33    0.8324184987E-03    0.4188222829E+12    0.1808768501E-02
    0.6470000000E+00    0.9063980879E-21    0.6258687655E-22    0.1200715507E-06    0.2121468530E+33    0.3821796143E-03    0.1922895019E+12    0.8898335601E-03
    0.6470000000E+00    0.9712230494E-21    0.6706304648E-22    0.1228683764E-06    0.8670584006E+32    0.1673706390E-03    0.8421071038E+11    0.4175615851E-03
    0.6470000000E+00    0.1040684247E-20    0.7185934897E-22    0.1257303485E-06    0.3384928106E+32    0.7001327174E-04    0.3522641357E+11    0.1871637061E-03
    0.6470000000E+00    0.1115113261E-20    0.7699867968E-22    0.1286589846E-06    0.1264668487E+32    0.2802900110E-04    0.1410248601E+11    0.8028767544E-04
    0.6470000000E+00    0.1194865387E-20    0.8250557175E-22    0.1316558373E-06    0.4531658358E+31    0.1076187851E-04    0.5414721718E+10    0.3303158003E-04
    0.6470000000E+00    0.1280321329E-20    0.8840631292E-22    0.1347224957E-06    0.1560342185E+31    0.3970550957E-05    0.1997739381E+10    0.1305846223E-04
    0.6470000000E+00    0.1371889021E-20    0.9472907100E-22    0.1378605858E-06    0.5171165454E+30    0.1410000795E-05    0.7094265115E+09    0.4968904167E-05
    0.6470000000E+00    0.1470005571E-20    0.1015040283E-21    0.1410717713E-06    0.1652537469E+30    0.4828166510E-06    0.2429239286E+09    0.1823154621E-05
    0.6470000000E+00    0.1575139348E-20    0.1087635259E-21    0.1443577550E-06    0.5103212879E+29    0.1597624121E-06    0.8038271408E+08    0.6464216187E-06
    0.6470000000E+00    0.1687792220E-20    0.1165422177E-21    0.1477202791E-06    0.1525668843E+29    0.5117892990E-07    0.2575012003E+08    0.2218873096E-06
    0.6470000000E+00    0.1808501947E-20    0.1248772362E-21    0.1511611264E-06    0.4417069483E+28    0.1587687973E-07    0.7988278761E+07    0.7375753912E-07
    0.6470000000E+00    0.1937844750E-20    0.1338083694E-21    0.1546821213E-06    0.1237030740E+28    0.4764435104E-08    0.2397173525E+07    0.2371661367E-07
    0.6470000000E+00    0.2076438060E-20    0.1433782510E-21    0.1582851308E-06    0.3353706942E+27    0.1384063557E-08    0.6963764735E+06    0.7382395312E-08
    0.6470000000E+00    0.2224943467E-20    0.1536325639E-21    0.1619720651E-06    0.8864877733E+26    0.3920158926E-09    0.1972385180E+06    0.2240499944E-08
    0.6470000000E+00    0.2384069878E-20    0.1646202581E-21    0.1657448792E-06    0.2310054471E+26    0.1094594205E-09    0.5507331281E+05    0.6703388776E-09
    0.6470000000E+00    0.2554576900E-20    0.1763937846E-21    0.1696055734E-06    0.5931656219E+25    0.3011666628E-10    0.1515287195E+05    0.1976278564E-09
    0.6470000000E+00    0.2737278465E-20    0.1890093455E-21    0.1735561947E-06    0.1466439139E+25    0.7978017181E-11    0.4014052275E+04    0.5609656009E-10
    0.6470000000E+00    0.2933046719E-20    0.2025271626E-21    0.1775988378E-06    0.3317060451E+24    0.1933678686E-11    0.9729093273E+03    0.1456886012E-10
    0.6470000000E+00    0.3142816182E-20    0.2170117645E-21    0.1817356462E-06    0.7983939207E+23    0.4987100788E-12    0.2509205334E+03    0.4026144971E-11
    0.6470000000E+00    0.3367588212E-20    0.2325322952E-21    0.1859688132E-06    0.2002678747E+23    0.1340424055E-12    0.6744197342E+02    0.1159533970E-11
    0.6470000000E+00    0.3608435782E-20    0.2491628434E-21    0.1903005833E-06    0.3988343237E+22    0.2860378141E-13    0.1439168045E+02    0.2651335665E-12
    0.6470000000E+00    0.3866508602E-20    0.2669827968E-21    0.1947332533E-06    0.1527922540E+22    0.1174173465E-13    0.5907725644E+01    0.1166201310E-12
