    0.6060000000E+00    0.4143038610E-23    0.2860772210E-24    0.1992691735E-07    0.1182599058E+30    0.9737970457E-09    0.4899553558E+06    0.6074351783E-10
    0.6060000000E+00    0.4439345853E-23    0.3065372650E-24    0.2039107488E-07   -0.4456143215E+30   -0.3931787738E-08   -0.1978236090E+07   -0.2627976945E-09
    0.6060000000E+00    0.4756844785E-23    0.3284605973E-24    0.2086604403E-07   -0.6524955280E+30   -0.6168910414E-08   -0.3103819949E+07   -0.4418144851E-09
    0.6060000000E+00    0.5097051019E-23    0.3519518710E-24    0.2135207663E-07   -0.2090183767E+30   -0.2117460875E-08   -0.1065377330E+07   -0.1624975739E-09
    0.6060000000E+00    0.5461588566E-23    0.3771232243E-24    0.2184943039E-07    0.2528923623E+31    0.2745153521E-07    0.1381194034E+08    0.2257345960E-08
    0.6060000000E+00    0.5852197586E-23    0.4040948153E-24    0.2235836900E-07    0.3778782839E+31    0.4395242669E-07    0.2211418381E+08    0.3872704366E-08
    0.6060000000E+00    0.6270742692E-23    0.4329953957E-24    0.2287916232E-07    0.9726159607E+30    0.1212194519E-07    0.6099024427E+07    0.1144468392E-08
    0.6060000000E+00    0.6719221852E-23    0.4639629256E-24    0.2341208647E-07   -0.1747885252E+32   -0.2334231050E-06   -0.1174442878E+09   -0.2361431372E-07
    0.6060000000E+00    0.7199775931E-23    0.4971452317E-24    0.2395742402E-07   -0.3145017425E+32   -0.4500429678E-06   -0.2264342076E+09   -0.4878490536E-07
    0.6060000000E+00    0.7714698903E-23    0.5327007132E-24    0.2451546411E-07   -0.2304598642E+32   -0.3533671920E-06   -0.1777928461E+09   -0.4104475922E-07
    0.6060000000E+00    0.8266448809E-23    0.5707990981E-24    0.2508650263E-07    0.5070700629E+32    0.8331033767E-06    0.4191668718E+09    0.1036884498E-06
    0.6060000000E+00    0.8857659485E-23    0.6116222531E-24    0.2567084234E-07    0.3957132905E+33    0.6966450583E-05    0.3505093581E+10    0.9290584712E-06
    0.6060000000E+00    0.9491153137E-23    0.6553650517E-24    0.2626879307E-07    0.1285266032E+34    0.2424509854E-04    0.1219865673E+11    0.3464618663E-05
    0.6060000000E+00    0.1016995382E-22    0.7022363048E-24    0.2688067187E-07    0.2458358335E+34    0.4969081395E-04    0.2500139073E+11    0.7608649837E-05
    0.6060000000E+00    0.1089730185E-22    0.7524597575E-24    0.2750680315E-07    0.3852953438E+34    0.8344968172E-04    0.4198679661E+11    0.1369166207E-04
    0.6060000000E+00    0.1167666930E-22    0.8062751566E-24    0.2814751890E-07    0.5692790934E+34    0.1321162258E-03    0.6647283715E+11    0.2322670722E-04
    0.6060000000E+00    0.1251177658E-22    0.8639393956E-24    0.2880315884E-07    0.8331320588E+34    0.2071785410E-03    0.1042396218E+12    0.3902799648E-04
    0.6060000000E+00    0.1340661015E-22    0.9257277409E-24    0.2947407060E-07    0.1216680252E+35    0.3241957991E-03    0.1631155781E+12    0.6543933386E-04
    0.6060000000E+00    0.1436544159E-22    0.9919351458E-24    0.3016060990E-07    0.1765571776E+35    0.5040995404E-03    0.2536321822E+12    0.1090304459E-03
    0.6060000000E+00    0.1539284799E-22    0.1062877658E-23    0.3086314075E-07    0.2532797051E+35    0.7748744049E-03    0.3898696001E+12    0.1795819995E-03
    0.6060000000E+00    0.1649373379E-22    0.1138893930E-23    0.3158203565E-07    0.3580158668E+35    0.1173635394E-02    0.5905018399E+12    0.2914504198E-03
    0.6060000000E+00    0.1767335417E-22    0.1220346833E-23    0.3231767576E-07    0.4980449967E+35    0.1749441826E-02    0.8802125619E+12    0.4655121197E-03
    0.6060000000E+00    0.1893734018E-22    0.1307625190E-23    0.3307045113E-07    0.6811568477E+35    0.2563764035E-02    0.1289929894E+13    0.7309868053E-03
    0.6060000000E+00    0.2029172559E-22    0.1401145635E-23    0.3384076090E-07    0.9143675231E+35    0.3687667163E-02    0.1855409487E+13    0.1126634907E-02
    0.6060000000E+00    0.2174297571E-22    0.1501354598E-23    0.3462901348E-07    0.1203137941E+36    0.5199317593E-02    0.2615979903E+13    0.1702071631E-02
    0.6060000000E+00    0.2329801823E-22    0.1608730435E-23    0.3543562682E-07    0.1550534254E+36    0.7179799045E-02    0.3612437531E+13    0.2518510558E-02
    0.6060000000E+00    0.2496427630E-22    0.1723785718E-23    0.3626102861E-07    0.1955946528E+36    0.9704829318E-02    0.4882878956E+13    0.3647702313E-02
    0.6060000000E+00    0.2674970400E-22    0.1847069675E-23    0.3710565646E-07    0.2414430930E+36    0.1283647295E-01    0.6458531270E+13    0.5169841122E-02
    0.6060000000E+00    0.2866282424E-22    0.1979170815E-23    0.3796995823E-07    0.2914777362E+36    0.1660490181E-01    0.8354575125E+13    0.7165851413E-02
    0.6060000000E+00    0.3071276952E-22    0.2120719737E-23    0.3885439218E-07    0.3436705940E+36    0.2097844519E-01    0.1055507574E+14    0.9700738204E-02
    0.6060000000E+00    0.3290932546E-22    0.2272392139E-23    0.3975942724E-07    0.3955324705E+36    0.2587099105E-01    0.1301670680E+14    0.1281871679E-01
    0.6060000000E+00    0.3526297755E-22    0.2434912046E-23    0.4068554327E-07    0.4450787813E+36    0.3119376630E-01    0.1569480308E+14    0.1656148597E-01
    0.6060000000E+00    0.3778496121E-22    0.2609055264E-23    0.4163323131E-07    0.4904825274E+36    0.3683447336E-01    0.1853286327E+14    0.2095491733E-01
    0.6060000000E+00    0.4048731538E-22    0.2795653084E-23    0.4260299385E-07    0.5283180613E+36    0.4251345314E-01    0.2139017997E+14    0.2591539715E-01
    0.6060000000E+00    0.4338294005E-22    0.2995596250E-23    0.4359534505E-07    0.5531885725E+36    0.4769843434E-01    0.2399894667E+14    0.3115556352E-01
    0.6060000000E+00    0.4648565778E-22    0.3209839213E-23    0.4461081109E-07    0.5605345496E+36    0.5178849736E-01    0.2605681724E+14    0.3624639317E-01
    0.6060000000E+00    0.4981027973E-22    0.3439404683E-23    0.4564993037E-07    0.5599180507E+36    0.5543134192E-01    0.2788967473E+14    0.4157065614E-01
    0.6060000000E+00    0.5337267633E-22    0.3685388516E-23    0.4671325384E-07    0.5541146200E+36    0.5878012872E-01    0.2957458026E+14    0.4723479335E-01
    0.6060000000E+00    0.5718985306E-22    0.3948964943E-23    0.4780134531E-07    0.5319867365E+36    0.6046885268E-01    0.3042424329E+14    0.5206707915E-01
    0.6060000000E+00    0.6128003161E-22    0.4231392172E-23    0.4891478167E-07    0.4945717511E+36    0.6023656950E-01    0.3030737254E+14    0.5557656712E-01
    0.6060000000E+00    0.6566273690E-22    0.4534018400E-23    0.5005415331E-07    0.4499591142E+36    0.5872242435E-01    0.2954554693E+14    0.5805444318E-01
    0.6060000000E+00    0.7035889022E-22    0.4858288246E-23    0.5122006431E-07    0.4010017112E+36    0.5607601584E-01    0.2821403538E+14    0.5940303531E-01
    0.6060000000E+00    0.7539090917E-22    0.5205749646E-23    0.5241313287E-07    0.3496329643E+36    0.5238938451E-01    0.2635914706E+14    0.5946682931E-01
    0.6060000000E+00    0.8078281461E-22    0.5578061244E-23    0.5363399157E-07    0.2980979974E+36    0.4786190522E-01    0.2408119526E+14    0.5821319947E-01
    0.6060000000E+00    0.8656034539E-22    0.5977000309E-23    0.5488328773E-07    0.2485887896E+36    0.4276736209E-01    0.2151793149E+14    0.5573704634E-01
    0.6060000000E+00    0.9275108115E-22    0.6404471218E-23    0.5616168372E-07    0.2028223544E+36    0.3738924915E-01    0.1881199266E+14    0.5221294992E-01
    0.6060000000E+00    0.9938457404E-22    0.6862514550E-23    0.5746985739E-07    0.1619293705E+36    0.3198575095E-01    0.1609328151E+14    0.4786169096E-01
    0.6060000000E+00    0.1064924897E-21    0.7353316823E-23    0.5880850233E-07    0.1265100471E+36    0.2677663147E-01    0.1347236989E+14    0.4293262354E-01
    0.6060000000E+00    0.1141087586E-21    0.7879220933E-23    0.6017832832E-07    0.9673004696E+35    0.2193776210E-01    0.1103774558E+14    0.3768979796E-01
    0.6060000000E+00    0.1222697377E-21    0.8442737340E-23    0.6158006166E-07    0.7240518795E+35    0.1759545935E-01    0.8852963342E+13    0.3239157727E-01
    0.6060000000E+00    0.1310143844E-21    0.9046556049E-23    0.6301444556E-07    0.5307821101E+35    0.1382124612E-01    0.6954009143E+13    0.2726331663E-01
    0.6060000000E+00    0.1403844422E-21    0.9693559452E-23    0.6448224056E-07    0.3811472542E+35    0.1063466269E-01    0.5350714467E+13    0.2247787264E-01
    0.6060000000E+00    0.1504246400E-21    0.1038683609E-22    0.6598422489E-07    0.2681075500E+35    0.8015672559E-02    0.4032998168E+13    0.1815396337E-01
    0.6060000000E+00    0.1611829057E-21    0.1112969539E-22    0.6752119493E-07    0.1847524775E+35    0.5918630049E-02    0.2977894115E+13    0.1436324874E-01
    0.6060000000E+00    0.1727105951E-21    0.1192568347E-22    0.6909396560E-07    0.1247474967E+35    0.4282158746E-02    0.2154521439E+13    0.1113510329E-01
    0.6060000000E+00    0.1850627369E-21    0.1277860007E-22    0.7070337081E-07    0.8255671087E+34    0.3036570061E-02    0.1527817086E+13    0.8460865529E-02
    0.6060000000E+00    0.1982982953E-21    0.1369251667E-22    0.7235026388E-07    0.5355934751E+34    0.2110892911E-02    0.1062072731E+13    0.6302279913E-02
    0.6060000000E+00    0.2124804516E-21    0.1467179595E-22    0.7403551802E-07    0.3406629710E+34    0.1438652331E-02    0.7238422192E+12    0.4602431575E-02
    0.6060000000E+00    0.2276769058E-21    0.1572111260E-22    0.7576002677E-07    0.2124496402E+34    0.9613619381E-03    0.4836987672E+12    0.3295477953E-02
    0.6060000000E+00    0.2439602000E-21    0.1684547565E-22    0.7752470448E-07    0.1299217090E+34    0.6299595276E-03    0.3169572612E+12    0.2313897600E-02
    0.6060000000E+00    0.2614080640E-21    0.1805025236E-22    0.7933048683E-07    0.7792552637E+33    0.4048654047E-03    0.2037036098E+12    0.1593463630E-02
    0.6060000000E+00    0.2801037871E-21    0.1934119387E-22    0.8117833125E-07    0.4584875371E+33    0.2552457143E-03    0.1284240955E+12    0.1076440293E-02
    0.6060000000E+00    0.3001366153E-21    0.2072446262E-22    0.8306921749E-07    0.2646537658E+33    0.1578734145E-03    0.7943228550E+11    0.7134121292E-03
    0.6060000000E+00    0.3216021775E-21    0.2220666179E-22    0.8500414813E-07    0.1498878381E+33    0.9580701727E-04    0.4820425513E+11    0.4639047363E-03
    0.6060000000E+00    0.3446029418E-21    0.2379486681E-22    0.8698414910E-07    0.8329690666E+32    0.5705054499E-04    0.2870435908E+11    0.2959997092E-03
    0.6060000000E+00    0.3692487048E-21    0.2549665916E-22    0.8901027021E-07    0.4542647203E+32    0.3333803001E-04    0.1677366596E+11    0.1853409651E-03
    0.6060000000E+00    0.3956571157E-21    0.2732016250E-22    0.9108358575E-07    0.2431409027E+32    0.1912004670E-04    0.9620042827E+10    0.1138991375E-03
    0.6060000000E+00    0.4239542377E-21    0.2927408154E-22    0.9320519501E-07    0.1277441626E+32    0.1076395783E-04    0.5415767909E+10    0.6870739370E-04
    0.6060000000E+00    0.4542751502E-21    0.3136774352E-22    0.9537622289E-07    0.6589155474E+31    0.5949228899E-05    0.2993289593E+10    0.4069041936E-04
    0.6060000000E+00    0.4867645933E-21    0.3361114274E-22    0.9759782052E-07    0.3337124896E+31    0.3228519284E-05    0.1624394243E+10    0.2366109677E-04
    0.6060000000E+00    0.5215776589E-21    0.3601498832E-22    0.9987116580E-07    0.1659513337E+31    0.1720329636E-05    0.8655650811E+09    0.1350962076E-04
    0.6060000000E+00    0.5588805307E-21    0.3859075526E-22    0.1021974641E-06    0.8103216085E+30    0.9000949894E-06    0.4528729706E+09    0.7573904608E-05
    0.6060000000E+00    0.5988512779E-21    0.4135073927E-22    0.1045779488E-06    0.3885353779E+30    0.4624464962E-06    0.2326749076E+09    0.4169586426E-05
    0.6060000000E+00    0.6416807053E-21    0.4430811541E-22    0.1070138822E-06    0.1829615518E+30    0.2333408411E-06    0.1174028976E+09    0.2254354684E-05
    0.6060000000E+00    0.6875732635E-21    0.4747700104E-22    0.1095065557E-06    0.8462889261E+29    0.1156510505E-06    0.5818856388E+08    0.1197239588E-05
    0.6060000000E+00    0.7367480256E-21    0.5087252317E-22    0.1120572911E-06    0.3845558366E+29    0.5631062287E-07    0.2833207534E+08    0.6246285318E-06
    0.6060000000E+00    0.7894397325E-21    0.5451089068E-22    0.1146674407E-06    0.1716673729E+29    0.2693510575E-07    0.1355210450E+08    0.3201475421E-06
    0.6060000000E+00    0.8458999137E-21    0.5840947171E-22    0.1173383885E-06    0.7528191992E+28    0.1265673276E-07    0.6368096957E+07    0.1611955681E-06
    0.6060000000E+00    0.9063980879E-21    0.6258687655E-22    0.1200715507E-06    0.3243359641E+28    0.5842867424E-08    0.2939774977E+07    0.7973656435E-07
    0.6060000000E+00    0.9712230494E-21    0.6706304648E-22    0.1228683764E-06    0.1373013612E+28    0.2650365482E-08    0.1333502467E+07    0.3875584886E-07
    0.6060000000E+00    0.1040684247E-20    0.7185934897E-22    0.1257303485E-06    0.5711996769E+27    0.1181459604E-08    0.5944385057E+06    0.1851187307E-07
    0.6060000000E+00    0.1115113261E-20    0.7699867968E-22    0.1286589846E-06    0.2335234339E+27    0.5175608198E-09    0.2604050780E+06    0.8689461812E-08
    0.6060000000E+00    0.1194865387E-20    0.8250557175E-22    0.1316558373E-06    0.9381704508E+26    0.2227987110E-09    0.1120987399E+06    0.4008151797E-08
    0.6060000000E+00    0.1280321329E-20    0.8840631292E-22    0.1347224957E-06    0.3704073540E+26    0.9425632966E-10    0.4742404359E+05    0.1816945963E-08
    0.6060000000E+00    0.1371889021E-20    0.9472907100E-22    0.1378605858E-06    0.1437485403E+26    0.3919533378E-10    0.1972070442E+05    0.8095913401E-09
    0.6060000000E+00    0.1470005571E-20    0.1015040283E-21    0.1410717713E-06    0.5483883004E+25    0.1602208770E-10    0.8061338567E+04    0.3546096840E-09
    0.6060000000E+00    0.1575139348E-20    0.1087635259E-21    0.1443577550E-06    0.2056393359E+25    0.6437794604E-11    0.3239106095E+04    0.1526752372E-09
    0.6060000000E+00    0.1687792220E-20    0.1165422177E-21    0.1477202791E-06    0.7579597108E+24    0.2542594161E-11    0.1279278503E+04    0.6461130787E-10
    0.6060000000E+00    0.1808501947E-20    0.1248772362E-21    0.1511611264E-06    0.2746418731E+24    0.9871830190E-12    0.4966903622E+03    0.2687999373E-10
    0.6060000000E+00    0.1937844750E-20    0.1338083694E-21    0.1546821213E-06    0.9784542344E+23    0.3768525350E-12    0.1896092401E+03    0.1099519479E-10
    0.6060000000E+00    0.2076438060E-20    0.1433782510E-21    0.1582851308E-06    0.3427496018E+23    0.1414516060E-12    0.7116983181E+02    0.4422210074E-11
    0.6060000000E+00    0.2224943467E-20    0.1536325639E-21    0.1619720651E-06    0.1180463959E+23    0.5220158093E-13    0.2626465573E+02    0.1748699326E-11
    0.6060000000E+00    0.2384069878E-20    0.1646202581E-21    0.1657448792E-06    0.3997444036E+22    0.1894145411E-13    0.9530185917E+01    0.6798996273E-12
    0.6060000000E+00    0.2554576900E-20    0.1763937846E-21    0.1696055734E-06    0.1331066052E+22    0.6758192079E-14    0.3400310588E+01    0.2599333583E-12
    0.6060000000E+00    0.2737278465E-20    0.1890093455E-21    0.1735561947E-06    0.4358263887E+21    0.2371070387E-14    0.1192978188E+01    0.9771830684E-13
    0.6060000000E+00    0.2933046719E-20    0.2025271626E-21    0.1775988378E-06    0.1403276638E+21    0.8180393954E-15    0.4115875940E+00    0.3612482117E-13
    0.6060000000E+00    0.3142816182E-20    0.2170117645E-21    0.1817356462E-06    0.4443532213E+20    0.2775615198E-15    0.1396520495E+00    0.1313381044E-13
    0.6060000000E+00    0.3367588212E-20    0.2325322952E-21    0.1859688132E-06    0.1384897758E+20    0.9269336237E-16    0.4663765365E-01    0.4699808073E-14
    0.6060000000E+00    0.3608435782E-20    0.2491628434E-21    0.1903005833E-06    0.4184231447E+19    0.3000866139E-16    0.1509853047E-01    0.1630339722E-14
    0.6060000000E+00    0.3866508602E-20    0.2669827968E-21    0.1947332533E-06    0.1570190194E+19    0.1206655188E-16    0.6071153890E-02    0.7024487945E-15
