    0.6570000000E+00    0.4143038610E-23    0.2860772210E-24    0.1992691735E-07   -0.1221598468E+01   -0.1005910643E-37   -0.5061129620E-23   -0.8996842083E-40
    0.6570000000E+00    0.4439345853E-23    0.3065372650E-24    0.2039107488E-07   -0.1812946982E+01   -0.1599617061E-37   -0.8048298667E-23   -0.1533016121E-39
    0.6570000000E+00    0.4756844785E-23    0.3284605973E-24    0.2086604403E-07    0.2372683899E+00    0.2243214518E-38    0.1128648903E-23    0.2303570463E-40
    0.6570000000E+00    0.5097051019E-23    0.3519518710E-24    0.2135207663E-07    0.8262304065E+01    0.8370127962E-37    0.4211338535E-22    0.9210067046E-39
    0.6570000000E+00    0.5461588566E-23    0.3771232243E-24    0.2184943039E-07    0.9124027442E+01    0.9904156785E-37    0.4983168395E-22    0.1167745496E-38
    0.6570000000E+00    0.5852197586E-23    0.4040948153E-24    0.2235836900E-07   -0.5099913224E+01   -0.5931898489E-37   -0.2984569986E-22   -0.7494184911E-39
    0.6570000000E+00    0.6270742692E-23    0.4329953957E-24    0.2287916232E-07   -0.4292889076E+02   -0.5350330263E-36   -0.2691960280E-21   -0.7242879919E-38
    0.6570000000E+00    0.6719221852E-23    0.4639629256E-24    0.2341208647E-07   -0.3322368311E+02   -0.4436890388E-36   -0.2232372976E-21   -0.6435901578E-38
    0.6570000000E+00    0.7199775931E-23    0.4971452317E-24    0.2395742402E-07    0.1052775219E+03    0.1506491125E-35    0.7579745682E-21    0.2341516766E-37
    0.6570000000E+00    0.7714698903E-23    0.5327007132E-24    0.2451546411E-07    0.1534890474E+03    0.2353468093E-35    0.1184121786E-20    0.3919575271E-37
    0.6570000000E+00    0.8266448809E-23    0.5707990981E-24    0.2508650263E-07   -0.1699035692E+03   -0.2791472965E-35   -0.1404499157E-20   -0.4981545717E-37
    0.6570000000E+00    0.8857659485E-23    0.6116222531E-24    0.2567084234E-07   -0.4715466684E+03   -0.8301481506E-35   -0.4176799820E-20   -0.1587399718E-36
    0.6570000000E+00    0.9491153137E-23    0.6553650517E-24    0.2626879307E-07    0.2949673617E+03    0.5564227619E-35    0.2799580400E-20    0.1140080669E-36
    0.6570000000E+00    0.1016995382E-22    0.7022363048E-24    0.2688067187E-07    0.1093687933E+04    0.2210672172E-34    0.1112275577E-19    0.4853500051E-36
    0.6570000000E+00    0.1089730185E-22    0.7524597575E-24    0.2750680315E-07   -0.7656283439E+03   -0.1658245879E-34   -0.8343283165E-20   -0.3901032971E-36
    0.6570000000E+00    0.1167666930E-22    0.8062751566E-24    0.2814751890E-07   -0.1866708355E+04   -0.4332189000E-34   -0.2179693615E-19   -0.1092038851E-35
    0.6570000000E+00    0.1251177658E-22    0.8639393956E-24    0.2880315884E-07    0.1899055133E+04    0.4722462273E-34    0.2376055353E-19    0.1275555005E-35
    0.6570000000E+00    0.1340661015E-22    0.9257277409E-24    0.2947407060E-07    0.1957197336E+04    0.5215134817E-34    0.2623938167E-19    0.1509371808E-35
    0.6570000000E+00    0.1436544159E-22    0.9919351458E-24    0.3016060990E-07   -0.2422593965E+04   -0.6916900923E-34   -0.3480163210E-19   -0.2145073853E-35
    0.6570000000E+00    0.1539284799E-22    0.1062877658E-23    0.3086314075E-07   -0.3095867414E+04   -0.9471380341E-34   -0.4765421651E-19   -0.3147342245E-35
    0.6570000000E+00    0.1649373379E-22    0.1138893930E-23    0.3158203565E-07   -0.3785226011E+04   -0.1240859870E-33   -0.6243251015E-19   -0.4418282023E-35
    0.6570000000E+00    0.1767335417E-22    0.1220346833E-23    0.3231767576E-07   -0.1773141036E+04   -0.6228367139E-34   -0.3133734951E-19   -0.2376319867E-35
    0.6570000000E+00    0.1893734018E-22    0.1307625190E-23    0.3307045113E-07    0.2269435455E+05    0.8541787429E-33    0.4297707123E-18    0.3492041961E-34
    0.6570000000E+00    0.2029172559E-22    0.1401145635E-23    0.3384076090E-07    0.2988522318E+05    0.1205278549E-32    0.6064227481E-18    0.5279807901E-34
    0.6570000000E+00    0.2174297571E-22    0.1501354598E-23    0.3462901348E-07   -0.6918558040E+05   -0.2989830118E-32   -0.1504300394E-17   -0.1403386216E-33
    0.6570000000E+00    0.2329801823E-22    0.1608730435E-23    0.3543562682E-07   -0.1466769147E+07   -0.6791922004E-31   -0.3417281431E-16   -0.3416043435E-32
    0.6570000000E+00    0.2496427630E-22    0.1723785718E-23    0.3626102861E-07   -0.9859762760E+07   -0.4892123242E-30   -0.2461418418E-15   -0.2636501868E-31
    0.6570000000E+00    0.2674970400E-22    0.1847069675E-23    0.3710565646E-07   -0.4112284637E+08   -0.2186321830E-29   -0.1100023968E-14   -0.1262538950E-30
    0.6570000000E+00    0.2866282424E-22    0.1979170815E-23    0.3796995823E-07   -0.3518787526E+09   -0.2004582652E-28   -0.1008583884E-13   -0.1240379734E-29
    0.6570000000E+00    0.3071276952E-22    0.2120719737E-23    0.3885439218E-07   -0.1026431744E+10   -0.6265575951E-28   -0.3152456159E-13   -0.4154241052E-29
    0.6570000000E+00    0.3290932546E-22    0.2272392139E-23    0.3975942724E-07    0.3935603175E+10    0.2574199645E-27    0.1295180458E-12    0.1828828244E-28
    0.6570000000E+00    0.3526297755E-22    0.2434912046E-23    0.4068554327E-07    0.2513663682E+12    0.1761724907E-25    0.8863926600E-11    0.1341123549E-26
    0.6570000000E+00    0.3778496121E-22    0.2609055264E-23    0.4163323131E-07    0.6717711578E+12    0.5044896695E-25    0.2538284714E-10    0.4115124431E-26
    0.6570000000E+00    0.4048731538E-22    0.2795653084E-23    0.4260299385E-07   -0.3096647500E+13   -0.2491854586E-24   -0.1253749439E-09   -0.2177977502E-25
    0.6570000000E+00    0.4338294005E-22    0.2995596250E-23    0.4359534505E-07   -0.1395236369E+15   -0.1203036246E-22   -0.6052945575E-08   -0.1126702885E-23
    0.6570000000E+00    0.4648565778E-22    0.3209839213E-23    0.4461081109E-07   -0.4001218645E+16   -0.3696776610E-21   -0.1859992806E-06   -0.3709829086E-22
    0.6570000000E+00    0.4981027973E-22    0.3439404683E-23    0.4564993037E-07   -0.9830943262E+17   -0.9732538123E-20   -0.4896820339E-05   -0.1046542351E-20
    0.6570000000E+00    0.5337267633E-22    0.3685388516E-23    0.4671325384E-07   -0.2515501917E+18   -0.2668428537E-19   -0.1342590696E-04   -0.3074583348E-20
    0.6570000000E+00    0.5718985306E-22    0.3948964943E-23    0.4780134531E-07    0.4052177412E+18    0.4605951656E-19    0.2317434308E-04    0.5686565809E-20
    0.6570000000E+00    0.6128003161E-22    0.4231392172E-23    0.4891478167E-07    0.1589529396E+20    0.1935973854E-17    0.9740641162E-03    0.2561121500E-18
    0.6570000000E+00    0.6566273690E-22    0.4534018400E-23    0.5005415331E-07    0.2814985195E+21    0.3673728344E-16    0.1848396322E-01    0.5207601378E-17
    0.6570000000E+00    0.7035889022E-22    0.4858288246E-23    0.5122006431E-07    0.3407185287E+22    0.4764602515E-15    0.2397257756E+00    0.7236979957E-16
    0.6570000000E+00    0.7539090917E-22    0.5205749646E-23    0.5241313287E-07    0.5389274983E+22    0.8075348383E-15    0.4063023407E+00    0.1314292295E-15
    0.6570000000E+00    0.8078281461E-22    0.5578061244E-23    0.5363399157E-07   -0.7742035563E+22   -0.1243042810E-14   -0.6254234236E+00   -0.2167787861E-15
    0.6570000000E+00    0.8656034539E-22    0.5977000309E-23    0.5488328773E-07   -0.2013779640E+24   -0.3464518379E-13   -0.1743134612E+02   -0.6474012950E-14
    0.6570000000E+00    0.9275108115E-22    0.6404471218E-23    0.5616168372E-07   -0.2282727589E+25   -0.4208089923E-12   -0.2117254519E+03   -0.8425888463E-13
    0.6570000000E+00    0.9938457404E-22    0.6862514550E-23    0.5746985739E-07   -0.2193329141E+26   -0.4332461705E-11   -0.2179830824E+04   -0.9295343147E-12
    0.6570000000E+00    0.1064924897E-21    0.7353316823E-23    0.5880850233E-07   -0.1901393335E+27   -0.4024416224E-10   -0.2024841102E+05   -0.9251956567E-11
    0.6570000000E+00    0.1141087586E-21    0.7879220933E-23    0.6017832832E-07   -0.6399191974E+27   -0.1451296216E-09   -0.7302038521E+05   -0.3575088171E-10
    0.6570000000E+00    0.1222697377E-21    0.8442737340E-23    0.6158006166E-07   -0.6140137321E+27   -0.1492138059E-09   -0.7507529799E+05   -0.3938580280E-10
    0.6570000000E+00    0.1310143844E-21    0.9046556049E-23    0.6301444556E-07    0.7432570485E+27    0.1935396540E-09    0.9737736468E+05    0.5473947836E-10
    0.6570000000E+00    0.1403844422E-21    0.9693559452E-23    0.6448224056E-07    0.1132523262E+29    0.3159934315E-08    0.1589886464E+07    0.9576542697E-09
    0.6570000000E+00    0.1504246400E-21    0.1038683609E-22    0.6598422489E-07    0.7473767251E+29    0.2234449238E-07    0.1124238748E+08    0.7256065376E-08
    0.6570000000E+00    0.1611829057E-21    0.1112969539E-22    0.6752119493E-07    0.4101715881E+30    0.1314003428E-06    0.6611264841E+08    0.4572220772E-07
    0.6570000000E+00    0.1727105951E-21    0.1192568347E-22    0.6909396560E-07    0.2033512392E+31    0.6980358811E-06    0.3512091354E+09    0.2602606088E-06
    0.6570000000E+00    0.1850627369E-21    0.1277860007E-22    0.7070337081E-07    0.9319641768E+31    0.3427915778E-05    0.1724718412E+10    0.1369496218E-05
    0.6570000000E+00    0.1982982953E-21    0.1369251667E-22    0.7235026388E-07    0.3985815640E+32    0.1570898521E-04    0.7903804466E+10    0.6724791521E-05
    0.6570000000E+00    0.2124804516E-21    0.1467179595E-22    0.7403551802E-07    0.1598150341E+33    0.6749141845E-04    0.3395757061E+11    0.3095845294E-04
    0.6570000000E+00    0.2276769058E-21    0.1572111260E-22    0.7576002677E-07    0.6019338828E+33    0.2723828215E-03    0.1370464440E+12    0.1338783677E-03
    0.6570000000E+00    0.2439602000E-21    0.1684547565E-22    0.7752470448E-07    0.2130168827E+34    0.1032868301E-02    0.5196764131E+12    0.5439708694E-03
    0.6570000000E+00    0.2614080640E-21    0.1805025236E-22    0.7933048683E-07    0.7080437504E+34    0.3678671585E-02    0.1850883460E+13    0.2075973053E-02
    0.6570000000E+00    0.2801037871E-21    0.1934119387E-22    0.8117833125E-07    0.1926748425E+35    0.1072644812E-01    0.5396895305E+13    0.6486144662E-02
    0.6570000000E+00    0.3001366153E-21    0.2072446262E-22    0.8306921749E-07    0.3970716045E+35    0.2368643794E-01    0.1191757274E+14    0.1534724580E-01
    0.6570000000E+00    0.3216021775E-21    0.2220666179E-22    0.8500414813E-07    0.6755576769E+35    0.4318106580E-01    0.2172608199E+14    0.2997947696E-01
    0.6570000000E+00    0.3446029418E-21    0.2379486681E-22    0.8698414910E-07    0.9817878889E+35    0.6724323433E-01    0.3383269948E+14    0.5002410054E-01
    0.6570000000E+00    0.3692487048E-21    0.2549665916E-22    0.8901027021E-07    0.1234211370E+36    0.9057752863E-01    0.4557309499E+14    0.7220232144E-01
    0.6570000000E+00    0.3956571157E-21    0.2732016250E-22    0.9108358575E-07    0.1348672769E+36    0.1060565542E+00    0.5336119778E+14    0.9058748594E-01
    0.6570000000E+00    0.4239542377E-21    0.2927408154E-22    0.9320519501E-07    0.1350601209E+36    0.1138041392E+00    0.5725931060E+14    0.1041570695E+00
    0.6570000000E+00    0.4542751502E-21    0.3136774352E-22    0.9537622289E-07    0.1321604928E+36    0.1193253105E+00    0.6003722772E+14    0.1170208551E+00
    0.6570000000E+00    0.4867645933E-21    0.3361114274E-22    0.9759782052E-07    0.1186998708E+36    0.1148368233E+00    0.5777889433E+14    0.1206734875E+00
    0.6570000000E+00    0.5215776589E-21    0.3601498832E-22    0.9987116580E-07    0.9323468104E+35    0.9665145879E-01    0.4862912667E+14    0.1088276140E+00
    0.6570000000E+00    0.5588805307E-21    0.3859075526E-22    0.1021974641E-06    0.6639989258E+35    0.7375616049E-01    0.3710960720E+14    0.8898749773E-01
    0.6570000000E+00    0.5988512779E-21    0.4135073927E-22    0.1045779488E-06    0.4390857694E+35    0.5226130931E-01    0.2629470741E+14    0.6756331967E-01
    0.6570000000E+00    0.6416807053E-21    0.4430811541E-22    0.1070138822E-06    0.2726028186E+35    0.3476652354E-01    0.1749239689E+14    0.4816060789E-01
    0.6570000000E+00    0.6875732635E-21    0.4747700104E-22    0.1095065557E-06    0.1591029442E+35    0.2174248306E-01    0.1093949306E+14    0.3227303690E-01
    0.6570000000E+00    0.7367480256E-21    0.5087252317E-22    0.1120572911E-06    0.8700475438E+34    0.1274013146E-01    0.6410058101E+13    0.2026304008E-01
    0.6570000000E+00    0.7894397325E-21    0.5451089068E-22    0.1146674407E-06    0.4445150950E+34    0.6974569999E-02    0.3509178777E+13    0.1188633953E-01
    0.6570000000E+00    0.8458999137E-21    0.5840947171E-22    0.1173383885E-06    0.2122550783E+34    0.3568527219E-02    0.1795465524E+13    0.6516579650E-02
    0.6570000000E+00    0.9063980879E-21    0.6258687655E-22    0.1200715507E-06    0.9504473740E+33    0.1712217766E-02    0.8614836824E+12    0.3350346255E-02
    0.6570000000E+00    0.9712230494E-21    0.6706304648E-22    0.1228683764E-06    0.4009083194E+33    0.7738842222E-03    0.3893714005E+12    0.1622582122E-02
    0.6570000000E+00    0.1040684247E-20    0.7185934897E-22    0.1257303485E-06    0.1598506310E+33    0.3306323005E-03    0.1663540336E+12    0.7428069749E-03
    0.6570000000E+00    0.1115113261E-20    0.7699867968E-22    0.1286589846E-06    0.6034371363E+32    0.1337405046E-03    0.6729007531E+11    0.3219538715E-03
    0.6570000000E+00    0.1194865387E-20    0.8250557175E-22    0.1316558373E-06    0.2158085203E+32    0.5125066571E-04    0.2578621312E+11    0.1321996195E-03
    0.6570000000E+00    0.1280321329E-20    0.8840631292E-22    0.1347224957E-06    0.7321305919E+31    0.1863028412E-04    0.9373624128E+10    0.5149323447E-04
    0.6570000000E+00    0.1371889021E-20    0.9472907100E-22    0.1378605858E-06    0.2362890792E+31    0.6442798868E-05    0.3241623936E+10    0.1908118174E-04
    0.6570000000E+00    0.1470005571E-20    0.1015040283E-21    0.1410717713E-06    0.7283113558E+30    0.2127884276E-05    0.1070621750E+10    0.6752719338E-05
    0.6570000000E+00    0.1575139348E-20    0.1087635259E-21    0.1443577550E-06    0.2151551342E+30    0.6735698478E-06    0.3388993178E+09    0.2290410532E-05
    0.6570000000E+00    0.1687792220E-20    0.1165422177E-21    0.1477202791E-06    0.6108739950E+29    0.2049191574E-06    0.1031028376E+09    0.7466434432E-06
    0.6570000000E+00    0.1808501947E-20    0.1248772362E-21    0.1511611264E-06    0.1671570528E+29    0.6008355616E-07    0.3023038555E+08    0.2345774838E-06
    0.6570000000E+00    0.1937844750E-20    0.1338083694E-21    0.1546821213E-06    0.4420512553E+28    0.1702564415E-07    0.8566267042E+07    0.7122529330E-07
    0.6570000000E+00    0.2076438060E-20    0.1433782510E-21    0.1582851308E-06    0.1129771711E+28    0.4662529791E-08    0.2345900979E+07    0.2090029009E-07
    0.6570000000E+00    0.2224943467E-20    0.1536325639E-21    0.1619720651E-06    0.2778261076E+27    0.1228581520E-08    0.6181473832E+06    0.5901123076E-08
    0.6570000000E+00    0.2384069878E-20    0.1646202581E-21    0.1657448792E-06    0.6498250619E+26    0.3079125432E-09    0.1549228356E+06    0.1584740201E-08
    0.6570000000E+00    0.2554576900E-20    0.1763937846E-21    0.1696055734E-06    0.1563949765E+26    0.7940607382E-10    0.3995229943E+05    0.4379095509E-09
    0.6570000000E+00    0.2737278465E-20    0.1890093455E-21    0.1735561947E-06    0.3855196075E+25    0.2097381317E-10    0.1055274519E+05    0.1239390290E-09
    0.6570000000E+00    0.2933046719E-20    0.2025271626E-21    0.1775988378E-06    0.8779397010E+24    0.5117944976E-11    0.2575038159E+04    0.3240606559E-10
    0.6570000000E+00    0.3142816182E-20    0.2170117645E-21    0.1817356462E-06    0.1912951191E+24    0.1194908947E-11    0.6012053958E+03    0.8107099574E-11
    0.6570000000E+00    0.3367588212E-20    0.2325322952E-21    0.1859688132E-06    0.4783221102E+23    0.3201484329E-12    0.1610791900E+03    0.2327459189E-11
    0.6570000000E+00    0.3608435782E-20    0.2491628434E-21    0.1903005833E-06    0.9519873413E+22    0.6827506110E-13    0.3435185186E+02    0.5318544431E-12
    0.6570000000E+00    0.3866508602E-20    0.2669827968E-21    0.1947332533E-06    0.3651035542E+22    0.2805737163E-13    0.1411676033E+02    0.2341950324E-12
