    0.6620000000E+00    0.4143038610E-23    0.2860772210E-24    0.1992691735E-07    0.2858159347E-02    0.2353517119E-40    0.1184146453E-25    0.1963886037E-42
    0.6620000000E+00    0.4439345853E-23    0.3065372650E-24    0.2039107488E-07    0.8540558008E-01    0.7535588431E-39    0.3791449078E-24    0.6737768597E-41
    0.6620000000E+00    0.4756844785E-23    0.3284605973E-24    0.2086604403E-07    0.8548535831E-01    0.8082070979E-39    0.4066405808E-24    0.7743219685E-41
    0.6620000000E+00    0.5097051019E-23    0.3519518710E-24    0.2135207663E-07   -0.8302827494E-01   -0.8411180226E-39   -0.4231993534E-24   -0.8634871110E-41
    0.6620000000E+00    0.5461588566E-23    0.3771232243E-24    0.2184943039E-07   -0.4909183573E+00   -0.5328932218E-38   -0.2681194087E-23   -0.5861909604E-40
    0.6620000000E+00    0.5852197586E-23    0.4040948153E-24    0.2235836900E-07   -0.4312658020E+00   -0.5016212722E-38   -0.2523852686E-23   -0.5912550538E-40
    0.6620000000E+00    0.6270742692E-23    0.4329953957E-24    0.2287916232E-07    0.9186671415E+00    0.1144956816E-37    0.5760725264E-23    0.1446065709E-39
    0.6620000000E+00    0.6719221852E-23    0.4639629256E-24    0.2341208647E-07    0.2258061815E+01    0.3015551506E-37    0.1517241829E-22    0.4080991322E-39
    0.6620000000E+00    0.7199775931E-23    0.4971452317E-24    0.2395742402E-07    0.2483830038E+00    0.3554289502E-38    0.1788301973E-23    0.5154086697E-40
    0.6620000000E+00    0.7714698903E-23    0.5327007132E-24    0.2451546411E-07   -0.7370581892E+01   -0.1130141179E-36   -0.5686182004E-22   -0.1756028744E-38
    0.6620000000E+00    0.8266448809E-23    0.5707990981E-24    0.2508650263E-07   -0.4775357389E+01   -0.7845792242E-37   -0.3947524740E-22   -0.1306278336E-38
    0.6620000000E+00    0.8857659485E-23    0.6116222531E-24    0.2567084234E-07    0.1816581691E+02    0.3198054471E-36    0.1609066205E-21    0.5705382653E-38
    0.6620000000E+00    0.9491153137E-23    0.6553650517E-24    0.2626879307E-07    0.1476953366E+02    0.2786106458E-36    0.1401799058E-21    0.5325944391E-38
    0.6620000000E+00    0.1016995382E-22    0.7022363048E-24    0.2688067187E-07   -0.3971394622E+02   -0.8027382683E-36   -0.4038889988E-21   -0.1644269072E-37
    0.6620000000E+00    0.1089730185E-22    0.7524597575E-24    0.2750680315E-07   -0.2826108005E+02   -0.6120961940E-36   -0.3079695198E-21   -0.1343441005E-37
    0.6620000000E+00    0.1167666930E-22    0.8062751566E-24    0.2814751890E-07    0.7804362288E+02    0.1811208074E-35    0.9112895756E-21    0.4259584777E-37
    0.6620000000E+00    0.1251177658E-22    0.8639393956E-24    0.2880315884E-07    0.3631029692E+02    0.9029438081E-36    0.4543063226E-21    0.2275409908E-37
    0.6620000000E+00    0.1340661015E-22    0.9257277409E-24    0.2947407060E-07   -0.1387115636E+03   -0.3696098964E-35   -0.1859651856E-20   -0.9980275082E-37
    0.6620000000E+00    0.1436544159E-22    0.9919351458E-24    0.3016060990E-07   -0.5343097958E+02   -0.1525541619E-35   -0.7675596164E-21   -0.4413904994E-37
    0.6620000000E+00    0.1539284799E-22    0.1062877658E-23    0.3086314075E-07    0.3085748269E+03    0.9440422208E-35    0.4749845404E-20    0.2926781752E-36
    0.6620000000E+00    0.1649373379E-22    0.1138893930E-23    0.3158203565E-07    0.2516399141E+03    0.8249173771E-35    0.4150481754E-20    0.2740371063E-36
    0.6620000000E+00    0.1767335417E-22    0.1220346833E-23    0.3231767576E-07   -0.8165638572E+03   -0.2868276912E-34   -0.1443142225E-19   -0.1020986496E-35
    0.6620000000E+00    0.1893734018E-22    0.1307625190E-23    0.3307045113E-07   -0.2073268329E+04   -0.7803446144E-34   -0.3926218763E-19   -0.2976359306E-35
    0.6620000000E+00    0.2029172559E-22    0.1401145635E-23    0.3384076090E-07   -0.1054708939E+04   -0.4253667616E-34   -0.2140186438E-19   -0.1738451069E-35
    0.6620000000E+00    0.2174297571E-22    0.1501354598E-23    0.3462901348E-07    0.7012761573E+04    0.3030539838E-33    0.1524783045E-18    0.1327146659E-34
    0.6620000000E+00    0.2329801823E-22    0.1608730435E-23    0.3543562682E-07    0.5720843059E+04    0.2649054893E-33    0.1332843059E-18    0.1243053665E-34
    0.6620000000E+00    0.2496427630E-22    0.1723785718E-23    0.3626102861E-07   -0.5288386177E+05   -0.2623941119E-32   -0.1320207337E-17   -0.1319328688E-33
    0.6620000000E+00    0.2674970400E-22    0.1847069675E-23    0.3710565646E-07   -0.5243265049E+06   -0.2787614635E-31   -0.1402557881E-16   -0.1501867629E-32
    0.6620000000E+00    0.2866282424E-22    0.1979170815E-23    0.3796995823E-07   -0.3856771677E+07   -0.2197125442E-30   -0.1105459687E-15   -0.1268392816E-31
    0.6620000000E+00    0.3071276952E-22    0.2120719737E-23    0.3885439218E-07   -0.8177653147E+08   -0.4991827969E-29   -0.2511583763E-14   -0.3087866605E-30
    0.6620000000E+00    0.3290932546E-22    0.2272392139E-23    0.3975942724E-07   -0.2419565387E+09   -0.1582589525E-28   -0.7962626477E-14   -0.1048979999E-29
    0.6620000000E+00    0.3526297755E-22    0.2434912046E-23    0.4068554327E-07    0.1221697029E+10    0.8562378889E-28    0.4308067491E-13    0.6081257068E-29
    0.6620000000E+00    0.3778496121E-22    0.2609055264E-23    0.4163323131E-07    0.7094991147E+11    0.5328227771E-26    0.2680839653E-11    0.4054914511E-27
    0.6620000000E+00    0.4048731538E-22    0.2795653084E-23    0.4260299385E-07    0.1574625773E+12    0.1267092381E-25    0.6375237026E-11    0.1033254249E-26
    0.6620000000E+00    0.4338294005E-22    0.2995596250E-23    0.4359534505E-07   -0.1014900128E+13   -0.8750930428E-25   -0.4402935140E-10   -0.7646332015E-26
    0.6620000000E+00    0.4648565778E-22    0.3209839213E-23    0.4461081109E-07   -0.4375215052E+14   -0.4042316631E-23   -0.2033847496E-08   -0.3784680731E-24
    0.6620000000E+00    0.4981027973E-22    0.3439404683E-23    0.4564993037E-07   -0.1287149833E+16   -0.1274265804E-21   -0.6411329322E-07   -0.1278377002E-22
    0.6620000000E+00    0.5337267633E-22    0.3685388516E-23    0.4671325384E-07   -0.3287751133E+17   -0.3487625625E-20   -0.1754760771E-05   -0.3749115160E-21
    0.6620000000E+00    0.5718985306E-22    0.3948964943E-23    0.4780134531E-07   -0.8783630675E+17   -0.9984009616E-20   -0.5023345476E-05   -0.1150016076E-20
    0.6620000000E+00    0.6128003161E-22    0.4231392172E-23    0.4891478167E-07    0.1388907107E+18    0.1691625114E-19    0.8511227144E-05    0.2087868033E-20
    0.6620000000E+00    0.6566273690E-22    0.4534018400E-23    0.5005415331E-07    0.5652389048E+19    0.7376714412E-18    0.3711513349E-03    0.9755777591E-19
    0.6620000000E+00    0.7035889022E-22    0.4858288246E-23    0.5122006431E-07    0.1029995623E+21    0.1440344250E-16    0.7246934900E-02    0.2041104424E-17
    0.6620000000E+00    0.7539090917E-22    0.5205749646E-23    0.5241313287E-07    0.1402889420E+22    0.2102104800E-15    0.1057651088E+00    0.3191929456E-16
    0.6620000000E+00    0.8078281461E-22    0.5578061244E-23    0.5363399157E-07    0.2600160342E+22    0.4174755581E-15    0.2100482709E+00    0.6792505124E-16
    0.6620000000E+00    0.8656034539E-22    0.5977000309E-23    0.5488328773E-07   -0.2416809412E+22   -0.4157893178E-15   -0.2091998575E+00   -0.7248902331E-16
    0.6620000000E+00    0.9275108115E-22    0.6404471218E-23    0.5616168372E-07   -0.8118853386E+23   -0.1496668515E-13   -0.7530324292E+01   -0.2795918729E-14
    0.6620000000E+00    0.9938457404E-22    0.6862514550E-23    0.5746985739E-07   -0.9584304689E+24   -0.1893178377E-12   -0.9525320390E+02   -0.3789574560E-13
    0.6620000000E+00    0.1064924897E-21    0.7353316823E-23    0.5880850233E-07   -0.9507738146E+25   -0.2012371399E-11   -0.1012502707E+04   -0.4316254626E-12
    0.6620000000E+00    0.1141087586E-21    0.7879220933E-23    0.6017832832E-07   -0.8504783695E+26   -0.1928831085E-10   -0.9704703096E+04   -0.4432952902E-11
    0.6620000000E+00    0.1222697377E-21    0.8442737340E-23    0.6158006166E-07   -0.3936247279E+27   -0.9565623811E-10   -0.4812839224E+05   -0.2355657887E-10
    0.6620000000E+00    0.1310143844E-21    0.9046556049E-23    0.6301444556E-07   -0.4355280334E+27   -0.1134088739E-09   -0.5706043720E+05   -0.2992581307E-10
    0.6620000000E+00    0.1403844422E-21    0.9693559452E-23    0.6448224056E-07    0.1765618432E+27    0.4926378518E-10    0.2478653586E+05    0.1392921681E-10
    0.6620000000E+00    0.1504246400E-21    0.1038683609E-22    0.6598422489E-07    0.5505124342E+28    0.1645879578E-08    0.8281063470E+06    0.4986513248E-09
    0.6620000000E+00    0.1611829057E-21    0.1112969539E-22    0.6752119493E-07    0.3909002444E+29    0.1252266798E-07    0.6300643723E+07    0.4065329829E-08
    0.6620000000E+00    0.1727105951E-21    0.1192568347E-22    0.6909396560E-07    0.2240918764E+30    0.7692314587E-07    0.3870304133E+08    0.2675814222E-07
    0.6620000000E+00    0.1850627369E-21    0.1277860007E-22    0.7070337081E-07    0.1154648794E+31    0.4246986007E-06    0.2136824659E+09    0.1582995757E-06
    0.6620000000E+00    0.1982982953E-21    0.1369251667E-22    0.7235026388E-07    0.5492988028E+31    0.2164908653E-05    0.1089250162E+10    0.8646463193E-06
    0.6620000000E+00    0.2124804516E-21    0.1467179595E-22    0.7403551802E-07    0.2436484903E+32    0.1028950894E-04    0.5177054125E+10    0.4403455069E-05
    0.6620000000E+00    0.2276769058E-21    0.1572111260E-22    0.7576002677E-07    0.1012051345E+33    0.4579662462E-04    0.2304207187E+11    0.2100063326E-04
    0.6620000000E+00    0.2439602000E-21    0.1684547565E-22    0.7752470448E-07    0.3943597163E+33    0.1912156656E-03    0.9620807526E+11    0.9395553939E-04
    0.6620000000E+00    0.2614080640E-21    0.1805025236E-22    0.7933048683E-07    0.1442227869E+34    0.7493156570E-03    0.3770099950E+12    0.3945151887E-03
    0.6620000000E+00    0.2801037871E-21    0.1934119387E-22    0.8117833125E-07    0.4952146875E+34    0.2756921757E-02    0.1387115094E+13    0.1555332910E-02
    0.6620000000E+00    0.3001366153E-21    0.2072446262E-22    0.8306921749E-07    0.1505997897E+35    0.8983701006E-02    0.4520051116E+13    0.5430679964E-02
    0.6620000000E+00    0.3216021775E-21    0.2220666179E-22    0.8500414813E-07    0.3375672907E+35    0.2157701095E-01    0.1085623758E+14    0.1397623527E-01
    0.6620000000E+00    0.3446029418E-21    0.2379486681E-22    0.8698414910E-07    0.6019709915E+35    0.4122934994E-01    0.2074409746E+14    0.2861576812E-01
    0.6620000000E+00    0.3692487048E-21    0.2549665916E-22    0.8901027021E-07    0.9013525947E+35    0.6614935855E-01    0.3328232782E+14    0.4919540700E-01
    0.6620000000E+00    0.3956571157E-21    0.2732016250E-22    0.9108358575E-07    0.1156062008E+36    0.9091008277E-01    0.4574041598E+14    0.7244542655E-01
    0.6620000000E+00    0.4239542377E-21    0.2927408154E-22    0.9320519501E-07    0.1279880776E+36    0.1078451056E+00    0.5426108787E+14    0.9208721962E-01
    0.6620000000E+00    0.4542751502E-21    0.3136774352E-22    0.9537622289E-07    0.1284412096E+36    0.1159672372E+00    0.5834764977E+14    0.1061046046E+00
    0.6620000000E+00    0.4867645933E-21    0.3361114274E-22    0.9759782052E-07    0.1258873410E+36    0.1217903797E+00    0.6127750037E+14    0.1194020835E+00
    0.6620000000E+00    0.5215776589E-21    0.3601498832E-22    0.9987116580E-07    0.1134255109E+36    0.1175822234E+00    0.5916021242E+14    0.1235209402E+00
    0.6620000000E+00    0.5588805307E-21    0.3859075526E-22    0.1021974641E-06    0.8884013429E+35    0.9868249704E-01    0.4965102140E+14    0.1110808133E+00
    0.6620000000E+00    0.5988512779E-21    0.4135073927E-22    0.1045779488E-06    0.6268411221E+35    0.7460851626E-01    0.3753846070E+14    0.8998856449E-01
    0.6620000000E+00    0.6416807053E-21    0.4430811541E-22    0.1070138822E-06    0.4085491395E+35    0.5210449896E-01    0.2621581000E+14    0.6734016012E-01
    0.6620000000E+00    0.6875732635E-21    0.4747700104E-22    0.1095065557E-06    0.2490818002E+35    0.3403869643E-01    0.1712619862E+14    0.4713807471E-01
    0.6620000000E+00    0.7367480256E-21    0.5087252317E-22    0.1120572911E-06    0.1423739218E+35    0.2084785473E-01    0.1048937058E+14    0.3093572460E-01
    0.6620000000E+00    0.7894397325E-21    0.5451089068E-22    0.1146674407E-06    0.7603410007E+34    0.1192996952E-01    0.6002433962E+13    0.1896872999E-01
    0.6620000000E+00    0.8458999137E-21    0.5840947171E-22    0.1173383885E-06    0.3779439478E+34    0.6354162528E-02    0.3197027528E+13    0.1082573121E-01
    0.6620000000E+00    0.9063980879E-21    0.6258687655E-22    0.1200715507E-06    0.1747398579E+34    0.3147914313E-02    0.1583838731E+13    0.5746743627E-02
    0.6620000000E+00    0.9712230494E-21    0.6706304648E-22    0.1228683764E-06    0.7536919121E+33    0.1454871977E-02    0.7320029572E+12    0.2845926630E-02
    0.6620000000E+00    0.1040684247E-20    0.7185934897E-22    0.1257303485E-06    0.3047580730E+33    0.6303563653E-03    0.3171569257E+12    0.1321250192E-02
    0.6620000000E+00    0.1115113261E-20    0.7699867968E-22    0.1286589846E-06    0.1160130193E+33    0.2571210622E-03    0.1293676563E+12    0.5774795033E-03
    0.6620000000E+00    0.1194865387E-20    0.8250557175E-22    0.1316558373E-06    0.4165639528E+32    0.9892649216E-04    0.4977378488E+11    0.2380737597E-03
    0.6620000000E+00    0.1280321329E-20    0.8840631292E-22    0.1347224957E-06    0.1411091261E+32    0.3590757085E-04    0.1806650239E+11    0.9259444795E-04
    0.6620000000E+00    0.1371889021E-20    0.9472907100E-22    0.1378605858E-06    0.4512507879E+31    0.1230407294E-04    0.6190660018E+10    0.3399756539E-04
    0.6620000000E+00    0.1470005571E-20    0.1015040283E-21    0.1410717713E-06    0.1366574043E+31    0.3992676203E-05    0.2008871457E+10    0.1182123938E-04
    0.6620000000E+00    0.1575139348E-20    0.1087635259E-21    0.1443577550E-06    0.3940788381E+30    0.1233712707E-05    0.6207290841E+09    0.3913929139E-05
    0.6620000000E+00    0.1687792220E-20    0.1165422177E-21    0.1477202791E-06    0.1088275130E+30    0.3650645215E-06    0.1836782298E+09    0.1240990763E-05
    0.6620000000E+00    0.1808501947E-20    0.1248772362E-21    0.1511611264E-06    0.2889766430E+29    0.1038708452E-06    0.5226148215E+08    0.3783489963E-06
    0.6620000000E+00    0.1937844750E-20    0.1338083694E-21    0.1546821213E-06    0.7399428159E+28    0.2849896460E-07    0.1433894301E+08    0.1112315534E-06
    0.6620000000E+00    0.2076438060E-20    0.1433782510E-21    0.1582851308E-06    0.1830919263E+28    0.7556142121E-08    0.3801790443E+07    0.3160086994E-07
    0.6620000000E+00    0.2224943467E-20    0.1536325639E-21    0.1619720651E-06    0.4354638590E+27    0.1925675215E-08    0.9688824683E+06    0.8629427045E-08
    0.6620000000E+00    0.2384069878E-20    0.1646202581E-21    0.1657448792E-06    0.9798297897E+26    0.4642816969E-09    0.2335982688E+06    0.2229361433E-08
    0.6620000000E+00    0.2554576900E-20    0.1763937846E-21    0.1696055734E-06    0.2324113394E+26    0.1180016928E-09    0.5937126388E+05    0.6071376399E-09
    0.6620000000E+00    0.2737278465E-20    0.1890093455E-21    0.1735561947E-06    0.5713035927E+25    0.3108120724E-10    0.1563817021E+05    0.1713550073E-09
    0.6620000000E+00    0.2933046719E-20    0.2025271626E-21    0.1775988378E-06    0.1311518140E+25    0.7645488261E-11    0.3846743978E+04    0.4516522172E-10
    0.6620000000E+00    0.3142816182E-20    0.2170117645E-21    0.1817356462E-06    0.2753669390E+24    0.1720056532E-11    0.8654276721E+03    0.1088783778E-10
    0.6620000000E+00    0.3367588212E-20    0.2325322952E-21    0.1859688132E-06    0.6879642751E+23    0.4604651966E-12    0.2316780383E+03    0.3123170768E-11
    0.6620000000E+00    0.3608435782E-20    0.2491628434E-21    0.1903005833E-06    0.1364929217E+23    0.9789061435E-13    0.4925259427E+02    0.7114427775E-12
    0.6620000000E+00    0.3866508602E-20    0.2669827968E-21    0.1947332533E-06    0.5241767342E+22    0.4028178106E-13    0.2026733852E+02    0.3136949919E-12
