    0.6140000000E+00    0.4143038610E-23    0.2860772210E-24    0.1992691735E-07    0.1816896804E+24    0.1496101936E-14    0.7527473609E+00    0.5789037077E-16
    0.6140000000E+00    0.4439345853E-23    0.3065372650E-24    0.2039107488E-07    0.1425466362E+25    0.1257731382E-13    0.6328138181E+01    0.5214744604E-15
    0.6140000000E+00    0.4756844785E-23    0.3284605973E-24    0.2086604403E-07    0.1298678052E+25    0.1227813559E-13    0.6177609920E+01    0.5454784167E-15
    0.6140000000E+00    0.5097051019E-23    0.3519518710E-24    0.2135207663E-07   -0.2234875585E+25   -0.2264040935E-13   -0.1139127488E+02   -0.1077778265E-14
    0.6140000000E+00    0.5461588566E-23    0.3771232243E-24    0.2184943039E-07   -0.8111097042E+25   -0.8804618061E-13   -0.4429947487E+02   -0.4491130427E-14
    0.6140000000E+00    0.5852197586E-23    0.4040948153E-24    0.2235836900E-07   -0.6184365496E+25   -0.7193265205E-13   -0.3619212883E+02   -0.3931617131E-14
    0.6140000000E+00    0.6270742692E-23    0.4329953957E-24    0.2287916232E-07    0.1901347145E+26    0.2369694392E-12    0.1192285871E+03    0.1387833885E-13
    0.6140000000E+00    0.6719221852E-23    0.4639629256E-24    0.2341208647E-07    0.3634232775E+26    0.4853372943E-12    0.2441921628E+03    0.3045711835E-13
    0.6140000000E+00    0.7199775931E-23    0.4971452317E-24    0.2395742402E-07   -0.5561605692E+25   -0.7958498135E-13   -0.4004231480E+02   -0.5351509062E-14
    0.6140000000E+00    0.7714698903E-23    0.5327007132E-24    0.2451546411E-07   -0.1298724031E+27   -0.1991350926E-11   -0.1001926485E+04   -0.1434805216E-12
    0.6140000000E+00    0.8266448809E-23    0.5707990981E-24    0.2508650263E-07   -0.6805705168E+26   -0.1118160264E-11   -0.5625901338E+03   -0.8632750737E-13
    0.6140000000E+00    0.8857659485E-23    0.6116222531E-24    0.2567084234E-07    0.3721438907E+27    0.6551516176E-11    0.3296323863E+04    0.5419846216E-12
    0.6140000000E+00    0.9491153137E-23    0.6553650517E-24    0.2626879307E-07    0.2642036088E+27    0.4983904011E-11    0.2507596911E+04    0.4417889160E-12
    0.6140000000E+00    0.1016995382E-22    0.7022363048E-24    0.2688067187E-07   -0.1352619600E+28   -0.2734050930E-10   -0.1375607887E+05   -0.2596879193E-11
    0.6140000000E+00    0.1089730185E-22    0.7524597575E-24    0.2750680315E-07   -0.1131863499E+28   -0.2451460945E-10   -0.1233425820E+05   -0.2494997559E-11
    0.6140000000E+00    0.1167666930E-22    0.8062751566E-24    0.2814751890E-07    0.9867039580E+28    0.2289906734E-09    0.1152141582E+06    0.2497255283E-10
    0.6140000000E+00    0.1251177658E-22    0.8639393956E-24    0.2880315884E-07    0.2139843728E+29    0.5321241654E-09    0.2677324664E+06    0.6218106102E-10
    0.6140000000E+00    0.1340661015E-22    0.9257277409E-24    0.2947407060E-07   -0.3473073463E+28   -0.9254328118E-10   -0.4656214194E+05   -0.1158750781E-10
    0.6140000000E+00    0.1436544159E-22    0.9919351458E-24    0.3016060990E-07   -0.2856533586E+30   -0.8155869321E-08   -0.4103536638E+07   -0.1094247102E-08
    0.6140000000E+00    0.1539284799E-22    0.1062877658E-23    0.3086314075E-07   -0.1368152725E+31   -0.4185674996E-07   -0.2105976693E+08   -0.6017424502E-08
    0.6140000000E+00    0.1649373379E-22    0.1138893930E-23    0.3158203565E-07   -0.1630147317E+31   -0.5343893291E-07   -0.2688721588E+08   -0.8231953787E-08
    0.6140000000E+00    0.1767335417E-22    0.1220346833E-23    0.3231767576E-07   -0.5409779641E+30   -0.1900248940E-07   -0.9560895157E+07   -0.3136574774E-08
    0.6140000000E+00    0.1893734018E-22    0.1307625190E-23    0.3307045113E-07    0.7509386833E+31    0.2826411560E-06    0.1422078130E+09    0.4998970191E-07
    0.6140000000E+00    0.2029172559E-22    0.1401145635E-23    0.3384076090E-07    0.4634075861E+32    0.1868934422E-05    0.9403339574E+09    0.3541923764E-06
    0.6140000000E+00    0.2174297571E-22    0.1501354598E-23    0.3462901348E-07    0.1997189506E+33    0.8630783035E-05    0.4342484291E+10    0.1752650599E-05
    0.6140000000E+00    0.2329801823E-22    0.1608730435E-23    0.3543562682E-07    0.6809544852E+33    0.3153181782E-04    0.1586489001E+11    0.6861106411E-05
    0.6140000000E+00    0.2496427630E-22    0.1723785718E-23    0.3626102861E-07    0.1561745253E+34    0.7748918950E-04    0.3898784000E+11    0.1806700916E-04
    0.6140000000E+00    0.2674970400E-22    0.1847069675E-23    0.3710565646E-07    0.2913090518E+34    0.1548762781E-03    0.7792430908E+11    0.3869279031E-04
    0.6140000000E+00    0.2866282424E-22    0.1979170815E-23    0.3796995823E-07    0.5049469876E+34    0.2876581675E-03    0.1447320676E+12    0.7700551964E-04
    0.6140000000E+00    0.3071276952E-22    0.2120719737E-23    0.3885439218E-07    0.8506269327E+34    0.5192422859E-03    0.2612510893E+12    0.1489413204E-03
    0.6140000000E+00    0.3290932546E-22    0.2272392139E-23    0.3975942724E-07    0.1401457097E+35    0.9166651723E-03    0.4612100773E+12    0.2817447794E-03
    0.6140000000E+00    0.3526297755E-22    0.2434912046E-23    0.4068554327E-07    0.2247969329E+35    0.1575510513E-02    0.7927009199E+12    0.5188794270E-03
    0.6140000000E+00    0.3778496121E-22    0.2609055264E-23    0.4163323131E-07    0.3491910378E+35    0.2622370270E-02    0.1319416982E+13    0.9254205920E-03
    0.6140000000E+00    0.4048731538E-22    0.2795653084E-23    0.4260299385E-07    0.5237584693E+35    0.4214654537E-02    0.2120557433E+13    0.1593702041E-02
    0.6140000000E+00    0.4338294005E-22    0.2995596250E-23    0.4359534505E-07    0.7581256836E+35    0.6536904402E-02    0.3288972108E+13    0.2648605521E-02
    0.6140000000E+00    0.4648565778E-22    0.3209839213E-23    0.4461081109E-07    0.1058374794E+36    0.9778458841E-02    0.4919924847E+13    0.4245370115E-02
    0.6140000000E+00    0.4981027973E-22    0.3439404683E-23    0.4564993037E-07    0.1422496229E+36    0.1408257419E-01    0.7085493510E+13    0.6551295578E-02
    0.6140000000E+00    0.5337267633E-22    0.3685388516E-23    0.4671325384E-07    0.1838453696E+36    0.1950220063E-01    0.9812319405E+13    0.9721398950E-02
    0.6140000000E+00    0.5718985306E-22    0.3948964943E-23    0.4780134531E-07    0.2287849220E+36    0.2600508771E-01    0.1308417607E+14    0.1389003913E-01
    0.6140000000E+00    0.6128003161E-22    0.4231392172E-23    0.4891478167E-07    0.2749115354E+36    0.3348296333E-01    0.1684658758E+14    0.1916324418E-01
    0.6140000000E+00    0.6566273690E-22    0.4534018400E-23    0.5005415331E-07    0.3192546708E+36    0.4166469277E-01    0.2096313545E+14    0.2555131936E-01
    0.6140000000E+00    0.7035889022E-22    0.4858288246E-23    0.5122006431E-07    0.3572266515E+36    0.4995451842E-01    0.2513407076E+14    0.3282614798E-01
    0.6140000000E+00    0.7539090917E-22    0.5205749646E-23    0.5241313287E-07    0.3829534205E+36    0.5738215798E-01    0.2887120654E+14    0.4040378237E-01
    0.6140000000E+00    0.8078281461E-22    0.5578061244E-23    0.5363399157E-07    0.3914873592E+36    0.6285627895E-01    0.3162545076E+14    0.4742352301E-01
    0.6140000000E+00    0.8656034539E-22    0.5977000309E-23    0.5488328773E-07    0.3911453275E+36    0.6729287301E-01    0.3385767464E+14    0.5440191867E-01
    0.6140000000E+00    0.9275108115E-22    0.6404471218E-23    0.5616168372E-07    0.3868336195E+36    0.7131077154E-01    0.3587923644E+14    0.6177322591E-01
    0.6140000000E+00    0.9938457404E-22    0.6862514550E-23    0.5746985739E-07    0.3683262715E+36    0.7275512994E-01    0.3660594960E+14    0.6753186864E-01
    0.6140000000E+00    0.1064924897E-21    0.7353316823E-23    0.5880850233E-07    0.3330827693E+36    0.7049902174E-01    0.3547081338E+14    0.7011779284E-01
    0.6140000000E+00    0.1141087586E-21    0.7879220933E-23    0.6017832832E-07    0.2914017362E+36    0.6608806844E-01    0.3325149037E+14    0.7043170555E-01
    0.6140000000E+00    0.1222697377E-21    0.8442737340E-23    0.6158006166E-07    0.2480913166E+36    0.6028961185E-01    0.3033406022E+14    0.6884741431E-01
    0.6140000000E+00    0.1310143844E-21    0.9046556049E-23    0.6301444556E-07    0.2054388359E+36    0.5349503419E-01    0.2691544263E+14    0.6545737963E-01
    0.6140000000E+00    0.1403844422E-21    0.9693559452E-23    0.6448224056E-07    0.1652444239E+36    0.4610603093E-01    0.2319774627E+14    0.6045091566E-01
    0.6140000000E+00    0.1504246400E-21    0.1038683609E-22    0.6598422489E-07    0.1290678466E+36    0.3858770842E-01    0.1941498436E+14    0.5421183833E-01
    0.6140000000E+00    0.1611829057E-21    0.1112969539E-22    0.6752119493E-07    0.9794069687E+35    0.3137574984E-01    0.1578636611E+14    0.4723231803E-01
    0.6140000000E+00    0.1727105951E-21    0.1192568347E-22    0.6909396560E-07    0.7225350815E+35    0.2480218041E-01    0.1247894639E+14    0.4000690994E-01
    0.6140000000E+00    0.1850627369E-21    0.1277860007E-22    0.7070337081E-07    0.5185560711E+35    0.1907333546E-01    0.9596540576E+13    0.3296642047E-01
    0.6140000000E+00    0.1982982953E-21    0.1369251667E-22    0.7235026388E-07    0.3622760553E+35    0.1427810443E-01    0.7183872418E+13    0.2644330294E-01
    0.6140000000E+00    0.2124804516E-21    0.1467179595E-22    0.7403551802E-07    0.2464991370E+35    0.1040989447E-01    0.5237624795E+13    0.2065815223E-01
    0.6140000000E+00    0.2276769058E-21    0.1572111260E-22    0.7576002677E-07    0.1634193348E+35    0.7394935023E-02    0.3720680851E+13    0.1572459645E-01
    0.6140000000E+00    0.2439602000E-21    0.1684547565E-22    0.7752470448E-07    0.1056015589E+35    0.5120368926E-02    0.2576257743E+13    0.1166665619E-01
    0.6140000000E+00    0.2614080640E-21    0.1805025236E-22    0.7933048683E-07    0.6654286690E+34    0.3457263107E-02    0.1739484201E+13    0.8440682766E-02
    0.6140000000E+00    0.2801037871E-21    0.1934119387E-22    0.8117833125E-07    0.4090692247E+34    0.2277339251E-02    0.1145818390E+13    0.5957621085E-02
    0.6140000000E+00    0.3001366153E-21    0.2072446262E-22    0.8306921749E-07    0.2454361410E+34    0.1464095608E-02    0.7366437265E+12    0.4104068342E-02
    0.6140000000E+00    0.3216021775E-21    0.2220666179E-22    0.8500414813E-07    0.1437723045E+34    0.9189802073E-03    0.4623748618E+12    0.2760268340E-02
    0.6140000000E+00    0.3446029418E-21    0.2379486681E-22    0.8698414910E-07    0.8225080889E+33    0.5633406643E-03    0.2834387071E+12    0.1813076997E-02
    0.6140000000E+00    0.3692487048E-21    0.2549665916E-22    0.8901027021E-07    0.4597028064E+33    0.3373712568E-03    0.1697446659E+12    0.1163464738E-02
    0.6140000000E+00    0.3956571157E-21    0.2732016250E-22    0.9108358575E-07    0.2510967678E+33    0.1974567781E-03    0.9934822291E+11    0.7296543780E-03
    0.6140000000E+00    0.4239542377E-21    0.2927408154E-22    0.9320519501E-07    0.1340834670E+33    0.1129811926E-03    0.5684525403E+11    0.4473539755E-03
    0.6140000000E+00    0.4542751502E-21    0.3136774352E-22    0.9537622289E-07    0.7001556777E+32    0.6321578552E-04    0.3180633257E+11    0.2682073562E-03
    0.6140000000E+00    0.4867645933E-21    0.3361114274E-22    0.9759782052E-07    0.3575994069E+32    0.3459614541E-04    0.1740667299E+11    0.1572797681E-03
    0.6140000000E+00    0.5215776589E-21    0.3601498832E-22    0.9987116580E-07    0.1786850222E+32    0.1852333044E-04    0.9319811553E+10    0.9023275563E-04
    0.6140000000E+00    0.5588805307E-21    0.3859075526E-22    0.1021974641E-06    0.8737761718E+31    0.9705795154E-05    0.4883364906E+10    0.5066129271E-04
    0.6140000000E+00    0.5988512779E-21    0.4135073927E-22    0.1045779488E-06    0.4182903041E+31    0.4978617046E-05    0.2504936832E+10    0.2784542610E-04
    0.6140000000E+00    0.6416807053E-21    0.4430811541E-22    0.1070138822E-06    0.1960852251E+31    0.2500781770E-05    0.1258241055E+10    0.1498721513E-04
    0.6140000000E+00    0.6875732635E-21    0.4747700104E-22    0.1095065557E-06    0.9002776900E+30    0.1230289767E-05    0.6190068694E+09    0.7900463266E-05
    0.6140000000E+00    0.7367480256E-21    0.5087252317E-22    0.1120572911E-06    0.4048649845E+30    0.5928449728E-06    0.2982834779E+09    0.4079306034E-05
    0.6140000000E+00    0.7894397325E-21    0.5451089068E-22    0.1146674407E-06    0.1783600091E+30    0.2798519967E-06    0.1408044779E+09    0.2063353106E-05
    0.6140000000E+00    0.8458999137E-21    0.5840947171E-22    0.1173383885E-06    0.7699252982E+29    0.1294432814E-06    0.6512797433E+08    0.1022644437E-05
    0.6140000000E+00    0.9063980879E-21    0.6258687655E-22    0.1200715507E-06    0.3257743853E+29    0.5868780383E-07    0.2952812800E+08    0.4968130605E-06
    0.6140000000E+00    0.9712230494E-21    0.6706304648E-22    0.1228683764E-06    0.1351530211E+29    0.2608895489E-07    0.1312637293E+08    0.2366474495E-06
    0.6140000000E+00    0.1040684247E-20    0.7185934897E-22    0.1257303485E-06    0.5498117565E+28    0.1137221197E-07    0.5721804338E+07    0.1105325253E-06
    0.6140000000E+00    0.1115113261E-20    0.7699867968E-22    0.1286589846E-06    0.2193180629E+28    0.4860772837E-08    0.2445644804E+07    0.5062330225E-07
    0.6140000000E+00    0.1194865387E-20    0.8250557175E-22    0.1316558373E-06    0.8579290243E+27    0.2037428066E-08    0.1025109696E+07    0.2273669996E-07
    0.6140000000E+00    0.1280321329E-20    0.8840631292E-22    0.1347224957E-06    0.3292123185E+27    0.8377356575E-09    0.4214975533E+06    0.1001733384E-07
    0.6140000000E+00    0.1371889021E-20    0.9472907100E-22    0.1378605858E-06    0.1239594260E+27    0.3379951594E-09    0.1700585757E+06    0.4330675339E-08
    0.6140000000E+00    0.1470005571E-20    0.1015040283E-21    0.1410717713E-06    0.4580326840E+26    0.1338219621E-09    0.6733105972E+05    0.1837268120E-08
    0.6140000000E+00    0.1575139348E-20    0.1087635259E-21    0.1443577550E-06    0.1660760150E+26    0.5199215747E-10    0.2615928661E+05    0.7648618254E-09
    0.6140000000E+00    0.1687792220E-20    0.1165422177E-21    0.1477202791E-06    0.5909699969E+25    0.1982423131E-10    0.9974345630E+04    0.3124938703E-09
    0.6140000000E+00    0.1808501947E-20    0.1248772362E-21    0.1511611264E-06    0.2064492586E+25    0.7420689354E-11    0.3733638862E+04    0.1253399156E-09
    0.6140000000E+00    0.1937844750E-20    0.1338083694E-21    0.1546821213E-06    0.7081700893E+24    0.2727523515E-11    0.1372323689E+04    0.4936437581E-10
    0.6140000000E+00    0.2076438060E-20    0.1433782510E-21    0.1582851308E-06    0.2385081620E+24    0.9843151499E-12    0.4952474252E+03    0.1908883025E-10
    0.6140000000E+00    0.2224943467E-20    0.1536325639E-21    0.1619720651E-06    0.7886693146E+23    0.3487593565E-12    0.1754744640E+03    0.7247212804E-11
    0.6140000000E+00    0.2384069878E-20    0.1646202581E-21    0.1657448792E-06    0.2561235687E+23    0.1213613694E-12    0.6106164852E+02    0.2702250554E-11
    0.6140000000E+00    0.2554576900E-20    0.1763937846E-21    0.1696055734E-06    0.8172189868E+22    0.4149247797E-13    0.2087648746E+02    0.9899528686E-12
    0.6140000000E+00    0.2737278465E-20    0.1890093455E-21    0.1735561947E-06    0.2561901691E+22    0.1393777291E-13    0.7012638329E+01    0.3563186306E-12
    0.6140000000E+00    0.2933046719E-20    0.2025271626E-21    0.1775988378E-06    0.7888526913E+21    0.4598612712E-14    0.2313741798E+01    0.1259714075E-12
    0.6140000000E+00    0.3142816182E-20    0.2170117645E-21    0.1817356462E-06    0.2385573776E+21    0.1490128688E-14    0.7497419867E+00    0.4373900731E-13
    0.6140000000E+00    0.3367588212E-20    0.2325322952E-21    0.1859688132E-06    0.7095667797E+20    0.4749240892E-15    0.2389528723E+00    0.1493720512E-13
    0.6140000000E+00    0.3608435782E-20    0.2491628434E-21    0.1903005833E-06    0.2039911919E+20    0.1462993307E-15    0.7360891158E-01    0.4930460521E-14
    0.6140000000E+00    0.3866508602E-20    0.2669827968E-21    0.1947332533E-06    0.7429282042E+19    0.5709233033E-16    0.2872538292E-01    0.2061687872E-14
