    0.6540000000E+00    0.4143038610E-23    0.2860772210E-24    0.1992691735E-07    0.5080471235E+01    0.4183453255E-37    0.2104858849E-22    0.3919936833E-39
    0.6540000000E+00    0.4439345853E-23    0.3065372650E-24    0.2039107488E-07    0.2080639944E+02    0.1835810526E-36    0.9236680306E-22    0.1843198056E-38
    0.6540000000E+00    0.4756844785E-23    0.3284605973E-24    0.2086604403E-07    0.1596983053E+02    0.1509841058E-36    0.7596600505E-22    0.1624334166E-38
    0.6540000000E+00    0.5097051019E-23    0.3519518710E-24    0.2135207663E-07   -0.4741418118E+02   -0.4803294100E-36   -0.2416725005E-21   -0.5537112239E-38
    0.6540000000E+00    0.5461588566E-23    0.3771232243E-24    0.2184943039E-07   -0.1168172941E+03   -0.1268054928E-35   -0.6380079978E-21   -0.1566326206E-37
    0.6540000000E+00    0.5852197586E-23    0.4040948153E-24    0.2235836900E-07   -0.6785859257E+02   -0.7892884938E-36   -0.3971218916E-21   -0.1044671916E-37
    0.6540000000E+00    0.6270742692E-23    0.4329953957E-24    0.2287916232E-07    0.3441154260E+03    0.4288792803E-35    0.2157859293E-20    0.6082459328E-37
    0.6540000000E+00    0.6719221852E-23    0.4639629256E-24    0.2341208647E-07    0.4936251404E+03    0.6592166898E-35    0.3316776830E-20    0.1001779966E-36
    0.6540000000E+00    0.7199775931E-23    0.4971452317E-24    0.2395742402E-07   -0.3432082035E+03   -0.4911210895E-35   -0.2471022163E-20   -0.7997103779E-37
    0.6540000000E+00    0.7714698903E-23    0.5327007132E-24    0.2451546411E-07   -0.1828912212E+04   -0.2804295556E-34   -0.1410950704E-19   -0.4892917936E-36
    0.6540000000E+00    0.8266448809E-23    0.5707990981E-24    0.2508650263E-07   -0.3697124769E+03   -0.6074283130E-35   -0.3056209264E-20   -0.1135636073E-36
    0.6540000000E+00    0.8857659485E-23    0.6116222531E-24    0.2567084234E-07    0.4993509102E+04    0.8790969428E-34    0.4423080326E-19    0.1761087432E-35
    0.6540000000E+00    0.9491153137E-23    0.6553650517E-24    0.2626879307E-07    0.2005394572E+04    0.3782951374E-34    0.1903350698E-19    0.8120352966E-36
    0.6540000000E+00    0.1016995382E-22    0.7022363048E-24    0.2688067187E-07   -0.1132410934E+05   -0.2288943000E-33   -0.1151656690E-18   -0.5264766641E-35
    0.6540000000E+00    0.1089730185E-22    0.7524597575E-24    0.2750680315E-07   -0.2843639669E+04   -0.6158933118E-34   -0.3098799982E-19   -0.1517922631E-35
    0.6540000000E+00    0.1167666930E-22    0.8062751566E-24    0.2814751890E-07    0.2159355116E+05    0.5011352981E-33    0.2521407560E-18    0.1323424414E-34
    0.6540000000E+00    0.1251177658E-22    0.8639393956E-24    0.2880315884E-07   -0.5554411604E+04   -0.1381239480E-33   -0.6949555702E-19   -0.3908527136E-35
    0.6540000000E+00    0.1340661015E-22    0.9257277409E-24    0.2947407060E-07   -0.2666268936E+05   -0.7104522218E-33   -0.3574562817E-18   -0.2154165295E-34
    0.6540000000E+00    0.1436544159E-22    0.9919351458E-24    0.3016060990E-07    0.1708770015E+05    0.4878817113E-33    0.2454723584E-18    0.1585107375E-34
    0.6540000000E+00    0.1539284799E-22    0.1062877658E-23    0.3086314075E-07   -0.1007203862E+05   -0.3081401619E-33   -0.1550373595E-18   -0.1072735010E-34
    0.6540000000E+00    0.1649373379E-22    0.1138893930E-23    0.3158203565E-07   -0.1070368770E+05   -0.3508846367E-33   -0.1765437755E-18   -0.1308906129E-34
    0.6540000000E+00    0.1767335417E-22    0.1220346833E-23    0.3231767576E-07    0.8372114558E+05    0.2940804039E-32    0.1479633457E-17    0.1175466440E-33
    0.6540000000E+00    0.1893734018E-22    0.1307625190E-23    0.3307045113E-07    0.5197531895E+05    0.1956266811E-32    0.9842742959E-18    0.8378615003E-34
    0.6540000000E+00    0.2029172559E-22    0.1401145635E-23    0.3384076090E-07   -0.3549898972E+06   -0.1431683162E-31   -0.7203357582E-17   -0.6570388739E-33
    0.6540000000E+00    0.2174297571E-22    0.1501354598E-23    0.3462901348E-07   -0.4268200740E+07   -0.1844487688E-30   -0.9280338501E-16   -0.9070263600E-32
    0.6540000000E+00    0.2329801823E-22    0.1608730435E-23    0.3543562682E-07   -0.4829191587E+08   -0.2236172793E-29   -0.1125105936E-14   -0.1178282717E-30
    0.6540000000E+00    0.2496427630E-22    0.1723785718E-23    0.3626102861E-07   -0.1366774100E+09   -0.6781529641E-29   -0.3412052627E-14   -0.3828880502E-30
    0.6540000000E+00    0.2674970400E-22    0.1847069675E-23    0.3710565646E-07   -0.3571469223E+09   -0.1898793935E-28   -0.9553574457E-14   -0.1148740635E-29
    0.6540000000E+00    0.2866282424E-22    0.1979170815E-23    0.3796995823E-07   -0.2281910348E+10   -0.1299958541E-27   -0.6540599525E-13   -0.8427012727E-29
    0.6540000000E+00    0.3071276952E-22    0.2120719737E-23    0.3885439218E-07   -0.2444422684E+09   -0.1492131948E-28   -0.7507499049E-14   -0.1036457210E-29
    0.6540000000E+00    0.3290932546E-22    0.2272392139E-23    0.3975942724E-07    0.1659829595E+12    0.1085661477E-25    0.5462387236E-11    0.8080506351E-27
    0.6540000000E+00    0.3526297755E-22    0.2434912046E-23    0.4068554327E-07    0.1635969655E+13    0.1146584767E-24    0.5768916121E-10    0.9144296843E-26
    0.6540000000E+00    0.3778496121E-22    0.2609055264E-23    0.4163323131E-07   -0.2704393707E+12   -0.2030957524E-25   -0.1021854113E-10   -0.1735581406E-26
    0.6540000000E+00    0.4048731538E-22    0.2795653084E-23    0.4260299385E-07   -0.9728032300E+14   -0.7828092122E-23   -0.3938619118E-08   -0.7168034318E-24
    0.6540000000E+00    0.4338294005E-22    0.2995596250E-23    0.4359534505E-07   -0.2935582367E+16   -0.2531192612E-21   -0.1273541938E-06   -0.2483529610E-22
    0.6540000000E+00    0.4648565778E-22    0.3209839213E-23    0.4461081109E-07   -0.7574899838E+17   -0.6998545951E-20   -0.3521242016E-05   -0.7357867563E-21
    0.6540000000E+00    0.4981027973E-22    0.3439404683E-23    0.4564993037E-07   -0.4837027270E+18   -0.4788609907E-19   -0.2409336813E-04   -0.5394529940E-20
    0.6540000000E+00    0.5337267633E-22    0.3685388516E-23    0.4671325384E-07   -0.1350170510E+18   -0.1432252345E-19   -0.7206221362E-05   -0.1728875381E-20
    0.6540000000E+00    0.5718985306E-22    0.3948964943E-23    0.4780134531E-07    0.1169595023E+20    0.1329432941E-17    0.6688896751E-03    0.1719533272E-18
    0.6540000000E+00    0.6128003161E-22    0.4231392172E-23    0.4891478167E-07    0.2229925326E+21    0.2715946707E-16    0.1366498945E-01    0.3764136743E-17
    0.6540000000E+00    0.6566273690E-22    0.4534018400E-23    0.5005415331E-07    0.3412217576E+22    0.4453153234E-15    0.2240555450E+00    0.6613201989E-16
    0.6540000000E+00    0.7035889022E-22    0.4858288246E-23    0.5122006431E-07    0.9249563032E+22    0.1293457431E-14    0.6507889899E+00    0.2058241299E-15
    0.6540000000E+00    0.7539090917E-22    0.5205749646E-23    0.5241313287E-07    0.3413138998E+21    0.5114284682E-16    0.2573196522E-01    0.8720252232E-17
    0.6540000000E+00    0.8078281461E-22    0.5578061244E-23    0.5363399157E-07   -0.1572206777E+24   -0.2524297794E-13   -0.1270072886E+02   -0.4611951546E-14
    0.6540000000E+00    0.8656034539E-22    0.5977000309E-23    0.5488328773E-07   -0.1915262978E+25   -0.3295029733E-12   -0.1657858249E+03   -0.6450650109E-13
    0.6540000000E+00    0.9275108115E-22    0.6404471218E-23    0.5616168372E-07   -0.1875692676E+26   -0.3457742170E-11   -0.1739725236E+04   -0.7253318609E-12
    0.6540000000E+00    0.9938457404E-22    0.6862514550E-23    0.5746985739E-07   -0.1642865275E+27   -0.3245135788E-10   -0.1632754655E+05   -0.7294189167E-11
    0.6540000000E+00    0.1064924897E-21    0.7353316823E-23    0.5880850233E-07   -0.7530394349E+27   -0.1593854393E-09   -0.8019304428E+05   -0.3838776184E-10
    0.6540000000E+00    0.1141087586E-21    0.7879220933E-23    0.6017832832E-07   -0.8454213120E+27   -0.1917361999E-09   -0.9646997641E+05   -0.4948211607E-10
    0.6540000000E+00    0.1222697377E-21    0.8442737340E-23    0.6158006166E-07    0.2123617501E+27    0.5160683436E-10    0.2596541549E+05    0.1427090016E-10
    0.6540000000E+00    0.1310143844E-21    0.9046556049E-23    0.6301444556E-07    0.9285617620E+28    0.2417918841E-08    0.1216549477E+07    0.7164499678E-09
    0.6540000000E+00    0.1403844422E-21    0.9693559452E-23    0.6448224056E-07    0.6491428190E+29    0.1811219900E-07    0.9112955254E+07    0.5750628722E-08
    0.6540000000E+00    0.1504246400E-21    0.1038683609E-22    0.6598422489E-07    0.3610865864E+30    0.1079548801E-06    0.5431631975E+08    0.3672708225E-07
    0.6540000000E+00    0.1611829057E-21    0.1112969539E-22    0.6752119493E-07    0.1795171901E+31    0.5750915226E-06    0.2893510233E+09    0.2096433611E-06
    0.6540000000E+00    0.1727105951E-21    0.1192568347E-22    0.6909396560E-07    0.8215938659E+31    0.2820253274E-05    0.1418979655E+10    0.1101621137E-05
    0.6540000000E+00    0.1850627369E-21    0.1277860007E-22    0.7070337081E-07    0.3502304507E+32    0.1288204545E-04    0.6481460575E+10    0.5391740416E-05
    0.6540000000E+00    0.1982982953E-21    0.1369251667E-22    0.7235026388E-07    0.1399056441E+33    0.5513992347E-04    0.2774305072E+11    0.2472921367E-04
    0.6540000000E+00    0.2124804516E-21    0.1467179595E-22    0.7403551802E-07    0.5252956625E+33    0.2218373857E-03    0.1116150596E+12    0.1066053221E-03
    0.6540000000E+00    0.2276769058E-21    0.1572111260E-22    0.7576002677E-07    0.1855062227E+34    0.8394395096E-03    0.4223548279E+12    0.4322485591E-03
    0.6540000000E+00    0.2439602000E-21    0.1684547565E-22    0.7752470448E-07    0.6158008318E+34    0.2985872061E-02    0.1502308941E+13    0.1647461761E-02
    0.6540000000E+00    0.2614080640E-21    0.1805025236E-22    0.7933048683E-07    0.1709363310E+35    0.8881070176E-02    0.4468413534E+13    0.5250606234E-02
    0.6540000000E+00    0.2801037871E-21    0.1934119387E-22    0.8117833125E-07    0.3599081160E+35    0.2003653245E-01    0.1008116263E+14    0.1269307108E-01
    0.6540000000E+00    0.3001366153E-21    0.2072446262E-22    0.8306921749E-07    0.6274991774E+35    0.3743209072E-01    0.1883354792E+14    0.2540903859E-01
    0.6540000000E+00    0.3216021775E-21    0.2220666179E-22    0.8500414813E-07    0.9383607793E+35    0.5997921413E-01    0.3017788700E+14    0.4362595221E-01
    0.6540000000E+00    0.3446029418E-21    0.2379486681E-22    0.8698414910E-07    0.1218437316E+36    0.8345149384E-01    0.4198770836E+14    0.6503966016E-01
    0.6540000000E+00    0.3692487048E-21    0.2549665916E-22    0.8901027021E-07    0.1380253151E+36    0.1012953878E+00    0.5096566884E+14    0.8459288163E-01
    0.6540000000E+00    0.3956571157E-21    0.2732016250E-22    0.9108358575E-07    0.1398556478E+36    0.1099792954E+00    0.5533488221E+14    0.9841359149E-01
    0.6540000000E+00    0.4239542377E-21    0.2927408154E-22    0.9320519501E-07    0.1382366499E+36    0.1164807408E+00    0.5860601352E+14    0.1116858805E+00
    0.6540000000E+00    0.4542751502E-21    0.3136774352E-22    0.9537622289E-07    0.1288680190E+36    0.1163525957E+00    0.5854153869E+14    0.1195419193E+00
    0.6540000000E+00    0.4867645933E-21    0.3361114274E-22    0.9759782052E-07    0.1053770453E+36    0.1019475846E+00    0.5129381458E+14    0.1122331336E+00
    0.6540000000E+00    0.5215776589E-21    0.3601498832E-22    0.9987116580E-07    0.7767338289E+35    0.8051988467E-01    0.4051270120E+14    0.9498330833E-01
    0.6540000000E+00    0.5588805307E-21    0.3859075526E-22    0.1021974641E-06    0.5298864537E+35    0.5885911679E-01    0.2961432225E+14    0.7439742241E-01
    0.6540000000E+00    0.5988512779E-21    0.4135073927E-22    0.1045779488E-06    0.3394190256E+35    0.4039867360E-01    0.2032615172E+14    0.5471561113E-01
    0.6540000000E+00    0.6416807053E-21    0.4430811541E-22    0.1070138822E-06    0.2048261961E+35    0.2612260140E-01    0.1314330180E+14    0.3791059247E-01
    0.6540000000E+00    0.6875732635E-21    0.4747700104E-22    0.1095065557E-06    0.1161499270E+35    0.1587266554E-01    0.7986158435E+13    0.2468277663E-01
    0.6540000000E+00    0.7367480256E-21    0.5087252317E-22    0.1120572911E-06    0.6170754027E+34    0.9035853046E-02    0.4546290846E+13    0.1505612831E-01
    0.6540000000E+00    0.7894397325E-21    0.5451089068E-22    0.1146674407E-06    0.3070762611E+34    0.4818115070E-02    0.2424182014E+13    0.8602433341E-02
    0.6540000000E+00    0.8458999137E-21    0.5840947171E-22    0.1173383885E-06    0.1435377363E+34    0.2413220559E-02    0.1214185587E+13    0.4616801099E-02
    0.6540000000E+00    0.9063980879E-21    0.6258687655E-22    0.1200715507E-06    0.6328763454E+33    0.1140117961E-02    0.5736379093E+12    0.2337189549E-02
    0.6540000000E+00    0.9712230494E-21    0.6706304648E-22    0.1228683764E-06    0.2641478966E+33    0.5098918622E-03    0.2565465256E+12    0.1120010847E-02
    0.6540000000E+00    0.1040684247E-20    0.7185934897E-22    0.1257303485E-06    0.1045669964E+33    0.2162845798E-03    0.1088212259E+12    0.5090608581E-03
    0.6540000000E+00    0.1115113261E-20    0.7699867968E-22    0.1286589846E-06    0.3929603995E+32    0.8709229010E-04    0.4381953527E+11    0.2196462832E-03
    0.6540000000E+00    0.1194865387E-20    0.8250557175E-22    0.1316558373E-06    0.1403529171E+32    0.3333130882E-04    0.1677028426E+11    0.9007339152E-04
    0.6540000000E+00    0.1280321329E-20    0.8840631292E-22    0.1347224957E-06    0.4775444952E+31    0.1215191623E-04    0.6114104030E+10    0.3518754075E-04
    0.6540000000E+00    0.1371889021E-20    0.9472907100E-22    0.1378605858E-06    0.1552671002E+31    0.4233605299E-05    0.2130092302E+10    0.1313573911E-04
    0.6540000000E+00    0.1470005571E-20    0.1015040283E-21    0.1410717713E-06    0.4838483283E+30    0.1413644373E-05    0.7112597382E+09    0.4699853459E-05
    0.6540000000E+00    0.1575139348E-20    0.1087635259E-21    0.1443577550E-06    0.1448609967E+30    0.4535053272E-06    0.2281762559E+09    0.1615572831E-05
    0.6540000000E+00    0.1687792220E-20    0.1165422177E-21    0.1477202791E-06    0.4176988896E+29    0.1401181016E-06    0.7049889362E+08    0.5348578728E-06
    0.6540000000E+00    0.1808501947E-20    0.1248772362E-21    0.1511611264E-06    0.1163226426E+29    0.4181144566E-07    0.2103697256E+08    0.1710170190E-06
    0.6540000000E+00    0.1937844750E-20    0.1338083694E-21    0.1546821213E-06    0.3133684793E+28    0.1206941537E-07    0.6072594623E+07    0.5289691959E-07
    0.6540000000E+00    0.2076438060E-20    0.1433782510E-21    0.1582851308E-06    0.8151121850E+27    0.3363940529E-08    0.1692529964E+07    0.1579764890E-07
    0.6540000000E+00    0.2224943467E-20    0.1536325639E-21    0.1619720651E-06    0.2041362286E+27    0.9027157313E-09    0.4541915683E+06    0.4542502332E-08
    0.6540000000E+00    0.2384069878E-20    0.1646202581E-21    0.1657448792E-06    0.4945096213E+26    0.2343180096E-09    0.1178945493E+06    0.1263426023E-08
    0.6540000000E+00    0.2554576900E-20    0.1763937846E-21    0.1696055734E-06    0.1205838809E+26    0.6122378585E-10    0.3080407967E+05    0.3537238386E-09
    0.6540000000E+00    0.2737278465E-20    0.1890093455E-21    0.1735561947E-06    0.2978349936E+25    0.1620341842E-10    0.8152573141E+04    0.1003115163E-09
    0.6540000000E+00    0.2933046719E-20    0.2025271626E-21    0.1775988378E-06    0.6732333594E+24    0.3924610410E-11    0.1974624896E+04    0.2603398795E-10
    0.6540000000E+00    0.3142816182E-20    0.2170117645E-21    0.1817356462E-06    0.1505872476E+24    0.9406306360E-12    0.4732680388E+03    0.6685952203E-11
    0.6540000000E+00    0.3367588212E-20    0.2325322952E-21    0.1859688132E-06    0.3767995979E+23    0.2521978353E-12    0.1268905884E+03    0.1920814841E-11
    0.6540000000E+00    0.3608435782E-20    0.2491628434E-21    0.1903005833E-06    0.7510444412E+22    0.5386374680E-13    0.2710095635E+02    0.4395828173E-12
    0.6540000000E+00    0.3866508602E-20    0.2669827968E-21    0.1947332533E-06    0.2877446481E+22    0.2211251694E-13    0.1112567157E+02    0.1933669854E-12
