    0.6740000000E+00    0.4143038610E-23    0.2860772210E-24    0.1992691735E-07   -0.5956691402E-04   -0.4904966269E-42   -0.2467880247E-27   -0.3571628823E-44
    0.6740000000E+00    0.4439345853E-23    0.3065372650E-24    0.2039107488E-07   -0.4303083478E-04   -0.3796738578E-42   -0.1910287579E-27   -0.2962381515E-44
    0.6740000000E+00    0.4756844785E-23    0.3284605973E-24    0.2086604403E-07    0.1153326448E-03    0.1090393302E-41    0.5486194897E-27    0.9116192118E-44
    0.6740000000E+00    0.5097051019E-23    0.3519518710E-24    0.2135207663E-07    0.2747278827E-03    0.2783131092E-41    0.1400302035E-26    0.2493239261E-43
    0.6740000000E+00    0.5461588566E-23    0.3771232243E-24    0.2184943039E-07    0.1895289656E-03    0.2057342114E-41    0.1035129232E-26    0.1974862259E-43
    0.6740000000E+00    0.5852197586E-23    0.4040948153E-24    0.2235836900E-07   -0.6845516602E-03   -0.7962274612E-41   -0.4006131573E-26   -0.8189689679E-43
    0.6740000000E+00    0.6270742692E-23    0.4329953957E-24    0.2287916232E-07   -0.1309826110E-02   -0.1632467588E-40   -0.8213582504E-26   -0.1799181021E-42
    0.6740000000E+00    0.6719221852E-23    0.4639629256E-24    0.2341208647E-07   -0.5847254053E-04   -0.7808774607E-42   -0.3928899721E-27   -0.9221746540E-44
    0.6740000000E+00    0.7199775931E-23    0.4971452317E-24    0.2395742402E-07    0.4682667476E-02    0.6700762771E-40    0.3371415658E-25    0.8479193315E-42
    0.6740000000E+00    0.7714698903E-23    0.5327007132E-24    0.2451546411E-07    0.3509972418E-02    0.5381887653E-40    0.2707838036E-25    0.7297345714E-42
    0.6740000000E+00    0.8266448809E-23    0.5707990981E-24    0.2508650263E-07   -0.1163776867E-01   -0.1912056160E-39   -0.9620301895E-25   -0.2777991663E-41
    0.6740000000E+00    0.8857659485E-23    0.6116222531E-24    0.2567084234E-07   -0.1224545723E-01   -0.2155787403E-39   -0.1084660904E-24   -0.3356110285E-41
    0.6740000000E+00    0.9491153137E-23    0.6553650517E-24    0.2626879307E-07    0.2530313960E-01    0.4773152779E-39    0.2401559728E-24    0.7962246699E-41
    0.6740000000E+00    0.1016995382E-22    0.7022363048E-24    0.2688067187E-07    0.2915077797E-01    0.5892248757E-39    0.2964620656E-24    0.1053201254E-40
    0.6740000000E+00    0.1089730185E-22    0.7524597575E-24    0.2750680315E-07   -0.5422495412E-01   -0.1174438060E-38   -0.5909056926E-24   -0.2249367475E-40
    0.6740000000E+00    0.1167666930E-22    0.8062751566E-24    0.2814751890E-07   -0.5041026507E-01   -0.1169903136E-38   -0.5886239947E-24   -0.2400933874E-40
    0.6740000000E+00    0.1251177658E-22    0.8639393956E-24    0.2880315884E-07    0.1101030700E+00    0.2737980510E-38    0.1377585012E-23    0.6020889355E-40
    0.6740000000E+00    0.1340661015E-22    0.9257277409E-24    0.2947407060E-07    0.3603145415E-01    0.9600916963E-39    0.4830596589E-24    0.2262262557E-40
    0.6740000000E+00    0.1436544159E-22    0.9919351458E-24    0.3016060990E-07   -0.1839429779E+00   -0.5251872052E-38   -0.2642422106E-23   -0.1326002769E-39
    0.6740000000E+00    0.1539284799E-22    0.1062877658E-23    0.3086314075E-07    0.1662422535E+00    0.5085952986E-38    0.2558941738E-23    0.1375949945E-39
    0.6740000000E+00    0.1649373379E-22    0.1138893930E-23    0.3158203565E-07    0.2123154475E+00    0.6960052528E-38    0.3501874470E-23    0.2017635967E-39
    0.6740000000E+00    0.1767335417E-22    0.1220346833E-23    0.3231767576E-07   -0.1052127576E+01   -0.3695722273E-37   -0.1859462328E-22   -0.1147967575E-38
    0.6740000000E+00    0.1893734018E-22    0.1307625190E-23    0.3307045113E-07   -0.2893659253E+00   -0.1089126469E-37   -0.5479820963E-23   -0.3625004973E-39
    0.6740000000E+00    0.2029172559E-22    0.1401145635E-23    0.3384076090E-07    0.1165629455E+02    0.4701012837E-36    0.2365263304E-21    0.1676570156E-37
    0.6740000000E+00    0.2174297571E-22    0.1501354598E-23    0.3462901348E-07    0.1070420780E+02    0.4625785125E-36    0.2327413301E-21    0.1767729254E-37
    0.6740000000E+00    0.2329801823E-22    0.1608730435E-23    0.3543562682E-07   -0.8204707302E+02   -0.3799216269E-35   -0.1911534203E-20   -0.1555694479E-36
    0.6740000000E+00    0.2496427630E-22    0.1723785718E-23    0.3626102861E-07   -0.1992342042E+03   -0.9885413116E-35   -0.4973737723E-20   -0.4337356478E-36
    0.6740000000E+00    0.2674970400E-22    0.1847069675E-23    0.3710565646E-07   -0.2050323499E+02   -0.1090067303E-35   -0.5484554669E-21   -0.5124878894E-37
    0.6740000000E+00    0.2866282424E-22    0.1979170815E-23    0.3796995823E-07    0.2650590085E+02    0.1509987990E-35    0.7597339775E-21    0.7606831337E-37
    0.6740000000E+00    0.3071276952E-22    0.2120719737E-23    0.3885439218E-07   -0.2475832742E+04   -0.1511305371E-33   -0.7603968037E-19   -0.8157977813E-35
    0.6740000000E+00    0.3290932546E-22    0.2272392139E-23    0.3975942724E-07   -0.1115146241E+06   -0.7293949440E-32   -0.3669871057E-17   -0.4218839879E-33
    0.6740000000E+00    0.3526297755E-22    0.2434912046E-23    0.4068554327E-07   -0.5551114607E+07   -0.3890551045E-30   -0.1957488298E-15   -0.2411245397E-31
    0.6740000000E+00    0.3778496121E-22    0.2609055264E-23    0.4163323131E-07   -0.9449761190E+07   -0.7096623373E-30   -0.3570588600E-15   -0.4712833005E-31
    0.6740000000E+00    0.4048731538E-22    0.2795653084E-23    0.4260299385E-07    0.1545267060E+09    0.1243467592E-28    0.6256371482E-14    0.8848400364E-30
    0.6740000000E+00    0.4338294005E-22    0.2995596250E-23    0.4359534505E-07    0.6059545684E+10    0.5224815847E-27    0.2628809071E-12    0.3983834442E-28
    0.6740000000E+00    0.4648565778E-22    0.3209839213E-23    0.4461081109E-07    0.7800643990E+10    0.7207113835E-27    0.3626180670E-12    0.5888323688E-28
    0.6740000000E+00    0.4981027973E-22    0.3439404683E-23    0.4564993037E-07   -0.1364230556E+12   -0.1350574969E-25   -0.6795270561E-11   -0.1182357990E-26
    0.6740000000E+00    0.5337267633E-22    0.3685388516E-23    0.4671325384E-07   -0.5423199507E+13   -0.5752895766E-24   -0.2894506720E-09   -0.5396557382E-25
    0.6740000000E+00    0.5718985306E-22    0.3948964943E-23    0.4780134531E-07   -0.1670607882E+15   -0.1898914672E-22   -0.9554181931E-08   -0.1908691520E-23
    0.6740000000E+00    0.6128003161E-22    0.4231392172E-23    0.4891478167E-07   -0.4390990629E+16   -0.5348025067E-21   -0.2690800446E-06   -0.5760016508E-22
    0.6740000000E+00    0.6566273690E-22    0.4534018400E-23    0.5005415331E-07   -0.1056045355E+17   -0.1378203964E-20   -0.6934282830E-06   -0.1590537045E-21
    0.6740000000E+00    0.7035889022E-22    0.4858288246E-23    0.5122006431E-07    0.2391339670E+17    0.3344045610E-20    0.1682520053E-05    0.4135256817E-21
    0.6740000000E+00    0.7539090917E-22    0.5205749646E-23    0.5241313287E-07    0.8806552748E+18    0.1319583464E-18    0.6639340183E-04    0.1748506127E-19
    0.6740000000E+00    0.8078281461E-22    0.5578061244E-23    0.5363399157E-07    0.1676626862E+20    0.2691952199E-17    0.1354426370E-02    0.3822061209E-18
    0.6740000000E+00    0.8656034539E-22    0.5977000309E-23    0.5488328773E-07    0.2609325870E+21    0.4489099628E-16    0.2258641485E-01    0.6829509884E-17
    0.6740000000E+00    0.9275108115E-22    0.6404471218E-23    0.5616168372E-07    0.5875491757E+21    0.1083116434E-15    0.5449582128E-01    0.1765653335E-16
    0.6740000000E+00    0.9938457404E-22    0.6862514550E-23    0.5746985739E-07   -0.3126424785E+21   -0.6175596450E-16   -0.3107183955E-01   -0.1078721172E-16
    0.6740000000E+00    0.1064924897E-21    0.7353316823E-23    0.5880850233E-07   -0.1583458223E+23   -0.3351486956E-14   -0.1686264085E+01   -0.6272892247E-15
    0.6740000000E+00    0.1141087586E-21    0.7879220933E-23    0.6017832832E-07   -0.1992680233E+24   -0.4519272579E-13   -0.2273822676E+02   -0.9063560342E-14
    0.6740000000E+00    0.1222697377E-21    0.8442737340E-23    0.6158006166E-07   -0.2090761608E+25   -0.5080839084E-12   -0.2556368734E+03   -0.1091856929E-12
    0.6740000000E+00    0.1310143844E-21    0.9046556049E-23    0.6301444556E-07   -0.1979039272E+26   -0.5153298939E-11   -0.2592826120E+04   -0.1186630837E-11
    0.6740000000E+00    0.1403844422E-21    0.9693559452E-23    0.6448224056E-07   -0.1339154377E+27   -0.3736470598E-10   -0.1879964403E+05   -0.9219170844E-11
    0.6740000000E+00    0.1504246400E-21    0.1038683609E-22    0.6598422489E-07   -0.2089384805E+27   -0.6246681397E-10   -0.3142949571E+05   -0.1651504076E-10
    0.6740000000E+00    0.1611829057E-21    0.1112969539E-22    0.6752119493E-07   -0.6336537435E+26   -0.2029938726E-10   -0.1021341516E+05   -0.5750600831E-11
    0.6740000000E+00    0.1727105951E-21    0.1192568347E-22    0.6909396560E-07    0.1470290402E+28    0.5047008615E-09    0.2539347303E+06    0.1532019665E-09
    0.6740000000E+00    0.1850627369E-21    0.1277860007E-22    0.7070337081E-07    0.1209489104E+29    0.4448697584E-08    0.2238313637E+07    0.1446982164E-08
    0.6740000000E+00    0.1982982953E-21    0.1369251667E-22    0.7235026388E-07    0.7510749670E+29    0.2960153358E-07    0.1489368856E+08    0.1031678797E-07
    0.6740000000E+00    0.2124804516E-21    0.1467179595E-22    0.7403551802E-07    0.4149251208E+30    0.1752268497E-06    0.8816347705E+08    0.6543814007E-07
    0.6740000000E+00    0.2276769058E-21    0.1572111260E-22    0.7576002677E-07    0.2111210725E+31    0.9553499985E-06    0.4806739254E+09    0.3822898798E-06
    0.6740000000E+00    0.2439602000E-21    0.1684547565E-22    0.7752470448E-07    0.1000028226E+32    0.4848899491E-05    0.2439670860E+10    0.2079090893E-05
    0.6740000000E+00    0.2614080640E-21    0.1805025236E-22    0.7933048683E-07    0.4427584300E+32    0.2300370358E-04    0.1157406240E+11    0.1056885785E-04
    0.6740000000E+00    0.2801037871E-21    0.1934119387E-22    0.8117833125E-07    0.1835372005E+33    0.1021774422E-03    0.5140946492E+11    0.5030200788E-04
    0.6740000000E+00    0.3001366153E-21    0.2072446262E-22    0.8306921749E-07    0.7130125294E+33    0.4253320266E-03    0.2140011673E+12    0.2243666892E-03
    0.6740000000E+00    0.3216021775E-21    0.2220666179E-22    0.8500414813E-07    0.2599160262E+34    0.1661360890E-02    0.8358956001E+12    0.9390620209E-03
    0.6740000000E+00    0.3446029418E-21    0.2379486681E-22    0.8698414910E-07    0.8908225149E+34    0.6101296195E-02    0.3069800593E+13    0.3695322981E-02
    0.6740000000E+00    0.3692487048E-21    0.2549665916E-22    0.8901027021E-07    0.2432831850E+35    0.1785430777E-01    0.8983200096E+13    0.1158706146E-01
    0.6740000000E+00    0.3956571157E-21    0.2732016250E-22    0.9108358575E-07    0.4823058719E+35    0.3792743504E-01    0.1908277501E+14    0.2637447158E-01
    0.6740000000E+00    0.4239542377E-21    0.2927408154E-22    0.9320519501E-07    0.7668239106E+35    0.6461399150E-01    0.3250982465E+14    0.4814562891E-01
    0.6740000000E+00    0.4542751502E-21    0.3136774352E-22    0.9537622289E-07    0.1020242166E+36    0.9211581370E-01    0.4634706634E+14    0.7354691944E-01
    0.6740000000E+00    0.4867645933E-21    0.3361114274E-22    0.9759782052E-07    0.1154530873E+36    0.1116957052E+00    0.5619847507E+14    0.9555793772E-01
    0.6740000000E+00    0.5215776589E-21    0.3601498832E-22    0.9987116580E-07    0.1163182227E+36    0.1205809446E+00    0.6066898630E+14    0.1105373314E+00
    0.6740000000E+00    0.5588805307E-21    0.3859075526E-22    0.1021974641E-06    0.1141540013E+36    0.1268008203E+00    0.6379844885E+14    0.1245524736E+00
    0.6740000000E+00    0.5988512779E-21    0.4135073927E-22    0.1045779488E-06    0.1029707208E+36    0.1225588499E+00    0.6166414776E+14    0.1289956220E+00
    0.6740000000E+00    0.6416807053E-21    0.4430811541E-22    0.1070138822E-06    0.7983771847E+35    0.1018213947E+00    0.5123032350E+14    0.1148336940E+00
    0.6740000000E+00    0.6875732635E-21    0.4747700104E-22    0.1095065557E-06    0.5509000157E+35    0.7528417727E-01    0.3787841217E+14    0.9097750086E-01
    0.6740000000E+00    0.7367480256E-21    0.5087252317E-22    0.1120572911E-06    0.3474301116E+35    0.5087429217E-01    0.2559684488E+14    0.6587622038E-01
    0.6740000000E+00    0.7894397325E-21    0.5451089068E-22    0.1146674407E-06    0.2032803262E+35    0.3189526926E-01    0.1604775663E+14    0.4425441119E-01
    0.6740000000E+00    0.8458999137E-21    0.5840947171E-22    0.1173383885E-06    0.1107894594E+35    0.1862641896E-01    0.9371679417E+13    0.2769234039E-01
    0.6740000000E+00    0.9063980879E-21    0.6258687655E-22    0.1200715507E-06    0.5603785899E+34    0.1009514260E-01    0.5079260823E+13    0.1608209976E-01
    0.6740000000E+00    0.9712230494E-21    0.6706304648E-22    0.1228683764E-06    0.2614641156E+34    0.5047112867E-02    0.2539399756E+13    0.8615357644E-02
    0.6740000000E+00    0.1040684247E-20    0.7185934897E-22    0.1257303485E-06    0.1121175474E+34    0.2319020099E-02    0.1166789654E+13    0.4241649774E-02
    0.6740000000E+00    0.1115113261E-20    0.7699867968E-22    0.1286589846E-06    0.4422307582E+33    0.9801213949E-03    0.4931373831E+12    0.1920923915E-02
    0.6740000000E+00    0.1194865387E-20    0.8250557175E-22    0.1316558373E-06    0.1612395205E+33    0.3829150374E-03    0.1926595221E+12    0.8041419445E-03
    0.6740000000E+00    0.1280321329E-20    0.8840631292E-22    0.1347224957E-06    0.5466742653E+32    0.1391103854E-03    0.6999187221E+11    0.3130328014E-03
    0.6740000000E+00    0.1371889021E-20    0.9472907100E-22    0.1378605858E-06    0.1728917391E+32    0.4714169206E-04    0.2371882787E+11    0.1136672782E-03
    0.6740000000E+00    0.1470005571E-20    0.1015040283E-21    0.1410717713E-06    0.5092659546E+31    0.1487906249E-04    0.7486237905E+10    0.3844199002E-04
    0.6740000000E+00    0.1575139348E-20    0.1087635259E-21    0.1443577550E-06    0.1392543494E+31    0.4359530220E-05    0.2193450052E+10    0.1206896385E-04
    0.6740000000E+00    0.1687792220E-20    0.1165422177E-21    0.1477202791E-06    0.3541492288E+30    0.1188002144E-05    0.5977303131E+09    0.3524094278E-05
    0.6740000000E+00    0.1808501947E-20    0.1248772362E-21    0.1511611264E-06    0.8473187771E+29    0.3045634298E-06    0.1532377658E+09    0.9680728684E-06
    0.6740000000E+00    0.1937844750E-20    0.1338083694E-21    0.1546821213E-06    0.1958156799E+29    0.7541858652E-07    0.3794603871E+08    0.2568672183E-06
    0.6740000000E+00    0.2076438060E-20    0.1433782510E-21    0.1582851308E-06    0.4544011086E+28    0.1875298068E-07    0.9435357564E+07    0.6843851856E-07
    0.6740000000E+00    0.2224943467E-20    0.1536325639E-21    0.1619720651E-06    0.1050196597E+28    0.4644099659E-08    0.2336628059E+07    0.1816066824E-07
    0.6740000000E+00    0.2384069878E-20    0.1646202581E-21    0.1657448792E-06    0.2277135604E+27    0.1078995958E-08    0.5428850403E+06    0.4521162447E-08
    0.6740000000E+00    0.2554576900E-20    0.1763937846E-21    0.1696055734E-06    0.5214360541E+26    0.2647475688E-09    0.1332048499E+06    0.1188672662E-08
    0.6740000000E+00    0.2737278465E-20    0.1890093455E-21    0.1735561947E-06    0.1274677203E+26    0.6934755326E-10    0.3489146458E+05    0.3336271893E-09
    0.6740000000E+00    0.2933046719E-20    0.2025271626E-21    0.1775988378E-06    0.2962663055E+25    0.1727082906E-10    0.8689629154E+04    0.8903145680E-10
    0.6740000000E+00    0.3142816182E-20    0.2170117645E-21    0.1817356462E-06    0.5785106900E+24    0.3613618595E-11    0.1818152758E+04    0.1996055471E-10
    0.6740000000E+00    0.3367588212E-20    0.2325322952E-21    0.1859688132E-06    0.1443936765E+24    0.9664493502E-12    0.4862584430E+03    0.5720176011E-11
    0.6740000000E+00    0.3608435782E-20    0.2491628434E-21    0.1903005833E-06    0.2845369431E+23    0.2040654989E-12    0.1026733287E+03    0.1294195482E-11
    0.6740000000E+00    0.3866508602E-20    0.2669827968E-21    0.1947332533E-06    0.1093401706E+23    0.8402541593E-13    0.4227647100E+02    0.5710063854E-12
