    0.6720000000E+00    0.4143038610E-23    0.2860772210E-24    0.1992691735E-07   -0.9261030062E-04   -0.7625884405E-42   -0.3836880512E-27   -0.5667137268E-44
    0.6720000000E+00    0.4439345853E-23    0.3065372650E-24    0.2039107488E-07    0.2183992484E-03    0.1927001548E-41    0.9695497980E-27    0.1534460021E-43
    0.6720000000E+00    0.4756844785E-23    0.3284605973E-24    0.2086604403E-07    0.3939620542E-03    0.3724648698E-41    0.1874016343E-26    0.3178036139E-43
    0.6720000000E+00    0.5097051019E-23    0.3519518710E-24    0.2135207663E-07    0.2112452496E-03    0.2140020213E-41    0.1076727815E-26    0.1956551977E-43
    0.6720000000E+00    0.5461588566E-23    0.3771232243E-24    0.2184943039E-07   -0.1226453446E-02   -0.1331318576E-40   -0.6698384120E-26   -0.1304233965E-42
    0.6720000000E+00    0.5852197586E-23    0.4040948153E-24    0.2235836900E-07   -0.2063179838E-02   -0.2399761099E-40   -0.1207413607E-25   -0.2519077467E-42
    0.6720000000E+00    0.6270742692E-23    0.4329953957E-24    0.2287916232E-07   -0.1456137823E-03   -0.1814819373E-41   -0.9131065613E-27   -0.2041300402E-43
    0.6720000000E+00    0.6719221852E-23    0.4639629256E-24    0.2341208647E-07    0.7822368064E-02    0.1044646060E-39    0.5256022643E-25    0.1259049152E-41
    0.6720000000E+00    0.7199775931E-23    0.4971452317E-24    0.2395742402E-07    0.6901784954E-02    0.9876256196E-40    0.4969130519E-25    0.1275457117E-41
    0.6720000000E+00    0.7714698903E-23    0.5327007132E-24    0.2451546411E-07   -0.1766509485E-01   -0.2708612619E-39   -0.1362808879E-24   -0.3748179765E-41
    0.6720000000E+00    0.8266448809E-23    0.5707990981E-24    0.2508650263E-07   -0.2626784537E-01   -0.4315741015E-39   -0.2171417991E-24   -0.6399247233E-41
    0.6720000000E+00    0.8857659485E-23    0.6116222531E-24    0.2567084234E-07    0.3244750737E-01    0.5712316519E-39    0.2874089714E-24    0.9075817992E-41
    0.6720000000E+00    0.9491153137E-23    0.6553650517E-24    0.2626879307E-07    0.7131138717E-01    0.1345209137E-38    0.6768272960E-24    0.2290146805E-40
    0.6720000000E+00    0.1016995382E-22    0.7022363048E-24    0.2688067187E-07   -0.6877076049E-01   -0.1390063855E-38   -0.6993954580E-24   -0.2535760691E-40
    0.6720000000E+00    0.1089730185E-22    0.7524597575E-24    0.2750680315E-07   -0.1476034185E+00   -0.3196887400E-38   -0.1608479005E-23   -0.6248860854E-40
    0.6720000000E+00    0.1167666930E-22    0.8062751566E-24    0.2814751890E-07    0.1701649486E+00    0.3949126367E-38    0.1986959832E-23    0.8271314705E-40
    0.6720000000E+00    0.1251177658E-22    0.8639393956E-24    0.2880315884E-07    0.2285851408E+00    0.5684325248E-38    0.2860006212E-23    0.1275711392E-39
    0.6720000000E+00    0.1340661015E-22    0.9257277409E-24    0.2947407060E-07   -0.3825569339E+00   -0.1019358625E-37   -0.5128791672E-23   -0.2451322865E-39
    0.6720000000E+00    0.1436544159E-22    0.9919351458E-24    0.3016060990E-07   -0.2057181265E+00   -0.5873588060E-38   -0.2955231730E-23   -0.1513481088E-39
    0.6720000000E+00    0.1539284799E-22    0.1062877658E-23    0.3086314075E-07    0.8816916160E+00    0.2697414173E-37    0.1357174502E-22    0.7447682418E-39
    0.6720000000E+00    0.1649373379E-22    0.1138893930E-23    0.3158203565E-07   -0.6851683464E+00   -0.2246095486E-37   -0.1130098431E-22   -0.6645103189E-39
    0.6720000000E+00    0.1767335417E-22    0.1220346833E-23    0.3231767576E-07   -0.2497007524E+01   -0.8771033602E-37   -0.4413049832E-22   -0.2780508897E-38
    0.6720000000E+00    0.1893734018E-22    0.1307625190E-23    0.3307045113E-07    0.7377738632E+01    0.2776861310E-36    0.1397147462E-21    0.9432519328E-38
    0.6720000000E+00    0.2029172559E-22    0.1401145635E-23    0.3384076090E-07    0.2331887018E+02    0.9404558851E-36    0.4731801148E-21    0.3423039753E-37
    0.6720000000E+00    0.2174297571E-22    0.1501354598E-23    0.3462901348E-07   -0.1697891326E+02   -0.7337376654E-36   -0.3691720986E-21   -0.2861635586E-37
    0.6720000000E+00    0.2329801823E-22    0.1608730435E-23    0.3543562682E-07   -0.2574121958E+03   -0.1191955504E-34   -0.5997194030E-20   -0.4981195161E-36
    0.6720000000E+00    0.2496427630E-22    0.1723785718E-23    0.3626102861E-07   -0.2188814471E+03   -0.1086025131E-34   -0.5464216923E-20   -0.4863102122E-36
    0.6720000000E+00    0.2674970400E-22    0.1847069675E-23    0.3710565646E-07    0.2520085693E+03    0.1339819310E-34    0.6741154633E-20    0.6428649484E-36
    0.6720000000E+00    0.2866282424E-22    0.1979170815E-23    0.3796995823E-07   -0.1801599505E+03   -0.1026335091E-34   -0.5163892997E-20   -0.5276703504E-36
    0.6720000000E+00    0.3071276952E-22    0.2120719737E-23    0.3885439218E-07   -0.1334824151E+05   -0.8148074282E-33   -0.4099614649E-18   -0.4488781790E-34
    0.6720000000E+00    0.3290932546E-22    0.2272392139E-23    0.3975942724E-07   -0.5513876673E+06   -0.3606516904E-31   -0.1814579620E-16   -0.2128930512E-32
    0.6720000000E+00    0.3526297755E-22    0.2434912046E-23    0.4068554327E-07   -0.1328862833E+08   -0.9313460538E-30   -0.4685966026E-15   -0.5890939914E-31
    0.6720000000E+00    0.3778496121E-22    0.2609055264E-23    0.4163323131E-07   -0.8830932970E+07   -0.6631893024E-30   -0.3336764597E-15   -0.4494806772E-31
    0.6720000000E+00    0.4048731538E-22    0.2795653084E-23    0.4260299385E-07    0.7547514154E+09    0.6073441603E-28    0.3055785859E-13    0.4410708680E-29
    0.6720000000E+00    0.4338294005E-22    0.2995596250E-23    0.4359534505E-07    0.1248750781E+11    0.1076729710E-26    0.5417448025E-12    0.8378768879E-28
    0.6720000000E+00    0.4648565778E-22    0.3209839213E-23    0.4461081109E-07    0.5228428026E+10    0.4830610910E-27    0.2430469159E-12    0.4027871177E-28
    0.6720000000E+00    0.4981027973E-22    0.3439404683E-23    0.4564993037E-07   -0.5934840841E+12   -0.5875434656E-25   -0.2956160824E-10   -0.5249446511E-26
    0.6720000000E+00    0.5337267633E-22    0.3685388516E-23    0.4671325384E-07   -0.2077598188E+14   -0.2203903029E-23   -0.1108869756E-08   -0.2109920035E-24
    0.6720000000E+00    0.5718985306E-22    0.3948964943E-23    0.4780134531E-07   -0.6129264264E+15   -0.6966895082E-22   -0.3505317226E-07   -0.7146819021E-23
    0.6720000000E+00    0.6128003161E-22    0.4231392172E-23    0.4891478167E-07   -0.1040968347E+17   -0.1267851673E-20   -0.6379057323E-06   -0.1393612273E-21
    0.6720000000E+00    0.6566273690E-22    0.4534018400E-23    0.5005415331E-07   -0.1197867082E+17   -0.1563290016E-20   -0.7865523104E-06   -0.1841251309E-21
    0.6720000000E+00    0.7035889022E-22    0.4858288246E-23    0.5122006431E-07    0.1135098864E+18    0.1587320455E-19    0.7986429635E-05    0.2003263726E-20
    0.6720000000E+00    0.7539090917E-22    0.5205749646E-23    0.5241313287E-07    0.2847386376E+19    0.4266554786E-18    0.2146670477E-03    0.5769668231E-19
    0.6720000000E+00    0.8078281461E-22    0.5578061244E-23    0.5363399157E-07    0.5116321948E+20    0.8214644790E-17    0.4133108874E-02    0.1190316087E-17
    0.6720000000E+00    0.8656034539E-22    0.5977000309E-23    0.5488328773E-07    0.5402759595E+21    0.9294939497E-16    0.4676647366E-01    0.1443178604E-16
    0.6720000000E+00    0.9275108115E-22    0.6404471218E-23    0.5616168372E-07    0.6579743937E+21    0.1212941671E-15    0.6102783639E-01    0.2017964077E-16
    0.6720000000E+00    0.9938457404E-22    0.6862514550E-23    0.5746985739E-07   -0.2234287606E+22   -0.4413366563E-15   -0.2220537220E+00   -0.7867622518E-16
    0.6720000000E+00    0.1064924897E-21    0.7353316823E-23    0.5880850233E-07   -0.4419243637E+23   -0.9353601625E-14   -0.4706162575E+01   -0.1786703069E-14
    0.6720000000E+00    0.1141087586E-21    0.7879220933E-23    0.6017832832E-07   -0.5120041318E+24   -0.1161192948E-12   -0.5842415588E+02   -0.2376719360E-13
    0.6720000000E+00    0.1222697377E-21    0.8442737340E-23    0.6158006166E-07   -0.5150937505E+25   -0.1251748860E-11   -0.6298037779E+03   -0.2745305745E-12
    0.6720000000E+00    0.1310143844E-21    0.9046556049E-23    0.6301444556E-07   -0.4704734995E+26   -0.1225084626E-10   -0.6163879593E+04   -0.2878986338E-11
    0.6720000000E+00    0.1403844422E-21    0.9693559452E-23    0.6448224056E-07   -0.2074137919E+27   -0.5787200850E-10   -0.2911766948E+05   -0.1457276862E-10
    0.6720000000E+00    0.1504246400E-21    0.1038683609E-22    0.6598422489E-07   -0.2180805448E+27   -0.6520003777E-10   -0.3280468743E+05   -0.1759224893E-10
    0.6720000000E+00    0.1611829057E-21    0.1112969539E-22    0.6752119493E-07    0.1679839622E+27    0.5381442999E-10    0.2707614313E+05    0.1555866245E-10
    0.6720000000E+00    0.1727105951E-21    0.1192568347E-22    0.6909396560E-07    0.3518007210E+28    0.1207612637E-08    0.6075971188E+06    0.3741115904E-09
    0.6720000000E+00    0.1850627369E-21    0.1277860007E-22    0.7070337081E-07    0.2512423321E+29    0.9241101490E-08    0.4649559360E+07    0.3067589582E-08
    0.6720000000E+00    0.1982982953E-21    0.1369251667E-22    0.7235026388E-07    0.1479677544E+30    0.5831738032E-07    0.2934175345E+08    0.2074299779E-07
    0.6720000000E+00    0.2124804516E-21    0.1467179595E-22    0.7403551802E-07    0.7881323380E+30    0.3328358293E-06    0.1674627151E+09    0.1268538305E-06
    0.6720000000E+00    0.2276769058E-21    0.1572111260E-22    0.7576002677E-07    0.3884748070E+31    0.1757898451E-05    0.8844674206E+09    0.7179055285E-06
    0.6720000000E+00    0.2439602000E-21    0.1684547565E-22    0.7752470448E-07    0.1785867044E+32    0.8659245384E-05    0.4356804811E+10    0.3789252633E-05
    0.6720000000E+00    0.2614080640E-21    0.1805025236E-22    0.7933048683E-07    0.7680776270E+32    0.3990580158E-04    0.2007816855E+11    0.1871154089E-04
    0.6720000000E+00    0.2801037871E-21    0.1934119387E-22    0.8117833125E-07    0.3094541301E+33    0.1722769630E-03    0.8667927377E+11    0.8655670619E-04
    0.6720000000E+00    0.3001366153E-21    0.2072446262E-22    0.8306921749E-07    0.1168948722E+34    0.6973107881E-03    0.3508443128E+12    0.3754048668E-03
    0.6720000000E+00    0.3216021775E-21    0.2220666179E-22    0.8500414813E-07    0.4145842650E+34    0.2649986972E-02    0.1333312024E+13    0.1528682357E-02
    0.6720000000E+00    0.3446029418E-21    0.2379486681E-22    0.8698414910E-07    0.1346189851E+35    0.9220134064E-02    0.4639009829E+13    0.5699158694E-02
    0.6720000000E+00    0.3692487048E-21    0.2549665916E-22    0.8901027021E-07    0.3210695101E+35    0.2356296778E-01    0.1185545008E+14    0.1560642766E-01
    0.6720000000E+00    0.3956571157E-21    0.2732016250E-22    0.9108358575E-07    0.5831119913E+35    0.4585459863E-01    0.2307124086E+14    0.3254291191E-01
    0.6720000000E+00    0.4239542377E-21    0.2927408154E-22    0.9320519501E-07    0.8693749823E+35    0.7325513320E-01    0.3685752079E+14    0.5570723162E-01
    0.6720000000E+00    0.4542751502E-21    0.3136774352E-22    0.9537622289E-07    0.1095598027E+36    0.9891955763E-01    0.4977029584E+14    0.8060383026E-01
    0.6720000000E+00    0.4867645933E-21    0.3361114274E-22    0.9759782052E-07    0.1181598430E+36    0.1143143705E+00    0.5751602792E+14    0.9981006615E-01
    0.6720000000E+00    0.5215776589E-21    0.3601498832E-22    0.9987116580E-07    0.1178587478E+36    0.1221779254E+00    0.6147248975E+14    0.1143052718E+00
    0.6720000000E+00    0.5588805307E-21    0.3859075526E-22    0.1021974641E-06    0.1138796806E+36    0.1264961083E+00    0.6364513635E+14    0.1268091755E+00
    0.6720000000E+00    0.5988512779E-21    0.4135073927E-22    0.1045779488E-06    0.9827707698E+35    0.1169723338E+00    0.5885335314E+14    0.1256483151E+00
    0.6720000000E+00    0.6416807053E-21    0.4430811541E-22    0.1070138822E-06    0.7346608330E+35    0.9369530102E-01    0.4714176815E+14    0.1078428422E+00
    0.6720000000E+00    0.6875732635E-21    0.4747700104E-22    0.1095065557E-06    0.4942920647E+35    0.6754832158E-01    0.3398620080E+14    0.8330826246E-01
    0.6720000000E+00    0.7367480256E-21    0.5087252317E-22    0.1120572911E-06    0.3061995468E+35    0.4483688858E-01    0.2255919116E+14    0.5925281418E-01
    0.6720000000E+00    0.7894397325E-21    0.5451089068E-22    0.1146674407E-06    0.1765916275E+35    0.2770773549E-01    0.1394084472E+14    0.3923508044E-01
    0.6720000000E+00    0.8458999137E-21    0.5840947171E-22    0.1173383885E-06    0.9491755285E+34    0.1595796311E-01    0.8029074977E+13    0.2421313207E-01
    0.6720000000E+00    0.9063980879E-21    0.6258687655E-22    0.1200715507E-06    0.4731890056E+34    0.8524434326E-02    0.4288976098E+13    0.1385922941E-01
    0.6720000000E+00    0.9712230494E-21    0.6706304648E-22    0.1228683764E-06    0.2176379400E+34    0.4201124292E-02    0.2113749838E+13    0.7318785935E-02
    0.6720000000E+00    0.1040684247E-20    0.7185934897E-22    0.1257303485E-06    0.9218005541E+33    0.1906636439E-02    0.9593033156E+12    0.3559109936E-02
    0.6720000000E+00    0.1115113261E-20    0.7699867968E-22    0.1286589846E-06    0.3604974763E+33    0.7989749305E-03    0.4019955165E+12    0.1598109992E-02
    0.6720000000E+00    0.1194865387E-20    0.8250557175E-22    0.1316558373E-06    0.1309093975E+33    0.3108864174E-03    0.1564191080E+12    0.6663083602E-03
    0.6720000000E+00    0.1280321329E-20    0.8840631292E-22    0.1347224957E-06    0.4436994121E+32    0.1129067164E-03    0.5680778212E+11    0.2592944920E-03
    0.6720000000E+00    0.1371889021E-20    0.9472907100E-22    0.1378605858E-06    0.1405906497E+32    0.3833428452E-04    0.1928747689E+11    0.9433239832E-04
    0.6720000000E+00    0.1470005571E-20    0.1015040283E-21    0.1410717713E-06    0.4156317514E+31    0.1214338156E-04    0.6109809901E+10    0.3201939749E-04
    0.6720000000E+00    0.1575139348E-20    0.1087635259E-21    0.1443577550E-06    0.1144726668E+31    0.3583708891E-05    0.1803104017E+10    0.1012526127E-04
    0.6720000000E+00    0.1687792220E-20    0.1165422177E-21    0.1477202791E-06    0.2951824544E+30    0.9901966745E-06    0.4982066501E+09    0.2997747005E-05
    0.6720000000E+00    0.1808501947E-20    0.1248772362E-21    0.1511611264E-06    0.7226875902E+29    0.2597655300E-06    0.1306981914E+09    0.8426651542E-06
    0.6720000000E+00    0.1937844750E-20    0.1338083694E-21    0.1546821213E-06    0.1703668587E+29    0.6561695001E-07    0.3301445228E+08    0.2280812340E-06
    0.6720000000E+00    0.2076438060E-20    0.1433782510E-21    0.1582851308E-06    0.3966628760E+28    0.1637014327E-07    0.8236458926E+07    0.6097137576E-07
    0.6720000000E+00    0.2224943467E-20    0.1536325639E-21    0.1619720651E-06    0.9176403596E+27    0.4057919528E-08    0.2041697924E+07    0.1619485055E-07
    0.6720000000E+00    0.2384069878E-20    0.1646202581E-21    0.1657448792E-06    0.2000949786E+27    0.9481283092E-09    0.4770404112E+06    0.4054531027E-08
    0.6720000000E+00    0.2554576900E-20    0.1763937846E-21    0.1696055734E-06    0.4609056107E+26    0.2340145813E-09    0.1177418826E+06    0.1072300314E-08
    0.6720000000E+00    0.2737278465E-20    0.1890093455E-21    0.1735561947E-06    0.1127919220E+26    0.6136333023E-10    0.3087428991E+05    0.3012884168E-09
    0.6720000000E+00    0.2933046719E-20    0.2025271626E-21    0.1775988378E-06    0.2614507182E+25    0.1524125619E-10    0.7668471712E+04    0.8018521119E-10
    0.6720000000E+00    0.3142816182E-20    0.2170117645E-21    0.1817356462E-06    0.5165539412E+24    0.3226610951E-11    0.1623434086E+04    0.1818947305E-10
    0.6720000000E+00    0.3367588212E-20    0.2325322952E-21    0.1859688132E-06    0.1289417233E+24    0.8630270225E-12    0.4342226276E+03    0.5213122239E-11
    0.6720000000E+00    0.3608435782E-20    0.2491628434E-21    0.1903005833E-06    0.2543276006E+23    0.1823998253E-12    0.9177248142E+02    0.1180586825E-11
    0.6720000000E+00    0.3866508602E-20    0.2669827968E-21    0.1947332533E-06    0.9774015993E+22    0.7511107353E-13    0.3779131691E+02    0.5209277385E-12
