    0.6500000000E+00    0.4143038610E-23    0.2860772210E-24    0.1992691735E-07   -0.3055326192E+03   -0.2515871799E-35   -0.1265833438E-20   -0.2526105843E-37
    0.6500000000E+00    0.4439345853E-23    0.3065372650E-24    0.2039107488E-07   -0.3769710586E+03   -0.3326127807E-35   -0.1673504906E-20   -0.3578507811E-37
    0.6500000000E+00    0.4756844785E-23    0.3284605973E-24    0.2086604403E-07    0.2209855956E+03    0.2089271548E-35    0.1051194178E-20    0.2408562534E-37
    0.6500000000E+00    0.5097051019E-23    0.3519518710E-24    0.2135207663E-07    0.1876169513E+04    0.1900653714E-34    0.9562931728E-20    0.2347826687E-36
    0.6500000000E+00    0.5461588566E-23    0.3771232243E-24    0.2184943039E-07    0.1853348968E+04    0.2011815382E-34    0.1012222953E-19    0.2662877333E-36
    0.6500000000E+00    0.5852197586E-23    0.4040948153E-24    0.2235836900E-07   -0.2059960885E+04   -0.2396017015E-34   -0.1205529812E-19   -0.3398231288E-36
    0.6500000000E+00    0.6270742692E-23    0.4329953957E-24    0.2287916232E-07   -0.9387019218E+04   -0.1169926642E-33   -0.5886358216E-19   -0.1777958695E-35
    0.6500000000E+00    0.6719221852E-23    0.4639629256E-24    0.2341208647E-07   -0.5925280400E+04   -0.7912975682E-34   -0.3981327355E-19   -0.1288554724E-35
    0.6500000000E+00    0.7199775931E-23    0.4971452317E-24    0.2395742402E-07    0.2636408228E+05    0.3772624513E-33    0.1898154850E-18    0.6582738736E-35
    0.6500000000E+00    0.7714698903E-23    0.5327007132E-24    0.2451546411E-07    0.3120729865E+05    0.4785056841E-33    0.2407549127E-18    0.8946437606E-35
    0.6500000000E+00    0.8266448809E-23    0.5707990981E-24    0.2508650263E-07   -0.4884744124E+05   -0.8025511901E-33   -0.4037948725E-18   -0.1607813902E-34
    0.6500000000E+00    0.8857659485E-23    0.6116222531E-24    0.2567084234E-07   -0.9903868429E+05   -0.1743555540E-32   -0.8772509413E-18   -0.3742818974E-34
    0.6500000000E+00    0.9491153137E-23    0.6553650517E-24    0.2626879307E-07    0.9216815673E+05    0.1738648643E-32    0.8747820899E-18    0.3999216010E-34
    0.6500000000E+00    0.1016995382E-22    0.7022363048E-24    0.2688067187E-07    0.2342827872E+06    0.4735559591E-32    0.2382645126E-17    0.1167170608E-33
    0.6500000000E+00    0.1089730185E-22    0.7524597575E-24    0.2750680315E-07   -0.2188163554E+06   -0.4739261844E-32   -0.2384507874E-17   -0.1251623592E-33
    0.6500000000E+00    0.1167666930E-22    0.8062751566E-24    0.2814751890E-07   -0.4302098748E+06   -0.9984154632E-32   -0.5023418439E-17   -0.2825363530E-33
    0.6500000000E+00    0.1251177658E-22    0.8639393956E-24    0.2880315884E-07    0.5506762173E+06    0.1369390291E-31    0.6889937798E-17    0.4152314890E-33
    0.6500000000E+00    0.1340661015E-22    0.9257277409E-24    0.2947407060E-07    0.5414508008E+06    0.1442746151E-31    0.7259019800E-17    0.4687626067E-33
    0.6500000000E+00    0.1436544159E-22    0.9919351458E-24    0.3016060990E-07   -0.1315579628E+07   -0.3756194424E-31   -0.1889888231E-16   -0.1307708962E-32
    0.6500000000E+00    0.1539284799E-22    0.1062877658E-23    0.3086314075E-07    0.4491612634E+06    0.1374147078E-31    0.6913871052E-17    0.5126208365E-33
    0.6500000000E+00    0.1649373379E-22    0.1138893930E-23    0.3158203565E-07    0.2130946878E+07    0.6985597319E-31    0.3514727052E-16    0.2792328980E-32
    0.6500000000E+00    0.1767335417E-22    0.1220346833E-23    0.3231767576E-07   -0.5453410746E+07   -0.1915574881E-30   -0.9638005954E-16   -0.8204689872E-32
    0.6500000000E+00    0.1893734018E-22    0.1307625190E-23    0.3307045113E-07   -0.4846244668E+07   -0.1824047989E-30   -0.9177498388E-16   -0.8371423183E-32
    0.6500000000E+00    0.2029172559E-22    0.1401145635E-23    0.3384076090E-07   -0.1772378726E+08   -0.7148047871E-30   -0.3596462275E-15   -0.3515203635E-31
    0.6500000000E+00    0.2174297571E-22    0.1501354598E-23    0.3462901348E-07   -0.5035633803E+09   -0.2176131142E-28   -0.1094896635E-13   -0.1146695480E-29
    0.6500000000E+00    0.2329801823E-22    0.1608730435E-23    0.3543562682E-07   -0.4824761168E+09   -0.2234121274E-28   -0.1124073736E-13   -0.1261449243E-29
    0.6500000000E+00    0.2496427630E-22    0.1723785718E-23    0.3626102861E-07   -0.4187648831E+09   -0.2077787739E-28   -0.1045416225E-13   -0.1257083759E-29
    0.6500000000E+00    0.2674970400E-22    0.1847069675E-23    0.3710565646E-07   -0.9328067691E+10   -0.4959325491E-27   -0.2495230496E-12   -0.3215034586E-28
    0.6500000000E+00    0.2866282424E-22    0.1979170815E-23    0.3796995823E-07   -0.5977449647E+10   -0.3405233132E-27   -0.1713305887E-12   -0.2365428835E-28
    0.6500000000E+00    0.3071276952E-22    0.2120719737E-23    0.3885439218E-07    0.5603556254E+12    0.3420539894E-25    0.1721007317E-10    0.2545995879E-26
    0.6500000000E+00    0.3290932546E-22    0.2272392139E-23    0.3975942724E-07    0.6397032082E+13    0.4184171266E-24    0.2105220108E-09    0.3337125112E-25
    0.6500000000E+00    0.3526297755E-22    0.2434912046E-23    0.4068554327E-07    0.6186347628E+12    0.4335760100E-25    0.2181490375E-10    0.3705341843E-26
    0.6500000000E+00    0.3778496121E-22    0.2609055264E-23    0.4163323131E-07   -0.3174294361E+15   -0.2383845591E-22   -0.1199405893E-07   -0.2182936778E-23
    0.6500000000E+00    0.4048731538E-22    0.2795653084E-23    0.4260299385E-07   -0.9405260018E+16   -0.7568359107E-21   -0.3807937286E-06   -0.7426167947E-22
    0.6500000000E+00    0.4338294005E-22    0.2995596250E-23    0.4359534505E-07   -0.2358091700E+18   -0.2033253898E-19   -0.1023009509E-04   -0.2137738850E-20
    0.6500000000E+00    0.4648565778E-22    0.3209839213E-23    0.4461081109E-07   -0.1375871142E+19   -0.1271184783E-18   -0.6395827505E-04   -0.1432094649E-19
    0.6500000000E+00    0.4981027973E-22    0.3439404683E-23    0.4564993037E-07   -0.2857820079E+18   -0.2829214056E-19   -0.1423488175E-04   -0.3415299885E-20
    0.6500000000E+00    0.5337267633E-22    0.3685388516E-23    0.4671325384E-07    0.3398460660E+20    0.3605065593E-17    0.1813849408E-02    0.4663115873E-18
    0.6500000000E+00    0.5718985306E-22    0.3948964943E-23    0.4780134531E-07    0.6270687148E+21    0.7127644945E-16    0.3586196765E-01    0.9878911483E-17
    0.6500000000E+00    0.6128003161E-22    0.4231392172E-23    0.4891478167E-07    0.8789650337E+22    0.1070539072E-14    0.5386300505E+00    0.1589884440E-15
    0.6500000000E+00    0.6566273690E-22    0.4534018400E-23    0.5005415331E-07    0.1922653940E+23    0.2509181322E-14    0.1262467198E+01    0.3992961129E-15
    0.6500000000E+00    0.7035889022E-22    0.4858288246E-23    0.5122006431E-07   -0.5732463883E+22   -0.8016268424E-15   -0.4033297970E+00   -0.1366895417E-15
    0.6500000000E+00    0.7539090917E-22    0.5205749646E-23    0.5241313287E-07   -0.4048025802E+24   -0.6065605990E-13   -0.3051843456E+02   -0.1108248705E-13
    0.6500000000E+00    0.8078281461E-22    0.5578061244E-23    0.5363399157E-07   -0.4683443380E+25   -0.7519625261E-12   -0.3783417383E+03   -0.1472174309E-12
    0.6500000000E+00    0.8656034539E-22    0.5977000309E-23    0.5488328773E-07   -0.4434302364E+26   -0.7628799961E-11   -0.3838347442E+04   -0.1600365806E-11
    0.6500000000E+00    0.9275108115E-22    0.6404471218E-23    0.5616168372E-07   -0.3761485913E+27   -0.6934104201E-10   -0.3488818852E+05   -0.1558667213E-10
    0.6500000000E+00    0.9938457404E-22    0.6862514550E-23    0.5746985739E-07   -0.1222894441E+28   -0.2415571487E-09   -0.1215368431E+06   -0.5818123437E-10
    0.6500000000E+00    0.1064924897E-21    0.7353316823E-23    0.5880850233E-07   -0.1176826193E+28   -0.2490825195E-09   -0.1253231513E+06   -0.6428450236E-10
    0.6500000000E+00    0.1141087586E-21    0.7879220933E-23    0.6017832832E-07    0.1253042276E+28    0.2841820531E-09    0.1429830985E+06    0.7858862383E-10
    0.6500000000E+00    0.1222697377E-21    0.8442737340E-23    0.6158006166E-07    0.1973529506E+29    0.4795948907E-08    0.2413029351E+07    0.1421142358E-08
    0.6500000000E+00    0.1310143844E-21    0.9046556049E-23    0.6301444556E-07    0.1271229210E+30    0.3310204214E-07    0.1665493124E+08    0.1051036561E-07
    0.6500000000E+00    0.1403844422E-21    0.9693559452E-23    0.6448224056E-07    0.6752220116E+30    0.1883985324E-06    0.9479066544E+08    0.6409742040E-07
    0.6500000000E+00    0.1504246400E-21    0.1038683609E-22    0.6598422489E-07    0.3224492281E+31    0.9640338101E-06    0.4850430904E+09    0.3514433272E-06
    0.6500000000E+00    0.1611829057E-21    0.1112969539E-22    0.6752119493E-07    0.1419133336E+32    0.4546258498E-05    0.2287400347E+10    0.1775894500E-05
    0.6500000000E+00    0.1727105951E-21    0.1192568347E-22    0.6909396560E-07    0.5820817745E+32    0.1998089443E-04    0.1005316897E+11    0.8363305507E-05
    0.6500000000E+00    0.1850627369E-21    0.1277860007E-22    0.7070337081E-07    0.2239764744E+33    0.8238218910E-04    0.4144969935E+11    0.3694846192E-04
    0.6500000000E+00    0.1982982953E-21    0.1369251667E-22    0.7235026388E-07    0.8113939944E+33    0.3197884050E-03    0.1608980459E+12    0.1536829715E-03
    0.6500000000E+00    0.2124804516E-21    0.1467179595E-22    0.7403551802E-07    0.2769610194E+34    0.1169632892E-02    0.5884880248E+12    0.6022996480E-03
    0.6500000000E+00    0.2276769058E-21    0.1572111260E-22    0.7576002677E-07    0.8754028999E+34    0.3961310680E-02    0.1993090236E+13    0.2185757319E-02
    0.6500000000E+00    0.2439602000E-21    0.1684547565E-22    0.7752470448E-07    0.2154266337E+35    0.1044552611E-01    0.5255552463E+13    0.6175801880E-02
    0.6500000000E+00    0.2614080640E-21    0.1805025236E-22    0.7933048683E-07    0.4225639480E+35    0.2195449063E-01    0.1104616235E+14    0.1390869558E-01
    0.6500000000E+00    0.2801037871E-21    0.1934119387E-22    0.8117833125E-07    0.7054628773E+35    0.3927399579E-01    0.1976028236E+14    0.2666048990E-01
    0.6500000000E+00    0.3001366153E-21    0.2072446262E-22    0.8306921749E-07    0.1024578231E+36    0.6111897303E-01    0.3075134425E+14    0.4445689066E-01
    0.6500000000E+00    0.3216021775E-21    0.2220666179E-22    0.8500414813E-07    0.1303685101E+36    0.8333043064E-01    0.4192679673E+14    0.6494813169E-01
    0.6500000000E+00    0.3446029418E-21    0.2379486681E-22    0.8698414910E-07    0.1456512924E+36    0.9975743330E-01    0.5019186385E+14    0.8331214244E-01
    0.6500000000E+00    0.3692487048E-21    0.2549665916E-22    0.8901027021E-07    0.1470102563E+36    0.1078893455E+00    0.5428334674E+14    0.9654762503E-01
    0.6500000000E+00    0.3956571157E-21    0.2732016250E-22    0.9108358575E-07    0.1451699692E+36    0.1141583568E+00    0.5743753131E+14    0.1094638566E+00
    0.6500000000E+00    0.4239542377E-21    0.2927408154E-22    0.9320519501E-07    0.1349149887E+36    0.1136818481E+00    0.5719778117E+14    0.1168030441E+00
    0.6500000000E+00    0.4542751502E-21    0.3136774352E-22    0.9537622289E-07    0.1104646697E+36    0.9973654562E-01    0.5018135444E+14    0.1098037971E+00
    0.6500000000E+00    0.4867645933E-21    0.3361114274E-22    0.9759782052E-07    0.8203059958E+35    0.7936094120E-01    0.3992959145E+14    0.9362026071E-01
    0.6500000000E+00    0.5215776589E-21    0.3601498832E-22    0.9987116580E-07    0.5666555578E+35    0.5874218228E-01    0.2955548792E+14    0.7425284751E-01
    0.6500000000E+00    0.5588805307E-21    0.3859075526E-22    0.1021974641E-06    0.3688087944E+35    0.4096681422E-01    0.2061200547E+14    0.5548750903E-01
    0.6500000000E+00    0.5988512779E-21    0.4135073927E-22    0.1045779488E-06    0.2266797245E+35    0.2698010279E-01    0.1357474427E+14    0.3915674982E-01
    0.6500000000E+00    0.6416807053E-21    0.4430811541E-22    0.1070138822E-06    0.1312237401E+35    0.1673567894E-01    0.8420374210E+13    0.2602593687E-01
    0.6500000000E+00    0.6875732635E-21    0.4747700104E-22    0.1095065557E-06    0.7138128225E+34    0.9754730357E-02    0.4907986119E+13    0.1625467556E-01
    0.6500000000E+00    0.7367480256E-21    0.5087252317E-22    0.1120572911E-06    0.3650364102E+34    0.5345238758E-02    0.2689398545E+13    0.9543993726E-02
    0.6500000000E+00    0.7894397325E-21    0.5451089068E-22    0.1146674407E-06    0.1760299231E+34    0.2761960245E-02    0.1389650154E+13    0.5284214757E-02
    0.6500000000E+00    0.8458999137E-21    0.5840947171E-22    0.1173383885E-06    0.8035377301E+33    0.1350943536E-02    0.6797124966E+12    0.2769492760E-02
    0.6500000000E+00    0.9063980879E-21    0.6258687655E-22    0.1200715507E-06    0.3482591202E+33    0.6273839764E-03    0.3156614007E+12    0.1378149903E-02
    0.6500000000E+00    0.9712230494E-21    0.6706304648E-22    0.1228683764E-06    0.1435503916E+33    0.2770992214E-03    0.1394194491E+12    0.6522263522E-03
    0.6500000000E+00    0.1040684247E-20    0.7185934897E-22    0.1257303485E-06    0.5633292020E+32    0.1165180449E-03    0.5862478264E+11    0.2938706578E-03
    0.6500000000E+00    0.1115113261E-20    0.7699867968E-22    0.1286589846E-06    0.2107571322E+32    0.4671035892E-04    0.2350180731E+11    0.1262339700E-03
    0.6500000000E+00    0.1194865387E-20    0.8250557175E-22    0.1316558373E-06    0.7533511854E+31    0.1789074394E-04    0.9001532558E+10    0.5180735692E-04
    0.6500000000E+00    0.1280321329E-20    0.8840631292E-22    0.1347224957E-06    0.2579237839E+31    0.6563300901E-05    0.3302253219E+10    0.2036504395E-04
    0.6500000000E+00    0.1371889021E-20    0.9472907100E-22    0.1378605858E-06    0.8476867008E+30    0.2311353083E-05    0.1162932078E+10    0.7684742680E-05
    0.6500000000E+00    0.1470005571E-20    0.1015040283E-21    0.1410717713E-06    0.2679552248E+30    0.7828763140E-06    0.3938956733E+09    0.2789049293E-05
    0.6500000000E+00    0.1575139348E-20    0.1087635259E-21    0.1443577550E-06    0.8163725733E+29    0.2555755651E-06    0.1285900563E+09    0.9756237547E-06
    0.6500000000E+00    0.1687792220E-20    0.1165422177E-21    0.1477202791E-06    0.2403171180E+29    0.8061495782E-07    0.4056053622E+08    0.3297453405E-06
    0.6500000000E+00    0.1808501947E-20    0.1248772362E-21    0.1511611264E-06    0.6846897015E+28    0.2461074268E-07    0.1238262658E+08    0.1078667903E-06
    0.6500000000E+00    0.1937844750E-20    0.1338083694E-21    0.1546821213E-06    0.1886905192E+28    0.7267432443E-08    0.3656529319E+07    0.3413060917E-07
    0.6500000000E+00    0.2076438060E-20    0.1433782510E-21    0.1582851308E-06    0.5020839164E+27    0.2072083409E-08    0.1042546153E+07    0.1042726161E-07
    0.6500000000E+00    0.2224943467E-20    0.1536325639E-21    0.1619720651E-06    0.1293970800E+27    0.5722099427E-09    0.2879011878E+06    0.3085449454E-08
    0.6500000000E+00    0.2384069878E-20    0.1646202581E-21    0.1657448792E-06    0.3274143630E+26    0.1551417375E-09    0.7805787206E+05    0.8963790286E-09
    0.6500000000E+00    0.2554576900E-20    0.1763937846E-21    0.1696055734E-06    0.8248143061E+25    0.4187811343E-10    0.2107051573E+05    0.2592687330E-09
    0.6500000000E+00    0.2737278465E-20    0.1890093455E-21    0.1735561947E-06    0.2042631464E+25    0.1111273457E-10    0.5591251117E+04    0.7371977101E-10
    0.6500000000E+00    0.2933046719E-20    0.2025271626E-21    0.1775988378E-06    0.4559403136E+24    0.2657901716E-11    0.1337294241E+04    0.1889304478E-10
    0.6500000000E+00    0.3142816182E-20    0.2170117645E-21    0.1817356462E-06    0.1063194199E+24    0.6641153561E-12    0.3341423935E+03    0.5058323011E-11
    0.6500000000E+00    0.3367588212E-20    0.2325322952E-21    0.1859688132E-06    0.2663654808E+23    0.1782825619E-12    0.8970092532E+02    0.1455029849E-11
    0.6500000000E+00    0.3608435782E-20    0.2491628434E-21    0.1903005833E-06    0.5312555692E+22    0.3810082852E-13    0.1917001605E+02    0.3331942178E-12
    0.6500000000E+00    0.3866508602E-20    0.2669827968E-21    0.1947332533E-06    0.2033483352E+22    0.1562685366E-13    0.7862480873E+01    0.1464315237E-12
