    0.6980000000E+00    0.4143038610E-23    0.2860772210E-24    0.1992691735E-07   -0.1694709599E-08   -0.1395488344E-46   -0.7021247304E-32   -0.8346145087E-49
    0.6980000000E+00    0.4439345853E-23    0.3065372650E-24    0.2039107488E-07   -0.8052042683E-09   -0.7104556825E-47   -0.3574580230E-32   -0.4552990132E-49
    0.6980000000E+00    0.4756844785E-23    0.3284605973E-24    0.2086604403E-07    0.3944432503E-08    0.3729198087E-46    0.1876305318E-31    0.2560797101E-48
    0.6980000000E+00    0.5097051019E-23    0.3519518710E-24    0.2135207663E-07    0.6854906952E-08    0.6944364175E-46    0.3493981046E-31    0.5109662375E-48
    0.6980000000E+00    0.5461588566E-23    0.3771232243E-24    0.2184943039E-07    0.3339161429E-08    0.3624668879E-46    0.1823712588E-31    0.2857775152E-48
    0.6980000000E+00    0.5852197586E-23    0.4040948153E-24    0.2235836900E-07   -0.2208275560E-07   -0.2568527322E-45   -0.1292326490E-30   -0.2169920918E-47
    0.6980000000E+00    0.6270742692E-23    0.4329953957E-24    0.2287916232E-07   -0.3199917082E-07   -0.3988133143E-45   -0.2006585666E-30   -0.3610184236E-47
    0.6980000000E+00    0.6719221852E-23    0.4639629256E-24    0.2341208647E-07    0.1335138383E-07    0.1783024067E-45    0.8971090999E-31    0.1729485487E-47
    0.6980000000E+00    0.7199775931E-23    0.4971452317E-24    0.2395742402E-07    0.1255303112E-06    0.1796302727E-44    0.9037901128E-30    0.1866978196E-46
    0.6980000000E+00    0.7714698903E-23    0.5327007132E-24    0.2451546411E-07    0.6707263756E-07    0.1028433722E-44    0.5174452035E-30    0.1145344212E-46
    0.6980000000E+00    0.8266448809E-23    0.5707990981E-24    0.2508650263E-07   -0.3380377471E-06   -0.5553875276E-44   -0.2794371732E-29   -0.6627593132E-46
    0.6980000000E+00    0.8857659485E-23    0.6116222531E-24    0.2567084234E-07   -0.2820471902E-06   -0.4965382410E-44   -0.2498277969E-29   -0.6349103666E-46
    0.6980000000E+00    0.9491153137E-23    0.6553650517E-24    0.2626879307E-07    0.7674966814E-06    0.1447796193E-43    0.7284428535E-29    0.1983659593E-45
    0.6980000000E+00    0.1016995382E-22    0.7022363048E-24    0.2688067187E-07    0.6751535878E-06    0.1364688412E-43    0.6866280806E-29    0.2003517870E-45
    0.6980000000E+00    0.1089730185E-22    0.7524597575E-24    0.2750680315E-07   -0.1612425470E-05   -0.3492292197E-43   -0.1757108705E-28   -0.5493767683E-45
    0.6980000000E+00    0.1167666930E-22    0.8062751566E-24    0.2814751890E-07   -0.1129053005E-05   -0.2620265235E-43   -0.1318357856E-28   -0.4416771904E-45
    0.6980000000E+00    0.1251177658E-22    0.8639393956E-24    0.2880315884E-07    0.3168621751E-05    0.7879548319E-43    0.3964508742E-28    0.1423183958E-44
    0.6980000000E+00    0.1340661015E-22    0.9257277409E-24    0.2947407060E-07    0.1181465946E-05    0.3148126190E-43    0.1583945335E-28    0.6092728826E-45
    0.6980000000E+00    0.1436544159E-22    0.9919351458E-24    0.3016060990E-07   -0.6068238108E-05   -0.1732580960E-42   -0.8717292009E-28   -0.3592967212E-44
    0.6980000000E+00    0.1539284799E-22    0.1062877658E-23    0.3086314075E-07    0.6707999650E-06    0.2052220186E-43    0.1032552189E-28    0.4560197707E-45
    0.6980000000E+00    0.1649373379E-22    0.1138893930E-23    0.3158203565E-07    0.1479582094E-04    0.4850315517E-42    0.2440383317E-27    0.1154860979E-43
    0.6980000000E+00    0.1767335417E-22    0.1220346833E-23    0.3231767576E-07   -0.1427914267E-04   -0.5015717373E-42   -0.2523603456E-27   -0.1279654633E-43
    0.6980000000E+00    0.1893734018E-22    0.1307625190E-23    0.3307045113E-07   -0.4779992401E-04   -0.1799111709E-41   -0.9052034216E-27   -0.4918332062E-43
    0.6980000000E+00    0.2029172559E-22    0.1401145635E-23    0.3384076090E-07    0.1027146127E-03    0.4142506101E-41    0.2084256735E-26    0.1213452759E-42
    0.6980000000E+00    0.2174297571E-22    0.1501354598E-23    0.3462901348E-07    0.7223644678E-04    0.3121672218E-41    0.1570635308E-26    0.9798216156E-43
    0.6980000000E+00    0.2329801823E-22    0.1608730435E-23    0.3543562682E-07   -0.1893376432E-02   -0.8767340843E-40   -0.4411191861E-25   -0.2948679751E-41
    0.6980000000E+00    0.2496427630E-22    0.1723785718E-23    0.3626102861E-07   -0.1639324874E-02   -0.8133846133E-40   -0.4092455912E-25   -0.2931268961E-41
    0.6980000000E+00    0.2674970400E-22    0.1847069675E-23    0.3710565646E-07    0.2742907939E-01    0.1458284149E-38    0.7337197545E-24    0.5631211927E-40
    0.6980000000E+00    0.2866282424E-22    0.1979170815E-23    0.3796995823E-07    0.2208455842E+00    0.1258112982E-37    0.6330058164E-23    0.5205702686E-39
    0.6980000000E+00    0.3071276952E-22    0.2120719737E-23    0.3885439218E-07    0.2603210622E+00    0.1589059765E-37    0.7995180783E-23    0.7045307421E-39
    0.6980000000E+00    0.3290932546E-22    0.2272392139E-23    0.3975942724E-07   -0.7180267766E-01   -0.4696470125E-38   -0.2362977688E-23   -0.2231162905E-39
    0.6980000000E+00    0.3526297755E-22    0.2434912046E-23    0.4068554327E-07   -0.2627140011E+01   -0.1841255862E-36   -0.9264077923E-22   -0.9372897320E-38
    0.6980000000E+00    0.3778496121E-22    0.2609055264E-23    0.4163323131E-07   -0.8106874505E+02   -0.6088136402E-35   -0.3063179387E-20   -0.3320810479E-36
    0.6980000000E+00    0.4048731538E-22    0.2795653084E-23    0.4260299385E-07   -0.6182252036E+04   -0.4974822961E-33   -0.2503027879E-18   -0.2907617988E-34
    0.6980000000E+00    0.4338294005E-22    0.2995596250E-23    0.4359534505E-07   -0.8420093200E+05   -0.7260187261E-32   -0.3652883985E-17   -0.4546817672E-33
    0.6980000000E+00    0.4648565778E-22    0.3209839213E-23    0.4461081109E-07    0.6878639165E+05    0.6355261893E-32    0.3197580662E-17    0.4264745982E-33
    0.6980000000E+00    0.4981027973E-22    0.3439404683E-23    0.4564993037E-07    0.1264280811E+08    0.1251625695E-29    0.6297418085E-15    0.8999827533E-31
    0.6980000000E+00    0.5337267633E-22    0.3685388516E-23    0.4671325384E-07    0.1376308827E+09    0.1459979706E-28    0.7345728554E-14    0.1124880882E-29
    0.6980000000E+00    0.5718985306E-22    0.3948964943E-23    0.4780134531E-07   -0.6218726027E+08   -0.7068582770E-29   -0.3556480277E-14   -0.5835687998E-30
    0.6980000000E+00    0.6128003161E-22    0.4231392172E-23    0.4891478167E-07   -0.1211130634E+11   -0.1475101529E-26   -0.7421812355E-12   -0.1304913217E-27
    0.6980000000E+00    0.6566273690E-22    0.4534018400E-23    0.5005415331E-07   -0.4549257419E+12   -0.5937059973E-25   -0.2987166930E-10   -0.5627702780E-26
    0.6980000000E+00    0.7035889022E-22    0.4858288246E-23    0.5122006431E-07   -0.1485065369E+14   -0.2076713062E-23   -0.1044875513E-08   -0.2109289600E-24
    0.6980000000E+00    0.7539090917E-22    0.5205749646E-23    0.5241313287E-07   -0.3052100942E+15   -0.4573301322E-22   -0.2301006649E-07   -0.4977250897E-23
    0.6980000000E+00    0.8078281461E-22    0.5578061244E-23    0.5363399157E-07   -0.3934324005E+15   -0.6316857016E-22   -0.3178257667E-07   -0.7366492709E-23
    0.6980000000E+00    0.8656034539E-22    0.5977000309E-23    0.5488328773E-07    0.3469144928E+16    0.5968337411E-21    0.3002903832E-06    0.7457840382E-22
    0.6980000000E+00    0.9275108115E-22    0.6404471218E-23    0.5616168372E-07    0.9667116051E+17    0.1782082708E-19    0.8966354654E-05    0.2386094133E-20
    0.6980000000E+00    0.9938457404E-22    0.6862514550E-23    0.5746985739E-07    0.1917794618E+19    0.3788201043E-18    0.1905992012E-03    0.5434914747E-19
    0.6980000000E+00    0.1064924897E-21    0.7353316823E-23    0.5880850233E-07    0.3056572385E+20    0.6469423907E-17    0.3255020033E-02    0.9945470323E-18
    0.6980000000E+00    0.1141087586E-21    0.7879220933E-23    0.6017832832E-07    0.6213113511E+20    0.1409094799E-16    0.7089706698E-02    0.2321132480E-17
    0.6980000000E+00    0.1222697377E-21    0.8442737340E-23    0.6158006166E-07   -0.6598437886E+20   -0.1603511418E-16   -0.8067892698E-02   -0.2830295452E-17
    0.6980000000E+00    0.1310143844E-21    0.9046556049E-23    0.6301444556E-07   -0.2310445768E+22   -0.6016261474E-15   -0.3027016301E+00   -0.1137853683E-15
    0.6980000000E+00    0.1403844422E-21    0.9693559452E-23    0.6448224056E-07   -0.3037832156E+23   -0.8476073204E-14   -0.4264643727E+01   -0.1717728081E-14
    0.6980000000E+00    0.1504246400E-21    0.1038683609E-22    0.6598422489E-07   -0.3396387985E+24   -0.1015425861E-12   -0.5109004398E+02   -0.2204996663E-13
    0.6980000000E+00    0.1611829057E-21    0.1112969539E-22    0.6752119493E-07   -0.3444486428E+25   -0.1103456969E-11   -0.5551923311E+03   -0.2567527587E-12
    0.6980000000E+00    0.1727105951E-21    0.1192568347E-22    0.6909396560E-07   -0.2968326598E+26   -0.1018925914E-10   -0.5126614533E+04   -0.2540401288E-11
    0.6980000000E+00    0.1850627369E-21    0.1277860007E-22    0.7070337081E-07   -0.6350079688E+26   -0.2335662561E-10   -0.1175163127E+05   -0.6239787734E-11
    0.6980000000E+00    0.1982982953E-21    0.1369251667E-22    0.7235026388E-07   -0.3725345287E+26   -0.1468241366E-10   -0.7387296196E+04   -0.4202978540E-11
    0.6980000000E+00    0.2124804516E-21    0.1467179595E-22    0.7403551802E-07    0.3168563526E+27    0.1338114703E-09    0.6732578088E+05    0.4104431947E-10
    0.6980000000E+00    0.2276769058E-21    0.1572111260E-22    0.7576002677E-07    0.3040554048E+28    0.1375889802E-08    0.6922639378E+06    0.4522133388E-09
    0.6980000000E+00    0.2439602000E-21    0.1684547565E-22    0.7752470448E-07    0.2066284740E+29    0.1001892423E-07    0.5040912383E+07    0.3528424337E-08
    0.6980000000E+00    0.2614080640E-21    0.1805025236E-22    0.7933048683E-07    0.1240107945E+30    0.6443033863E-07    0.3241742171E+08    0.2431364832E-07
    0.6980000000E+00    0.2801037871E-21    0.1934119387E-22    0.8117833125E-07    0.6843524848E+30    0.3809875399E-06    0.1916897227E+09    0.1540531167E-06
    0.6980000000E+00    0.3001366153E-21    0.2072446262E-22    0.8306921749E-07    0.3510734237E+31    0.2094251709E-05    0.1053699891E+10    0.9073787311E-06
    0.6980000000E+00    0.3216021775E-21    0.2220666179E-22    0.8500414813E-07    0.1680593627E+32    0.1074220995E-04    0.5404825701E+10    0.4987160589E-05
    0.6980000000E+00    0.3446029418E-21    0.2379486681E-22    0.8698414910E-07    0.7521182576E+32    0.5151302517E-04    0.2591821642E+11    0.2562576103E-04
    0.6980000000E+00    0.3692487048E-21    0.2549665916E-22    0.8901027021E-07    0.3151747828E+33    0.2313035968E-03    0.1163778803E+12    0.1232940455E-03
    0.6980000000E+00    0.3956571157E-21    0.2732016250E-22    0.9108358575E-07    0.1239013569E+34    0.9743320453E-03    0.4902245350E+12    0.5565019664E-03
    0.6980000000E+00    0.4239542377E-21    0.2927408154E-22    0.9320519501E-07    0.4579731260E+34    0.3858965698E-02    0.1941596475E+13    0.2361732113E-02
    0.6980000000E+00    0.4542751502E-21    0.3136774352E-22    0.9537622289E-07    0.1544186764E+35    0.1394218206E-01    0.7014856741E+13    0.9143036766E-02
    0.6980000000E+00    0.4867645933E-21    0.3361114274E-22    0.9759782052E-07    0.3644482926E+35    0.3525874450E-01    0.1774005249E+14    0.2477573576E-01
    0.6980000000E+00    0.5215776589E-21    0.3601498832E-22    0.9987116580E-07    0.6288006248E+35    0.6518443244E-01    0.3279683578E+14    0.4907989277E-01
    0.6980000000E+00    0.5588805307E-21    0.3859075526E-22    0.1021974641E-06    0.8695567210E+35    0.9658926028E-01    0.4859783217E+14    0.7792710758E-01
    0.6980000000E+00    0.5988512779E-21    0.4135073927E-22    0.1045779488E-06    0.9983755534E+35    0.1188296621E+00    0.5978784760E+14    0.1027269937E+00
    0.6980000000E+00    0.6416807053E-21    0.4430811541E-22    0.1070138822E-06    0.1006490476E+36    0.1283632173E+00    0.6458455185E+14    0.1189050529E+00
    0.6980000000E+00    0.6875732635E-21    0.4747700104E-22    0.1095065557E-06    0.9846716285E+35    0.1345619737E+00    0.6770338851E+14    0.1335617391E+00
    0.6980000000E+00    0.7367480256E-21    0.5087252317E-22    0.1120572911E-06    0.8740730381E+35    0.1279907689E+00    0.6439715850E+14    0.1361251479E+00
    0.6980000000E+00    0.7894397325E-21    0.5451089068E-22    0.1146674407E-06    0.6560219142E+35    0.1029317297E+00    0.5178897645E+14    0.1173029645E+00
    0.6980000000E+00    0.8458999137E-21    0.5840947171E-22    0.1173383885E-06    0.4315009687E+35    0.7254587094E-01    0.3650066322E+14    0.8858749387E-01
    0.6980000000E+00    0.9063980879E-21    0.6258687655E-22    0.1200715507E-06    0.2553906662E+35    0.4600827442E-01    0.2314856115E+14    0.6019988501E-01
    0.6980000000E+00    0.9712230494E-21    0.6706304648E-22    0.1228683764E-06    0.1382158898E+35    0.2668018876E-01    0.1342384580E+14    0.3740663264E-01
    0.6980000000E+00    0.1040684247E-20    0.7185934897E-22    0.1257303485E-06    0.6875349748E+34    0.1422085537E-01    0.7155068176E+13    0.2136414103E-01
    0.6980000000E+00    0.1115113261E-20    0.7699867968E-22    0.1286589846E-06    0.3127432650E+34    0.6931366926E-02    0.3487441622E+13    0.1115780087E-01
    0.6980000000E+00    0.1194865387E-20    0.8250557175E-22    0.1316558373E-06    0.1285407307E+34    0.3052612571E-02    0.1535888700E+13    0.5265400436E-02
    0.6980000000E+00    0.1280321329E-20    0.8840631292E-22    0.1347224957E-06    0.4707868395E+33    0.1197995641E-02    0.6027584322E+12    0.2214190354E-02
    0.6980000000E+00    0.1371889021E-20    0.9472907100E-22    0.1378605858E-06    0.1518637305E+33    0.4140806991E-03    0.2083401846E+12    0.8200582548E-03
    0.6980000000E+00    0.1470005571E-20    0.1015040283E-21    0.1410717713E-06    0.4284028732E+32    0.1251651139E-03    0.6297546103E+11    0.2656091399E-03
    0.6980000000E+00    0.1575139348E-20    0.1087635259E-21    0.1443577550E-06    0.1054471034E+32    0.3301152430E-04    0.1660938817E+11    0.7506289238E-04
    0.6980000000E+00    0.1687792220E-20    0.1165422177E-21    0.1477202791E-06    0.2215547898E+31    0.7432108947E-05    0.3739384505E+10    0.1810805413E-04
    0.6980000000E+00    0.1808501947E-20    0.1248772362E-21    0.1511611264E-06    0.3788543075E+30    0.1361768090E-05    0.6851587527E+09    0.3555190445E-05
    0.6980000000E+00    0.1937844750E-20    0.1338083694E-21    0.1546821213E-06    0.8009859359E+29    0.3085004590E-06    0.1552186391E+09    0.8630094101E-06
    0.6980000000E+00    0.2076438060E-20    0.1433782510E-21    0.1582851308E-06    0.1782052680E+29    0.7354471376E-07    0.3700322009E+08    0.2204505460E-06
    0.6980000000E+00    0.2224943467E-20    0.1536325639E-21    0.1619720651E-06    0.4124665064E+28    0.1823978069E-07    0.9177146589E+07    0.5858404150E-07
    0.6980000000E+00    0.2384069878E-20    0.1646202581E-21    0.1657448792E-06    0.8473944668E+27    0.4015286585E-08    0.2020247623E+07    0.1381898879E-07
    0.6980000000E+00    0.2554576900E-20    0.1763937846E-21    0.1696055734E-06    0.1809980507E+27    0.9189773797E-09    0.4623734392E+06    0.3388945138E-08
    0.6980000000E+00    0.2737278465E-20    0.1890093455E-21    0.1735561947E-06    0.4321996887E+26    0.2351339684E-09    0.1183050900E+06    0.9291270209E-09
    0.6980000000E+00    0.2933046719E-20    0.2025271626E-21    0.1775988378E-06    0.1043633412E+26    0.6083855612E-10    0.3061025554E+05    0.2575957036E-09
    0.6980000000E+00    0.3142816182E-20    0.2170117645E-21    0.1817356462E-06    0.1942004812E+25    0.1213057048E-10    0.6103364150E+04    0.5503524984E-10
    0.6980000000E+00    0.3367588212E-20    0.2325322952E-21    0.1859688132E-06    0.4584485627E+24    0.3068467582E-11    0.1543865976E+04    0.1491699198E-10
    0.6980000000E+00    0.3608435782E-20    0.2491628434E-21    0.1903005833E-06    0.8285168808E+23    0.5941995046E-12    0.2989649958E+03    0.3095223415E-11
    0.6980000000E+00    0.3866508602E-20    0.2669827968E-21    0.1947332533E-06    0.3323939938E+23    0.2554371686E-12    0.1285204236E+03    0.1425751405E-11
