    0.6590000000E+00    0.4143038610E-23    0.2860772210E-24    0.1992691735E-07    0.3068923219E+00    0.2527068108E-38    0.1271466739E-23    0.2195905405E-40
    0.6590000000E+00    0.4439345853E-23    0.3065372650E-24    0.2039107488E-07   -0.4034392967E+00   -0.3559664947E-38   -0.1791006569E-23   -0.3314406734E-40
    0.6590000000E+00    0.4756844785E-23    0.3284605973E-24    0.2086604403E-07   -0.1057956082E+01   -0.1000226977E-37   -0.5032532871E-23   -0.9979188913E-40
    0.6590000000E+00    0.5097051019E-23    0.3519518710E-24    0.2135207663E-07   -0.8258970207E+00   -0.8366750597E-38   -0.4209639251E-23   -0.8944447187E-40
    0.6590000000E+00    0.5461588566E-23    0.3771232243E-24    0.2184943039E-07    0.2170127114E+01    0.2355678928E-37    0.1185234143E-22    0.2698440074E-39
    0.6590000000E+00    0.5852197586E-23    0.4040948153E-24    0.2235836900E-07    0.5564079014E+01    0.6471786959E-37    0.3256208978E-22    0.7943664497E-39
    0.6590000000E+00    0.6270742692E-23    0.4329953957E-24    0.2287916232E-07    0.2683058901E+01    0.3343960438E-37    0.1682477199E-22    0.4398026192E-39
    0.6590000000E+00    0.6719221852E-23    0.4639629256E-24    0.2341208647E-07   -0.1771798129E+02   -0.2366165745E-36   -0.1190510471E-21   -0.3334585393E-38
    0.6590000000E+00    0.7199775931E-23    0.4971452317E-24    0.2395742402E-07   -0.2022855324E+02   -0.2894647915E-36   -0.1456410507E-21   -0.4371116961E-38
    0.6590000000E+00    0.7714698903E-23    0.5327007132E-24    0.2451546411E-07    0.3026961671E+02    0.4641280815E-36    0.2335209788E-21    0.7509906438E-38
    0.6590000000E+00    0.8266448809E-23    0.5707990981E-24    0.2508650263E-07    0.7269902266E+02    0.1194426682E-35    0.6009627492E-21    0.2070885928E-37
    0.6590000000E+00    0.8857659485E-23    0.6116222531E-24    0.2567084234E-07   -0.4291166313E+02   -0.7554509483E-36   -0.3800968999E-21   -0.1403469411E-37
    0.6590000000E+00    0.9491153137E-23    0.6553650517E-24    0.2626879307E-07   -0.1904147304E+03   -0.3591959789E-35   -0.1807255366E-20   -0.7150363936E-37
    0.6590000000E+00    0.1016995382E-22    0.7022363048E-24    0.2688067187E-07    0.8997261373E+02    0.1818617061E-35    0.9150173263E-21    0.3879162222E-37
    0.6590000000E+00    0.1089730185E-22    0.7524597575E-24    0.2750680315E-07    0.3843678330E+03    0.8324879561E-35    0.4188572296E-20    0.1902718934E-36
    0.6590000000E+00    0.1167666930E-22    0.8062751566E-24    0.2814751890E-07   -0.2677954112E+03   -0.6214898709E-35   -0.3126958458E-20   -0.1522056365E-36
    0.6590000000E+00    0.1251177658E-22    0.8639393956E-24    0.2880315884E-07   -0.5568861994E+03   -0.1384832921E-34   -0.6967635707E-20   -0.3634076457E-36
    0.6590000000E+00    0.1340661015E-22    0.9257277409E-24    0.2947407060E-07    0.5241520673E+03    0.1396652062E-34    0.7027102425E-20    0.3927217078E-36
    0.6590000000E+00    0.1436544159E-22    0.9919351458E-24    0.3016060990E-07    0.8033180554E+03    0.2293604078E-34    0.1154001860E-19    0.6910590088E-36
    0.6590000000E+00    0.1539284799E-22    0.1062877658E-23    0.3086314075E-07   -0.3201124719E+03   -0.9793400583E-35   -0.4927442621E-20   -0.3161769456E-36
    0.6590000000E+00    0.1649373379E-22    0.1138893930E-23    0.3158203565E-07   -0.2647991057E+04   -0.8680553897E-34   -0.4367525957E-19   -0.3002922463E-35
    0.6590000000E+00    0.1767335417E-22    0.1220346833E-23    0.3231767576E-07   -0.3106405107E+04   -0.1091161453E-33   -0.5490059765E-19   -0.4044694237E-35
    0.6590000000E+00    0.1893734018E-22    0.1307625190E-23    0.3307045113E-07   -0.2475079913E+03   -0.9315799857E-35   -0.4687143028E-20   -0.3700128700E-36
    0.6590000000E+00    0.2029172559E-22    0.1401145635E-23    0.3384076090E-07    0.1671079705E+05    0.6739506377E-33    0.3390909081E-18    0.2868301297E-34
    0.6590000000E+00    0.2174297571E-22    0.1501354598E-23    0.3462901348E-07    0.1430148910E+05    0.6180337378E-33    0.3109569301E-18    0.2818440456E-34
    0.6590000000E+00    0.2329801823E-22    0.1608730435E-23    0.3543562682E-07   -0.1271976631E+06   -0.5889928955E-32   -0.2963453473E-17   -0.2878105683E-33
    0.6590000000E+00    0.2496427630E-22    0.1723785718E-23    0.3626102861E-07   -0.1347585792E+07   -0.6686322921E-31   -0.3364150405E-16   -0.3500934843E-32
    0.6590000000E+00    0.2674970400E-22    0.1847069675E-23    0.3710565646E-07   -0.7645175560E+07   -0.4064605371E-30   -0.2045061833E-15   -0.2280421188E-31
    0.6590000000E+00    0.2866282424E-22    0.1979170815E-23    0.3796995823E-07   -0.5324919944E+08   -0.3033500052E-29   -0.1526272445E-14   -0.1823646626E-30
    0.6590000000E+00    0.3071276952E-22    0.2120719737E-23    0.3885439218E-07   -0.4933014981E+09   -0.3011226046E-28   -0.1515065521E-13   -0.1939724445E-29
    0.6590000000E+00    0.3290932546E-22    0.2272392139E-23    0.3975942724E-07   -0.1424543105E+09   -0.9317652700E-29   -0.4688075266E-14   -0.6431365618E-30
    0.6590000000E+00    0.3526297755E-22    0.2434912046E-23    0.4068554327E-07    0.3105843903E+11    0.2176760002E-26    0.1095213038E-11    0.1609930875E-27
    0.6590000000E+00    0.3778496121E-22    0.2609055264E-23    0.4163323131E-07    0.3452864197E+12    0.2593047197E-25    0.1304663397E-10    0.2054977648E-26
    0.6590000000E+00    0.4048731538E-22    0.2795653084E-23    0.4260299385E-07   -0.8416105901E+10   -0.6772392429E-27   -0.3407455339E-12   -0.5750939466E-28
    0.6590000000E+00    0.4338294005E-22    0.2995596250E-23    0.4359534505E-07   -0.1980576587E+14   -0.1707743200E-23   -0.8592323535E-09   -0.1553886328E-24
    0.6590000000E+00    0.4648565778E-22    0.3209839213E-23    0.4461081109E-07   -0.6240310634E+15   -0.5765502074E-22   -0.2900849446E-07   -0.5621261816E-23
    0.6590000000E+00    0.4981027973E-22    0.3439404683E-23    0.4564993037E-07   -0.1678137617E+17   -0.1661339904E-20   -0.8358850413E-06   -0.1735622123E-21
    0.6590000000E+00    0.5337267633E-22    0.3685388516E-23    0.4671325384E-07   -0.1449609702E+18   -0.1537736812E-19   -0.7736954944E-05   -0.1721387685E-20
    0.6590000000E+00    0.5718985306E-22    0.3948964943E-23    0.4780134531E-07   -0.8542213599E+17   -0.9709600264E-20   -0.4885279405E-05   -0.1164656974E-20
    0.6590000000E+00    0.6128003161E-22    0.4231392172E-23    0.4891478167E-07    0.2787906806E+19    0.3395542542E-18    0.1708430172E-03    0.4364212176E-19
    0.6590000000E+00    0.6566273690E-22    0.4534018400E-23    0.5005415331E-07    0.5698726005E+20    0.7437186982E-17    0.3741939463E-02    0.1024248605E-17
    0.6590000000E+00    0.7035889022E-22    0.4858288246E-23    0.5122006431E-07    0.9277421840E+21    0.1297353202E-15    0.6527491048E-01    0.1914497964E-16
    0.6590000000E+00    0.7539090917E-22    0.5205749646E-23    0.5241313287E-07    0.3989303512E+22    0.5977615870E-15    0.3007572187E+00    0.9452021133E-16
    0.6590000000E+00    0.8078281461E-22    0.5578061244E-23    0.5363399157E-07    0.2043269467E+22    0.3280624842E-15    0.1650610585E+00    0.5558444196E-16
    0.6590000000E+00    0.8656034539E-22    0.5977000309E-23    0.5488328773E-07   -0.4391576880E+23   -0.7555294787E-14   -0.3801364116E+01   -0.1371665119E-14
    0.6590000000E+00    0.9275108115E-22    0.6404471218E-23    0.5616168372E-07   -0.5912599196E+24   -0.1089956997E-12   -0.5483999678E+02   -0.2120342628E-13
    0.6590000000E+00    0.9938457404E-22    0.6862514550E-23    0.5746985739E-07   -0.6080782891E+25   -0.1201131126E-11   -0.6043360174E+03   -0.2503727746E-12
    0.6590000000E+00    0.1064924897E-21    0.7353316823E-23    0.5880850233E-07   -0.5560667421E+26   -0.1176949544E-10   -0.5921693181E+04   -0.2628781717E-11
    0.6590000000E+00    0.1141087586E-21    0.7879220933E-23    0.6017832832E-07   -0.3662527677E+27   -0.8306380839E-10   -0.4179264866E+05   -0.1987964020E-10
    0.6590000000E+00    0.1222697377E-21    0.8442737340E-23    0.6158006166E-07   -0.5827324937E+27   -0.1416120335E-09   -0.7125054917E+05   -0.3631590238E-10
    0.6590000000E+00    0.1310143844E-21    0.9046556049E-23    0.6301444556E-07   -0.2454917411E+27   -0.6392456922E-10   -0.3216294935E+05   -0.1756566075E-10
    0.6590000000E+00    0.1403844422E-21    0.9693559452E-23    0.6448224056E-07    0.3261415421E+28    0.9099908894E-09    0.4578519847E+06    0.2679376383E-09
    0.6590000000E+00    0.1504246400E-21    0.1038683609E-22    0.6598422489E-07    0.2659288170E+29    0.7950534482E-08    0.4000224655E+07    0.2508378133E-08
    0.6590000000E+00    0.1611829057E-21    0.1112969539E-22    0.6752119493E-07    0.1580336591E+30    0.5062680493E-07    0.2547232438E+08    0.1711501171E-07
    0.6590000000E+00    0.1727105951E-21    0.1192568347E-22    0.6909396560E-07    0.8274684721E+30    0.2840418806E-06    0.1429125723E+09    0.1028913961E-06
    0.6590000000E+00    0.1850627369E-21    0.1277860007E-22    0.7070337081E-07    0.3974580031E+31    0.1461915161E-05    0.7355466585E+09    0.5674385680E-06
    0.6590000000E+00    0.1982982953E-21    0.1369251667E-22    0.7235026388E-07    0.1775422935E+32    0.6997336342E-05    0.3520633414E+10    0.2910244187E-05
    0.6590000000E+00    0.2124804516E-21    0.1467179595E-22    0.7403551802E-07    0.7420651619E+32    0.3133812200E-04    0.1576743407E+11    0.1396592314E-04
    0.6590000000E+00    0.2276769058E-21    0.1572111260E-22    0.7576002677E-07    0.2910249496E+33    0.1316925316E-03    0.6625966005E+11    0.6288655835E-04
    0.6590000000E+00    0.2439602000E-21    0.1684547565E-22    0.7752470448E-07    0.1071833587E+34    0.5197066643E-03    0.2614847362E+12    0.2659224275E-03
    0.6590000000E+00    0.2614080640E-21    0.1805025236E-22    0.7933048683E-07    0.3707057151E+34    0.1926017396E-02    0.9690546330E+12    0.1055982902E-02
    0.6590000000E+00    0.2801037871E-21    0.1934119387E-22    0.8117833125E-07    0.1171585322E+35    0.6522361202E-02    0.3281654856E+13    0.3831788473E-02
    0.6590000000E+00    0.3001366153E-21    0.2072446262E-22    0.8306921749E-07    0.2793043198E+35    0.1666128819E-01    0.8382945319E+13    0.1048830377E-01
    0.6590000000E+00    0.3216021775E-21    0.2220666179E-22    0.8500414813E-07    0.5235063624E+35    0.3346207653E-01    0.1683607861E+14    0.2257093598E-01
    0.6590000000E+00    0.3446029418E-21    0.2379486681E-22    0.8698414910E-07    0.8223245054E+35    0.5632149269E-01    0.2833754437E+14    0.4070716308E-01
    0.6590000000E+00    0.3692487048E-21    0.2549665916E-22    0.8901027021E-07    0.1107738476E+36    0.8129581035E-01    0.4090309974E+14    0.6296001823E-01
    0.6590000000E+00    0.3956571157E-21    0.2732016250E-22    0.9108358575E-07    0.1291749324E+36    0.1015802242E+00    0.5110898118E+14    0.8429578274E-01
    0.6590000000E+00    0.4239542377E-21    0.2927408154E-22    0.9320519501E-07    0.1324790168E+36    0.1116292535E+00    0.5616504059E+14    0.9926009832E-01
    0.6590000000E+00    0.4542751502E-21    0.3136774352E-22    0.9537622289E-07    0.1313100866E+36    0.1185574942E+00    0.5965090932E+14    0.1129602624E+00
    0.6590000000E+00    0.4867645933E-21    0.3361114274E-22    0.9759782052E-07    0.1238836889E+36    0.1198519358E+00    0.6030219346E+14    0.1223606382E+00
    0.6590000000E+00    0.5215776589E-21    0.3601498832E-22    0.9987116580E-07    0.1024655022E+36    0.1062205625E+00    0.5344371677E+14    0.1161997725E+00
    0.6590000000E+00    0.5588805307E-21    0.3859075526E-22    0.1021974641E-06    0.7555604263E+35    0.8392669612E-01    0.4222680120E+14    0.9837773234E-01
    0.6590000000E+00    0.5988512779E-21    0.4135073927E-22    0.1045779488E-06    0.5116625091E+35    0.6089961122E-01    0.3064097475E+14    0.7649115185E-01
    0.6590000000E+00    0.6416807053E-21    0.4430811541E-22    0.1070138822E-06    0.3236647165E+35    0.4127872574E-01    0.2076894035E+14    0.5555497584E-01
    0.6590000000E+00    0.6875732635E-21    0.4747700104E-22    0.1095065557E-06    0.1923140797E+35    0.2628100717E-01    0.1322300194E+14    0.3789995423E-01
    0.6590000000E+00    0.7367480256E-21    0.5087252317E-22    0.1120572911E-06    0.1071202999E+35    0.1568565663E-01    0.7892066947E+13    0.2423814530E-01
    0.6590000000E+00    0.7894397325E-21    0.5451089068E-22    0.1146674407E-06    0.5571983343E+34    0.8742602512E-02    0.4398745040E+13    0.1447562801E-01
    0.6590000000E+00    0.8458999137E-21    0.5840947171E-22    0.1173383885E-06    0.2702443262E+34    0.4543468366E-02    0.2285996522E+13    0.8060912173E-02
    0.6590000000E+00    0.9063980879E-21    0.6258687655E-22    0.1200715507E-06    0.1224594774E+34    0.2206090506E-02    0.1109970362E+13    0.4193918691E-02
    0.6590000000E+00    0.9712230494E-21    0.6706304648E-22    0.1228683764E-06    0.5207358043E+33    0.1005190472E-02    0.5057506157E+12    0.2047599638E-02
    0.6590000000E+00    0.1040684247E-20    0.7185934897E-22    0.1257303485E-06    0.2087043157E+33    0.4316804231E-03    0.2171952937E+12    0.9422345704E-03
    0.6590000000E+00    0.1115113261E-20    0.7699867968E-22    0.1286589846E-06    0.7904129387E+32    0.1751801786E-03    0.8813999499E+11    0.4097147937E-03
    0.6590000000E+00    0.1194865387E-20    0.8250557175E-22    0.1316558373E-06    0.2830887786E+32    0.6722852432E-04    0.3382529830E+11    0.1684807392E-03
    0.6590000000E+00    0.1280321329E-20    0.8840631292E-22    0.1347224957E-06    0.9593950386E+31    0.2441340704E-04    0.1228333931E+11    0.6555790594E-04
    0.6590000000E+00    0.1371889021E-20    0.9472907100E-22    0.1378605858E-06    0.3083308936E+31    0.8407133919E-05    0.4229957679E+10    0.2419048893E-04
    0.6590000000E+00    0.1470005571E-20    0.1015040283E-21    0.1410717713E-06    0.9434638010E+30    0.2756488377E-05    0.1386897044E+10    0.8498706795E-05
    0.6590000000E+00    0.1575139348E-20    0.1087635259E-21    0.1443577550E-06    0.2761141043E+30    0.8644094689E-06    0.4349181904E+09    0.2855723769E-05
    0.6590000000E+00    0.1687792220E-20    0.1165422177E-21    0.1477202791E-06    0.7756686673E+29    0.2601999283E-06    0.1309167542E+09    0.9210937880E-06
    0.6590000000E+00    0.1808501947E-20    0.1248772362E-21    0.1511611264E-06    0.2097631326E+29    0.7539804481E-07    0.3793570337E+08    0.2859938965E-06
    0.6590000000E+00    0.1937844750E-20    0.1338083694E-21    0.1546821213E-06    0.5476700750E+28    0.2109356256E-07    0.1061299579E+08    0.8573272267E-07
    0.6590000000E+00    0.2076438060E-20    0.1433782510E-21    0.1582851308E-06    0.1382259269E+28    0.5704537440E-08    0.2870175756E+07    0.2484374801E-07
    0.6590000000E+00    0.2224943467E-20    0.1536325639E-21    0.1619720651E-06    0.3357718304E+27    0.1484824696E-08    0.7470733406E+06    0.6929020765E-08
    0.6590000000E+00    0.2384069878E-20    0.1646202581E-21    0.1657448792E-06    0.7698065550E+26    0.3647644697E-09    0.1835272620E+06    0.1823934380E-08
    0.6590000000E+00    0.2554576900E-20    0.1763937846E-21    0.1696055734E-06    0.1841963150E+26    0.9352158559E-10    0.4705436513E+05    0.5010816999E-09
    0.6590000000E+00    0.2737278465E-20    0.1890093455E-21    0.1735561947E-06    0.4535098532E+25    0.2467275528E-10    0.1241382755E+05    0.1416492671E-09
    0.6590000000E+00    0.2933046719E-20    0.2025271626E-21    0.1775988378E-06    0.1036647517E+25    0.6043131373E-11    0.3040535598E+04    0.3717566246E-10
    0.6590000000E+00    0.3142816182E-20    0.2170117645E-21    0.1817356462E-06    0.2223637993E+24    0.1388976857E-11    0.6988485469E+03    0.9155702878E-11
    0.6590000000E+00    0.3367588212E-20    0.2325322952E-21    0.1859688132E-06    0.5557971665E+23    0.3720036938E-12    0.1871695986E+03    0.2627507310E-11
    0.6590000000E+00    0.3608435782E-20    0.2491628434E-21    0.1903005833E-06    0.1104844143E+23    0.7923771472E-13    0.3986759139E+02    0.5996925068E-12
    0.6590000000E+00    0.3866508602E-20    0.2669827968E-21    0.1947332533E-06    0.4239874851E+22    0.3258246681E-13    0.1639351258E+02    0.2642290980E-12
