    0.6480000000E+00    0.4143038610E-23    0.2860772210E-24    0.1992691735E-07   -0.1428088636E+03   -0.1175942501E-35   -0.5916626357E-21   -0.1226613378E-37
    0.6480000000E+00    0.4439345853E-23    0.3065372650E-24    0.2039107488E-07    0.3200832493E+04    0.2824189740E-34    0.1420960246E-19    0.3156570408E-36
    0.6480000000E+00    0.4756844785E-23    0.3284605973E-24    0.2086604403E-07    0.3467175836E+04    0.3277983711E-34    0.1649281729E-19    0.3925802081E-36
    0.6480000000E+00    0.5097051019E-23    0.3519518710E-24    0.2135207663E-07   -0.1676283166E+04   -0.1698158829E-34   -0.8544100817E-20   -0.2179214186E-36
    0.6480000000E+00    0.5461588566E-23    0.3771232243E-24    0.2184943039E-07   -0.1844899351E+05   -0.2002643300E-33   -0.1007608120E-18   -0.2753754449E-35
    0.6480000000E+00    0.5852197586E-23    0.4040948153E-24    0.2235836900E-07   -0.1789635573E+05   -0.2081591605E-33   -0.1047330098E-18   -0.3067023739E-35
    0.6480000000E+00    0.6270742692E-23    0.4329953957E-24    0.2287916232E-07    0.2726575140E+05    0.3398195767E-33    0.1709765113E-18    0.5365003435E-35
    0.6480000000E+00    0.6719221852E-23    0.4639629256E-24    0.2341208647E-07    0.8774228715E+05    0.1171763254E-32    0.5895598932E-18    0.1982263958E-34
    0.6480000000E+00    0.7199775931E-23    0.4971452317E-24    0.2395742402E-07    0.2803947010E+05    0.4012367701E-33    0.2018779019E-18    0.7273146503E-35
    0.6480000000E+00    0.7714698903E-23    0.5327007132E-24    0.2451546411E-07   -0.2705403574E+06   -0.4148231484E-32   -0.2087137399E-17   -0.8057208332E-34
    0.6480000000E+00    0.8266448809E-23    0.5707990981E-24    0.2508650263E-07   -0.2136828668E+06   -0.3510755828E-32   -0.1766398480E-17   -0.7306716133E-34
    0.6480000000E+00    0.8857659485E-23    0.6116222531E-24    0.2567084234E-07    0.6422150385E+06    0.1130606284E-31    0.5688522127E-17    0.2521349237E-33
    0.6480000000E+00    0.9491153137E-23    0.6553650517E-24    0.2626879307E-07    0.6239220753E+06    0.1176958842E-31    0.5921739962E-17    0.2812437536E-33
    0.6480000000E+00    0.1016995382E-22    0.7022363048E-24    0.2688067187E-07   -0.1394349309E+07   -0.2818399219E-31   -0.1418046808E-16   -0.7216458520E-33
    0.6480000000E+00    0.1089730185E-22    0.7524597575E-24    0.2750680315E-07   -0.1293572343E+07   -0.2801700099E-31   -0.1409644828E-16   -0.7686758829E-33
    0.6480000000E+00    0.1167666930E-22    0.8062751566E-24    0.2814751890E-07    0.2915861403E+07    0.6767025314E-31    0.3404754934E-16    0.1989387620E-32
    0.6480000000E+00    0.1251177658E-22    0.8639393956E-24    0.2880315884E-07    0.1862649731E+07    0.4631931392E-31    0.2330505728E-16    0.1459095533E-32
    0.6480000000E+00    0.1340661015E-22    0.9257277409E-24    0.2947407060E-07   -0.6152855786E+07   -0.1639485801E-30   -0.8248893881E-16   -0.5533874040E-32
    0.6480000000E+00    0.1436544159E-22    0.9919351458E-24    0.3016060990E-07   -0.2173881261E+06   -0.6206785585E-32   -0.3122876428E-17   -0.2244855302E-33
    0.6480000000E+00    0.1539284799E-22    0.1062877658E-23    0.3086314075E-07    0.1291279468E+08    0.3950491844E-30    0.1987646857E-15    0.1530991500E-31
    0.6480000000E+00    0.1649373379E-22    0.1138893930E-23    0.3158203565E-07   -0.1631476636E+08   -0.5348251020E-30   -0.2690914132E-15   -0.2220922442E-31
    0.6480000000E+00    0.1767335417E-22    0.1220346833E-23    0.3231767576E-07   -0.2163818964E+08   -0.7600669466E-30   -0.3824193891E-15   -0.3381998856E-31
    0.6480000000E+00    0.1893734018E-22    0.1307625190E-23    0.3307045113E-07    0.2387415287E+08    0.8985844407E-30    0.4521129545E-15    0.4284306218E-31
    0.6480000000E+00    0.2029172559E-22    0.1401145635E-23    0.3384076090E-07   -0.4136559440E+09   -0.1668284801E-28   -0.8393792905E-14   -0.8522986548E-30
    0.6480000000E+00    0.2174297571E-22    0.1501354598E-23    0.3462901348E-07   -0.1871144492E+10   -0.8086084016E-28   -0.4068424924E-13   -0.4426493790E-29
    0.6480000000E+00    0.2329801823E-22    0.1608730435E-23    0.3543562682E-07    0.1055868203E+10    0.4889231884E-28    0.2459963663E-13    0.2867888385E-29
    0.6480000000E+00    0.2496427630E-22    0.1723785718E-23    0.3626102861E-07   -0.2791937787E+10   -0.1385277118E-27   -0.6969870632E-13   -0.8706794020E-29
    0.6480000000E+00    0.2674970400E-22    0.1847069675E-23    0.3710565646E-07   -0.3735361290E+11   -0.1985928177E-26   -0.9991980884E-12   -0.1337473382E-27
    0.6480000000E+00    0.2866282424E-22    0.1979170815E-23    0.3796995823E-07    0.1427121978E+12    0.8130027569E-26    0.4090534643E-11    0.5866966766E-27
    0.6480000000E+00    0.3071276952E-22    0.2120719737E-23    0.3885439218E-07    0.7742673143E+13    0.4726306149E-24    0.2377989357E-09    0.3654630377E-25
    0.6480000000E+00    0.3290932546E-22    0.2272392139E-23    0.3975942724E-07    0.1387335918E+14    0.9074287901E-24    0.4565628924E-09    0.7518551241E-25
    0.6480000000E+00    0.3526297755E-22    0.2434912046E-23    0.4068554327E-07   -0.1100621887E+15   -0.7713812332E-23   -0.3881120489E-08   -0.6848424600E-24
    0.6480000000E+00    0.3778496121E-22    0.2609055264E-23    0.4163323131E-07   -0.4103229995E+16   -0.3081461774E-21   -0.1550403862E-06   -0.2931422349E-22
    0.6480000000E+00    0.4048731538E-22    0.2795653084E-23    0.4260299385E-07   -0.1073198070E+18   -0.8635963676E-20   -0.4345090873E-05   -0.8803034761E-21
    0.6480000000E+00    0.4338294005E-22    0.2995596250E-23    0.4359534505E-07   -0.1707965748E+19   -0.1472685737E-18   -0.7409657563E-04   -0.1608539354E-19
    0.6480000000E+00    0.4648565778E-22    0.3209839213E-23    0.4461081109E-07   -0.2168452568E+19   -0.2003460807E-18   -0.1008019440E-03   -0.2344781941E-19
    0.6480000000E+00    0.4981027973E-22    0.3439404683E-23    0.4564993037E-07    0.1335451506E+20    0.1322083990E-17    0.6651921310E-03    0.1657985225E-18
    0.6480000000E+00    0.5337267633E-22    0.3685388516E-23    0.4671325384E-07    0.3175400270E+21    0.3368444540E-16    0.1694796108E-01    0.4526380000E-17
    0.6480000000E+00    0.5718985306E-22    0.3948964943E-23    0.4780134531E-07    0.5033852792E+22    0.5721783684E-15    0.2878853015E+00    0.8238592930E-16
    0.6480000000E+00    0.6128003161E-22    0.4231392172E-23    0.4891478167E-07    0.2668087653E+23    0.3249608312E-14    0.1635004957E+01    0.5013633999E-15
    0.6480000000E+00    0.6566273690E-22    0.4534018400E-23    0.5005415331E-07    0.2018631295E+23    0.2634437658E-14    0.1325488556E+01    0.4355214361E-15
    0.6480000000E+00    0.7035889022E-22    0.4858288246E-23    0.5122006431E-07   -0.1943567158E+24   -0.2717881238E-13   -0.1367472283E+02   -0.4814509916E-14
    0.6480000000E+00    0.7539090917E-22    0.5205749646E-23    0.5241313287E-07   -0.2704693184E+25   -0.4052741751E-12   -0.2039092782E+03   -0.7692553766E-13
    0.6480000000E+00    0.8078281461E-22    0.5578061244E-23    0.5363399157E-07   -0.2681908748E+26   -0.4306008877E-11   -0.2166521372E+04   -0.8757830401E-12
    0.6480000000E+00    0.8656034539E-22    0.5977000309E-23    0.5488328773E-07   -0.2338363626E+27   -0.4022934585E-10   -0.2024095631E+05   -0.8767274020E-11
    0.6480000000E+00    0.9275108115E-22    0.6404471218E-23    0.5616168372E-07   -0.1228687550E+28   -0.2265021776E-09   -0.1139620987E+06   -0.5289248744E-10
    0.6480000000E+00    0.9938457404E-22    0.6862514550E-23    0.5746985739E-07   -0.1583198620E+28   -0.3127276826E-09   -0.1573455205E+06   -0.7825064688E-10
    0.6480000000E+00    0.1064924897E-21    0.7353316823E-23    0.5880850233E-07   -0.2673670637E+27   -0.5658988748E-10   -0.2847258428E+05   -0.1517261508E-10
    0.6480000000E+00    0.1141087586E-21    0.7879220933E-23    0.6017832832E-07    0.1157899425E+29    0.2626042570E-08    0.1321264659E+07    0.7544376817E-09
    0.6480000000E+00    0.1222697377E-21    0.8442737340E-23    0.6158006166E-07    0.8425453712E+29    0.2047501464E-07    0.1030178016E+08    0.6302978573E-08
    0.6480000000E+00    0.1310143844E-21    0.9046556049E-23    0.6301444556E-07    0.4649763283E+30    0.1210770323E-06    0.6091858742E+08    0.3993773008E-07
    0.6480000000E+00    0.1403844422E-21    0.9693559452E-23    0.6448224056E-07    0.2264810666E+31    0.6319210545E-06    0.3179441820E+09    0.2233492175E-06
    0.6480000000E+00    0.1504246400E-21    0.1038683609E-22    0.6598422489E-07    0.1009366609E+32    0.3017726367E-05    0.1518336087E+10    0.1142882196E-05
    0.6480000000E+00    0.1611829057E-21    0.1112969539E-22    0.6752119493E-07    0.4175811341E+32    0.1337740247E-04    0.6730694055E+10    0.5428669509E-05
    0.6480000000E+00    0.1727105951E-21    0.1192568347E-22    0.6909396560E-07    0.1617212031E+33    0.5551340769E-04    0.2793096522E+11    0.2413901236E-04
    0.6480000000E+00    0.1850627369E-21    0.1277860007E-22    0.7070337081E-07    0.5894364168E+33    0.2168042982E-03    0.1090827165E+12    0.1010158442E-03
    0.6480000000E+00    0.1982982953E-21    0.1369251667E-22    0.7235026388E-07    0.2026494554E+34    0.7986865388E-03    0.4018504154E+12    0.3987475013E-03
    0.6480000000E+00    0.2124804516E-21    0.1467179595E-22    0.7403551802E-07    0.6550604858E+34    0.2766383126E-02    0.1391875478E+13    0.1479905338E-02
    0.6480000000E+00    0.2276769058E-21    0.1572111260E-22    0.7576002677E-07    0.1715172061E+35    0.7761374108E-02    0.3905050677E+13    0.4448977684E-02
    0.6480000000E+00    0.2439602000E-21    0.1684547565E-22    0.7752470448E-07    0.3522550354E+35    0.1708001052E-01    0.8593620887E+13    0.1049082744E-01
    0.6480000000E+00    0.2614080640E-21    0.1805025236E-22    0.7933048683E-07    0.6130877114E+35    0.3185323423E-01    0.1602660717E+14    0.2096404798E-01
    0.6480000000E+00    0.2801037871E-21    0.1934119387E-22    0.8117833125E-07    0.9297985733E+35    0.5176304300E-01    0.2604401016E+14    0.3650408014E-01
    0.6480000000E+00    0.3001366153E-21    0.2072446262E-22    0.8306921749E-07    0.1239046534E+36    0.7391261045E-01    0.3718832329E+14    0.5585218281E-01
    0.6480000000E+00    0.3216021775E-21    0.2220666179E-22    0.8500414813E-07    0.1454977094E+36    0.9300088471E-01    0.4679238016E+14    0.7530237777E-01
    0.6480000000E+00    0.3446029418E-21    0.2379486681E-22    0.8698414910E-07    0.1513110208E+36    0.1036338148E+00    0.5214222291E+14    0.8991312558E-01
    0.6480000000E+00    0.3692487048E-21    0.2549665916E-22    0.8901027021E-07    0.1505518286E+36    0.1104884697E+00    0.5559106771E+14    0.1027161111E+00
    0.6480000000E+00    0.3956571157E-21    0.2732016250E-22    0.9108358575E-07    0.1450222295E+36    0.1140421776E+00    0.5737907702E+14    0.1136022966E+00
    0.6480000000E+00    0.4239542377E-21    0.2927408154E-22    0.9320519501E-07    0.1257097451E+36    0.1059253408E+00    0.5329517917E+14    0.1130632538E+00
    0.6480000000E+00    0.4542751502E-21    0.3136774352E-22    0.9537622289E-07    0.9736832351E+35    0.8791209229E-01    0.4423200979E+14    0.1005472567E+00
    0.6480000000E+00    0.4867645933E-21    0.3361114274E-22    0.9759782052E-07    0.6970704663E+35    0.6743845416E-01    0.3393092221E+14    0.8264740397E-01
    0.6480000000E+00    0.5215776589E-21    0.3601498832E-22    0.9987116580E-07    0.4692440929E+35    0.4864405134E-01    0.2447472354E+14    0.6387800558E-01
    0.6480000000E+00    0.5588805307E-21    0.3859075526E-22    0.1021974641E-06    0.2986887822E+35    0.3317797198E-01    0.1669313451E+14    0.4668436392E-01
    0.6480000000E+00    0.5988512779E-21    0.4135073927E-22    0.1045779488E-06    0.1795311059E+35    0.2136833236E-01    0.1075124322E+14    0.3221752987E-01
    0.6480000000E+00    0.6416807053E-21    0.4430811541E-22    0.1070138822E-06    0.1016173884E+35    0.1295981950E-01    0.6520591743E+13    0.2093729455E-01
    0.6480000000E+00    0.6875732635E-21    0.4747700104E-22    0.1095065557E-06    0.5413413473E+34    0.7397792120E-02    0.3722118368E+13    0.1280630182E-01
    0.6480000000E+00    0.7367480256E-21    0.5087252317E-22    0.1120572911E-06    0.2720330732E+34    0.3983388193E-02    0.2004198296E+13    0.7388805620E-02
    0.6480000000E+00    0.7894397325E-21    0.5451089068E-22    0.1146674407E-06    0.1294173073E+34    0.2030594865E-02    0.1021671645E+13    0.4035941786E-02
    0.6480000000E+00    0.8458999137E-21    0.5840947171E-22    0.1173383885E-06    0.5847921089E+33    0.9831786238E-03    0.4946755944E+12    0.2093890842E-02
    0.6480000000E+00    0.9063980879E-21    0.6258687655E-22    0.1200715507E-06    0.2515031604E+33    0.4530794564E-03    0.2279619837E+12    0.1033941532E-02
    0.6480000000E+00    0.9712230494E-21    0.6706304648E-22    0.1228683764E-06    0.1030708579E+33    0.1989604777E-03    0.1001047929E+12    0.4865062509E-03
    0.6480000000E+00    0.1040684247E-20    0.7185934897E-22    0.1257303485E-06    0.4030032647E+32    0.8335650330E-04    0.4193991491E+11    0.2184042565E-03
    0.6480000000E+00    0.1115113261E-20    0.7699867968E-22    0.1286589846E-06    0.1506065933E+32    0.3337912200E-04    0.1679434095E+11    0.9371228311E-04
    0.6480000000E+00    0.1194865387E-20    0.8250557175E-22    0.1316558373E-06    0.5391470049E+31    0.1280377757E-04    0.6442080947E+10    0.3851764540E-04
    0.6480000000E+00    0.1280321329E-20    0.8840631292E-22    0.1347224957E-06    0.1852764995E+31    0.4714669575E-05    0.2372134542E+10    0.1519752515E-04
    0.6480000000E+00    0.1371889021E-20    0.9472907100E-22    0.1378605858E-06    0.6123014090E+30    0.1669537517E-05    0.8400095809E+09    0.5766572978E-05
    0.6480000000E+00    0.1470005571E-20    0.1015040283E-21    0.1410717713E-06    0.1949502260E+30    0.5695799156E-06    0.2865779183E+09    0.2108027522E-05
    0.6480000000E+00    0.1575139348E-20    0.1087635259E-21    0.1443577550E-06    0.5992930726E+29    0.1876161335E-06    0.9439700998E+08    0.7440323030E-06
    0.6480000000E+00    0.1687792220E-20    0.1165422177E-21    0.1477202791E-06    0.1782515319E+29    0.5979490700E-07    0.3008515487E+08    0.2540889652E-06
    0.6480000000E+00    0.1808501947E-20    0.1248772362E-21    0.1511611264E-06    0.5133760536E+28    0.1845298085E-07    0.9284415926E+07    0.8402105704E-07
    0.6480000000E+00    0.1937844750E-20    0.1338083694E-21    0.1546821213E-06    0.1430054593E+28    0.5507868224E-08    0.2771223786E+07    0.2687231929E-07
    0.6480000000E+00    0.2076438060E-20    0.1433782510E-21    0.1582851308E-06    0.3851856737E+27    0.1589648300E-08    0.7998141930E+06    0.8310414001E-08
    0.6480000000E+00    0.2224943467E-20    0.1536325639E-21    0.1619720651E-06    0.1009324290E+27    0.4463357243E-09    0.2245689485E+06    0.2500248979E-08
    0.6480000000E+00    0.2384069878E-20    0.1646202581E-21    0.1657448792E-06    0.2605697993E+26    0.1234681675E-09    0.6212166097E+05    0.7410996568E-09
    0.6480000000E+00    0.2554576900E-20    0.1763937846E-21    0.1696055734E-06    0.6656065077E+25    0.3379469127E-10    0.1700343009E+05    0.2173552293E-09
    0.6480000000E+00    0.2737278465E-20    0.1890093455E-21    0.1735561947E-06    0.1646540140E+25    0.8957838874E-11    0.4507038867E+04    0.6173406236E-10
    0.6480000000E+00    0.2933046719E-20    0.2025271626E-21    0.1775988378E-06    0.3694922573E+24    0.2153953216E-11    0.1083738053E+04    0.1590588639E-10
    0.6480000000E+00    0.3142816182E-20    0.2170117645E-21    0.1817356462E-06    0.8806956441E+23    0.5501191613E-12    0.2767864522E+03    0.4352896912E-11
    0.6480000000E+00    0.3367588212E-20    0.2325322952E-21    0.1859688132E-06    0.2208163409E+23    0.1477958137E-12    0.7436185068E+02    0.1253094266E-11
    0.6480000000E+00    0.3608435782E-20    0.2491628434E-21    0.1903005833E-06    0.4400862882E+22    0.3156230857E-13    0.1588023109E+02    0.2867413801E-12
    0.6480000000E+00    0.3866508602E-20    0.2669827968E-21    0.1947332533E-06    0.1685022770E+22    0.1294901392E-13    0.6515155033E+01    0.1260544865E-12
