    0.6600000000E+00    0.4143038610E-23    0.2860772210E-24    0.1992691735E-07    0.2161254233E+00    0.1779658941E-38    0.8954159736E-24    0.1525149689E-40
    0.6600000000E+00    0.4439345853E-23    0.3065372650E-24    0.2039107488E-07    0.9374491256E-01    0.8271392547E-39    0.4161660888E-24    0.7595464213E-41
    0.6600000000E+00    0.4756844785E-23    0.3284605973E-24    0.2086604403E-07   -0.5145259836E+00   -0.4864500311E-38   -0.2447520242E-23   -0.4786454392E-40
    0.6600000000E+00    0.5097051019E-23    0.3519518710E-24    0.2135207663E-07   -0.8549361922E+00   -0.8660931953E-38   -0.4357653390E-23   -0.9131461999E-40
    0.6600000000E+00    0.5461588566E-23    0.3771232243E-24    0.2184943039E-07   -0.3845103776E+00   -0.4173870683E-38   -0.2100037482E-23   -0.4715358088E-40
    0.6600000000E+00    0.5852197586E-23    0.4040948153E-24    0.2235836900E-07    0.2857874346E+01    0.3324099797E-37    0.1672484535E-22    0.4023923758E-39
    0.6600000000E+00    0.6270742692E-23    0.4329953957E-24    0.2287916232E-07    0.3976387010E+01    0.4955866173E-37    0.2493489978E-22    0.6428287025E-39
    0.6600000000E+00    0.6719221852E-23    0.4639629256E-24    0.2341208647E-07   -0.2001154289E+01   -0.2672461750E-37   -0.1344619963E-22   -0.3714387316E-39
    0.6600000000E+00    0.7199775931E-23    0.4971452317E-24    0.2395742402E-07   -0.1580675766E+02   -0.2261901658E-36   -0.1138051133E-21   -0.3368599723E-38
    0.6600000000E+00    0.7714698903E-23    0.5327007132E-24    0.2451546411E-07   -0.7920154872E+01   -0.1214407939E-36   -0.6110161011E-22   -0.1937939824E-38
    0.6600000000E+00    0.8266448809E-23    0.5707990981E-24    0.2508650263E-07    0.4310246329E+02    0.7081626453E-36    0.3563043063E-21    0.1210901185E-37
    0.6600000000E+00    0.8857659485E-23    0.6116222531E-24    0.2567084234E-07    0.3472077518E+02    0.6112520612E-36    0.3075448036E-21    0.1119943275E-37
    0.6600000000E+00    0.9491153137E-23    0.6553650517E-24    0.2626879307E-07   -0.9843625265E+02   -0.1856889225E-35   -0.9342735482E-21   -0.3645538473E-37
    0.6600000000E+00    0.1016995382E-22    0.7022363048E-24    0.2688067187E-07   -0.8261682998E+02   -0.1669934553E-35   -0.8402093453E-21   -0.3512975659E-37
    0.6600000000E+00    0.1089730185E-22    0.7524597575E-24    0.2750680315E-07    0.2053178387E+03    0.4446902505E-35    0.2237410463E-20    0.1002382088E-36
    0.6600000000E+00    0.1167666930E-22    0.8062751566E-24    0.2814751890E-07    0.1211938112E+03    0.2812621984E-35    0.1415140055E-20    0.6793397963E-37
    0.6600000000E+00    0.1251177658E-22    0.8639393956E-24    0.2880315884E-07   -0.3624149198E+03   -0.9012328059E-35   -0.4534454505E-20   -0.2332451821E-36
    0.6600000000E+00    0.1340661015E-22    0.9257277409E-24    0.2947407060E-07   -0.1261744640E+03   -0.3362036255E-35   -0.1691571850E-20   -0.9323480827E-37
    0.6600000000E+00    0.1436544159E-22    0.9919351458E-24    0.3016060990E-07    0.5936255024E+03    0.1694897636E-34    0.8527692482E-20    0.5036387805E-36
    0.6600000000E+00    0.1539284799E-22    0.1062877658E-23    0.3086314075E-07    0.4300646475E+03    0.1315723609E-34    0.6619919747E-20    0.4189289347E-36
    0.6600000000E+00    0.1649373379E-22    0.1138893930E-23    0.3158203565E-07   -0.1143929956E+04   -0.3749992135E-34   -0.1886767617E-19   -0.1279399117E-35
    0.6600000000E+00    0.1767335417E-22    0.1220346833E-23    0.3231767576E-07   -0.2785151463E+04   -0.9783173194E-34   -0.4922296822E-19   -0.3576476960E-35
    0.6600000000E+00    0.1893734018E-22    0.1307625190E-23    0.3307045113E-07   -0.2165338037E+04   -0.8149981611E-34   -0.4100574301E-19   -0.3192510384E-35
    0.6600000000E+00    0.2029172559E-22    0.1401145635E-23    0.3384076090E-07    0.7887026664E+04    0.3180857643E-33    0.1600413808E-18    0.1335118835E-34
    0.6600000000E+00    0.2174297571E-22    0.1501354598E-23    0.3462901348E-07    0.1399576424E+05    0.6048219470E-33    0.3043095618E-18    0.2720215003E-34
    0.6600000000E+00    0.2329801823E-22    0.1608730435E-23    0.3543562682E-07   -0.2854990328E+05   -0.1322012511E-32   -0.6651561670E-18   -0.6371053542E-34
    0.6600000000E+00    0.2496427630E-22    0.1723785718E-23    0.3626102861E-07   -0.4821762536E+06   -0.2392416242E-31   -0.1203718122E-16   -0.1235413753E-32
    0.6600000000E+00    0.2674970400E-22    0.1847069675E-23    0.3710565646E-07   -0.3180598854E+07   -0.1690985260E-30   -0.8508007788E-16   -0.9356545021E-32
    0.6600000000E+00    0.2866282424E-22    0.1979170815E-23    0.3796995823E-07   -0.2180872619E+08   -0.1242399374E-29   -0.6250996858E-15   -0.7366088180E-31
    0.6600000000E+00    0.3071276952E-22    0.2120719737E-23    0.3885439218E-07   -0.3116279596E+09   -0.1902248893E-28   -0.9570957700E-14   -0.1208489913E-29
    0.6600000000E+00    0.3290932546E-22    0.2272392139E-23    0.3975942724E-07   -0.2938234290E+09   -0.1921840524E-28   -0.9669530852E-14   -0.1308256907E-29
    0.6600000000E+00    0.3526297755E-22    0.2434912046E-23    0.4068554327E-07    0.1085746845E+11    0.7609559195E-27    0.3828666661E-12    0.5550539395E-28
    0.6600000000E+00    0.3778496121E-22    0.2609055264E-23    0.4163323131E-07    0.2223021200E+12    0.1669454274E-25    0.8399676980E-11    0.1304818838E-26
    0.6600000000E+00    0.4048731538E-22    0.2795653084E-23    0.4260299385E-07    0.1634281697E+12    0.1315097163E-25    0.6616767849E-11    0.1101370730E-26
    0.6600000000E+00    0.4338294005E-22    0.2995596250E-23    0.4359534505E-07   -0.7505974346E+13   -0.6471992415E-24   -0.3256312350E-09   -0.5807827239E-25
    0.6600000000E+00    0.4648565778E-22    0.3209839213E-23    0.4461081109E-07   -0.2532612173E+15   -0.2339912481E-22   -0.1177301428E-07   -0.2249962623E-23
    0.6600000000E+00    0.4981027973E-22    0.3439404683E-23    0.4564993037E-07   -0.7009582785E+16   -0.6939418717E-21   -0.3491492793E-06   -0.7149880493E-22
    0.6600000000E+00    0.5337267633E-22    0.3685388516E-23    0.4671325384E-07   -0.9985333028E+17   -0.1059237818E-19   -0.5329439477E-05   -0.1169416366E-20
    0.6600000000E+00    0.5718985306E-22    0.3948964943E-23    0.4780134531E-07   -0.1032944306E+18   -0.1174107412E-19   -0.5907393305E-05   -0.1388940109E-20
    0.6600000000E+00    0.6128003161E-22    0.4231392172E-23    0.4891478167E-07    0.1131519210E+19    0.1378138467E-18    0.6933953293E-04    0.1746902011E-19
    0.6600000000E+00    0.6566273690E-22    0.4534018400E-23    0.5005415331E-07    0.2613719485E+20    0.3411064247E-17    0.1716239749E-02    0.4633035085E-18
    0.6600000000E+00    0.7035889022E-22    0.4858288246E-23    0.5122006431E-07    0.4399472455E+21    0.6152215321E-16    0.3095419995E-01    0.8953796437E-17
    0.6600000000E+00    0.7539090917E-22    0.5205749646E-23    0.5241313287E-07    0.3069259166E+22    0.4599011392E-15    0.2313942390E+00    0.7171998251E-16
    0.6600000000E+00    0.8078281461E-22    0.5578061244E-23    0.5363399157E-07    0.2775714629E+22    0.4456621367E-15    0.2242300403E+00    0.7447001269E-16
    0.6600000000E+00    0.8656034539E-22    0.5977000309E-23    0.5488328773E-07   -0.1944255093E+23   -0.3344907938E-14   -0.1682953924E+01   -0.5989076477E-15
    0.6600000000E+00    0.9275108115E-22    0.6404471218E-23    0.5616168372E-07   -0.3042660150E+24   -0.5608986187E-13   -0.2822100185E+02   -0.1076118407E-13
    0.6600000000E+00    0.9938457404E-22    0.6862514550E-23    0.5746985739E-07   -0.3253632528E+25   -0.6426868666E-12   -0.3233608829E+03   -0.1321219926E-12
    0.6600000000E+00    0.1064924897E-21    0.7353316823E-23    0.5880850233E-07   -0.3055709407E+26   -0.6467597359E-11   -0.3254101026E+04   -0.1424684386E-11
    0.6600000000E+00    0.1141087586E-21    0.7879220933E-23    0.6017832832E-07   -0.2436597056E+27   -0.5526047824E-10   -0.2780370653E+05   -0.1304338546E-10
    0.6600000000E+00    0.1222697377E-21    0.8442737340E-23    0.6158006166E-07   -0.5336347528E+27   -0.1296806053E-09   -0.6524738127E+05   -0.3279825353E-10
    0.6600000000E+00    0.1310143844E-21    0.9046556049E-23    0.6301444556E-07   -0.3898166507E+27   -0.1015059055E-09   -0.5107158853E+05   -0.2750850568E-10
    0.6600000000E+00    0.1403844422E-21    0.9693559452E-23    0.6448224056E-07    0.1613278244E+28    0.4501323244E-09    0.2264791664E+06    0.1307121297E-09
    0.6600000000E+00    0.1504246400E-21    0.1038683609E-22    0.6598422489E-07    0.1584858857E+29    0.4738288664E-08    0.2384018229E+07    0.1474338494E-08
    0.6600000000E+00    0.1611829057E-21    0.1112969539E-22    0.6752119493E-07    0.9883501025E+29    0.3166224722E-07    0.1593051414E+08    0.1055643858E-07
    0.6600000000E+00    0.1727105951E-21    0.1192568347E-22    0.6909396560E-07    0.5324994873E+30    0.1827890257E-06    0.9196830336E+08    0.6530189849E-07
    0.6600000000E+00    0.1850627369E-21    0.1277860007E-22    0.7070337081E-07    0.2618074719E+31    0.9629704510E-06    0.4845080729E+09    0.3686282806E-06
    0.6600000000E+00    0.1982982953E-21    0.1369251667E-22    0.7235026388E-07    0.1194600395E+32    0.4708185635E-05    0.2368872218E+10    0.1931208959E-05
    0.6600000000E+00    0.2124804516E-21    0.1467179595E-22    0.7403551802E-07    0.5094748736E+32    0.2151561152E-04    0.1082534512E+11    0.9456477286E-05
    0.6600000000E+00    0.2276769058E-21    0.1572111260E-22    0.7576002677E-07    0.2037517649E+33    0.9220029343E-04    0.4638957140E+11    0.4342181702E-04
    0.6600000000E+00    0.2439602000E-21    0.1684547565E-22    0.7752470448E-07    0.7649820123E+33    0.3709216194E-03    0.1866251647E+12    0.1871793078E-03
    0.6600000000E+00    0.2614080640E-21    0.1805025236E-22    0.7933048683E-07    0.2696675042E+34    0.1401069050E-02    0.7049326019E+12    0.7575917371E-03
    0.6600000000E+00    0.2801037871E-21    0.1934119387E-22    0.8117833125E-07    0.8888496620E+34    0.4948336618E-02    0.2489701565E+13    0.2867047744E-02
    0.6600000000E+00    0.3001366153E-21    0.2072446262E-22    0.8306921749E-07    0.2304210338E+35    0.1374526271E-01    0.6915778920E+13    0.8533530291E-02
    0.6600000000E+00    0.3216021775E-21    0.2220666179E-22    0.8500414813E-07    0.4558292003E+35    0.2913621052E-01    0.1465956634E+14    0.1938245374E-01
    0.6600000000E+00    0.3446029418E-21    0.2379486681E-22    0.8698414910E-07    0.7456125292E+35    0.5106744398E-01    0.2569402710E+14    0.3640154449E-01
    0.6600000000E+00    0.3692487048E-21    0.2549665916E-22    0.8901027021E-07    0.1039959363E+36    0.7632156958E-01    0.3840036478E+14    0.5829388271E-01
    0.6600000000E+00    0.3956571157E-21    0.2732016250E-22    0.9108358575E-07    0.1251857128E+36    0.9844319272E-01    0.4953061804E+14    0.8056777683E-01
    0.6600000000E+00    0.4239542377E-21    0.2927408154E-22    0.9320519501E-07    0.1312327736E+36    0.1105791460E+00    0.5563669051E+14    0.9697257353E-01
    0.6600000000E+00    0.4542751502E-21    0.3136774352E-22    0.9537622289E-07    0.1305066466E+36    0.1178320828E+00    0.5928592649E+14    0.1107233569E+00
    0.6600000000E+00    0.4867645933E-21    0.3361114274E-22    0.9759782052E-07    0.1251461406E+36    0.1210733014E+00    0.6091671025E+14    0.1219057174E+00
    0.6600000000E+00    0.5215776589E-21    0.3601498832E-22    0.9987116580E-07    0.1066302866E+36    0.1105379740E+00    0.5561597524E+14    0.1192579089E+00
    0.6600000000E+00    0.5588805307E-21    0.3859075526E-22    0.1021974641E-06    0.8009105042E+35    0.8896412539E-01    0.4476132876E+14    0.1028467573E+00
    0.6600000000E+00    0.5988512779E-21    0.4135073927E-22    0.1045779488E-06    0.5493912158E+35    0.6539019540E-01    0.3290036317E+14    0.8100061658E-01
    0.6600000000E+00    0.6416807053E-21    0.4430811541E-22    0.1070138822E-06    0.3508979608E+35    0.4475192985E-01    0.2251644509E+14    0.5940013854E-01
    0.6600000000E+00    0.6875732635E-21    0.4747700104E-22    0.1095065557E-06    0.2103079694E+35    0.2873999274E-01    0.1446021369E+14    0.4087543088E-01
    0.6600000000E+00    0.7367480256E-21    0.5087252317E-22    0.1120572911E-06    0.1181846731E+35    0.1730581601E-01    0.8707232455E+13    0.2637350020E-01
    0.6600000000E+00    0.7894397325E-21    0.5451089068E-22    0.1146674407E-06    0.6202506666E+34    0.9731911785E-02    0.4896505204E+13    0.1589182790E-01
    0.6600000000E+00    0.8458999137E-21    0.5840947171E-22    0.1173383885E-06    0.3032678155E+34    0.5098674024E-02    0.2565342190E+13    0.8921398454E-02
    0.6600000000E+00    0.9063980879E-21    0.6258687655E-22    0.1200715507E-06    0.1383089217E+34    0.2491616048E-02    0.1253629422E+13    0.4671504903E-02
    0.6600000000E+00    0.9712230494E-21    0.6706304648E-22    0.1228683764E-06    0.5907505761E+33    0.1140341889E-02    0.5737505759E+12    0.2290924451E-02
    0.6600000000E+00    0.1040684247E-20    0.7185934897E-22    0.1257303485E-06    0.2374228107E+33    0.4910812649E-03    0.2470821789E+12    0.1057131601E-02
    0.6600000000E+00    0.1115113261E-20    0.7699867968E-22    0.1286589846E-06    0.9006735060E+32    0.1996173619E-03    0.1004352971E+12    0.4604410137E-03
    0.6600000000E+00    0.1194865387E-20    0.8250557175E-22    0.1316558373E-06    0.3228441815E+32    0.7666972184E-04    0.3857553379E+11    0.1894957950E-03
    0.6600000000E+00    0.1280321329E-20    0.8840631292E-22    0.1347224957E-06    0.1093828708E+32    0.2783429600E-04    0.1400452226E+11    0.7371501039E-04
    0.6600000000E+00    0.1371889021E-20    0.9472907100E-22    0.1378605858E-06    0.3508877127E+31    0.9567513514E-05    0.4813790008E+10    0.2715030883E-04
    0.6600000000E+00    0.1470005571E-20    0.1015040283E-21    0.1410717713E-06    0.1069869450E+31    0.3125803767E-05    0.1572714052E+10    0.9504677815E-05
    0.6600000000E+00    0.1575139348E-20    0.1087635259E-21    0.1443577550E-06    0.3115954478E+30    0.9754882176E-06    0.4908062505E+09    0.3178320710E-05
    0.6600000000E+00    0.1687792220E-20    0.1165422177E-21    0.1477202791E-06    0.8705304386E+29    0.2920215387E-06    0.1469274502E+09    0.1019507851E-05
    0.6600000000E+00    0.1808501947E-20    0.1248772362E-21    0.1511611264E-06    0.2340153971E+29    0.8411536943E-07    0.4232173012E+08    0.3146668889E-06
    0.6600000000E+00    0.1937844750E-20    0.1338083694E-21    0.1546821213E-06    0.6070547469E+28    0.2338076858E-07    0.1176377854E+08    0.9372047326E-07
    0.6600000000E+00    0.2076438060E-20    0.1433782510E-21    0.1582851308E-06    0.1522212787E+28    0.6282120893E-08    0.3160780566E+07    0.2698248718E-07
    0.6600000000E+00    0.2224943467E-20    0.1536325639E-21    0.1619720651E-06    0.3673289988E+27    0.1624374409E-08    0.8172862562E+06    0.7475871513E-08
    0.6600000000E+00    0.2384069878E-20    0.1646202581E-21    0.1657448792E-06    0.8356381037E+26    0.3959580336E-09    0.1992219632E+06    0.1952651990E-08
    0.6600000000E+00    0.2554576900E-20    0.1763937846E-21    0.1696055734E-06    0.1993672854E+26    0.1012243087E-09    0.5092990620E+05    0.5348851111E-09
    0.6600000000E+00    0.2737278465E-20    0.1890093455E-21    0.1735561947E-06    0.4905883436E+25    0.2668997390E-10    0.1342876908E+05    0.1511206590E-09
    0.6600000000E+00    0.2933046719E-20    0.2025271626E-21    0.1775988378E-06    0.1123183018E+25    0.6547589634E-11    0.3294348266E+04    0.3972438132E-10
    0.6600000000E+00    0.3142816182E-20    0.2170117645E-21    0.1817356462E-06    0.2391520747E+24    0.1493843414E-11    0.7516110106E+03    0.9711375938E-11
    0.6600000000E+00    0.3367588212E-20    0.2325322952E-21    0.1859688132E-06    0.5976602898E+23    0.4000233338E-12    0.2012673747E+03    0.2786512622E-11
    0.6600000000E+00    0.3608435782E-20    0.2491628434E-21    0.1903005833E-06    0.1187304911E+23    0.8515167355E-13    0.4284313523E+02    0.6355780315E-12
    0.6600000000E+00    0.3866508602E-20    0.2669827968E-21    0.1947332533E-06    0.4557553451E+22    0.3502375406E-13    0.1762181962E+02    0.2801163020E-12
