    0.6860000000E+00    0.4143038610E-23    0.2860772210E-24    0.1992691735E-07   -0.1692376330E-06   -0.1393567041E-44   -0.7011580478E-30   -0.9110547267E-47
    0.6860000000E+00    0.4439345853E-23    0.3065372650E-24    0.2039107488E-07   -0.2166672117E-06   -0.1911719272E-44   -0.9618606878E-30   -0.1339185436E-46
    0.6860000000E+00    0.4756844785E-23    0.3284605973E-24    0.2086604403E-07    0.1030654945E-06    0.9744155705E-45    0.4902665598E-30    0.7314098661E-47
    0.6860000000E+00    0.5097051019E-23    0.3519518710E-24    0.2135207663E-07    0.1063840427E-05    0.1077723652E-43    0.5422448933E-29    0.8668102000E-46
    0.6860000000E+00    0.5461588566E-23    0.3771232243E-24    0.2184943039E-07    0.1072186044E-05    0.1163860889E-43    0.5855839041E-29    0.1003038662E-45
    0.6860000000E+00    0.5852197586E-23    0.4040948153E-24    0.2235836900E-07   -0.1058260003E-05   -0.1230901515E-43   -0.6193146636E-29   -0.1136684415E-45
    0.6860000000E+00    0.6270742692E-23    0.4329953957E-24    0.2287916232E-07   -0.5358601880E-05   -0.6678553603E-43   -0.3360241358E-28   -0.6608440974E-45
    0.6860000000E+00    0.6719221852E-23    0.4639629256E-24    0.2341208647E-07   -0.3543718783E-05   -0.4732495116E-43   -0.2381103269E-28   -0.5017724051E-45
    0.6860000000E+00    0.7199775931E-23    0.4971452317E-24    0.2395742402E-07    0.1469037226E-04    0.2102150112E-42    0.1057673886E-27    0.2388252958E-44
    0.6860000000E+00    0.7714698903E-23    0.5327007132E-24    0.2451546411E-07    0.1804552843E-04    0.2766945010E-42    0.1392158184E-27    0.3368349343E-44
    0.6860000000E+00    0.8266448809E-23    0.5707990981E-24    0.2508650263E-07   -0.2661631890E-04   -0.4372994340E-42   -0.2200224377E-27   -0.5704210116E-44
    0.6860000000E+00    0.8857659485E-23    0.6116222531E-24    0.2567084234E-07   -0.5687294780E-04   -0.1001236475E-41   -0.5037612055E-27   -0.1399436710E-43
    0.6860000000E+00    0.9491153137E-23    0.6553650517E-24    0.2626879307E-07    0.5023598694E-04    0.9476454086E-42    0.4767974451E-27    0.1419261631E-43
    0.6860000000E+00    0.1016995382E-22    0.7022363048E-24    0.2688067187E-07    0.1322139488E-03    0.2672441457E-41    0.1344609753E-26    0.4288691425E-43
    0.6860000000E+00    0.1089730185E-22    0.7524597575E-24    0.2750680315E-07   -0.1207706243E-03   -0.2615725916E-41   -0.1316073948E-26   -0.4497890046E-43
    0.6860000000E+00    0.1167666930E-22    0.8062751566E-24    0.2814751890E-07   -0.2248903176E-03   -0.5219172867E-41   -0.2625969868E-26   -0.9616527566E-43
    0.6860000000E+00    0.1251177658E-22    0.8639393956E-24    0.2880315884E-07    0.2687278864E-03    0.6682572210E-41    0.3362263276E-26    0.1319350723E-42
    0.6860000000E+00    0.1340661015E-22    0.9257277409E-24    0.2947407060E-07    0.2593922565E-03    0.6911748565E-41    0.3477570858E-26    0.1462192427E-42
    0.6860000000E+00    0.1436544159E-22    0.9919351458E-24    0.3016060990E-07   -0.3896135230E-03   -0.1112410159E-40   -0.5596970308E-26   -0.2521631061E-42
    0.6860000000E+00    0.1539284799E-22    0.1062877658E-23    0.3086314075E-07   -0.4396582165E-03   -0.1345073813E-40   -0.6767592095E-26   -0.3267102176E-42
    0.6860000000E+00    0.1649373379E-22    0.1138893930E-23    0.3158203565E-07   -0.8103997047E-04   -0.2656624650E-41   -0.1336651699E-26   -0.6914277365E-43
    0.6860000000E+00    0.1767335417E-22    0.1220346833E-23    0.3231767576E-07    0.2419269744E-02    0.8497970478E-40    0.4275661102E-25    0.2369909802E-41
    0.6860000000E+00    0.1893734018E-22    0.1307625190E-23    0.3307045113E-07    0.2462380680E-02    0.9268002001E-40    0.4663094059E-25    0.2769508600E-41
    0.6860000000E+00    0.2029172559E-22    0.1401145635E-23    0.3384076090E-07   -0.2256538204E-01   -0.9100675194E-39   -0.4578905402E-24   -0.2914004471E-40
    0.6860000000E+00    0.2174297571E-22    0.1501354598E-23    0.3462901348E-07   -0.2664111499E-01   -0.1151286258E-38   -0.5792571160E-24   -0.3950025690E-40
    0.6860000000E+00    0.2329801823E-22    0.1608730435E-23    0.3543562682E-07    0.2979655688E+00    0.1379739210E-37    0.6942007253E-23    0.5072401304E-39
    0.6860000000E+00    0.2496427630E-22    0.1723785718E-23    0.3626102861E-07    0.1316351747E+01    0.6531348810E-37    0.3286176873E-22    0.2572879682E-38
    0.6860000000E+00    0.2674970400E-22    0.1847069675E-23    0.3710565646E-07    0.2763114611E+00    0.1469027153E-37    0.7391249796E-23    0.6200781419E-39
    0.6860000000E+00    0.2866282424E-22    0.1979170815E-23    0.3796995823E-07   -0.1175797308E+02   -0.6698281353E-36   -0.3370167160E-21   -0.3029562977E-37
    0.6860000000E+00    0.3071276952E-22    0.2120719737E-23    0.3885439218E-07   -0.2968161536E+02   -0.1811834215E-35   -0.9116046115E-21   -0.8780819624E-37
    0.6860000000E+00    0.3290932546E-22    0.2272392139E-23    0.3975942724E-07   -0.6788120335E+02   -0.4439974302E-35   -0.2233924614E-20   -0.2305669506E-36
    0.6860000000E+00    0.3526297755E-22    0.2434912046E-23    0.4068554327E-07   -0.1359987770E+04   -0.9531602595E-34   -0.4795721821E-19   -0.5303743665E-35
    0.6860000000E+00    0.3778496121E-22    0.2609055264E-23    0.4163323131E-07   -0.9662704864E+05   -0.7256540753E-32   -0.3651049284E-17   -0.4326594938E-33
    0.6860000000E+00    0.4048731538E-22    0.2795653084E-23    0.4260299385E-07   -0.8083359589E+06   -0.6504633369E-31   -0.3272735290E-16   -0.4155654392E-32
    0.6860000000E+00    0.4338294005E-22    0.2995596250E-23    0.4359534505E-07    0.1656994957E+07    0.1428736404E-30    0.7188531288E-16    0.9780672336E-32
    0.6860000000E+00    0.4648565778E-22    0.3209839213E-23    0.4461081109E-07    0.1671150638E+09    0.1543997252E-28    0.7768453667E-14    0.1132564963E-29
    0.6860000000E+00    0.4981027973E-22    0.3439404683E-23    0.4564993037E-07    0.1009225531E+10    0.9991234504E-28    0.5026980599E-13    0.7853002788E-29
    0.6860000000E+00    0.5337267633E-22    0.3685388516E-23    0.4671325384E-07   -0.1850496851E+10   -0.1962995365E-27   -0.9876596946E-13   -0.1653239882E-28
    0.6860000000E+00    0.5718985306E-22    0.3948964943E-23    0.4780134531E-07   -0.1368734855E+12   -0.1555787402E-25   -0.7827774521E-11   -0.1403999166E-26
    0.6860000000E+00    0.6128003161E-22    0.4231392172E-23    0.4891478167E-07   -0.4751090760E+13   -0.5786610500E-24   -0.2911469920E-09   -0.5595525123E-25
    0.6860000000E+00    0.6566273690E-22    0.4534018400E-23    0.5005415331E-07   -0.1452041991E+15   -0.1895003862E-22   -0.9534505119E-08   -0.1963480980E-23
    0.6860000000E+00    0.7035889022E-22    0.4858288246E-23    0.5122006431E-07   -0.1637794741E+16   -0.2290289575E-21   -0.1152334204E-06   -0.2542769512E-22
    0.6860000000E+00    0.7539090917E-22    0.5205749646E-23    0.5241313287E-07   -0.1173532357E+16   -0.1758433677E-21   -0.8847367136E-07   -0.2091908053E-22
    0.6860000000E+00    0.8078281461E-22    0.5578061244E-23    0.5363399157E-07    0.3256770174E+17    0.5228992705E-20    0.2630910612E-05    0.6665529198E-21
    0.6860000000E+00    0.8656034539E-22    0.5977000309E-23    0.5488328773E-07    0.7573246965E+18    0.1302905878E-18    0.6555428730E-04    0.1779629690E-19
    0.6860000000E+00    0.9275108115E-22    0.6404471218E-23    0.5616168372E-07    0.1399349803E+20    0.2579628789E-17    0.1297912072E-02    0.3775494259E-18
    0.6860000000E+00    0.9938457404E-22    0.6862514550E-23    0.5746985739E-07    0.1370201070E+21    0.2706544838E-16    0.1361768497E-01    0.4244551677E-17
    0.6860000000E+00    0.1064924897E-21    0.7353316823E-23    0.5880850233E-07    0.1476075927E+21    0.3124205708E-16    0.1571910005E-01    0.5249962735E-17
    0.6860000000E+00    0.1141087586E-21    0.7879220933E-23    0.6017832832E-07   -0.7530374206E+21   -0.1707841183E-15   -0.8592816525E-01   -0.3075134256E-16
    0.6860000000E+00    0.1222697377E-21    0.8442737340E-23    0.6158006166E-07   -0.1392386386E+23   -0.3383690970E-14   -0.1702467183E+01   -0.6528408049E-15
    0.6860000000E+00    0.1310143844E-21    0.9046556049E-23    0.6301444556E-07   -0.1658586065E+24   -0.4318858111E-13   -0.2172986324E+02   -0.8928644579E-14
    0.6860000000E+00    0.1403844422E-21    0.9693559452E-23    0.6448224056E-07   -0.1734176349E+25   -0.4838649710E-12   -0.2434513794E+03   -0.1071866708E-12
    0.6860000000E+00    0.1504246400E-21    0.1038683609E-22    0.6598422489E-07   -0.1651706428E+26   -0.4938144371E-11   -0.2484573447E+04   -0.1172142416E-11
    0.6860000000E+00    0.1611829057E-21    0.1112969539E-22    0.6752119493E-07   -0.8888184904E+26   -0.2847370654E-10   -0.1432623469E+05   -0.7242034742E-11
    0.6860000000E+00    0.1727105951E-21    0.1192568347E-22    0.6909396560E-07   -0.1043745219E+27   -0.3582823574E-10   -0.1802658580E+05   -0.9764320417E-11
    0.6860000000E+00    0.1850627369E-21    0.1277860007E-22    0.7070337081E-07    0.4560477716E+26    0.1677417856E-10    0.8439744876E+04    0.4898440770E-11
    0.6860000000E+00    0.1982982953E-21    0.1369251667E-22    0.7235026388E-07    0.1461201692E+28    0.5758920595E-09    0.2897538046E+06    0.1802012045E-09
    0.6860000000E+00    0.2124804516E-21    0.1467179595E-22    0.7403551802E-07    0.1112427312E+29    0.4697887005E-08    0.2363690575E+07    0.1575140020E-08
    0.6860000000E+00    0.2276769058E-21    0.1572111260E-22    0.7576002677E-07    0.6903366297E+29    0.3123862012E-07    0.1571737078E+08    0.1122298651E-07
    0.6860000000E+00    0.2439602000E-21    0.1684547565E-22    0.7752470448E-07    0.3870152911E+30    0.1876545281E-06    0.9441632781E+08    0.7223965240E-07
    0.6860000000E+00    0.2614080640E-21    0.1805025236E-22    0.7933048683E-07    0.2006992067E+31    0.1042741311E-05    0.5246439107E+09    0.4301235079E-06
    0.6860000000E+00    0.2801037871E-21    0.1934119387E-22    0.8117833125E-07    0.9698335280E+31    0.5399183872E-05    0.2716540440E+10    0.2386408115E-05
    0.6860000000E+00    0.3001366153E-21    0.2072446262E-22    0.8306921749E-07    0.4379232192E+32    0.2612335165E-04    0.1314367928E+11    0.1237215909E-04
    0.6860000000E+00    0.3216021775E-21    0.2220666179E-22    0.8500414813E-07    0.1850481685E+33    0.1182811981E-03    0.5951189395E+11    0.6002502011E-04
    0.6860000000E+00    0.3446029418E-21    0.2379486681E-22    0.8698414910E-07    0.7327640405E+33    0.5018744338E-03    0.2525126441E+12    0.2729051126E-03
    0.6860000000E+00    0.3692487048E-21    0.2549665916E-22    0.8901027021E-07    0.2724453869E+34    0.1999449237E-02    0.1006001062E+13    0.1165002834E-02
    0.6860000000E+00    0.3956571157E-21    0.2732016250E-22    0.9108358575E-07    0.9533771588E+34    0.7497140791E-02    0.3772104568E+13    0.4680715726E-02
    0.6860000000E+00    0.4239542377E-21    0.2927408154E-22    0.9320519501E-07    0.2620736249E+35    0.2208280511E-01    0.1111072239E+14    0.1477307283E-01
    0.6860000000E+00    0.4542751502E-21    0.3136774352E-22    0.9537622289E-07    0.5098659998E+35    0.4603487583E-01    0.2316194537E+14    0.3299921246E-01
    0.6860000000E+00    0.4867645933E-21    0.3361114274E-22    0.9759782052E-07    0.7838613876E+35    0.7583508814E-01    0.3815559696E+14    0.5824877483E-01
    0.6860000000E+00    0.5215776589E-21    0.3601498832E-22    0.9987116580E-07    0.9988820436E+35    0.1035488142E+00    0.5209945578E+14    0.8522396374E-01
    0.6860000000E+00    0.5588805307E-21    0.3859075526E-22    0.1021974641E-06    0.1076298570E+36    0.1195538833E+00    0.6015223160E+14    0.1054339036E+00
    0.6860000000E+00    0.5988512779E-21    0.4135073927E-22    0.1045779488E-06    0.1072063236E+36    0.1276001917E+00    0.6420064387E+14    0.1205779584E+00
    0.6860000000E+00    0.6416807053E-21    0.4430811541E-22    0.1070138822E-06    0.1029010590E+36    0.1312353302E+00    0.6602962413E+14    0.1328823707E+00
    0.6860000000E+00    0.6875732635E-21    0.4747700104E-22    0.1095065557E-06    0.8694138004E+35    0.1188112195E+00    0.5977856840E+14    0.1289062732E+00
    0.6860000000E+00    0.7367480256E-21    0.5087252317E-22    0.1120572911E-06    0.6312139164E+35    0.9242883713E-01    0.4650456066E+14    0.1074543715E+00
    0.6860000000E+00    0.7894397325E-21    0.5451089068E-22    0.1146674407E-06    0.4090237909E+35    0.6417701205E-01    0.3228996321E+14    0.7994588097E-01
    0.6860000000E+00    0.8458999137E-21    0.5840947171E-22    0.1173383885E-06    0.2419456818E+35    0.4067698911E-01    0.2046618313E+14    0.5429569522E-01
    0.6860000000E+00    0.9063980879E-21    0.6258687655E-22    0.1200715507E-06    0.1321886671E+35    0.2381360509E-01    0.1198155551E+14    0.3405977279E-01
    0.6860000000E+00    0.9712230494E-21    0.6706304648E-22    0.1228683764E-06    0.6678840190E+34    0.1289234669E-01    0.6486643536E+13    0.1975825449E-01
    0.6860000000E+00    0.1040684247E-20    0.7185934897E-22    0.1257303485E-06    0.3100449414E+34    0.6412916333E-02    0.3226588865E+13    0.1053106208E-01
    0.6860000000E+00    0.1115113261E-20    0.7699867968E-22    0.1286589846E-06    0.1310660392E+34    0.2904832528E-02    0.1461534784E+13    0.5111374457E-02
    0.6860000000E+00    0.1194865387E-20    0.8250557175E-22    0.1316558373E-06    0.5012710848E+33    0.1190429217E-02    0.5989514687E+12    0.2244502930E-02
    0.6860000000E+00    0.1280321329E-20    0.8840631292E-22    0.1347224957E-06    0.1732335412E+33    0.4408216413E-03    0.2217945978E+12    0.8905934699E-03
    0.6860000000E+00    0.1371889021E-20    0.9472907100E-22    0.1378605858E-06    0.5432451186E+32    0.1481244519E-03    0.7452720141E+11    0.3206589423E-03
    0.6860000000E+00    0.1470005571E-20    0.1015040283E-21    0.1410717713E-06    0.1555620919E+32    0.4545008487E-04    0.2286771417E+11    0.1054268663E-03
    0.6860000000E+00    0.1575139348E-20    0.1087635259E-21    0.1443577550E-06    0.4072857173E+31    0.1275058481E-04    0.6415317593E+10    0.3169178519E-04
    0.6860000000E+00    0.1687792220E-20    0.1165422177E-21    0.1477202791E-06    0.9654723051E+30    0.3238700172E-05    0.1629516645E+10    0.8625560855E-05
    0.6860000000E+00    0.1808501947E-20    0.1248772362E-21    0.1511611264E-06    0.1922048058E+30    0.6908681416E-06    0.3476027655E+09    0.1971568022E-05
    0.6860000000E+00    0.1937844750E-20    0.1338083694E-21    0.1546821213E-06    0.4174139423E+29    0.1607673581E-06    0.8088834165E+08    0.4916029431E-06
    0.6860000000E+00    0.2076438060E-20    0.1433782510E-21    0.1582851308E-06    0.9491424482E+28    0.3917078910E-07    0.1970835504E+08    0.1283449898E-06
    0.6860000000E+00    0.2224943467E-20    0.1536325639E-21    0.1619720651E-06    0.2189489556E+28    0.9682194482E-08    0.4871490485E+07    0.3399307098E-07
    0.6860000000E+00    0.2384069878E-20    0.1646202581E-21    0.1657448792E-06    0.4607603901E+27    0.2183263032E-08    0.1098484967E+07    0.8213394071E-08
    0.6860000000E+00    0.2554576900E-20    0.1763937846E-21    0.1696055734E-06    0.1018478209E+27    0.5171096772E-09    0.2601780905E+06    0.2084487353E-08
    0.6860000000E+00    0.2737278465E-20    0.1890093455E-21    0.1735561947E-06    0.2466465734E+26    0.1341856302E-09    0.6751403538E+05    0.5795923030E-09
    0.6860000000E+00    0.2933046719E-20    0.2025271626E-21    0.1775988378E-06    0.5859851367E+25    0.3415997344E-10    0.1718721782E+05    0.1581008204E-09
    0.6860000000E+00    0.3142816182E-20    0.2170117645E-21    0.1817356462E-06    0.1078269378E+25    0.6735319401E-11    0.3388802449E+04    0.3340217867E-10
    0.6860000000E+00    0.3367588212E-20    0.2325322952E-21    0.1859688132E-06    0.2668225102E+24    0.1785884589E-11    0.8985483402E+03    0.9490082519E-11
    0.6860000000E+00    0.3608435782E-20    0.2491628434E-21    0.1903005833E-06    0.5217795417E+23    0.3742122247E-12    0.1882807968E+03    0.2130760171E-11
    0.6860000000E+00    0.3866508602E-20    0.2669827968E-21    0.1947332533E-06    0.2007940083E+23    0.1543055949E-12    0.7763717601E+02    0.9414521951E-12
