    0.6440000000E+00    0.4143038610E-23    0.2860772210E-24    0.1992691735E-07   -0.8803686658E+05   -0.7249290450E-33   -0.3647401374E-18   -0.8230786926E-35
    0.6440000000E+00    0.4439345853E-23    0.3065372650E-24    0.2039107488E-07   -0.7599257036E+05   -0.6705050577E-33   -0.3373573021E-18   -0.8157327837E-35
    0.6440000000E+00    0.4756844785E-23    0.3284605973E-24    0.2086604403E-07    0.1455967558E+06    0.1376520305E-32    0.6925811687E-18    0.1794438095E-34
    0.6440000000E+00    0.5097051019E-23    0.3519518710E-24    0.2135207663E-07    0.4388539118E+06    0.4445809993E-32    0.2236860778E-17    0.6210073727E-34
    0.6440000000E+00    0.5461588566E-23    0.3771232243E-24    0.2184943039E-07    0.3457653486E+06    0.3753292332E-32    0.1888428075E-17    0.5617696211E-34
    0.6440000000E+00    0.5852197586E-23    0.4040948153E-24    0.2235836900E-07   -0.9138542465E+06   -0.1062937816E-31   -0.5348055616E-17   -0.1704722592E-33
    0.6440000000E+00    0.6270742692E-23    0.4329953957E-24    0.2287916232E-07   -0.2117460248E+07   -0.2639041318E-31   -0.1327804837E-16   -0.4535154097E-33
    0.6440000000E+00    0.6719221852E-23    0.4639629256E-24    0.2341208647E-07   -0.5368879586E+06   -0.7169924583E-32   -0.3607469304E-17   -0.1320262980E-33
    0.6440000000E+00    0.7199775931E-23    0.4971452317E-24    0.2395742402E-07    0.7116371158E+07    0.1018332290E-30    0.5123627778E-16    0.2009256460E-32
    0.6440000000E+00    0.7714698903E-23    0.5327007132E-24    0.2451546411E-07    0.6192263333E+07    0.9494680188E-31    0.4777144715E-16    0.2007364315E-32
    0.6440000000E+00    0.8266448809E-23    0.5707990981E-24    0.2508650263E-07   -0.1664092237E+08   -0.2734061747E-30   -0.1375613329E-15   -0.6193757206E-32
    0.6440000000E+00    0.8857659485E-23    0.6116222531E-24    0.2567084234E-07   -0.2040587665E+08   -0.3592412352E-30   -0.1807483068E-15   -0.8720312317E-32
    0.6440000000E+00    0.9491153137E-23    0.6553650517E-24    0.2626879307E-07    0.3485245019E+08    0.6574522850E-30    0.3307899420E-15    0.1710055075E-31
    0.6440000000E+00    0.1016995382E-22    0.7022363048E-24    0.2688067187E-07    0.4774069852E+08    0.9649830679E-30    0.4855206991E-15    0.2689462862E-31
    0.6440000000E+00    0.1089730185E-22    0.7524597575E-24    0.2750680315E-07   -0.7434788726E+08   -0.1610273165E-29   -0.8101913691E-15   -0.4808896324E-31
    0.6440000000E+00    0.1167666930E-22    0.8062751566E-24    0.2814751890E-07   -0.8576158834E+08   -0.1990323815E-29   -0.1001409706E-14   -0.6368975792E-31
    0.6440000000E+00    0.1251177658E-22    0.8639393956E-24    0.2880315884E-07    0.1486451557E+09    0.3696423172E-29    0.1859814978E-14    0.1267440389E-30
    0.6440000000E+00    0.1340661015E-22    0.9257277409E-24    0.2947407060E-07    0.1468442413E+09    0.3912801745E-29    0.1968683495E-14    0.1437585561E-30
    0.6440000000E+00    0.1436544159E-22    0.9919351458E-24    0.3016060990E-07   -0.3154881553E+09   -0.9007701431E-29   -0.4532126668E-14   -0.3546172366E-30
    0.6440000000E+00    0.1539284799E-22    0.1062877658E-23    0.3086314075E-07   -0.3421437377E+09   -0.1046741684E-28   -0.5266566547E-14   -0.4415555805E-30
    0.6440000000E+00    0.1649373379E-22    0.1138893930E-23    0.3158203565E-07    0.7549710143E+09    0.2474920209E-28    0.1245229093E-13    0.1118683057E-29
    0.6440000000E+00    0.1767335417E-22    0.1220346833E-23    0.3231767576E-07    0.7952764636E+09    0.2793502430E-28    0.1405520260E-13    0.1352991013E-29
    0.6440000000E+00    0.1893734018E-22    0.1307625190E-23    0.3307045113E-07   -0.9944152275E+10   -0.3742817832E-27   -0.1883157944E-12   -0.1942426294E-28
    0.6440000000E+00    0.2029172559E-22    0.1401145635E-23    0.3384076090E-07   -0.1268642167E+11   -0.5116465691E-27   -0.2574293873E-12   -0.2845220471E-28
    0.6440000000E+00    0.2174297571E-22    0.1501354598E-23    0.3462901348E-07    0.5111987544E+11    0.2209127138E-26    0.1111498210E-11    0.1316335426E-27
    0.6440000000E+00    0.2329801823E-22    0.1608730435E-23    0.3543562682E-07   -0.1130428263E+11   -0.5234484655E-27   -0.2633673827E-12   -0.3342102687E-28
    0.6440000000E+00    0.2496427630E-22    0.1723785718E-23    0.3626102861E-07   -0.4585216526E+12   -0.2275049094E-25   -0.1144666123E-10   -0.1556455224E-26
    0.6440000000E+00    0.2674970400E-22    0.1847069675E-23    0.3710565646E-07    0.1751706368E+13    0.9313056392E-25    0.4685762684E-10    0.6827128720E-26
    0.6440000000E+00    0.2866282424E-22    0.1979170815E-23    0.3796995823E-07    0.5869631401E+14    0.3343811240E-23    0.1682402132E-08    0.2626561728E-24
    0.6440000000E+00    0.3071276952E-22    0.2120719737E-23    0.3885439218E-07    0.6104027034E+14    0.3726038794E-23    0.1874715754E-08    0.3136124034E-24
    0.6440000000E+00    0.3290932546E-22    0.2272392139E-23    0.3975942724E-07   -0.1217404143E+16   -0.7962798010E-22   -0.4006394915E-07   -0.7181440354E-23
    0.6440000000E+00    0.3526297755E-22    0.2434912046E-23    0.4068554327E-07   -0.3840063718E+17   -0.2691344886E-20   -0.1354120807E-05   -0.2600849445E-21
    0.6440000000E+00    0.3778496121E-22    0.2609055264E-23    0.4163323131E-07   -0.9400689753E+18   -0.7059771489E-19   -0.3552046976E-04   -0.7310321926E-20
    0.6440000000E+00    0.4048731538E-22    0.2795653084E-23    0.4260299385E-07   -0.7717361682E+19   -0.6210116941E-18   -0.3124552563E-03   -0.6890419080E-19
    0.6440000000E+00    0.4338294005E-22    0.2995596250E-23    0.4359534505E-07   -0.5142321996E+19   -0.4433943872E-18   -0.2230890469E-03   -0.5271522320E-19
    0.6440000000E+00    0.4648565778E-22    0.3209839213E-23    0.4461081109E-07    0.1192030776E+21    0.1101332340E-16    0.5541233472E-02    0.1403021256E-17
    0.6440000000E+00    0.4981027973E-22    0.3439404683E-23    0.4564993037E-07    0.2256881210E+22    0.2234290427E-15    0.1124158844E+00    0.3049899180E-16
    0.6440000000E+00    0.5337267633E-22    0.3685388516E-23    0.4671325384E-07    0.3106412351E+23    0.3295262592E-14    0.1657975410E+01    0.4819876237E-15
    0.6440000000E+00    0.5718985306E-22    0.3948964943E-23    0.4780134531E-07    0.6974000884E+23    0.7927074175E-14    0.3988420857E+01    0.1242392384E-14
    0.6440000000E+00    0.6128003161E-22    0.4231392172E-23    0.4891478167E-07   -0.1043551530E+23   -0.1270997871E-14   -0.6394887073E+00   -0.2134473078E-15
    0.6440000000E+00    0.6566273690E-22    0.4534018400E-23    0.5005415331E-07   -0.1277907485E+25   -0.1667747651E-12   -0.8391090295E+02   -0.3001070489E-13
    0.6440000000E+00    0.7035889022E-22    0.4858288246E-23    0.5122006431E-07   -0.1445902534E+26   -0.2021947816E-11   -0.1017320977E+04   -0.3898663941E-12
    0.6440000000E+00    0.7539090917E-22    0.5205749646E-23    0.5241313287E-07   -0.1323619804E+27   -0.1983326344E-10   -0.9978890045E+04   -0.4097698861E-11
    0.6440000000E+00    0.8078281461E-22    0.5578061244E-23    0.5363399157E-07   -0.1041512409E+28   -0.1672227545E-09   -0.8413630389E+05   -0.3702041060E-10
    0.6440000000E+00    0.8656034539E-22    0.5977000309E-23    0.5488328773E-07   -0.2501653164E+28   -0.4303858870E-09   -0.2165439620E+06   -0.1020948605E-09
    0.6440000000E+00    0.9275108115E-22    0.6404471218E-23    0.5616168372E-07   -0.2118817606E+28   -0.3905930370E-09   -0.1965226238E+06   -0.9928196301E-10
    0.6440000000E+00    0.9938457404E-22    0.6862514550E-23    0.5746985739E-07    0.4404733228E+28    0.8700626677E-09    0.4377625356E+06    0.2369716503E-09
    0.6440000000E+00    0.1064924897E-21    0.7353316823E-23    0.5880850233E-07    0.4947350822E+29    0.1047137304E-07    0.5268557065E+07    0.3055972840E-08
    0.6440000000E+00    0.1141087586E-21    0.7879220933E-23    0.6017832832E-07    0.2966458972E+30    0.6727741095E-07    0.3384989507E+08    0.2103851726E-07
    0.6440000000E+00    0.1222697377E-21    0.8442737340E-23    0.6158006166E-07    0.1492104168E+31    0.3626018933E-06    0.1824391853E+09    0.1214999015E-06
    0.6440000000E+00    0.1310143844E-21    0.9046556049E-23    0.6301444556E-07    0.6751689330E+31    0.1758099193E-05    0.8845684215E+09    0.6312323283E-06
    0.6440000000E+00    0.1403844422E-21    0.9693559452E-23    0.6448224056E-07    0.2809994058E+32    0.7840365798E-05    0.3944794484E+10    0.3016353131E-05
    0.6440000000E+00    0.1504246400E-21    0.1038683609E-22    0.6598422489E-07    0.1088358097E+33    0.3253889022E-04    0.1637158749E+11    0.1341370019E-04
    0.6440000000E+00    0.1611829057E-21    0.1112969539E-22    0.6752119493E-07    0.3956458947E+33    0.1267469705E-03    0.6377135493E+11    0.5598651646E-04
    0.6440000000E+00    0.1727105951E-21    0.1192568347E-22    0.6909396560E-07    0.1357891238E+34    0.4661180380E-03    0.2345222038E+12    0.2206184191E-03
    0.6440000000E+00    0.1850627369E-21    0.1277860007E-22    0.7070337081E-07    0.4409984702E+34    0.1622064079E-02    0.8161238386E+12    0.8226476574E-03
    0.6440000000E+00    0.1982982953E-21    0.1369251667E-22    0.7235026388E-07    0.1232981738E+35    0.4859455038E-02    0.2444981768E+13    0.2640787324E-02
    0.6440000000E+00    0.2124804516E-21    0.1467179595E-22    0.7403551802E-07    0.2674925469E+35    0.1129646627E-01    0.5683693716E+13    0.6577918196E-02
    0.6440000000E+00    0.2276769058E-21    0.1572111260E-22    0.7576002677E-07    0.4901342561E+35    0.2217920529E-01    0.1115922509E+14    0.1383858990E-01
    0.6440000000E+00    0.2439602000E-21    0.1684547565E-22    0.7752470448E-07    0.7869211193E+35    0.3815593716E-01    0.1919774336E+14    0.2550985461E-01
    0.6440000000E+00    0.2614080640E-21    0.1805025236E-22    0.7933048683E-07    0.1119293941E+36    0.5815339538E-01    0.2925924622E+14    0.4166016016E-01
    0.6440000000E+00    0.2801037871E-21    0.1934119387E-22    0.8117833125E-07    0.1413836258E+36    0.7871002293E-01    0.3960208902E+14    0.6041932895E-01
    0.6440000000E+00    0.3001366153E-21    0.2072446262E-22    0.8306921749E-07    0.1585642310E+36    0.9458802325E-01    0.4759093160E+14    0.7780043191E-01
    0.6440000000E+00    0.3216021775E-21    0.2220666179E-22    0.8500414813E-07    0.1607335801E+36    0.1027395223E+00    0.5169226936E+14    0.9054894621E-01
    0.6440000000E+00    0.3446029418E-21    0.2379486681E-22    0.8698414910E-07    0.1592572446E+36    0.1090762306E+00    0.5488051501E+14    0.1030091918E+00
    0.6440000000E+00    0.3692487048E-21    0.2549665916E-22    0.8901027021E-07    0.1504143592E+36    0.1103875823E+00    0.5554030732E+14    0.1117033197E+00
    0.6440000000E+00    0.3956571157E-21    0.2732016250E-22    0.9108358575E-07    0.1264611058E+36    0.9944613272E-01    0.5003523635E+14    0.1078285481E+00
    0.6440000000E+00    0.4239542377E-21    0.2927408154E-22    0.9320519501E-07    0.9679615127E+35    0.8156221537E-01    0.4103713852E+14    0.9476214266E-01
    0.6440000000E+00    0.4542751502E-21    0.3136774352E-22    0.9537622289E-07    0.6919810704E+35    0.6247771506E-01    0.3143498047E+14    0.7778054763E-01
    0.6440000000E+00    0.4867645933E-21    0.3361114274E-22    0.9759782052E-07    0.4679578364E+35    0.4527283054E-01    0.2277853059E+14    0.6039256935E-01
    0.6440000000E+00    0.5215776589E-21    0.3601498832E-22    0.9987116580E-07    0.3000478307E+35    0.3110437041E-01    0.1564982451E+14    0.4445977635E-01
    0.6440000000E+00    0.5588805307E-21    0.3859075526E-22    0.1021974641E-06    0.1819873306E+35    0.2021492241E-01    0.1017091759E+14    0.3096121087E-01
    0.6440000000E+00    0.5988512779E-21    0.4135073927E-22    0.1045779488E-06    0.1042239072E+35    0.1240504300E-01    0.6241461999E+13    0.2035842294E-01
    0.6440000000E+00    0.6416807053E-21    0.4430811541E-22    0.1070138822E-06    0.5640302453E+34    0.7193385198E-02    0.3619273256E+13    0.1264966940E-01
    0.6440000000E+00    0.6875732635E-21    0.4747700104E-22    0.1095065557E-06    0.2892518570E+34    0.3952820378E-02    0.1988818433E+13    0.7448227584E-02
    0.6440000000E+00    0.7367480256E-21    0.5087252317E-22    0.1120572911E-06    0.1410318953E+34    0.2065134140E-02    0.1039049704E+13    0.4169597416E-02
    0.6440000000E+00    0.7894397325E-21    0.5451089068E-22    0.1146674407E-06    0.6554181063E+33    0.1028369905E-02    0.5174130945E+12    0.2224821728E-02
    0.6440000000E+00    0.8458999137E-21    0.5840947171E-22    0.1173383885E-06    0.2907725151E+33    0.4888597450E-03    0.2459644455E+12    0.1133261502E-02
    0.6440000000E+00    0.9063980879E-21    0.6258687655E-22    0.1200715507E-06    0.1232908612E+33    0.2221067770E-03    0.1117506008E+12    0.5517059510E-03
    0.6440000000E+00    0.9712230494E-21    0.6706304648E-22    0.1228683764E-06    0.5003351246E+32    0.9658104859E-04    0.4859370055E+11    0.2570619365E-03
    0.6440000000E+00    0.1040684247E-20    0.7185934897E-22    0.1257303485E-06    0.1946758460E+32    0.4026641772E-04    0.2025960862E+11    0.1148388548E-03
    0.6440000000E+00    0.1115113261E-20    0.7699867968E-22    0.1286589846E-06    0.7275878953E+31    0.1612561880E-04    0.8113429109E+10    0.4927904100E-04
    0.6440000000E+00    0.1194865387E-20    0.8250557175E-22    0.1316558373E-06    0.2616316585E+31    0.6213284188E-05    0.3126146130E+10    0.2034543954E-04
    0.6440000000E+00    0.1280321329E-20    0.8840631292E-22    0.1347224957E-06    0.9064838378E+30    0.2306699328E-05    0.1160590592E+10    0.8093508881E-05
    0.6440000000E+00    0.1371889021E-20    0.9472907100E-22    0.1378605858E-06    0.3030971771E+30    0.8264428287E-06    0.4158156897E+09    0.3107124633E-05
    0.6440000000E+00    0.1470005571E-20    0.1015040283E-21    0.1410717713E-06    0.9798527024E+29    0.2862804681E-06    0.1440388931E+09    0.1153287479E-05
    0.6440000000E+00    0.1575139348E-20    0.1087635259E-21    0.1443577550E-06    0.3067898008E+29    0.9604435434E-07    0.4832366869E+08    0.4145889282E-06
    0.6440000000E+00    0.1687792220E-20    0.1165422177E-21    0.1477202791E-06    0.9309713314E+28    0.3122965822E-07    0.1571286170E+08    0.1444485178E-06
    0.6440000000E+00    0.1808501947E-20    0.1248772362E-21    0.1511611264E-06    0.2736756377E+28    0.9837099465E-08    0.4949429237E+07    0.4875429953E-07
    0.6440000000E+00    0.1937844750E-20    0.1338083694E-21    0.1546821213E-06    0.7794363994E+27    0.3002006355E-08    0.1510426734E+07    0.1594253818E-07
    0.6440000000E+00    0.2076438060E-20    0.1433782510E-21    0.1582851308E-06    0.2158908013E+27    0.8909740644E-09    0.4482838767E+06    0.5070034572E-08
    0.6440000000E+00    0.2224943467E-20    0.1536325639E-21    0.1619720651E-06    0.5859560298E+26    0.2591170267E-09    0.1303719041E+06    0.1579944423E-08
    0.6440000000E+00    0.2384069878E-20    0.1646202581E-21    0.1657448792E-06    0.1563391364E+26    0.7407960066E-10    0.3727234259E+05    0.4839990297E-09
    0.6440000000E+00    0.2554576900E-20    0.1763937846E-21    0.1696055734E-06    0.4057183549E+25    0.2059944786E-10    0.1036438737E+05    0.1442120127E-09
    0.6440000000E+00    0.2737278465E-20    0.1890093455E-21    0.1735561947E-06    0.1006432469E+25    0.5475396366E-11    0.2754885925E+04    0.4107347256E-10
    0.6440000000E+00    0.2933046719E-20    0.2025271626E-21    0.1775988378E-06    0.2374620715E+24    0.1384283926E-11    0.6964873496E+03    0.1112681928E-10
    0.6440000000E+00    0.3142816182E-20    0.2170117645E-21    0.1817356462E-06    0.5847071832E+23    0.3652324471E-12    0.1837627197E+03    0.3145684856E-11
    0.6440000000E+00    0.3367588212E-20    0.2325322952E-21    0.1859688132E-06    0.1468842331E+23    0.9831190331E-13    0.4946456121E+02    0.9073021972E-12
    0.6440000000E+00    0.3608435782E-20    0.2491628434E-21    0.1903005833E-06    0.2912716961E+22    0.2088955597E-13    0.1051035210E+02    0.2065737185E-12
    0.6440000000E+00    0.3866508602E-20    0.2669827968E-21    0.1947332533E-06    0.1121016527E+22    0.8614755169E-14    0.4334420045E+01    0.9128276736E-13
