    0.6890000000E+00    0.4143038610E-23    0.2860772210E-24    0.1992691735E-07    0.3126326669E-07    0.2574336292E-45    0.1295249210E-30    0.1643470025E-47
    0.6890000000E+00    0.4439345853E-23    0.3065372650E-24    0.2039107488E-07   -0.7449110287E-07   -0.6572571633E-45   -0.3306917686E-30   -0.4496057288E-47
    0.6890000000E+00    0.4756844785E-23    0.3284605973E-24    0.2086604403E-07   -0.1336622678E-06   -0.1263687674E-44   -0.6358106616E-30   -0.9262671402E-47
    0.6890000000E+00    0.5097051019E-23    0.3519518710E-24    0.2135207663E-07   -0.7094727220E-07   -0.7187314122E-45   -0.3616218661E-30   -0.5644989446E-47
    0.6890000000E+00    0.5461588566E-23    0.3771232243E-24    0.2184943039E-07    0.4186273776E-06    0.4544211653E-44    0.2286370499E-29    0.3824327349E-46
    0.6890000000E+00    0.5852197586E-23    0.4040948153E-24    0.2235836900E-07    0.7001204060E-06    0.8143360477E-44    0.4097242950E-29    0.7343450437E-46
    0.6890000000E+00    0.6270742692E-23    0.4329953957E-24    0.2287916232E-07    0.4293802220E-07    0.5351468335E-45    0.2692532889E-30    0.5170939639E-47
    0.6890000000E+00    0.6719221852E-23    0.4639629256E-24    0.2341208647E-07   -0.2662109899E-05   -0.3555141608E-43   -0.1788730700E-28   -0.3680894858E-45
    0.6890000000E+00    0.7199775931E-23    0.4971452317E-24    0.2395742402E-07   -0.2336114085E-05   -0.3342912213E-43   -0.1681949796E-28   -0.3708698085E-45
    0.6890000000E+00    0.7714698903E-23    0.5327007132E-24    0.2451546411E-07    0.6040249321E-05    0.9261595069E-43    0.4659870481E-28    0.1100987269E-44
    0.6890000000E+00    0.8266448809E-23    0.5707990981E-24    0.2508650263E-07    0.8907444060E-05    0.1463470685E-42    0.7363293034E-28    0.1864148628E-44
    0.6890000000E+00    0.8857659485E-23    0.6116222531E-24    0.2567084234E-07   -0.1117386153E-04   -0.1967135196E-42   -0.9897426054E-28   -0.2684916087E-44
    0.6890000000E+00    0.9491153137E-23    0.6553650517E-24    0.2626879307E-07   -0.2409764833E-04   -0.4545750406E-42   -0.2287144706E-27   -0.6648169665E-44
    0.6890000000E+00    0.1016995382E-22    0.7022363048E-24    0.2688067187E-07    0.2397913278E-04    0.4846903759E-42    0.2438666729E-27    0.7595579340E-44
    0.6890000000E+00    0.1089730185E-22    0.7524597575E-24    0.2750680315E-07    0.4827756798E-04    0.1045625842E-41    0.5260952307E-27    0.1755790990E-43
    0.6890000000E+00    0.1167666930E-22    0.8062751566E-24    0.2814751890E-07   -0.5600803074E-04   -0.1299814050E-41   -0.6539872533E-27   -0.2338717337E-43
    0.6890000000E+00    0.1251177658E-22    0.8639393956E-24    0.2880315884E-07   -0.6936512145E-04   -0.1724932381E-41   -0.8678809020E-27   -0.3325589062E-43
    0.6890000000E+00    0.1340661015E-22    0.9257277409E-24    0.2947407060E-07    0.1025235600E-03    0.2731835863E-41    0.1374493400E-26    0.5643533538E-43
    0.6890000000E+00    0.1436544159E-22    0.9919351458E-24    0.3016060990E-07    0.1047479436E-03    0.2990724647E-41    0.1504750466E-26    0.6620227866E-43
    0.6890000000E+00    0.1539284799E-22    0.1062877658E-23    0.3086314075E-07   -0.1709301625E-03   -0.5229373111E-41   -0.2631102009E-26   -0.1240355388E-42
    0.6890000000E+00    0.1649373379E-22    0.1138893930E-23    0.3158203565E-07   -0.3112533427E-03   -0.1020340084E-40   -0.5133729774E-26   -0.2593232502E-42
    0.6890000000E+00    0.1767335417E-22    0.1220346833E-23    0.3231767576E-07    0.1315661327E-03    0.4621415675E-41    0.2325214860E-26    0.1258553093E-42
    0.6890000000E+00    0.1893734018E-22    0.1307625190E-23    0.3307045113E-07    0.1711762415E-02    0.6442796445E-40    0.3241622717E-25    0.1880056576E-41
    0.6890000000E+00    0.2029172559E-22    0.1401145635E-23    0.3384076090E-07   -0.1417497699E-02   -0.5716803785E-40   -0.2876347433E-25   -0.1787515410E-41
    0.6890000000E+00    0.2174297571E-22    0.1501354598E-23    0.3462901348E-07   -0.1718617454E-01   -0.7426943875E-39   -0.3736785756E-24   -0.2488322406E-40
    0.6890000000E+00    0.2329801823E-22    0.1608730435E-23    0.3543562682E-07    0.1183328295E-01    0.5479439968E-39    0.2756920419E-24    0.1967128277E-40
    0.6890000000E+00    0.2496427630E-22    0.1723785718E-23    0.3626102861E-07    0.5108620704E+00    0.2534746797E-37    0.1275330188E-22    0.9750594398E-39
    0.6890000000E+00    0.2674970400E-22    0.1847069675E-23    0.3710565646E-07    0.7732936452E+00    0.4111263998E-37    0.2068537611E-22    0.1694618227E-38
    0.6890000000E+00    0.2866282424E-22    0.1979170815E-23    0.3796995823E-07   -0.9456630438E+00   -0.5387252622E-37   -0.2710537362E-22   -0.2379380233E-38
    0.6890000000E+00    0.3071276952E-22    0.2120719737E-23    0.3885439218E-07   -0.9220292932E+01   -0.5628279326E-36   -0.2831807317E-21   -0.2663619288E-37
    0.6890000000E+00    0.3290932546E-22    0.2272392139E-23    0.3975942724E-07   -0.2585409268E+02   -0.1691064705E-35   -0.8508407504E-21   -0.8575446332E-37
    0.6890000000E+00    0.3526297755E-22    0.2434912046E-23    0.4068554327E-07   -0.2299806626E+03   -0.1611841172E-34   -0.8109802943E-20   -0.8758278541E-36
    0.6890000000E+00    0.3778496121E-22    0.2609055264E-23    0.4163323131E-07   -0.1464223599E+05   -0.1099609102E-32   -0.5532563189E-18   -0.6402282511E-34
    0.6890000000E+00    0.4048731538E-22    0.2795653084E-23    0.4260299385E-07   -0.3596142437E+06   -0.2893795314E-31   -0.1455981530E-16   -0.1805362084E-32
    0.6890000000E+00    0.4338294005E-22    0.2995596250E-23    0.4359534505E-07   -0.1448455979E+06   -0.1248924614E-31   -0.6283827891E-17   -0.8348966778E-33
    0.6890000000E+00    0.4648565778E-22    0.3209839213E-23    0.4461081109E-07    0.2826317875E+08    0.2611270901E-29    0.1313832455E-14    0.1870460052E-30
    0.6890000000E+00    0.4981027973E-22    0.3439404683E-23    0.4564993037E-07    0.4980604756E+09    0.4930750221E-28    0.2480853161E-13    0.3784508726E-29
    0.6890000000E+00    0.5337267633E-22    0.3685388516E-23    0.4671325384E-07    0.1987496227E+09    0.2108323438E-28    0.1060779928E-13    0.1733938720E-29
    0.6890000000E+00    0.5718985306E-22    0.3948964943E-23    0.4780134531E-07   -0.2634637751E+11   -0.2994689737E-26   -0.1506745458E-11   -0.2639054399E-27
    0.6890000000E+00    0.6128003161E-22    0.4231392172E-23    0.4891478167E-07   -0.9953198819E+12   -0.1212253937E-24   -0.6099323383E-10   -0.1144695858E-25
    0.6890000000E+00    0.6566273690E-22    0.4534018400E-23    0.5005415331E-07   -0.3186862431E+14   -0.4159050947E-23   -0.2092581093E-08   -0.4208145510E-24
    0.6890000000E+00    0.7035889022E-22    0.4858288246E-23    0.5122006431E-07   -0.7446517397E+15   -0.1041319815E-21   -0.5239287000E-07   -0.1128965422E-22
    0.6890000000E+00    0.7539090917E-22    0.5205749646E-23    0.5241313287E-07   -0.1222184212E+16   -0.1831334147E-21   -0.9214157893E-07   -0.2127473217E-22
    0.6890000000E+00    0.8078281461E-22    0.5578061244E-23    0.5363399157E-07    0.6491433611E+16    0.1042249136E-20    0.5243962780E-06    0.1297382549E-21
    0.6890000000E+00    0.8656034539E-22    0.5977000309E-23    0.5488328773E-07    0.1944244385E+18    0.3344889516E-19    0.1682944655E-04    0.4461473169E-20
    0.6890000000E+00    0.9275108115E-22    0.6404471218E-23    0.5616168372E-07    0.3805322467E+19    0.7014914614E-18    0.3529477729E-03    0.1002579678E-18
    0.6890000000E+00    0.9938457404E-22    0.6862514550E-23    0.5746985739E-07    0.6100592467E+20    0.1205044093E-16    0.6063047837E-02    0.1845437945E-17
    0.6890000000E+00    0.1064924897E-21    0.7353316823E-23    0.5880850233E-07    0.1325044457E+21    0.2804538290E-16    0.1411072833E-01    0.4602119398E-17
    0.6890000000E+00    0.1141087586E-21    0.7879220933E-23    0.6017832832E-07   -0.1026031078E+21   -0.2326973510E-16   -0.1170791326E-01   -0.4091550798E-17
    0.6890000000E+00    0.1222697377E-21    0.8442737340E-23    0.6158006166E-07   -0.4234235001E+22   -0.1028977508E-14   -0.5177188030E+00   -0.1938663304E-15
    0.6890000000E+00    0.1310143844E-21    0.9046556049E-23    0.6301444556E-07   -0.5503580678E+23   -0.1433099225E-13   -0.7210482346E+01   -0.2893162113E-14
    0.6890000000E+00    0.1403844422E-21    0.9693559452E-23    0.6448224056E-07   -0.6030875930E+24   -0.1682717913E-12   -0.8466411533E+02   -0.3640053998E-13
    0.6890000000E+00    0.1504246400E-21    0.1038683609E-22    0.6598422489E-07   -0.5982138907E+25   -0.1788493710E-11   -0.8998610912E+03   -0.4145566874E-12
    0.6890000000E+00    0.1611829057E-21    0.1112969539E-22    0.6752119493E-07   -0.4855171740E+26   -0.1555376456E-10   -0.7825706887E+04   -0.3863065116E-11
    0.6890000000E+00    0.1727105951E-21    0.1192568347E-22    0.6909396560E-07   -0.9518820224E+26   -0.3267488356E-10   -0.1644001106E+05   -0.8695820306E-11
    0.6890000000E+00    0.1850627369E-21    0.1277860007E-22    0.7070337081E-07   -0.5033457606E+26   -0.1851387551E-10   -0.9315054407E+04   -0.5279512801E-11
    0.6890000000E+00    0.1982982953E-21    0.1369251667E-22    0.7235026388E-07    0.5098517350E+27    0.2009438993E-09    0.1011027299E+06    0.6140041883E-10
    0.6890000000E+00    0.2124804516E-21    0.1467179595E-22    0.7403551802E-07    0.4684647093E+28    0.1978371303E-08    0.9953959299E+06    0.6477453620E-09
    0.6890000000E+00    0.2276769058E-21    0.1572111260E-22    0.7576002677E-07    0.3097414846E+29    0.1401620044E-07    0.7052098283E+07    0.4917301163E-08
    0.6890000000E+00    0.2439602000E-21    0.1684547565E-22    0.7752470448E-07    0.1811421676E+30    0.8783153731E-07    0.4419147943E+08    0.3301771332E-07
    0.6890000000E+00    0.2614080640E-21    0.1805025236E-22    0.7933048683E-07    0.9744232551E+30    0.5062657693E-06    0.2547220966E+09    0.2039271605E-06
    0.6890000000E+00    0.2801037871E-21    0.1934119387E-22    0.8117833125E-07    0.4874620671E+31    0.2713761955E-05    0.1365399711E+10    0.1171300309E-05
    0.6890000000E+00    0.3001366153E-21    0.2072446262E-22    0.8306921749E-07    0.2276515498E+32    0.1358005520E-04    0.6832656563E+10    0.6280555291E-05
    0.6890000000E+00    0.3216021775E-21    0.2220666179E-22    0.8500414813E-07    0.9942838284E+32    0.6355376734E-04    0.3197638443E+11    0.3149472408E-04
    0.6890000000E+00    0.3446029418E-21    0.2379486681E-22    0.8698414910E-07    0.4066937438E+33    0.2785469552E-03    0.1401478605E+12    0.1479091100E-03
    0.6890000000E+00    0.3692487048E-21    0.2549665916E-22    0.8901027021E-07    0.1560664943E+34    0.1145356274E-02    0.5762735090E+12    0.6516840731E-03
    0.6890000000E+00    0.3956571157E-21    0.2732016250E-22    0.9108358575E-07    0.5632026329E+34    0.4428897204E-02    0.2228351293E+13    0.2700176222E-02
    0.6890000000E+00    0.4239542377E-21    0.2927408154E-22    0.9320519501E-07    0.1799487981E+35    0.1516281633E-01    0.7629005552E+13    0.9905499545E-02
    0.6890000000E+00    0.4542751502E-21    0.3136774352E-22    0.9537622289E-07    0.3994810147E+35    0.3606841585E-01    0.1814742980E+14    0.2524780204E-01
    0.6890000000E+00    0.4867645933E-21    0.3361114274E-22    0.9759782052E-07    0.6702961038E+35    0.6484815417E-01    0.3262764104E+14    0.4864006281E-01
    0.6890000000E+00    0.5215776589E-21    0.3601498832E-22    0.9987116580E-07    0.9157033651E+35    0.9492612091E-01    0.4776104174E+14    0.7629256955E-01
    0.6890000000E+00    0.5588805307E-21    0.3859075526E-22    0.1021974641E-06    0.1047436897E+36    0.1163479651E+00    0.5853920887E+14    0.1001971342E+00
    0.6890000000E+00    0.5988512779E-21    0.4135073927E-22    0.1045779488E-06    0.1056132606E+36    0.1257040802E+00    0.6324663607E+14    0.1159967664E+00
    0.6890000000E+00    0.6416807053E-21    0.4430811541E-22    0.1070138822E-06    0.1034666325E+36    0.1319566369E+00    0.6639254173E+14    0.1304751325E+00
    0.6890000000E+00    0.6875732635E-21    0.4747700104E-22    0.1095065557E-06    0.9245079871E+35    0.1263402091E+00    0.6356669738E+14    0.1338560791E+00
    0.6890000000E+00    0.7367480256E-21    0.5087252317E-22    0.1120572911E-06    0.7023428996E+35    0.1028442748E+00    0.5174497446E+14    0.1167553065E+00
    0.6890000000E+00    0.7894397325E-21    0.5451089068E-22    0.1146674407E-06    0.4700092996E+35    0.7374581421E-01    0.3710440158E+14    0.8970855951E-01
    0.6890000000E+00    0.8458999137E-21    0.5840947171E-22    0.1173383885E-06    0.2845688839E+35    0.4784299231E-01    0.2407167944E+14    0.6236125443E-01
    0.6890000000E+00    0.9063980879E-21    0.6258687655E-22    0.1200715507E-06    0.1583834403E+35    0.2853255716E-01    0.1435584474E+14    0.3985081468E-01
    0.6890000000E+00    0.9712230494E-21    0.6706304648E-22    0.1228683764E-06    0.8143863600E+34    0.1572032119E-01    0.7909508039E+13    0.2352653253E-01
    0.6890000000E+00    0.1040684247E-20    0.7185934897E-22    0.1257303485E-06    0.3851504335E+34    0.7966385435E-02    0.4008199889E+13    0.1277490923E-01
    0.6890000000E+00    0.1115113261E-20    0.7699867968E-22    0.1286589846E-06    0.1659674254E+34    0.3678356185E-02    0.1850724770E+13    0.6320483313E-02
    0.6890000000E+00    0.1194865387E-20    0.8250557175E-22    0.1316558373E-06    0.6457178104E+33    0.1533464369E-02    0.7715458615E+12    0.2823385614E-02
    0.6890000000E+00    0.1280321329E-20    0.8840631292E-22    0.1347224957E-06    0.2257106529E+33    0.5743584052E-03    0.2889821632E+12    0.1133129351E-02
    0.6890000000E+00    0.1371889021E-20    0.9472907100E-22    0.1378605858E-06    0.7095405768E+32    0.1934675628E-03    0.9734109276E+11    0.4089824467E-03
    0.6890000000E+00    0.1470005571E-20    0.1015040283E-21    0.1410717713E-06    0.2016944929E+32    0.5892844270E-04    0.2964920282E+11    0.1334816211E-03
    0.6890000000E+00    0.1575139348E-20    0.1087635259E-21    0.1443577550E-06    0.5203799860E+31    0.1629114124E-04    0.8196709921E+10    0.3954103357E-04
    0.6890000000E+00    0.1687792220E-20    0.1165422177E-21    0.1477202791E-06    0.1208547387E+31    0.4054101407E-05    0.2039776878E+10    0.1054365327E-04
    0.6890000000E+00    0.1808501947E-20    0.1248772362E-21    0.1511611264E-06    0.2297709789E+30    0.8258973990E-06    0.4155412627E+09    0.2301561619E-05
    0.6890000000E+00    0.1937844750E-20    0.1338083694E-21    0.1546821213E-06    0.4955243400E+29    0.1908516486E-06    0.9602492407E+08    0.5698918207E-06
    0.6890000000E+00    0.2076438060E-20    0.1433782510E-21    0.1582851308E-06    0.1120823130E+29    0.4625599299E-07    0.2327319805E+08    0.1480009546E-06
    0.6890000000E+00    0.2224943467E-20    0.1536325639E-21    0.1619720651E-06    0.2586595724E+28    0.1143824723E-07    0.5755029258E+07    0.3921534023E-07
    0.6890000000E+00    0.2384069878E-20    0.1646202581E-21    0.1657448792E-06    0.5407917234E+27    0.2562482807E-08    0.1289285258E+07    0.9413637454E-08
    0.6890000000E+00    0.2554576900E-20    0.1763937846E-21    0.1696055734E-06    0.1185018564E+27    0.6016668415E-09    0.3027221049E+06    0.2368386549E-08
    0.6890000000E+00    0.2737278465E-20    0.1890093455E-21    0.1735561947E-06    0.2860740914E+26    0.1556357816E-09    0.7830644497E+05    0.6564565096E-09
    0.6890000000E+00    0.2933046719E-20    0.2025271626E-21    0.1775988378E-06    0.6829792057E+25    0.3981423771E-10    0.2003209918E+05    0.1799429820E-09
    0.6890000000E+00    0.3142816182E-20    0.2170117645E-21    0.1817356462E-06    0.1253327678E+25    0.7828806417E-11    0.3938978508E+04    0.3791334149E-10
    0.6890000000E+00    0.3367588212E-20    0.2325322952E-21    0.1859688132E-06    0.3069968971E+24    0.2054778013E-11    0.1033839132E+04    0.1066255828E-10
    0.6890000000E+00    0.3608435782E-20    0.2491628434E-21    0.1903005833E-06    0.5945270833E+23    0.4263856375E-12    0.2145312801E+03    0.2370822693E-11
    0.6890000000E+00    0.3866508602E-20    0.2669827968E-21    0.1947332533E-06    0.2300920974E+23    0.1768205051E-12    0.8896530738E+02    0.1053486889E-11
