    0.6430000000E+00    0.4143038610E-23    0.2860772210E-24    0.1992691735E-07   -0.1692551093E+06   -0.1393710948E-32   -0.7012304528E-18   -0.1619541117E-34
    0.6430000000E+00    0.4439345853E-23    0.3065372650E-24    0.2039107488E-07    0.2874401331E+06    0.2536169815E-32    0.1276046163E-17    0.3157894350E-34
    0.6430000000E+00    0.4756844785E-23    0.3284605973E-24    0.2086604403E-07    0.6297455535E+06    0.5953824565E-32    0.2995601852E-17    0.7943562199E-34
    0.6430000000E+00    0.5097051019E-23    0.3519518710E-24    0.2135207663E-07    0.4322328717E+06    0.4378735541E-32    0.2203112999E-17    0.6259908469E-34
    0.6430000000E+00    0.5461588566E-23    0.3771232243E-24    0.2184943039E-07   -0.1577421648E+07   -0.1712295521E-31   -0.8615228037E-17   -0.2622998169E-33
    0.6430000000E+00    0.5852197586E-23    0.4040948153E-24    0.2235836900E-07   -0.3303740447E+07   -0.3842703219E-31   -0.1933414187E-16   -0.6307483326E-33
    0.6430000000E+00    0.6270742692E-23    0.4329953957E-24    0.2287916232E-07   -0.1074029280E+07   -0.1338588363E-31   -0.6734961259E-17   -0.2354324446E-33
    0.6430000000E+00    0.6719221852E-23    0.4639629256E-24    0.2341208647E-07    0.1142178813E+08    0.1525334257E-30    0.7674552842E-16    0.2874645470E-32
    0.6430000000E+00    0.7199775931E-23    0.4971452317E-24    0.2395742402E-07    0.1162100513E+08    0.1662932483E-30    0.8366863301E-16    0.3358102002E-32
    0.6430000000E+00    0.7714698903E-23    0.5327007132E-24    0.2451546411E-07   -0.2222357642E+08   -0.3407570695E-30   -0.1714482006E-15   -0.7373337980E-32
    0.6430000000E+00    0.8266448809E-23    0.5707990981E-24    0.2508650263E-07   -0.4275321805E+08   -0.7024246337E-30   -0.3534172884E-15   -0.1628617138E-31
    0.6430000000E+00    0.8857659485E-23    0.6116222531E-24    0.2567084234E-07    0.3634940936E+08    0.6399238288E-30    0.3219706905E-15    0.1589818510E-31
    0.6430000000E+00    0.9491153137E-23    0.6553650517E-24    0.2626879307E-07    0.1130541006E+09    0.2132638490E-29    0.1073013781E-14    0.5677230275E-31
    0.6430000000E+00    0.1016995382E-22    0.7022363048E-24    0.2688067187E-07   -0.7670907654E+08   -0.1550521092E-29   -0.7801277656E-15   -0.4422796379E-31
    0.6430000000E+00    0.1089730185E-22    0.7524597575E-24    0.2750680315E-07   -0.2264071061E+09   -0.4903667082E-29   -0.2467226575E-14   -0.1498788128E-30
    0.6430000000E+00    0.1167666930E-22    0.8062751566E-24    0.2814751890E-07    0.1819064896E+09    0.4221619789E-29    0.2124061923E-14    0.1382605830E-30
    0.6430000000E+00    0.1251177658E-22    0.8639393956E-24    0.2880315884E-07    0.3705846892E+09    0.9215489238E-29    0.4636672835E-14    0.3233982483E-30
    0.6430000000E+00    0.1340661015E-22    0.9257277409E-24    0.2947407060E-07   -0.3517626924E+09   -0.9373044969E-29   -0.4715945282E-14   -0.3524519904E-30
    0.6430000000E+00    0.1436544159E-22    0.9919351458E-24    0.3016060990E-07   -0.6953898759E+09   -0.1985451522E-28   -0.9989582645E-14   -0.7999789406E-30
    0.6430000000E+00    0.1539284799E-22    0.1062877658E-23    0.3086314075E-07    0.4532257267E+09    0.1386581744E-28    0.6976434718E-14    0.5986386389E-30
    0.6430000000E+00    0.1649373379E-22    0.1138893930E-23    0.3158203565E-07    0.1901841061E+10    0.6234550449E-28    0.3136846016E-13    0.2884193611E-29
    0.6430000000E+00    0.1767335417E-22    0.1220346833E-23    0.3231767576E-07   -0.1505395524E+10   -0.5287879433E-28   -0.2660538827E-13   -0.2621203935E-29
    0.6430000000E+00    0.1893734018E-22    0.1307625190E-23    0.3307045113E-07   -0.2609534017E+11   -0.9821863323E-27   -0.4941763338E-12   -0.5216907703E-28
    0.6430000000E+00    0.2029172559E-22    0.1401145635E-23    0.3384076090E-07    0.1767747836E+10    0.7129371377E-28    0.3587065401E-13    0.4057611896E-29
    0.6430000000E+00    0.2174297571E-22    0.1501354598E-23    0.3462901348E-07    0.1359020432E+12    0.5872958202E-26    0.2954914824E-11    0.3581592541E-27
    0.6430000000E+00    0.2329801823E-22    0.1608730435E-23    0.3543562682E-07   -0.3733490765E+12   -0.1728804981E-25   -0.8698293588E-11   -0.1129705576E-26
    0.6430000000E+00    0.2496427630E-22    0.1723785718E-23    0.3626102861E-07   -0.7346146342E+12   -0.3644940972E-25   -0.1833912270E-10   -0.2552170982E-26
    0.6430000000E+00    0.2674970400E-22    0.1847069675E-23    0.3710565646E-07    0.1257408603E+14    0.6685091431E-24    0.3363530794E-09    0.5015643015E-25
    0.6430000000E+00    0.2866282424E-22    0.1979170815E-23    0.3796995823E-07    0.1232301711E+15    0.7020175598E-23    0.3532124736E-08    0.5643743173E-24
    0.6430000000E+00    0.3071276952E-22    0.2120719737E-23    0.3885439218E-07   -0.1127031441E+14   -0.6879659688E-24   -0.3461425690E-09   -0.5926335346E-25
    0.6430000000E+00    0.3290932546E-22    0.2272392139E-23    0.3975942724E-07   -0.6265263258E+16   -0.4097983902E-21   -0.2061855876E-06   -0.3782592133E-22
    0.6430000000E+00    0.3526297755E-22    0.2434912046E-23    0.4068554327E-07   -0.1716573489E+18   -0.1203076725E-19   -0.6053149240E-05   -0.1189905828E-20
    0.6430000000E+00    0.3778496121E-22    0.2609055264E-23    0.4163323131E-07   -0.3976533268E+19   -0.2986314508E-18   -0.1502531553E-03   -0.3164862241E-19
    0.6430000000E+00    0.4048731538E-22    0.2795653084E-23    0.4260299385E-07   -0.1227423009E+20   -0.9877002967E-18   -0.4969506248E-03   -0.1121616659E-18
    0.6430000000E+00    0.4338294005E-22    0.2995596250E-23    0.4359534505E-07    0.8762540367E+19    0.7555460781E-18    0.3801447634E-03    0.9193486073E-19
    0.6430000000E+00    0.4648565778E-22    0.3209839213E-23    0.4461081109E-07    0.4930973766E+21    0.4555789150E-16    0.2292195590E-01    0.5939951279E-17
    0.6430000000E+00    0.4981027973E-22    0.3439404683E-23    0.4564993037E-07    0.8126055554E+22    0.8044715889E-15    0.4047611002E+00    0.1123905969E-15
    0.6430000000E+00    0.5337267633E-22    0.3685388516E-23    0.4671325384E-07    0.6934940839E+23    0.7356541418E-14    0.3701363527E+01    0.1101267826E-14
    0.6430000000E+00    0.5718985306E-22    0.3948964943E-23    0.4780134531E-07    0.7848104301E+23    0.8920633359E-14    0.4488319318E+01    0.1430918692E-14
    0.6430000000E+00    0.6128003161E-22    0.4231392172E-23    0.4891478167E-07   -0.2327739529E+24   -0.2835079917E-13   -0.1426439519E+02   -0.4872867163E-14
    0.6430000000E+00    0.6566273690E-22    0.4534018400E-23    0.5005415331E-07   -0.4172176657E+25   -0.5444946449E-12   -0.2739565381E+03   -0.1002796662E-12
    0.6430000000E+00    0.7035889022E-22    0.4858288246E-23    0.5122006431E-07   -0.4218291562E+26   -0.5898852246E-11   -0.2967943129E+04   -0.1164090607E-11
    0.6430000000E+00    0.7539090917E-22    0.5205749646E-23    0.5241313287E-07   -0.3659028627E+27   -0.5482728382E-10   -0.2758574949E+05   -0.1159353822E-10
    0.6430000000E+00    0.8078281461E-22    0.5578061244E-23    0.5363399157E-07   -0.2053166009E+28   -0.3296514495E-09   -0.1658605291E+06   -0.7469202890E-10
    0.6430000000E+00    0.8656034539E-22    0.5977000309E-23    0.5488328773E-07   -0.2887825662E+28   -0.4968232314E-09   -0.2499711867E+06   -0.1206205105E-09
    0.6430000000E+00    0.9275108115E-22    0.6404471218E-23    0.5616168372E-07   -0.1064889673E+28   -0.1963068884E-09   -0.9876966849E+05   -0.5106870042E-10
    0.6430000000E+00    0.9938457404E-22    0.6862514550E-23    0.5746985739E-07    0.1589725606E+29    0.3140169518E-08    0.1579942022E+07    0.8753311031E-09
    0.6430000000E+00    0.1064924897E-21    0.7353316823E-23    0.5880850233E-07    0.1194314541E+30    0.2527840362E-07    0.1271855290E+08    0.7550381761E-08
    0.6430000000E+00    0.1141087586E-21    0.7879220933E-23    0.6017832832E-07    0.6519140954E+30    0.1478499885E-06    0.7438910815E+08    0.4731954523E-07
    0.6430000000E+00    0.1222697377E-21    0.8442737340E-23    0.6158006166E-07    0.3105196487E+31    0.7546055760E-06    0.3796715600E+09    0.2587851056E-06
    0.6430000000E+00    0.1310143844E-21    0.9046556049E-23    0.6301444556E-07    0.1344624636E+32    0.3501321480E-05    0.1761651690E+10    0.1286622835E-05
    0.6430000000E+00    0.1403844422E-21    0.9693559452E-23    0.6448224056E-07    0.5379788087E+32    0.1501053228E-04    0.7552385496E+10    0.5910379394E-05
    0.6430000000E+00    0.1504246400E-21    0.1038683609E-22    0.6598422489E-07    0.2009545225E+33    0.6007983185E-04    0.3022851170E+11    0.2534824963E-04
    0.6430000000E+00    0.1611829057E-21    0.1112969539E-22    0.6752119493E-07    0.7064803166E+33    0.2263241981E-03    0.1138725502E+12    0.1023175794E-03
    0.6430000000E+00    0.1727105951E-21    0.1192568347E-22    0.6909396560E-07    0.2349731414E+34    0.8065831537E-03    0.4058235110E+12    0.3907224936E-03
    0.6430000000E+00    0.1850627369E-21    0.1277860007E-22    0.7070337081E-07    0.7273544534E+34    0.2675327946E-02    0.1346062058E+13    0.1388661174E-02
    0.6430000000E+00    0.1982982953E-21    0.1369251667E-22    0.7235026388E-07    0.1780111187E+35    0.7015813786E-02    0.3529930138E+13    0.3902090345E-02
    0.6430000000E+00    0.2124804516E-21    0.1467179595E-22    0.7403551802E-07    0.3541169698E+35    0.1495469855E-01    0.7524293364E+13    0.8912446380E-02
    0.6430000000E+00    0.2276769058E-21    0.1572111260E-22    0.7576002677E-07    0.6099190426E+35    0.2759962090E-01    0.1388644804E+14    0.1762472639E-01
    0.6430000000E+00    0.2439602000E-21    0.1684547565E-22    0.7752470448E-07    0.9294119731E+35    0.4506498044E-01    0.2267395308E+14    0.3083602959E-01
    0.6430000000E+00    0.2614080640E-21    0.1805025236E-22    0.7933048683E-07    0.1260025104E+36    0.6546514314E-01    0.3293807230E+14    0.4799869045E-01
    0.6430000000E+00    0.2801037871E-21    0.1934119387E-22    0.8117833125E-07    0.1520568811E+36    0.8465195690E-01    0.4259170825E+14    0.6650530187E-01
    0.6430000000E+00    0.3001366153E-21    0.2072446262E-22    0.8306921749E-07    0.1631930900E+36    0.9734926785E-01    0.4898022168E+14    0.8195056583E-01
    0.6430000000E+00    0.3216021775E-21    0.2220666179E-22    0.8500414813E-07    0.1632679739E+36    0.1043594850E+00    0.5250733593E+14    0.9413501457E-01
    0.6430000000E+00    0.3446029418E-21    0.2379486681E-22    0.8698414910E-07    0.1601857697E+36    0.1097121829E+00    0.5520048748E+14    0.1060410753E+00
    0.6430000000E+00    0.3692487048E-21    0.2549665916E-22    0.8901027021E-07    0.1459973813E+36    0.1071460068E+00    0.5390934395E+14    0.1109673607E+00
    0.6430000000E+00    0.3956571157E-21    0.2732016250E-22    0.9108358575E-07    0.1185450149E+36    0.9322109919E-01    0.4690317867E+14    0.1034507126E+00
    0.6430000000E+00    0.4239542377E-21    0.2927408154E-22    0.9320519501E-07    0.8868863500E+35    0.7473067322E-01    0.3759992264E+14    0.8886242518E-01
    0.6430000000E+00    0.4542751502E-21    0.3136774352E-22    0.9537622289E-07    0.6242934405E+35    0.5636632179E-01    0.2836009965E+14    0.7181893531E-01
    0.6430000000E+00    0.4867645933E-21    0.3361114274E-22    0.9759782052E-07    0.4167630440E+35    0.4031996304E-01    0.2028654937E+14    0.5504772716E-01
    0.6430000000E+00    0.5215776589E-21    0.3601498832E-22    0.9987116580E-07    0.2638025901E+35    0.2734701817E-01    0.1375935373E+14    0.4000637910E-01
    0.6430000000E+00    0.5588805307E-21    0.3859075526E-22    0.1021974641E-06    0.1579320343E+35    0.1754289054E-01    0.8826513917E+13    0.2749922285E-01
    0.6430000000E+00    0.5988512779E-21    0.4135073927E-22    0.1045779488E-06    0.8934930961E+34    0.1063462365E-01    0.5350694824E+13    0.1786246505E-01
    0.6430000000E+00    0.6416807053E-21    0.4430811541E-22    0.1070138822E-06    0.4785022013E+34    0.6102599427E-02    0.3070456300E+13    0.1098333249E-01
    0.6430000000E+00    0.6875732635E-21    0.4747700104E-22    0.1095065557E-06    0.2433367413E+34    0.3325359566E-02    0.1673118374E+13    0.6412950366E-02
    0.6430000000E+00    0.7367480256E-21    0.5087252317E-22    0.1120572911E-06    0.1178591486E+34    0.1725814936E-02    0.8683249501E+12    0.3566264005E-02
    0.6430000000E+00    0.7894397325E-21    0.5451089068E-22    0.1146674407E-06    0.5448101793E+33    0.8548228789E-03    0.4300948023E+12    0.1892759367E-02
    0.6430000000E+00    0.8458999137E-21    0.5840947171E-22    0.1173383885E-06    0.2406714642E+33    0.4046276195E-03    0.2035839708E+12    0.9600078646E-03
    0.6430000000E+00    0.9063980879E-21    0.6258687655E-22    0.1200715507E-06    0.1017253677E+33    0.1832568395E-03    0.9220367878E+11    0.4658857846E-03
    0.6430000000E+00    0.9712230494E-21    0.6706304648E-22    0.1228683764E-06    0.4120247022E+32    0.7953424779E-04    0.4001678876E+11    0.2166573590E-03
    0.6430000000E+00    0.1040684247E-20    0.7185934897E-22    0.1257303485E-06    0.1602049331E+32    0.3313651328E-04    0.1667227501E+11    0.9672217983E-04
    0.6430000000E+00    0.1115113261E-20    0.7699867968E-22    0.1286589846E-06    0.5990000518E+31    0.1327571082E-04    0.6679529014E+10    0.4152188400E-04
    0.6430000000E+00    0.1194865387E-20    0.8250557175E-22    0.1316558373E-06    0.2156839880E+31    0.5122109152E-05    0.2577133319E+10    0.1716595999E-04
    0.6430000000E+00    0.1280321329E-20    0.8840631292E-22    0.1347224957E-06    0.7489613741E+30    0.1905857144E-05    0.9589112223E+09    0.6843993863E-05
    0.6430000000E+00    0.1371889021E-20    0.9472907100E-22    0.1378605858E-06    0.2512159477E+30    0.6849803763E-06    0.3446404007E+09    0.2635708618E-05
    0.6430000000E+00    0.1470005571E-20    0.1015040283E-21    0.1410717713E-06    0.8153798798E+29    0.2382269632E-06    0.1198612966E+09    0.9822231855E-06
    0.6430000000E+00    0.1575139348E-20    0.1087635259E-21    0.1443577550E-06    0.2564646003E+29    0.8028942579E-07    0.4039674833E+08    0.3547134194E-06
    0.6430000000E+00    0.1687792220E-20    0.1165422177E-21    0.1477202791E-06    0.7820150463E+28    0.2623288365E-07    0.1319878911E+08    0.1241839015E-06
    0.6430000000E+00    0.1808501947E-20    0.1248772362E-21    0.1511611264E-06    0.2310568044E+28    0.8305192181E-08    0.4178666806E+07    0.4212781682E-07
    0.6430000000E+00    0.1937844750E-20    0.1338083694E-21    0.1546821213E-06    0.6620312199E+27    0.2549819242E-08    0.1282913724E+07    0.1385889681E-07
    0.6430000000E+00    0.2076438060E-20    0.1433782510E-21    0.1582851308E-06    0.1847870940E+27    0.7626101121E-09    0.3836989550E+06    0.4441419823E-08
    0.6430000000E+00    0.2224943467E-20    0.1536325639E-21    0.1619720651E-06    0.5057792088E+26    0.2236618417E-09    0.1125330147E+06    0.1395761335E-08
    0.6430000000E+00    0.2384069878E-20    0.1646202581E-21    0.1657448792E-06    0.1357890806E+26    0.6434218006E-10    0.3237306569E+05    0.4302442141E-09
    0.6430000000E+00    0.2554576900E-20    0.1763937846E-21    0.1696055734E-06    0.3533748167E+25    0.1794182102E-10    0.9027231437E+04    0.1285540570E-09
    0.6430000000E+00    0.2737278465E-20    0.1890093455E-21    0.1735561947E-06    0.8802629810E+24    0.4788983736E-11    0.2409524901E+04    0.3676737537E-10
    0.6430000000E+00    0.2933046719E-20    0.2025271626E-21    0.1775988378E-06    0.2114247251E+24    0.1232499349E-11    0.6201185962E+03    0.1013925313E-10
    0.6430000000E+00    0.3142816182E-20    0.2170117645E-21    0.1817356462E-06    0.5238370078E+23    0.3272104016E-12    0.1646323425E+03    0.2884339435E-11
    0.6430000000E+00    0.3367588212E-20    0.2325322952E-21    0.1859688132E-06    0.1316655014E+23    0.8812576928E-13    0.4433951904E+02    0.8323810568E-12
    0.6430000000E+00    0.3608435782E-20    0.2491628434E-21    0.1903005833E-06    0.2605072414E+22    0.1868317682E-13    0.9400236513E+01    0.1890906222E-12
    0.6430000000E+00    0.3866508602E-20    0.2669827968E-21    0.1947332533E-06    0.1005708227E+22    0.7728637305E-14    0.3888579512E+01    0.8381508578E-13
