    0.6680000000E+00    0.4143038610E-23    0.2860772210E-24    0.1992691735E-07    0.1470157563E-02    0.1210583656E-40    0.6090919546E-26    0.9394438119E-43
    0.6680000000E+00    0.4439345853E-23    0.3065372650E-24    0.2039107488E-07   -0.7221644676E-03   -0.6371871957E-41   -0.3205937835E-26   -0.5298379283E-43
    0.6680000000E+00    0.4756844785E-23    0.3284605973E-24    0.2086604403E-07   -0.4398361858E-02   -0.4158358043E-40   -0.2092232466E-25   -0.3705082512E-42
    0.6680000000E+00    0.5097051019E-23    0.3519518710E-24    0.2135207663E-07   -0.4386157855E-02   -0.4443397656E-40   -0.2235647037E-25   -0.4242200447E-42
    0.6680000000E+00    0.5461588566E-23    0.3771232243E-24    0.2184943039E-07    0.3525027550E-02    0.3826427063E-40    0.1925225016E-25    0.3914438221E-42
    0.6680000000E+00    0.5852197586E-23    0.4040948153E-24    0.2235836900E-07    0.2317875067E-01    0.2696006580E-39    0.1356466287E-24    0.2955268547E-41
    0.6680000000E+00    0.6270742692E-23    0.4329953957E-24    0.2287916232E-07    0.1911594809E-01    0.2382466301E-39    0.1198711918E-24    0.2798354755E-41
    0.6680000000E+00    0.6719221852E-23    0.4639629256E-24    0.2341208647E-07   -0.5145240756E-01   -0.6871263843E-39   -0.3457201412E-24   -0.8647939223E-41
    0.6680000000E+00    0.7199775931E-23    0.4971452317E-24    0.2395742402E-07   -0.9569057263E-01   -0.1369304632E-38   -0.6889506816E-24   -0.1846613819E-40
    0.6680000000E+00    0.7714698903E-23    0.5327007132E-24    0.2451546411E-07    0.4604831843E-01    0.7060650252E-39    0.3552489117E-24    0.1020283124E-40
    0.6680000000E+00    0.8266448809E-23    0.5707990981E-24    0.2508650263E-07    0.3109908408E+00    0.5109501399E-38    0.2570789865E-23    0.7911421555E-40
    0.6680000000E+00    0.8857659485E-23    0.6116222531E-24    0.2567084234E-07    0.2736998812E-01    0.4818429764E-39    0.2424340349E-24    0.7994320152E-41
    0.6680000000E+00    0.9491153137E-23    0.6553650517E-24    0.2626879307E-07   -0.7850728301E+00   -0.1480951621E-37   -0.7451246454E-23   -0.2632793974E-39
    0.6680000000E+00    0.1016995382E-22    0.7022363048E-24    0.2688067187E-07   -0.1054332029E+00   -0.2131122056E-38   -0.1072250804E-23   -0.4059610132E-40
    0.6680000000E+00    0.1089730185E-22    0.7524597575E-24    0.2750680315E-07    0.1647106690E+01    0.3567406958E-37    0.1794901877E-22    0.7281630862E-39
    0.6680000000E+00    0.1167666930E-22    0.8062751566E-24    0.2814751890E-07   -0.1528049284E+00   -0.3546241319E-38   -0.1784252617E-23   -0.7756115889E-40
    0.6680000000E+00    0.1251177658E-22    0.8639393956E-24    0.2880315884E-07   -0.2956628415E+01   -0.7352375351E-37   -0.3699267416E-22   -0.1723072988E-38
    0.6680000000E+00    0.1340661015E-22    0.9257277409E-24    0.2947407060E-07    0.1577763455E+01    0.4204097858E-37    0.2115245955E-22    0.1055720173E-38
    0.6680000000E+00    0.1436544159E-22    0.9919351458E-24    0.3016060990E-07    0.4968408042E+01    0.1418561536E-36    0.7137337553E-22    0.3817017788E-38
    0.6680000000E+00    0.1539284799E-22    0.1062877658E-23    0.3086314075E-07   -0.6764531095E+01   -0.2069515204E-36   -0.1041253989E-21   -0.5966843198E-38
    0.6680000000E+00    0.1649373379E-22    0.1138893930E-23    0.3158203565E-07   -0.1030953129E+02   -0.3379635358E-36   -0.1700426646E-21   -0.1044109023E-37
    0.6680000000E+00    0.1767335417E-22    0.1220346833E-23    0.3231767576E-07    0.3385478272E+02    0.1189189196E-35    0.5983275654E-21    0.3936651400E-37
    0.6680000000E+00    0.1893734018E-22    0.1307625190E-23    0.3307045113E-07    0.6177281798E+02    0.2325028804E-35    0.1169812868E-20    0.8247158502E-37
    0.6680000000E+00    0.2029172559E-22    0.1401145635E-23    0.3384076090E-07   -0.1025275861E+03   -0.4134963272E-35   -0.2080461643E-20   -0.1571620410E-36
    0.6680000000E+00    0.2174297571E-22    0.1501354598E-23    0.3462901348E-07   -0.6252973033E+03   -0.2702199938E-34   -0.1359582408E-19   -0.1100508708E-35
    0.6680000000E+00    0.2329801823E-22    0.1608730435E-23    0.3543562682E-07   -0.3342477986E+03   -0.1547745249E-34   -0.7787311305E-20   -0.6754224369E-36
    0.6680000000E+00    0.2496427630E-22    0.1723785718E-23    0.3626102861E-07    0.1238600129E+04    0.6145568233E-34    0.3092075585E-19    0.2873677640E-35
    0.6680000000E+00    0.2674970400E-22    0.1847069675E-23    0.3710565646E-07    0.8979480823E+02    0.4773997104E-35    0.2401984541E-20    0.2391983365E-36
    0.6680000000E+00    0.2866282424E-22    0.1979170815E-23    0.3796995823E-07   -0.2127442157E+05   -0.1211961112E-32   -0.6097850064E-18   -0.6506758509E-34
    0.6680000000E+00    0.3071276952E-22    0.2120719737E-23    0.3885439218E-07   -0.3772850855E+06   -0.2303035123E-31   -0.1158746988E-16   -0.1324880064E-32
    0.6680000000E+00    0.3290932546E-22    0.2272392139E-23    0.3975942724E-07   -0.1571259063E+08   -0.1027729256E-29   -0.5170907589E-15   -0.6335118217E-31
    0.6680000000E+00    0.3526297755E-22    0.2434912046E-23    0.4068554327E-07   -0.4767963859E+08   -0.3341672454E-29   -0.1681326025E-14   -0.2207190827E-30
    0.6680000000E+00    0.3778496121E-22    0.2609055264E-23    0.4163323131E-07    0.2950949896E+09    0.2216117379E-28    0.1115015273E-13    0.1568443084E-29
    0.6680000000E+00    0.4048731538E-22    0.2795653084E-23    0.4260299385E-07    0.1666267742E+11    0.1340836150E-26    0.6746270756E-12    0.1016837875E-27
    0.6680000000E+00    0.4338294005E-22    0.2995596250E-23    0.4359534505E-07    0.3458348840E+11    0.2981945638E-26    0.1500333404E-11    0.2423124483E-27
    0.6680000000E+00    0.4648565778E-22    0.3209839213E-23    0.4461081109E-07   -0.2614231784E+12   -0.2415321874E-25   -0.1215242841E-10   -0.2103056877E-26
    0.6680000000E+00    0.4981027973E-22    0.3439404683E-23    0.4564993037E-07   -0.1132580045E+14   -0.1121243218E-23   -0.5641412884E-09   -0.1046106337E-24
    0.6680000000E+00    0.5337267633E-22    0.3685388516E-23    0.4671325384E-07   -0.3445083546E+15   -0.3654522855E-22   -0.1838733290E-07   -0.3653479595E-23
    0.6680000000E+00    0.5718985306E-22    0.3948964943E-23    0.4780134531E-07   -0.9307961653E+16   -0.1057999614E-20   -0.5323209592E-06   -0.1133343382E-21
    0.6680000000E+00    0.6128003161E-22    0.4231392172E-23    0.4891478167E-07   -0.2899210131E+17   -0.3531104883E-20   -0.1776636885E-05   -0.4053093489E-21
    0.6680000000E+00    0.6566273690E-22    0.4534018400E-23    0.5005415331E-07    0.3570788224E+17    0.4660097655E-20    0.2344677276E-05    0.5731535960E-21
    0.6680000000E+00    0.7035889022E-22    0.4858288246E-23    0.5122006431E-07    0.1700155625E+19    0.2377494936E-18    0.1196210630E-03    0.3133254012E-19
    0.6680000000E+00    0.7539090917E-22    0.5205749646E-23    0.5241313287E-07    0.3218737958E+20    0.4822992043E-17    0.2426635810E-02    0.6810712523E-18
    0.6680000000E+00    0.8078281461E-22    0.5578061244E-23    0.5363399157E-07    0.5010657013E+21    0.8044991685E-16    0.4047749766E-01    0.1217311160E-16
    0.6680000000E+00    0.8656034539E-22    0.5977000309E-23    0.5488328773E-07    0.1193941040E+22    0.2054063212E-15    0.1033479488E+00    0.3330349468E-16
    0.6680000000E+00    0.9275108115E-22    0.6404471218E-23    0.5616168372E-07   -0.4080223433E+21   -0.7521680288E-16   -0.3784451348E-01   -0.1306745079E-16
    0.6680000000E+00    0.9938457404E-22    0.6862514550E-23    0.5746985739E-07   -0.2820886165E+23   -0.5572068987E-14   -0.2803525699E+01   -0.1037271603E-14
    0.6680000000E+00    0.1064924897E-21    0.7353316823E-23    0.5880850233E-07   -0.3519451823E+24   -0.7449136776E-13   -0.3747951871E+02   -0.1485873894E-13
    0.6680000000E+00    0.1141087586E-21    0.7879220933E-23    0.6017832832E-07   -0.3627439593E+25   -0.8226803285E-12   -0.4139226288E+03   -0.1758357251E-12
    0.6680000000E+00    0.1222697377E-21    0.8442737340E-23    0.6158006166E-07   -0.3365489822E+26   -0.8178604466E-11   -0.4114975579E+04   -0.1873075180E-11
    0.6680000000E+00    0.1310143844E-21    0.9046556049E-23    0.6301444556E-07   -0.2096613902E+27   -0.5459456187E-10   -0.2746865798E+05   -0.1339755007E-10
    0.6680000000E+00    0.1403844422E-21    0.9693559452E-23    0.6448224056E-07   -0.3014382672E+27   -0.8410645117E-10   -0.4231724300E+05   -0.2211593538E-10
    0.6680000000E+00    0.1504246400E-21    0.1038683609E-22    0.6598422489E-07   -0.6177910109E+26   -0.1847023873E-10   -0.9293099037E+04   -0.5204134503E-11
    0.6680000000E+00    0.1611829057E-21    0.1112969539E-22    0.6752119493E-07    0.2328518100E+28    0.7459514148E-09    0.3753173133E+06    0.2252094167E-09
    0.6680000000E+00    0.1727105951E-21    0.1192568347E-22    0.6909396560E-07    0.1839044072E+29    0.6312814980E-08    0.3176223961E+07    0.2042203729E-08
    0.6680000000E+00    0.1850627369E-21    0.1277860007E-22    0.7070337081E-07    0.1111216107E+30    0.4087233523E-07    0.2056446940E+08    0.1416789911E-07
    0.6680000000E+00    0.1982982953E-21    0.1369251667E-22    0.7235026388E-07    0.5980766048E+30    0.2357152811E-06    0.1185975712E+09    0.8755153041E-07
    0.6680000000E+00    0.2124804516E-21    0.1467179595E-22    0.7403551802E-07    0.2965088258E+31    0.1252185150E-05    0.6300232921E+09    0.4983615785E-06
    0.6680000000E+00    0.2276769058E-21    0.1572111260E-22    0.7576002677E-07    0.1368917105E+32    0.6194525911E-05    0.3116708107E+10    0.2641703538E-05
    0.6680000000E+00    0.2439602000E-21    0.1684547565E-22    0.7752470448E-07    0.5911154266E+32    0.2866178391E-04    0.1442086377E+11    0.1309722297E-04
    0.6680000000E+00    0.2614080640E-21    0.1805025236E-22    0.7933048683E-07    0.2391637973E+33    0.1242585737E-03    0.6251934523E+11    0.6084184398E-04
    0.6680000000E+00    0.2801037871E-21    0.1934119387E-22    0.8117833125E-07    0.9073377441E+33    0.5051262071E-03    0.2541487383E+12    0.2650183252E-03
    0.6680000000E+00    0.3001366153E-21    0.2072446262E-22    0.8306921749E-07    0.3230463740E+34    0.1927062475E-02    0.9695804529E+12    0.1083357510E-02
    0.6680000000E+00    0.3216021775E-21    0.2220666179E-22    0.8500414813E-07    0.1071339180E+35    0.6847907914E-02    0.3445450131E+13    0.4125094627E-02
    0.6680000000E+00    0.3446029418E-21    0.2379486681E-22    0.8698414910E-07    0.2712776892E+35    0.1857996970E-01    0.9348308977E+13    0.1199281143E-01
    0.6680000000E+00    0.3692487048E-21    0.2549665916E-22    0.8901027021E-07    0.5177017380E+35    0.3799360881E-01    0.1911606962E+14    0.2627765163E-01
    0.6680000000E+00    0.3956571157E-21    0.2732016250E-22    0.9108358575E-07    0.8086930482E+35    0.6359377906E-01    0.3199651589E+14    0.4712926182E-01
    0.6680000000E+00    0.4239542377E-21    0.2927408154E-22    0.9320519501E-07    0.1068295860E+36    0.9001657182E-01    0.4529085570E+14    0.7148229264E-01
    0.6680000000E+00    0.4542751502E-21    0.3136774352E-22    0.9537622289E-07    0.1208395202E+36    0.1091038098E+00    0.5489439117E+14    0.9283589311E-01
    0.6680000000E+00    0.4867645933E-21    0.3361114274E-22    0.9759782052E-07    0.1218746829E+36    0.1179083122E+00    0.5932428049E+14    0.1075029611E+00
    0.6680000000E+00    0.5215776589E-21    0.3601498832E-22    0.9987116580E-07    0.1198308598E+36    0.1242223095E+00    0.6250109931E+14    0.1213600099E+00
    0.6680000000E+00    0.5588805307E-21    0.3859075526E-22    0.1021974641E-06    0.1089912755E+36    0.1210661297E+00    0.6091310188E+14    0.1267356109E+00
    0.6680000000E+00    0.5988512779E-21    0.4135073927E-22    0.1045779488E-06    0.8564027601E+35    0.1019316331E+00    0.5128578873E+14    0.1143365243E+00
    0.6680000000E+00    0.6416807053E-21    0.4430811541E-22    0.1070138822E-06    0.6010771892E+35    0.7665865070E-01    0.3856996347E+14    0.9213765920E-01
    0.6680000000E+00    0.6875732635E-21    0.4747700104E-22    0.1095065557E-06    0.3870146972E+35    0.5288815073E-01    0.2661009583E+14    0.6811368643E-01
    0.6680000000E+00    0.7367480256E-21    0.5087252317E-22    0.1120572911E-06    0.2319982327E+35    0.3397156861E-01    0.1709242399E+14    0.4688043193E-01
    0.6680000000E+00    0.7894397325E-21    0.5451089068E-22    0.1146674407E-06    0.1299714986E+35    0.2039290285E-01    0.1026046651E+14    0.3015470292E-01
    0.6680000000E+00    0.8458999137E-21    0.5840947171E-22    0.1173383885E-06    0.6782366219E+34    0.1140281715E-01    0.5737203000E+13    0.1806708817E-01
    0.6680000000E+00    0.9063980879E-21    0.6258687655E-22    0.1200715507E-06    0.3280378517E+34    0.5909556415E-02    0.2973328815E+13    0.1003300172E-01
    0.6680000000E+00    0.9712230494E-21    0.6706304648E-22    0.1228683764E-06    0.1467122430E+34    0.2832026291E-02    0.1424903120E+13    0.5151969515E-02
    0.6680000000E+00    0.1040684247E-20    0.7185934897E-22    0.1257303485E-06    0.6079039407E+33    0.1257378073E-02    0.6326360548E+12    0.2450991959E-02
    0.6680000000E+00    0.1115113261E-20    0.7699867968E-22    0.1286589846E-06    0.2345316118E+33    0.5197952568E-03    0.2615293106E+12    0.1085696196E-02
    0.6680000000E+00    0.1194865387E-20    0.8250557175E-22    0.1316558373E-06    0.8469002887E+32    0.2011236791E-03    0.1011931841E+12    0.4501312957E-03
    0.6680000000E+00    0.1280321329E-20    0.8840631292E-22    0.1347224957E-06    0.2869962719E+32    0.7303098853E-04    0.3674474484E+11    0.1751391280E-03
    0.6680000000E+00    0.1371889021E-20    0.9472907100E-22    0.1378605858E-06    0.9123313340E+31    0.2487616993E-04    0.1251617341E+11    0.6392334881E-04
    0.6680000000E+00    0.1470005571E-20    0.1015040283E-21    0.1410717713E-06    0.2718325718E+31    0.7942046361E-05    0.3995953950E+10    0.2186796760E-04
    0.6680000000E+00    0.1575139348E-20    0.1087635259E-21    0.1443577550E-06    0.7612271739E+30    0.2383116135E-05    0.1199038875E+10    0.7031066586E-05
    0.6680000000E+00    0.1687792220E-20    0.1165422177E-21    0.1477202791E-06    0.2020015953E+30    0.6776192316E-06    0.3409367210E+09    0.2142208445E-05
    0.6680000000E+00    0.1808501947E-20    0.1248772362E-21    0.1511611264E-06    0.5135474784E+29    0.1845914261E-06    0.9287516147E+08    0.6252987045E-06
    0.6680000000E+00    0.1937844750E-20    0.1338083694E-21    0.1546821213E-06    0.1260845696E+29    0.4856158622E-07    0.2443323212E+08    0.1762661294E-06
    0.6680000000E+00    0.2076438060E-20    0.1433782510E-21    0.1582851308E-06    0.2981518759E+28    0.1230462748E-07    0.6190939028E+07    0.4785689017E-07
    0.6680000000E+00    0.2224943467E-20    0.1536325639E-21    0.1619720651E-06    0.6915441130E+27    0.3058093872E-08    0.1538646557E+07    0.1274461781E-07
    0.6680000000E+00    0.2384069878E-20    0.1646202581E-21    0.1657448792E-06    0.1525942241E+27    0.7230511468E-09    0.3637952934E+06    0.3228828836E-08
    0.6680000000E+00    0.2554576900E-20    0.1763937846E-21    0.1696055734E-06    0.3556535537E+26    0.1805751883E-09    0.9085443525E+05    0.8640404616E-09
    0.6680000000E+00    0.2737278465E-20    0.1890093455E-21    0.1735561947E-06    0.8719478326E+25    0.4743745993E-10    0.2386764025E+05    0.2432189617E-09
    0.6680000000E+00    0.2933046719E-20    0.2025271626E-21    0.1775988378E-06    0.2012774104E+25    0.1173345630E-10    0.5903560483E+04    0.6446173108E-10
    0.6680000000E+00    0.3142816182E-20    0.2170117645E-21    0.1817356462E-06    0.4071119277E+24    0.2542990575E-11    0.1279477954E+04    0.1496996395E-10
    0.6680000000E+00    0.3367588212E-20    0.2325322952E-21    0.1859688132E-06    0.1016487060E+24    0.6803506097E-12    0.3423109841E+03    0.4291496692E-11
    0.6680000000E+00    0.3608435782E-20    0.2491628434E-21    0.1903005833E-06    0.2009230598E+23    0.1440989138E-12    0.7250179585E+02    0.9739501103E-12
    0.6680000000E+00    0.3866508602E-20    0.2669827968E-21    0.1947332533E-06    0.7721510581E+22    0.5933803970E-13    0.2985528708E+02    0.4297433833E-12
