    0.6370000000E+00    0.4143038610E-23    0.2860772210E-24    0.1992691735E-07    0.1899667505E+09    0.1564258480E-29    0.7870395822E-15    0.2131989092E-31
    0.6370000000E+00    0.4439345853E-23    0.3065372650E-24    0.2039107488E-07    0.2119301040E+09    0.1869922362E-29    0.9408310285E-15    0.2730863769E-31
    0.6370000000E+00    0.4756844785E-23    0.3284605973E-24    0.2086604403E-07   -0.1951645324E+09   -0.1845150602E-29   -0.9283673882E-15   -0.2887408827E-31
    0.6370000000E+00    0.5097051019E-23    0.3519518710E-24    0.2135207663E-07   -0.1095322807E+10   -0.1109616880E-28   -0.5582916230E-14   -0.1860584999E-30
    0.6370000000E+00    0.5461588566E-23    0.3771232243E-24    0.2184943039E-07   -0.1023572711E+10   -0.1111090982E-28   -0.5590333016E-14   -0.1996301271E-30
    0.6370000000E+00    0.5852197586E-23    0.4040948153E-24    0.2235836900E-07    0.1512560221E+10    0.1759314972E-28    0.8851801275E-14    0.3387037921E-30
    0.6370000000E+00    0.6270742692E-23    0.4329953957E-24    0.2287916232E-07    0.5412812697E+10    0.6746117840E-28    0.3394235566E-13    0.1391651152E-29
    0.6370000000E+00    0.6719221852E-23    0.4639629256E-24    0.2341208647E-07    0.2914392649E+10    0.3892055160E-28    0.1958245077E-13    0.8603109431E-30
    0.6370000000E+00    0.7199775931E-23    0.4971452317E-24    0.2395742402E-07   -0.1614440784E+11   -0.2310218429E-27   -0.1162361190E-12   -0.5471791046E-29
    0.6370000000E+00    0.7714698903E-23    0.5327007132E-24    0.2451546411E-07   -0.1737557193E+11   -0.2664219684E-27   -0.1340473057E-12   -0.6761553568E-29
    0.6370000000E+00    0.8266448809E-23    0.5707990981E-24    0.2508650263E-07    0.3208777268E+11    0.5271940453E-27    0.2652519302E-12    0.1433662602E-28
    0.6370000000E+00    0.8857659485E-23    0.6116222531E-24    0.2567084234E-07    0.5597490572E+11    0.9854266305E-27    0.4958066545E-12    0.2871446672E-28
    0.6370000000E+00    0.9491153137E-23    0.6553650517E-24    0.2626879307E-07   -0.6309447656E+11   -0.1190206357E-26   -0.5988393391E-12   -0.3716196980E-28
    0.6370000000E+00    0.1016995382E-22    0.7022363048E-24    0.2688067187E-07   -0.1328614137E+12   -0.2685528670E-26   -0.1351194441E-11   -0.8984755301E-28
    0.6370000000E+00    0.1089730185E-22    0.7524597575E-24    0.2750680315E-07    0.1514619663E+12    0.3280458247E-26    0.1650526765E-11    0.1176009892E-27
    0.6370000000E+00    0.1167666930E-22    0.8062751566E-24    0.2814751890E-07    0.2271518402E+12    0.5271657464E-26    0.2652376920E-11    0.2024993548E-27
    0.6370000000E+00    0.1251177658E-22    0.8639393956E-24    0.2880315884E-07   -0.3474539282E+12   -0.8640286632E-26   -0.4347265921E-11   -0.3556350939E-27
    0.6370000000E+00    0.1340661015E-22    0.9257277409E-24    0.2947407060E-07   -0.1707748564E+12   -0.4550455303E-26   -0.2289511923E-11   -0.2006925787E-27
    0.6370000000E+00    0.1436544159E-22    0.9919351458E-24    0.3016060990E-07    0.6090444473E+12    0.1738921239E-25    0.8749192434E-11    0.8217815232E-27
    0.6370000000E+00    0.1539284799E-22    0.1062877658E-23    0.3086314075E-07   -0.1122665907E+13   -0.3434641857E-25   -0.1728102566E-10   -0.1739233607E-26
    0.6370000000E+00    0.1649373379E-22    0.1138893930E-23    0.3158203565E-07   -0.1159648703E+13   -0.3801520794E-25   -0.1912693699E-10   -0.2062689372E-26
    0.6370000000E+00    0.1767335417E-22    0.1220346833E-23    0.3231767576E-07    0.8041828760E+13    0.2824787255E-24    0.1421260878E-09    0.1642336729E-25
    0.6370000000E+00    0.1893734018E-22    0.1307625190E-23    0.3307045113E-07    0.3914711922E+13    0.1473434153E-24    0.7413423137E-10    0.9179249887E-26
    0.6370000000E+00    0.2029172559E-22    0.1401145635E-23    0.3384076090E-07   -0.5186716538E+14   -0.2091815794E-23   -0.1052474287E-08   -0.1396368033E-24
    0.6370000000E+00    0.2174297571E-22    0.1501354598E-23    0.3462901348E-07   -0.1428124247E+14   -0.6171587869E-24   -0.3105167082E-09   -0.4414417219E-25
    0.6370000000E+00    0.2329801823E-22    0.1608730435E-23    0.3543562682E-07    0.1259271405E+16    0.5831096996E-22    0.2933852815E-07    0.4469168469E-23
    0.6370000000E+00    0.2496427630E-22    0.1723785718E-23    0.3626102861E-07    0.2617856506E+16    0.1298903125E-21    0.6535289313E-07    0.1066726839E-22
    0.6370000000E+00    0.2674970400E-22    0.1847069675E-23    0.3710565646E-07   -0.8587987432E+16   -0.4565857195E-21   -0.2297261217E-06   -0.4017896864E-22
    0.6370000000E+00    0.2866282424E-22    0.1979170815E-23    0.3796995823E-07   -0.3363775542E+18   -0.1916275435E-19   -0.9641530715E-05   -0.1806901144E-20
    0.6370000000E+00    0.3071276952E-22    0.2120719737E-23    0.3885439218E-07   -0.7987405505E+19   -0.4875696423E-18   -0.2453153443E-03   -0.4926212225E-19
    0.6370000000E+00    0.3290932546E-22    0.2272392139E-23    0.3975942724E-07   -0.9392346724E+20   -0.6143346911E-17   -0.3090957952E-02   -0.6650916582E-18
    0.6370000000E+00    0.3526297755E-22    0.2434912046E-23    0.4068554327E-07   -0.9670898090E+20   -0.6777940166E-17   -0.3410246622E-02   -0.7862745001E-18
    0.6370000000E+00    0.3778496121E-22    0.2609055264E-23    0.4163323131E-07    0.8098558961E+21    0.6081891558E-16    0.3060037362E-01    0.7559884018E-17
    0.6370000000E+00    0.4048731538E-22    0.2795653084E-23    0.4260299385E-07    0.1643864707E+23    0.1322808556E-14    0.6655566884E+00    0.1761868357E-15
    0.6370000000E+00    0.4338294005E-22    0.2995596250E-23    0.4359534505E-07    0.2133509494E+24    0.1839608907E-13    0.9255791447E+01    0.2625439193E-14
    0.6370000000E+00    0.4648565778E-22    0.3209839213E-23    0.4461081109E-07    0.4528425840E+24    0.4183870019E-13    0.2105068539E+02    0.6398153339E-14
    0.6370000000E+00    0.4981027973E-22    0.3439404683E-23    0.4564993037E-07   -0.5992214829E+23   -0.5932234345E-14   -0.2984738968E+01   -0.9720637759E-15
    0.6370000000E+00    0.5337267633E-22    0.3685388516E-23    0.4671325384E-07   -0.7742309098E+25   -0.8212992565E-12   -0.4132277575E+03   -0.1442041936E-12
    0.6370000000E+00    0.5718985306E-22    0.3948964943E-23    0.4780134531E-07   -0.8353231866E+26   -0.9494792115E-11   -0.4777201029E+04   -0.1786330942E-11
    0.6370000000E+00    0.6128003161E-22    0.4231392172E-23    0.4891478167E-07   -0.7245225294E+27   -0.8824351896E-10   -0.4439876350E+05   -0.1778931720E-10
    0.6370000000E+00    0.6566273690E-22    0.4534018400E-23    0.5005415331E-07   -0.4358280183E+28   -0.5687822966E-09   -0.2861766050E+06   -0.1228634004E-09
    0.6370000000E+00    0.7035889022E-22    0.4858288246E-23    0.5122006431E-07   -0.6820875403E+28   -0.9538301371E-09   -0.4799092237E+06   -0.2207737836E-09
    0.6370000000E+00    0.7539090917E-22    0.5205749646E-23    0.5241313287E-07   -0.3796241645E+28   -0.5688329864E-09   -0.2862021090E+06   -0.1410786300E-09
    0.6370000000E+00    0.8078281461E-22    0.5578061244E-23    0.5363399157E-07    0.2597661326E+29    0.4170743220E-08    0.2098463933E+07    0.1108383145E-08
    0.6370000000E+00    0.8656034539E-22    0.5977000309E-23    0.5488328773E-07    0.2066899793E+30    0.3555906604E-07    0.1789115600E+08    0.1012574080E-07
    0.6370000000E+00    0.9275108115E-22    0.6404471218E-23    0.5616168372E-07    0.1114172159E+31    0.2053918592E-06    0.1033406724E+09    0.6266999882E-07
    0.6370000000E+00    0.9938457404E-22    0.6862514550E-23    0.5746985739E-07    0.5154399828E+31    0.1018143581E-05    0.5122678313E+09    0.3328783026E-06
    0.6370000000E+00    0.1064924897E-21    0.7353316823E-23    0.5880850233E-07    0.2146082865E+32    0.4542316701E-05    0.2285417075E+10    0.1591306627E-05
    0.6370000000E+00    0.1141087586E-21    0.7879220933E-23    0.6017832832E-07    0.8182096889E+32    0.1855647761E-04    0.9336489188E+10    0.6965816061E-05
    0.6370000000E+00    0.1222697377E-21    0.8442737340E-23    0.6158006166E-07    0.2889903945E+33    0.7022865190E-04    0.3533477975E+11    0.2824820084E-04
    0.6370000000E+00    0.1310143844E-21    0.9046556049E-23    0.6301444556E-07    0.9565585873E+33    0.2490820886E-03    0.1253229345E+12    0.1073541800E-03
    0.6370000000E+00    0.1403844422E-21    0.9693559452E-23    0.6448224056E-07    0.3000370739E+34    0.8371549419E-03    0.4212053726E+12    0.3866182100E-03
    0.6370000000E+00    0.1504246400E-21    0.1038683609E-22    0.6598422489E-07    0.8402321168E+34    0.2512061120E-02    0.1263916136E+13    0.1243101705E-02
    0.6370000000E+00    0.1611829057E-21    0.1112969539E-22    0.6752119493E-07    0.1880007506E+35    0.6022689963E-02    0.3030250725E+13    0.3193500346E-02
    0.6370000000E+00    0.1727105951E-21    0.1192568347E-22    0.6909396560E-07    0.3586919605E+35    0.1231267927E-01    0.6194990196E+13    0.6995665367E-02
    0.6370000000E+00    0.1850627369E-21    0.1277860007E-22    0.7070337081E-07    0.6067141291E+35    0.2231593217E-01    0.1122801772E+14    0.1358599634E-01
    0.6370000000E+00    0.1982982953E-21    0.1369251667E-22    0.7235026388E-07    0.9249352851E+35    0.3645375508E-01    0.1834130903E+14    0.2378037681E-01
    0.6370000000E+00    0.2124804516E-21    0.1467179595E-22    0.7403551802E-07    0.1276833009E+36    0.5392187997E-01    0.2713020542E+14    0.3769133202E-01
    0.6370000000E+00    0.2276769058E-21    0.1572111260E-22    0.7576002677E-07    0.1594266587E+36    0.7214261292E-01    0.3629776835E+14    0.5403415054E-01
    0.6370000000E+00    0.2439602000E-21    0.1684547565E-22    0.7752470448E-07    0.1795631752E+36    0.8706592137E-01    0.4380626813E+14    0.6987545691E-01
    0.6370000000E+00    0.2614080640E-21    0.1805025236E-22    0.7933048683E-07    0.1834555261E+36    0.9531510315E-01    0.4795675391E+14    0.8196683816E-01
    0.6370000000E+00    0.2801037871E-21    0.1934119387E-22    0.8117833125E-07    0.1824330848E+36    0.1015627673E+00    0.5110019794E+14    0.9358602172E-01
    0.6370000000E+00    0.3001366153E-21    0.2072446262E-22    0.8306921749E-07    0.1755500528E+36    0.1047205437E+00    0.5268899867E+14    0.1033970978E+00
    0.6370000000E+00    0.3216021775E-21    0.2220666179E-22    0.8500414813E-07    0.1533269849E+36    0.9800529032E-01    0.4931029223E+14    0.1036873989E+00
    0.6370000000E+00    0.3446029418E-21    0.2379486681E-22    0.8698414910E-07    0.1222464572E+36    0.8372732297E-01    0.4212648878E+14    0.9491692632E-01
    0.6370000000E+00    0.3692487048E-21    0.2549665916E-22    0.8901027021E-07    0.9153106040E+35    0.6717372278E-01    0.3379772550E+14    0.8159731684E-01
    0.6370000000E+00    0.3956571157E-21    0.2732016250E-22    0.9108358575E-07    0.6516757652E+35    0.5124629762E-01    0.2578401536E+14    0.6670201519E-01
    0.6370000000E+00    0.4239542377E-21    0.2927408154E-22    0.9320519501E-07    0.4422058692E+35    0.3726107895E-01    0.1874750522E+14    0.5196750743E-01
    0.6370000000E+00    0.4542751502E-21    0.3136774352E-22    0.9537622289E-07    0.2854181063E+35    0.2576988285E-01    0.1296583531E+14    0.3851136434E-01
    0.6370000000E+00    0.4867645933E-21    0.3361114274E-22    0.9759782052E-07    0.1749788916E+35    0.1692842622E-01    0.8517352902E+13    0.2710772340E-01
    0.6370000000E+00    0.5215776589E-21    0.3601498832E-22    0.9987116580E-07    0.1019789320E+35    0.1057161609E-01    0.5318993260E+13    0.1813918807E-01
    0.6370000000E+00    0.5588805307E-21    0.3859075526E-22    0.1021974641E-06    0.5663927190E+34    0.6291418655E-02    0.3165458634E+13    0.1156711481E-01
    0.6370000000E+00    0.5988512779E-21    0.4135073927E-22    0.1045779488E-06    0.3005785676E+34    0.3577576544E-02    0.1800018594E+13    0.7047991878E-02
    0.6370000000E+00    0.6416807053E-21    0.4430811541E-22    0.1070138822E-06    0.1527238642E+34    0.1947770697E-02    0.9799995687E+12    0.4111632481E-02
    0.6370000000E+00    0.6875732635E-21    0.4747700104E-22    0.1095065557E-06    0.7439829398E+33    0.1016702522E-02    0.5115427779E+12    0.2299695637E-02
    0.6370000000E+00    0.7367480256E-21    0.5087252317E-22    0.1120572911E-06    0.3478825097E+33    0.5094053694E-03    0.2563017521E+12    0.1234638964E-02
    0.6370000000E+00    0.7894397325E-21    0.5451089068E-22    0.1146674407E-06    0.1563399269E+33    0.2453018528E-03    0.1234209501E+12    0.6370555285E-03
    0.6370000000E+00    0.8458999137E-21    0.5840947171E-22    0.1173383885E-06    0.6762121447E+32    0.1136878073E-03    0.5720077949E+11    0.3163663987E-03
    0.6370000000E+00    0.9063980879E-21    0.6258687655E-22    0.1200715507E-06    0.2818810502E+32    0.5078048037E-04    0.2554964449E+11    0.1514165216E-03
    0.6370000000E+00    0.9712230494E-21    0.6706304648E-22    0.1228683764E-06    0.1133841112E+32    0.2188684308E-04    0.1101212623E+11    0.6992936500E-04
    0.6370000000E+00    0.1040684247E-20    0.7185934897E-22    0.1257303485E-06    0.4405823581E+31    0.9112929845E-05    0.4585071196E+10    0.3119855556E-04
    0.6370000000E+00    0.1115113261E-20    0.7699867968E-22    0.1286589846E-06    0.1655679278E+31    0.3669502071E-05    0.1846269919E+10    0.1346119444E-04
    0.6370000000E+00    0.1194865387E-20    0.8250557175E-22    0.1316558373E-06    0.6024625598E+30    0.1430740881E-05    0.7198616598E+09    0.5623898152E-05
    0.6370000000E+00    0.1280321329E-20    0.8840631292E-22    0.1347224957E-06    0.2125471807E+30    0.5408617545E-06    0.2721286890E+09    0.2278047278E-05
    0.6370000000E+00    0.1371889021E-20    0.9472907100E-22    0.1378605858E-06    0.7278564326E+29    0.1984616732E-06    0.9985382491E+08    0.8956804787E-06
    0.6370000000E+00    0.1470005571E-20    0.1015040283E-21    0.1410717713E-06    0.2420784582E+29    0.7072729826E-07    0.3558566822E+08    0.3420294713E-06
    0.6370000000E+00    0.1575139348E-20    0.1087635259E-21    0.1443577550E-06    0.7819972866E+28    0.2448139550E-07    0.1231754696E+08    0.1268564724E-06
    0.6370000000E+00    0.1687792220E-20    0.1165422177E-21    0.1477202791E-06    0.2454535166E+28    0.8233797510E-08    0.4142745356E+07    0.4571688622E-07
    0.6370000000E+00    0.1808501947E-20    0.1248772362E-21    0.1511611264E-06    0.7501044898E+27    0.2696203629E-08    0.1356565430E+07    0.1604091544E-07
    0.6370000000E+00    0.1937844750E-20    0.1338083694E-21    0.1546821213E-06    0.2239117736E+27    0.8623982250E-09    0.4339062549E+06    0.5497741483E-08
    0.6370000000E+00    0.2076438060E-20    0.1433782510E-21    0.1582851308E-06    0.6538193718E+26    0.2698290522E-09    0.1357615428E+06    0.1843169046E-08
    0.6370000000E+00    0.2224943467E-20    0.1536325639E-21    0.1619720651E-06    0.1861665256E+26    0.8232514752E-10    0.4142099950E+05    0.6025720428E-09
    0.6370000000E+00    0.2384069878E-20    0.1646202581E-21    0.1657448792E-06    0.5144468031E+25    0.2437650266E-10    0.1226477127E+05    0.1911823771E-09
    0.6370000000E+00    0.2554576900E-20    0.1763937846E-21    0.1696055734E-06    0.1382066067E+25    0.7017133324E-11    0.3530594049E+04    0.5897068718E-10
    0.6370000000E+00    0.2737278465E-20    0.1890093455E-21    0.1735561947E-06    0.3650407995E+24    0.1985968386E-11    0.9992183191E+03    0.1788334650E-10
    0.6370000000E+00    0.2933046719E-20    0.2025271626E-21    0.1775988378E-06    0.9561978553E+23    0.5574150485E-12    0.2804572982E+03    0.5378425405E-11
    0.6370000000E+00    0.3142816182E-20    0.2170117645E-21    0.1817356462E-06    0.2459265854E+23    0.1536159828E-12    0.7729020522E+02    0.1588228058E-11
    0.6370000000E+00    0.3367588212E-20    0.2325322952E-21    0.1859688132E-06    0.6124543588E+22    0.4099252345E-13    0.2062494079E+02    0.4541309638E-12
    0.6370000000E+00    0.3608435782E-20    0.2491628434E-21    0.1903005833E-06    0.1265362429E+22    0.9074983817E-14    0.4565979066E+01    0.1077264429E-12
    0.6370000000E+00    0.3866508602E-20    0.2669827968E-21    0.1947332533E-06    0.4977541442E+21    0.3825126555E-14    0.1924570680E+01    0.4865441654E-13
