    0.6840000000E+00    0.4143038610E-23    0.2860772210E-24    0.1992691735E-07   -0.4912510742E-06   -0.4045148197E-44   -0.2035272168E-29   -0.2688510238E-46
    0.6840000000E+00    0.4439345853E-23    0.3065372650E-24    0.2039107488E-07    0.1920584418E-06    0.1694588774E-44    0.8526138472E-30    0.1206817454E-46
    0.6840000000E+00    0.4756844785E-23    0.3284605973E-24    0.2086604403E-07    0.1450854902E-05    0.1371686630E-43    0.6901491576E-29    0.1046723954E-45
    0.6840000000E+00    0.5097051019E-23    0.3519518710E-24    0.2135207663E-07    0.1487331139E-05    0.1506740960E-43    0.7581002697E-29    0.1232014593E-45
    0.6840000000E+00    0.5461588566E-23    0.3771232243E-24    0.2184943039E-07   -0.9164921011E-06   -0.9948546866E-44   -0.5005502780E-29   -0.8716395099E-46
    0.6840000000E+00    0.5852197586E-23    0.4040948153E-24    0.2235836900E-07   -0.7648959792E-05   -0.8896789228E-43   -0.4476322403E-28   -0.8352386054E-45
    0.6840000000E+00    0.6270742692E-23    0.4329953957E-24    0.2287916232E-07   -0.6610462204E-05   -0.8238777047E-43   -0.4145250756E-28   -0.8287814233E-45
    0.6840000000E+00    0.6719221852E-23    0.4639629256E-24    0.2341208647E-07    0.1590150111E-04    0.2123582060E-42    0.1068457137E-27    0.2289002703E-44
    0.6840000000E+00    0.7199775931E-23    0.4971452317E-24    0.2395742402E-07    0.3215491047E-04    0.4601275408E-42    0.2315081505E-27    0.5314415257E-44
    0.6840000000E+00    0.7714698903E-23    0.5327007132E-24    0.2451546411E-07   -0.1160630399E-04   -0.1779610114E-42   -0.8953914068E-28   -0.2202430045E-44
    0.6840000000E+00    0.8266448809E-23    0.5707990981E-24    0.2508650263E-07   -0.1031522613E-03   -0.1694765744E-41   -0.8527028878E-27   -0.2247433937E-43
    0.6840000000E+00    0.8857659485E-23    0.6116222531E-24    0.2567084234E-07   -0.1762368106E-04   -0.3102612577E-42   -0.1561045657E-27   -0.4408641721E-44
    0.6840000000E+00    0.9491153137E-23    0.6553650517E-24    0.2626879307E-07    0.2587234644E-03    0.4880527249E-41    0.2455584021E-26    0.7430944190E-43
    0.6840000000E+00    0.1016995382E-22    0.7022363048E-24    0.2688067187E-07    0.4882296888E-04    0.9868590060E-42    0.4965273386E-27    0.1610024061E-43
    0.6840000000E+00    0.1089730185E-22    0.7524597575E-24    0.2750680315E-07   -0.5343729638E-03   -0.1157378475E-40   -0.5823223486E-26   -0.2023264487E-42
    0.6840000000E+00    0.1167666930E-22    0.8062751566E-24    0.2814751890E-07    0.6807627038E-04    0.1579889375E-41    0.7949040967E-27    0.2959401817E-43
    0.6840000000E+00    0.1251177658E-22    0.8639393956E-24    0.2880315884E-07    0.8295857326E-03    0.2062966607E-40    0.1037959134E-25    0.4140658903E-42
    0.6840000000E+00    0.1340661015E-22    0.9257277409E-24    0.2947407060E-07   -0.4677636061E-03   -0.1246399749E-40   -0.6271124308E-26   -0.2680616031E-42
    0.6840000000E+00    0.1436544159E-22    0.9919351458E-24    0.3016060990E-07   -0.7575110949E-03   -0.2162817735E-40   -0.1088198139E-25   -0.4984219726E-42
    0.6840000000E+00    0.1539284799E-22    0.1062877658E-23    0.3086314075E-07    0.3864783621E-04    0.1182377367E-41    0.5949002680E-27    0.2919667298E-43
    0.6840000000E+00    0.1649373379E-22    0.1138893930E-23    0.3158203565E-07    0.8451590216E-03    0.2770571456E-40    0.1393982791E-25    0.7330719687E-42
    0.6840000000E+00    0.1767335417E-22    0.1220346833E-23    0.3231767576E-07    0.4560517662E-02    0.1601935648E-39    0.8059964383E-25    0.4541740574E-41
    0.6840000000E+00    0.1893734018E-22    0.1307625190E-23    0.3307045113E-07   -0.2769490588E-03   -0.1042391395E-40   -0.5244678540E-26   -0.3166708408E-42
    0.6840000000E+00    0.2029172559E-22    0.1401145635E-23    0.3384076090E-07   -0.5250543621E-01   -0.2117557416E-38   -0.1065425904E-23   -0.6893066248E-40
    0.6840000000E+00    0.2174297571E-22    0.1501354598E-23    0.3462901348E-07   -0.3962701556E-02   -0.1712467308E-39   -0.8616092367E-25   -0.5973096718E-41
    0.6840000000E+00    0.2329801823E-22    0.1608730435E-23    0.3543562682E-07    0.1138665305E+01    0.5272626548E-37    0.2652864504E-22    0.1970626278E-38
    0.6840000000E+00    0.2496427630E-22    0.1723785718E-23    0.3626102861E-07    0.1712742283E+01    0.8498121643E-37    0.4275737159E-22    0.3403299743E-38
    0.6840000000E+00    0.2674970400E-22    0.1847069675E-23    0.3710565646E-07   -0.3820137390E+01   -0.2030999920E-36   -0.1021875444E-21   -0.8715396785E-38
    0.6840000000E+00    0.2866282424E-22    0.1979170815E-23    0.3796995823E-07   -0.3103926456E+02   -0.1768244625E-35   -0.8896729849E-21   -0.8130543996E-37
    0.6840000000E+00    0.3071276952E-22    0.2120719737E-23    0.3885439218E-07   -0.5143910912E+02   -0.3139961784E-35   -0.1579837503E-20   -0.1547040275E-36
    0.6840000000E+00    0.3290932546E-22    0.2272392139E-23    0.3975942724E-07   -0.1340753240E+03   -0.8769599882E-35   -0.4412328472E-20   -0.4629744629E-36
    0.6840000000E+00    0.3526297755E-22    0.2434912046E-23    0.4068554327E-07   -0.4969069421E+04   -0.3482619185E-33   -0.1752241835E-18   -0.1970077204E-34
    0.6840000000E+00    0.3778496121E-22    0.2609055264E-23    0.4163323131E-07   -0.3545279055E+06   -0.2662449315E-31   -0.1339582316E-16   -0.1613833055E-32
    0.6840000000E+00    0.4048731538E-22    0.2795653084E-23    0.4260299385E-07   -0.1222614895E+07   -0.9838312347E-31   -0.4950039485E-16   -0.6389955947E-32
    0.6840000000E+00    0.4338294005E-22    0.2995596250E-23    0.4359534505E-07    0.8295230952E+07    0.7152525352E-30    0.3598715071E-15    0.4977791062E-31
    0.6840000000E+00    0.4648565778E-22    0.3209839213E-23    0.4461081109E-07    0.5402839617E+09    0.4991751989E-28    0.2511545535E-13    0.3722461865E-29
    0.6840000000E+00    0.4981027973E-22    0.3439404683E-23    0.4564993037E-07    0.1380622155E+10    0.1366802493E-27    0.6876917574E-13    0.1092151835E-28
    0.6840000000E+00    0.5337267633E-22    0.3685388516E-23    0.4671325384E-07   -0.8570305253E+10   -0.9091325654E-27   -0.4574201283E-12   -0.7784029484E-28
    0.6840000000E+00    0.5718985306E-22    0.3948964943E-23    0.4780134531E-07   -0.4181282122E+12   -0.4752699932E-25   -0.2391269101E-10   -0.4360312873E-26
    0.6840000000E+00    0.6128003161E-22    0.4231392172E-23    0.4891478167E-07   -0.1389836505E+14   -0.1692757078E-23   -0.8516922496E-09   -0.1664071168E-24
    0.6840000000E+00    0.6566273690E-22    0.4534018400E-23    0.5005415331E-07   -0.4116537882E+15   -0.5372334434E-22   -0.2703031439E-07   -0.5659007869E-23
    0.6840000000E+00    0.7035889022E-22    0.4858288246E-23    0.5122006431E-07   -0.2467829208E+16   -0.3451008459E-21   -0.1736337243E-06   -0.3895141881E-22
    0.6840000000E+00    0.7539090917E-22    0.5205749646E-23    0.5241313287E-07    0.2086517865E+15    0.3126461114E-22    0.1573044788E-07    0.3781205571E-23
    0.6840000000E+00    0.8078281461E-22    0.5578061244E-23    0.5363399157E-07    0.9048040683E+17    0.1452731885E-19    0.7309261931E-05    0.1882620252E-20
    0.6840000000E+00    0.8656034539E-22    0.5977000309E-23    0.5488328773E-07    0.1915359922E+19    0.3295196515E-18    0.1657942164E-03    0.4575710900E-19
    0.6840000000E+00    0.9275108115E-22    0.6404471218E-23    0.5616168372E-07    0.3418566234E+20    0.6301949557E-17    0.3170757142E-02    0.9376746614E-18
    0.6840000000E+00    0.9938457404E-22    0.6862514550E-23    0.5746985739E-07    0.1960043841E+21    0.3871655522E-16    0.1947981222E-01    0.6172682897E-17
    0.6840000000E+00    0.1064924897E-21    0.7353316823E-23    0.5880850233E-07    0.1296224391E+21    0.2743538842E-16    0.1380381626E-01    0.4686928959E-17
    0.6840000000E+00    0.1141087586E-21    0.7879220933E-23    0.6017832832E-07   -0.2050757053E+22   -0.4650987131E-15   -0.2340093416E+00   -0.8513779449E-16
    0.6840000000E+00    0.1222697377E-21    0.8442737340E-23    0.6158006166E-07   -0.3097149484E+23   -0.7526500435E-14   -0.3786876552E+01   -0.1476285481E-14
    0.6840000000E+00    0.1310143844E-21    0.9046556049E-23    0.6301444556E-07   -0.3523461116E+24   -0.9174880301E-13   -0.4616240892E+02   -0.1928313602E-13
    0.6840000000E+00    0.1403844422E-21    0.9693559452E-23    0.6448224056E-07   -0.3573344727E+25   -0.9970245205E-12   -0.5016420063E+03   -0.2245345086E-12
    0.6840000000E+00    0.1504246400E-21    0.1038683609E-22    0.6598422489E-07   -0.3310140117E+26   -0.9896401390E-11   -0.4979266353E+04   -0.2388111276E-11
    0.6840000000E+00    0.1611829057E-21    0.1112969539E-22    0.6752119493E-07   -0.1142140298E+27   -0.3658898643E-10   -0.1840934920E+05   -0.9460795099E-11
    0.6840000000E+00    0.1727105951E-21    0.1192568347E-22    0.6909396560E-07   -0.1048210386E+27   -0.3598150977E-10   -0.1810370395E+05   -0.9969115780E-11
    0.6840000000E+00    0.1850627369E-21    0.1277860007E-22    0.7070337081E-07    0.2138676174E+27    0.7866398712E-10    0.3957892661E+05    0.2335356641E-10
    0.6840000000E+00    0.1982982953E-21    0.1369251667E-22    0.7235026388E-07    0.2837699784E+28    0.1118400548E-08    0.5627110296E+06    0.3557743458E-09
    0.6840000000E+00    0.2124804516E-21    0.1467179595E-22    0.7403551802E-07    0.1990228357E+29    0.8404924832E-08    0.4228846200E+07    0.2864910713E-08
    0.6840000000E+00    0.2276769058E-21    0.1572111260E-22    0.7576002677E-07    0.1190352515E+30    0.5386498183E-07    0.2710157774E+08    0.1967359720E-07
    0.6840000000E+00    0.2439602000E-21    0.1684547565E-22    0.7752470448E-07    0.6491572653E+30    0.3147609489E-06    0.1583685362E+09    0.1231850782E-06
    0.6840000000E+00    0.2614080640E-21    0.1805025236E-22    0.7933048683E-07    0.3283716978E+31    0.1706069199E-05    0.8583900980E+09    0.7154411240E-06
    0.6840000000E+00    0.2801037871E-21    0.1934119387E-22    0.8117833125E-07    0.1549473149E+32    0.8626109734E-05    0.4340132970E+10    0.3876075575E-05
    0.6840000000E+00    0.3001366153E-21    0.2072446262E-22    0.8306921749E-07    0.6835900884E+32    0.4077807131E-04    0.2051704154E+11    0.1963378083E-04
    0.6840000000E+00    0.3216021775E-21    0.2220666179E-22    0.8500414813E-07    0.2823411524E+33    0.1804700368E-03    0.9080152942E+11    0.9310700666E-04
    0.6840000000E+00    0.3446029418E-21    0.2379486681E-22    0.8698414910E-07    0.1093309571E+34    0.7488142044E-03    0.3767576946E+12    0.4139532834E-03
    0.6840000000E+00    0.3692487048E-21    0.2549665916E-22    0.8901027021E-07    0.3977511940E+34    0.2919055928E-02    0.1468691132E+13    0.1729098259E-02
    0.6840000000E+00    0.3956571157E-21    0.2732016250E-22    0.9108358575E-07    0.1337110015E+35    0.1051472856E-01    0.5290370919E+13    0.6673832819E-02
    0.6840000000E+00    0.4239542377E-21    0.2927408154E-22    0.9320519501E-07    0.3270465765E+35    0.2755754537E-01    0.1386527820E+14    0.1874208007E-01
    0.6840000000E+00    0.4542751502E-21    0.3136774352E-22    0.9537622289E-07    0.5901481067E+35    0.5328340157E-01    0.2680896198E+14    0.3883016176E-01
    0.6840000000E+00    0.4867645933E-21    0.3361114274E-22    0.9759782052E-07    0.8592750549E+35    0.8313102361E-01    0.4182646727E+14    0.6491430112E-01
    0.6840000000E+00    0.5215776589E-21    0.3601498832E-22    0.9987116580E-07    0.1046747327E+36    0.1085107548E+00    0.5459600201E+14    0.9079251406E-01
    0.6840000000E+00    0.5588805307E-21    0.3859075526E-22    0.1021974641E-06    0.1089815684E+36    0.1210553472E+00    0.6090767679E+14    0.1085328570E+00
    0.6840000000E+00    0.5988512779E-21    0.4135073927E-22    0.1045779488E-06    0.1080160496E+36    0.1285639520E+00    0.6468554932E+14    0.1235083931E+00
    0.6840000000E+00    0.6416807053E-21    0.4430811541E-22    0.1070138822E-06    0.1016120707E+36    0.1295914131E+00    0.6520250517E+14    0.1333992793E+00
    0.6840000000E+00    0.6875732635E-21    0.4747700104E-22    0.1095065557E-06    0.8241620282E+35    0.1126272617E+00    0.5666717754E+14    0.1242283688E+00
    0.6840000000E+00    0.7367480256E-21    0.5087252317E-22    0.1120572911E-06    0.5822630156E+35    0.8526094251E-01    0.4289811271E+14    0.1007691017E+00
    0.6840000000E+00    0.7894397325E-21    0.5451089068E-22    0.1146674407E-06    0.3699514246E+35    0.5804644513E-01    0.2920543537E+14    0.7351109392E-01
    0.6840000000E+00    0.8458999137E-21    0.5840947171E-22    0.1173383885E-06    0.2156659949E+35    0.3625873072E-01    0.1824318465E+14    0.4920280416E-01
    0.6840000000E+00    0.9063980879E-21    0.6258687655E-22    0.1200715507E-06    0.1164036285E+35    0.2096995229E-01    0.1055080263E+14    0.3049121287E-01
    0.6840000000E+00    0.9712230494E-21    0.6706304648E-22    0.1228683764E-06    0.5810331454E+34    0.1121584068E-01    0.5643127833E+13    0.1747467427E-01
    0.6840000000E+00    0.1040684247E-20    0.7185934897E-22    0.1257303485E-06    0.2662684911E+34    0.5507451750E-02    0.2771014242E+13    0.9194496646E-02
    0.6840000000E+00    0.1115113261E-20    0.7699867968E-22    0.1286589846E-06    0.1111325292E+34    0.2463043728E-02    0.1239253571E+13    0.4406049580E-02
    0.6840000000E+00    0.1194865387E-20    0.8250557175E-22    0.1316558373E-06    0.4205640590E+33    0.9987644587E-03    0.5025174372E+12    0.1914433729E-02
    0.6840000000E+00    0.1280321329E-20    0.8840631292E-22    0.1347224957E-06    0.1444632773E+33    0.3676109059E-03    0.1849594153E+12    0.7550324977E-03
    0.6840000000E+00    0.1371889021E-20    0.9472907100E-22    0.1378605858E-06    0.4529702199E+32    0.1235095600E-03    0.6214248718E+11    0.2718177619E-03
    0.6840000000E+00    0.1470005571E-20    0.1015040283E-21    0.1410717713E-06    0.1304034759E+32    0.3809957152E-04    0.1916938361E+11    0.8984571086E-04
    0.6840000000E+00    0.1575139348E-20    0.1087635259E-21    0.1443577550E-06    0.3444002812E+31    0.1078187820E-04    0.5424784345E+10    0.2724405064E-04
    0.6840000000E+00    0.1687792220E-20    0.1165422177E-21    0.1477202791E-06    0.8258732535E+30    0.2770411781E-05    0.1393902452E+10    0.7501041754E-05
    0.6840000000E+00    0.1808501947E-20    0.1248772362E-21    0.1511611264E-06    0.1699888872E+30    0.6110144130E-06    0.3074252335E+09    0.1772673337E-05
    0.6840000000E+00    0.1937844750E-20    0.1338083694E-21    0.1546821213E-06    0.3709824360E+29    0.1428842214E-06    0.7189063659E+08    0.4441825880E-06
    0.6840000000E+00    0.2076438060E-20    0.1433782510E-21    0.1582851308E-06    0.8464913054E+28    0.3493441102E-07    0.1757686764E+08    0.1163672264E-06
    0.6840000000E+00    0.2224943467E-20    0.1536325639E-21    0.1619720651E-06    0.1952501657E+28    0.8634204586E-08    0.4344205806E+07    0.3081765526E-07
    0.6840000000E+00    0.2384069878E-20    0.1646202581E-21    0.1657448792E-06    0.4127611256E+27    0.1955823734E-08    0.9840513665E+06    0.7480092521E-08
    0.6840000000E+00    0.2554576900E-20    0.1763937846E-21    0.1696055734E-06    0.9177260450E+26    0.4659550050E-09    0.2344401755E+06    0.1909506929E-08
    0.6840000000E+00    0.2737278465E-20    0.1890093455E-21    0.1735561947E-06    0.2226786058E+26    0.1211460943E-09    0.6095333522E+05    0.5319694289E-09
    0.6840000000E+00    0.2933046719E-20    0.2025271626E-21    0.1775988378E-06    0.5271456626E+25    0.3072992932E-10    0.1546142856E+05    0.1445901869E-09
    0.6840000000E+00    0.3142816182E-20    0.2170117645E-21    0.1817356462E-06    0.9748272865E+24    0.6089177038E-11    0.3063702971E+04    0.3069982209E-10
    0.6840000000E+00    0.3367588212E-20    0.2325322952E-21    0.1859688132E-06    0.2424392633E+24    0.1622683722E-11    0.8164356052E+03    0.8766195203E-11
    0.6840000000E+00    0.3608435782E-20    0.2491628434E-21    0.1903005833E-06    0.4756370025E+23    0.3411195086E-12    0.1716305579E+03    0.1974621289E-11
    0.6840000000E+00    0.3866508602E-20    0.2669827968E-21    0.1947332533E-06    0.1827203067E+23    0.1404163693E-12    0.7064896374E+02    0.8709535567E-12
