    0.6390000000E+00    0.4143038610E-23    0.2860772210E-24    0.1992691735E-07   -0.2008569342E+08   -0.1653932394E-30   -0.8321580335E-16   -0.2128644697E-32
    0.6390000000E+00    0.4439345853E-23    0.3065372650E-24    0.2039107488E-07   -0.1417792359E+08   -0.1250960381E-30   -0.6294070632E-16   -0.1725158409E-32
    0.6390000000E+00    0.4756844785E-23    0.3284605973E-24    0.2086604403E-07    0.3959089247E+08    0.3743055062E-30    0.1883277304E-15    0.5531101645E-32
    0.6390000000E+00    0.5097051019E-23    0.3519518710E-24    0.2135207663E-07    0.9138100504E+08    0.9257353633E-30    0.4657736449E-15    0.1465791767E-31
    0.6390000000E+00    0.5461588566E-23    0.3771232243E-24    0.2184943039E-07    0.6197931890E+08    0.6727872047E-30    0.3385055395E-15    0.1141466439E-31
    0.6390000000E+00    0.5852197586E-23    0.4040948153E-24    0.2235836900E-07   -0.2324622664E+09   -0.2703854960E-29   -0.1360415114E-14   -0.4915512619E-31
    0.6390000000E+00    0.6270742692E-23    0.4329953957E-24    0.2287916232E-07   -0.4345201362E+09   -0.5415528315E-29   -0.2724763969E-14   -0.1054936344E-30
    0.6390000000E+00    0.6719221852E-23    0.4639629256E-24    0.2341208647E-07   -0.8691024316E+07   -0.1160651639E-30   -0.5839692050E-16   -0.2422631237E-32
    0.6390000000E+00    0.7199775931E-23    0.4971452317E-24    0.2395742402E-07    0.1562859105E+10    0.2236406527E-28    0.1125223537E-13    0.5001913475E-30
    0.6390000000E+00    0.7714698903E-23    0.5327007132E-24    0.2451546411E-07    0.1157093107E+10    0.1774186337E-28    0.8926624926E-14    0.4251915786E-30
    0.6390000000E+00    0.8266448809E-23    0.5707990981E-24    0.2508650263E-07   -0.3902707226E+10   -0.6412049944E-28   -0.3226152950E-13   -0.1646578045E-29
    0.6390000000E+00    0.8857659485E-23    0.6116222531E-24    0.2567084234E-07   -0.4076160948E+10   -0.7175996989E-28   -0.3610524569E-13   -0.1974547891E-29
    0.6390000000E+00    0.9491153137E-23    0.6553650517E-24    0.2626879307E-07    0.8524140196E+10    0.1607983203E-27    0.8090391996E-13    0.4740966991E-29
    0.6390000000E+00    0.1016995382E-22    0.7022363048E-24    0.2688067187E-07    0.9576640761E+10    0.1935727056E-27    0.9739399424E-13    0.6115465833E-29
    0.6390000000E+00    0.1089730185E-22    0.7524597575E-24    0.2750680315E-07   -0.1803020327E+11   -0.3905094490E-27   -0.1964805673E-12   -0.1321955909E-28
    0.6390000000E+00    0.1167666930E-22    0.8062751566E-24    0.2814751890E-07   -0.1462833353E+11   -0.3394890554E-27   -0.1708102131E-12   -0.1231434174E-28
    0.6390000000E+00    0.1251177658E-22    0.8639393956E-24    0.2880315884E-07    0.3246126585E+11    0.8072282930E-27    0.4061481058E-12    0.3137486018E-28
    0.6390000000E+00    0.1340661015E-22    0.9257277409E-24    0.2947407060E-07   -0.1108683266E+10   -0.2954189949E-28   -0.1486368432E-13   -0.1230336307E-29
    0.6390000000E+00    0.1436544159E-22    0.9919351458E-24    0.3016060990E-07   -0.1593710685E+11   -0.4550303957E-27   -0.2289435775E-12   -0.2030606780E-28
    0.6390000000E+00    0.1539284799E-22    0.1062877658E-23    0.3086314075E-07   -0.7236266409E+08   -0.2213836132E-29   -0.1113867489E-14   -0.1058597576E-30
    0.6390000000E+00    0.1649373379E-22    0.1138893930E-23    0.3158203565E-07   -0.2094399966E+12   -0.6865790478E-26   -0.3454447548E-11   -0.3517839085E-27
    0.6390000000E+00    0.1767335417E-22    0.1220346833E-23    0.3231767576E-07   -0.1724341946E+12   -0.6056954579E-26   -0.3047490593E-11   -0.3325368210E-27
    0.6390000000E+00    0.1893734018E-22    0.1307625190E-23    0.3307045113E-07    0.1744817672E+13    0.6567211075E-25    0.3304220580E-10    0.3863370852E-26
    0.6390000000E+00    0.2029172559E-22    0.1401145635E-23    0.3384076090E-07    0.8823111278E+12    0.3558382916E-25    0.1790361529E-10    0.2243045609E-26
    0.6390000000E+00    0.2174297571E-22    0.1501354598E-23    0.3462901348E-07   -0.1294780559E+14   -0.5595347890E-24   -0.2815238225E-09   -0.3779310010E-25
    0.6390000000E+00    0.2329801823E-22    0.1608730435E-23    0.3543562682E-07    0.1180565453E+13    0.5466646539E-25    0.2750483545E-10    0.3956456709E-26
    0.6390000000E+00    0.2496427630E-22    0.1723785718E-23    0.3626102861E-07    0.5202887369E+15    0.2581519134E-22    0.1298863179E-07    0.2001984784E-23
    0.6390000000E+00    0.2674970400E-22    0.1847069675E-23    0.3710565646E-07    0.8700212156E+15    0.4625522172E-22    0.2327280999E-07    0.3843670856E-23
    0.6390000000E+00    0.2866282424E-22    0.1979170815E-23    0.3796995823E-07   -0.5848275336E+16   -0.3331645119E-21   -0.1676280881E-06   -0.2966498675E-22
    0.6390000000E+00    0.3071276952E-22    0.2120719737E-23    0.3885439218E-07   -0.2012717438E+18   -0.1228609115E-19   -0.6181612678E-05   -0.1172193090E-20
    0.6390000000E+00    0.3290932546E-22    0.2272392139E-23    0.3975942724E-07   -0.4791024240E+19   -0.3133713526E-18   -0.1576693760E-03   -0.3203647438E-19
    0.6390000000E+00    0.3526297755E-22    0.2434912046E-23    0.4068554327E-07   -0.4499580501E+20   -0.3153573445E-17   -0.1586686062E-02   -0.3454525269E-18
    0.6390000000E+00    0.3778496121E-22    0.2609055264E-23    0.4163323131E-07   -0.3765415406E+20   -0.2827768284E-17   -0.1422760751E-02   -0.3319168062E-18
    0.6390000000E+00    0.4048731538E-22    0.2795653084E-23    0.4260299385E-07    0.5321420379E+21    0.4282116636E-16    0.2154500252E-01    0.5385721800E-17
    0.6390000000E+00    0.4338294005E-22    0.2995596250E-23    0.4359534505E-07    0.1014048019E+23    0.8743583162E-15    0.4399238443E+00    0.1178351527E-15
    0.6390000000E+00    0.4648565778E-22    0.3209839213E-23    0.4461081109E-07    0.1279290107E+24    0.1181952341E-13    0.5946864210E+01    0.1706810827E-14
    0.6390000000E+00    0.4981027973E-22    0.3439404683E-23    0.4564993037E-07    0.2518224714E+24    0.2493017951E-13    0.1254334774E+02    0.3857543476E-14
    0.6390000000E+00    0.5337267633E-22    0.3685388516E-23    0.4671325384E-07   -0.8402994777E+23   -0.8913843759E-14   -0.4484903204E+01   -0.1477918350E-14
    0.6390000000E+00    0.5718985306E-22    0.3948964943E-23    0.4780134531E-07   -0.5013185729E+25   -0.5698292241E-12   -0.2867033552E+03   -0.1012348730E-12
    0.6390000000E+00    0.6128003161E-22    0.4231392172E-23    0.4891478167E-07   -0.5394765927E+26   -0.6570577312E-11   -0.3305914265E+04   -0.1250803113E-11
    0.6390000000E+00    0.6566273690E-22    0.4534018400E-23    0.5005415331E-07   -0.4726250308E+27   -0.6168046548E-10   -0.3103385305E+05   -0.1258151867E-10
    0.6390000000E+00    0.7035889022E-22    0.4858288246E-23    0.5122006431E-07   -0.3013801438E+28   -0.4214495163E-09   -0.2120477245E+06   -0.9211513300E-10
    0.6390000000E+00    0.7539090917E-22    0.5205749646E-23    0.5241313287E-07   -0.5035388058E+28   -0.7545080357E-09   -0.3796224837E+06   -0.1767051851E-09
    0.6390000000E+00    0.8078281461E-22    0.5578061244E-23    0.5363399157E-07   -0.3068843208E+28   -0.4927261640E-09   -0.2479097919E+06   -0.1236491251E-09
    0.6390000000E+00    0.8656034539E-22    0.5977000309E-23    0.5488328773E-07    0.1742506673E+29    0.2997818766E-08    0.1508319795E+07    0.8061034830E-09
    0.6390000000E+00    0.9275108115E-22    0.6404471218E-23    0.5616168372E-07    0.1448364512E+30    0.2669984861E-07    0.1343373744E+08    0.7692973258E-08
    0.6390000000E+00    0.9938457404E-22    0.6862514550E-23    0.5746985739E-07    0.7976323780E+30    0.1575555473E-06    0.7927235413E+08    0.4864286233E-07
    0.6390000000E+00    0.1064924897E-21    0.7353316823E-23    0.5880850233E-07    0.3764433074E+31    0.7967654698E-06    0.4008838505E+09    0.2635821087E-06
    0.6390000000E+00    0.1141087586E-21    0.7879220933E-23    0.6017832832E-07    0.1601230068E+32    0.3631488396E-05    0.1827143753E+10    0.1287271294E-05
    0.6390000000E+00    0.1222697377E-21    0.8442737340E-23    0.6158006166E-07    0.6251129678E+32    0.1519110733E-04    0.7643239863E+10    0.5769987283E-05
    0.6390000000E+00    0.1310143844E-21    0.9046556049E-23    0.6301444556E-07    0.2266159875E+33    0.5900943678E-04    0.2968995410E+11    0.2401634387E-04
    0.6390000000E+00    0.1403844422E-21    0.9693559452E-23    0.6448224056E-07    0.7709783983E+33    0.2151162081E-03    0.1082333724E+12    0.9381203515E-04
    0.6390000000E+00    0.1504246400E-21    0.1038683609E-22    0.6598422489E-07    0.2484070174E+34    0.7426681243E-03    0.3736653615E+12    0.3470405380E-03
    0.6390000000E+00    0.1611829057E-21    0.1112969539E-22    0.6752119493E-07    0.7363769775E+34    0.2359017301E-02    0.1186913809E+13    0.1181181265E-02
    0.6390000000E+00    0.1727105951E-21    0.1192568347E-22    0.6909396560E-07    0.1730915633E+35    0.5941646698E-02    0.2989474691E+13    0.3187808674E-02
    0.6390000000E+00    0.1850627369E-21    0.1277860007E-22    0.7070337081E-07    0.3391586041E+35    0.1247480492E-01    0.6276561951E+13    0.7171651658E-02
    0.6390000000E+00    0.1982982953E-21    0.1369251667E-22    0.7235026388E-07    0.5832938135E+35    0.2298890545E-01    0.1156661688E+14    0.1416131939E-01
    0.6390000000E+00    0.2124804516E-21    0.1467179595E-22    0.7403551802E-07    0.8979080265E+35    0.3791951532E-01    0.1907879029E+14    0.2502927105E-01
    0.6390000000E+00    0.2276769058E-21    0.1572111260E-22    0.7576002677E-07    0.1243823170E+36    0.5628459771E-01    0.2831898107E+14    0.3980842453E-01
    0.6390000000E+00    0.2439602000E-21    0.1684547565E-22    0.7752470448E-07    0.1549697131E+36    0.7514113537E-01    0.3780644220E+14    0.5694599383E-01
    0.6390000000E+00    0.2614080640E-21    0.1805025236E-22    0.7933048683E-07    0.1732804326E+36    0.9002858981E-01    0.4529690242E+14    0.7310816297E-01
    0.6390000000E+00    0.2801037871E-21    0.1934119387E-22    0.8117833125E-07    0.1759826687E+36    0.9797174043E-01    0.4929341197E+14    0.8524840204E-01
    0.6390000000E+00    0.3001366153E-21    0.2072446262E-22    0.8306921749E-07    0.1746846011E+36    0.1042042774E+00    0.5242924494E+14    0.9715630068E-01
    0.6390000000E+00    0.3216021775E-21    0.2220666179E-22    0.8500414813E-07    0.1665657528E+36    0.1064673969E+00    0.5356790880E+14    0.1063658119E+00
    0.6390000000E+00    0.3446029418E-21    0.2379486681E-22    0.8698414910E-07    0.1428833125E+36    0.9786162748E-01    0.4923800983E+14    0.1047605712E+00
    0.6390000000E+00    0.3692487048E-21    0.2549665916E-22    0.8901027021E-07    0.1120751178E+36    0.8225079944E-01    0.4138359208E+14    0.9434644741E-01
    0.6390000000E+00    0.3956571157E-21    0.2732016250E-22    0.9108358575E-07    0.8250013295E+35    0.6487622515E-01    0.3264176464E+14    0.7973903878E-01
    0.6390000000E+00    0.4239542377E-21    0.2927408154E-22    0.9320519501E-07    0.5767709860E+35    0.4859978291E-01    0.2445245037E+14    0.6400586233E-01
    0.6390000000E+00    0.4542751502E-21    0.3136774352E-22    0.9537622289E-07    0.3836932798E+35    0.3464296992E-01    0.1743023223E+14    0.4888780524E-01
    0.6390000000E+00    0.4867645933E-21    0.3361114274E-22    0.9759782052E-07    0.2423602614E+35    0.2344727279E-01    0.1179723941E+14    0.3545502206E-01
    0.6390000000E+00    0.5215776589E-21    0.3601498832E-22    0.9987116580E-07    0.1451535183E+35    0.1504729693E-01    0.7570883227E+13    0.2438057336E-01
    0.6390000000E+00    0.5588805307E-21    0.3859075526E-22    0.1021974641E-06    0.8251082317E+34    0.9165197834E-02    0.4611369264E+13    0.1591209150E-01
    0.6390000000E+00    0.5988512779E-21    0.4135073927E-22    0.1045779488E-06    0.4463233691E+34    0.5312275020E-02    0.2672813200E+13    0.9882480690E-02
    0.6390000000E+00    0.6416807053E-21    0.4430811541E-22    0.1070138822E-06    0.2303899647E+34    0.2938288816E-02    0.1478367950E+13    0.5857063141E-02
    0.6390000000E+00    0.6875732635E-21    0.4747700104E-22    0.1095065557E-06    0.1137279630E+34    0.1554168793E-02    0.7819630667E+12    0.3319583584E-02
    0.6390000000E+00    0.7367480256E-21    0.5087252317E-22    0.1120572911E-06    0.5376141317E+33    0.7872299348E-03    0.3960861501E+12    0.1801718856E-02
    0.6390000000E+00    0.7894397325E-21    0.5451089068E-22    0.1146674407E-06    0.2436619097E+33    0.3823125614E-03    0.1923563928E+12    0.9375706236E-03
    0.6390000000E+00    0.8458999137E-21    0.5840947171E-22    0.1173383885E-06    0.1060225139E+33    0.1782497878E-03    0.8968443536E+11    0.4683973672E-03
    0.6390000000E+00    0.9063980879E-21    0.6258687655E-22    0.1200715507E-06    0.4435628406E+32    0.7990723072E-04    0.4020445106E+11    0.2249942937E-03
    0.6390000000E+00    0.9712230494E-21    0.6706304648E-22    0.1228683764E-06    0.1786902076E+32    0.3449305630E-04    0.1735480483E+11    0.1040679743E-03
    0.6390000000E+00    0.1040684247E-20    0.7185934897E-22    0.1257303485E-06    0.6940746108E+31    0.1435612008E-04    0.7223125138E+10    0.4641116883E-04
    0.6390000000E+00    0.1115113261E-20    0.7699867968E-22    0.1286589846E-06    0.2602502662E+31    0.5767958224E-05    0.2902085231E+10    0.1998055420E-04
    0.6390000000E+00    0.1194865387E-20    0.8250557175E-22    0.1316558373E-06    0.9431774778E+30    0.2239877904E-05    0.1126970122E+10    0.8313995198E-05
    0.6390000000E+00    0.1280321329E-20    0.8840631292E-22    0.1347224957E-06    0.3308397158E+30    0.8418768415E-06    0.4235811448E+09    0.3348374199E-05
    0.6390000000E+00    0.1371889021E-20    0.9472907100E-22    0.1378605858E-06    0.1124833404E+30    0.3067037802E-06    0.1543146597E+09    0.1307087173E-05
    0.6390000000E+00    0.1470005571E-20    0.1015040283E-21    0.1410717713E-06    0.3710841294E+29    0.1084184776E-06    0.5454957375E+08    0.4950952143E-06
    0.6390000000E+00    0.1575139348E-20    0.1087635259E-21    0.1443577550E-06    0.1188248188E+29    0.3719958413E-07    0.1871656477E+08    0.1820218435E-06
    0.6390000000E+00    0.1687792220E-20    0.1165422177E-21    0.1477202791E-06    0.3692792072E+28    0.1238756022E-07    0.6232665729E+07    0.6494881062E-07
    0.6390000000E+00    0.1808501947E-20    0.1248772362E-21    0.1511611264E-06    0.1114919275E+28    0.4007507535E-08    0.2016333680E+07    0.2251436857E-07
    0.6390000000E+00    0.1937844750E-20    0.1338083694E-21    0.1546821213E-06    0.3280947223E+27    0.1263659796E-08    0.6357966351E+06    0.7607038112E-08
    0.6390000000E+00    0.2076438060E-20    0.1433782510E-21    0.1582851308E-06    0.9447031802E+26    0.3898758200E-09    0.1961617639E+06    0.2514847908E-08
    0.6390000000E+00    0.2224943467E-20    0.1536325639E-21    0.1619720651E-06    0.2660502392E+26    0.1176507168E-09    0.5919467416E+05    0.8131674786E-09
    0.6390000000E+00    0.2384069878E-20    0.1646202581E-21    0.1657448792E-06    0.7281232898E+25    0.3450133075E-10    0.1735896803E+05    0.2555178652E-09
    0.6390000000E+00    0.2554576900E-20    0.1763937846E-21    0.1696055734E-06    0.1926868230E+25    0.9783245235E-11    0.4922333069E+04    0.7763693181E-10
    0.6390000000E+00    0.2737278465E-20    0.1890093455E-21    0.1735561947E-06    0.4970277807E+24    0.2704030511E-11    0.1360503440E+04    0.2299307264E-10
    0.6390000000E+00    0.2933046719E-20    0.2025271626E-21    0.1775988378E-06    0.1273254596E+24    0.7422431128E-12    0.3734515216E+03    0.6762878737E-11
    0.6390000000E+00    0.3142816182E-20    0.2170117645E-21    0.1817356462E-06    0.3251793205E+23    0.2031205403E-12    0.1021978831E+03    0.1983075581E-11
    0.6390000000E+00    0.3367588212E-20    0.2325322952E-21    0.1859688132E-06    0.8120552501E+22    0.5435212176E-13    0.2734667688E+02    0.5685935466E-12
    0.6390000000E+00    0.3608435782E-20    0.2491628434E-21    0.1903005833E-06    0.1615109219E+22    0.1158331375E-13    0.5828017896E+01    0.1298429110E-12
    0.6390000000E+00    0.3866508602E-20    0.2669827968E-21    0.1947332533E-06    0.6362015296E+21    0.4889062991E-14    0.2459878686E+01    0.5872338160E-13
