    0.6290000000E+00    0.4143038610E-23    0.2860772210E-24    0.1992691735E-07    0.1300664361E+14    0.1071016507E-24    0.5388702666E-10    0.1930006833E-26
    0.6290000000E+00    0.4439345853E-23    0.3065372650E-24    0.2039107488E-07    0.5604776401E+13    0.4945260973E-25    0.2488154088E-10    0.9548868168E-27
    0.6290000000E+00    0.4756844785E-23    0.3284605973E-24    0.2086604403E-07   -0.3100790211E+14   -0.2931590517E-24   -0.1474997774E-09   -0.6065491387E-26
    0.6290000000E+00    0.5097051019E-23    0.3519518710E-24    0.2135207663E-07   -0.5111394379E+14   -0.5178098588E-24   -0.2605303793E-09   -0.1147976498E-25
    0.6290000000E+00    0.5461588566E-23    0.3771232243E-24    0.2184943039E-07   -0.2295884689E+14   -0.2492189120E-24   -0.1253917757E-09   -0.5920299504E-26
    0.6290000000E+00    0.5852197586E-23    0.4040948153E-24    0.2235836900E-07    0.1713845438E+15    0.1993437284E-23    0.1002976214E-08    0.5074172870E-25
    0.6290000000E+00    0.6270742692E-23    0.4329953957E-24    0.2287916232E-07    0.2374874830E+15    0.2959863264E-23    0.1489222898E-08    0.8072988444E-25
    0.6290000000E+00    0.6719221852E-23    0.4639629256E-24    0.2341208647E-07   -0.1201266520E+15   -0.1604243532E-23   -0.8071576248E-09   -0.4688489839E-25
    0.6290000000E+00    0.7199775931E-23    0.4971452317E-24    0.2395742402E-07   -0.9437499088E+15   -0.1350479035E-22   -0.6794787878E-08   -0.4229125068E-24
    0.6290000000E+00    0.7714698903E-23    0.5327007132E-24    0.2451546411E-07   -0.4767769652E+15   -0.7310484974E-23   -0.3678190731E-08   -0.2453063955E-24
    0.6290000000E+00    0.8266448809E-23    0.5707990981E-24    0.2508650263E-07    0.2572931051E+16    0.4227261089E-22    0.2126900282E-07    0.1519923586E-23
    0.6290000000E+00    0.8857659485E-23    0.6116222531E-24    0.2567084234E-07    0.2076828863E+16    0.3656214230E-22    0.1839584287E-07    0.1408621513E-23
    0.6290000000E+00    0.9491153137E-23    0.6553650517E-24    0.2626879307E-07   -0.5857205093E+16   -0.1104895883E-21   -0.5559163049E-07   -0.4561251691E-23
    0.6290000000E+00    0.1016995382E-22    0.7022363048E-24    0.2688067187E-07   -0.4698808884E+16   -0.9497705632E-22   -0.4778666934E-07   -0.4201277685E-23
    0.6290000000E+00    0.1089730185E-22    0.7524597575E-24    0.2750680315E-07    0.1158427689E+17    0.2508995333E-21    0.1262373619E-06    0.1189220907E-22
    0.6290000000E+00    0.1167666930E-22    0.8062751566E-24    0.2814751890E-07    0.5416751253E+16    0.1257099971E-21    0.6324961308E-07    0.6384582432E-23
    0.6290000000E+00    0.1251177658E-22    0.8639393956E-24    0.2880315884E-07   -0.1523149426E+17   -0.3787681345E-21   -0.1905730531E-06   -0.2061275860E-22
    0.6290000000E+00    0.1340661015E-22    0.9257277409E-24    0.2947407060E-07   -0.1391312789E+17   -0.3707282671E-21   -0.1865278816E-06   -0.2161814290E-22
    0.6290000000E+00    0.1436544159E-22    0.9919351458E-24    0.3016060990E-07    0.1363413243E+16    0.3892767197E-22    0.1958603331E-07    0.2432322259E-23
    0.6290000000E+00    0.1539284799E-22    0.1062877658E-23    0.3086314075E-07    0.1079869451E+18    0.3303711989E-20    0.1662226632E-05    0.2211896807E-21
    0.6290000000E+00    0.1649373379E-22    0.1138893930E-23    0.3158203565E-07    0.9862702144E+17    0.3233157352E-20    0.1626727836E-05    0.2319474080E-21
    0.6290000000E+00    0.1767335417E-22    0.1220346833E-23    0.3231767576E-07   -0.4375876660E+18   -0.1537078317E-19   -0.7733641801E-05   -0.1181567885E-20
    0.6290000000E+00    0.1893734018E-22    0.1307625190E-23    0.3307045113E-07   -0.1758349492E+19   -0.6618142656E-19   -0.3329846249E-04   -0.5451283976E-20
    0.6290000000E+00    0.2029172559E-22    0.1401145635E-23    0.3384076090E-07   -0.6214730793E+19   -0.2506416522E-18   -0.1261076119E-03   -0.2212156902E-19
    0.6290000000E+00    0.2174297571E-22    0.1501354598E-23    0.3462901348E-07   -0.8313985564E+20   -0.3592859133E-17   -0.1807707862E-02   -0.3397839590E-18
    0.6290000000E+00    0.2329801823E-22    0.1608730435E-23    0.3543562682E-07   -0.1749210704E+22   -0.8099776775E-16   -0.4075314286E-01   -0.8207969470E-17
    0.6290000000E+00    0.2496427630E-22    0.1723785718E-23    0.3626102861E-07   -0.6170853513E+22   -0.3061795363E-15   -0.1540508921E+00   -0.3324595733E-16
    0.6290000000E+00    0.2674970400E-22    0.1847069675E-23    0.3710565646E-07    0.1113245772E+22    0.5918640725E-16    0.2977899487E-01    0.6886279729E-17
    0.6290000000E+00    0.2866282424E-22    0.1979170815E-23    0.3796995823E-07    0.1604737501E+24    0.9141867566E-14    0.4599630894E+01    0.1139718526E-14
    0.6290000000E+00    0.3071276952E-22    0.2120719737E-23    0.3885439218E-07    0.2356987997E+25    0.1438759800E-12    0.7238962911E+02    0.1921989351E-13
    0.6290000000E+00    0.3290932546E-22    0.2272392139E-23    0.3975942724E-07    0.7299446246E+25    0.4774422395E-12    0.2402198522E+03    0.6834134486E-13
    0.6290000000E+00    0.3526297755E-22    0.2434912046E-23    0.4068554327E-07    0.3575531532E+25    0.2505945007E-12    0.1260838881E+03    0.3843564898E-13
    0.6290000000E+00    0.3778496121E-22    0.2609055264E-23    0.4163323131E-07   -0.6295341692E+26   -0.4727703494E-11   -0.2378692416E+04   -0.7769854987E-12
    0.6290000000E+00    0.4048731538E-22    0.2795653084E-23    0.4260299385E-07   -0.7051399323E+27   -0.5674220828E-10   -0.2854922283E+05   -0.9992379408E-11
    0.6290000000E+00    0.4338294005E-22    0.2995596250E-23    0.4359534505E-07   -0.5858157922E+28   -0.5051170160E-09   -0.2541441139E+06   -0.9531355786E-10
    0.6290000000E+00    0.4648565778E-22    0.3209839213E-23    0.4461081109E-07   -0.2462357431E+29   -0.2275003234E-08   -0.1144643049E+07   -0.4599860919E-09
    0.6290000000E+00    0.4981027973E-22    0.3439404683E-23    0.4564993037E-07   -0.2830881555E+29   -0.2802545180E-08   -0.1410070021E+07   -0.6071769899E-09
    0.6290000000E+00    0.5337267633E-22    0.3685388516E-23    0.4671325384E-07   -0.4648562409E+28   -0.4931165627E-09   -0.2481062168E+06   -0.1144754270E-09
    0.6290000000E+00    0.5718985306E-22    0.3948964943E-23    0.4780134531E-07    0.1831170209E+30    0.2081419592E-07    0.1047243552E+08    0.5177526381E-08
    0.6290000000E+00    0.6128003161E-22    0.4231392172E-23    0.4891478167E-07    0.1199676785E+31    0.1461151266E-06    0.7351623129E+08    0.3894555174E-07
    0.6290000000E+00    0.6566273690E-22    0.4534018400E-23    0.5005415331E-07    0.5832549404E+31    0.7611834727E-06    0.3829811570E+09    0.2173962419E-06
    0.6290000000E+00    0.7035889022E-22    0.4858288246E-23    0.5122006431E-07    0.2451177538E+32    0.3427722791E-05    0.1724621313E+10    0.1048982817E-05
    0.6290000000E+00    0.7539090917E-22    0.5205749646E-23    0.5241313287E-07    0.9220805510E+32    0.1381655549E-04    0.6951649106E+10    0.4530670388E-05
    0.6290000000E+00    0.8078281461E-22    0.5578061244E-23    0.5363399157E-07    0.3143005749E+33    0.5046335252E-04    0.2539008508E+11    0.1773122666E-04
    0.6290000000E+00    0.8656034539E-22    0.5977000309E-23    0.5488328773E-07    0.9776187731E+33    0.1681901108E-03    0.8462301866E+11    0.6332324159E-04
    0.6290000000E+00    0.9275108115E-22    0.6404471218E-23    0.5616168372E-07    0.2723744149E+34    0.5021081078E-03    0.2526302146E+12    0.2025629049E-03
    0.6290000000E+00    0.9938457404E-22    0.6862514550E-23    0.5746985739E-07    0.6513391129E+34    0.1286583811E-02    0.6473306029E+12    0.5561612986E-03
    0.6290000000E+00    0.1064924897E-21    0.7353316823E-23    0.5880850233E-07    0.1385928559E+35    0.2933403244E-02    0.1475909828E+13    0.1358734022E-02
    0.6290000000E+00    0.1141087586E-21    0.7879220933E-23    0.6017832832E-07    0.2648791544E+35    0.6007291484E-02    0.3022503149E+13    0.2981545130E-02
    0.6290000000E+00    0.1222697377E-21    0.8442737340E-23    0.6158006166E-07    0.4577699126E+35    0.1112444027E-01    0.5597140715E+13    0.5916172807E-02
    0.6290000000E+00    0.1310143844E-21    0.9046556049E-23    0.6301444556E-07    0.7234390929E+35    0.1883791779E-01    0.9478092743E+13    0.1073484009E-01
    0.6290000000E+00    0.1403844422E-21    0.9693559452E-23    0.6448224056E-07    0.1056495096E+36    0.2947802679E-01    0.1483154747E+14    0.1799952695E-01
    0.6290000000E+00    0.1504246400E-21    0.1038683609E-22    0.6598422489E-07    0.1432950154E+36    0.4284123750E-01    0.2155510109E+14    0.2803010273E-01
    0.6290000000E+00    0.1611829057E-21    0.1112969539E-22    0.6752119493E-07    0.1803052229E+36    0.5776160218E-01    0.2906211974E+14    0.4049504755E-01
    0.6290000000E+00    0.1727105951E-21    0.1192568347E-22    0.6909396560E-07    0.2094822121E+36    0.7190814331E-01    0.3617979753E+14    0.5401828073E-01
    0.6290000000E+00    0.1850627369E-21    0.1277860007E-22    0.7070337081E-07    0.2234877550E+36    0.8220243018E-01    0.4135925561E+14    0.6616789812E-01
    0.6290000000E+00    0.1982982953E-21    0.1369251667E-22    0.7235026388E-07    0.2242043224E+36    0.8836390600E-01    0.4445933493E+14    0.7621449691E-01
    0.6290000000E+00    0.2124804516E-21    0.1467179595E-22    0.7403551802E-07    0.2219769160E+36    0.9374297612E-01    0.4716575535E+14    0.8663660381E-01
    0.6290000000E+00    0.2276769058E-21    0.1572111260E-22    0.7576002677E-07    0.2100611990E+36    0.9505539349E-01    0.4782608383E+14    0.9413246819E-01
    0.6290000000E+00    0.2439602000E-21    0.1684547565E-22    0.7752470448E-07    0.1816572078E+36    0.8808126805E-01    0.4431712873E+14    0.9346440391E-01
    0.6290000000E+00    0.2614080640E-21    0.1805025236E-22    0.7933048683E-07    0.1472020406E+36    0.7647944972E-01    0.3847980045E+14    0.8695757834E-01
    0.6290000000E+00    0.2801037871E-21    0.1934119387E-22    0.8117833125E-07    0.1138038453E+36    0.6335601611E-01    0.3187688806E+14    0.7718813412E-01
    0.6290000000E+00    0.3001366153E-21    0.2072446262E-22    0.8306921749E-07    0.8442362587E+35    0.5036106717E-01    0.2533862132E+14    0.6574422445E-01
    0.6290000000E+00    0.3216021775E-21    0.2220666179E-22    0.8500414813E-07    0.6003815290E+35    0.3837587107E-01    0.1930840071E+14    0.5368104093E-01
    0.6290000000E+00    0.3446029418E-21    0.2379486681E-22    0.8698414910E-07    0.4085964934E+35    0.2798501597E-01    0.1408035537E+14    0.4194577678E-01
    0.6290000000E+00    0.3692487048E-21    0.2549665916E-22    0.8901027021E-07    0.2661176697E+35    0.1953010759E-01    0.9826360486E+13    0.3136659077E-01
    0.6290000000E+00    0.3956571157E-21    0.2732016250E-22    0.9108358575E-07    0.1661315926E+35    0.1306420999E-01    0.6573114676E+13    0.2248256380E-01
    0.6290000000E+00    0.4239542377E-21    0.2927408154E-22    0.9320519501E-07    0.9961141034E+34    0.8393440439E-02    0.4223067954E+13    0.1547756709E-01
    0.6290000000E+00    0.4542751502E-21    0.3136774352E-22    0.9537622289E-07    0.5746124922E+34    0.5188071913E-02    0.2610321762E+13    0.1025105750E-01
    0.6290000000E+00    0.4867645933E-21    0.3361114274E-22    0.9759782052E-07    0.3192881433E+34    0.3088970177E-02    0.1554181633E+13    0.6539979659E-02
    0.6290000000E+00    0.5215776589E-21    0.3601498832E-22    0.9987116580E-07    0.1710696788E+34    0.1773388810E-02    0.8922612256E+12    0.4023153898E-02
    0.6290000000E+00    0.5588805307E-21    0.3859075526E-22    0.1021974641E-06    0.8846819390E+33    0.9826935036E-03    0.4944315115E+12    0.2388805373E-02
    0.6290000000E+00    0.5988512779E-21    0.4135073927E-22    0.1045779488E-06    0.4420594858E+33    0.5261524998E-03    0.2647278880E+12    0.1370485107E-02
    0.6290000000E+00    0.6416807053E-21    0.4430811541E-22    0.1070138822E-06    0.2136454249E+33    0.2724736573E-03    0.1370921470E+12    0.7604789604E-03
    0.6290000000E+00    0.6875732635E-21    0.4747700104E-22    0.1095065557E-06    0.9996113568E+32    0.1366035877E-03    0.6873060428E+11    0.4085307842E-03
    0.6290000000E+00    0.7367480256E-21    0.5087252317E-22    0.1120572911E-06    0.4531791083E+32    0.6635914847E-04    0.3338788133E+11    0.2126490695E-03
    0.6290000000E+00    0.7894397325E-21    0.5451089068E-22    0.1146674407E-06    0.1992352151E+32    0.3126057968E-04    0.1572841950E+11    0.1073395349E-03
    0.6290000000E+00    0.8458999137E-21    0.5840947171E-22    0.1173383885E-06    0.8500757855E+31    0.1429185395E-04    0.7190790337E+10    0.5258371332E-04
    0.6290000000E+00    0.9063980879E-21    0.6258687655E-22    0.1200715507E-06    0.3522684975E+31    0.6346068140E-05    0.3192954926E+10    0.2501885402E-04
    0.6290000000E+00    0.9712230494E-21    0.6706304648E-22    0.1228683764E-06    0.1418931036E+31    0.2739001133E-05    0.1378098527E+10    0.1157057373E-04
    0.6290000000E+00    0.1040684247E-20    0.7185934897E-22    0.1257303485E-06    0.5560163699E+30    0.1150054713E-05    0.5786374773E+09    0.5205724544E-05
    0.6290000000E+00    0.1115113261E-20    0.7699867968E-22    0.1286589846E-06    0.2121177518E+30    0.4701191468E-06    0.2365353180E+09    0.2280187820E-05
    0.6290000000E+00    0.1194865387E-20    0.8250557175E-22    0.1316558373E-06    0.7881717696E+29    0.1871767056E-06    0.9417591666E+08    0.9727796605E-06
    0.6290000000E+00    0.1280321329E-20    0.8840631292E-22    0.1347224957E-06    0.2852972049E+29    0.7259863257E-07    0.3652720966E+08    0.4042882532E-06
    0.6290000000E+00    0.1371889021E-20    0.9472907100E-22    0.1378605858E-06    0.1006397754E+29    0.2744104101E-07    0.1380666030E+08    0.1637431969E-06
    0.6290000000E+00    0.1470005571E-20    0.1015040283E-21    0.1410717713E-06    0.3463218820E+28    0.1011837700E-07    0.5090950959E+07    0.6469542035E-07
    0.6290000000E+00    0.1575139348E-20    0.1087635259E-21    0.1443577550E-06    0.1164208279E+28    0.3644698494E-08    0.1833790270E+07    0.2497033044E-07
    0.6290000000E+00    0.1687792220E-20    0.1165422177E-21    0.1477202791E-06    0.3825842993E+27    0.1283388275E-08    0.6457228039E+06    0.9421515119E-08
    0.6290000000E+00    0.1808501947E-20    0.1248772362E-21    0.1511611264E-06    0.1228292534E+27    0.4415020618E-09    0.2221369440E+06    0.3472925110E-08
    0.6290000000E+00    0.1937844750E-20    0.1338083694E-21    0.1546821213E-06    0.3849078341E+26    0.1482476011E-09    0.7458916255E+05    0.1249540556E-08
    0.6290000000E+00    0.2076438060E-20    0.1433782510E-21    0.1582851308E-06    0.1178126886E+26    0.4862089969E-10    0.2446307505E+05    0.4391224826E-09
    0.6290000000E+00    0.2224943467E-20    0.1536325639E-21    0.1619720651E-06    0.3531021378E+25    0.1561461465E-10    0.7856322948E+04    0.1511102601E-09
    0.6290000000E+00    0.2384069878E-20    0.1646202581E-21    0.1657448792E-06    0.1038149566E+25    0.4919158890E-11    0.2475021110E+04    0.5100978968E-10
    0.6290000000E+00    0.2554576900E-20    0.1763937846E-21    0.1696055734E-06    0.2990487120E+24    0.1518353379E-11    0.7639429316E+03    0.1687079477E-10
    0.6290000000E+00    0.2737278465E-20    0.1890093455E-21    0.1735561947E-06    0.8419557550E+23    0.4580577059E-12    0.2304667356E+03    0.5453594913E-11
    0.6290000000E+00    0.2933046719E-20    0.2025271626E-21    0.1775988378E-06    0.2317892835E+23    0.1351214437E-12    0.6798487974E+02    0.1723800328E-11
    0.6290000000E+00    0.3142816182E-20    0.2170117645E-21    0.1817356462E-06    0.6260782214E+22    0.3910745198E-13    0.1967648766E+02    0.5345916892E-12
    0.6290000000E+00    0.3367588212E-20    0.2325322952E-21    0.1859688132E-06    0.1667616752E+22    0.1116161847E-13    0.5615846517E+01    0.1634894961E-12
    0.6290000000E+00    0.3608435782E-20    0.2491628434E-21    0.1903005833E-06    0.4062517592E+21    0.2913574842E-14    0.1465933384E+01    0.4572870058E-13
    0.6290000000E+00    0.3866508602E-20    0.2669827968E-21    0.1947332533E-06    0.1501827255E+21    0.1154119836E-14    0.5806828000E+00    0.1940946603E-13
