    0.7000000000E+00    0.4143038610E-23    0.2860772210E-24    0.1992691735E-07   -0.4772493975E-09   -0.3929853065E-47   -0.1977262681E-32   -0.2319084310E-49
    0.7000000000E+00    0.4439345853E-23    0.3065372650E-24    0.2039107488E-07   -0.9594519672E-09   -0.8465530165E-47   -0.4259339112E-32   -0.5352964787E-49
    0.7000000000E+00    0.4756844785E-23    0.3284605973E-24    0.2086604403E-07   -0.3118179471E-09   -0.2948030904E-47   -0.1483269575E-32   -0.1997433166E-49
    0.7000000000E+00    0.5097051019E-23    0.3519518710E-24    0.2135207663E-07    0.3584347258E-08    0.3631123350E-46    0.1826960084E-31    0.2636217430E-48
    0.7000000000E+00    0.5461588566E-23    0.3771232243E-24    0.2184943039E-07    0.5085148811E-08    0.5519942966E-46    0.2777299060E-31    0.4294126316E-48
    0.7000000000E+00    0.5852197586E-23    0.4040948153E-24    0.2235836900E-07    0.1389510230E-09    0.1616190957E-47    0.8131688412E-33    0.1347202554E-49
    0.7000000000E+00    0.6270742692E-23    0.4329953957E-24    0.2287916232E-07   -0.2072112194E-07   -0.2582522954E-45   -0.1299368240E-30   -0.2306664413E-47
    0.7000000000E+00    0.6719221852E-23    0.4639629256E-24    0.2341208647E-07   -0.1993722121E-07   -0.2662536386E-45   -0.1339626124E-30   -0.2548213291E-47
    0.7000000000E+00    0.7199775931E-23    0.4971452317E-24    0.2395742402E-07    0.3980592041E-07    0.5696112972E-45    0.2865937077E-30    0.5841425191E-47
    0.7000000000E+00    0.7714698903E-23    0.5327007132E-24    0.2451546411E-07    0.8333690943E-07    0.1277815978E-44    0.6429191638E-30    0.1404133948E-46
    0.7000000000E+00    0.8266448809E-23    0.5707990981E-24    0.2508650263E-07   -0.4568205780E-07   -0.7505447352E-45   -0.3776283923E-30   -0.8837243220E-47
    0.7000000000E+00    0.8857659485E-23    0.6116222531E-24    0.2567084234E-07   -0.2441972770E-06   -0.4299042522E-44   -0.2163016327E-29   -0.5423903646E-46
    0.7000000000E+00    0.9491153137E-23    0.6553650517E-24    0.2626879307E-07    0.5116764531E-07    0.9652200961E-45    0.4856399573E-30    0.1304867999E-46
    0.7000000000E+00    0.1016995382E-22    0.7022363048E-24    0.2688067187E-07    0.5623686559E-06    0.1136716151E-43    0.5719263258E-29    0.1646615715E-45
    0.7000000000E+00    0.1089730185E-22    0.7524597575E-24    0.2750680315E-07   -0.1627397406E-06   -0.3524719354E-44   -0.1773424075E-29   -0.5470975479E-46
    0.7000000000E+00    0.1167666930E-22    0.8062751566E-24    0.2814751890E-07   -0.1059627072E-05   -0.2459144050E-43   -0.1237291491E-28   -0.4090008347E-45
    0.7000000000E+00    0.1251177658E-22    0.8639393956E-24    0.2880315884E-07    0.6322178499E-06    0.1572163384E-43    0.7910168487E-29    0.2801804976E-45
    0.7000000000E+00    0.1340661015E-22    0.9257277409E-24    0.2947407060E-07    0.1714063814E-05    0.4567282874E-43    0.2297978532E-28    0.8721639577E-45
    0.7000000000E+00    0.1436544159E-22    0.9919351458E-24    0.3016060990E-07   -0.2020972603E-05   -0.5770206426E-43   -0.2903216389E-28   -0.1180678283E-44
    0.7000000000E+00    0.1539284799E-22    0.1062877658E-23    0.3086314075E-07   -0.2526340279E-05   -0.7728990444E-43   -0.3888757190E-28   -0.1694583586E-44
    0.7000000000E+00    0.1649373379E-22    0.1138893930E-23    0.3158203565E-07    0.6946949086E-05    0.2277325137E-42    0.1145811289E-27    0.5350141457E-44
    0.7000000000E+00    0.1767335417E-22    0.1220346833E-23    0.3231767576E-07    0.3655304068E-05    0.1283968691E-42    0.6460148340E-28    0.3232173451E-44
    0.7000000000E+00    0.1893734018E-22    0.1307625190E-23    0.3307045113E-07   -0.2948164625E-04   -0.1109641408E-41   -0.5583039642E-27   -0.2993111391E-43
    0.7000000000E+00    0.2029172559E-22    0.1401145635E-23    0.3384076090E-07    0.2521481280E-04    0.1016919727E-41    0.5116520622E-27    0.2939184828E-43
    0.7000000000E+00    0.2174297571E-22    0.1501354598E-23    0.3462901348E-07    0.7192624341E-04    0.3108266890E-41    0.1563890563E-26    0.9626280830E-43
    0.7000000000E+00    0.2329801823E-22    0.1608730435E-23    0.3543562682E-07   -0.8154788751E-03   -0.3776101323E-40   -0.1899904169E-25   -0.1253094616E-41
    0.7000000000E+00    0.2496427630E-22    0.1723785718E-23    0.3626102861E-07   -0.1565124227E-02   -0.7765684423E-40   -0.3907219365E-25   -0.2761340502E-41
    0.7000000000E+00    0.2674970400E-22    0.1847069675E-23    0.3710565646E-07    0.6622948708E-02    0.3521132076E-39    0.1771619175E-24    0.1341598427E-40
    0.7000000000E+00    0.2866282424E-22    0.1979170815E-23    0.3796995823E-07    0.1071678686E+00    0.6105138451E-38    0.3071733782E-23    0.2492503301E-39
    0.7000000000E+00    0.3071276952E-22    0.2120719737E-23    0.3885439218E-07    0.2334395429E+00    0.1424968776E-37    0.7169574878E-23    0.6233695339E-39
    0.7000000000E+00    0.3290932546E-22    0.2272392139E-23    0.3975942724E-07    0.1452700688E+00    0.9501825843E-38    0.4780739973E-23    0.4453970037E-39
    0.7000000000E+00    0.3526297755E-22    0.2434912046E-23    0.4068554327E-07   -0.8360318005E+00   -0.5859407750E-37   -0.2948097061E-22   -0.2943024965E-38
    0.7000000000E+00    0.3778496121E-22    0.2609055264E-23    0.4163323131E-07   -0.2787402966E+02   -0.2093296184E-35   -0.1053219130E-20   -0.1126603009E-36
    0.7000000000E+00    0.4048731538E-22    0.2795653084E-23    0.4260299385E-07   -0.2113763149E+04   -0.1700933153E-33   -0.8558059525E-19   -0.9809061809E-35
    0.7000000000E+00    0.4338294005E-22    0.2995596250E-23    0.4359534505E-07   -0.5224279225E+05   -0.4504611122E-32   -0.2266445924E-17   -0.2783540405E-33
    0.7000000000E+00    0.4648565778E-22    0.3209839213E-23    0.4461081109E-07   -0.1660528039E+05   -0.1534182898E-32   -0.7719073815E-18   -0.1015821410E-33
    0.7000000000E+00    0.4981027973E-22    0.3439404683E-23    0.4564993037E-07    0.4596670084E+07    0.4550658633E-30    0.2289614227E-15    0.3228601790E-31
    0.7000000000E+00    0.5337267633E-22    0.3685388516E-23    0.4671325384E-07    0.8950837113E+08    0.9494991446E-29    0.4777301321E-14    0.7218297922E-30
    0.7000000000E+00    0.5718985306E-22    0.3948964943E-23    0.4780134531E-07    0.4233082198E+08    0.4811579053E-29    0.2420893488E-14    0.3919474566E-30
    0.7000000000E+00    0.6128003161E-22    0.4231392172E-23    0.4891478167E-07   -0.4720622551E+10   -0.5749501619E-27   -0.2892798991E-12   -0.5018459522E-28
    0.7000000000E+00    0.6566273690E-22    0.4534018400E-23    0.5005415331E-07   -0.1869069982E+12   -0.2439250971E-25   -0.1227282505E-10   -0.2281375176E-26
    0.7000000000E+00    0.7035889022E-22    0.4858288246E-23    0.5122006431E-07   -0.6265025261E+13   -0.8761001412E-24   -0.4408002246E-09   -0.8779989071E-25
    0.7000000000E+00    0.7539090917E-22    0.5205749646E-23    0.5241313287E-07   -0.1722478563E+15   -0.2580980655E-22   -0.1298592249E-07   -0.2771564401E-23
    0.7000000000E+00    0.8078281461E-22    0.5578061244E-23    0.5363399157E-07   -0.3618769088E+15   -0.5810209549E-22   -0.2923343524E-07   -0.6685471177E-23
    0.7000000000E+00    0.8656034539E-22    0.5977000309E-23    0.5488328773E-07    0.1288262524E+16    0.2216334450E-21    0.1115124490E-06    0.2732596590E-22
    0.7000000000E+00    0.9275108115E-22    0.6404471218E-23    0.5616168372E-07    0.4440530972E+17    0.8185888549E-20    0.4118640485E-05    0.1081449022E-20
    0.7000000000E+00    0.9938457404E-22    0.6862514550E-23    0.5746985739E-07    0.9126756098E+18    0.1802799249E-18    0.9070587671E-04    0.2552040684E-19
    0.7000000000E+00    0.1064924897E-21    0.7353316823E-23    0.5880850233E-07    0.1654797157E+20    0.3502480209E-17    0.1762234692E-02    0.5312707612E-18
    0.7000000000E+00    0.1141087586E-21    0.7879220933E-23    0.6017832832E-07    0.5398570373E+20    0.1224361574E-16    0.6160241635E-02    0.1989985518E-17
    0.7000000000E+00    0.1222697377E-21    0.8442737340E-23    0.6158006166E-07   -0.1741120315E+19   -0.4231162516E-18   -0.2128863242E-03   -0.7368853656E-19
    0.7000000000E+00    0.1310143844E-21    0.9046556049E-23    0.6301444556E-07   -0.1151888676E+22   -0.2999448660E-15   -0.1509139858E+00   -0.5597339610E-16
    0.7000000000E+00    0.1403844422E-21    0.9693559452E-23    0.6448224056E-07   -0.1614073136E+23   -0.4503541128E-14   -0.2265907568E+01   -0.9005220643E-15
    0.7000000000E+00    0.1504246400E-21    0.1038683609E-22    0.6598422489E-07   -0.1855840341E+24   -0.5548448186E-13   -0.2791641151E+02   -0.1188808112E-13
    0.7000000000E+00    0.1611829057E-21    0.1112969539E-22    0.6752119493E-07   -0.1925935305E+25   -0.6169821766E-12   -0.3104278486E+03   -0.1416487816E-12
    0.7000000000E+00    0.1727105951E-21    0.1192568347E-22    0.6909396560E-07   -0.1830449125E+26   -0.6283311440E-11   -0.3161379577E+04   -0.1545712830E-11
    0.7000000000E+00    0.1850627369E-21    0.1277860007E-22    0.7070337081E-07   -0.5632982022E+26   -0.2071902379E-10   -0.1042455070E+05   -0.5461469518E-11
    0.7000000000E+00    0.1982982953E-21    0.1369251667E-22    0.7235026388E-07   -0.4708356740E+26   -0.1855668026E-10   -0.9336591150E+04   -0.5241317997E-11
    0.7000000000E+00    0.2124804516E-21    0.1467179595E-22    0.7403551802E-07    0.1559651086E+27    0.6586555805E-10    0.3313953670E+05    0.1993419034E-10
    0.7000000000E+00    0.2276769058E-21    0.1572111260E-22    0.7576002677E-07    0.1828627929E+28    0.8274776499E-09    0.4163363487E+06    0.2683468473E-09
    0.7000000000E+00    0.2439602000E-21    0.1684547565E-22    0.7752470448E-07    0.1299508409E+29    0.6301007810E-08    0.3170283312E+07    0.2189526687E-08
    0.7000000000E+00    0.2614080640E-21    0.1805025236E-22    0.7933048683E-07    0.8001104509E+29    0.4157008064E-07    0.2091553239E+08    0.1547822274E-07
    0.7000000000E+00    0.2801037871E-21    0.1934119387E-22    0.8117833125E-07    0.4509458427E+30    0.2510471592E-06    0.1263116383E+09    0.1001602815E-06
    0.7000000000E+00    0.3001366153E-21    0.2072446262E-22    0.8306921749E-07    0.2359281632E+31    0.1407377846E-05    0.7081068037E+09    0.6016597175E-06
    0.7000000000E+00    0.3216021775E-21    0.2220666179E-22    0.8500414813E-07    0.1151106227E+32    0.7357772024E-05    0.3701982694E+10    0.3370439628E-05
    0.7000000000E+00    0.3446029418E-21    0.2379486681E-22    0.8698414910E-07    0.5248554245E+32    0.3594765906E-04    0.1808667233E+11    0.1764456025E-04
    0.7000000000E+00    0.3692487048E-21    0.2549665916E-22    0.8901027021E-07    0.2239982874E+33    0.1643900857E-03    0.8271107753E+11    0.8646012258E-04
    0.7000000000E+00    0.3956571157E-21    0.2732016250E-22    0.9108358575E-07    0.8964352600E+33    0.7049362671E-03    0.3546809893E+12    0.3972739417E-03
    0.7000000000E+00    0.4239542377E-21    0.2927408154E-22    0.9320519501E-07    0.3371374076E+34    0.2840781735E-02    0.1429308326E+13    0.1715450109E-02
    0.7000000000E+00    0.4542751502E-21    0.3136774352E-22    0.9537622289E-07    0.1187013843E+35    0.1071733258E-01    0.5392308920E+13    0.6934688101E-02
    0.7000000000E+00    0.4867645933E-21    0.3361114274E-22    0.9759782052E-07    0.3083719521E+35    0.2983360902E-01    0.1501045479E+14    0.2068454723E-01
    0.7000000000E+00    0.5215776589E-21    0.3601498832E-22    0.9987116580E-07    0.5654683314E+35    0.5861910881E-01    0.2949356485E+14    0.4354912531E-01
    0.7000000000E+00    0.5588805307E-21    0.3859075526E-22    0.1021974641E-06    0.8175128819E+35    0.9080829649E-01    0.4568920333E+14    0.7228792417E-01
    0.7000000000E+00    0.5988512779E-21    0.4135073927E-22    0.1045779488E-06    0.9753560782E+35    0.1160898149E+00    0.5840932339E+14    0.9902260420E-01
    0.7000000000E+00    0.6416807053E-21    0.4430811541E-22    0.1070138822E-06    0.9976369011E+35    0.1272340726E+00    0.6401643503E+14    0.1162903436E+00
    0.7000000000E+00    0.6875732635E-21    0.4747700104E-22    0.1095065557E-06    0.9832116966E+35    0.1343624642E+00    0.6760300749E+14    0.1315885754E+00
    0.7000000000E+00    0.7367480256E-21    0.5087252317E-22    0.1120572911E-06    0.8984550506E+35    0.1315610340E+00    0.6619349846E+14    0.1380598837E+00
    0.7000000000E+00    0.7894397325E-21    0.5451089068E-22    0.1146674407E-06    0.6943021981E+35    0.1089380166E+00    0.5481097416E+14    0.1224953743E+00
    0.7000000000E+00    0.8458999137E-21    0.5840947171E-22    0.1173383885E-06    0.4666803897E+35    0.7846039239E-01    0.3947649014E+14    0.9453458037E-01
    0.7000000000E+00    0.9063980879E-21    0.6258687655E-22    0.1200715507E-06    0.2805272502E+35    0.5053659517E-01    0.2542693632E+14    0.6524484498E-01
    0.7000000000E+00    0.9712230494E-21    0.6706304648E-22    0.1228683764E-06    0.1536253434E+35    0.2965471745E-01    0.1492044744E+14    0.4102362329E-01
    0.7000000000E+00    0.1040684247E-20    0.7185934897E-22    0.1257303485E-06    0.7722692240E+34    0.1597348403E-01    0.8036884160E+13    0.2367771980E-01
    0.7000000000E+00    0.1115113261E-20    0.7699867968E-22    0.1286589846E-06    0.3551763893E+34    0.7871817408E-02    0.3960619018E+13    0.1250302895E-01
    0.7000000000E+00    0.1194865387E-20    0.8250557175E-22    0.1316558373E-06    0.1477409394E+34    0.3508583204E-02    0.1765305347E+13    0.5971342818E-02
    0.7000000000E+00    0.1280321329E-20    0.8840631292E-22    0.1347224957E-06    0.5475538132E+33    0.1393342011E-02    0.7010448261E+12    0.2540960751E-02
    0.7000000000E+00    0.1371889021E-20    0.9472907100E-22    0.1378605858E-06    0.1782461637E+33    0.4860166140E-03    0.2445339551E+12    0.9497107206E-03
    0.7000000000E+00    0.1470005571E-20    0.1015040283E-21    0.1410717713E-06    0.5041271378E+32    0.1472892330E-03    0.7410697012E+11    0.3083977676E-03
    0.7000000000E+00    0.1575139348E-20    0.1087635259E-21    0.1443577550E-06    0.1230542191E+32    0.3852365037E-04    0.1938275425E+11    0.8643062582E-04
    0.7000000000E+00    0.1687792220E-20    0.1165422177E-21    0.1477202791E-06    0.2506768436E+31    0.8409015279E-05    0.4230904264E+10    0.2021554092E-04
    0.7000000000E+00    0.1808501947E-20    0.1248772362E-21    0.1511611264E-06    0.4206266287E+30    0.1511916084E-05    0.7607040769E+09    0.3894645310E-05
    0.7000000000E+00    0.1937844750E-20    0.1338083694E-21    0.1546821213E-06    0.8855950971E+29    0.3410877541E-06    0.1716145809E+09    0.9414697109E-06
    0.7000000000E+00    0.2076438060E-20    0.1433782510E-21    0.1582851308E-06    0.1962764815E+29    0.8100264270E-07    0.4075559564E+08    0.2395738504E-06
    0.7000000000E+00    0.2224943467E-20    0.1536325639E-21    0.1619720651E-06    0.4547286753E+28    0.2010866623E-07    0.1011745595E+08    0.6372700241E-07
    0.7000000000E+00    0.2384069878E-20    0.1646202581E-21    0.1657448792E-06    0.9309540046E+27    0.4411224373E-08    0.2219459401E+07    0.1497957092E-07
    0.7000000000E+00    0.2554576900E-20    0.1763937846E-21    0.1696055734E-06    0.1977453099E+27    0.1004007867E-08    0.5051556006E+06    0.3653232736E-08
    0.7000000000E+00    0.2737278465E-20    0.1890093455E-21    0.1735561947E-06    0.4709317380E+26    0.2562057570E-09    0.1289071305E+06    0.9989163215E-09
    0.7000000000E+00    0.2933046719E-20    0.2025271626E-21    0.1775988378E-06    0.1139379305E+26    0.6642005806E-10    0.3341852733E+05    0.2774849773E-09
    0.7000000000E+00    0.3142816182E-20    0.2170117645E-21    0.1817356462E-06    0.2132353728E+25    0.1331956905E-10    0.6701595801E+04    0.5962527548E-10
    0.7000000000E+00    0.3367588212E-20    0.2325322952E-21    0.1859688132E-06    0.4994708850E+24    0.3343036370E-11    0.1682012265E+04    0.1603545644E-10
    0.7000000000E+00    0.3608435782E-20    0.2491628434E-21    0.1903005833E-06    0.8823685634E+23    0.6328210992E-12    0.3183970297E+03    0.3252528987E-11
    0.7000000000E+00    0.3866508602E-20    0.2669827968E-21    0.1947332533E-06    0.3576824948E+23    0.2748708022E-12    0.1382982443E+03    0.1513801164E-11
