    0.6160000000E+00    0.4143038610E-23    0.2860772210E-24    0.1992691735E-07    0.2426098484E+23    0.1997741770E-15    0.1005141969E+00    0.6873781163E-17
    0.6160000000E+00    0.4439345853E-23    0.3065372650E-24    0.2039107488E-07   -0.2956921815E+23   -0.2608980092E-15   -0.1312679860E+00   -0.9618937803E-17
    0.6160000000E+00    0.4756844785E-23    0.3284605973E-24    0.2086604403E-07   -0.8183557538E+23   -0.7737008325E-15   -0.3892791299E+00   -0.3056535298E-16
    0.6160000000E+00    0.5097051019E-23    0.3519518710E-24    0.2135207663E-07   -0.6613463452E+23   -0.6699769814E-15   -0.3370916063E+00   -0.2836065345E-16
    0.6160000000E+00    0.5461588566E-23    0.3771232243E-24    0.2184943039E-07    0.1577288808E+24    0.1712151322E-14    0.8614502519E+00    0.7766019862E-16
    0.6160000000E+00    0.5852197586E-23    0.4040948153E-24    0.2235836900E-07    0.4297271585E+24    0.4998316187E-14    0.2514848239E+01    0.2429293997E-15
    0.6160000000E+00    0.6270742692E-23    0.4329953957E-24    0.2287916232E-07    0.2273464923E+24    0.2833473673E-14    0.1425631355E+01    0.1475623399E-15
    0.6160000000E+00    0.6719221852E-23    0.4639629256E-24    0.2341208647E-07   -0.1331208651E+25   -0.1777776066E-13   -0.8944686257E+01   -0.9920496461E-15
    0.6160000000E+00    0.7199775931E-23    0.4971452317E-24    0.2395742402E-07   -0.1593998676E+25   -0.2280966360E-13   -0.1147643330E+02   -0.1363877082E-14
    0.6160000000E+00    0.7714698903E-23    0.5327007132E-24    0.2451546411E-07    0.2196742153E+25    0.3368294124E-13    0.1694720428E+02    0.2158074132E-14
    0.6160000000E+00    0.8266448809E-23    0.5707990981E-24    0.2508650263E-07    0.5689485130E+25    0.9347681160E-13    0.4703183758E+02    0.6417416728E-14
    0.6160000000E+00    0.8857659485E-23    0.6116222531E-24    0.2567084234E-07   -0.3542237029E+25   -0.6236034978E-13   -0.3137592941E+02   -0.4587381870E-14
    0.6160000000E+00    0.9491153137E-23    0.6553650517E-24    0.2626879307E-07   -0.1424937246E+26   -0.2687983896E-12   -0.1352429761E+03   -0.2118766091E-13
    0.6160000000E+00    0.1016995382E-22    0.7022363048E-24    0.2688067187E-07    0.1336823811E+26    0.2702122890E-12    0.1359543642E+03    0.2282240710E-13
    0.6160000000E+00    0.1089730185E-22    0.7524597575E-24    0.2750680315E-07    0.2362464726E+26    0.5116774252E-12    0.2574449122E+03    0.4630763570E-13
    0.6160000000E+00    0.1167666930E-22    0.8062751566E-24    0.2814751890E-07   -0.1092668677E+27   -0.2535825809E-11   -0.1275873080E+04   -0.2459097617E-12
    0.6160000000E+00    0.1251177658E-22    0.8639393956E-24    0.2880315884E-07   -0.1121706974E+27   -0.2789397092E-11   -0.1403454704E+04   -0.2898455888E-12
    0.6160000000E+00    0.1340661015E-22    0.9257277409E-24    0.2947407060E-07    0.1216230293E+28    0.3240759032E-10    0.1630552539E+05    0.3608303765E-11
    0.6160000000E+00    0.1436544159E-22    0.9919351458E-24    0.3016060990E-07    0.5301095905E+28    0.1513549348E-09    0.7615258359E+05    0.1805730512E-10
    0.6160000000E+00    0.1539284799E-22    0.1062877658E-23    0.3086314075E-07    0.3140882596E+28    0.9609098097E-10    0.4834712837E+05    0.1228397654E-10
    0.6160000000E+00    0.1649373379E-22    0.1138893930E-23    0.3158203565E-07   -0.3534021320E+29   -0.1158510806E-08   -0.5828920686E+06   -0.1586925141E-09
    0.6160000000E+00    0.1767335417E-22    0.1220346833E-23    0.3231767576E-07   -0.3396693879E+30   -0.1193128810E-07   -0.6003097392E+07   -0.1751231998E-08
    0.6160000000E+00    0.1893734018E-22    0.1307625190E-23    0.3307045113E-07   -0.8377267081E+30   -0.3153067627E-07   -0.1586431565E+08   -0.4958948944E-08
    0.6160000000E+00    0.2029172559E-22    0.1401145635E-23    0.3384076090E-07   -0.7776946126E+30   -0.3136461886E-07   -0.1578076567E+08   -0.5285625216E-08
    0.6160000000E+00    0.2174297571E-22    0.1501354598E-23    0.3462901348E-07    0.5470059832E+30    0.2363866797E-07    0.1189353781E+08    0.4268539966E-08
    0.6160000000E+00    0.2329801823E-22    0.1608730435E-23    0.3543562682E-07    0.8581707392E+31    0.3973787381E-06    0.1999367752E+09    0.7688842728E-07
    0.6160000000E+00    0.2496427630E-22    0.1723785718E-23    0.3626102861E-07    0.4498152531E+32    0.2231850510E-05    0.1122931226E+10    0.4627233904E-06
    0.6160000000E+00    0.2674970400E-22    0.1847069675E-23    0.3710565646E-07    0.1845919293E+33    0.9813945297E-05    0.4937779470E+10    0.2180218318E-05
    0.6160000000E+00    0.2866282424E-22    0.1979170815E-23    0.3796995823E-07    0.6263117226E+33    0.3567972220E-04    0.1795186283E+11    0.8493326424E-05
    0.6160000000E+00    0.3071276952E-22    0.2120719737E-23    0.3885439218E-07    0.1485921026E+34    0.9070404435E-04    0.4563675000E+11    0.2313571914E-04
    0.6160000000E+00    0.3290932546E-22    0.2272392139E-23    0.3975942724E-07    0.2882983538E+34    0.1885702108E-03    0.9487704356E+11    0.5153822271E-04
    0.6160000000E+00    0.3526297755E-22    0.2434912046E-23    0.4068554327E-07    0.5196513270E+34    0.3642025352E-03    0.1832445308E+12    0.1066594441E-03
    0.6160000000E+00    0.3778496121E-22    0.2609055264E-23    0.4163323131E-07    0.9065938760E+34    0.6808378710E-03    0.3425561444E+12    0.2136486025E-03
    0.6160000000E+00    0.4048731538E-22    0.2795653084E-23    0.4260299385E-07    0.1535830659E+35    0.1235874174E-02    0.6218166026E+12    0.4155570056E-03
    0.6160000000E+00    0.4338294005E-22    0.2995596250E-23    0.4359534505E-07    0.2510858626E+35    0.2164976489E-02    0.1089284292E+13    0.7800268204E-03
    0.6160000000E+00    0.4648565778E-22    0.3209839213E-23    0.4461081109E-07    0.3946004464E+35    0.3645763529E-02    0.1834326131E+13    0.1407488475E-02
    0.6160000000E+00    0.4981027973E-22    0.3439404683E-23    0.4564993037E-07    0.5955940675E+35    0.5896323285E-02    0.2966670710E+13    0.2439145112E-02
    0.6160000000E+00    0.5337267633E-22    0.3685388516E-23    0.4671325384E-07    0.8624155107E+35    0.9148449239E-02    0.4602942391E+13    0.4055121154E-02
    0.6160000000E+00    0.5718985306E-22    0.3948964943E-23    0.4780134531E-07    0.1195487117E+36    0.1358863472E-01    0.6836973257E+13    0.6454047773E-02
    0.6160000000E+00    0.6128003161E-22    0.4231392172E-23    0.4891478167E-07    0.1585302278E+36    0.1930825419E-01    0.9714737371E+13    0.9826511323E-02
    0.6160000000E+00    0.6566273690E-22    0.4534018400E-23    0.5005415331E-07    0.2015319039E+36    0.2630114960E-01    0.1323313638E+14    0.1434270556E-01
    0.6160000000E+00    0.7035889022E-22    0.4858288246E-23    0.5122006431E-07    0.2463758875E+36    0.3445316513E-01    0.1733473402E+14    0.2013193303E-01
    0.6160000000E+00    0.7539090917E-22    0.5205749646E-23    0.5241313287E-07    0.2898297329E+36    0.4342840313E-01    0.2185052707E+14    0.2719131506E-01
    0.6160000000E+00    0.8078281461E-22    0.5578061244E-23    0.5363399157E-07    0.3269525430E+36    0.5249472240E-01    0.2641214667E+14    0.3521859244E-01
    0.6160000000E+00    0.8656034539E-22    0.5977000309E-23    0.5488328773E-07    0.3516329140E+36    0.6049513407E-01    0.3043746648E+14    0.4348873698E-01
    0.6160000000E+00    0.9275108115E-22    0.6404471218E-23    0.5616168372E-07    0.3590749376E+36    0.6619360248E-01    0.3330458867E+14    0.5098851561E-01
    0.6160000000E+00    0.9938457404E-22    0.6862514550E-23    0.5746985739E-07    0.3585821508E+36    0.7083038325E-01    0.3563753431E+14    0.5846230617E-01
    0.6160000000E+00    0.1064924897E-21    0.7353316823E-23    0.5880850233E-07    0.3538226371E+36    0.7488874263E-01    0.3767945354E+14    0.6623276569E-01
    0.6160000000E+00    0.1141087586E-21    0.7879220933E-23    0.6017832832E-07    0.3342815834E+36    0.7581294624E-01    0.3814445650E+14    0.7184552553E-01
    0.6160000000E+00    0.1222697377E-21    0.8442737340E-23    0.6158006166E-07    0.2988254468E+36    0.7261870526E-01    0.3653730902E+14    0.7374029198E-01
    0.6160000000E+00    0.1310143844E-21    0.9046556049E-23    0.6301444556E-07    0.2578367312E+36    0.6713913019E-01    0.3378032062E+14    0.7305199183E-01
    0.6160000000E+00    0.1403844422E-21    0.9693559452E-23    0.6448224056E-07    0.2160895245E+36    0.6029268683E-01    0.3033560736E+14    0.7029444222E-01
    0.6160000000E+00    0.1504246400E-21    0.1038683609E-22    0.6598422489E-07    0.1758275584E+36    0.5256756606E-01    0.2644879716E+14    0.6567108937E-01
    0.6160000000E+00    0.1611829057E-21    0.1112969539E-22    0.6752119493E-07    0.1386998384E+36    0.4443312711E-01    0.2235604298E+14    0.5947894140E-01
    0.6160000000E+00    0.1727105951E-21    0.1192568347E-22    0.6909396560E-07    0.1060356891E+36    0.3639845812E-01    0.1831348696E+14    0.5220827430E-01
    0.6160000000E+00    0.1850627369E-21    0.1277860007E-22    0.7070337081E-07    0.7860866930E+35    0.2891354673E-01    0.1454753548E+14    0.4443832898E-01
    0.6160000000E+00    0.1982982953E-21    0.1369251667E-22    0.7235026388E-07    0.5656032409E+35    0.2229168068E-01    0.1121581585E+14    0.3671124935E-01
    0.6160000000E+00    0.2124804516E-21    0.1467179595E-22    0.7403551802E-07    0.3953070424E+35    0.1669419474E-01    0.8399501888E+13    0.2945925954E-01
    0.6160000000E+00    0.2276769058E-21    0.1572111260E-22    0.7576002677E-07    0.2685576753E+35    0.1215258011E-01    0.6114438055E+13    0.2297866767E-01
    0.6160000000E+00    0.2439602000E-21    0.1684547565E-22    0.7752470448E-07    0.1774451618E+35    0.8603894697E-02    0.4328955717E+13    0.1743216941E-01
    0.6160000000E+00    0.2614080640E-21    0.1805025236E-22    0.7933048683E-07    0.1140840982E+35    0.5927288108E-02    0.2982250323E+13    0.1286803961E-01
    0.6160000000E+00    0.2801037871E-21    0.1934119387E-22    0.8117833125E-07    0.7140560581E+34    0.3975238885E-02    0.2000098061E+13    0.9247398717E-02
    0.6160000000E+00    0.3001366153E-21    0.2072446262E-22    0.8306921749E-07    0.4353245772E+34    0.2596833534E-02    0.1306568452E+13    0.6472923318E-02
    0.6160000000E+00    0.3216021775E-21    0.2220666179E-22    0.8500414813E-07    0.2586381005E+34    0.1653192498E-02    0.8317857631E+12    0.4415498863E-02
    0.6160000000E+00    0.3446029418E-21    0.2379486681E-22    0.8698414910E-07    0.1498190451E+34    0.1026119518E-02    0.5162808367E+12    0.2936664274E-02
    0.6160000000E+00    0.3692487048E-21    0.2549665916E-22    0.8901027021E-07    0.8464593444E+33    0.6212079822E-03    0.3125540166E+12    0.1904992977E-02
    0.6160000000E+00    0.3956571157E-21    0.2732016250E-22    0.9108358575E-07    0.4666329482E+33    0.3669495203E-03    0.1846266463E+12    0.1205765006E-02
    0.6160000000E+00    0.4239542377E-21    0.2927408154E-22    0.9320519501E-07    0.2511026711E+33    0.2115837239E-03    0.1064560415E+12    0.7449696978E-03
    0.6160000000E+00    0.4542751502E-21    0.3136774352E-22    0.9537622289E-07    0.1319495667E+33    0.1191348692E-03    0.5994140924E+11    0.4494643428E-03
    0.6160000000E+00    0.4867645933E-21    0.3361114274E-22    0.9759782052E-07    0.6773214015E+32    0.6552782034E-04    0.3296960765E+11    0.2649000703E-03
    0.6160000000E+00    0.5215776589E-21    0.3601498832E-22    0.9987116580E-07    0.3397313365E+32    0.3521814941E-04    0.1771962752E+11    0.1525537483E-03
    0.6160000000E+00    0.5588805307E-21    0.3859075526E-22    0.1021974641E-06    0.1665533937E+32    0.1850054022E-04    0.9308344903E+10    0.8586986131E-04
    0.6160000000E+00    0.5988512779E-21    0.4135073927E-22    0.1045779488E-06    0.7983552291E+31    0.9502264129E-05    0.4780960492E+10    0.4725888266E-04
    0.6160000000E+00    0.6416807053E-21    0.4430811541E-22    0.1070138822E-06    0.3743105561E+31    0.4773786576E-05    0.2401878616E+10    0.2544013141E-04
    0.6160000000E+00    0.6875732635E-21    0.4747700104E-22    0.1095065557E-06    0.1717171537E+31    0.2346629928E-05    0.1180681238E+10    0.1339988146E-04
    0.6160000000E+00    0.7367480256E-21    0.5087252317E-22    0.1120572911E-06    0.7709744347E+30    0.1128940104E-05    0.5680138925E+09    0.6907601139E-05
    0.6160000000E+00    0.7894397325E-21    0.5451089068E-22    0.1146674407E-06    0.3388134941E+30    0.5316081406E-06    0.2674728341E+09    0.3485362660E-05
    0.6160000000E+00    0.8458999137E-21    0.5840947171E-22    0.1173383885E-06    0.1457579164E+30    0.2450547219E-06    0.1232966089E+09    0.1721549151E-05
    0.6160000000E+00    0.9063980879E-21    0.6258687655E-22    0.1200715507E-06    0.6140111459E+29    0.1106132566E-06    0.5565385286E+08    0.8326520010E-06
    0.6160000000E+00    0.9712230494E-21    0.6706304648E-22    0.1228683764E-06    0.2533805421E+29    0.4891073452E-07    0.2460890228E+08    0.3945122893E-06
    0.6160000000E+00    0.1040684247E-20    0.7185934897E-22    0.1257303485E-06    0.1024656003E+29    0.2119380883E-07    0.1066343361E+08    0.1831746473E-06
    0.6160000000E+00    0.1115113261E-20    0.7699867968E-22    0.1286589846E-06    0.4061116038E+28    0.9000700747E-08    0.4528604350E+07    0.8335519542E-07
    0.6160000000E+00    0.1194865387E-20    0.8250557175E-22    0.1316558373E-06    0.1577474391E+28    0.3746219684E-08    0.1884869549E+07    0.3717488150E-07
    0.6160000000E+00    0.1280321329E-20    0.8840631292E-22    0.1347224957E-06    0.6005761553E+27    0.1528266204E-08    0.7689304616E+06    0.1625007466E-07
    0.6160000000E+00    0.1371889021E-20    0.9472907100E-22    0.1378605858E-06    0.2241884519E+27    0.6112855952E-09    0.3075616758E+06    0.6964669514E-08
    0.6160000000E+00    0.1470005571E-20    0.1015040283E-21    0.1410717713E-06    0.8208534019E+26    0.2398261448E-09    0.1206659074E+06    0.2927877334E-08
    0.6160000000E+00    0.1575139348E-20    0.1087635259E-21    0.1443577550E-06    0.2948359267E+26    0.9230204570E-10    0.4644076694E+05    0.1207445891E-08
    0.6160000000E+00    0.1687792220E-20    0.1165422177E-21    0.1477202791E-06    0.1038792160E+26    0.3484653397E-10    0.1753265326E+05    0.4884453040E-09
    0.6160000000E+00    0.1808501947E-20    0.1248772362E-21    0.1511611264E-06    0.3590516758E+25    0.1290588770E-10    0.6493456547E+04    0.1938403714E-09
    0.6160000000E+00    0.1937844750E-20    0.1338083694E-21    0.1546821213E-06    0.1217949289E+25    0.4690942724E-11    0.2360196636E+04    0.7549470313E-10
    0.6160000000E+00    0.2076438060E-20    0.1433782510E-21    0.1582851308E-06    0.4055673456E+24    0.1673762773E-11    0.8421354724E+03    0.2886358394E-10
    0.6160000000E+00    0.2224943467E-20    0.1536325639E-21    0.1619720651E-06    0.1325630989E+24    0.5862104712E-12    0.2949454009E+03    0.1083203172E-10
    0.6160000000E+00    0.2384069878E-20    0.1646202581E-21    0.1657448792E-06    0.4252845985E+23    0.2015164849E-12    0.1013908201E+03    0.3989945196E-11
    0.6160000000E+00    0.2554576900E-20    0.1763937846E-21    0.1696055734E-06    0.1339669335E+23    0.6801873336E-13    0.3422288336E+02    0.1443061671E-11
    0.6160000000E+00    0.2737278465E-20    0.1890093455E-21    0.1735561947E-06    0.4145682648E+22    0.2255417665E-13    0.1134788783E+02    0.5127236250E-12
    0.6160000000E+00    0.2933046719E-20    0.2025271626E-21    0.1775988378E-06    0.1260271378E+22    0.7346745521E-14    0.3696434829E+01    0.1789580951E-12
    0.6160000000E+00    0.3142816182E-20    0.2170117645E-21    0.1817356462E-06    0.3761569253E+21    0.2349632744E-14    0.1182192072E+01    0.6132765195E-13
    0.6160000000E+00    0.3367588212E-20    0.2325322952E-21    0.1859688132E-06    0.1103452208E+21    0.7385577370E-15    0.3715972650E+00    0.2065574215E-13
    0.6160000000E+00    0.3608435782E-20    0.2491628434E-21    0.1903005833E-06    0.3126345186E+20    0.2242166459E-15    0.1128121584E+00    0.6719302650E-14
    0.6160000000E+00    0.3866508602E-20    0.2669827968E-21    0.1947332533E-06    0.1128610371E+20    0.8673112120E-16    0.4363781708E-01    0.2785039198E-14
