    0.6110000000E+00    0.4143038610E-23    0.2860772210E-24    0.1992691735E-07   -0.1345055548E+26   -0.1107569899E-12   -0.5572617068E+02   -0.5131400778E-14
    0.6110000000E+00    0.4439345853E-23    0.3065372650E-24    0.2039107488E-07    0.2247566700E+27    0.1983094969E-11    0.9977725908E+03    0.9844831887E-13
    0.6110000000E+00    0.4756844785E-23    0.3284605973E-24    0.2086604403E-07    0.2480525246E+27    0.2345171326E-11    0.1179947358E+04    0.1247496590E-12
    0.6110000000E+00    0.5097051019E-23    0.3519518710E-24    0.2135207663E-07   -0.9941287596E+26   -0.1007102240E-11   -0.5067125007E+03   -0.5740349742E-13
    0.6110000000E+00    0.5461588566E-23    0.3771232243E-24    0.2184943039E-07   -0.1297539210E+28   -0.1408482368E-10   -0.7086625316E+04   -0.8602332127E-12
    0.6110000000E+00    0.5852197586E-23    0.4040948153E-24    0.2235836900E-07   -0.1292319410E+28   -0.1503144704E-10   -0.7562908529E+04   -0.9837065942E-12
    0.6110000000E+00    0.6270742692E-23    0.4329953957E-24    0.2287916232E-07    0.1718878371E+28    0.2142279197E-10    0.1077864398E+05    0.1502245329E-11
    0.6110000000E+00    0.6719221852E-23    0.4639629256E-24    0.2341208647E-07    0.6496846112E+28    0.8676278896E-10    0.4365375036E+05    0.6519259904E-11
    0.6110000000E+00    0.7199775931E-23    0.4971452317E-24    0.2395742402E-07    0.3292773077E+28    0.4711863775E-10    0.2370722835E+05    0.3793652245E-11
    0.6110000000E+00    0.7714698903E-23    0.5327007132E-24    0.2451546411E-07   -0.2185135764E+29   -0.3350497892E-09   -0.1685766448E+06   -0.2890507767E-10
    0.6110000000E+00    0.8266448809E-23    0.5707990981E-24    0.2508650263E-07   -0.2490764601E+29   -0.4092263675E-09   -0.2058977807E+06   -0.3782930829E-10
    0.6110000000E+00    0.8857659485E-23    0.6116222531E-24    0.2567084234E-07    0.4973306482E+29    0.8755403133E-09    0.4405185533E+06    0.8672432717E-10
    0.6110000000E+00    0.9491153137E-23    0.6553650517E-24    0.2626879307E-07    0.1819858285E+30    0.3432958031E-08    0.1727255367E+07    0.3643621749E-09
    0.6110000000E+00    0.1016995382E-22    0.7022363048E-24    0.2688067187E-07    0.8857849660E+29    0.1790437762E-08    0.9008392195E+06    0.2036216820E-09
    0.6110000000E+00    0.1089730185E-22    0.7524597575E-24    0.2750680315E-07   -0.1115049454E+31   -0.2415044032E-07   -0.1215103048E+08   -0.2942997174E-08
    0.6110000000E+00    0.1167666930E-22    0.8062751566E-24    0.2814751890E-07   -0.4352705784E+31   -0.1010160161E-06   -0.5082510602E+08   -0.1319031078E-07
    0.6110000000E+00    0.1251177658E-22    0.8639393956E-24    0.2880315884E-07   -0.4511108912E+31   -0.1121796902E-06   -0.5644198684E+08   -0.1569563996E-07
    0.6110000000E+00    0.1340661015E-22    0.9257277409E-24    0.2947407060E-07    0.1874353765E+30    0.4994390397E-08    0.2512873021E+07    0.7487680048E-09
    0.6110000000E+00    0.1436544159E-22    0.9919351458E-24    0.3016060990E-07    0.3031438932E+32    0.8655252613E-06    0.4354795892E+09    0.1390415304E-06
    0.6110000000E+00    0.1539284799E-22    0.1062877658E-23    0.3086314075E-07    0.1630350465E+33    0.4987832902E-05    0.2509573689E+10    0.8585719334E-06
    0.6110000000E+00    0.1649373379E-22    0.1138893930E-23    0.3158203565E-07    0.6209528393E+33    0.2035586402E-04    0.1024183083E+11    0.3754519228E-05
    0.6110000000E+00    0.1767335417E-22    0.1220346833E-23    0.3231767576E-07    0.1485830836E+34    0.5219156155E-04    0.2625961459E+11    0.1031490144E-04
    0.6110000000E+00    0.1893734018E-22    0.1307625190E-23    0.3307045113E-07    0.2705678084E+34    0.1018373402E-03    0.5123834629E+11    0.2156611116E-04
    0.6110000000E+00    0.2029172559E-22    0.1401145635E-23    0.3384076090E-07    0.4465684510E+34    0.1801021768E-03    0.9061644466E+11    0.4086803471E-04
    0.6110000000E+00    0.2174297571E-22    0.1501354598E-23    0.3462901348E-07    0.7159943060E+34    0.3094143792E-03    0.1556784680E+12    0.7523246367E-04
    0.6110000000E+00    0.2329801823E-22    0.1608730435E-23    0.3543562682E-07    0.1132563811E+35    0.5244373380E-03    0.2638649231E+12    0.1366338783E-03
    0.6110000000E+00    0.2496427630E-22    0.1723785718E-23    0.3626102861E-07    0.1762070414E+35    0.8742873268E-03    0.4398881268E+12    0.2440725703E-03
    0.6110000000E+00    0.2674970400E-22    0.1847069675E-23    0.3710565646E-07    0.2683778176E+35    0.1426847442E-02    0.7179027180E+12    0.4268176128E-03
    0.6110000000E+00    0.2866282424E-22    0.1979170815E-23    0.3796995823E-07    0.3988810246E+35    0.2272345165E-02    0.1143305670E+13    0.7283482688E-03
    0.6110000000E+00    0.3071276952E-22    0.2120719737E-23    0.3885439218E-07    0.5770222384E+35    0.3522276742E-02    0.1772195101E+13    0.1209729487E-02
    0.6110000000E+00    0.3290932546E-22    0.2272392139E-23    0.3975942724E-07    0.8109631780E+35    0.5304348616E-02    0.2668825116E+13    0.1952076580E-02
    0.6110000000E+00    0.3526297755E-22    0.2434912046E-23    0.4068554327E-07    0.1106744977E+36    0.7756726587E-02    0.3902712328E+13    0.3058745019E-02
    0.6110000000E+00    0.3778496121E-22    0.2609055264E-23    0.4163323131E-07    0.1466323753E+36    0.1101186285E-01    0.5540498612E+13    0.4652919997E-02
    0.6110000000E+00    0.4048731538E-22    0.2795653084E-23    0.4260299385E-07    0.1883538468E+36    0.1515672665E-01    0.7625941598E+13    0.6862308053E-02
    0.6110000000E+00    0.4338294005E-22    0.2995596250E-23    0.4359534505E-07    0.2342307049E+36    0.2019643654E-01    0.1016161663E+14    0.9798047509E-02
    0.6110000000E+00    0.4648565778E-22    0.3209839213E-23    0.4461081109E-07    0.2821462918E+36    0.2606785345E-01    0.1311575597E+14    0.1355095997E-01
    0.6110000000E+00    0.4981027973E-22    0.3439404683E-23    0.4564993037E-07    0.3299838118E+36    0.3266807612E-01    0.1643658597E+14    0.1819652048E-01
    0.6110000000E+00    0.5337267633E-22    0.3685388516E-23    0.4671325384E-07    0.3751174067E+36    0.3979221745E-01    0.2002101993E+14    0.2374996275E-01
    0.6110000000E+00    0.5718985306E-22    0.3948964943E-23    0.4780134531E-07    0.4133577318E+36    0.4698475747E-01    0.2363986794E+14    0.3004842969E-01
    0.6110000000E+00    0.6128003161E-22    0.4231392172E-23    0.4891478167E-07    0.4391061145E+36    0.5348110952E-01    0.2690843658E+14    0.3664925917E-01
    0.6110000000E+00    0.6566273690E-22    0.4534018400E-23    0.5005415331E-07    0.4475956056E+36    0.5841397198E-01    0.2939035249E+14    0.4289251676E-01
    0.6110000000E+00    0.7035889022E-22    0.4858288246E-23    0.5122006431E-07    0.4472353005E+36    0.6254131366E-01    0.3146697941E+14    0.4920755549E-01
    0.6110000000E+00    0.7539090917E-22    0.5205749646E-23    0.5241313287E-07    0.4427208217E+36    0.6633777053E-01    0.3337712525E+14    0.5592753308E-01
    0.6110000000E+00    0.8078281461E-22    0.5578061244E-23    0.5363399157E-07    0.4235825370E+36    0.6800940434E-01    0.3421818956E+14    0.6143753219E-01
    0.6110000000E+00    0.8656034539E-22    0.5977000309E-23    0.5488328773E-07    0.3876810758E+36    0.6669688111E-01    0.3355780782E+14    0.6456101023E-01
    0.6110000000E+00    0.9275108115E-22    0.6404471218E-23    0.5616168372E-07    0.3448363449E+36    0.6356879176E-01    0.3198394381E+14    0.6593389750E-01
    0.6110000000E+00    0.9938457404E-22    0.6862514550E-23    0.5746985739E-07    0.2993234483E+36    0.5912506943E-01    0.2974813341E+14    0.6571075473E-01
    0.6110000000E+00    0.1064924897E-21    0.7353316823E-23    0.5880850233E-07    0.2533169756E+36    0.5361609972E-01    0.2697635543E+14    0.6384986890E-01
    0.6110000000E+00    0.1141087586E-21    0.7879220933E-23    0.6017832832E-07    0.2087972672E+36    0.4735389796E-01    0.2382559695E+14    0.6042553797E-01
    0.6110000000E+00    0.1222697377E-21    0.8442737340E-23    0.6158006166E-07    0.1676054459E+36    0.4073043511E-01    0.2049307391E+14    0.5569084932E-01
    0.6110000000E+00    0.1310143844E-21    0.9046556049E-23    0.6301444556E-07    0.1310763654E+36    0.3413149522E-01    0.1717288932E+14    0.5000576848E-01
    0.6110000000E+00    0.1403844422E-21    0.9693559452E-23    0.6448224056E-07    0.9991077647E+35    0.2787682175E-01    0.1402591862E+14    0.4376309714E-01
    0.6110000000E+00    0.1504246400E-21    0.1038683609E-22    0.6598422489E-07    0.7425543111E+35    0.2220031556E-01    0.1116984649E+14    0.3734426699E-01
    0.6110000000E+00    0.1611829057E-21    0.1112969539E-22    0.6752119493E-07    0.5383653463E+35    0.1724677991E-01    0.8677529083E+13    0.3108657049E-01
    0.6110000000E+00    0.1727105951E-21    0.1192568347E-22    0.6909396560E-07    0.3809456300E+35    0.1307657232E-01    0.6579334647E+13    0.2525565937E-01
    0.6110000000E+00    0.1850627369E-21    0.1277860007E-22    0.7070337081E-07    0.2631716352E+35    0.9679880655E-02    0.4870326308E+13    0.2003248354E-01
    0.6110000000E+00    0.1982982953E-21    0.1369251667E-22    0.7235026388E-07    0.1775469058E+35    0.6997518124E-02    0.3520724875E+13    0.1551703800E-01
    0.6110000000E+00    0.2124804516E-21    0.1467179595E-22    0.7403551802E-07    0.1170037569E+35    0.4941180637E-02    0.2486101111E+13    0.1174074140E-01
    0.6110000000E+00    0.2276769058E-21    0.1572111260E-22    0.7576002677E-07    0.7534417605E+34    0.3409420843E-02    0.1715412888E+13    0.8680513232E-02
    0.6110000000E+00    0.2439602000E-21    0.1684547565E-22    0.7752470448E-07    0.4742674747E+34    0.2299610408E-02    0.1157023880E+13    0.6273632246E-02
    0.6110000000E+00    0.2614080640E-21    0.1805025236E-22    0.7933048683E-07    0.2919117815E+34    0.1516640145E-02    0.7630809366E+12    0.4433506392E-02
    0.6110000000E+00    0.2801037871E-21    0.1934119387E-22    0.8117833125E-07    0.1757241207E+34    0.9782780355E-03    0.4922099170E+12    0.3064270459E-02
    0.6110000000E+00    0.3001366153E-21    0.2072446262E-22    0.8306921749E-07    0.1034797917E+34    0.6172860604E-03    0.3105807444E+12    0.2071816376E-02
    0.6110000000E+00    0.3216021775E-21    0.2220666179E-22    0.8500414813E-07    0.5962615853E+33    0.3811252782E-03    0.1917590242E+12    0.1370668859E-02
    0.6110000000E+00    0.3446029418E-21    0.2379486681E-22    0.8698414910E-07    0.3362782004E+33    0.2303189322E-03    0.1158824571E+12    0.8875532735E-03
    0.6110000000E+00    0.3692487048E-21    0.2549665916E-22    0.8901027021E-07    0.1856733366E+33    0.1362637905E-03    0.6855963904E+11    0.5626589835E-03
    0.6110000000E+00    0.3956571157E-21    0.2732016250E-22    0.9108358575E-07    0.1003856092E+33    0.7894095623E-04    0.3971828059E+11    0.3492747371E-03
    0.6110000000E+00    0.4239542377E-21    0.2927408154E-22    0.9320519501E-07    0.5315369306E+32    0.4478827830E-04    0.2253473342E+11    0.2123387027E-03
    0.6110000000E+00    0.4542751502E-21    0.3136774352E-22    0.9537622289E-07    0.2756845924E+32    0.2489106154E-04    0.1252366596E+11    0.1264469069E-03
    0.6110000000E+00    0.4867645933E-21    0.3361114274E-22    0.9759782052E-07    0.1400895199E+32    0.1355303534E-04    0.6819061816E+10    0.7377366551E-04
    0.6110000000E+00    0.5215776589E-21    0.3601498832E-22    0.9987116580E-07    0.6976292492E+31    0.7231953161E-05    0.3638678306E+10    0.4218134235E-04
    0.6110000000E+00    0.5588805307E-21    0.3859075526E-22    0.1021974641E-06    0.3405436350E+31    0.3782715608E-05    0.1903232075E+10    0.2364114371E-04
    0.6110000000E+00    0.5988512779E-21    0.4135073927E-22    0.1045779488E-06    0.1629736594E+31    0.1939761526E-05    0.9759698420E+09    0.1299011910E-04
    0.6110000000E+00    0.6416807053E-21    0.4430811541E-22    0.1070138822E-06    0.7646952500E+30    0.9752575395E-06    0.4906901873E+09    0.6998163875E-05
    0.6110000000E+00    0.6875732635E-21    0.4747700104E-22    0.1095065557E-06    0.3518136176E+30    0.4807768741E-06    0.2418976372E+09    0.3696650236E-05
    0.6110000000E+00    0.7367480256E-21    0.5087252317E-22    0.1120572911E-06    0.1587293230E+30    0.2324278087E-06    0.1169435153E+09    0.1914929896E-05
    0.6110000000E+00    0.7894397325E-21    0.5451089068E-22    0.1146674407E-06    0.7024793610E+29    0.1102210371E-06    0.5545651189E+08    0.9730368430E-06
    0.6110000000E+00    0.8458999137E-21    0.5840947171E-22    0.1173383885E-06    0.3050364107E+29    0.5128408437E-07    0.2580302735E+08    0.4851180095E-06
    0.6110000000E+00    0.9063980879E-21    0.6258687655E-22    0.1200715507E-06    0.1299765988E+29    0.2341510406E-07    0.1178105406E+08    0.2373345054E-06
    0.6110000000E+00    0.9712230494E-21    0.6706304648E-22    0.1228683764E-06    0.5434669817E+28    0.1049069082E-07    0.5278276592E+07    0.1139380754E-06
    0.6110000000E+00    0.1040684247E-20    0.7185934897E-22    0.1257303485E-06    0.2229910729E+28    0.4612309064E-08    0.2320632968E+07    0.5367637677E-07
    0.6110000000E+00    0.1115113261E-20    0.7699867968E-22    0.1286589846E-06    0.8980238120E+27    0.1990301070E-08    0.1001398262E+07    0.2481895937E-07
    0.6110000000E+00    0.1194865387E-20    0.8250557175E-22    0.1316558373E-06    0.3550466390E+27    0.8431722982E-09    0.4242329397E+06    0.1126629507E-07
    0.6110000000E+00    0.1280321329E-20    0.8840631292E-22    0.1347224957E-06    0.1378270516E+27    0.3507239224E-09    0.1764629139E+06    0.5021462008E-08
    0.6110000000E+00    0.1371889021E-20    0.9472907100E-22    0.1378605858E-06    0.5253171017E+26    0.1432360920E-09    0.7206767647E+05    0.2197441161E-08
    0.6110000000E+00    0.1470005571E-20    0.1015040283E-21    0.1410717713E-06    0.1965887467E+26    0.5743671296E-10    0.2889865528E+05    0.9441790709E-09
    0.6110000000E+00    0.1575139348E-20    0.1087635259E-21    0.1443577550E-06    0.7225046358E+25    0.2261890424E-10    0.1138045481E+05    0.3984156171E-09
    0.6110000000E+00    0.1687792220E-20    0.1165422177E-21    0.1477202791E-06    0.2608350841E+25    0.8749775910E-11    0.4402354257E+04    0.1651435903E-09
    0.6110000000E+00    0.1808501947E-20    0.1248772362E-21    0.1511611264E-06    0.9249960485E+24    0.3324840388E-11    0.1672857155E+04    0.6724122132E-10
    0.6110000000E+00    0.1937844750E-20    0.1338083694E-21    0.1546821213E-06    0.3221993079E+24    0.1240953554E-11    0.6243722373E+03    0.2689182763E-10
    0.6110000000E+00    0.2076438060E-20    0.1433782510E-21    0.1582851308E-06    0.1102476408E+24    0.4549882997E-12    0.2289223974E+03    0.1056489099E-10
    0.6110000000E+00    0.2224943467E-20    0.1536325639E-21    0.1619720651E-06    0.3706851207E+23    0.1639215597E-12    0.8247534377E+02    0.4078503781E-11
    0.6110000000E+00    0.2384069878E-20    0.1646202581E-21    0.1657448792E-06    0.1224906442E+23    0.5804086048E-13    0.2920262551E+02    0.1547385896E-11
    0.6110000000E+00    0.2554576900E-20    0.1763937846E-21    0.1696055734E-06    0.3977585495E+22    0.2019530642E-13    0.1016104802E+02    0.5769195270E-12
    0.6110000000E+00    0.2737278465E-20    0.1890093455E-21    0.1735561947E-06    0.1269148385E+22    0.6904676336E-14    0.3474012543E+01    0.2113528542E-12
    0.6110000000E+00    0.2933046719E-20    0.2025271626E-21    0.1775988378E-06    0.3979528224E+21    0.2319863934E-14    0.1167214220E+01    0.7608995105E-13
    0.6110000000E+00    0.3142816182E-20    0.2170117645E-21    0.1817356462E-06    0.1226429468E+21    0.7660788999E-15    0.3854442377E+00    0.2692392006E-13
    0.6110000000E+00    0.3367588212E-20    0.2325322952E-21    0.1859688132E-06    0.3719310662E+20    0.2489392513E-15    0.1252510674E+00    0.9374717094E-14
    0.6110000000E+00    0.3608435782E-20    0.2491628434E-21    0.1903005833E-06    0.1090804985E+20    0.7823084801E-16    0.3936099739E-01    0.3156769193E-14
    0.6110000000E+00    0.3866508602E-20    0.2669827968E-21    0.1947332533E-06    0.4022742648E+19    0.3091385558E-16    0.1555396905E-01    0.1336650808E-14
