    0.6910000000E+00    0.4143038610E-23    0.2860772210E-24    0.1992691735E-07    0.2653627007E-07    0.2185097411E-45    0.1099407915E-30    0.1373886322E-47
    0.6910000000E+00    0.4439345853E-23    0.3065372650E-24    0.2039107488E-07    0.8975734670E-08    0.7919557747E-46    0.3984639049E-31    0.5335571293E-48
    0.6910000000E+00    0.4756844785E-23    0.3284605973E-24    0.2086604403E-07   -0.6613892775E-07   -0.6252994889E-45   -0.3146126135E-30   -0.4514067731E-47
    0.6910000000E+00    0.5097051019E-23    0.3519518710E-24    0.2135207663E-07   -0.1005000955E-06   -0.1018116318E-44   -0.5122541140E-30   -0.7875486577E-47
    0.6910000000E+00    0.5461588566E-23    0.3771232243E-24    0.2184943039E-07   -0.3578606317E-07   -0.3884586962E-45   -0.1954487535E-30   -0.3219769970E-47
    0.6910000000E+00    0.5852197586E-23    0.4040948153E-24    0.2235836900E-07    0.3638259895E-06    0.4231795214E-44    0.2129181578E-29    0.3758414202E-46
    0.6910000000E+00    0.6270742692E-23    0.4329953957E-24    0.2287916232E-07    0.4639141205E-06    0.5781872567E-44    0.2909086081E-29    0.5502353812E-46
    0.6910000000E+00    0.6719221852E-23    0.4639629256E-24    0.2341208647E-07   -0.3311133554E-06   -0.4421886817E-44   -0.2224824093E-29   -0.4509076667E-46
    0.6910000000E+00    0.7199775931E-23    0.4971452317E-24    0.2395742402E-07   -0.1903229100E-05   -0.2723466222E-43   -0.1370282307E-28   -0.2975788017E-45
    0.6910000000E+00    0.7714698903E-23    0.5327007132E-24    0.2451546411E-07   -0.7807328388E-06   -0.1197108104E-43   -0.6023118775E-29   -0.1401565401E-45
    0.6910000000E+00    0.8266448809E-23    0.5707990981E-24    0.2508650263E-07    0.5338917487E-05    0.8771707327E-43    0.4413388810E-28    0.1100434329E-44
    0.6910000000E+00    0.8857659485E-23    0.6116222531E-24    0.2567084234E-07    0.3866447750E-05    0.6806801244E-43    0.3424767759E-28    0.9150041566E-45
    0.6910000000E+00    0.9491153137E-23    0.6553650517E-24    0.2626879307E-07   -0.1235543832E-04   -0.2330714515E-42   -0.1172673571E-27   -0.3357137105E-44
    0.6910000000E+00    0.1016995382E-22    0.7022363048E-24    0.2688067187E-07   -0.9303151498E-05   -0.1880446653E-42   -0.9461262107E-28   -0.2902291398E-44
    0.6910000000E+00    0.1089730185E-22    0.7524597575E-24    0.2750680315E-07    0.2581707708E-04    0.5591624451E-42    0.2813364817E-27    0.9247364846E-44
    0.6910000000E+00    0.1167666930E-22    0.8062751566E-24    0.2814751890E-07    0.1329499197E-04    0.3085453483E-42    0.1552412246E-27    0.5467628525E-44
    0.6910000000E+00    0.1251177658E-22    0.8639393956E-24    0.2880315884E-07   -0.4619773764E-04   -0.1148819059E-41   -0.5780157718E-27   -0.2181381519E-43
    0.6910000000E+00    0.1340661015E-22    0.9257277409E-24    0.2947407060E-07   -0.1170634593E-04   -0.3119265038E-42   -0.1569424161E-27   -0.6346470635E-44
    0.6910000000E+00    0.1436544159E-22    0.9919351458E-24    0.3016060990E-07    0.7924136238E-04    0.2262470148E-41    0.1138337163E-26    0.4932451856E-43
    0.6910000000E+00    0.1539284799E-22    0.1062877658E-23    0.3086314075E-07    0.2877983389E-04    0.8804794149E-42    0.4430036083E-27    0.2056833818E-43
    0.6910000000E+00    0.1649373379E-22    0.1138893930E-23    0.3158203565E-07   -0.2048430208E-03   -0.6715093986E-41   -0.3378626252E-26   -0.1680862131E-42
    0.6910000000E+00    0.1767335417E-22    0.1220346833E-23    0.3231767576E-07   -0.1716973996E-03   -0.6031073782E-41   -0.3034468952E-26   -0.1617613039E-42
    0.6910000000E+00    0.1893734018E-22    0.1307625190E-23    0.3307045113E-07    0.8182373368E-03    0.3079712790E-40    0.1549523879E-25    0.8850956658E-42
    0.6910000000E+00    0.2029172559E-22    0.1401145635E-23    0.3384076090E-07    0.5735201906E-03    0.2313021319E-40    0.1163771433E-25    0.7122945689E-42
    0.6910000000E+00    0.2174297571E-22    0.1501354598E-23    0.3462901348E-07   -0.8659808388E-02   -0.3742305230E-39   -0.1882900034E-24   -0.1234864211E-40
    0.6910000000E+00    0.2329801823E-22    0.1608730435E-23    0.3543562682E-07   -0.6083001940E-02   -0.2816753735E-39   -0.1417218901E-24   -0.9959301412E-41
    0.6910000000E+00    0.2496427630E-22    0.1723785718E-23    0.3626102861E-07    0.1611304849E+00    0.7994819039E-38    0.4022505946E-23    0.3028925806E-39
    0.6910000000E+00    0.2674970400E-22    0.1847069675E-23    0.3710565646E-07    0.6150279388E+00    0.3269834477E-37    0.1645181531E-22    0.1327412082E-38
    0.6910000000E+00    0.2866282424E-22    0.1979170815E-23    0.3796995823E-07    0.2603709527E+00    0.1483281076E-37    0.7462966855E-23    0.6452135115E-39
    0.6910000000E+00    0.3071276952E-22    0.2120719737E-23    0.3885439218E-07   -0.2821198126E+01   -0.1722124362E-36   -0.8664680782E-22   -0.8026838184E-38
    0.6910000000E+00    0.3290932546E-22    0.2272392139E-23    0.3975942724E-07   -0.1213432724E+02   -0.7936821750E-36   -0.3993325243E-21   -0.3963935910E-37
    0.6910000000E+00    0.3526297755E-22    0.2434912046E-23    0.4068554327E-07   -0.8039239323E+02   -0.5634376726E-35   -0.2834875158E-20   -0.3015267723E-36
    0.6910000000E+00    0.3778496121E-22    0.2609055264E-23    0.4163323131E-07   -0.4341314641E+04   -0.3260259633E-33   -0.1640364053E-18   -0.1869528905E-34
    0.6910000000E+00    0.4048731538E-22    0.2795653084E-23    0.4260299385E-07   -0.2019200731E+06   -0.1624839314E-31   -0.8175201681E-17   -0.9983674566E-33
    0.6910000000E+00    0.4338294005E-22    0.2995596250E-23    0.4359534505E-07   -0.2224516492E+06   -0.1918079279E-31   -0.9650606561E-17   -0.1262834829E-32
    0.6910000000E+00    0.4648565778E-22    0.3209839213E-23    0.4461081109E-07    0.8746558724E+07    0.8081056445E-30    0.4065895356E-15    0.5700961887E-31
    0.6910000000E+00    0.4981027973E-22    0.3439404683E-23    0.4564993037E-07    0.2959673137E+09    0.2930047592E-28    0.1474221468E-13    0.2214902799E-29
    0.6910000000E+00    0.5337267633E-22    0.3685388516E-23    0.4671325384E-07    0.3096036349E+09    0.3284255794E-28    0.1652437459E-13    0.2660216434E-29
    0.6910000000E+00    0.5718985306E-22    0.3948964943E-23    0.4780134531E-07   -0.8803100134E+10   -0.1000613979E-26   -0.5034480031E-12   -0.8684534868E-28
    0.6910000000E+00    0.6128003161E-22    0.4231392172E-23    0.4891478167E-07   -0.3613942610E+12   -0.4401616241E-25   -0.2214625174E-10   -0.4093475288E-26
    0.6910000000E+00    0.6566273690E-22    0.4534018400E-23    0.5005415331E-07   -0.1194048026E+14   -0.1558305914E-23   -0.7840446139E-09   -0.1552861477E-24
    0.6910000000E+00    0.7035889022E-22    0.4858288246E-23    0.5122006431E-07   -0.3519103947E+15   -0.4921109391E-22   -0.2476002483E-07   -0.5254640592E-23
    0.6910000000E+00    0.7539090917E-22    0.5205749646E-23    0.5241313287E-07   -0.1048268580E+16   -0.1570737067E-21   -0.7902992127E-07   -0.1797146535E-22
    0.6910000000E+00    0.8078281461E-22    0.5578061244E-23    0.5363399157E-07    0.1816551411E+16    0.2916611726E-21    0.1467461359E-06    0.3575679749E-22
    0.6910000000E+00    0.8656034539E-22    0.5977000309E-23    0.5488328773E-07    0.7986036760E+17    0.1373922478E-19    0.6912741002E-05    0.1804854623E-20
    0.6910000000E+00    0.9275108115E-22    0.6404471218E-23    0.5616168372E-07    0.1635140900E+19    0.3014297446E-18    0.1516610863E-03    0.4242932306E-19
    0.6910000000E+00    0.9938457404E-22    0.6862514550E-23    0.5746985739E-07    0.2918645263E+20    0.5765171582E-17    0.2900683162E-02    0.8695453451E-18
    0.6910000000E+00    0.1064924897E-21    0.7353316823E-23    0.5880850233E-07    0.1112252991E+21    0.2354152031E-16    0.1184465902E-01    0.3804648182E-17
    0.6910000000E+00    0.1141087586E-21    0.7879220933E-23    0.6017832832E-07    0.2352695754E+20    0.5335764983E-17    0.2684631918E-02    0.9240100395E-18
    0.6910000000E+00    0.1222697377E-21    0.8442737340E-23    0.6158006166E-07   -0.1903203649E+22   -0.4625047375E-15   -0.2327042110E+00   -0.8582151621E-16
    0.6910000000E+00    0.1310143844E-21    0.9046556049E-23    0.6301444556E-07   -0.2680463408E+23   -0.6979765099E-14   -0.3511792634E+01   -0.1387780575E-14
    0.6910000000E+00    0.1403844422E-21    0.9693559452E-23    0.6448224056E-07   -0.3035906927E+24   -0.8470701484E-13   -0.4261941005E+02   -0.1804676547E-13
    0.6910000000E+00    0.1504246400E-21    0.1038683609E-22    0.6598422489E-07   -0.3092443535E+25   -0.9245548955E-12   -0.4651797054E+03   -0.2110632882E-12
    0.6910000000E+00    0.1611829057E-21    0.1112969539E-22    0.6752119493E-07   -0.2870790287E+26   -0.9196707884E-11   -0.4627223202E+04   -0.2249636706E-11
    0.6910000000E+00    0.1727105951E-21    0.1192568347E-22    0.6909396560E-07   -0.8374085426E+26   -0.2874539699E-10   -0.1446293277E+05   -0.7534393669E-11
    0.6910000000E+00    0.1850627369E-21    0.1277860007E-22    0.7070337081E-07   -0.6909090264E+26   -0.2541275740E-10   -0.1278615154E+05   -0.7137264439E-11
    0.6910000000E+00    0.1982982953E-21    0.1369251667E-22    0.7235026388E-07    0.2298066681E+27    0.9057191492E-10    0.4557027052E+05    0.2725671714E-10
    0.6910000000E+00    0.2124804516E-21    0.1467179595E-22    0.7403551802E-07    0.2633880441E+28    0.1112312918E-08    0.5596481055E+06    0.3586798492E-09
    0.6910000000E+00    0.2276769058E-21    0.1572111260E-22    0.7576002677E-07    0.1832401703E+29    0.8291853313E-08    0.4171955500E+07    0.2865046058E-08
    0.6910000000E+00    0.2439602000E-21    0.1684547565E-22    0.7752470448E-07    0.1103505174E+30    0.5350634649E-07    0.2692113428E+08    0.1981003738E-07
    0.6910000000E+00    0.2614080640E-21    0.1805025236E-22    0.7933048683E-07    0.6081205408E+30    0.3159516276E-06    0.1589676132E+09    0.1253431470E-06
    0.6910000000E+00    0.2801037871E-21    0.1934119387E-22    0.8117833125E-07    0.3111290562E+31    0.1732094152E-05    0.8714842693E+09    0.7362943924E-06
    0.6910000000E+00    0.3001366153E-21    0.2072446262E-22    0.8306921749E-07    0.1484951001E+32    0.8858150352E-05    0.4456881675E+10    0.4034809594E-05
    0.6910000000E+00    0.3216021775E-21    0.2220666179E-22    0.8500414813E-07    0.6625245123E+32    0.4234799713E-04    0.2130693258E+11    0.2066868623E-04
    0.6910000000E+00    0.3446029418E-21    0.2379486681E-22    0.8698414910E-07    0.2767168250E+33    0.1895249933E-03    0.9535743195E+11    0.9911662083E-04
    0.6910000000E+00    0.3692487048E-21    0.2549665916E-22    0.8901027021E-07    0.1083787412E+34    0.7953806594E-03    0.4001870982E+12    0.4457127152E-03
    0.6910000000E+00    0.3956571157E-21    0.2732016250E-22    0.9108358575E-07    0.3989303548E+34    0.3137097431E-02    0.1578396335E+13    0.1883683807E-02
    0.6910000000E+00    0.4239542377E-21    0.2927408154E-22    0.9320519501E-07    0.1358200388E+35    0.1144444600E-01    0.5758148102E+13    0.7363338595E-02
    0.6910000000E+00    0.4542751502E-21    0.3136774352E-22    0.9537622289E-07    0.3334434215E+35    0.3010600141E-01    0.1514750604E+14    0.2075549402E-01
    0.6910000000E+00    0.4867645933E-21    0.3361114274E-22    0.9759782052E-07    0.5963810974E+35    0.5769720744E-01    0.2902972023E+14    0.4262209484E-01
    0.6910000000E+00    0.5215776589E-21    0.3601498832E-22    0.9987116580E-07    0.8546932282E+35    0.8860152295E-01    0.4457888930E+14    0.7013280100E-01
    0.6910000000E+00    0.5588805307E-21    0.3859075526E-22    0.1021974641E-06    0.1019697403E+36    0.1132666972E+00    0.5698890256E+14    0.9606877091E-01
    0.6910000000E+00    0.5988512779E-21    0.4135073927E-22    0.1045779488E-06    0.1045544776E+36    0.1244438849E+00    0.6261258255E+14    0.1130976440E+00
    0.6910000000E+00    0.6416807053E-21    0.4430811541E-22    0.1070138822E-06    0.1032167832E+36    0.1316379905E+00    0.6623221825E+14    0.1281920939E+00
    0.6910000000E+00    0.6875732635E-21    0.4747700104E-22    0.1095065557E-06    0.9515331303E+35    0.1300333760E+00    0.6542487397E+14    0.1356859361E+00
    0.6910000000E+00    0.7367480256E-21    0.5087252317E-22    0.1120572911E-06    0.7465811236E+35    0.1093220908E+00    0.5500421688E+14    0.1222328467E+00
    0.6910000000E+00    0.7894397325E-21    0.5451089068E-22    0.1146674407E-06    0.5116262378E+35    0.8027563180E-01    0.4038980804E+14    0.9617533986E-01
    0.6910000000E+00    0.8458999137E-21    0.5840947171E-22    0.1173383885E-06    0.3149947811E+35    0.5295833010E-01    0.2664540582E+14    0.6798518438E-01
    0.6910000000E+00    0.9063980879E-21    0.6258687655E-22    0.1200715507E-06    0.1775591441E+35    0.3198703363E-01    0.1609392687E+14    0.4400013047E-01
    0.6910000000E+00    0.9712230494E-21    0.6706304648E-22    0.1228683764E-06    0.9234363449E+34    0.1782534268E-01    0.8968626628E+13    0.2627349723E-01
    0.6910000000E+00    0.1040684247E-20    0.7185934897E-22    0.1257303485E-06    0.4419347974E+34    0.9140903467E-02    0.4599145819E+13    0.1443673950E-01
    0.6910000000E+00    0.1115113261E-20    0.7699867968E-22    0.1286589846E-06    0.1928494966E+34    0.4274146790E-02    0.2150490311E+13    0.7233182631E-02
    0.6910000000E+00    0.1194865387E-20    0.8250557175E-22    0.1316558373E-06    0.7593536906E+33    0.1803329271E-02    0.9073254415E+12    0.3270054790E-02
    0.6910000000E+00    0.1280321329E-20    0.8840631292E-22    0.1347224957E-06    0.2678274293E+33    0.6815315678E-03    0.3429051703E+12    0.1324237780E-02
    0.6910000000E+00    0.1371889021E-20    0.9472907100E-22    0.1378605858E-06    0.8447459543E+32    0.2303334669E-03    0.1158897701E+12    0.4795534744E-03
    0.6910000000E+00    0.1470005571E-20    0.1015040283E-21    0.1410717713E-06    0.2391742183E+32    0.6987877565E-04    0.3515874333E+11    0.1558925225E-03
    0.6910000000E+00    0.1575139348E-20    0.1087635259E-21    0.1443577550E-06    0.6105736908E+31    0.1911476710E-04    0.9617386454E+10    0.4569293007E-04
    0.6910000000E+00    0.1687792220E-20    0.1165422177E-21    0.1477202791E-06    0.1394532761E+31    0.4677993836E-05    0.2353681544E+10    0.1198228493E-04
    0.6910000000E+00    0.1808501947E-20    0.1248772362E-21    0.1511611264E-06    0.2579166344E+30    0.9270651957E-06    0.4664427355E+09    0.2544428634E-05
    0.6910000000E+00    0.1937844750E-20    0.1338083694E-21    0.1546821213E-06    0.5536958591E+29    0.2132564618E-06    0.1072976614E+09    0.6271655532E-06
    0.6910000000E+00    0.2076438060E-20    0.1433782510E-21    0.1582851308E-06    0.1247927199E+29    0.5150153512E-07    0.2591243532E+08    0.1622931433E-06
    0.6910000000E+00    0.2224943467E-20    0.1536325639E-21    0.1619720651E-06    0.2881199108E+28    0.1274101994E-07    0.6410505133E+07    0.4302136571E-07
    0.6910000000E+00    0.2384069878E-20    0.1646202581E-21    0.1657448792E-06    0.5998913116E+27    0.2842519783E-08    0.1430182806E+07    0.1028450736E-07
    0.6910000000E+00    0.2554576900E-20    0.1763937846E-21    0.1696055734E-06    0.1306971980E+27    0.6635859784E-09    0.3338760429E+06    0.2572629221E-08
    0.6910000000E+00    0.2737278465E-20    0.1890093455E-21    0.1735561947E-06    0.3148051266E+26    0.1712666174E-09    0.8617092937E+05    0.7114636524E-09
    0.6910000000E+00    0.2933046719E-20    0.2025271626E-21    0.1775988378E-06    0.7537761303E+25    0.4394134079E-10    0.2210860606E+05    0.1955929973E-09
    0.6910000000E+00    0.3142816182E-20    0.2170117645E-21    0.1817356462E-06    0.1384245678E+25    0.8646574747E-11    0.4350429718E+04    0.4124051667E-10
    0.6910000000E+00    0.3367588212E-20    0.2325322952E-21    0.1859688132E-06    0.3364060521E+24    0.2251618065E-11    0.1132877056E+04    0.1150733408E-10
    0.6910000000E+00    0.3608435782E-20    0.2491628434E-21    0.1903005833E-06    0.6448744455E+23    0.4624939877E-12    0.2326988024E+03    0.2532713637E-11
    0.6910000000E+00    0.3866508602E-20    0.2669827968E-21    0.1947332533E-06    0.2510356561E+23    0.1929151501E-12    0.9706315237E+02    0.1131999754E-11
