    0.6760000000E+00    0.4143038610E-23    0.2860772210E-24    0.1992691735E-07   -0.4134041487E-05   -0.3404127002E-43   -0.1712749350E-28   -0.2430700545E-45
    0.6760000000E+00    0.4439345853E-23    0.3065372650E-24    0.2039107488E-07   -0.3193849666E-04   -0.2818028585E-42   -0.1417860327E-27   -0.2156110914E-44
    0.6760000000E+00    0.4756844785E-23    0.3284605973E-24    0.2086604403E-07   -0.2892513526E-04   -0.2734678791E-42   -0.1375923788E-27   -0.2241981508E-44
    0.6760000000E+00    0.5097051019E-23    0.3519518710E-24    0.2135207663E-07    0.5008103770E-04    0.5073460027E-42    0.2552656042E-27    0.4456869798E-44
    0.6760000000E+00    0.5461588566E-23    0.3771232243E-24    0.2184943039E-07    0.1823830571E-03    0.1979773082E-41    0.9961012195E-27    0.1863550298E-43
    0.6760000000E+00    0.5852197586E-23    0.4040948153E-24    0.2235836900E-07    0.1378112397E-03    0.1602933714E-41    0.8064986041E-27    0.1616744035E-43
    0.6760000000E+00    0.6270742692E-23    0.4329953957E-24    0.2287916232E-07   -0.4306889050E-03   -0.5367778765E-41   -0.2700739303E-26   -0.5801233040E-43
    0.6760000000E+00    0.6719221852E-23    0.4639629256E-24    0.2341208647E-07   -0.8077937583E-03   -0.1078776350E-40   -0.5427745473E-26   -0.1249272330E-42
    0.6760000000E+00    0.7199775931E-23    0.4971452317E-24    0.2395742402E-07    0.1734801580E-03    0.2482451275E-41    0.1249018266E-26    0.3080395192E-43
    0.6760000000E+00    0.7714698903E-23    0.5327007132E-24    0.2451546411E-07    0.2803616114E-02    0.4298822085E-40    0.2162905416E-25    0.5715775667E-42
    0.6760000000E+00    0.8266448809E-23    0.5707990981E-24    0.2508650263E-07    0.1286413579E-02    0.2113545197E-40    0.1063407200E-25    0.3011183648E-42
    0.6760000000E+00    0.8857659485E-23    0.6116222531E-24    0.2567084234E-07   -0.7246350607E-02   -0.1275705027E-39   -0.6418570618E-25   -0.1947493294E-41
    0.6760000000E+00    0.9491153137E-23    0.6553650517E-24    0.2626879307E-07   -0.4583509180E-02   -0.8646274702E-40   -0.4350278753E-25   -0.1414342961E-41
    0.6760000000E+00    0.1016995382E-22    0.7022363048E-24    0.2688067187E-07    0.1619786651E-01    0.3274075872E-39    0.1647315543E-24    0.5738712176E-41
    0.6760000000E+00    0.1089730185E-22    0.7524597575E-24    0.2750680315E-07    0.8413772818E-02    0.1822307679E-39    0.9168742206E-25    0.3422531147E-41
    0.6760000000E+00    0.1167666930E-22    0.8062751566E-24    0.2814751890E-07   -0.3228574839E-01   -0.7492759306E-39   -0.3769900071E-24   -0.1507882447E-40
    0.6760000000E+00    0.1251177658E-22    0.8639393956E-24    0.2880315884E-07   -0.1757397902E-02   -0.4370197130E-40   -0.2198816991E-25   -0.9423814555E-42
    0.6760000000E+00    0.1340661015E-22    0.9257277409E-24    0.2947407060E-07    0.4890649874E-01    0.1303159266E-38    0.6556703623E-24    0.3011086281E-40
    0.6760000000E+00    0.1436544159E-22    0.9919351458E-24    0.3016060990E-07   -0.3364605659E-01   -0.9606497962E-39   -0.4833404607E-24   -0.2378432326E-40
    0.6760000000E+00    0.1539284799E-22    0.1062877658E-23    0.3086314075E-07   -0.2896782102E-01   -0.8862306224E-39   -0.4458972656E-24   -0.2351107334E-40
    0.6760000000E+00    0.1649373379E-22    0.1138893930E-23    0.3158203565E-07    0.1201832297E+00    0.3939805614E-38    0.1982270197E-23    0.1119954808E-39
    0.6760000000E+00    0.1767335417E-22    0.1220346833E-23    0.3231767576E-07   -0.2382541694E+00   -0.8368958867E-38   -0.4210750318E-23   -0.2549160247E-39
    0.6760000000E+00    0.1893734018E-22    0.1307625190E-23    0.3307045113E-07   -0.5342147747E+00   -0.2010697875E-37   -0.1011660692E-22   -0.6562548452E-39
    0.6760000000E+00    0.2029172559E-22    0.1401145635E-23    0.3384076090E-07    0.2947195020E+01    0.1188611146E-36    0.5980367262E-22    0.4156861000E-38
    0.6760000000E+00    0.2174297571E-22    0.1501354598E-23    0.3462901348E-07    0.9109937182E+01    0.3936826779E-36    0.1980771429E-21    0.1475271695E-37
    0.6760000000E+00    0.2329801823E-22    0.1608730435E-23    0.3543562682E-07   -0.6444821717E+01   -0.2984295554E-36   -0.1501515738E-21   -0.1198305453E-37
    0.6760000000E+00    0.2496427630E-22    0.1723785718E-23    0.3626102861E-07   -0.1192499486E+03   -0.5916830450E-35   -0.2976988667E-20   -0.2545744584E-36
    0.6760000000E+00    0.2674970400E-22    0.1847069675E-23    0.3710565646E-07   -0.1154815765E+03   -0.6139650195E-35   -0.3089097989E-20   -0.2830540230E-36
    0.6760000000E+00    0.2866282424E-22    0.1979170815E-23    0.3796995823E-07   -0.1755729558E+02   -0.1000203902E-35   -0.5032416776E-21   -0.4940993113E-37
    0.6760000000E+00    0.3071276952E-22    0.2120719737E-23    0.3885439218E-07   -0.4757023501E+03   -0.2903796790E-34   -0.1461013664E-19   -0.1537063907E-35
    0.6760000000E+00    0.3290932546E-22    0.2272392139E-23    0.3975942724E-07   -0.2357237784E+05   -0.1541822282E-32   -0.7757510541E-18   -0.8745004182E-34
    0.6760000000E+00    0.3526297755E-22    0.2434912046E-23    0.4068554327E-07   -0.1459628841E+07   -0.1022994644E-30   -0.5147085906E-16   -0.6217260492E-32
    0.6760000000E+00    0.3778496121E-22    0.2609055264E-23    0.4163323131E-07   -0.6986123040E+07   -0.5246469520E-30   -0.2639703881E-15   -0.3416589942E-31
    0.6760000000E+00    0.4048731538E-22    0.2795653084E-23    0.4260299385E-07    0.2864221354E+08    0.2304822591E-29    0.1159646333E-14    0.1608285721E-30
    0.6760000000E+00    0.4338294005E-22    0.2995596250E-23    0.4359534505E-07    0.2082475531E+10    0.1795605103E-27    0.9034391110E-13    0.1342568752E-28
    0.6760000000E+00    0.4648565778E-22    0.3209839213E-23    0.4461081109E-07    0.6466686293E+10    0.5974653414E-27    0.3006081660E-12    0.4786724376E-28
    0.6760000000E+00    0.4981027973E-22    0.3439404683E-23    0.4564993037E-07   -0.2881033863E+11   -0.2852195477E-26   -0.1435051026E-11   -0.2448527526E-27
    0.6760000000E+00    0.5337267633E-22    0.3685388516E-23    0.4671325384E-07   -0.1465010764E+13   -0.1554074161E-24   -0.7819154532E-10   -0.1429543725E-25
    0.6760000000E+00    0.5718985306E-22    0.3948964943E-23    0.4780134531E-07   -0.4727376861E+14   -0.5373424474E-23   -0.2703579880E-08   -0.5296352146E-24
    0.6760000000E+00    0.6128003161E-22    0.4231392172E-23    0.4891478167E-07   -0.1354546492E+16   -0.1649775462E-21   -0.8300665187E-07   -0.1742410758E-22
    0.6760000000E+00    0.6566273690E-22    0.4534018400E-23    0.5005415331E-07   -0.7703385914E+16   -0.1005339113E-20   -0.5058254025E-06   -0.1137727572E-21
    0.6760000000E+00    0.7035889022E-22    0.4858288246E-23    0.5122006431E-07    0.7953012557E+15    0.1112148018E-21    0.5595651374E-07    0.1348615963E-22
    0.6760000000E+00    0.7539090917E-22    0.5205749646E-23    0.5241313287E-07    0.2756306330E+18    0.4130079452E-19    0.2078004402E-04    0.5366413214E-20
    0.6760000000E+00    0.8078281461E-22    0.5578061244E-23    0.5363399157E-07    0.5657031232E+19    0.9082794751E-18    0.4569909052E-03    0.1264576783E-18
    0.6760000000E+00    0.8656034539E-22    0.5977000309E-23    0.5488328773E-07    0.9777021832E+20    0.1682044607E-16    0.8463023867E-02    0.2509361397E-17
    0.6760000000E+00    0.9275108115E-22    0.6404471218E-23    0.5616168372E-07    0.4567672405E+21    0.8420267187E-16    0.4236565539E-01    0.1346020197E-16
    0.6760000000E+00    0.9938457404E-22    0.6862514550E-23    0.5746985739E-07    0.2291674754E+21    0.4526722837E-16    0.2277571192E-01    0.7753710972E-17
    0.6760000000E+00    0.1064924897E-21    0.7353316823E-23    0.5880850233E-07   -0.5563681066E+22   -0.1177587400E-14   -0.5924902487E+00   -0.2161318915E-15
    0.6760000000E+00    0.1141087586E-21    0.7879220933E-23    0.6017832832E-07   -0.7904431876E+23   -0.1792675094E-13   -0.9019649089E+01   -0.3525553331E-14
    0.6760000000E+00    0.1222697377E-21    0.8442737340E-23    0.6158006166E-07   -0.8677231185E+24   -0.2108686862E-12   -0.1060962781E+03   -0.4443629039E-13
    0.6760000000E+00    0.1310143844E-21    0.9046556049E-23    0.6301444556E-07   -0.8507508853E+25   -0.2215304010E-11   -0.1114606035E+04   -0.5002176799E-12
    0.6760000000E+00    0.1403844422E-21    0.9693559452E-23    0.6448224056E-07   -0.7384943064E+26   -0.2060525888E-10   -0.1036731113E+05   -0.4985443275E-11
    0.6760000000E+00    0.1504246400E-21    0.1038683609E-22    0.6598422489E-07   -0.1831844376E+27   -0.5476706902E-10   -0.2755545306E+05   -0.1419858949E-10
    0.6760000000E+00    0.1611829057E-21    0.1112969539E-22    0.6752119493E-07   -0.1401233544E+27   -0.4488915696E-10   -0.2258548942E+05   -0.1247002009E-10
    0.6760000000E+00    0.1727105951E-21    0.1192568347E-22    0.6909396560E-07    0.5555658347E+27    0.1907069209E-09    0.9595210594E+05    0.5676650522E-10
    0.6760000000E+00    0.1850627369E-21    0.1277860007E-22    0.7070337081E-07    0.5827696539E+28    0.2143521544E-08    0.1078489471E+07    0.6836810726E-09
    0.6760000000E+00    0.1982982953E-21    0.1369251667E-22    0.7235026388E-07    0.3855625304E+29    0.1519587616E-07    0.7645639249E+07    0.5193396126E-08
    0.6760000000E+00    0.2124804516E-21    0.1467179595E-22    0.7403551802E-07    0.2212414965E+30    0.9343240142E-07    0.4700949308E+08    0.3421552556E-07
    0.6760000000E+00    0.2276769058E-21    0.1572111260E-22    0.7576002677E-07    0.1161680194E+31    0.5256752246E-06    0.2644877522E+09    0.2062733932E-06
    0.6760000000E+00    0.2439602000E-21    0.1684547565E-22    0.7752470448E-07    0.5665389409E+31    0.2747012845E-05    0.1382129533E+10    0.1155011728E-05
    0.6760000000E+00    0.2614080640E-21    0.1805025236E-22    0.7933048683E-07    0.2579836418E+32    0.1340365044E-04    0.6743900434E+10    0.6038774284E-05
    0.6760000000E+00    0.2801037871E-21    0.1934119387E-22    0.8117833125E-07    0.1099267573E+33    0.6119759301E-04    0.3079090103E+11    0.2954337077E-04
    0.6760000000E+00    0.3001366153E-21    0.2072446262E-22    0.8306921749E-07    0.4387727277E+33    0.2617402722E-03    0.1316917614E+12    0.1353930132E-03
    0.6760000000E+00    0.3216021775E-21    0.2220666179E-22    0.8500414813E-07    0.1642523202E+34    0.1049886707E-02    0.5282390384E+12    0.5819265082E-03
    0.6760000000E+00    0.3446029418E-21    0.2379486681E-22    0.8698414910E-07    0.5778061736E+34    0.3957428724E-02    0.1991137072E+13    0.2350383911E-02
    0.6760000000E+00    0.3692487048E-21    0.2549665916E-22    0.8901027021E-07    0.1783668971E+35    0.1309016682E-01    0.6586174573E+13    0.8330496477E-02
    0.6760000000E+00    0.3956571157E-21    0.2732016250E-22    0.9108358575E-07    0.3914926813E+35    0.3078609262E-01    0.1548968651E+14    0.2099327890E-01
    0.6760000000E+00    0.4239542377E-21    0.2927408154E-22    0.9320519501E-07    0.6666546106E+35    0.5617354225E-01    0.2826310472E+14    0.4104474056E-01
    0.6760000000E+00    0.4542751502E-21    0.3136774352E-22    0.9537622289E-07    0.9374015347E+35    0.8463628340E-01    0.4258382230E+14    0.6626470791E-01
    0.6760000000E+00    0.4867645933E-21    0.3361114274E-22    0.9759782052E-07    0.1115427503E+36    0.1079126289E+00    0.5429506151E+14    0.9053113738E-01
    0.6760000000E+00    0.5215776589E-21    0.3601498832E-22    0.9987116580E-07    0.1148136098E+36    0.1190211920E+00    0.5988421380E+14    0.1069916781E+00
    0.6760000000E+00    0.5588805307E-21    0.3859075526E-22    0.1021974641E-06    0.1136421919E+36    0.1262323088E+00    0.6351240853E+14    0.1215895440E+00
    0.6760000000E+00    0.5988512779E-21    0.4135073927E-22    0.1045779488E-06    0.1062637733E+36    0.1264783400E+00    0.6363619641E+14    0.1305394747E+00
    0.6760000000E+00    0.6416807053E-21    0.4430811541E-22    0.1070138822E-06    0.8572251035E+35    0.1093265906E+00    0.5500648090E+14    0.1209070176E+00
    0.6760000000E+00    0.6875732635E-21    0.4747700104E-22    0.1095065557E-06    0.6082885333E+35    0.8312670260E-01    0.4182429320E+14    0.9850681050E-01
    0.6760000000E+00    0.7367480256E-21    0.5087252317E-22    0.1120572911E-06    0.3911496816E+35    0.5727616150E-01    0.2881787556E+14    0.7272765907E-01
    0.6760000000E+00    0.7894397325E-21    0.5451089068E-22    0.1146674407E-06    0.2322587766E+35    0.3644207168E-01    0.1833543065E+14    0.4958253897E-01
    0.6760000000E+00    0.8458999137E-21    0.5840947171E-22    0.1173383885E-06    0.1282966276E+35    0.2156980230E-01    0.1085261062E+14    0.3144646764E-01
    0.6760000000E+00    0.9063980879E-21    0.6258687655E-22    0.1200715507E-06    0.6580389549E+34    0.1185448053E-01    0.5964452505E+13    0.1851860344E-01
    0.6760000000E+00    0.9712230494E-21    0.6706304648E-22    0.1228683764E-06    0.3114380590E+34    0.6011773476E-02    0.3024758214E+13    0.1006301944E-01
    0.6760000000E+00    0.1040684247E-20    0.7185934897E-22    0.1257303485E-06    0.1352882988E+34    0.2798279944E-02    0.1407924014E+13    0.5018996163E-02
    0.6760000000E+00    0.1115113261E-20    0.7699867968E-22    0.1286589846E-06    0.5388093029E+33    0.1194169595E-02    0.6008333990E+12    0.2295047684E-02
    0.6760000000E+00    0.1194865387E-20    0.8250557175E-22    0.1316558373E-06    0.1974596035E+33    0.4689312597E-03    0.2359376456E+12    0.9656836721E-03
    0.6760000000E+00    0.1280321329E-20    0.8840631292E-22    0.1347224957E-06    0.6699976299E+32    0.1704920726E-03    0.8578122562E+11    0.3762096179E-03
    0.6760000000E+00    0.1371889021E-20    0.9472907100E-22    0.1378605858E-06    0.2114540495E+32    0.5765632146E-04    0.2900914890E+11    0.1363240985E-03
    0.6760000000E+00    0.1470005571E-20    0.1015040283E-21    0.1410717713E-06    0.6204853456E+31    0.1812852429E-04    0.9121169149E+10    0.4592912342E-04
    0.6760000000E+00    0.1575139348E-20    0.1087635259E-21    0.1443577550E-06    0.1685340750E+31    0.5276168366E-05    0.2654646531E+10    0.1432334160E-04
    0.6760000000E+00    0.1687792220E-20    0.1165422177E-21    0.1477202791E-06    0.4230368326E+30    0.1419087275E-05    0.7139982749E+09    0.4127953625E-05
    0.6760000000E+00    0.1808501947E-20    0.1248772362E-21    0.1511611264E-06    0.9860147231E+29    0.3544168193E-06    0.1783209546E+09    0.1104688995E-05
    0.6760000000E+00    0.1937844750E-20    0.1338083694E-21    0.1546821213E-06    0.2241346702E+29    0.8632567131E-07    0.4343381939E+08    0.2883139580E-06
    0.6760000000E+00    0.2076438060E-20    0.1433782510E-21    0.1582851308E-06    0.5183871507E+28    0.2139366308E-07    0.1076398809E+08    0.7656157445E-07
    0.6760000000E+00    0.2224943467E-20    0.1536325639E-21    0.1619720651E-06    0.1197167551E+28    0.5294023449E-08    0.2663630121E+07    0.2030072576E-07
    0.6760000000E+00    0.2384069878E-20    0.1646202581E-21    0.1657448792E-06    0.2581737838E+27    0.1223328416E-08    0.6155043412E+06    0.5026535656E-08
    0.6760000000E+00    0.2554576900E-20    0.1763937846E-21    0.1696055734E-06    0.5877041502E+26    0.2983937219E-09    0.1501335446E+06    0.1313758036E-08
    0.6760000000E+00    0.2737278465E-20    0.1890093455E-21    0.1735561947E-06    0.1434952798E+26    0.7806718853E-10    0.3927865391E+05    0.3682936603E-09
    0.6760000000E+00    0.2933046719E-20    0.2025271626E-21    0.1775988378E-06    0.3345489552E+25    0.1950251416E-10    0.9812477153E+04    0.9858624054E-10
    0.6760000000E+00    0.3142816182E-20    0.2170117645E-21    0.1817356462E-06    0.6456426995E+24    0.4032953073E-11    0.2029136324E+04    0.2184484022E-10
    0.6760000000E+00    0.3367588212E-20    0.2325322952E-21    0.1859688132E-06    0.1611370635E+24    0.1078515445E-11    0.5426432757E+03    0.6259679144E-11
    0.6760000000E+00    0.3608435782E-20    0.2491628434E-21    0.1903005833E-06    0.3172580879E+23    0.2275325984E-12    0.1144805437E+03    0.1415042000E-11
    0.6760000000E+00    0.3866508602E-20    0.2669827968E-21    0.1947332533E-06    0.1218973578E+23    0.9367532663E-13    0.4713171825E+02    0.6242390313E-12
