    0.6960000000E+00    0.4143038610E-23    0.2860772210E-24    0.1992691735E-07   -0.2423987916E-08   -0.1996003848E-46   -0.1004267553E-31   -0.1210335329E-48
    0.6960000000E+00    0.4439345853E-23    0.3065372650E-24    0.2039107488E-07    0.3829361565E-08    0.3378759641E-46    0.1699986039E-31    0.2195339208E-48
    0.6960000000E+00    0.4756844785E-23    0.3284605973E-24    0.2086604403E-07    0.8818298752E-08    0.8337113845E-46    0.4194727843E-31    0.5804436547E-48
    0.6960000000E+00    0.5097051019E-23    0.3519518710E-24    0.2135207663E-07    0.6290928398E-08    0.6373025645E-46    0.3206518300E-31    0.4754337434E-48
    0.6960000000E+00    0.5461588566E-23    0.3771232243E-24    0.2184943039E-07   -0.2091592812E-07   -0.2270429727E-45   -0.1142341939E-30   -0.1814898746E-47
    0.6960000000E+00    0.5852197586E-23    0.4040948153E-24    0.2235836900E-07   -0.4637068679E-07   -0.5393546809E-45   -0.2713704213E-30   -0.4619753340E-47
    0.6960000000E+00    0.6270742692E-23    0.4329953957E-24    0.2287916232E-07   -0.1718846918E-07   -0.2142239997E-45   -0.1077844675E-30   -0.1966131040E-47
    0.6960000000E+00    0.6719221852E-23    0.4639629256E-24    0.2341208647E-07    0.1570392102E-06    0.2097196027E-44    0.1055181293E-29    0.2062449684E-46
    0.6960000000E+00    0.7199775931E-23    0.4971452317E-24    0.2395742402E-07    0.1641802620E-06    0.2349372432E-44    0.1182061099E-29    0.2475689668E-46
    0.6960000000E+00    0.7714698903E-23    0.5327007132E-24    0.2451546411E-07   -0.2960838573E-06   -0.4539893384E-44   -0.2284197809E-29   -0.5126134415E-46
    0.6960000000E+00    0.8266448809E-23    0.5707990981E-24    0.2508650263E-07   -0.6006165435E-06   -0.9867978946E-44   -0.4964965911E-29   -0.1193912640E-45
    0.6960000000E+00    0.8857659485E-23    0.6116222531E-24    0.2567084234E-07    0.4718749059E-06    0.8307260058E-44    0.4179707236E-29    0.1076966371E-45
    0.6960000000E+00    0.9491153137E-23    0.6553650517E-24    0.2626879307E-07    0.1586128744E-05    0.2992053532E-43    0.1505419080E-28    0.4156365156E-45
    0.6960000000E+00    0.1016995382E-22    0.7022363048E-24    0.2688067187E-07   -0.9823459143E-06   -0.1985616473E-43   -0.9990412579E-29   -0.2955559475E-45
    0.6960000000E+00    0.1089730185E-22    0.7524597575E-24    0.2750680315E-07   -0.3238603155E-05   -0.7014369803E-43   -0.3529203614E-28   -0.1118749861E-44
    0.6960000000E+00    0.1167666930E-22    0.8062751566E-24    0.2814751890E-07    0.2542120814E-05    0.5899661721E-43    0.2968350408E-28    0.1008257466E-44
    0.6960000000E+00    0.1251177658E-22    0.8639393956E-24    0.2880315884E-07    0.5397343777E-05    0.1342180747E-42    0.6753035947E-28    0.2457849807E-44
    0.6960000000E+00    0.1340661015E-22    0.9257277409E-24    0.2947407060E-07   -0.6202149800E-05   -0.1652620651E-42   -0.8314980445E-28   -0.3242780191E-44
    0.6960000000E+00    0.1436544159E-22    0.9919351458E-24    0.3016060990E-07   -0.8490665320E-05   -0.2424223441E-42   -0.1219721567E-27   -0.5097027565E-44
    0.6960000000E+00    0.1539284799E-22    0.1062877658E-23    0.3086314075E-07    0.1648987398E-04    0.5044850032E-42    0.2538261236E-27    0.1136560599E-43
    0.6960000000E+00    0.1649373379E-22    0.1138893930E-23    0.3158203565E-07    0.1837075874E-04    0.6022239424E-42    0.3030024041E-27    0.1453792264E-43
    0.6960000000E+00    0.1767335417E-22    0.1220346833E-23    0.3231767576E-07   -0.6112125301E-04   -0.2146956142E-41   -0.1080217552E-26   -0.5553509367E-43
    0.6960000000E+00    0.1893734018E-22    0.1307625190E-23    0.3307045113E-07   -0.5250127848E-04   -0.1976063076E-41   -0.9942345704E-27   -0.5477030244E-43
    0.6960000000E+00    0.2029172559E-22    0.1401145635E-23    0.3384076090E-07    0.2590629570E-03    0.1044807406E-40    0.5256834435E-26    0.3102991445E-42
    0.6960000000E+00    0.2174297571E-22    0.1501354598E-23    0.3462901348E-07   -0.1656572891E-03   -0.7158820514E-41   -0.3601882412E-26   -0.2278168328E-42
    0.6960000000E+00    0.2329801823E-22    0.1608730435E-23    0.3543562682E-07   -0.3588077482E-02   -0.1661470890E-39   -0.8359509458E-25   -0.5665484721E-41
    0.6960000000E+00    0.2496427630E-22    0.1723785718E-23    0.3626102861E-07    0.5827827053E-03    0.2891595758E-40    0.1454874848E-25    0.1056530199E-41
    0.6960000000E+00    0.2674970400E-22    0.1847069675E-23    0.3710565646E-07    0.1009123886E+00    0.5365070211E-38    0.2699376524E-23    0.2100485780E-39
    0.6960000000E+00    0.2866282424E-22    0.1979170815E-23    0.3796995823E-07    0.3314921757E+00    0.1888444414E-37    0.9501501972E-23    0.7922249979E-39
    0.6960000000E+00    0.3071276952E-22    0.2120719737E-23    0.3885439218E-07    0.2321074378E+00    0.1416837299E-37    0.7128662241E-23    0.6368898349E-39
    0.6960000000E+00    0.3290932546E-22    0.2272392139E-23    0.3975942724E-07   -0.8055925745E+00   -0.5269220568E-37   -0.2651150822E-22   -0.2537994720E-38
    0.6960000000E+00    0.3526297755E-22    0.2434912046E-23    0.4068554327E-07   -0.7222262130E+01   -0.5061790552E-36   -0.2546784674E-21   -0.2612453126E-37
    0.6960000000E+00    0.3778496121E-22    0.2609055264E-23    0.4163323131E-07   -0.2423211934E+03   -0.1819794395E-34   -0.9156096891E-20   -0.1006390802E-35
    0.6960000000E+00    0.4048731538E-22    0.2795653084E-23    0.4260299385E-07   -0.1853316311E+05   -0.1491353068E-32   -0.7503580199E-18   -0.8837406009E-34
    0.6960000000E+00    0.4338294005E-22    0.2995596250E-23    0.4359534505E-07   -0.1304948478E+06   -0.1125185920E-31   -0.5661250159E-17   -0.7144447103E-33
    0.6960000000E+00    0.4648565778E-22    0.3209839213E-23    0.4461081109E-07    0.3906266316E+06    0.3609048951E-31    0.1815853592E-16    0.2455484000E-32
    0.6960000000E+00    0.4981027973E-22    0.3439404683E-23    0.4564993037E-07    0.3526678071E+08    0.3491376957E-29    0.1756648212E-14    0.2545312306E-30
    0.6960000000E+00    0.5337267633E-22    0.3685388516E-23    0.4671325384E-07    0.2019774763E+09    0.2142564305E-28    0.1078007847E-13    0.1673702255E-29
    0.6960000000E+00    0.5718985306E-22    0.3948964943E-23    0.4780134531E-07   -0.4396850281E+09   -0.4997727832E-28   -0.2514552215E-13   -0.4183280031E-29
    0.6960000000E+00    0.6128003161E-22    0.4231392172E-23    0.4891478167E-07   -0.3133726569E+11   -0.3816735142E-26   -0.1920348632E-11   -0.3423232208E-27
    0.6960000000E+00    0.6566273690E-22    0.4534018400E-23    0.5005415331E-07   -0.1128252558E+13   -0.1472438792E-24   -0.7408415085E-10   -0.1415081934E-25
    0.6960000000E+00    0.7035889022E-22    0.4858288246E-23    0.5122006431E-07   -0.3586588547E+14   -0.5015479749E-23   -0.2523483899E-08   -0.5164839346E-24
    0.6960000000E+00    0.7539090917E-22    0.5205749646E-23    0.5241313287E-07   -0.4699679167E+15   -0.7042050495E-22   -0.3543130852E-07   -0.7770401702E-23
    0.6960000000E+00    0.8078281461E-22    0.5578061244E-23    0.5363399157E-07   -0.3871898843E+15   -0.6216628661E-22   -0.3127828864E-07   -0.7350201791E-23
    0.6960000000E+00    0.8656034539E-22    0.5977000309E-23    0.5488328773E-07    0.8705506349E+16    0.1497700451E-20    0.7535516363E-06    0.1897445438E-21
    0.6960000000E+00    0.9275108115E-22    0.6404471218E-23    0.5616168372E-07    0.2129777882E+18    0.3926135070E-19    0.1975392012E-04    0.5329783554E-20
    0.6960000000E+00    0.9938457404E-22    0.6862514550E-23    0.5746985739E-07    0.4091148653E+19    0.8081206117E-18    0.4065970662E-03    0.1175494279E-18
    0.6960000000E+00    0.1064924897E-21    0.7353316823E-23    0.5880850233E-07    0.5014336530E+20    0.1061315242E-16    0.5339891814E-02    0.1654202746E-17
    0.6960000000E+00    0.1141087586E-21    0.7879220933E-23    0.6017832832E-07    0.6716250890E+20    0.1523203171E-16    0.7663830515E-02    0.2543912510E-17
    0.6960000000E+00    0.1222697377E-21    0.8442737340E-23    0.6158006166E-07   -0.2133032728E+21   -0.5183563737E-16   -0.2608053523E-01   -0.9276257142E-17
    0.6960000000E+00    0.1310143844E-21    0.9046556049E-23    0.6301444556E-07   -0.4624649218E+22   -0.1204230772E-14   -0.6058955706E+00   -0.2309160164E-15
    0.6960000000E+00    0.1403844422E-21    0.9693559452E-23    0.6448224056E-07   -0.5777983499E+23   -0.1612156584E-13   -0.8111389905E+01   -0.3312466975E-14
    0.6960000000E+00    0.1504246400E-21    0.1038683609E-22    0.6598422489E-07   -0.6287529920E+24   -0.1879797158E-12   -0.9457994244E+02   -0.4138617831E-13
    0.6960000000E+00    0.1611829057E-21    0.1112969539E-22    0.6752119493E-07   -0.6229406138E+25   -0.1995618725E-11   -0.1004073782E+04   -0.4707842296E-12
    0.6960000000E+00    0.1727105951E-21    0.1192568347E-22    0.6909396560E-07   -0.4429062561E+26   -0.1520347060E-10   -0.7649460307E+04   -0.3843147691E-11
    0.6960000000E+00    0.1850627369E-21    0.1277860007E-22    0.7070337081E-07   -0.6897998672E+26   -0.2537196072E-10   -0.1276562513E+05   -0.6872240764E-11
    0.6960000000E+00    0.1982982953E-21    0.1369251667E-22    0.7235026388E-07   -0.1257300349E+26   -0.4955300086E-11   -0.2493205158E+04   -0.1438183480E-11
    0.6960000000E+00    0.2124804516E-21    0.1467179595E-22    0.7403551802E-07    0.5998504426E+27    0.2533225829E-09    0.1274564929E+06    0.7878041124E-10
    0.6960000000E+00    0.2276769058E-21    0.1572111260E-22    0.7576002677E-07    0.5057324913E+28    0.2288504550E-08    0.1151436088E+07    0.7625987975E-09
    0.6960000000E+00    0.2439602000E-21    0.1684547565E-22    0.7752470448E-07    0.3305828461E+29    0.1602917750E-07    0.8064905724E+07    0.5723419439E-08
    0.6960000000E+00    0.2614080640E-21    0.1805025236E-22    0.7933048683E-07    0.1935422256E+30    0.1005556910E-06    0.5059349850E+08    0.3847255160E-07
    0.6960000000E+00    0.2801037871E-21    0.1934119387E-22    0.8117833125E-07    0.1045599586E+31    0.5820982939E-06    0.2928764037E+09    0.2386385834E-06
    0.6960000000E+00    0.3001366153E-21    0.2072446262E-22    0.8306921749E-07    0.5257431999E+31    0.3136206048E-05    0.1577947846E+10    0.1377681809E-05
    0.6960000000E+00    0.3216021775E-21    0.2220666179E-22    0.8500414813E-07    0.2468144637E+32    0.1577616829E-04    0.7937606898E+10    0.7425844767E-05
    0.6960000000E+00    0.3446029418E-21    0.2379486681E-22    0.8698414910E-07    0.1083660259E+33    0.7422053333E-04    0.3734325132E+11    0.3743418710E-04
    0.6960000000E+00    0.3692487048E-21    0.2549665916E-22    0.8901027021E-07    0.4456827354E+33    0.3270820680E-03    0.1645677728E+12    0.1767669510E-03
    0.6960000000E+00    0.3956571157E-21    0.2732016250E-22    0.9108358575E-07    0.1720367573E+34    0.1352857869E-02    0.6806756720E+12    0.7834233435E-03
    0.6960000000E+00    0.4239542377E-21    0.2927408154E-22    0.9320519501E-07    0.6247367968E+34    0.5264147025E-02    0.2648598124E+13    0.3266422409E-02
    0.6960000000E+00    0.4542751502E-21    0.3136774352E-22    0.9537622289E-07    0.1972605045E+35    0.1781029297E-01    0.8961054533E+13    0.1184173668E-01
    0.6960000000E+00    0.4867645933E-21    0.3361114274E-22    0.9759782052E-07    0.4254990720E+35    0.4116513472E-01    0.2071178827E+14    0.2932742123E-01
    0.6960000000E+00    0.5215776589E-21    0.3601498832E-22    0.9987116580E-07    0.6934787971E+35    0.7188927620E-01    0.3617030475E+14    0.5487928532E-01
    0.6960000000E+00    0.5588805307E-21    0.3859075526E-22    0.1021974641E-06    0.9184409905E+35    0.1020192631E+00    0.5132987882E+14    0.8345003404E-01
    0.6960000000E+00    0.5988512779E-21    0.4135073927E-22    0.1045779488E-06    0.1015993856E+36    0.1209266455E+00    0.6084292193E+14    0.1059903538E+00
    0.6960000000E+00    0.6416807053E-21    0.4430811541E-22    0.1070138822E-06    0.1015622637E+36    0.1295278916E+00    0.6517054501E+14    0.1216487448E+00
    0.6960000000E+00    0.6875732635E-21    0.4747700104E-22    0.1095065557E-06    0.9824616188E+35    0.1342599611E+00    0.6755143415E+14    0.1351110450E+00
    0.6960000000E+00    0.7367480256E-21    0.5087252317E-22    0.1120572911E-06    0.8437811406E+35    0.1235551175E+00    0.6216540894E+14    0.1332309345E+00
    0.6960000000E+00    0.7894397325E-21    0.5451089068E-22    0.1146674407E-06    0.6157967617E+35    0.9662028733E-01    0.4861344309E+14    0.1116381576E+00
    0.6960000000E+00    0.8458999137E-21    0.5840947171E-22    0.1173383885E-06    0.3969287480E+35    0.6673343471E-01    0.3357619937E+14    0.8262049910E-01
    0.6960000000E+00    0.9063980879E-21    0.6258687655E-22    0.1200715507E-06    0.2314966633E+35    0.4170380292E-01    0.2098281330E+14    0.5532481821E-01
    0.6960000000E+00    0.9712230494E-21    0.6706304648E-22    0.1228683764E-06    0.1238457945E+35    0.2390629023E-01    0.1202818902E+14    0.3398259374E-01
    0.6960000000E+00    0.1040684247E-20    0.7185934897E-22    0.1257303485E-06    0.6095054286E+34    0.1260690563E-01    0.6343026980E+13    0.1920228176E-01
    0.6960000000E+00    0.1115113261E-20    0.7699867968E-22    0.1286589846E-06    0.2741086385E+34    0.6075103012E-02    0.3056621779E+13    0.9915120175E-02
    0.6960000000E+00    0.1194865387E-20    0.8250557175E-22    0.1316558373E-06    0.1112960298E+34    0.2643081752E-02    0.1329837738E+13    0.4622265977E-02
    0.6960000000E+00    0.1280321329E-20    0.8840631292E-22    0.1347224957E-06    0.4029626483E+33    0.1025405673E-02    0.5159216736E+12    0.1921498510E-02
    0.6960000000E+00    0.1371889021E-20    0.9472907100E-22    0.1378605858E-06    0.1289453078E+33    0.3515899618E-03    0.1768986521E+12    0.7059611519E-03
    0.6960000000E+00    0.1470005571E-20    0.1015040283E-21    0.1410717713E-06    0.3634281838E+32    0.1061816641E-03    0.5342414548E+11    0.2284514209E-03
    0.6960000000E+00    0.1575139348E-20    0.1087635259E-21    0.1443577550E-06    0.9032253542E+31    0.2827659060E-04    0.1422705796E+11    0.6518855884E-04
    0.6960000000E+00    0.1687792220E-20    0.1165422177E-21    0.1477202791E-06    0.1951615948E+31    0.6546742845E-05    0.3293922213E+10    0.1617221916E-04
    0.6960000000E+00    0.1808501947E-20    0.1248772362E-21    0.1511611264E-06    0.3404595849E+30    0.1223760664E-05    0.6157218222E+09    0.3239222834E-05
    0.6960000000E+00    0.1937844750E-20    0.1338083694E-21    0.1546821213E-06    0.7228855897E+29    0.2784200399E-06    0.1400840045E+09    0.7896685237E-06
    0.6960000000E+00    0.2076438060E-20    0.1433782510E-21    0.1582851308E-06    0.1614366496E+29    0.6662436145E-07    0.3352132034E+08    0.2024777917E-06
    0.6960000000E+00    0.2224943467E-20    0.1536325639E-21    0.1619720651E-06    0.3733356280E+28    0.1650936469E-07    0.8306506666E+07    0.5376191095E-07
    0.6960000000E+00    0.2384069878E-20    0.1646202581E-21    0.1657448792E-06    0.7697978700E+27    0.3647603544E-08    0.1835251914E+07    0.1272775963E-07
    0.6960000000E+00    0.2554576900E-20    0.1763937846E-21    0.1696055734E-06    0.1653475725E+27    0.8395155545E-09    0.4223930890E+06    0.3138868221E-08
    0.6960000000E+00    0.2737278465E-20    0.1890093455E-21    0.1735561947E-06    0.3958521624E+26    0.2153594561E-09    0.1083557599E+06    0.8627963150E-09
    0.6960000000E+00    0.2933046719E-20    0.2025271626E-21    0.1775988378E-06    0.9538191617E+25    0.5560283903E-10    0.2797596162E+05    0.2386938903E-09
    0.6960000000E+00    0.3142816182E-20    0.2170117645E-21    0.1817356462E-06    0.1765935795E+25    0.1103077011E-10    0.5550011594E+04    0.5073996573E-10
    0.6960000000E+00    0.3367588212E-20    0.2325322952E-21    0.1859688132E-06    0.4203024920E+24    0.2813149994E-11    0.1415405718E+04    0.1386555395E-10
    0.6960000000E+00    0.3608435782E-20    0.2491628434E-21    0.1903005833E-06    0.7751687744E+23    0.5559390670E-12    0.2797146742E+03    0.2936104643E-11
    0.6960000000E+00    0.3866508602E-20    0.2669827968E-21    0.1947332533E-06    0.3079600689E+23    0.2366602571E-12    0.1190730255E+03    0.1339274710E-11
