    0.6450000000E+00    0.4143038610E-23    0.2860772210E-24    0.1992691735E-07   -0.3809359544E+04   -0.3136771541E-34   -0.1578232367E-19   -0.3482696102E-36
    0.6450000000E+00    0.4439345853E-23    0.3065372650E-24    0.2039107488E-07   -0.5122209339E+05   -0.4519477697E-33   -0.2273925879E-18   -0.5376763550E-35
    0.6450000000E+00    0.4756844785E-23    0.3284605973E-24    0.2086604403E-07   -0.4934777685E+05   -0.4665503462E-33   -0.2347397149E-18   -0.5947455575E-35
    0.6450000000E+00    0.5097051019E-23    0.3519518710E-24    0.2135207663E-07    0.6301287284E+05    0.6383519715E-33    0.3211798277E-18    0.8719526355E-35
    0.6450000000E+00    0.5461588566E-23    0.3771232243E-24    0.2184943039E-07    0.2933956052E+06    0.3184817333E-32    0.1602406083E-17    0.4661409091E-34
    0.6450000000E+00    0.5852197586E-23    0.4040948153E-24    0.2235836900E-07    0.2432019296E+06    0.2828771972E-32    0.1423265746E-17    0.4436399330E-34
    0.6450000000E+00    0.6270742692E-23    0.4329953957E-24    0.2287916232E-07   -0.6103984462E+06   -0.7607541731E-32   -0.3827651596E-17   -0.1278430237E-33
    0.6450000000E+00    0.6719221852E-23    0.4639629256E-24    0.2341208647E-07   -0.1327324329E+07   -0.1772588709E-31   -0.8918586637E-17   -0.3191836740E-33
    0.6450000000E+00    0.7199775931E-23    0.4971452317E-24    0.2395742402E-07    0.2069161496E+05    0.2960910718E-33    0.1489749913E-18    0.5712918161E-35
    0.6450000000E+00    0.7714698903E-23    0.5327007132E-24    0.2451546411E-07    0.4451050931E+07    0.6824855923E-31    0.3433851774E-16    0.1410997286E-32
    0.6450000000E+00    0.8266448809E-23    0.5707990981E-24    0.2508650263E-07    0.2549030971E+07    0.4187993859E-31    0.2107143404E-16    0.9277665854E-33
    0.6450000000E+00    0.8857659485E-23    0.6116222531E-24    0.2567084234E-07   -0.1117600824E+08   -0.1967513121E-30   -0.9899327542E-16   -0.4670359677E-32
    0.6450000000E+00    0.9491153137E-23    0.6553650517E-24    0.2626879307E-07   -0.8265738211E+07   -0.1559238574E-30   -0.7845138715E-16   -0.3965931976E-32
    0.6450000000E+00    0.1016995382E-22    0.7022363048E-24    0.2688067187E-07    0.2450409255E+08    0.4953013915E-30    0.2492054896E-15    0.1349901994E-31
    0.6450000000E+00    0.1089730185E-22    0.7524597575E-24    0.2750680315E-07    0.1638138277E+08    0.3547982606E-30    0.1785128727E-15    0.1036129819E-31
    0.6450000000E+00    0.1167666930E-22    0.8062751566E-24    0.2814751890E-07   -0.4947134039E+08   -0.1148112912E-29   -0.5776604818E-15   -0.3592669707E-31
    0.6450000000E+00    0.1251177658E-22    0.8639393956E-24    0.2880315884E-07   -0.2352984146E+08   -0.5851267122E-30   -0.2944001193E-15   -0.1961925968E-31
    0.6450000000E+00    0.1340661015E-22    0.9257277409E-24    0.2947407060E-07    0.9750235325E+08    0.2598041126E-29    0.1307176039E-14    0.9334234607E-31
    0.6450000000E+00    0.1436544159E-22    0.9919351458E-24    0.3016060990E-07    0.3137573909E+08    0.8958285283E-30    0.4507263472E-15    0.3448717171E-31
    0.6450000000E+00    0.1539284799E-22    0.1062877658E-23    0.3086314075E-07   -0.2350837622E+09   -0.7192064215E-29   -0.3618608618E-14   -0.2966786178E-30
    0.6450000000E+00    0.1649373379E-22    0.1138893930E-23    0.3158203565E-07   -0.4614607428E+08   -0.1512744856E-29   -0.7611210645E-15   -0.6686492709E-31
    0.6450000000E+00    0.1767335417E-22    0.1220346833E-23    0.3231767576E-07    0.5760950272E+09    0.2023601769E-28    0.1018153145E-13    0.9584241339E-30
    0.6450000000E+00    0.1893734018E-22    0.1307625190E-23    0.3307045113E-07   -0.1624482944E+10   -0.6114290653E-28   -0.3076338613E-13   -0.3102978529E-29
    0.6450000000E+00    0.2029172559E-22    0.1401145635E-23    0.3384076090E-07   -0.9362885835E+10   -0.3776075349E-27   -0.1899891101E-12   -0.2053398982E-28
    0.6450000000E+00    0.2174297571E-22    0.1501354598E-23    0.3462901348E-07    0.1399082733E+11    0.6046086003E-27    0.3042022187E-12    0.3522954314E-28
    0.6450000000E+00    0.2329801823E-22    0.1608730435E-23    0.3543562682E-07    0.1909814317E+11    0.8843457003E-27    0.4449488877E-12    0.5521470540E-28
    0.6450000000E+00    0.2496427630E-22    0.1723785718E-23    0.3626102861E-07   -0.1938805397E+12   -0.9619780083E-26   -0.4840087362E-11   -0.6435730278E-27
    0.6450000000E+00    0.2674970400E-22    0.1847069675E-23    0.3710565646E-07    0.1019756411E+12    0.5421598698E-26    0.2727818215E-11    0.3886512412E-27
    0.6450000000E+00    0.2866282424E-22    0.1979170815E-23    0.3796995823E-07    0.1952622752E+14    0.1112370004E-23    0.5596768274E-09    0.8544407644E-25
    0.6450000000E+00    0.3071276952E-22    0.2120719737E-23    0.3885439218E-07    0.5242980015E+14    0.3200435847E-23    0.1610264368E-08    0.2634157975E-24
    0.6450000000E+00    0.3290932546E-22    0.2272392139E-23    0.3975942724E-07   -0.2093273643E+15   -0.1369168595E-22   -0.6888822359E-08   -0.1207506896E-23
    0.6450000000E+00    0.3526297755E-22    0.2434912046E-23    0.4068554327E-07   -0.8863413827E+16   -0.6212007203E-21   -0.3125503628E-06   -0.5870358731E-22
    0.6450000000E+00    0.3778496121E-22    0.2609055264E-23    0.4163323131E-07   -0.2297198805E+18   -0.1725160499E-19   -0.8679956773E-05   -0.1746876475E-20
    0.6450000000E+00    0.4048731538E-22    0.2795653084E-23    0.4260299385E-07   -0.3925515130E+19   -0.3158839641E-18   -0.1589335691E-03   -0.3427364311E-19
    0.6450000000E+00    0.4338294005E-22    0.2995596250E-23    0.4359534505E-07   -0.5683930260E+19   -0.4900943147E-18   -0.2465856057E-03   -0.5697867624E-19
    0.6450000000E+00    0.4648565778E-22    0.3209839213E-23    0.4461081109E-07    0.2556223614E+20    0.2361727390E-17    0.1188277361E-02    0.2942134055E-18
    0.6450000000E+00    0.4981027973E-22    0.3439404683E-23    0.4564993037E-07    0.6394186196E+21    0.6330182085E-16    0.3184962031E-01    0.8449847932E-17
    0.6450000000E+00    0.5337267633E-22    0.3685388516E-23    0.4671325384E-07    0.1001081050E+23    0.1061940452E-14    0.5343037486E+00    0.1518912846E-15
    0.6450000000E+00    0.5718985306E-22    0.3948964943E-23    0.4780134531E-07    0.5147811935E+23    0.5851316586E-14    0.2944026081E+01    0.8967807701E-15
    0.6450000000E+00    0.6128003161E-22    0.4231392172E-23    0.4891478167E-07    0.3870942815E+23    0.4714630696E-14    0.2372114981E+01    0.7742484955E-15
    0.6450000000E+00    0.6566273690E-22    0.4534018400E-23    0.5005415331E-07   -0.3663221925E+24   -0.4780729306E-13   -0.2405371775E+02   -0.8412534232E-14
    0.6450000000E+00    0.7035889022E-22    0.4858288246E-23    0.5122006431E-07   -0.5017618696E+25   -0.7016630046E-12   -0.3530340830E+03   -0.1323004342E-12
    0.6450000000E+00    0.7539090917E-22    0.5205749646E-23    0.5241313287E-07   -0.4883058470E+26   -0.7316828042E-11   -0.3681382176E+04   -0.1478276044E-11
    0.6450000000E+00    0.8078281461E-22    0.5578061244E-23    0.5363399157E-07   -0.4172956539E+27   -0.6699999735E-10   -0.3371031745E+05   -0.1450465743E-10
    0.6450000000E+00    0.8656034539E-22    0.5977000309E-23    0.5488328773E-07   -0.1895389901E+28   -0.3260839974E-09   -0.1640656045E+06   -0.7564185608E-10
    0.6450000000E+00    0.9275108115E-22    0.6404471218E-23    0.5616168372E-07   -0.2174704896E+28   -0.4008955690E-09   -0.2017062303E+06   -0.9964693544E-10
    0.6450000000E+00    0.9938457404E-22    0.6862514550E-23    0.5746985739E-07    0.1388946516E+27    0.2743572535E-10    0.1380398578E+05    0.7307168756E-11
    0.6450000000E+00    0.1064924897E-21    0.7353316823E-23    0.5880850233E-07    0.1964738168E+29    0.4158489468E-08    0.2092298591E+07    0.1186774747E-08
    0.6450000000E+00    0.1141087586E-21    0.7879220933E-23    0.6017832832E-07    0.1350761978E+30    0.3063442627E-07    0.1541337724E+08    0.9367904222E-08
    0.6450000000E+00    0.1222697377E-21    0.8442737340E-23    0.6158006166E-07    0.7221808820E+30    0.1754999153E-06    0.8830086704E+08    0.5750552886E-07
    0.6450000000E+00    0.1310143844E-21    0.9046556049E-23    0.6301444556E-07    0.3417532445E+31    0.8899048429E-06    0.4477459095E+09    0.3124469293E-06
    0.6450000000E+00    0.1403844422E-21    0.9693559452E-23    0.6448224056E-07    0.1479027492E+32    0.4126740598E-05    0.2076324494E+10    0.1552529500E-05
    0.6450000000E+00    0.1504246400E-21    0.1038683609E-22    0.6598422489E-07    0.5936963852E+32    0.1774987621E-04    0.8930656498E+10    0.7155302836E-05
    0.6450000000E+00    0.1611829057E-21    0.1112969539E-22    0.6752119493E-07    0.2230754625E+33    0.7146324388E-04    0.3595595123E+11    0.3086849221E-04
    0.6450000000E+00    0.1727105951E-21    0.1192568347E-22    0.6909396560E-07    0.7896679788E+33    0.2710662524E-03    0.1363840266E+12    0.1254608259E-03
    0.6450000000E+00    0.1850627369E-21    0.1277860007E-22    0.7070337081E-07    0.2642144628E+34    0.9718237551E-03    0.4889625162E+12    0.4819702161E-03
    0.6450000000E+00    0.1982982953E-21    0.1369251667E-22    0.7235026388E-07    0.8168569896E+34    0.3219414927E-02    0.1619813485E+13    0.1710840979E-02
    0.6450000000E+00    0.2124804516E-21    0.1467179595E-22    0.7403551802E-07    0.1974242740E+35    0.8337416041E-02    0.4194879889E+13    0.4747491154E-02
    0.6450000000E+00    0.2276769058E-21    0.1572111260E-22    0.7576002677E-07    0.3876087523E+35    0.1753979442E-01    0.8824956141E+13    0.1070180885E-01
    0.6450000000E+00    0.2439602000E-21    0.1684547565E-22    0.7752470448E-07    0.6570529656E+35    0.3185893866E-01    0.1602947729E+14    0.2082878775E-01
    0.6450000000E+00    0.2614080640E-21    0.1805025236E-22    0.7933048683E-07    0.9809589380E+35    0.5096614113E-01    0.2564305768E+14    0.3570380017E-01
    0.6450000000E+00    0.2801037871E-21    0.1934119387E-22    0.8117833125E-07    0.1296670113E+36    0.7218723794E-01    0.3632022094E+14    0.5418675148E-01
    0.6450000000E+00    0.3001366153E-21    0.2072446262E-22    0.8306921749E-07    0.1519257086E+36    0.9062795793E-01    0.4559846795E+14    0.7289452076E-01
    0.6450000000E+00    0.3216021775E-21    0.2220666179E-22    0.8500414813E-07    0.1582922061E+36    0.1011790170E+00    0.5090711816E+14    0.8720133753E-01
    0.6450000000E+00    0.3446029418E-21    0.2379486681E-22    0.8698414910E-07    0.1576089915E+36    0.1079473323E+00    0.5431252214E+14    0.9968839520E-01
    0.6450000000E+00    0.3692487048E-21    0.2549665916E-22    0.8901027021E-07    0.1523950458E+36    0.1118411883E+00    0.5627167330E+14    0.1106711604E+00
    0.6450000000E+00    0.3956571157E-21    0.2732016250E-22    0.9108358575E-07    0.1335184690E+36    0.1049958824E+00    0.5282753233E+14    0.1113281413E+00
    0.6450000000E+00    0.4239542377E-21    0.2927408154E-22    0.9320519501E-07    0.1047657652E+36    0.8827755848E-01    0.4441589012E+14    0.1002958594E+00
    0.6450000000E+00    0.4542751502E-21    0.3136774352E-22    0.9537622289E-07    0.7616711111E+35    0.6876990236E-01    0.3460082584E+14    0.8372036218E-01
    0.6450000000E+00    0.4867645933E-21    0.3361114274E-22    0.9759782052E-07    0.5218773654E+35    0.5048930414E-01    0.2540314235E+14    0.6586156950E-01
    0.6450000000E+00    0.5215776589E-21    0.3601498832E-22    0.9987116580E-07    0.3388025485E+35    0.3512186687E-01    0.1767118401E+14    0.4909194998E-01
    0.6450000000E+00    0.5588805307E-21    0.3859075526E-22    0.1021974641E-06    0.2081201928E+35    0.2311772768E-01    0.1163143238E+14    0.3462404745E-01
    0.6450000000E+00    0.5988512779E-21    0.4135073927E-22    0.1045779488E-06    0.1206675324E+35    0.1436221274E-01    0.7226190596E+13    0.2304910393E-01
    0.6450000000E+00    0.6416807053E-21    0.4430811541E-22    0.1070138822E-06    0.6601630032E+34    0.8419418666E-02    0.4236138615E+13    0.1447820750E-01
    0.6450000000E+00    0.6875732635E-21    0.4747700104E-22    0.1095065557E-06    0.3415683535E+34    0.4667760345E-02    0.2348532675E+13    0.8600847371E-02
    0.6450000000E+00    0.7367480256E-21    0.5087252317E-22    0.1120572911E-06    0.1677036670E+34    0.2455689668E-02    0.1235553456E+13    0.4848486309E-02
    0.6450000000E+00    0.7894397325E-21    0.5451089068E-22    0.1146674407E-06    0.7836734131E+33    0.1229606179E-02    0.6186629296E+12    0.2601349636E-02
    0.6450000000E+00    0.8458999137E-21    0.5840947171E-22    0.1173383885E-06    0.3492068328E+33    0.5871021309E-03    0.2953940297E+12    0.1330902826E-02
    0.6450000000E+00    0.9063980879E-21    0.6258687655E-22    0.1200715507E-06    0.1485644191E+33    0.2676367411E-03    0.1346585054E+12    0.6500973919E-03
    0.6450000000E+00    0.9712230494E-21    0.6706304648E-22    0.1228683764E-06    0.6042023047E+32    0.1166308126E-03    0.5868152048E+11    0.3035610121E-03
    0.6450000000E+00    0.1040684247E-20    0.7185934897E-22    0.1257303485E-06    0.2352997793E+32    0.4866900233E-04    0.2448727736E+11    0.1357329019E-03
    0.6450000000E+00    0.1115113261E-20    0.7699867968E-22    0.1286589846E-06    0.8791767180E+31    0.1948530027E-04    0.9803816173E+10    0.5822906188E-04
    0.6450000000E+00    0.1194865387E-20    0.8250557175E-22    0.1316558373E-06    0.3157424813E+31    0.7498319498E-05    0.3772697621E+10    0.2401024724E-04
    0.6450000000E+00    0.1280321329E-20    0.8840631292E-22    0.1347224957E-06    0.1091616312E+31    0.2777799788E-05    0.1397619647E+10    0.9530893818E-05
    0.6450000000E+00    0.1371889021E-20    0.9472907100E-22    0.1378605858E-06    0.3638897398E+30    0.9922034536E-06    0.4992163391E+09    0.3647820209E-05
    0.6450000000E+00    0.1470005571E-20    0.1015040283E-21    0.1410717713E-06    0.1171771772E+30    0.3423528564E-06    0.1722511034E+09    0.1348672948E-05
    0.6450000000E+00    0.1575139348E-20    0.1087635259E-21    0.1443577550E-06    0.3651959923E+29    0.1143291374E-06    0.5752345773E+08    0.4826025557E-06
    0.6450000000E+00    0.1687792220E-20    0.1165422177E-21    0.1477202791E-06    0.1102799736E+29    0.3699368356E-07    0.1861296815E+08    0.1673247821E-06
    0.6450000000E+00    0.1808501947E-20    0.1248772362E-21    0.1511611264E-06    0.3225550539E+28    0.1159403948E-07    0.5833414431E+07    0.5619109115E-07
    0.6450000000E+00    0.1937844750E-20    0.1338083694E-21    0.1546821213E-06    0.9133522519E+27    0.3517784474E-08    0.1769934866E+07    0.1826845915E-07
    0.6450000000E+00    0.2076438060E-20    0.1433782510E-21    0.1582851308E-06    0.2511054848E+27    0.1036303877E-08    0.5214049857E+06    0.5766599813E-08
    0.6450000000E+00    0.2224943467E-20    0.1536325639E-21    0.1619720651E-06    0.6756167779E+26    0.2987661220E-09    0.1503209137E+06    0.1781410635E-08
    0.6450000000E+00    0.2384069878E-20    0.1646202581E-21    0.1657448792E-06    0.1789949399E+26    0.8481480694E-10    0.4267364447E+05    0.5418815551E-09
    0.6450000000E+00    0.2554576900E-20    0.1763937846E-21    0.1696055734E-06    0.4631452362E+25    0.2351517014E-10    0.1183140122E+05    0.1609832964E-09
    0.6450000000E+00    0.2737278465E-20    0.1890093455E-21    0.1735561947E-06    0.1146095428E+25    0.6235218886E-11    0.3137182333E+04    0.4573876085E-10
    0.6450000000E+00    0.2933046719E-20    0.2025271626E-21    0.1775988378E-06    0.2659819755E+24    0.1550540560E-11    0.7801375605E+03    0.1218753348E-10
    0.6450000000E+00    0.3142816182E-20    0.2170117645E-21    0.1817356462E-06    0.6506136594E+23    0.4064003757E-12    0.2044759137E+03    0.3422841520E-11
    0.6450000000E+00    0.3367588212E-20    0.2325322952E-21    0.1859688132E-06    0.1633552229E+23    0.1093361931E-12    0.5501131232E+02    0.9867261530E-12
    0.6450000000E+00    0.3608435782E-20    0.2491628434E-21    0.1903005833E-06    0.3245199769E+22    0.2327407129E-13    0.1171009496E+02    0.2250634910E-12
    0.6450000000E+00    0.3866508602E-20    0.2669827968E-21    0.1947332533E-06    0.1246260469E+22    0.9577226169E-14    0.4818676824E+01    0.9923672750E-13
