    0.6010000000E+00    0.4143038610E-23    0.2860772210E-24    0.1992691735E-07   -0.1232989268E+33   -0.1015290261E-05   -0.5108322145E+09   -0.8263400724E-07
    0.6010000000E+00    0.4439345853E-23    0.3065372650E-24    0.2039107488E-07   -0.1979315829E+33   -0.1746409245E-05   -0.8786867519E+09   -0.1523051593E-06
    0.6010000000E+00    0.4756844785E-23    0.3284605973E-24    0.2086604403E-07   -0.4527390689E+32   -0.4280346205E-06   -0.2153609479E+09   -0.3999884866E-07
    0.6010000000E+00    0.5097051019E-23    0.3519518710E-24    0.2135207663E-07    0.8358643241E+33    0.8467724374E-05    0.4260443105E+10    0.8478817874E-06
    0.6010000000E+00    0.5461588566E-23    0.3771232243E-24    0.2184943039E-07    0.2386416553E+34    0.2590461706E-04    0.1303362536E+11    0.2779366190E-05
    0.6010000000E+00    0.5852197586E-23    0.4040948153E-24    0.2235836900E-07    0.3813693850E+34    0.4435848963E-04    0.2231848994E+11    0.5099708398E-05
    0.6010000000E+00    0.6270742692E-23    0.4329953957E-24    0.2287916232E-07    0.5166802405E+34    0.6439509333E-04    0.3239968842E+11    0.7932706211E-05
    0.6010000000E+00    0.6719221852E-23    0.4639629256E-24    0.2341208647E-07    0.6916933955E+34    0.9237289458E-04    0.4647641378E+11    0.1219307222E-04
    0.6010000000E+00    0.7199775931E-23    0.4971452317E-24    0.2395742402E-07    0.9484188226E+34    0.1357160117E-03    0.6828403011E+11    0.1919551118E-04
    0.6010000000E+00    0.7714698903E-23    0.5327007132E-24    0.2451546411E-07    0.1307534760E+35    0.2004860536E-03    0.1008723698E+12    0.3038454663E-04
    0.6010000000E+00    0.8266448809E-23    0.5707990981E-24    0.2508650263E-07    0.1782829170E+35    0.2929143545E-03    0.1473766607E+12    0.4756738189E-04
    0.6010000000E+00    0.8857659485E-23    0.6116222531E-24    0.2567084234E-07    0.2414587238E+35    0.4250830859E-03    0.2138759155E+12    0.7396775168E-04
    0.6010000000E+00    0.9491153137E-23    0.6553650517E-24    0.2626879307E-07    0.3258479834E+35    0.6146755826E-03    0.3092673110E+12    0.1146079000E-03
    0.6010000000E+00    0.1016995382E-22    0.7022363048E-24    0.2688067187E-07    0.4359422013E+35    0.8811702717E-03    0.4433512054E+12    0.1760469195E-03
    0.6010000000E+00    0.1089730185E-22    0.7524597575E-24    0.2750680315E-07    0.5769460651E+35    0.1249585968E-02    0.6287155420E+12    0.2675067426E-03
    0.6010000000E+00    0.1167666930E-22    0.8062751566E-24    0.2814751890E-07    0.7547509976E+35    0.1751598722E-02    0.8812977805E+12    0.4017937834E-03
    0.6010000000E+00    0.1251177658E-22    0.8639393956E-24    0.2880315884E-07    0.9755633991E+35    0.2425975564E-02    0.1220603129E+13    0.5962865529E-03
    0.6010000000E+00    0.1340661015E-22    0.9257277409E-24    0.2947407060E-07    0.1245738245E+36    0.3319385723E-02    0.1670112700E+13    0.8742312269E-03
    0.6010000000E+00    0.1436544159E-22    0.9919351458E-24    0.3016060990E-07    0.1569178099E+36    0.4480259422E-02    0.2254193632E+13    0.1264362933E-02
    0.6010000000E+00    0.1539284799E-22    0.1062877658E-23    0.3086314075E-07    0.1946466641E+36    0.5954946840E-02    0.2996166512E+13    0.1800721220E-02
    0.6010000000E+00    0.1649373379E-22    0.1138893930E-23    0.3158203565E-07    0.2377318496E+36    0.7793244347E-02    0.3921085840E+13    0.2525148286E-02
    0.6010000000E+00    0.1767335417E-22    0.1220346833E-23    0.3231767576E-07    0.2859540838E+36    0.1004447465E-01    0.5053767800E+13    0.3487352281E-02
    0.6010000000E+00    0.1893734018E-22    0.1307625190E-23    0.3307045113E-07    0.3384796079E+36    0.1273982414E-01    0.6409903479E+13    0.4739494532E-02
    0.6010000000E+00    0.2029172559E-22    0.1401145635E-23    0.3384076090E-07    0.3938117336E+36    0.1588252603E-01    0.7991119634E+13    0.6331231142E-02
    0.6010000000E+00    0.2174297571E-22    0.1501354598E-23    0.3462901348E-07    0.4503308220E+36    0.1946088545E-01    0.9791532124E+13    0.8312491031E-02
    0.6010000000E+00    0.2329801823E-22    0.1608730435E-23    0.3543562682E-07    0.5059143390E+36    0.2342652720E-01    0.1178680149E+14    0.1072201736E-01
    0.6010000000E+00    0.2496427630E-22    0.1723785718E-23    0.3626102861E-07    0.5577940955E+36    0.2767609653E-01    0.1392492592E+14    0.1357292440E-01
    0.6010000000E+00    0.2674970400E-22    0.1847069675E-23    0.3710565646E-07    0.6043765409E+36    0.3213205655E-01    0.1616689357E+14    0.1688523526E-01
    0.6010000000E+00    0.2866282424E-22    0.1979170815E-23    0.3796995823E-07    0.6447231875E+36    0.3672858641E-01    0.1847958741E+14    0.2068106060E-01
    0.6010000000E+00    0.3071276952E-22    0.2120719737E-23    0.3885439218E-07    0.6749399353E+36    0.4119988933E-01    0.2072927467E+14    0.2485791181E-01
    0.6010000000E+00    0.3290932546E-22    0.2272392139E-23    0.3975942724E-07    0.6884175304E+36    0.4502801944E-01    0.2265535656E+14    0.2911061887E-01
    0.6010000000E+00    0.3526297755E-22    0.2434912046E-23    0.4068554327E-07    0.6886979763E+36    0.4826804742E-01    0.2428554128E+14    0.3343707845E-01
    0.6010000000E+00    0.3778496121E-22    0.2609055264E-23    0.4163323131E-07    0.6846078282E+36    0.5141298089E-01    0.2586788023E+14    0.3816290077E-01
    0.6010000000E+00    0.4048731538E-22    0.2795653084E-23    0.4260299385E-07    0.6663228545E+36    0.5361862015E-01    0.2697762355E+14    0.4264658175E-01
    0.6010000000E+00    0.4338294005E-22    0.2995596250E-23    0.4359534505E-07    0.6318926965E+36    0.5448466182E-01    0.2741336297E+14    0.4643472235E-01
    0.6010000000E+00    0.4648565778E-22    0.3209839213E-23    0.4461081109E-07    0.5887115209E+36    0.5439180345E-01    0.2736664229E+14    0.4967090264E-01
    0.6010000000E+00    0.4981027973E-22    0.3439404683E-23    0.4564993037E-07    0.5390675464E+36    0.5336716230E-01    0.2685110528E+14    0.5222070180E-01
    0.6010000000E+00    0.5337267633E-22    0.3685388516E-23    0.4671325384E-07    0.4844148649E+36    0.5138642275E-01    0.2585451779E+14    0.5387868393E-01
    0.6010000000E+00    0.5718985306E-22    0.3948964943E-23    0.4780134531E-07    0.4269783456E+36    0.4853295938E-01    0.2441882884E+14    0.5452621698E-01
    0.6010000000E+00    0.6128003161E-22    0.4231392172E-23    0.4891478167E-07    0.3693237253E+36    0.4498193478E-01    0.2263216956E+14    0.5415103040E-01
    0.6010000000E+00    0.6566273690E-22    0.4534018400E-23    0.5005415331E-07    0.3135858953E+36    0.4092488280E-01    0.2059090814E+14    0.5279053189E-01
    0.6010000000E+00    0.7035889022E-22    0.4858288246E-23    0.5122006431E-07    0.2613549284E+36    0.3654783183E-01    0.1838864272E+14    0.5051614619E-01
    0.6010000000E+00    0.7539090917E-22    0.5205749646E-23    0.5241313287E-07    0.2138081614E+36    0.3203724798E-01    0.1611919168E+14    0.4744864298E-01
    0.6010000000E+00    0.8078281461E-22    0.5578061244E-23    0.5363399157E-07    0.1716934441E+36    0.2756669089E-01    0.1386987967E+14    0.4374749900E-01
    0.6010000000E+00    0.8656034539E-22    0.5977000309E-23    0.5488328773E-07    0.1353230727E+36    0.2328106129E-01    0.1171361191E+14    0.3958871157E-01
    0.6010000000E+00    0.9275108115E-22    0.6404471218E-23    0.5616168372E-07    0.1046784002E+36    0.1929692018E-01    0.9709034790E+13    0.3516062562E-01
    0.6010000000E+00    0.9938457404E-22    0.6862514550E-23    0.5746985739E-07    0.7949557942E+35    0.1570268443E-01    0.7900634298E+13    0.3065790658E-01
    0.6010000000E+00    0.1064924897E-21    0.7353316823E-23    0.5880850233E-07    0.5929152084E+35    0.1254941595E-01    0.6314101674E+13    0.2625379608E-01
    0.6010000000E+00    0.1141087586E-21    0.7879220933E-23    0.6017832832E-07    0.4343186956E+35    0.9850072980E-02    0.4955956719E+13    0.2208045618E-01
    0.6010000000E+00    0.1222697377E-21    0.8442737340E-23    0.6158006166E-07    0.3123698297E+35    0.7591017710E-02    0.3819337715E+13    0.1823343940E-01
    0.6010000000E+00    0.1310143844E-21    0.9046556049E-23    0.6301444556E-07    0.2205788299E+35    0.5743739735E-02    0.2889899962E+13    0.1478302618E-01
    0.6010000000E+00    0.1403844422E-21    0.9693559452E-23    0.6448224056E-07    0.1529786380E+35    0.4268366611E-02    0.2147582077E+13    0.1177145935E-01
    0.6010000000E+00    0.1504246400E-21    0.1038683609E-22    0.6598422489E-07    0.1042200543E+35    0.3115890728E-02    0.1567726414E+13    0.9207692608E-02
    0.6010000000E+00    0.1611829057E-21    0.1112969539E-22    0.6752119493E-07    0.6974484651E+34    0.2234308032E-02    0.1124167702E+13    0.7074758835E-02
    0.6010000000E+00    0.1727105951E-21    0.1192568347E-22    0.6909396560E-07    0.4584814252E+34    0.1573811337E-02    0.7918459979E+12    0.5339754160E-02
    0.6010000000E+00    0.1850627369E-21    0.1277860007E-22    0.7070337081E-07    0.2960829744E+34    0.1089041322E-02    0.5479392559E+12    0.3959250245E-02
    0.6010000000E+00    0.1982982953E-21    0.1369251667E-22    0.7235026388E-07    0.1878386689E+34    0.7403139378E-03    0.3724808783E+12    0.2883928702E-02
    0.6010000000E+00    0.2124804516E-21    0.1467179595E-22    0.7403551802E-07    0.1170759711E+34    0.4944230311E-03    0.2487635521E+12    0.2063798470E-02
    0.6010000000E+00    0.2276769058E-21    0.1572111260E-22    0.7576002677E-07    0.7170314270E+33    0.3244659402E-03    0.1632514967E+12    0.1451234881E-02
    0.6010000000E+00    0.2439602000E-21    0.1684547565E-22    0.7752470448E-07    0.4315344733E+33    0.2092408228E-03    0.1052772364E+12    0.1002801587E-02
    0.6010000000E+00    0.2614080640E-21    0.1805025236E-22    0.7933048683E-07    0.2552029408E+33    0.1325917793E-03    0.6671210668E+11    0.6809029127E-03
    0.6010000000E+00    0.2801037871E-21    0.1934119387E-22    0.8117833125E-07    0.1483116050E+33    0.8256691513E-04    0.4154264224E+11    0.4543333867E-03
    0.6010000000E+00    0.3001366153E-21    0.2072446262E-22    0.8306921749E-07    0.8470573252E+32    0.5052935173E-04    0.2542329186E+11    0.2979286851E-03
    0.6010000000E+00    0.3216021775E-21    0.2220666179E-22    0.8500414813E-07    0.4754483109E+32    0.3039024720E-04    0.1529052121E+11    0.1920007062E-03
    0.6010000000E+00    0.3446029418E-21    0.2379486681E-22    0.8698414910E-07    0.2622841537E+32    0.1796399711E-04    0.9038389095E+10    0.1216106389E-03
    0.6010000000E+00    0.3692487048E-21    0.2549665916E-22    0.8901027021E-07    0.1422210262E+32    0.1043745778E-04    0.5251492973E+10    0.7571175710E-04
    0.6010000000E+00    0.3956571157E-21    0.2732016250E-22    0.9108358575E-07    0.7581020367E+31    0.5961541716E-05    0.2999484652E+10    0.4633692189E-04
    0.6010000000E+00    0.4239542377E-21    0.2927408154E-22    0.9320519501E-07    0.3972653308E+31    0.3347430662E-05    0.1684223205E+10    0.2787919203E-04
    0.6010000000E+00    0.4542751502E-21    0.3136774352E-22    0.9537622289E-07    0.2046409510E+31    0.1847666009E-05    0.9296329877E+09    0.1648891437E-04
    0.6010000000E+00    0.4867645933E-21    0.3361114274E-22    0.9759782052E-07    0.1036255084E+31    0.1002530510E-05    0.5044122847E+09    0.9586634985E-05
    0.6010000000E+00    0.5215776589E-21    0.3601498832E-22    0.9987116580E-07    0.5158644988E+30    0.5347694205E-06    0.2690633976E+09    0.5479427167E-05
    0.6010000000E+00    0.5588805307E-21    0.3859075526E-22    0.1021974641E-06    0.2524736645E+30    0.2804445518E-06    0.1411026156E+09    0.3079041914E-05
    0.6010000000E+00    0.5988512779E-21    0.4135073927E-22    0.1045779488E-06    0.1214934488E+30    0.1446051580E-06    0.7275650709E+08    0.1701188263E-05
    0.6010000000E+00    0.6416807053E-21    0.4430811541E-22    0.1070138822E-06    0.5749005412E+29    0.7332020007E-07    0.3689025847E+08    0.9242559068E-06
    0.6010000000E+00    0.6875732635E-21    0.4747700104E-22    0.1095065557E-06    0.2674938039E+29    0.3655482008E-07    0.1839215877E+08    0.4937569754E-06
    0.6010000000E+00    0.7367480256E-21    0.5087252317E-22    0.1120572911E-06    0.1223727233E+29    0.1791907342E-07    0.9015786228E+07    0.2593487400E-06
    0.6010000000E+00    0.7894397325E-21    0.5451089068E-22    0.1146674407E-06    0.5504772774E+28    0.8637147192E-08    0.4345686347E+07    0.1339488268E-06
    0.6010000000E+00    0.8458999137E-21    0.5840947171E-22    0.1173383885E-06    0.2435170190E+28    0.4094116934E-08    0.2059910254E+07    0.6803444339E-07
    0.6010000000E+00    0.9063980879E-21    0.6258687655E-22    0.1200715507E-06    0.1059451350E+28    0.1908586917E-08    0.9602846775E+06    0.3398447270E-07
    0.6010000000E+00    0.9712230494E-21    0.6706304648E-22    0.1228683764E-06    0.4532988853E+27    0.8750151551E-09    0.4402543257E+06    0.1669491332E-07
    0.6010000000E+00    0.1040684247E-20    0.7185934897E-22    0.1257303485E-06    0.1907234015E+27    0.3944890090E-09    0.1984828395E+06    0.8064983831E-08
    0.6010000000E+00    0.1115113261E-20    0.7699867968E-22    0.1286589846E-06    0.7891690025E+26    0.1749044835E-09    0.8800128202E+05    0.3831506227E-08
    0.6010000000E+00    0.1194865387E-20    0.8250557175E-22    0.1316558373E-06    0.3211830961E+26    0.7627524375E-10    0.3837705645E+05    0.1790408774E-08
    0.6010000000E+00    0.1280321329E-20    0.8840631292E-22    0.1347224957E-06    0.1285735470E+26    0.3271768366E-10    0.1646154547E+05    0.8229077311E-09
    0.6010000000E+00    0.1371889021E-20    0.9472907100E-22    0.1378605858E-06    0.5062213987E+25    0.1380293438E-10    0.6944795792E+04    0.3719974962E-09
    0.6010000000E+00    0.1470005571E-20    0.1015040283E-21    0.1410717713E-06    0.1960271346E+25    0.5727262853E-11    0.2881609799E+04    0.1653924608E-09
    0.6010000000E+00    0.1575139348E-20    0.1087635259E-21    0.1443577550E-06    0.7466264646E+24    0.2337406802E-11    0.1176040723E+04    0.7232740724E-10
    0.6010000000E+00    0.1687792220E-20    0.1165422177E-21    0.1477202791E-06    0.2797408721E+24    0.9383975135E-12    0.4721444676E+03    0.3111397094E-10
    0.6010000000E+00    0.1808501947E-20    0.1248772362E-21    0.1511611264E-06    0.1031039312E+24    0.3706006259E-12    0.1864636603E+03    0.1316663335E-10
    0.6010000000E+00    0.1937844750E-20    0.1338083694E-21    0.1546821213E-06    0.3737905406E+23    0.1439657654E-12    0.7243480366E+02    0.5480596435E-11
    0.6010000000E+00    0.2076438060E-20    0.1433782510E-21    0.1582851308E-06    0.1333044637E+23    0.5501430309E-13    0.2767984619E+02    0.2244110352E-11
    0.6010000000E+00    0.2224943467E-20    0.1536325639E-21    0.1619720651E-06    0.4676854160E+22    0.2068162938E-13    0.1040573611E+02    0.9039685988E-12
    0.6010000000E+00    0.2384069878E-20    0.1646202581E-21    0.1657448792E-06    0.1614092403E+22    0.7648201429E-14    0.3848109079E+01    0.3582019211E-12
    0.6010000000E+00    0.2554576900E-20    0.1763937846E-21    0.1696055734E-06    0.5479840783E+21    0.2782267381E-14    0.1399867468E+01    0.1396263732E-12
    0.6010000000E+00    0.2737278465E-20    0.1890093455E-21    0.1735561947E-06    0.1830286031E+21    0.9957490232E-15    0.5010002537E+00    0.5354494570E-13
    0.6010000000E+00    0.2933046719E-20    0.2025271626E-21    0.1775988378E-06    0.6014528670E+20    0.3506166398E-15    0.1764089358E+00    0.2020231399E-13
    0.6010000000E+00    0.3142816182E-20    0.2170117645E-21    0.1817356462E-06    0.1944458558E+20    0.1214589760E-15    0.6111075823E-01    0.7498911166E-14
    0.6010000000E+00    0.3367588212E-20    0.2325322952E-21    0.1859688132E-06    0.6186031277E+19    0.4140407012E-16    0.2083200601E-01    0.2739123594E-14
    0.6010000000E+00    0.3608435782E-20    0.2491628434E-21    0.1903005833E-06    0.1920456070E+19    0.1377321419E-16    0.6929842402E-02    0.9763463222E-15
    0.6010000000E+00    0.3866508602E-20    0.2669827968E-21    0.1947332533E-06    0.7148955751E+18    0.5493808701E-17    0.2764149890E-02    0.4172939865E-15
