    0.6380000000E+00    0.4143038610E-23    0.2860772210E-24    0.1992691735E-07   -0.2379016983E+08   -0.1958973072E-30   -0.9856359216E-16   -0.2593062162E-32
    0.6380000000E+00    0.4439345853E-23    0.3065372650E-24    0.2039107488E-07    0.9307475112E+08    0.8212262209E-30    0.4131910104E-15    0.1164789023E-31
    0.6380000000E+00    0.4756844785E-23    0.3284605973E-24    0.2086604403E-07    0.1338975562E+09    0.1265912169E-29    0.6369298920E-15    0.1923924549E-31
    0.6380000000E+00    0.5097051019E-23    0.3519518710E-24    0.2135207663E-07    0.3570931812E+08    0.3617532830E-30    0.1820122163E-15    0.5891107434E-32
    0.6380000000E+00    0.5461588566E-23    0.3771232243E-24    0.2184943039E-07   -0.5351153459E+09   -0.5808691741E-29   -0.2922579855E-14   -0.1013591107E-30
    0.6380000000E+00    0.5852197586E-23    0.4040948153E-24    0.2235836900E-07   -0.6943342388E+09   -0.8076059417E-29   -0.4063381156E-14   -0.1510024408E-30
    0.6380000000E+00    0.6270742692E-23    0.4329953957E-24    0.2287916232E-07    0.2770408683E+09    0.3452826560E-29    0.1737252000E-14    0.6917660200E-31
    0.6380000000E+00    0.6719221852E-23    0.4639629256E-24    0.2341208647E-07    0.2946262803E+10    0.3934616480E-28    0.1979659341E-13    0.8446696082E-30
    0.6380000000E+00    0.7199775931E-23    0.4971452317E-24    0.2395742402E-07    0.2057196287E+10    0.2943788848E-28    0.1481135231E-13    0.6771597209E-30
    0.6380000000E+00    0.7714698903E-23    0.5327007132E-24    0.2451546411E-07   -0.7719338473E+10   -0.1183616492E-27   -0.5955237205E-13   -0.2917396581E-29
    0.6380000000E+00    0.8266448809E-23    0.5707990981E-24    0.2508650263E-07   -0.8735423875E+10   -0.1435208201E-27   -0.7221093429E-13   -0.3790525032E-29
    0.6380000000E+00    0.8857659485E-23    0.6116222531E-24    0.2567084234E-07    0.1585438125E+11    0.2791131006E-27    0.1404327104E-12    0.7898864848E-29
    0.6380000000E+00    0.9491153137E-23    0.6553650517E-24    0.2626879307E-07    0.2430946048E+11    0.4585706385E-27    0.2307248120E-12    0.1390563116E-28
    0.6380000000E+00    0.1016995382E-22    0.7022363048E-24    0.2688067187E-07   -0.3464100481E+11   -0.7001988686E-27   -0.3522974190E-12   -0.2275128163E-28
    0.6380000000E+00    0.1089730185E-22    0.7524597575E-24    0.2750680315E-07   -0.4832065546E+11   -0.1046559057E-26   -0.5265647679E-12   -0.3643746898E-28
    0.6380000000E+00    0.1167666930E-22    0.8062751566E-24    0.2814751890E-07    0.7540939441E+11    0.1750073856E-26    0.8805305609E-12    0.6528912356E-28
    0.6380000000E+00    0.1251177658E-22    0.8639393956E-24    0.2880315884E-07    0.5642236497E+11    0.1403079275E-26    0.7059440245E-12    0.5608757605E-28
    0.6380000000E+00    0.1340661015E-22    0.9257277409E-24    0.2947407060E-07   -0.1278323080E+12   -0.3406211055E-26   -0.1713797918E-11   -0.1459002432E-27
    0.6380000000E+00    0.1436544159E-22    0.9919351458E-24    0.3016060990E-07    0.5128673910E+11    0.1464320056E-26    0.7367566550E-12    0.6720792272E-28
    0.6380000000E+00    0.1539284799E-22    0.1062877658E-23    0.3086314075E-07   -0.6002335320E+10   -0.1836331895E-27   -0.9239303518E-13   -0.9030995776E-29
    0.6380000000E+00    0.1649373379E-22    0.1138893930E-23    0.3158203565E-07   -0.6877604197E+12   -0.2254592732E-25   -0.1134373727E-10   -0.1188098819E-26
    0.6380000000E+00    0.1767335417E-22    0.1220346833E-23    0.3231767576E-07    0.1140414026E+13    0.4005838849E-25    0.2015494098E-10    0.2261923620E-26
    0.6380000000E+00    0.1893734018E-22    0.1307625190E-23    0.3307045113E-07    0.4364504339E+13    0.1642728733E-24    0.8265210338E-10    0.9939174492E-26
    0.6380000000E+00    0.2029172559E-22    0.1401145635E-23    0.3384076090E-07   -0.1091257248E+14   -0.4401067862E-24   -0.2214349263E-09   -0.2853267745E-25
    0.6380000000E+00    0.2174297571E-22    0.1501354598E-23    0.3462901348E-07   -0.2671642580E+14   -0.1154540788E-23   -0.5808945971E-09   -0.8020357778E-25
    0.6380000000E+00    0.2329801823E-22    0.1608730435E-23    0.3543562682E-07    0.1376380993E+15    0.6373376733E-23    0.3206694946E-08    0.4744102375E-24
    0.6380000000E+00    0.2496427630E-22    0.1723785718E-23    0.3626102861E-07    0.1456516286E+16    0.7226803877E-22    0.3636087500E-07    0.5764089699E-23
    0.6380000000E+00    0.2674970400E-22    0.1847069675E-23    0.3710565646E-07    0.5346891226E+15    0.2842708140E-22    0.1430277576E-07    0.2429499056E-23
    0.6380000000E+00    0.2866282424E-22    0.1979170815E-23    0.3796995823E-07   -0.4670369764E+17   -0.2660615948E-20   -0.1338659877E-05   -0.2436501323E-21
    0.6380000000E+00    0.3071276952E-22    0.2120719737E-23    0.3885439218E-07   -0.1243848266E+19   -0.7592736515E-19   -0.3820202513E-04   -0.7450454911E-20
    0.6380000000E+00    0.3290932546E-22    0.2272392139E-23    0.3975942724E-07   -0.2742385606E+20   -0.1793739801E-17   -0.9025006045E-03   -0.1886009632E-18
    0.6380000000E+00    0.3526297755E-22    0.2434912046E-23    0.4068554327E-07   -0.7993018185E+20   -0.5601982205E-17   -0.2818576208E-02   -0.6311406992E-18
    0.6380000000E+00    0.3778496121E-22    0.2609055264E-23    0.4163323131E-07    0.5611513425E+20    0.4214159123E-17    0.2120308171E-02    0.5087394216E-18
    0.6380000000E+00    0.4048731538E-22    0.2795653084E-23    0.4260299385E-07    0.3045257765E+22    0.2450501559E-15    0.1232943116E+00    0.3169855353E-16
    0.6380000000E+00    0.4338294005E-22    0.2995596250E-23    0.4359534505E-07    0.4796139111E+23    0.4135449246E-14    0.2080706155E+01    0.5732012869E-15
    0.6380000000E+00    0.4648565778E-22    0.3209839213E-23    0.4461081109E-07    0.2965579324E+24    0.2739936318E-13    0.1378569056E+02    0.4069348933E-14
    0.6380000000E+00    0.4981027973E-22    0.3439404683E-23    0.4564993037E-07    0.2742220205E+24    0.2714771307E-13    0.1365907555E+02    0.4320337871E-14
    0.6380000000E+00    0.5337267633E-22    0.3685388516E-23    0.4671325384E-07   -0.1411944851E+25   -0.1497782175E-12   -0.7535927550E+02   -0.2554071903E-13
    0.6380000000E+00    0.5718985306E-22    0.3948964943E-23    0.4780134531E-07   -0.2070404047E+26   -0.2353347343E-11   -0.1184061032E+04   -0.4300020177E-12
    0.6380000000E+00    0.6128003161E-22    0.4231392172E-23    0.4891478167E-07   -0.1960697738E+27   -0.2388039861E-10   -0.1201516194E+05   -0.4675478168E-11
    0.6380000000E+00    0.6566273690E-22    0.4534018400E-23    0.5005415331E-07   -0.1609014120E+28   -0.2099862120E-09   -0.1056522708E+06   -0.4405297482E-10
    0.6380000000E+00    0.7035889022E-22    0.4858288246E-23    0.5122006431E-07   -0.5372723085E+28   -0.7513207461E-09   -0.3780188337E+06   -0.1688922972E-09
    0.6380000000E+00    0.7539090917E-22    0.5205749646E-23    0.5241313287E-07   -0.5379395190E+28   -0.8060544393E-09   -0.4055574941E+06   -0.1941551147E-09
    0.6380000000E+00    0.8078281461E-22    0.5578061244E-23    0.5363399157E-07    0.2916068779E+28    0.4681970651E-09    0.2355682435E+06    0.1208406767E-09
    0.6380000000E+00    0.8656034539E-22    0.5977000309E-23    0.5488328773E-07    0.6475919861E+29    0.1114121075E-07    0.5605578599E+07    0.3081178447E-08
    0.6380000000E+00    0.9275108115E-22    0.6404471218E-23    0.5616168372E-07    0.4053061200E+30    0.7471608120E-07    0.3759258083E+08    0.2214106705E-07
    0.6380000000E+00    0.9938457404E-22    0.6862514550E-23    0.5746985739E-07    0.2027142970E+31    0.4004195780E-06    0.2014667406E+09    0.1271451403E-06
    0.6380000000E+00    0.1064924897E-21    0.7353316823E-23    0.5880850233E-07    0.8972755290E+31    0.1899138979E-05    0.9555310505E+09    0.6461616951E-06
    0.6380000000E+00    0.1141087586E-21    0.7879220933E-23    0.6017832832E-07    0.3613738032E+32    0.8195729014E-05    0.4123591608E+10    0.2987941236E-05
    0.6380000000E+00    0.1222697377E-21    0.8442737340E-23    0.6158006166E-07    0.1342260218E+33    0.3261877466E-04    0.1641178048E+11    0.1274242553E-04
    0.6380000000E+00    0.1310143844E-21    0.9046556049E-23    0.6301444556E-07    0.4649662496E+33    0.1210744079E-03    0.6091726697E+11    0.5068002443E-04
    0.6380000000E+00    0.1403844422E-21    0.9693559452E-23    0.6448224056E-07    0.1518508561E+34    0.4236899559E-03    0.2131749773E+12    0.1900345778E-03
    0.6380000000E+00    0.1504246400E-21    0.1038683609E-22    0.6598422489E-07    0.4699029153E+34    0.1404879461E-02    0.7068497684E+12    0.6751861498E-03
    0.6380000000E+00    0.1611829057E-21    0.1112969539E-22    0.6752119493E-07    0.1211569791E+35    0.3881319196E-02    0.1952843394E+13    0.1998774600E-02
    0.6380000000E+00    0.1727105951E-21    0.1192568347E-22    0.6909396560E-07    0.2534291992E+35    0.8699365444E-02    0.4376990781E+13    0.4800340420E-02
    0.6380000000E+00    0.1850627369E-21    0.1277860007E-22    0.7070337081E-07    0.4592220259E+35    0.1689093280E-01    0.8498488495E+13    0.9987070042E-02
    0.6380000000E+00    0.1982982953E-21    0.1369251667E-22    0.7235026388E-07    0.7422777970E+35    0.2925481756E-01    0.1471924218E+14    0.1853454187E-01
    0.6380000000E+00    0.2124804516E-21    0.1467179595E-22    0.7403551802E-07    0.1081471353E+36    0.4567157029E-01    0.2297915215E+14    0.3100490504E-01
    0.6380000000E+00    0.2276769058E-21    0.1572111260E-22    0.7576002677E-07    0.1422293906E+36    0.6436062799E-01    0.3238234756E+14    0.4681712437E-01
    0.6380000000E+00    0.2439602000E-21    0.1684547565E-22    0.7752470448E-07    0.1684965652E+36    0.8169998489E-01    0.4110645575E+14    0.6368049607E-01
    0.6380000000E+00    0.2614080640E-21    0.1805025236E-22    0.7933048683E-07    0.1793575783E+36    0.9318599685E-01    0.4688551731E+14    0.7782786503E-01
    0.6380000000E+00    0.2801037871E-21    0.1934119387E-22    0.8117833125E-07    0.1793687701E+36    0.9985682519E-01    0.5024187179E+14    0.8936392097E-01
    0.6380000000E+00    0.3001366153E-21    0.2072446262E-22    0.8306921749E-07    0.1761701045E+36    0.1050904219E+00    0.5287509888E+14    0.1007737912E+00
    0.6380000000E+00    0.3216021775E-21    0.2220666179E-22    0.8500414813E-07    0.1615631707E+36    0.1032697894E+00    0.5195906750E+14    0.1061103515E+00
    0.6380000000E+00    0.3446029418E-21    0.2379486681E-22    0.8698414910E-07    0.1331296412E+36    0.9118128018E-01    0.4587686600E+14    0.1003899290E+00
    0.6380000000E+00    0.3692487048E-21    0.2549665916E-22    0.8901027021E-07    0.1018040683E+36    0.7471297973E-01    0.3759102036E+14    0.8814151665E-01
    0.6380000000E+00    0.3956571157E-21    0.2732016250E-22    0.9108358575E-07    0.7365103579E+35    0.5791749673E-01    0.2914055638E+14    0.7321401847E-01
    0.6380000000E+00    0.4239542377E-21    0.2927408154E-22    0.9320519501E-07    0.5073631222E+35    0.4275134879E-01    0.2150987457E+14    0.5790742892E-01
    0.6380000000E+00    0.4542751502E-21    0.3136774352E-22    0.9537622289E-07    0.3325510351E+35    0.3002542946E-01    0.1510696714E+14    0.4357864170E-01
    0.6380000000E+00    0.4867645933E-21    0.3361114274E-22    0.9759782052E-07    0.2069483380E+35    0.2002132737E-01    0.1007351236E+14    0.3113704029E-01
    0.6380000000E+00    0.5215776589E-21    0.3601498832E-22    0.9987116580E-07    0.1222379558E+35    0.1267176185E-01    0.6375658679E+13    0.2111647701E-01
    0.6380000000E+00    0.5588805307E-21    0.3859075526E-22    0.1021974641E-06    0.6866083170E+34    0.7626758306E-02    0.3837320205E+13    0.1361834855E-01
    0.6380000000E+00    0.5988512779E-21    0.4135073927E-22    0.1045779488E-06    0.3677755120E+34    0.4377374793E-02    0.2202428354E+13    0.8375258000E-02
    0.6380000000E+00    0.6416807053E-21    0.4430811541E-22    0.1070138822E-06    0.1883182968E+34    0.2401725901E-02    0.1208402175E+13    0.4923885024E-02
    0.6380000000E+00    0.6875732635E-21    0.4747700104E-22    0.1095065557E-06    0.9233631557E+33    0.1261837602E-02    0.6348798183E+12    0.2771966177E-02
    0.6380000000E+00    0.7367480256E-21    0.5087252317E-22    0.1120572911E-06    0.4340654815E+33    0.6356033454E-03    0.3197968864E+12    0.1496134494E-02
    0.6380000000E+00    0.7894397325E-21    0.5451089068E-22    0.1146674407E-06    0.1958705040E+33    0.3073264680E-03    0.1546279583E+12    0.7751476351E-03
    0.6380000000E+00    0.8458999137E-21    0.5840947171E-22    0.1173383885E-06    0.8496084881E+32    0.1428399753E-03    0.7186837468E+11    0.3860417078E-03
    0.6380000000E+00    0.9063980879E-21    0.6258687655E-22    0.1200715507E-06    0.3547632603E+32    0.6391010945E-04    0.3215567407E+11    0.1850776698E-03
    0.6380000000E+00    0.9712230494E-21    0.6706304648E-22    0.1228683764E-06    0.1427960445E+32    0.2756430846E-04    0.1386868097E+11    0.8553257817E-04
    0.6380000000E+00    0.1040684247E-20    0.7185934897E-22    0.1257303485E-06    0.5547191365E+31    0.1147371537E-04    0.5772874669E+10    0.3814947220E-04
    0.6380000000E+00    0.1115113261E-20    0.7699867968E-22    0.1286589846E-06    0.2082128786E+31    0.4614647291E-05    0.2321809422E+10    0.1644080105E-04
    0.6380000000E+00    0.1194865387E-20    0.8250557175E-22    0.1316558373E-06    0.7560570143E+30    0.1795500254E-05    0.9033863571E+09    0.6854407697E-05
    0.6380000000E+00    0.1280321329E-20    0.8840631292E-22    0.1347224957E-06    0.2659534406E+30    0.6767628912E-06    0.3405058627E+09    0.2768350013E-05
    0.6380000000E+00    0.1371889021E-20    0.9472907100E-22    0.1378605858E-06    0.9074587876E+29    0.2474331218E-06    0.1244932748E+09    0.1084531814E-05
    0.6380000000E+00    0.1470005571E-20    0.1015040283E-21    0.1410717713E-06    0.3005927100E+29    0.8782322232E-07    0.4418729583E+08    0.4124713892E-06
    0.6380000000E+00    0.1575139348E-20    0.1087635259E-21    0.1443577550E-06    0.9667598125E+28    0.3026561566E-07    0.1522781421E+08    0.1523119486E-06
    0.6380000000E+00    0.1687792220E-20    0.1165422177E-21    0.1477202791E-06    0.3019195814E+28    0.1012796530E-07    0.5095775205E+07    0.5461433705E-07
    0.6380000000E+00    0.1808501947E-20    0.1248772362E-21    0.1511611264E-06    0.9169796471E+27    0.3296025935E-08    0.1658359477E+07    0.1904474149E-07
    0.6380000000E+00    0.1937844750E-20    0.1338083694E-21    0.1546821213E-06    0.2717780447E+27    0.1046755602E-08    0.5266636570E+06    0.6480816955E-08
    0.6380000000E+00    0.2076438060E-20    0.1433782510E-21    0.1582851308E-06    0.7882198957E+26    0.3252956957E-09    0.1636689791E+06    0.2158056339E-08
    0.6380000000E+00    0.2224943467E-20    0.1536325639E-21    0.1619720651E-06    0.2232482772E+26    0.9872315816E-10    0.4967147959E+05    0.7017840633E-09
    0.6380000000E+00    0.2384069878E-20    0.1646202581E-21    0.1657448792E-06    0.6137910375E+25    0.2908382123E-10    0.1463320724E+05    0.2215317245E-09
    0.6380000000E+00    0.2554576900E-20    0.1763937846E-21    0.1696055734E-06    0.1635586757E+25    0.8304328285E-11    0.4178232146E+04    0.6777803457E-10
    0.6380000000E+00    0.2737278465E-20    0.1890093455E-21    0.1735561947E-06    0.4268923916E+24    0.2322465859E-11    0.1168523350E+04    0.2031111664E-10
    0.6380000000E+00    0.2933046719E-20    0.2025271626E-21    0.1775988378E-06    0.1106993287E+24    0.6453211682E-12    0.3246863029E+03    0.6047284112E-11
    0.6380000000E+00    0.3142816182E-20    0.2170117645E-21    0.1817356462E-06    0.2839376682E+23    0.1773592874E-12    0.8923638983E+02    0.1780895338E-11
    0.6380000000E+00    0.3367588212E-20    0.2325322952E-21    0.1859688132E-06    0.7072479864E+22    0.4733720848E-13    0.2381719982E+02    0.5093157486E-12
    0.6380000000E+00    0.3608435782E-20    0.2491628434E-21    0.1903005833E-06    0.1429726800E+22    0.1025377969E-13    0.5159077343E+01    0.1182138723E-12
    0.6380000000E+00    0.3866508602E-20    0.2669827968E-21    0.1947332533E-06    0.5637794749E+21    0.4332516094E-14    0.2179858189E+01    0.5352105262E-13
