    0.6750000000E+00    0.4143038610E-23    0.2860772210E-24    0.1992691735E-07   -0.2460787034E-04   -0.2026305642E-42   -0.1019513569E-27   -0.1460975110E-44
    0.6750000000E+00    0.4439345853E-23    0.3065372650E-24    0.2039107488E-07   -0.4226511687E-04   -0.3729177009E-42   -0.1876294713E-27   -0.2881050438E-44
    0.6750000000E+00    0.4756844785E-23    0.3284605973E-24    0.2086604403E-07   -0.5218954274E-05   -0.4934173490E-43   -0.2482575542E-28   -0.4084625826E-45
    0.6750000000E+00    0.5097051019E-23    0.3519518710E-24    0.2135207663E-07    0.1761816325E-03    0.1784808205E-41    0.8980067693E-27    0.1583176800E-43
    0.6750000000E+00    0.5461588566E-23    0.3771232243E-24    0.2184943039E-07    0.2180935872E-03    0.2367411865E-41    0.1191137442E-26    0.2250151104E-43
    0.6750000000E+00    0.5852197586E-23    0.4040948153E-24    0.2235836900E-07   -0.5018854763E-04   -0.5837616383E-42   -0.2937132973E-27   -0.5945295090E-44
    0.6750000000E+00    0.6270742692E-23    0.4329953957E-24    0.2287916232E-07   -0.9591758328E-03   -0.1195443766E-40   -0.6014744843E-26   -0.1304568882E-42
    0.6750000000E+00    0.6719221852E-23    0.4639629256E-24    0.2341208647E-07   -0.8344367947E-03   -0.1114357063E-40   -0.5606765945E-26   -0.1303053459E-42
    0.6750000000E+00    0.7199775931E-23    0.4971452317E-24    0.2395742402E-07    0.2096883588E-02    0.3000580237E-40    0.1509709199E-25    0.3759612699E-42
    0.6750000000E+00    0.7714698903E-23    0.5327007132E-24    0.2451546411E-07    0.3630846937E-02    0.5567226170E-40    0.2801089088E-25    0.7474406754E-42
    0.6750000000E+00    0.8266448809E-23    0.5707990981E-24    0.2508650263E-07   -0.2948365856E-02   -0.4844091044E-40   -0.2437251542E-25   -0.6968674193E-42
    0.6750000000E+00    0.8857659485E-23    0.6116222531E-24    0.2567084234E-07   -0.1088856551E-01   -0.1916909422E-39   -0.9644720553E-25   -0.2954877325E-41
    0.6750000000E+00    0.9491153137E-23    0.6553650517E-24    0.2626879307E-07    0.4409111328E-02    0.8317292762E-40    0.4184755081E-25    0.1373788422E-41
    0.6750000000E+00    0.1016995382E-22    0.7022363048E-24    0.2688067187E-07    0.2535172263E-01    0.5124345440E-39    0.2578258483E-24    0.9069352079E-41
    0.6750000000E+00    0.1089730185E-22    0.7524597575E-24    0.2750680315E-07   -0.1235796947E-01   -0.2676566524E-39   -0.1346685236E-24   -0.5075933285E-41
    0.6750000000E+00    0.1167666930E-22    0.8062751566E-24    0.2814751890E-07   -0.4655962437E-01   -0.1080538864E-38   -0.5436613366E-24   -0.2195726559E-40
    0.6750000000E+00    0.1251177658E-22    0.8639393956E-24    0.2880315884E-07    0.4122988219E-01    0.1025281256E-38    0.5158590744E-24    0.2232445581E-40
    0.6750000000E+00    0.1340661015E-22    0.9257277409E-24    0.2947407060E-07    0.5821608171E-01    0.1551221785E-38    0.7804803118E-24    0.3619193129E-40
    0.6750000000E+00    0.1436544159E-22    0.9919351458E-24    0.3016060990E-07   -0.9331150798E-01   -0.2664195754E-38   -0.1340461018E-23   -0.6660456484E-40
    0.6750000000E+00    0.1539284799E-22    0.1062877658E-23    0.3086314075E-07    0.1507475902E-01    0.4611915083E-39    0.2320434741E-24    0.1235432908E-40
    0.6750000000E+00    0.1649373379E-22    0.1138893930E-23    0.3158203565E-07    0.1849368820E+00    0.6062537739E-38    0.3050299699E-23    0.1740172569E-39
    0.6750000000E+00    0.1767335417E-22    0.1220346833E-23    0.3231767576E-07   -0.5624983802E+00   -0.1975841942E-37   -0.9941233093E-23   -0.6077011573E-39
    0.6750000000E+00    0.1893734018E-22    0.1307625190E-23    0.3307045113E-07   -0.5660600542E+00   -0.2130558349E-37   -0.1071967181E-22   -0.7021522565E-39
    0.6750000000E+00    0.2029172559E-22    0.1401145635E-23    0.3384076090E-07    0.6591260664E+01    0.2658271964E-36    0.1337480527E-21    0.9387226010E-38
    0.6750000000E+00    0.2174297571E-22    0.1501354598E-23    0.3462901348E-07    0.1044808751E+02    0.4515103657E-36    0.2271725129E-21    0.1708463042E-37
    0.6750000000E+00    0.2329801823E-22    0.1608730435E-23    0.3543562682E-07   -0.2964937094E+02   -0.1372923717E-35   -0.6907715845E-21   -0.5566526369E-37
    0.6750000000E+00    0.2496427630E-22    0.1723785718E-23    0.3626102861E-07   -0.1631728368E+03   -0.8096154511E-35   -0.4073491783E-20   -0.3517358630E-36
    0.6750000000E+00    0.2674970400E-22    0.1847069675E-23    0.3710565646E-07   -0.9078521548E+02   -0.4826652724E-35   -0.2428477642E-20   -0.2246900888E-36
    0.6750000000E+00    0.2866282424E-22    0.1979170815E-23    0.3796995823E-07    0.1273548690E+02    0.7255151361E-36    0.3650350227E-21    0.3618964648E-37
    0.6750000000E+00    0.3071276952E-22    0.2120719737E-23    0.3885439218E-07   -0.1070965783E+04   -0.6537421987E-34   -0.3289232525E-19   -0.3494172832E-35
    0.6750000000E+00    0.3290932546E-22    0.2272392139E-23    0.3975942724E-07   -0.5100030018E+05   -0.3335828050E-32   -0.1678385477E-17   -0.1910475706E-33
    0.6750000000E+00    0.3526297755E-22    0.2434912046E-23    0.4068554327E-07   -0.3051920872E+07   -0.2138967537E-30   -0.1076198172E-15   -0.1312629186E-31
    0.6750000000E+00    0.3778496121E-22    0.2609055264E-23    0.4163323131E-07   -0.8395816047E+07   -0.6305126997E-30   -0.3172355836E-15   -0.4146022950E-31
    0.6750000000E+00    0.4048731538E-22    0.2795653084E-23    0.4260299385E-07    0.6825458742E+08    0.5492407730E-29    0.2763445007E-14    0.3869907933E-30
    0.6750000000E+00    0.4338294005E-22    0.2995596250E-23    0.4359534505E-07    0.3737525698E+10    0.3222664621E-27    0.1621448533E-12    0.2433060873E-28
    0.6750000000E+00    0.4648565778E-22    0.3209839213E-23    0.4461081109E-07    0.7323244986E+10    0.6766038845E-27    0.3404258603E-12    0.5473591094E-28
    0.6750000000E+00    0.4981027973E-22    0.3439404683E-23    0.4564993037E-07   -0.6404110739E+11   -0.6340007286E-26   -0.3189905473E-11   -0.5495758247E-27
    0.6750000000E+00    0.5337267633E-22    0.3685388516E-23    0.4671325384E-07   -0.2807628931E+13   -0.2978315028E-24   -0.1498506702E-09   -0.2766358725E-25
    0.6750000000E+00    0.5718985306E-22    0.3948964943E-23    0.4780134531E-07   -0.8846775883E+14   -0.1005578431E-22   -0.5059458128E-08   -0.1000815016E-23
    0.6750000000E+00    0.6128003161E-22    0.4231392172E-23    0.4891478167E-07   -0.2488691364E+16   -0.3031111866E-21   -0.1525070855E-06   -0.3232509635E-22
    0.6750000000E+00    0.6566273690E-22    0.4534018400E-23    0.5005415331E-07   -0.9259899213E+16   -0.1208473645E-20   -0.6080303257E-06   -0.1380940755E-21
    0.6750000000E+00    0.7035889022E-22    0.4858288246E-23    0.5122006431E-07    0.8400518547E+16    0.1174727184E-20    0.5910511623E-06    0.1438384128E-21
    0.6750000000E+00    0.7539090917E-22    0.5205749646E-23    0.5241313287E-07    0.4925089630E+18    0.7379807991E-19    0.3713069850E-04    0.9682397892E-20
    0.6750000000E+00    0.8078281461E-22    0.5578061244E-23    0.5363399157E-07    0.9705329954E+19    0.1558264686E-17    0.7840238704E-03    0.2190680750E-18
    0.6750000000E+00    0.8656034539E-22    0.5977000309E-23    0.5488328773E-07    0.1643679466E+21    0.2827795855E-16    0.1422774623E-01    0.4259767708E-17
    0.6750000000E+00    0.9275108115E-22    0.6404471218E-23    0.5616168372E-07    0.5273482620E+21    0.9721391714E-16    0.4891212145E-01    0.1569156667E-16
    0.6750000000E+00    0.9938457404E-22    0.6862514550E-23    0.5746985739E-07    0.4935767558E+20    0.9749573619E-17    0.4905391563E-02    0.1686255916E-17
    0.6750000000E+00    0.1064924897E-21    0.7353316823E-23    0.5880850233E-07   -0.9431142555E+22   -0.1996159470E-14   -0.1004345852E+01   -0.3699415371E-15
    0.6750000000E+00    0.1141087586E-21    0.7879220933E-23    0.6017832832E-07   -0.1252370489E+24   -0.2840296961E-13   -0.1429064418E+02   -0.5640292315E-14
    0.6750000000E+00    0.1222697377E-21    0.8442737340E-23    0.6158006166E-07   -0.1343328131E+25   -0.3264472643E-12   -0.1642483783E+03   -0.6946257790E-13
    0.6750000000E+00    0.1310143844E-21    0.9046556049E-23    0.6301444556E-07   -0.1294151149E+26   -0.3369891562E-11   -0.1695524161E+04   -0.7683406124E-12
    0.6750000000E+00    0.1403844422E-21    0.9693559452E-23    0.6448224056E-07   -0.1014363123E+27   -0.2830247242E-10   -0.1424008011E+05   -0.6914523216E-11
    0.6750000000E+00    0.1504246400E-21    0.1038683609E-22    0.6598422489E-07   -0.1976371262E+27   -0.5908802230E-10   -0.2972949355E+05   -0.1546811234E-10
    0.6750000000E+00    0.1611829057E-21    0.1112969539E-22    0.6752119493E-07   -0.1135940883E+27   -0.3639038532E-10   -0.1830942522E+05   -0.1020762055E-10
    0.6750000000E+00    0.1727105951E-21    0.1192568347E-22    0.6909396560E-07    0.9217983496E+27    0.3164221303E-09    0.1592043415E+06    0.9510529860E-10
    0.6750000000E+00    0.1850627369E-21    0.1277860007E-22    0.7070337081E-07    0.8398705954E+28    0.3089180611E-08    0.1554287510E+07    0.9949039697E-09
    0.6750000000E+00    0.1982982953E-21    0.1369251667E-22    0.7235026388E-07    0.5374391294E+29    0.2118167045E-07    0.1065732632E+08    0.7309675038E-08
    0.6750000000E+00    0.2124804516E-21    0.1467179595E-22    0.7403551802E-07    0.3025190760E+30    0.1277567011E-06    0.6427938987E+08    0.4724126870E-07
    0.6750000000E+00    0.2276769058E-21    0.1572111260E-22    0.7576002677E-07    0.1563700682E+31    0.7075946645E-06    0.3560185330E+09    0.2803641068E-06
    0.6750000000E+00    0.2439602000E-21    0.1684547565E-22    0.7752470448E-07    0.7516293234E+31    0.3644472175E-05    0.1833676400E+10    0.1547292791E-05
    0.6750000000E+00    0.2614080640E-21    0.1805025236E-22    0.7933048683E-07    0.3375271235E+32    0.1753636605E-04    0.8823231190E+10    0.7977695679E-05
    0.6750000000E+00    0.2801037871E-21    0.1934119387E-22    0.8117833125E-07    0.1418705752E+33    0.7898111373E-04    0.3973848540E+11    0.3850003434E-04
    0.6750000000E+00    0.3001366153E-21    0.2072446262E-22    0.8306921749E-07    0.5587229225E+33    0.3332939369E-03    0.1676932069E+12    0.1740865732E-03
    0.6750000000E+00    0.3216021775E-21    0.2220666179E-22    0.8500414813E-07    0.2064177166E+34    0.1319404295E-02    0.6638438713E+12    0.7384409234E-03
    0.6750000000E+00    0.3446029418E-21    0.2379486681E-22    0.8698414910E-07    0.7169028344E+34    0.4910109997E-02    0.2470468258E+13    0.2944618828E-02
    0.6750000000E+00    0.3692487048E-21    0.2549665916E-22    0.8901027021E-07    0.2093432814E+35    0.1536349245E-01    0.7729973553E+13    0.9872515281E-02
    0.6750000000E+00    0.3956571157E-21    0.2732016250E-22    0.9108358575E-07    0.4356148136E+35    0.3425575659E-01    0.1723541007E+14    0.2358693049E-01
    0.6750000000E+00    0.4239542377E-21    0.2927408154E-22    0.9320519501E-07    0.7162743913E+35    0.6035459613E-01    0.3036675635E+14    0.4452954027E-01
    0.6750000000E+00    0.4542751502E-21    0.3136774352E-22    0.9537622289E-07    0.9795538419E+35    0.8844213872E-01    0.4449869687E+14    0.6991930448E-01
    0.6750000000E+00    0.4867645933E-21    0.3361114274E-22    0.9759782052E-07    0.1136665651E+36    0.1099673248E+00    0.5532885932E+14    0.9315400326E-01
    0.6750000000E+00    0.5215776589E-21    0.3601498832E-22    0.9987116580E-07    0.1155576927E+36    0.1197925434E+00    0.6027231082E+14    0.1087345719E+00
    0.6750000000E+00    0.5588805307E-21    0.3859075526E-22    0.1021974641E-06    0.1139662991E+36    0.1265923229E+00    0.6369354569E+14    0.1231247134E+00
    0.6750000000E+00    0.5988512779E-21    0.4135073927E-22    0.1045779488E-06    0.1048050608E+36    0.1247421365E+00    0.6276264458E+14    0.1300023016E+00
    0.6750000000E+00    0.6416807053E-21    0.4430811541E-22    0.1070138822E-06    0.8284304777E+35    0.1056542550E+00    0.5315878532E+14    0.1179844725E+00
    0.6750000000E+00    0.6875732635E-21    0.4747700104E-22    0.1095065557E-06    0.5795670849E+35    0.7920172430E-01    0.3984948320E+14    0.9477035339E-01
    0.6750000000E+00    0.7367480256E-21    0.5087252317E-22    0.1120572911E-06    0.3689973241E+35    0.5403238536E-01    0.2718580500E+14    0.6927746762E-01
    0.6750000000E+00    0.7894397325E-21    0.5451089068E-22    0.1146674407E-06    0.2174829200E+35    0.3412369718E-01    0.1716896582E+14    0.4688068434E-01
    0.6750000000E+00    0.8458999137E-21    0.5840947171E-22    0.1173383885E-06    0.1193348425E+35    0.2006310695E-01    0.1009453330E+14    0.2953493719E-01
    0.6750000000E+00    0.9063980879E-21    0.6258687655E-22    0.1200715507E-06    0.6078662503E+34    0.1095062622E-01    0.5509688069E+13    0.1727335977E-01
    0.6750000000E+00    0.9712230494E-21    0.6706304648E-22    0.1228683764E-06    0.2856564454E+34    0.5514103983E-02    0.2774361240E+13    0.9319933530E-02
    0.6750000000E+00    0.1040684247E-20    0.7185934897E-22    0.1257303485E-06    0.1232798451E+34    0.2549899148E-02    0.1282953928E+13    0.4618073782E-02
    0.6750000000E+00    0.1115113261E-20    0.7699867968E-22    0.1286589846E-06    0.4885497018E+33    0.1082778631E-02    0.5447882513E+12    0.2101249097E-02
    0.6750000000E+00    0.1194865387E-20    0.8250557175E-22    0.1316558373E-06    0.1785581419E+33    0.4240436675E-03    0.2133529434E+12    0.8817560442E-03
    0.6750000000E+00    0.1280321329E-20    0.8840631292E-22    0.1347224957E-06    0.6055833440E+32    0.1541007831E-03    0.7753412721E+11    0.3433544726E-03
    0.6750000000E+00    0.1371889021E-20    0.9472907100E-22    0.1378605858E-06    0.1913267541E+32    0.5216829314E-04    0.2624790734E+11    0.1245502177E-03
    0.6750000000E+00    0.1470005571E-20    0.1015040283E-21    0.1410717713E-06    0.5625146152E+31    0.1643481178E-04    0.8268996181E+10    0.4204386161E-04
    0.6750000000E+00    0.1575139348E-20    0.1087635259E-21    0.1443577550E-06    0.1532935455E+31    0.4799044677E-05    0.2414586954E+10    0.1315505464E-04
    0.6750000000E+00    0.1687792220E-20    0.1165422177E-21    0.1477202791E-06    0.3872687261E+30    0.1299102297E-05    0.6536291430E+09    0.3815761433E-05
    0.6750000000E+00    0.1808501947E-20    0.1248772362E-21    0.1511611264E-06    0.9148517048E+29    0.3288377179E-06    0.1654511089E+09    0.1034950286E-05
    0.6750000000E+00    0.1937844750E-20    0.1338083694E-21    0.1546821213E-06    0.2096020528E+29    0.8072842057E-07    0.4061762376E+08    0.2722477624E-06
    0.6750000000E+00    0.2076438060E-20    0.1433782510E-21    0.1582851308E-06    0.4855842595E+28    0.2003989881E-07    0.1008285638E+08    0.7241580914E-07
    0.6750000000E+00    0.2224943467E-20    0.1536325639E-21    0.1619720651E-06    0.1121811184E+28    0.4960788248E-08    0.2495966466E+07    0.1920828332E-07
    0.6750000000E+00    0.2384069878E-20    0.1646202581E-21    0.1657448792E-06    0.2425756100E+27    0.1149418164E-08    0.5783172050E+06    0.4768874784E-08
    0.6750000000E+00    0.2554576900E-20    0.1763937846E-21    0.1696055734E-06    0.5538301815E+26    0.2811949671E-09    0.1414801788E+06    0.1250101875E-08
    0.6750000000E+00    0.2737278465E-20    0.1890093455E-21    0.1735561947E-06    0.1353077470E+26    0.7361284225E-10    0.3703749819E+05    0.3506642159E-09
    0.6750000000E+00    0.2933046719E-20    0.2025271626E-21    0.1775988378E-06    0.3149588604E+25    0.1836051058E-10    0.9237890520E+04    0.9371791491E-10
    0.6750000000E+00    0.3142816182E-20    0.2170117645E-21    0.1817356462E-06    0.6114129508E+24    0.3819139813E-11    0.1921558516E+04    0.2088831561E-10
    0.6750000000E+00    0.3367588212E-20    0.2325322952E-21    0.1859688132E-06    0.1525997351E+24    0.1021373777E-11    0.5138930690E+03    0.5985805029E-11
    0.6750000000E+00    0.3608435782E-20    0.2491628434E-21    0.1903005833E-06    0.3005752171E+23    0.2155679012E-12    0.1084606369E+03    0.1353698528E-11
    0.6750000000E+00    0.3866508602E-20    0.2669827968E-21    0.1947332533E-06    0.1154959719E+23    0.8875600823E-13    0.4465661688E+02    0.5972217628E-12
