    0.6690000000E+00    0.4143038610E-23    0.2860772210E-24    0.1992691735E-07    0.8733314937E-03    0.7191343699E-41    0.3618246098E-26    0.5518738773E-43
    0.6690000000E+00    0.4439345853E-23    0.3065372650E-24    0.2039107488E-07    0.6065118925E-03    0.5351434878E-41    0.2692516055E-26    0.4400479849E-43
    0.6690000000E+00    0.4756844785E-23    0.3284605973E-24    0.2086604403E-07   -0.1735817922E-02   -0.1641100176E-40   -0.8257016429E-26   -0.1445988649E-42
    0.6690000000E+00    0.5097051019E-23    0.3519518710E-24    0.2135207663E-07   -0.3964200443E-02   -0.4015933657E-40   -0.2020573191E-25   -0.3791545930E-42
    0.6690000000E+00    0.5461588566E-23    0.3771232243E-24    0.2184943039E-07   -0.2652559623E-02   -0.2879360738E-40   -0.1448718931E-25   -0.2912901976E-42
    0.6690000000E+00    0.5852197586E-23    0.4040948153E-24    0.2235836900E-07    0.1020485750E-01    0.1186964878E-39    0.5972084242E-25    0.1286671437E-41
    0.6690000000E+00    0.6270742692E-23    0.4329953957E-24    0.2287916232E-07    0.1885157329E-01    0.2349516638E-39    0.1182133655E-24    0.2729030042E-41
    0.6690000000E+00    0.6719221852E-23    0.4639629256E-24    0.2341208647E-07   -0.1267569442E-04   -0.1692788441E-42   -0.8517080295E-28   -0.2106844470E-44
    0.6690000000E+00    0.7199775931E-23    0.4971452317E-24    0.2395742402E-07   -0.6816959397E-01   -0.9754873259E-39   -0.4908058019E-24   -0.1300922493E-40
    0.6690000000E+00    0.7714698903E-23    0.5327007132E-24    0.2451546411E-07   -0.4950288619E-01   -0.7590343747E-39   -0.3818998618E-24   -0.1084654035E-40
    0.6690000000E+00    0.8266448809E-23    0.5707990981E-24    0.2508650263E-07    0.1710611944E+00    0.2810492456E-38    0.1414068606E-23    0.4303404955E-40
    0.6690000000E+00    0.8857659485E-23    0.6116222531E-24    0.2567084234E-07    0.1752572259E+00    0.3085367190E-38    0.1552368829E-23    0.5062169100E-40
    0.6690000000E+00    0.9491153137E-23    0.6553650517E-24    0.2626879307E-07   -0.3737897532E+00   -0.7051123407E-38   -0.3547695789E-23   -0.1239618667E-39
    0.6690000000E+00    0.1016995382E-22    0.7022363048E-24    0.2688067187E-07   -0.4172735669E+00   -0.8434353479E-38   -0.4243652903E-23   -0.1588845213E-39
    0.6690000000E+00    0.1089730185E-22    0.7524597575E-24    0.2750680315E-07    0.7943734258E+00    0.1720503780E-37    0.8656527000E-23    0.3472845180E-39
    0.6690000000E+00    0.1167666930E-22    0.8062751566E-24    0.2814751890E-07    0.7456209575E+00    0.1730410056E-37    0.8706369346E-23    0.3742646611E-39
    0.6690000000E+00    0.1251177658E-22    0.8639393956E-24    0.2880315884E-07   -0.1644268857E+01   -0.4088874256E-37   -0.2057272457E-22   -0.9476185350E-39
    0.6690000000E+00    0.1340661015E-22    0.9257277409E-24    0.2947407060E-07   -0.8634729583E+00   -0.2300804219E-37   -0.1157624533E-22   -0.5713595052E-39
    0.6690000000E+00    0.1436544159E-22    0.9919351458E-24    0.3016060990E-07    0.3439502192E+01    0.9820339781E-37    0.4940996785E-22    0.2613101662E-38
    0.6690000000E+00    0.1539284799E-22    0.1062877658E-23    0.3086314075E-07   -0.5393707053E+00   -0.1650130452E-37   -0.8302451279E-23   -0.4704874796E-39
    0.6690000000E+00    0.1649373379E-22    0.1138893930E-23    0.3158203565E-07   -0.8500747632E+01   -0.2786686072E-36   -0.1402090684E-21   -0.8513690119E-38
    0.6690000000E+00    0.1767335417E-22    0.1220346833E-23    0.3231767576E-07    0.8365693586E+01    0.2938548597E-36    0.1478498656E-21    0.9619725266E-38
    0.6690000000E+00    0.1893734018E-22    0.1307625190E-23    0.3307045113E-07    0.5038809406E+02    0.1896526237E-35    0.9542164782E-21    0.6652557653E-37
    0.6690000000E+00    0.2029172559E-22    0.1401145635E-23    0.3384076090E-07   -0.2089833074E+00   -0.8428349224E-38   -0.4240631928E-23   -0.3167906199E-39
    0.6690000000E+00    0.2174297571E-22    0.1501354598E-23    0.3462901348E-07   -0.4245093260E+03   -0.1834501873E-34   -0.9230095962E-20   -0.7388358346E-36
    0.6690000000E+00    0.2329801823E-22    0.1608730435E-23    0.3543562682E-07   -0.4386087052E+03   -0.2030991805E-34   -0.1021871361E-19   -0.8764718306E-36
    0.6690000000E+00    0.2496427630E-22    0.1723785718E-23    0.3626102861E-07    0.6440468137E+03    0.3195570181E-34    0.1607816261E-19    0.1477672366E-35
    0.6690000000E+00    0.2674970400E-22    0.1847069675E-23    0.3710565646E-07    0.5701415737E+03    0.3031193312E-34    0.1525111834E-19    0.1501908329E-35
    0.6690000000E+00    0.2866282424E-22    0.1979170815E-23    0.3796995823E-07   -0.8207364956E+04   -0.4675571142E-33   -0.2352462592E-18   -0.2482358266E-34
    0.6690000000E+00    0.3071276952E-22    0.2120719737E-23    0.3885439218E-07   -0.1626677365E+06   -0.9929613574E-32   -0.4995976701E-17   -0.5648877271E-33
    0.6690000000E+00    0.3290932546E-22    0.2272392139E-23    0.3975942724E-07   -0.6683011885E+07   -0.4371224958E-30   -0.2199334132E-15   -0.2664605678E-31
    0.6690000000E+00    0.3526297755E-22    0.2434912046E-23    0.4068554327E-07   -0.3768060132E+08   -0.2640880493E-29   -0.1328730198E-14   -0.1724958060E-30
    0.6690000000E+00    0.3778496121E-22    0.2609055264E-23    0.4163323131E-07    0.1024082858E+09    0.7690702654E-29    0.3869493106E-14    0.5382645921E-30
    0.6690000000E+00    0.4048731538E-22    0.2795653084E-23    0.4260299385E-07    0.8201950631E+10    0.6600062905E-27    0.3320749619E-12    0.4949688480E-28
    0.6690000000E+00    0.4338294005E-22    0.2995596250E-23    0.4359534505E-07    0.2961803795E+11    0.2553801920E-26    0.1284917565E-11    0.2052187325E-27
    0.6690000000E+00    0.4648565778E-22    0.3209839213E-23    0.4461081109E-07   -0.1014178200E+12   -0.9370120913E-26   -0.4714474075E-11   -0.8068169004E-27
    0.6690000000E+00    0.4981027973E-22    0.3439404683E-23    0.4564993037E-07   -0.5365199252E+13   -0.5311495028E-24   -0.2672420755E-09   -0.4900569705E-25
    0.6690000000E+00    0.5337267633E-22    0.3685388516E-23    0.4671325384E-07   -0.1679045869E+15   -0.1781121247E-22   -0.8961517171E-08   -0.1760853708E-23
    0.6690000000E+00    0.5718985306E-22    0.3948964943E-23    0.4780134531E-07   -0.4649866891E+16   -0.5285321921E-21   -0.2659252042E-06   -0.5598880992E-22
    0.6690000000E+00    0.6128003161E-22    0.4231392172E-23    0.4891478167E-07   -0.2397152588E+17   -0.2919621837E-20   -0.1468975863E-05   -0.3314029690E-21
    0.6690000000E+00    0.6566273690E-22    0.4534018400E-23    0.5005415331E-07    0.4729241427E+16    0.6171950143E-21    0.3105349356E-06    0.7506754290E-22
    0.6690000000E+00    0.7035889022E-22    0.4858288246E-23    0.5122006431E-07    0.8753454978E+18    0.1224081759E-18    0.6158833779E-04    0.1595292113E-19
    0.6690000000E+00    0.7539090917E-22    0.5205749646E-23    0.5241313287E-07    0.1734499155E+20    0.2598992442E-17    0.1307654683E-02    0.3629399778E-18
    0.6690000000E+00    0.8078281461E-22    0.5578061244E-23    0.5363399157E-07    0.2898838774E+21    0.4654306565E-16    0.2341763553E-01    0.6964417165E-17
    0.6690000000E+00    0.8656034539E-22    0.5977000309E-23    0.5488328773E-07    0.1047915853E+22    0.1802840618E-15    0.9070795815E-01    0.2890594193E-16
    0.6690000000E+00    0.9275108115E-22    0.6404471218E-23    0.5616168372E-07    0.2862790852E+21    0.5277406464E-16    0.2655269467E-01    0.9066722764E-17
    0.6690000000E+00    0.9938457404E-22    0.6862514550E-23    0.5746985739E-07   -0.1561068230E+23   -0.3083562881E-14   -0.1551461011E+01   -0.5676525601E-15
    0.6690000000E+00    0.1064924897E-21    0.7353316823E-23    0.5880850233E-07   -0.2081835567E+24   -0.4406333333E-13   -0.2216998527E+02   -0.8691748264E-14
    0.6690000000E+00    0.1141087586E-21    0.7879220933E-23    0.6017832832E-07   -0.2201841839E+25   -0.4993637858E-12   -0.2512494389E+03   -0.1055472289E-12
    0.6690000000E+00    0.1222697377E-21    0.8442737340E-23    0.6158006166E-07   -0.2084566223E+26   -0.5065783446E-11   -0.2548793654E+04   -0.1147298464E-11
    0.6690000000E+00    0.1310143844E-21    0.9046556049E-23    0.6301444556E-07   -0.1555796693E+27   -0.4051200782E-10   -0.2038317460E+05   -0.9831359103E-11
    0.6690000000E+00    0.1403844422E-21    0.9693559452E-23    0.6448224056E-07   -0.2855122501E+27   -0.7966281901E-10   -0.4008147797E+05   -0.2071502503E-10
    0.6690000000E+00    0.1504246400E-21    0.1038683609E-22    0.6598422489E-07   -0.1537269553E+27   -0.4596009837E-10   -0.2312432190E+05   -0.1280591873E-10
    0.6690000000E+00    0.1611829057E-21    0.1112969539E-22    0.6752119493E-07    0.1384563950E+28    0.4435513891E-09    0.2231680406E+06    0.1324261446E-09
    0.6690000000E+00    0.1727105951E-21    0.1192568347E-22    0.6909396560E-07    0.1220735412E+29    0.4190370918E-08    0.2108339395E+07    0.1340547659E-08
    0.6690000000E+00    0.1850627369E-21    0.1277860007E-22    0.7070337081E-07    0.7629192118E+29    0.2806140910E-07    0.1411879174E+08    0.9619206920E-08
    0.6690000000E+00    0.1982982953E-21    0.1369251667E-22    0.7235026388E-07    0.4194732407E+30    0.1653237262E-06    0.8318082855E+08    0.6072464393E-07
    0.6690000000E+00    0.2124804516E-21    0.1467179595E-22    0.7403551802E-07    0.2117291515E+31    0.8941524709E-06    0.4498830573E+09    0.3519179124E-06
    0.6690000000E+00    0.2276769058E-21    0.1572111260E-22    0.7576002677E-07    0.9939323556E+31    0.4497671708E-05    0.2262954433E+10    0.1896782543E-05
    0.6690000000E+00    0.2439602000E-21    0.1684547565E-22    0.7752470448E-07    0.4361301744E+32    0.2114691692E-04    0.1063984046E+11    0.9556015615E-05
    0.6690000000E+00    0.2614080640E-21    0.1805025236E-22    0.7933048683E-07    0.1792475867E+33    0.9312885020E-04    0.4685676460E+11    0.4509350911E-04
    0.6690000000E+00    0.2801037871E-21    0.1934119387E-22    0.8117833125E-07    0.6906249050E+33    0.3844794742E-03    0.1934466514E+12    0.1994816497E-03
    0.6690000000E+00    0.3001366153E-21    0.2072446262E-22    0.8306921749E-07    0.2496568579E+34    0.1489273371E-02    0.7493116431E+12    0.8279502008E-03
    0.6690000000E+00    0.3216021775E-21    0.2220666179E-22    0.8500414813E-07    0.8480530024E+34    0.5420681868E-02    0.2727356922E+13    0.3229116484E-02
    0.6690000000E+00    0.3446029418E-21    0.2379486681E-22    0.8698414910E-07    0.2313425176E+35    0.1584478612E-01    0.7972131214E+13    0.1011384219E-01
    0.6690000000E+00    0.3692487048E-21    0.2549665916E-22    0.8901027021E-07    0.4634663018E+35    0.3401332481E-01    0.1711343317E+14    0.2326370479E-01
    0.6690000000E+00    0.3956571157E-21    0.2732016250E-22    0.9108358575E-07    0.7500267963E+35    0.5898039865E-01    0.2967534389E+14    0.4322524817E-01
    0.6690000000E+00    0.4239542377E-21    0.2927408154E-22    0.9320519501E-07    0.1020637003E+36    0.8600074899E-01    0.4327033827E+14    0.6753548534E-01
    0.6690000000E+00    0.4542751502E-21    0.3136774352E-22    0.9537622289E-07    0.1186634086E+36    0.1071390382E+00    0.5390583777E+14    0.9015245025E-01
    0.6690000000E+00    0.4867645933E-21    0.3361114274E-22    0.9759782052E-07    0.1209723296E+36    0.1170353256E+00    0.5888504681E+14    0.1055229101E+00
    0.6690000000E+00    0.5215776589E-21    0.3601498832E-22    0.9987116580E-07    0.1195315524E+36    0.1239120334E+00    0.6234498727E+14    0.1197135406E+00
    0.6690000000E+00    0.5588805307E-21    0.3859075526E-22    0.1021974641E-06    0.1109616077E+36    0.1232547498E+00    0.6201428220E+14    0.1275949412E+00
    0.6690000000E+00    0.5988512779E-21    0.4135073927E-22    0.1045779488E-06    0.8906442688E+35    0.1060071605E+00    0.5333634586E+14    0.1175885387E+00
    0.6690000000E+00    0.6416807053E-21    0.4430811541E-22    0.1070138822E-06    0.6346601520E+35    0.8094166902E-01    0.4072491740E+14    0.9620595323E-01
    0.6690000000E+00    0.6875732635E-21    0.4747700104E-22    0.1095065557E-06    0.4128814419E+35    0.5642301467E-01    0.2838862405E+14    0.7185981228E-01
    0.6690000000E+00    0.7367480256E-21    0.5087252317E-22    0.1120572911E-06    0.2494744021E+35    0.3653060917E-01    0.1837997732E+14    0.4985247290E-01
    0.6690000000E+00    0.7894397325E-21    0.5451089068E-22    0.1146674407E-06    0.1407970022E+35    0.2209145558E-01    0.1111507478E+14    0.3230383800E-01
    0.6690000000E+00    0.8458999137E-21    0.5840947171E-22    0.1173383885E-06    0.7403665074E+34    0.1244737254E-01    0.6262759647E+13    0.1950327209E-01
    0.6690000000E+00    0.9063980879E-21    0.6258687655E-22    0.1200715507E-06    0.3608457105E+34    0.6500585442E-02    0.3270698620E+13    0.1091395761E-01
    0.6690000000E+00    0.9712230494E-21    0.6706304648E-22    0.1228683764E-06    0.1624905719E+34    0.3136599660E-02    0.1578145887E+13    0.5642724966E-02
    0.6690000000E+00    0.1040684247E-20    0.7185934897E-22    0.1257303485E-06    0.6767174411E+33    0.1399710736E-02    0.7042491807E+12    0.2698162396E-02
    0.6690000000E+00    0.1115113261E-20    0.7699867968E-22    0.1286589846E-06    0.2618572420E+33    0.5803573824E-03    0.2920004831E+12    0.1198740849E-02
    0.6690000000E+00    0.1194865387E-20    0.8250557175E-22    0.1316558373E-06    0.9466788230E+32    0.2248192973E-03    0.1131153758E+12    0.4975805293E-03
    0.6690000000E+00    0.1280321329E-20    0.8840631292E-22    0.1347224957E-06    0.3208213499E+32    0.8163834382E-04    0.4107544172E+11    0.1936083026E-03
    0.6690000000E+00    0.1371889021E-20    0.9472907100E-22    0.1378605858E-06    0.1019068302E+32    0.2778652371E-04    0.1398048615E+11    0.7060964185E-04
    0.6690000000E+00    0.1470005571E-20    0.1015040283E-21    0.1410717713E-06    0.3029962325E+31    0.8852545189E-05    0.4454061498E+10    0.2410448983E-04
    0.6690000000E+00    0.1575139348E-20    0.1087635259E-21    0.1443577550E-06    0.8447307480E+30    0.2644534436E-05    0.1330568640E+10    0.7715765470E-05
    0.6690000000E+00    0.1687792220E-20    0.1165422177E-21    0.1477202791E-06    0.2225593677E+30    0.7465807755E-06    0.3756339692E+09    0.2334030862E-05
    0.6690000000E+00    0.1808501947E-20    0.1248772362E-21    0.1511611264E-06    0.5609113896E+29    0.2016160874E-06    0.1014409340E+09    0.6753905415E-06
    0.6690000000E+00    0.1937844750E-20    0.1338083694E-21    0.1546821213E-06    0.1365255173E+29    0.5258292668E-07    0.2645652569E+08    0.1887446048E-06
    0.6690000000E+00    0.2076438060E-20    0.1433782510E-21    0.1582851308E-06    0.3207922455E+28    0.1323898790E-07    0.6661052278E+07    0.5091955236E-07
    0.6690000000E+00    0.2224943467E-20    0.1536325639E-21    0.1619720651E-06    0.7435065527E+27    0.3287878228E-08    0.1654260047E+07    0.1355019409E-07
    0.6690000000E+00    0.2384069878E-20    0.1646202581E-21    0.1657448792E-06    0.1635612889E+27    0.7750173913E-09    0.3899415421E+06    0.3422482529E-08
    0.6690000000E+00    0.2554576900E-20    0.1763937846E-21    0.1696055734E-06    0.3800962747E+26    0.1929854367E-09    0.9709851629E+05    0.9131756631E-09
    0.6690000000E+00    0.2737278465E-20    0.1890093455E-21    0.1735561947E-06    0.9314780989E+25    0.5067614522E-10    0.2549714941E+05    0.2569409726E-09
    0.6690000000E+00    0.2933046719E-20    0.2025271626E-21    0.1775988378E-06    0.2152089739E+25    0.1254559608E-10    0.6312179747E+04    0.6815866765E-10
    0.6690000000E+00    0.3142816182E-20    0.2170117645E-21    0.1817356462E-06    0.4327439595E+24    0.2703098916E-11    0.1360034719E+04    0.1573590518E-10
    0.6690000000E+00    0.3367588212E-20    0.2325322952E-21    0.1859688132E-06    0.1080407066E+24    0.7231332647E-12    0.3638366101E+03    0.4510743496E-11
    0.6690000000E+00    0.3608435782E-20    0.2491628434E-21    0.1903005833E-06    0.2134372103E+23    0.1530738692E-12    0.7701744669E+02    0.1023130076E-11
    0.6690000000E+00    0.3866508602E-20    0.2669827968E-21    0.1947332533E-06    0.8202696512E+22    0.6303584333E-13    0.3171579662E+02    0.4514580061E-12
