    0.6800000000E+00    0.4143038610E-23    0.2860772210E-24    0.1992691735E-07    0.2647143671E-05    0.2179758785E-43    0.1096721844E-28    0.1499734955E-45
    0.6800000000E+00    0.4439345853E-23    0.3065372650E-24    0.2039107488E-07    0.3141468972E-05    0.2771811539E-43    0.1394606725E-28    0.2043477102E-45
    0.6800000000E+00    0.4756844785E-23    0.3284605973E-24    0.2086604403E-07   -0.2202060165E-05   -0.2081901147E-43   -0.1047485841E-28   -0.1644622326E-45
    0.6800000000E+00    0.5097051019E-23    0.3519518710E-24    0.2135207663E-07   -0.1591795161E-04   -0.1612568247E-42   -0.8113461146E-28   -0.1364973378E-44
    0.6800000000E+00    0.5461588566E-23    0.3771232243E-24    0.2184943039E-07   -0.1540406666E-04   -0.1672115656E-42   -0.8413067433E-28   -0.1516604674E-44
    0.6800000000E+00    0.5852197586E-23    0.4040948153E-24    0.2235836900E-07    0.1912267713E-04    0.2224229602E-42    0.1119096850E-27    0.2161651574E-44
    0.6800000000E+00    0.6270742692E-23    0.4329953957E-24    0.2287916232E-07    0.7937018508E-04    0.9892095875E-42    0.4977100080E-27    0.1030135595E-43
    0.6800000000E+00    0.6719221852E-23    0.4639629256E-24    0.2341208647E-07    0.4727318927E-04    0.6313145908E-42    0.3176390464E-27    0.7044528067E-44
    0.6800000000E+00    0.7199775931E-23    0.4971452317E-24    0.2395742402E-07   -0.2284936630E-03   -0.3269678743E-41   -0.1645103175E-26   -0.3909409472E-43
    0.6800000000E+00    0.7714698903E-23    0.5327007132E-24    0.2451546411E-07   -0.2597178451E-03   -0.3982288456E-41   -0.2003644975E-26   -0.5101980470E-43
    0.6800000000E+00    0.8266448809E-23    0.5707990981E-24    0.2508650263E-07    0.4367122687E-03    0.7175072881E-41    0.3610059613E-26    0.9849912983E-43
    0.6800000000E+00    0.8857659485E-23    0.6116222531E-24    0.2567084234E-07    0.8282995545E-03    0.1458204223E-40    0.7336795405E-26    0.2144985836E-42
    0.6800000000E+00    0.9491153137E-23    0.6553650517E-24    0.2626879307E-07   -0.8460778400E-03   -0.1596030713E-40   -0.8030254345E-26   -0.2515633221E-42
    0.6800000000E+00    0.1016995382E-22    0.7022363048E-24    0.2688067187E-07   -0.1939279443E-02   -0.3919866874E-40   -0.1972238237E-25   -0.6620295806E-42
    0.6800000000E+00    0.1089730185E-22    0.7524597575E-24    0.2750680315E-07    0.2009422958E-02    0.4352134253E-40    0.2189728851E-25    0.7876048120E-42
    0.6800000000E+00    0.1167666930E-22    0.8062751566E-24    0.2814751890E-07    0.3319520360E-02    0.7703822372E-40    0.3876094149E-25    0.1493868390E-41
    0.6800000000E+00    0.1251177658E-22    0.8639393956E-24    0.2880315884E-07   -0.4462762832E-02   -0.1109774474E-39   -0.5583709148E-25   -0.2305901800E-41
    0.6800000000E+00    0.1340661015E-22    0.9257277409E-24    0.2947407060E-07   -0.3303465200E-02   -0.8802391084E-40   -0.4428827007E-25   -0.1959777364E-41
    0.6800000000E+00    0.1436544159E-22    0.9919351458E-24    0.3016060990E-07    0.6335621076E-02    0.1808923158E-39    0.9101399451E-25    0.4315451060E-41
    0.6800000000E+00    0.1539284799E-22    0.1062877658E-23    0.3086314075E-07   -0.1216936933E-02   -0.3723051087E-40   -0.1873212522E-25   -0.9517109643E-42
    0.6800000000E+00    0.1649373379E-22    0.1138893930E-23    0.3158203565E-07    0.6872718290E-02    0.2252991051E-39    0.1133567859E-24    0.6171142056E-41
    0.6800000000E+00    0.1767335417E-22    0.1220346833E-23    0.3231767576E-07    0.1299971159E-01    0.4566302108E-39    0.2297485071E-24    0.1340203409E-40
    0.6800000000E+00    0.1893734018E-22    0.1307625190E-23    0.3307045113E-07   -0.1158002948E+00   -0.4358535514E-38   -0.2192949576E-23   -0.1370713424E-39
    0.6800000000E+00    0.2029172559E-22    0.1401145635E-23    0.3384076090E-07   -0.1130582345E+00   -0.4559666965E-38   -0.2294146670E-23   -0.1536523477E-39
    0.6800000000E+00    0.2174297571E-22    0.1501354598E-23    0.3462901348E-07    0.1712343701E+01    0.7399832077E-37    0.3723144750E-22    0.2671947629E-38
    0.6800000000E+00    0.2329801823E-22    0.1608730435E-23    0.3543562682E-07    0.3863614165E+01    0.1789059043E-36    0.9001455323E-22    0.6921986542E-38
    0.6800000000E+00    0.2496427630E-22    0.1723785718E-23    0.3626102861E-07   -0.4790337149E+01   -0.2376823892E-36   -0.1195873002E-21   -0.9853784986E-38
    0.6800000000E+00    0.2674970400E-22    0.1847069675E-23    0.3710565646E-07   -0.6244554999E+02   -0.3319956695E-35   -0.1670399978E-20   -0.1474818226E-36
    0.6800000000E+00    0.2866282424E-22    0.1979170815E-23    0.3796995823E-07   -0.7250200225E+02   -0.4130293600E-35   -0.2078112148E-20   -0.1966015789E-36
    0.6800000000E+00    0.3071276952E-22    0.2120719737E-23    0.3885439218E-07   -0.8594712356E+02   -0.5246410523E-35   -0.2639674197E-20   -0.2675890560E-36
    0.6800000000E+00    0.3290932546E-22    0.2272392139E-23    0.3975942724E-07   -0.1234049896E+04   -0.8071674563E-34   -0.4061174965E-19   -0.4411331759E-35
    0.6800000000E+00    0.3526297755E-22    0.2434912046E-23    0.4068554327E-07   -0.7826941051E+05   -0.5485585479E-32   -0.2760012466E-17   -0.3212395907E-33
    0.6800000000E+00    0.3778496121E-22    0.2609055264E-23    0.4163323131E-07   -0.2118456701E+07   -0.1590927965E-30   -0.8004580428E-16   -0.9982897062E-32
    0.6800000000E+00    0.4048731538E-22    0.2795653084E-23    0.4260299385E-07   -0.1336622674E+07   -0.1075572644E-30   -0.5411626373E-16   -0.7231790308E-32
    0.6800000000E+00    0.4338294005E-22    0.2995596250E-23    0.4359534505E-07    0.1328411632E+09    0.1145416919E-28    0.5763040220E-14    0.8252198591E-30
    0.6800000000E+00    0.4648565778E-22    0.3209839213E-23    0.4461081109E-07    0.2417525334E+10    0.2233582292E-27    0.1123802554E-12    0.1724280969E-28
    0.6800000000E+00    0.4981027973E-22    0.3439404683E-23    0.4564993037E-07    0.1178477014E+10    0.1166680771E-27    0.5870026971E-13    0.9650684481E-29
    0.6800000000E+00    0.5337267633E-22    0.3685388516E-23    0.4671325384E-07   -0.1145431741E+12   -0.1215066752E-25   -0.6113475754E-11   -0.1076976469E-26
    0.6800000000E+00    0.5718985306E-22    0.3948964943E-23    0.4780134531E-07   -0.4191775987E+13   -0.4764627898E-24   -0.2397270527E-09   -0.4525171741E-25
    0.6800000000E+00    0.6128003161E-22    0.4231392172E-23    0.4891478167E-07   -0.1291431454E+15   -0.1572904242E-22   -0.7913896032E-08   -0.1600694161E-23
    0.6800000000E+00    0.6566273690E-22    0.4534018400E-23    0.5005415331E-07   -0.2688702493E+16   -0.3508921672E-21   -0.1765475644E-06   -0.3826306459E-22
    0.6800000000E+00    0.7035889022E-22    0.4858288246E-23    0.5122006431E-07   -0.3882295194E+16   -0.5428995457E-21   -0.2731539814E-06   -0.6343450500E-22
    0.6800000000E+00    0.7539090917E-22    0.5205749646E-23    0.5241313287E-07    0.2490271604E+17    0.3731450118E-20    0.1877438403E-05    0.4671794354E-21
    0.6800000000E+00    0.8078281461E-22    0.5578061244E-23    0.5363399157E-07    0.6931341768E+18    0.1112879743E-18    0.5599332970E-04    0.1492981115E-19
    0.6800000000E+00    0.8656034539E-22    0.5977000309E-23    0.5488328773E-07    0.1304182658E+20    0.2243723543E-17    0.1128905014E-02    0.3225339402E-18
    0.6800000000E+00    0.9275108115E-22    0.6404471218E-23    0.5616168372E-07    0.1787719938E+21    0.3295568990E-16    0.1658129571E-01    0.5076173818E-17
    0.6800000000E+00    0.9938457404E-22    0.6862514550E-23    0.5746985739E-07    0.3009111461E+21    0.5943868582E-16    0.2990592607E-01    0.9810141593E-17
    0.6800000000E+00    0.1064924897E-21    0.7353316823E-23    0.5880850233E-07   -0.4735374832E+21   -0.1002271279E-15   -0.5042818556E-01   -0.1772520891E-16
    0.6800000000E+00    0.1141087586E-21    0.7879220933E-23    0.6017832832E-07   -0.1288534788E+23   -0.2922315301E-14   -0.1470331050E+01   -0.5537747492E-15
    0.6800000000E+00    0.1222697377E-21    0.8442737340E-23    0.6158006166E-07   -0.1586418332E+24   -0.3855215360E-13   -0.1939709534E+02   -0.7828070364E-14
    0.6800000000E+00    0.1310143844E-21    0.9046556049E-23    0.6301444556E-07   -0.1669662348E+25   -0.4347700084E-12   -0.2187497848E+03   -0.9459444963E-13
    0.6800000000E+00    0.1403844422E-21    0.9693559452E-23    0.6448224056E-07   -0.1592689709E+26   -0.4443877697E-11   -0.2235888564E+04   -0.1036020085E-11
    0.6800000000E+00    0.1504246400E-21    0.1038683609E-22    0.6598422489E-07   -0.1026370712E+27   -0.3068563923E-10   -0.1543914448E+05   -0.7665513481E-11
    0.6800000000E+00    0.1611829057E-21    0.1112969539E-22    0.6752119493E-07   -0.1479110859E+27   -0.4738399232E-10   -0.2384073860E+05   -0.1268345950E-10
    0.6800000000E+00    0.1727105951E-21    0.1192568347E-22    0.6909396560E-07   -0.1914024657E+26   -0.6570197915E-11   -0.3305723376E+04   -0.1884449611E-11
    0.6800000000E+00    0.1850627369E-21    0.1277860007E-22    0.7070337081E-07    0.1294510824E+28    0.4761421296E-09    0.2395657161E+06    0.1463331384E-09
    0.6800000000E+00    0.1982982953E-21    0.1369251667E-22    0.7235026388E-07    0.1041430788E+29    0.4104510175E-08    0.2065139499E+07    0.1351659850E-08
    0.6800000000E+00    0.2124804516E-21    0.1467179595E-22    0.7403551802E-07    0.6509736098E+29    0.2749123857E-07    0.1383191666E+08    0.9700639909E-08
    0.6800000000E+00    0.2276769058E-21    0.1572111260E-22    0.7576002677E-07    0.3641195018E+30    0.1647687564E-06    0.8290160153E+08    0.6229898067E-07
    0.6800000000E+00    0.2439602000E-21    0.1684547565E-22    0.7752470448E-07    0.1879060525E+31    0.9111118454E-06    0.4584159814E+09    0.3691286633E-06
    0.6800000000E+00    0.2614080640E-21    0.1805025236E-22    0.7933048683E-07    0.9030128766E+31    0.4691642018E-05    0.2360548478E+10    0.2036718200E-05
    0.6800000000E+00    0.2801037871E-21    0.1934119387E-22    0.8117833125E-07    0.4055127194E+32    0.2257539744E-04    0.1135856484E+11    0.1050126171E-04
    0.6800000000E+00    0.3001366153E-21    0.2072446262E-22    0.8306921749E-07    0.1704296765E+33    0.1016660952E-03    0.5115218625E+11    0.5067365386E-04
    0.6800000000E+00    0.3216021775E-21    0.2220666179E-22    0.8500414813E-07    0.6711507294E+33    0.4289937751E-03    0.2158435360E+12    0.2291168699E-03
    0.6800000000E+00    0.3446029418E-21    0.2379486681E-22    0.8698414910E-07    0.2480474821E+34    0.1698891904E-02    0.8547789205E+12    0.9722362815E-03
    0.6800000000E+00    0.3692487048E-21    0.2549665916E-22    0.8901027021E-07    0.8625189521E+34    0.6329939665E-02    0.3184840059E+13    0.3881554135E-02
    0.6800000000E+00    0.3956571157E-21    0.2732016250E-22    0.9108358575E-07    0.2418138526E+35    0.1901569050E-01    0.9567537145E+13    0.1249447974E-01
    0.6800000000E+00    0.4239542377E-21    0.2927408154E-22    0.9320519501E-07    0.4821940829E+35    0.4063055930E-01    0.2044282248E+14    0.2860611484E-01
    0.6800000000E+00    0.4542751502E-21    0.3136774352E-22    0.9537622289E-07    0.7620144557E+35    0.6880090232E-01    0.3461642313E+14    0.5190392625E-01
    0.6800000000E+00    0.4867645933E-21    0.3361114274E-22    0.9759782052E-07    0.1000907213E+36    0.9683330236E-01    0.4872061928E+14    0.7827639573E-01
    0.6800000000E+00    0.5215776589E-21    0.3601498832E-22    0.9987116580E-07    0.1112840621E+36    0.1153622968E+00    0.5804328059E+14    0.9992403687E-01
    0.6800000000E+00    0.5588805307E-21    0.3859075526E-22    0.1021974641E-06    0.1115101713E+36    0.1238640873E+00    0.6232086370E+14    0.1149612517E+00
    0.6800000000E+00    0.5988512779E-21    0.4135073927E-22    0.1045779488E-06    0.1086674884E+36    0.1293393141E+00    0.6507566431E+14    0.1286283298E+00
    0.6800000000E+00    0.6416807053E-21    0.4430811541E-22    0.1070138822E-06    0.9565713460E+35    0.1219967585E+00    0.6138133759E+14    0.1300032976E+00
    0.6800000000E+00    0.6875732635E-21    0.4747700104E-22    0.1095065557E-06    0.7216146767E+35    0.9861347920E-01    0.4961629582E+14    0.1126010288E+00
    0.6800000000E+00    0.7367480256E-21    0.5087252317E-22    0.1120572911E-06    0.4845265018E+35    0.7094935640E-01    0.3569739435E+14    0.8680695798E-01
    0.6800000000E+00    0.7894397325E-21    0.5451089068E-22    0.1146674407E-06    0.2969649830E+35    0.4659466202E-01    0.2344359568E+14    0.6108607808E-01
    0.6800000000E+00    0.8458999137E-21    0.5840947171E-22    0.1173383885E-06    0.1684410349E+35    0.2831905943E-01    0.1424842569E+14    0.3978184327E-01
    0.6800000000E+00    0.9063980879E-21    0.6258687655E-22    0.1200715507E-06    0.8869208049E+34    0.1597775533E-01    0.8039033217E+13    0.2405037450E-01
    0.6800000000E+00    0.9712230494E-21    0.6706304648E-22    0.1228683764E-06    0.4314828588E+34    0.8329030863E-02    0.4190660978E+13    0.1343385166E-01
    0.6800000000E+00    0.1040684247E-20    0.7185934897E-22    0.1257303485E-06    0.1925309642E+34    0.3982277405E-02    0.2003639415E+13    0.6882363184E-02
    0.6800000000E+00    0.1115113261E-20    0.7699867968E-22    0.1286589846E-06    0.7839808214E+33    0.1737546206E-02    0.8742274106E+12    0.3217676951E-02
    0.6800000000E+00    0.1194865387E-20    0.8250557175E-22    0.1316558373E-06    0.2912964913E+33    0.6917770936E-03    0.3480600948E+12    0.1372689319E-02
    0.6800000000E+00    0.1280321329E-20    0.8840631292E-22    0.1347224957E-06    0.9922801966E+32    0.2525022474E-03    0.1270437501E+12    0.5368727054E-03
    0.6800000000E+00    0.1371889021E-20    0.9472907100E-22    0.1378605858E-06    0.3118819520E+32    0.8503959194E-04    0.4278674259E+11    0.1937435462E-03
    0.6800000000E+00    0.1470005571E-20    0.1015040283E-21    0.1410717713E-06    0.9071786450E+31    0.2650475184E-04    0.1333557662E+11    0.6470380480E-04
    0.6800000000E+00    0.1575139348E-20    0.1087635259E-21    0.1443577550E-06    0.2431924588E+31    0.7613441719E-05    0.3830620110E+10    0.1991531154E-04
    0.6800000000E+00    0.1687792220E-20    0.1165422177E-21    0.1477202791E-06    0.5961242806E+30    0.1999713301E-05    0.1006133923E+10    0.5604976709E-05
    0.6800000000E+00    0.1808501947E-20    0.1248772362E-21    0.1511611264E-06    0.1309420839E+30    0.4706631232E-06    0.2368090138E+09    0.1413566517E-05
    0.6800000000E+00    0.1937844750E-20    0.1338083694E-21    0.1546821213E-06    0.2903323918E+29    0.1118217838E-06    0.5626191012E+08    0.3598591029E-06
    0.6800000000E+00    0.2076438060E-20    0.1433782510E-21    0.1582851308E-06    0.6670008230E+28    0.2752689927E-07    0.1384985895E+08    0.9492123296E-07
    0.6800000000E+00    0.2224943467E-20    0.1536325639E-21    0.1619720651E-06    0.1538907334E+28    0.6805239172E-08    0.3423981819E+07    0.2514487438E-07
    0.6800000000E+00    0.2384069878E-20    0.1646202581E-21    0.1657448792E-06    0.3284660555E+27    0.1556400706E-08    0.7830860291E+06    0.6162082325E-08
    0.6800000000E+00    0.2554576900E-20    0.1763937846E-21    0.1696055734E-06    0.7389410482E+26    0.3751808960E-09    0.1887681732E+06    0.1591647140E-08
    0.6800000000E+00    0.2737278465E-20    0.1890093455E-21    0.1735561947E-06    0.1799145300E+26    0.9788072164E-10    0.4924761685E+05    0.4449418330E-09
    0.6800000000E+00    0.2933046719E-20    0.2025271626E-21    0.1775988378E-06    0.4225293600E+25    0.2463132733E-10    0.1239298353E+05    0.1199758658E-09
    0.6800000000E+00    0.3142816182E-20    0.2170117645E-21    0.1817356462E-06    0.7965239189E+24    0.4975419978E-11    0.2503328262E+04    0.2596783977E-10
    0.6800000000E+00    0.3367588212E-20    0.2325322952E-21    0.1859688132E-06    0.1987707482E+24    0.1330403554E-11    0.6693780285E+03    0.7440283319E-11
    0.6800000000E+00    0.3608435782E-20    0.2491628434E-21    0.1903005833E-06    0.3907752268E+23    0.2802579544E-12    0.1410087311E+03    0.1679438191E-11
    0.6800000000E+00    0.3866508602E-20    0.2669827968E-21    0.1947332533E-06    0.1500873713E+23    0.1153387061E-12    0.5803141120E+02    0.7405956419E-12
