    0.6300000000E+00    0.4143038610E-23    0.2860772210E-24    0.1992691735E-07   -0.5741610957E+12   -0.4727860850E-26   -0.2378771588E-11   -0.8188092567E-28
    0.6300000000E+00    0.4439345853E-23    0.3065372650E-24    0.2039107488E-07    0.4230647050E+13    0.3732825763E-25    0.1878130544E-10    0.6927168897E-27
    0.6300000000E+00    0.4756844785E-23    0.3284605973E-24    0.2086604403E-07    0.5130773554E+13    0.4850804496E-25    0.2440629342E-10    0.9645657331E-27
    0.6300000000E+00    0.5097051019E-23    0.3519518710E-24    0.2135207663E-07   -0.3835676851E+12   -0.3885732819E-26   -0.1955064060E-11   -0.8279249933E-28
    0.6300000000E+00    0.5461588566E-23    0.3771232243E-24    0.2184943039E-07   -0.2445228821E+14   -0.2654302585E-24   -0.1335483377E-09   -0.6059942283E-26
    0.6300000000E+00    0.5852197586E-23    0.4040948153E-24    0.2235836900E-07   -0.2649853895E+14   -0.3082143485E-24   -0.1550746857E-09   -0.7539992444E-26
    0.6300000000E+00    0.6270742692E-23    0.4329953957E-24    0.2287916232E-07    0.2547278647E+14    0.3174734262E-24    0.1597332896E-09    0.8321956413E-26
    0.6300000000E+00    0.6719221852E-23    0.4639629256E-24    0.2341208647E-07    0.1221834630E+15    0.1631711423E-23    0.8209777947E-09    0.4583121934E-25
    0.6300000000E+00    0.7199775931E-23    0.4971452317E-24    0.2395742402E-07    0.6282940189E+14    0.8990707098E-24    0.4523576155E-09    0.2705901025E-25
    0.6300000000E+00    0.7714698903E-23    0.5327007132E-24    0.2451546411E-07   -0.3515410118E+15   -0.5390225351E-23   -0.2712033058E-08   -0.1738301000E-24
    0.6300000000E+00    0.8266448809E-23    0.5707990981E-24    0.2508650263E-07   -0.3311206687E+15   -0.5440229415E-23   -0.2737192057E-08   -0.1879902270E-24
    0.6300000000E+00    0.8857659485E-23    0.6116222531E-24    0.2567084234E-07    0.7943360483E+15    0.1398412173E-22    0.7035958232E-08    0.5177895172E-24
    0.6300000000E+00    0.9491153137E-23    0.6553650517E-24    0.2626879307E-07    0.9047402849E+15    0.1706690819E-22    0.8587028593E-08    0.6771313324E-24
    0.6300000000E+00    0.1016995382E-22    0.7022363048E-24    0.2688067187E-07   -0.1670635005E+16   -0.3376855686E-22   -0.1699028085E-07   -0.1435590444E-23
    0.6300000000E+00    0.1089730185E-22    0.7524597575E-24    0.2750680315E-07   -0.1737052507E+16   -0.3762217250E-22   -0.1892918550E-07   -0.1713807062E-23
    0.6300000000E+00    0.1167666930E-22    0.8062751566E-24    0.2814751890E-07    0.3047133965E+16    0.7071677912E-22    0.3558037563E-07    0.3451759508E-23
    0.6300000000E+00    0.1251177658E-22    0.8639393956E-24    0.2880315884E-07    0.3299992989E+16    0.8206234840E-22    0.4128877499E-07    0.4292022588E-23
    0.6300000000E+00    0.1340661015E-22    0.9257277409E-24    0.2947407060E-07   -0.4436226996E+16   -0.1182074052E-21   -0.5947476586E-07   -0.6624647009E-23
    0.6300000000E+00    0.1436544159E-22    0.9919351458E-24    0.3016060990E-07   -0.9838249238E+16   -0.2808980630E-21   -0.1413307948E-06   -0.1686812468E-22
    0.6300000000E+00    0.1539284799E-22    0.1062877658E-23    0.3086314075E-07    0.2134416631E+16    0.6529953973E-22    0.3285475075E-07    0.4201730352E-23
    0.6300000000E+00    0.1649373379E-22    0.1138893930E-23    0.3158203565E-07    0.6155579622E+17    0.2017901100E-20    0.1015284916E-05    0.1391290869E-21
    0.6300000000E+00    0.1767335417E-22    0.1220346833E-23    0.3231767576E-07    0.5006138558E+17    0.1758465247E-20    0.8847525975E-06    0.1299127713E-21
    0.6300000000E+00    0.1893734018E-22    0.1307625190E-23    0.3307045113E-07   -0.1343113130E+18   -0.5055260251E-20   -0.2543499024E-05   -0.4001857097E-21
    0.6300000000E+00    0.2029172559E-22    0.1401145635E-23    0.3384076090E-07   -0.9440170447E+18   -0.3807244428E-19   -0.1915573483E-04   -0.3229451878E-20
    0.6300000000E+00    0.2174297571E-22    0.1501354598E-23    0.3462901348E-07   -0.7724284831E+19   -0.3338022070E-18   -0.1679489374E-03   -0.3033941913E-19
    0.6300000000E+00    0.2329801823E-22    0.1608730435E-23    0.3543562682E-07   -0.1433078428E+21   -0.6635916039E-17   -0.3338788733E-02   -0.6462773571E-18
    0.6300000000E+00    0.2496427630E-22    0.1723785718E-23    0.3626102861E-07   -0.2194294822E+22   -0.1088744320E-15   -0.5477898222E-01   -0.1136171680E-16
    0.6300000000E+00    0.2674970400E-22    0.1847069675E-23    0.3710565646E-07   -0.3246922624E+22   -0.1726246707E-15   -0.8685421910E-01   -0.1930282712E-16
    0.6300000000E+00    0.2866282424E-22    0.1979170815E-23    0.3796995823E-07    0.1070176542E+23    0.6096581041E-15    0.3067428215E+00    0.7304734054E-16
    0.6300000000E+00    0.3071276952E-22    0.2120719737E-23    0.3885439218E-07    0.2531055847E+24    0.1545014827E-13    0.7773573486E+01    0.1983584516E-14
    0.6300000000E+00    0.3290932546E-22    0.2272392139E-23    0.3975942724E-07    0.2844820167E+25    0.1860740207E-12    0.9362111276E+02    0.2559786827E-13
    0.6300000000E+00    0.3526297755E-22    0.2434912046E-23    0.4068554327E-07    0.4914226733E+25    0.3444182169E-12    0.1732902670E+03    0.5076965028E-13
    0.6300000000E+00    0.3778496121E-22    0.2609055264E-23    0.4163323131E-07   -0.2182209076E+25   -0.1638805005E-12   -0.8245468528E+02   -0.2588483133E-13
    0.6300000000E+00    0.4048731538E-22    0.2795653084E-23    0.4260299385E-07   -0.9616393257E+26   -0.7738256820E-11   -0.3893419466E+04   -0.1309667942E-11
    0.6300000000E+00    0.4338294005E-22    0.2995596250E-23    0.4359534505E-07   -0.9497668706E+27   -0.8189321865E-10   -0.4120367921E+05   -0.1485135223E-10
    0.6300000000E+00    0.4648565778E-22    0.3209839213E-23    0.4461081109E-07   -0.7588222560E+28   -0.7010854983E-09   -0.3527435171E+06   -0.1362351085E-09
    0.6300000000E+00    0.4981027973E-22    0.3439404683E-23    0.4564993037E-07   -0.2234291901E+29   -0.2211927230E-08   -0.1112907046E+07   -0.4605628383E-09
    0.6300000000E+00    0.5337267633E-22    0.3685388516E-23    0.4671325384E-07   -0.2189274950E+29   -0.2322369032E-08   -0.1168474633E+07   -0.5181425875E-09
    0.6300000000E+00    0.5718985306E-22    0.3948964943E-23    0.4780134531E-07    0.1189609379E+29    0.1352182477E-08    0.6803358559E+06    0.3232610367E-09
    0.6300000000E+00    0.6128003161E-22    0.4231392172E-23    0.4891478167E-07    0.2482208838E+30    0.3023216446E-07    0.1521098360E+08    0.7744391493E-08
    0.6300000000E+00    0.6566273690E-22    0.4534018400E-23    0.5005415331E-07    0.1474421833E+31    0.1924210930E-06    0.9681457293E+08    0.5281663581E-07
    0.6300000000E+00    0.7035889022E-22    0.4858288246E-23    0.5122006431E-07    0.6937396000E+31    0.9701243590E-06    0.4881074836E+09    0.2853287063E-06
    0.6300000000E+00    0.7539090917E-22    0.5205749646E-23    0.5241313287E-07    0.2861608673E+32    0.4287865630E-05    0.2157392796E+10    0.1351323176E-05
    0.6300000000E+00    0.8078281461E-22    0.5578061244E-23    0.5363399157E-07    0.1062252271E+33    0.1705526972E-04    0.8581172825E+10    0.5759392146E-05
    0.6300000000E+00    0.8656034539E-22    0.5977000309E-23    0.5488328773E-07    0.3585274294E+33    0.6168127057E-04    0.3103425812E+11    0.2231882716E-04
    0.6300000000E+00    0.9275108115E-22    0.6404471218E-23    0.5616168372E-07    0.1109109435E+34    0.2044585722E-03    0.1028710992E+12    0.7927265091E-04
    0.6300000000E+00    0.9938457404E-22    0.6862514550E-23    0.5746985739E-07    0.3111583904E+34    0.6146281402E-03    0.3092434409E+12    0.2553468461E-03
    0.6300000000E+00    0.1064924897E-21    0.7353316823E-23    0.5880850233E-07    0.7482769552E+34    0.1583774311E-02    0.7968587596E+12    0.7050360957E-03
    0.6300000000E+00    0.1141087586E-21    0.7879220933E-23    0.6017832832E-07    0.1582925399E+35    0.3589974566E-02    0.1806256523E+13    0.1712416601E-02
    0.6300000000E+00    0.1222697377E-21    0.8442737340E-23    0.6158006166E-07    0.2986587350E+35    0.7257819200E-02    0.3651692521E+13    0.3709575402E-02
    0.6300000000E+00    0.1310143844E-21    0.9046556049E-23    0.6301444556E-07    0.5085020313E+35    0.1324108630E-01    0.6662108061E+13    0.7251730801E-02
    0.6300000000E+00    0.1403844422E-21    0.9693559452E-23    0.6448224056E-07    0.7917338961E+35    0.2209073482E-01    0.1111471214E+14    0.1296367755E-01
    0.6300000000E+00    0.1504246400E-21    0.1038683609E-22    0.6598422489E-07    0.1138192214E+36    0.3402879215E-01    0.1712121539E+14    0.2139757671E-01
    0.6300000000E+00    0.1611829057E-21    0.1112969539E-22    0.6752119493E-07    0.1515240247E+36    0.4854141380E-01    0.2442308259E+14    0.3270622945E-01
    0.6300000000E+00    0.1727105951E-21    0.1192568347E-22    0.6909396560E-07    0.1863078258E+36    0.6395316193E-01    0.3217733546E+14    0.4617214802E-01
    0.6300000000E+00    0.1850627369E-21    0.1277860007E-22    0.7070337081E-07    0.2105312681E+36    0.7743682359E-01    0.3896149267E+14    0.5990534698E-01
    0.6300000000E+00    0.1982982953E-21    0.1369251667E-22    0.7235026388E-07    0.2180680204E+36    0.8594545300E-01    0.4324251670E+14    0.7124279721E-01
    0.6300000000E+00    0.2124804516E-21    0.1467179595E-22    0.7403551802E-07    0.2175601610E+36    0.9187773819E-01    0.4622728125E+14    0.8160717671E-01
    0.6300000000E+00    0.2276769058E-21    0.1572111260E-22    0.7576002677E-07    0.2129653284E+36    0.9636954936E-01    0.4848728701E+14    0.9171869904E-01
    0.6300000000E+00    0.2439602000E-21    0.1684547565E-22    0.7752470448E-07    0.1946170450E+36    0.9436518551E-01    0.4747881322E+14    0.9623429207E-01
    0.6300000000E+00    0.2614080640E-21    0.1805025236E-22    0.7933048683E-07    0.1629448042E+36    0.8465866986E-01    0.4259508580E+14    0.9251017414E-01
    0.6300000000E+00    0.2801037871E-21    0.1934119387E-22    0.8117833125E-07    0.1287491615E+36    0.7167625952E-01    0.3606312772E+14    0.8392539444E-01
    0.6300000000E+00    0.3001366153E-21    0.2072446262E-22    0.8306921749E-07    0.9728972355E+35    0.5803605628E-01    0.2920020833E+14    0.7281417799E-01
    0.6300000000E+00    0.3216021775E-21    0.2220666179E-22    0.8500414813E-07    0.7048424169E+35    0.4505292120E-01    0.2266788561E+14    0.6056769043E-01
    0.6300000000E+00    0.3446029418E-21    0.2379486681E-22    0.8698414910E-07    0.4887283344E+35    0.3347329325E-01    0.1684172218E+14    0.4821881132E-01
    0.6300000000E+00    0.3692487048E-21    0.2549665916E-22    0.8901027021E-07    0.3239237645E+35    0.2377243863E-01    0.1196084305E+14    0.3669372422E-01
    0.6300000000E+00    0.3956571157E-21    0.2732016250E-22    0.9108358575E-07    0.2053591094E+35    0.1614897254E-01    0.8125179288E+13    0.2670932754E-01
    0.6300000000E+00    0.4239542377E-21    0.2927408154E-22    0.9320519501E-07    0.1247730679E+35    0.1051360793E-01    0.5289807090E+13    0.1863244446E-01
    0.6300000000E+00    0.4542751502E-21    0.3136774352E-22    0.9537622289E-07    0.7280344890E+34    0.6573291280E-02    0.3307279768E+13    0.1248248162E-01
    0.6300000000E+00    0.4867645933E-21    0.3361114274E-22    0.9759782052E-07    0.4085941802E+34    0.3952966195E-02    0.1988891800E+13    0.8043427622E-02
    0.6300000000E+00    0.5215776589E-21    0.3601498832E-22    0.9987116580E-07    0.2208235878E+34    0.2289161249E-02    0.1151766499E+13    0.4991078993E-02
    0.6300000000E+00    0.5588805307E-21    0.3859075526E-22    0.1021974641E-06    0.1150425920E+34    0.1277878556E-02    0.6429506489E+12    0.2985435138E-02
    0.6300000000E+00    0.5988512779E-21    0.4135073927E-22    0.1045779488E-06    0.5783551194E+33    0.6883756634E-03    0.3463487023E+12    0.1723231266E-02
    0.6300000000E+00    0.6416807053E-21    0.4430811541E-22    0.1070138822E-06    0.2808827665E+33    0.3582251043E-03    0.1802370517E+12    0.9608908894E-03
    0.6300000000E+00    0.6875732635E-21    0.4747700104E-22    0.1095065557E-06    0.1319160581E+33    0.1802721296E-03    0.9070195455E+11    0.5181394347E-03
    0.6300000000E+00    0.7367480256E-21    0.5087252317E-22    0.1120572911E-06    0.5996849518E+32    0.8781204169E-04    0.4418167042E+11    0.2704407507E-03
    0.6300000000E+00    0.7894397325E-21    0.5451089068E-22    0.1146674407E-06    0.2641097543E+32    0.4143958192E-04    0.2084987338E+11    0.1367519170E-03
    0.6300000000E+00    0.8458999137E-21    0.5840947171E-22    0.1173383885E-06    0.1127832130E+32    0.1896161772E-04    0.9540331015E+10    0.6704917592E-04
    0.6300000000E+00    0.9063980879E-21    0.6258687655E-22    0.1200715507E-06    0.4673614149E+31    0.8419451089E-05    0.4236154928E+10    0.3190081923E-04
    0.6300000000E+00    0.9712230494E-21    0.6706304648E-22    0.1228683764E-06    0.1880902483E+31    0.3630757169E-05    0.1826775845E+10    0.1474060339E-04
    0.6300000000E+00    0.1040684247E-20    0.7185934897E-22    0.1257303485E-06    0.7358125195E+30    0.1521941981E-05    0.7657484978E+09    0.6620886677E-05
    0.6300000000E+00    0.1115113261E-20    0.7699867968E-22    0.1286589846E-06    0.2800458763E+30    0.6206690732E-06    0.3122828704E+09    0.2893198050E-05
    0.6300000000E+00    0.1194865387E-20    0.8250557175E-22    0.1316558373E-06    0.1037577849E+30    0.2464061912E-06    0.1239765859E+09    0.1230749515E-05
    0.6300000000E+00    0.1280321329E-20    0.8840631292E-22    0.1347224957E-06    0.3743306760E+29    0.9525468441E-07    0.4792635488E+08    0.5098053636E-06
    0.6300000000E+00    0.1371889021E-20    0.9472907100E-22    0.1378605858E-06    0.1315310666E+29    0.3586404460E-07    0.1804460263E+08    0.2056730194E-06
    0.6300000000E+00    0.1470005571E-20    0.1015040283E-21    0.1410717713E-06    0.4504803812E+28    0.1316154296E-07    0.6622086700E+07    0.8087696836E-07
    0.6300000000E+00    0.1575139348E-20    0.1087635259E-21    0.1443577550E-06    0.1506028009E+28    0.4714807578E-08    0.2372203977E+07    0.3104431137E-07
    0.6300000000E+00    0.1687792220E-20    0.1165422177E-21    0.1477202791E-06    0.4920879690E+27    0.1650720980E-08    0.8305422457E+06    0.1164640072E-07
    0.6300000000E+00    0.1808501947E-20    0.1248772362E-21    0.1511611264E-06    0.1571245011E+27    0.5647741827E-09    0.2841599663E+06    0.4269656075E-08
    0.6300000000E+00    0.1937844750E-20    0.1338083694E-21    0.1546821213E-06    0.4896553363E+26    0.1885911965E-09    0.9488760227E+05    0.1527704907E-08
    0.6300000000E+00    0.2076438060E-20    0.1433782510E-21    0.1582851308E-06    0.1488906570E+26    0.6144667258E-10    0.3091622270E+05    0.5333550703E-09
    0.6300000000E+00    0.2224943467E-20    0.1536325639E-21    0.1619720651E-06    0.4427489462E+25    0.1957890775E-10    0.9850913756E+04    0.1820985627E-09
    0.6300000000E+00    0.2384069878E-20    0.1646202581E-21    0.1657448792E-06    0.1291425031E+25    0.6119277155E-11    0.3078847517E+04    0.6098431943E-10
    0.6300000000E+00    0.2554576900E-20    0.1763937846E-21    0.1696055734E-06    0.3695154322E+24    0.1876132491E-11    0.9439555872E+03    0.2003464089E-10
    0.6300000000E+00    0.2737278465E-20    0.1890093455E-21    0.1735561947E-06    0.1033903841E+24    0.5624851646E-12    0.2830082718E+03    0.6436194062E-11
    0.6300000000E+00    0.2933046719E-20    0.2025271626E-21    0.1775988378E-06    0.2824301113E+23    0.1646424883E-12    0.8283807112E+02    0.2018645132E-11
    0.6300000000E+00    0.3142816182E-20    0.2170117645E-21    0.1817356462E-06    0.7555848790E+22    0.4719697693E-13    0.2374664385E+02    0.6200578925E-12
    0.6300000000E+00    0.3367588212E-20    0.2325322952E-21    0.1859688132E-06    0.1995221013E+22    0.1335432477E-13    0.6719082765E+01    0.1879922699E-12
    0.6300000000E+00    0.3608435782E-20    0.2491628434E-21    0.1903005833E-06    0.4792126172E+21    0.3436838842E-14    0.1729207955E+01    0.5184146022E-13
    0.6300000000E+00    0.3866508602E-20    0.2669827968E-21    0.1947332533E-06    0.1781358917E+21    0.1368933514E-14    0.6887639577E+00    0.2212587293E-13
