    0.7980000000E+00    0.4143038610E-23    0.2860772210E-24    0.1992691735E-07    0.0000000000E+00    0.0000000000E+00    0.0000000000E+00    0.0000000000E+00
    0.7980000000E+00    0.4439345853E-23    0.3065372650E-24    0.2039107488E-07    0.0000000000E+00    0.0000000000E+00    0.0000000000E+00    0.0000000000E+00
    0.7980000000E+00    0.4756844785E-23    0.3284605973E-24    0.2086604403E-07    0.0000000000E+00    0.0000000000E+00    0.0000000000E+00    0.0000000000E+00
    0.7980000000E+00    0.5097051019E-23    0.3519518710E-24    0.2135207663E-07    0.0000000000E+00    0.0000000000E+00    0.0000000000E+00    0.0000000000E+00
    0.7980000000E+00    0.5461588566E-23    0.3771232243E-24    0.2184943039E-07    0.0000000000E+00    0.0000000000E+00    0.0000000000E+00    0.0000000000E+00
    0.7980000000E+00    0.5852197586E-23    0.4040948153E-24    0.2235836900E-07    0.0000000000E+00    0.0000000000E+00    0.0000000000E+00    0.0000000000E+00
    0.7980000000E+00    0.6270742692E-23    0.4329953957E-24    0.2287916232E-07    0.0000000000E+00    0.0000000000E+00    0.0000000000E+00    0.0000000000E+00
    0.7980000000E+00    0.6719221852E-23    0.4639629256E-24    0.2341208647E-07    0.0000000000E+00    0.0000000000E+00    0.0000000000E+00    0.0000000000E+00
    0.7980000000E+00    0.7199775931E-23    0.4971452317E-24    0.2395742402E-07    0.0000000000E+00    0.0000000000E+00    0.0000000000E+00    0.0000000000E+00
    0.7980000000E+00    0.7714698903E-23    0.5327007132E-24    0.2451546411E-07    0.0000000000E+00    0.0000000000E+00    0.0000000000E+00    0.0000000000E+00
    0.7980000000E+00    0.8266448809E-23    0.5707990981E-24    0.2508650263E-07    0.0000000000E+00    0.0000000000E+00    0.0000000000E+00    0.0000000000E+00
    0.7980000000E+00    0.8857659485E-23    0.6116222531E-24    0.2567084234E-07    0.0000000000E+00    0.0000000000E+00    0.0000000000E+00    0.0000000000E+00
    0.7980000000E+00    0.9491153137E-23    0.6553650517E-24    0.2626879307E-07    0.0000000000E+00    0.0000000000E+00    0.0000000000E+00    0.0000000000E+00
    0.7980000000E+00    0.1016995382E-22    0.7022363048E-24    0.2688067187E-07    0.0000000000E+00    0.0000000000E+00    0.0000000000E+00    0.0000000000E+00
    0.7980000000E+00    0.1089730185E-22    0.7524597575E-24    0.2750680315E-07    0.0000000000E+00    0.0000000000E+00    0.0000000000E+00    0.0000000000E+00
    0.7980000000E+00    0.1167666930E-22    0.8062751566E-24    0.2814751890E-07    0.0000000000E+00    0.0000000000E+00    0.0000000000E+00    0.0000000000E+00
    0.7980000000E+00    0.1251177658E-22    0.8639393956E-24    0.2880315884E-07    0.0000000000E+00    0.0000000000E+00    0.0000000000E+00    0.0000000000E+00
    0.7980000000E+00    0.1340661015E-22    0.9257277409E-24    0.2947407060E-07    0.0000000000E+00    0.0000000000E+00    0.0000000000E+00    0.0000000000E+00
    0.7980000000E+00    0.1436544159E-22    0.9919351458E-24    0.3016060990E-07   -0.1548277282E-15   -0.4420584181E-53   -0.2224168686E-38   -0.6088076502E-55
    0.7980000000E+00    0.1539284799E-22    0.1062877658E-23    0.3086314075E-07   -0.2566099436E-15   -0.7850628113E-53   -0.3949957856E-38   -0.1158523482E-54
    0.7980000000E+00    0.1649373379E-22    0.1138893930E-23    0.3158203565E-07   -0.3704106303E-15   -0.1214267485E-52   -0.6109454329E-38   -0.1920060006E-54
    0.7980000000E+00    0.1767335417E-22    0.1220346833E-23    0.3231767576E-07   -0.4753495879E-15   -0.1669721524E-52   -0.8401021621E-38   -0.2829075134E-54
    0.7980000000E+00    0.1893734018E-22    0.1307625190E-23    0.3307045113E-07   -0.4421393082E-15   -0.1664140734E-52   -0.8372942486E-38   -0.3021276600E-54
    0.7980000000E+00    0.2029172559E-22    0.1401145635E-23    0.3384076090E-07    0.1391344052E-14    0.5611325472E-52    0.2823277171E-37    0.1091605953E-53
    0.7980000000E+00    0.2174297571E-22    0.1501354598E-23    0.3462901348E-07    0.7809776209E-14    0.3374966864E-51    0.1698077744E-36    0.7035094717E-53
    0.7980000000E+00    0.2329801823E-22    0.1608730435E-23    0.3543562682E-07    0.3534083901E-14    0.1636468988E-51    0.8233715113E-37    0.3655175342E-53
    0.7980000000E+00    0.2496427630E-22    0.1723785718E-23    0.3626102861E-07   -0.8073107274E-13   -0.4005637528E-50   -0.2015392806E-35   -0.9586765030E-52
    0.7980000000E+00    0.2674970400E-22    0.1847069675E-23    0.3710565646E-07   -0.4017249869E-12   -0.2135796002E-49   -0.1074602449E-34   -0.5477220248E-51
    0.7980000000E+00    0.2866282424E-22    0.1979170815E-23    0.3796995823E-07   -0.3548310076E-12   -0.2021401057E-49   -0.1017045881E-34   -0.5554601719E-51
    0.7980000000E+00    0.3071276952E-22    0.2120719737E-23    0.3885439218E-07    0.2084619148E-11    0.1272499577E-48    0.6402442743E-34    0.3746779042E-50
    0.7980000000E+00    0.3290932546E-22    0.2272392139E-23    0.3975942724E-07    0.5528124332E-10    0.3615836013E-47    0.1819268428E-32    0.1140799079E-48
    0.7980000000E+00    0.3526297755E-22    0.2434912046E-23    0.4068554327E-07    0.2089012128E-09    0.1464103859E-46    0.7366478778E-32    0.4949625279E-48
    0.7980000000E+00    0.3778496121E-22    0.2609055264E-23    0.4163323131E-07   -0.9333507244E-09   -0.7009318471E-46   -0.3526662091E-31   -0.2539079088E-47
    0.7980000000E+00    0.4048731538E-22    0.2795653084E-23    0.4260299385E-07   -0.6739753442E-07   -0.5423441164E-44   -0.2728745232E-29   -0.2105112785E-45
    0.7980000000E+00    0.4338294005E-22    0.2995596250E-23    0.4359534505E-07   -0.1803550280E-07   -0.1555103068E-44   -0.7824331367E-30   -0.6467845153E-46
    0.7980000000E+00    0.4648565778E-22    0.3209839213E-23    0.4461081109E-07    0.1017940133E-04    0.9404877889E-42    0.4731961668E-27    0.4191346802E-43
    0.7980000000E+00    0.4981027973E-22    0.3439404683E-23    0.4564993037E-07    0.9856169192E-05    0.9757511547E-42    0.4909385445E-27    0.4659502077E-43
    0.7980000000E+00    0.5337267633E-22    0.3685388516E-23    0.4671325384E-07   -0.1256901749E-02   -0.1333313433E-39   -0.6708421024E-25   -0.6822329493E-41
    0.7980000000E+00    0.5718985306E-22    0.3948964943E-23    0.4780134531E-07   -0.1476913077E+00   -0.1678749359E-37   -0.8446444186E-23   -0.9204205269E-39
    0.7980000000E+00    0.6128003161E-22    0.4231392172E-23    0.4891478167E-07   -0.2285355444E+01   -0.2783458047E-36   -0.1400466539E-21   -0.1635253607E-37
    0.7980000000E+00    0.6566273690E-22    0.4534018400E-23    0.5005415331E-07    0.3088453317E+01    0.4030621017E-36    0.2027962976E-21    0.2537303397E-37
    0.7980000000E+00    0.7035889022E-22    0.4858288246E-23    0.5122006431E-07    0.5489709747E+03    0.7676801425E-34    0.3862498855E-19    0.5178222920E-35
    0.7980000000E+00    0.7539090917E-22    0.5205749646E-23    0.5241313287E-07    0.1242718166E+05    0.1862102447E-32    0.9368965237E-18    0.1345872770E-33
    0.7980000000E+00    0.8078281461E-22    0.5578061244E-23    0.5363399157E-07    0.4467230307E+04    0.7172478695E-33    0.3608754377E-18    0.5554816319E-34
    0.7980000000E+00    0.8656034539E-22    0.5977000309E-23    0.5488328773E-07   -0.9226224491E+06   -0.1587285107E-30   -0.7986251785E-16   -0.1317211086E-31
    0.7980000000E+00    0.9275108115E-22    0.6404471218E-23    0.5616168372E-07   -0.4530638047E+08   -0.8351996268E-29   -0.4202215771E-14   -0.7426611870E-30
    0.7980000000E+00    0.9938457404E-22    0.6862514550E-23    0.5746985739E-07   -0.1911695784E+10   -0.3776154076E-27   -0.1899930712E-12   -0.3597908729E-28
    0.7980000000E+00    0.1064924897E-21    0.7353316823E-23    0.5880850233E-07   -0.7275046600E+11   -0.1539808467E-25   -0.7747378253E-11   -0.1572052839E-26
    0.7980000000E+00    0.1141087586E-21    0.7879220933E-23    0.6017832832E-07   -0.4671151176E+12   -0.1059387506E-24   -0.5330192619E-10   -0.1158924870E-25
    0.7980000000E+00    0.1222697377E-21    0.8442737340E-23    0.6158006166E-07    0.2498528382E+12    0.6071768589E-25    0.3054944100E-10    0.7117306142E-26
    0.7980000000E+00    0.1310143844E-21    0.9046556049E-23    0.6301444556E-07    0.2836328231E+14    0.7385627698E-23    0.3715997972E-08    0.9276578998E-24
    0.7980000000E+00    0.1403844422E-21    0.9693559452E-23    0.6448224056E-07    0.7426778557E+15    0.2072198709E-21    0.1042604165E-06    0.2788892886E-22
    0.7980000000E+00    0.1504246400E-21    0.1038683609E-22    0.6598422489E-07    0.1682370729E+17    0.5029822133E-20    0.2530700112E-05    0.7253590992E-21
    0.7980000000E+00    0.1611829057E-21    0.1112969539E-22    0.6752119493E-07    0.2710857396E+18    0.8684355556E-19    0.4369438720E-04    0.1341955244E-19
    0.7980000000E+00    0.1727105951E-21    0.1192568347E-22    0.6909396560E-07    0.4199109907E+18    0.1441412108E-18    0.7252307711E-04    0.2386649268E-19
    0.7980000000E+00    0.1850627369E-21    0.1277860007E-22    0.7070337081E-07   -0.1377740577E+19   -0.5067553859E-18   -0.2549684419E-03   -0.8990809773E-19
    0.7980000000E+00    0.1982982953E-21    0.1369251667E-22    0.7235026388E-07   -0.3487977918E+20   -0.1374689611E-16   -0.6916600750E-02   -0.2613395184E-17
    0.7980000000E+00    0.2124804516E-21    0.1467179595E-22    0.7403551802E-07   -0.5154738101E+21   -0.2176895235E-15   -0.1095281079E+00   -0.4434431641E-16
    0.7980000000E+00    0.2276769058E-21    0.1572111260E-22    0.7576002677E-07   -0.6700975272E+22   -0.3032277470E-14   -0.1525657316E+01   -0.6618649377E-15
    0.7980000000E+00    0.2439602000E-21    0.1684547565E-22    0.7752470448E-07   -0.7973827001E+23   -0.3866319439E-13   -0.1945296430E+02   -0.9042700953E-14
    0.7980000000E+00    0.2614080640E-21    0.1805025236E-22    0.7933048683E-07   -0.8750928520E+24   -0.4546582336E-12   -0.2287563282E+03   -0.1139424350E-12
    0.7980000000E+00    0.2801037871E-21    0.1934119387E-22    0.8117833125E-07   -0.3930064689E+25   -0.2187915892E-11   -0.1100826003E+04   -0.5875313683E-12
    0.7980000000E+00    0.3001366153E-21    0.2072446262E-22    0.8306921749E-07   -0.3629948459E+25   -0.2165366345E-11   -0.1089480444E+04   -0.6230627941E-12
    0.7980000000E+00    0.3216021775E-21    0.2220666179E-22    0.8500414813E-07    0.1142861494E+26    0.7305072396E-11    0.3675467451E+04    0.2252293379E-11
    0.7980000000E+00    0.3446029418E-21    0.2379486681E-22    0.8698414910E-07    0.1569220372E+27    0.1074768332E-09    0.5407579566E+05    0.3550710769E-10
    0.7980000000E+00    0.3692487048E-21    0.2549665916E-22    0.8901027021E-07    0.1280037834E+28    0.9394068665E-09    0.4726523125E+06    0.3325478666E-09
    0.7980000000E+00    0.3956571157E-21    0.2732016250E-22    0.9108358575E-07    0.9074622494E+28    0.7136076404E-08    0.3590438962E+07    0.2706823430E-08
    0.7980000000E+00    0.4239542377E-21    0.2927408154E-22    0.9320519501E-07    0.5895087677E+29    0.4967309180E-07    0.2499247402E+08    0.2018931706E-07
    0.7980000000E+00    0.4542751502E-21    0.3136774352E-22    0.9537622289E-07    0.3553054980E+30    0.3207988862E-06    0.1614064585E+09    0.1397118642E-06
    0.7980000000E+00    0.4867645933E-21    0.3361114274E-22    0.9759782052E-07    0.1995048648E+31    0.1930120458E-05    0.9711190439E+09    0.9007097209E-06
    0.7980000000E+00    0.5215776589E-21    0.3601498832E-22    0.9987116580E-07    0.1045834231E+32    0.1084160990E-04    0.5454837698E+10    0.5421184803E-05
    0.7980000000E+00    0.5588805307E-21    0.3859075526E-22    0.1021974641E-06    0.5126042829E+32    0.5693943513E-04    0.2864845536E+11    0.3050798963E-04
    0.7980000000E+00    0.5988512779E-21    0.4135073927E-22    0.1045779488E-06    0.2351729230E+33    0.2799098883E-03    0.1408336055E+12    0.1607010361E-03
    0.7980000000E+00    0.6416807053E-21    0.4430811541E-22    0.1070138822E-06    0.1010454862E+34    0.1288688170E-02    0.6483893885E+12    0.7927719539E-03
    0.7980000000E+00    0.6875732635E-21    0.4747700104E-22    0.1095065557E-06    0.4065179817E+34    0.5555340520E-02    0.2795108953E+13    0.3661939124E-02
    0.7980000000E+00    0.7367480256E-21    0.5087252317E-22    0.1120572911E-06    0.1486532647E+35    0.2176734074E-01    0.1095199993E+14    0.1537467030E-01
    0.7980000000E+00    0.7894397325E-21    0.5451089068E-22    0.1146674407E-06    0.3560991024E+35    0.5587297584E-01    0.2811187801E+14    0.4228654849E-01
    0.7980000000E+00    0.8458999137E-21    0.5840947171E-22    0.1173383885E-06    0.5794005957E+35    0.9741141708E-01    0.4901149139E+14    0.7899694511E-01
    0.7980000000E+00    0.9063980879E-21    0.6258687655E-22    0.1200715507E-06    0.7227941265E+35    0.1302103597E+00    0.6551392142E+14    0.1131477636E+00
    0.7980000000E+00    0.9712230494E-21    0.6706304648E-22    0.1228683764E-06    0.7424528530E+35    0.1433176916E+00    0.7210873239E+14    0.1334443652E+00
    0.7980000000E+00    0.1040684247E-20    0.7185934897E-22    0.1257303485E-06    0.7278048923E+35    0.1505379143E+00    0.7574150863E+14    0.1501918374E+00
    0.7980000000E+00    0.1115113261E-20    0.7699867968E-22    0.1286589846E-06    0.6446015626E+35    0.1428638264E+00    0.7188037508E+14    0.1527294239E+00
    0.7980000000E+00    0.1194865387E-20    0.8250557175E-22    0.1316558373E-06    0.4649043131E+35    0.1104064636E+00    0.5554980720E+14    0.1264721597E+00
    0.7980000000E+00    0.1280321329E-20    0.8840631292E-22    0.1347224957E-06    0.2806640129E+35    0.7141963959E-01    0.3593401221E+14    0.8766335547E-01
    0.7980000000E+00    0.1371889021E-20    0.9472907100E-22    0.1378605858E-06    0.1445919207E+35    0.3942529492E-01    0.1983640686E+14    0.5185317893E-01
    0.7980000000E+00    0.1470005571E-20    0.1015040283E-21    0.1410717713E-06    0.6413102741E+34    0.1873695965E-01    0.9427296757E+13    0.2640581384E-01
    0.7980000000E+00    0.1575139348E-20    0.1087635259E-21    0.1443577550E-06    0.2437506420E+34    0.7630916337E-02    0.3839412274E+13    0.1152330688E-01
    0.7980000000E+00    0.1687792220E-20    0.1165422177E-21    0.1477202791E-06    0.7750544340E+33    0.2599938823E-02    0.1308130844E+13    0.4206913330E-02
    0.7980000000E+00    0.1808501947E-20    0.1248772362E-21    0.1511611264E-06    0.1649067948E+33    0.5927471499E-03    0.2982342594E+12    0.1027708409E-02
    0.7980000000E+00    0.1937844750E-20    0.1338083694E-21    0.1546821213E-06    0.2651681209E+31    0.1021297420E-04    0.5138546509E+10    0.1897372801E-04
    0.7980000000E+00    0.2076438060E-20    0.1433782510E-21    0.1582851308E-06    0.4121606981E+30    0.1700973317E-05    0.8558261603E+09    0.3386085629E-05
    0.7980000000E+00    0.2224943467E-20    0.1536325639E-21    0.1619720651E-06    0.1005080288E+30    0.4444589739E-06    0.2236246821E+09    0.9480519048E-06
    0.7980000000E+00    0.2384069878E-20    0.1646202581E-21    0.1657448792E-06    0.2205282048E+29    0.1044948931E-06    0.5257546504E+08    0.2388336423E-06
    0.7980000000E+00    0.2554576900E-20    0.1763937846E-21    0.1696055734E-06    0.3510899101E+28    0.1782580997E-07    0.8968861740E+07    0.4365657976E-07
    0.7980000000E+00    0.2737278465E-20    0.1890093455E-21    0.1735561947E-06    0.7140177614E+27    0.3884543052E-08    0.1954465442E+07    0.1019390014E-07
    0.7980000000E+00    0.2933046719E-20    0.2025271626E-21    0.1775988378E-06    0.1752687354E+27    0.1021728192E-08    0.5140713892E+06    0.2873001236E-08
    0.7980000000E+00    0.3142816182E-20    0.2170117645E-21    0.1817356462E-06    0.3862948880E+26    0.2412958679E-09    0.1214053825E+06    0.7270266332E-09
    0.7980000000E+00    0.3367588212E-20    0.2325322952E-21    0.1859688132E-06    0.8995489797E+25    0.6020821325E-10    0.3029310541E+05    0.1943820576E-09
    0.7980000000E+00    0.3608435782E-20    0.2491628434E-21    0.1903005833E-06    0.9873421999E+24    0.7081065693E-11    0.3562760923E+04    0.2449621918E-10
    0.7980000000E+00    0.3866508602E-20    0.2669827968E-21    0.1947332533E-06    0.3393473368E+24    0.2607806534E-11    0.1312089397E+04    0.9666645782E-11
