    0.7350000000E+00    0.4143038610E-23    0.2860772210E-24    0.1992691735E-07   -0.7290118165E-14   -0.6002960584E-52   -0.3020324103E-37   -0.2935035559E-54
    0.7350000000E+00    0.4439345853E-23    0.3065372650E-24    0.2039107488E-07   -0.2036041678E-13   -0.1796460149E-51   -0.9038693180E-37   -0.9411643388E-54
    0.7350000000E+00    0.4756844785E-23    0.3284605973E-24    0.2086604403E-07   -0.1225606084E-13   -0.1158728882E-51   -0.5830017907E-37   -0.6504736485E-54
    0.7350000000E+00    0.5097051019E-23    0.3519518710E-24    0.2135207663E-07    0.5946893395E-13    0.6024500950E-51    0.3031161904E-36    0.3623839485E-53
    0.7350000000E+00    0.5461588566E-23    0.3771232243E-24    0.2184943039E-07    0.1135489654E-12    0.1232577130E-50    0.6201577311E-36    0.7944416063E-53
    0.7350000000E+00    0.5852197586E-23    0.4040948153E-24    0.2235836900E-07    0.4189917431E-13    0.4873448584E-51    0.2452022468E-36    0.3365768673E-53
    0.7350000000E+00    0.6270742692E-23    0.4329953957E-24    0.2287916232E-07   -0.3971974283E-12   -0.4950366486E-50   -0.2490722871E-35   -0.3663407476E-52
    0.7350000000E+00    0.6719221852E-23    0.4639629256E-24    0.2341208647E-07   -0.4582014090E-12   -0.6119097092E-50   -0.3078756920E-35   -0.4852161189E-52
    0.7350000000E+00    0.7199775931E-23    0.4971452317E-24    0.2395742402E-07    0.5696651269E-12    0.8151744480E-50    0.4101461270E-35    0.6926254312E-52
    0.7350000000E+00    0.7714698903E-23    0.5327007132E-24    0.2451546411E-07    0.1810431444E-11    0.2775958747E-49    0.1396693348E-34    0.2527323778E-51
    0.7350000000E+00    0.8266448809E-23    0.5707990981E-24    0.2508650263E-07   -0.2152620279E-12   -0.3536701049E-50   -0.1779452534E-35   -0.3450215538E-52
    0.7350000000E+00    0.8857659485E-23    0.6116222531E-24    0.2567084234E-07   -0.5120248771E-11   -0.9014091992E-49   -0.4535342009E-34   -0.9422580607E-51
    0.7350000000E+00    0.9491153137E-23    0.6553650517E-24    0.2626879307E-07   -0.6636184438E-12   -0.1251841577E-49   -0.6298504275E-35   -0.1402158946E-51
    0.7350000000E+00    0.1016995382E-22    0.7022363048E-24    0.2688067187E-07    0.1166544930E-10    0.2357938070E-48    0.1186370806E-33    0.2829959822E-50
    0.7350000000E+00    0.1089730185E-22    0.7524597575E-24    0.2750680315E-07   -0.2466735743E-12   -0.5342610959E-50   -0.2688076397E-35   -0.6870706963E-52
    0.7350000000E+00    0.1167666930E-22    0.8062751566E-24    0.2814751890E-07   -0.2123896800E-10   -0.4929062608E-48   -0.2480004057E-33   -0.6792227284E-50
    0.7350000000E+00    0.1251177658E-22    0.8639393956E-24    0.2880315884E-07    0.6476208974E-11    0.1610466807E-48    0.8102887976E-34    0.2377933217E-50
    0.7350000000E+00    0.1340661015E-22    0.9257277409E-24    0.2947407060E-07    0.3268537615E-10    0.8709323277E-48    0.4382000956E-33    0.1377946280E-49
    0.7350000000E+00    0.1436544159E-22    0.9919351458E-24    0.3016060990E-07   -0.1806076246E-10   -0.5156642274E-48   -0.2594508282E-33   -0.8742082086E-50
    0.7350000000E+00    0.1539284799E-22    0.1062877658E-23    0.3086314075E-07   -0.5660635893E-10   -0.1731793657E-47   -0.8713330784E-33   -0.3145893530E-49
    0.7350000000E+00    0.1649373379E-22    0.1138893930E-23    0.3158203565E-07    0.3878485451E-10    0.1271431862E-47    0.6397070653E-33    0.2474804893E-49
    0.7350000000E+00    0.1767335417E-22    0.1220346833E-23    0.3231767576E-07    0.1103325160E-09    0.3875559828E-47    0.1949945631E-32    0.8083181323E-49
    0.7350000000E+00    0.1893734018E-22    0.1307625190E-23    0.3307045113E-07    0.1404351003E-10    0.5285749687E-48    0.2659467268E-33    0.1181284399E-49
    0.7350000000E+00    0.2029172559E-22    0.1401145635E-23    0.3384076090E-07    0.3738415557E-09    0.1507712374E-46    0.7585890263E-32    0.3610491897E-48
    0.7350000000E+00    0.2174297571E-22    0.1501354598E-23    0.3462901348E-07    0.4099515828E-08    0.1771591106E-45    0.8913567306E-31    0.4545810913E-47
    0.7350000000E+00    0.2329801823E-22    0.1608730435E-23    0.3543562682E-07    0.5795870221E-08    0.2683796463E-45    0.1350322900E-30    0.7378999004E-47
    0.7350000000E+00    0.2496427630E-22    0.1723785718E-23    0.3626102861E-07    0.2462060827E-08    0.1221601907E-45    0.6146356675E-31    0.3598964623E-47
    0.7350000000E+00    0.2674970400E-22    0.1847069675E-23    0.3710565646E-07   -0.1928688260E-07   -0.1025399168E-44   -0.5159184007E-30   -0.3236986114E-46
    0.7350000000E+00    0.2866282424E-22    0.1979170815E-23    0.3796995823E-07   -0.3036731420E-06   -0.1729964961E-43   -0.8704129897E-29   -0.5851742165E-45
    0.7350000000E+00    0.3071276952E-22    0.2120719737E-23    0.3885439218E-07   -0.5527007885E-05   -0.3373813006E-42   -0.1697497193E-27   -0.1222837880E-43
    0.7350000000E+00    0.3290932546E-22    0.2272392139E-23    0.3975942724E-07   -0.2367986615E-04   -0.1548852878E-41   -0.7792884218E-27   -0.6015310399E-43
    0.7350000000E+00    0.3526297755E-22    0.2434912046E-23    0.4068554327E-07   -0.5593359431E-05   -0.3920158728E-42   -0.1972385081E-27   -0.1631366454E-43
    0.7350000000E+00    0.3778496121E-22    0.2609055264E-23    0.4163323131E-07    0.9137690544E-03    0.6862263181E-40    0.3452672827E-25    0.3059956450E-41
    0.7350000000E+00    0.4048731538E-22    0.2795653084E-23    0.4260299385E-07    0.8369048039E-02    0.6734525236E-39    0.3388402874E-24    0.3217768976E-40
    0.7350000000E+00    0.4338294005E-22    0.2995596250E-23    0.4359534505E-07   -0.2334232083E-01   -0.2012681051E-38   -0.1012658505E-23   -0.1030440295E-39
    0.7350000000E+00    0.4648565778E-22    0.3209839213E-23    0.4461081109E-07   -0.3798374245E+01   -0.3509366099E-36   -0.1765699253E-21   -0.1925203098E-37
    0.7350000000E+00    0.4981027973E-22    0.3439404683E-23    0.4564993037E-07   -0.2875642041E+03   -0.2846857626E-34   -0.1432365345E-19   -0.1673453402E-35
    0.7350000000E+00    0.5337267633E-22    0.3685388516E-23    0.4671325384E-07   -0.4818199130E+03   -0.5111115189E-34   -0.2571601826E-19   -0.3219315527E-35
    0.7350000000E+00    0.5718985306E-22    0.3948964943E-23    0.4780134531E-07    0.1155341977E+05    0.1313232061E-32    0.6607383792E-18    0.8863175572E-34
    0.7350000000E+00    0.6128003161E-22    0.4231392172E-23    0.4891478167E-07    0.7438636802E+06    0.9059918237E-31    0.4558398984E-16    0.6551973826E-32
    0.7350000000E+00    0.6566273690E-22    0.4534018400E-23    0.5005415331E-07    0.1654058448E+07    0.2158647731E-30    0.1086100047E-15    0.1672744657E-31
    0.7350000000E+00    0.7035889022E-22    0.4858288246E-23    0.5122006431E-07   -0.1601238342E+08   -0.2239169164E-29   -0.1126613527E-14   -0.1859237114E-30
    0.7350000000E+00    0.7539090917E-22    0.5205749646E-23    0.5241313287E-07   -0.8529326565E+09   -0.1278043590E-27   -0.6430336843E-13   -0.1137086601E-28
    0.7350000000E+00    0.8078281461E-22    0.5578061244E-23    0.5363399157E-07   -0.3338376163E+11   -0.5360017340E-26   -0.2696834227E-11   -0.5109919637E-27
    0.7350000000E+00    0.8656034539E-22    0.5977000309E-23    0.5488328773E-07   -0.1169634942E+13   -0.2012246859E-24   -0.1012440046E-09   -0.2055555152E-25
    0.7350000000E+00    0.9275108115E-22    0.6404471218E-23    0.5616168372E-07   -0.1414538625E+14   -0.2607628594E-23   -0.1311999868E-08   -0.2854260518E-24
    0.7350000000E+00    0.9938457404E-22    0.6862514550E-23    0.5746985739E-07   -0.8851454900E+13   -0.1748419272E-23   -0.8796980748E-09   -0.2050659056E-24
    0.7350000000E+00    0.1064924897E-21    0.7353316823E-23    0.5880850233E-07    0.3655076045E+15    0.7736193804E-22    0.3892381482E-07    0.9722438764E-23
    0.7350000000E+00    0.1141087586E-21    0.7879220933E-23    0.6017832832E-07    0.9434861275E+16    0.2139766790E-20    0.1076600308E-05    0.2881471433E-21
    0.7350000000E+00    0.1222697377E-21    0.8442737340E-23    0.6158006166E-07    0.1983736781E+18    0.4820753993E-19    0.2425509760E-04    0.6956052405E-20
    0.7350000000E+00    0.1310143844E-21    0.9046556049E-23    0.6301444556E-07    0.3176770159E+19    0.8272117952E-18    0.4162025868E-03    0.1278982476E-18
    0.7350000000E+00    0.1403844422E-21    0.9693559452E-23    0.6448224056E-07    0.5619881580E+19    0.1568043434E-17    0.7889439408E-03    0.2597801503E-18
    0.7350000000E+00    0.1504246400E-21    0.1038683609E-22    0.6598422489E-07   -0.1105921480E+20   -0.3306398668E-17   -0.1663578405E-02   -0.5869526839E-18
    0.7350000000E+00    0.1611829057E-21    0.1112969539E-22    0.6752119493E-07   -0.3096683027E+21   -0.9920365597E-16   -0.4991323683E-01   -0.1887015872E-16
    0.7350000000E+00    0.1727105951E-21    0.1192568347E-22    0.6909396560E-07   -0.4286650205E+22   -0.1471461725E-14   -0.7403499080E+00   -0.2999140734E-15
    0.7350000000E+00    0.1850627369E-21    0.1277860007E-22    0.7070337081E-07   -0.5141669238E+23   -0.1891189548E-13   -0.9515313813E+01   -0.4130312717E-14
    0.7350000000E+00    0.1982982953E-21    0.1369251667E-22    0.7235026388E-07   -0.5622828563E+24   -0.2216081694E-12   -0.1114997319E+03   -0.5186013485E-13
    0.7350000000E+00    0.2124804516E-21    0.1467179595E-22    0.7403551802E-07   -0.5646763724E+25   -0.2384682364E-11   -0.1199826906E+04   -0.5979686498E-12
    0.7350000000E+00    0.2276769058E-21    0.1572111260E-22    0.7576002677E-07   -0.1706736637E+26   -0.7723202730E-11   -0.3885845165E+04   -0.2075130007E-11
    0.7350000000E+00    0.2439602000E-21    0.1684547565E-22    0.7752470448E-07   -0.1310639160E+26   -0.6354978181E-11   -0.3197437916E+04   -0.1829624383E-11
    0.7350000000E+00    0.2614080640E-21    0.1805025236E-22    0.7933048683E-07    0.6471845804E+26    0.3362475165E-10    0.1691792682E+05    0.1037306169E-10
    0.7350000000E+00    0.2801037871E-21    0.1934119387E-22    0.8117833125E-07    0.7316591700E+27    0.4073237599E-09    0.2049405044E+06    0.1346441904E-09
    0.7350000000E+00    0.3001366153E-21    0.2072446262E-22    0.8306921749E-07    0.5437688125E+28    0.3243733897E-08    0.1632049309E+07    0.1148928744E-08
    0.7350000000E+00    0.3216021775E-21    0.2220666179E-22    0.8500414813E-07    0.3542417195E+29    0.2264282610E-07    0.1139249084E+08    0.8593666716E-08
    0.7350000000E+00    0.3446029418E-21    0.2379486681E-22    0.8698414910E-07    0.2118224913E+30    0.1450784796E-06    0.7299465365E+08    0.5899984504E-07
    0.7350000000E+00    0.3692487048E-21    0.2549665916E-22    0.8901027021E-07    0.1176110830E+31    0.8631358852E-06    0.4342774006E+09    0.3761205378E-06
    0.7350000000E+00    0.3956571157E-21    0.2732016250E-22    0.9108358575E-07    0.6087658236E+31    0.4787195756E-05    0.2408625299E+10    0.2235265228E-05
    0.7350000000E+00    0.4239542377E-21    0.2927408154E-22    0.9320519501E-07    0.2943777285E+32    0.2480480823E-04    0.1248026855E+11    0.1241034199E-04
    0.7350000000E+00    0.4542751502E-21    0.3136774352E-22    0.9537622289E-07    0.1332240543E+33    0.1202855809E-03    0.6052037727E+11    0.6448540702E-04
    0.7350000000E+00    0.4867645933E-21    0.3361114274E-22    0.9759782052E-07    0.5652335496E+33    0.5468382132E-03    0.2751356789E+12    0.3141280592E-03
    0.7350000000E+00    0.5215776589E-21    0.3601498832E-22    0.9987116580E-07    0.2251584359E+34    0.2334098325E-02    0.1174376099E+13    0.1436703079E-02
    0.7350000000E+00    0.5588805307E-21    0.3859075526E-22    0.1021974641E-06    0.8428311120E+34    0.9362061346E-02    0.4710418991E+13    0.6174749705E-02
    0.7350000000E+00    0.5988512779E-21    0.4135073927E-22    0.1045779488E-06    0.2525054597E+35    0.3005395950E-01    0.1512132172E+14    0.2123975839E-01
    0.7350000000E+00    0.6416807053E-21    0.4430811541E-22    0.1070138822E-06    0.4934024649E+35    0.6292630612E-01    0.3166068416E+14    0.4765188820E-01
    0.7350000000E+00    0.6875732635E-21    0.4747700104E-22    0.1095065557E-06    0.7249920066E+35    0.9907501396E-01    0.4984851200E+14    0.8039184904E-01
    0.7350000000E+00    0.7367480256E-21    0.5087252317E-22    0.1120572911E-06    0.8562549749E+35    0.1253816647E+00    0.6308441622E+14    0.1090139076E+00
    0.7350000000E+00    0.7894397325E-21    0.5451089068E-22    0.1146674407E-06    0.8669841562E+35    0.1360323137E+00    0.6844317404E+14    0.1267330714E+00
    0.7350000000E+00    0.8458999137E-21    0.5840947171E-22    0.1173383885E-06    0.8474826677E+35    0.1424825729E+00    0.7168855155E+14    0.1422360308E+00
    0.7350000000E+00    0.9063980879E-21    0.6258687655E-22    0.1200715507E-06    0.7460231606E+35    0.1343950380E+00    0.6761939662E+14    0.1437576980E+00
    0.7350000000E+00    0.9712230494E-21    0.6706304648E-22    0.1228683764E-06    0.5451248703E+35    0.1052269349E+00    0.5294378389E+14    0.1206076334E+00
    0.7350000000E+00    0.1040684247E-20    0.7185934897E-22    0.1257303485E-06    0.3421337272E+35    0.7076635269E-01    0.3560531803E+14    0.8691098821E-01
    0.7350000000E+00    0.1115113261E-20    0.7699867968E-22    0.1286589846E-06    0.1890130572E+35    0.4189119320E-01    0.2107709667E+14    0.5512779300E-01
    0.7350000000E+00    0.1194865387E-20    0.8250557175E-22    0.1316558373E-06    0.9333644511E+34    0.2216573720E-01    0.1115244876E+14    0.3125575942E-01
    0.7350000000E+00    0.1280321329E-20    0.8840631292E-22    0.1347224957E-06    0.4139989148E+34    0.1053489294E-01    0.5300516409E+13    0.1591761521E-01
    0.7350000000E+00    0.1371889021E-20    0.9472907100E-22    0.1378605858E-06    0.1633840601E+34    0.4454927165E-02    0.2241447984E+13    0.7212544132E-02
    0.7350000000E+00    0.1470005571E-20    0.1015040283E-21    0.1410717713E-06    0.5574978309E+33    0.1628823798E-02    0.8195249174E+12    0.2825673518E-02
    0.7350000000E+00    0.1575139348E-20    0.1087635259E-21    0.1443577550E-06    0.1559705916E+33    0.4882852927E-03    0.2456754160E+12    0.9076564933E-03
    0.7350000000E+00    0.1687792220E-20    0.1165422177E-21    0.1477202791E-06    0.2776112362E+32    0.9312535985E-04    0.4685500847E+11    0.1854880089E-03
    0.7350000000E+00    0.1808501947E-20    0.1248772362E-21    0.1511611264E-06    0.1953016211E+31    0.7019994503E-05    0.3532033620E+10    0.1498251246E-04
    0.7350000000E+00    0.1937844750E-20    0.1338083694E-21    0.1546821213E-06    0.3878308913E+30    0.1493734192E-05    0.7515560566E+09    0.3416026238E-05
    0.7350000000E+00    0.2076438060E-20    0.1433782510E-21    0.1582851308E-06    0.7957350700E+29    0.3283971828E-06    0.1652294585E+09    0.8047246382E-06
    0.7350000000E+00    0.2224943467E-20    0.1536325639E-21    0.1619720651E-06    0.1897010593E+29    0.8388816216E-07    0.4220741326E+08    0.2202665529E-06
    0.7350000000E+00    0.2384069878E-20    0.1646202581E-21    0.1657448792E-06    0.3727569094E+28    0.1766268103E-07    0.8886785196E+07    0.4969406247E-07
    0.7350000000E+00    0.2554576900E-20    0.1763937846E-21    0.1696055734E-06    0.7244897618E+27    0.3678435764E-08    0.1850764809E+07    0.1108947668E-07
    0.7350000000E+00    0.2737278465E-20    0.1890093455E-21    0.1735561947E-06    0.1634607349E+27    0.8892919707E-09    0.4474375496E+06    0.2872713046E-08
    0.7350000000E+00    0.2933046719E-20    0.2025271626E-21    0.1775988378E-06    0.4013128583E+26    0.2339451246E-09    0.1177069362E+06    0.8097703566E-09
    0.7350000000E+00    0.3142816182E-20    0.2170117645E-21    0.1817356462E-06    0.8352718183E+25    0.5217455488E-10    0.2625105787E+05    0.1935114326E-09
    0.7350000000E+00    0.3367588212E-20    0.2325322952E-21    0.1859688132E-06    0.1855111782E+25    0.1241655188E-10    0.6247252569E+04    0.4934565102E-10
    0.7350000000E+00    0.3608435782E-20    0.2491628434E-21    0.1903005833E-06    0.2046720961E+24    0.1467876647E-11    0.7385461151E+03    0.6250826386E-11
    0.7350000000E+00    0.3866508602E-20    0.2669827968E-21    0.1947332533E-06    0.9159824953E+23    0.7039115611E-12    0.3541654197E+03    0.3211929274E-11
