    0.7320000000E+00    0.4143038610E-23    0.2860772210E-24    0.1992691735E-07   -0.3421093584E-13   -0.2817058582E-51   -0.1417372281E-36   -0.1395861497E-53
    0.7320000000E+00    0.4439345853E-23    0.3065372650E-24    0.2039107488E-07   -0.2225933497E-13   -0.1964007351E-51   -0.9881688641E-37   -0.1042772474E-53
    0.7320000000E+00    0.4756844785E-23    0.3284605973E-24    0.2086604403E-07    0.7013429022E-13    0.6630729787E-51    0.3336179327E-36    0.3772313516E-53
    0.7320000000E+00    0.5097051019E-23    0.3519518710E-24    0.2135207663E-07    0.1533179008E-12    0.1553187148E-50    0.7814691624E-36    0.9468261364E-53
    0.7320000000E+00    0.5461588566E-23    0.3771232243E-24    0.2184943039E-07    0.9718402654E-13    0.1054935271E-50    0.5307791682E-36    0.6890841527E-53
    0.7320000000E+00    0.5852197586E-23    0.4040948153E-24    0.2235836900E-07   -0.4158974523E-12   -0.4837457737E-50   -0.2433914066E-35   -0.3385818186E-52
    0.7320000000E+00    0.6270742692E-23    0.4329953957E-24    0.2287916232E-07   -0.7250317741E-12   -0.9036244295E-50   -0.4546487698E-35   -0.6776952055E-52
    0.7320000000E+00    0.6719221852E-23    0.4639629256E-24    0.2341208647E-07    0.5950798830E-13    0.7947054527E-51    0.3998473753E-36    0.6386348916E-53
    0.7320000000E+00    0.7199775931E-23    0.4971452317E-24    0.2395742402E-07    0.2672783031E-11    0.3824675811E-49    0.1924343893E-34    0.3293374199E-51
    0.7320000000E+00    0.7714698903E-23    0.5327007132E-24    0.2451546411E-07    0.1827912450E-11    0.2802762607E-49    0.1410179417E-34    0.2586025269E-51
    0.7320000000E+00    0.8266448809E-23    0.5707990981E-24    0.2508650263E-07   -0.6815384179E-11   -0.1119750502E-48   -0.5633902443E-34   -0.1107051221E-50
    0.7320000000E+00    0.8857659485E-23    0.6116222531E-24    0.2567084234E-07   -0.6674000709E-11   -0.1174944012E-48   -0.5911602568E-34   -0.1244696940E-50
    0.7320000000E+00    0.9491153137E-23    0.6553650517E-24    0.2626879307E-07    0.1507748930E-10    0.2844198826E-48    0.1431027599E-33    0.3228541716E-50
    0.7320000000E+00    0.1016995382E-22    0.7022363048E-24    0.2688067187E-07    0.1565652328E-10    0.3164654128E-48    0.1592261187E-33    0.3849219715E-50
    0.7320000000E+00    0.1089730185E-22    0.7524597575E-24    0.2750680315E-07   -0.3156962006E-10   -0.6837546284E-48   -0.3440236790E-33   -0.8911416224E-50
    0.7320000000E+00    0.1167666930E-22    0.8062751566E-24    0.2814751890E-07   -0.2525993315E-10   -0.5862233605E-48   -0.2949518860E-33   -0.8186713087E-50
    0.7320000000E+00    0.1251177658E-22    0.8639393956E-24    0.2880315884E-07    0.5840049860E-10    0.1452270377E-47    0.7306939906E-33    0.2173171137E-49
    0.7320000000E+00    0.1340661015E-22    0.9257277409E-24    0.2947407060E-07    0.2803745622E-10    0.7470841668E-48    0.3758872451E-33    0.1197887359E-49
    0.7320000000E+00    0.1436544159E-22    0.9919351458E-24    0.3016060990E-07   -0.9439407376E-10   -0.2695104773E-47   -0.1356012553E-32   -0.4630438312E-49
    0.7320000000E+00    0.1539284799E-22    0.1062877658E-23    0.3086314075E-07   -0.4686847561E-10   -0.1433876517E-47   -0.7214393207E-33   -0.2639722060E-49
    0.7320000000E+00    0.1649373379E-22    0.1138893930E-23    0.3158203565E-07    0.1714656824E-09    0.5620929471E-47    0.2828109318E-32    0.1108803493E-48
    0.7320000000E+00    0.1767335417E-22    0.1220346833E-23    0.3231767576E-07    0.9915918940E-10    0.3483083547E-47    0.1752475473E-32    0.7362246281E-49
    0.7320000000E+00    0.1893734018E-22    0.1307625190E-23    0.3307045113E-07   -0.8306547775E-10   -0.3126450026E-47   -0.1573039209E-32   -0.7081054560E-49
    0.7320000000E+00    0.2029172559E-22    0.1401145635E-23    0.3384076090E-07    0.1708567013E-08    0.6890693634E-46    0.3466977299E-31    0.1672281521E-47
    0.7320000000E+00    0.2174297571E-22    0.1501354598E-23    0.3462901348E-07    0.7323961208E-08    0.3165023648E-45    0.1592447106E-30    0.8230446739E-47
    0.7320000000E+00    0.2329801823E-22    0.1608730435E-23    0.3543562682E-07    0.5488032007E-08    0.2541250982E-45    0.1278602697E-30    0.7080990455E-47
    0.7320000000E+00    0.2496427630E-22    0.1723785718E-23    0.3626102861E-07   -0.6910094061E-08   -0.3428584702E-45   -0.1725054974E-30   -0.1023673198E-46
    0.7320000000E+00    0.2674970400E-22    0.1847069675E-23    0.3710565646E-07   -0.6483095000E-07   -0.3446777978E-44   -0.1734208723E-29   -0.1102706054E-45
    0.7320000000E+00    0.2866282424E-22    0.1979170815E-23    0.3796995823E-07   -0.9956423415E-06   -0.5671974653E-43   -0.2853792145E-28   -0.1944378145E-44
    0.7320000000E+00    0.3071276952E-22    0.2120719737E-23    0.3885439218E-07   -0.1584217332E-04   -0.9670427742E-42   -0.4865570178E-27   -0.3552156845E-43
    0.7320000000E+00    0.3290932546E-22    0.2272392139E-23    0.3975942724E-07   -0.3049333062E-04   -0.1994508018E-41   -0.1003514942E-26   -0.7850227378E-43
    0.7320000000E+00    0.3526297755E-22    0.2434912046E-23    0.4068554327E-07    0.4347544741E-04    0.3047017749E-41    0.1533073726E-26    0.1285054165E-42
    0.7320000000E+00    0.3778496121E-22    0.2609055264E-23    0.4163323131E-07    0.2955621629E-02    0.2219625778E-39    0.1116780486E-24    0.1003058378E-40
    0.7320000000E+00    0.4048731538E-22    0.2795653084E-23    0.4260299385E-07    0.1249533640E-01    0.1005492595E-38    0.5059026255E-24    0.4868838017E-40
    0.7320000000E+00    0.4338294005E-22    0.2995596250E-23    0.4359534505E-07   -0.9363730799E-01   -0.8073834510E-38   -0.4062261719E-23   -0.4189153681E-39
    0.7320000000E+00    0.4648565778E-22    0.3209839213E-23    0.4461081109E-07   -0.1139135828E+02   -0.1052462027E-35   -0.5295347828E-21   -0.5851307004E-37
    0.7320000000E+00    0.4981027973E-22    0.3439404683E-23    0.4564993037E-07   -0.5393074024E+03   -0.5339090781E-34   -0.2686305257E-19   -0.3180634422E-35
    0.7320000000E+00    0.5337267633E-22    0.3685388516E-23    0.4671325384E-07   -0.5010555193E+03   -0.5315165285E-34   -0.2674267405E-19   -0.3392838783E-35
    0.7320000000E+00    0.5718985306E-22    0.3948964943E-23    0.4780134531E-07    0.3335606489E+05    0.3791453500E-32    0.1907628450E-17    0.2593296557E-33
    0.7320000000E+00    0.6128003161E-22    0.4231392172E-23    0.4891478167E-07    0.1471409074E+07    0.1792108723E-30    0.9016799456E-16    0.1313441709E-31
    0.7320000000E+00    0.6566273690E-22    0.4534018400E-23    0.5005415331E-07    0.1819836105E+07    0.2374997742E-30    0.1194954194E-15    0.1865132332E-31
    0.7320000000E+00    0.7035889022E-22    0.4858288246E-23    0.5122006431E-07   -0.4464159112E+08   -0.6242673039E-29   -0.3140932809E-14   -0.5253116578E-30
    0.7320000000E+00    0.7539090917E-22    0.5205749646E-23    0.5241313287E-07   -0.2120539666E+10   -0.3177439751E-27   -0.1598694133E-12   -0.2864994377E-28
    0.7320000000E+00    0.8078281461E-22    0.5578061244E-23    0.5363399157E-07   -0.8063737758E+11   -0.1294694549E-25   -0.6514114323E-11   -0.1250874586E-26
    0.7320000000E+00    0.8656034539E-22    0.5977000309E-23    0.5488328773E-07   -0.2755891451E+13   -0.4741251919E-24   -0.2385509159E-09   -0.4908394729E-25
    0.7320000000E+00    0.9275108115E-22    0.6404471218E-23    0.5616168372E-07   -0.2002847638E+14   -0.3692145748E-23   -0.1857662838E-08   -0.4095673103E-24
    0.7320000000E+00    0.9938457404E-22    0.6862514550E-23    0.5746985739E-07    0.1048559943E+13    0.2071210250E-24    0.1042106833E-09    0.2461901292E-25
    0.7320000000E+00    0.1064924897E-21    0.7353316823E-23    0.5880850233E-07    0.8400364142E+15    0.1777988863E-21    0.8945756920E-07    0.2264516481E-22
    0.7320000000E+00    0.1141087586E-21    0.7879220933E-23    0.6017832832E-07    0.2025685548E+17    0.4594126545E-20    0.2311484632E-05    0.6269738148E-21
    0.7320000000E+00    0.1222697377E-21    0.8442737340E-23    0.6158006166E-07    0.4146741392E+18    0.1007715354E-18    0.5070209825E-04    0.1473615990E-19
    0.7320000000E+00    0.1310143844E-21    0.9046556049E-23    0.6301444556E-07    0.4994108753E+19    0.1300435808E-17    0.6543000840E-03    0.2037677119E-18
    0.7320000000E+00    0.1403844422E-21    0.9693559452E-23    0.6448224056E-07    0.5913596447E+19    0.1649994924E-17    0.8301769385E-03    0.2770314389E-18
    0.7320000000E+00    0.1504246400E-21    0.1038683609E-22    0.6598422489E-07   -0.2925838759E+20   -0.8747446857E-17   -0.4401182419E-02   -0.1573721080E-17
    0.7320000000E+00    0.1611829057E-21    0.1112969539E-22    0.6752119493E-07   -0.6048941318E+21   -0.1937805995E-15   -0.9749859379E-01   -0.3735568846E-16
    0.7320000000E+00    0.1727105951E-21    0.1192568347E-22    0.6909396560E-07   -0.8023792583E+22   -0.2754296038E-14   -0.1385793992E+01   -0.5689276840E-15
    0.7320000000E+00    0.1850627369E-21    0.1277860007E-22    0.7070337081E-07   -0.9389635991E+23   -0.3453660791E-13   -0.1737671735E+02   -0.7644095949E-14
    0.7320000000E+00    0.1982982953E-21    0.1369251667E-22    0.7235026388E-07   -0.1004593321E+25   -0.3959325529E-12   -0.1992091429E+03   -0.9390044701E-13
    0.7320000000E+00    0.2124804516E-21    0.1467179595E-22    0.7403551802E-07   -0.9105043780E+25   -0.3845147130E-11   -0.1934643814E+04   -0.9771458948E-12
    0.7320000000E+00    0.2276769058E-21    0.1572111260E-22    0.7576002677E-07   -0.1918545972E+26   -0.8681667205E-11   -0.4368086105E+04   -0.2364011493E-11
    0.7320000000E+00    0.2439602000E-21    0.1684547565E-22    0.7752470448E-07   -0.9191188419E+25   -0.4456589094E-11   -0.2242284165E+04   -0.1300316408E-11
    0.7320000000E+00    0.2614080640E-21    0.1805025236E-22    0.7933048683E-07    0.1254773606E+27    0.6519229932E-10    0.3280079391E+05    0.2038180998E-10
    0.7320000000E+00    0.2801037871E-21    0.1934119387E-22    0.8117833125E-07    0.1211197493E+28    0.6742887086E-09    0.3392610048E+06    0.2258875717E-09
    0.7320000000E+00    0.3001366153E-21    0.2072446262E-22    0.8306921749E-07    0.8652416906E+28    0.5161410026E-08    0.2596907125E+07    0.1852741420E-08
    0.7320000000E+00    0.3216021775E-21    0.2220666179E-22    0.8500414813E-07    0.5503271017E+29    0.3517643512E-07    0.1769863943E+08    0.1353001488E-07
    0.7320000000E+00    0.3446029418E-21    0.2379486681E-22    0.8698414910E-07    0.3224483607E+30    0.2208467931E-06    0.1111166537E+09    0.9102014999E-07
    0.7320000000E+00    0.3692487048E-21    0.2549665916E-22    0.8901027021E-07    0.1756296906E+31    0.1288928599E-05    0.6485103577E+09    0.5692136546E-06
    0.7320000000E+00    0.3956571157E-21    0.2732016250E-22    0.9108358575E-07    0.8922643981E+31    0.7016563963E-05    0.3530307582E+10    0.3320251168E-05
    0.7320000000E+00    0.4239542377E-21    0.2927408154E-22    0.9320519501E-07    0.4236556789E+32    0.3569800583E-04    0.1796106204E+11    0.1810049308E-04
    0.7320000000E+00    0.4542751502E-21    0.3136774352E-22    0.9537622289E-07    0.1883314310E+33    0.1700410313E-03    0.8555428911E+11    0.9238472699E-04
    0.7320000000E+00    0.4867645933E-21    0.3361114274E-22    0.9759782052E-07    0.7851880122E+33    0.7596343314E-03    0.3822017234E+12    0.4422328847E-03
    0.7320000000E+00    0.5215776589E-21    0.3601498832E-22    0.9987116580E-07    0.3074712573E+34    0.3187391775E-02    0.1603701386E+13    0.1988299930E-02
    0.7320000000E+00    0.5588805307E-21    0.3859075526E-22    0.1021974641E-06    0.1129110090E+35    0.1254201201E-01    0.6310376463E+13    0.8383274017E-02
    0.7320000000E+00    0.5988512779E-21    0.4135073927E-22    0.1045779488E-06    0.3037013883E+35    0.3614745295E-01    0.1818719645E+14    0.2588952907E-01
    0.7320000000E+00    0.6416807053E-21    0.4430811541E-22    0.1070138822E-06    0.5515929896E+35    0.7034766096E-01    0.3539465786E+14    0.5398785980E-01
    0.7320000000E+00    0.6875732635E-21    0.4747700104E-22    0.1095065557E-06    0.7705967514E+35    0.1053072078E+00    0.5298417232E+14    0.8659733904E-01
    0.7320000000E+00    0.7367480256E-21    0.5087252317E-22    0.1120572911E-06    0.8731951823E+35    0.1278622242E+00    0.6433248265E+14    0.1126649178E+00
    0.7320000000E+00    0.7894397325E-21    0.5451089068E-22    0.1146674407E-06    0.8745644480E+35    0.1372216834E+00    0.6904159239E+14    0.1295594788E+00
    0.7320000000E+00    0.8458999137E-21    0.5840947171E-22    0.1173383885E-06    0.8453462431E+35    0.1421233877E+00    0.7150783141E+14    0.1437844764E+00
    0.7320000000E+00    0.9063980879E-21    0.6258687655E-22    0.1200715507E-06    0.7185598707E+35    0.1294475644E+00    0.6513012928E+14    0.1403267067E+00
    0.7320000000E+00    0.9712230494E-21    0.6706304648E-22    0.1228683764E-06    0.5091296019E+35    0.9827867044E-01    0.4944784045E+14    0.1141578345E+00
    0.7320000000E+00    0.1040684247E-20    0.7185934897E-22    0.1257303485E-06    0.3121261106E+35    0.6455962878E-01    0.3248247264E+14    0.8035399508E-01
    0.7320000000E+00    0.1115113261E-20    0.7699867968E-22    0.1286589846E-06    0.1693662157E+35    0.3753683988E-01    0.1888625132E+14    0.5006153447E-01
    0.7320000000E+00    0.1194865387E-20    0.8250557175E-22    0.1316558373E-06    0.8245381149E+34    0.1958130626E-01    0.9852120538E+13    0.2798260290E-01
    0.7320000000E+00    0.1280321329E-20    0.8840631292E-22    0.1347224957E-06    0.3610937675E+34    0.9188633224E-02    0.4623160525E+13    0.1407010589E-01
    0.7320000000E+00    0.1371889021E-20    0.9472907100E-22    0.1378605858E-06    0.1405315756E+34    0.3831817702E-02    0.1927937258E+13    0.6287113331E-02
    0.7320000000E+00    0.1470005571E-20    0.1015040283E-21    0.1410717713E-06    0.4712940451E+33    0.1376964920E-02    0.6928048720E+12    0.2420858056E-02
    0.7320000000E+00    0.1575139348E-20    0.1087635259E-21    0.1443577550E-06    0.1289719946E+33    0.4037628344E-03    0.2031488636E+12    0.7606288434E-03
    0.7320000000E+00    0.1687792220E-20    0.1165422177E-21    0.1477202791E-06    0.2201521318E+32    0.7385056447E-04    0.3715710553E+11    0.1490734384E-03
    0.7320000000E+00    0.1808501947E-20    0.1248772362E-21    0.1511611264E-06    0.1743842989E+31    0.6268134452E-05    0.3153743441E+10    0.1355766046E-04
    0.7320000000E+00    0.1937844750E-20    0.1338083694E-21    0.1546821213E-06    0.3476473110E+30    0.1338966768E-05    0.6736865165E+09    0.3103246313E-05
    0.7320000000E+00    0.2076438060E-20    0.1433782510E-21    0.1582851308E-06    0.7185489961E+29    0.2965427501E-06    0.1492022484E+09    0.7364338804E-06
    0.7320000000E+00    0.2224943467E-20    0.1536325639E-21    0.1619720651E-06    0.1708184915E+29    0.7553805639E-07    0.3800614867E+08    0.2010074970E-06
    0.7320000000E+00    0.2384069878E-20    0.1646202581E-21    0.1657448792E-06    0.3359079683E+28    0.1591663401E-07    0.8008280692E+07    0.4538346800E-07
    0.7320000000E+00    0.2554576900E-20    0.1763937846E-21    0.1696055734E-06    0.6582170187E+27    0.3341950639E-08    0.1681465991E+07    0.1021048756E-07
    0.7320000000E+00    0.2737278465E-20    0.1890093455E-21    0.1735561947E-06    0.1492429342E+27    0.8119414313E-09    0.4085194699E+06    0.2658099002E-08
    0.7320000000E+00    0.2933046719E-20    0.2025271626E-21    0.1775988378E-06    0.3662672195E+26    0.2135152874E-09    0.1074278866E+06    0.7489889749E-09
    0.7320000000E+00    0.3142816182E-20    0.2170117645E-21    0.1817356462E-06    0.7571632040E+25    0.4729556568E-10    0.2379624770E+05    0.1777734390E-09
    0.7320000000E+00    0.3367588212E-20    0.2325322952E-21    0.1859688132E-06    0.1680401213E+25    0.1124718685E-10    0.5658899317E+04    0.4529918201E-10
    0.7320000000E+00    0.3608435782E-20    0.2491628434E-21    0.1903005833E-06    0.1915326331E+24    0.1373642448E-11    0.6911332064E+03    0.5928163220E-11
    0.7320000000E+00    0.3866508602E-20    0.2669827968E-21    0.1947332533E-06    0.8589800164E+23    0.6601064621E-12    0.3321253622E+03    0.3052533465E-11
