    0.7430000000E+00    0.4143038610E-23    0.2860772210E-24    0.1992691735E-07    0.2577633729E-14    0.2122521655E-52    0.1067923606E-37    0.1003444840E-54
    0.7430000000E+00    0.4439345853E-23    0.3065372650E-24    0.2039107488E-07    0.1369576606E-14    0.1208418187E-52    0.6080024225E-38    0.6121510897E-55
    0.7430000000E+00    0.4756844785E-23    0.3284605973E-24    0.2086604403E-07   -0.4917156335E-14   -0.4648843651E-52   -0.2339014947E-37   -0.2523401253E-54
    0.7430000000E+00    0.5097051019E-23    0.3519518710E-24    0.2135207663E-07   -0.8562524705E-14   -0.8674266511E-52   -0.4364362527E-37   -0.5045150610E-54
    0.7430000000E+00    0.5461588566E-23    0.3771232243E-24    0.2184943039E-07   -0.7064934916E-14   -0.7669006207E-52   -0.3858576776E-37   -0.4779477961E-54
    0.7430000000E+00    0.5852197586E-23    0.4040948153E-24    0.2235836900E-07    0.1926938616E-13    0.2241293874E-51    0.1127682552E-36    0.1496718677E-53
    0.7430000000E+00    0.6270742692E-23    0.4329953957E-24    0.2287916232E-07    0.4743897840E-13    0.5912433265E-51    0.2974776271E-36    0.4230655144E-53
    0.7430000000E+00    0.6719221852E-23    0.4639629256E-24    0.2341208647E-07    0.1204140256E-13    0.1608081292E-51    0.8090885520E-37    0.1232961096E-53
    0.7430000000E+00    0.7199775931E-23    0.4971452317E-24    0.2395742402E-07   -0.1604428852E-12   -0.2295891642E-50   -0.1155152823E-35   -0.1886221805E-52
    0.7430000000E+00    0.7714698903E-23    0.5327007132E-24    0.2451546411E-07   -0.1393235265E-12   -0.2136266267E-50   -0.1074839057E-35   -0.1880601407E-52
    0.7430000000E+00    0.8266448809E-23    0.5707990981E-24    0.2508650263E-07    0.3745932570E-12    0.6154473121E-50    0.3096555983E-35    0.5805401400E-52
    0.7430000000E+00    0.8857659485E-23    0.6116222531E-24    0.2567084234E-07    0.4585189277E-12    0.8072130827E-50    0.4061404529E-35    0.8158861598E-52
    0.7430000000E+00    0.9491153137E-23    0.6553650517E-24    0.2626879307E-07   -0.7890821794E-12   -0.1488514807E-49   -0.7489299802E-35   -0.1612109486E-51
    0.7430000000E+00    0.1016995382E-22    0.7022363048E-24    0.2688067187E-07   -0.1076689292E-11   -0.2176312807E-49   -0.1094988037E-34   -0.2525589084E-51
    0.7430000000E+00    0.1089730185E-22    0.7524597575E-24    0.2750680315E-07    0.1701687967E-11    0.3685622511E-49    0.1854380743E-34    0.4583024995E-51
    0.7430000000E+00    0.1167666930E-22    0.8062751566E-24    0.2814751890E-07    0.1889120887E-11    0.4384203189E-49    0.2205863987E-34    0.5841603122E-51
    0.7430000000E+00    0.1251177658E-22    0.8639393956E-24    0.2880315884E-07   -0.3445502856E-11   -0.8568080500E-49   -0.4310936194E-34   -0.1223277287E-50
    0.7430000000E+00    0.1340661015E-22    0.9257277409E-24    0.2947407060E-07   -0.2693502145E-11   -0.7177087643E-49   -0.3611073319E-34   -0.1097967850E-50
    0.7430000000E+00    0.1436544159E-22    0.9919351458E-24    0.3016060990E-07    0.6967808875E-11    0.1989423087E-48    0.1000956514E-33    0.3261133123E-50
    0.7430000000E+00    0.1539284799E-22    0.1062877658E-23    0.3086314075E-07    0.2723861838E-11    0.8333280473E-49    0.4192799123E-34    0.1463717864E-50
    0.7430000000E+00    0.1649373379E-22    0.1138893930E-23    0.3158203565E-07   -0.1562043574E-10   -0.5120637925E-48   -0.2576393087E-33   -0.9637523332E-50
    0.7430000000E+00    0.1767335417E-22    0.1220346833E-23    0.3231767576E-07   -0.2140391688E-11   -0.7518378394E-49   -0.3782790036E-34   -0.1516231635E-50
    0.7430000000E+00    0.1893734018E-22    0.1307625190E-23    0.3307045113E-07    0.2900561480E-10    0.1091724355E-47    0.5492891945E-33    0.2359143579E-49
    0.7430000000E+00    0.2029172559E-22    0.1401145635E-23    0.3384076090E-07    0.5170668658E-10    0.2085343643E-47    0.1049217895E-32    0.4828575278E-49
    0.7430000000E+00    0.2174297571E-22    0.1501354598E-23    0.3462901348E-07    0.2313613896E-09    0.9998199725E-47    0.5030485075E-32    0.2480636800E-48
    0.7430000000E+00    0.2329801823E-22    0.1608730435E-23    0.3543562682E-07    0.1772734556E-08    0.8208704733E-46    0.4130120199E-31    0.2182307818E-47
    0.7430000000E+00    0.2496427630E-22    0.1723785718E-23    0.3626102861E-07    0.3868563253E-08    0.1919466894E-45    0.9657588194E-31    0.5467918089E-47
    0.7430000000E+00    0.2674970400E-22    0.1847069675E-23    0.3710565646E-07    0.3247438381E-08    0.1726520912E-45    0.8686801544E-31    0.5270031574E-47
    0.7430000000E+00    0.2866282424E-22    0.1979170815E-23    0.3796995823E-07   -0.1106110797E-07   -0.6301291278E-45   -0.3170425936E-30   -0.2060966485E-46
    0.7430000000E+00    0.3071276952E-22    0.2120719737E-23    0.3885439218E-07   -0.2715657288E-06   -0.1657699802E-43   -0.8340535640E-29   -0.5809613754E-45
    0.7430000000E+00    0.3290932546E-22    0.2272392139E-23    0.3975942724E-07   -0.4954260502E-05   -0.3240483113E-42   -0.1630413713E-27   -0.1216889480E-43
    0.7430000000E+00    0.3526297755E-22    0.2434912046E-23    0.4068554327E-07   -0.1243910050E-04   -0.8718060939E-42   -0.4386397216E-27   -0.3508013649E-43
    0.7430000000E+00    0.3778496121E-22    0.2609055264E-23    0.4163323131E-07    0.3182060530E-04    0.2389677863E-41    0.1202340337E-26    0.1030340413E-42
    0.7430000000E+00    0.4048731538E-22    0.2795653084E-23    0.4260299385E-07    0.2201956283E-02    0.1771901665E-39    0.8915129848E-25    0.8186174355E-41
    0.7430000000E+00    0.4338294005E-22    0.2995596250E-23    0.4359534505E-07    0.1925261599E-02    0.1660048102E-39    0.8352350850E-25    0.8217922596E-41
    0.7430000000E+00    0.4648565778E-22    0.3209839213E-23    0.4461081109E-07   -0.2277138940E+00   -0.2103877523E-37   -0.1058543015E-22   -0.1115993918E-38
    0.7430000000E+00    0.4981027973E-22    0.3439404683E-23    0.4564993037E-07   -0.2325739769E+02   -0.2302459730E-35   -0.1158457485E-20   -0.1308679855E-36
    0.7430000000E+00    0.5337267633E-22    0.3685388516E-23    0.4671325384E-07   -0.2350402036E+03   -0.2493291627E-34   -0.1254472471E-19   -0.1518498798E-35
    0.7430000000E+00    0.5718985306E-22    0.3948964943E-23    0.4780134531E-07    0.5469343181E+03    0.6216788585E-34    0.3127909329E-19    0.4057023026E-35
    0.7430000000E+00    0.6128003161E-22    0.4231392172E-23    0.4891478167E-07    0.6477267329E+05    0.7889014340E-32    0.3969271467E-17    0.5516506313E-33
    0.7430000000E+00    0.6566273690E-22    0.4534018400E-23    0.5005415331E-07    0.7667680307E+06    0.1000679312E-30    0.5034808746E-16    0.7497842187E-32
    0.7430000000E+00    0.7035889022E-22    0.4858288246E-23    0.5122006431E-07   -0.4509492907E+06   -0.6306067746E-31   -0.3172829164E-16   -0.5062907655E-32
    0.7430000000E+00    0.7539090917E-22    0.5205749646E-23    0.5241313287E-07   -0.8271903130E+08   -0.1239470982E-28   -0.6236262975E-14   -0.1066295896E-29
    0.7430000000E+00    0.8078281461E-22    0.5578061244E-23    0.5363399157E-07   -0.3533945057E+10   -0.5674018103E-27   -0.2854820284E-12   -0.5230366133E-28
    0.7430000000E+00    0.8656034539E-22    0.5977000309E-23    0.5488328773E-07   -0.1319500563E+12   -0.2270076557E-25   -0.1142164245E-10   -0.2242238874E-26
    0.7430000000E+00    0.9275108115E-22    0.6404471218E-23    0.5616168372E-07   -0.4134936096E+13   -0.7622540244E-24   -0.3835197934E-09   -0.8067539491E-25
    0.7430000000E+00    0.9938457404E-22    0.6862514550E-23    0.5746985739E-07   -0.9213373872E+13   -0.1819908774E-23   -0.9156672377E-09   -0.2063911129E-24
    0.7430000000E+00    0.1064924897E-21    0.7353316823E-23    0.5880850233E-07    0.3581548156E+14    0.7580567493E-23    0.3814079802E-08    0.9211770147E-24
    0.7430000000E+00    0.1141087586E-21    0.7879220933E-23    0.6017832832E-07    0.1330839178E+16    0.3018258978E-21    0.1518604065E-06    0.3930048185E-22
    0.7430000000E+00    0.1222697377E-21    0.8442737340E-23    0.6158006166E-07    0.3025768679E+17    0.7353035233E-20    0.3699599429E-05    0.1025907066E-20
    0.7430000000E+00    0.1310143844E-21    0.9046556049E-23    0.6301444556E-07    0.6097164966E+18    0.1587664995E-18    0.7988163148E-04    0.2373560158E-19
    0.7430000000E+00    0.1403844422E-21    0.9693559452E-23    0.6448224056E-07    0.3639495307E+19    0.1015481668E-17    0.5109285185E-03    0.1626722455E-18
    0.7430000000E+00    0.1504246400E-21    0.1038683609E-22    0.6598422489E-07    0.1963681322E+19    0.5870862825E-18    0.2953860558E-03    0.1007727957E-18
    0.7430000000E+00    0.1611829057E-21    0.1112969539E-22    0.6752119493E-07   -0.5246086816E+20   -0.1680607886E-16   -0.8455795164E-02   -0.3091062392E-17
    0.7430000000E+00    0.1727105951E-21    0.1192568347E-22    0.6909396560E-07   -0.8584191653E+21   -0.2946662045E-15   -0.1482580849E+00   -0.5807265786E-16
    0.7430000000E+00    0.1850627369E-21    0.1277860007E-22    0.7070337081E-07   -0.1103027222E+23   -0.4057113471E-14   -0.2041292365E+01   -0.8567587104E-15
    0.7430000000E+00    0.1982982953E-21    0.1369251667E-22    0.7235026388E-07   -0.1276130898E+24   -0.5029515467E-13   -0.2530545817E+02   -0.1138066192E-13
    0.7430000000E+00    0.2124804516E-21    0.1467179595E-22    0.7403551802E-07   -0.1355314941E+25   -0.5723624708E-12   -0.2879779306E+03   -0.1387754115E-12
    0.7430000000E+00    0.2276769058E-21    0.1572111260E-22    0.7576002677E-07   -0.9708252521E+25   -0.4393109093E-11   -0.2210344895E+04   -0.1141335596E-11
    0.7430000000E+00    0.2439602000E-21    0.1684547565E-22    0.7752470448E-07   -0.1376595277E+26   -0.6674783734E-11   -0.3358344589E+04   -0.1858140601E-11
    0.7430000000E+00    0.2614080640E-21    0.1805025236E-22    0.7933048683E-07    0.3340715049E+25    0.1735682790E-11    0.8732898532E+03    0.5177400143E-12
    0.7430000000E+00    0.2801037871E-21    0.1934119387E-22    0.8117833125E-07    0.1906912349E+27    0.1061601822E-09    0.5341333707E+05    0.3393149769E-10
    0.7430000000E+00    0.3001366153E-21    0.2072446262E-22    0.8306921749E-07    0.1637529918E+28    0.9768326501E-09    0.4914826871E+06    0.3345503906E-09
    0.7430000000E+00    0.3216021775E-21    0.2220666179E-22    0.8500414813E-07    0.1142076232E+29    0.7300053069E-08    0.3672942031E+07    0.2678967169E-08
    0.7430000000E+00    0.3446029418E-21    0.2379486681E-22    0.8698414910E-07    0.7202314356E+29    0.4932907783E-07    0.2481938715E+08    0.1939743793E-07
    0.7430000000E+00    0.3692487048E-21    0.2549665916E-22    0.8901027021E-07    0.4199927724E+30    0.3082284630E-06    0.1550817872E+09    0.1298715772E-06
    0.7430000000E+00    0.3956571157E-21    0.2732016250E-22    0.9108358575E-07    0.2279358364E+31    0.1792435492E-05    0.9018443558E+09    0.8092541009E-06
    0.7430000000E+00    0.4239542377E-21    0.2927408154E-22    0.9320519501E-07    0.1154451713E+32    0.9727622224E-05    0.4894346958E+10    0.4705958254E-05
    0.7430000000E+00    0.4542751502E-21    0.3136774352E-22    0.9537622289E-07    0.5466954614E+32    0.4936014109E-04    0.2483501629E+11    0.2558690557E-04
    0.7430000000E+00    0.4867645933E-21    0.3361114274E-22    0.9759782052E-07    0.2424701786E+33    0.2345790679E-03    0.1180258979E+12    0.1302958641E-03
    0.7430000000E+00    0.5215776589E-21    0.3601498832E-22    0.9987116580E-07    0.1008729128E+34    0.1045696094E-02    0.5261305772E+12    0.6223674342E-03
    0.7430000000E+00    0.5588805307E-21    0.3859075526E-22    0.1021974641E-06    0.3940474439E+34    0.4377029147E-02    0.2202254446E+13    0.2791391892E-02
    0.7430000000E+00    0.5988512779E-21    0.4135073927E-22    0.1045779488E-06    0.1418348863E+35    0.1688161489E-01    0.8493800292E+13    0.1153600307E-01
    0.7430000000E+00    0.6416807053E-21    0.4430811541E-22    0.1070138822E-06    0.3494539018E+35    0.4456776114E-01    0.2242378262E+14    0.3263339005E-01
    0.7430000000E+00    0.6875732635E-21    0.4747700104E-22    0.1095065557E-06    0.5946166334E+35    0.8125834590E-01    0.4088424991E+14    0.6375428090E-01
    0.7430000000E+00    0.7367480256E-21    0.5087252317E-22    0.1120572911E-06    0.7859696451E+35    0.1150897634E+00    0.5790615842E+14    0.9675603689E-01
    0.7430000000E+00    0.7894397325E-21    0.5451089068E-22    0.1146674407E-06    0.8474374217E+35    0.1329653747E+00    0.6690007715E+14    0.1197787940E+00
    0.7430000000E+00    0.8458999137E-21    0.5840947171E-22    0.1173383885E-06    0.8411501771E+35    0.1414179263E+00    0.7115288622E+14    0.1365041449E+00
    0.7430000000E+00    0.9063980879E-21    0.6258687655E-22    0.1200715507E-06    0.7923510435E+35    0.1427409419E+00    0.7181854708E+14    0.1476352053E+00
    0.7430000000E+00    0.9712230494E-21    0.6706304648E-22    0.1228683764E-06    0.6326663338E+35    0.1221253015E+00    0.6144601259E+14    0.1353464979E+00
    0.7430000000E+00    0.1040684247E-20    0.7185934897E-22    0.1257303485E-06    0.4242142107E+35    0.8774373895E-01    0.4414730464E+14    0.1041975508E+00
    0.7430000000E+00    0.1115113261E-20    0.7699867968E-22    0.1286589846E-06    0.2466721148E+35    0.5467024007E-01    0.2750673464E+14    0.6956525078E-01
    0.7430000000E+00    0.1194865387E-20    0.8250557175E-22    0.1316558373E-06    0.1267655575E+35    0.3010455381E-01    0.1514677770E+14    0.4104625783E-01
    0.7430000000E+00    0.1280321329E-20    0.8840631292E-22    0.1347224957E-06    0.5816201426E+34    0.1480029468E-01    0.7446606742E+13    0.2162279030E-01
    0.7430000000E+00    0.1371889021E-20    0.9472907100E-22    0.1378605858E-06    0.2376183705E+34    0.6479044119E-02    0.3259860338E+13    0.1014267037E-01
    0.7430000000E+00    0.1470005571E-20    0.1015040283E-21    0.1410717713E-06    0.8458535447E+33    0.2471303576E-02    0.1243409423E+13    0.4145409817E-02
    0.7430000000E+00    0.1575139348E-20    0.1087635259E-21    0.1443577550E-06    0.2502862255E+33    0.7835520889E-03    0.3942356821E+12    0.1408345618E-02
    0.7430000000E+00    0.1687792220E-20    0.1165422177E-21    0.1477202791E-06    0.5061441572E+32    0.1697872803E-03    0.8542661708E+11    0.3269990762E-03
    0.7430000000E+00    0.1808501947E-20    0.1248772362E-21    0.1511611264E-06    0.2605881377E+31    0.9366677470E-05    0.4712741544E+10    0.1932978129E-04
    0.7430000000E+00    0.1937844750E-20    0.1338083694E-21    0.1546821213E-06    0.5126370039E+30    0.1974426065E-05    0.9934109266E+09    0.4365985106E-05
    0.7430000000E+00    0.2076438060E-20    0.1433782510E-21    0.1582851308E-06    0.1030873425E+30    0.4254379897E-06    0.2140544814E+09    0.1008039713E-05
    0.7430000000E+00    0.2224943467E-20    0.1536325639E-21    0.1619720651E-06    0.2473284517E+29    0.1093717101E-06    0.5502918230E+08    0.2776811356E-06
    0.7430000000E+00    0.2384069878E-20    0.1646202581E-21    0.1657448792E-06    0.4886322005E+28    0.2315330577E-07    0.1164933311E+08    0.6298750143E-07
    0.7430000000E+00    0.2554576900E-20    0.1763937846E-21    0.1696055734E-06    0.9251348019E+27    0.4697166367E-08    0.2363327994E+07    0.1369232871E-07
    0.7430000000E+00    0.2737278465E-20    0.1890093455E-21    0.1735561947E-06    0.2059805615E+27    0.1120616884E-08    0.5638261553E+06    0.3500245740E-08
    0.7430000000E+00    0.2933046719E-20    0.2025271626E-21    0.1775988378E-06    0.5060293568E+26    0.2949895536E-09    0.1484207745E+06    0.9872974395E-09
    0.7430000000E+00    0.3142816182E-20    0.2170117645E-21    0.1817356462E-06    0.1069715872E+26    0.6681890641E-10    0.3361920352E+05    0.2396297516E-09
    0.7430000000E+00    0.3367588212E-20    0.2325322952E-21    0.1859688132E-06    0.2385422557E+25    0.1596600444E-10    0.8033120885E+04    0.6135325659E-10
    0.7430000000E+00    0.3608435782E-20    0.2491628434E-21    0.1903005833E-06    0.2462789304E+24    0.1766274433E-11    0.8886817046E+03    0.7272765033E-11
    0.7430000000E+00    0.3866508602E-20    0.2669827968E-21    0.1947332533E-06    0.1081597369E+24    0.8311827968E-12    0.4182005530E+03    0.3667228068E-11
