    0.7440000000E+00    0.4143038610E-23    0.2860772210E-24    0.1992691735E-07    0.1868476986E-14    0.1538575019E-52    0.7741172294E-38    0.7244596082E-55
    0.7440000000E+00    0.4439345853E-23    0.3065372650E-24    0.2039107488E-07    0.1485913586E-14    0.1311065766E-52    0.6596484317E-38    0.6614849648E-55
    0.7440000000E+00    0.4756844785E-23    0.3284605973E-24    0.2086604403E-07   -0.2229125633E-14   -0.2107489744E-52   -0.1060360464E-37   -0.1139360003E-54
    0.7440000000E+00    0.5097051019E-23    0.3519518710E-24    0.2135207663E-07   -0.7658722583E-14   -0.7758669682E-52   -0.3903689975E-37   -0.4494514257E-54
    0.7440000000E+00    0.5461588566E-23    0.3771232243E-24    0.2184943039E-07   -0.7484718806E-14   -0.8124682770E-52   -0.4087845466E-37   -0.5043150314E-54
    0.7440000000E+00    0.5852197586E-23    0.4040948153E-24    0.2235836900E-07    0.7868044435E-14    0.9151614713E-52    0.4604535065E-37    0.6086858806E-54
    0.7440000000E+00    0.6270742692E-23    0.4329953957E-24    0.2287916232E-07    0.4108451309E-13    0.5120461065E-51    0.2576304102E-36    0.3649257994E-53
    0.7440000000E+00    0.6719221852E-23    0.4639629256E-24    0.2341208647E-07    0.2705850704E-13    0.3613555709E-51    0.1818121118E-36    0.2759499085E-53
    0.7440000000E+00    0.7199775931E-23    0.4971452317E-24    0.2395742402E-07   -0.1151458391E-12   -0.1647703912E-50   -0.8290242410E-36   -0.1348263175E-52
    0.7440000000E+00    0.7714698903E-23    0.5327007132E-24    0.2451546411E-07   -0.1397551156E-12   -0.2142883879E-50   -0.1078168637E-35   -0.1878858775E-52
    0.7440000000E+00    0.8266448809E-23    0.5707990981E-24    0.2508650263E-07    0.2081102822E-12    0.3419199663E-50    0.1720332994E-35    0.3212328581E-52
    0.7440000000E+00    0.8857659485E-23    0.6116222531E-24    0.2567084234E-07    0.4411103208E-12    0.7765655905E-50    0.3907205017E-35    0.7817603559E-52
    0.7440000000E+00    0.9491153137E-23    0.6553650517E-24    0.2626879307E-07   -0.3950334914E-12   -0.7451862641E-50   -0.3749323361E-35   -0.8038228377E-52
    0.7440000000E+00    0.1016995382E-22    0.7022363048E-24    0.2688067187E-07   -0.1024295622E-11   -0.2070409446E-49   -0.1041703917E-34   -0.2393049821E-51
    0.7440000000E+00    0.1089730185E-22    0.7524597575E-24    0.2750680315E-07    0.9169901045E-12    0.1986074672E-49    0.9992717959E-35    0.2459750587E-51
    0.7440000000E+00    0.1167666930E-22    0.8062751566E-24    0.2814751890E-07    0.1847374989E-11    0.4287320824E-49    0.2157118682E-34    0.5689596702E-51
    0.7440000000E+00    0.1251177658E-22    0.8639393956E-24    0.2880315884E-07   -0.2186147783E-11   -0.5436387944E-49   -0.2735259263E-34   -0.7730470738E-51
    0.7440000000E+00    0.1340661015E-22    0.9257277409E-24    0.2947407060E-07   -0.2755633953E-11   -0.7342643640E-49   -0.3694371012E-34   -0.1118788390E-50
    0.7440000000E+00    0.1436544159E-22    0.9919351458E-24    0.3016060990E-07    0.4849075532E-11    0.1384490158E-48    0.6965911132E-34    0.2260400386E-50
    0.7440000000E+00    0.1539284799E-22    0.1062877658E-23    0.3086314075E-07    0.3879078239E-11    0.1186750609E-48    0.5971006169E-34    0.2076132003E-50
    0.7440000000E+00    0.1649373379E-22    0.1138893930E-23    0.3158203565E-07   -0.1204016572E-10   -0.3946966029E-48   -0.1985872882E-33   -0.7398759121E-50
    0.7440000000E+00    0.1767335417E-22    0.1220346833E-23    0.3231767576E-07   -0.6388695605E-11   -0.2244104725E-48   -0.1129096801E-33   -0.4507529940E-50
    0.7440000000E+00    0.1893734018E-22    0.1307625190E-23    0.3307045113E-07    0.2132655859E-10    0.8026971187E-48    0.4038682949E-33    0.1727615946E-49
    0.7440000000E+00    0.2029172559E-22    0.1401145635E-23    0.3384076090E-07    0.4395213778E-10    0.1772600744E-47    0.8918647190E-33    0.4087958019E-49
    0.7440000000E+00    0.2174297571E-22    0.1501354598E-23    0.3462901348E-07    0.1692577285E-09    0.7314412217E-47    0.3680166680E-32    0.1807485958E-48
    0.7440000000E+00    0.2329801823E-22    0.1608730435E-23    0.3543562682E-07    0.1308834591E-08    0.6060600933E-46    0.3049325216E-31    0.1604764056E-47
    0.7440000000E+00    0.2496427630E-22    0.1723785718E-23    0.3626102861E-07    0.3585011743E-08    0.1778777005E-45    0.8949722370E-31    0.5046810598E-47
    0.7440000000E+00    0.2674970400E-22    0.1847069675E-23    0.3710565646E-07    0.3379399799E-08    0.1796679025E-45    0.9039794430E-31    0.5462179873E-47
    0.7440000000E+00    0.2866282424E-22    0.1979170815E-23    0.3796995823E-07   -0.6390175550E-08   -0.3640354798E-45   -0.1831604787E-30   -0.1185875817E-46
    0.7440000000E+00    0.3071276952E-22    0.2120719737E-23    0.3885439218E-07   -0.1880402683E-06   -0.1147841139E-43   -0.5775237420E-29   -0.4006611986E-45
    0.7440000000E+00    0.3290932546E-22    0.2272392139E-23    0.3975942724E-07   -0.3600894165E-05   -0.2355273149E-42   -0.1185029980E-27   -0.8809206303E-44
    0.7440000000E+00    0.3526297755E-22    0.2434912046E-23    0.4068554327E-07   -0.1154104937E-04   -0.8088653336E-42   -0.4069717649E-27   -0.3241691802E-43
    0.7440000000E+00    0.3778496121E-22    0.2609055264E-23    0.4163323131E-07    0.1851855806E-04    0.1390714848E-41    0.6997229980E-27    0.5972189661E-43
    0.7440000000E+00    0.4048731538E-22    0.2795653084E-23    0.4260299385E-07    0.1850469860E-02    0.1489062545E-39    0.7492055683E-25    0.6851859352E-41
    0.7440000000E+00    0.4338294005E-22    0.2995596250E-23    0.4359534505E-07    0.1942425365E-02    0.1674847481E-39    0.8426812315E-25    0.8257921771E-41
    0.7440000000E+00    0.4648565778E-22    0.3209839213E-23    0.4461081109E-07   -0.1616448062E+00   -0.1493456849E-37   -0.7514165143E-23   -0.7890203032E-39
    0.7440000000E+00    0.4981027973E-22    0.3439404683E-23    0.4564993037E-07   -0.1677678861E+02   -0.1660885740E-35   -0.8356565336E-21   -0.9402324941E-37
    0.7440000000E+00    0.5337267633E-22    0.3685388516E-23    0.4671325384E-07   -0.2055841027E+03   -0.2180823170E-34   -0.1097257377E-19   -0.1322866299E-35
    0.7440000000E+00    0.5718985306E-22    0.3948964943E-23    0.4780134531E-07    0.3407158571E+03    0.3872783954E-34    0.1948548980E-19    0.2517206069E-35
    0.7440000000E+00    0.6128003161E-22    0.4231392172E-23    0.4891478167E-07    0.4778425993E+05    0.5819903559E-32    0.2928220959E-17    0.4053323699E-33
    0.7440000000E+00    0.6566273690E-22    0.4534018400E-23    0.5005415331E-07    0.6745407434E+06    0.8803170449E-31    0.4429219136E-16    0.6569534697E-32
    0.7440000000E+00    0.7035889022E-22    0.4858288246E-23    0.5122006431E-07   -0.1573778310E+06   -0.2200769099E-31   -0.1107292954E-16   -0.1759827011E-32
    0.7440000000E+00    0.7539090917E-22    0.5205749646E-23    0.5241313287E-07   -0.6228612087E+08   -0.9333020249E-29   -0.4695807281E-14   -0.7996827132E-30
    0.7440000000E+00    0.8078281461E-22    0.5578061244E-23    0.5363399157E-07   -0.2696516420E+10   -0.4329462607E-27   -0.2178321861E-12   -0.3974930073E-28
    0.7440000000E+00    0.8656034539E-22    0.5977000309E-23    0.5488328773E-07   -0.1014659941E+12   -0.1745626951E-25   -0.8782931492E-11   -0.1717303038E-26
    0.7440000000E+00    0.9275108115E-22    0.6404471218E-23    0.5616168372E-07   -0.3351638700E+13   -0.6178572119E-24   -0.3108681131E-09   -0.6513038122E-25
    0.7440000000E+00    0.9938457404E-22    0.6862514550E-23    0.5746985739E-07   -0.8800045847E+13   -0.1738264491E-23   -0.8745888080E-09   -0.1963411627E-24
    0.7440000000E+00    0.1064924897E-21    0.7353316823E-23    0.5880850233E-07    0.2580313116E+14    0.5461391799E-23    0.2747839680E-08    0.6609960036E-24
    0.7440000000E+00    0.1141087586E-21    0.7879220933E-23    0.6017832832E-07    0.1049208733E+16    0.2379538965E-21    0.1197239061E-06    0.3085945989E-22
    0.7440000000E+00    0.1222697377E-21    0.8442737340E-23    0.6158006166E-07    0.2411914483E+17    0.5861284867E-20    0.2949041512E-05    0.8144948246E-21
    0.7440000000E+00    0.1310143844E-21    0.9046556049E-23    0.6301444556E-07    0.4895784319E+18    0.1274832718E-18    0.6414181689E-04    0.1898229423E-19
    0.7440000000E+00    0.1403844422E-21    0.9693559452E-23    0.6448224056E-07    0.3354450382E+19    0.9359492404E-18    0.4709126456E-03    0.1493302513E-18
    0.7440000000E+00    0.1504246400E-21    0.1038683609E-22    0.6598422489E-07    0.2256315154E+19    0.6745756866E-18    0.3394053946E-03    0.1153257225E-18
    0.7440000000E+00    0.1611829057E-21    0.1112969539E-22    0.6752119493E-07   -0.4183810247E+20   -0.1340302733E-16   -0.6743586925E-02   -0.2455265170E-17
    0.7440000000E+00    0.1727105951E-21    0.1192568347E-22    0.6909396560E-07   -0.7062043120E+21   -0.2424160045E-15   -0.1219689670E+00   -0.4758354442E-16
    0.7440000000E+00    0.1850627369E-21    0.1277860007E-22    0.7070337081E-07   -0.9158628983E+22   -0.3368692658E-14   -0.1694920946E+01   -0.7085277916E-15
    0.7440000000E+00    0.1982982953E-21    0.1369251667E-22    0.7235026388E-07   -0.1066911228E+24   -0.4204934250E-13   -0.2115666777E+02   -0.9476647122E-14
    0.7440000000E+00    0.2124804516E-21    0.1467179595E-22    0.7403551802E-07   -0.1140437493E+25   -0.4816176681E-12   -0.2423206735E+03   -0.1163048728E-12
    0.7440000000E+00    0.2276769058E-21    0.1572111260E-22    0.7576002677E-07   -0.8759856236E+25   -0.3963947580E-11   -0.1994416963E+04   -0.1025707196E-11
    0.7440000000E+00    0.2439602000E-21    0.1684547565E-22    0.7752470448E-07   -0.1356247074E+26   -0.6576120131E-11   -0.3308703074E+04   -0.1823329834E-11
    0.7440000000E+00    0.2614080640E-21    0.1805025236E-22    0.7933048683E-07    0.5194089241E+24    0.2698611278E-12    0.1357776813E+03    0.8017442074E-13
    0.7440000000E+00    0.2801037871E-21    0.1934119387E-22    0.8117833125E-07    0.1607360113E+27    0.8948373662E-10    0.4502276548E+05    0.2848653397E-10
    0.7440000000E+00    0.3001366153E-21    0.2072446262E-22    0.8306921749E-07    0.1414234003E+28    0.8436303569E-09    0.4244634069E+06    0.2877714458E-09
    0.7440000000E+00    0.3216021775E-21    0.2220666179E-22    0.8500414813E-07    0.9955082639E+28    0.6363203220E-08    0.3201576254E+07    0.2325794254E-08
    0.7440000000E+00    0.3446029418E-21    0.2379486681E-22    0.8698414910E-07    0.6319636488E+29    0.4328356481E-07    0.2177765325E+08    0.1695190546E-07
    0.7440000000E+00    0.3692487048E-21    0.2549665916E-22    0.8901027021E-07    0.3707135672E+30    0.2720629509E-06    0.1368855045E+09    0.1141733921E-06
    0.7440000000E+00    0.3956571157E-21    0.2732016250E-22    0.9108358575E-07    0.2023394841E+31    0.1591151609E-05    0.8005705666E+09    0.7154957561E-06
    0.7440000000E+00    0.4239542377E-21    0.2927408154E-22    0.9320519501E-07    0.1030518789E+32    0.8683340638E-05    0.4368928075E+10    0.4183910041E-05
    0.7440000000E+00    0.4542751502E-21    0.3136774352E-22    0.9537622289E-07    0.4906682360E+32    0.4430154458E-04    0.2228983866E+11    0.2287253854E-04
    0.7440000000E+00    0.4867645933E-21    0.3361114274E-22    0.9759782052E-07    0.2187829740E+33    0.2116627554E-03    0.1064958054E+12    0.1170954299E-03
    0.7440000000E+00    0.5215776589E-21    0.3601498832E-22    0.9987116580E-07    0.9149425914E+33    0.9484725552E-03    0.4772136148E+12    0.5622380954E-03
    0.7440000000E+00    0.5588805307E-21    0.3859075526E-22    0.1021974641E-06    0.3592449961E+34    0.3990447960E-02    0.2007750340E+13    0.2534645060E-02
    0.7440000000E+00    0.5988512779E-21    0.4135073927E-22    0.1045779488E-06    0.1309802622E+35    0.1558966487E-01    0.7843769739E+13    0.1061041277E-01
    0.7440000000E+00    0.6416807053E-21    0.4430811541E-22    0.1070138822E-06    0.3330377617E+35    0.4247412130E-01    0.2137039058E+14    0.3097561251E-01
    0.7440000000E+00    0.6875732635E-21    0.4747700104E-22    0.1095065557E-06    0.5780226769E+35    0.7899067060E-01    0.3974329383E+14    0.6172645001E-01
    0.7440000000E+00    0.7367480256E-21    0.5087252317E-22    0.1120572911E-06    0.7750025902E+35    0.1134838544E+00    0.5709816281E+14    0.9502318384E-01
    0.7440000000E+00    0.7894397325E-21    0.5451089068E-22    0.1146674407E-06    0.8445190057E+35    0.1325074668E+00    0.6666968580E+14    0.1188874061E+00
    0.7440000000E+00    0.8458999137E-21    0.5840947171E-22    0.1173383885E-06    0.8396357185E+35    0.1411633087E+00    0.7102477818E+14    0.1357117120E+00
    0.7440000000E+00    0.9063980879E-21    0.6258687655E-22    0.1200715507E-06    0.7953982635E+35    0.1432898943E+00    0.7209474651E+14    0.1476083964E+00
    0.7440000000E+00    0.9712230494E-21    0.6706304648E-22    0.1228683764E-06    0.6426243534E+35    0.1240475250E+00    0.6241315841E+14    0.1369252693E+00
    0.7440000000E+00    0.1040684247E-20    0.7185934897E-22    0.1257303485E-06    0.4345222532E+35    0.8987583677E-01    0.4522004639E+14    0.1063012684E+00
    0.7440000000E+00    0.1115113261E-20    0.7699867968E-22    0.1286589846E-06    0.2543455066E+35    0.5637090323E-01    0.2836240474E+14    0.7144148830E-01
    0.7440000000E+00    0.1194865387E-20    0.8250557175E-22    0.1316558373E-06    0.1313931851E+35    0.3120353263E-01    0.1569971690E+14    0.4237398068E-01
    0.7440000000E+00    0.1280321329E-20    0.8840631292E-22    0.1347224957E-06    0.6054360498E+34    0.1540633016E-01    0.7751526882E+13    0.2241788828E-01
    0.7440000000E+00    0.1371889021E-20    0.9472907100E-22    0.1378605858E-06    0.2483711489E+34    0.6772235782E-02    0.3407376524E+13    0.1055911622E-01
    0.7440000000E+00    0.1470005571E-20    0.1015040283E-21    0.1410717713E-06    0.8884815992E+33    0.2595848616E-02    0.1306072901E+13    0.4336854596E-02
    0.7440000000E+00    0.1575139348E-20    0.1087635259E-21    0.1443577550E-06    0.2646364023E+33    0.8284770983E-03    0.4168392102E+12    0.1483119030E-02
    0.7440000000E+00    0.1687792220E-20    0.1165422177E-21    0.1477202791E-06    0.5441188753E+32    0.1825259912E-03    0.9183596046E+11    0.3501226569E-03
    0.7440000000E+00    0.1808501947E-20    0.1248772362E-21    0.1511611264E-06    0.2697940426E+31    0.9697577958E-05    0.4879230513E+10    0.1993236262E-04
    0.7440000000E+00    0.1937844750E-20    0.1338083694E-21    0.1546821213E-06    0.5301779835E+30    0.2041985307E-05    0.1027402622E+10    0.4497261208E-05
    0.7440000000E+00    0.2076438060E-20    0.1433782510E-21    0.1582851308E-06    0.1063425495E+30    0.4388721195E-06    0.2208137172E+09    0.1035698845E-05
    0.7440000000E+00    0.2224943467E-20    0.1536325639E-21    0.1619720651E-06    0.2553143206E+29    0.1129031604E-06    0.5680599298E+08    0.2854970328E-06
    0.7440000000E+00    0.2384069878E-20    0.1646202581E-21    0.1657448792E-06    0.5050400421E+28    0.2393077351E-07    0.1204050752E+08    0.6484137807E-07
    0.7440000000E+00    0.2554576900E-20    0.1763937846E-21    0.1696055734E-06    0.9527927635E+27    0.4837593521E-08    0.2433982384E+07    0.1404510123E-07
    0.7440000000E+00    0.2737278465E-20    0.1890093455E-21    0.1735561947E-06    0.2117856552E+27    0.1152198923E-08    0.5797163131E+06    0.3584453614E-08
    0.7440000000E+00    0.2933046719E-20    0.2025271626E-21    0.1775988378E-06    0.5203166422E+26    0.3033183193E-09    0.1526113020E+06    0.1011100071E-08
    0.7440000000E+00    0.3142816182E-20    0.2170117645E-21    0.1817356462E-06    0.1101782570E+26    0.6882192590E-10    0.3462700092E+05    0.2458228908E-09
    0.7440000000E+00    0.3367588212E-20    0.2325322952E-21    0.1859688132E-06    0.2458562249E+25    0.1645553978E-10    0.8279425249E+04    0.6298072165E-10
    0.7440000000E+00    0.3608435782E-20    0.2491628434E-21    0.1903005833E-06    0.2522595350E+24    0.1809166405E-11    0.9102623322E+03    0.7419489329E-11
    0.7440000000E+00    0.3866508602E-20    0.2669827968E-21    0.1947332533E-06    0.1103969699E+24    0.8483754204E-12    0.4268508339E+03    0.3728065871E-11
