    0.7800000000E+00    0.4143038610E-23    0.2860772210E-24    0.1992691735E-07    0.0000000000E+00    0.0000000000E+00    0.0000000000E+00    0.0000000000E+00
    0.7800000000E+00    0.4439345853E-23    0.3065372650E-24    0.2039107488E-07    0.0000000000E+00    0.0000000000E+00    0.0000000000E+00    0.0000000000E+00
    0.7800000000E+00    0.4756844785E-23    0.3284605973E-24    0.2086604403E-07    0.0000000000E+00    0.0000000000E+00    0.0000000000E+00    0.0000000000E+00
    0.7800000000E+00    0.5097051019E-23    0.3519518710E-24    0.2135207663E-07    0.0000000000E+00    0.0000000000E+00    0.0000000000E+00    0.0000000000E+00
    0.7800000000E+00    0.5461588566E-23    0.3771232243E-24    0.2184943039E-07    0.0000000000E+00    0.0000000000E+00    0.0000000000E+00    0.0000000000E+00
    0.7800000000E+00    0.5852197586E-23    0.4040948153E-24    0.2235836900E-07    0.0000000000E+00    0.0000000000E+00    0.0000000000E+00    0.0000000000E+00
    0.7800000000E+00    0.6270742692E-23    0.4329953957E-24    0.2287916232E-07    0.0000000000E+00    0.0000000000E+00    0.0000000000E+00    0.0000000000E+00
    0.7800000000E+00    0.6719221852E-23    0.4639629256E-24    0.2341208647E-07    0.0000000000E+00    0.0000000000E+00    0.0000000000E+00    0.0000000000E+00
    0.7800000000E+00    0.7199775931E-23    0.4971452317E-24    0.2395742402E-07    0.0000000000E+00    0.0000000000E+00    0.0000000000E+00    0.0000000000E+00
    0.7800000000E+00    0.7714698903E-23    0.5327007132E-24    0.2451546411E-07    0.0000000000E+00    0.0000000000E+00    0.0000000000E+00    0.0000000000E+00
    0.7800000000E+00    0.8266448809E-23    0.5707990981E-24    0.2508650263E-07    0.0000000000E+00    0.0000000000E+00    0.0000000000E+00    0.0000000000E+00
    0.7800000000E+00    0.8857659485E-23    0.6116222531E-24    0.2567084234E-07    0.0000000000E+00    0.0000000000E+00    0.0000000000E+00    0.0000000000E+00
    0.7800000000E+00    0.9491153137E-23    0.6553650517E-24    0.2626879307E-07    0.2213084525E-15    0.4174735119E-53    0.2100472413E-38    0.3985802626E-55
    0.7800000000E+00    0.1016995382E-22    0.7022363048E-24    0.2688067187E-07    0.1027275536E-15    0.2076432749E-53    0.1044734476E-38    0.2124245630E-55
    0.7800000000E+00    0.1089730185E-22    0.7524597575E-24    0.2750680315E-07   -0.3760381437E-15   -0.8144469926E-53   -0.4097801157E-38   -0.8927907616E-55
    0.7800000000E+00    0.1167666930E-22    0.8062751566E-24    0.2814751890E-07   -0.5966301105E-15   -0.1384637506E-52   -0.6966652497E-38   -0.1626383482E-54
    0.7800000000E+00    0.1251177658E-22    0.8639393956E-24    0.2880315884E-07    0.5519918465E-15    0.1372661923E-52    0.6906398657E-38    0.1727628860E-54
    0.7800000000E+00    0.1340661015E-22    0.9257277409E-24    0.2947407060E-07   -0.6277144289E-15   -0.1672603632E-52   -0.8415522632E-38   -0.2255692519E-54
    0.7800000000E+00    0.1436544159E-22    0.9919351458E-24    0.3016060990E-07   -0.1840347814E-14   -0.5254493189E-52   -0.2643740902E-37   -0.7593075131E-54
    0.7800000000E+00    0.1539284799E-22    0.1062877658E-23    0.3086314075E-07    0.5240360444E-15    0.1603216167E-52    0.8066407174E-38    0.2482441068E-54
    0.7800000000E+00    0.1649373379E-22    0.1138893930E-23    0.3158203565E-07   -0.3031395004E-15   -0.9937415628E-53   -0.4999902220E-38   -0.1648770916E-54
    0.7800000000E+00    0.1767335417E-22    0.1220346833E-23    0.3231767576E-07   -0.1252623163E-14   -0.4399986684E-52   -0.2213805280E-37   -0.7822367685E-54
    0.7800000000E+00    0.1893734018E-22    0.1307625190E-23    0.3307045113E-07    0.1796999768E-13    0.6763616032E-51    0.3403039591E-36    0.1288444775E-52
    0.7800000000E+00    0.2029172559E-22    0.1401145635E-23    0.3384076090E-07    0.2749078456E-13    0.1108710239E-50    0.5578354565E-36    0.2263106134E-52
    0.7800000000E+00    0.2174297571E-22    0.1501354598E-23    0.3462901348E-07   -0.7901255046E-13   -0.3414499116E-50   -0.1717967965E-35   -0.7468164375E-52
    0.7800000000E+00    0.2329801823E-22    0.1608730435E-23    0.3543562682E-07   -0.7194716344E-12   -0.3331536688E-49   -0.1676226325E-34   -0.7807850045E-51
    0.7800000000E+00    0.2496427630E-22    0.1723785718E-23    0.3626102861E-07   -0.8891588873E-12   -0.4411743938E-49   -0.2219720814E-34   -0.1107891324E-50
    0.7800000000E+00    0.2674970400E-22    0.1847069675E-23    0.3710565646E-07    0.4480237574E-12    0.2381946309E-49    0.1198450289E-34    0.6409421480E-51
    0.7800000000E+00    0.2866282424E-22    0.1979170815E-23    0.3796995823E-07    0.1689509526E-10    0.9624796786E-48    0.4842611461E-33    0.2775098690E-49
    0.7800000000E+00    0.3071276952E-22    0.2120719737E-23    0.3885439218E-07    0.2331221579E-09    0.1423031384E-46    0.7159827106E-32    0.4396441938E-48
    0.7800000000E+00    0.3290932546E-22    0.2272392139E-23    0.3975942724E-07    0.6123562130E-09    0.4005300017E-46    0.2015222991E-31    0.1325934028E-47
    0.7800000000E+00    0.3526297755E-22    0.2434912046E-23    0.4068554327E-07   -0.6950748622E-09   -0.4871497749E-46   -0.2451040926E-31   -0.1728022408E-47
    0.7800000000E+00    0.3778496121E-22    0.2609055264E-23    0.4163323131E-07   -0.1150903454E-06   -0.8643105562E-44   -0.4348684235E-29   -0.3285161170E-45
    0.7800000000E+00    0.4048731538E-22    0.2795653084E-23    0.4260299385E-07   -0.4477047742E-06   -0.3602654789E-43   -0.1812636439E-28   -0.1467268227E-44
    0.7800000000E+00    0.4338294005E-22    0.2995596250E-23    0.4359534505E-07    0.7667998898E-05    0.6611697352E-42    0.3326603365E-27    0.2885358821E-43
    0.7800000000E+00    0.4648565778E-22    0.3209839213E-23    0.4461081109E-07    0.7562119657E-04    0.6986738181E-41    0.3515301065E-26    0.3267091762E-42
    0.7800000000E+00    0.4981027973E-22    0.3439404683E-23    0.4564993037E-07   -0.4976491304E-03   -0.4926677944E-40   -0.2478804239E-25   -0.2468544935E-41
    0.7800000000E+00    0.5337267633E-22    0.3685388516E-23    0.4671325384E-07   -0.7359360591E-01   -0.7806763208E-38   -0.3927887708E-23   -0.4191388045E-39
    0.7800000000E+00    0.5718985306E-22    0.3948964943E-23    0.4780134531E-07   -0.5230440641E+01   -0.5945237407E-36   -0.2991281317E-21   -0.3420235932E-37
    0.7800000000E+00    0.6128003161E-22    0.4231392172E-23    0.4891478167E-07   -0.6561157550E+01   -0.7991188779E-36   -0.4020679421E-21   -0.4926043628E-37
    0.7800000000E+00    0.6566273690E-22    0.4534018400E-23    0.5005415331E-07    0.2846638355E+03    0.3715037659E-34    0.1869180653E-19    0.2453861711E-35
    0.7800000000E+00    0.7035889022E-22    0.4858288246E-23    0.5122006431E-07    0.1965577423E+05    0.2748660358E-32    0.1382958461E-17    0.1945395660E-33
    0.7800000000E+00    0.7539090917E-22    0.5205749646E-23    0.5241313287E-07    0.4412735786E+05    0.6612091404E-32    0.3326801628E-17    0.5014477791E-33
    0.7800000000E+00    0.8078281461E-22    0.5578061244E-23    0.5363399157E-07   -0.4787039735E+06   -0.7685957103E-31   -0.3867105434E-16   -0.6245753211E-32
    0.7800000000E+00    0.8656034539E-22    0.5977000309E-23    0.5488328773E-07   -0.2752020012E+08   -0.4734591472E-29   -0.2382158027E-14   -0.4122582687E-30
    0.7800000000E+00    0.9275108115E-22    0.6404471218E-23    0.5616168372E-07   -0.1182761448E+10   -0.2180359388E-27   -0.1097024030E-12   -0.2034299759E-28
    0.7800000000E+00    0.9938457404E-22    0.6862514550E-23    0.5746985739E-07   -0.4554575893E+11   -0.8996609434E-26   -0.4526545851E-11   -0.8994266068E-27
    0.7800000000E+00    0.1064924897E-21    0.7353316823E-23    0.5880850233E-07   -0.8255039071E+12   -0.1747229916E-24   -0.8790996634E-10   -0.1871702932E-25
    0.7800000000E+00    0.1141087586E-21    0.7879220933E-23    0.6017832832E-07   -0.7724887196E+12   -0.1751955497E-24   -0.8814772883E-10   -0.2010990106E-25
    0.7800000000E+00    0.1222697377E-21    0.8442737340E-23    0.6158006166E-07    0.1707800530E+14    0.4150190843E-23    0.2088123229E-08    0.5104520255E-24
    0.7800000000E+00    0.1310143844E-21    0.9046556049E-23    0.6301444556E-07    0.4990811595E+15    0.1299577248E-21    0.6538681090E-07    0.1712730229E-22
    0.7800000000E+00    0.1403844422E-21    0.9693559452E-23    0.6448224056E-07    0.1150465581E+17    0.3209996464E-20    0.1615074688E-05    0.4533059479E-21
    0.7800000000E+00    0.1504246400E-21    0.1038683609E-22    0.6598422489E-07    0.2390827941E+18    0.7147912815E-19    0.3596394323E-04    0.1081598585E-19
    0.7800000000E+00    0.1611829057E-21    0.1112969539E-22    0.6752119493E-07    0.8284472918E+18    0.2653968760E-18    0.1335315417E-03    0.4303112200E-19
    0.7800000000E+00    0.1727105951E-21    0.1192568347E-22    0.6909396560E-07   -0.2120338508E+18   -0.7278403439E-19   -0.3662049256E-04   -0.1264512097E-19
    0.7800000000E+00    0.1850627369E-21    0.1277860007E-22    0.7070337081E-07   -0.2380103215E+20   -0.8754406624E-17   -0.4404684150E-02   -0.1629722188E-17
    0.7800000000E+00    0.1982982953E-21    0.1369251667E-22    0.7235026388E-07   -0.3734233503E+21   -0.1471744410E-15   -0.7404921378E-01   -0.2935751278E-16
    0.7800000000E+00    0.2124804516E-21    0.1467179595E-22    0.7403551802E-07   -0.4920242636E+22   -0.2077865556E-14   -0.1045455377E+01   -0.4441240664E-15
    0.7800000000E+00    0.2276769058E-21    0.1572111260E-22    0.7576002677E-07   -0.5893290169E+23   -0.2666789576E-13   -0.1341766071E+02   -0.6107670685E-14
    0.7800000000E+00    0.2439602000E-21    0.1684547565E-22    0.7752470448E-07   -0.6497667210E+24   -0.3150564596E-12   -0.1585172192E+03   -0.7731704583E-13
    0.7800000000E+00    0.2614080640E-21    0.1805025236E-22    0.7933048683E-07   -0.4468723449E+25   -0.2321744378E-11   -0.1168160345E+04   -0.6105219270E-12
    0.7800000000E+00    0.2801037871E-21    0.1934119387E-22    0.8117833125E-07   -0.5723230098E+25   -0.3186193377E-11   -0.1603098425E+04   -0.8977574013E-12
    0.7800000000E+00    0.3001366153E-21    0.2072446262E-22    0.8306921749E-07    0.4095960808E+25    0.2443355817E-11    0.1229347813E+04    0.7376894628E-12
    0.7800000000E+00    0.3216021775E-21    0.2220666179E-22    0.8500414813E-07    0.1108540446E+27    0.7085695211E-10    0.3565090214E+05    0.2292288792E-10
    0.7800000000E+00    0.3446029418E-21    0.2379486681E-22    0.8698414910E-07    0.9571724133E+27    0.6555730581E-09    0.3298444295E+06    0.2272521291E-09
    0.7800000000E+00    0.3692487048E-21    0.2549665916E-22    0.8901027021E-07    0.6883554374E+28    0.5051771183E-08    0.2541743537E+07    0.1876422081E-08
    0.7800000000E+00    0.3956571157E-21    0.2732016250E-22    0.9108358575E-07    0.4498566222E+29    0.3537569997E-07    0.1779889736E+08    0.1407965151E-07
    0.7800000000E+00    0.4239542377E-21    0.2927408154E-22    0.9320519501E-07    0.2721618986E+30    0.2293286158E-06    0.1153841902E+09    0.9780140940E-07
    0.7800000000E+00    0.4542751502E-21    0.3136774352E-22    0.9537622289E-07    0.1532762995E+31    0.1383903892E-05    0.6962961399E+09    0.6324013589E-06
    0.7800000000E+00    0.4867645933E-21    0.3361114274E-22    0.9759782052E-07    0.8055750319E+31    0.7793578625E-05    0.3921254028E+10    0.3816135481E-05
    0.7800000000E+00    0.5215776589E-21    0.3601498832E-22    0.9987116580E-07    0.3957910679E+32    0.4102956503E-04    0.2064357786E+11    0.2152701317E-04
    0.7800000000E+00    0.5588805307E-21    0.3859075526E-22    0.1021974641E-06    0.1820328621E+33    0.2021997999E-03    0.1017346226E+12    0.1136756864E-03
    0.7800000000E+00    0.5988512779E-21    0.4135073927E-22    0.1045779488E-06    0.7844506665E+33    0.9336767842E-03    0.4697692841E+12    0.5624493560E-03
    0.7800000000E+00    0.6416807053E-21    0.4430811541E-22    0.1070138822E-06    0.3168310719E+34    0.4040719380E-02    0.2033043857E+13    0.2608228008E-02
    0.7800000000E+00    0.6875732635E-21    0.4747700104E-22    0.1095065557E-06    0.1191966830E+35    0.1628902515E-01    0.8195645232E+13    0.1126631676E-01
    0.7800000000E+00    0.7367480256E-21    0.5087252317E-22    0.1120572911E-06    0.3139815067E+35    0.4597640323E-01    0.2313252551E+14    0.3407390095E-01
    0.7800000000E+00    0.7894397325E-21    0.5451089068E-22    0.1146674407E-06    0.5469951678E+35    0.8582511888E-01    0.4318197190E+14    0.6815555792E-01
    0.7800000000E+00    0.8458999137E-21    0.5840947171E-22    0.1173383885E-06    0.7232499702E+35    0.1215960167E+00    0.6117970874E+14    0.1034680375E+00
    0.7800000000E+00    0.9063980879E-21    0.6258687655E-22    0.1200715507E-06    0.7711903001E+35    0.1389288633E+00    0.6990054134E+14    0.1266716262E+00
    0.7800000000E+00    0.9712230494E-21    0.6706304648E-22    0.1228683764E-06    0.7628957591E+35    0.1472638413E+00    0.7409419455E+14    0.1438742220E+00
    0.7800000000E+00    0.1040684247E-20    0.7185934897E-22    0.1257303485E-06    0.7067290851E+35    0.1461786305E+00    0.7354818258E+14    0.1530279472E+00
    0.7800000000E+00    0.1115113261E-20    0.7699867968E-22    0.1286589846E-06    0.5428197411E+35    0.1203057978E+00    0.6053054918E+14    0.1349501654E+00
    0.7800000000E+00    0.1194865387E-20    0.8250557175E-22    0.1316558373E-06    0.3477491810E+35    0.8258421401E-01    0.4155134598E+14    0.9926220159E-01
    0.7800000000E+00    0.1280321329E-20    0.8840631292E-22    0.1347224957E-06    0.1905330953E+35    0.4848432421E-01    0.2439435858E+14    0.6244363986E-01
    0.7800000000E+00    0.1371889021E-20    0.9472907100E-22    0.1378605858E-06    0.9056209932E+34    0.2469320178E-01    0.1242411498E+14    0.3407722869E-01
    0.7800000000E+00    0.1470005571E-20    0.1015040283E-21    0.1410717713E-06    0.3748942920E+34    0.1095316808E-01    0.5510966979E+13    0.1619670289E-01
    0.7800000000E+00    0.1575139348E-20    0.1087635259E-21    0.1443577550E-06    0.1333324277E+34    0.4174137113E-02    0.2100171533E+13    0.6613838324E-02
    0.7800000000E+00    0.1687792220E-20    0.1165422177E-21    0.1477202791E-06    0.3894737786E+33    0.1306499200E-02    0.6573508135E+12    0.2218176049E-02
    0.7800000000E+00    0.1808501947E-20    0.1248772362E-21    0.1511611264E-06    0.5738444227E+32    0.2062647852E-03    0.1037798756E+12    0.3752424411E-03
    0.7800000000E+00    0.1937844750E-20    0.1338083694E-21    0.1546821213E-06    0.1528107999E+31    0.5885521802E-05    0.2961236062E+10    0.1147286376E-04
    0.7800000000E+00    0.2076438060E-20    0.1433782510E-21    0.1582851308E-06    0.2788363094E+30    0.1150748056E-05    0.5789863252E+09    0.2403627219E-05
    0.7800000000E+00    0.2224943467E-20    0.1536325639E-21    0.1619720651E-06    0.6786595484E+29    0.3001116729E-06    0.1509979129E+09    0.6716913435E-06
    0.7800000000E+00    0.2384069878E-20    0.1646202581E-21    0.1657448792E-06    0.1441137487E+29    0.6828673355E-07    0.3435772473E+08    0.1637657968E-06
    0.7800000000E+00    0.2554576900E-20    0.1763937846E-21    0.1696055734E-06    0.2400272339E+28    0.1218684940E-07    0.6131680271E+07    0.3131686700E-07
    0.7800000000E+00    0.2737278465E-20    0.1890093455E-21    0.1735561947E-06    0.5025605225E+27    0.2734130845E-08    0.1375648095E+07    0.7528460187E-08
    0.7800000000E+00    0.2933046719E-20    0.2025271626E-21    0.1775988378E-06    0.1234355144E+27    0.7195666970E-09    0.3620421305E+06    0.2123038739E-08
    0.7800000000E+00    0.3142816182E-20    0.2170117645E-21    0.1817356462E-06    0.2705569233E+26    0.1690011172E-09    0.8503106768E+05    0.5342892536E-09
    0.7800000000E+00    0.3367588212E-20    0.2325322952E-21    0.1859688132E-06    0.6220855365E+25    0.4163715316E-10    0.2094927920E+05    0.1410483115E-09
    0.7800000000E+00    0.3608435782E-20    0.2491628434E-21    0.1903005833E-06    0.6365069772E+24    0.4564929687E-11    0.2296794552E+04    0.1656994078E-10
    0.7800000000E+00    0.3866508602E-20    0.2669827968E-21    0.1947332533E-06    0.2329363636E+24    0.1790062585E-11    0.9006504535E+03    0.6962337612E-11
