    0.7110000000E+00    0.4143038610E-23    0.2860772210E-24    0.1992691735E-07   -0.1160921633E-10   -0.9559470294E-49   -0.4809743150E-34   -0.5271561554E-51
    0.7110000000E+00    0.4439345853E-23    0.3065372650E-24    0.2039107488E-07    0.1912555495E-10    0.1687504616E-48    0.8490495306E-34    0.9971268790E-51
    0.7110000000E+00    0.4756844785E-23    0.3284605973E-24    0.2086604403E-07    0.4282343248E-10    0.4048670179E-48    0.2037044214E-33    0.2563408693E-50
    0.7110000000E+00    0.5097051019E-23    0.3519518710E-24    0.2135207663E-07    0.2983513109E-10    0.3022448254E-48    0.1520711853E-33    0.2050521504E-50
    0.7110000000E+00    0.5461588566E-23    0.3771232243E-24    0.2184943039E-07   -0.1048162351E-09   -0.1137783104E-47   -0.5724631514E-33   -0.8271131664E-50
    0.7110000000E+00    0.5852197586E-23    0.4040948153E-24    0.2235836900E-07   -0.2251545672E-09   -0.2618856397E-47   -0.1317649015E-32   -0.2039938802E-49
    0.7110000000E+00    0.6270742692E-23    0.4329953957E-24    0.2287916232E-07   -0.7717105715E-10   -0.9618013305E-48   -0.4839198426E-33   -0.8027694329E-50
    0.7110000000E+00    0.6719221852E-23    0.4639629256E-24    0.2341208647E-07    0.7724573715E-09    0.1031586015E-46    0.5190312450E-32    0.9225945820E-49
    0.7110000000E+00    0.7199775931E-23    0.4971452317E-24    0.2395742402E-07    0.7927657152E-09    0.1134424987E-46    0.5707735515E-32    0.1087129392E-48
    0.7110000000E+00    0.7714698903E-23    0.5327007132E-24    0.2451546411E-07   -0.1488112107E-08   -0.2281742197E-46   -0.1148033684E-31   -0.2342998594E-48
    0.7110000000E+00    0.8266448809E-23    0.5707990981E-24    0.2508650263E-07   -0.2910696085E-08   -0.4782200556E-46   -0.2406112018E-31   -0.5261786708E-48
    0.7110000000E+00    0.8857659485E-23    0.6116222531E-24    0.2567084234E-07    0.2412387885E-08    0.4246958944E-46    0.2136811043E-31    0.5007068313E-48
    0.7110000000E+00    0.9491153137E-23    0.6553650517E-24    0.2626879307E-07    0.7731316747E-08    0.1458425974E-45    0.7337911120E-31    0.1842425112E-47
    0.7110000000E+00    0.1016995382E-22    0.7022363048E-24    0.2688067187E-07   -0.5031482012E-08   -0.1017013806E-45   -0.5116993969E-31   -0.1376677778E-47
    0.7110000000E+00    0.1089730185E-22    0.7524597575E-24    0.2750680315E-07   -0.1596509791E-07   -0.3457821021E-45   -0.1739764909E-30   -0.5015427584E-47
    0.7110000000E+00    0.1167666930E-22    0.8062751566E-24    0.2814751890E-07    0.1397732190E-07    0.3243806137E-45    0.1632085656E-30    0.5041506659E-47
    0.7110000000E+00    0.1251177658E-22    0.8639393956E-24    0.2880315884E-07    0.2452162650E-07    0.6097898584E-45    0.3068091122E-30    0.1015513383E-46
    0.7110000000E+00    0.1340661015E-22    0.9257277409E-24    0.2947407060E-07   -0.3337127688E-07   -0.8892087922E-45   -0.4473956992E-30   -0.1586752540E-46
    0.7110000000E+00    0.1436544159E-22    0.9919351458E-24    0.3016060990E-07   -0.1796073100E-07   -0.5128081661E-45   -0.2580138322E-30   -0.9805288725E-47
    0.7110000000E+00    0.1539284799E-22    0.1062877658E-23    0.3086314075E-07    0.5773941776E-07    0.1766458033E-44    0.8887740809E-30    0.3619168290E-46
    0.7110000000E+00    0.1649373379E-22    0.1138893930E-23    0.3158203565E-07   -0.5196904975E-07   -0.1703631650E-44   -0.8571636717E-30   -0.3740082255E-46
    0.7110000000E+00    0.1767335417E-22    0.1220346833E-23    0.3231767576E-07    0.4822298970E-07    0.1693889422E-44    0.8522619760E-30    0.3984653024E-46
    0.7110000000E+00    0.1893734018E-22    0.1307625190E-23    0.3307045113E-07    0.3634511190E-06    0.1367971137E-43    0.6882797480E-29    0.3448120132E-45
    0.7110000000E+00    0.2029172559E-22    0.1401145635E-23    0.3384076090E-07   -0.1003042254E-05   -0.4045294576E-43   -0.2035345817E-28   -0.1092585937E-44
    0.7110000000E+00    0.2174297571E-22    0.1501354598E-23    0.3462901348E-07   -0.3716202493E-06   -0.1605943620E-43   -0.8080130054E-29   -0.4647674967E-45
    0.7110000000E+00    0.2329801823E-22    0.1608730435E-23    0.3543562682E-07    0.1965772957E-05    0.9102575297E-43    0.4579861418E-28    0.2822732568E-44
    0.7110000000E+00    0.2496427630E-22    0.1723785718E-23    0.3626102861E-07   -0.3398963033E-04   -0.1686465127E-41   -0.8485265231E-27   -0.5603802481E-43
    0.7110000000E+00    0.2674970400E-22    0.1847069675E-23    0.3710565646E-07   -0.2745320652E-03   -0.1459566884E-40   -0.7343651483E-26   -0.5196721644E-42
    0.7110000000E+00    0.2866282424E-22    0.1979170815E-23    0.3796995823E-07   -0.1096715402E-03   -0.6247767597E-41   -0.3143496080E-26   -0.2383583225E-42
    0.7110000000E+00    0.3071276952E-22    0.2120719737E-23    0.3885439218E-07    0.3888867648E-02    0.2373854448E-39    0.1194378958E-24    0.9704195579E-41
    0.7110000000E+00    0.3290932546E-22    0.2272392139E-23    0.3975942724E-07    0.4277308700E-01    0.2797702423E-38    0.1407633441E-23    0.1225482103E-39
    0.7110000000E+00    0.3526297755E-22    0.2434912046E-23    0.4068554327E-07    0.1067880054E+00    0.7484338111E-38    0.3765663039E-23    0.3512843911E-39
    0.7110000000E+00    0.3778496121E-22    0.2609055264E-23    0.4163323131E-07    0.1450220099E-01    0.1089092691E-38    0.5479651017E-24    0.5477347536E-40
    0.7110000000E+00    0.4048731538E-22    0.2795653084E-23    0.4260299385E-07   -0.8473142918E+01   -0.6818289791E-36   -0.3430548096E-21   -0.3674353274E-37
    0.7110000000E+00    0.4338294005E-22    0.2995596250E-23    0.4359534505E-07   -0.7513244514E+03   -0.6478261085E-34   -0.3259466363E-19   -0.3740794929E-35
    0.7110000000E+00    0.4648565778E-22    0.3209839213E-23    0.4461081109E-07   -0.1101608907E+05   -0.1017790429E-32   -0.5120901467E-18   -0.6297436786E-34
    0.7110000000E+00    0.4981027973E-22    0.3439404683E-23    0.4564993037E-07    0.8771528806E+04    0.8683728125E-33    0.4369123035E-18    0.5757204708E-34
    0.7110000000E+00    0.5337267633E-22    0.3685388516E-23    0.4671325384E-07    0.1736044603E+07    0.1841585144E-30    0.9265734666E-16    0.1308269621E-31
    0.7110000000E+00    0.5718985306E-22    0.3948964943E-23    0.4780134531E-07    0.2270017811E+08    0.2580240506E-29    0.1298219851E-14    0.1964109258E-30
    0.7110000000E+00    0.6128003161E-22    0.4231392172E-23    0.4891478167E-07   -0.4358543041E+07   -0.5308505394E-30   -0.2670916554E-15   -0.4329898511E-31
    0.7110000000E+00    0.6566273690E-22    0.4534018400E-23    0.5005415331E-07   -0.1858598594E+10   -0.2425585168E-27   -0.1220406705E-12   -0.2119932253E-28
    0.7110000000E+00    0.7035889022E-22    0.4858288246E-23    0.5122006431E-07   -0.7367852280E+11   -0.1030319297E-25   -0.5183939097E-11   -0.9648888500E-27
    0.7110000000E+00    0.7539090917E-22    0.5205749646E-23    0.5241313287E-07   -0.2529697374E+13   -0.3790526122E-24   -0.1907161850E-09   -0.3803688538E-25
    0.7110000000E+00    0.8078281461E-22    0.5578061244E-23    0.5363399157E-07   -0.6567808902E+14   -0.1054511771E-22   -0.5305660889E-08   -0.1133853346E-23
    0.7110000000E+00    0.8656034539E-22    0.5977000309E-23    0.5488328773E-07   -0.1148357154E+15   -0.1975640426E-22   -0.9940219188E-08   -0.2276215405E-23
    0.7110000000E+00    0.9275108115E-22    0.6404471218E-23    0.5616168372E-07    0.6079072510E+15    0.1120645490E-21    0.5638405477E-07    0.1383482600E-22
    0.7110000000E+00    0.9938457404E-22    0.6862514550E-23    0.5746985739E-07    0.1943446046E+17    0.3838870061E-20    0.1931485575E-05    0.5078189068E-21
    0.7110000000E+00    0.1064924897E-21    0.7353316823E-23    0.5880850233E-07    0.4066952398E+18    0.8607955498E-19    0.4330998864E-04    0.1220128206E-19
    0.7110000000E+00    0.1141087586E-21    0.7879220933E-23    0.6017832832E-07    0.7552734937E+19    0.1712912455E-17    0.8618332077E-03    0.2601600583E-18
    0.7110000000E+00    0.1222697377E-21    0.8442737340E-23    0.6158006166E-07    0.2448145638E+20    0.5949331572E-17    0.2993341252E-02    0.9682190605E-18
    0.7110000000E+00    0.1310143844E-21    0.9046556049E-23    0.6301444556E-07   -0.2384147144E+19   -0.6208175413E-18   -0.3123575705E-03   -0.1082603517E-18
    0.7110000000E+00    0.1403844422E-21    0.9693559452E-23    0.6448224056E-07   -0.5625300916E+21   -0.1569555522E-15   -0.7897047311E-01   -0.2932797903E-16
    0.7110000000E+00    0.1504246400E-21    0.1038683609E-22    0.6598422489E-07   -0.8027421997E+22   -0.2399976660E-14   -0.1207522064E+01   -0.4805211105E-15
    0.7110000000E+00    0.1611829057E-21    0.1112969539E-22    0.6752119493E-07   -0.9457220543E+23   -0.3029663821E-13   -0.1524342287E+02   -0.6499798523E-14
    0.7110000000E+00    0.1727105951E-21    0.1192568347E-22    0.6909396560E-07   -0.1007345563E+25   -0.3457875892E-12   -0.1739792517E+03   -0.7949043174E-13
    0.7110000000E+00    0.1850627369E-21    0.1277860007E-22    0.7070337081E-07   -0.9847460805E+25   -0.3622056202E-11   -0.1822398048E+04   -0.8921967538E-12
    0.7110000000E+00    0.1982982953E-21    0.1369251667E-22    0.7235026388E-07   -0.3592667306E+26   -0.1415950026E-10   -0.7124198022E+04   -0.3737260577E-11
    0.7110000000E+00    0.2124804516E-21    0.1467179595E-22    0.7403551802E-07   -0.3238094477E+26   -0.1367478289E-10   -0.6880317767E+04   -0.3867460563E-11
    0.7110000000E+00    0.2276769058E-21    0.1572111260E-22    0.7576002677E-07    0.8402840011E+26    0.3802393147E-10    0.1913132614E+05    0.1152291803E-10
    0.7110000000E+00    0.2439602000E-21    0.1684547565E-22    0.7752470448E-07    0.1089734596E+28    0.5283864385E-09    0.2658518699E+06    0.1715762283E-09
    0.7110000000E+00    0.2614080640E-21    0.1805025236E-22    0.7933048683E-07    0.8022638178E+28    0.4168195974E-08    0.2097182314E+07    0.1450285763E-08
    0.7110000000E+00    0.2801037871E-21    0.1934119387E-22    0.8117833125E-07    0.5088256511E+29    0.2832695684E-07    0.1425239918E+08    0.1056100808E-07
    0.7110000000E+00    0.3001366153E-21    0.2072446262E-22    0.8306921749E-07    0.2950678357E+30    0.1760162625E-06    0.8856066150E+08    0.7031666247E-07
    0.7110000000E+00    0.3216021775E-21    0.2220666179E-22    0.8500414813E-07    0.1587504753E+31    0.1014719388E-05    0.5105449855E+09    0.4343615880E-06
    0.7110000000E+00    0.3446029418E-21    0.2379486681E-22    0.8698414910E-07    0.7961545432E+31    0.5452909647E-05    0.2743571977E+10    0.2501115546E-05
    0.7110000000E+00    0.3692487048E-21    0.2549665916E-22    0.8901027021E-07    0.3730148649E+32    0.2737518501E-04    0.1377352558E+11    0.1345434367E-04
    0.7110000000E+00    0.3956571157E-21    0.2732016250E-22    0.9108358575E-07    0.1635485562E+33    0.1286108589E-03    0.6470915001E+11    0.6773031453E-04
    0.7110000000E+00    0.4239542377E-21    0.2927408154E-22    0.9320519501E-07    0.6722966580E+33    0.5664895153E-03    0.2850230172E+12    0.3196666503E-03
    0.7110000000E+00    0.4542751502E-21    0.3136774352E-22    0.9537622289E-07    0.2596207128E+34    0.2344068301E-02    0.1179392383E+13    0.1417345456E-02
    0.7110000000E+00    0.4867645933E-21    0.3361114274E-22    0.9759782052E-07    0.9435401601E+34    0.9128329617E-02    0.4592819423E+13    0.5914210360E-02
    0.7110000000E+00    0.5215776589E-21    0.3601498832E-22    0.9987116580E-07    0.2685174580E+35    0.2783578357E-01    0.1400527071E+14    0.1932452844E-01
    0.7110000000E+00    0.5588805307E-21    0.3859075526E-22    0.1021974641E-06    0.5164937762E+35    0.5737147512E-01    0.2886583157E+14    0.4267774562E-01
    0.7110000000E+00    0.5988512779E-21    0.4135073927E-22    0.1045779488E-06    0.7651439719E+35    0.9106973755E-01    0.4582074454E+14    0.7259045841E-01
    0.7110000000E+00    0.6416807053E-21    0.4430811541E-22    0.1070138822E-06    0.9245768759E+35    0.1179163293E+00    0.5932831418E+14    0.1007115790E+00
    0.7110000000E+00    0.6875732635E-21    0.4747700104E-22    0.1095065557E-06    0.9490304364E+35    0.1296913661E+00    0.6525279543E+14    0.1186906529E+00
    0.7110000000E+00    0.7367480256E-21    0.5087252317E-22    0.1120572911E-06    0.9354216171E+35    0.1369740591E+00    0.6891700295E+14    0.1343209578E+00
    0.7110000000E+00    0.7894397325E-21    0.5451089068E-22    0.1146674407E-06    0.8543351638E+35    0.1340476503E+00    0.6744461232E+14    0.1408525325E+00
    0.7110000000E+00    0.8458999137E-21    0.5840947171E-22    0.1173383885E-06    0.6562764245E+35    0.1103361249E+00    0.5551441709E+14    0.1242290549E+00
    0.7110000000E+00    0.9063980879E-21    0.6258687655E-22    0.1200715507E-06    0.4355612290E+35    0.7846575148E-01    0.3947918651E+14    0.9466416149E-01
    0.7110000000E+00    0.9712230494E-21    0.6706304648E-22    0.1228683764E-06    0.2566801526E+35    0.4954766729E-01    0.2492936805E+14    0.6405140589E-01
    0.7110000000E+00    0.1040684247E-20    0.7185934897E-22    0.1257303485E-06    0.1368449992E+35    0.2830478466E-01    0.1424124349E+14    0.3920715315E-01
    0.7110000000E+00    0.1115113261E-20    0.7699867968E-22    0.1286589846E-06    0.6653316279E+34    0.1474582559E-01    0.7419201215E+13    0.2188641082E-01
    0.7110000000E+00    0.1194865387E-20    0.8250557175E-22    0.1316558373E-06    0.2938942689E+34    0.6979463511E-02    0.3511640894E+13    0.1110011543E-01
    0.7110000000E+00    0.1280321329E-20    0.8840631292E-22    0.1347224957E-06    0.1162512403E+34    0.2958206718E-02    0.1488389425E+13    0.5041200526E-02
    0.7110000000E+00    0.1371889021E-20    0.9472907100E-22    0.1378605858E-06    0.4026666607E+33    0.1097934917E-02    0.5524139711E+12    0.2004850767E-02
    0.7110000000E+00    0.1470005571E-20    0.1015040283E-21    0.1410717713E-06    0.1186864051E+33    0.3467623197E-03    0.1744696767E+12    0.6784804739E-03
    0.7110000000E+00    0.1575139348E-20    0.1087635259E-21    0.1443577550E-06    0.2870390701E+32    0.8986114300E-04    0.4521265338E+11    0.1883984790E-03
    0.7110000000E+00    0.1687792220E-20    0.1165422177E-21    0.1477202791E-06    0.4867613854E+31    0.1632852827E-04    0.8215520793E+10    0.3668195691E-04
    0.7110000000E+00    0.1808501947E-20    0.1248772362E-21    0.1511611264E-06    0.7206512082E+30    0.2590335652E-05    0.1303299113E+10    0.6235359488E-05
    0.7110000000E+00    0.1937844750E-20    0.1338083694E-21    0.1546821213E-06    0.1485138989E+30    0.5720026273E-06    0.2877968793E+09    0.1475378592E-05
    0.7110000000E+00    0.2076438060E-20    0.1433782510E-21    0.1582851308E-06    0.3219396912E+29    0.1328634260E-06    0.6684878278E+08    0.3672069573E-06
    0.7110000000E+00    0.2224943467E-20    0.1536325639E-21    0.1619720651E-06    0.7510240536E+28    0.3321121549E-07    0.1670986062E+08    0.9835359178E-07
    0.7110000000E+00    0.2384069878E-20    0.1646202581E-21    0.1657448792E-06    0.1511635835E+28    0.7162722117E-08    0.3603845461E+07    0.2272916894E-07
    0.7110000000E+00    0.2554576900E-20    0.1763937846E-21    0.1696055734E-06    0.3117542149E+27    0.1582862746E-08    0.7964001157E+06    0.5382062189E-08
    0.7110000000E+00    0.2737278465E-20    0.1890093455E-21    0.1735561947E-06    0.7308080501E+26    0.3975888957E-09    0.2000425137E+06    0.1448570713E-08
    0.7110000000E+00    0.2933046719E-20    0.2025271626E-21    0.1775988378E-06    0.1782084034E+26    0.1038864972E-09    0.5226935729E+05    0.4055688182E-09
    0.7110000000E+00    0.3142816182E-20    0.2170117645E-21    0.1817356462E-06    0.3460527823E+25    0.2161589735E-10    0.1087580284E+05    0.9042296076E-10
    0.7110000000E+00    0.3367588212E-20    0.2325322952E-21    0.1859688132E-06    0.7835116359E+24    0.5244165323E-11    0.2638544549E+04    0.2350616760E-10
    0.7110000000E+00    0.3608435782E-20    0.2491628434E-21    0.1903005833E-06    0.1192921687E+24    0.8555450006E-12    0.4304581299E+03    0.4109115151E-11
    0.7110000000E+00    0.3866508602E-20    0.2669827968E-21    0.1947332533E-06    0.5099133823E+23    0.3918567514E-12    0.1971584479E+03    0.2016660481E-11
