    0.7540000000E+00    0.4143038610E-23    0.2860772210E-24    0.1992691735E-07   -0.1194208197E-15   -0.9833564526E-54   -0.4947650671E-39   -0.4457276476E-56
    0.7540000000E+00    0.4439345853E-23    0.3065372650E-24    0.2039107488E-07    0.0000000000E+00    0.0000000000E+00    0.0000000000E+00    0.0000000000E+00
    0.7540000000E+00    0.4756844785E-23    0.3284605973E-24    0.2086604403E-07    0.2887933575E-15    0.2730348752E-53    0.1373745176E-38    0.1420943223E-55
    0.7540000000E+00    0.5097051019E-23    0.3519518710E-24    0.2135207663E-07    0.4195694877E-15    0.4250449116E-53    0.2138567085E-38    0.2370246003E-55
    0.7540000000E+00    0.5461588566E-23    0.3771232243E-24    0.2184943039E-07    0.0000000000E+00    0.0000000000E+00    0.0000000000E+00    0.0000000000E+00
    0.7540000000E+00    0.5852197586E-23    0.4040948153E-24    0.2235836900E-07   -0.1058966022E-14   -0.1231722711E-52   -0.6197278395E-38   -0.7886268347E-55
    0.7540000000E+00    0.6270742692E-23    0.4329953957E-24    0.2287916232E-07   -0.2019875923E-14   -0.2517419642E-52   -0.1266612218E-37   -0.1727087011E-54
    0.7540000000E+00    0.6719221852E-23    0.4639629256E-24    0.2341208647E-07    0.0000000000E+00    0.0000000000E+00    0.0000000000E+00    0.0000000000E+00
    0.7540000000E+00    0.7199775931E-23    0.4971452317E-24    0.2395742402E-07    0.1125524738E-13    0.1610593599E-51    0.8103525919E-37    0.1268658023E-53
    0.7540000000E+00    0.7714698903E-23    0.5327007132E-24    0.2451546411E-07    0.8053523160E-14    0.1234857477E-51    0.6213050629E-37    0.1042258480E-53
    0.7540000000E+00    0.8266448809E-23    0.5707990981E-24    0.2508650263E-07   -0.3176920925E-13   -0.5219601281E-51   -0.2626185419E-36   -0.4720586179E-53
    0.7540000000E+00    0.8857659485E-23    0.6116222531E-24    0.2567084234E-07   -0.3211256221E-13   -0.5653350118E-51   -0.2844421413E-36   -0.5478535550E-53
    0.7540000000E+00    0.9491153137E-23    0.6553650517E-24    0.2626879307E-07    0.6862966643E-13    0.1294621490E-50    0.6513746738E-36    0.1344316142E-52
    0.7540000000E+00    0.1016995382E-22    0.7022363048E-24    0.2688067187E-07    0.7557561622E-13    0.1527610451E-50    0.7686005265E-36    0.1699695883E-52
    0.7540000000E+00    0.1089730185E-22    0.7524597575E-24    0.2750680315E-07   -0.1460858152E-12   -0.3164018194E-50   -0.1591941223E-35   -0.3772224867E-52
    0.7540000000E+00    0.1167666930E-22    0.8062751566E-24    0.2814751890E-07   -0.1327443514E-12   -0.3080682727E-50   -0.1550011893E-35   -0.3935551275E-52
    0.7540000000E+00    0.1251177658E-22    0.8639393956E-24    0.2880315884E-07    0.2959075571E-12    0.7358460797E-50    0.3702329242E-35    0.1007269264E-51
    0.7540000000E+00    0.1340661015E-22    0.9257277409E-24    0.2947407060E-07    0.1328280594E-12    0.3539327508E-50    0.1780774009E-35    0.5191338561E-52
    0.7540000000E+00    0.1436544159E-22    0.9919351458E-24    0.3016060990E-07   -0.5487895649E-12   -0.1566883722E-49   -0.7883604440E-35   -0.2462608477E-51
    0.7540000000E+00    0.1539284799E-22    0.1062877658E-23    0.3086314075E-07    0.1996359412E-12    0.6107586908E-50    0.3072965697E-35    0.1028556746E-51
    0.7540000000E+00    0.1649373379E-22    0.1138893930E-23    0.3158203565E-07    0.9281097005E-12    0.3042497540E-49    0.1530799433E-34    0.5490208493E-51
    0.7540000000E+00    0.1767335417E-22    0.1220346833E-23    0.3231767576E-07   -0.1247177373E-11   -0.4380857705E-49   -0.2204180743E-34   -0.8470669722E-51
    0.7540000000E+00    0.1893734018E-22    0.1307625190E-23    0.3307045113E-07   -0.3645021042E-11   -0.1371926875E-48   -0.6902700344E-34   -0.2842428606E-50
    0.7540000000E+00    0.2029172559E-22    0.1401145635E-23    0.3384076090E-07   -0.1979064252E-11   -0.7981615784E-49   -0.4015862873E-34   -0.1771941662E-50
    0.7540000000E+00    0.2174297571E-22    0.1501354598E-23    0.3462901348E-07    0.7930306010E-11    0.3427053386E-48    0.1724284509E-33    0.8152287203E-50
    0.7540000000E+00    0.2329801823E-22    0.1608730435E-23    0.3543562682E-07    0.5477252462E-10    0.2536259479E-47    0.1276091277E-32    0.6464758184E-49
    0.7540000000E+00    0.2496427630E-22    0.1723785718E-23    0.3626102861E-07    0.3672132320E-09    0.1822003664E-46    0.9167212586E-32    0.4976314818E-48
    0.7540000000E+00    0.2674970400E-22    0.1847069675E-23    0.3710565646E-07    0.1884262427E-08    0.1001779897E-45    0.5040346218E-31    0.2931776866E-47
    0.7540000000E+00    0.2866282424E-22    0.1979170815E-23    0.3796995823E-07    0.2336694134E-08    0.1331167765E-45    0.6697625329E-31    0.4174374356E-47
    0.7540000000E+00    0.3071276952E-22    0.2120719737E-23    0.3885439218E-07   -0.2818894388E-08   -0.1720718108E-45   -0.8657605365E-31   -0.5781870102E-47
    0.7540000000E+00    0.3290932546E-22    0.2272392139E-23    0.3975942724E-07   -0.1184592644E-06   -0.7748184531E-44   -0.3898414485E-29   -0.2789706773E-45
    0.7540000000E+00    0.3526297755E-22    0.2434912046E-23    0.4068554327E-07   -0.2697591040E-05   -0.1890632131E-42   -0.9512509228E-28   -0.7293997932E-44
    0.7540000000E+00    0.3778496121E-22    0.2609055264E-23    0.4163323131E-07   -0.4253342927E-05   -0.3194194247E-42   -0.1607123975E-27   -0.1320443809E-43
    0.7540000000E+00    0.4048731538E-22    0.2795653084E-23    0.4260299385E-07    0.1005934155E-03    0.8094694787E-41    0.4072757339E-26    0.3585577217E-42
    0.7540000000E+00    0.4338294005E-22    0.2995596250E-23    0.4359534505E-07    0.9734438422E-03    0.8393475481E-40    0.4223085585E-25    0.3983826605E-41
    0.7540000000E+00    0.4648565778E-22    0.3209839213E-23    0.4461081109E-07   -0.5079072557E-02   -0.4692619499E-39   -0.2361040287E-24   -0.2386568710E-40
    0.7540000000E+00    0.4981027973E-22    0.3439404683E-23    0.4564993037E-07   -0.7373810014E+00   -0.7300000128E-37   -0.3672915394E-22   -0.3978152882E-38
    0.7540000000E+00    0.5337267633E-22    0.3685388516E-23    0.4671325384E-07   -0.4827656155E+02   -0.5121147141E-35   -0.2576649294E-20   -0.2990376394E-36
    0.7540000000E+00    0.5718985306E-22    0.3948964943E-23    0.4780134531E-07   -0.5876189707E+02   -0.6679235127E-35   -0.3360584259E-20   -0.4179124733E-36
    0.7540000000E+00    0.6128003161E-22    0.4231392172E-23    0.4891478167E-07    0.2504377481E+04    0.3050216837E-33    0.1534683312E-18    0.2044981180E-34
    0.7540000000E+00    0.6566273690E-22    0.4534018400E-23    0.5005415331E-07    0.1525561529E+06    0.1990951369E-31    0.1001725453E-16    0.1430274032E-32
    0.7540000000E+00    0.7035889022E-22    0.4858288246E-23    0.5122006431E-07    0.2874359129E+06    0.4019499258E-31    0.2022367184E-16    0.3094072988E-32
    0.7540000000E+00    0.7539090917E-22    0.5205749646E-23    0.5241313287E-07   -0.3792681789E+07   -0.5682995736E-30   -0.2859337282E-15   -0.4687442266E-31
    0.7540000000E+00    0.8078281461E-22    0.5578061244E-23    0.5363399157E-07   -0.2021636070E+09   -0.3245890775E-28   -0.1633134519E-13   -0.2868748680E-29
    0.7540000000E+00    0.8656034539E-22    0.5977000309E-23    0.5488328773E-07   -0.8218365483E+10   -0.1413892449E-26   -0.7113845548E-12   -0.1338982733E-27
    0.7540000000E+00    0.9275108115E-22    0.6404471218E-23    0.5616168372E-07   -0.2995762677E+12   -0.5522533127E-25   -0.2778602272E-10   -0.5603984574E-26
    0.7540000000E+00    0.9938457404E-22    0.6862514550E-23    0.5746985739E-07   -0.3871973683E+13   -0.7648271931E-24   -0.3848144551E-09   -0.8316142494E-25
    0.7540000000E+00    0.1064924897E-21    0.7353316823E-23    0.5880850233E-07   -0.2524351644E+13   -0.5342945893E-24   -0.2688244915E-09   -0.6225000314E-25
    0.7540000000E+00    0.1141087586E-21    0.7879220933E-23    0.6017832832E-07    0.1023123916E+15    0.2320380251E-22    0.1167474000E-07    0.2896794999E-23
    0.7540000000E+00    0.1222697377E-21    0.8442737340E-23    0.6158006166E-07    0.2739991516E+16    0.6658557308E-21    0.3350180440E-06    0.8907149536E-22
    0.7540000000E+00    0.1310143844E-21    0.9046556049E-23    0.6301444556E-07    0.5981986861E+17    0.1557673311E-19    0.7837263263E-05    0.2232723689E-20
    0.7540000000E+00    0.1403844422E-21    0.9693559452E-23    0.6448224056E-07    0.1080442456E+19    0.3014619925E-18    0.1516773115E-03    0.4630108485E-19
    0.7540000000E+00    0.1504246400E-21    0.1038683609E-22    0.6598422489E-07    0.2293925348E+19    0.6858200923E-18    0.3450628946E-03    0.1128674741E-18
    0.7540000000E+00    0.1611829057E-21    0.1112969539E-22    0.6752119493E-07   -0.3067435840E+19   -0.9826670899E-18   -0.4944182218E-03   -0.1732866129E-18
    0.7540000000E+00    0.1727105951E-21    0.1192568347E-22    0.6909396560E-07   -0.1058483488E+21   -0.3633415055E-16   -0.1828113131E-01   -0.6865522785E-17
    0.7540000000E+00    0.1850627369E-21    0.1277860007E-22    0.7070337081E-07   -0.1533493072E+22   -0.5640436862E-15   -0.2837924249E+00   -0.1142013778E-15
    0.7540000000E+00    0.1982982953E-21    0.1369251667E-22    0.7235026388E-07   -0.1912817988E+23   -0.7538840781E-14   -0.3793085462E+01   -0.1635547542E-14
    0.7540000000E+00    0.2124804516E-21    0.1467179595E-22    0.7403551802E-07   -0.2174785774E+24   -0.9184328467E-13   -0.4620994633E+02   -0.2135039965E-13
    0.7540000000E+00    0.2276769058E-21    0.1572111260E-22    0.7576002677E-07   -0.2276699439E+25   -0.1030235769E-11   -0.5183518837E+03   -0.2566227921E-12
    0.7540000000E+00    0.2439602000E-21    0.1684547565E-22    0.7752470448E-07   -0.9749998845E+25   -0.4727543005E-11   -0.2378611668E+04   -0.1261810362E-11
    0.7540000000E+00    0.2614080640E-21    0.1805025236E-22    0.7933048683E-07   -0.9101024001E+25   -0.4728475940E-11   -0.2379081064E+04   -0.1352320978E-11
    0.7540000000E+00    0.2801037871E-21    0.1934119387E-22    0.8117833125E-07    0.2437436808E+26    0.1356951386E-10    0.6827352807E+04    0.4158367717E-11
    0.7540000000E+00    0.3001366153E-21    0.2072446262E-22    0.8306921749E-07    0.3359525710E+27    0.2004051570E-09    0.1008316676E+06    0.6580630325E-10
    0.7540000000E+00    0.3216021775E-21    0.2220666179E-22    0.8500414813E-07    0.2639271406E+28    0.1686999588E-08    0.8487954314E+06    0.5935722349E-09
    0.7540000000E+00    0.3446029418E-21    0.2379486681E-22    0.8698414910E-07    0.1791892747E+29    0.1227277961E-07    0.6174915120E+07    0.4627021707E-08
    0.7540000000E+00    0.3692487048E-21    0.2549665916E-22    0.8901027021E-07    0.1113329650E+30    0.8170614099E-07    0.4110955312E+08    0.3300755082E-07
    0.7540000000E+00    0.3956571157E-21    0.2732016250E-22    0.9108358575E-07    0.6416523959E+30    0.5045808269E-06    0.2538743362E+09    0.2184184625E-06
    0.7540000000E+00    0.4239542377E-21    0.2927408154E-22    0.9320519501E-07    0.3445615355E+31    0.2903338800E-05    0.1460783231E+10    0.1346654912E-05
    0.7540000000E+00    0.4542751502E-21    0.3136774352E-22    0.9537622289E-07    0.1727852927E+32    0.1560047051E-04    0.7849206478E+10    0.7753473348E-05
    0.7540000000E+00    0.4867645933E-21    0.3361114274E-22    0.9759782052E-07    0.8105454895E+32    0.7841665582E-04    0.3945448456E+11    0.4176061817E-04
    0.7540000000E+00    0.5215776589E-21    0.3601498832E-22    0.9987116580E-07    0.3562447352E+33    0.3693000605E-03    0.1858092950E+12    0.2107356350E-03
    0.7540000000E+00    0.5588805307E-21    0.3859075526E-22    0.1021974641E-06    0.1468716694E+34    0.1631431920E-02    0.8208371655E+12    0.9975336546E-03
    0.7540000000E+00    0.5988512779E-21    0.4135073927E-22    0.1045779488E-06    0.5682887364E+34    0.6763943515E-02    0.3403204360E+13    0.4431579796E-02
    0.7540000000E+00    0.6416807053E-21    0.4430811541E-22    0.1070138822E-06    0.1917520297E+35    0.2445518167E-01    0.1230435776E+14    0.1716838703E-01
    0.7540000000E+00    0.6875732635E-21    0.4747700104E-22    0.1095065557E-06    0.4172458881E+35    0.5701944547E-01    0.2868871169E+14    0.4289252280E-01
    0.7540000000E+00    0.7367480256E-21    0.5087252317E-22    0.1120572911E-06    0.6507038794E+35    0.9528275808E-01    0.4794047984E+14    0.7680206928E-01
    0.7540000000E+00    0.7894397325E-21    0.5451089068E-22    0.1146674407E-06    0.7993083765E+35    0.1254137888E+00    0.6310057909E+14    0.1083188124E+00
    0.7540000000E+00    0.8458999137E-21    0.5840947171E-22    0.1173383885E-06    0.8200108113E+35    0.1378638817E+00    0.6936470746E+14    0.1275877867E+00
    0.7540000000E+00    0.9063980879E-21    0.6258687655E-22    0.1200715507E-06    0.8054955488E+35    0.1451089063E+00    0.7300996252E+14    0.1438973083E+00
    0.7540000000E+00    0.9712230494E-21    0.6706304648E-22    0.1228683764E-06    0.7218654817E+35    0.1393436554E+00    0.7010923944E+14    0.1480627463E+00
    0.7540000000E+00    0.1040684247E-20    0.7185934897E-22    0.1257303485E-06    0.5338204882E+35    0.1104145132E+00    0.5555385728E+14    0.1257143237E+00
    0.7540000000E+00    0.1115113261E-20    0.7699867968E-22    0.1286589846E-06    0.3350887883E+35    0.7426613469E-01    0.3736619515E+14    0.9060442789E-01
    0.7540000000E+00    0.1194865387E-20    0.8250557175E-22    0.1316558373E-06    0.1828529626E+35    0.4342430988E-01    0.2184846760E+14    0.5676642269E-01
    0.7540000000E+00    0.1280321329E-20    0.8840631292E-22    0.1347224957E-06    0.8806050914E+34    0.2240846541E-01    0.1127457481E+14    0.3138851123E-01
    0.7540000000E+00    0.1371889021E-20    0.9472907100E-22    0.1378605858E-06    0.3760511043E+34    0.1025363355E-01    0.5159003815E+13    0.1538992112E-01
    0.7540000000E+00    0.1470005571E-20    0.1015040283E-21    0.1410717713E-06    0.1407405884E+34    0.4111973302E-02    0.2068894490E+13    0.6613157831E-02
    0.7540000000E+00    0.1575139348E-20    0.1087635259E-21    0.1443577550E-06    0.4450967281E+33    0.1393430543E-02    0.7010893702E+12    0.2401286212E-02
    0.7540000000E+00    0.1687792220E-20    0.1165422177E-21    0.1477202791E-06    0.1053906374E+33    0.3535354391E-03    0.1778774978E+12    0.6528171519E-03
    0.7540000000E+00    0.1808501947E-20    0.1248772362E-21    0.1511611264E-06    0.5727309856E+31    0.2058645672E-04    0.1035785103E+11    0.4073241924E-04
    0.7540000000E+00    0.1937844750E-20    0.1338083694E-21    0.1546821213E-06    0.7319989600E+30    0.2819300627E-05    0.1418500341E+10    0.5977230301E-05
    0.7540000000E+00    0.2076438060E-20    0.1433782510E-21    0.1582851308E-06    0.1430650350E+30    0.5904245799E-06    0.2970656837E+09    0.1341291062E-05
    0.7540000000E+00    0.2224943467E-20    0.1536325639E-21    0.1619720651E-06    0.3454641002E+29    0.1527685115E-06    0.7686380930E+08    0.3718711173E-06
    0.7540000000E+00    0.2384069878E-20    0.1646202581E-21    0.1657448792E-06    0.6948913679E+28    0.3292667224E-07    0.1656669579E+08    0.8588284886E-07
    0.7540000000E+00    0.2554576900E-20    0.1763937846E-21    0.1696055734E-06    0.1263385839E+28    0.6414560841E-08    0.3227416281E+07    0.1792773938E-07
    0.7540000000E+00    0.2737278465E-20    0.1890093455E-21    0.1735561947E-06    0.2761764049E+27    0.1502510431E-08    0.7559717256E+06    0.4499622682E-08
    0.7540000000E+00    0.2933046719E-20    0.2025271626E-21    0.1775988378E-06    0.6786730775E+26    0.3956321218E-09    0.1990579843E+06    0.1269550985E-08
    0.7540000000E+00    0.3142816182E-20    0.2170117645E-21    0.1817356462E-06    0.1457751892E+26    0.9105725156E-10    0.4581446235E+05    0.3130928422E-09
    0.7540000000E+00    0.3367588212E-20    0.2325322952E-21    0.1859688132E-06    0.3278275163E+25    0.2194200589E-10    0.1103988080E+05    0.8084160529E-10
    0.7540000000E+00    0.3608435782E-20    0.2491628434E-21    0.1903005833E-06    0.3236233199E+24    0.2320976444E-11    0.1167773967E+04    0.9162823779E-11
    0.7540000000E+00    0.3866508602E-20    0.2669827968E-21    0.1947332533E-06    0.1353990767E+24    0.1040510882E-11    0.5235216946E+03    0.4401545830E-11
