    0.7610000000E+00    0.4143038610E-23    0.2860772210E-24    0.1992691735E-07    0.0000000000E+00    0.0000000000E+00    0.0000000000E+00    0.0000000000E+00
    0.7610000000E+00    0.4439345853E-23    0.3065372650E-24    0.2039107488E-07    0.0000000000E+00    0.0000000000E+00    0.0000000000E+00    0.0000000000E+00
    0.7610000000E+00    0.4756844785E-23    0.3284605973E-24    0.2086604403E-07    0.0000000000E+00    0.0000000000E+00    0.0000000000E+00    0.0000000000E+00
    0.7610000000E+00    0.5097051019E-23    0.3519518710E-24    0.2135207663E-07    0.0000000000E+00    0.0000000000E+00    0.0000000000E+00    0.0000000000E+00
    0.7610000000E+00    0.5461588566E-23    0.3771232243E-24    0.2184943039E-07    0.1397617401E-15    0.1517117518E-53    0.7633211220E-39    0.8845112053E-56
    0.7610000000E+00    0.5852197586E-23    0.4040948153E-24    0.2235836900E-07    0.1577039726E-15    0.1834313479E-53    0.9229148079E-39    0.1145928902E-55
    0.7610000000E+00    0.6270742692E-23    0.4329953957E-24    0.2287916232E-07    0.0000000000E+00    0.0000000000E+00    0.0000000000E+00    0.0000000000E+00
    0.7610000000E+00    0.6719221852E-23    0.4639629256E-24    0.2341208647E-07   -0.5214754164E-15   -0.6964096228E-53   -0.3503909013E-38   -0.4995153969E-55
    0.7610000000E+00    0.7199775931E-23    0.4971452317E-24    0.2395742402E-07   -0.4330783829E-15   -0.6197227371E-53   -0.3118067317E-38   -0.4763010580E-55
    0.7610000000E+00    0.7714698903E-23    0.5327007132E-24    0.2451546411E-07    0.3209962082E-14    0.4921877792E-52    0.2476389095E-37    0.4053357803E-54
    0.7610000000E+00    0.8266448809E-23    0.5707990981E-24    0.2508650263E-07    0.3849192583E-14    0.6324126729E-52    0.3181915344E-37    0.5580648640E-54
    0.7610000000E+00    0.8857659485E-23    0.6116222531E-24    0.2567084234E-07   -0.9430190017E-14   -0.1660165436E-51   -0.8352941204E-37   -0.1569768043E-53
    0.7610000000E+00    0.9491153137E-23    0.6553650517E-24    0.2626879307E-07   -0.1302696529E-13   -0.2457390527E-51   -0.1236409224E-36   -0.2489764645E-53
    0.7610000000E+00    0.1016995382E-22    0.7022363048E-24    0.2688067187E-07    0.1752610683E-13    0.3542553180E-51    0.1782396970E-36    0.3845922198E-53
    0.7610000000E+00    0.1089730185E-22    0.7524597575E-24    0.2750680315E-07    0.2720638015E-13    0.5892528423E-51    0.2964761367E-36    0.6854658167E-53
    0.7610000000E+00    0.1167666930E-22    0.8062751566E-24    0.2814751890E-07   -0.4070707044E-13   -0.9447149164E-51   -0.4753229999E-36   -0.1177564999E-52
    0.7610000000E+00    0.1251177658E-22    0.8639393956E-24    0.2880315884E-07   -0.4051165063E-13   -0.1007420682E-50   -0.5068727215E-36   -0.1345534936E-52
    0.7610000000E+00    0.1340661015E-22    0.9257277409E-24    0.2947407060E-07    0.8173502909E-13    0.2177906071E-50    0.1095789670E-35    0.3116902816E-52
    0.7610000000E+00    0.1436544159E-22    0.9919351458E-24    0.3016060990E-07    0.1951243101E-13    0.5571117322E-51    0.2803046879E-36    0.8543315014E-53
    0.7610000000E+00    0.1539284799E-22    0.1062877658E-23    0.3086314075E-07   -0.1355523083E-12   -0.4147036343E-50   -0.2086536077E-35   -0.6814311105E-52
    0.7610000000E+00    0.1649373379E-22    0.1138893930E-23    0.3158203565E-07    0.1290250897E-12    0.4229656450E-50    0.2128105482E-35    0.7447134705E-52
    0.7610000000E+00    0.1767335417E-22    0.1220346833E-23    0.3231767576E-07    0.2664100392E-12    0.9357967022E-50    0.4708358977E-35    0.1765491481E-51
    0.7610000000E+00    0.1893734018E-22    0.1307625190E-23    0.3307045113E-07   -0.6716358542E-12   -0.2527928558E-49   -0.1271899665E-34   -0.5110329604E-51
    0.7610000000E+00    0.2029172559E-22    0.1401145635E-23    0.3384076090E-07   -0.2269069744E-11   -0.9151215209E-49   -0.4604334059E-34   -0.1982270348E-50
    0.7610000000E+00    0.2174297571E-22    0.1501354598E-23    0.3462901348E-07   -0.1748956083E-11   -0.7558051178E-49   -0.3802750964E-34   -0.1754259933E-50
    0.7610000000E+00    0.2329801823E-22    0.1608730435E-23    0.3543562682E-07    0.4253340571E-11    0.1969523117E-48    0.9909440614E-34    0.4898297949E-50
    0.7610000000E+00    0.2496427630E-22    0.1723785718E-23    0.3626102861E-07    0.4442597043E-10    0.2204285517E-47    0.1109062201E-32    0.5874243743E-49
    0.7610000000E+00    0.2674970400E-22    0.1847069675E-23    0.3710565646E-07    0.3544248850E-09    0.1884322053E-46    0.9480760762E-32    0.5380705800E-48
    0.7610000000E+00    0.2866282424E-22    0.1979170815E-23    0.3796995823E-07    0.1561455865E-08    0.8895300773E-46    0.4475573504E-31    0.2721728201E-47
    0.7610000000E+00    0.3071276952E-22    0.2120719737E-23    0.3885439218E-07    0.1426659761E-08    0.8708660016E-46    0.4381667244E-31    0.2855192880E-47
    0.7610000000E+00    0.3290932546E-22    0.2272392139E-23    0.3975942724E-07   -0.1056853047E-07   -0.6912665268E-45   -0.3478032087E-30   -0.2428452669E-46
    0.7610000000E+00    0.3526297755E-22    0.2434912046E-23    0.4068554327E-07   -0.3710096975E-06   -0.2600256468E-43   -0.1308290663E-28   -0.9788142900E-45
    0.7610000000E+00    0.3778496121E-22    0.2609055264E-23    0.4163323131E-07   -0.2541699646E-05   -0.1908776820E-42   -0.9603802251E-28   -0.7699087726E-44
    0.7610000000E+00    0.4048731538E-22    0.2795653084E-23    0.4260299385E-07    0.8133596130E-05    0.6545058427E-42    0.3293074717E-27    0.2828770040E-43
    0.7610000000E+00    0.4338294005E-22    0.2995596250E-23    0.4359534505E-07    0.3708539363E-03    0.3197671285E-40    0.1608873408E-25    0.1480873402E-41
    0.7610000000E+00    0.4648565778E-22    0.3209839213E-23    0.4461081109E-07   -0.1497460985E-03   -0.1383523180E-40   -0.6961045886E-26   -0.6865474457E-42
    0.7610000000E+00    0.4981027973E-22    0.3439404683E-23    0.4564993037E-07   -0.9493286914E-01   -0.9398261625E-38   -0.4728632767E-23   -0.4997256556E-39
    0.7610000000E+00    0.5337267633E-22    0.3685388516E-23    0.4671325384E-07   -0.9761376675E+01   -0.1035480669E-35   -0.5209907978E-21   -0.5899648151E-37
    0.7610000000E+00    0.5718985306E-22    0.3948964943E-23    0.4780134531E-07   -0.4335845869E+02   -0.4928386501E-35   -0.2479663881E-20   -0.3008769204E-36
    0.7610000000E+00    0.6128003161E-22    0.4231392172E-23    0.4891478167E-07    0.3242291486E+03    0.3948962228E-34    0.1986877247E-19    0.2583253911E-35
    0.7610000000E+00    0.6566273690E-22    0.4534018400E-23    0.5005415331E-07    0.2792642409E+05    0.3644569638E-32    0.1833725437E-17    0.2554643886E-33
    0.7610000000E+00    0.7035889022E-22    0.4858288246E-23    0.5122006431E-07    0.1850713044E+06    0.2588034192E-31    0.1302141159E-16    0.1943811404E-32
    0.7610000000E+00    0.7539090917E-22    0.5205749646E-23    0.5241313287E-07   -0.4500145035E+06   -0.6743066377E-31   -0.3392700256E-16   -0.5426771689E-32
    0.7610000000E+00    0.8078281461E-22    0.5578061244E-23    0.5363399157E-07   -0.3683230607E+08   -0.5913707430E-29   -0.2975417353E-14   -0.5099692039E-30
    0.7610000000E+00    0.8656034539E-22    0.5977000309E-23    0.5488328773E-07   -0.1586307460E+10   -0.2729092717E-27   -0.1373113216E-12   -0.2521752188E-28
    0.7610000000E+00    0.9275108115E-22    0.6404471218E-23    0.5616168372E-07   -0.6055335504E+11   -0.1116269696E-25   -0.5616389147E-11   -0.1105231491E-26
    0.7610000000E+00    0.9938457404E-22    0.6862514550E-23    0.5746985739E-07   -0.1687590129E+13   -0.3333480357E-24   -0.1677204261E-09   -0.3536568026E-25
    0.7610000000E+00    0.1064924897E-21    0.7353316823E-23    0.5880850233E-07   -0.2754208866E+13   -0.5829452876E-24   -0.2933025594E-09   -0.6626922807E-25
    0.7610000000E+00    0.1141087586E-21    0.7879220933E-23    0.6017832832E-07    0.1967280995E+14    0.4461668718E-23    0.2244839922E-08    0.5434773340E-24
    0.7610000000E+00    0.1222697377E-21    0.8442737340E-23    0.6158006166E-07    0.6537581867E+15    0.1588722566E-21    0.7993484203E-07    0.2073634358E-22
    0.7610000000E+00    0.1310143844E-21    0.9046556049E-23    0.6301444556E-07    0.1507158335E+17    0.3924549431E-20    0.1974594215E-05    0.5488755932E-21
    0.7610000000E+00    0.1403844422E-21    0.9693559452E-23    0.6448224056E-07    0.3103585388E+18    0.8659536007E-19    0.4356951034E-04    0.1297713248E-19
    0.7610000000E+00    0.1504246400E-21    0.1038683609E-22    0.6598422489E-07    0.1653665047E+19    0.4944000099E-18    0.2487519692E-03    0.7938941223E-19
    0.7610000000E+00    0.1611829057E-21    0.1112969539E-22    0.6752119493E-07    0.6244770370E+18    0.2000540727E-18    0.1006550234E-03    0.3442163643E-19
    0.7610000000E+00    0.1727105951E-21    0.1192568347E-22    0.6909396560E-07   -0.2889743371E+20   -0.9919509555E-17   -0.4990892974E-02   -0.1828834121E-17
    0.7610000000E+00    0.1850627369E-21    0.1277860007E-22    0.7070337081E-07   -0.4712353522E+21   -0.1733280247E-15   -0.8720810400E-01   -0.3424150964E-16
    0.7610000000E+00    0.1982982953E-21    0.1369251667E-22    0.7235026388E-07   -0.6176380415E+22   -0.2434248780E-14   -0.1224765707E+01   -0.5152868707E-15
    0.7610000000E+00    0.2124804516E-21    0.1467179595E-22    0.7403551802E-07   -0.7314566530E+23   -0.3089011451E-13   -0.1554202399E+02   -0.7006540459E-14
    0.7610000000E+00    0.2276769058E-21    0.1572111260E-22    0.7576002677E-07   -0.7961112555E+24   -0.3602505794E-12   -0.1812561474E+03   -0.8755658289E-13
    0.7610000000E+00    0.2439602000E-21    0.1684547565E-22    0.7752470448E-07   -0.6010678570E+25   -0.2914435364E-11   -0.1466366346E+04   -0.7589943515E-12
    0.7610000000E+00    0.2614080640E-21    0.1805025236E-22    0.7933048683E-07   -0.8835427597E+25   -0.4590484193E-11   -0.2309652022E+04   -0.1280980776E-11
    0.7610000000E+00    0.2801037871E-21    0.1934119387E-22    0.8117833125E-07    0.1968400152E+25    0.1095832846E-11    0.5513563371E+03    0.3276637744E-12
    0.7610000000E+00    0.3001366153E-21    0.2072446262E-22    0.8306921749E-07    0.1238630643E+27    0.7388780141E-10    0.3717584089E+05    0.2367319415E-10
    0.7610000000E+00    0.3216021775E-21    0.2220666179E-22    0.8500414813E-07    0.1089005697E+28    0.6960830775E-09    0.3502266036E+06    0.2389709949E-09
    0.7610000000E+00    0.3446029418E-21    0.2379486681E-22    0.8698414910E-07    0.7777546351E+28    0.5326887586E-08    0.2680165353E+07    0.1959555858E-08
    0.7610000000E+00    0.3692487048E-21    0.2549665916E-22    0.8901027021E-07    0.5023939565E+29    0.3687018616E-07    0.1855083178E+08    0.1453313963E-07
    0.7610000000E+00    0.3956571157E-21    0.2732016250E-22    0.9108358575E-07    0.3000796888E+30    0.2359758313E-06    0.1187286642E+09    0.9966705840E-07
    0.7610000000E+00    0.4239542377E-21    0.2927408154E-22    0.9320519501E-07    0.1667940976E+31    0.1405437709E-05    0.7071306450E+09    0.6360565332E-06
    0.7610000000E+00    0.4542751502E-21    0.3136774352E-22    0.9537622289E-07    0.8650880060E+31    0.7810722612E-05    0.3929879839E+10    0.3787697877E-05
    0.7610000000E+00    0.4867645933E-21    0.3361114274E-22    0.9759782052E-07    0.4194443537E+32    0.4057936778E-04    0.2041706603E+11    0.2108576647E-04
    0.7610000000E+00    0.5215776589E-21    0.3601498832E-22    0.9987116580E-07    0.1904152167E+33    0.1973933762E-03    0.9931632296E+11    0.1099048078E-03
    0.7610000000E+00    0.5588805307E-21    0.3859075526E-22    0.1021974641E-06    0.8103754626E+33    0.9001548099E-03    0.4529030686E+12    0.5370334315E-03
    0.7610000000E+00    0.5988512779E-21    0.4135073927E-22    0.1045779488E-06    0.3235331681E+34    0.3850789104E-02    0.1937482512E+13    0.2461692770E-02
    0.7610000000E+00    0.6416807053E-21    0.4430811541E-22    0.1070138822E-06    0.1204621651E+35    0.1536319661E-01    0.7729824705E+13    0.1052363325E-01
    0.7610000000E+00    0.6875732635E-21    0.4747700104E-22    0.1095065557E-06    0.3165152562E+35    0.4325392989E-01    0.2176274276E+14    0.3174751140E-01
    0.7610000000E+00    0.7367480256E-21    0.5087252317E-22    0.1120572911E-06    0.5555632325E+35    0.8135128551E-01    0.4093101146E+14    0.6398063350E-01
    0.7610000000E+00    0.7894397325E-21    0.5451089068E-22    0.1146674407E-06    0.7445826604E+35    0.1168271661E+00    0.5878031363E+14    0.9845277418E-01
    0.7610000000E+00    0.8458999137E-21    0.5840947171E-22    0.1173383885E-06    0.8062212522E+35    0.1355455194E+00    0.6819824877E+14    0.1223965797E+00
    0.7610000000E+00    0.9063980879E-21    0.6258687655E-22    0.1200715507E-06    0.8001011560E+35    0.1441371139E+00    0.7252101578E+14    0.1394633001E+00
    0.7610000000E+00    0.9712230494E-21    0.6706304648E-22    0.1228683764E-06    0.7520618814E+35    0.1451725484E+00    0.7304198338E+14    0.1505111301E+00
    0.7610000000E+00    0.1040684247E-20    0.7185934897E-22    0.1257303485E-06    0.5957284846E+35    0.1232194569E+00    0.6199652495E+14    0.1368873784E+00
    0.7610000000E+00    0.1115113261E-20    0.7699867968E-22    0.1286589846E-06    0.3937346902E+35    0.8726389708E-01    0.4390587745E+14    0.1038768377E+00
    0.7610000000E+00    0.1194865387E-20    0.8250557175E-22    0.1316558373E-06    0.2238800421E+35    0.5316750784E-01    0.2675065132E+14    0.6781572666E-01
    0.7610000000E+00    0.1280321329E-20    0.8840631292E-22    0.1347224957E-06    0.1114075171E+35    0.2834950102E-01    0.1426374204E+14    0.3874623740E-01
    0.7610000000E+00    0.1371889021E-20    0.9472907100E-22    0.1378605858E-06    0.4891874005E+34    0.1333847523E-01    0.6711108242E+13    0.1953396038E-01
    0.7610000000E+00    0.1470005571E-20    0.1015040283E-21    0.1410717713E-06    0.1883748966E+34    0.5503689833E-02    0.2769121474E+13    0.8636505752E-02
    0.7610000000E+00    0.1575139348E-20    0.1087635259E-21    0.1443577550E-06    0.6176491281E+33    0.1933627245E-02    0.9728834451E+12    0.3251298716E-02
    0.7610000000E+00    0.1687792220E-20    0.1165422177E-21    0.1477202791E-06    0.1573376889E+33    0.5277930786E-03    0.2655533273E+12    0.9509283748E-03
    0.7610000000E+00    0.1808501947E-20    0.1248772362E-21    0.1511611264E-06    0.1180787580E+32    0.4244267034E-04    0.2135456638E+11    0.8193827490E-04
    0.7610000000E+00    0.1937844750E-20    0.1338083694E-21    0.1546821213E-06    0.9046953394E+30    0.3484442297E-05    0.1753159114E+10    0.7208043398E-05
    0.7610000000E+00    0.2076438060E-20    0.1433782510E-21    0.1582851308E-06    0.1735897109E+30    0.7163988891E-06    0.3604482825E+09    0.1587958029E-05
    0.7610000000E+00    0.2224943467E-20    0.1536325639E-21    0.1619720651E-06    0.4204228984E+29    0.1859162221E-06    0.9354171813E+08    0.4415718725E-06
    0.7610000000E+00    0.2384069878E-20    0.1646202581E-21    0.1657448792E-06    0.8578507478E+28    0.4064832536E-07    0.2045176128E+08    0.1034491136E-06
    0.7610000000E+00    0.2554576900E-20    0.1763937846E-21    0.1696055734E-06    0.1520126903E+28    0.7718106539E-08    0.3883281072E+07    0.2104722700E-07
    0.7610000000E+00    0.2737278465E-20    0.1890093455E-21    0.1735561947E-06    0.3284412899E+27    0.1786852372E-08    0.8990352699E+06    0.5221229569E-08
    0.7610000000E+00    0.2933046719E-20    0.2025271626E-21    0.1775988378E-06    0.8070801194E+26    0.4704869410E-09    0.2367203696E+06    0.1473098168E-08
    0.7610000000E+00    0.3142816182E-20    0.2170117645E-21    0.1817356462E-06    0.1746581351E+26    0.1090987420E-09    0.5489184135E+05    0.3660191925E-09
    0.7610000000E+00    0.3367588212E-20    0.2325322952E-21    0.1859688132E-06    0.3951733478E+25    0.2644956720E-10    0.1330781108E+05    0.9508295841E-10
    0.7610000000E+00    0.3608435782E-20    0.2491628434E-21    0.1903005833E-06    0.3880212763E+24    0.2782828636E-11    0.1400149857E+04    0.1071940253E-10
    0.7610000000E+00    0.3866508602E-20    0.2669827968E-21    0.1947332533E-06    0.1563787051E+24    0.1201734520E-11    0.6046396085E+03    0.4960125356E-11
