    0.7570000000E+00    0.4143038610E-23    0.2860772210E-24    0.1992691735E-07    0.0000000000E+00    0.0000000000E+00    0.0000000000E+00    0.0000000000E+00
    0.7570000000E+00    0.4439345853E-23    0.3065372650E-24    0.2039107488E-07    0.0000000000E+00    0.0000000000E+00    0.0000000000E+00    0.0000000000E+00
    0.7570000000E+00    0.4756844785E-23    0.3284605973E-24    0.2086604403E-07    0.0000000000E+00    0.0000000000E+00    0.0000000000E+00    0.0000000000E+00
    0.7570000000E+00    0.5097051019E-23    0.3519518710E-24    0.2135207663E-07    0.2334845319E-15    0.2365315285E-53    0.1190082571E-38    0.1304943060E-55
    0.7570000000E+00    0.5461588566E-23    0.3771232243E-24    0.2184943039E-07    0.2554243363E-15    0.2772638168E-53    0.1395022635E-38    0.1639063281E-55
    0.7570000000E+00    0.5852197586E-23    0.4040948153E-24    0.2235836900E-07   -0.1612773576E-15   -0.1875876847E-53   -0.9438269628E-39   -0.1188247330E-55
    0.7570000000E+00    0.6270742692E-23    0.4329953957E-24    0.2287916232E-07   -0.8835189678E-15   -0.1101150807E-52   -0.5540320110E-38   -0.7473935151E-55
    0.7570000000E+00    0.6719221852E-23    0.4639629256E-24    0.2341208647E-07   -0.1259166172E-14   -0.1681566208E-52   -0.8460616856E-38   -0.1222971947E-54
    0.7570000000E+00    0.7199775931E-23    0.4971452317E-24    0.2395742402E-07    0.3031203301E-14    0.4337564933E-52    0.2182398457E-37    0.3380247599E-54
    0.7570000000E+00    0.7714698903E-23    0.5327007132E-24    0.2451546411E-07    0.8119518226E-14    0.1244976589E-51    0.6263963836E-37    0.1039593867E-53
    0.7570000000E+00    0.8266448809E-23    0.5707990981E-24    0.2508650263E-07   -0.4890364976E-14   -0.8034746819E-52   -0.4042595173E-37   -0.7189103236E-54
    0.7570000000E+00    0.8857659485E-23    0.6116222531E-24    0.2567084234E-07   -0.2647450907E-13   -0.4660782531E-51   -0.2345021864E-36   -0.4468495895E-53
    0.7570000000E+00    0.9491153137E-23    0.6553650517E-24    0.2626879307E-07    0.2684199538E-14    0.5063440618E-52    0.2547614886E-37    0.5201735257E-54
    0.7570000000E+00    0.1016995382E-22    0.7022363048E-24    0.2688067187E-07    0.6081405947E-13    0.1229235003E-50    0.6184761762E-36    0.1353123517E-52
    0.7570000000E+00    0.1089730185E-22    0.7524597575E-24    0.2750680315E-07   -0.1332543832E-13   -0.2886106994E-51   -0.1452113236E-36   -0.3404199088E-53
    0.7570000000E+00    0.1167666930E-22    0.8062751566E-24    0.2814751890E-07   -0.1145755315E-12   -0.2659027350E-50   -0.1337860591E-35   -0.3360665814E-52
    0.7570000000E+00    0.1251177658E-22    0.8639393956E-24    0.2880315884E-07    0.6574088770E-13    0.1634806998E-50    0.8225352991E-36    0.2213956134E-52
    0.7570000000E+00    0.1340661015E-22    0.9257277409E-24    0.2947407060E-07    0.1695381248E-12    0.4517501434E-50    0.2272931544E-35    0.6555424545E-52
    0.7570000000E+00    0.1436544159E-22    0.9919351458E-24    0.3016060990E-07   -0.2061577288E-12   -0.5886139425E-50   -0.2961546812E-35   -0.9152359461E-52
    0.7570000000E+00    0.1539284799E-22    0.1062877658E-23    0.3086314075E-07   -0.1703418116E-12   -0.5211373323E-50   -0.2622045612E-35   -0.8682698272E-52
    0.7570000000E+00    0.1649373379E-22    0.1138893930E-23    0.3158203565E-07    0.5531352665E-12    0.1813269150E-49    0.9123265834E-35    0.3237164705E-51
    0.7570000000E+00    0.1767335417E-22    0.1220346833E-23    0.3231767576E-07    0.1116071587E-12    0.3920333157E-50    0.1972472843E-35    0.7499382406E-52
    0.7570000000E+00    0.1893734018E-22    0.1307625190E-23    0.3307045113E-07   -0.2508654568E-11   -0.9442169421E-49   -0.4750724495E-34   -0.1935415935E-50
    0.7570000000E+00    0.2029172559E-22    0.1401145635E-23    0.3384076090E-07   -0.2675953253E-11   -0.1079218661E-48   -0.5429970911E-34   -0.2370347230E-50
    0.7570000000E+00    0.2174297571E-22    0.1501354598E-23    0.3462901348E-07    0.8004579683E-12    0.3459150488E-49    0.1740433816E-34    0.8140891750E-51
    0.7570000000E+00    0.2329801823E-22    0.1608730435E-23    0.3543562682E-07    0.2100632798E-10    0.9727048156E-48    0.4894058122E-33    0.2452921161E-49
    0.7570000000E+00    0.2496427630E-22    0.1723785718E-23    0.3626102861E-07    0.1483812489E-09    0.7362239580E-47    0.3704230496E-32    0.1989355825E-48
    0.7570000000E+00    0.2674970400E-22    0.1847069675E-23    0.3710565646E-07    0.1053412174E-08    0.5600531666E-46    0.2817846385E-31    0.1621555363E-47
    0.7570000000E+00    0.2866282424E-22    0.1979170815E-23    0.3796995823E-07    0.2112856948E-08    0.1203652210E-45    0.6056044734E-31    0.3734251306E-47
    0.7570000000E+00    0.3071276952E-22    0.2120719737E-23    0.3885439218E-07    0.4532569930E-09    0.2766785157E-46    0.1392077756E-31    0.9197672909E-48
    0.7570000000E+00    0.3290932546E-22    0.2272392139E-23    0.3975942724E-07   -0.4318411140E-07   -0.2824586710E-44   -0.1421159977E-29   -0.1006137730E-45
    0.7570000000E+00    0.3526297755E-22    0.2434912046E-23    0.4068554327E-07   -0.1283453727E-05   -0.8995206530E-43   -0.4525839995E-28   -0.3433315096E-44
    0.7570000000E+00    0.3778496121E-22    0.2609055264E-23    0.4163323131E-07   -0.3667548462E-05   -0.2754271734E-42   -0.1385781763E-27   -0.1126443229E-43
    0.7570000000E+00    0.4048731538E-22    0.2795653084E-23    0.4260299385E-07    0.3586088036E-04    0.2885704594E-41    0.1451910773E-26    0.1264603544E-42
    0.7570000000E+00    0.4338294005E-22    0.2995596250E-23    0.4359534505E-07    0.6524440243E-03    0.5625669076E-40    0.2830493999E-25    0.2641658694E-41
    0.7570000000E+00    0.4648565778E-22    0.3209839213E-23    0.4461081109E-07   -0.1560579655E-02   -0.1441839320E-39   -0.7254457180E-25   -0.7254698841E-41
    0.7570000000E+00    0.4981027973E-22    0.3439404683E-23    0.4564993037E-07   -0.3024788227E+00   -0.2994510898E-37   -0.1506655477E-22   -0.1614464210E-38
    0.7570000000E+00    0.5337267633E-22    0.3685388516E-23    0.4671325384E-07   -0.2686651474E+02   -0.2849982905E-35   -0.1433937795E-20   -0.1646435717E-36
    0.7570000000E+00    0.5718985306E-22    0.3948964943E-23    0.4780134531E-07   -0.5463090644E+02   -0.6209681570E-35   -0.3124333511E-20   -0.3843897993E-36
    0.7570000000E+00    0.6128003161E-22    0.4231392172E-23    0.4891478167E-07    0.1052629000E+04    0.1282053813E-33    0.6450513842E-19    0.8503716607E-35
    0.7570000000E+00    0.6566273690E-22    0.4534018400E-23    0.5005415331E-07    0.7874039978E+05    0.1027610515E-31    0.5170310154E-17    0.7303500497E-33
    0.7570000000E+00    0.7035889022E-22    0.4858288246E-23    0.5122006431E-07    0.2500471706E+06    0.3496655677E-31    0.1759304142E-16    0.2662903278E-32
    0.7570000000E+00    0.7539090917E-22    0.5205749646E-23    0.5241313287E-07   -0.1599129620E+07   -0.2396153256E-30   -0.1205598360E-15   -0.1955316727E-31
    0.7570000000E+00    0.8078281461E-22    0.5578061244E-23    0.5363399157E-07   -0.9646875127E+08   -0.1548879318E-28   -0.7793017250E-14   -0.1354316297E-29
    0.7570000000E+00    0.8656034539E-22    0.5977000309E-23    0.5488328773E-07   -0.4016638008E+10   -0.6910247737E-27   -0.3476815732E-12   -0.6474349519E-28
    0.7570000000E+00    0.9275108115E-22    0.6404471218E-23    0.5616168372E-07   -0.1493790175E+12   -0.2753724716E-25   -0.1385506537E-10   -0.2764541071E-26
    0.7570000000E+00    0.9938457404E-22    0.6862514550E-23    0.5746985739E-07   -0.2838317721E+13   -0.5606501370E-24   -0.2820849977E-09   -0.6031071211E-25
    0.7570000000E+00    0.1064924897E-21    0.7353316823E-23    0.5880850233E-07   -0.2863410819E+13   -0.6060585543E-24   -0.3049317472E-09   -0.6985815465E-25
    0.7570000000E+00    0.1141087586E-21    0.7879220933E-23    0.6017832832E-07    0.5094875436E+14    0.1155485485E-22    0.5813699113E-08    0.1427141444E-23
    0.7570000000E+00    0.1222697377E-21    0.8442737340E-23    0.6158006166E-07    0.1470480393E+16    0.3573470177E-21    0.1797952520E-06    0.4729254500E-22
    0.7570000000E+00    0.1310143844E-21    0.9046556049E-23    0.6301444556E-07    0.3283972047E+17    0.8551265204E-20    0.4302475762E-05    0.1212642819E-20
    0.7570000000E+00    0.1403844422E-21    0.9693559452E-23    0.6448224056E-07    0.6581413145E+18    0.1836327247E-18    0.9239280132E-04    0.2790310941E-19
    0.7570000000E+00    0.1504246400E-21    0.1038683609E-22    0.6598422489E-07    0.2048523957E+19    0.6124518788E-18    0.3081484787E-03    0.9971821482E-19
    0.7570000000E+00    0.1611829057E-21    0.1112969539E-22    0.6752119493E-07   -0.7390824382E+18   -0.2367684368E-18   -0.1191274549E-03   -0.4130725452E-19
    0.7570000000E+00    0.1727105951E-21    0.1192568347E-22    0.6909396560E-07   -0.6067980797E+20   -0.2082932142E-16   -0.1048004575E-01   -0.3893835905E-17
    0.7570000000E+00    0.1850627369E-21    0.1277860007E-22    0.7070337081E-07   -0.9187345194E+21   -0.3379254947E-15   -0.1700235246E+00   -0.6768983914E-16
    0.7570000000E+00    0.1982982953E-21    0.1369251667E-22    0.7235026388E-07   -0.1170147949E+23   -0.4611813110E-14   -0.2320383434E+01   -0.9898610222E-15
    0.7570000000E+00    0.2124804516E-21    0.1467179595E-22    0.7403551802E-07   -0.1354135322E+24   -0.5718643066E-13   -0.2877272847E+02   -0.1315211248E-13
    0.7570000000E+00    0.2276769058E-21    0.1572111260E-22    0.7576002677E-07   -0.1441824788E+25   -0.6524442551E-12   -0.3282702064E+03   -0.1607851500E-12
    0.7570000000E+00    0.2439602000E-21    0.1684547565E-22    0.7752470448E-07   -0.8229941579E+25   -0.3990503318E-11   -0.2007778193E+04   -0.1053732075E-11
    0.7570000000E+00    0.2614080640E-21    0.1805025236E-22    0.7933048683E-07   -0.9068236819E+25   -0.4711441220E-11   -0.2370510231E+04   -0.1333080271E-11
    0.7570000000E+00    0.2801037871E-21    0.1934119387E-22    0.8117833125E-07    0.1150243349E+26    0.6403547781E-11    0.3221875180E+04    0.1941436446E-11
    0.7570000000E+00    0.3001366153E-21    0.2072446262E-22    0.8306921749E-07    0.2193177968E+27    0.1308292339E-09    0.6582530123E+05    0.4250179990E-10
    0.7570000000E+00    0.3216021775E-21    0.2220666179E-22    0.8500414813E-07    0.1798809330E+28    0.1149783456E-08    0.5785009974E+06    0.4002382391E-09
    0.7570000000E+00    0.3446029418E-21    0.2379486681E-22    0.8698414910E-07    0.1247334345E+29    0.8543066847E-08    0.4298350848E+07    0.3186517650E-08
    0.7570000000E+00    0.3692487048E-21    0.2549665916E-22    0.8901027021E-07    0.7880786243E+29    0.5783629601E-07    0.2909970113E+08    0.2311548423E-07
    0.7570000000E+00    0.3956571157E-21    0.2732016250E-22    0.9108358575E-07    0.4613056279E+30    0.3627602370E-06    0.1825188542E+09    0.1553539145E-06
    0.7570000000E+00    0.4239542377E-21    0.2927408154E-22    0.9320519501E-07    0.2514663043E+31    0.2118901279E-05    0.1066102053E+10    0.9723290178E-06
    0.7570000000E+00    0.4542751502E-21    0.3136774352E-22    0.9537622289E-07    0.1279676355E+32    0.1155396558E-04    0.5813251686E+10    0.5681115166E-05
    0.7570000000E+00    0.4867645933E-21    0.3361114274E-22    0.9759782052E-07    0.6090065437E+32    0.5891866298E-04    0.2964428226E+11    0.3104240829E-04
    0.7570000000E+00    0.5215776589E-21    0.3601498832E-22    0.9987116580E-07    0.2714677873E+33    0.2814162859E-03    0.1415915329E+12    0.1588736052E-03
    0.7570000000E+00    0.5588805307E-21    0.3859075526E-22    0.1021974641E-06    0.1134800080E+34    0.1260521570E-02    0.6342176710E+12    0.7625227501E-03
    0.7570000000E+00    0.5988512779E-21    0.4135073927E-22    0.1045779488E-06    0.4451222001E+34    0.5297978345E-02    0.2665619984E+13    0.3434098143E-02
    0.7570000000E+00    0.6416807053E-21    0.4430811541E-22    0.1070138822E-06    0.1582166006E+35    0.2017822559E-01    0.1015245399E+14    0.1401475458E-01
    0.7570000000E+00    0.6875732635E-21    0.4747700104E-22    0.1095065557E-06    0.3724624499E+35    0.5089948866E-01    0.2560952222E+14    0.3788052097E-01
    0.7570000000E+00    0.7367480256E-21    0.5087252317E-22    0.1120572911E-06    0.6101949887E+35    0.8935102945E-01    0.4495599532E+14    0.7125282444E-01
    0.7570000000E+00    0.7894397325E-21    0.5451089068E-22    0.1146674407E-06    0.7782008061E+35    0.1221019501E+00    0.6143426362E+14    0.1043338237E+00
    0.7570000000E+00    0.8458999137E-21    0.5840947171E-22    0.1173383885E-06    0.8142622115E+35    0.1368974014E+00    0.6887843344E+14    0.1253423198E+00
    0.7570000000E+00    0.9063980879E-21    0.6258687655E-22    0.1200715507E-06    0.8038536016E+35    0.1448131118E+00    0.7286113674E+14    0.1420726266E+00
    0.7570000000E+00    0.9712230494E-21    0.6706304648E-22    0.1228683764E-06    0.7376466588E+35    0.1423899389E+00    0.7164194374E+14    0.1496862221E+00
    0.7570000000E+00    0.1040684247E-20    0.7185934897E-22    0.1257303485E-06    0.5610523373E+35    0.1160471021E+00    0.5838783292E+14    0.1307184302E+00
    0.7570000000E+00    0.1115113261E-20    0.7699867968E-22    0.1286589846E-06    0.3601591391E+35    0.7982250698E-01    0.4016182323E+14    0.9634471299E-01
    0.7570000000E+00    0.1194865387E-20    0.8250557175E-22    0.1316558373E-06    0.1999912743E+35    0.4749435253E-01    0.2389626514E+14    0.6142490526E-01
    0.7570000000E+00    0.1280321329E-20    0.8840631292E-22    0.1347224957E-06    0.9765409298E+34    0.2484971284E-01    0.1250286182E+14    0.3443688802E-01
    0.7570000000E+00    0.1371889021E-20    0.9472907100E-22    0.1378605858E-06    0.4220125584E+34    0.1150684595E-01    0.5789543958E+13    0.1708672472E-01
    0.7570000000E+00    0.1470005571E-20    0.1015040283E-21    0.1410717713E-06    0.1599208173E+34    0.4672355991E-02    0.2350844924E+13    0.7434272030E-02
    0.7570000000E+00    0.1575139348E-20    0.1087635259E-21    0.1443577550E-06    0.5139171503E+33    0.1608881415E-02    0.8094911251E+12    0.2743004744E-02
    0.7570000000E+00    0.1687792220E-20    0.1165422177E-21    0.1477202791E-06    0.1258159621E+33    0.4220526843E-03    0.2123512020E+12    0.7710262971E-03
    0.7570000000E+00    0.1808501947E-20    0.1248772362E-21    0.1511611264E-06    0.7834392651E+31    0.2816023392E-04    0.1416851436E+11    0.5512375348E-04
    0.7570000000E+00    0.1937844750E-20    0.1338083694E-21    0.1546821213E-06    0.8026329239E+30    0.3091347979E-05    0.1555377998E+10    0.6484110662E-05
    0.7570000000E+00    0.2076438060E-20    0.1433782510E-21    0.1582851308E-06    0.1556391566E+30    0.6423175565E-06    0.3231750685E+09    0.1443618093E-05
    0.7570000000E+00    0.2224943467E-20    0.1536325639E-21    0.1619720651E-06    0.3763426234E+29    0.1664233776E-06    0.8373410615E+08    0.4007899803E-06
    0.7570000000E+00    0.2384069878E-20    0.1646202581E-21    0.1657448792E-06    0.7615465885E+28    0.3608505743E-07    0.1815580283E+08    0.9311720349E-07
    0.7570000000E+00    0.2554576900E-20    0.1763937846E-21    0.1696055734E-06    0.1369270365E+28    0.6952165992E-08    0.3497906445E+07    0.1922306598E-07
    0.7570000000E+00    0.2737278465E-20    0.1890093455E-21    0.1735561947E-06    0.2978273193E+27    0.1620300091E-08    0.8152363074E+06    0.4800627186E-08
    0.7570000000E+00    0.2933046719E-20    0.2025271626E-21    0.1775988378E-06    0.7318779380E+26    0.4266478680E-09    0.2146632185E+06    0.1354478462E-08
    0.7570000000E+00    0.3142816182E-20    0.2170117645E-21    0.1817356462E-06    0.1577436577E+26    0.9853325520E-10    0.4957593199E+05    0.3351856015E-09
    0.7570000000E+00    0.3367588212E-20    0.2325322952E-21    0.1859688132E-06    0.3556573180E+25    0.2380469783E-10    0.1197707392E+05    0.8676912078E-10
    0.7570000000E+00    0.3608435782E-20    0.2491628434E-21    0.1903005833E-06    0.3496316115E+24    0.2507503892E-11    0.1261623217E+04    0.9793640084E-11
    0.7570000000E+00    0.3866508602E-20    0.2669827968E-21    0.1947332533E-06    0.1439930941E+24    0.1106553937E-11    0.5567505368E+03    0.4631003524E-11
