    0.7300000000E+00    0.4143038610E-23    0.2860772210E-24    0.1992691735E-07   -0.5574924462E-13   -0.4590604850E-51   -0.2309712730E-36   -0.2295554912E-53
    0.7300000000E+00    0.4439345853E-23    0.3065372650E-24    0.2039107488E-07    0.2753582257E-13    0.2429567551E-51    0.1222410398E-36    0.1301807453E-53
    0.7300000000E+00    0.4756844785E-23    0.3284605973E-24    0.2086604403E-07    0.1683556934E-12    0.1591690894E-50    0.8008419020E-36    0.9138533465E-53
    0.7300000000E+00    0.5097051019E-23    0.3519518710E-24    0.2135207663E-07    0.1676233827E-12    0.1698108847E-50    0.8543849338E-36    0.1044680046E-52
    0.7300000000E+00    0.5461588566E-23    0.3771232243E-24    0.2184943039E-07   -0.1382312263E-12   -0.1500503749E-50   -0.7549620853E-36   -0.9891333838E-53
    0.7300000000E+00    0.5852197586E-23    0.4040948153E-24    0.2235836900E-07   -0.8889486908E-12   -0.1033969239E-49   -0.5202303382E-35   -0.7303405151E-52
    0.7300000000E+00    0.6270742692E-23    0.4329953957E-24    0.2287916232E-07   -0.7281297488E-12   -0.9074855095E-50   -0.4565914301E-35   -0.6868429961E-52
    0.7300000000E+00    0.6719221852E-23    0.4639629256E-24    0.2341208647E-07    0.1987510978E-11    0.2654241652E-49    0.1335452720E-34    0.2152574717E-51
    0.7300000000E+00    0.7199775931E-23    0.4971452317E-24    0.2395742402E-07    0.3660365985E-11    0.5237878677E-49    0.2635381492E-34    0.4551695593E-51
    0.7300000000E+00    0.7714698903E-23    0.5327007132E-24    0.2451546411E-07   -0.1826911512E-11   -0.2801227856E-49   -0.1409407224E-34   -0.2608352070E-51
    0.7300000000E+00    0.8266448809E-23    0.5707990981E-24    0.2508650263E-07   -0.1191754164E-10   -0.1958022156E-48   -0.9851574788E-34   -0.1953598786E-50
    0.7300000000E+00    0.8857659485E-23    0.6116222531E-24    0.2567084234E-07   -0.8687404780E-12   -0.1529399632E-49   -0.7695007335E-35   -0.1635079059E-51
    0.7300000000E+00    0.9491153137E-23    0.6553650517E-24    0.2626879307E-07    0.3010846633E-10    0.5679623635E-48    0.2857640647E-33    0.6506348665E-50
    0.7300000000E+00    0.1016995382E-22    0.7022363048E-24    0.2688067187E-07    0.2821003796E-11    0.5702096914E-49    0.2868947831E-34    0.6999263914E-51
    0.7300000000E+00    0.1089730185E-22    0.7524597575E-24    0.2750680315E-07   -0.6180730636E-10   -0.1338661400E-47   -0.6735328737E-33   -0.1760712777E-49
    0.7300000000E+00    0.1167666930E-22    0.8062751566E-24    0.2814751890E-07    0.1217849977E-10    0.2826342025E-48    0.1422043144E-33    0.3983295183E-50
    0.7300000000E+00    0.1251177658E-22    0.8639393956E-24    0.2880315884E-07    0.9593897098E-10    0.2385755754E-47    0.1200366970E-32    0.3602829871E-49
    0.7300000000E+00    0.1340661015E-22    0.9257277409E-24    0.2947407060E-07   -0.4623762708E-10   -0.1232044692E-47   -0.6198898404E-33   -0.1993628515E-49
    0.7300000000E+00    0.1436544159E-22    0.9919351458E-24    0.3016060990E-07   -0.1312010053E-09   -0.3746002704E-47   -0.1884760378E-32   -0.6495100292E-49
    0.7300000000E+00    0.1539284799E-22    0.1062877658E-23    0.3086314075E-07    0.5907332963E-10    0.1807267231E-47    0.9093067835E-33    0.3357686535E-49
    0.7300000000E+00    0.1649373379E-22    0.1138893930E-23    0.3158203565E-07    0.2432500190E-09    0.7974139094E-47    0.4012101058E-32    0.1587455580E-48
    0.7300000000E+00    0.1767335417E-22    0.1220346833E-23    0.3231767576E-07   -0.2409880296E-10   -0.8464988934E-48   -0.4259066798E-33   -0.1805694061E-49
    0.7300000000E+00    0.1893734018E-22    0.1307625190E-23    0.3307045113E-07   -0.1218323092E-09   -0.4585570764E-47   -0.2307179885E-32   -0.1048120402E-48
    0.7300000000E+00    0.2029172559E-22    0.1401145635E-23    0.3384076090E-07    0.4338287251E-08    0.1749642133E-45    0.8803133443E-31    0.4285159616E-47
    0.7300000000E+00    0.2174297571E-22    0.1501354598E-23    0.3462901348E-07    0.8939264265E-08    0.3863071088E-45    0.1943662058E-30    0.1013795770E-46
    0.7300000000E+00    0.2329801823E-22    0.1608730435E-23    0.3543562682E-07    0.1622968010E-08    0.7515205894E-46    0.3781193827E-31    0.2113287861E-47
    0.7300000000E+00    0.2496427630E-22    0.1723785718E-23    0.3626102861E-07   -0.2134721317E-07   -0.1059185705E-44   -0.5329177279E-30   -0.3191463528E-46
    0.7300000000E+00    0.2674970400E-22    0.1847069675E-23    0.3710565646E-07   -0.1319417049E-06   -0.7014763207E-44   -0.3529401551E-29   -0.2264804871E-45
    0.7300000000E+00    0.2866282424E-22    0.1979170815E-23    0.3796995823E-07   -0.2256695555E-05   -0.1285594179E-42   -0.6468326807E-28   -0.4447558532E-44
    0.7300000000E+00    0.3071276952E-22    0.2120719737E-23    0.3885439218E-07   -0.2677293310E-04   -0.1634281546E-41   -0.8222709238E-27   -0.6058214577E-43
    0.7300000000E+00    0.3290932546E-22    0.2272392139E-23    0.3975942724E-07   -0.3269461019E-04   -0.2138489330E-41   -0.1075957568E-26   -0.8494246553E-43
    0.7300000000E+00    0.3526297755E-22    0.2434912046E-23    0.4068554327E-07    0.1404009541E-03    0.9840133329E-41    0.4950955693E-26    0.4188116539E-42
    0.7300000000E+00    0.3778496121E-22    0.2609055264E-23    0.4163323131E-07    0.6179332214E-02    0.4640582184E-39    0.2334858280E-24    0.2116363405E-40
    0.7300000000E+00    0.4048731538E-22    0.2795653084E-23    0.4260299385E-07    0.1485972984E-01    0.1195753987E-38    0.6016305686E-24    0.5843319223E-40
    0.7300000000E+00    0.4338294005E-22    0.2995596250E-23    0.4359534505E-07   -0.2189878394E+00   -0.1888212736E-37   -0.9500336309E-23   -0.9887094785E-39
    0.7300000000E+00    0.4648565778E-22    0.3209839213E-23    0.4461081109E-07   -0.2405583550E+02   -0.2222549126E-35   -0.1118251337E-20   -0.1247007726E-36
    0.7300000000E+00    0.4981027973E-22    0.3439404683E-23    0.4564993037E-07   -0.7661872943E+03   -0.7585179623E-34   -0.3816400345E-19   -0.4560197421E-35
    0.7300000000E+00    0.5337267633E-22    0.3685388516E-23    0.4671325384E-07   -0.3755503255E+03   -0.3983814121E-34   -0.2004412597E-19   -0.2566355650E-35
    0.7300000000E+00    0.5718985306E-22    0.3948964943E-23    0.4780134531E-07    0.6787514029E+05    0.7715101858E-32    0.3881769299E-17    0.5325488351E-33
    0.7300000000E+00    0.6128003161E-22    0.4231392172E-23    0.4891478167E-07    0.2084784655E+07    0.2539172031E-30    0.1277556695E-15    0.1878061892E-31
    0.7300000000E+00    0.6566273690E-22    0.4534018400E-23    0.5005415331E-07    0.1813658124E+07    0.2366935097E-30    0.1190897562E-15    0.1875875989E-31
    0.7300000000E+00    0.7035889022E-22    0.4858288246E-23    0.5122006431E-07   -0.8763545882E+08   -0.1225492870E-28   -0.6165933627E-14   -0.1040707211E-29
    0.7300000000E+00    0.7539090917E-22    0.5205749646E-23    0.5241313287E-07   -0.3940299242E+10   -0.5904187337E-27   -0.2970627422E-12   -0.5372518306E-28
    0.7300000000E+00    0.8078281461E-22    0.5578061244E-23    0.5363399157E-07   -0.1470363529E+12   -0.2360780699E-25   -0.1187801044E-10   -0.2301830926E-26
    0.7300000000E+00    0.8656034539E-22    0.5977000309E-23    0.5488328773E-07   -0.4940856967E+13   -0.8500279490E-24   -0.4276822856E-09   -0.8880777319E-25
    0.7300000000E+00    0.9275108115E-22    0.6404471218E-23    0.5616168372E-07   -0.2455456037E+14   -0.4526505858E-23   -0.2277462021E-08   -0.5067349530E-24
    0.7300000000E+00    0.9938457404E-22    0.6862514550E-23    0.5746985739E-07    0.1888244902E+14    0.3729831777E-23    0.1876624153E-08    0.4474113732E-24
    0.7300000000E+00    0.1064924897E-21    0.7353316823E-23    0.5880850233E-07    0.1463992534E+16    0.3098630460E-21    0.1559042098E-06    0.3982791400E-22
    0.7300000000E+00    0.1141087586E-21    0.7879220933E-23    0.6017832832E-07    0.3405400494E+17    0.7723232671E-20    0.3885860229E-05    0.1063694451E-20
    0.7300000000E+00    0.1222697377E-21    0.8442737340E-23    0.6158006166E-07    0.6849843485E+18    0.1664606446E-18    0.8375285665E-04    0.2456571149E-19
    0.7300000000E+00    0.1310143844E-21    0.9046556049E-23    0.6301444556E-07    0.6306388324E+19    0.1642145495E-17    0.8262275842E-03    0.2596745623E-18
    0.7300000000E+00    0.1403844422E-21    0.9693559452E-23    0.6448224056E-07    0.5957488901E+19    0.1662241672E-17    0.8363387561E-03    0.2816514171E-18
    0.7300000000E+00    0.1504246400E-21    0.1038683609E-22    0.6598422489E-07   -0.5212115824E+20   -0.1558278153E-16   -0.7840306462E-02   -0.2829194186E-17
    0.7300000000E+00    0.1611829057E-21    0.1112969539E-22    0.6752119493E-07   -0.9497994828E+21   -0.3042726050E-15   -0.1530914405E+00   -0.5919440064E-16
    0.7300000000E+00    0.1727105951E-21    0.1192568347E-22    0.6909396560E-07   -0.1228352509E+23   -0.4216517830E-14   -0.2121494928E+01   -0.8789652713E-15
    0.7300000000E+00    0.1850627369E-21    0.1277860007E-22    0.7070337081E-07   -0.1414115833E+24   -0.5201347966E-13   -0.2617001463E+02   -0.1161806184E-13
    0.7300000000E+00    0.1982982953E-21    0.1369251667E-22    0.7235026388E-07   -0.1490596160E+25   -0.5874770726E-12   -0.2955826775E+03   -0.1406075681E-12
    0.7300000000E+00    0.2124804516E-21    0.1467179595E-22    0.7403551802E-07   -0.1196796916E+26   -0.5054187917E-11   -0.2542959491E+04   -0.1296191473E-11
    0.7300000000E+00    0.2276769058E-21    0.1572111260E-22    0.7576002677E-07   -0.2033276909E+26   -0.9200839450E-11   -0.4629301954E+04   -0.2528396774E-11
    0.7300000000E+00    0.2439602000E-21    0.1684547565E-22    0.7752470448E-07   -0.3859543899E+25   -0.1871401223E-11   -0.9415751013E+03   -0.5510419773E-12
    0.7300000000E+00    0.2614080640E-21    0.1805025236E-22    0.7933048683E-07    0.1899077524E+27    0.9866738488E-10    0.4964341788E+05    0.3113087965E-10
    0.7300000000E+00    0.2801037871E-21    0.1934119387E-22    0.8117833125E-07    0.1699000638E+28    0.9458547864E-09    0.4758965130E+06    0.3197733309E-09
    0.7300000000E+00    0.3001366153E-21    0.2072446262E-22    0.8306921749E-07    0.1185083546E+29    0.7069356644E-08    0.3556869643E+07    0.2560929760E-08
    0.7300000000E+00    0.3216021775E-21    0.2220666179E-22    0.8500414813E-07    0.7419892851E+29    0.4742731708E-07    0.2386253698E+08    0.1840968394E-07
    0.7300000000E+00    0.3446029418E-21    0.2379486681E-22    0.8698414910E-07    0.4288132463E+30    0.2936967336E-06    0.1477703062E+09    0.1221565873E-06
    0.7300000000E+00    0.3692487048E-21    0.2549665916E-22    0.8901027021E-07    0.2305295996E+31    0.1691833499E-05    0.8512275608E+09    0.7540070295E-06
    0.7300000000E+00    0.3956571157E-21    0.2732016250E-22    0.9108358575E-07    0.1156350872E+32    0.9093279830E-05    0.4575184505E+10    0.4342485039E-05
    0.7300000000E+00    0.4239542377E-21    0.2927408154E-22    0.9320519501E-07    0.5422400672E+32    0.4569014425E-04    0.2298849743E+11    0.2337977375E-04
    0.7300000000E+00    0.4542751502E-21    0.3136774352E-22    0.9537622289E-07    0.2381221239E+33    0.2149961443E-03    0.1081729636E+12    0.1178822581E-03
    0.7300000000E+00    0.4867645933E-21    0.3361114274E-22    0.9759782052E-07    0.9810012540E+33    0.9490748969E-03    0.4775166765E+12    0.5575942176E-03
    0.7300000000E+00    0.5215776589E-21    0.3601498832E-22    0.9987116580E-07    0.3796929993E+34    0.3936076347E-02    0.1980393857E+13    0.2477885810E-02
    0.7300000000E+00    0.5588805307E-21    0.3859075526E-22    0.1021974641E-06    0.1361571400E+35    0.1512416283E-01    0.7609557468E+13    0.1020208927E-01
    0.7300000000E+00    0.5988512779E-21    0.4135073927E-22    0.1045779488E-06    0.3406941342E+35    0.4055044086E-01    0.2040251177E+14    0.2930983376E-01
    0.7300000000E+00    0.6416807053E-21    0.4430811541E-22    0.1070138822E-06    0.5911187999E+35    0.7538860301E-01    0.3793095284E+14    0.5838798269E-01
    0.7300000000E+00    0.6875732635E-21    0.4747700104E-22    0.1095065557E-06    0.7992348210E+35    0.1092207919E+00    0.5495324942E+14    0.9064066764E-01
    0.7300000000E+00    0.7367480256E-21    0.5087252317E-22    0.1120572911E-06    0.8821251861E+35    0.1291698472E+00    0.6499039892E+14    0.1148626736E+00
    0.7300000000E+00    0.7894397325E-21    0.5451089068E-22    0.1146674407E-06    0.8795250126E+35    0.1380000103E+00    0.6943319907E+14    0.1314912620E+00
    0.7300000000E+00    0.8458999137E-21    0.5840947171E-22    0.1173383885E-06    0.8414813759E+35    0.1414736089E+00    0.7118090232E+14    0.1444419049E+00
    0.7300000000E+00    0.9063980879E-21    0.6258687655E-22    0.1200715507E-06    0.6974805517E+35    0.1256501543E+00    0.6321950384E+14    0.1374614122E+00
    0.7300000000E+00    0.9712230494E-21    0.6706304648E-22    0.1228683764E-06    0.4844970345E+35    0.9352377903E-01    0.4705546873E+14    0.1096326273E+00
    0.7300000000E+00    0.1040684247E-20    0.7185934897E-22    0.1257303485E-06    0.2925850162E+35    0.6051778237E-01    0.3044886173E+14    0.7601525910E-01
    0.7300000000E+00    0.1115113261E-20    0.7699867968E-22    0.1286589846E-06    0.1569289568E+35    0.3478035510E-01    0.1749935609E+14    0.4681141690E-01
    0.7300000000E+00    0.1194865387E-20    0.8250557175E-22    0.1316558373E-06    0.7569170240E+34    0.1797542623E-01    0.9044139529E+13    0.2592369910E-01
    0.7300000000E+00    0.1280321329E-20    0.8840631292E-22    0.1347224957E-06    0.3286396849E+34    0.8362784958E-02    0.4207643983E+13    0.1292315950E-01
    0.7300000000E+00    0.1371889021E-20    0.9472907100E-22    0.1378605858E-06    0.1266708501E+34    0.3453882899E-02    0.1737783486E+13    0.5719069628E-02
    0.7300000000E+00    0.1470005571E-20    0.1015040283E-21    0.1410717713E-06    0.4197659853E+33    0.1226417016E-02    0.6170583369E+12    0.2175985226E-02
    0.7300000000E+00    0.1575139348E-20    0.1087635259E-21    0.1443577550E-06    0.1131816975E+33    0.3543293496E-03    0.1782769452E+12    0.6736354006E-03
    0.7300000000E+00    0.1687792220E-20    0.1165422177E-21    0.1477202791E-06    0.1885229432E+32    0.6324047672E-04    0.3181875568E+11    0.1288287847E-03
    0.7300000000E+00    0.1808501947E-20    0.1248772362E-21    0.1511611264E-06    0.1614336268E+31    0.5802630650E-05    0.2919530283E+10    0.1266609388E-04
    0.7300000000E+00    0.1937844750E-20    0.1338083694E-21    0.1546821213E-06    0.3227051414E+30    0.1242901776E-05    0.6253524641E+09    0.2907063937E-05
    0.7300000000E+00    0.2076438060E-20    0.1433782510E-21    0.1582851308E-06    0.6702255727E+29    0.2765998360E-06    0.1391681888E+09    0.6932177801E-06
    0.7300000000E+00    0.2224943467E-20    0.1536325639E-21    0.1619720651E-06    0.1590108143E+29    0.7031655505E-07    0.3537900726E+08    0.1888318989E-06
    0.7300000000E+00    0.2384069878E-20    0.1646202581E-21    0.1657448792E-06    0.3131834119E+28    0.1483985560E-07    0.7466511387E+07    0.4270192466E-07
    0.7300000000E+00    0.2554576900E-20    0.1763937846E-21    0.1696055734E-06    0.6165948439E+27    0.3130623296E-08    0.1575138945E+07    0.9652695083E-08
    0.7300000000E+00    0.2737278465E-20    0.1890093455E-21    0.1735561947E-06    0.1402641436E+27    0.7630932086E-09    0.3839420198E+06    0.2521130714E-08
    0.7300000000E+00    0.2933046719E-20    0.2025271626E-21    0.1775988378E-06    0.3441263207E+26    0.2006082618E-09    0.1009338576E+06    0.7101769786E-09
    0.7300000000E+00    0.3142816182E-20    0.2170117645E-21    0.1817356462E-06    0.7079545132E+25    0.4422178600E-10    0.2224970900E+05    0.1677467264E-09
    0.7300000000E+00    0.3367588212E-20    0.2325322952E-21    0.1859688132E-06    0.1570911390E+25    0.1051435442E-10    0.5290182678E+04    0.4273664126E-10
    0.7300000000E+00    0.3608435782E-20    0.2491628434E-21    0.1903005833E-06    0.1833891683E+24    0.1315238778E-11    0.6617480368E+03    0.5728255486E-11
    0.7300000000E+00    0.3866508602E-20    0.2669827968E-21    0.1947332533E-06    0.8222171442E+23    0.6318550371E-12    0.3179109661E+03    0.2948731485E-11
