    0.7990000000E+00    0.4143038610E-23    0.2860772210E-24    0.1992691735E-07    0.0000000000E+00    0.0000000000E+00    0.0000000000E+00    0.0000000000E+00
    0.7990000000E+00    0.4439345853E-23    0.3065372650E-24    0.2039107488E-07    0.0000000000E+00    0.0000000000E+00    0.0000000000E+00    0.0000000000E+00
    0.7990000000E+00    0.4756844785E-23    0.3284605973E-24    0.2086604403E-07    0.0000000000E+00    0.0000000000E+00    0.0000000000E+00    0.0000000000E+00
    0.7990000000E+00    0.5097051019E-23    0.3519518710E-24    0.2135207663E-07    0.0000000000E+00    0.0000000000E+00    0.0000000000E+00    0.0000000000E+00
    0.7990000000E+00    0.5461588566E-23    0.3771232243E-24    0.2184943039E-07    0.0000000000E+00    0.0000000000E+00    0.0000000000E+00    0.0000000000E+00
    0.7990000000E+00    0.5852197586E-23    0.4040948153E-24    0.2235836900E-07    0.0000000000E+00    0.0000000000E+00    0.0000000000E+00    0.0000000000E+00
    0.7990000000E+00    0.6270742692E-23    0.4329953957E-24    0.2287916232E-07    0.0000000000E+00    0.0000000000E+00    0.0000000000E+00    0.0000000000E+00
    0.7990000000E+00    0.6719221852E-23    0.4639629256E-24    0.2341208647E-07    0.0000000000E+00    0.0000000000E+00    0.0000000000E+00    0.0000000000E+00
    0.7990000000E+00    0.7199775931E-23    0.4971452317E-24    0.2395742402E-07    0.0000000000E+00    0.0000000000E+00    0.0000000000E+00    0.0000000000E+00
    0.7990000000E+00    0.7714698903E-23    0.5327007132E-24    0.2451546411E-07    0.0000000000E+00    0.0000000000E+00    0.0000000000E+00    0.0000000000E+00
    0.7990000000E+00    0.8266448809E-23    0.5707990981E-24    0.2508650263E-07    0.0000000000E+00    0.0000000000E+00    0.0000000000E+00    0.0000000000E+00
    0.7990000000E+00    0.8857659485E-23    0.6116222531E-24    0.2567084234E-07    0.0000000000E+00    0.0000000000E+00    0.0000000000E+00    0.0000000000E+00
    0.7990000000E+00    0.9491153137E-23    0.6553650517E-24    0.2626879307E-07    0.0000000000E+00    0.0000000000E+00    0.0000000000E+00    0.0000000000E+00
    0.7990000000E+00    0.1016995382E-22    0.7022363048E-24    0.2688067187E-07    0.0000000000E+00    0.0000000000E+00    0.0000000000E+00    0.0000000000E+00
    0.7990000000E+00    0.1089730185E-22    0.7524597575E-24    0.2750680315E-07    0.0000000000E+00    0.0000000000E+00    0.0000000000E+00    0.0000000000E+00
    0.7990000000E+00    0.1167666930E-22    0.8062751566E-24    0.2814751890E-07    0.0000000000E+00    0.0000000000E+00    0.0000000000E+00    0.0000000000E+00
    0.7990000000E+00    0.1251177658E-22    0.8639393956E-24    0.2880315884E-07    0.0000000000E+00    0.0000000000E+00    0.0000000000E+00    0.0000000000E+00
    0.7990000000E+00    0.1340661015E-22    0.9257277409E-24    0.2947407060E-07    0.0000000000E+00    0.0000000000E+00    0.0000000000E+00    0.0000000000E+00
    0.7990000000E+00    0.1436544159E-22    0.9919351458E-24    0.3016060990E-07   -0.1346990202E-15   -0.3845876735E-53   -0.1935010907E-38   -0.5283520370E-55
    0.7990000000E+00    0.1539284799E-22    0.1062877658E-23    0.3086314075E-07   -0.2387033490E-15   -0.7302800490E-53   -0.3674324366E-38   -0.1075022271E-54
    0.7990000000E+00    0.1649373379E-22    0.1138893930E-23    0.3158203565E-07   -0.3496907253E-15   -0.1146344199E-52   -0.5767705731E-38   -0.1808185838E-54
    0.7990000000E+00    0.1767335417E-22    0.1220346833E-23    0.3231767576E-07   -0.4562662903E-15   -0.1602689189E-52   -0.8063755744E-38   -0.2708802447E-54
    0.7990000000E+00    0.1893734018E-22    0.1307625190E-23    0.3307045113E-07   -0.4518219857E-15   -0.1700584764E-52   -0.8556306645E-38   -0.3079826911E-54
    0.7990000000E+00    0.2029172559E-22    0.1401145635E-23    0.3384076090E-07    0.9427390069E-15    0.3802090069E-52    0.1912980123E-37    0.7378200051E-54
    0.7990000000E+00    0.2174297571E-22    0.1501354598E-23    0.3462901348E-07    0.7094692388E-14    0.3065945947E-51    0.1542597243E-36    0.6375181001E-53
    0.7990000000E+00    0.2329801823E-22    0.1608730435E-23    0.3543562682E-07    0.4454240157E-14    0.2062550320E-51    0.1037749684E-36    0.4595497969E-53
    0.7990000000E+00    0.2496427630E-22    0.1723785718E-23    0.3626102861E-07   -0.6071152135E-13   -0.3012326482E-50   -0.1515619194E-35   -0.7191675207E-52
    0.7990000000E+00    0.2674970400E-22    0.1847069675E-23    0.3710565646E-07   -0.3685270208E-12   -0.1959296940E-49   -0.9857988721E-35   -0.5012198772E-51
    0.7990000000E+00    0.2866282424E-22    0.1979170815E-23    0.3796995823E-07   -0.3597484674E-12   -0.2049414838E-49   -0.1031140709E-34   -0.5617691708E-51
    0.7990000000E+00    0.3071276952E-22    0.2120719737E-23    0.3885439218E-07    0.1536198024E-11    0.9377306821E-49    0.4718089586E-34    0.2754267717E-50
    0.7990000000E+00    0.3290932546E-22    0.2272392139E-23    0.3975942724E-07    0.4364069288E-10    0.2854450796E-47    0.1436185765E-32    0.8983603730E-49
    0.7990000000E+00    0.3526297755E-22    0.2434912046E-23    0.4068554327E-07    0.1954772455E-09    0.1370020717E-46    0.6893109718E-32    0.4620140259E-48
    0.7990000000E+00    0.3778496121E-22    0.2609055264E-23    0.4163323131E-07   -0.6929663356E-09   -0.5204069177E-46   -0.2618370611E-31   -0.1880490252E-47
    0.7990000000E+00    0.4048731538E-22    0.2795653084E-23    0.4260299385E-07   -0.6017185350E-07   -0.4841994740E-44   -0.2436196810E-29   -0.1874788751E-45
    0.7990000000E+00    0.4338294005E-22    0.2995596250E-23    0.4359534505E-07   -0.2703471788E-07   -0.2331056316E-44   -0.1172845545E-29   -0.9671209505E-46
    0.7990000000E+00    0.4648565778E-22    0.3209839213E-23    0.4461081109E-07    0.9082793070E-05    0.8391707617E-42    0.4222196103E-27    0.3730597282E-43
    0.7990000000E+00    0.4981027973E-22    0.3439404683E-23    0.4564993037E-07    0.9819370579E-05    0.9721081279E-42    0.4891055953E-27    0.4630656858E-43
    0.7990000000E+00    0.5337267633E-22    0.3685388516E-23    0.4671325384E-07   -0.1014992004E-02   -0.1076697104E-39   -0.5417283969E-25   -0.5495681690E-41
    0.7990000000E+00    0.5718985306E-22    0.3948964943E-23    0.4780134531E-07   -0.1203923645E+00   -0.1368452943E-37   -0.6885221634E-23   -0.7484415569E-39
    0.7990000000E+00    0.6128003161E-22    0.4231392172E-23    0.4891478167E-07   -0.2090303967E+01   -0.2545894299E-36   -0.1280938932E-21   -0.1491998526E-37
    0.7990000000E+00    0.6566273690E-22    0.4534018400E-23    0.5005415331E-07    0.2153328909E+01    0.2810226306E-36    0.1413934696E-21    0.1764693640E-37
    0.7990000000E+00    0.7035889022E-22    0.4858288246E-23    0.5122006431E-07    0.4536815676E+03    0.6344275863E-34    0.3192053161E-19    0.4268842035E-35
    0.7990000000E+00    0.7539090917E-22    0.5205749646E-23    0.5241313287E-07    0.1139858045E+05    0.1707975721E-32    0.8593493435E-18    0.1231429968E-33
    0.7990000000E+00    0.8078281461E-22    0.5578061244E-23    0.5363399157E-07    0.5668407799E+04    0.9101060697E-33    0.4579099364E-18    0.7031047573E-34
    0.7990000000E+00    0.8656034539E-22    0.5977000309E-23    0.5488328773E-07   -0.7710748373E+06   -0.1326561701E-30   -0.6674450424E-16   -0.1098134360E-31
    0.7990000000E+00    0.9275108115E-22    0.6404471218E-23    0.5616168372E-07   -0.3823835857E+08   -0.7049043088E-29   -0.3546649099E-14   -0.6252564649E-30
    0.7990000000E+00    0.9938457404E-22    0.6862514550E-23    0.5746985739E-07   -0.1621303160E+10   -0.3202544352E-27   -0.1611325239E-12   -0.3043849523E-28
    0.7990000000E+00    0.1064924897E-21    0.7353316823E-23    0.5880850233E-07   -0.6198141575E+11   -0.1311874879E-25   -0.6600555280E-11   -0.1336043017E-26
    0.7990000000E+00    0.1141087586E-21    0.7879220933E-23    0.6017832832E-07   -0.4405673412E+12   -0.9991788305E-25   -0.5027259238E-10   -0.1090363361E-25
    0.7990000000E+00    0.1222697377E-21    0.8442737340E-23    0.6158006166E-07    0.1481307474E+12    0.3599781477E-25    0.1811190763E-10    0.4209244601E-26
    0.7990000000E+00    0.1310143844E-21    0.9046556049E-23    0.6301444556E-07    0.2436752190E+14    0.6345155782E-23    0.3192495882E-08    0.7950058322E-24
    0.7990000000E+00    0.1403844422E-21    0.9693559452E-23    0.6448224056E-07    0.6438897240E+15    0.1796562863E-21    0.9039209973E-07    0.2411961902E-22
    0.7990000000E+00    0.1504246400E-21    0.1038683609E-22    0.6598422489E-07    0.1465362348E+17    0.4381027228E-20    0.2204266037E-05    0.6302371187E-21
    0.7990000000E+00    0.1611829057E-21    0.1112969539E-22    0.6752119493E-07    0.2478442330E+18    0.7939803271E-19    0.3994825363E-04    0.1223876984E-19
    0.7990000000E+00    0.1727105951E-21    0.1192568347E-22    0.6909396560E-07    0.4143025838E+18    0.1422160348E-18    0.7155444581E-04    0.2348965246E-19
    0.7990000000E+00    0.1850627369E-21    0.1277860007E-22    0.7070337081E-07   -0.1149067265E+19   -0.4226456236E-18   -0.2126495329E-03   -0.7480048296E-19
    0.7990000000E+00    0.1982982953E-21    0.1369251667E-22    0.7235026388E-07   -0.3076888903E+20   -0.1212670295E-16   -0.6101418242E-02   -0.2299697775E-17
    0.7990000000E+00    0.2124804516E-21    0.1467179595E-22    0.7403551802E-07   -0.4581846657E+21   -0.1934957695E-15   -0.9735528467E-01   -0.3931873165E-16
    0.7990000000E+00    0.2276769058E-21    0.1572111260E-22    0.7576002677E-07   -0.5982706559E+22   -0.2707251643E-14   -0.1362124118E+01   -0.5894631377E-15
    0.7990000000E+00    0.2439602000E-21    0.1684547565E-22    0.7752470448E-07   -0.7147421346E+23   -0.3465614952E-13   -0.1743686341E+02   -0.8085527050E-14
    0.7990000000E+00    0.2614080640E-21    0.1805025236E-22    0.7933048683E-07   -0.7874176974E+24   -0.4091062321E-12   -0.2058373358E+03   -0.1022737361E-12
    0.7990000000E+00    0.2801037871E-21    0.1934119387E-22    0.8117833125E-07   -0.3791554765E+25   -0.2110805695E-11   -0.1062028849E+04   -0.5654266614E-12
    0.7990000000E+00    0.3001366153E-21    0.2072446262E-22    0.8306921749E-07   -0.3645910391E+25   -0.2174888086E-11   -0.1094271205E+04   -0.6242591834E-12
    0.7990000000E+00    0.3216021775E-21    0.2220666179E-22    0.8500414813E-07    0.9844477454E+25    0.6292505337E-11    0.3166005386E+04    0.1935314802E-11
    0.7990000000E+00    0.3446029418E-21    0.2379486681E-22    0.8698414910E-07    0.1423951975E+27    0.9752731460E-10    0.4906980396E+05    0.3214062308E-10
    0.7990000000E+00    0.3692487048E-21    0.2549665916E-22    0.8901027021E-07    0.1171637051E+28    0.8598526239E-09    0.4326254636E+06    0.3036351505E-09
    0.7990000000E+00    0.3956571157E-21    0.2732016250E-22    0.9108358575E-07    0.8344322621E+28    0.6561785220E-08    0.3301490620E+07    0.2482847450E-08
    0.7990000000E+00    0.4239542377E-21    0.2927408154E-22    0.9320519501E-07    0.5441100141E+29    0.4584770942E-07    0.2306777463E+08    0.1858855662E-07
    0.7990000000E+00    0.4542751502E-21    0.3136774352E-22    0.9537622289E-07    0.3291011509E+30    0.2971394567E-06    0.1495024748E+09    0.1290887367E-06
    0.7990000000E+00    0.4867645933E-21    0.3361114274E-22    0.9759782052E-07    0.1854244494E+31    0.1793898729E-05    0.9025805673E+09    0.8350758951E-06
    0.7990000000E+00    0.5215776589E-21    0.3601498832E-22    0.9987116580E-07    0.9752852387E+31    0.1011026584E-04    0.5086869916E+10    0.5043018956E-05
    0.7990000000E+00    0.5588805307E-21    0.3859075526E-22    0.1021974641E-06    0.4796006068E+32    0.5327342855E-04    0.2680394417E+11    0.2847335701E-04
    0.7990000000E+00    0.5988512779E-21    0.4135073927E-22    0.1045779488E-06    0.2207446217E+33    0.2627368901E-03    0.1321931988E+12    0.1504697089E-03
    0.7990000000E+00    0.6416807053E-21    0.4430811541E-22    0.1070138822E-06    0.9514963700E+33    0.1213495191E-02    0.6105568617E+12    0.7446738189E-03
    0.7990000000E+00    0.6875732635E-21    0.4747700104E-22    0.1095065557E-06    0.3840149496E+34    0.5247821513E-02    0.2640384121E+13    0.3450699025E-02
    0.7990000000E+00    0.7367480256E-21    0.5087252317E-22    0.1120572911E-06    0.1417657366E+35    0.2075879799E-01    0.1044456265E+14    0.1462615691E-01
    0.7990000000E+00    0.7894397325E-21    0.5451089068E-22    0.1146674407E-06    0.3464016071E+35    0.5435141087E-01    0.2734631921E+14    0.4103352698E-01
    0.7990000000E+00    0.8458999137E-21    0.5840947171E-22    0.1173383885E-06    0.5706672591E+35    0.9594312952E-01    0.4827273852E+14    0.7761432878E-01
    0.7990000000E+00    0.9063980879E-21    0.6258687655E-22    0.1200715507E-06    0.7185749895E+35    0.1294502880E+00    0.6513149965E+14    0.1122098668E+00
    0.7990000000E+00    0.9712230494E-21    0.6706304648E-22    0.1228683764E-06    0.7412584589E+35    0.1430871344E+00    0.7199273008E+14    0.1329011111E+00
    0.7990000000E+00    0.1040684247E-20    0.7185934897E-22    0.1257303485E-06    0.7276781520E+35    0.1505116995E+00    0.7572831897E+14    0.1497953339E+00
    0.7990000000E+00    0.1115113261E-20    0.7699867968E-22    0.1286589846E-06    0.6485290413E+35    0.1437342783E+00    0.7231833344E+14    0.1532810188E+00
    0.7990000000E+00    0.1194865387E-20    0.8250557175E-22    0.1316558373E-06    0.4709220780E+35    0.1118355752E+00    0.5626884910E+14    0.1277932753E+00
    0.7990000000E+00    0.1280321329E-20    0.8840631292E-22    0.1347224957E-06    0.2858920554E+35    0.7275000222E-01    0.3660336964E+14    0.8907606767E-01
    0.7990000000E+00    0.1371889021E-20    0.9472907100E-22    0.1378605858E-06    0.1479625204E+35    0.4034434270E-01    0.2029881573E+14    0.5293106958E-01
    0.7990000000E+00    0.1470005571E-20    0.1015040283E-21    0.1410717713E-06    0.6588241894E+34    0.1924865818E-01    0.9684752288E+13    0.2706004322E-01
    0.7990000000E+00    0.1575139348E-20    0.1087635259E-21    0.1443577550E-06    0.2513083776E+34    0.7867520630E-02    0.3958457141E+13    0.1185129793E-01
    0.7990000000E+00    0.1687792220E-20    0.1165422177E-21    0.1477202791E-06    0.8023114629E+33    0.2691373185E-02    0.1354135045E+13    0.4344121332E-02
    0.7990000000E+00    0.1808501947E-20    0.1248772362E-21    0.1511611264E-06    0.1732148596E+33    0.6226099687E-03    0.3132594108E+12    0.1076822436E-02
    0.7990000000E+00    0.1937844750E-20    0.1338083694E-21    0.1546821213E-06    0.2928191916E+31    0.1127795770E-04    0.5674381331E+10    0.2090058716E-04
    0.7990000000E+00    0.2076438060E-20    0.1433782510E-21    0.1582851308E-06    0.4205984018E+30    0.1735795436E-05    0.8733465295E+09    0.3446883203E-05
    0.7990000000E+00    0.2224943467E-20    0.1536325639E-21    0.1619720651E-06    0.1025712785E+30    0.4535829204E-06    0.2282152961E+09    0.9651275625E-06
    0.7990000000E+00    0.2384069878E-20    0.1646202581E-21    0.1657448792E-06    0.2254188930E+29    0.1068122926E-06    0.5374143928E+08    0.2435282019E-06
    0.7990000000E+00    0.2554576900E-20    0.1763937846E-21    0.1696055734E-06    0.3581144375E+28    0.1818246474E-07    0.9148308695E+07    0.4442022762E-07
    0.7990000000E+00    0.2737278465E-20    0.1890093455E-21    0.1735561947E-06    0.7271455489E+27    0.3955963482E-08    0.1990399852E+07    0.1035572000E-07
    0.7990000000E+00    0.2933046719E-20    0.2025271626E-21    0.1775988378E-06    0.1784854969E+27    0.1040480287E-08    0.5235063011E+06    0.2918514681E-08
    0.7990000000E+00    0.3142816182E-20    0.2170117645E-21    0.1817356462E-06    0.3934573174E+26    0.2457698195E-09    0.1236564024E+06    0.7386804008E-09
    0.7990000000E+00    0.3367588212E-20    0.2325322952E-21    0.1859688132E-06    0.9167919290E+25    0.6136231068E-10    0.3087377693E+05    0.1976194703E-09
    0.7990000000E+00    0.3608435782E-20    0.2491628434E-21    0.1903005833E-06    0.1010386415E+25    0.7246335240E-11    0.3645914492E+04    0.2500612787E-10
    0.7990000000E+00    0.3866508602E-20    0.2669827968E-21    0.1947332533E-06    0.3463751199E+24    0.2661813437E-11    0.1339262380E+04    0.9842504877E-11
