    0.7790000000E+00    0.4143038610E-23    0.2860772210E-24    0.1992691735E-07    0.0000000000E+00    0.0000000000E+00    0.0000000000E+00    0.0000000000E+00
    0.7790000000E+00    0.4439345853E-23    0.3065372650E-24    0.2039107488E-07    0.0000000000E+00    0.0000000000E+00    0.0000000000E+00    0.0000000000E+00
    0.7790000000E+00    0.4756844785E-23    0.3284605973E-24    0.2086604403E-07    0.0000000000E+00    0.0000000000E+00    0.0000000000E+00    0.0000000000E+00
    0.7790000000E+00    0.5097051019E-23    0.3519518710E-24    0.2135207663E-07    0.0000000000E+00    0.0000000000E+00    0.0000000000E+00    0.0000000000E+00
    0.7790000000E+00    0.5461588566E-23    0.3771232243E-24    0.2184943039E-07    0.0000000000E+00    0.0000000000E+00    0.0000000000E+00    0.0000000000E+00
    0.7790000000E+00    0.5852197586E-23    0.4040948153E-24    0.2235836900E-07    0.0000000000E+00    0.0000000000E+00    0.0000000000E+00    0.0000000000E+00
    0.7790000000E+00    0.6270742692E-23    0.4329953957E-24    0.2287916232E-07    0.0000000000E+00    0.0000000000E+00    0.0000000000E+00    0.0000000000E+00
    0.7790000000E+00    0.6719221852E-23    0.4639629256E-24    0.2341208647E-07    0.0000000000E+00    0.0000000000E+00    0.0000000000E+00    0.0000000000E+00
    0.7790000000E+00    0.7199775931E-23    0.4971452317E-24    0.2395742402E-07    0.0000000000E+00    0.0000000000E+00    0.0000000000E+00    0.0000000000E+00
    0.7790000000E+00    0.7714698903E-23    0.5327007132E-24    0.2451546411E-07    0.0000000000E+00    0.0000000000E+00    0.0000000000E+00    0.0000000000E+00
    0.7790000000E+00    0.8266448809E-23    0.5707990981E-24    0.2508650263E-07    0.0000000000E+00    0.0000000000E+00    0.0000000000E+00    0.0000000000E+00
    0.7790000000E+00    0.8857659485E-23    0.6116222531E-24    0.2567084234E-07    0.1212556302E-15    0.2134680275E-53    0.1074041083E-38    0.1907545363E-55
    0.7790000000E+00    0.9491153137E-23    0.6553650517E-24    0.2626879307E-07    0.2562156899E-15    0.4833220903E-53    0.2431782349E-38    0.4627843700E-55
    0.7790000000E+00    0.1016995382E-22    0.7022363048E-24    0.2688067187E-07    0.0000000000E+00    0.0000000000E+00    0.0000000000E+00    0.0000000000E+00
    0.7790000000E+00    0.1089730185E-22    0.7524597575E-24    0.2750680315E-07   -0.5355487267E-15   -0.1159925016E-52   -0.5836036129E-38   -0.1275181351E-54
    0.7790000000E+00    0.1167666930E-22    0.8062751566E-24    0.2814751890E-07   -0.5934299506E-15   -0.1377210691E-52   -0.6929285288E-38   -0.1622342043E-54
    0.7790000000E+00    0.1251177658E-22    0.8639393956E-24    0.2880315884E-07    0.8746414863E-15    0.2175008693E-52    0.1094331886E-37    0.2745383597E-54
    0.7790000000E+00    0.1340661015E-22    0.9257277409E-24    0.2947407060E-07   -0.1227823471E-14   -0.3271650138E-52   -0.1646095061E-37   -0.4424955350E-54
    0.7790000000E+00    0.1436544159E-22    0.9919351458E-24    0.3016060990E-07   -0.2026661075E-14   -0.5786447941E-52   -0.2911388130E-37   -0.8385985127E-54
    0.7790000000E+00    0.1539284799E-22    0.1062877658E-23    0.3086314075E-07    0.1317571407E-14    0.4030928415E-52    0.2028117639E-37    0.6259607802E-54
    0.7790000000E+00    0.1649373379E-22    0.1138893930E-23    0.3158203565E-07   -0.8532843708E-15   -0.2797207698E-52   -0.1407384526E-37   -0.4654432672E-54
    0.7790000000E+00    0.1767335417E-22    0.1220346833E-23    0.3231767576E-07   -0.1335423577E-14   -0.4690832911E-52   -0.2360141385E-37   -0.8363575873E-54
    0.7790000000E+00    0.1893734018E-22    0.1307625190E-23    0.3307045113E-07    0.2300329497E-13    0.8658067599E-51    0.4356212221E-36    0.1654104754E-52
    0.7790000000E+00    0.2029172559E-22    0.1401145635E-23    0.3384076090E-07    0.2782349906E-13    0.1122128698E-50    0.5645868080E-36    0.2297125417E-52
    0.7790000000E+00    0.2174297571E-22    0.1501354598E-23    0.3462901348E-07   -0.1207515721E-12   -0.5218236010E-50   -0.2625498498E-35   -0.1144631662E-51
    0.7790000000E+00    0.2329801823E-22    0.1608730435E-23    0.3543562682E-07   -0.8286047574E-12   -0.3836881146E-49   -0.1930484874E-34   -0.9018210827E-51
    0.7790000000E+00    0.2496427630E-22    0.1723785718E-23    0.3626102861E-07   -0.8956990340E-12   -0.4444194215E-49   -0.2236047817E-34   -0.1119270525E-50
    0.7790000000E+00    0.2674970400E-22    0.1847069675E-23    0.3710565646E-07    0.9258926798E-12    0.4922566303E-49    0.2476735512E-34    0.1328414514E-50
    0.7790000000E+00    0.2866282424E-22    0.1979170815E-23    0.3796995823E-07    0.2235120307E-10    0.1273303193E-47    0.6406486052E-33    0.3681915912E-49
    0.7790000000E+00    0.3071276952E-22    0.2120719737E-23    0.3885439218E-07    0.2900796354E-09    0.1770712955E-46    0.8909148984E-32    0.5486434546E-48
    0.7790000000E+00    0.3290932546E-22    0.2272392139E-23    0.3975942724E-07    0.6444364916E-09    0.4215130729E-46    0.2120797024E-31    0.1399436143E-47
    0.7790000000E+00    0.3526297755E-22    0.2434912046E-23    0.4068554327E-07   -0.1119400316E-08   -0.7845422726E-46   -0.3947338822E-31   -0.2790990683E-47
    0.7790000000E+00    0.3778496121E-22    0.2609055264E-23    0.4163323131E-07   -0.1503540142E-06   -0.1129135213E-43   -0.5681120593E-29   -0.4304155856E-45
    0.7790000000E+00    0.4048731538E-22    0.2795653084E-23    0.4260299385E-07   -0.4762888465E-06   -0.3832669189E-43   -0.1928365674E-28   -0.1565465039E-44
    0.7790000000E+00    0.4338294005E-22    0.2995596250E-23    0.4359534505E-07    0.1009240207E-04    0.8702128017E-42    0.4378380739E-27    0.3808618788E-43
    0.7790000000E+00    0.4648565778E-22    0.3209839213E-23    0.4461081109E-07    0.8355081199E-04    0.7719365398E-41    0.3883914453E-26    0.3620125582E-42
    0.7790000000E+00    0.4981027973E-22    0.3439404683E-23    0.4564993037E-07   -0.6603467284E-03   -0.6537368325E-40   -0.3289205526E-25   -0.3285072753E-41
    0.7790000000E+00    0.5337267633E-22    0.3685388516E-23    0.4671325384E-07   -0.9360911168E-01   -0.9929995412E-38   -0.4996168819E-23   -0.5346764864E-39
    0.7790000000E+00    0.5718985306E-22    0.3948964943E-23    0.4780134531E-07   -0.5991325305E+01   -0.6810105260E-36   -0.3426430138E-21   -0.3929125151E-37
    0.7790000000E+00    0.6128003161E-22    0.4231392172E-23    0.4891478167E-07   -0.6594746405E+01   -0.8032098463E-36   -0.4041262682E-21   -0.4965592327E-37
    0.7790000000E+00    0.6566273690E-22    0.4534018400E-23    0.5005415331E-07    0.3585529390E+03    0.4679335781E-34    0.2354356730E-19    0.3099746999E-35
    0.7790000000E+00    0.7035889022E-22    0.4858288246E-23    0.5122006431E-07    0.2319970704E+05    0.3244243361E-32    0.1632305641E-17    0.2302795978E-33
    0.7790000000E+00    0.7539090917E-22    0.5205749646E-23    0.5241313287E-07    0.4558820824E+05    0.6830986819E-32    0.3436936467E-17    0.5195477699E-33
    0.7790000000E+00    0.8078281461E-22    0.5578061244E-23    0.5363399157E-07   -0.6010836846E+06   -0.9650856629E-31   -0.4855723186E-16   -0.7865166151E-32
    0.7790000000E+00    0.8656034539E-22    0.5977000309E-23    0.5488328773E-07   -0.3361192089E+08   -0.5782614709E-29   -0.2909459481E-14   -0.5049708332E-30
    0.7790000000E+00    0.9275108115E-22    0.6404471218E-23    0.5616168372E-07   -0.1435552101E+10   -0.2646365847E-27   -0.1331490094E-12   -0.2476235358E-28
    0.7790000000E+00    0.9938457404E-22    0.6862514550E-23    0.5746985739E-07   -0.5498330768E+11   -0.1086079925E-25   -0.5464492613E-11   -0.1088939682E-26
    0.7790000000E+00    0.1064924897E-21    0.7353316823E-23    0.5880850233E-07   -0.8987146312E+12   -0.1902184927E-24   -0.9570635862E-10   -0.2043594728E-25
    0.7790000000E+00    0.1141087586E-21    0.7879220933E-23    0.6017832832E-07   -0.7582388693E+12   -0.1719637739E-24   -0.8652169610E-10   -0.1979607111E-25
    0.7790000000E+00    0.1222697377E-21    0.8442737340E-23    0.6158006166E-07    0.2062650497E+14    0.5012525207E-23    0.2521997353E-08    0.6182990899E-24
    0.7790000000E+00    0.1310143844E-21    0.9046556049E-23    0.6301444556E-07    0.5906773590E+15    0.1538088228E-21    0.7738723059E-07    0.2032934031E-22
    0.7790000000E+00    0.1403844422E-21    0.9693559452E-23    0.6448224056E-07    0.1353372026E+17    0.3776140279E-20    0.1899923770E-05    0.5347984711E-21
    0.7790000000E+00    0.1504246400E-21    0.1038683609E-22    0.6598422489E-07    0.2788702712E+18    0.8337448089E-19    0.4194896014E-04    0.1265246605E-19
    0.7790000000E+00    0.1611829057E-21    0.1112969539E-22    0.6752119493E-07    0.8590639063E+18    0.2752050484E-18    0.1384664166E-03    0.4475055584E-19
    0.7790000000E+00    0.1727105951E-21    0.1192568347E-22    0.6909396560E-07   -0.3932945770E+18   -0.1350046981E-18   -0.6792614046E-04   -0.2352290311E-19
    0.7790000000E+00    0.1850627369E-21    0.1277860007E-22    0.7070337081E-07   -0.2770923964E+20   -0.1019190888E-16   -0.5127947724E-02   -0.1902819398E-17
    0.7790000000E+00    0.1982982953E-21    0.1369251667E-22    0.7235026388E-07   -0.4291445618E+21   -0.1691354088E-15   -0.8509863503E-01   -0.3383580980E-16
    0.7790000000E+00    0.2124804516E-21    0.1467179595E-22    0.7403551802E-07   -0.5622399559E+22   -0.2374393144E-14   -0.1194649997E+01   -0.5089729095E-15
    0.7790000000E+00    0.2276769058E-21    0.1572111260E-22    0.7576002677E-07   -0.6702433832E+23   -0.3032937488E-13   -0.1525989397E+02   -0.6966353312E-14
    0.7790000000E+00    0.2439602000E-21    0.1684547565E-22    0.7752470448E-07   -0.7356322117E+24   -0.3566905978E-12   -0.1794649815E+03   -0.8778770575E-13
    0.7790000000E+00    0.2614080640E-21    0.1805025236E-22    0.7933048683E-07   -0.4773128746E+25   -0.2479899452E-11   -0.1247734345E+04   -0.6539975334E-12
    0.7790000000E+00    0.2801037871E-21    0.1934119387E-22    0.8117833125E-07   -0.5745896441E+25   -0.3198812012E-11   -0.1609447353E+04   -0.9039215823E-12
    0.7790000000E+00    0.3001366153E-21    0.2072446262E-22    0.8306921749E-07    0.5469187174E+25    0.3262523965E-11    0.1641503327E+04    0.9878607907E-12
    0.7790000000E+00    0.3216021775E-21    0.2220666179E-22    0.8500414813E-07    0.1247948571E+27    0.7976779958E-10    0.4013429780E+05    0.2588032046E-10
    0.7790000000E+00    0.3446029418E-21    0.2379486681E-22    0.8698414910E-07    0.1062936450E+28    0.7280114738E-09    0.3662910277E+06    0.2530930746E-09
    0.7790000000E+00    0.3692487048E-21    0.2549665916E-22    0.8901027021E-07    0.7598590453E+28    0.5576528955E-08    0.2805769683E+07    0.2077332421E-08
    0.7790000000E+00    0.3956571157E-21    0.2732016250E-22    0.9108358575E-07    0.4943280230E+29    0.3887282962E-07    0.1955843998E+08    0.1551630088E-07
    0.7790000000E+00    0.4239542377E-21    0.2927408154E-22    0.9320519501E-07    0.2978188976E+30    0.2509476746E-06    0.1262615837E+09    0.1073310093E-06
    0.7790000000E+00    0.4542751502E-21    0.3136774352E-22    0.9537622289E-07    0.1670501878E+31    0.1508265830E-05    0.7588674917E+09    0.6912257841E-06
    0.7790000000E+00    0.4867645933E-21    0.3361114274E-22    0.9759782052E-07    0.8745087241E+31    0.8460481307E-05    0.4256798834E+10    0.4154675489E-05
    0.7790000000E+00    0.5215776589E-21    0.3601498832E-22    0.9987116580E-07    0.4279999070E+32    0.4436848489E-04    0.2232351895E+11    0.2334622336E-04
    0.7790000000E+00    0.5588805307E-21    0.3859075526E-22    0.1021974641E-06    0.1961000925E+33    0.2178255015E-03    0.1095965238E+12    0.1228148155E-03
    0.7790000000E+00    0.5988512779E-21    0.4135073927E-22    0.1045779488E-06    0.8419186566E+33    0.1002076915E-02    0.5041840634E+12    0.6054009456E-03
    0.7790000000E+00    0.6416807053E-21    0.4430811541E-22    0.1070138822E-06    0.3387865616E+34    0.4320729709E-02    0.2173927998E+13    0.2797042960E-02
    0.7790000000E+00    0.6875732635E-21    0.4747700104E-22    0.1095065557E-06    0.1264765518E+35    0.1728386799E-01    0.8696189551E+13    0.1198900050E-01
    0.7790000000E+00    0.7367480256E-21    0.5087252317E-22    0.1120572911E-06    0.3252329884E+35    0.4762396097E-01    0.2396147621E+14    0.3539708928E-01
    0.7790000000E+00    0.7894397325E-21    0.5451089068E-22    0.1146674407E-06    0.5580791691E+35    0.8756423064E-01    0.4405698700E+14    0.6973788529E-01
    0.7790000000E+00    0.8458999137E-21    0.5840947171E-22    0.1173383885E-06    0.7300287728E+35    0.1227356993E+00    0.6175312759E+14    0.1047400891E+00
    0.7790000000E+00    0.9063980879E-21    0.6258687655E-22    0.1200715507E-06    0.7727040458E+35    0.1392015625E+00    0.7003774696E+14    0.1272876146E+00
    0.7790000000E+00    0.9712230494E-21    0.6706304648E-22    0.1228683764E-06    0.7635677595E+35    0.1473935593E+00    0.7415946078E+14    0.1444177399E+00
    0.7790000000E+00    0.1040684247E-20    0.7185934897E-22    0.1257303485E-06    0.7035607733E+35    0.1455233023E+00    0.7321846137E+14    0.1527828402E+00
    0.7790000000E+00    0.1115113261E-20    0.7699867968E-22    0.1286589846E-06    0.5357239370E+35    0.1187331461E+00    0.5973928667E+14    0.1335715647E+00
    0.7790000000E+00    0.1194865387E-20    0.8250557175E-22    0.1316558373E-06    0.3410345644E+35    0.8098961260E-01    0.4074903969E+14    0.9762731814E-01
    0.7790000000E+00    0.1280321329E-20    0.8840631292E-22    0.1347224957E-06    0.1858680666E+35    0.4729722985E-01    0.2379708501E+14    0.6109107157E-01
    0.7790000000E+00    0.1371889021E-20    0.9472907100E-22    0.1378605858E-06    0.8796243790E+34    0.2398436260E-01    0.1206747029E+14    0.3319481243E-01
    0.7790000000E+00    0.1470005571E-20    0.1015040283E-21    0.1410717713E-06    0.3627640443E+34    0.1059876246E-01    0.5332651662E+13    0.1571799682E-01
    0.7790000000E+00    0.1575139348E-20    0.1087635259E-21    0.1443577550E-06    0.1285193460E+34    0.4023457616E-02    0.2024358789E+13    0.6393541204E-02
    0.7790000000E+00    0.1687792220E-20    0.1165422177E-21    0.1477202791E-06    0.3732961332E+33    0.1252230897E-02    0.6300463094E+12    0.2132192703E-02
    0.7790000000E+00    0.1808501947E-20    0.1248772362E-21    0.1511611264E-06    0.5355905225E+32    0.1925146603E-03    0.9686165028E+11    0.3512415176E-03
    0.7790000000E+00    0.1937844750E-20    0.1338083694E-21    0.1546821213E-06    0.1489042088E+31    0.5735059094E-05    0.2885532393E+10    0.1121191857E-04
    0.7790000000E+00    0.2076438060E-20    0.1433782510E-21    0.1582851308E-06    0.2724252470E+30    0.1124289817E-05    0.5656741514E+09    0.2355159448E-05
    0.7790000000E+00    0.2224943467E-20    0.1536325639E-21    0.1619720651E-06    0.6629428610E+29    0.2931615587E-06    0.1475010388E+09    0.6580350999E-06
    0.7790000000E+00    0.2384069878E-20    0.1646202581E-21    0.1657448792E-06    0.1404942364E+29    0.6657166701E-07    0.3349480771E+08    0.1601147973E-06
    0.7790000000E+00    0.2554576900E-20    0.1763937846E-21    0.1696055734E-06    0.2346793355E+28    0.1191532174E-07    0.5995064092E+07    0.3070773692E-07
    0.7790000000E+00    0.2737278465E-20    0.1890093455E-21    0.1735561947E-06    0.4921692818E+27    0.2677598328E-08    0.1347204376E+07    0.7394136536E-08
    0.7790000000E+00    0.2933046719E-20    0.2025271626E-21    0.1775988378E-06    0.1208871382E+27    0.7047109508E-09    0.3545676239E+06    0.2085225647E-08
    0.7790000000E+00    0.3142816182E-20    0.2170117645E-21    0.1817356462E-06    0.2648496550E+26    0.1654361198E-09    0.8323737816E+05    0.5245324647E-09
    0.7790000000E+00    0.3367588212E-20    0.2325322952E-21    0.1859688132E-06    0.6084811174E+25    0.4072658822E-10    0.2049113838E+05    0.1383630310E-09
    0.7790000000E+00    0.3608435782E-20    0.2491628434E-21    0.1903005833E-06    0.6204603259E+24    0.4449845583E-11    0.2238891241E+04    0.1619895422E-10
    0.7790000000E+00    0.3866508602E-20    0.2669827968E-21    0.1947332533E-06    0.2280699138E+24    0.1752665034E-11    0.8818342836E+03    0.6836612425E-11
