    0.7950000000E+00    0.4143038610E-23    0.2860772210E-24    0.1992691735E-07    0.0000000000E+00    0.0000000000E+00    0.0000000000E+00    0.0000000000E+00
    0.7950000000E+00    0.4439345853E-23    0.3065372650E-24    0.2039107488E-07    0.0000000000E+00    0.0000000000E+00    0.0000000000E+00    0.0000000000E+00
    0.7950000000E+00    0.4756844785E-23    0.3284605973E-24    0.2086604403E-07    0.0000000000E+00    0.0000000000E+00    0.0000000000E+00    0.0000000000E+00
    0.7950000000E+00    0.5097051019E-23    0.3519518710E-24    0.2135207663E-07    0.0000000000E+00    0.0000000000E+00    0.0000000000E+00    0.0000000000E+00
    0.7950000000E+00    0.5461588566E-23    0.3771232243E-24    0.2184943039E-07    0.0000000000E+00    0.0000000000E+00    0.0000000000E+00    0.0000000000E+00
    0.7950000000E+00    0.5852197586E-23    0.4040948153E-24    0.2235836900E-07    0.0000000000E+00    0.0000000000E+00    0.0000000000E+00    0.0000000000E+00
    0.7950000000E+00    0.6270742692E-23    0.4329953957E-24    0.2287916232E-07    0.0000000000E+00    0.0000000000E+00    0.0000000000E+00    0.0000000000E+00
    0.7950000000E+00    0.6719221852E-23    0.4639629256E-24    0.2341208647E-07    0.0000000000E+00    0.0000000000E+00    0.0000000000E+00    0.0000000000E+00
    0.7950000000E+00    0.7199775931E-23    0.4971452317E-24    0.2395742402E-07    0.0000000000E+00    0.0000000000E+00    0.0000000000E+00    0.0000000000E+00
    0.7950000000E+00    0.7714698903E-23    0.5327007132E-24    0.2451546411E-07    0.0000000000E+00    0.0000000000E+00    0.0000000000E+00    0.0000000000E+00
    0.7950000000E+00    0.8266448809E-23    0.5707990981E-24    0.2508650263E-07    0.0000000000E+00    0.0000000000E+00    0.0000000000E+00    0.0000000000E+00
    0.7950000000E+00    0.8857659485E-23    0.6116222531E-24    0.2567084234E-07    0.0000000000E+00    0.0000000000E+00    0.0000000000E+00    0.0000000000E+00
    0.7950000000E+00    0.9491153137E-23    0.6553650517E-24    0.2626879307E-07    0.0000000000E+00    0.0000000000E+00    0.0000000000E+00    0.0000000000E+00
    0.7950000000E+00    0.1016995382E-22    0.7022363048E-24    0.2688067187E-07    0.0000000000E+00    0.0000000000E+00    0.0000000000E+00    0.0000000000E+00
    0.7950000000E+00    0.1089730185E-22    0.7524597575E-24    0.2750680315E-07    0.0000000000E+00    0.0000000000E+00    0.0000000000E+00    0.0000000000E+00
    0.7950000000E+00    0.1167666930E-22    0.8062751566E-24    0.2814751890E-07    0.0000000000E+00    0.0000000000E+00    0.0000000000E+00    0.0000000000E+00
    0.7950000000E+00    0.1251177658E-22    0.8639393956E-24    0.2880315884E-07    0.0000000000E+00    0.0000000000E+00    0.0000000000E+00    0.0000000000E+00
    0.7950000000E+00    0.1340661015E-22    0.9257277409E-24    0.2947407060E-07   -0.1149300489E-15   -0.3062418330E-53   -0.1540822360E-38   -0.3965829214E-55
    0.7950000000E+00    0.1436544159E-22    0.9919351458E-24    0.3016060990E-07   -0.2098827704E-15   -0.5992495438E-53   -0.3015058680E-38   -0.8315286251E-55
    0.7950000000E+00    0.1539284799E-22    0.1062877658E-23    0.3086314075E-07   -0.3102108767E-15   -0.9490474901E-53   -0.4775028871E-38   -0.1411098847E-54
    0.7950000000E+00    0.1649373379E-22    0.1138893930E-23    0.3158203565E-07   -0.4421005487E-15   -0.1449278928E-52   -0.7291888758E-38   -0.2308986906E-54
    0.7950000000E+00    0.1767335417E-22    0.1220346833E-23    0.3231767576E-07   -0.5263542659E-15   -0.1848881475E-52   -0.9302445359E-38   -0.3156302092E-54
    0.7950000000E+00    0.1893734018E-22    0.1307625190E-23    0.3307045113E-07   -0.3427924204E-15   -0.1290215142E-52   -0.6491576677E-38   -0.2360106639E-54
    0.7950000000E+00    0.2029172559E-22    0.1401145635E-23    0.3384076090E-07    0.3507160219E-14    0.1414446516E-51    0.7116633278E-37    0.2772400844E-53
    0.7950000000E+00    0.2174297571E-22    0.1501354598E-23    0.3462901348E-07    0.9855317843E-14    0.4258940367E-51    0.2142839365E-36    0.8944808585E-53
    0.7950000000E+00    0.2329801823E-22    0.1608730435E-23    0.3543562682E-07   -0.3261132191E-14   -0.1510077815E-51   -0.7597791722E-37   -0.3398355588E-53
    0.7950000000E+00    0.2496427630E-22    0.1723785718E-23    0.3626102861E-07   -0.1794870914E-12   -0.8905619667E-50   -0.4480765342E-35   -0.2147502291E-51
    0.7950000000E+00    0.2674970400E-22    0.1847069675E-23    0.3710565646E-07   -0.4900991312E-12   -0.2605642664E-49   -0.1311000669E-34   -0.6732623811E-51
    0.7950000000E+00    0.2866282424E-22    0.1979170815E-23    0.3796995823E-07   -0.2597057800E-12   -0.1479491721E-49   -0.7443901126E-35   -0.4096208282E-51
    0.7950000000E+00    0.3071276952E-22    0.2120719737E-23    0.3885439218E-07    0.4862306500E-11    0.2968063960E-48    0.1493348989E-33    0.8805271422E-50
    0.7950000000E+00    0.3290932546E-22    0.2272392139E-23    0.3975942724E-07    0.1062087354E-09    0.6946901829E-47    0.3495257839E-32    0.2208313126E-48
    0.7950000000E+00    0.3526297755E-22    0.2434912046E-23    0.4068554327E-07    0.2433576212E-09    0.1705594848E-46    0.8581514333E-32    0.5809588442E-48
    0.7950000000E+00    0.3778496121E-22    0.2609055264E-23    0.4163323131E-07   -0.2165996603E-08   -0.1626629691E-45   -0.8184209763E-31   -0.5936878859E-47
    0.7950000000E+00    0.4048731538E-22    0.2795653084E-23    0.4260299385E-07   -0.9483003413E-07   -0.7630918773E-44   -0.3839413499E-29   -0.2984326414E-45
    0.7950000000E+00    0.4338294005E-22    0.2995596250E-23    0.4359534505E-07    0.4103265308E-07    0.3538021945E-44    0.1780117129E-29    0.1482620547E-45
    0.7950000000E+00    0.4648565778E-22    0.3209839213E-23    0.4461081109E-07    0.1424025531E-04    0.1315675234E-41    0.6619676352E-27    0.5907696717E-43
    0.7950000000E+00    0.4981027973E-22    0.3439404683E-23    0.4564993037E-07    0.8202305298E-05    0.8120202393E-42    0.4085591213E-27    0.3906936442E-43
    0.7950000000E+00    0.5337267633E-22    0.3685388516E-23    0.4671325384E-07   -0.2402725524E-02   -0.2548796052E-39   -0.1282398917E-24   -0.1314027874E-40
    0.7950000000E+00    0.5718985306E-22    0.3948964943E-23    0.4780134531E-07   -0.2750090340E+00   -0.3125920182E-37   -0.1572772624E-22   -0.1726821219E-38
    0.7950000000E+00    0.6128003161E-22    0.4231392172E-23    0.4891478167E-07   -0.2968971096E+01   -0.3616070537E-36   -0.1819386426E-21   -0.2140456399E-37
    0.7950000000E+00    0.6566273690E-22    0.4534018400E-23    0.5005415331E-07    0.7704601414E+01    0.1005497743E-35    0.5059052155E-21    0.6377501833E-37
    0.7950000000E+00    0.7035889022E-22    0.4858288246E-23    0.5122006431E-07    0.9794371954E+03    0.1369643424E-33    0.6891211411E-19    0.9308442255E-35
    0.7950000000E+00    0.7539090917E-22    0.5205749646E-23    0.5241313287E-07    0.1607490391E+05    0.2408681125E-32    0.1211901620E-17    0.1754077596E-33
    0.7950000000E+00    0.8078281461E-22    0.5578061244E-23    0.5363399157E-07   -0.2443292246E+04   -0.3922891899E-33   -0.1973760246E-18   -0.3061088127E-34
    0.7950000000E+00    0.8656034539E-22    0.5977000309E-23    0.5488328773E-07   -0.1587898453E+07   -0.2731829872E-30   -0.1374490386E-15   -0.2284142222E-31
    0.7950000000E+00    0.9275108115E-22    0.6404471218E-23    0.5616168372E-07   -0.7588557826E+08   -0.1398911279E-28   -0.7038469428E-14   -0.1253313345E-29
    0.7950000000E+00    0.9938457404E-22    0.6862514550E-23    0.5746985739E-07   -0.3155416339E+10   -0.6232863184E-27   -0.3135997087E-12   -0.5983524671E-28
    0.7950000000E+00    0.1064924897E-21    0.7353316823E-23    0.5880850233E-07   -0.1184258570E+12   -0.2506556278E-25   -0.1261146436E-10   -0.2578380168E-26
    0.7950000000E+00    0.1141087586E-21    0.7879220933E-23    0.6017832832E-07   -0.5489363327E+12   -0.1244952841E-24   -0.6263844348E-10   -0.1372215728E-25
    0.7950000000E+00    0.1222697377E-21    0.8442737340E-23    0.6158006166E-07    0.7112106279E+12    0.1728339922E-24    0.8695953694E-10    0.2041261544E-25
    0.7950000000E+00    0.1310143844E-21    0.9046556049E-23    0.6301444556E-07    0.4489534361E+14    0.1169047678E-22    0.5881935807E-08    0.1479454850E-23
    0.7950000000E+00    0.1403844422E-21    0.9693559452E-23    0.6448224056E-07    0.1146126563E+16    0.3197889859E-21    0.1608983382E-06    0.4336436527E-22
    0.7950000000E+00    0.1504246400E-21    0.1038683609E-22    0.6598422489E-07    0.2560321352E+17    0.7654651130E-20    0.3851354176E-05    0.1112230740E-20
    0.7950000000E+00    0.1611829057E-21    0.1112969539E-22    0.6752119493E-07    0.3492097351E+18    0.1118709345E-18    0.5628663979E-04    0.1741753766E-19
    0.7950000000E+00    0.1727105951E-21    0.1192568347E-22    0.6909396560E-07    0.4299294973E+18    0.1475802245E-18    0.7425337934E-04    0.2462054481E-19
    0.7950000000E+00    0.1850627369E-21    0.1277860007E-22    0.7070337081E-07   -0.2305725592E+19   -0.8480833634E-18   -0.4267038886E-03   -0.1516030840E-18
    0.7950000000E+00    0.1982982953E-21    0.1369251667E-22    0.7235026388E-07   -0.5098755097E+20   -0.2009532694E-16   -0.1011074444E-01   -0.3849147632E-17
    0.7950000000E+00    0.2124804516E-21    0.1467179595E-22    0.7403551802E-07   -0.7373233603E+21   -0.3113787118E-15   -0.1566668005E+00   -0.6390846842E-16
    0.7950000000E+00    0.2276769058E-21    0.1572111260E-22    0.7576002677E-07   -0.9457985902E+22   -0.4279860230E-14   -0.2153364966E+01   -0.9412371894E-15
    0.7950000000E+00    0.2439602000E-21    0.1684547565E-22    0.7752470448E-07   -0.1111964265E+24   -0.5391650774E-13   -0.2712750244E+02   -0.1270548496E-13
    0.7950000000E+00    0.2614080640E-21    0.1805025236E-22    0.7933048683E-07   -0.1206141483E+25   -0.6266559658E-12   -0.3152951100E+03   -0.1582335861E-12
    0.7950000000E+00    0.2801037871E-21    0.1934119387E-22    0.8117833125E-07   -0.4334833262E+25   -0.2413255591E-11   -0.1214203213E+04   -0.6529393058E-12
    0.7950000000E+00    0.3001366153E-21    0.2072446262E-22    0.8306921749E-07   -0.3459773131E+25   -0.2063851976E-11   -0.1038404597E+04   -0.5983400007E-12
    0.7950000000E+00    0.3216021775E-21    0.2220666179E-22    0.8500414813E-07    0.1741070314E+26    0.1112877173E-10    0.5599320042E+04    0.3457138086E-11
    0.7950000000E+00    0.3446029418E-21    0.2379486681E-22    0.8698414910E-07    0.2103301366E+27    0.1440563570E-09    0.7248038384E+05    0.4795146940E-10
    0.7950000000E+00    0.3692487048E-21    0.2549665916E-22    0.8901027021E-07    0.1674139419E+28    0.1228634047E-08    0.6181738120E+06    0.4382198424E-09
    0.7950000000E+00    0.3956571157E-21    0.2732016250E-22    0.9108358575E-07    0.1170746407E+29    0.9206483040E-08    0.4632141465E+07    0.3518546133E-08
    0.7950000000E+00    0.4239542377E-21    0.2927408154E-22    0.9320519501E-07    0.7519306906E+29    0.6335906142E-07    0.3187842027E+08    0.2594646681E-07
    0.7950000000E+00    0.4542751502E-21    0.3136774352E-22    0.9537622289E-07    0.4483675978E+30    0.4048229672E-06    0.2036822578E+09    0.1776374932E-06
    0.7950000000E+00    0.4867645933E-21    0.3361114274E-22    0.9759782052E-07    0.2491508644E+31    0.2410423330E-05    0.1212778192E+10    0.1133346778E-05
    0.7950000000E+00    0.5215776589E-21    0.3601498832E-22    0.9987116580E-07    0.1292828563E+32    0.1340206940E-04    0.6743104953E+10    0.6752138698E-05
    0.7950000000E+00    0.5588805307E-21    0.3859075526E-22    0.1021974641E-06    0.6273506836E+32    0.6968532013E-04    0.3506140830E+11    0.3761930706E-04
    0.7950000000E+00    0.5988512779E-21    0.4135073927E-22    0.1045779488E-06    0.2849945398E+33    0.3392090756E-03    0.1706693444E+12    0.1962171465E-03
    0.7950000000E+00    0.6416807053E-21    0.4430811541E-22    0.1070138822E-06    0.1212665718E+34    0.1546578698E-02    0.7781441930E+12    0.9586090311E-03
    0.7950000000E+00    0.6875732635E-21    0.4747700104E-22    0.1095065557E-06    0.4831763448E+34    0.6602928400E-02    0.3322191362E+13    0.4385368373E-02
    0.7950000000E+00    0.7367480256E-21    0.5087252317E-22    0.1120572911E-06    0.1708380554E+35    0.2501586608E-01    0.1258646000E+14    0.1780266565E-01
    0.7950000000E+00    0.7894397325E-21    0.5451089068E-22    0.1146674407E-06    0.3859568433E+35    0.6055774147E-01    0.3046896671E+14    0.4617842982E-01
    0.7950000000E+00    0.8458999137E-21    0.5840947171E-22    0.1173383885E-06    0.6053566716E+35    0.1017752686E+00    0.5120711563E+14    0.8315947697E-01
    0.7950000000E+00    0.9063980879E-21    0.6258687655E-22    0.1200715507E-06    0.7343518833E+35    0.1322924736E+00    0.6656151428E+14    0.1158256188E+00
    0.7950000000E+00    0.9712230494E-21    0.6706304648E-22    0.1228683764E-06    0.7460988048E+35    0.1440214796E+00    0.7246283564E+14    0.1351128828E+00
    0.7950000000E+00    0.1040684247E-20    0.7185934897E-22    0.1257303485E-06    0.7276750305E+35    0.1505110539E+00    0.7572799412E+14    0.1512996380E+00
    0.7950000000E+00    0.1115113261E-20    0.7699867968E-22    0.1286589846E-06    0.6316915323E+35    0.1400025607E+00    0.7044076048E+14    0.1508014340E+00
    0.7950000000E+00    0.1194865387E-20    0.8250557175E-22    0.1316558373E-06    0.4464089052E+35    0.1060141348E+00    0.5333985493E+14    0.1223582524E+00
    0.7950000000E+00    0.1280321329E-20    0.8840631292E-22    0.1347224957E-06    0.2650551581E+35    0.6744770614E-01    0.3393557724E+14    0.8341356374E-01
    0.7950000000E+00    0.1371889021E-20    0.9472907100E-22    0.1378605858E-06    0.1346945566E+35    0.3672662061E-01    0.1847859834E+14    0.4866878013E-01
    0.7950000000E+00    0.1470005571E-20    0.1015040283E-21    0.1410717713E-06    0.5904855095E+34    0.1725202856E-01    0.8680169887E+13    0.2449681715E-01
    0.7950000000E+00    0.1575139348E-20    0.1087635259E-21    0.1443577550E-06    0.2220200135E+34    0.6950612044E-02    0.3497124593E+13    0.1057529621E-01
    0.7950000000E+00    0.1687792220E-20    0.1165422177E-21    0.1477202791E-06    0.6972533088E+33    0.2338953069E-02    0.1176818710E+13    0.3813212429E-02
    0.7950000000E+00    0.1808501947E-20    0.1248772362E-21    0.1511611264E-06    0.1413753500E+33    0.5081648449E-03    0.2556775958E+12    0.8877161260E-03
    0.7950000000E+00    0.1937844750E-20    0.1338083694E-21    0.1546821213E-06    0.2208695266E+31    0.8506809829E-05    0.4280108525E+10    0.1592341509E-04
    0.7950000000E+00    0.2076438060E-20    0.1433782510E-21    0.1582851308E-06    0.3875139147E+30    0.1599256872E-05    0.8046486413E+09    0.3207655489E-05
    0.7950000000E+00    0.2224943467E-20    0.1536325639E-21    0.1619720651E-06    0.9447955369E+29    0.4178003091E-06    0.2102116658E+09    0.8979212490E-06
    0.7950000000E+00    0.2384069878E-20    0.1646202581E-21    0.1657448792E-06    0.2062721391E+29    0.9773981130E-07    0.4917671935E+08    0.2250821155E-06
    0.7950000000E+00    0.2554576900E-20    0.1763937846E-21    0.1696055734E-06    0.3305702831E+28    0.1678397151E-07    0.8444672089E+07    0.4141562558E-07
    0.7950000000E+00    0.2737278465E-20    0.1890093455E-21    0.1735561947E-06    0.6755155029E+27    0.3675075320E-08    0.1849074039E+07    0.9717079065E-08
    0.7950000000E+00    0.2933046719E-20    0.2025271626E-21    0.1775988378E-06    0.1658337234E+27    0.9667268388E-09    0.4863980584E+06    0.2738881661E-08
    0.7950000000E+00    0.3142816182E-20    0.2170117645E-21    0.1817356462E-06    0.3652741340E+26    0.2281654299E-09    0.1147989459E+06    0.6926587675E-09
    0.7950000000E+00    0.3367588212E-20    0.2325322952E-21    0.1859688132E-06    0.8489811171E+25    0.5682362750E-10    0.2859018802E+05    0.1848410585E-09
    0.7950000000E+00    0.3608435782E-20    0.2491628434E-21    0.1903005833E-06    0.9204945190E+24    0.6601644454E-11    0.3321545359E+04    0.2301026514E-10
    0.7950000000E+00    0.3866508602E-20    0.2669827968E-21    0.1947332533E-06    0.3189988803E+24    0.2451433308E-11    0.1233411915E+04    0.9155658275E-11
