    0.7150000000E+00    0.4143038610E-23    0.2860772210E-24    0.1992691735E-07   -0.3792000560E-11   -0.3122477493E-49   -0.1571040473E-34   -0.1683700184E-51
    0.7150000000E+00    0.4439345853E-23    0.3065372650E-24    0.2039107488E-07   -0.5024912730E-11   -0.4433630004E-49   -0.2230732549E-34   -0.2561680073E-51
    0.7150000000E+00    0.4756844785E-23    0.3284605973E-24    0.2086604403E-07    0.1928166539E-11    0.1822952976E-49    0.9171988947E-35    0.1128602242E-51
    0.7150000000E+00    0.5097051019E-23    0.3519518710E-24    0.2135207663E-07    0.2430311595E-10    0.2462027405E-48    0.1238742219E-33    0.1633271280E-50
    0.7150000000E+00    0.5461588566E-23    0.3771232243E-24    0.2184943039E-07    0.2497986536E-10    0.2711571228E-48    0.1364297470E-33    0.1927464818E-50
    0.7150000000E+00    0.5852197586E-23    0.4040948153E-24    0.2235836900E-07   -0.2194111990E-10   -0.2552053148E-48   -0.1284037689E-33   -0.1943816021E-50
    0.7150000000E+00    0.6270742692E-23    0.4329953957E-24    0.2287916232E-07   -0.1232047623E-09   -0.1535530400E-47   -0.7725853625E-33   -0.1253210028E-49
    0.7150000000E+00    0.6719221852E-23    0.4639629256E-24    0.2341208647E-07   -0.8485840822E-10   -0.1133250201E-47   -0.5701824708E-33   -0.9910401455E-50
    0.7150000000E+00    0.7199775931E-23    0.4971452317E-24    0.2395742402E-07    0.3297454525E-09    0.4718562792E-47    0.2374093372E-32    0.4421556525E-49
    0.7150000000E+00    0.7714698903E-23    0.5327007132E-24    0.2451546411E-07    0.4203139292E-09    0.6444729691E-47    0.3242595408E-32    0.6470981365E-49
    0.7150000000E+00    0.8266448809E-23    0.5707990981E-24    0.2508650263E-07   -0.5831122426E-09   -0.9580387679E-47   -0.4820267503E-32   -0.1030738567E-48
    0.7150000000E+00    0.8857659485E-23    0.6116222531E-24    0.2567084234E-07   -0.1317223253E-08   -0.2318944275E-46   -0.1166751504E-31   -0.2673349593E-48
    0.7150000000E+00    0.9491153137E-23    0.6553650517E-24    0.2626879307E-07    0.1078195691E-08    0.2033894939E-46    0.1023332041E-31    0.2512429929E-48
    0.7150000000E+00    0.1016995382E-22    0.7022363048E-24    0.2688067187E-07    0.3080921712E-08    0.6227469177E-46    0.3133283152E-31    0.8242843024E-48
    0.7150000000E+00    0.1089730185E-22    0.7524597575E-24    0.2750680315E-07   -0.2632294135E-08   -0.5701187707E-46   -0.2868490374E-31   -0.8085944993E-48
    0.7150000000E+00    0.1167666930E-22    0.8062751566E-24    0.2814751890E-07   -0.5438066542E-08   -0.1262046746E-45   -0.6349850466E-31   -0.1917965911E-47
    0.7150000000E+00    0.1251177658E-22    0.8639393956E-24    0.2880315884E-07    0.6507801617E-08    0.1618323085E-45    0.8142415985E-31    0.2635303701E-47
    0.7150000000E+00    0.1340661015E-22    0.9257277409E-24    0.2947407060E-07    0.5954470166E-08    0.1586624103E-45    0.7982926015E-31    0.2768467886E-47
    0.7150000000E+00    0.1436544159E-22    0.9919351458E-24    0.3016060990E-07   -0.1126144450E-07   -0.3215326092E-45   -0.1617756232E-30   -0.6011605420E-47
    0.7150000000E+00    0.1539284799E-22    0.1062877658E-23    0.3086314075E-07    0.3859562728E-08    0.1180780106E-45    0.5940966239E-31    0.2365562736E-47
    0.7150000000E+00    0.1649373379E-22    0.1138893930E-23    0.3158203565E-07   -0.5374790034E-09   -0.1761945323E-46   -0.8865035599E-32   -0.3782316521E-48
    0.7150000000E+00    0.1767335417E-22    0.1220346833E-23    0.3231767576E-07   -0.4240368598E-08   -0.1489479511E-45   -0.7494153604E-31   -0.3426099537E-47
    0.7150000000E+00    0.1893734018E-22    0.1307625190E-23    0.3307045113E-07    0.1169176413E-06    0.4400590624E-44    0.2214109146E-29    0.1084617011E-45
    0.7150000000E+00    0.2029172559E-22    0.1401145635E-23    0.3384076090E-07   -0.8746346894E-07   -0.3527423648E-44   -0.1774784711E-29   -0.9315862389E-46
    0.7150000000E+00    0.2174297571E-22    0.1501354598E-23    0.3462901348E-07   -0.4739956541E-06   -0.2048355271E-43   -0.1030607599E-28   -0.5796565215E-45
    0.7150000000E+00    0.2329801823E-22    0.1608730435E-23    0.3543562682E-07    0.3207957059E-06    0.1485454898E-43    0.7473904202E-29    0.4504275156E-45
    0.7150000000E+00    0.2496427630E-22    0.1723785718E-23    0.3626102861E-07   -0.3002989940E-05   -0.1489994966E-42   -0.7496747059E-28   -0.4841169001E-44
    0.7150000000E+00    0.2674970400E-22    0.1847069675E-23    0.3710565646E-07   -0.9387440111E-04   -0.4990891209E-41   -0.2511112443E-26   -0.1737574946E-42
    0.7150000000E+00    0.2866282424E-22    0.1979170815E-23    0.3796995823E-07   -0.1656316641E-03   -0.9435703580E-41   -0.4747471278E-26   -0.3519976238E-42
    0.7150000000E+00    0.3071276952E-22    0.2120719737E-23    0.3885439218E-07    0.3494933908E-03    0.2133388213E-40    0.1073390996E-25    0.8527767156E-42
    0.7150000000E+00    0.3290932546E-22    0.2272392139E-23    0.3975942724E-07    0.7246320793E-02    0.4739674095E-39    0.2384715294E-24    0.2030083600E-40
    0.7150000000E+00    0.3526297755E-22    0.2434912046E-23    0.4068554327E-07    0.5922637902E-01    0.4150936651E-38    0.2088498474E-23    0.1905072676E-39
    0.7150000000E+00    0.3778496121E-22    0.2609055264E-23    0.4163323131E-07    0.6741748412E-01    0.5062947983E-38    0.2547367022E-23    0.2489825485E-39
    0.7150000000E+00    0.4048731538E-22    0.2795653084E-23    0.4260299385E-07   -0.1240118950E+01   -0.9979166474E-37   -0.5020908702E-22   -0.5258473749E-38
    0.7150000000E+00    0.4338294005E-22    0.2995596250E-23    0.4359534505E-07   -0.1226343222E+03   -0.1057408894E-34   -0.5320237449E-20   -0.5970468367E-36
    0.7150000000E+00    0.4648565778E-22    0.3209839213E-23    0.4461081109E-07   -0.4830818095E+04   -0.4463254055E-33   -0.2245637567E-18   -0.2700331303E-34
    0.7150000000E+00    0.4981027973E-22    0.3439404683E-23    0.4564993037E-07   -0.3917602145E+04   -0.3878387984E-33   -0.1951368587E-18   -0.2514297683E-34
    0.7150000000E+00    0.5337267633E-22    0.3685388516E-23    0.4671325384E-07    0.3134955508E+06    0.3325540992E-31    0.1673209656E-16    0.2310083872E-32
    0.7150000000E+00    0.5718985306E-22    0.3948964943E-23    0.4780134531E-07    0.1064821697E+08    0.1210341196E-29    0.6089699637E-15    0.9008930949E-31
    0.7150000000E+00    0.6128003161E-22    0.4231392172E-23    0.4891478167E-07    0.1055617085E+08    0.1285693163E-29    0.6468824833E-15    0.1025422345E-30
    0.7150000000E+00    0.6566273690E-22    0.4534018400E-23    0.5005415331E-07   -0.3734378167E+09   -0.4873592566E-28   -0.2452094911E-13   -0.4164996701E-29
    0.7150000000E+00    0.7035889022E-22    0.4858288246E-23    0.5122006431E-07   -0.1641408336E+11   -0.2295342820E-26   -0.1154876689E-11   -0.2101904602E-27
    0.7150000000E+00    0.7539090917E-22    0.5205749646E-23    0.5241313287E-07   -0.5894453045E+12   -0.8832312698E-25   -0.4443881741E-10   -0.8666422924E-26
    0.7150000000E+00    0.8078281461E-22    0.5578061244E-23    0.5363399157E-07   -0.1904490970E+14   -0.3057805389E-23   -0.1538501410E-08   -0.3214957856E-24
    0.7150000000E+00    0.8656034539E-22    0.5977000309E-23    0.5488328773E-07   -0.8639577231E+14   -0.1486357966E-22   -0.7478447891E-08   -0.1674514289E-23
    0.7150000000E+00    0.9275108115E-22    0.6404471218E-23    0.5616168372E-07    0.7492699622E+14    0.1381240316E-22    0.6949559907E-08    0.1667380387E-23
    0.7150000000E+00    0.9938457404E-22    0.6862514550E-23    0.5746985739E-07    0.5170990974E+16    0.1021420814E-20    0.5139167352E-06    0.1321204810E-21
    0.7150000000E+00    0.1064924897E-21    0.7353316823E-23    0.5880850233E-07    0.1158243956E+18    0.2451494744E-19    0.1233442826E-04    0.3397789024E-20
    0.7150000000E+00    0.1141087586E-21    0.7879220933E-23    0.6017832832E-07    0.2243744429E+19    0.5088670278E-18    0.2560308914E-03    0.7557353796E-19
    0.7150000000E+00    0.1222697377E-21    0.8442737340E-23    0.6158006166E-07    0.1651965816E+20    0.4014504787E-17    0.2019854270E-02    0.6388478281E-18
    0.7150000000E+00    0.1310143844E-21    0.9046556049E-23    0.6301444556E-07    0.1312180089E+20    0.3416837834E-17    0.1719144666E-02    0.5826259310E-18
    0.7150000000E+00    0.1403844422E-21    0.9693559452E-23    0.6448224056E-07   -0.1631117121E+21   -0.4551096772E-16   -0.2289834671E-01   -0.8315368744E-17
    0.7150000000E+00    0.1504246400E-21    0.1038683609E-22    0.6598422489E-07   -0.2733411645E+22   -0.8172143125E-15   -0.4111724625E+00   -0.1599931565E-15
    0.7150000000E+00    0.1611829057E-21    0.1112969539E-22    0.6752119493E-07   -0.3390577515E+23   -0.1086187002E-13   -0.5465031359E+01   -0.2278610237E-14
    0.7150000000E+00    0.1727105951E-21    0.1192568347E-22    0.6909396560E-07   -0.3754927122E+24   -0.1288939213E-12   -0.6485156979E+02   -0.2897329436E-13
    0.7150000000E+00    0.1850627369E-21    0.1277860007E-22    0.7070337081E-07   -0.3807137321E+25   -0.1400327010E-11   -0.7045592524E+03   -0.3372833543E-12
    0.7150000000E+00    0.1982982953E-21    0.1369251667E-22    0.7235026388E-07   -0.2441770412E+26   -0.9623559831E-11   -0.4841989100E+04   -0.2483711758E-11
    0.7150000000E+00    0.2124804516E-21    0.1467179595E-22    0.7403551802E-07   -0.3211423070E+26   -0.1356214698E-10   -0.6823646241E+04   -0.3750540758E-11
    0.7150000000E+00    0.2276769058E-21    0.1572111260E-22    0.7576002677E-07    0.9726620655E+25    0.4401420910E-11    0.2214526895E+04    0.1304242491E-11
    0.7150000000E+00    0.2439602000E-21    0.1684547565E-22    0.7752470448E-07    0.4412364640E+27    0.2139450878E-09    0.1076441360E+06    0.6793096155E-10
    0.7150000000E+00    0.2614080640E-21    0.1805025236E-22    0.7933048683E-07    0.3611675346E+28    0.1876461371E-08    0.9441210598E+06    0.6384179231E-09
    0.7150000000E+00    0.2801037871E-21    0.1934119387E-22    0.8117833125E-07    0.2402928604E+29    0.1337740240E-07    0.6730694021E+07    0.4876825697E-08
    0.7150000000E+00    0.3001366153E-21    0.2072446262E-22    0.8306921749E-07    0.1445070377E+30    0.8620251211E-07    0.4337185318E+08    0.3367327559E-07
    0.7150000000E+00    0.3216021775E-21    0.2220666179E-22    0.8500414813E-07    0.8036805058E+30    0.5137056686E-06    0.2584654007E+09    0.2150204669E-06
    0.7150000000E+00    0.3446029418E-21    0.2379486681E-22    0.8698414910E-07    0.4161309021E+31    0.2850105208E-05    0.1433999330E+10    0.1278281002E-05
    0.7150000000E+00    0.3692487048E-21    0.2549665916E-22    0.8901027021E-07    0.2011451017E+32    0.1476183630E-04    0.7427256828E+10    0.7094239197E-05
    0.7150000000E+00    0.3956571157E-21    0.2732016250E-22    0.9108358575E-07    0.9092948439E+32    0.7150487510E-04    0.3597689752E+11    0.3682146766E-04
    0.7150000000E+00    0.4239542377E-21    0.2927408154E-22    0.9320519501E-07    0.3851161552E+33    0.3245059477E-03    0.1632716260E+12    0.1790556806E-03
    0.7150000000E+00    0.4542751502E-21    0.3136774352E-22    0.9537622289E-07    0.1531116543E+34    0.1382417340E-02    0.6955481975E+12    0.8173435040E-03
    0.7150000000E+00    0.4867645933E-21    0.3361114274E-22    0.9759782052E-07    0.5724510338E+34    0.5538208068E-02    0.2786488947E+13    0.3508606879E-02
    0.7150000000E+00    0.5215776589E-21    0.3601498832E-22    0.9987116580E-07    0.1885345319E+35    0.1954437698E-01    0.9833539976E+13    0.1326744431E-01
    0.7150000000E+00    0.5588805307E-21    0.3859075526E-22    0.1021974641E-06    0.4153127002E+35    0.4613240923E-01    0.2321101823E+14    0.3355610761E-01
    0.7150000000E+00    0.5988512779E-21    0.4135073927E-22    0.1045779488E-06    0.6718497999E+35    0.7996558451E-01    0.4023381113E+14    0.6232590002E-01
    0.7150000000E+00    0.6416807053E-21    0.4430811541E-22    0.1070138822E-06    0.8700583409E+35    0.1109632833E+00    0.5582996498E+14    0.9267119030E-01
    0.7150000000E+00    0.6875732635E-21    0.4747700104E-22    0.1095065557E-06    0.9343855534E+35    0.1276900447E+00    0.6424585243E+14    0.1142674358E+00
    0.7150000000E+00    0.7367480256E-21    0.5087252317E-22    0.1120572911E-06    0.9283174599E+35    0.1359337953E+00    0.6839360557E+14    0.1303445525E+00
    0.7150000000E+00    0.7894397325E-21    0.5451089068E-22    0.1146674407E-06    0.8799134432E+35    0.1380609561E+00    0.6946386332E+14    0.1418522796E+00
    0.7150000000E+00    0.8458999137E-21    0.5840947171E-22    0.1173383885E-06    0.7165235466E+35    0.1204651403E+00    0.6061072062E+14    0.1326254387E+00
    0.7150000000E+00    0.9063980879E-21    0.6258687655E-22    0.1200715507E-06    0.4953487831E+35    0.8923639647E-01    0.4489831899E+14    0.1052706894E+00
    0.7150000000E+00    0.9712230494E-21    0.6706304648E-22    0.1228683764E-06    0.3010570276E+35    0.5811385606E-01    0.2923935244E+14    0.7345902096E-01
    0.7150000000E+00    0.1040684247E-20    0.7185934897E-22    0.1257303485E-06    0.1642829040E+35    0.3397999378E-01    0.1709666302E+14    0.4602446380E-01
    0.7150000000E+00    0.1115113261E-20    0.7699867968E-22    0.1286589846E-06    0.8143830329E+34    0.1804926996E-01    0.9081293199E+13    0.2619540295E-01
    0.7150000000E+00    0.1194865387E-20    0.8250557175E-22    0.1316558373E-06    0.3667932015E+34    0.8710682844E-02    0.4382685007E+13    0.1354620501E-01
    0.7150000000E+00    0.1280321329E-20    0.8840631292E-22    0.1347224957E-06    0.1483010762E+34    0.3773768253E-02    0.1898730311E+13    0.6288407387E-02
    0.7150000000E+00    0.1371889021E-20    0.9472907100E-22    0.1378605858E-06    0.5262723962E+33    0.1434965683E-02    0.7219873226E+12    0.2562164194E-02
    0.7150000000E+00    0.1470005571E-20    0.1015040283E-21    0.1410717713E-06    0.1587225784E+33    0.4637347422E-03    0.2333230745E+12    0.8872276672E-03
    0.7150000000E+00    0.1575139348E-20    0.1087635259E-21    0.1443577550E-06    0.3889904754E+32    0.1217782956E-03    0.6127142039E+11    0.2496521635E-03
    0.7150000000E+00    0.1687792220E-20    0.1165422177E-21    0.1477202791E-06    0.6291480983E+31    0.2110492495E-04    0.1061871266E+11    0.4636062207E-04
    0.7150000000E+00    0.1808501947E-20    0.1248772362E-21    0.1511611264E-06    0.8643061640E+30    0.3106694397E-05    0.1563099380E+10    0.7312467969E-05
    0.7150000000E+00    0.1937844750E-20    0.1338083694E-21    0.1546821213E-06    0.1768571374E+30    0.6811668673E-06    0.3427216752E+09    0.1717983379E-05
    0.7150000000E+00    0.2076438060E-20    0.1433782510E-21    0.1582851308E-06    0.3801212544E+29    0.1568747612E-06    0.7892982401E+08    0.4239537882E-06
    0.7150000000E+00    0.2224943467E-20    0.1536325639E-21    0.1619720651E-06    0.8895013234E+28    0.3933485218E-07    0.1979090159E+08    0.1139050463E-06
    0.7150000000E+00    0.2384069878E-20    0.1646202581E-21    0.1657448792E-06    0.1780875303E+28    0.8438484076E-08    0.4245731168E+07    0.2618363135E-07
    0.7150000000E+00    0.2554576900E-20    0.1763937846E-21    0.1696055734E-06    0.3635297160E+27    0.1845741347E-08    0.9286646149E+06    0.6136719653E-08
    0.7150000000E+00    0.2737278465E-20    0.1890093455E-21    0.1735561947E-06    0.8469927115E+26    0.4607980123E-09    0.2318454909E+06    0.1641632871E-08
    0.7150000000E+00    0.2933046719E-20    0.2025271626E-21    0.1775988378E-06    0.2069335807E+26    0.1206318245E-09    0.6069458598E+05    0.4604975660E-09
    0.7150000000E+00    0.3142816182E-20    0.2170117645E-21    0.1817356462E-06    0.4073400089E+25    0.2544415265E-10    0.1280194772E+05    0.1040766812E-09
    0.7150000000E+00    0.3367588212E-20    0.2325322952E-21    0.1859688132E-06    0.9146025851E+24    0.6121577449E-11    0.3080004884E+04    0.2683050154E-10
    0.7150000000E+00    0.3608435782E-20    0.2491628434E-21    0.1903005833E-06    0.1315949449E+24    0.9437786104E-12    0.4748519077E+03    0.4432365572E-11
    0.7150000000E+00    0.3866508602E-20    0.2669827968E-21    0.1947332533E-06    0.5704804174E+23    0.4384011302E-12    0.2205767441E+03    0.2206160516E-11
