    0.7080000000E+00    0.4143038610E-23    0.2860772210E-24    0.1992691735E-07    0.2205190248E-10    0.1815837526E-48    0.9136188339E-34    0.1019063335E-50
    0.7080000000E+00    0.4439345853E-23    0.3065372650E-24    0.2039107488E-07    0.6181416072E-10    0.5454047311E-48    0.2744144381E-33    0.3279767742E-50
    0.7080000000E+00    0.4756844785E-23    0.3284605973E-24    0.2086604403E-07    0.3687687825E-10    0.3486463102E-48    0.1754175860E-33    0.2246514689E-50
    0.7080000000E+00    0.5097051019E-23    0.3519518710E-24    0.2135207663E-07   -0.1822468759E-09   -0.1846252159E-47   -0.9289216242E-33   -0.1274721190E-49
    0.7080000000E+00    0.5461588566E-23    0.3771232243E-24    0.2184943039E-07   -0.3399922496E-09   -0.3690625184E-47   -0.1856897783E-32   -0.2730386513E-49
    0.7080000000E+00    0.5852197586E-23    0.4040948153E-24    0.2235836900E-07   -0.1251890755E-09   -0.1456120635E-47   -0.7326312056E-33   -0.1154307574E-49
    0.7080000000E+00    0.6270742692E-23    0.4329953957E-24    0.2287916232E-07    0.1189555829E-08    0.1482571862E-46    0.7459398520E-32    0.1259331140E-48
    0.7080000000E+00    0.6719221852E-23    0.4639629256E-24    0.2341208647E-07    0.1374905252E-08    0.1836131134E-46    0.9238293412E-32    0.1671197910E-48
    0.7080000000E+00    0.7199775931E-23    0.4971452317E-24    0.2395742402E-07   -0.1709398786E-08   -0.2446100606E-46   -0.1230728824E-31   -0.2385604824E-48
    0.7080000000E+00    0.7714698903E-23    0.5327007132E-24    0.2451546411E-07   -0.5429799144E-08   -0.8325583649E-46   -0.4188926550E-31   -0.8700393150E-48
    0.7080000000E+00    0.8266448809E-23    0.5707990981E-24    0.2508650263E-07    0.6377512281E-09    0.1047809249E-46    0.5271937880E-32    0.1173292830E-48
    0.7080000000E+00    0.8857659485E-23    0.6116222531E-24    0.2567084234E-07    0.1535729898E-07    0.2703620702E-45    0.1360297250E-30    0.3243918634E-47
    0.7080000000E+00    0.9491153137E-23    0.6553650517E-24    0.2626879307E-07    0.2154623059E-08    0.4064454135E-46    0.2044985740E-31    0.5225482726E-48
    0.7080000000E+00    0.1016995382E-22    0.7022363048E-24    0.2688067187E-07   -0.3526387626E-07   -0.7127889735E-45   -0.3586319929E-30   -0.9819404754E-47
    0.7080000000E+00    0.1089730185E-22    0.7524597575E-24    0.2750680315E-07   -0.4465561585E-09   -0.9671793312E-47   -0.4866257250E-32   -0.1427681054E-48
    0.7080000000E+00    0.1167666930E-22    0.8062751566E-24    0.2814751890E-07    0.6724659840E-07    0.1560634649E-44    0.7852162913E-30    0.2468456248E-46
    0.7080000000E+00    0.1251177658E-22    0.8639393956E-24    0.2880315884E-07   -0.2609737711E-07   -0.6489747279E-45   -0.3265245517E-30   -0.1099896890E-46
    0.7080000000E+00    0.1340661015E-22    0.9257277409E-24    0.2947407060E-07   -0.1004914335E-06   -0.2677687957E-44   -0.1347249472E-29   -0.4862774767E-46
    0.7080000000E+00    0.1436544159E-22    0.9919351458E-24    0.3016060990E-07    0.1090331247E-06    0.3113073556E-44    0.1566308985E-29    0.6057781039E-46
    0.7080000000E+00    0.1539284799E-22    0.1062877658E-23    0.3086314075E-07    0.7942257960E-07    0.2429824532E-44    0.1222539695E-29    0.5066395644E-46
    0.7080000000E+00    0.1649373379E-22    0.1138893930E-23    0.3158203565E-07   -0.2599826173E-06   -0.8522661418E-44   -0.4288084079E-29   -0.1904142404E-45
    0.7080000000E+00    0.1767335417E-22    0.1220346833E-23    0.3231767576E-07    0.5098807136E-06    0.1791016178E-43    0.9011302436E-29    0.4287693157E-45
    0.7080000000E+00    0.1893734018E-22    0.1307625190E-23    0.3307045113E-07    0.4629841066E-06    0.1742597179E-43    0.8767687525E-29    0.4470140729E-45
    0.7080000000E+00    0.2029172559E-22    0.1401145635E-23    0.3384076090E-07   -0.3162586536E-05   -0.1275479085E-42   -0.6417433816E-28   -0.3505883907E-44
    0.7080000000E+00    0.2174297571E-22    0.1501354598E-23    0.3462901348E-07    0.2854655214E-05    0.1233629043E-42    0.6206869897E-28    0.3633362877E-44
    0.7080000000E+00    0.2329801823E-22    0.1608730435E-23    0.3543562682E-07    0.2677124628E-05    0.1239651223E-42    0.6237169837E-28    0.3912223904E-44
    0.7080000000E+00    0.2496427630E-22    0.1723785718E-23    0.3626102861E-07   -0.1892540854E-03   -0.9390229079E-41   -0.4724591279E-26   -0.3175414155E-42
    0.7080000000E+00    0.2674970400E-22    0.1847069675E-23    0.3710565646E-07   -0.4358624407E-03   -0.2317289909E-40   -0.1165919127E-25   -0.8396621169E-42
    0.7080000000E+00    0.2866282424E-22    0.1979170815E-23    0.3796995823E-07    0.8257641229E-03    0.4704212526E-40    0.2366873192E-25    0.1826464028E-41
    0.7080000000E+00    0.3071276952E-22    0.2120719737E-23    0.3885439218E-07    0.1825185301E-01    0.1114135176E-38    0.5605649547E-24    0.4635131669E-40
    0.7080000000E+00    0.3290932546E-22    0.2272392139E-23    0.3975942724E-07    0.1060064342E+00    0.6933669714E-38    0.3488600245E-23    0.3090916973E-39
    0.7080000000E+00    0.3526297755E-22    0.2434912046E-23    0.4068554327E-07    0.1256238695E+00    0.8804467415E-38    0.4429871691E-23    0.4205593373E-39
    0.7080000000E+00    0.3778496121E-22    0.2609055264E-23    0.4163323131E-07   -0.3309994487E+00   -0.2485754271E-37   -0.1250680133E-22   -0.1272279072E-38
    0.7080000000E+00    0.4048731538E-22    0.2795653084E-23    0.4260299385E-07   -0.3615089647E+02   -0.2909042025E-35   -0.1463652747E-20   -0.1595416887E-36
    0.7080000000E+00    0.4338294005E-22    0.2995596250E-23    0.4359534505E-07   -0.3069119943E+04   -0.2646334783E-33   -0.1331474465E-18   -0.1555138146E-34
    0.7080000000E+00    0.4648565778E-22    0.3209839213E-23    0.4461081109E-07   -0.1921456822E+05   -0.1775258307E-32   -0.8932018426E-18   -0.1117855693E-33
    0.7080000000E+00    0.4981027973E-22    0.3439404683E-23    0.4564993037E-07    0.7419524143E+05    0.7345256671E-32    0.3695685730E-17    0.4955998491E-33
    0.7080000000E+00    0.5337267633E-22    0.3685388516E-23    0.4671325384E-07    0.6448696189E+07    0.6840736166E-30    0.3441841744E-15    0.4945691584E-31
    0.7080000000E+00    0.5718985306E-22    0.3948964943E-23    0.4780134531E-07    0.3761263647E+08    0.4275281351E-29    0.2151061153E-14    0.3311989030E-30
    0.7080000000E+00    0.6128003161E-22    0.4231392172E-23    0.4891478167E-07   -0.8633343623E+08   -0.1051501632E-28   -0.5290515701E-14   -0.8728389939E-30
    0.7080000000E+00    0.6566273690E-22    0.4534018400E-23    0.5005415331E-07   -0.6284507946E+10   -0.8201668347E-27   -0.4126579918E-12   -0.7295018419E-28
    0.7080000000E+00    0.7035889022E-22    0.4858288246E-23    0.5122006431E-07   -0.2359502891E+12   -0.3299525110E-25   -0.1660120049E-10   -0.3144673978E-26
    0.7080000000E+00    0.7539090917E-22    0.5205749646E-23    0.5241313287E-07   -0.7832210361E+13   -0.1173586938E-23   -0.5904774599E-09   -0.1198503914E-24
    0.7080000000E+00    0.8078281461E-22    0.5578061244E-23    0.5363399157E-07   -0.1254623012E+15   -0.2014392857E-22   -0.1013519782E-07   -0.2204288130E-23
    0.7080000000E+00    0.8656034539E-22    0.5977000309E-23    0.5488328773E-07   -0.1210855806E+15   -0.2083163475E-22   -0.1048120968E-07   -0.2442572940E-23
    0.7080000000E+00    0.9275108115E-22    0.6404471218E-23    0.5616168372E-07    0.2054534250E+16    0.3787427336E-21    0.1905602729E-06    0.4758482742E-22
    0.7080000000E+00    0.9938457404E-22    0.6862514550E-23    0.5746985739E-07    0.5362990728E+17    0.1059346339E-19    0.5329985490E-05    0.1426139994E-20
    0.7080000000E+00    0.1064924897E-21    0.7353316823E-23    0.5880850233E-07    0.1075498498E+19    0.2276358882E-18    0.1145325128E-03    0.3283710952E-19
    0.7080000000E+00    0.1141087586E-21    0.7879220933E-23    0.6017832832E-07    0.1636258529E+20    0.3710930726E-17    0.1867114295E-02    0.5735972181E-18
    0.7080000000E+00    0.1222697377E-21    0.8442737340E-23    0.6158006166E-07    0.2904258877E+20    0.7057749654E-17    0.3551029713E-02    0.1168935205E-17
    0.7080000000E+00    0.1310143844E-21    0.9046556049E-23    0.6301444556E-07   -0.4902980437E+20   -0.1276706544E-16   -0.6423609638E-02   -0.2265767137E-17
    0.7080000000E+00    0.1403844422E-21    0.9693559452E-23    0.6448224056E-07   -0.1391311768E+22   -0.3881998672E-15   -0.1953185265E+00   -0.7382094011E-16
    0.7080000000E+00    0.1504246400E-21    0.1038683609E-22    0.6598422489E-07   -0.1837961993E+23   -0.5494996881E-14   -0.2764747710E+01   -0.1119674118E-14
    0.7080000000E+00    0.1611829057E-21    0.1112969539E-22    0.6752119493E-07   -0.2089575353E+24   -0.6694050139E-13   -0.3368038271E+02   -0.1461548226E-13
    0.7080000000E+00    0.1727105951E-21    0.1192568347E-22    0.6909396560E-07   -0.2160543782E+25   -0.7416414517E-12   -0.3731488024E+03   -0.1735074729E-12
    0.7080000000E+00    0.1850627369E-21    0.1277860007E-22    0.7070337081E-07   -0.1923684289E+26   -0.7075623603E-11   -0.3560022795E+04   -0.1773735716E-11
    0.7080000000E+00    0.1982982953E-21    0.1369251667E-22    0.7235026388E-07   -0.4257721913E+26   -0.1678062826E-10   -0.8442989970E+04   -0.4507465442E-11
    0.7080000000E+00    0.2124804516E-21    0.1467179595E-22    0.7403551802E-07   -0.2513446074E+26   -0.1061452332E-10   -0.5340581567E+04   -0.3055094757E-11
    0.7080000000E+00    0.2276769058E-21    0.1572111260E-22    0.7576002677E-07    0.2179095133E+27    0.9860685660E-10    0.4961296373E+05    0.3041104219E-10
    0.7080000000E+00    0.2439602000E-21    0.1684547565E-22    0.7752470448E-07    0.2128913187E+28    0.1032259471E-08    0.5193700869E+06    0.3411246203E-09
    0.7080000000E+00    0.2614080640E-21    0.1805025236E-22    0.7933048683E-07    0.1477158365E+29    0.7674639454E-08    0.3861411083E+07    0.2717578958E-08
    0.7080000000E+00    0.2801037871E-21    0.1934119387E-22    0.8117833125E-07    0.9061586995E+29    0.5044698183E-07    0.2538184834E+08    0.1914076879E-07
    0.7080000000E+00    0.3001366153E-21    0.2072446262E-22    0.8306921749E-07    0.5112596818E+30    0.3049807789E-06    0.1534477504E+09    0.1239928546E-06
    0.7080000000E+00    0.3216021775E-21    0.2220666179E-22    0.8500414813E-07    0.2681081501E+31    0.1713724241E-05    0.8622416489E+09    0.7465607083E-06
    0.7080000000E+00    0.3446029418E-21    0.2379486681E-22    0.8698414910E-07    0.1311624035E+32    0.8983390745E-05    0.4519895012E+10    0.4193382510E-05
    0.7080000000E+00    0.3692487048E-21    0.2549665916E-22    0.8901027021E-07    0.5997654686E+32    0.4401618330E-04    0.2214626225E+11    0.2201590643E-04
    0.7080000000E+00    0.3956571157E-21    0.2732016250E-22    0.9108358575E-07    0.2567813221E+33    0.2019269821E-03    0.1015973573E+12    0.1082227446E-03
    0.7080000000E+00    0.4239542377E-21    0.2927408154E-22    0.9320519501E-07    0.1031302669E+34    0.8689945760E-03    0.4372251370E+12    0.4990467768E-03
    0.7080000000E+00    0.4542751502E-21    0.3136774352E-22    0.9537622289E-07    0.3893553000E+34    0.3515418345E-02    0.1768744374E+13    0.2163222562E-02
    0.7080000000E+00    0.4867645933E-21    0.3361114274E-22    0.9759782052E-07    0.1362613780E+35    0.1318267971E-01    0.6632721425E+13    0.8692163557E-02
    0.7080000000E+00    0.5215776589E-21    0.3601498832E-22    0.9987116580E-07    0.3386338266E+35    0.3510437636E-01    0.1766238385E+14    0.2480192851E-01
    0.7080000000E+00    0.5588805307E-21    0.3859075526E-22    0.1021974641E-06    0.5971896305E+35    0.6633506851E-01    0.3337576576E+14    0.5021892029E-01
    0.7080000000E+00    0.5988512779E-21    0.4135073927E-22    0.1045779488E-06    0.8316881321E+35    0.9899002369E-01    0.4980575007E+14    0.8030001333E-01
    0.7080000000E+00    0.6416807053E-21    0.4430811541E-22    0.1070138822E-06    0.9538175039E+35    0.1216455460E+00    0.6120462886E+14    0.1057353972E+00
    0.7080000000E+00    0.6875732635E-21    0.4747700104E-22    0.1095065557E-06    0.9600432670E+35    0.1311963431E+00    0.6601000822E+14    0.1221928851E+00
    0.7080000000E+00    0.7367480256E-21    0.5087252317E-22    0.1120572911E-06    0.9366898700E+35    0.1371597697E+00    0.6901044123E+14    0.1368834481E+00
    0.7080000000E+00    0.7894397325E-21    0.5451089068E-22    0.1146674407E-06    0.8223743044E+35    0.1290328994E+00    0.6492149509E+14    0.1379827020E+00
    0.7080000000E+00    0.8458999137E-21    0.5840947171E-22    0.1173383885E-06    0.6072541324E+35    0.1020942781E+00    0.5136762182E+14    0.1169837643E+00
    0.7080000000E+00    0.9063980879E-21    0.6258687655E-22    0.1200715507E-06    0.3912329825E+35    0.7048007935E-01    0.3546128273E+14    0.8653475602E-01
    0.7080000000E+00    0.9712230494E-21    0.6706304648E-22    0.1228683764E-06    0.2256249968E+35    0.4355300620E-01    0.2191321974E+14    0.5729837775E-01
    0.7080000000E+00    0.1040684247E-20    0.7185934897E-22    0.1257303485E-06    0.1183112804E+35    0.2447130209E-01    0.1231246857E+14    0.3449699514E-01
    0.7080000000E+00    0.1115113261E-20    0.7699867968E-22    0.1286589846E-06    0.5668764633E+34    0.1256375183E-01    0.6321314618E+13    0.1897769832E-01
    0.7080000000E+00    0.1194865387E-20    0.8250557175E-22    0.1316558373E-06    0.2465905746E+34    0.5856085333E-02    0.2946425424E+13    0.9478324775E-02
    0.7080000000E+00    0.1280321329E-20    0.8840631292E-22    0.1347224957E-06    0.9587187352E+33    0.2439619737E-02    0.1227468046E+13    0.4231032171E-02
    0.7080000000E+00    0.1371889021E-20    0.9472907100E-22    0.1378605858E-06    0.3261283986E+33    0.8892411300E-03    0.4474119696E+12    0.1652508610E-02
    0.7080000000E+00    0.1470005571E-20    0.1015040283E-21    0.1410717713E-06    0.9468648941E+32    0.2766425244E-03    0.1391896669E+12    0.5508623977E-03
    0.7080000000E+00    0.1575139348E-20    0.1087635259E-21    0.1443577550E-06    0.2280024561E+32    0.7137899833E-04    0.3591356400E+11    0.1522981537E-03
    0.7080000000E+00    0.1687792220E-20    0.1165422177E-21    0.1477202791E-06    0.4050499587E+31    0.1358749872E-04    0.6836401691E+10    0.3106445262E-04
    0.7080000000E+00    0.1808501947E-20    0.1248772362E-21    0.1511611264E-06    0.6258697461E+30    0.2249649620E-05    0.1131886654E+10    0.5511109902E-05
    0.7080000000E+00    0.1937844750E-20    0.1338083694E-21    0.1546821213E-06    0.1297015082E+30    0.4995465340E-06    0.2513413867E+09    0.1311294197E-05
    0.7080000000E+00    0.2076438060E-20    0.1433782510E-21    0.1582851308E-06    0.2829177120E+29    0.1167591867E-06    0.5874611050E+08    0.3284091512E-06
    0.7080000000E+00    0.2224943467E-20    0.1536325639E-21    0.1619720651E-06    0.6585881415E+28    0.2912358477E-07    0.1465321383E+08    0.8777463246E-07
    0.7080000000E+00    0.2384069878E-20    0.1646202581E-21    0.1657448792E-06    0.1331263110E+28    0.6308045562E-08    0.3173824280E+07    0.2037131248E-07
    0.7080000000E+00    0.2554576900E-20    0.1763937846E-21    0.1696055734E-06    0.2767229607E+27    0.1404999337E-08    0.7069100829E+06    0.4861836040E-08
    0.7080000000E+00    0.2737278465E-20    0.1890093455E-21    0.1735561947E-06    0.6515938581E+26    0.3544931976E-09    0.1783593836E+06    0.1314413755E-08
    0.7080000000E+00    0.2933046719E-20    0.2025271626E-21    0.1775988378E-06    0.1586181788E+26    0.9246638584E-10    0.4652345289E+05    0.3673737084E-09
    0.7080000000E+00    0.3142816182E-20    0.2170117645E-21    0.1817356462E-06    0.3048252803E+25    0.1904065595E-10    0.9580098238E+04    0.8105990584E-10
    0.7080000000E+00    0.3367588212E-20    0.2325322952E-21    0.1859688132E-06    0.6955257469E+24    0.4655262074E-11    0.2342244307E+04    0.2123578523E-10
    0.7080000000E+00    0.3608435782E-20    0.2491628434E-21    0.1903005833E-06    0.1104407762E+24    0.7920641817E-12    0.3985184487E+03    0.3871547246E-11
    0.7080000000E+00    0.3866508602E-20    0.2669827968E-21    0.1947332533E-06    0.4663044190E+23    0.3583442623E-12    0.1802970047E+03    0.1876828736E-11
