    0.7410000000E+00    0.4143038610E-23    0.2860772210E-24    0.1992691735E-07    0.4161492101E-14    0.3426730882E-52    0.1724122245E-37    0.1633299419E-54
    0.7410000000E+00    0.4439345853E-23    0.3065372650E-24    0.2039107488E-07   -0.1149422837E-14   -0.1014169967E-52   -0.5102685505E-38   -0.5179603963E-55
    0.7410000000E+00    0.4756844785E-23    0.3284605973E-24    0.2086604403E-07   -0.9992105319E-14   -0.9446869736E-52   -0.4753089408E-37   -0.5169799925E-54
    0.7410000000E+00    0.5097051019E-23    0.3519518710E-24    0.2135207663E-07   -0.1065740111E-13   -0.1079648126E-51   -0.5432131718E-37   -0.6330937766E-54
    0.7410000000E+00    0.5461588566E-23    0.3771232243E-24    0.2184943039E-07    0.7980072158E-15    0.8662390190E-53    0.4358387085E-38    0.5442814728E-55
    0.7410000000E+00    0.5852197586E-23    0.4040948153E-24    0.2235836900E-07    0.5090296933E-13    0.5920713424E-51    0.2978942343E-36    0.3986207022E-53
    0.7410000000E+00    0.6270742692E-23    0.4329953957E-24    0.2287916232E-07    0.5200353786E-13    0.6481325221E-51    0.3261008050E-36    0.4675732134E-53
    0.7410000000E+00    0.6719221852E-23    0.4639629256E-24    0.2341208647E-07   -0.8041909599E-13   -0.1073964957E-50   -0.5403537471E-36   -0.8301869834E-53
    0.7410000000E+00    0.7199775931E-23    0.4971452317E-24    0.2395742402E-07   -0.2351477118E-12   -0.3364896272E-50   -0.1693010836E-35   -0.2787131695E-52
    0.7410000000E+00    0.7714698903E-23    0.5327007132E-24    0.2451546411E-07   -0.1151263827E-13   -0.1765248223E-51   -0.8881653781E-37   -0.1566720738E-53
    0.7410000000E+00    0.8266448809E-23    0.5707990981E-24    0.2508650263E-07    0.7157108114E-12    0.1175894886E-49    0.5916386784E-35    0.1118289663E-51
    0.7410000000E+00    0.8857659485E-23    0.6116222531E-24    0.2567084234E-07    0.3176367657E-12    0.5591929522E-50    0.2813518310E-35    0.5698328711E-52
    0.7410000000E+00    0.9491153137E-23    0.6553650517E-24    0.2626879307E-07   -0.1727838956E-11   -0.3259373913E-49   -0.1639918412E-34   -0.3558934493E-51
    0.7410000000E+00    0.1016995382E-22    0.7022363048E-24    0.2688067187E-07   -0.7967900503E-12   -0.1610552277E-49   -0.8103318012E-35   -0.1884345936E-51
    0.7410000000E+00    0.1089730185E-22    0.7524597575E-24    0.2750680315E-07    0.3596666292E-11    0.7789885399E-49    0.3919395822E-34    0.9766003547E-51
    0.7410000000E+00    0.1167666930E-22    0.8062751566E-24    0.2814751890E-07    0.8361826768E-12    0.1940582408E-49    0.9763828594E-35    0.2606861145E-51
    0.7410000000E+00    0.1251177658E-22    0.8639393956E-24    0.2880315884E-07   -0.6442129807E-11   -0.1601992193E-48   -0.8060248884E-34   -0.2305930451E-50
    0.7410000000E+00    0.1340661015E-22    0.9257277409E-24    0.2947407060E-07    0.6477267394E-12    0.1725928300E-49    0.8683819877E-35    0.2662003112E-51
    0.7410000000E+00    0.1436544159E-22    0.9919351458E-24    0.3016060990E-07    0.1085388293E-10    0.3098960614E-48    0.1559208212E-33    0.5121555293E-50
    0.7410000000E+00    0.1539284799E-22    0.1062877658E-23    0.3086314075E-07   -0.5629228010E-11   -0.1722184848E-48   -0.8664985108E-34   -0.3049759360E-50
    0.7410000000E+00    0.1649373379E-22    0.1138893930E-23    0.3158203565E-07   -0.2098702425E-10   -0.6879894653E-48   -0.3461543910E-33   -0.1305472108E-49
    0.7410000000E+00    0.1767335417E-22    0.1220346833E-23    0.3231767576E-07    0.1599269359E-10    0.5617622354E-48    0.2826445378E-33    0.1142189989E-49
    0.7410000000E+00    0.1893734018E-22    0.1307625190E-23    0.3307045113E-07    0.4301434896E-10    0.1618990416E-47    0.8145773589E-33    0.3527200010E-49
    0.7410000000E+00    0.2029172559E-22    0.1401145635E-23    0.3384076090E-07    0.6837369586E-10    0.2757528310E-47    0.1387420274E-32    0.6437330231E-49
    0.7410000000E+00    0.2174297571E-22    0.1501354598E-23    0.3462901348E-07    0.4666766842E-09    0.2016726604E-46    0.1014693981E-31    0.5044670866E-48
    0.7410000000E+00    0.2329801823E-22    0.1608730435E-23    0.3543562682E-07    0.2938996698E-08    0.1360911933E-45    0.6847279864E-31    0.3647672434E-47
    0.7410000000E+00    0.2496427630E-22    0.1723785718E-23    0.3626102861E-07    0.4288824027E-08    0.2127987885E-45    0.1070673880E-30    0.6111600534E-47
    0.7410000000E+00    0.2674970400E-22    0.1847069675E-23    0.3710565646E-07    0.2293339885E-08    0.1219268484E-45    0.6134616310E-31    0.3752192899E-47
    0.7410000000E+00    0.2866282424E-22    0.1979170815E-23    0.3796995823E-07   -0.2783493773E-07   -0.1585700554E-44   -0.7978279279E-30   -0.5228859675E-46
    0.7410000000E+00    0.3071276952E-22    0.2120719737E-23    0.3885439218E-07   -0.5682269142E-06   -0.3468588055E-43   -0.1745182225E-28   -0.1225571162E-44
    0.7410000000E+00    0.3290932546E-22    0.2272392139E-23    0.3975942724E-07   -0.8478887307E-05   -0.5545871301E-42   -0.2790344619E-27   -0.2099692012E-43
    0.7410000000E+00    0.3526297755E-22    0.2434912046E-23    0.4068554327E-07   -0.1386773782E-04   -0.9719334886E-42   -0.4890177274E-27   -0.3942959855E-43
    0.7410000000E+00    0.3778496121E-22    0.2609055264E-23    0.4163323131E-07    0.8064602642E-04    0.6056390892E-41    0.3047206980E-26    0.2632689896E-42
    0.7410000000E+00    0.4048731538E-22    0.2795653084E-23    0.4260299385E-07    0.3108699556E-02    0.2501552806E-39    0.1258628993E-24    0.1165186607E-40
    0.7410000000E+00    0.4338294005E-22    0.2995596250E-23    0.4359534505E-07    0.1313478406E-02    0.1132540812E-39    0.5698255495E-25    0.5652488276E-41
    0.7410000000E+00    0.4648565778E-22    0.3209839213E-23    0.4461081109E-07   -0.4541608414E+00   -0.4196049566E-37   -0.2111196545E-22   -0.2244018426E-38
    0.7410000000E+00    0.4981027973E-22    0.3439404683E-23    0.4564993037E-07   -0.4506508231E+02   -0.4461399277E-35   -0.2244704356E-20   -0.2556565368E-36
    0.7410000000E+00    0.5337267633E-22    0.3685388516E-23    0.4671325384E-07   -0.3021799219E+03   -0.3205505515E-34   -0.1612815116E-19   -0.1968259415E-35
    0.7410000000E+00    0.5718985306E-22    0.3948964943E-23    0.4780134531E-07    0.1268746992E+04    0.1442135107E-33    0.7255945402E-19    0.9488373206E-35
    0.7410000000E+00    0.6128003161E-22    0.4231392172E-23    0.4891478167E-07    0.1197944609E+06    0.1459041556E-31    0.7341008354E-17    0.1028616462E-32
    0.7410000000E+00    0.6566273690E-22    0.4534018400E-23    0.5005415331E-07    0.9800098797E+06    0.1278973004E-30    0.6435013089E-16    0.9661558479E-32
    0.7410000000E+00    0.7035889022E-22    0.4858288246E-23    0.5122006431E-07   -0.1502247928E+07   -0.2100741125E-30   -0.1056964970E-15   -0.1700428387E-31
    0.7410000000E+00    0.7539090917E-22    0.5205749646E-23    0.5241313287E-07   -0.1465619995E+09   -0.2196100978E-28   -0.1104944239E-13   -0.1904750579E-29
    0.7410000000E+00    0.8078281461E-22    0.5578061244E-23    0.5363399157E-07   -0.6110218044E+10   -0.9810420715E-27   -0.4936006115E-12   -0.9117451071E-28
    0.7410000000E+00    0.8656034539E-22    0.5977000309E-23    0.5488328773E-07   -0.2246081812E+12   -0.3864172408E-25   -0.1944216175E-10   -0.3848064156E-26
    0.7410000000E+00    0.9275108115E-22    0.6404471218E-23    0.5616168372E-07   -0.6035123021E+13   -0.1112543629E-23   -0.5597641851E-09   -0.1187142519E-24
    0.7410000000E+00    0.9938457404E-22    0.6862514550E-23    0.5746985739E-07   -0.9877393980E+13   -0.1951072020E-23   -0.9816605933E-09   -0.2230792161E-24
    0.7410000000E+00    0.1064924897E-21    0.7353316823E-23    0.5880850233E-07    0.6621007296E+14    0.1401377016E-22    0.7050875514E-08    0.1716883391E-23
    0.7410000000E+00    0.1141087586E-21    0.7879220933E-23    0.6017832832E-07    0.2150399292E+16    0.4876969419E-21    0.2453793937E-06    0.6402297359E-22
    0.7410000000E+00    0.1222697377E-21    0.8442737340E-23    0.6158006166E-07    0.4787637234E+17    0.1163461883E-19    0.5853831490E-05    0.1636582748E-20
    0.7410000000E+00    0.1310143844E-21    0.9046556049E-23    0.6301444556E-07    0.9506920843E+18    0.2475544866E-18    0.1245543382E-03    0.3731269437E-19
    0.7410000000E+00    0.1403844422E-21    0.9693559452E-23    0.6448224056E-07    0.4222762080E+19    0.1178223110E-17    0.5928100991E-03    0.1902888519E-18
    0.7410000000E+00    0.1504246400E-21    0.1038683609E-22    0.6598422489E-07    0.8883691446E+18    0.2655977489E-18    0.1336326087E-03    0.4596319384E-19
    0.7410000000E+00    0.1611829057E-21    0.1112969539E-22    0.6752119493E-07   -0.8204574002E+20   -0.2628372777E-16   -0.1322437078E-01   -0.4873856851E-17
    0.7410000000E+00    0.1727105951E-21    0.1192568347E-22    0.6909396560E-07   -0.1272962767E+22   -0.4369649724E-15   -0.2198541570E+00   -0.8682252939E-16
    0.7410000000E+00    0.1850627369E-21    0.1277860007E-22    0.7070337081E-07   -0.1606648358E+23   -0.5909513897E-14   -0.2973307423E+01   -0.1258164906E-14
    0.7410000000E+00    0.1982982953E-21    0.1369251667E-22    0.7235026388E-07   -0.1833223070E+24   -0.7225139518E-13   -0.3635250096E+02   -0.1648284015E-13
    0.7410000000E+00    0.2124804516E-21    0.1467179595E-22    0.7403551802E-07   -0.1921727391E+25   -0.8115638696E-12   -0.4083295039E+03   -0.1983848545E-12
    0.7410000000E+00    0.2276769058E-21    0.1572111260E-22    0.7576002677E-07   -0.1173909310E+26   -0.5312090566E-11   -0.2672720394E+04   -0.1391397696E-11
    0.7410000000E+00    0.2439602000E-21    0.1684547565E-22    0.7752470448E-07   -0.1399440893E+26   -0.6785556707E-11   -0.3414078802E+04   -0.1904457535E-11
    0.7410000000E+00    0.2614080640E-21    0.1805025236E-22    0.7933048683E-07    0.1103634128E+26    0.5733978310E-11    0.2884988608E+04    0.1724415250E-11
    0.7410000000E+00    0.2801037871E-21    0.1934119387E-22    0.8117833125E-07    0.2675770883E+27    0.1489634930E-09    0.7494935579E+05    0.4800269899E-10
    0.7410000000E+00    0.3001366153E-21    0.2072446262E-22    0.8306921749E-07    0.2200068166E+28    0.1312402536E-08    0.6603210130E+06    0.4531613585E-09
    0.7410000000E+00    0.3216021775E-21    0.2220666179E-22    0.8500414813E-07    0.1507167540E+29    0.9633685316E-08    0.4847083628E+07    0.3564332947E-08
    0.7410000000E+00    0.3446029418E-21    0.2379486681E-22    0.8698414910E-07    0.9379866125E+29    0.6424325895E-07    0.3232329461E+08    0.2546908676E-07
    0.7410000000E+00    0.3692487048E-21    0.2549665916E-22    0.8901027021E-07    0.5404559193E+30    0.3966351525E-06    0.1995626482E+09    0.1684911175E-06
    0.7410000000E+00    0.3956571157E-21    0.2732016250E-22    0.9108358575E-07    0.2899507874E+31    0.2280106939E-05    0.1147210922E+10    0.1037865380E-05
    0.7410000000E+00    0.4239542377E-21    0.2927408154E-22    0.9320519501E-07    0.1452103522E+32    0.1223569105E-04    0.6156254417E+10    0.5967800709E-05
    0.7410000000E+00    0.4542751502E-21    0.3136774352E-22    0.9537622289E-07    0.6801085535E+32    0.6140576706E-04    0.3089564153E+11    0.3209186598E-04
    0.7410000000E+00    0.4867645933E-21    0.3361114274E-22    0.9759782052E-07    0.2984031730E+33    0.2886917417E-03    0.1452520992E+12    0.1616665497E-03
    0.7410000000E+00    0.5215776589E-21    0.3601498832E-22    0.9987116580E-07    0.1228375359E+34    0.1273391715E-02    0.6406931438E+12    0.7640958287E-03
    0.7410000000E+00    0.5588805307E-21    0.3859075526E-22    0.1021974641E-06    0.4748969321E+34    0.5275095031E-02    0.2654106494E+13    0.3391689578E-02
    0.7410000000E+00    0.5988512779E-21    0.4135073927E-22    0.1045779488E-06    0.1655337731E+35    0.1970232769E-01    0.9913011154E+13    0.1357385942E-01
    0.7410000000E+00    0.6416807053E-21    0.4430811541E-22    0.1070138822E-06    0.3834730619E+35    0.4890641008E-01    0.2460672648E+14    0.3610369022E-01
    0.7410000000E+00    0.6875732635E-21    0.4747700104E-22    0.1095065557E-06    0.6277883581E+35    0.8579148428E-01    0.4316504901E+14    0.6786252125E-01
    0.7410000000E+00    0.7367480256E-21    0.5087252317E-22    0.1120572911E-06    0.8068458726E+35    0.1181466755E+00    0.5944421036E+14    0.1001399372E+00
    0.7410000000E+00    0.7894397325E-21    0.5451089068E-22    0.1146674407E-06    0.8525930577E+35    0.1337743089E+00    0.6730708354E+14    0.1214950335E+00
    0.7410000000E+00    0.8458999137E-21    0.5840947171E-22    0.1173383885E-06    0.8437487646E+35    0.1418548124E+00    0.7137270072E+14    0.1380479249E+00
    0.7410000000E+00    0.9063980879E-21    0.6258687655E-22    0.1200715507E-06    0.7846700042E+35    0.1413572133E+00    0.7112233914E+14    0.1474021384E+00
    0.7410000000E+00    0.9712230494E-21    0.6706304648E-22    0.1228683764E-06    0.6119048285E+35    0.1181176517E+00    0.5942960735E+14    0.1319777175E+00
    0.7410000000E+00    0.1040684247E-20    0.7185934897E-22    0.1257303485E-06    0.4035789507E+35    0.8347557721E-01    0.4199982565E+14    0.9994135650E-01
    0.7410000000E+00    0.1115113261E-20    0.7699867968E-22    0.1286589846E-06    0.2316094399E+35    0.5133188117E-01    0.2582707579E+14    0.6585260952E-01
    0.7410000000E+00    0.1194865387E-20    0.8250557175E-22    0.1316558373E-06    0.1178066462E+35    0.2797697253E-01    0.1407630839E+14    0.3845798497E-01
    0.7410000000E+00    0.1280321329E-20    0.8840631292E-22    0.1347224957E-06    0.5359420571E+34    0.1363793960E-01    0.6861780471E+13    0.2008790158E-01
    0.7410000000E+00    0.1371889021E-20    0.9472907100E-22    0.1378605858E-06    0.2171330482E+34    0.5920479111E-02    0.2978824451E+13    0.9344211551E-02
    0.7410000000E+00    0.1470005571E-20    0.1015040283E-21    0.1410717713E-06    0.7651911174E+33    0.2235634711E-02    0.1124835206E+13    0.3780825670E-02
    0.7410000000E+00    0.1575139348E-20    0.1087635259E-21    0.1443577550E-06    0.2233869644E+33    0.6993406140E-03    0.3518655975E+12    0.1267285774E-02
    0.7410000000E+00    0.1687792220E-20    0.1165422177E-21    0.1477202791E-06    0.4370647093E+32    0.1466144126E-03    0.7376744160E+11    0.2846836162E-03
    0.7410000000E+00    0.1808501947E-20    0.1248772362E-21    0.1511611264E-06    0.2428975331E+31    0.8730799762E-05    0.4392806615E+10    0.1816518549E-04
    0.7410000000E+00    0.1937844750E-20    0.1338083694E-21    0.1546821213E-06    0.4788941758E+30    0.1844465257E-05    0.9280225643E+09    0.4112030130E-05
    0.7410000000E+00    0.2076438060E-20    0.1433782510E-21    0.1582851308E-06    0.9679295494E+29    0.3994612644E-06    0.2009845756E+09    0.9542462926E-06
    0.7410000000E+00    0.2224943467E-20    0.1536325639E-21    0.1619720651E-06    0.2318910690E+29    0.1025451079E-06    0.5159445191E+08    0.2624827428E-06
    0.7410000000E+00    0.2384069878E-20    0.1646202581E-21    0.1657448792E-06    0.4571388858E+28    0.2166102928E-07    0.1089851048E+08    0.5941073132E-07
    0.7410000000E+00    0.2554576900E-20    0.1763937846E-21    0.1696055734E-06    0.8715806778E+27    0.4425257203E-08    0.2226519866E+07    0.1300541834E-07
    0.7410000000E+00    0.2737278465E-20    0.1890093455E-21    0.1735561947E-06    0.1947033413E+27    0.1059264282E-08    0.5329572631E+06    0.3335724213E-08
    0.7410000000E+00    0.2933046719E-20    0.2025271626E-21    0.1775988378E-06    0.4782682849E+26    0.2788062510E-09    0.1402783224E+06    0.9407805188E-09
    0.7410000000E+00    0.3142816182E-20    0.2170117645E-21    0.1817356462E-06    0.1007451190E+26    0.6292959520E-10    0.3166233903E+05    0.2275310899E-09
    0.7410000000E+00    0.3367588212E-20    0.2325322952E-21    0.1859688132E-06    0.2243794388E+25    0.1501806506E-10    0.7556175531E+04    0.5818349302E-10
    0.7410000000E+00    0.3608435782E-20    0.2491628434E-21    0.1903005833E-06    0.2348733050E+24    0.1684475050E-11    0.8475252378E+03    0.6992788481E-11
    0.7410000000E+00    0.3866508602E-20    0.2669827968E-21    0.1947332533E-06    0.1038063476E+24    0.7977279979E-12    0.4013681360E+03    0.3548465963E-11
