    0.7180000000E+00    0.4143038610E-23    0.2860772210E-24    0.1992691735E-07    0.2600396187E-12    0.2141265129E-50    0.1077354180E-35    0.1136130063E-52
    0.7180000000E+00    0.4439345853E-23    0.3065372650E-24    0.2039107488E-07   -0.2860521013E-11   -0.2523922797E-49   -0.1269884210E-34   -0.1434939774E-51
    0.7180000000E+00    0.4756844785E-23    0.3284605973E-24    0.2086604403E-07   -0.3269044976E-11   -0.3090664186E-49   -0.1555033955E-34   -0.1882822706E-51
    0.7180000000E+00    0.5097051019E-23    0.3519518710E-24    0.2135207663E-07    0.8350839613E-12    0.8459818907E-50    0.4256465556E-35    0.5522283187E-52
    0.7180000000E+00    0.5461588566E-23    0.3771232243E-24    0.2184943039E-07    0.1654646779E-10    0.1796123612E-48    0.9036999930E-34    0.1256301359E-50
    0.7180000000E+00    0.5852197586E-23    0.4040948153E-24    0.2235836900E-07    0.1694018155E-10    0.1970375434E-48    0.9913728957E-34    0.1476748681E-50
    0.7180000000E+00    0.6270742692E-23    0.4329953957E-24    0.2287916232E-07   -0.2072926671E-10   -0.2583538057E-48   -0.1299878977E-33   -0.2074781995E-50
    0.7180000000E+00    0.6719221852E-23    0.4639629256E-24    0.2341208647E-07   -0.8072516512E-10   -0.1078052388E-47   -0.5424102935E-33   -0.9276784611E-50
    0.7180000000E+00    0.7199775931E-23    0.4971452317E-24    0.2395742402E-07   -0.3381504002E-10   -0.4838835183E-48   -0.2434607113E-33   -0.4461680189E-50
    0.7180000000E+00    0.7714698903E-23    0.5327007132E-24    0.2451546411E-07    0.2406308946E-09    0.3689625691E-47    0.1856394899E-32    0.3645355745E-49
    0.7180000000E+00    0.8266448809E-23    0.5707990981E-24    0.2508650263E-07    0.2074054746E-09    0.3407619852E-47    0.1714506739E-32    0.3607519995E-49
    0.7180000000E+00    0.8857659485E-23    0.6116222531E-24    0.2567084234E-07   -0.5601561825E-09   -0.9861433663E-47   -0.4961672723E-32   -0.1118658855E-48
    0.7180000000E+00    0.9491153137E-23    0.6553650517E-24    0.2626879307E-07   -0.5865963634E-09   -0.1106548083E-46   -0.5567475915E-32   -0.1345017384E-48
    0.7180000000E+00    0.1016995382E-22    0.7022363048E-24    0.2688067187E-07    0.1208552873E-08    0.2442848754E-46    0.1229092690E-31    0.3181663064E-48
    0.7180000000E+00    0.1089730185E-22    0.7524597575E-24    0.2750680315E-07    0.1172894803E-08    0.2540329117E-46    0.1278138871E-31    0.3545255940E-48
    0.7180000000E+00    0.1167666930E-22    0.8062751566E-24    0.2814751890E-07   -0.2476084133E-08   -0.5746406187E-46   -0.2891241559E-31   -0.8593180383E-48
    0.7180000000E+00    0.1251177658E-22    0.8639393956E-24    0.2880315884E-07   -0.1310411057E-08   -0.3258655671E-46   -0.1639557037E-31   -0.5221509591E-48
    0.7180000000E+00    0.1340661015E-22    0.9257277409E-24    0.2947407060E-07    0.4065038535E-08    0.1083167425E-45    0.5449838687E-31    0.1859744136E-47
    0.7180000000E+00    0.1436544159E-22    0.9919351458E-24    0.3016060990E-07   -0.1124580907E-08   -0.3210861921E-46   -0.1615510133E-31   -0.5907166838E-48
    0.7180000000E+00    0.1539284799E-22    0.1062877658E-23    0.3086314075E-07   -0.1410236587E-08   -0.4314424781E-46   -0.2170755742E-31   -0.8505121245E-48
    0.7180000000E+00    0.1649373379E-22    0.1138893930E-23    0.3158203565E-07    0.7857538800E-10    0.2575831549E-47    0.1296001532E-32    0.5440954141E-49
    0.7180000000E+00    0.1767335417E-22    0.1220346833E-23    0.3231767576E-07   -0.1722582171E-08   -0.6050773159E-46   -0.3044380479E-31   -0.1369520316E-47
    0.7180000000E+00    0.1893734018E-22    0.1307625190E-23    0.3307045113E-07    0.4661227237E-07    0.1754410425E-44    0.8827124584E-30    0.4254894603E-46
    0.7180000000E+00    0.2029172559E-22    0.1401145635E-23    0.3384076090E-07    0.3832356682E-07    0.1545599065E-44    0.7776513016E-30    0.4016561802E-46
    0.7180000000E+00    0.2174297571E-22    0.1501354598E-23    0.3462901348E-07   -0.2321126453E-06   -0.1003066497E-43   -0.5046819608E-29   -0.2793105450E-45
    0.7180000000E+00    0.2329801823E-22    0.1608730435E-23    0.3543562682E-07   -0.4136947848E-07   -0.1915627089E-44   -0.9638268635E-30   -0.5715688831E-46
    0.7180000000E+00    0.2496427630E-22    0.1723785718E-23    0.3626102861E-07   -0.5539890629E-06   -0.2748730204E-43   -0.1382993603E-28   -0.8787993398E-45
    0.7180000000E+00    0.2674970400E-22    0.1847069675E-23    0.3710565646E-07   -0.2442176489E-04   -0.1298398395E-41   -0.6532749820E-27   -0.4448008179E-43
    0.7180000000E+00    0.2866282424E-22    0.1979170815E-23    0.3796995823E-07   -0.1207750913E-03   -0.6880314626E-41   -0.3461755215E-26   -0.2525607774E-42
    0.7180000000E+00    0.3071276952E-22    0.2120719737E-23    0.3885439218E-07   -0.2875642362E-04   -0.1755358379E-41   -0.8831894108E-27   -0.6904359620E-43
    0.7180000000E+00    0.3290932546E-22    0.2272392139E-23    0.3975942724E-07    0.1797526114E-02    0.1175726027E-39    0.5915537189E-25    0.4955229112E-41
    0.7180000000E+00    0.3526297755E-22    0.2434912046E-23    0.4068554327E-07    0.2528172811E-01    0.1771893767E-38    0.8915090109E-24    0.8001939946E-40
    0.7180000000E+00    0.3778496121E-22    0.2609055264E-23    0.4163323131E-07    0.5909554198E-01    0.4437983098E-38    0.2232922761E-23    0.2147549838E-39
    0.7180000000E+00    0.4048731538E-22    0.2795653084E-23    0.4260299385E-07   -0.2700345939E+00   -0.2172952980E-37   -0.1093297577E-22   -0.1126699071E-38
    0.7180000000E+00    0.4338294005E-22    0.2995596250E-23    0.4359534505E-07   -0.3291489246E+02   -0.2838071708E-35   -0.1427944806E-20   -0.1576815831E-36
    0.7180000000E+00    0.4648565778E-22    0.3209839213E-23    0.4461081109E-07   -0.2329683822E+04   -0.2152424406E-33   -0.1082968849E-18   -0.1281402347E-34
    0.7180000000E+00    0.4981027973E-22    0.3439404683E-23    0.4564993037E-07   -0.3877695697E+04   -0.3838880990E-33   -0.1931491074E-18   -0.2448850406E-34
    0.7180000000E+00    0.5337267633E-22    0.3685388516E-23    0.4671325384E-07    0.8785690904E+05    0.9319805391E-32    0.4689158369E-17    0.6370366974E-33
    0.7180000000E+00    0.5718985306E-22    0.3948964943E-23    0.4780134531E-07    0.5098077551E+07    0.5794785457E-30    0.2915583060E-15    0.4244191476E-31
    0.7180000000E+00    0.6128003161E-22    0.4231392172E-23    0.4891478167E-07    0.9836448863E+07    0.1198034328E-29    0.6027778973E-15    0.9402143379E-31
    0.7180000000E+00    0.6566273690E-22    0.4534018400E-23    0.5005415331E-07   -0.1107997941E+09   -0.1446005276E-28   -0.7275417732E-14   -0.1215982948E-29
    0.7180000000E+00    0.7035889022E-22    0.4858288246E-23    0.5122006431E-07   -0.5511202262E+10   -0.7706856523E-27   -0.3877620749E-12   -0.6944402443E-28
    0.7180000000E+00    0.7539090917E-22    0.5205749646E-23    0.5241313287E-07   -0.2048637595E+12   -0.3069700905E-25   -0.1544486508E-10   -0.2963832592E-26
    0.7180000000E+00    0.8078281461E-22    0.5578061244E-23    0.5363399157E-07   -0.6820534827E+13   -0.1095088844E-23   -0.5509820005E-09   -0.1132940135E-24
    0.7180000000E+00    0.8656034539E-22    0.5977000309E-23    0.5488328773E-07   -0.5992692996E+14   -0.1030986440E-22   -0.5187295755E-08   -0.1142906126E-23
    0.7180000000E+00    0.9275108115E-22    0.6404471218E-23    0.5616168372E-07   -0.1743738916E+14   -0.3214492257E-23   -0.1617336697E-08   -0.3818299506E-24
    0.7180000000E+00    0.9938457404E-22    0.6862514550E-23    0.5746985739E-07    0.1936429951E+16    0.3825011235E-21    0.1924512658E-06    0.4868445610E-22
    0.7180000000E+00    0.1064924897E-21    0.7353316823E-23    0.5880850233E-07    0.4645277930E+17    0.9832017144E-20    0.4946872123E-05    0.1340911868E-20
    0.7180000000E+00    0.1141087586E-21    0.7879220933E-23    0.6017832832E-07    0.9286950176E+18    0.2106221489E-18    0.1059722356E-03    0.3077950611E-19
    0.7180000000E+00    0.1222697377E-21    0.8442737340E-23    0.6158006166E-07    0.1113794742E+20    0.2706674849E-17    0.1361833910E-02    0.4238319523E-18
    0.7180000000E+00    0.1310143844E-21    0.9046556049E-23    0.6301444556E-07    0.1356645554E+20    0.3532623224E-17    0.1777400821E-02    0.5927272952E-18
    0.7180000000E+00    0.1403844422E-21    0.9693559452E-23    0.6448224056E-07   -0.5969465028E+20   -0.1665583217E-16   -0.8380200180E-02   -0.2994497421E-17
    0.7180000000E+00    0.1504246400E-21    0.1038683609E-22    0.6598422489E-07   -0.1238225674E+22   -0.3701951533E-15   -0.1862596512E+00   -0.7131622325E-16
    0.7180000000E+00    0.1611829057E-21    0.1112969539E-22    0.6752119493E-07   -0.1605876433E+23   -0.5144498543E-14   -0.2588398296E+01   -0.1061941653E-14
    0.7180000000E+00    0.1727105951E-21    0.1192568347E-22    0.6909396560E-07   -0.1830906305E+24   -0.6284880786E-13   -0.3162169176E+02   -0.1390127554E-13
    0.7180000000E+00    0.1850627369E-21    0.1277860007E-22    0.7070337081E-07   -0.1906168293E+25   -0.7011196920E-12   -0.3527607212E+03   -0.1661689105E-12
    0.7180000000E+00    0.1982982953E-21    0.1369251667E-22    0.7235026388E-07   -0.1595228222E+26   -0.6287148934E-11   -0.3163310370E+04   -0.1596655994E-11
    0.7180000000E+00    0.2124804516E-21    0.1467179595E-22    0.7403551802E-07   -0.2994289445E+26   -0.1264517090E-10   -0.6362279735E+04   -0.3440981286E-11
    0.7180000000E+00    0.2276769058E-21    0.1572111260E-22    0.7576002677E-07   -0.1134647655E+26   -0.5134426532E-11   -0.2583330674E+04   -0.1497095660E-11
    0.7180000000E+00    0.2439602000E-21    0.1684547565E-22    0.7752470448E-07    0.2182928487E+27    0.1058450207E-09    0.5325476701E+05    0.3306953129E-10
    0.7180000000E+00    0.2614080640E-21    0.1805025236E-22    0.7933048683E-07    0.2003466439E+28    0.1040909556E-08    0.5237222831E+06    0.3484741785E-09
    0.7180000000E+00    0.2801037871E-21    0.1934119387E-22    0.8117833125E-07    0.1387483007E+29    0.7724290466E-08    0.3886392448E+07    0.2770870341E-08
    0.7180000000E+00    0.3001366153E-21    0.2072446262E-22    0.8306921749E-07    0.8576486990E+29    0.5116115696E-07    0.2574117777E+08    0.1966518174E-07
    0.7180000000E+00    0.3216021775E-21    0.2220666179E-22    0.8500414813E-07    0.4886921991E+30    0.3123678514E-06    0.1571644754E+09    0.1286541908E-06
    0.7180000000E+00    0.3446029418E-21    0.2379486681E-22    0.8698414910E-07    0.2589566072E+31    0.1773609149E-05    0.8923720866E+09    0.7827363949E-06
    0.7180000000E+00    0.3692487048E-21    0.2549665916E-22    0.8901027021E-07    0.1280266823E+32    0.9395749186E-05    0.4727368660E+10    0.4443130021E-05
    0.7180000000E+00    0.3956571157E-21    0.2732016250E-22    0.9108358575E-07    0.5916834704E+32    0.4652864022E-04    0.2341037753E+11    0.2357642588E-04
    0.7180000000E+00    0.4239542377E-21    0.2927408154E-22    0.9320519501E-07    0.2560711259E+33    0.2157702352E-03    0.1085624390E+12    0.1171518476E-03
    0.7180000000E+00    0.4542751502E-21    0.3136774352E-22    0.9537622289E-07    0.1039752653E+34    0.9387738014E-03    0.4723337927E+12    0.5461583382E-03
    0.7180000000E+00    0.4867645933E-21    0.3361114274E-22    0.9759782052E-07    0.3968076551E+34    0.3838936829E-02    0.1931519169E+13    0.2393142575E-02
    0.7180000000E+00    0.5215776589E-21    0.3601498832E-22    0.9987116580E-07    0.1400045198E+35    0.1451352750E-01    0.7302322967E+13    0.9694615466E-02
    0.7180000000E+00    0.5588805307E-21    0.3859075526E-22    0.1021974641E-06    0.3457830885E+35    0.3840914793E-01    0.1932514360E+14    0.2749111029E-01
    0.7180000000E+00    0.5988512779E-21    0.4135073927E-22    0.1045779488E-06    0.6010891844E+35    0.7154344316E-01    0.3599630263E+14    0.5486905050E-01
    0.7180000000E+00    0.6416807053E-21    0.4430811541E-22    0.1070138822E-06    0.8210202726E+35    0.1047091911E+00    0.5268328676E+14    0.8604832326E-01
    0.7180000000E+00    0.6875732635E-21    0.4747700104E-22    0.1095065557E-06    0.9197943940E+35    0.1256960651E+00    0.6324260333E+14    0.1106825840E+00
    0.7180000000E+00    0.7367480256E-21    0.5087252317E-22    0.1120572911E-06    0.9200821769E+35    0.1347279004E+00    0.6778687272E+14    0.1271203703E+00
    0.7180000000E+00    0.7894397325E-21    0.5451089068E-22    0.1146674407E-06    0.8886497156E+35    0.1394317025E+00    0.7015353938E+14    0.1409675453E+00
    0.7180000000E+00    0.8458999137E-21    0.5840947171E-22    0.1173383885E-06    0.7559694359E+35    0.1270969595E+00    0.6394744806E+14    0.1376869464E+00
    0.7180000000E+00    0.9063980879E-21    0.6258687655E-22    0.1200715507E-06    0.5398758014E+35    0.9725787707E-01    0.4893423941E+14    0.1128969977E+00
    0.7180000000E+00    0.9712230494E-21    0.6706304648E-22    0.1228683764E-06    0.3361926207E+35    0.6489617506E-01    0.3265180223E+14    0.8071917376E-01
    0.7180000000E+00    0.1040684247E-20    0.7185934897E-22    0.1257303485E-06    0.1868728439E+35    0.3865245817E-01    0.1944756249E+14    0.5151512122E-01
    0.7180000000E+00    0.1115113261E-20    0.7699867968E-22    0.1286589846E-06    0.9401764632E+34    0.2083724502E-01    0.1048403242E+14    0.2975760028E-01
    0.7180000000E+00    0.1194865387E-20    0.8250557175E-22    0.1316558373E-06    0.4294163862E+34    0.1019787153E-01    0.5130947765E+13    0.1560512113E-01
    0.7180000000E+00    0.1280321329E-20    0.8840631292E-22    0.1347224957E-06    0.1763408809E+34    0.4487287855E-02    0.2257729911E+13    0.7357690871E-02
    0.7180000000E+00    0.1371889021E-20    0.9472907100E-22    0.1378605858E-06    0.6370300093E+33    0.1736963992E-02    0.8739344761E+12    0.3051746273E-02
    0.7180000000E+00    0.1470005571E-20    0.1015040283E-21    0.1410717713E-06    0.1957229540E+33    0.5718375705E-03    0.2877138327E+12    0.1076540302E-02
    0.7180000000E+00    0.1575139348E-20    0.1087635259E-21    0.1443577550E-06    0.4867344094E+32    0.1523782471E-03    0.7666745204E+11    0.3073835208E-03
    0.7180000000E+00    0.1687792220E-20    0.1165422177E-21    0.1477202791E-06    0.7710637514E+31    0.2586551982E-04    0.1301395401E+11    0.5590862586E-04
    0.7180000000E+00    0.1808501947E-20    0.1248772362E-21    0.1511611264E-06    0.9861542911E+30    0.3544669862E-05    0.1783461956E+10    0.8209815552E-05
    0.7180000000E+00    0.1937844750E-20    0.1338083694E-21    0.1546821213E-06    0.2007656853E+30    0.7732508560E-06    0.3890527292E+09    0.1919013442E-05
    0.7180000000E+00    0.2076438060E-20    0.1433782510E-21    0.1582851308E-06    0.4286817773E+29    0.1769155254E-06    0.8901311580E+08    0.4704609203E-06
    0.7180000000E+00    0.2224943467E-20    0.1536325639E-21    0.1619720651E-06    0.1005644824E+29    0.4447086190E-07    0.2237502883E+08    0.1267164957E-06
    0.7180000000E+00    0.2384069878E-20    0.1646202581E-21    0.1657448792E-06    0.2005959014E+28    0.9505018778E-08    0.4782346463E+07    0.2902088061E-07
    0.7180000000E+00    0.2554576900E-20    0.1763937846E-21    0.1696055734E-06    0.4064041312E+27    0.2063426662E-08    0.1038190606E+07    0.6750666375E-08
    0.7180000000E+00    0.2737278465E-20    0.1890093455E-21    0.1735561947E-06    0.9424735464E+26    0.5127434168E-09    0.2579812542E+06    0.1797453650E-08
    0.7180000000E+00    0.2933046719E-20    0.2025271626E-21    0.1775988378E-06    0.2305306958E+26    0.1343877507E-09    0.6761573008E+05    0.5047976126E-09
    0.7180000000E+00    0.3142816182E-20    0.2170117645E-21    0.1817356462E-06    0.4582697302E+25    0.2862543506E-10    0.1440257524E+05    0.1152151802E-09
    0.7180000000E+00    0.3367588212E-20    0.2325322952E-21    0.1859688132E-06    0.1024072751E+25    0.6854278305E-11    0.3448655324E+04    0.2956101498E-10
    0.7180000000E+00    0.3608435782E-20    0.2491628434E-21    0.1903005833E-06    0.1411965904E+24    0.1012640129E-11    0.5094988291E+03    0.4679643193E-11
    0.7180000000E+00    0.3866508602E-20    0.2669827968E-21    0.1947332533E-06    0.6177175591E+23    0.4747017913E-12    0.2388410256E+03    0.2350598626E-11
