    0.7460000000E+00    0.4143038610E-23    0.2860772210E-24    0.1992691735E-07    0.8113930126E-15    0.6681318687E-53    0.3361632580E-38    0.3121171312E-55
    0.7460000000E+00    0.4439345853E-23    0.3065372650E-24    0.2039107488E-07    0.1349947814E-14    0.1191099120E-52    0.5992885230E-38    0.5962155832E-55
    0.7460000000E+00    0.4756844785E-23    0.3284605973E-24    0.2086604403E-07    0.0000000000E+00    0.0000000000E+00    0.0000000000E+00    0.0000000000E+00
    0.7460000000E+00    0.5097051019E-23    0.3519518710E-24    0.2135207663E-07   -0.4418182185E-14   -0.4475839906E-52   -0.2251970001E-37   -0.2572349430E-54
    0.7460000000E+00    0.5461588566E-23    0.3771232243E-24    0.2184943039E-07   -0.6116461331E-14   -0.6639435532E-52   -0.3340559527E-37   -0.4088712533E-54
    0.7460000000E+00    0.5852197586E-23    0.4040948153E-24    0.2235836900E-07   -0.3344382025E-14   -0.3889974949E-52   -0.1957198441E-37   -0.2566860244E-54
    0.7460000000E+00    0.6270742692E-23    0.4329953957E-24    0.2287916232E-07    0.2332848771E-13    0.2907485183E-51    0.1462869438E-36    0.2055762451E-53
    0.7460000000E+00    0.6719221852E-23    0.4639629256E-24    0.2341208647E-07    0.3143115166E-13    0.4197504961E-51    0.2111928811E-36    0.3180142913E-53
    0.7460000000E+00    0.7199775931E-23    0.4971452317E-24    0.2395742402E-07   -0.3076972764E-13   -0.4403059720E-51   -0.2215351444E-36   -0.3574456326E-53
    0.7460000000E+00    0.7714698903E-23    0.5327007132E-24    0.2451546411E-07   -0.1208322936E-12   -0.1852737718E-50   -0.9321847626E-36   -0.1611644914E-52
    0.7460000000E+00    0.8266448809E-23    0.5707990981E-24    0.2508650263E-07   -0.6061962784E-14   -0.9959652589E-52   -0.5011090504E-37   -0.9283240651E-54
    0.7460000000E+00    0.8857659485E-23    0.6116222531E-24    0.2567084234E-07    0.3360689977E-12    0.5916425152E-50    0.2976784745E-35    0.5909010937E-52
    0.7460000000E+00    0.9491153137E-23    0.6553650517E-24    0.2626879307E-07    0.8938549184E-13    0.1686156799E-50    0.8483713913E-36    0.1804485420E-52
    0.7460000000E+00    0.1016995382E-22    0.7022363048E-24    0.2688067187E-07   -0.7620174895E-12   -0.1540266476E-49   -0.7749682675E-35   -0.1766246370E-51
    0.7460000000E+00    0.1089730185E-22    0.7524597575E-24    0.2750680315E-07   -0.1110477445E-12   -0.2405141687E-50   -0.1210120791E-35   -0.2955262649E-52
    0.7460000000E+00    0.1167666930E-22    0.8062751566E-24    0.2814751890E-07    0.1457404176E-11    0.3382290715E-49    0.1701762660E-34    0.4453140038E-51
    0.7460000000E+00    0.1251177658E-22    0.8639393956E-24    0.2880315884E-07   -0.2484548095E-12   -0.6178432864E-50   -0.3108611066E-35   -0.8716331743E-52
    0.7460000000E+00    0.1340661015E-22    0.9257277409E-24    0.2947407060E-07   -0.2419994116E-11   -0.6448299995E-49   -0.3244391768E-34   -0.9747666299E-51
    0.7460000000E+00    0.1436544159E-22    0.9919351458E-24    0.3016060990E-07    0.1623924755E-11    0.4636570056E-49    0.2332839621E-34    0.7510212842E-51
    0.7460000000E+00    0.1539284799E-22    0.1062877658E-23    0.3086314075E-07    0.3839597674E-11    0.1174672073E-48    0.5910234335E-34    0.2038787973E-50
    0.7460000000E+00    0.1649373379E-22    0.1138893930E-23    0.3158203565E-07   -0.5930521344E-11   -0.1944123264E-48   -0.9781644027E-34   -0.3615590331E-50
    0.7460000000E+00    0.1767335417E-22    0.1220346833E-23    0.3231767576E-07   -0.7726992436E-11   -0.2714197280E-48   -0.1365618740E-33   -0.5408749028E-50
    0.7460000000E+00    0.1893734018E-22    0.1307625190E-23    0.3307045113E-07    0.7372378321E-11    0.2774843776E-48    0.1396132362E-33    0.5925076424E-50
    0.7460000000E+00    0.2029172559E-22    0.1401145635E-23    0.3384076090E-07    0.2853848772E-10    0.1150964370E-47    0.5790951616E-33    0.2633402835E-49
    0.7460000000E+00    0.2174297571E-22    0.1501354598E-23    0.3462901348E-07    0.9694283472E-10    0.4189349939E-47    0.2107825701E-32    0.1027074763E-48
    0.7460000000E+00    0.2329801823E-22    0.1608730435E-23    0.3543562682E-07    0.6582955312E-09    0.3048258762E-46    0.1533698128E-31    0.8007689962E-48
    0.7460000000E+00    0.2496427630E-22    0.1723785718E-23    0.3626102861E-07    0.2864037134E-08    0.1421050685E-45    0.7149861435E-31    0.4000046018E-47
    0.7460000000E+00    0.2674970400E-22    0.1847069675E-23    0.3710565646E-07    0.3345136102E-08    0.1778462517E-45    0.8948140058E-31    0.5364140388E-47
    0.7460000000E+00    0.2866282424E-22    0.1979170815E-23    0.3796995823E-07   -0.1096373293E-08   -0.6245818672E-46   -0.3142515500E-31   -0.2018574538E-47
    0.7460000000E+00    0.3071276952E-22    0.2120719737E-23    0.3885439218E-07   -0.9002736015E-07   -0.5495477569E-44   -0.2764989563E-29   -0.1903096711E-45
    0.7460000000E+00    0.3290932546E-22    0.2272392139E-23    0.3975942724E-07   -0.1791152408E-05   -0.1171557113E-42   -0.5894561756E-28   -0.4347292725E-44
    0.7460000000E+00    0.3526297755E-22    0.2434912046E-23    0.4068554327E-07   -0.9441406006E-05   -0.6617098475E-42   -0.3329320881E-27   -0.2631013139E-43
    0.7460000000E+00    0.3778496121E-22    0.2609055264E-23    0.4163323131E-07    0.3788721836E-05    0.2845271049E-42    0.1431567076E-27    0.1212213354E-43
    0.7460000000E+00    0.4048731538E-22    0.2795653084E-23    0.4260299385E-07    0.1210634612E-02    0.9741907690E-40    0.4901534534E-25    0.4447330749E-41
    0.7460000000E+00    0.4338294005E-22    0.2995596250E-23    0.4359534505E-07    0.1890104185E-02    0.1629733781E-39    0.8199827654E-25    0.7972088050E-41
    0.7460000000E+00    0.4648565778E-22    0.3209839213E-23    0.4461081109E-07   -0.8178169201E-01   -0.7555914161E-38   -0.3801675747E-23   -0.3960430848E-39
    0.7460000000E+00    0.4981027973E-22    0.3439404683E-23    0.4564993037E-07   -0.8800271592E+01   -0.8712183203E-36   -0.4383439897E-21   -0.4893081151E-37
    0.7460000000E+00    0.5337267633E-22    0.3685388516E-23    0.4671325384E-07   -0.1557429124E+03   -0.1652110972E-34   -0.8312416052E-20   -0.9942477909E-36
    0.7460000000E+00    0.5718985306E-22    0.3948964943E-23    0.4780134531E-07    0.1021778800E+03    0.1161416018E-34    0.5843537941E-20    0.7489334543E-36
    0.7460000000E+00    0.6128003161E-22    0.4231392172E-23    0.4891478167E-07    0.2616385937E+05    0.3186637995E-32    0.1603322129E-17    0.2201852128E-33
    0.7460000000E+00    0.6566273690E-22    0.4534018400E-23    0.5005415331E-07    0.5186031436E+06    0.6768089123E-31    0.3405290177E-16    0.5010966370E-32
    0.7460000000E+00    0.7035889022E-22    0.4858288246E-23    0.5122006431E-07    0.1644366657E+06    0.2299479732E-31    0.1156958131E-16    0.1824252731E-32
    0.7460000000E+00    0.7539090917E-22    0.5205749646E-23    0.5241313287E-07   -0.3545064579E+08   -0.5311963410E-29   -0.2672656417E-14   -0.4515548321E-30
    0.7460000000E+00    0.8078281461E-22    0.5578061244E-23    0.5363399157E-07   -0.1580164586E+10   -0.2537074664E-27   -0.1276501428E-12   -0.2310939988E-28
    0.7460000000E+00    0.8656034539E-22    0.5977000309E-23    0.5488328773E-07   -0.6038408077E+11   -0.1038851290E-25   -0.5226866888E-11   -0.1013931936E-26
    0.7460000000E+00    0.9275108115E-22    0.6404471218E-23    0.5616168372E-07   -0.2081623253E+13   -0.3837364508E-24   -0.1930728073E-09   -0.4013178470E-25
    0.7460000000E+00    0.9938457404E-22    0.6862514550E-23    0.5746985739E-07   -0.7877750952E+13   -0.1556084478E-23   -0.7829269227E-09   -0.1743767543E-24
    0.7460000000E+00    0.1064924897E-21    0.7353316823E-23    0.5880850233E-07    0.1241424079E+14    0.2627550603E-23    0.1322023409E-08    0.3155051901E-24
    0.7460000000E+00    0.1141087586E-21    0.7879220933E-23    0.6017832832E-07    0.6546320703E+15    0.1484664080E-21    0.7469925288E-07    0.1910221024E-22
    0.7460000000E+00    0.1222697377E-21    0.8442737340E-23    0.6158006166E-07    0.1540623644E+17    0.3743927952E-20    0.1883716489E-05    0.5161582838E-21
    0.7460000000E+00    0.1310143844E-21    0.9046556049E-23    0.6301444556E-07    0.3172972765E+18    0.8262229768E-19    0.4157050736E-04    0.1220541885E-19
    0.7460000000E+00    0.1403844422E-21    0.9693559452E-23    0.6448224056E-07    0.2821611196E+19    0.7872779606E-18    0.3961103138E-03    0.1246187851E-18
    0.7460000000E+00    0.1504246400E-21    0.1038683609E-22    0.6598422489E-07    0.2522603875E+19    0.7541886329E-18    0.3794617797E-03    0.1279191019E-18
    0.7460000000E+00    0.1611829057E-21    0.1112969539E-22    0.6752119493E-07   -0.2639048656E+20   -0.8454312975E-17   -0.4253695306E-02   -0.1536504160E-17
    0.7460000000E+00    0.1727105951E-21    0.1192568347E-22    0.6909396560E-07   -0.4795796548E+21   -0.1646234408E-15   -0.8282848759E-01   -0.3205878758E-16
    0.7460000000E+00    0.1850627369E-21    0.1277860007E-22    0.7070337081E-07   -0.6340161953E+22   -0.2332014656E-14   -0.1173327723E+01   -0.4866163476E-15
    0.7460000000E+00    0.1982982953E-21    0.1369251667E-22    0.7235026388E-07   -0.7487689494E+23   -0.2951064830E-13   -0.1484796062E+02   -0.6598332089E-14
    0.7460000000E+00    0.2124804516E-21    0.1467179595E-22    0.7403551802E-07   -0.8106215119E+24   -0.3423332227E-12   -0.1722412249E+03   -0.8201711105E-13
    0.7460000000E+00    0.2276769058E-21    0.1572111260E-22    0.7576002677E-07   -0.7020766809E+25   -0.3176987253E-11   -0.1598466464E+04   -0.8155881207E-12
    0.7460000000E+00    0.2439602000E-21    0.1684547565E-22    0.7752470448E-07   -0.1301339267E+26   -0.6309885208E-11   -0.3174749878E+04   -0.1735708849E-11
    0.7460000000E+00    0.2614080640E-21    0.1805025236E-22    0.7933048683E-07   -0.3616193126E+25   -0.1878808603E-11   -0.9453020441E+03   -0.5537808829E-12
    0.7460000000E+00    0.2801037871E-21    0.1934119387E-22    0.8117833125E-07    0.1136762170E+27    0.6328496387E-10    0.3184113890E+05    0.1998738397E-10
    0.7460000000E+00    0.3001366153E-21    0.2072446262E-22    0.8306921749E-07    0.1056870460E+28    0.6304529530E-09    0.3172055227E+06    0.2133575926E-09
    0.7460000000E+00    0.3216021775E-21    0.2220666179E-22    0.8500414813E-07    0.7583701565E+28    0.4847436829E-08    0.2438934937E+07    0.1757792379E-08
    0.7460000000E+00    0.3446029418E-21    0.2379486681E-22    0.8698414910E-07    0.4878397261E+29    0.3341243194E-07    0.1681110048E+08    0.1298265470E-07
    0.7460000000E+00    0.3692487048E-21    0.2549665916E-22    0.8901027021E-07    0.2895525469E+30    0.2124996961E-06    0.1069169029E+09    0.8847360677E-07
    0.7460000000E+00    0.3956571157E-21    0.2732016250E-22    0.9108358575E-07    0.1598270258E+31    0.1256843321E-05    0.6323670001E+09    0.5607077524E-06
    0.7460000000E+00    0.4239542377E-21    0.2927408154E-22    0.9320519501E-07    0.8229731535E+31    0.6934522986E-05    0.3489029559E+10    0.3314912057E-05
    0.7460000000E+00    0.4542751502E-21    0.3136774352E-22    0.9537622289E-07    0.3960767865E+32    0.3576105427E-04    0.1799278417E+11    0.1831748029E-04
    0.7460000000E+00    0.4867645933E-21    0.3361114274E-22    0.9759782052E-07    0.1784717268E+33    0.1726634243E-03    0.8687371754E+11    0.9476670243E-04
    0.7460000000E+00    0.5215776589E-21    0.3601498832E-22    0.9987116580E-07    0.7540823636E+33    0.7817172716E-03    0.3933125138E+12    0.4597324155E-03
    0.7460000000E+00    0.5588805307E-21    0.3859075526E-22    0.1021974641E-06    0.2990907745E+34    0.3322262478E-02    0.1671560108E+13    0.2093579034E-02
    0.7460000000E+00    0.5988512779E-21    0.4135073927E-22    0.1045779488E-06    0.1111875039E+35    0.1323387123E-01    0.6658477880E+13    0.8935982790E-02
    0.7460000000E+00    0.6416807053E-21    0.4430811541E-22    0.1070138822E-06    0.3014796806E+35    0.3844934717E-01    0.1934536941E+14    0.2781918416E-01
    0.7460000000E+00    0.6875732635E-21    0.4747700104E-22    0.1095065557E-06    0.5449491156E+35    0.7447094691E-01    0.3746924419E+14    0.5773541544E-01
    0.7460000000E+00    0.7367480256E-21    0.5087252317E-22    0.1120572911E-06    0.7521048321E+35    0.1101309290E+00    0.5541117501E+14    0.9148812394E-01
    0.7460000000E+00    0.7894397325E-21    0.5451089068E-22    0.1146674407E-06    0.8379853737E+35    0.1314823211E+00    0.6615389493E+14    0.1170368923E+00
    0.7460000000E+00    0.8458999137E-21    0.5840947171E-22    0.1173383885E-06    0.8361435240E+35    0.1405761854E+00    0.7072937348E+14    0.1340809794E+00
    0.7460000000E+00    0.9063980879E-21    0.6258687655E-22    0.1200715507E-06    0.8001687368E+35    0.1441492885E+00    0.7252714130E+14    0.1473221072E+00
    0.7460000000E+00    0.9712230494E-21    0.6706304648E-22    0.1228683764E-06    0.6615465679E+35    0.1277001315E+00    0.6425092750E+14    0.1398449422E+00
    0.7460000000E+00    0.1040684247E-20    0.7185934897E-22    0.1257303485E-06    0.4550512002E+35    0.9412200891E-01    0.4735646156E+14    0.1104451393E+00
    0.7460000000E+00    0.1115113261E-20    0.7699867968E-22    0.1286589846E-06    0.2699544612E+35    0.5983033475E-01    0.3010297996E+14    0.7522753855E-01
    0.7460000000E+00    0.1194865387E-20    0.8250557175E-22    0.1316558373E-06    0.1409405177E+35    0.3347085344E-01    0.1684049462E+14    0.4509435769E-01
    0.7460000000E+00    0.1280321329E-20    0.8840631292E-22    0.1347224957E-06    0.6550519469E+34    0.1666888942E-01    0.8386769795E+13    0.2406368228E-01
    0.7460000000E+00    0.1371889021E-20    0.9472907100E-22    0.1378605858E-06    0.2709281735E+34    0.7387289060E-02    0.3716833868E+13    0.1142721799E-01
    0.7460000000E+00    0.1470005571E-20    0.1015040283E-21    0.1410717713E-06    0.9785057836E+33    0.2858869431E-02    0.1438408953E+13    0.4738596617E-02
    0.7460000000E+00    0.1575139348E-20    0.1087635259E-21    0.1443577550E-06    0.2952176824E+33    0.9242155906E-03    0.4650089878E+12    0.1641453973E-02
    0.7460000000E+00    0.1687792220E-20    0.1165422177E-21    0.1477202791E-06    0.6271324581E+32    0.2103730981E-03    0.1058469284E+12    0.4003553366E-03
    0.7460000000E+00    0.1808501947E-20    0.1248772362E-21    0.1511611264E-06    0.2920275856E+31    0.1049674874E-04    0.5281324572E+10    0.2140475302E-04
    0.7460000000E+00    0.1937844750E-20    0.1338083694E-21    0.1546821213E-06    0.5666377092E+30    0.2182410271E-05    0.1098055910E+10    0.4768610119E-05
    0.7460000000E+00    0.2076438060E-20    0.1433782510E-21    0.1582851308E-06    0.1130734284E+30    0.4666502297E-06    0.2347899702E+09    0.1092564042E-05
    0.7460000000E+00    0.2224943467E-20    0.1536325639E-21    0.1619720651E-06    0.2718308896E+29    0.1202069922E-06    0.6048083621E+08    0.3015679262E-06
    0.7460000000E+00    0.2384069878E-20    0.1646202581E-21    0.1657448792E-06    0.5392107567E+28    0.2554991568E-07    0.1285516123E+08    0.6868230952E-07
    0.7460000000E+00    0.2554576900E-20    0.1763937846E-21    0.1696055734E-06    0.1009906607E+28    0.5127576371E-08    0.2579884090E+07    0.1476955998E-07
    0.7460000000E+00    0.2737278465E-20    0.1890093455E-21    0.1735561947E-06    0.2237338536E+27    0.1217201915E-08    0.6124218594E+06    0.3756799748E-08
    0.7460000000E+00    0.2933046719E-20    0.2025271626E-21    0.1775988378E-06    0.5497169004E+26    0.3204571847E-09    0.1612345351E+06    0.1059803702E-08
    0.7460000000E+00    0.3142816182E-20    0.2170117645E-21    0.1817356462E-06    0.1167807122E+26    0.7294609425E-10    0.3670203121E+05    0.2584981639E-09
    0.7460000000E+00    0.3367588212E-20    0.2325322952E-21    0.1859688132E-06    0.2609559217E+25    0.1746618598E-10    0.8787920857E+04    0.6632137162E-10
    0.7460000000E+00    0.3608435782E-20    0.2491628434E-21    0.1903005833E-06    0.2648056417E+24    0.1899145144E-11    0.9555341527E+03    0.7727047405E-11
    0.7460000000E+00    0.3866508602E-20    0.2669827968E-21    0.1947332533E-06    0.1150009481E+24    0.8837559380E-12    0.4446521552E+03    0.3852900237E-11
