    0.7500000000E+00    0.4143038610E-23    0.2860772210E-24    0.1992691735E-07    0.0000000000E+00    0.0000000000E+00    0.0000000000E+00    0.0000000000E+00
    0.7500000000E+00    0.4439345853E-23    0.3065372650E-24    0.2039107488E-07    0.4673313803E-15    0.4123403810E-53    0.2074645625E-38    0.2032512262E-55
    0.7500000000E+00    0.4756844785E-23    0.3284605973E-24    0.2086604403E-07    0.7777687507E-15    0.7353285256E-53    0.3699725225E-38    0.3883816660E-55
    0.7500000000E+00    0.5097051019E-23    0.3519518710E-24    0.2135207663E-07   -0.3045120901E-15   -0.3084860034E-53   -0.1552113659E-38   -0.1745873490E-55
    0.7500000000E+00    0.5461588566E-23    0.3771232243E-24    0.2184943039E-07   -0.1970498375E-14   -0.2138981384E-52   -0.1076205139E-37   -0.1297132412E-54
    0.7500000000E+00    0.5852197586E-23    0.4040948153E-24    0.2235836900E-07   -0.3559455855E-14   -0.4140135309E-52   -0.2083063896E-37   -0.2690245053E-54
    0.7500000000E+00    0.6270742692E-23    0.4329953957E-24    0.2287916232E-07   -0.1655104482E-14   -0.2062796276E-52   -0.1037873434E-37   -0.1436261917E-54
    0.7500000000E+00    0.6719221852E-23    0.4639629256E-24    0.2341208647E-07    0.1638118538E-13    0.2187641982E-51    0.1100688188E-36    0.1632125520E-53
    0.7500000000E+00    0.7199775931E-23    0.4971452317E-24    0.2395742402E-07    0.1755608590E-13    0.2512225508E-51    0.1263998847E-36    0.2008333939E-53
    0.7500000000E+00    0.7714698903E-23    0.5327007132E-24    0.2451546411E-07   -0.3490482005E-13   -0.5352002742E-51   -0.2692801769E-36   -0.4584517488E-53
    0.7500000000E+00    0.8266448809E-23    0.5707990981E-24    0.2508650263E-07   -0.6675688873E-13   -0.1096798914E-50   -0.5518424033E-36   -0.1006709850E-52
    0.7500000000E+00    0.8857659485E-23    0.6116222531E-24    0.2567084234E-07    0.5509997405E-13    0.9700236396E-51    0.4880568077E-36    0.9540247127E-53
    0.7500000000E+00    0.9491153137E-23    0.6553650517E-24    0.2626879307E-07    0.1775067465E-12    0.3348465186E-50    0.1684743714E-35    0.3528767902E-52
    0.7500000000E+00    0.1016995382E-22    0.7022363048E-24    0.2688067187E-07   -0.1154649184E-12   -0.2333893190E-50   -0.1174272887E-35   -0.2635471252E-52
    0.7500000000E+00    0.1089730185E-22    0.7524597575E-24    0.2750680315E-07   -0.3654278957E-12   -0.7914666521E-50   -0.3982178082E-35   -0.9576568674E-52
    0.7500000000E+00    0.1167666930E-22    0.8062751566E-24    0.2814751890E-07    0.3033622510E-12    0.7040321016E-50    0.3542260683E-35    0.9127876774E-52
    0.7500000000E+00    0.1251177658E-22    0.8639393956E-24    0.2880315884E-07    0.6008060319E-12    0.1494050262E-49    0.7517150839E-35    0.2075594516E-51
    0.7500000000E+00    0.1340661015E-22    0.9257277409E-24    0.2947407060E-07   -0.7711284923E-12   -0.2054743778E-49   -0.1033821907E-34   -0.3058686600E-51
    0.7500000000E+00    0.1436544159E-22    0.9919351458E-24    0.3016060990E-07   -0.7882917088E-12   -0.2250701408E-49   -0.1132415850E-34   -0.3590006121E-51
    0.7500000000E+00    0.1539284799E-22    0.1062877658E-23    0.3086314075E-07    0.1830595988E-11    0.5600456523E-49    0.2817808578E-34    0.9571956947E-51
    0.7500000000E+00    0.1649373379E-22    0.1138893930E-23    0.3158203565E-07    0.6753248162E-12    0.2213826761E-49    0.1113862774E-34    0.4054347219E-51
    0.7500000000E+00    0.1767335417E-22    0.1220346833E-23    0.3231767576E-07   -0.5211483186E-11   -0.1830594971E-48   -0.9210438809E-34   -0.3592274962E-50
    0.7500000000E+00    0.1893734018E-22    0.1307625190E-23    0.3307045113E-07   -0.3747390703E-11   -0.1410457157E-48   -0.7096561253E-34   -0.2965768208E-50
    0.7500000000E+00    0.2029172559E-22    0.1401145635E-23    0.3384076090E-07    0.5810965438E-11    0.2343576941E-48    0.1179145161E-33    0.5280274772E-50
    0.7500000000E+00    0.2174297571E-22    0.1501354598E-23    0.3462901348E-07    0.3366653368E-10    0.1454887215E-47    0.7320106241E-33    0.3512421557E-49
    0.7500000000E+00    0.2329801823E-22    0.1608730435E-23    0.3543562682E-07    0.1820754159E-09    0.8431061058E-47    0.4241996358E-32    0.2181019462E-48
    0.7500000000E+00    0.2496427630E-22    0.1723785718E-23    0.3626102861E-07    0.1231319127E-08    0.6109442046E-46    0.3073899089E-31    0.1693475258E-47
    0.7500000000E+00    0.2674970400E-22    0.1847069675E-23    0.3710565646E-07    0.2859063359E-08    0.1520038905E-45    0.7647909856E-31    0.4514732363E-47
    0.7500000000E+00    0.2866282424E-22    0.1979170815E-23    0.3796995823E-07    0.2149769388E-08    0.1224680487E-45    0.6161846212E-31    0.3897625470E-47
    0.7500000000E+00    0.3071276952E-22    0.2120719737E-23    0.3885439218E-07   -0.1953228823E-07   -0.1192295894E-44   -0.5998906666E-30   -0.4065943643E-46
    0.7500000000E+00    0.3290932546E-22    0.2272392139E-23    0.3975942724E-07   -0.4547745554E-06   -0.2974589783E-43   -0.1496632385E-28   -0.1086937039E-44
    0.7500000000E+00    0.3526297755E-22    0.2434912046E-23    0.4068554327E-07   -0.5464400427E-05   -0.3829776593E-42   -0.1926910296E-27   -0.1499514767E-43
    0.7500000000E+00    0.3778496121E-22    0.2609055264E-23    0.4163323131E-07   -0.4170032814E-05   -0.3131629650E-42   -0.1575645281E-27   -0.1313855801E-43
    0.7500000000E+00    0.4048731538E-22    0.2795653084E-23    0.4260299385E-07    0.3906481714E-03    0.3143523560E-40    0.1581629572E-25    0.1413168753E-41
    0.7500000000E+00    0.4338294005E-22    0.2995596250E-23    0.4359534505E-07    0.1507619098E-02    0.1299937746E-39    0.6540494896E-25    0.6261809638E-41
    0.7500000000E+00    0.4648565778E-22    0.3209839213E-23    0.4461081109E-07   -0.2093277550E-01   -0.1934005655E-38   -0.9730738382E-24   -0.9982401788E-40
    0.7500000000E+00    0.4981027973E-22    0.3439404683E-23    0.4564993037E-07   -0.2497887708E+01   -0.2472884514E-36   -0.1244204855E-21   -0.1367669435E-37
    0.7500000000E+00    0.5337267633E-22    0.3685388516E-23    0.4671325384E-07   -0.8772390634E+02   -0.9305696548E-35   -0.4682059659E-20   -0.5514754616E-36
    0.7500000000E+00    0.5718985306E-22    0.3948964943E-23    0.4780134531E-07   -0.4697342486E+02   -0.5339285574E-35   -0.2686403265E-20   -0.3390474297E-36
    0.7500000000E+00    0.6128003161E-22    0.4231392172E-23    0.4891478167E-07    0.8011538789E+04    0.9757686565E-33    0.4909473503E-18    0.6639328698E-34
    0.7500000000E+00    0.6566273690E-22    0.4534018400E-23    0.5005415331E-07    0.3028194758E+06    0.3951979901E-31    0.1988395557E-16    0.2881323582E-32
    0.7500000000E+00    0.7035889022E-22    0.4858288246E-23    0.5122006431E-07    0.3065325080E+06    0.4286545742E-31    0.2156728708E-16    0.3348765748E-32
    0.7500000000E+00    0.7539090917E-22    0.5205749646E-23    0.5241313287E-07   -0.1159859621E+08   -0.1737946299E-29   -0.8744287131E-15   -0.1454834728E-30
    0.7500000000E+00    0.8078281461E-22    0.5578061244E-23    0.5363399157E-07   -0.5563536990E+09   -0.8932682622E-28   -0.4494381773E-13   -0.8012337050E-29
    0.7500000000E+00    0.8656034539E-22    0.5977000309E-23    0.5488328773E-07   -0.2192473325E+11   -0.3771944049E-26   -0.1897812482E-11   -0.3625288292E-27
    0.7500000000E+00    0.9275108115E-22    0.6404471218E-23    0.5616168372E-07   -0.7775587304E+12   -0.1433389193E-24   -0.7211941290E-10   -0.1476187190E-25
    0.7500000000E+00    0.9938457404E-22    0.6862514550E-23    0.5746985739E-07   -0.5718878088E+13   -0.1129644423E-23   -0.5683682628E-09   -0.1246576883E-24
    0.7500000000E+00    0.1064924897E-21    0.7353316823E-23    0.5880850233E-07    0.6145121208E+12    0.1300652791E-24    0.6544092571E-10    0.1537937490E-25
    0.7500000000E+00    0.1141087586E-21    0.7879220933E-23    0.6017832832E-07    0.2578727537E+15    0.5848390754E-22    0.2942553980E-07    0.7409922885E-23
    0.7500000000E+00    0.1222697377E-21    0.8442737340E-23    0.6158006166E-07    0.6414671871E+16    0.1558853742E-20    0.7843202473E-06    0.2116326530E-21
    0.7500000000E+00    0.1310143844E-21    0.9046556049E-23    0.6301444556E-07    0.1359974802E+18    0.3541292385E-19    0.1781762615E-04    0.5151563910E-20
    0.7500000000E+00    0.1403844422E-21    0.9693559452E-23    0.6448224056E-07    0.1864364812E+19    0.5201897869E-18    0.2617278141E-03    0.8108473986E-19
    0.7500000000E+00    0.1504246400E-21    0.1038683609E-22    0.6598422489E-07    0.2504410010E+19    0.7487491714E-18    0.3767249740E-03    0.1250586284E-18
    0.7500000000E+00    0.1611829057E-21    0.1112969539E-22    0.6752119493E-07   -0.9925532355E+19   -0.3179689651E-17   -0.1599826146E-02   -0.5690652153E-18
    0.7500000000E+00    0.1727105951E-21    0.1192568347E-22    0.6909396560E-07   -0.2238403743E+21   -0.7683681372E-16   -0.3865960425E-01   -0.1473488171E-16
    0.7500000000E+00    0.1850627369E-21    0.1277860007E-22    0.7070337081E-07   -0.3086936028E+22   -0.1135425264E-14   -0.5712768299E+00   -0.2333113463E-15
    0.7500000000E+00    0.1982982953E-21    0.1369251667E-22    0.7235026388E-07   -0.3746460922E+23   -0.1476563507E-13   -0.7429168140E+01   -0.3251093332E-14
    0.7500000000E+00    0.2124804516E-21    0.1467179595E-22    0.7403551802E-07   -0.4158004424E+24   -0.1755965063E-12   -0.8834946576E+02   -0.4142792462E-13
    0.7500000000E+00    0.2276769058E-21    0.1572111260E-22    0.7576002677E-07   -0.4199538926E+25   -0.1900345361E-11   -0.9561380287E+03   -0.4804075693E-12
    0.7500000000E+00    0.2439602000E-21    0.1684547565E-22    0.7752470448E-07   -0.1153382250E+26   -0.5592476753E-11   -0.2813793644E+04   -0.1514891378E-11
    0.7500000000E+00    0.2614080640E-21    0.1805025236E-22    0.7933048683E-07   -0.7865788131E+25   -0.4086703861E-11   -0.2056180447E+04   -0.1186179665E-11
    0.7500000000E+00    0.2801037871E-21    0.1934119387E-22    0.8117833125E-07    0.5506389518E+26    0.3065475530E-10    0.1542360557E+05    0.9534000275E-11
    0.7500000000E+00    0.3001366153E-21    0.2072446262E-22    0.8306921749E-07    0.5941099083E+27    0.3544032691E-09    0.1783141370E+06    0.1181068334E-09
    0.7500000000E+00    0.3216021775E-21    0.2220666179E-22    0.8500414813E-07    0.4445627752E+28    0.2841607032E-08    0.1429723565E+07    0.1014708563E-08
    0.7500000000E+00    0.3446029418E-21    0.2379486681E-22    0.8698414910E-07    0.2937095136E+29    0.2011633864E-07    0.1012131624E+08    0.7697084324E-08
    0.7500000000E+00    0.3692487048E-21    0.2549665916E-22    0.8901027021E-07    0.1784012626E+30    0.1309268887E-06    0.6587443514E+08    0.5367921473E-07
    0.7500000000E+00    0.3956571157E-21    0.2732016250E-22    0.9108358575E-07    0.1006572248E+31    0.7915454852E-06    0.3982574722E+09    0.3477388252E-06
    0.7500000000E+00    0.4239542377E-21    0.2927408154E-22    0.9320519501E-07    0.5294844382E+31    0.4461533152E-05    0.2244771714E+10    0.2100203756E-05
    0.7500000000E+00    0.4542751502E-21    0.3136774352E-22    0.9537622289E-07    0.2602111951E+32    0.2349399658E-04    0.1182074797E+11    0.1185043268E-04
    0.7500000000E+00    0.4867645933E-21    0.3361114274E-22    0.9759782052E-07    0.1196762453E+33    0.1157814220E-03    0.5825415888E+11    0.6257720847E-04
    0.7500000000E+00    0.5215776589E-21    0.3601498832E-22    0.9987116580E-07    0.5158998617E+33    0.5348060793E-03    0.2690818421E+12    0.3097231317E-03
    0.7500000000E+00    0.5588805307E-21    0.3859075526E-22    0.1021974641E-06    0.2086879312E+34    0.2318079133E-02    0.1166316217E+13    0.1438485750E-02
    0.7500000000E+00    0.5988512779E-21    0.4135073927E-22    0.1045779488E-06    0.7924629028E+34    0.9432131889E-02    0.4745674221E+13    0.6271727368E-02
    0.7500000000E+00    0.6416807053E-21    0.4430811541E-22    0.1070138822E-06    0.2433139569E+35    0.3103115535E-01    0.1561298715E+14    0.2210931320E-01
    0.7500000000E+00    0.6875732635E-21    0.4747700104E-22    0.1095065557E-06    0.4799077933E+35    0.6558261454E-01    0.3299717676E+14    0.5006866743E-01
    0.7500000000E+00    0.7367480256E-21    0.5087252317E-22    0.1120572911E-06    0.7030155346E+35    0.1029427689E+00    0.5179453071E+14    0.8421183912E-01
    0.7500000000E+00    0.7894397325E-21    0.5451089068E-22    0.1146674407E-06    0.8216232121E+35    0.1289150508E+00    0.6486220088E+14    0.1130006471E+00
    0.7500000000E+00    0.8458999137E-21    0.5840947171E-22    0.1173383885E-06    0.8279637437E+35    0.1392009642E+00    0.7003744594E+14    0.1307433323E+00
    0.7500000000E+00    0.9063980879E-21    0.6258687655E-22    0.1200715507E-06    0.8051773653E+35    0.1450515860E+00    0.7298112243E+14    0.1459821609E+00
    0.7500000000E+00    0.9712230494E-21    0.6706304648E-22    0.1228683764E-06    0.6949677828E+35    0.1341515194E+00    0.6749687292E+14    0.1446681416E+00
    0.7500000000E+00    0.1040684247E-20    0.7185934897E-22    0.1257303485E-06    0.4953434985E+35    0.1024559987E+00    0.5154961758E+14    0.1183899119E+00
    0.7500000000E+00    0.1115113261E-20    0.7699867968E-22    0.1286589846E-06    0.3020782926E+35    0.6694997849E-01    0.3368515101E+14    0.8289488784E-01
    0.7500000000E+00    0.1194865387E-20    0.8250557175E-22    0.1316558373E-06    0.1611739254E+35    0.3827592608E-01    0.1925811447E+14    0.5078120634E-01
    0.7500000000E+00    0.1280321329E-20    0.8840631292E-22    0.1347224957E-06    0.7623558272E+34    0.1939941564E-01    0.9760604262E+13    0.2757820240E-01
    0.7500000000E+00    0.1371889021E-20    0.9472907100E-22    0.1378605858E-06    0.3204182443E+34    0.8736714828E-02    0.4395782716E+13    0.1330838839E-01
    0.7500000000E+00    0.1470005571E-20    0.1015040283E-21    0.1410717713E-06    0.1178619488E+34    0.3443535318E-02    0.1732577213E+13    0.5620589245E-02
    0.7500000000E+00    0.1575139348E-20    0.1087635259E-21    0.1443577550E-06    0.3643710234E+33    0.1140708706E-02    0.5739351362E+12    0.1995042091E-02
    0.7500000000E+00    0.1687792220E-20    0.1165422177E-21    0.1477202791E-06    0.8204830823E+32    0.2752330321E-03    0.1384804963E+12    0.5157958707E-03
    0.7500000000E+00    0.1808501947E-20    0.1248772362E-21    0.1511611264E-06    0.3879996620E+31    0.1394640495E-04    0.7016981443E+10    0.2800525798E-04
    0.7500000000E+00    0.1937844750E-20    0.1338083694E-21    0.1546821213E-06    0.6452871255E+30    0.2485329211E-05    0.1250466268E+10    0.5347628518E-05
    0.7500000000E+00    0.2076438060E-20    0.1433782510E-21    0.1582851308E-06    0.1274416910E+30    0.5259475657E-06    0.2646247777E+09    0.1212606120E-05
    0.7500000000E+00    0.2224943467E-20    0.1536325639E-21    0.1619720651E-06    0.3071013986E+29    0.1358040489E-06    0.6832832506E+08    0.3354980688E-06
    0.7500000000E+00    0.2384069878E-20    0.1646202581E-21    0.1657448792E-06    0.6131516451E+28    0.2905352432E-07    0.1461796368E+08    0.7690881647E-07
    0.7500000000E+00    0.2554576900E-20    0.1763937846E-21    0.1696055734E-06    0.1131527250E+28    0.5745078156E-08    0.2890573374E+07    0.1629570851E-07
    0.7500000000E+00    0.2737278465E-20    0.1890093455E-21    0.1735561947E-06    0.2490098832E+27    0.1354713655E-08    0.6816093907E+06    0.4117416636E-08
    0.7500000000E+00    0.2933046719E-20    0.2025271626E-21    0.1775988378E-06    0.6118869066E+26    0.3566991579E-09    0.1794692884E+06    0.1161660950E-08
    0.7500000000E+00    0.3142816182E-20    0.2170117645E-21    0.1817356462E-06    0.1307542895E+26    0.8167457235E-10    0.4109366971E+05    0.2850126759E-09
    0.7500000000E+00    0.3367588212E-20    0.2325322952E-21    0.1859688132E-06    0.2930779180E+25    0.1961616119E-10    0.9869657418E+04    0.7334851540E-10
    0.7500000000E+00    0.3608435782E-20    0.2491628434E-21    0.1903005833E-06    0.2923984753E+24    0.2097036683E-11    0.1055101121E+04    0.8402012706E-11
    0.7500000000E+00    0.3866508602E-20    0.2669827968E-21    0.1947332533E-06    0.1247753452E+24    0.9588699398E-12    0.4824449454E+03    0.4116584271E-11
