    0.7620000000E+00    0.4143038610E-23    0.2860772210E-24    0.1992691735E-07    0.0000000000E+00    0.0000000000E+00    0.0000000000E+00    0.0000000000E+00
    0.7620000000E+00    0.4439345853E-23    0.3065372650E-24    0.2039107488E-07    0.0000000000E+00    0.0000000000E+00    0.0000000000E+00    0.0000000000E+00
    0.7620000000E+00    0.4756844785E-23    0.3284605973E-24    0.2086604403E-07    0.0000000000E+00    0.0000000000E+00    0.0000000000E+00    0.0000000000E+00
    0.7620000000E+00    0.5097051019E-23    0.3519518710E-24    0.2135207663E-07    0.0000000000E+00    0.0000000000E+00    0.0000000000E+00    0.0000000000E+00
    0.7620000000E+00    0.5461588566E-23    0.3771232243E-24    0.2184943039E-07    0.1002090317E-15    0.1087771784E-53    0.5473005015E-39    0.6320495442E-56
    0.7620000000E+00    0.5852197586E-23    0.4040948153E-24    0.2235836900E-07    0.1540019919E-15    0.1791254366E-53    0.9012500850E-39    0.1115245797E-55
    0.7620000000E+00    0.6270742692E-23    0.4329953957E-24    0.2287916232E-07    0.0000000000E+00    0.0000000000E+00    0.0000000000E+00    0.0000000000E+00
    0.7620000000E+00    0.6719221852E-23    0.4639629256E-24    0.2341208647E-07   -0.3691029379E-15   -0.4929222542E-53   -0.2480084526E-38   -0.3523641847E-55
    0.7620000000E+00    0.7199775931E-23    0.4971452317E-24    0.2395742402E-07   -0.4769398851E-15   -0.6824872880E-53   -0.3433860305E-38   -0.5227666812E-55
    0.7620000000E+00    0.7714698903E-23    0.5327007132E-24    0.2451546411E-07    0.2057065453E-14    0.3154125972E-52    0.1586964060E-37    0.2588763446E-54
    0.7620000000E+00    0.8266448809E-23    0.5707990981E-24    0.2508650263E-07    0.3790943367E-14    0.6228424730E-52    0.3133763928E-37    0.5477615623E-54
    0.7620000000E+00    0.8857659485E-23    0.6116222531E-24    0.2567084234E-07   -0.5765534344E-14   -0.1015010389E-51   -0.5106913997E-37   -0.9564974587E-54
    0.7620000000E+00    0.9491153137E-23    0.6553650517E-24    0.2626879307E-07   -0.1234994050E-13   -0.2329677413E-51   -0.1172151765E-36   -0.2352388904E-53
    0.7620000000E+00    0.1016995382E-22    0.7022363048E-24    0.2688067187E-07    0.9034379282E-14    0.1826119706E-51    0.9187922004E-37    0.1975798158E-53
    0.7620000000E+00    0.1089730185E-22    0.7524597575E-24    0.2750680315E-07    0.2590767419E-13    0.5611246542E-51    0.2823237458E-36    0.6505380205E-53
    0.7620000000E+00    0.1167666930E-22    0.8062751566E-24    0.2814751890E-07   -0.2570706263E-13   -0.5966001793E-51   -0.3001728691E-36   -0.7411339581E-53
    0.7620000000E+00    0.1251177658E-22    0.8639393956E-24    0.2880315884E-07   -0.3966584895E-13   -0.9863877671E-51   -0.4962902399E-36   -0.1312988768E-52
    0.7620000000E+00    0.1340661015E-22    0.9257277409E-24    0.2947407060E-07    0.5756196434E-13    0.1533792218E-50    0.7717108152E-36    0.2187660187E-52
    0.7620000000E+00    0.1436544159E-22    0.9919351458E-24    0.3016060990E-07    0.3635048121E-13    0.1037865530E-50    0.5221907147E-36    0.1586187129E-52
    0.7620000000E+00    0.1539284799E-22    0.1062877658E-23    0.3086314075E-07   -0.1111893630E-12   -0.3401685556E-50   -0.1711520962E-35   -0.5570670858E-52
    0.7620000000E+00    0.1649373379E-22    0.1138893930E-23    0.3158203565E-07    0.6515775226E-13    0.2135979194E-50    0.1074694620E-35    0.3748092938E-52
    0.7620000000E+00    0.1767335417E-22    0.1220346833E-23    0.3231767576E-07    0.2500370145E-12    0.8782845205E-50    0.4418992712E-35    0.1651385860E-51
    0.7620000000E+00    0.1893734018E-22    0.1307625190E-23    0.3307045113E-07   -0.3828664416E-12   -0.1441047266E-49   -0.7250472048E-35   -0.2903297626E-51
    0.7620000000E+00    0.2029172559E-22    0.1401145635E-23    0.3384076090E-07   -0.2069798528E-11   -0.8347549395E-49   -0.4199978376E-34   -0.1802072796E-50
    0.7620000000E+00    0.2174297571E-22    0.1501354598E-23    0.3462901348E-07   -0.1865797635E-11   -0.8062977765E-49   -0.4056799266E-34   -0.1865128659E-50
    0.7620000000E+00    0.2329801823E-22    0.1608730435E-23    0.3543562682E-07    0.2431084585E-11    0.1125721585E-48    0.5663945296E-34    0.2790257772E-50
    0.7620000000E+00    0.2496427630E-22    0.1723785718E-23    0.3626102861E-07    0.3260373085E-10    0.1617700886E-47    0.8139285455E-33    0.4296467751E-49
    0.7620000000E+00    0.2674970400E-22    0.1847069675E-23    0.3710565646E-07    0.2646531674E-09    0.1407045106E-46    0.7079393891E-32    0.4004251557E-48
    0.7620000000E+00    0.2866282424E-22    0.1979170815E-23    0.3796995823E-07    0.1400170581E-08    0.7976490869E-46    0.4013284328E-31    0.2432345173E-47
    0.7620000000E+00    0.3071276952E-22    0.2120719737E-23    0.3885439218E-07    0.1432896383E-08    0.8746729792E-46    0.4400821636E-31    0.2857979067E-47
    0.7620000000E+00    0.3290932546E-22    0.2272392139E-23    0.3975942724E-07   -0.7209788387E-08   -0.4715778976E-45   -0.2372692725E-30   -0.1651074899E-46
    0.7620000000E+00    0.3526297755E-22    0.2434912046E-23    0.4068554327E-07   -0.2724915090E-06   -0.1909782449E-43   -0.9608861965E-29   -0.7164687142E-45
    0.7620000000E+00    0.3778496121E-22    0.2609055264E-23    0.4163323131E-07   -0.2259312151E-05   -0.1696708213E-42   -0.8536802199E-28   -0.6820567246E-44
    0.7620000000E+00    0.4048731538E-22    0.2795653084E-23    0.4260299385E-07    0.5363298689E-05    0.4315815873E-42    0.2171455655E-27    0.1858986522E-43
    0.7620000000E+00    0.4338294005E-22    0.2995596250E-23    0.4359534505E-07    0.3213339287E-03    0.2770687260E-40    0.1394041056E-25    0.1278794739E-41
    0.7620000000E+00    0.4648565778E-22    0.3209839213E-23    0.4461081109E-07   -0.2619596395E-04   -0.2420278306E-41   -0.1217736615E-26   -0.1196957254E-42
    0.7620000000E+00    0.4981027973E-22    0.3439404683E-23    0.4564993037E-07   -0.7139927124E-01   -0.7068458344E-38   -0.3556417673E-23   -0.3745743513E-39
    0.7620000000E+00    0.5337267633E-22    0.3685388516E-23    0.4671325384E-07   -0.7413366214E+01   -0.7864052032E-36   -0.3956711954E-21   -0.4465393249E-37
    0.7620000000E+00    0.5718985306E-22    0.3948964943E-23    0.4780134531E-07   -0.3990283058E+02   -0.4535598763E-35   -0.2282037017E-20   -0.2759611597E-36
    0.7620000000E+00    0.6128003161E-22    0.4231392172E-23    0.4891478167E-07    0.2390090387E+03    0.2911020400E-34    0.1464648144E-19    0.1897835570E-35
    0.7620000000E+00    0.6566273690E-22    0.4534018400E-23    0.5005415331E-07    0.2163737743E+05    0.2823810473E-32    0.1420769421E-17    0.1972644735E-33
    0.7620000000E+00    0.7035889022E-22    0.4858288246E-23    0.5122006431E-07    0.1686215863E+06    0.2358001595E-31    0.1186402768E-16    0.1765051687E-32
    0.7620000000E+00    0.7539090917E-22    0.5205749646E-23    0.5241313287E-07   -0.3135282720E+06   -0.4697941806E-31   -0.2363718148E-16   -0.3768087386E-32
    0.7620000000E+00    0.8078281461E-22    0.5578061244E-23    0.5363399157E-07   -0.2906491808E+08   -0.4666594094E-29   -0.2347945889E-14   -0.4010637038E-30
    0.7620000000E+00    0.8656034539E-22    0.5977000309E-23    0.5488328773E-07   -0.1263095897E+10   -0.2173037636E-27   -0.1093340171E-12   -0.2001154322E-28
    0.7620000000E+00    0.9275108115E-22    0.6404471218E-23    0.5616168372E-07   -0.4852583059E+11   -0.8945485201E-26   -0.4500823251E-11   -0.8827083498E-27
    0.7620000000E+00    0.9938457404E-22    0.6862514550E-23    0.5746985739E-07   -0.1451647682E+13   -0.2867425539E-24   -0.1442713866E-09   -0.3031834441E-25
    0.7620000000E+00    0.1064924897E-21    0.7353316823E-23    0.5880850233E-07   -0.2687066712E+13   -0.5687342367E-24   -0.2861524242E-09   -0.6443512953E-25
    0.7620000000E+00    0.1141087586E-21    0.7879220933E-23    0.6017832832E-07    0.1537046786E+14    0.3485924776E-23    0.1753905007E-08    0.4231860512E-24
    0.7620000000E+00    0.1222697377E-21    0.8442737340E-23    0.6158006166E-07    0.5355578563E+15    0.1301479460E-21    0.6548251864E-07    0.1692975416E-22
    0.7620000000E+00    0.1310143844E-21    0.9046556049E-23    0.6301444556E-07    0.1244970715E+17    0.3241828677E-20    0.1631090719E-05    0.4518594744E-21
    0.7620000000E+00    0.1403844422E-21    0.9693559452E-23    0.6448224056E-07    0.2579191439E+18    0.7196386869E-19    0.3620783514E-04    0.1074800440E-19
    0.7620000000E+00    0.1504246400E-21    0.1038683609E-22    0.6598422489E-07    0.1549627994E+19    0.4632958149E-18    0.2331022330E-03    0.7414326557E-19
    0.7620000000E+00    0.1611829057E-21    0.1112969539E-22    0.6752119493E-07    0.7868835279E+18    0.2520817343E-18    0.1268321735E-03    0.4322696169E-19
    0.7620000000E+00    0.1727105951E-21    0.1192568347E-22    0.6909396560E-07   -0.2397401340E+20   -0.8229466234E-17   -0.4140566122E-02   -0.1512115624E-17
    0.7620000000E+00    0.1850627369E-21    0.1277860007E-22    0.7070337081E-07   -0.3998304071E+21   -0.1470641249E-15   -0.7399370942E-01   -0.2895476711E-16
    0.7620000000E+00    0.1982982953E-21    0.1369251667E-22    0.7235026388E-07   -0.5279368338E+22   -0.2080716386E-14   -0.1046889741E+01   -0.4389612870E-15
    0.7620000000E+00    0.2124804516E-21    0.1467179595E-22    0.7403551802E-07   -0.6288014163E+23   -0.2655488562E-13   -0.1336080089E+02   -0.6002853828E-14
    0.7620000000E+00    0.2276769058E-21    0.1572111260E-22    0.7576002677E-07   -0.6880732240E+24   -0.3113619810E-12   -0.1566583826E+03   -0.7541867790E-13
    0.7620000000E+00    0.2439602000E-21    0.1684547565E-22    0.7752470448E-07   -0.5500343512E+25   -0.2666986007E-11   -0.1341864903E+04   -0.6922039453E-12
    0.7620000000E+00    0.2614080640E-21    0.1805025236E-22    0.7933048683E-07   -0.8715126472E+25   -0.4527981229E-11   -0.2278204338E+04   -0.1259267372E-11
    0.7620000000E+00    0.2801037871E-21    0.1934119387E-22    0.8117833125E-07    0.4469051643E+24    0.2487976633E-12    0.1251798290E+03    0.7414120330E-13
    0.7620000000E+00    0.3001366153E-21    0.2072446262E-22    0.8306921749E-07    0.1072424922E+27    0.6397316272E-10    0.3218739864E+05    0.2042730884E-10
    0.7620000000E+00    0.3216021775E-21    0.2220666179E-22    0.8500414813E-07    0.9620752025E+27    0.6149501967E-09    0.3094054801E+06    0.2104036540E-09
    0.7620000000E+00    0.3446029418E-21    0.2379486681E-22    0.8698414910E-07    0.6924018441E+28    0.4742301262E-08    0.2386037124E+07    0.1738611200E-08
    0.7620000000E+00    0.3692487048E-21    0.2549665916E-22    0.8901027021E-07    0.4497337875E+29    0.3300550943E-07    0.1660636186E+08    0.1296581359E-07
    0.7620000000E+00    0.3956571157E-21    0.2732016250E-22    0.9108358575E-07    0.2699633024E+30    0.2122929911E-06    0.1068129016E+09    0.8936119938E-07
    0.7620000000E+00    0.4239542377E-21    0.2927408154E-22    0.9320519501E-07    0.1507717493E+31    0.1270430459E-05    0.6392032204E+09    0.5730126777E-06
    0.7620000000E+00    0.4542751502E-21    0.3136774352E-22    0.9537622289E-07    0.7856364881E+31    0.7093369276E-05    0.3568951337E+10    0.3428198043E-05
    0.7620000000E+00    0.4867645933E-21    0.3361114274E-22    0.9759782052E-07    0.3826632915E+32    0.3702096429E-04    0.1862669415E+11    0.1917171922E-04
    0.7620000000E+00    0.5215776589E-21    0.3601498832E-22    0.9987116580E-07    0.1744962007E+33    0.1808909750E-03    0.9101331986E+11    0.1003760804E-03
    0.7620000000E+00    0.5588805307E-21    0.3859075526E-22    0.1021974641E-06    0.7458928107E+33    0.8285282960E-03    0.4168649698E+12    0.4926297985E-03
    0.7620000000E+00    0.5988512779E-21    0.4135073927E-22    0.1045779488E-06    0.2990797397E+34    0.3559737042E-02    0.1791042843E+13    0.2267938382E-02
    0.7620000000E+00    0.6416807053E-21    0.4430811541E-22    0.1070138822E-06    0.1122137988E+35    0.1431123749E-01    0.7200542957E+13    0.9769909077E-02
    0.7620000000E+00    0.6875732635E-21    0.4747700104E-22    0.1095065557E-06    0.3032847373E+35    0.4144589086E-01    0.2085304766E+14    0.3031759954E-01
    0.7620000000E+00    0.7367480256E-21    0.5087252317E-22    0.1120572911E-06    0.5419194060E+35    0.7935341604E-01    0.3992580524E+14    0.6219836382E-01
    0.7620000000E+00    0.7894397325E-21    0.5451089068E-22    0.1146674407E-06    0.7355283221E+35    0.1154065144E+00    0.5806552819E+14    0.9692675143E-01
    0.7620000000E+00    0.8458999137E-21    0.5840947171E-22    0.1173383885E-06    0.8038523795E+35    0.1351472539E+00    0.6799786584E+14    0.1216243574E+00
    0.7620000000E+00    0.9063980879E-21    0.6258687655E-22    0.1200715507E-06    0.7989123343E+35    0.1439229493E+00    0.7241326122E+14    0.1387852728E+00
    0.7620000000E+00    0.9712230494E-21    0.6706304648E-22    0.1228683764E-06    0.7546793523E+35    0.1456778059E+00    0.7329619818E+14    0.1505243377E+00
    0.7620000000E+00    0.1040684247E-20    0.7185934897E-22    0.1257303485E-06    0.6039526181E+35    0.1249205225E+00    0.6285239757E+14    0.1383079440E+00
    0.7620000000E+00    0.1115113261E-20    0.7699867968E-22    0.1286589846E-06    0.4021246967E+35    0.8912338441E-01    0.4484145820E+14    0.1057316485E+00
    0.7620000000E+00    0.1194865387E-20    0.8250557175E-22    0.1316558373E-06    0.2300187852E+35    0.5462534958E-01    0.2748414848E+14    0.6943965627E-01
    0.7620000000E+00    0.1280321329E-20    0.8840631292E-22    0.1347224957E-06    0.1150151081E+35    0.2926751272E-01    0.1472562961E+14    0.3986567748E-01
    0.7620000000E+00    0.1371889021E-20    0.9472907100E-22    0.1378605858E-06    0.5070609628E+34    0.1382582643E-01    0.6956313680E+13    0.2017922272E-01
    0.7620000000E+00    0.1470005571E-20    0.1015040283E-21    0.1410717713E-06    0.1960266370E+34    0.5727248315E-02    0.2881602484E+13    0.8956933426E-02
    0.7620000000E+00    0.1575139348E-20    0.1087635259E-21    0.1443577550E-06    0.6458440645E+33    0.2021894992E-02    0.1017294399E+13    0.3388222559E-02
    0.7620000000E+00    0.1687792220E-20    0.1165422177E-21    0.1477202791E-06    0.1660364892E+33    0.5569734142E-03    0.2802350947E+12    0.1000110067E-02
    0.7620000000E+00    0.1808501947E-20    0.1248772362E-21    0.1511611264E-06    0.1303694690E+32    0.4686048948E-04    0.2357734386E+11    0.9016129768E-04
    0.7620000000E+00    0.1937844750E-20    0.1338083694E-21    0.1546821213E-06    0.9316732570E+30    0.3588347991E-05    0.1805438130E+10    0.7397890292E-05
    0.7620000000E+00    0.2076438060E-20    0.1433782510E-21    0.1582851308E-06    0.1782944069E+30    0.7358150111E-06    0.3702172924E+09    0.1625481296E-05
    0.7620000000E+00    0.2224943467E-20    0.1536325639E-21    0.1619720651E-06    0.4319750970E+29    0.1910247477E-06    0.9611201701E+08    0.4521712732E-06
    0.7620000000E+00    0.2384069878E-20    0.1646202581E-21    0.1657448792E-06    0.8832906879E+28    0.4185376927E-07    0.2105826723E+08    0.1061568221E-06
    0.7620000000E+00    0.2554576900E-20    0.1763937846E-21    0.1696055734E-06    0.1559614560E+28    0.7918596342E-08    0.3984155328E+07    0.2152095493E-07
    0.7620000000E+00    0.2737278465E-20    0.1890093455E-21    0.1735561947E-06    0.3364121062E+27    0.1830216810E-08    0.9208536135E+06    0.5329860877E-08
    0.7620000000E+00    0.2933046719E-20    0.2025271626E-21    0.1775988378E-06    0.8266552481E+26    0.4818982522E-09    0.2424618463E+06    0.1503725915E-08
    0.7620000000E+00    0.3142816182E-20    0.2170117645E-21    0.1817356462E-06    0.1790599535E+26    0.1118483010E-09    0.5627525196E+05    0.3739751323E-09
    0.7620000000E+00    0.3367588212E-20    0.2325322952E-21    0.1859688132E-06    0.4054889892E+25    0.2714000914E-10    0.1365519940E+05    0.9723515766E-10
    0.7620000000E+00    0.3608435782E-20    0.2491628434E-21    0.1903005833E-06    0.3983133620E+24    0.2856641884E-11    0.1437288188E+04    0.1096652752E-10
    0.7620000000E+00    0.3866508602E-20    0.2669827968E-21    0.1947332533E-06    0.1596524766E+24    0.1226892704E-11    0.6172976742E+03    0.5046844422E-11
