    0.7680000000E+00    0.4143038610E-23    0.2860772210E-24    0.1992691735E-07    0.0000000000E+00    0.0000000000E+00    0.0000000000E+00    0.0000000000E+00
    0.7680000000E+00    0.4439345853E-23    0.3065372650E-24    0.2039107488E-07    0.0000000000E+00    0.0000000000E+00    0.0000000000E+00    0.0000000000E+00
    0.7680000000E+00    0.4756844785E-23    0.3284605973E-24    0.2086604403E-07    0.0000000000E+00    0.0000000000E+00    0.0000000000E+00    0.0000000000E+00
    0.7680000000E+00    0.5097051019E-23    0.3519518710E-24    0.2135207663E-07    0.0000000000E+00    0.0000000000E+00    0.0000000000E+00    0.0000000000E+00
    0.7680000000E+00    0.5461588566E-23    0.3771232243E-24    0.2184943039E-07    0.0000000000E+00    0.0000000000E+00    0.0000000000E+00    0.0000000000E+00
    0.7680000000E+00    0.5852197586E-23    0.4040948153E-24    0.2235836900E-07    0.0000000000E+00    0.0000000000E+00    0.0000000000E+00    0.0000000000E+00
    0.7680000000E+00    0.6270742692E-23    0.4329953957E-24    0.2287916232E-07    0.0000000000E+00    0.0000000000E+00    0.0000000000E+00    0.0000000000E+00
    0.7680000000E+00    0.6719221852E-23    0.4639629256E-24    0.2341208647E-07    0.0000000000E+00    0.0000000000E+00    0.0000000000E+00    0.0000000000E+00
    0.7680000000E+00    0.7199775931E-23    0.4971452317E-24    0.2395742402E-07    0.0000000000E+00    0.0000000000E+00    0.0000000000E+00    0.0000000000E+00
    0.7680000000E+00    0.7714698903E-23    0.5327007132E-24    0.2451546411E-07    0.0000000000E+00    0.0000000000E+00    0.0000000000E+00    0.0000000000E+00
    0.7680000000E+00    0.8266448809E-23    0.5707990981E-24    0.2508650263E-07    0.9842583537E-15    0.1617111752E-52    0.8136321295E-38    0.1394460610E-54
    0.7680000000E+00    0.8857659485E-23    0.6116222531E-24    0.2567084234E-07    0.1365891698E-14    0.2404624066E-52    0.1209860355E-37    0.2221843202E-54
    0.7680000000E+00    0.9491153137E-23    0.6553650517E-24    0.2626879307E-07   -0.3377173568E-14   -0.6370658208E-52   -0.3205327150E-37   -0.6307402170E-54
    0.7680000000E+00    0.1016995382E-22    0.7022363048E-24    0.2688067187E-07   -0.4829953237E-14   -0.9762787802E-52   -0.4912040135E-37   -0.1035714527E-53
    0.7680000000E+00    0.1089730185E-22    0.7524597575E-24    0.2750680315E-07    0.4904009735E-14    0.1062141181E-51    0.5344047434E-37    0.1207392477E-53
    0.7680000000E+00    0.1167666930E-22    0.8062751566E-24    0.2814751890E-07    0.8784429441E-14    0.2038658502E-51    0.1025728776E-36    0.2483194287E-53
    0.7680000000E+00    0.1251177658E-22    0.8639393956E-24    0.2880315884E-07   -0.1289470174E-13   -0.3206581076E-51   -0.1613356273E-36   -0.4185125088E-53
    0.7680000000E+00    0.1340661015E-22    0.9257277409E-24    0.2947407060E-07   -0.1029121384E-13   -0.2742189897E-51   -0.1379702919E-36   -0.3834985659E-53
    0.7680000000E+00    0.1436544159E-22    0.9919351458E-24    0.3016060990E-07    0.2297205118E-13    0.6558895312E-51    0.3300036595E-36    0.9828718954E-53
    0.7680000000E+00    0.1539284799E-22    0.1062877658E-23    0.3086314075E-07   -0.7097624836E-14   -0.2171420650E-51   -0.1092526602E-36   -0.3486664673E-53
    0.7680000000E+00    0.1649373379E-22    0.1138893930E-23    0.3158203565E-07   -0.2556858062E-13   -0.8381804822E-51   -0.4217213620E-36   -0.1442127842E-52
    0.7680000000E+00    0.1767335417E-22    0.1220346833E-23    0.3231767576E-07    0.8119148485E-13    0.2851946721E-50    0.1434925867E-35    0.5257843143E-52
    0.7680000000E+00    0.1893734018E-22    0.1307625190E-23    0.3307045113E-07    0.8111251020E-13    0.3052943491E-50    0.1536055199E-35    0.6030939662E-52
    0.7680000000E+00    0.2029172559E-22    0.1401145635E-23    0.3384076090E-07   -0.5199166176E-12   -0.2096836764E-49   -0.1055000533E-34   -0.4438444976E-51
    0.7680000000E+00    0.2174297571E-22    0.1501354598E-23    0.3462901348E-07   -0.1576237895E-11   -0.6811655702E-49   -0.3427210226E-34   -0.1544965928E-50
    0.7680000000E+00    0.2329801823E-22    0.1608730435E-23    0.3543562682E-07   -0.1231423197E-11   -0.5702144966E-49   -0.2868972008E-34   -0.1385812493E-50
    0.7680000000E+00    0.2496427630E-22    0.1723785718E-23    0.3626102861E-07    0.3901280125E-11    0.1935700041E-48    0.9739263498E-34    0.5040855833E-50
    0.7680000000E+00    0.2674970400E-22    0.1847069675E-23    0.3710565646E-07    0.4654895807E-10    0.2474804450E-47    0.1245170850E-32    0.6905690434E-49
    0.7680000000E+00    0.2866282424E-22    0.1979170815E-23    0.3796995823E-07    0.4599830247E-09    0.2620431000E-46    0.1318441259E-31    0.7834999018E-48
    0.7680000000E+00    0.3071276952E-22    0.2120719737E-23    0.3885439218E-07    0.1193024675E-08    0.7282497599E-46    0.3664109188E-31    0.2333170990E-47
    0.7680000000E+00    0.3290932546E-22    0.2272392139E-23    0.3975942724E-07    0.4760974013E-10    0.3114058270E-47    0.1566804433E-32    0.1069037532E-48
    0.7680000000E+00    0.3526297755E-22    0.2434912046E-23    0.4068554327E-07   -0.4390144779E-07   -0.3076874387E-44   -0.1548095768E-29   -0.1131816405E-45
    0.7680000000E+00    0.3778496121E-22    0.2609055264E-23    0.4163323131E-07   -0.1027548457E-05   -0.7716728759E-43   -0.3882587857E-28   -0.3041581465E-44
    0.7680000000E+00    0.4048731538E-22    0.2795653084E-23    0.4260299385E-07   -0.2568503644E-06   -0.2066860237E-43   -0.1039918171E-28   -0.8729257967E-45
    0.7680000000E+00    0.4338294005E-22    0.2995596250E-23    0.4359534505E-07    0.1354333604E-03    0.1167768022E-40    0.5875497357E-26    0.5284729907E-42
    0.7680000000E+00    0.4648565778E-22    0.3209839213E-23    0.4461081109E-07    0.1503615365E-03    0.1389209290E-40    0.6989654930E-26    0.6736493526E-42
    0.7680000000E+00    0.4981027973E-22    0.3439404683E-23    0.4564993037E-07   -0.1337994491E-01   -0.1324601520E-38   -0.6664587985E-24   -0.6882583149E-40
    0.7680000000E+00    0.5337267633E-22    0.3685388516E-23    0.4671325384E-07   -0.1486154001E+01   -0.1576502772E-36   -0.7932001644E-22   -0.8777300287E-38
    0.7680000000E+00    0.5718985306E-22    0.3948964943E-23    0.4780134531E-07   -0.2149584524E+02   -0.2443348697E-35   -0.1229344231E-20   -0.1457644669E-36
    0.7680000000E+00    0.6128003161E-22    0.4231392172E-23    0.4891478167E-07    0.2906667348E+02    0.3540187432E-35    0.1781206670E-20    0.2263041268E-36
    0.7680000000E+00    0.6566273690E-22    0.4534018400E-23    0.5005415331E-07    0.4856026177E+04    0.6337412017E-33    0.3188599692E-18    0.4340883804E-34
    0.7680000000E+00    0.7035889022E-22    0.4858288246E-23    0.5122006431E-07    0.9072439067E+05    0.1268688444E-31    0.6383267443E-17    0.9311533321E-33
    0.7680000000E+00    0.7539090917E-22    0.5205749646E-23    0.5241313287E-07    0.1411551597E+05    0.2115084300E-32    0.1064181582E-17    0.1663389284E-33
    0.7680000000E+00    0.8078281461E-22    0.5578061244E-23    0.5363399157E-07   -0.7214229122E+07   -0.1158299464E-29   -0.5827857338E-15   -0.9760837284E-31
    0.7680000000E+00    0.8656034539E-22    0.5977000309E-23    0.5488328773E-07   -0.3335314721E+09   -0.5738095132E-28   -0.2887059942E-13   -0.5181243010E-29
    0.7680000000E+00    0.9275108115E-22    0.6404471218E-23    0.5616168372E-07   -0.1330724707E+11   -0.2453121983E-26   -0.1234261553E-11   -0.2373478828E-27
    0.7680000000E+00    0.9938457404E-22    0.6862514550E-23    0.5746985739E-07   -0.4790719499E+12   -0.9463061601E-25   -0.4761236168E-10   -0.9810652320E-26
    0.7680000000E+00    0.1064924897E-21    0.7353316823E-23    0.5880850233E-07   -0.2084973117E+13   -0.4412974152E-24   -0.2220339783E-09   -0.4902274227E-25
    0.7680000000E+00    0.1141087586E-21    0.7879220933E-23    0.6017832832E-07    0.2768373969E+13    0.6278496851E-24    0.3158957169E-09    0.7473463169E-25
    0.7680000000E+00    0.1222697377E-21    0.8442737340E-23    0.6158006166E-07    0.1657510771E+15    0.4027979792E-22    0.2026634072E-07    0.5137519707E-23
    0.7680000000E+00    0.1310143844E-21    0.9046556049E-23    0.6301444556E-07    0.4071010408E+16    0.1060066564E-20    0.5333609226E-06    0.1448769700E-21
    0.7680000000E+00    0.1403844422E-21    0.9693559452E-23    0.6448224056E-07    0.8740168996E+17    0.2438657187E-19    0.1226983749E-04    0.3571223015E-20
    0.7680000000E+00    0.1504246400E-21    0.1038683609E-22    0.6598422489E-07    0.9984912024E+18    0.2985211917E-18    0.1501976796E-03    0.4684264226E-19
    0.7680000000E+00    0.1611829057E-21    0.1112969539E-22    0.6752119493E-07    0.1059275819E+19    0.3393438496E-18    0.1707371544E-03    0.5705664093E-19
    0.7680000000E+00    0.1727105951E-21    0.1192568347E-22    0.6909396560E-07   -0.7557216478E+19   -0.2594136275E-17   -0.1305211355E-02   -0.4673680333E-18
    0.7680000000E+00    0.1850627369E-21    0.1277860007E-22    0.7070337081E-07   -0.1521247414E+21   -0.5595395342E-16   -0.2815262100E-01   -0.1080182146E-16
    0.7680000000E+00    0.1982982953E-21    0.1369251667E-22    0.7235026388E-07   -0.2106304872E+22   -0.8301415588E-15   -0.4176766654E+00   -0.1717190092E-15
    0.7680000000E+00    0.2124804516E-21    0.1467179595E-22    0.7403551802E-07   -0.2594919400E+23   -0.1095859298E-13   -0.5513696458E+01   -0.2428963644E-14
    0.7680000000E+00    0.2276769058E-21    0.1572111260E-22    0.7576002677E-07   -0.2930129759E+24   -0.1325921391E-12   -0.6671228773E+02   -0.3149082184E-13
    0.7680000000E+00    0.2439602000E-21    0.1684547565E-22    0.7752470448E-07   -0.2975682400E+25   -0.1442837762E-11   -0.7259480733E+03   -0.3671839741E-12
    0.7680000000E+00    0.2614080640E-21    0.1805025236E-22    0.7933048683E-07   -0.7623788897E+25   -0.3960972125E-11   -0.1992919896E+04   -0.1080110042E-11
    0.7680000000E+00    0.2801037871E-21    0.1934119387E-22    0.8117833125E-07   -0.4570594413E+25   -0.2544506756E-11   -0.1280240804E+04   -0.7434809173E-12
    0.7680000000E+00    0.3001366153E-21    0.2072446262E-22    0.8306921749E-07    0.4401843920E+26    0.2625823696E-10    0.1321154535E+05    0.8221135022E-11
    0.7680000000E+00    0.3216021775E-21    0.2220666179E-22    0.8500414813E-07    0.4625557495E+27    0.2956616576E-09    0.1487589363E+06    0.9918847777E-10
    0.7680000000E+00    0.3446029418E-21    0.2379486681E-22    0.8698414910E-07    0.3498401766E+28    0.2396076101E-08    0.1205559540E+07    0.8613245487E-09
    0.7680000000E+00    0.3692487048E-21    0.2549665916E-22    0.8901027021E-07    0.2348853593E+29    0.1723799980E-07    0.8673111470E+07    0.6639770816E-08
    0.7680000000E+00    0.3956571157E-21    0.2732016250E-22    0.9108358575E-07    0.1451693868E+30    0.1141578987E-06    0.5743730086E+08    0.4711640911E-07
    0.7680000000E+00    0.4239542377E-21    0.2927408154E-22    0.9320519501E-07    0.8336500239E+30    0.7024488258E-06    0.3534294604E+09    0.3106568317E-06
    0.7680000000E+00    0.4542751502E-21    0.3136774352E-22    0.9537622289E-07    0.4463497257E+31    0.4030010671E-05    0.2027655887E+10    0.1909731950E-05
    0.7680000000E+00    0.4867645933E-21    0.3361114274E-22    0.9759782052E-07    0.2232644288E+32    0.2159983628E-04    0.1086772189E+11    0.1096772814E-04
    0.7680000000E+00    0.5215776589E-21    0.3601498832E-22    0.9987116580E-07    0.1044986993E+33    0.1083282703E-03    0.5450418695E+11    0.5893971434E-04
    0.7680000000E+00    0.5588805307E-21    0.3859075526E-22    0.1021974641E-06    0.4582618389E+33    0.5090314521E-03    0.2561136197E+12    0.2967637397E-03
    0.7680000000E+00    0.5988512779E-21    0.4135073927E-22    0.1045779488E-06    0.1884389774E+34    0.2242857403E-02    0.1128469224E+13    0.1401095959E-02
    0.7680000000E+00    0.6416807053E-21    0.4430811541E-22    0.1070138822E-06    0.7265626816E+34    0.9266249962E-02    0.4662212539E+13    0.6202549361E-02
    0.7680000000E+00    0.6875732635E-21    0.4747700104E-22    0.1095065557E-06    0.2300298137E+35    0.3143511486E-01    0.1581623497E+14    0.2254661086E-01
    0.7680000000E+00    0.7367480256E-21    0.5087252317E-22    0.1120572911E-06    0.4613146080E+35    0.6755043205E-01    0.3398726266E+14    0.5191517818E-01
    0.7680000000E+00    0.7894397325E-21    0.5451089068E-22    0.1146674407E-06    0.6769748622E+35    0.1062193077E+00    0.5344308541E+14    0.8747212642E-01
    0.7680000000E+00    0.8458999137E-21    0.5840947171E-22    0.1173383885E-06    0.7860538981E+35    0.1321548937E+00    0.6649229246E+14    0.1166136711E+00
    0.7680000000E+00    0.9063980879E-21    0.6258687655E-22    0.1200715507E-06    0.7897575496E+35    0.1422737275E+00    0.7158347328E+14    0.1345212604E+00
    0.7680000000E+00    0.9712230494E-21    0.6706304648E-22    0.1228683764E-06    0.7642845276E+35    0.1475319190E+00    0.7422907495E+14    0.1494693719E+00
    0.7680000000E+00    0.1040684247E-20    0.7185934897E-22    0.1257303485E-06    0.6482850739E+35    0.1340901716E+00    0.6746600640E+14    0.1455670779E+00
    0.7680000000E+00    0.1115113261E-20    0.7699867968E-22    0.1286589846E-06    0.4518313646E+35    0.1001399335E+00    0.5038431466E+14    0.1164859421E+00
    0.7680000000E+00    0.1194865387E-20    0.8250557175E-22    0.1316558373E-06    0.2680358361E+35    0.6365371958E-01    0.3202667431E+14    0.7933959959E-01
    0.7680000000E+00    0.1280321329E-20    0.8840631292E-22    0.1347224957E-06    0.1380361530E+35    0.3512560159E-01    0.1767306309E+14    0.4691265246E-01
    0.7680000000E+00    0.1371889021E-20    0.9472907100E-22    0.1378605858E-06    0.6236135629E+34    0.1700381910E-01    0.8555286005E+13    0.2433395461E-01
    0.7680000000E+00    0.1470005571E-20    0.1015040283E-21    0.1410717713E-06    0.2467260923E+34    0.7208518282E-02    0.3626887302E+13    0.1105381577E-01
    0.7680000000E+00    0.1575139348E-20    0.1087635259E-21    0.1443577550E-06    0.8354813030E+33    0.2615577900E-02    0.1315999475E+13    0.4297678038E-02
    0.7680000000E+00    0.1687792220E-20    0.1165422177E-21    0.1477202791E-06    0.2257279456E+33    0.7572098468E-03    0.3809818705E+12    0.1333160602E-02
    0.7680000000E+00    0.1808501947E-20    0.1248772362E-21    0.1511611264E-06    0.2273325586E+32    0.8171326500E-04    0.4111313749E+11    0.1541554139E-03
    0.7680000000E+00    0.1937844750E-20    0.1338083694E-21    0.1546821213E-06    0.1106457359E+31    0.4261530543E-05    0.2144142584E+10    0.8614534672E-05
    0.7680000000E+00    0.2076438060E-20    0.1433782510E-21    0.1582851308E-06    0.2084068884E+30    0.8600882080E-06    0.4327439951E+09    0.1862984370E-05
    0.7680000000E+00    0.2224943467E-20    0.1536325639E-21    0.1619720651E-06    0.5059001200E+29    0.2237153101E-06    0.1125599167E+09    0.5192325669E-06
    0.7680000000E+00    0.2384069878E-20    0.1646202581E-21    0.1657448792E-06    0.1047794452E+29    0.4964860135E-07    0.2498015192E+08    0.1234733514E-06
    0.7680000000E+00    0.2554576900E-20    0.1763937846E-21    0.1696055734E-06    0.1811951922E+28    0.9199783219E-08    0.4628770523E+07    0.2451567253E-07
    0.7680000000E+00    0.2737278465E-20    0.1890093455E-21    0.1735561947E-06    0.3869625996E+27    0.2105231773E-08    0.1059224391E+07    0.6011268598E-08
    0.7680000000E+00    0.2933046719E-20    0.2025271626E-21    0.1775988378E-06    0.9507590463E+26    0.5542444976E-09    0.2788620701E+06    0.1695772578E-08
    0.7680000000E+00    0.3142816182E-20    0.2170117645E-21    0.1817356462E-06    0.2069516642E+26    0.1292706245E-09    0.6504110392E+05    0.4238049889E-09
    0.7680000000E+00    0.3367588212E-20    0.2325322952E-21    0.1859688132E-06    0.4711173583E+25    0.3153261803E-10    0.1586529263E+05    0.1107710437E-09
    0.7680000000E+00    0.3608435782E-20    0.2491628434E-21    0.1903005833E-06    0.4662426926E+24    0.3343820547E-11    0.1682406815E+04    0.1258662172E-10
    0.7680000000E+00    0.3866508602E-20    0.2669827968E-21    0.1947332533E-06    0.1809192276E+24    0.1390322813E-11    0.6995257498E+03    0.5607662489E-11
