    0.7250000000E+00    0.4143038610E-23    0.2860772210E-24    0.1992691735E-07    0.1263517740E-12    0.1040428566E-50    0.5234802781E-36    0.5327749439E-53
    0.7250000000E+00    0.4439345853E-23    0.3065372650E-24    0.2039107488E-07    0.3071422788E-12    0.2710007707E-50    0.1363510802E-35    0.1486969465E-52
    0.7250000000E+00    0.4756844785E-23    0.3284605973E-24    0.2086604403E-07    0.1533682431E-12    0.1449994538E-50    0.7295489271E-36    0.8525068763E-53
    0.7250000000E+00    0.5097051019E-23    0.3519518710E-24    0.2135207663E-07   -0.1002516241E-11   -0.1015599178E-49   -0.5109876426E-35   -0.6398141862E-52
    0.7250000000E+00    0.5461588566E-23    0.3771232243E-24    0.2184943039E-07   -0.1666312846E-11   -0.1808787159E-49   -0.9100715186E-35   -0.1221009353E-51
    0.7250000000E+00    0.5852197586E-23    0.4040948153E-24    0.2235836900E-07   -0.4121432739E-12   -0.4793791494E-50   -0.2411943873E-35   -0.3467453653E-52
    0.7250000000E+00    0.6270742692E-23    0.4329953957E-24    0.2287916232E-07    0.6226371479E-11    0.7760075595E-49    0.3904397345E-34    0.6014471570E-51
    0.7250000000E+00    0.6719221852E-23    0.4639629256E-24    0.2341208647E-07    0.6639488325E-11    0.8866771883E-49    0.4461219504E-34    0.7363716497E-51
    0.7250000000E+00    0.7199775931E-23    0.4971452317E-24    0.2395742402E-07   -0.1013946761E-10   -0.1450928716E-48   -0.7300189487E-34   -0.1291152679E-50
    0.7250000000E+00    0.7714698903E-23    0.5327007132E-24    0.2451546411E-07   -0.2688398057E-10   -0.4122156697E-48   -0.2074018154E-33   -0.3930574399E-50
    0.7250000000E+00    0.8266448809E-23    0.5707990981E-24    0.2508650263E-07    0.7597921650E-11    0.1248319442E-48    0.6280783037E-34    0.1275431853E-50
    0.7250000000E+00    0.8857659485E-23    0.6116222531E-24    0.2567084234E-07    0.7713421873E-10    0.1357931957E-47    0.6832286441E-33    0.1486652732E-49
    0.7250000000E+00    0.9491153137E-23    0.6553650517E-24    0.2626879307E-07   -0.9861648915E-13   -0.1860289184E-50   -0.9359842004E-36   -0.2182287602E-52
    0.7250000000E+00    0.1016995382E-22    0.7022363048E-24    0.2688067187E-07   -0.1768763775E-09   -0.3575203437E-47   -0.1798824590E-32   -0.4493991881E-49
    0.7250000000E+00    0.1089730185E-22    0.7524597575E-24    0.2750680315E-07    0.2614881231E-10    0.5663473748E-48    0.2849515007E-33    0.7628065545E-50
    0.7250000000E+00    0.1167666930E-22    0.8062751566E-24    0.2814751890E-07    0.3189793926E-09    0.7402757972E-47    0.3724616882E-32    0.1068378341E-48
    0.7250000000E+00    0.1251177658E-22    0.8639393956E-24    0.2880315884E-07   -0.1720142648E-09   -0.4277552884E-47   -0.2152204050E-32   -0.6614955270E-49
    0.7250000000E+00    0.1340661015E-22    0.9257277409E-24    0.2947407060E-07   -0.3763725361E-09   -0.1002879720E-46   -0.5045879861E-32   -0.1661806195E-48
    0.7250000000E+00    0.1436544159E-22    0.9919351458E-24    0.3016060990E-07    0.2876562511E-09    0.8213055168E-47    0.4132309073E-32    0.1458264369E-48
    0.7250000000E+00    0.1539284799E-22    0.1062877658E-23    0.3086314075E-07    0.4093795338E-09    0.1252440350E-46    0.6301516936E-32    0.2382805399E-48
    0.7250000000E+00    0.1649373379E-22    0.1138893930E-23    0.3158203565E-07    0.1887443842E-10    0.6187353976E-48    0.3113099626E-33    0.1261352542E-49
    0.7250000000E+00    0.1767335417E-22    0.1220346833E-23    0.3231767576E-07   -0.6457972336E-09   -0.2268438994E-46   -0.1141340323E-31   -0.4955170798E-48
    0.7250000000E+00    0.1893734018E-22    0.1307625190E-23    0.3307045113E-07    0.1099588027E-08    0.4138671212E-46    0.2082327252E-31    0.9687070279E-48
    0.7250000000E+00    0.2029172559E-22    0.1401145635E-23    0.3384076090E-07    0.1816350041E-07    0.7325385290E-45    0.3685687662E-30    0.1837223519E-46
    0.7250000000E+00    0.2174297571E-22    0.1501354598E-23    0.3462901348E-07    0.2047282919E-08    0.8847259931E-46    0.4451402278E-31    0.2377608317E-47
    0.7250000000E+00    0.2329801823E-22    0.1608730435E-23    0.3543562682E-07   -0.4555485539E-07   -0.2109432322E-44   -0.1061337851E-29   -0.6074312355E-46
    0.7250000000E+00    0.2496427630E-22    0.1723785718E-23    0.3626102861E-07   -0.8762588714E-07   -0.4347737867E-44   -0.2187516858E-29   -0.1341512971E-45
    0.7250000000E+00    0.2674970400E-22    0.1847069675E-23    0.3710565646E-07   -0.8876618965E-06   -0.4719309954E-43   -0.2374469298E-28   -0.1560306890E-44
    0.7250000000E+00    0.2866282424E-22    0.1979170815E-23    0.3796995823E-07   -0.1927825257E-04   -0.1098243369E-41   -0.5525691652E-27   -0.3890721224E-43
    0.7250000000E+00    0.3071276952E-22    0.2120719737E-23    0.3885439218E-07   -0.5915725837E-04   -0.3611095403E-41   -0.1816883242E-26   -0.1370788609E-42
    0.7250000000E+00    0.3290932546E-22    0.2272392139E-23    0.3975942724E-07    0.7982600298E-05    0.5221259854E-42    0.2627019912E-27    0.2123766824E-43
    0.7250000000E+00    0.3526297755E-22    0.2434912046E-23    0.4068554327E-07    0.1389023789E-02    0.9735104271E-40    0.4898111468E-25    0.4242991208E-41
    0.7250000000E+00    0.3778496121E-22    0.2609055264E-23    0.4163323131E-07    0.2113291760E-01    0.1587049174E-38    0.7985064716E-24    0.7411769555E-40
    0.7250000000E+00    0.4048731538E-22    0.2795653084E-23    0.4260299385E-07    0.1597060717E-01    0.1285145652E-38    0.6466070092E-24    0.6431079461E-40
    0.7250000000E+00    0.4338294005E-22    0.2995596250E-23    0.4359534505E-07   -0.1722517269E+01   -0.1485232721E-36   -0.7472786341E-22   -0.7963904305E-38
    0.7250000000E+00    0.4648565778E-22    0.3209839213E-23    0.4461081109E-07   -0.1652266904E+03   -0.1526550331E-34   -0.7680671386E-20   -0.8770869556E-36
    0.7250000000E+00    0.4981027973E-22    0.3439404683E-23    0.4564993037E-07   -0.1796171787E+04   -0.1778192583E-33   -0.8946781915E-19   -0.1094738316E-34
    0.7250000000E+00    0.5337267633E-22    0.3685388516E-23    0.4671325384E-07    0.3295839292E+04    0.3496205493E-33    0.1759077638E-18    0.2306367317E-34
    0.7250000000E+00    0.5718985306E-22    0.3948964943E-23    0.4780134531E-07    0.4135424308E+06    0.4700575147E-31    0.2365043085E-16    0.3322634150E-32
    0.7250000000E+00    0.6128003161E-22    0.4231392172E-23    0.4891478167E-07    0.4602881720E+07    0.5606098691E-30    0.2820647373E-15    0.4246119996E-31
    0.7250000000E+00    0.6566273690E-22    0.4534018400E-23    0.5005415331E-07   -0.2806382060E+07   -0.3662500725E-30   -0.1842747268E-15   -0.2972413627E-31
    0.7250000000E+00    0.7035889022E-22    0.4858288246E-23    0.5122006431E-07   -0.4764806814E+09   -0.6663098310E-28   -0.3352465196E-13   -0.5794390304E-29
    0.7250000000E+00    0.7539090917E-22    0.5205749646E-23    0.5241313287E-07   -0.1942911674E+11   -0.2911280032E-26   -0.1464778775E-11   -0.2712785816E-27
    0.7250000000E+00    0.8078281461E-22    0.5578061244E-23    0.5363399157E-07   -0.6918383975E+12   -0.1110799271E-24   -0.5588865301E-10   -0.1109090819E-25
    0.7250000000E+00    0.8656034539E-22    0.5977000309E-23    0.5488328773E-07   -0.1886761731E+14   -0.3245996018E-23   -0.1633187471E-08   -0.3472797875E-24
    0.7250000000E+00    0.9275108115E-22    0.6404471218E-23    0.5616168372E-07   -0.3379633987E+14   -0.6230179978E-23   -0.3134647062E-08   -0.7142201805E-24
    0.7250000000E+00    0.9938457404E-22    0.6862514550E-23    0.5746985739E-07    0.1816131112E+15    0.3587386111E-22    0.1804954170E-07    0.4406661048E-23
    0.7250000000E+00    0.1064924897E-21    0.7353316823E-23    0.5880850233E-07    0.5983546201E+16    0.1266454445E-20    0.6372027324E-06    0.1666944333E-21
    0.7250000000E+00    0.1141087586E-21    0.7879220933E-23    0.6017832832E-07    0.1295893508E+18    0.2939004412E-19    0.1478727995E-04    0.4145068982E-20
    0.7250000000E+00    0.1222697377E-21    0.8442737340E-23    0.6158006166E-07    0.2494911646E+19    0.6062979422E-18    0.3050521927E-03    0.9162576604E-19
    0.7250000000E+00    0.1310143844E-21    0.9046556049E-23    0.6301444556E-07    0.1007995479E+20    0.2624759450E-17    0.1320619072E-02    0.4250314165E-18
    0.7250000000E+00    0.1403844422E-21    0.9693559452E-23    0.6448224056E-07    0.1435480938E+19    0.4005238239E-18    0.2015191908E-03    0.6949601115E-19
    0.7250000000E+00    0.1504246400E-21    0.1038683609E-22    0.6598422489E-07   -0.2000210509E+21   -0.5980074971E-16   -0.3008809457E-01   -0.1111829398E-16
    0.7250000000E+00    0.1611829057E-21    0.1112969539E-22    0.6752119493E-07   -0.2999720418E+22   -0.9609741450E-15   -0.4835036533E+00   -0.1914446470E-15
    0.7250000000E+00    0.1727105951E-21    0.1192568347E-22    0.6909396560E-07   -0.3668189820E+23   -0.1259165237E-13   -0.6335352468E+01   -0.2687907070E-14
    0.7250000000E+00    0.1850627369E-21    0.1277860007E-22    0.7070337081E-07   -0.4052741546E+24   -0.1490664238E-12   -0.7500114425E+02   -0.3409662215E-13
    0.7250000000E+00    0.1982982953E-21    0.1369251667E-22    0.7235026388E-07   -0.4111066420E+25   -0.1620262637E-11   -0.8152174629E+03   -0.3971155944E-12
    0.7250000000E+00    0.2124804516E-21    0.1467179595E-22    0.7403551802E-07   -0.2061077086E+26   -0.8704125796E-11   -0.4379385900E+04   -0.2285897135E-11
    0.7250000000E+00    0.2276769058E-21    0.1572111260E-22    0.7576002677E-07   -0.2156926998E+26   -0.9760372001E-11   -0.4910824650E+04   -0.2746615678E-11
    0.7250000000E+00    0.2439602000E-21    0.1684547565E-22    0.7752470448E-07    0.2924720223E+26    0.1418127412E-10    0.7135153305E+04    0.4276089399E-11
    0.7250000000E+00    0.2614080640E-21    0.1805025236E-22    0.7933048683E-07    0.5128712628E+27    0.2664644579E-09    0.1340686839E+06    0.8609358919E-10
    0.7250000000E+00    0.2801037871E-21    0.1934119387E-22    0.8117833125E-07    0.4009036911E+28    0.2231880710E-08    0.1122946421E+07    0.7726850384E-09
    0.7250000000E+00    0.3001366153E-21    0.2072446262E-22    0.8306921749E-07    0.2650043767E+29    0.1580825637E-07    0.7953751668E+07    0.5864290758E-08
    0.7250000000E+00    0.3216021775E-21    0.2220666179E-22    0.8500414813E-07    0.1595701632E+30    0.1019958762E-06    0.5131811196E+08    0.4054283720E-07
    0.7250000000E+00    0.3446029418E-21    0.2379486681E-22    0.8698414910E-07    0.8903352703E+30    0.6097959028E-06    0.3068121534E+09    0.2597263584E-06
    0.7250000000E+00    0.3692487048E-21    0.2549665916E-22    0.8901027021E-07    0.4627619692E+31    0.3396163455E-05    0.1708742578E+10    0.1549958638E-05
    0.7250000000E+00    0.3956571157E-21    0.2732016250E-22    0.9108358575E-07    0.2246016807E+32    0.1766216451E-04    0.8886525316E+10    0.8637249202E-05
    0.7250000000E+00    0.4239542377E-21    0.2927408154E-22    0.9320519501E-07    0.1019772361E+33    0.8592789262E-04    0.4323368138E+11    0.4502624035E-04
    0.7250000000E+00    0.4542751502E-21    0.3136774352E-22    0.9537622289E-07    0.4339176258E+33    0.3917763497E-03    0.1971179946E+12    0.2199731834E-03
    0.7250000000E+00    0.4867645933E-21    0.3361114274E-22    0.9759782052E-07    0.1733378274E+34    0.1676966059E-02    0.8437471705E+12    0.1008917830E-02
    0.7250000000E+00    0.5215776589E-21    0.3601498832E-22    0.9987116580E-07    0.6509778677E+34    0.6748342983E-02    0.3395355122E+13    0.4350394806E-02
    0.7250000000E+00    0.5588805307E-21    0.3859075526E-22    0.1021974641E-06    0.2094496601E+35    0.2326540322E-01    0.1170573372E+14    0.1607097066E-01
    0.7250000000E+00    0.5988512779E-21    0.4135073927E-22    0.1045779488E-06    0.4425064487E+35    0.5266844885E-01    0.2649955523E+14    0.3898360989E-01
    0.7250000000E+00    0.6416807053E-21    0.4430811541E-22    0.1070138822E-06    0.6903274267E+35    0.8804122003E-01    0.4429697900E+14    0.6982606631E-01
    0.7250000000E+00    0.6875732635E-21    0.4747700104E-22    0.1095065557E-06    0.8626136556E+35    0.1178819341E+00    0.5931100863E+14    0.1001794810E+00
    0.7250000000E+00    0.7367480256E-21    0.5087252317E-22    0.1120572911E-06    0.8988957605E+35    0.1316255673E+00    0.6622596768E+14    0.1198593120E+00
    0.7250000000E+00    0.7894397325E-21    0.5451089068E-22    0.1146674407E-06    0.8883300360E+35    0.1393815438E+00    0.7012830260E+14    0.1359993382E+00
    0.7250000000E+00    0.8458999137E-21    0.5840947171E-22    0.1173383885E-06    0.8209033905E+35    0.1380139461E+00    0.6944021072E+14    0.1442960682E+00
    0.7250000000E+00    0.9063980879E-21    0.6258687655E-22    0.1200715507E-06    0.6367525071E+35    0.1147100813E+00    0.5771512549E+14    0.1285088721E+00
    0.7250000000E+00    0.9712230494E-21    0.6706304648E-22    0.1228683764E-06    0.4221119967E+35    0.8148142567E-01    0.4099649006E+14    0.9781155055E-01
    0.7250000000E+00    0.1040684247E-20    0.7185934897E-22    0.1257303485E-06    0.2458536712E+35    0.5085195120E-01    0.2558560427E+14    0.6540924646E-01
    0.7250000000E+00    0.1115113261E-20    0.7699867968E-22    0.1286589846E-06    0.1282454300E+35    0.2842319025E-01    0.1430081797E+14    0.3917457977E-01
    0.7250000000E+00    0.1194865387E-20    0.8250557175E-22    0.1316558373E-06    0.6046456756E+34    0.1435925391E-01    0.7224701893E+13    0.2120622668E-01
    0.7250000000E+00    0.1280321329E-20    0.8840631292E-22    0.1347224957E-06    0.2567696483E+34    0.6533931998E-02    0.3287476575E+13    0.1033965706E-01
    0.7250000000E+00    0.1371889021E-20    0.9472907100E-22    0.1378605858E-06    0.9646961423E+33    0.2630398000E-02    0.1323456047E+13    0.4460186205E-02
    0.7250000000E+00    0.1470005571E-20    0.1015040283E-21    0.1410717713E-06    0.3099163896E+33    0.9054729233E-03    0.4555788193E+12    0.1645155646E-02
    0.7250000000E+00    0.1575139348E-20    0.1087635259E-21    0.1443577550E-06    0.8058118489E+32    0.2522693993E-03    0.1269265950E+12    0.4911295863E-03
    0.7250000000E+00    0.1687792220E-20    0.1165422177E-21    0.1477202791E-06    0.1284024993E+32    0.4307292858E-04    0.2167167393E+11    0.8985369176E-04
    0.7250000000E+00    0.1808501947E-20    0.1248772362E-21    0.1511611264E-06    0.1323111309E+31    0.4755840767E-05    0.2392849378E+10    0.1063062576E-04
    0.7250000000E+00    0.1937844750E-20    0.1338083694E-21    0.1546821213E-06    0.2664013156E+30    0.1026047081E-05    0.5162443908E+09    0.2457529917E-05
    0.7250000000E+00    0.2076438060E-20    0.1433782510E-21    0.1582851308E-06    0.5598629248E+29    0.2310535431E-06    0.1162520685E+09    0.5929856133E-06
    0.7250000000E+00    0.2224943467E-20    0.1536325639E-21    0.1619720651E-06    0.1321747709E+29    0.5844932368E-07    0.2940813931E+08    0.1607352073E-06
    0.7250000000E+00    0.2384069878E-20    0.1646202581E-21    0.1657448792E-06    0.2616030911E+28    0.1239577816E-07    0.6236800496E+07    0.3652626954E-07
    0.7250000000E+00    0.2554576900E-20    0.1763937846E-21    0.1696055734E-06    0.5210731551E+27    0.2645633149E-08    0.1331121445E+07    0.8353359028E-08
    0.7250000000E+00    0.2737278465E-20    0.1890093455E-21    0.1735561947E-06    0.1195007547E+27    0.6501320434E-09    0.3271068423E+06    0.2199546239E-08
    0.7250000000E+00    0.2933046719E-20    0.2025271626E-21    0.1775988378E-06    0.2928968407E+26    0.1707440628E-09    0.8590801175E+05    0.6189807394E-09
    0.7250000000E+00    0.3142816182E-20    0.2170117645E-21    0.1817356462E-06    0.5946490439E+25    0.3714425472E-10    0.1868872638E+05    0.1442856610E-09
    0.7250000000E+00    0.3367588212E-20    0.2325322952E-21    0.1859688132E-06    0.1320662908E+25    0.8839402389E-11    0.4447448841E+04    0.3679208744E-10
    0.7250000000E+00    0.3608435782E-20    0.2491628434E-21    0.1903005833E-06    0.1648402022E+24    0.1182208459E-11    0.5948152839E+03    0.5272609246E-11
    0.7250000000E+00    0.3866508602E-20    0.2669827968E-21    0.1947332533E-06    0.7339386345E+23    0.5640150250E-12    0.2837780043E+03    0.2695393631E-11
