    0.7170000000E+00    0.4143038610E-23    0.2860772210E-24    0.1992691735E-07   -0.5824449892E-12   -0.4796073579E-50   -0.2413092079E-35   -0.2558301397E-52
    0.7170000000E+00    0.4439345853E-23    0.3065372650E-24    0.2039107488E-07   -0.3703193377E-11   -0.3267437695E-49   -0.1643975616E-34   -0.1867554075E-51
    0.7170000000E+00    0.4756844785E-23    0.3284605973E-24    0.2086604403E-07   -0.3237646927E-11   -0.3060979422E-49   -0.1540098390E-34   -0.1874676265E-51
    0.7170000000E+00    0.5097051019E-23    0.3519518710E-24    0.2135207663E-07    0.6439509658E-11    0.6523545905E-49    0.3282250926E-34    0.4281043034E-51
    0.7170000000E+00    0.5461588566E-23    0.3771232243E-24    0.2184943039E-07    0.2109887156E-10    0.2290288288E-48    0.1152333557E-33    0.1610482548E-50
    0.7170000000E+00    0.5852197586E-23    0.4040948153E-24    0.2235836900E-07    0.1510700703E-10    0.1757152098E-48    0.8840919010E-34    0.1323961103E-50
    0.7170000000E+00    0.6270742692E-23    0.4329953957E-24    0.2287916232E-07   -0.5282211295E-10   -0.6583346191E-48   -0.3312338787E-33   -0.5315113759E-50
    0.7170000000E+00    0.6719221852E-23    0.4639629256E-24    0.2341208647E-07   -0.9241613462E-10   -0.1234180623E-47   -0.6209645113E-33   -0.1067688573E-49
    0.7170000000E+00    0.7199775931E-23    0.4971452317E-24    0.2395742402E-07    0.3022904449E-10    0.4325689513E-48    0.2176423469E-33    0.4009786177E-50
    0.7170000000E+00    0.7714698903E-23    0.5327007132E-24    0.2451546411E-07    0.3258716342E-09    0.4996633351E-47    0.2514001539E-32    0.4962989463E-49
    0.7170000000E+00    0.8266448809E-23    0.5707990981E-24    0.2508650263E-07    0.1294607803E-09    0.2127008102E-47    0.1070180913E-32    0.2263784150E-49
    0.7170000000E+00    0.8857659485E-23    0.6116222531E-24    0.2567084234E-07   -0.8546481407E-09   -0.1504590364E-46   -0.7570182210E-32   -0.1715869074E-48
    0.7170000000E+00    0.9491153137E-23    0.6553650517E-24    0.2626879307E-07   -0.4889572909E-09   -0.9223629513E-47   -0.4640768525E-32   -0.1127113680E-48
    0.7170000000E+00    0.1016995382E-22    0.7022363048E-24    0.2688067187E-07    0.1914636319E-08    0.3870055710E-46    0.1947176294E-31    0.5067375503E-48
    0.7170000000E+00    0.1089730185E-22    0.7524597575E-24    0.2750680315E-07    0.8535962620E-09    0.1848772313E-46    0.9301896122E-32    0.2593876528E-48
    0.7170000000E+00    0.1167666930E-22    0.8062751566E-24    0.2814751890E-07   -0.3743982221E-08   -0.8688898052E-46   -0.4371724227E-31   -0.1306262840E-47
    0.7170000000E+00    0.1251177658E-22    0.8639393956E-24    0.2880315884E-07    0.1361172674E-09    0.3384886772E-47    0.1703068838E-32    0.5452680066E-49
    0.7170000000E+00    0.1340661015E-22    0.9257277409E-24    0.2947407060E-07    0.5188446388E-08    0.1382509924E-45    0.6955947799E-31    0.2386349930E-47
    0.7170000000E+00    0.1436544159E-22    0.9919351458E-24    0.3016060990E-07   -0.3245494016E-08   -0.9266414793E-46   -0.4662295472E-31   -0.1713868937E-47
    0.7170000000E+00    0.1539284799E-22    0.1062877658E-23    0.3086314075E-07   -0.1023577709E-08   -0.3131495148E-46   -0.1575577608E-31   -0.6206083491E-48
    0.7170000000E+00    0.1649373379E-22    0.1138893930E-23    0.3158203565E-07    0.3972713059E-09    0.1302321235E-46    0.6552487160E-32    0.2765565779E-48
    0.7170000000E+00    0.1767335417E-22    0.1220346833E-23    0.3231767576E-07   -0.2411058038E-08   -0.8469125890E-46   -0.4261148262E-31   -0.1927100922E-47
    0.7170000000E+00    0.1893734018E-22    0.1307625190E-23    0.3307045113E-07    0.6312683390E-07    0.2375991770E-44    0.1195454328E-29    0.5793097030E-46
    0.7170000000E+00    0.2029172559E-22    0.1401145635E-23    0.3384076090E-07    0.2731931679E-07    0.1101794901E-44    0.5543560797E-30    0.2878502618E-46
    0.7170000000E+00    0.2174297571E-22    0.1501354598E-23    0.3462901348E-07   -0.3113161771E-06   -0.1345341728E-43   -0.6768940076E-29   -0.3766157545E-45
    0.7170000000E+00    0.2329801823E-22    0.1608730435E-23    0.3543562682E-07    0.2633151968E-07    0.1219289541E-44    0.6134722254E-30    0.3657402177E-46
    0.7170000000E+00    0.2496427630E-22    0.1723785718E-23    0.3626102861E-07   -0.9349113035E-06   -0.4638753922E-43   -0.2333938410E-28   -0.1490964165E-44
    0.7170000000E+00    0.2674970400E-22    0.1847069675E-23    0.3710565646E-07   -0.4039922387E-04   -0.2147849988E-41   -0.1080667280E-26   -0.7397241822E-43
    0.7170000000E+00    0.2866282424E-22    0.1979170815E-23    0.3796995823E-07   -0.1384794488E-03   -0.7888896351E-41   -0.3969212102E-26   -0.2911267558E-42
    0.7170000000E+00    0.3071276952E-22    0.2120719737E-23    0.3885439218E-07    0.3398261319E-04    0.2074377036E-41    0.1043700166E-26    0.8202638398E-43
    0.7170000000E+00    0.3290932546E-22    0.2272392139E-23    0.3975942724E-07    0.2882367157E-02    0.1885298945E-39    0.9485675885E-25    0.7988147863E-41
    0.7170000000E+00    0.3526297755E-22    0.2434912046E-23    0.4068554327E-07    0.3487044645E-01    0.2443928138E-38    0.1229635770E-23    0.1109568969E-39
    0.7170000000E+00    0.3778496121E-22    0.2609055264E-23    0.4163323131E-07    0.6330379023E-01    0.4754015983E-38    0.2391931258E-23    0.2312738384E-39
    0.7170000000E+00    0.4048731538E-22    0.2795653084E-23    0.4260299385E-07   -0.4580037464E+00   -0.3685530032E-37   -0.1854334213E-22   -0.1921170128E-38
    0.7170000000E+00    0.4338294005E-22    0.2995596250E-23    0.4359534505E-07   -0.5082487962E+02   -0.4382352247E-35   -0.2204932705E-20   -0.2447784347E-36
    0.7170000000E+00    0.4648565778E-22    0.3209839213E-23    0.4461081109E-07   -0.3075032522E+04   -0.2841061515E-33   -0.1429449095E-18   -0.1700382035E-34
    0.7170000000E+00    0.4981027973E-22    0.3439404683E-23    0.4564993037E-07   -0.3992360251E+04   -0.3952397782E-33   -0.1988605809E-18   -0.2534699725E-34
    0.7170000000E+00    0.5337267633E-22    0.3685388516E-23    0.4671325384E-07    0.1342993149E+06    0.1424638645E-31    0.7167913864E-17    0.9789727242E-33
    0.7170000000E+00    0.5718985306E-22    0.3948964943E-23    0.4780134531E-07    0.6700352272E+07    0.7616028495E-30    0.3831921618E-15    0.5607824724E-31
    0.7170000000E+00    0.6128003161E-22    0.4231392172E-23    0.4891478167E-07    0.1026312966E+08    0.1250002092E-29    0.6289249103E-15    0.9862263696E-31
    0.7170000000E+00    0.6566273690E-22    0.4534018400E-23    0.5005415331E-07   -0.1667750985E+09   -0.2176517331E-28   -0.1095090941E-13   -0.1840043120E-29
    0.7170000000E+00    0.7035889022E-22    0.4858288246E-23    0.5122006431E-07   -0.7904409215E+10   -0.1105351334E-26   -0.5561454602E-12   -0.1001304598E-27
    0.7170000000E+00    0.7539090917E-22    0.5205749646E-23    0.5241313287E-07   -0.2904218703E+12   -0.4351712963E-25   -0.2189516884E-10   -0.4224021426E-26
    0.7170000000E+00    0.8078281461E-22    0.5578061244E-23    0.5363399157E-07   -0.9573762979E+13   -0.1537140606E-23   -0.7733955199E-09   -0.1598745982E-24
    0.7170000000E+00    0.8656034539E-22    0.5977000309E-23    0.5488328773E-07   -0.6836074035E+14   -0.1176082212E-22   -0.5917329296E-08   -0.1310700763E-23
    0.7170000000E+00    0.9275108115E-22    0.6404471218E-23    0.5616168372E-07    0.6718776760E+12    0.1238571650E-24    0.6231738085E-10    0.1479064134E-25
    0.7170000000E+00    0.9938457404E-22    0.6862514550E-23    0.5746985739E-07    0.2686268454E+16    0.5306159932E-21    0.2669736460E-06    0.6789631539E-22
    0.7170000000E+00    0.1064924897E-21    0.7353316823E-23    0.5880850233E-07    0.6282895247E+17    0.1329813516E-19    0.6690811575E-05    0.1823293625E-20
    0.7170000000E+00    0.1141087586E-21    0.7879220933E-23    0.6017832832E-07    0.1242865431E+19    0.2818740092E-18    0.1418218315E-03    0.4141149444E-19
    0.7170000000E+00    0.1222697377E-21    0.8442737340E-23    0.6158006166E-07    0.1291308373E+20    0.3138057455E-17    0.1578879361E-02    0.4939997869E-18
    0.7170000000E+00    0.1310143844E-21    0.9046556049E-23    0.6301444556E-07    0.1365550598E+20    0.3555811421E-17    0.1789067710E-02    0.5997974172E-18
    0.7170000000E+00    0.1403844422E-21    0.9693559452E-23    0.6448224056E-07   -0.8445131599E+20   -0.2356336689E-16   -0.1185565089E-01   -0.4258956616E-17
    0.7170000000E+00    0.1504246400E-21    0.1038683609E-22    0.6598422489E-07   -0.1610251839E+22   -0.4814206643E-15   -0.2422215531E+00   -0.9323749535E-16
    0.7170000000E+00    0.1611829057E-21    0.1112969539E-22    0.6752119493E-07   -0.2056016772E+23   -0.6586543693E-14   -0.3313947575E+01   -0.1366858154E-14
    0.7170000000E+00    0.1727105951E-21    0.1192568347E-22    0.6909396560E-07   -0.2321481631E+24   -0.7968859604E-13   -0.4009444740E+02   -0.1771993181E-13
    0.7170000000E+00    0.1850627369E-21    0.1277860007E-22    0.7070337081E-07   -0.2395861948E+25   -0.8812369809E-12   -0.4433847694E+03   -0.2099706461E-12
    0.7170000000E+00    0.1982982953E-21    0.1369251667E-22    0.7235026388E-07   -0.1856663831E+26   -0.7317524768E-11   -0.3681732726E+04   -0.1868228839E-11
    0.7170000000E+00    0.2124804516E-21    0.1467179595E-22    0.7403551802E-07   -0.3086362363E+26   -0.1303400365E-10   -0.6557916686E+04   -0.3565691033E-11
    0.7170000000E+00    0.2276769058E-21    0.1572111260E-22    0.7576002677E-07   -0.6215455426E+25   -0.2812573498E-11   -0.1415115660E+04   -0.8244603055E-12
    0.7170000000E+00    0.2439602000E-21    0.1684547565E-22    0.7752470448E-07    0.2771239721E+27    0.1343708360E-09    0.6760721966E+05    0.4220567885E-10
    0.7170000000E+00    0.2614080640E-21    0.1805025236E-22    0.7933048683E-07    0.2436583177E+28    0.1265937210E-08    0.6369424910E+06    0.4260671351E-09
    0.7170000000E+00    0.2801037871E-21    0.1934119387E-22    0.8117833125E-07    0.1664174697E+29    0.9264667520E-08    0.4661416351E+07    0.3341147966E-08
    0.7170000000E+00    0.3001366153E-21    0.2072446262E-22    0.8306921749E-07    0.1019257957E+30    0.6080160373E-07    0.3059166334E+08    0.2349529516E-07
    0.7170000000E+00    0.3216021775E-21    0.2220666179E-22    0.8500414813E-07    0.5761318249E+30    0.3682585084E-06    0.1852852494E+09    0.1524820284E-06
    0.7170000000E+00    0.3446029418E-21    0.2379486681E-22    0.8698414910E-07    0.3029681167E+31    0.2075046585E-05    0.1044037043E+10    0.9206482287E-06
    0.7170000000E+00    0.3692487048E-21    0.2549665916E-22    0.8901027021E-07    0.1486755473E+32    0.1091114858E-04    0.5489825328E+10    0.5187239981E-05
    0.7170000000E+00    0.3956571157E-21    0.2732016250E-22    0.9108358575E-07    0.6821250326E+32    0.5364075864E-04    0.2698876229E+11    0.2732503848E-04
    0.7170000000E+00    0.4239542377E-21    0.2927408154E-22    0.9320519501E-07    0.2931156980E+33    0.2469846722E-03    0.1242676423E+12    0.1348142725E-03
    0.7170000000E+00    0.4542751502E-21    0.3136774352E-22    0.9537622289E-07    0.1181919121E+34    0.1067133325E-02    0.5369164862E+12    0.6241436455E-03
    0.7170000000E+00    0.4867645933E-21    0.3361114274E-22    0.9759782052E-07    0.4480158370E+34    0.4334353118E-02    0.2180782467E+13    0.2716377728E-02
    0.7170000000E+00    0.5215776589E-21    0.3601498832E-22    0.9987116580E-07    0.1550441834E+35    0.1607260982E-01    0.8086758221E+13    0.1079325090E-01
    0.7170000000E+00    0.5588805307E-21    0.3859075526E-22    0.1021974641E-06    0.3682646179E+35    0.4090636778E-01    0.2058159251E+14    0.2943450857E-01
    0.7170000000E+00    0.5988512779E-21    0.4135073927E-22    0.1045779488E-06    0.6246267396E+35    0.7434495379E-01    0.3740585212E+14    0.5732147624E-01
    0.7170000000E+00    0.6416807053E-21    0.4430811541E-22    0.1070138822E-06    0.8379697737E+35    0.1068708534E+00    0.5377090354E+14    0.8829277124E-01
    0.7170000000E+00    0.6875732635E-21    0.4747700104E-22    0.1095065557E-06    0.9251098359E+35    0.1264224558E+00    0.6360807889E+14    0.1119154623E+00
    0.7170000000E+00    0.7367480256E-21    0.5087252317E-22    0.1120572911E-06    0.9231288852E+35    0.1351740308E+00    0.6801133836E+14    0.1282209928E+00
    0.7170000000E+00    0.7894397325E-21    0.5451089068E-22    0.1146674407E-06    0.8864752342E+35    0.1390905201E+00    0.6998187718E+14    0.1413719999E+00
    0.7170000000E+00    0.8458999137E-21    0.5840947171E-22    0.1173383885E-06    0.7435171605E+35    0.1250034273E+00    0.6289411019E+14    0.1361406410E+00
    0.7170000000E+00    0.9063980879E-21    0.6258687655E-22    0.1200715507E-06    0.5251340460E+35    0.9460217027E-01    0.4759804952E+14    0.1103994654E+00
    0.7170000000E+00    0.9712230494E-21    0.6706304648E-22    0.1228683764E-06    0.3243267716E+35    0.6260567797E-01    0.3149936361E+14    0.7828518707E-01
    0.7170000000E+00    0.1040684247E-20    0.7185934897E-22    0.1257303485E-06    0.1791551093E+35    0.3705613520E-01    0.1864439001E+14    0.4965077056E-01
    0.7170000000E+00    0.1115113261E-20    0.7699867968E-22    0.1286589846E-06    0.8968797159E+34    0.1987765396E-01    0.1000122465E+14    0.2853849041E-01
    0.7170000000E+00    0.1194865387E-20    0.8250557175E-22    0.1316558373E-06    0.4077520362E+34    0.9683381947E-02    0.4872087945E+13    0.1489679815E-01
    0.7170000000E+00    0.1280321329E-20    0.8840631292E-22    0.1347224957E-06    0.1665930567E+34    0.4239238207E-02    0.2132926438E+13    0.6988012793E-02
    0.7170000000E+00    0.1371889021E-20    0.9472907100E-22    0.1378605858E-06    0.5982821447E+33    0.1631311755E-02    0.8207767060E+12    0.2881395254E-02
    0.7170000000E+00    0.1470005571E-20    0.1015040283E-21    0.1410717713E-06    0.1826698817E+33    0.5337008217E-03    0.2685257438E+12    0.1010098537E-02
    0.7170000000E+00    0.1575139348E-20    0.1087635259E-21    0.1443577550E-06    0.4518914961E+32    0.1414702407E-03    0.7117920767E+11    0.2869002742E-03
    0.7170000000E+00    0.1687792220E-20    0.1165422177E-21    0.1477202791E-06    0.7197274250E+31    0.2414343035E-04    0.1214750349E+11    0.5246441641E-04
    0.7170000000E+00    0.1808501947E-20    0.1248772362E-21    0.1511611264E-06    0.9441274075E+30    0.3393606860E-05    0.1707456255E+10    0.7901824865E-05
    0.7170000000E+00    0.1937844750E-20    0.1338083694E-21    0.1546821213E-06    0.1925315784E+30    0.7415371186E-06    0.3730963083E+09    0.1850115177E-05
    0.7170000000E+00    0.2076438060E-20    0.1433782510E-21    0.1582851308E-06    0.4120081358E+29    0.1700343697E-06    0.8555093741E+08    0.4545719009E-06
    0.7170000000E+00    0.2224943467E-20    0.1536325639E-21    0.1619720651E-06    0.9657101170E+28    0.4270489959E-07    0.2148650416E+08    0.1223329858E-06
    0.7170000000E+00    0.2384069878E-20    0.1646202581E-21    0.1657448792E-06    0.1928633065E+28    0.9138618171E-08    0.4597995997E+07    0.2805087435E-07
    0.7170000000E+00    0.2554576900E-20    0.1763937846E-21    0.1696055734E-06    0.3917136338E+27    0.1988838926E-08    0.1000662600E+07    0.6541321311E-08
    0.7170000000E+00    0.2737278465E-20    0.1890093455E-21    0.1735561947E-06    0.9098282767E+26    0.4949830805E-09    0.2490453348E+06    0.1744440757E-08
    0.7170000000E+00    0.2933046719E-20    0.2025271626E-21    0.1775988378E-06    0.2224637689E+26    0.1296851398E-09    0.6524966275E+05    0.4897292967E-09
    0.7170000000E+00    0.3142816182E-20    0.2170117645E-21    0.1817356462E-06    0.4408078233E+25    0.2753469166E-10    0.1385377960E+05    0.1114156218E-09
    0.7170000000E+00    0.3367588212E-20    0.2325322952E-21    0.1859688132E-06    0.9864726964E+24    0.6602615290E-11    0.3322033824E+04    0.2862739721E-10
    0.7170000000E+00    0.3608435782E-20    0.2491628434E-21    0.1903005833E-06    0.1379604581E+24    0.9894310876E-12    0.4978214534E+03    0.4596755690E-11
    0.7170000000E+00    0.3866508602E-20    0.2669827968E-21    0.1947332533E-06    0.6017996643E+23    0.4624692539E-12    0.2326863579E+03    0.2302230143E-11
