    0.7010000000E+00    0.4143038610E-23    0.2860772210E-24    0.1992691735E-07   -0.1351875436E-09   -0.1113185654E-47   -0.5600872127E-33   -0.6526139762E-50
    0.7010000000E+00    0.4439345853E-23    0.3065372650E-24    0.2039107488E-07   -0.7791964270E-09   -0.6875081904E-47   -0.3459122427E-32   -0.4318835335E-49
    0.7010000000E+00    0.4756844785E-23    0.3284605973E-24    0.2086604403E-07   -0.6667300765E-09   -0.6303488585E-47   -0.3171531487E-32   -0.4242967843E-49
    0.7010000000E+00    0.5097051019E-23    0.3519518710E-24    0.2135207663E-07    0.1433767259E-08    0.1452478066E-46    0.7307984869E-32    0.1047606905E-48
    0.7010000000E+00    0.5461588566E-23    0.3771232243E-24    0.2184943039E-07    0.4429444422E-08    0.4808174055E-46    0.2419180301E-31    0.3715942201E-48
    0.7010000000E+00    0.5852197586E-23    0.4040948153E-24    0.2235836900E-07    0.3066718010E-08    0.3567013620E-46    0.1794703974E-31    0.2953884686E-48
    0.7010000000E+00    0.6270742692E-23    0.4329953957E-24    0.2287916232E-07   -0.1145462848E-07   -0.1427617726E-45   -0.7182902780E-31   -0.1266778551E-47
    0.7010000000E+00    0.6719221852E-23    0.4639629256E-24    0.2341208647E-07   -0.1927384790E-07   -0.2573945525E-45   -0.1295052600E-30   -0.2447305131E-47
    0.7010000000E+00    0.7199775931E-23    0.4971452317E-24    0.2395742402E-07    0.7577896526E-08    0.1084375245E-45    0.5455915702E-31    0.1104761076E-47
    0.7010000000E+00    0.7714698903E-23    0.5327007132E-24    0.2451546411E-07    0.6858064486E-07    0.1051556200E-44    0.5290790257E-30    0.1147945468E-46
    0.7010000000E+00    0.8266448809E-23    0.5707990981E-24    0.2508650263E-07    0.2479337956E-07    0.4073489985E-45    0.2049532029E-30    0.4764917904E-47
    0.7010000000E+00    0.8857659485E-23    0.6116222531E-24    0.2567084234E-07   -0.1811786198E-06   -0.3189612105E-44   -0.1604818520E-29   -0.3997851336E-46
    0.7010000000E+00    0.9491153137E-23    0.6553650517E-24    0.2626879307E-07   -0.9744156785E-07   -0.1838125615E-44   -0.9248328423E-30   -0.2468675214E-46
    0.7010000000E+00    0.1016995382E-22    0.7022363048E-24    0.2688067187E-07    0.4053655068E-06    0.8193655779E-44    0.4122548482E-29    0.1179143020E-45
    0.7010000000E+00    0.1089730185E-22    0.7524597575E-24    0.2750680315E-07    0.1781248503E-06    0.3857939709E-44    0.1941080260E-29    0.5949003246E-46
    0.7010000000E+00    0.1167666930E-22    0.8062751566E-24    0.2814751890E-07   -0.8061201555E-06   -0.1870814399E-43   -0.9412798475E-29   -0.3091145683E-45
    0.7010000000E+00    0.1251177658E-22    0.8639393956E-24    0.2880315884E-07   -0.8658514586E-07   -0.2153150152E-44   -0.1083334000E-29   -0.3812089482E-46
    0.7010000000E+00    0.1340661015E-22    0.9257277409E-24    0.2947407060E-07    0.1425389363E-05    0.3798082879E-43    0.1910963949E-28    0.7205318899E-45
    0.7010000000E+00    0.1436544159E-22    0.9919351458E-24    0.3016060990E-07   -0.6253508461E-06   -0.1785478667E-43   -0.8983441053E-29   -0.3629471874E-45
    0.7010000000E+00    0.1539284799E-22    0.1062877658E-23    0.3086314075E-07   -0.2361879060E-05   -0.7225843974E-43   -0.3635604535E-28   -0.1573900775E-44
    0.7010000000E+00    0.1649373379E-22    0.1138893930E-23    0.3158203565E-07    0.4085186825E-05    0.1339192001E-42    0.6737998396E-28    0.3125587174E-44
    0.7010000000E+00    0.1767335417E-22    0.1220346833E-23    0.3231767576E-07    0.4440368174E-05    0.1559731722E-42    0.7847619937E-28    0.3900665190E-44
    0.7010000000E+00    0.1893734018E-22    0.1307625190E-23    0.3307045113E-07   -0.1990707944E-04   -0.7492702228E-42   -0.3769871353E-27   -0.2007831405E-43
    0.7010000000E+00    0.2029172559E-22    0.1401145635E-23    0.3384076090E-07    0.4250275698E-05    0.1714146853E-42    0.8624542815E-28    0.4921945441E-44
    0.7010000000E+00    0.2174297571E-22    0.1501354598E-23    0.3462901348E-07    0.6170195997E-04    0.2666428138E-41    0.1341584217E-26    0.8203867796E-43
    0.7010000000E+00    0.2329801823E-22    0.1608730435E-23    0.3543562682E-07   -0.4594613207E-03   -0.2127550515E-40   -0.1070453822E-25   -0.7014046650E-42
    0.7010000000E+00    0.2496427630E-22    0.1723785718E-23    0.3626102861E-07   -0.1405438622E-02   -0.6973371589E-40   -0.3508575810E-25   -0.2463380944E-41
    0.7010000000E+00    0.2674970400E-22    0.1847069675E-23    0.3710565646E-07    0.2888920644E-02    0.1535912717E-39    0.7727777210E-25    0.5813735987E-41
    0.7010000000E+00    0.2866282424E-22    0.1979170815E-23    0.3796995823E-07    0.6644470234E-01    0.3785221377E-38    0.1904492825E-23    0.1535253350E-39
    0.7010000000E+00    0.3071276952E-22    0.2120719737E-23    0.3885439218E-07    0.2088979907E+00    0.1275161484E-37    0.6415835841E-23    0.5541839657E-39
    0.7010000000E+00    0.3290932546E-22    0.2272392139E-23    0.3975942724E-07    0.1761465048E+00    0.1152139202E-37    0.5796862655E-23    0.5365296455E-39
    0.7010000000E+00    0.3526297755E-22    0.2434912046E-23    0.4068554327E-07   -0.4175941085E+00   -0.2926747708E-37   -0.1472561167E-22   -0.1460407506E-38
    0.7010000000E+00    0.3778496121E-22    0.2609055264E-23    0.4163323131E-07   -0.1646540231E+02   -0.1236526051E-35   -0.6221445876E-21   -0.6611378788E-37
    0.7010000000E+00    0.4048731538E-22    0.2795653084E-23    0.4260299385E-07   -0.1247095902E+04   -0.1003530961E-33   -0.5049156509E-19   -0.5749360561E-35
    0.7010000000E+00    0.4338294005E-22    0.2995596250E-23    0.4359534505E-07   -0.4090483389E+05   -0.3527000792E-32   -0.1774571956E-17   -0.2165181595E-33
    0.7010000000E+00    0.4648565778E-22    0.3209839213E-23    0.4461081109E-07   -0.2796471976E+05   -0.2583695896E-32   -0.1299958393E-17   -0.1699535204E-33
    0.7010000000E+00    0.4981027973E-22    0.3439404683E-23    0.4564993037E-07    0.2781565000E+07    0.2753722271E-30    0.1385505307E-15    0.1940925682E-31
    0.7010000000E+00    0.5337267633E-22    0.3685388516E-23    0.4671325384E-07    0.7161601831E+08    0.7596981966E-29    0.3822338565E-14    0.5737594678E-30
    0.7010000000E+00    0.5718985306E-22    0.3948964943E-23    0.4780134531E-07    0.5582348202E+08    0.6345236975E-29    0.3192536734E-14    0.5134954690E-30
    0.7010000000E+00    0.6128003161E-22    0.4231392172E-23    0.4891478167E-07   -0.2949767829E+10   -0.3592681839E-27   -0.1807618658E-12   -0.3115354898E-28
    0.7010000000E+00    0.6566273690E-22    0.4534018400E-23    0.5005415331E-07   -0.1206104000E+12   -0.1574039699E-25   -0.7919608961E-11   -0.1462528882E-26
    0.7010000000E+00    0.7035889022E-22    0.4858288246E-23    0.5122006431E-07   -0.4096912671E+13   -0.5729116196E-24   -0.2882542288E-09   -0.5703959066E-25
    0.7010000000E+00    0.7539090917E-22    0.5205749646E-23    0.5241313287E-07   -0.1228600429E+15   -0.1840948276E-22   -0.9262530335E-08   -0.1963949680E-23
    0.7010000000E+00    0.8078281461E-22    0.5578061244E-23    0.5363399157E-07   -0.3361674386E+15   -0.5397424413E-22   -0.2715655187E-07   -0.6169860412E-23
    0.7010000000E+00    0.8656034539E-22    0.5977000309E-23    0.5488328773E-07    0.7372923724E+15    0.1268442149E-21    0.6382028241E-07    0.1553672341E-22
    0.7010000000E+00    0.9275108115E-22    0.6404471218E-23    0.5616168372E-07    0.3020731695E+17    0.5568562216E-20    0.2801761305E-05    0.7308560491E-21
    0.7010000000E+00    0.9938457404E-22    0.6862514550E-23    0.5746985739E-07    0.6330486618E+18    0.1250454860E-18    0.6291527160E-04    0.1758558372E-19
    0.7010000000E+00    0.1064924897E-21    0.7353316823E-23    0.5880850233E-07    0.1162366858E+20    0.2460221122E-17    0.1237833407E-02    0.3707344228E-18
    0.7010000000E+00    0.1141087586E-21    0.7879220933E-23    0.6017832832E-07    0.4917691114E+20    0.1115301203E-16    0.5611516281E-02    0.1800864098E-17
    0.7010000000E+00    0.1222697377E-21    0.8442737340E-23    0.6158006166E-07    0.1422426301E+20    0.3456692106E-17    0.1739196908E-02    0.5980664874E-18
    0.7010000000E+00    0.1310143844E-21    0.9046556049E-23    0.6301444556E-07   -0.8104239746E+21   -0.2110295166E-15   -0.1061771982E+00   -0.3912298415E-16
    0.7010000000E+00    0.1403844422E-21    0.9693559452E-23    0.6448224056E-07   -0.1180796008E+23   -0.3294623562E-14   -0.1657653889E+01   -0.6544772723E-15
    0.7010000000E+00    0.1504246400E-21    0.1038683609E-22    0.6598422489E-07   -0.1377554485E+24   -0.4118506056E-13   -0.2072181374E+02   -0.8766545243E-14
    0.7010000000E+00    0.1611829057E-21    0.1112969539E-22    0.6752119493E-07   -0.1445991371E+25   -0.4632299440E-12   -0.2330690908E+03   -0.1056538664E-12
    0.7010000000E+00    0.1727105951E-21    0.1192568347E-22    0.6909396560E-07   -0.1390766589E+26   -0.4774030318E-11   -0.2402001252E+04   -0.1166739610E-11
    0.7010000000E+00    0.1850627369E-21    0.1277860007E-22    0.7070337081E-07   -0.5231880849E+26   -0.1924370846E-10   -0.9682261891E+04   -0.5039384992E-11
    0.7010000000E+00    0.1982982953E-21    0.1369251667E-22    0.7235026388E-07   -0.4867959539E+26   -0.1918571036E-10   -0.9653080779E+04   -0.5383523997E-11
    0.7010000000E+00    0.2124804516E-21    0.1467179595E-22    0.7403551802E-07    0.1040271641E+27    0.4393166703E-10    0.2210373881E+05    0.1320889393E-10
    0.7010000000E+00    0.2276769058E-21    0.1572111260E-22    0.7576002677E-07    0.1416816649E+28    0.6411277508E-09    0.3225764307E+06    0.2065538741E-09
    0.7010000000E+00    0.2439602000E-21    0.1684547565E-22    0.7752470448E-07    0.1032738445E+29    0.5007503581E-08    0.2519470777E+07    0.1728661812E-08
    0.7010000000E+00    0.2614080640E-21    0.1805025236E-22    0.7933048683E-07    0.6442951788E+29    0.3347463155E-07    0.1684239553E+08    0.1238239275E-07
    0.7010000000E+00    0.2801037871E-21    0.1934119387E-22    0.8117833125E-07    0.3669612659E+30    0.2042919008E-06    0.1027872403E+09    0.8097294198E-07
    0.7010000000E+00    0.3001366153E-21    0.2072446262E-22    0.8306921749E-07    0.1938585109E+31    0.1156420539E-05    0.5818403732E+09    0.4911391632E-06
    0.7010000000E+00    0.3216021775E-21    0.2220666179E-22    0.8500414813E-07    0.9547409138E+31    0.6102621824E-05    0.3070467569E+10    0.2777187663E-05
    0.7010000000E+00    0.3446029418E-21    0.2379486681E-22    0.8698414910E-07    0.4393271378E+32    0.3008977601E-04    0.1513934241E+11    0.1467262184E-04
    0.7010000000E+00    0.3692487048E-21    0.2549665916E-22    0.8901027021E-07    0.1891876266E+33    0.1388428925E-03    0.6985728610E+11    0.7254582475E-04
    0.7010000000E+00    0.3956571157E-21    0.2732016250E-22    0.9108358575E-07    0.7637937459E+33    0.6006300021E-03    0.3022004305E+12    0.3362759370E-03
    0.7010000000E+00    0.4239542377E-21    0.2927408154E-22    0.9320519501E-07    0.2897115891E+34    0.2441163075E-02    0.1228244559E+13    0.1464487138E-02
    0.7010000000E+00    0.4542751502E-21    0.3136774352E-22    0.9537622289E-07    0.1033970978E+35    0.9335536316E-02    0.4697073212E+13    0.6001061013E-02
    0.7010000000E+00    0.4867645933E-21    0.3361114274E-22    0.9759782052E-07    0.2823363671E+35    0.2731478247E-01    0.1374313469E+14    0.1881423290E-01
    0.7010000000E+00    0.5215776589E-21    0.3601498832E-22    0.9987116580E-07    0.5345577706E+35    0.5541477458E-01    0.2788133905E+14    0.4089915549E-01
    0.7010000000E+00    0.5588805307E-21    0.3859075526E-22    0.1021974641E-06    0.7906235894E+35    0.8782146791E-01    0.4418641312E+14    0.6945275241E-01
    0.7010000000E+00    0.5988512779E-21    0.4135073927E-22    0.1045779488E-06    0.9615983976E+35    0.1144523343E+00    0.5758544292E+14    0.9698697732E-01
    0.7010000000E+00    0.6416807053E-21    0.4430811541E-22    0.1070138822E-06    0.9933120610E+35    0.1266825022E+00    0.6373891839E+14    0.1150284856E+00
    0.7010000000E+00    0.6875732635E-21    0.4747700104E-22    0.1095065557E-06    0.9815686337E+35    0.1341379287E+00    0.6749003488E+14    0.1305089710E+00
    0.7010000000E+00    0.7367480256E-21    0.5087252317E-22    0.1120572911E-06    0.9083203120E+35    0.1330056071E+00    0.6692031965E+14    0.1386624021E+00
    0.7010000000E+00    0.7894397325E-21    0.5451089068E-22    0.1146674407E-06    0.7126092697E+35    0.1118104490E+00    0.5625620713E+14    0.1249025086E+00
    0.7010000000E+00    0.8458999137E-21    0.5840947171E-22    0.1173383885E-06    0.4843857474E+35    0.8143709624E-01    0.4097418619E+14    0.9747899644E-01
    0.7010000000E+00    0.9063980879E-21    0.6258687655E-22    0.1200715507E-06    0.2935344151E+35    0.5287981789E-01    0.2660590326E+14    0.6782326931E-01
    0.7010000000E+00    0.9712230494E-21    0.6706304648E-22    0.1228683764E-06    0.1617230011E+35    0.3121783032E-01    0.1570691062E+14    0.4290337776E-01
    0.7010000000E+00    0.1040684247E-20    0.7185934897E-22    0.1257303485E-06    0.8172328415E+34    0.1690350377E-01    0.8504813444E+13    0.2489232740E-01
    0.7010000000E+00    0.1115113261E-20    0.7699867968E-22    0.1286589846E-06    0.3778794567E+34    0.8374988245E-02    0.4213783934E+13    0.1321517674E-01
    0.7010000000E+00    0.1194865387E-20    0.8250557175E-22    0.1316558373E-06    0.1581129889E+34    0.3754900838E-02    0.1889237377E+13    0.6348735617E-02
    0.7010000000E+00    0.1280321329E-20    0.8840631292E-22    0.1347224957E-06    0.5895182607E+33    0.1500127547E-02    0.7547728032E+12    0.2717796629E-02
    0.7010000000E+00    0.1371889021E-20    0.9472907100E-22    0.1378605858E-06    0.1928536366E+33    0.5258462204E-03    0.2645737869E+12    0.1020816136E-02
    0.7010000000E+00    0.1470005571E-20    0.1015040283E-21    0.1410717713E-06    0.5464930828E+32    0.1596671573E-03    0.8033478762E+11    0.3321271377E-03
    0.7010000000E+00    0.1575139348E-20    0.1087635259E-21    0.1443577550E-06    0.1329223585E+32    0.4161299388E-04    0.2093712372E+11    0.9275081451E-04
    0.7010000000E+00    0.1687792220E-20    0.1165422177E-21    0.1477202791E-06    0.2663811346E+31    0.8935819513E-05    0.4495960065E+10    0.2134141238E-04
    0.7010000000E+00    0.1808501947E-20    0.1248772362E-21    0.1511611264E-06    0.4428458061E+30    0.1591781526E-05    0.8008875026E+09    0.4073542292E-05
    0.7010000000E+00    0.1937844750E-20    0.1338083694E-21    0.1546821213E-06    0.9304604533E+29    0.3583676867E-06    0.1803087904E+09    0.9826924351E-06
    0.7010000000E+00    0.2076438060E-20    0.1433782510E-21    0.1582851308E-06    0.2058210824E+29    0.8494166736E-07    0.4273747290E+08    0.2495798683E-06
    0.7010000000E+00    0.2224943467E-20    0.1536325639E-21    0.1619720651E-06    0.4770875345E+28    0.2109740273E-07    0.1061492793E+08    0.6642288929E-07
    0.7010000000E+00    0.2384069878E-20    0.1646202581E-21    0.1657448792E-06    0.9750684527E+27    0.4620255891E-08    0.2324631328E+07    0.1558672234E-07
    0.7010000000E+00    0.2554576900E-20    0.1763937846E-21    0.1696055734E-06    0.2065459592E+27    0.1048691208E-08    0.5276375360E+06    0.3790848221E-08
    0.7010000000E+00    0.2737278465E-20    0.1890093455E-21    0.1735561947E-06    0.4912213378E+26    0.2672441132E-09    0.1344609589E+06    0.1035134818E-08
    0.7010000000E+00    0.2933046719E-20    0.2025271626E-21    0.1775988378E-06    0.1189546698E+26    0.6934456365E-10    0.3488996040E+05    0.2878068918E-09
    0.7010000000E+00    0.3142816182E-20    0.2170117645E-21    0.1817356462E-06    0.2233068986E+25    0.1394867848E-10    0.7018125344E+04    0.6203286410E-10
    0.7010000000E+00    0.3367588212E-20    0.2325322952E-21    0.1859688132E-06    0.5211142496E+24    0.3487898778E-11    0.1754898204E+04    0.1662082751E-10
    0.7010000000E+00    0.3608435782E-20    0.2491628434E-21    0.1903005833E-06    0.9094626624E+23    0.6522525683E-12    0.3281737613E+03    0.3330462649E-11
    0.7010000000E+00    0.3866508602E-20    0.2669827968E-21    0.1947332533E-06    0.3706278125E+23    0.2848189823E-12    0.1433035625E+03    0.1558323786E-11
