    0.7490000000E+00    0.4143038610E-23    0.2860772210E-24    0.1992691735E-07    0.0000000000E+00    0.0000000000E+00    0.0000000000E+00    0.0000000000E+00
    0.7490000000E+00    0.4439345853E-23    0.3065372650E-24    0.2039107488E-07    0.6751796870E-15    0.5957311259E-53    0.2997356144E-38    0.2947624074E-55
    0.7490000000E+00    0.4756844785E-23    0.3284605973E-24    0.2086604403E-07    0.7982152903E-15    0.7546593663E-53    0.3796986241E-38    0.4001038861E-55
    0.7490000000E+00    0.5097051019E-23    0.3519518710E-24    0.2135207663E-07   -0.9753642161E-15   -0.9880928170E-53   -0.4971481171E-38   -0.5613316696E-55
    0.7490000000E+00    0.5461588566E-23    0.3771232243E-24    0.2184943039E-07   -0.2804998242E-14   -0.3044833277E-52   -0.1531974633E-37   -0.1853468973E-54
    0.7490000000E+00    0.5852197586E-23    0.4040948153E-24    0.2235836900E-07   -0.4237099257E-14   -0.4928327518E-52   -0.2479634204E-37   -0.3214558730E-54
    0.7490000000E+00    0.6270742692E-23    0.4329953957E-24    0.2287916232E-07    0.9510369543E-15    0.1185300088E-52    0.5963708030E-38    0.8284191307E-55
    0.7490000000E+00    0.6719221852E-23    0.4639629256E-24    0.2341208647E-07    0.2177825231E-13    0.2908398748E-51    0.1463329089E-36    0.2178089653E-53
    0.7490000000E+00    0.7199775931E-23    0.4971452317E-24    0.2395742402E-07    0.1647934494E-13    0.2358146968E-51    0.1186475911E-36    0.1892311686E-53
    0.7490000000E+00    0.7714698903E-23    0.5327007132E-24    0.2451546411E-07   -0.5808119263E-13   -0.8905666946E-51   -0.4480789130E-36   -0.7657521986E-53
    0.7490000000E+00    0.8266448809E-23    0.5707990981E-24    0.2508650263E-07   -0.6918912096E-13   -0.1136759878E-50   -0.5719483265E-36   -0.1047346872E-52
    0.7490000000E+00    0.8857659485E-23    0.6116222531E-24    0.2567084234E-07    0.1144319136E-12    0.2014550155E-50    0.1013598924E-35    0.1988840189E-52
    0.7490000000E+00    0.9491153137E-23    0.6553650517E-24    0.2626879307E-07    0.1909914183E-12    0.3602838356E-50    0.1812728799E-35    0.3811242482E-52
    0.7490000000E+00    0.1016995382E-22    0.7022363048E-24    0.2688067187E-07   -0.2466313476E-12   -0.4985161127E-50   -0.2508229414E-35   -0.5650683762E-52
    0.7490000000E+00    0.1089730185E-22    0.7524597575E-24    0.2750680315E-07   -0.3884664451E-12   -0.8413649872E-50   -0.4233236109E-35   -0.1021894915E-51
    0.7490000000E+00    0.1167666930E-22    0.8062751566E-24    0.2814751890E-07    0.5500318228E-12    0.1276493891E-49    0.6422539702E-35    0.1661271229E-51
    0.7490000000E+00    0.1251177658E-22    0.8639393956E-24    0.2880315884E-07    0.6121421843E-12    0.1522240361E-49    0.7658986245E-35    0.2122780237E-51
    0.7490000000E+00    0.1340661015E-22    0.9257277409E-24    0.2947407060E-07   -0.1150901311E-11   -0.3066683868E-49   -0.1542968519E-34   -0.4582376949E-51
    0.7490000000E+00    0.1436544159E-22    0.9919351458E-24    0.3016060990E-07   -0.7067863155E-12   -0.2017990216E-49   -0.1015329753E-34   -0.3231029024E-51
    0.7490000000E+00    0.1539284799E-22    0.1062877658E-23    0.3086314075E-07    0.2466929809E-11    0.7547232284E-49    0.3797307556E-34    0.1294820360E-50
    0.7490000000E+00    0.1649373379E-22    0.1138893930E-23    0.3158203565E-07   -0.1450359369E-12   -0.4754518578E-50   -0.2392184133E-35   -0.8740340497E-52
    0.7490000000E+00    0.1767335417E-22    0.1220346833E-23    0.3231767576E-07   -0.6173125739E-11   -0.2168383266E-48   -0.1090998375E-33   -0.4271278110E-50
    0.7490000000E+00    0.1893734018E-22    0.1307625190E-23    0.3307045113E-07   -0.2746572346E-11   -0.1033765340E-48   -0.5201277485E-34   -0.2181944853E-50
    0.7490000000E+00    0.2029172559E-22    0.1401145635E-23    0.3384076090E-07    0.1008987271E-10    0.4069270979E-48    0.2047409282E-33    0.9203190552E-50
    0.7490000000E+00    0.2174297571E-22    0.1501354598E-23    0.3462901348E-07    0.4451460968E-10    0.1923682940E-47    0.9678800770E-33    0.4661817809E-49
    0.7490000000E+00    0.2329801823E-22    0.1608730435E-23    0.3543562682E-07    0.2477150458E-09    0.1147052537E-46    0.5771269652E-32    0.2978551494E-48
    0.7490000000E+00    0.2496427630E-22    0.1723785718E-23    0.3626102861E-07    0.1580313555E-08    0.7841049384E-46    0.3945138423E-31    0.2181704825E-47
    0.7490000000E+00    0.2674970400E-22    0.1847069675E-23    0.3710565646E-07    0.3040022114E-08    0.1616246758E-45    0.8131969170E-31    0.4818695347E-47
    0.7490000000E+00    0.2866282424E-22    0.1979170815E-23    0.3796995823E-07    0.1809717722E-08    0.1030959876E-45    0.5187162100E-31    0.3293544732E-47
    0.7490000000E+00    0.3071276952E-22    0.2120719737E-23    0.3885439218E-07   -0.2903075129E-07   -0.1772103972E-44   -0.8916147735E-30   -0.6066120068E-46
    0.7490000000E+00    0.3290932546E-22    0.2272392139E-23    0.3975942724E-07   -0.6386795765E-06   -0.4177475895E-43   -0.2101851405E-28   -0.1532271612E-44
    0.7490000000E+00    0.3526297755E-22    0.2434912046E-23    0.4068554327E-07   -0.6329295313E-05   -0.4435946334E-42   -0.2231897985E-27   -0.1743444338E-43
    0.7490000000E+00    0.3778496121E-22    0.2609055264E-23    0.4163323131E-07   -0.3519834799E-05   -0.2643341075E-42   -0.1329968213E-27   -0.1113204639E-43
    0.7490000000E+00    0.4048731538E-22    0.2795653084E-23    0.4260299385E-07    0.5435619932E-03    0.4374012365E-40    0.2200736585E-25    0.1973793932E-41
    0.7490000000E+00    0.4338294005E-22    0.2995596250E-23    0.4359534505E-07    0.1623789061E-02    0.1400104770E-39    0.7044474348E-25    0.6769901319E-41
    0.7490000000E+00    0.4648565778E-22    0.3209839213E-23    0.4461081109E-07   -0.2948744167E-01   -0.2724382103E-38   -0.1370743122E-23   -0.1411529054E-39
    0.7490000000E+00    0.4981027973E-22    0.3439404683E-23    0.4564993037E-07   -0.3409251166E+01   -0.3375125464E-36   -0.1698157542E-21   -0.1873750340E-37
    0.7490000000E+00    0.5337267633E-22    0.3685388516E-23    0.4671325384E-07   -0.1013705730E+03   -0.1075332632E-34   -0.5410418779E-20   -0.6396827333E-36
    0.7490000000E+00    0.5718985306E-22    0.3948964943E-23    0.4780134531E-07   -0.3118789558E+02   -0.3545006170E-35   -0.1783631165E-20   -0.2259637630E-36
    0.7490000000E+00    0.6128003161E-22    0.4231392172E-23    0.4891478167E-07    0.1074488481E+05    0.1308677657E-32    0.6584468808E-18    0.8938291026E-34
    0.7490000000E+00    0.6566273690E-22    0.4534018400E-23    0.5005415331E-07    0.3466505832E+06    0.4524002738E-31    0.2276202604E-16    0.3310889314E-32
    0.7490000000E+00    0.7035889022E-22    0.4858288246E-23    0.5122006431E-07    0.3033072371E+06    0.4241443605E-31    0.2134036060E-16    0.3326101514E-32
    0.7490000000E+00    0.7539090917E-22    0.5205749646E-23    0.5241313287E-07   -0.1532561048E+08   -0.2296406181E-29   -0.1155411708E-14   -0.1929614305E-30
    0.7490000000E+00    0.8078281461E-22    0.5578061244E-23    0.5363399157E-07   -0.7200600971E+09   -0.1156111360E-27   -0.5816848133E-13   -0.1040929871E-28
    0.7490000000E+00    0.8656034539E-22    0.5977000309E-23    0.5488328773E-07   -0.2815837696E+11   -0.4844383793E-26   -0.2437398835E-11   -0.4673694765E-27
    0.7490000000E+00    0.9275108115E-22    0.6404471218E-23    0.5616168372E-07   -0.9916656698E+12   -0.1828084232E-24   -0.9197806302E-10   -0.1889809404E-25
    0.7490000000E+00    0.9938457404E-22    0.6862514550E-23    0.5746985739E-07   -0.6253640735E+13   -0.1235275568E-23   -0.6215154206E-09   -0.1368313635E-24
    0.7490000000E+00    0.1064924897E-21    0.7353316823E-23    0.5880850233E-07    0.2380021244E+13    0.5037461703E-24    0.2534543879E-09    0.5979068934E-25
    0.7490000000E+00    0.1141087586E-21    0.7879220933E-23    0.6017832832E-07    0.3251379118E+15    0.7373921944E-22    0.3710108349E-07    0.9378218330E-23
    0.7490000000E+00    0.1222697377E-21    0.8442737340E-23    0.6158006166E-07    0.7965873705E+16    0.1935817183E-20    0.9739852888E-06    0.2638068957E-21
    0.7490000000E+00    0.1310143844E-21    0.9046556049E-23    0.6301444556E-07    0.1676637437E+18    0.4365862793E-19    0.2196636217E-04    0.6375171700E-20
    0.7490000000E+00    0.1403844422E-21    0.9693559452E-23    0.6448224056E-07    0.2102835882E+19    0.5867273093E-18    0.2952054423E-03    0.9180326051E-19
    0.7490000000E+00    0.1504246400E-21    0.1038683609E-22    0.6598422489E-07    0.2521639264E+19    0.7539002410E-18    0.3793166784E-03    0.1263966854E-18
    0.7490000000E+00    0.1611829057E-21    0.1112969539E-22    0.6752119493E-07   -0.1280090210E+20   -0.4100827490E-17   -0.2063286596E-02   -0.7367044669E-18
    0.7490000000E+00    0.1727105951E-21    0.1192568347E-22    0.6909396560E-07   -0.2704396313E+21   -0.9283275926E-16   -0.4670778967E-01   -0.1786993868E-16
    0.7490000000E+00    0.1850627369E-21    0.1277860007E-22    0.7070337081E-07   -0.3688343581E+22   -0.1356632741E-14   -0.6825749577E+00   -0.2798234437E-15
    0.7490000000E+00    0.1982982953E-21    0.1369251667E-22    0.7235026388E-07   -0.4445947885E+23   -0.1752246865E-13   -0.8816238864E+01   -0.3872728883E-14
    0.7490000000E+00    0.2124804516E-21    0.1467179595E-22    0.7403551802E-07   -0.4904116982E+24   -0.2071055537E-12   -0.1042028991E+03   -0.4904712418E-13
    0.7490000000E+00    0.2276769058E-21    0.1572111260E-22    0.7576002677E-07   -0.4824239640E+25   -0.2183030467E-11   -0.1098367954E+04   -0.5539640731E-12
    0.7490000000E+00    0.2439602000E-21    0.1684547565E-22    0.7752470448E-07   -0.1193649968E+26   -0.5787725360E-11   -0.2912030850E+04   -0.1573728166E-11
    0.7490000000E+00    0.2614080640E-21    0.1805025236E-22    0.7933048683E-07   -0.7171418045E+25   -0.3725940914E-11   -0.1874666507E+04   -0.1085569834E-11
    0.7490000000E+00    0.2801037871E-21    0.1934119387E-22    0.8117833125E-07    0.6637454974E+26    0.3695153737E-10    0.1859176275E+05    0.1153597523E-10
    0.7490000000E+00    0.3001366153E-21    0.2072446262E-22    0.8306921749E-07    0.6856475778E+27    0.4090080634E-09    0.2057879433E+06    0.1368212876E-09
    0.7490000000E+00    0.3216021775E-21    0.2220666179E-22    0.8500414813E-07    0.5074440403E+28    0.3243538671E-08    0.1631951084E+07    0.1162628282E-08
    0.7490000000E+00    0.3446029418E-21    0.2379486681E-22    0.8698414910E-07    0.3330110958E+29    0.2280812729E-07    0.1147566033E+08    0.8760147751E-08
    0.7490000000E+00    0.3692487048E-21    0.2549665916E-22    0.8901027021E-07    0.2011183224E+30    0.1475987099E-06    0.7426268006E+08    0.6074413676E-07
    0.7490000000E+00    0.3956571157E-21    0.2732016250E-22    0.9108358575E-07    0.1128616181E+31    0.8875180543E-06    0.4465450229E+09    0.3913803339E-06
    0.7490000000E+00    0.4239542377E-21    0.2927408154E-22    0.9320519501E-07    0.5905633685E+31    0.4976195440E-05    0.2503718427E+10    0.2351360574E-05
    0.7490000000E+00    0.4542751502E-21    0.3136774352E-22    0.9537622289E-07    0.2887349764E+32    0.2606935703E-04    0.1311651248E+11    0.1319933717E-04
    0.7490000000E+00    0.4867645933E-21    0.3361114274E-22    0.9759782052E-07    0.1321257322E+33    0.1278257445E-03    0.6431412829E+11    0.6934898896E-04
    0.7490000000E+00    0.5215776589E-21    0.3601498832E-22    0.9987116580E-07    0.5667558421E+33    0.5875257823E-03    0.2956071853E+12    0.3415456296E-03
    0.7490000000E+00    0.5588805307E-21    0.3859075526E-22    0.1021974641E-06    0.2281491078E+34    0.2534251421E-02    0.1275080944E+13    0.1578597831E-02
    0.7490000000E+00    0.5988512779E-21    0.4135073927E-22    0.1045779488E-06    0.8622193847E+34    0.1026239452E-01    0.5163411804E+13    0.6849683575E-02
    0.7490000000E+00    0.6416807053E-21    0.4430811541E-22    0.1070138822E-06    0.2573080851E+35    0.3281590280E-01    0.1651096335E+14    0.2346962550E-01
    0.7490000000E+00    0.6875732635E-21    0.4747700104E-22    0.1095065557E-06    0.4959842465E+35    0.6777956956E-01    0.3410255070E+14    0.5194223222E-01
    0.7490000000E+00    0.7367480256E-21    0.5087252317E-22    0.1120572911E-06    0.7156456464E+35    0.1047921999E+00    0.5272505170E+14    0.8604997739E-01
    0.7490000000E+00    0.7894397325E-21    0.5451089068E-22    0.1146674407E-06    0.8262297832E+35    0.1296378351E+00    0.6522586191E+14    0.1140653068E+00
    0.7490000000E+00    0.8458999137E-21    0.5840947171E-22    0.1173383885E-06    0.8300056139E+35    0.1395442525E+00    0.7021016772E+14    0.1315629966E+00
    0.7490000000E+00    0.9063980879E-21    0.6258687655E-22    0.1200715507E-06    0.8044585602E+35    0.1449220942E+00    0.7291597007E+14    0.1464051670E+00
    0.7490000000E+00    0.9712230494E-21    0.6706304648E-22    0.1228683764E-06    0.6872030019E+35    0.1326526627E+00    0.6674273951E+14    0.1435944898E+00
    0.7490000000E+00    0.1040684247E-20    0.7185934897E-22    0.1257303485E-06    0.4854033935E+35    0.1004000045E+00    0.5051516651E+14    0.1164543016E+00
    0.7490000000E+00    0.1115113261E-20    0.7699867968E-22    0.1286589846E-06    0.2939481609E+35    0.6514808755E-01    0.3277854924E+14    0.8096987603E-01
    0.7490000000E+00    0.1194865387E-20    0.8250557175E-22    0.1316558373E-06    0.1559762585E+35    0.3704157310E-01    0.1863706325E+14    0.4933001248E-01
    0.7490000000E+00    0.1280321329E-20    0.8840631292E-22    0.1347224957E-06    0.7345106782E+34    0.1869084938E-01    0.9404096880E+13    0.2667170879E-01
    0.7490000000E+00    0.1371889021E-20    0.9472907100E-22    0.1378605858E-06    0.3074839027E+34    0.8384039362E-02    0.4218337904E+13    0.1281961881E-01
    0.7490000000E+00    0.1470005571E-20    0.1015040283E-21    0.1410717713E-06    0.1125993408E+34    0.3289779363E-02    0.1655216583E+13    0.5389997639E-02
    0.7490000000E+00    0.1575139348E-20    0.1087635259E-21    0.1443577550E-06    0.3460412901E+33    0.1083325202E-02    0.5450632521E+12    0.1901869218E-02
    0.7490000000E+00    0.1687792220E-20    0.1165422177E-21    0.1477202791E-06    0.7685731423E+32    0.2578197173E-03    0.1297191770E+12    0.4849957478E-03
    0.7490000000E+00    0.1808501947E-20    0.1248772362E-21    0.1511611264E-06    0.3565443996E+31    0.1281576523E-04    0.6448112409E+10    0.2583249453E-04
    0.7490000000E+00    0.1937844750E-20    0.1338083694E-21    0.1546821213E-06    0.6248888364E+30    0.2406765016E-05    0.1210937551E+10    0.5198230021E-05
    0.7490000000E+00    0.2076438060E-20    0.1433782510E-21    0.1582851308E-06    0.1237341250E+30    0.5106465654E-06    0.2569262464E+09    0.1181795191E-05
    0.7490000000E+00    0.2224943467E-20    0.1536325639E-21    0.1619720651E-06    0.2979989557E+29    0.1317788357E-06    0.6630308297E+08    0.3267890298E-06
    0.7490000000E+00    0.2384069878E-20    0.1646202581E-21    0.1657448792E-06    0.5939506979E+28    0.2814370830E-07    0.1416019968E+08    0.7478304142E-07
    0.7490000000E+00    0.2554576900E-20    0.1763937846E-21    0.1696055734E-06    0.1100180065E+28    0.5585919792E-08    0.2810494581E+07    0.1590437102E-07
    0.7490000000E+00    0.2737278465E-20    0.1890093455E-21    0.1735561947E-06    0.2425159983E+27    0.1319384317E-08    0.6638338195E+06    0.4025252425E-08
    0.7490000000E+00    0.2933046719E-20    0.2025271626E-21    0.1775988378E-06    0.5959173515E+26    0.3473897139E-09    0.1747853433E+06    0.1135634972E-08
    0.7490000000E+00    0.3142816182E-20    0.2170117645E-21    0.1817356462E-06    0.1271637432E+26    0.7943176761E-10    0.3996522698E+05    0.2782377355E-09
    0.7490000000E+00    0.3367588212E-20    0.2325322952E-21    0.1859688132E-06    0.2848040114E+25    0.1906237574E-10    0.9591026315E+04    0.7154821920E-10
    0.7490000000E+00    0.3608435782E-20    0.2491628434E-21    0.1903005833E-06    0.2851735243E+24    0.2045220451E-11    0.1029030349E+04    0.8225492860E-11
    0.7490000000E+00    0.3866508602E-20    0.2669827968E-21    0.1947332533E-06    0.1222565639E+24    0.9395136830E-12    0.4727060561E+03    0.4048786839E-11
