    0.7240000000E+00    0.4143038610E-23    0.2860772210E-24    0.1992691735E-07    0.2434844597E-12    0.2004943653E-50    0.1008765517E-35    0.1031723064E-52
    0.7240000000E+00    0.4439345853E-23    0.3065372650E-24    0.2039107488E-07    0.3447646353E-12    0.3041960953E-50    0.1530529454E-35    0.1677314892E-52
    0.7240000000E+00    0.4756844785E-23    0.3284605973E-24    0.2086604403E-07   -0.7836909573E-13   -0.7409275773E-51   -0.3727896243E-36   -0.4377606567E-53
    0.7240000000E+00    0.5097051019E-23    0.3519518710E-24    0.2135207663E-07   -0.1613177642E-11   -0.1634229772E-49   -0.8222448744E-35   -0.1034603840E-51
    0.7240000000E+00    0.5461588566E-23    0.3771232243E-24    0.2184943039E-07   -0.1727333289E-11   -0.1875025018E-49   -0.9433983743E-35   -0.1271944127E-51
    0.7240000000E+00    0.5852197586E-23    0.4040948153E-24    0.2235836900E-07    0.1178827963E-11    0.1371138587E-49    0.6898734160E-35    0.9966491963E-52
    0.7240000000E+00    0.6270742692E-23    0.4329953957E-24    0.2287916232E-07    0.8294606844E-11    0.1033776676E-48    0.5201334525E-34    0.8051702082E-51
    0.7240000000E+00    0.6719221852E-23    0.4639629256E-24    0.2341208647E-07    0.6132077322E-11    0.8189144724E-49    0.4120278794E-34    0.6834386162E-51
    0.7240000000E+00    0.7199775931E-23    0.4971452317E-24    0.2395742402E-07   -0.2111572528E-10   -0.3021599689E-48   -0.1520284906E-33   -0.2702078082E-50
    0.7240000000E+00    0.7714698903E-23    0.5327007132E-24    0.2451546411E-07   -0.2906943141E-10   -0.4457254797E-48   -0.2242619106E-33   -0.4270988763E-50
    0.7240000000E+00    0.8266448809E-23    0.5707990981E-24    0.2508650263E-07    0.3556089288E-10    0.5842565378E-48    0.2939623006E-33    0.5998802289E-50
    0.7240000000E+00    0.8857659485E-23    0.6116222531E-24    0.2567084234E-07    0.8997453535E-10    0.1583983074E-47    0.7969637964E-33    0.1742655351E-49
    0.7240000000E+00    0.9491153137E-23    0.6553650517E-24    0.2626879307E-07   -0.6382529518E-10   -0.1203992429E-47   -0.6057756506E-33   -0.1419334383E-49
    0.7240000000E+00    0.1016995382E-22    0.7022363048E-24    0.2688067187E-07   -0.2089832701E-09   -0.4224180277E-47   -0.2125350205E-32   -0.5335847541E-49
    0.7240000000E+00    0.1089730185E-22    0.7524597575E-24    0.2750680315E-07    0.1604601287E-09    0.3475346091E-47    0.1748582457E-32    0.4703910261E-49
    0.7240000000E+00    0.1167666930E-22    0.8062751566E-24    0.2814751890E-07    0.3613631496E-09    0.8386384821E-47    0.4219517996E-32    0.1216286130E-48
    0.7240000000E+00    0.1251177658E-22    0.8639393956E-24    0.2880315884E-07   -0.3927762331E-09   -0.9767335927E-47   -0.4914328474E-32   -0.1517878790E-48
    0.7240000000E+00    0.1340661015E-22    0.9257277409E-24    0.2947407060E-07   -0.3839441963E-09   -0.1023055115E-46   -0.5147390158E-32   -0.1703570060E-48
    0.7240000000E+00    0.1436544159E-22    0.9919351458E-24    0.3016060990E-07    0.5289671829E-09    0.1510287588E-46    0.7598847170E-32    0.2694763280E-48
    0.7240000000E+00    0.1539284799E-22    0.1062877658E-23    0.3086314075E-07    0.3980202329E-09    0.1217688132E-46    0.6126664943E-32    0.2328075396E-48
    0.7240000000E+00    0.1649373379E-22    0.1138893930E-23    0.3158203565E-07   -0.1919343120E-09   -0.6291925102E-47   -0.3165713447E-32   -0.1288975053E-48
    0.7240000000E+00    0.1767335417E-22    0.1220346833E-23    0.3231767576E-07   -0.7413688565E-09   -0.2604145598E-46   -0.1310247437E-31   -0.5716447638E-48
    0.7240000000E+00    0.1893734018E-22    0.1307625190E-23    0.3307045113E-07    0.2397282753E-08    0.9022983947E-46    0.4539815899E-31    0.2122321396E-47
    0.7240000000E+00    0.2029172559E-22    0.1401145635E-23    0.3384076090E-07    0.2255415311E-07    0.9096146539E-45    0.4576626858E-30    0.2292547886E-46
    0.7240000000E+00    0.2174297571E-22    0.1501354598E-23    0.3462901348E-07   -0.9056568793E-08   -0.3913763821E-45   -0.1969167553E-30   -0.1056952772E-46
    0.7240000000E+00    0.2329801823E-22    0.1608730435E-23    0.3543562682E-07   -0.5905864523E-07   -0.2734729681E-44   -0.1375949393E-29   -0.7913623273E-46
    0.7240000000E+00    0.2496427630E-22    0.1723785718E-23    0.3626102861E-07   -0.1045005559E-06   -0.5185009121E-44   -0.2608780752E-29   -0.1607720289E-45
    0.7240000000E+00    0.2674970400E-22    0.1847069675E-23    0.3710565646E-07   -0.1372883392E-05   -0.7299020364E-43   -0.3672422437E-28   -0.2425077058E-44
    0.7240000000E+00    0.2866282424E-22    0.1979170815E-23    0.3796995823E-07   -0.2832984739E-04   -0.1613894565E-41   -0.8120134366E-27   -0.5745609775E-43
    0.7240000000E+00    0.3071276952E-22    0.2120719737E-23    0.3885439218E-07   -0.6460909356E-04   -0.3943887989E-41   -0.1984324199E-26   -0.1504476955E-42
    0.7240000000E+00    0.3290932546E-22    0.2272392139E-23    0.3975942724E-07    0.4719162168E-04    0.3086709975E-41    0.1553044437E-26    0.1261702005E-42
    0.7240000000E+00    0.3526297755E-22    0.2434912046E-23    0.4068554327E-07    0.2125700381E-02    0.1489817167E-39    0.7495852481E-25    0.6525201720E-41
    0.7240000000E+00    0.3778496121E-22    0.2609055264E-23    0.4163323131E-07    0.2543498583E-01    0.1910127793E-38    0.9610599527E-24    0.8964444681E-40
    0.7240000000E+00    0.4048731538E-22    0.2795653084E-23    0.4260299385E-07    0.1249642759E-01    0.1005580402E-38    0.5059468049E-24    0.5056823186E-40
    0.7240000000E+00    0.4338294005E-22    0.2995596250E-23    0.4359534505E-07   -0.2605435666E+01   -0.2246525113E-36   -0.1130314593E-21   -0.1210520770E-37
    0.7240000000E+00    0.4648565778E-22    0.3209839213E-23    0.4461081109E-07   -0.2454727580E+03   -0.2267953918E-34   -0.1141096262E-19   -0.1309468916E-35
    0.7240000000E+00    0.4981027973E-22    0.3439404683E-23    0.4564993037E-07   -0.2102106589E+04   -0.2081065059E-33   -0.1047065172E-18   -0.1287498184E-34
    0.7240000000E+00    0.5337267633E-22    0.3685388516E-23    0.4671325384E-07    0.5720115006E+04    0.6067861851E-33    0.3052978467E-18    0.4022505552E-34
    0.7240000000E+00    0.5718985306E-22    0.3948964943E-23    0.4780134531E-07    0.5978568313E+06    0.6795604885E-31    0.3419134433E-16    0.4827131029E-32
    0.7240000000E+00    0.6128003161E-22    0.4231392172E-23    0.4891478167E-07    0.5334282478E+07    0.6496911247E-30    0.3268849989E-15    0.4945018284E-31
    0.7240000000E+00    0.6566273690E-22    0.4534018400E-23    0.5005415331E-07   -0.6079806832E+07   -0.7934520836E-30   -0.3992167564E-15   -0.6471153067E-31
    0.7240000000E+00    0.7035889022E-22    0.4858288246E-23    0.5122006431E-07   -0.6712597027E+09   -0.9386885061E-28   -0.4722908773E-13   -0.8203184280E-29
    0.7240000000E+00    0.7539090917E-22    0.5205749646E-23    0.5241313287E-07   -0.2695787325E+11   -0.4039397115E-26   -0.2032378574E-11   -0.3782487650E-27
    0.7240000000E+00    0.8078281461E-22    0.5578061244E-23    0.5363399157E-07   -0.9509177321E+12   -0.1526770886E-24   -0.7681781087E-10   -0.1531915596E-25
    0.7240000000E+00    0.8656034539E-22    0.5977000309E-23    0.5488328773E-07   -0.2328292243E+14   -0.4005607718E-23   -0.2015377807E-08   -0.4306548900E-24
    0.7240000000E+00    0.9275108115E-22    0.6404471218E-23    0.5616168372E-07   -0.3486521017E+14   -0.6427220675E-23   -0.3233785938E-08   -0.7404302939E-24
    0.7240000000E+00    0.9938457404E-22    0.6862514550E-23    0.5746985739E-07    0.2593511389E+15    0.5122937806E-22    0.2577550247E-07    0.6323828029E-23
    0.7240000000E+00    0.1064924897E-21    0.7353316823E-23    0.5880850233E-07    0.7968329668E+16    0.1686546103E-20    0.8485672653E-06    0.2230792549E-21
    0.7240000000E+00    0.1141087586E-21    0.7879220933E-23    0.6017832832E-07    0.1704518790E+18    0.3865740676E-19    0.1945005232E-04    0.5478903922E-20
    0.7240000000E+00    0.1222697377E-21    0.8442737340E-23    0.6158006166E-07    0.3252424562E+19    0.7903840291E-18    0.3976730982E-03    0.1200325752E-18
    0.7240000000E+00    0.1310143844E-21    0.9046556049E-23    0.6301444556E-07    0.1079576191E+20    0.2811151310E-17    0.1414400102E-02    0.4574516409E-18
    0.7240000000E+00    0.1403844422E-21    0.9693559452E-23    0.6448224056E-07   -0.1318398147E+19   -0.3678557152E-18   -0.1850825885E-03   -0.6414140600E-19
    0.7240000000E+00    0.1504246400E-21    0.1038683609E-22    0.6598422489E-07   -0.2596701268E+21   -0.7763416993E-16   -0.3906078532E-01   -0.1450487136E-16
    0.7240000000E+00    0.1611829057E-21    0.1112969539E-22    0.6752119493E-07   -0.3792314160E+22   -0.1214885172E-14   -0.6112562157E+00   -0.2432182724E-15
    0.7240000000E+00    0.1727105951E-21    0.1192568347E-22    0.6909396560E-07   -0.4589499486E+23   -0.1575419619E-13   -0.7926551875E+01   -0.3379537090E-14
    0.7240000000E+00    0.1850627369E-21    0.1277860007E-22    0.7070337081E-07   -0.5028601190E+24   -0.1849601282E-12   -0.9306066989E+02   -0.4251469672E-13
    0.7240000000E+00    0.1982982953E-21    0.1369251667E-22    0.7235026388E-07   -0.5060870891E+25   -0.1994601687E-11   -0.1003562070E+04   -0.4912664995E-12
    0.7240000000E+00    0.2124804516E-21    0.1467179595E-22    0.7403551802E-07   -0.2218916412E+26   -0.9370696375E-11   -0.4714763612E+04   -0.2473049641E-11
    0.7240000000E+00    0.2276769058E-21    0.1572111260E-22    0.7576002677E-07   -0.2165569439E+26   -0.9799480156E-11   -0.4930501492E+04   -0.2771175339E-11
    0.7240000000E+00    0.2439602000E-21    0.1684547565E-22    0.7752470448E-07    0.4192235660E+26    0.2032715561E-10    0.1022738650E+05    0.6159388239E-11
    0.7240000000E+00    0.2614080640E-21    0.1805025236E-22    0.7933048683E-07    0.6233947781E+27    0.3238874229E-09    0.1629604220E+06    0.1051610834E-09
    0.7240000000E+00    0.2801037871E-21    0.1934119387E-22    0.8117833125E-07    0.4772220794E+28    0.2656754670E-08    0.1336717117E+07    0.9242988662E-09
    0.7240000000E+00    0.3001366153E-21    0.2072446262E-22    0.8306921749E-07    0.3123119574E+29    0.1863028661E-07    0.9373625382E+07    0.6945131991E-08
    0.7240000000E+00    0.3216021775E-21    0.2220666179E-22    0.8500414813E-07    0.1865930414E+30    0.1192686675E-06    0.6000872841E+08    0.4764170933E-07
    0.7240000000E+00    0.3446029418E-21    0.2379486681E-22    0.8698414910E-07    0.1033654993E+31    0.7079564303E-06    0.3562005515E+09    0.3030173519E-06
    0.7240000000E+00    0.3692487048E-21    0.2549665916E-22    0.8901027021E-07    0.5335384953E+31    0.3915585248E-05    0.1970083984E+10    0.1795798694E-05
    0.7240000000E+00    0.3956571157E-21    0.2732016250E-22    0.9108358575E-07    0.2572019554E+32    0.2022577585E-04    0.1017637838E+11    0.9939537067E-05
    0.7240000000E+00    0.4239542377E-21    0.2927408154E-22    0.9320519501E-07    0.1160055461E+33    0.9774840438E-04    0.4918104287E+11    0.5147195271E-04
    0.7240000000E+00    0.4542751502E-21    0.3136774352E-22    0.9537622289E-07    0.4904131291E+33    0.4427851144E-03    0.2227824979E+12    0.2498354029E-03
    0.7240000000E+00    0.4867645933E-21    0.3361114274E-22    0.9759782052E-07    0.1946681643E+34    0.1883327541E-02    0.9475756984E+12    0.1138641019E-02
    0.7240000000E+00    0.5215776589E-21    0.3601498832E-22    0.9987116580E-07    0.7265658543E+34    0.7531923630E-02    0.3789605173E+13    0.4879405097E-02
    0.7240000000E+00    0.5588805307E-21    0.3859075526E-22    0.1021974641E-06    0.2267099573E+35    0.2518265519E-01    0.1267037812E+14    0.1748084760E-01
    0.7240000000E+00    0.5988512779E-21    0.4135073927E-22    0.1045779488E-06    0.4642183864E+35    0.5525266899E-01    0.2779977739E+14    0.4109738882E-01
    0.7240000000E+00    0.6416807053E-21    0.4430811541E-22    0.1070138822E-06    0.7098979234E+35    0.9053715216E-01    0.4555278002E+14    0.7215854996E-01
    0.7240000000E+00    0.6875732635E-21    0.4747700104E-22    0.1095065557E-06    0.8732199847E+35    0.1193313600E+00    0.6004027146E+14    0.1019097082E+00
    0.7240000000E+00    0.7367480256E-21    0.5087252317E-22    0.1120572911E-06    0.9018075902E+35    0.1320519474E+00    0.6644049615E+14    0.1208386258E+00
    0.7240000000E+00    0.7894397325E-21    0.5451089068E-22    0.1146674407E-06    0.8894876877E+35    0.1395631827E+00    0.7021969223E+14    0.1368459134E+00
    0.7240000000E+00    0.8458999137E-21    0.5840947171E-22    0.1173383885E-06    0.8141990098E+35    0.1368867756E+00    0.6887308721E+14    0.1438210521E+00
    0.7240000000E+00    0.9063980879E-21    0.6258687655E-22    0.1200715507E-06    0.6237084344E+35    0.1123602097E+00    0.5653281323E+14    0.1264950435E+00
    0.7240000000E+00    0.9712230494E-21    0.6706304648E-22    0.1228683764E-06    0.4096568752E+35    0.7907717972E-01    0.3978681996E+14    0.9539204068E-01
    0.7240000000E+00    0.1040684247E-20    0.7185934897E-22    0.1257303485E-06    0.2369277252E+35    0.4900572387E-01    0.2465669513E+14    0.6334433429E-01
    0.7240000000E+00    0.1115113261E-20    0.7699867968E-22    0.1286589846E-06    0.1229311084E+35    0.2724537070E-01    0.1370821092E+14    0.3773581108E-01
    0.7240000000E+00    0.1194865387E-20    0.8250557175E-22    0.1316558373E-06    0.5769824703E+34    0.1370230224E-01    0.6894163827E+13    0.2033548386E-01
    0.7240000000E+00    0.1280321329E-20    0.8840631292E-22    0.1347224957E-06    0.2439005460E+34    0.6206456224E-02    0.3122710714E+13    0.9869716185E-02
    0.7240000000E+00    0.1371889021E-20    0.9472907100E-22    0.1378605858E-06    0.9114413463E+33    0.2485190300E-02    0.1250396377E+13    0.4234680192E-02
    0.7240000000E+00    0.1470005571E-20    0.1015040283E-21    0.1410717713E-06    0.2909538151E+33    0.8500705684E-03    0.4277037291E+12    0.1552086594E-02
    0.7240000000E+00    0.1575139348E-20    0.1087635259E-21    0.1443577550E-06    0.7512494628E+32    0.2351879672E-03    0.1183322589E+12    0.4601252496E-03
    0.7240000000E+00    0.1687792220E-20    0.1165422177E-21    0.1477202791E-06    0.1190797271E+32    0.3994558214E-04    0.2009818370E+11    0.8373937639E-04
    0.7240000000E+00    0.1808501947E-20    0.1248772362E-21    0.1511611264E-06    0.1270141651E+31    0.4565444649E-05    0.2297053649E+10    0.1025519799E-04
    0.7240000000E+00    0.1937844750E-20    0.1338083694E-21    0.1546821213E-06    0.2561227530E+30    0.9864591040E-06    0.4963261323E+09    0.2374324385E-05
    0.7240000000E+00    0.2076438060E-20    0.1433782510E-21    0.1582851308E-06    0.5395101644E+29    0.2226540274E-06    0.1120259439E+09    0.5742374637E-06
    0.7240000000E+00    0.2224943467E-20    0.1536325639E-21    0.1619720651E-06    0.1272491136E+29    0.5627113690E-07    0.2831220841E+08    0.1555058235E-06
    0.7240000000E+00    0.2384069878E-20    0.1646202581E-21    0.1657448792E-06    0.2521169134E+28    0.1194628594E-07    0.6010643392E+07    0.3537479023E-07
    0.7240000000E+00    0.2554576900E-20    0.1763937846E-21    0.1696055734E-06    0.5033736582E+27    0.2555767886E-08    0.1285906719E+07    0.8109281501E-08
    0.7240000000E+00    0.2737278465E-20    0.1890093455E-21    0.1735561947E-06    0.1156275683E+27    0.6290603557E-09    0.3165048526E+06    0.2138716814E-08
    0.7240000000E+00    0.2933046719E-20    0.2025271626E-21    0.1775988378E-06    0.2833358369E+26    0.1651704806E-09    0.8310372468E+05    0.6017185497E-09
    0.7240000000E+00    0.3142816182E-20    0.2170117645E-21    0.1817356462E-06    0.5736103038E+25    0.3583008743E-10    0.1802751745E+05    0.1398649311E-09
    0.7240000000E+00    0.3367588212E-20    0.2325322952E-21    0.1859688132E-06    0.1274538806E+25    0.8530686595E-11    0.4292121859E+04    0.3568165211E-10
    0.7240000000E+00    0.3608435782E-20    0.2491628434E-21    0.1903005833E-06    0.1613568922E+24    0.1157226698E-11    0.5822459833E+03    0.5186560069E-11
    0.7240000000E+00    0.3866508602E-20    0.2669827968E-21    0.1947332533E-06    0.7168240280E+23    0.5508628420E-12    0.2771606270E+03    0.2645479778E-11
