    0.7660000000E+00    0.4143038610E-23    0.2860772210E-24    0.1992691735E-07    0.0000000000E+00    0.0000000000E+00    0.0000000000E+00    0.0000000000E+00
    0.7660000000E+00    0.4439345853E-23    0.3065372650E-24    0.2039107488E-07    0.0000000000E+00    0.0000000000E+00    0.0000000000E+00    0.0000000000E+00
    0.7660000000E+00    0.4756844785E-23    0.3284605973E-24    0.2086604403E-07    0.0000000000E+00    0.0000000000E+00    0.0000000000E+00    0.0000000000E+00
    0.7660000000E+00    0.5097051019E-23    0.3519518710E-24    0.2135207663E-07    0.0000000000E+00    0.0000000000E+00    0.0000000000E+00    0.0000000000E+00
    0.7660000000E+00    0.5461588566E-23    0.3771232243E-24    0.2184943039E-07    0.0000000000E+00    0.0000000000E+00    0.0000000000E+00    0.0000000000E+00
    0.7660000000E+00    0.5852197586E-23    0.4040948153E-24    0.2235836900E-07    0.0000000000E+00    0.0000000000E+00    0.0000000000E+00    0.0000000000E+00
    0.7660000000E+00    0.6270742692E-23    0.4329953957E-24    0.2287916232E-07    0.0000000000E+00    0.0000000000E+00    0.0000000000E+00    0.0000000000E+00
    0.7660000000E+00    0.6719221852E-23    0.4639629256E-24    0.2341208647E-07    0.0000000000E+00    0.0000000000E+00    0.0000000000E+00    0.0000000000E+00
    0.7660000000E+00    0.7199775931E-23    0.4971452317E-24    0.2395742402E-07   -0.2112758301E-15   -0.3023296495E-53   -0.1521138636E-38   -0.2285302218E-55
    0.7660000000E+00    0.7714698903E-23    0.5327007132E-24    0.2451546411E-07    0.0000000000E+00    0.0000000000E+00    0.0000000000E+00    0.0000000000E+00
    0.7660000000E+00    0.8266448809E-23    0.5707990981E-24    0.2508650263E-07    0.1965614149E-14    0.3229454674E-52    0.1624864874E-37    0.2802799905E-54
    0.7660000000E+00    0.8857659485E-23    0.6116222531E-24    0.2567084234E-07    0.1066488659E-14    0.1877531211E-52    0.9446593382E-38    0.1746023424E-54
    0.7660000000E+00    0.9491153137E-23    0.6553650517E-24    0.2626879307E-07   -0.6243103613E-14   -0.1177691300E-51   -0.5925425244E-37   -0.1173530461E-53
    0.7660000000E+00    0.1016995382E-22    0.7022363048E-24    0.2688067187E-07   -0.5520700904E-14   -0.1115899654E-51   -0.5614527322E-37   -0.1191483530E-53
    0.7660000000E+00    0.1089730185E-22    0.7524597575E-24    0.2750680315E-07    0.1231250406E-13    0.2666719341E-51    0.1341730733E-36    0.3050985975E-53
    0.7660000000E+00    0.1167666930E-22    0.8062751566E-24    0.2814751890E-07    0.7875860947E-14    0.1827801224E-51    0.9196382376E-37    0.2240742050E-53
    0.7660000000E+00    0.1251177658E-22    0.8639393956E-24    0.2880315884E-07   -0.2427957969E-13   -0.6037707758E-51   -0.3037806765E-36   -0.7931128542E-53
    0.7660000000E+00    0.1340661015E-22    0.9257277409E-24    0.2947407060E-07   -0.1549554586E-14   -0.4128932695E-52   -0.2077427424E-37   -0.5811666761E-54
    0.7660000000E+00    0.1436544159E-22    0.9919351458E-24    0.3016060990E-07    0.3396664102E-13    0.9698030045E-51    0.4879457976E-36    0.1462670242E-52
    0.7660000000E+00    0.1539284799E-22    0.1062877658E-23    0.3086314075E-07   -0.2811752745E-13   -0.8602170606E-51   -0.4328088259E-36   -0.1390179731E-52
    0.7660000000E+00    0.1649373379E-22    0.1138893930E-23    0.3158203565E-07   -0.2717352850E-13   -0.8907933360E-51   -0.4481929452E-36   -0.1542552166E-52
    0.7660000000E+00    0.1767335417E-22    0.1220346833E-23    0.3231767576E-07    0.1322686802E-12    0.4646093484E-50    0.2337631230E-35    0.8620865005E-52
    0.7660000000E+00    0.1893734018E-22    0.1307625190E-23    0.3307045113E-07    0.5978231733E-13    0.2250109584E-50    0.1132118080E-35    0.4473697037E-52
    0.7660000000E+00    0.2029172559E-22    0.1401145635E-23    0.3384076090E-07   -0.9795282616E-12   -0.3950462056E-49   -0.1987631869E-34   -0.8416098220E-51
    0.7660000000E+00    0.2174297571E-22    0.1501354598E-23    0.3462901348E-07   -0.1774884574E-11   -0.7670100223E-49   -0.3859127218E-34   -0.1750910468E-50
    0.7660000000E+00    0.2329801823E-22    0.1608730435E-23    0.3543562682E-07   -0.8131197413E-12   -0.3765177278E-49   -0.1894407855E-34   -0.9209760354E-51
    0.7660000000E+00    0.2496427630E-22    0.1723785718E-23    0.3626102861E-07    0.8600162228E-11    0.4267146639E-48    0.2146968261E-33    0.1118408523E-49
    0.7660000000E+00    0.2674970400E-22    0.1847069675E-23    0.3710565646E-07    0.8313763751E-10    0.4420064462E-47    0.2223907195E-32    0.1241342154E-48
    0.7660000000E+00    0.2866282424E-22    0.1979170815E-23    0.3796995823E-07    0.7189600914E-09    0.4095771388E-46    0.2060742674E-31    0.1232533148E-47
    0.7660000000E+00    0.3071276952E-22    0.2120719737E-23    0.3885439218E-07    0.1323583516E-08    0.8079458857E-46    0.4065091547E-31    0.2605224623E-47
    0.7660000000E+00    0.3290932546E-22    0.2272392139E-23    0.3975942724E-07   -0.9924656475E-09   -0.6491520116E-46   -0.3266137500E-31   -0.2242896885E-47
    0.7660000000E+00    0.3526297755E-22    0.2434912046E-23    0.4068554327E-07   -0.8043056491E-07   -0.5637052024E-44   -0.2836221205E-29   -0.2086963932E-45
    0.7660000000E+00    0.3778496121E-22    0.2609055264E-23    0.4163323131E-07   -0.1348751046E-05   -0.1012891015E-42   -0.5096250597E-28   -0.4018145132E-44
    0.7660000000E+00    0.4048731538E-22    0.2795653084E-23    0.4260299385E-07    0.4517510102E-06    0.3635214619E-43    0.1829018562E-28    0.1545229379E-44
    0.7660000000E+00    0.4338294005E-22    0.2995596250E-23    0.4359534505E-07    0.1810602143E-03    0.1561183505E-40    0.7854924424E-26    0.7110773653E-42
    0.7660000000E+00    0.4648565778E-22    0.3209839213E-23    0.4461081109E-07    0.1466700766E-03    0.1355103424E-40    0.6818054987E-26    0.6613560689E-42
    0.7660000000E+00    0.4981027973E-22    0.3439404683E-23    0.4564993037E-07   -0.2324036841E-01   -0.2300773848E-38   -0.1157609252E-23   -0.1203197256E-39
    0.7660000000E+00    0.5337267633E-22    0.3685388516E-23    0.4671325384E-07   -0.2518619445E+01   -0.2671735592E-36   -0.1344254604E-21   -0.1497119188E-37
    0.7660000000E+00    0.5718985306E-22    0.3948964943E-23    0.4780134531E-07   -0.2680229038E+02   -0.3046511571E-35   -0.1532819048E-20   -0.1829219121E-36
    0.7660000000E+00    0.6128003161E-22    0.4231392172E-23    0.4891478167E-07    0.6389221646E+02    0.7781778739E-35    0.3915317044E-20    0.5006587131E-36
    0.7660000000E+00    0.6566273690E-22    0.4534018400E-23    0.5005415331E-07    0.7937475745E+04    0.1035889271E-32    0.5211963815E-18    0.7141282863E-34
    0.7660000000E+00    0.7035889022E-22    0.4858288246E-23    0.5122006431E-07    0.1123852996E+06    0.1571594252E-31    0.7907304959E-17    0.1160922777E-32
    0.7660000000E+00    0.7539090917E-22    0.5205749646E-23    0.5241313287E-07   -0.3689156799E+05   -0.5527872764E-32   -0.2781288852E-17   -0.4375432000E-33
    0.7660000000E+00    0.8078281461E-22    0.5578061244E-23    0.5363399157E-07   -0.1142466914E+08   -0.1834317694E-29   -0.9229169288E-15   -0.1555741568E-30
    0.7660000000E+00    0.8656034539E-22    0.5977000309E-23    0.5488328773E-07   -0.5164507703E+09   -0.8885049535E-28   -0.4470415705E-13   -0.8074632285E-29
    0.7660000000E+00    0.9275108115E-22    0.6404471218E-23    0.5616168372E-07   -0.2034969635E+11   -0.3751360983E-26   -0.1887456337E-11   -0.3653017541E-27
    0.7660000000E+00    0.9938457404E-22    0.6862514550E-23    0.5746985739E-07   -0.7226208555E+12   -0.1427385943E-24   -0.7181736591E-10   -0.1489375879E-25
    0.7660000000E+00    0.1064924897E-21    0.7353316823E-23    0.5880850233E-07   -0.2313611600E+13   -0.4896901596E-24   -0.2463822595E-09   -0.5475001940E-25
    0.7660000000E+00    0.1141087586E-21    0.7879220933E-23    0.6017832832E-07    0.5259234082E+13    0.1192760985E-23    0.6001246722E-09    0.1428947673E-24
    0.7660000000E+00    0.1222697377E-21    0.8442737340E-23    0.6158006166E-07    0.2440213660E+15    0.5930055770E-22    0.2983642842E-07    0.7612401362E-23
    0.7660000000E+00    0.1310143844E-21    0.9046556049E-23    0.6301444556E-07    0.5877342898E+16    0.1530424654E-20    0.7700164619E-06    0.2105110287E-21
    0.7660000000E+00    0.1403844422E-21    0.9693559452E-23    0.6448224056E-07    0.1247009095E+18    0.3479369443E-19    0.1750606762E-04    0.5128182183E-20
    0.7660000000E+00    0.1504246400E-21    0.1038683609E-22    0.6598422489E-07    0.1165129058E+19    0.3483412914E-18    0.1752641191E-03    0.5501332039E-19
    0.7660000000E+00    0.1611829057E-21    0.1112969539E-22    0.6752119493E-07    0.1056351165E+19    0.3384069234E-18    0.1702657502E-03    0.5726669770E-19
    0.7660000000E+00    0.1727105951E-21    0.1192568347E-22    0.6909396560E-07   -0.1120439978E+20   -0.3846090685E-17   -0.1935118553E-02   -0.6974007668E-18
    0.7660000000E+00    0.1850627369E-21    0.1277860007E-22    0.7070337081E-07   -0.2092013764E+21   -0.7694766782E-16   -0.3871537928E-01   -0.1495059104E-16
    0.7660000000E+00    0.1982982953E-21    0.1369251667E-22    0.7235026388E-07   -0.2849067435E+22   -0.1122880791E-14   -0.5649652154E+00   -0.2337741858E-15
    0.7660000000E+00    0.2124804516E-21    0.1467179595E-22    0.7403551802E-07   -0.3470917253E+23   -0.1465801575E-13   -0.7375020653E+01   -0.3269927205E-14
    0.7660000000E+00    0.2276769058E-21    0.1572111260E-22    0.7576002677E-07   -0.3879081208E+24   -0.1755334123E-12   -0.8831772070E+02   -0.4195876492E-13
    0.7660000000E+00    0.2439602000E-21    0.1684547565E-22    0.7752470448E-07   -0.3714511675E+25   -0.1801078540E-11   -0.9061930110E+03   -0.4613128499E-12
    0.7660000000E+00    0.2614080640E-21    0.1805025236E-22    0.7933048683E-07   -0.8040770449E+25   -0.4177616673E-11   -0.2101922236E+04   -0.1146546013E-11
    0.7660000000E+00    0.2801037871E-21    0.1934119387E-22    0.8117833125E-07   -0.3498309613E+25   -0.1947552472E-11   -0.9798897711E+03   -0.5727328163E-12
    0.7660000000E+00    0.3001366153E-21    0.2072446262E-22    0.8306921749E-07    0.5963352180E+26    0.3557307290E-10    0.1789820340E+05    0.1120944945E-10
    0.7660000000E+00    0.3216021775E-21    0.2220666179E-22    0.8500414813E-07    0.5892787417E+27    0.3766619046E-09    0.1895133265E+06    0.1271787636E-09
    0.7660000000E+00    0.3446029418E-21    0.2379486681E-22    0.8698414910E-07    0.4380298738E+28    0.3000092563E-08    0.1509463831E+07    0.1085419338E-08
    0.7660000000E+00    0.3692487048E-21    0.2549665916E-22    0.8901027021E-07    0.2908591509E+29    0.2134585996E-07    0.1073993647E+08    0.8275162986E-08
    0.7660000000E+00    0.3956571157E-21    0.2732016250E-22    0.9108358575E-07    0.1780440901E+30    0.1400098165E-06    0.7044441115E+08    0.5815959678E-07
    0.7660000000E+00    0.4239542377E-21    0.2927408154E-22    0.9320519501E-07    0.1013134108E+31    0.8536854121E-06    0.4295224982E+09    0.3799800195E-06
    0.7660000000E+00    0.4542751502E-21    0.3136774352E-22    0.9537622289E-07    0.5376409479E+31    0.4854262549E-05    0.2442369224E+10    0.2315187466E-05
    0.7660000000E+00    0.4867645933E-21    0.3361114274E-22    0.9759782052E-07    0.2665937192E+32    0.2579175160E-04    0.1297683833E+11    0.1318085972E-04
    0.7660000000E+00    0.5215776589E-21    0.3601498832E-22    0.9987116580E-07    0.1237168039E+33    0.1282506621E-03    0.6452792096E+11    0.7022997542E-04
    0.7660000000E+00    0.5588805307E-21    0.3859075526E-22    0.1021974641E-06    0.5380066347E+33    0.5976109622E-03    0.3006814335E+12    0.3506561465E-03
    0.7660000000E+00    0.5988512779E-21    0.4135073927E-22    0.1045779488E-06    0.2194097349E+34    0.2611480676E-02    0.1313938001E+13    0.1641911396E-02
    0.7660000000E+00    0.6416807053E-21    0.4430811541E-22    0.1070138822E-06    0.8390726703E+34    0.1070115118E-01    0.5384167428E+13    0.7209305013E-02
    0.7660000000E+00    0.6875732635E-21    0.4747700104E-22    0.1095065557E-06    0.2533609972E+35    0.3462347736E-01    0.1742042477E+14    0.2499387446E-01
    0.7660000000E+00    0.7367480256E-21    0.5087252317E-22    0.1120572911E-06    0.4878692948E+35    0.7143884255E-01    0.3594367397E+14    0.5525827330E-01
    0.7660000000E+00    0.7894397325E-21    0.5451089068E-22    0.1146674407E-06    0.6972134407E+35    0.1093947990E+00    0.5504079921E+14    0.9066915642E-01
    0.7660000000E+00    0.8458999137E-21    0.5840947171E-22    0.1173383885E-06    0.7927584781E+35    0.1332820976E+00    0.6705943282E+14    0.1183681117E+00
    0.7660000000E+00    0.9063980879E-21    0.6258687655E-22    0.1200715507E-06    0.7930578472E+35    0.1428682716E+00    0.7188261163E+14    0.1359560979E+00
    0.7660000000E+00    0.9712230494E-21    0.6706304648E-22    0.1228683764E-06    0.7621574174E+35    0.1471213172E+00    0.7402248510E+14    0.1500163191E+00
    0.7660000000E+00    0.1040684247E-20    0.7185934897E-22    0.1257303485E-06    0.6345233182E+35    0.1312437137E+00    0.6603384217E+14    0.1433974443E+00
    0.7660000000E+00    0.1115113261E-20    0.7699867968E-22    0.1286589846E-06    0.4354402465E+35    0.9650715015E-01    0.4855651935E+14    0.1129854167E+00
    0.7660000000E+00    0.1194865387E-20    0.8250557175E-22    0.1316558373E-06    0.2551583089E+35    0.6059553707E-01    0.3048798316E+14    0.7601574209E-01
    0.7660000000E+00    0.1280321329E-20    0.8840631292E-22    0.1347224957E-06    0.1301051518E+35    0.3310742606E-01    0.1665764010E+14    0.4450290060E-01
    0.7660000000E+00    0.1371889021E-20    0.9472907100E-22    0.1378605858E-06    0.5829727274E+34    0.1589568185E-01    0.7997738845E+13    0.2289507457E-01
    0.7660000000E+00    0.1470005571E-20    0.1015040283E-21    0.1410717713E-06    0.2288915714E+34    0.6687452719E-02    0.3364718851E+13    0.1032104389E-01
    0.7660000000E+00    0.1575139348E-20    0.1087635259E-21    0.1443577550E-06    0.7682416024E+33    0.2405075673E-02    0.1210087577E+13    0.3977330184E-02
    0.7660000000E+00    0.1687792220E-20    0.1165422177E-21    0.1477202791E-06    0.2043474818E+33    0.6854885644E-03    0.3448960900E+12    0.1214683451E-02
    0.7660000000E+00    0.1808501947E-20    0.1248772362E-21    0.1511611264E-06    0.1902818063E+32    0.6839560404E-04    0.3441250172E+11    0.1298646920E-03
    0.7660000000E+00    0.1937844750E-20    0.1338083694E-21    0.1546821213E-06    0.1045680689E+31    0.4027448647E-05    0.2026366832E+10    0.8193942500E-05
    0.7660000000E+00    0.2076438060E-20    0.1433782510E-21    0.1582851308E-06    0.1980052977E+30    0.8171611934E-06    0.4111457362E+09    0.1781437682E-05
    0.7660000000E+00    0.2224943467E-20    0.1536325639E-21    0.1619720651E-06    0.4803679645E+29    0.2124246742E-06    0.1068791565E+09    0.4962126839E-06
    0.7660000000E+00    0.2384069878E-20    0.1646202581E-21    0.1657448792E-06    0.9906658825E+28    0.4694162617E-07    0.2361816690E+08    0.1174954452E-06
    0.7660000000E+00    0.2554576900E-20    0.1763937846E-21    0.1696055734E-06    0.1724860100E+28    0.8757593845E-08    0.4406287766E+07    0.2348808989E-07
    0.7660000000E+00    0.2737278465E-20    0.1890093455E-21    0.1735561947E-06    0.3695882748E+27    0.2010708476E-08    0.1011666025E+07    0.5778458641E-08
    0.7660000000E+00    0.2933046719E-20    0.2025271626E-21    0.1775988378E-06    0.9081116642E+26    0.5293832281E-09    0.2663533937E+06    0.1630170683E-08
    0.7660000000E+00    0.3142816182E-20    0.2170117645E-21    0.1817356462E-06    0.1973702160E+26    0.1232856531E-09    0.6202983088E+05    0.4067948450E-09
    0.7660000000E+00    0.3367588212E-20    0.2325322952E-21    0.1859688132E-06    0.4485244580E+25    0.3002044005E-10    0.1510445678E+05    0.1061402129E-09
    0.7660000000E+00    0.3608435782E-20    0.2491628434E-21    0.1903005833E-06    0.4423949511E+24    0.3172788230E-11    0.1596353771E+04    0.1201998668E-10
    0.7660000000E+00    0.3866508602E-20    0.2669827968E-21    0.1947332533E-06    0.1735095218E+24    0.1333380921E-11    0.6708760584E+03    0.5412739637E-11
