    0.7130000000E+00    0.4143038610E-23    0.2860772210E-24    0.1992691735E-07   -0.9388438548E-11   -0.7730797398E-49   -0.3889666339E-34   -0.4215053736E-51
    0.7130000000E+00    0.4439345853E-23    0.3065372650E-24    0.2039107488E-07   -0.2228602877E-11   -0.1966362625E-49   -0.9893538943E-35   -0.1148794730E-51
    0.7130000000E+00    0.4756844785E-23    0.3284605973E-24    0.2086604403E-07    0.2436174037E-10    0.2303240213E-48    0.1158850176E-33    0.1441843282E-50
    0.7130000000E+00    0.5097051019E-23    0.3519518710E-24    0.2135207663E-07    0.3403345098E-10    0.3447759093E-48    0.1734702360E-33    0.2312681021E-50
    0.7130000000E+00    0.5461588566E-23    0.3771232243E-24    0.2184943039E-07    0.8502574835E-11    0.9229568277E-49    0.4643756550E-34    0.6633766957E-51
    0.7130000000E+00    0.5852197586E-23    0.4040948153E-24    0.2235836900E-07   -0.1326807208E-09   -0.1543258744E-47   -0.7764737942E-33   -0.1188550311E-49
    0.7130000000E+00    0.6270742692E-23    0.4329953957E-24    0.2287916232E-07   -0.1561304511E-09   -0.1945891130E-47   -0.9790538853E-33   -0.1605821847E-49
    0.7130000000E+00    0.6719221852E-23    0.4639629256E-24    0.2341208647E-07    0.1466814281E-09    0.1958871978E-47    0.9855850570E-33    0.1732147524E-49
    0.7130000000E+00    0.7199775931E-23    0.4971452317E-24    0.2395742402E-07    0.6603517708E-09    0.9449444328E-47    0.4754384785E-32    0.8953340361E-49
    0.7130000000E+00    0.7714698903E-23    0.5327007132E-24    0.2451546411E-07    0.2066505892E-09    0.3168601124E-47    0.1594247074E-32    0.3216965443E-49
    0.7130000000E+00    0.8266448809E-23    0.5707990981E-24    0.2508650263E-07   -0.1901998212E-08   -0.3124935287E-46   -0.1572277085E-31   -0.3399537623E-48
    0.7130000000E+00    0.8857659485E-23    0.6116222531E-24    0.2567084234E-07   -0.1227420246E-08   -0.2160847941E-46   -0.1087207059E-31   -0.2518854204E-48
    0.7130000000E+00    0.9491153137E-23    0.6553650517E-24    0.2626879307E-07    0.4464794472E-08    0.8422332752E-46    0.4237604806E-31    0.1051989050E-47
    0.7130000000E+00    0.1016995382E-22    0.7022363048E-24    0.2688067187E-07    0.3030158203E-08    0.6124860862E-46    0.3081656898E-31    0.8197379684E-48
    0.7130000000E+00    0.1089730185E-22    0.7524597575E-24    0.2750680315E-07   -0.9460097724E-08   -0.2048927289E-45   -0.1030895404E-30   -0.2938362484E-47
    0.7130000000E+00    0.1167666930E-22    0.8062751566E-24    0.2814751890E-07   -0.3941570339E-08   -0.9147453384E-46   -0.4602441338E-31   -0.1405655929E-47
    0.7130000000E+00    0.1251177658E-22    0.8639393956E-24    0.2880315884E-07    0.1734420944E-07    0.4313059339E-45    0.2170068735E-30    0.7101731637E-47
    0.7130000000E+00    0.1340661015E-22    0.9257277409E-24    0.2947407060E-07   -0.3972695989E-08   -0.1058561893E-45   -0.5326038636E-31   -0.1867648226E-47
    0.7130000000E+00    0.1436544159E-22    0.9919351458E-24    0.3016060990E-07   -0.1977553602E-07   -0.5646238095E-45   -0.2840843076E-30   -0.1067426577E-46
    0.7130000000E+00    0.1539284799E-22    0.1062877658E-23    0.3086314075E-07    0.2109017329E-07    0.6452248303E-45    0.3246378316E-30    0.1307043061E-46
    0.7130000000E+00    0.1649373379E-22    0.1138893930E-23    0.3158203565E-07   -0.1071039571E-07   -0.3511045364E-45   -0.1766544156E-30   -0.7621057959E-47
    0.7130000000E+00    0.1767335417E-22    0.1220346833E-23    0.3231767576E-07   -0.2775148332E-08   -0.9748036016E-46   -0.4904617934E-31   -0.2267231928E-47
    0.7130000000E+00    0.1893734018E-22    0.1307625190E-23    0.3307045113E-07    0.2168381343E-06    0.8161436120E-44    0.4106337513E-29    0.2033974058E-45
    0.7130000000E+00    0.2029172559E-22    0.1401145635E-23    0.3384076090E-07   -0.4127738624E-06   -0.1664727344E-43   -0.8375893947E-29   -0.4445513535E-45
    0.7130000000E+00    0.2174297571E-22    0.1501354598E-23    0.3462901348E-07   -0.5606404339E-06   -0.2422787588E-43   -0.1218999134E-28   -0.6932568412E-45
    0.7130000000E+00    0.2329801823E-22    0.1608730435E-23    0.3543562682E-07    0.9435780669E-06    0.4369268776E-43    0.2198349900E-28    0.1339638391E-44
    0.7130000000E+00    0.2496427630E-22    0.1723785718E-23    0.3626102861E-07   -0.1013063635E-04   -0.5026522724E-42   -0.2529040051E-27   -0.1651377922E-43
    0.7130000000E+00    0.2674970400E-22    0.1847069675E-23    0.3710565646E-07   -0.1742635509E-03   -0.9264830601E-41   -0.4661498403E-26   -0.3261491919E-42
    0.7130000000E+00    0.2866282424E-22    0.1979170815E-23    0.3796995823E-07   -0.1748227419E-03   -0.9959300839E-41   -0.5010913525E-26   -0.3756710036E-42
    0.7130000000E+00    0.3071276952E-22    0.2120719737E-23    0.3885439218E-07    0.1276632864E-02    0.7792861255E-40    0.3920893092E-25    0.3149747703E-41
    0.7130000000E+00    0.3290932546E-22    0.2272392139E-23    0.3975942724E-07    0.1795446196E-01    0.1174365594E-38    0.5908692320E-24    0.5086067772E-40
    0.7130000000E+00    0.3526297755E-22    0.2434912046E-23    0.4068554327E-07    0.8426646539E-01    0.5905894728E-38    0.2971486478E-23    0.2740719093E-39
    0.7130000000E+00    0.3778496121E-22    0.2609055264E-23    0.4163323131E-07    0.6294154966E-01    0.4726812281E-38    0.2378244012E-23    0.2350429228E-39
    0.7130000000E+00    0.4048731538E-22    0.2795653084E-23    0.4260299385E-07   -0.3252863378E+01   -0.2617560612E-36   -0.1316997055E-21   -0.1394683204E-37
    0.7130000000E+00    0.4338294005E-22    0.2995596250E-23    0.4359534505E-07   -0.3008872083E+03   -0.2594386339E-34   -0.1305337172E-19   -0.1481199213E-35
    0.7130000000E+00    0.4648565778E-22    0.3209839213E-23    0.4461081109E-07   -0.7329811959E+04   -0.6772106155E-33   -0.3407311303E-18   -0.4142882165E-34
    0.7130000000E+00    0.4981027973E-22    0.3439404683E-23    0.4564993037E-07   -0.1449552661E+04   -0.1435043022E-33   -0.7220262351E-19   -0.9406839739E-35
    0.7130000000E+00    0.5337267633E-22    0.3685388516E-23    0.4671325384E-07    0.7346931642E+06    0.7793578659E-31    0.3921254045E-16    0.5474138066E-32
    0.7130000000E+00    0.5718985306E-22    0.3948964943E-23    0.4780134531E-07    0.1562993856E+08    0.1776594015E-29    0.8938738895E-15    0.1337109636E-30
    0.7130000000E+00    0.6128003161E-22    0.4231392172E-23    0.4891478167E-07    0.8264265881E+07    0.1006549656E-29    0.5064344745E-15    0.8117345452E-31
    0.7130000000E+00    0.6566273690E-22    0.4534018400E-23    0.5005415331E-07   -0.8324072670E+09   -0.1086342541E-27   -0.5465813937E-13   -0.9387406204E-29
    0.7130000000E+00    0.7035889022E-22    0.4858288246E-23    0.5122006431E-07   -0.3453630939E+11   -0.4829552040E-26   -0.2429936401E-11   -0.4471834003E-27
    0.7130000000E+00    0.7539090917E-22    0.5205749646E-23    0.5241313287E-07   -0.1212623981E+13   -0.1817008993E-24   -0.9142082443E-10   -0.1802751645E-25
    0.7130000000E+00    0.8078281461E-22    0.5578061244E-23    0.5363399157E-07   -0.3759825088E+14   -0.6036685707E-23   -0.3037292531E-08   -0.6417670111E-24
    0.7130000000E+00    0.8656034539E-22    0.5977000309E-23    0.5488328773E-07   -0.1024221543E+15   -0.1762076788E-22   -0.8865697053E-08   -0.2007260110E-23
    0.7130000000E+00    0.9275108115E-22    0.6404471218E-23    0.5616168372E-07    0.2437481184E+15    0.4493370149E-22    0.2260790151E-07    0.5484676534E-23
    0.7130000000E+00    0.9938457404E-22    0.6862514550E-23    0.5746985739E-07    0.9990929879E+16    0.1973498655E-20    0.9929443102E-06    0.2581164353E-21
    0.7130000000E+00    0.1064924897E-21    0.7353316823E-23    0.5880850233E-07    0.2158228371E+18    0.4568023412E-19    0.2298351126E-04    0.6401874335E-20
    0.7130000000E+00    0.1141087586E-21    0.7879220933E-23    0.6017832832E-07    0.4094851536E+19    0.9286863973E-18    0.4672584254E-03    0.1394594372E-18
    0.7130000000E+00    0.1222697377E-21    0.8442737340E-23    0.6158006166E-07    0.2057569130E+20    0.5000176784E-17    0.2515784378E-02    0.8045706449E-18
    0.7130000000E+00    0.1310143844E-21    0.9046556049E-23    0.6301444556E-07    0.8995909347E+19    0.2342480554E-17    0.1178593525E-02    0.4038822975E-18
    0.7130000000E+00    0.1403844422E-21    0.9693559452E-23    0.6448224056E-07   -0.3053895130E+21   -0.8520891657E-16   -0.4287193643E-01   -0.1574214351E-16
    0.7130000000E+00    0.1504246400E-21    0.1038683609E-22    0.6598422489E-07   -0.4667748695E+22   -0.1395527471E-14   -0.7021444168E+00   -0.2762594952E-15
    0.7130000000E+00    0.1611829057E-21    0.1112969539E-22    0.6752119493E-07   -0.5638166466E+23   -0.1806212394E-13   -0.9087760537E+01   -0.3831313076E-14
    0.7130000000E+00    0.1727105951E-21    0.1192568347E-22    0.6909396560E-07   -0.6124047472E+24   -0.2102177931E-12   -0.1057687883E+03   -0.4778023663E-13
    0.7130000000E+00    0.1850627369E-21    0.1277860007E-22    0.7070337081E-07   -0.6098025262E+25   -0.2242952844E-11   -0.1128517245E+04   -0.5462594548E-12
    0.7130000000E+00    0.1982982953E-21    0.1369251667E-22    0.7235026388E-07   -0.3061659725E+26   -0.1206668137E-10   -0.6071219042E+04   -0.3148956556E-11
    0.7130000000E+00    0.2124804516E-21    0.1467179595E-22    0.7403551802E-07   -0.3256017261E+26   -0.1375047252E-10   -0.6918400179E+04   -0.3845000904E-11
    0.7130000000E+00    0.2276769058E-21    0.1572111260E-22    0.7576002677E-07    0.3720741682E+26    0.1683683452E-10    0.8471269536E+04    0.5044745566E-11
    0.7130000000E+00    0.2439602000E-21    0.1684547565E-22    0.7752470448E-07    0.6954260749E+27    0.3371955964E-09    0.1696562843E+06    0.1082581791E-09
    0.7130000000E+00    0.2614080640E-21    0.1805025236E-22    0.7933048683E-07    0.5371941765E+28    0.2791015317E-08    0.1404268896E+07    0.9601543276E-09
    0.7130000000E+00    0.2801037871E-21    0.1934119387E-22    0.8117833125E-07    0.3487377400E+29    0.1941466372E-07    0.9768276167E+07    0.7156632172E-08
    0.7130000000E+00    0.3001366153E-21    0.2072446262E-22    0.8306921749E-07    0.2059440441E+30    0.1228514143E-06    0.6181134834E+08    0.4852426707E-07
    0.7130000000E+00    0.3216021775E-21    0.2220666179E-22    0.8500414813E-07    0.1126677807E+31    0.7201627661E-06    0.3623420361E+09    0.3047961574E-06
    0.7130000000E+00    0.3446029418E-21    0.2379486681E-22    0.8698414910E-07    0.5742280968E+31    0.3932922264E-05    0.1978806914E+10    0.1783586540E-05
    0.7130000000E+00    0.3692487048E-21    0.2549665916E-22    0.8901027021E-07    0.2733135440E+32    0.2005820555E-04    0.1009206721E+11    0.9746998546E-05
    0.7130000000E+00    0.3956571157E-21    0.2732016250E-22    0.9108358575E-07    0.1216998337E+33    0.9570197681E-04    0.4815140517E+11    0.4983101490E-04
    0.7130000000E+00    0.4239542377E-21    0.2927408154E-22    0.9320519501E-07    0.5078763117E+33    0.4279459108E-03    0.2153163146E+12    0.2387633726E-03
    0.7130000000E+00    0.4542751502E-21    0.3136774352E-22    0.9537622289E-07    0.1990301042E+34    0.1797006692E-02    0.9041443049E+12    0.1074307279E-02
    0.7130000000E+00    0.4867645933E-21    0.3361114274E-22    0.9759782052E-07    0.7337618123E+34    0.7098817800E-02    0.3571692702E+13    0.4547417758E-02
    0.7130000000E+00    0.5215776589E-21    0.3601498832E-22    0.9987116580E-07    0.2265094264E+35    0.2348103328E-01    0.1181422563E+14    0.1611743873E-01
    0.7130000000E+00    0.5588805307E-21    0.3859075526E-22    0.1021974641E-06    0.4648441019E+35    0.5163429465E-01    0.2597923183E+14    0.3797668677E-01
    0.7130000000E+00    0.5988512779E-21    0.4135073927E-22    0.1045779488E-06    0.7188704106E+35    0.8556211906E-01    0.4304964641E+14    0.6743111729E-01
    0.7130000000E+00    0.6416807053E-21    0.4430811541E-22    0.1070138822E-06    0.8994065948E+35    0.1147062261E+00    0.5771318581E+14    0.9686476192E-01
    0.7130000000E+00    0.6875732635E-21    0.4747700104E-22    0.1095065557E-06    0.9419415057E+35    0.1287226162E+00    0.6476537951E+14    0.1164752582E+00
    0.7130000000E+00    0.7367480256E-21    0.5087252317E-22    0.1120572911E-06    0.9324147456E+35    0.1365337620E+00    0.6869547229E+14    0.1323789344E+00
    0.7130000000E+00    0.7894397325E-21    0.5451089068E-22    0.1146674407E-06    0.8696198307E+35    0.1364458586E+00    0.6865124465E+14    0.1417552599E+00
    0.7130000000E+00    0.8458999137E-21    0.5840947171E-22    0.1173383885E-06    0.6871352791E+35    0.1155242535E+00    0.5812476733E+14    0.1286032650E+00
    0.7130000000E+00    0.9063980879E-21    0.6258687655E-22    0.1200715507E-06    0.4654160187E+35    0.8384405046E-01    0.4218521894E+14    0.1000117610E+00
    0.7130000000E+00    0.9712230494E-21    0.6706304648E-22    0.1228683764E-06    0.2784801820E+35    0.5375578620E-01    0.2704663716E+14    0.6870748343E-01
    0.7130000000E+00    0.1040684247E-20    0.7185934897E-22    0.1257303485E-06    0.1501754719E+35    0.3106203676E-01    0.1562852479E+14    0.4254110370E-01
    0.7130000000E+00    0.1115113261E-20    0.7699867968E-22    0.1286589846E-06    0.7372482596E+34    0.1633972263E-01    0.8221153112E+13    0.2397858237E-01
    0.7130000000E+00    0.1194865387E-20    0.8250557175E-22    0.1316558373E-06    0.3288847791E+34    0.7810425579E-02    0.3929730389E+13    0.1228155966E-01
    0.7130000000E+00    0.1280321329E-20    0.8840631292E-22    0.1347224957E-06    0.1315469023E+34    0.3347430350E-02    0.1684223048E+13    0.5640146352E-02
    0.7130000000E+00    0.1371889021E-20    0.9472907100E-22    0.1378605858E-06    0.4612118514E+33    0.1257567724E-02    0.6327314755E+12    0.2270440924E-02
    0.7130000000E+00    0.1470005571E-20    0.1015040283E-21    0.1410717713E-06    0.1374677648E+33    0.4016352250E-03    0.2020783801E+12    0.7769813938E-03
    0.7130000000E+00    0.1575139348E-20    0.1087635259E-21    0.1443577550E-06    0.3343424754E+32    0.1046700610E-03    0.5266359888E+11    0.2169708055E-03
    0.7130000000E+00    0.1687792220E-20    0.1165422177E-21    0.1477202791E-06    0.5523219886E+31    0.1852777454E-04    0.9322047553E+10    0.4115305504E-04
    0.7130000000E+00    0.1808501947E-20    0.1248772362E-21    0.1511611264E-06    0.7899025586E+30    0.2839255296E-05    0.1428540315E+10    0.6757456649E-05
    0.7130000000E+00    0.1937844750E-20    0.1338083694E-21    0.1546821213E-06    0.1622004722E+30    0.6247165882E-06    0.3143193334E+09    0.1593169053E-05
    0.7130000000E+00    0.2076438060E-20    0.1433782510E-21    0.1582851308E-06    0.3501221300E+29    0.1444942236E-06    0.7270069165E+08    0.3948474246E-06
    0.7130000000E+00    0.2224943467E-20    0.1536325639E-21    0.1619720651E-06    0.8180055825E+28    0.3617322181E-07    0.1820016177E+08    0.1059170839E-06
    0.7130000000E+00    0.2384069878E-20    0.1646202581E-21    0.1657448792E-06    0.1641998890E+28    0.7780433284E-08    0.3914640094E+07    0.2441083341E-07
    0.7130000000E+00    0.2554576900E-20    0.1763937846E-21    0.1696055734E-06    0.3368951328E+27    0.1710510170E-08    0.8606245239E+06    0.5750485125E-08
    0.7130000000E+00    0.2737278465E-20    0.1890093455E-21    0.1735561947E-06    0.7873511110E+26    0.4283505891E-09    0.2155199240E+06    0.1543043581E-08
    0.7130000000E+00    0.2933046719E-20    0.2025271626E-21    0.1775988378E-06    0.1921893700E+26    0.1120366945E-09    0.5637004012E+05    0.4324531959E-09
    0.7130000000E+00    0.3142816182E-20    0.2170117645E-21    0.1817356462E-06    0.3757720077E+25    0.2347228388E-10    0.1180982347E+05    0.9708098473E-10
    0.7130000000E+00    0.3367588212E-20    0.2325322952E-21    0.1859688132E-06    0.8470119852E+24    0.5669183044E-11    0.2852387577E+04    0.2512460851E-10
    0.7130000000E+00    0.3608435782E-20    0.2491628434E-21    0.1903005833E-06    0.1253720798E+24    0.8991491838E-12    0.4523970988E+03    0.4269829940E-11
    0.7130000000E+00    0.3866508602E-20    0.2669827968E-21    0.1947332533E-06    0.5398512368E+23    0.4148633067E-12    0.2087339451E+03    0.2110978686E-11
