    0.8000000000E+00    0.4143038610E-23    0.2860772210E-24    0.1992691735E-07    0.0000000000E+00    0.0000000000E+00    0.0000000000E+00    0.0000000000E+00
    0.8000000000E+00    0.4439345853E-23    0.3065372650E-24    0.2039107488E-07    0.0000000000E+00    0.0000000000E+00    0.0000000000E+00    0.0000000000E+00
    0.8000000000E+00    0.4756844785E-23    0.3284605973E-24    0.2086604403E-07    0.0000000000E+00    0.0000000000E+00    0.0000000000E+00    0.0000000000E+00
    0.8000000000E+00    0.5097051019E-23    0.3519518710E-24    0.2135207663E-07    0.0000000000E+00    0.0000000000E+00    0.0000000000E+00    0.0000000000E+00
    0.8000000000E+00    0.5461588566E-23    0.3771232243E-24    0.2184943039E-07    0.0000000000E+00    0.0000000000E+00    0.0000000000E+00    0.0000000000E+00
    0.8000000000E+00    0.5852197586E-23    0.4040948153E-24    0.2235836900E-07    0.0000000000E+00    0.0000000000E+00    0.0000000000E+00    0.0000000000E+00
    0.8000000000E+00    0.6270742692E-23    0.4329953957E-24    0.2287916232E-07    0.0000000000E+00    0.0000000000E+00    0.0000000000E+00    0.0000000000E+00
    0.8000000000E+00    0.6719221852E-23    0.4639629256E-24    0.2341208647E-07    0.0000000000E+00    0.0000000000E+00    0.0000000000E+00    0.0000000000E+00
    0.8000000000E+00    0.7199775931E-23    0.4971452317E-24    0.2395742402E-07    0.0000000000E+00    0.0000000000E+00    0.0000000000E+00    0.0000000000E+00
    0.8000000000E+00    0.7714698903E-23    0.5327007132E-24    0.2451546411E-07    0.0000000000E+00    0.0000000000E+00    0.0000000000E+00    0.0000000000E+00
    0.8000000000E+00    0.8266448809E-23    0.5707990981E-24    0.2508650263E-07    0.0000000000E+00    0.0000000000E+00    0.0000000000E+00    0.0000000000E+00
    0.8000000000E+00    0.8857659485E-23    0.6116222531E-24    0.2567084234E-07    0.0000000000E+00    0.0000000000E+00    0.0000000000E+00    0.0000000000E+00
    0.8000000000E+00    0.9491153137E-23    0.6553650517E-24    0.2626879307E-07    0.0000000000E+00    0.0000000000E+00    0.0000000000E+00    0.0000000000E+00
    0.8000000000E+00    0.1016995382E-22    0.7022363048E-24    0.2688067187E-07    0.0000000000E+00    0.0000000000E+00    0.0000000000E+00    0.0000000000E+00
    0.8000000000E+00    0.1089730185E-22    0.7524597575E-24    0.2750680315E-07    0.0000000000E+00    0.0000000000E+00    0.0000000000E+00    0.0000000000E+00
    0.8000000000E+00    0.1167666930E-22    0.8062751566E-24    0.2814751890E-07    0.0000000000E+00    0.0000000000E+00    0.0000000000E+00    0.0000000000E+00
    0.8000000000E+00    0.1251177658E-22    0.8639393956E-24    0.2880315884E-07    0.0000000000E+00    0.0000000000E+00    0.0000000000E+00    0.0000000000E+00
    0.8000000000E+00    0.1340661015E-22    0.9257277409E-24    0.2947407060E-07    0.0000000000E+00    0.0000000000E+00    0.0000000000E+00    0.0000000000E+00
    0.8000000000E+00    0.1436544159E-22    0.9919351458E-24    0.3016060990E-07   -0.1146232951E-15   -0.3272682039E-53   -0.1646614251E-38   -0.4485055944E-55
    0.8000000000E+00    0.1539284799E-22    0.1062877658E-23    0.3086314075E-07   -0.2203532481E-15   -0.6741404404E-53   -0.3391864052E-38   -0.9899526715E-55
    0.8000000000E+00    0.1649373379E-22    0.1138893930E-23    0.3158203565E-07   -0.3299101769E-15   -0.1081500281E-52   -0.5441450631E-38   -0.1701730129E-54
    0.8000000000E+00    0.1767335417E-22    0.1220346833E-23    0.3231767576E-07   -0.4371033210E-15   -0.1535376998E-52   -0.7725081800E-38   -0.2588684251E-54
    0.8000000000E+00    0.1893734018E-22    0.1307625190E-23    0.3307045113E-07   -0.4549919046E-15   -0.1712515825E-52   -0.8616336477E-38   -0.3093845663E-54
    0.8000000000E+00    0.2029172559E-22    0.1401145635E-23    0.3384076090E-07    0.5946689460E-15    0.2398314780E-52    0.1206685907E-37    0.4642695872E-54
    0.8000000000E+00    0.2174297571E-22    0.1501354598E-23    0.3462901348E-07    0.6368949384E-14    0.2752318703E-51    0.1384799118E-36    0.5709035886E-53
    0.8000000000E+00    0.2329801823E-22    0.1608730435E-23    0.3543562682E-07    0.4831791381E-14    0.2237376636E-51    0.1125711637E-36    0.4972824704E-53
    0.8000000000E+00    0.2496427630E-22    0.1723785718E-23    0.3626102861E-07   -0.4515090411E-13   -0.2240254586E-50   -0.1127159645E-35   -0.5335331721E-52
    0.8000000000E+00    0.2674970400E-22    0.1847069675E-23    0.3710565646E-07   -0.3346846522E-12   -0.1779371872E-49   -0.8952715381E-35   -0.4540783260E-51
    0.8000000000E+00    0.2866282424E-22    0.1979170815E-23    0.3796995823E-07   -0.3577961291E-12   -0.2038292759E-49   -0.1025544756E-34   -0.5573533467E-51
    0.8000000000E+00    0.3071276952E-22    0.2120719737E-23    0.3885439218E-07    0.1111660095E-11    0.6785829445E-49    0.3414216027E-34    0.1988231689E-50
    0.8000000000E+00    0.3290932546E-22    0.2272392139E-23    0.3975942724E-07    0.3448210969E-10    0.2255406112E-47    0.1134782970E-32    0.7080905598E-49
    0.8000000000E+00    0.3526297755E-22    0.2434912046E-23    0.4068554327E-07    0.1814697886E-09    0.1271848134E-46    0.6399165081E-32    0.4278576571E-48
    0.8000000000E+00    0.3778496121E-22    0.2609055264E-23    0.4163323131E-07   -0.5076928859E-09   -0.3812694446E-46   -0.1918315600E-31   -0.1374345907E-47
    0.8000000000E+00    0.4048731538E-22    0.2795653084E-23    0.4260299385E-07   -0.5373804687E-07   -0.4324269990E-44   -0.2175709252E-29   -0.1670232205E-45
    0.8000000000E+00    0.4338294005E-22    0.2995596250E-23    0.4359534505E-07   -0.3280786720E-07   -0.2828843504E-44   -0.1423301736E-29   -0.1170773743E-45
    0.8000000000E+00    0.4648565778E-22    0.3209839213E-23    0.4461081109E-07    0.8001964426E-05    0.7393116336E-42    0.3719765798E-27    0.3278623835E-43
    0.8000000000E+00    0.4981027973E-22    0.3439404683E-23    0.4564993037E-07    0.9772838771E-05    0.9675015242E-42    0.4867878329E-27    0.4597436182E-43
    0.8000000000E+00    0.5337267633E-22    0.3685388516E-23    0.4671325384E-07   -0.8205213569E-03   -0.8704038703E-40   -0.4379342080E-25   -0.4431848083E-41
    0.8000000000E+00    0.5718985306E-22    0.3948964943E-23    0.4780134531E-07   -0.9827731336E-01   -0.1117079802E-37   -0.5620465110E-23   -0.6094642713E-39
    0.8000000000E+00    0.6128003161E-22    0.4231392172E-23    0.4891478167E-07   -0.1910687074E+01   -0.2327129167E-36   -0.1170869643E-21   -0.1360456127E-37
    0.8000000000E+00    0.6566273690E-22    0.4534018400E-23    0.5005415331E-07    0.1422967824E+01    0.1857060292E-36    0.9343596187E-22    0.1163295520E-37
    0.8000000000E+00    0.7035889022E-22    0.4858288246E-23    0.5122006431E-07    0.3753521133E+03    0.5248918014E-34    0.2640935814E-19    0.3523171960E-35
    0.8000000000E+00    0.7539090917E-22    0.5205749646E-23    0.5241313287E-07    0.1045377071E+05    0.1566404399E-32    0.7881192783E-18    0.1126595328E-33
    0.8000000000E+00    0.8078281461E-22    0.5578061244E-23    0.5363399157E-07    0.6501424671E+04    0.1043853277E-32    0.5252033839E-18    0.8044582509E-34
    0.8000000000E+00    0.8656034539E-22    0.5977000309E-23    0.5488328773E-07   -0.6448660837E+06   -0.1109431417E-30   -0.5581983094E-16   -0.9161456241E-32
    0.8000000000E+00    0.9275108115E-22    0.6404471218E-23    0.5616168372E-07   -0.3230972945E+08   -0.5956131058E-29   -0.2996762339E-14   -0.5270214565E-30
    0.8000000000E+00    0.9938457404E-22    0.6862514550E-23    0.5746985739E-07   -0.1376567688E+10   -0.2719120757E-27   -0.1368095933E-12   -0.2578057187E-28
    0.8000000000E+00    0.1064924897E-21    0.7353316823E-23    0.5880850233E-07   -0.5286412097E+11   -0.1118901714E-25   -0.5629631859E-11   -0.1136726515E-26
    0.8000000000E+00    0.1141087586E-21    0.7879220933E-23    0.6017832832E-07   -0.4148050092E+12   -0.9407514928E-25   -0.4733288466E-10   -0.1024091986E-25
    0.8000000000E+00    0.1222697377E-21    0.8442737340E-23    0.6158006166E-07    0.6561824068E+11    0.1594613755E-25    0.8023125079E-11    0.1860028324E-26
    0.8000000000E+00    0.1310143844E-21    0.9046556049E-23    0.6301444556E-07    0.2094615258E+14    0.5454251837E-23    0.2744247286E-08    0.6817093304E-24
    0.8000000000E+00    0.1403844422E-21    0.9693559452E-23    0.6448224056E-07    0.5587603458E+15    0.1559037284E-21    0.7844125946E-07    0.2087952204E-22
    0.8000000000E+00    0.1504246400E-21    0.1038683609E-22    0.6598422489E-07    0.1277524363E+17    0.3819443718E-20    0.1921711423E-05    0.5481055080E-21
    0.8000000000E+00    0.1611829057E-21    0.1112969539E-22    0.6752119493E-07    0.2259581032E+18    0.7238671100E-19    0.3642058363E-04    0.1113071072E-19
    0.8000000000E+00    0.1727105951E-21    0.1192568347E-22    0.6909396560E-07    0.4077906173E+18    0.1399806974E-18    0.7042976021E-04    0.2306387123E-19
    0.8000000000E+00    0.1850627369E-21    0.1277860007E-22    0.7070337081E-07   -0.9517323173E+18   -0.3500626213E-18   -0.1761301874E-03   -0.6180303347E-19
    0.8000000000E+00    0.1982982953E-21    0.1369251667E-22    0.7235026388E-07   -0.2715716424E+20   -0.1070324195E-16   -0.5385219374E-02   -0.2024787236E-17
    0.8000000000E+00    0.2124804516E-21    0.1467179595E-22    0.7403551802E-07   -0.4075624472E+21   -0.1721175221E-15   -0.8659905282E-01   -0.3488904941E-16
    0.8000000000E+00    0.2276769058E-21    0.1572111260E-22    0.7576002677E-07   -0.5345346320E+22   -0.2418837939E-14   -0.1217011911E+01   -0.5253767183E-15
    0.8000000000E+00    0.2439602000E-21    0.1684547565E-22    0.7752470448E-07   -0.6411201777E+23   -0.3108639559E-13   -0.1564078067E+02   -0.7234931455E-14
    0.8000000000E+00    0.2614080640E-21    0.1805025236E-22    0.7933048683E-07   -0.7090086162E+24   -0.3683684586E-12   -0.1853405697E+03   -0.9186424043E-13
    0.8000000000E+00    0.2801037871E-21    0.1934119387E-22    0.8117833125E-07   -0.3653258883E+25   -0.2033814657E-11   -0.1023291648E+04   -0.5434698108E-12
    0.8000000000E+00    0.3001366153E-21    0.2072446262E-22    0.8306921749E-07   -0.3645377570E+25   -0.2174570243E-11   -0.1094111285E+04   -0.6226406810E-12
    0.8000000000E+00    0.3216021775E-21    0.2220666179E-22    0.8500414813E-07    0.8430142429E+25    0.5388474551E-11    0.2711152162E+04    0.1653217096E-11
    0.8000000000E+00    0.3446029418E-21    0.2379486681E-22    0.8698414910E-07    0.1292399751E+27    0.8851722485E-10    0.4453647563E+05    0.2909992310E-10
    0.8000000000E+00    0.3692487048E-21    0.2549665916E-22    0.8901027021E-07    0.1072931031E+28    0.7874132704E-09    0.3961783934E+06    0.2773746590E-09
    0.8000000000E+00    0.3956571157E-21    0.2732016250E-22    0.9108358575E-07    0.7676631695E+28    0.6036728287E-08    0.3037313955E+07    0.2278587341E-08
    0.8000000000E+00    0.4239542377E-21    0.2927408154E-22    0.9320519501E-07    0.5024504250E+29    0.4233739590E-07    0.2130159869E+08    0.1712332869E-07
    0.8000000000E+00    0.4542751502E-21    0.3136774352E-22    0.9537622289E-07    0.3049697817E+30    0.2753516814E-06    0.1385401934E+09    0.1193305890E-06
    0.8000000000E+00    0.4867645933E-21    0.3361114274E-22    0.9759782052E-07    0.1724129033E+31    0.1668017831E-05    0.8392449677E+09    0.7745772560E-06
    0.8000000000E+00    0.5215776589E-21    0.3601498832E-22    0.9987116580E-07    0.9098694248E+31    0.9432134719E-05    0.4745675644E+10    0.4693253868E-05
    0.8000000000E+00    0.5588805307E-21    0.3859075526E-22    0.1021974641E-06    0.4488956290E+32    0.4986275847E-04    0.2508790274E+11    0.2658522572E-04
    0.8000000000E+00    0.5988512779E-21    0.4135073927E-22    0.1045779488E-06    0.2072768452E+33    0.2467071373E-03    0.1241280036E+12    0.1409437315E-03
    0.8000000000E+00    0.6416807053E-21    0.4430811541E-22    0.1070138822E-06    0.8962824908E+33    0.1143077921E-02    0.5751271808E+12    0.6997451353E-03
    0.8000000000E+00    0.6875732635E-21    0.4747700104E-22    0.1095065557E-06    0.3628721391E+34    0.4958890846E-02    0.2495011809E+13    0.3252734382E-02
    0.8000000000E+00    0.7367480256E-21    0.5087252317E-22    0.1120572911E-06    0.1351271369E+35    0.1978670590E-01    0.9955465128E+13    0.1390713115E-01
    0.8000000000E+00    0.7894397325E-21    0.5451089068E-22    0.1146674407E-06    0.3368402334E+35    0.5285120378E-01    0.2659150638E+14    0.3980328673E-01
    0.8000000000E+00    0.8458999137E-21    0.5840947171E-22    0.1173383885E-06    0.5619055422E+35    0.9447007053E-01    0.4753158497E+14    0.7623568223E-01
    0.8000000000E+00    0.9063980879E-21    0.6258687655E-22    0.1200715507E-06    0.7141694346E+35    0.1286566334E+00    0.6473218100E+14    0.1112490304E+00
    0.8000000000E+00    0.9712230494E-21    0.6706304648E-22    0.1228683764E-06    0.7400743147E+35    0.1428585559E+00    0.7187772327E+14    0.1323641293E+00
    0.8000000000E+00    0.1040684247E-20    0.7185934897E-22    0.1257303485E-06    0.7274793119E+35    0.1504705718E+00    0.7570762600E+14    0.1493879690E+00
    0.8000000000E+00    0.1115113261E-20    0.7699867968E-22    0.1286589846E-06    0.6522730357E+35    0.1445640643E+00    0.7273583122E+14    0.1537886912E+00
    0.8000000000E+00    0.1194865387E-20    0.8250557175E-22    0.1316558373E-06    0.4768599716E+35    0.1132457187E+00    0.5697834745E+14    0.1290879916E+00
    0.8000000000E+00    0.1280321329E-20    0.8840631292E-22    0.1347224957E-06    0.2911286498E+35    0.7408254100E-01    0.3727382199E+14    0.9048569399E-01
    0.8000000000E+00    0.1371889021E-20    0.9472907100E-22    0.1378605858E-06    0.1513675951E+35    0.4127279067E-01    0.2076595419E+14    0.5401667981E-01
    0.8000000000E+00    0.1470005571E-20    0.1015040283E-21    0.1410717713E-06    0.6766233486E+34    0.1976869059E-01    0.9946400919E+13    0.2772311047E-01
    0.8000000000E+00    0.1575139348E-20    0.1087635259E-21    0.1443577550E-06    0.2590252474E+34    0.8109106816E-02    0.4080008594E+13    0.1218532376E-01
    0.8000000000E+00    0.1687792220E-20    0.1165422177E-21    0.1477202791E-06    0.8302462840E+33    0.2785081217E-02    0.1401283219E+13    0.4484374930E-02
    0.8000000000E+00    0.1808501947E-20    0.1248772362E-21    0.1511611264E-06    0.1817616358E+33    0.6533308210E-03    0.3287162723E+12    0.1127190184E-02
    0.8000000000E+00    0.1937844750E-20    0.1338083694E-21    0.1546821213E-06    0.3272523090E+31    0.1260415233E-04    0.6341641689E+10    0.2330116821E-04
    0.8000000000E+00    0.2076438060E-20    0.1433782510E-21    0.1582851308E-06    0.4291479185E+30    0.1771079003E-05    0.8910990714E+09    0.3508342511E-05
    0.8000000000E+00    0.2224943467E-20    0.1536325639E-21    0.1619720651E-06    0.1046615805E+30    0.4628264952E-06    0.2328660999E+09    0.9823862256E-06
    0.8000000000E+00    0.2384069878E-20    0.1646202581E-21    0.1657448792E-06    0.2303793094E+29    0.1091627320E-06    0.5492403722E+08    0.2482781196E-06
    0.8000000000E+00    0.2554576900E-20    0.1763937846E-21    0.1696055734E-06    0.3652320231E+28    0.1854384433E-07    0.9330132891E+07    0.4519223545E-07
    0.8000000000E+00    0.2737278465E-20    0.1890093455E-21    0.1735561947E-06    0.7404205796E+27    0.4028184974E-08    0.2026737308E+07    0.1051897582E-07
    0.8000000000E+00    0.2933046719E-20    0.2025271626E-21    0.1775988378E-06    0.1817382357E+27    0.1059442111E-08    0.5330467358E+06    0.2964430569E-08
    0.8000000000E+00    0.3142816182E-20    0.2170117645E-21    0.1817356462E-06    0.4006976585E+26    0.2502924380E-09    0.1259319086E+06    0.7504327519E-09
    0.8000000000E+00    0.3367588212E-20    0.2325322952E-21    0.1859688132E-06    0.9342285636E+25    0.6252937177E-10    0.3146097098E+05    0.2008852810E-09
    0.8000000000E+00    0.3608435782E-20    0.2491628434E-21    0.1903005833E-06    0.1033812990E+25    0.7414347021E-11    0.3730447786E+04    0.2552330795E-10
    0.8000000000E+00    0.3866508602E-20    0.2669827968E-21    0.1947332533E-06    0.3535268034E+24    0.2716772486E-11    0.1366914426E+04    0.1002114444E-10
