    0.7050000000E+00    0.4143038610E-23    0.2860772210E-24    0.1992691735E-07    0.1360701968E-09    0.1120453756E-47    0.5637440792E-33    0.6403744225E-50
    0.7050000000E+00    0.4439345853E-23    0.3065372650E-24    0.2039107488E-07    0.3066444392E-10    0.2705615121E-48    0.1361300720E-33    0.1656937236E-50
    0.7050000000E+00    0.4756844785E-23    0.3284605973E-24    0.2086604403E-07   -0.3545951307E-09   -0.3352460670E-47   -0.1686753998E-32   -0.2199904013E-49
    0.7050000000E+00    0.5097051019E-23    0.3519518710E-24    0.2135207663E-07   -0.4906711413E-09   -0.4970744490E-47   -0.2500975841E-32   -0.3495115082E-49
    0.7050000000E+00    0.5461588566E-23    0.3771232243E-24    0.2184943039E-07   -0.1161993176E-09   -0.1261346776E-47   -0.6346328645E-33   -0.9503302245E-50
    0.7050000000E+00    0.5852197586E-23    0.4040948153E-24    0.2235836900E-07    0.1928329525E-08    0.2242911691E-46    0.1128496539E-31    0.1810723821E-48
    0.7050000000E+00    0.6270742692E-23    0.4329953957E-24    0.2287916232E-07    0.2249936432E-08    0.2804149553E-46    0.1410877244E-31    0.2425723035E-48
    0.7050000000E+00    0.6719221852E-23    0.4639629256E-24    0.2341208647E-07   -0.2173300648E-08   -0.2902356347E-46   -0.1460288920E-31   -0.2690238439E-48
    0.7050000000E+00    0.7199775931E-23    0.4971452317E-24    0.2395742402E-07   -0.9547259068E-08   -0.1366185373E-45   -0.6873812605E-31   -0.1356905715E-47
    0.7050000000E+00    0.7714698903E-23    0.5327007132E-24    0.2451546411E-07   -0.2879125234E-08   -0.4414601228E-46   -0.2221158428E-31   -0.4698200212E-48
    0.7050000000E+00    0.8266448809E-23    0.5707990981E-24    0.2508650263E-07    0.2757570831E-07    0.4530619610E-45    0.2279531811E-30    0.5166514360E-47
    0.7050000000E+00    0.8857659485E-23    0.6116222531E-24    0.2567084234E-07    0.1751725463E-07    0.3083876424E-45    0.1551618766E-30    0.3768226567E-47
    0.7050000000E+00    0.9491153137E-23    0.6553650517E-24    0.2626879307E-07   -0.6474521967E-07   -0.1221345770E-44   -0.6145067948E-30   -0.1599111229E-46
    0.7050000000E+00    0.1016995382E-22    0.7022363048E-24    0.2688067187E-07   -0.4351506100E-07   -0.8795702275E-45   -0.4425461606E-30   -0.1233986933E-46
    0.7050000000E+00    0.1089730185E-22    0.7524597575E-24    0.2750680315E-07    0.1372001388E-06    0.2971566643E-44    0.1495111326E-29    0.4467098357E-46
    0.7050000000E+00    0.1167666930E-22    0.8062751566E-24    0.2814751890E-07    0.6208666178E-07    0.1440884713E-44    0.7249654178E-30    0.2320968648E-46
    0.7050000000E+00    0.1251177658E-22    0.8639393956E-24    0.2880315884E-07   -0.2623299021E-06   -0.6523470776E-44   -0.3282213126E-29   -0.1125949109E-45
    0.7050000000E+00    0.1340661015E-22    0.9257277409E-24    0.2947407060E-07    0.1968434347E-07    0.5245076879E-45    0.2639003189E-30    0.9700450381E-47
    0.7050000000E+00    0.1436544159E-22    0.9919351458E-24    0.3016060990E-07    0.4212620197E-06    0.1202771779E-43    0.6051614938E-29    0.2383544529E-45
    0.7050000000E+00    0.1539284799E-22    0.1062877658E-23    0.3086314075E-07   -0.4160109002E-06   -0.1272728103E-43   -0.6403592550E-29   -0.2702562052E-45
    0.7050000000E+00    0.1649373379E-22    0.1138893930E-23    0.3158203565E-07   -0.4276729155E-06   -0.1401982753E-43   -0.7053923216E-29   -0.3189941448E-45
    0.7050000000E+00    0.1767335417E-22    0.1220346833E-23    0.3231767576E-07    0.1988323055E-05    0.6984219375E-43    0.3514033755E-28    0.1702777538E-44
    0.7050000000E+00    0.1893734018E-22    0.1307625190E-23    0.3307045113E-07   -0.1885370303E-05   -0.7096228410E-43   -0.3570389879E-28   -0.1853820269E-44
    0.7050000000E+00    0.2029172559E-22    0.1401145635E-23    0.3384076090E-07   -0.6789621797E-05   -0.2738271506E-42   -0.1377731424E-27   -0.7665077454E-44
    0.7050000000E+00    0.2174297571E-22    0.1501354598E-23    0.3462901348E-07    0.1434662664E-04    0.6199843403E-42    0.3119383545E-27    0.1859605237E-43
    0.7050000000E+00    0.2329801823E-22    0.1608730435E-23    0.3543562682E-07   -0.1343312754E-04   -0.6220253180E-42   -0.3129652502E-27   -0.1999162525E-43
    0.7050000000E+00    0.2496427630E-22    0.1723785718E-23    0.3626102861E-07   -0.5711401166E-03   -0.2833828670E-40   -0.1425809968E-25   -0.9759186783E-42
    0.7050000000E+00    0.2674970400E-22    0.1847069675E-23    0.3710565646E-07   -0.4746203989E-03   -0.2523349016E-40   -0.1269595518E-25   -0.9311451043E-42
    0.7050000000E+00    0.2866282424E-22    0.1979170815E-23    0.3796995823E-07    0.6584199181E-02    0.3750886167E-39    0.1887217439E-24    0.1483111917E-40
    0.7050000000E+00    0.3071276952E-22    0.2120719737E-23    0.3885439218E-07    0.7509826201E-01    0.4584171008E-38    0.2306475613E-23    0.1942230861E-39
    0.7050000000E+00    0.3290932546E-22    0.2272392139E-23    0.3975942724E-07    0.1610822316E+00    0.1053606792E-37    0.5301107586E-23    0.4783200677E-39
    0.7050000000E+00    0.3526297755E-22    0.2434912046E-23    0.4068554327E-07    0.1035489651E+00    0.7257326915E-38    0.3651444833E-23    0.3530341575E-39
    0.7050000000E+00    0.3778496121E-22    0.2609055264E-23    0.4163323131E-07   -0.1990680445E+01   -0.1494969988E-36   -0.7521778339E-22   -0.7792422910E-38
    0.7050000000E+00    0.4048731538E-22    0.2795653084E-23    0.4260299385E-07   -0.1598822593E+03   -0.1286563424E-34   -0.6473203455E-20   -0.7185735726E-36
    0.7050000000E+00    0.4338294005E-22    0.2995596250E-23    0.4359534505E-07   -0.1220575421E+05   -0.1052435633E-32   -0.5295215030E-18   -0.6298477530E-34
    0.7050000000E+00    0.4648565778E-22    0.3209839213E-23    0.4461081109E-07   -0.2764970570E+05   -0.2554591348E-32   -0.1285314757E-17   -0.1638179464E-33
    0.7050000000E+00    0.4981027973E-22    0.3439404683E-23    0.4564993037E-07    0.3718782594E+06    0.3681558565E-31    0.1852336013E-16    0.2529715920E-32
    0.7050000000E+00    0.5337267633E-22    0.3685388516E-23    0.4671325384E-07    0.2308738981E+08    0.2449095721E-29    0.1232235784E-14    0.1803207894E-30
    0.7050000000E+00    0.5718985306E-22    0.3948964943E-23    0.4780134531E-07    0.5226864761E+08    0.5941172844E-29    0.2989236276E-14    0.4687186430E-30
    0.7050000000E+00    0.6128003161E-22    0.4231392172E-23    0.4891478167E-07   -0.4359525829E+09   -0.5309702384E-28   -0.2671518806E-13   -0.4488592912E-29
    0.7050000000E+00    0.6566273690E-22    0.4534018400E-23    0.5005415331E-07   -0.2180147427E+11   -0.2845226117E-26   -0.1431544469E-11   -0.2577251653E-27
    0.7050000000E+00    0.7035889022E-22    0.4858288246E-23    0.5122006431E-07   -0.7823022909E+12   -0.1093970286E-24   -0.5504192100E-10   -0.1061806956E-25
    0.7050000000E+00    0.7539090917E-22    0.5205749646E-23    0.5241313287E-07   -0.2509019515E+14   -0.3759542192E-23   -0.1891572623E-08   -0.3909984209E-24
    0.7050000000E+00    0.8078281461E-22    0.5578061244E-23    0.5363399157E-07   -0.2058060534E+15   -0.3304373027E-22   -0.1662559226E-07   -0.3682384287E-23
    0.7050000000E+00    0.8656034539E-22    0.5977000309E-23    0.5488328773E-07   -0.5248373552E+14   -0.9029332838E-23   -0.4543010274E-08   -0.1078191001E-23
    0.7050000000E+00    0.9275108115E-22    0.6404471218E-23    0.5616168372E-07    0.6547891839E+16    0.1207069902E-20    0.6073240474E-06    0.1544445050E-21
    0.7050000000E+00    0.9938457404E-22    0.6862514550E-23    0.5746985739E-07    0.1516100454E+18    0.2994738471E-19    0.1506769978E-04    0.4105810887E-20
    0.7050000000E+00    0.1064924897E-21    0.7353316823E-23    0.5880850233E-07    0.2924523239E+19    0.6189933746E-18    0.3114397609E-03    0.9093394675E-19
    0.7050000000E+00    0.1141087586E-21    0.7879220933E-23    0.6017832832E-07    0.2929415464E+20    0.6643728764E-17    0.3342719620E-02    0.1045807938E-17
    0.7050000000E+00    0.1222697377E-21    0.8442737340E-23    0.6158006166E-07    0.3077355209E+20    0.7478397615E-17    0.3762674143E-02    0.1261387702E-17
    0.7050000000E+00    0.1310143844E-21    0.9046556049E-23    0.6301444556E-07   -0.1845148983E+21   -0.4804656699E-16   -0.2417410581E-01   -0.8683651834E-17
    0.7050000000E+00    0.1403844422E-21    0.9693559452E-23    0.6448224056E-07   -0.3450205404E+22   -0.9626665354E-15   -0.4843551611E+00   -0.1864300497E-15
    0.7050000000E+00    0.1504246400E-21    0.1038683609E-22    0.6598422489E-07   -0.4293594396E+23   -0.1283665707E-13   -0.6458623911E+01   -0.2663740904E-14
    0.7050000000E+00    0.1611829057E-21    0.1112969539E-22    0.6752119493E-07   -0.4716210262E+24   -0.1510859511E-12   -0.7601724739E+02   -0.3359418606E-13
    0.7050000000E+00    0.1727105951E-21    0.1192568347E-22    0.6909396560E-07   -0.4730314157E+25   -0.1623756523E-11   -0.8169753732E+03   -0.3868663437E-12
    0.7050000000E+00    0.1850627369E-21    0.1277860007E-22    0.7070337081E-07   -0.3248597651E+26   -0.1194887038E-10   -0.6011943723E+04   -0.3050470927E-11
    0.7050000000E+00    0.1982982953E-21    0.1369251667E-22    0.7235026388E-07   -0.4729606678E+26   -0.1864043099E-10   -0.9378729415E+04   -0.5099128891E-11
    0.7050000000E+00    0.2124804516E-21    0.1467179595E-22    0.7403551802E-07   -0.2086405245E+24   -0.8811089032E-13   -0.4433203285E+02   -0.2582674235E-13
    0.7050000000E+00    0.2276769058E-21    0.1572111260E-22    0.7576002677E-07    0.5003159260E+27    0.2263993895E-09    0.1139103820E+06    0.7110748065E-10
    0.7050000000E+00    0.2439602000E-21    0.1684547565E-22    0.7752470448E-07    0.4167859950E+28    0.2020896357E-08    0.1016791947E+07    0.6801177062E-09
    0.7050000000E+00    0.2614080640E-21    0.1805025236E-22    0.7933048683E-07    0.2752422355E+29    0.1430032805E-07    0.7195053990E+07    0.5156868306E-08
    0.7050000000E+00    0.2801037871E-21    0.1934119387E-22    0.8117833125E-07    0.1635042578E+30    0.9102485389E-07    0.4579816182E+08    0.3517224023E-07
    0.7050000000E+00    0.3001366153E-21    0.2072446262E-22    0.8306921749E-07    0.8971956246E+30    0.5352024229E-06    0.2692812581E+09    0.2215940583E-06
    0.7050000000E+00    0.3216021775E-21    0.2220666179E-22    0.8500414813E-07    0.4582583947E+31    0.2929148254E-05    0.1473768976E+10    0.1299515290E-05
    0.7050000000E+00    0.3446029418E-21    0.2379486681E-22    0.8698414910E-07    0.2185088415E+32    0.1496580004E-04    0.7529878959E+10    0.7114427838E-05
    0.7050000000E+00    0.3692487048E-21    0.2549665916E-22    0.8901027021E-07    0.9743720479E+32    0.7150818263E-04    0.3597856167E+11    0.3642468301E-04
    0.7050000000E+00    0.3956571157E-21    0.2732016250E-22    0.9108358575E-07    0.4070259592E+33    0.3200759420E-03    0.1610427170E+12    0.1747000674E-03
    0.7050000000E+00    0.4239542377E-21    0.2927408154E-22    0.9320519501E-07    0.1595983872E+34    0.1344805332E-02    0.6766241260E+12    0.7865013324E-03
    0.7050000000E+00    0.4542751502E-21    0.3136774352E-22    0.9537622289E-07    0.5886621950E+34    0.5314924130E-02    0.2674146071E+13    0.3330712215E-02
    0.7050000000E+00    0.4867645933E-21    0.3361114274E-22    0.9759782052E-07    0.1906917587E+35    0.1844857593E-01    0.9282199639E+13    0.1238804826E-01
    0.7050000000E+00    0.5215776589E-21    0.3601498832E-22    0.9987116580E-07    0.4176779114E+35    0.4329845824E-01    0.2178514672E+14    0.3115390367E-01
    0.7050000000E+00    0.5588805307E-21    0.3859075526E-22    0.1021974641E-06    0.6801951014E+35    0.7555521119E-01    0.3801477992E+14    0.5825114470E-01
    0.7050000000E+00    0.5988512779E-21    0.4135073927E-22    0.1045779488E-06    0.8927565234E+35    0.1062585674E+00    0.5346283849E+14    0.8778170188E-01
    0.7050000000E+00    0.6416807053E-21    0.4430811541E-22    0.1070138822E-06    0.9743561861E+35    0.1242649561E+00    0.6252255647E+14    0.1099989934E+00
    0.7050000000E+00    0.6875732635E-21    0.4747700104E-22    0.1095065557E-06    0.9711690203E+35    0.1327167519E+00    0.6677498527E+14    0.1258826232E+00
    0.7050000000E+00    0.7367480256E-21    0.5087252317E-22    0.1120572911E-06    0.9312710427E+35    0.1363662893E+00    0.6861121020E+14    0.1385948406E+00
    0.7050000000E+00    0.7894397325E-21    0.5451089068E-22    0.1146674407E-06    0.7806748902E+35    0.1224901411E+00    0.6162957765E+14    0.1333954987E+00
    0.7050000000E+00    0.8458999137E-21    0.5840947171E-22    0.1173383885E-06    0.5553148199E+35    0.9336200884E-01    0.4697407582E+14    0.1089457337E+00
    0.7050000000E+00    0.9063980879E-21    0.6258687655E-22    0.1200715507E-06    0.3481085854E+35    0.6271127900E-01    0.3155249562E+14    0.7841257188E-01
    0.7050000000E+00    0.9712230494E-21    0.6706304648E-22    0.1228683764E-06    0.1967183626E+35    0.3797308004E-01    0.1910574080E+14    0.5087634048E-01
    0.7050000000E+00    0.1040684247E-20    0.7185934897E-22    0.1257303485E-06    0.1015103400E+35    0.2099622442E-01    0.1056402117E+14    0.3014263721E-01
    0.7050000000E+00    0.1115113261E-20    0.7699867968E-22    0.1286589846E-06    0.4791840252E+34    0.1062021369E-01    0.5343444612E+13    0.1633703711E-01
    0.7050000000E+00    0.1194865387E-20    0.8250557175E-22    0.1316558373E-06    0.2051116687E+34    0.4871035467E-02    0.2450808334E+13    0.8028997674E-02
    0.7050000000E+00    0.1280321329E-20    0.8840631292E-22    0.1347224957E-06    0.7833936767E+33    0.1993475882E-02    0.1002995634E+13    0.3520878399E-02
    0.7050000000E+00    0.1371889021E-20    0.9472907100E-22    0.1378605858E-06    0.2618608328E+33    0.7140053546E-03    0.3592440017E+12    0.1351268053E-02
    0.7050000000E+00    0.1470005571E-20    0.1015040283E-21    0.1410717713E-06    0.7507957234E+32    0.2193576142E-03    0.1103673896E+12    0.4448286535E-03
    0.7050000000E+00    0.1575139348E-20    0.1087635259E-21    0.1443577550E-06    0.1809518889E+32    0.5664923440E-04    0.2850244404E+11    0.1230932066E-03
    0.7050000000E+00    0.1687792220E-20    0.1165422177E-21    0.1477202791E-06    0.3384482260E+31    0.1135332750E-04    0.5712302827E+10    0.2643401951E-04
    0.7050000000E+00    0.1808501947E-20    0.1248772362E-21    0.1511611264E-06    0.5412531295E+30    0.1945500489E-05    0.9788573385E+09    0.4853682732E-05
    0.7050000000E+00    0.1937844750E-20    0.1338083694E-21    0.1546821213E-06    0.1128154224E+30    0.4345096215E-06    0.2186187740E+09    0.1161554089E-05
    0.7050000000E+00    0.2076438060E-20    0.1433782510E-21    0.1582851308E-06    0.2475876075E+29    0.1021785716E-06    0.5141003314E+08    0.2926845969E-06
    0.7050000000E+00    0.2224943467E-20    0.1536325639E-21    0.1619720651E-06    0.5752213753E+28    0.2543700293E-07    0.1279835041E+08    0.7807391911E-07
    0.7050000000E+00    0.2384069878E-20    0.1646202581E-21    0.1657448792E-06    0.1168035933E+28    0.5534611324E-08    0.2784679285E+07    0.1820233771E-07
    0.7050000000E+00    0.2554576900E-20    0.1763937846E-21    0.1696055734E-06    0.2447448602E+27    0.1242637639E-08    0.6252195663E+06    0.4379096790E-08
    0.7050000000E+00    0.2737278465E-20    0.1890093455E-21    0.1735561947E-06    0.5788128048E+26    0.3148973850E-09    0.1584371826E+06    0.1189074579E-08
    0.7050000000E+00    0.2933046719E-20    0.2025271626E-21    0.1775988378E-06    0.1406170135E+26    0.8197261580E-10    0.4124362702E+05    0.3316720188E-09
    0.7050000000E+00    0.3142816182E-20    0.2170117645E-21    0.1817356462E-06    0.2674564999E+25    0.1670644637E-10    0.8405666160E+04    0.7243093994E-10
    0.7050000000E+00    0.3367588212E-20    0.2325322952E-21    0.1859688132E-06    0.6157178255E+24    0.4121095235E-11    0.2073484091E+04    0.1914488188E-10
    0.7050000000E+00    0.3608435782E-20    0.2491628434E-21    0.1903005833E-06    0.1019117991E+24    0.7308956759E-12    0.3677421826E+03    0.3638274251E-11
    0.7050000000E+00    0.3866508602E-20    0.2669827968E-21    0.1947332533E-06    0.4242532330E+23    0.3260288892E-12    0.1640378774E+03    0.1738986156E-11
