    0.7740000000E+00    0.4143038610E-23    0.2860772210E-24    0.1992691735E-07    0.0000000000E+00    0.0000000000E+00    0.0000000000E+00    0.0000000000E+00
    0.7740000000E+00    0.4439345853E-23    0.3065372650E-24    0.2039107488E-07    0.0000000000E+00    0.0000000000E+00    0.0000000000E+00    0.0000000000E+00
    0.7740000000E+00    0.4756844785E-23    0.3284605973E-24    0.2086604403E-07    0.0000000000E+00    0.0000000000E+00    0.0000000000E+00    0.0000000000E+00
    0.7740000000E+00    0.5097051019E-23    0.3519518710E-24    0.2135207663E-07    0.0000000000E+00    0.0000000000E+00    0.0000000000E+00    0.0000000000E+00
    0.7740000000E+00    0.5461588566E-23    0.3771232243E-24    0.2184943039E-07    0.0000000000E+00    0.0000000000E+00    0.0000000000E+00    0.0000000000E+00
    0.7740000000E+00    0.5852197586E-23    0.4040948153E-24    0.2235836900E-07    0.0000000000E+00    0.0000000000E+00    0.0000000000E+00    0.0000000000E+00
    0.7740000000E+00    0.6270742692E-23    0.4329953957E-24    0.2287916232E-07    0.0000000000E+00    0.0000000000E+00    0.0000000000E+00    0.0000000000E+00
    0.7740000000E+00    0.6719221852E-23    0.4639629256E-24    0.2341208647E-07    0.0000000000E+00    0.0000000000E+00    0.0000000000E+00    0.0000000000E+00
    0.7740000000E+00    0.7199775931E-23    0.4971452317E-24    0.2395742402E-07    0.0000000000E+00    0.0000000000E+00    0.0000000000E+00    0.0000000000E+00
    0.7740000000E+00    0.7714698903E-23    0.5327007132E-24    0.2451546411E-07    0.0000000000E+00    0.0000000000E+00    0.0000000000E+00    0.0000000000E+00
    0.7740000000E+00    0.8266448809E-23    0.5707990981E-24    0.2508650263E-07    0.0000000000E+00    0.0000000000E+00    0.0000000000E+00    0.0000000000E+00
    0.7740000000E+00    0.8857659485E-23    0.6116222531E-24    0.2567084234E-07    0.5201640132E-15    0.9157379798E-53    0.4607435705E-38    0.8305080497E-55
    0.7740000000E+00    0.9491153137E-23    0.6553650517E-24    0.2626879307E-07    0.1660603381E-15    0.3132541562E-53    0.1576104099E-38    0.3044173922E-55
    0.7740000000E+00    0.1016995382E-22    0.7022363048E-24    0.2688067187E-07   -0.9786431193E-15   -0.1978132011E-52   -0.9952755325E-38   -0.2059813454E-54
    0.7740000000E+00    0.1089730185E-22    0.7524597575E-24    0.2750680315E-07   -0.1861848706E-14   -0.4032508682E-52   -0.2028912734E-37   -0.4499330863E-54
    0.7740000000E+00    0.1167666930E-22    0.8062751566E-24    0.2814751890E-07    0.2151624233E-14    0.4993411427E-52    0.2512380463E-37    0.5969940054E-54
    0.7740000000E+00    0.1251177658E-22    0.8639393956E-24    0.2880315884E-07    0.1547226718E-14    0.3847555386E-52    0.1935855502E-37    0.4928985038E-54
    0.7740000000E+00    0.1340661015E-22    0.9257277409E-24    0.2947407060E-07   -0.5739135083E-14   -0.1529246062E-51   -0.7694234664E-37   -0.2099181500E-53
    0.7740000000E+00    0.1436544159E-22    0.9919351458E-24    0.3016060990E-07   -0.1826603708E-15   -0.5215251525E-53   -0.2623996887E-38   -0.7670927502E-55
    0.7740000000E+00    0.1539284799E-22    0.1062877658E-23    0.3086314075E-07    0.5727522093E-14    0.1752256570E-51    0.8816287695E-37    0.2761660679E-53
    0.7740000000E+00    0.1649373379E-22    0.1138893930E-23    0.3158203565E-07   -0.6946781652E-14   -0.2277270249E-51   -0.1145783672E-36   -0.3845804399E-53
    0.7740000000E+00    0.1767335417E-22    0.1220346833E-23    0.3231767576E-07    0.3423432557E-14    0.1202521086E-51    0.6050353604E-37    0.2176032211E-53
    0.7740000000E+00    0.1893734018E-22    0.1307625190E-23    0.3307045113E-07    0.5579960447E-13    0.2100206723E-50    0.1056696092E-35    0.4072252174E-52
    0.7740000000E+00    0.2029172559E-22    0.1401145635E-23    0.3384076090E-07   -0.1573612248E-14   -0.6346417679E-52   -0.3193130793E-37   -0.1318564171E-53
    0.7740000000E+00    0.2174297571E-22    0.1501354598E-23    0.3462901348E-07   -0.6345660762E-12   -0.2742254608E-49   -0.1379735478E-34   -0.6104925865E-51
    0.7740000000E+00    0.2329801823E-22    0.1608730435E-23    0.3543562682E-07   -0.1217749969E-11   -0.5638830643E-49   -0.2837116098E-34   -0.1345121984E-50
    0.7740000000E+00    0.2496427630E-22    0.1723785718E-23    0.3626102861E-07   -0.5609471418E-12   -0.2783254138E-49   -0.1400363944E-34   -0.7114190378E-51
    0.7740000000E+00    0.2674970400E-22    0.1847069675E-23    0.3710565646E-07    0.7428388561E-11    0.3949349208E-48    0.1987071952E-33    0.1081678396E-49
    0.7740000000E+00    0.2866282424E-22    0.1979170815E-23    0.3796995823E-07    0.8865109380E-10    0.5050274943E-47    0.2540990721E-32    0.1482134586E-48
    0.7740000000E+00    0.3071276952E-22    0.2120719737E-23    0.3885439218E-07    0.6840932607E-09    0.4175862941E-46    0.2101039865E-31    0.1313163659E-47
    0.7740000000E+00    0.3290932546E-22    0.2272392139E-23    0.3975942724E-07    0.7271137787E-09    0.4755906396E-46    0.2392882399E-31    0.1602529076E-47
    0.7740000000E+00    0.3526297755E-22    0.2434912046E-23    0.4068554327E-07   -0.6861069400E-08   -0.4808645220E-45   -0.2419417362E-30   -0.1736182425E-46
    0.7740000000E+00    0.3778496121E-22    0.2609055264E-23    0.4163323131E-07   -0.4306938587E-06   -0.3234443752E-43   -0.1627375074E-28   -0.1251331054E-44
    0.7740000000E+00    0.4048731538E-22    0.2795653084E-23    0.4260299385E-07   -0.5753866025E-06   -0.4630103181E-43   -0.2329585884E-28   -0.1919390270E-44
    0.7740000000E+00    0.4338294005E-22    0.2995596250E-23    0.4359534505E-07    0.3961557739E-04    0.3415835235E-41    0.1718640219E-26    0.1517293277E-42
    0.7740000000E+00    0.4648565778E-22    0.3209839213E-23    0.4461081109E-07    0.1245389075E-03    0.1150630749E-40    0.5789273035E-26    0.5476569395E-42
    0.7740000000E+00    0.4981027973E-22    0.3439404683E-23    0.4564993037E-07   -0.2612360633E-02   -0.2586211595E-39   -0.1301224139E-24   -0.1318975334E-40
    0.7740000000E+00    0.5337267633E-22    0.3685388516E-23    0.4671325384E-07   -0.3199533048E+00   -0.3394044438E-37   -0.1707676418E-22   -0.1854770346E-38
    0.7740000000E+00    0.5718985306E-22    0.3948964943E-23    0.4780134531E-07   -0.1076490810E+02   -0.1223605021E-35   -0.6156435123E-21   -0.7164961645E-37
    0.7740000000E+00    0.6128003161E-22    0.4231392172E-23    0.4891478167E-07   -0.4240646683E+01   -0.5164913040E-36   -0.2598669628E-21   -0.3240676153E-37
    0.7740000000E+00    0.6566273690E-22    0.4534018400E-23    0.5005415331E-07    0.1151694779E+04    0.1503032329E-33    0.7562343127E-19    0.1010510758E-34
    0.7740000000E+00    0.7035889022E-22    0.4858288246E-23    0.5122006431E-07    0.4704071013E+05    0.6578165461E-32    0.3309732160E-17    0.4738898563E-33
    0.7740000000E+00    0.7539090917E-22    0.5205749646E-23    0.5241313287E-07    0.4900302235E+05    0.7342666287E-32    0.3694382407E-17    0.5667955216E-33
    0.7740000000E+00    0.8078281461E-22    0.5578061244E-23    0.5363399157E-07   -0.1852817702E+07   -0.2974840019E-30   -0.1496758289E-15   -0.2460572890E-31
    0.7740000000E+00    0.8656034539E-22    0.5977000309E-23    0.5488328773E-07   -0.9329218609E+08   -0.1605004276E-28   -0.8075403850E-14   -0.1422488661E-29
    0.7740000000E+00    0.9275108115E-22    0.6404471218E-23    0.5616168372E-07   -0.3862873732E+10   -0.7121007385E-27   -0.3582857150E-12   -0.6762605536E-28
    0.7740000000E+00    0.9938457404E-22    0.6862514550E-23    0.5746985739E-07   -0.1439366852E+12   -0.2843167334E-25   -0.1430508615E-10   -0.2893177242E-26
    0.7740000000E+00    0.1064924897E-21    0.7353316823E-23    0.5880850233E-07   -0.1358531114E+13   -0.2875414863E-24   -0.1446733607E-09   -0.3135256904E-25
    0.7740000000E+00    0.1141087586E-21    0.7879220933E-23    0.6017832832E-07   -0.2810485076E+12   -0.6374002176E-25   -0.3207009631E-10   -0.7447059554E-26
    0.7740000000E+00    0.1222697377E-21    0.8442737340E-23    0.6158006166E-07    0.5290330674E+14    0.1285623323E-22    0.6468473441E-08    0.1609482882E-23
    0.7740000000E+00    0.1310143844E-21    0.9046556049E-23    0.6301444556E-07    0.1395059331E+16    0.3632650384E-21    0.1827728395E-06    0.4872997872E-22
    0.7740000000E+00    0.1403844422E-21    0.9693559452E-23    0.6448224056E-07    0.3102612989E+17    0.8656822847E-20    0.4355585937E-05    0.1244317330E-20
    0.7740000000E+00    0.1504246400E-21    0.1038683609E-22    0.6598422489E-07    0.5385679111E+18    0.1610168765E-18    0.8101388412E-04    0.2479956238E-19
    0.7740000000E+00    0.1611829057E-21    0.1112969539E-22    0.6752119493E-07    0.9929506227E+18    0.3180962699E-18    0.1600466666E-03    0.5249660231E-19
    0.7740000000E+00    0.1727105951E-21    0.1192568347E-22    0.6909396560E-07   -0.2048099020E+19   -0.7030429760E-18   -0.3537284006E-03   -0.1243238621E-18
    0.7740000000E+00    0.1850627369E-21    0.1277860007E-22    0.7070337081E-07   -0.5956833793E+20   -0.2191020326E-16   -0.1102387965E-01   -0.4151633675E-17
    0.7740000000E+00    0.1982982953E-21    0.1369251667E-22    0.7235026388E-07   -0.8718964052E+21   -0.3436337496E-15   -0.1728955708E+00   -0.6976995301E-16
    0.7740000000E+00    0.2124804516E-21    0.1467179595E-22    0.7403551802E-07   -0.1110686353E+23   -0.4690534768E-14   -0.2359991378E+01   -0.1020457634E-14
    0.7740000000E+00    0.2276769058E-21    0.1572111260E-22    0.7576002677E-07   -0.1292441424E+24   -0.5848463624E-13   -0.2942590644E+02   -0.1363372132E-13
    0.7740000000E+00    0.2439602000E-21    0.1684547565E-22    0.7752470448E-07   -0.1385956294E+25   -0.6720173088E-12   -0.3381181747E+03   -0.1678622649E-12
    0.7740000000E+00    0.2614080640E-21    0.1805025236E-22    0.7933048683E-07   -0.6181247816E+25   -0.3211493737E-11   -0.1615828024E+04   -0.8595669305E-12
    0.7740000000E+00    0.2801037871E-21    0.1934119387E-22    0.8117833125E-07   -0.5796705975E+25   -0.3227098312E-11   -0.1623679296E+04   -0.9255178851E-12
    0.7740000000E+00    0.3001366153E-21    0.2072446262E-22    0.8306921749E-07    0.1621148835E+26    0.9670608736E-11    0.4865661243E+04    0.2971846898E-11
    0.7740000000E+00    0.3216021775E-21    0.2220666179E-22    0.8500414813E-07    0.2257131463E+27    0.1442739023E-09    0.7258983936E+05    0.4750730540E-10
    0.7740000000E+00    0.3446029418E-21    0.2379486681E-22    0.8698414910E-07    0.1810242155E+28    0.1239845580E-08    0.6238147721E+06    0.4374618825E-09
    0.7740000000E+00    0.3692487048E-21    0.2549665916E-22    0.8901027021E-07    0.1257021263E+29    0.9225152369E-08    0.4641534734E+07    0.3487756586E-08
    0.7740000000E+00    0.3956571157E-21    0.2732016250E-22    0.9108358575E-07    0.7991575422E+29    0.6284392859E-07    0.3161923681E+08    0.2545868373E-07
    0.7740000000E+00    0.4239542377E-21    0.2927408154E-22    0.9320519501E-07    0.4713055702E+30    0.3971307322E-06    0.1998119937E+09    0.1723876367E-06
    0.7740000000E+00    0.4542751502E-21    0.3136774352E-22    0.9537622289E-07    0.2589576643E+31    0.2338081756E-05    0.1176380318E+10    0.1087507630E-05
    0.7740000000E+00    0.4867645933E-21    0.3361114274E-22    0.9759782052E-07    0.1328533403E+32    0.1285296728E-04    0.6466830215E+10    0.6405839034E-05
    0.7740000000E+00    0.5215776589E-21    0.3601498832E-22    0.9987116580E-07    0.6374542735E+32    0.6608151039E-04    0.3324819076E+11    0.3529007492E-04
    0.7740000000E+00    0.5588805307E-21    0.3859075526E-22    0.1021974641E-06    0.2864429446E+33    0.3181771984E-03    0.1600873849E+12    0.1820713754E-03
    0.7740000000E+00    0.5988512779E-21    0.4135073927E-22    0.1045779488E-06    0.1206474909E+34    0.1435982734E-02    0.7224990408E+12    0.8804847483E-03
    0.7740000000E+00    0.6416807053E-21    0.4430811541E-22    0.1070138822E-06    0.4763732755E+34    0.6075448076E-02    0.3056795394E+13    0.3991636020E-02
    0.7740000000E+00    0.6875732635E-21    0.4747700104E-22    0.1095065557E-06    0.1681351975E+35    0.2297680096E-01    0.1156052664E+14    0.1617566640E-01
    0.7740000000E+00    0.7367480256E-21    0.5087252317E-22    0.1120572911E-06    0.3845631930E+35    0.5631170005E-01    0.2833261731E+14    0.4247870402E-01
    0.7740000000E+00    0.7894397325E-21    0.5451089068E-22    0.1146674407E-06    0.6131936593E+35    0.9621185305E-01    0.4840794384E+14    0.7776804811E-01
    0.7740000000E+00    0.8458999137E-21    0.5840947171E-22    0.1173383885E-06    0.7597312456E+35    0.1277294117E+00    0.6426565951E+14    0.1106276104E+00
    0.7740000000E+00    0.9063980879E-21    0.6258687655E-22    0.1200715507E-06    0.7802337445E+35    0.1405580273E+00    0.7072023741E+14    0.1304452510E+00
    0.7740000000E+00    0.9712230494E-21    0.6706304648E-22    0.1228683764E-06    0.7657719759E+35    0.1478190452E+00    0.7437353936E+14    0.1469951522E+00
    0.7740000000E+00    0.1040684247E-20    0.7185934897E-22    0.1257303485E-06    0.6827901430E+35    0.1412271408E+00    0.7105689458E+14    0.1504841592E+00
    0.7740000000E+00    0.1115113261E-20    0.7699867968E-22    0.1286589846E-06    0.4991185324E+35    0.1106202459E+00    0.5565736945E+14    0.1263011308E+00
    0.7740000000E+00    0.1194865387E-20    0.8250557175E-22    0.1316558373E-06    0.3075590944E+35    0.7303978689E-01    0.3674917164E+14    0.8935772779E-01
    0.7740000000E+00    0.1280321329E-20    0.8840631292E-22    0.1347224957E-06    0.1632890098E+35    0.4155161222E-01    0.2090624021E+14    0.5447039176E-01
    0.7740000000E+00    0.1371889021E-20    0.9472907100E-22    0.1378605858E-06    0.7564254577E+34    0.2062514738E-01    0.1037731781E+14    0.2897141319E-01
    0.7740000000E+00    0.1470005571E-20    0.1015040283E-21    0.1410717713E-06    0.3061413774E+34    0.8944435895E-02    0.4500295304E+13    0.1346249563E-01
    0.7740000000E+00    0.1575139348E-20    0.1087635259E-21    0.1443577550E-06    0.1063237483E+34    0.3328596886E-02    0.1674747196E+13    0.5368263464E-02
    0.7740000000E+00    0.1687792220E-20    0.1165422177E-21    0.1477202791E-06    0.2995817161E+33    0.1004954104E-02    0.5056316897E+12    0.1736676180E-02
    0.7740000000E+00    0.1808501947E-20    0.1248772362E-21    0.1511611264E-06    0.3715046331E+32    0.1335350146E-03    0.6718668523E+11    0.2472679212E-03
    0.7740000000E+00    0.1937844750E-20    0.1338083694E-21    0.1546821213E-06    0.1304673459E+31    0.5024961650E-05    0.2528254613E+10    0.9970234455E-05
    0.7740000000E+00    0.2076438060E-20    0.1433782510E-21    0.1582851308E-06    0.2418686150E+30    0.9981836261E-06    0.5022251976E+09    0.2122184123E-05
    0.7740000000E+00    0.2224943467E-20    0.1536325639E-21    0.1619720651E-06    0.5880073197E+29    0.2600241326E-06    0.1308283045E+09    0.5923607519E-06
    0.7740000000E+00    0.2384069878E-20    0.1646202581E-21    0.1657448792E-06    0.1233412186E+29    0.5844389596E-07    0.2940540841E+08    0.1426631400E-06
    0.7740000000E+00    0.2554576900E-20    0.1763937846E-21    0.1696055734E-06    0.2091721169E+28    0.1062024940E-07    0.5343462580E+07    0.2777840689E-07
    0.7740000000E+00    0.2737278465E-20    0.1890093455E-21    0.1735561947E-06    0.4422982695E+27    0.2406280015E-08    0.1210693528E+07    0.6744018976E-08
    0.7740000000E+00    0.2933046719E-20    0.2025271626E-21    0.1775988378E-06    0.1086543538E+27    0.6333999975E-09    0.3186882960E+06    0.1902175908E-08
    0.7740000000E+00    0.3142816182E-20    0.2170117645E-21    0.1817356462E-06    0.2374304185E+26    0.1483089232E-09    0.7462001613E+05    0.4772433673E-09
    0.7740000000E+00    0.3367588212E-20    0.2325322952E-21    0.1859688132E-06    0.5432681888E+25    0.3636178541E-10    0.1829503549E+05    0.1253769841E-09
    0.7740000000E+00    0.3608435782E-20    0.2491628434E-21    0.1903005833E-06    0.5453867495E+24    0.3911429494E-11    0.1967993062E+04    0.1445134023E-10
    0.7740000000E+00    0.3866508602E-20    0.2669827968E-21    0.1947332533E-06    0.2052326098E+24    0.1577165584E-11    0.7935336511E+03    0.6243813339E-11
