    0.7310000000E+00    0.4143038610E-23    0.2860772210E-24    0.1992691735E-07   -0.4641282085E-13   -0.3821808204E-51   -0.1922901088E-36   -0.1902349392E-53
    0.7310000000E+00    0.4439345853E-23    0.3065372650E-24    0.2039107488E-07   -0.7531332609E-14   -0.6645118835E-52   -0.3343419019E-37   -0.3544248362E-54
    0.7310000000E+00    0.4756844785E-23    0.3284605973E-24    0.2086604403E-07    0.1233756609E-12    0.1166434660E-50    0.5868788691E-36    0.6666253297E-53
    0.7310000000E+00    0.5097051019E-23    0.3519518710E-24    0.2135207663E-07    0.1651019700E-12    0.1672565673E-50    0.8415331646E-36    0.1024246703E-52
    0.7310000000E+00    0.5461588566E-23    0.3771232243E-24    0.2184943039E-07    0.2670570681E-13    0.2898911791E-51    0.1458555830E-36    0.1902200958E-53
    0.7310000000E+00    0.5852197586E-23    0.4040948153E-24    0.2235836900E-07   -0.6748125113E-12   -0.7848994954E-50   -0.3949136150E-35   -0.5518682961E-52
    0.7310000000E+00    0.6270742692E-23    0.4329953957E-24    0.2287916232E-07   -0.7522349529E-12   -0.9375284014E-50   -0.4717071833E-35   -0.7063270336E-52
    0.7310000000E+00    0.6719221852E-23    0.4639629256E-24    0.2341208647E-07    0.8396141536E-12    0.1121271219E-49    0.5641553768E-35    0.9051739989E-52
    0.7310000000E+00    0.7199775931E-23    0.4971452317E-24    0.2395742402E-07    0.3249213532E-11    0.4649531317E-49    0.2339360938E-34    0.4021893559E-51
    0.7310000000E+00    0.7714698903E-23    0.5327007132E-24    0.2451546411E-07    0.7642985644E-12    0.1171909211E-49    0.5896333296E-35    0.1086213918E-51
    0.7310000000E+00    0.8266448809E-23    0.5707990981E-24    0.2508650263E-07   -0.9535232998E-11   -0.1566614831E-48   -0.7882251546E-34   -0.1555906980E-50
    0.7310000000E+00    0.8857659485E-23    0.6116222531E-24    0.2567084234E-07   -0.5553096988E-11   -0.9776112321E-49   -0.4918744221E-34   -0.1040369420E-50
    0.7310000000E+00    0.9491153137E-23    0.6553650517E-24    0.2626879307E-07    0.2256989697E-10    0.4257557289E-48    0.2142143484E-33    0.4854917965E-50
    0.7310000000E+00    0.1016995382E-22    0.7022363048E-24    0.2688067187E-07    0.1355926166E-10    0.2740734492E-48    0.1378970648E-33    0.3348793445E-50
    0.7310000000E+00    0.1089730185E-22    0.7524597575E-24    0.2750680315E-07   -0.4711351606E-10   -0.1020414075E-47   -0.5134102055E-33   -0.1335973476E-49
    0.7310000000E+00    0.1167666930E-22    0.8062751566E-24    0.2814751890E-07   -0.1490386153E-10   -0.3458834091E-48   -0.1740274624E-33   -0.4852338908E-50
    0.7310000000E+00    0.1251177658E-22    0.8639393956E-24    0.2880315884E-07    0.7991071110E-10    0.1987174105E-47    0.9998249636E-33    0.2987151949E-49
    0.7310000000E+00    0.1340661015E-22    0.9257277409E-24    0.2947407060E-07    0.3358128662E-13    0.8948046975E-51    0.4502112179E-36    0.1441284283E-52
    0.7310000000E+00    0.1436544159E-22    0.9919351458E-24    0.3016060990E-07   -0.1160371805E-09   -0.3313050773E-47   -0.1666925339E-32   -0.5718070255E-49
    0.7310000000E+00    0.1539284799E-22    0.1062877658E-23    0.3086314075E-07   -0.6577329422E-11   -0.2012243428E-48   -0.1012438320E-33   -0.3721361953E-50
    0.7310000000E+00    0.1649373379E-22    0.1138893930E-23    0.3158203565E-07    0.2117228482E-09    0.6940626139E-47    0.3492100294E-32    0.1375371583E-48
    0.7310000000E+00    0.1767335417E-22    0.1220346833E-23    0.3231767576E-07    0.5071622973E-10    0.1781467420E-47    0.8963258901E-33    0.3782677183E-49
    0.7310000000E+00    0.1893734018E-22    0.1307625190E-23    0.3307045113E-07   -0.1076567799E-09   -0.4052026802E-47   -0.2038733063E-32   -0.9219209940E-49
    0.7310000000E+00    0.2029172559E-22    0.1401145635E-23    0.3384076090E-07    0.2832102196E-08    0.1142193922E-45    0.5746824062E-31    0.2784589878E-47
    0.7310000000E+00    0.2174297571E-22    0.1501354598E-23    0.3462901348E-07    0.8199492599E-08    0.3543381408E-45    0.1782813684E-30    0.9256339979E-47
    0.7310000000E+00    0.2329801823E-22    0.1608730435E-23    0.3543562682E-07    0.4207463627E-08    0.1948279649E-45    0.9802556426E-31    0.5453467001E-47
    0.7310000000E+00    0.2496427630E-22    0.1723785718E-23    0.3626102861E-07   -0.1313973339E-07   -0.6519547852E-45   -0.3280239349E-30   -0.1955414687E-46
    0.7310000000E+00    0.2674970400E-22    0.1847069675E-23    0.3710565646E-07   -0.9282298499E-07   -0.4934992014E-44   -0.2482987373E-29   -0.1586017042E-45
    0.7310000000E+00    0.2866282424E-22    0.1979170815E-23    0.3796995823E-07   -0.1494334692E-05   -0.8512924918E-43   -0.4283185265E-28   -0.2931569526E-44
    0.7310000000E+00    0.3071276952E-22    0.2120719737E-23    0.3885439218E-07   -0.2088296043E-04   -0.1274744038E-41   -0.6413735506E-27   -0.4703751663E-43
    0.7310000000E+00    0.3290932546E-22    0.2272392139E-23    0.3975942724E-07   -0.3196109397E-04   -0.2090511495E-41   -0.1051818043E-26   -0.8265591832E-43
    0.7310000000E+00    0.3526297755E-22    0.2434912046E-23    0.4068554327E-07    0.8153998058E-04    0.5714806468E-41    0.2875342505E-26    0.2421156838E-42
    0.7310000000E+00    0.3778496121E-22    0.2609055264E-23    0.4163323131E-07    0.4365643817E-02    0.3278530465E-39    0.1649556823E-24    0.1488334740E-40
    0.7310000000E+00    0.4048731538E-22    0.2795653084E-23    0.4260299385E-07    0.1374609708E-01    0.1106140594E-38    0.5565425678E-24    0.5380612623E-40
    0.7310000000E+00    0.4338294005E-22    0.2995596250E-23    0.4359534505E-07   -0.1438096426E+00   -0.1239992136E-37   -0.6238885104E-23   -0.6463091827E-39
    0.7310000000E+00    0.4648565778E-22    0.3209839213E-23    0.4461081109E-07   -0.1652750224E+02   -0.1526996876E-35   -0.7682918130E-21   -0.8528242559E-37
    0.7310000000E+00    0.4981027973E-22    0.3439404683E-23    0.4564993037E-07   -0.6428831482E+03   -0.6364480581E-34   -0.3202218945E-19   -0.3808766610E-35
    0.7310000000E+00    0.5337267633E-22    0.3685388516E-23    0.4671325384E-07   -0.4694567890E+03   -0.4979967951E-34   -0.2505616525E-19   -0.3193360458E-35
    0.7310000000E+00    0.5718985306E-22    0.3948964943E-23    0.4780134531E-07    0.4755362781E+05    0.5405234975E-32    0.2719584987E-17    0.3713949325E-33
    0.7310000000E+00    0.6128003161E-22    0.4231392172E-23    0.4891478167E-07    0.1770442651E+07    0.2156317897E-30    0.1084927816E-15    0.1587574750E-31
    0.7310000000E+00    0.6566273690E-22    0.4534018400E-23    0.5005415331E-07    0.1833257955E+07    0.2392514079E-30    0.1203767348E-15    0.1887451921E-31
    0.7310000000E+00    0.7035889022E-22    0.4858288246E-23    0.5122006431E-07   -0.6255707638E+08   -0.8747971663E-29   -0.4401446470E-14   -0.7394839682E-30
    0.7310000000E+00    0.7539090917E-22    0.5205749646E-23    0.5241313287E-07   -0.2886909730E+10   -0.4325777009E-27   -0.2176467492E-12   -0.3918190286E-28
    0.7310000000E+00    0.8078281461E-22    0.5578061244E-23    0.5363399157E-07   -0.1087464016E+12   -0.1746006351E-25   -0.8784840401E-11   -0.1694600049E-26
    0.7310000000E+00    0.8656034539E-22    0.5977000309E-23    0.5488328773E-07   -0.3685383909E+13   -0.6340356231E-24   -0.3190081041E-09   -0.6593789137E-25
    0.7310000000E+00    0.9275108115E-22    0.6404471218E-23    0.5616168372E-07   -0.2226457186E+14   -0.4104358353E-23   -0.2065063111E-08   -0.4573689393E-24
    0.7310000000E+00    0.9938457404E-22    0.6862514550E-23    0.5746985739E-07    0.8319665256E+13    0.1643375381E-23    0.8268463876E-09    0.1962267324E-24
    0.7310000000E+00    0.1064924897E-21    0.7353316823E-23    0.5880850233E-07    0.1108640677E+16    0.2346506346E-21    0.1180619059E-06    0.3002224250E-22
    0.7310000000E+00    0.1141087586E-21    0.7879220933E-23    0.6017832832E-07    0.2623732449E+17    0.5950459045E-20    0.2993908527E-05    0.8157777687E-21
    0.7310000000E+00    0.1222697377E-21    0.8442737340E-23    0.6158006166E-07    0.5323981725E+18    0.1293800993E-18    0.6509618493E-04    0.1900591906E-19
    0.7310000000E+00    0.1310143844E-21    0.9046556049E-23    0.6301444556E-07    0.5655876367E+19    0.1472756104E-17    0.7410011607E-03    0.2318207075E-18
    0.7310000000E+00    0.1403844422E-21    0.9693559452E-23    0.6448224056E-07    0.5946790756E+19    0.1659256706E-17    0.8348369030E-03    0.2798562285E-18
    0.7310000000E+00    0.1504246400E-21    0.1038683609E-22    0.6598422489E-07   -0.3921253478E+20   -0.1172346094E-16   -0.5898531425E-02   -0.2118737904E-17
    0.7310000000E+00    0.1611829057E-21    0.1112969539E-22    0.6752119493E-07   -0.7575661946E+21   -0.2426897926E-15   -0.1221067205E+00   -0.4699729974E-16
    0.7310000000E+00    0.1727105951E-21    0.1192568347E-22    0.6909396560E-07   -0.9919715345E+22   -0.3405102063E-14   -0.1713239941E+01   -0.7065640378E-15
    0.7310000000E+00    0.1850627369E-21    0.1277860007E-22    0.7070337081E-07   -0.1151366845E+24   -0.4234914465E-13   -0.2130750995E+02   -0.9415991082E-14
    0.7310000000E+00    0.1982982953E-21    0.1369251667E-22    0.7235026388E-07   -0.1222743608E+25   -0.4819104291E-12   -0.2424679730E+03   -0.1148121158E-12
    0.7310000000E+00    0.2124804516E-21    0.1467179595E-22    0.7403551802E-07   -0.1047991559E+26   -0.4425768656E-11   -0.2226777198E+04   -0.1129822201E-11
    0.7310000000E+00    0.2276769058E-21    0.1572111260E-22    0.7576002677E-07   -0.1979503812E+26   -0.8957509272E-11   -0.4506873031E+04   -0.2450240206E-11
    0.7310000000E+00    0.2439602000E-21    0.1684547565E-22    0.7752470448E-07   -0.6877511970E+25   -0.3334742303E-11   -0.1677839195E+04   -0.9774255206E-12
    0.7310000000E+00    0.2614080640E-21    0.1805025236E-22    0.7933048683E-07    0.1546603562E+27    0.8035444945E-10    0.4042946428E+05    0.2523662796E-10
    0.7310000000E+00    0.2801037871E-21    0.1934119387E-22    0.8117833125E-07    0.1434091295E+28    0.7983764605E-09    0.4016944029E+06    0.2686761516E-09
    0.7310000000E+00    0.3001366153E-21    0.2072446262E-22    0.8306921749E-07    0.1012101457E+29    0.6037469834E-08    0.3037687056E+07    0.2177089931E-08
    0.7310000000E+00    0.3216021775E-21    0.2220666179E-22    0.8500414813E-07    0.6386792240E+29    0.4082382681E-07    0.2054006292E+08    0.1577375563E-07
    0.7310000000E+00    0.3446029418E-21    0.2379486681E-22    0.8698414910E-07    0.3716605779E+30    0.2545525323E-06    0.1280753285E+09    0.1053898575E-06
    0.7310000000E+00    0.3692487048E-21    0.2549665916E-22    0.8901027021E-07    0.2011208358E+31    0.1476005545E-05    0.7426360814E+09    0.6548010762E-06
    0.7310000000E+00    0.3956571157E-21    0.2732016250E-22    0.9108358575E-07    0.1015311924E+32    0.7984181677E-05    0.4017153874E+10    0.3795349774E-05
    0.7310000000E+00    0.4239542377E-21    0.2927408154E-22    0.9320519501E-07    0.4790967132E+32    0.4036956924E-04    0.2031150818E+11    0.2056248085E-04
    0.7310000000E+00    0.4542751502E-21    0.3136774352E-22    0.9537622289E-07    0.2116872346E+33    0.1911285625E-03    0.9616425030E+11    0.1043150544E-03
    0.7310000000E+00    0.4867645933E-21    0.3361114274E-22    0.9759782052E-07    0.8773381456E+33    0.8487854696E-03    0.4270571457E+12    0.4963857800E-03
    0.7310000000E+00    0.5215776589E-21    0.3601498832E-22    0.9987116580E-07    0.3415667994E+34    0.3540842213E-02    0.1781536116E+13    0.2218850132E-02
    0.7310000000E+00    0.5588805307E-21    0.3859075526E-22    0.1021974641E-06    0.1241175128E+35    0.1378681627E-01    0.6936686140E+13    0.9257322281E-02
    0.7310000000E+00    0.5988512779E-21    0.4135073927E-22    0.1045779488E-06    0.3219048884E+35    0.3831408829E-01    0.1927731538E+14    0.2756638969E-01
    0.7310000000E+00    0.6416807053E-21    0.4430811541E-22    0.1070138822E-06    0.5713055737E+35    0.7286171427E-01    0.3665957634E+14    0.5617211553E-01
    0.7310000000E+00    0.6875732635E-21    0.4747700104E-22    0.1095065557E-06    0.7851151263E+35    0.1072912410E+00    0.5398241696E+14    0.8863100301E-01
    0.7310000000E+00    0.7367480256E-21    0.5087252317E-22    0.1120572911E-06    0.8778405399E+35    0.1285424453E+00    0.6467472846E+14    0.1137805301E+00
    0.7310000000E+00    0.7894397325E-21    0.5451089068E-22    0.1146674407E-06    0.8771341428E+35    0.1376248759E+00    0.6924445431E+14    0.1305324038E+00
    0.7310000000E+00    0.8458999137E-21    0.5840947171E-22    0.1173383885E-06    0.8436681265E+35    0.1418412552E+00    0.7136587954E+14    0.1441530917E+00
    0.7310000000E+00    0.9063980879E-21    0.6258687655E-22    0.1200715507E-06    0.7082806482E+35    0.1275957767E+00    0.6419842252E+14    0.1389497262E+00
    0.7310000000E+00    0.9712230494E-21    0.6706304648E-22    0.1228683764E-06    0.4968603820E+35    0.9591030958E-01    0.4825622553E+14    0.1119145849E+00
    0.7310000000E+00    0.1040684247E-20    0.7185934897E-22    0.1257303485E-06    0.3023027836E+35    0.6252778870E-01    0.3146017448E+14    0.7817978389E-01
    0.7310000000E+00    0.1115113261E-20    0.7699867968E-22    0.1286589846E-06    0.1630802103E+35    0.3614366487E-01    0.1818529052E+14    0.4842321073E-01
    0.7310000000E+00    0.1194865387E-20    0.8250557175E-22    0.1316558373E-06    0.7902390711E+34    0.1876676528E-01    0.9442293136E+13    0.2694082046E-01
    0.7310000000E+00    0.1280321329E-20    0.8840631292E-22    0.1347224957E-06    0.3445917246E+34    0.8768711216E-02    0.4411881349E+13    0.1348829833E-01
    0.7310000000E+00    0.1371889021E-20    0.9472907100E-22    0.1378605858E-06    0.1334679387E+34    0.3639216367E-02    0.1831031998E+13    0.5998315049E-02
    0.7310000000E+00    0.1470005571E-20    0.1015040283E-21    0.1410717713E-06    0.4449569995E+33    0.1300016806E-02    0.6540892681E+12    0.2295991957E-02
    0.7310000000E+00    0.1575139348E-20    0.1087635259E-21    0.1443577550E-06    0.1208658532E+33    0.3783855526E-03    0.1903805612E+12    0.7160707621E-03
    0.7310000000E+00    0.1687792220E-20    0.1165422177E-21    0.1477202791E-06    0.2037229051E+32    0.6833934068E-04    0.3438419343E+11    0.1385773270E-03
    0.7310000000E+00    0.1808501947E-20    0.1248772362E-21    0.1511611264E-06    0.1678121459E+31    0.6031902528E-05    0.3034885927E+10    0.1310616739E-04
    0.7310000000E+00    0.1937844750E-20    0.1338083694E-21    0.1546821213E-06    0.3349963122E+30    0.1290241332E-05    0.6491708447E+09    0.3003947550E-05
    0.7310000000E+00    0.2076438060E-20    0.1433782510E-21    0.1582851308E-06    0.6940799489E+29    0.2864444568E-06    0.1441214023E+09    0.7145980352E-06
    0.7310000000E+00    0.2224943467E-20    0.1536325639E-21    0.1619720651E-06    0.1648376335E+29    0.7289324679E-07    0.3667544159E+08    0.1948537150E-06
    0.7310000000E+00    0.2384069878E-20    0.1646202581E-21    0.1657448792E-06    0.3243700284E+28    0.1536992126E-07    0.7733208142E+07    0.4402435869E-07
    0.7310000000E+00    0.2554576900E-20    0.1763937846E-21    0.1696055734E-06    0.6371548310E+27    0.3235012061E-08    0.1627661013E+07    0.9928812278E-08
    0.7310000000E+00    0.2737278465E-20    0.1890093455E-21    0.1735561947E-06    0.1447043067E+27    0.7872494769E-09    0.3960959825E+06    0.2589010288E-08
    0.7310000000E+00    0.2933046719E-20    0.2025271626E-21    0.1775988378E-06    0.3550762666E+26    0.2069915272E-09    0.1041455279E+06    0.7294137809E-09
    0.7310000000E+00    0.3142816182E-20    0.2170117645E-21    0.1817356462E-06    0.7322759341E+25    0.4574100320E-10    0.2301408656E+05    0.1727138165E-09
    0.7310000000E+00    0.3367588212E-20    0.2325322952E-21    0.1859688132E-06    0.1624968758E+25    0.1087616880E-10    0.5472225634E+04    0.4400452474E-10
    0.7310000000E+00    0.3608435782E-20    0.2491628434E-21    0.1903005833E-06    0.1874032571E+24    0.1344027202E-11    0.6762326185E+03    0.5826791179E-11
    0.7310000000E+00    0.3866508602E-20    0.2669827968E-21    0.1947332533E-06    0.8404833022E+23    0.6458921610E-12    0.3249735918E+03    0.3000415561E-11
