    0.7270000000E+00    0.4143038610E-23    0.2860772210E-24    0.1992691735E-07   -0.1261569900E-13   -0.1038824641E-51   -0.5226732807E-37   -0.5268427014E-54
    0.7270000000E+00    0.4439345853E-23    0.3065372650E-24    0.2039107488E-07    0.2056475614E-12    0.1814489619E-50    0.9129406491E-36    0.9860370036E-53
    0.7270000000E+00    0.4756844785E-23    0.3284605973E-24    0.2086604403E-07    0.2276494352E-12    0.2152273711E-50    0.1082893029E-35    0.1253245710E-52
    0.7270000000E+00    0.5097051019E-23    0.3519518710E-24    0.2135207663E-07   -0.8994170687E-13   -0.9111545517E-51   -0.4584374686E-36   -0.5685003998E-53
    0.7270000000E+00    0.5461588566E-23    0.3771232243E-24    0.2184943039E-07   -0.1190341352E-11   -0.1292118799E-49   -0.6501154720E-35   -0.8638556349E-52
    0.7270000000E+00    0.5852197586E-23    0.4040948153E-24    0.2235836900E-07   -0.1176864274E-11   -0.1368854548E-49   -0.6887242264E-35   -0.9806093469E-52
    0.7270000000E+00    0.6270742692E-23    0.4329953957E-24    0.2287916232E-07    0.1660954692E-11    0.2070087533E-49    0.1041541950E-34    0.1589012945E-51
    0.7270000000E+00    0.6719221852E-23    0.4639629256E-24    0.2341208647E-07    0.5714934367E-11    0.7632066943E-49    0.3839991189E-34    0.6277415804E-51
    0.7270000000E+00    0.7199775931E-23    0.4971452317E-24    0.2395742402E-07    0.2024057268E-11    0.2896367863E-49    0.1457275880E-34    0.2552656899E-51
    0.7270000000E+00    0.7714698903E-23    0.5327007132E-24    0.2451546411E-07   -0.1741932349E-10   -0.2670928168E-48   -0.1343848358E-33   -0.2522324356E-50
    0.7270000000E+00    0.8266448809E-23    0.5707990981E-24    0.2508650263E-07   -0.1415384470E-10   -0.2325441132E-48   -0.1170020327E-33   -0.2353120002E-50
    0.7270000000E+00    0.8857659485E-23    0.6116222531E-24    0.2567084234E-07    0.4113067299E-10    0.7240969856E-48    0.3643214957E-33    0.7851189592E-50
    0.7270000000E+00    0.9491153137E-23    0.6553650517E-24    0.2626879307E-07    0.4063051595E-10    0.7664489986E-48    0.3856304489E-33    0.8904755235E-50
    0.7270000000E+00    0.1016995382E-22    0.7022363048E-24    0.2688067187E-07   -0.8890348605E-10   -0.1797006776E-47   -0.9041443472E-33   -0.2237115671E-49
    0.7270000000E+00    0.1089730185E-22    0.7524597575E-24    0.2750680315E-07   -0.7973458730E-10   -0.1726941693E-47   -0.8688918654E-33   -0.2303649490E-49
    0.7270000000E+00    0.1167666930E-22    0.8062751566E-24    0.2814751890E-07    0.1781284551E-09    0.4133940536E-47    0.2079947064E-32    0.5908849802E-49
    0.7270000000E+00    0.1251177658E-22    0.8639393956E-24    0.2880315884E-07    0.8389492004E-10    0.2086251147E-47    0.1049674496E-32    0.3195253460E-49
    0.7270000000E+00    0.1340661015E-22    0.9257277409E-24    0.2947407060E-07   -0.2720624157E-09   -0.7249356772E-47   -0.3647434742E-32   -0.1189702020E-48
    0.7270000000E+00    0.1436544159E-22    0.9919351458E-24    0.3016060990E-07   -0.5617018251E-10   -0.1603750331E-47   -0.8069094760E-33   -0.2820171272E-49
    0.7270000000E+00    0.1539284799E-22    0.1062877658E-23    0.3086314075E-07    0.3326444604E-09    0.1017679952E-46    0.5120345614E-32    0.1917564340E-48
    0.7270000000E+00    0.1649373379E-22    0.1138893930E-23    0.3158203565E-07    0.2514978590E-09    0.8244516967E-47    0.4148138734E-32    0.1664577199E-48
    0.7270000000E+00    0.1767335417E-22    0.1220346833E-23    0.3231767576E-07   -0.3813336940E-09   -0.1339479602E-46   -0.6739445430E-32   -0.2897842849E-48
    0.7270000000E+00    0.1893734018E-22    0.1307625190E-23    0.3307045113E-07    0.5024620714E-10    0.1891185843E-47    0.9515295174E-33    0.4384024108E-49
    0.7270000000E+00    0.2029172559E-22    0.1401145635E-23    0.3384076090E-07    0.1124584236E-07    0.4535476440E-45    0.2281975472E-30    0.1126578972E-46
    0.7270000000E+00    0.2174297571E-22    0.1501354598E-23    0.3462901348E-07    0.9497636221E-08    0.4104369532E-45    0.2065068736E-30    0.1092408776E-46
    0.7270000000E+00    0.2329801823E-22    0.1608730435E-23    0.3543562682E-07   -0.1968324661E-07   -0.9114391046E-45   -0.4585806383E-30   -0.2599359710E-46
    0.7270000000E+00    0.2496427630E-22    0.1723785718E-23    0.3626102861E-07   -0.5705399041E-07   -0.2830850593E-44   -0.1424311581E-29   -0.8650788098E-46
    0.7270000000E+00    0.2674970400E-22    0.1847069675E-23    0.3710565646E-07   -0.3935952319E-06   -0.2092573651E-43   -0.1052855595E-28   -0.6852033505E-45
    0.7270000000E+00    0.2866282424E-22    0.1979170815E-23    0.3796995823E-07   -0.8062152724E-05   -0.4592846647E-42   -0.2310840666E-27   -0.1611464231E-43
    0.7270000000E+00    0.3071276952E-22    0.2120719737E-23    0.3885439218E-07   -0.4596438916E-04   -0.2805772258E-41   -0.1411693691E-26   -0.1054851057E-42
    0.7270000000E+00    0.3290932546E-22    0.2272392139E-23    0.3975942724E-07   -0.2670689604E-04   -0.1746844874E-41   -0.8789059337E-27   -0.7037089347E-43
    0.7270000000E+00    0.3526297755E-22    0.2434912046E-23    0.4068554327E-07    0.5819230723E-03    0.4078462754E-40    0.2052034024E-25    0.1760496743E-41
    0.7270000000E+00    0.3778496121E-22    0.2609055264E-23    0.4163323131E-07    0.1420342679E-01    0.1066655215E-38    0.5366759304E-24    0.4933586948E-40
    0.7270000000E+00    0.4048731538E-22    0.2795653084E-23    0.4260299385E-07    0.1677878290E-01    0.1350179092E-38    0.6793278749E-24    0.6691602026E-40
    0.7270000000E+00    0.4338294005E-22    0.2995596250E-23    0.4359534505E-07   -0.7557573240E+00   -0.6516483329E-37   -0.3278697468E-22   -0.3460604864E-38
    0.7270000000E+00    0.4648565778E-22    0.3209839213E-23    0.4461081109E-07   -0.7565975012E+02   -0.6990300192E-35   -0.3517093252E-20   -0.3977723141E-36
    0.7270000000E+00    0.4981027973E-22    0.3439404683E-23    0.4564993037E-07   -0.1288488965E+04   -0.1275591532E-33   -0.6417999579E-19   -0.7777685051E-35
    0.7270000000E+00    0.5337267633E-22    0.3685388516E-23    0.4671325384E-07    0.7693510740E+03    0.8161227575E-34    0.4106232585E-19    0.5332050005E-35
    0.7270000000E+00    0.5718985306E-22    0.3948964943E-23    0.4780134531E-07    0.1994059486E+06    0.2266569465E-31    0.1140399690E-16    0.1586747267E-32
    0.7270000000E+00    0.6128003161E-22    0.4231392172E-23    0.4891478167E-07    0.3377739592E+07    0.4113931806E-30    0.2069879890E-15    0.3085999233E-31
    0.7270000000E+00    0.6566273690E-22    0.4534018400E-23    0.5005415331E-07    0.5356033265E+06    0.6989951937E-31    0.3516918031E-16    0.5618403357E-32
    0.7270000000E+00    0.7035889022E-22    0.4858288246E-23    0.5122006431E-07   -0.2412872526E+09   -0.3374157122E-28   -0.1697670331E-13   -0.2906056326E-29
    0.7270000000E+00    0.7539090917E-22    0.5205749646E-23    0.5241313287E-07   -0.1017894612E+11   -0.1525224383E-26   -0.7674000027E-12   -0.1407577983E-27
    0.7270000000E+00    0.8078281461E-22    0.5578061244E-23    0.5363399157E-07   -0.3693185051E+12   -0.5929690048E-25   -0.2983458833E-10   -0.5863686168E-26
    0.7270000000E+00    0.8656034539E-22    0.5977000309E-23    0.5488328773E-07   -0.1174436156E+14   -0.2020506895E-23   -0.1016595993E-08   -0.2140913212E-24
    0.7270000000E+00    0.9275108115E-22    0.6404471218E-23    0.5616168372E-07   -0.3067433523E+14   -0.5654654614E-23   -0.2845077756E-08   -0.6420144586E-24
    0.7270000000E+00    0.9938457404E-22    0.6862514550E-23    0.5746985739E-07    0.8451552364E+14    0.1669426913E-22    0.8399539316E-08    0.2030982288E-23
    0.7270000000E+00    0.1064924897E-21    0.7353316823E-23    0.5880850233E-07    0.3392182690E+16    0.7179763809E-21    0.3612419803E-06    0.9359418846E-22
    0.7270000000E+00    0.1141087586E-21    0.7879220933E-23    0.6017832832E-07    0.7542358391E+17    0.1710559120E-19    0.8606491529E-05    0.2389333731E-20
    0.7270000000E+00    0.1222697377E-21    0.8442737340E-23    0.6158006166E-07    0.1477827514E+19    0.3591324695E-18    0.1806935825E-03    0.5375184765E-19
    0.7270000000E+00    0.1310143844E-21    0.9046556049E-23    0.6301444556E-07    0.8513480360E+19    0.2216858954E-17    0.1115388389E-02    0.3555304379E-18
    0.7270000000E+00    0.1403844422E-21    0.9693559452E-23    0.6448224056E-07    0.4600542357E+19    0.1283630292E-17    0.6458445725E-03    0.2205863745E-18
    0.7270000000E+00    0.1504246400E-21    0.1038683609E-22    0.6598422489E-07   -0.1180533917E+21   -0.3529469173E-16   -0.1775813895E-01   -0.6499023666E-17
    0.7270000000E+00    0.1611829057E-21    0.1112969539E-22    0.6752119493E-07   -0.1885680835E+22   -0.6040864734E-15   -0.3039395163E+00   -0.1191894557E-15
    0.7270000000E+00    0.1727105951E-21    0.1192568347E-22    0.6909396560E-07   -0.2355855930E+23   -0.8086854923E-14   -0.4068812797E+01   -0.1709693960E-14
    0.7270000000E+00    0.1850627369E-21    0.1277860007E-22    0.7070337081E-07   -0.2646217836E+24   -0.9733219470E-13   -0.4897163151E+02   -0.2204932209E-13
    0.7270000000E+00    0.1982982953E-21    0.1369251667E-22    0.7235026388E-07   -0.2726401967E+25   -0.1074535605E-11   -0.5406408623E+03   -0.2608311978E-12
    0.7270000000E+00    0.2124804516E-21    0.1467179595E-22    0.7403551802E-07   -0.1706052776E+26   -0.7204824153E-11   -0.3625028642E+04   -0.1873967743E-11
    0.7270000000E+00    0.2276769058E-21    0.1572111260E-22    0.7576002677E-07   -0.2134875869E+26   -0.9660587805E-11   -0.4860619321E+04   -0.2692416712E-11
    0.7270000000E+00    0.2439602000E-21    0.1684547565E-22    0.7752470448E-07    0.1127425256E+26    0.5466617451E-11    0.2750468909E+04    0.1632515858E-11
    0.7270000000E+00    0.2614080640E-21    0.1805025236E-22    0.7933048683E-07    0.3462519006E+27    0.1798966557E-09    0.9051303898E+05    0.5756543824E-10
    0.7270000000E+00    0.2801037871E-21    0.1934119387E-22    0.8117833125E-07    0.2836965401E+28    0.1579373923E-08    0.7946447526E+06    0.5415314559E-09
    0.7270000000E+00    0.3001366153E-21    0.2072446262E-22    0.8306921749E-07    0.1914438811E+29    0.1142016593E-07    0.5745931850E+07    0.4195764840E-08
    0.7270000000E+00    0.3216021775E-21    0.2220666179E-22    0.8500414813E-07    0.1170881520E+30    0.7484173993E-07    0.3765580465E+08    0.2946338229E-07
    0.7270000000E+00    0.3446029418E-21    0.2379486681E-22    0.8698414910E-07    0.6626546014E+30    0.4538560634E-06    0.2283527251E+09    0.1914506598E-06
    0.7270000000E+00    0.3692487048E-21    0.2549665916E-22    0.8901027021E-07    0.3491678897E+31    0.2562507954E-05    0.1289297910E+10    0.1158254370E-05
    0.7270000000E+00    0.3956571157E-21    0.2732016250E-22    0.9108358575E-07    0.1717499295E+32    0.1350602320E-04    0.6795408172E+10    0.6541332373E-05
    0.7270000000E+00    0.4239542377E-21    0.2927408154E-22    0.9320519501E-07    0.7900847675E+32    0.6657399404E-04    0.3349597853E+11    0.3454962502E-04
    0.7270000000E+00    0.4542751502E-21    0.3136774352E-22    0.9537622289E-07    0.3405165546E+33    0.3074462176E-03    0.1546882090E+12    0.1709652634E-03
    0.7270000000E+00    0.4867645933E-21    0.3361114274E-22    0.9759782052E-07    0.1377378432E+34    0.1332552113E-02    0.6704590525E+12    0.7940044338E-03
    0.7270000000E+00    0.5215776589E-21    0.3601498832E-22    0.9987116580E-07    0.5236437993E+34    0.5428338095E-02    0.2731209069E+13    0.3465816896E-02
    0.7270000000E+00    0.5588805307E-21    0.3859075526E-22    0.1021974641E-06    0.1774872128E+35    0.1971505502E-01    0.9919414768E+13    0.1348766339E-01
    0.7270000000E+00    0.5988512779E-21    0.4135073927E-22    0.1045779488E-06    0.4003295409E+35    0.4764842638E-01    0.2397378571E+14    0.3492909133E-01
    0.7270000000E+00    0.6416807053E-21    0.4430811541E-22    0.1070138822E-06    0.6507780428E+35    0.8299727150E-01    0.4175917135E+14    0.6519323631E-01
    0.7270000000E+00    0.6875732635E-21    0.4747700104E-22    0.1095065557E-06    0.8388972470E+35    0.1146409280E+00    0.5768033179E+14    0.9648913619E-01
    0.7270000000E+00    0.7367480256E-21    0.5087252317E-22    0.1120572911E-06    0.8930217504E+35    0.1307654343E+00    0.6579320114E+14    0.1179320060E+00
    0.7270000000E+00    0.7894397325E-21    0.5451089068E-22    0.1146674407E-06    0.8853952893E+35    0.1389210736E+00    0.6989662204E+14    0.1342477007E+00
    0.7270000000E+00    0.8458999137E-21    0.5840947171E-22    0.1173383885E-06    0.8314029688E+35    0.1397791821E+00    0.7032836996E+14    0.1447375511E+00
    0.7270000000E+00    0.9063980879E-21    0.6258687655E-22    0.1200715507E-06    0.6621940935E+35    0.1192933478E+00    0.6002114602E+14    0.1323594494E+00
    0.7270000000E+00    0.9712230494E-21    0.6706304648E-22    0.1228683764E-06    0.4470906805E+35    0.8630312887E-01    0.4342247741E+14    0.1026042302E+00
    0.7270000000E+00    0.1040684247E-20    0.7185934897E-22    0.1257303485E-06    0.2641464609E+35    0.5463560043E-01    0.2748930608E+14    0.6960083431E-01
    0.7270000000E+00    0.1115113261E-20    0.7699867968E-22    0.1286589846E-06    0.1392992374E+35    0.3087305899E-01    0.1553344269E+14    0.4214231491E-01
    0.7270000000E+00    0.1194865387E-20    0.8250557175E-22    0.1316558373E-06    0.6627273693E+34    0.1573859031E-01    0.7918699947E+13    0.2301995953E-01
    0.7270000000E+00    0.1280321329E-20    0.8840631292E-22    0.1347224957E-06    0.2839812854E+34    0.7226377492E-02    0.3635872969E+13    0.1132555178E-01
    0.7270000000E+00    0.1371889021E-20    0.9472907100E-22    0.1378605858E-06    0.1078174667E+34    0.2939815309E-02    0.1479135989E+13    0.4936950497E-02
    0.7270000000E+00    0.1470005571E-20    0.1015040283E-21    0.1410717713E-06    0.3507579382E+33    0.1024798385E-02    0.5156161233E+12    0.1844068961E-02
    0.7270000000E+00    0.1575139348E-20    0.1087635259E-21    0.1443577550E-06    0.9251498124E+32    0.2896296297E-03    0.1457239873E+12    0.5584466813E-03
    0.7270000000E+00    0.1687792220E-20    0.1165422177E-21    0.1477202791E-06    0.1495540883E+32    0.5016828023E-04    0.2524162268E+11    0.1036496737E-03
    0.7270000000E+00    0.1808501947E-20    0.1248772362E-21    0.1511611264E-06    0.1434213311E+31    0.5155189959E-05    0.2593777566E+10    0.1141256853E-04
    0.7270000000E+00    0.1937844750E-20    0.1338083694E-21    0.1546821213E-06    0.2879201742E+30    0.1108927160E-05    0.5579445980E+09    0.2630520833E-05
    0.7270000000E+00    0.2076438060E-20    0.1433782510E-21    0.1582851308E-06    0.6022615435E+29    0.2485513102E-06    0.1250558791E+09    0.6317638652E-06
    0.7270000000E+00    0.2224943467E-20    0.1536325639E-21    0.1619720651E-06    0.1424596585E+29    0.6299742858E-07    0.3169646866E+08    0.1715779791E-06
    0.7270000000E+00    0.2384069878E-20    0.1646202581E-21    0.1657448792E-06    0.2813904251E+28    0.1333337947E-07    0.6708544365E+07    0.3891158889E-07
    0.7270000000E+00    0.2554576900E-20    0.1763937846E-21    0.1696055734E-06    0.5578552482E+27    0.2832386052E-08    0.1425084130E+07    0.8857092341E-08
    0.7270000000E+00    0.2737278465E-20    0.1890093455E-21    0.1735561947E-06    0.1275231749E+27    0.6937772279E-09    0.3490664405E+06    0.2324656378E-08
    0.7270000000E+00    0.2933046719E-20    0.2025271626E-21    0.1775988378E-06    0.3126954910E+26    0.1822856758E-09    0.9171504838E+05    0.6544722969E-09
    0.7270000000E+00    0.3142816182E-20    0.2170117645E-21    0.1817356462E-06    0.6383324688E+25    0.3987290328E-10    0.2006161613E+05    0.1533969006E-09
    0.7270000000E+00    0.3367588212E-20    0.2325322952E-21    0.1859688132E-06    0.1416822111E+25    0.9483010903E-11    0.4771273441E+04    0.3909173763E-10
    0.7270000000E+00    0.3608435782E-20    0.2491628434E-21    0.1903005833E-06    0.1719798447E+24    0.1233412872E-11    0.6205782252E+03    0.5448126735E-11
    0.7270000000E+00    0.3866508602E-20    0.2669827968E-21    0.1947332533E-06    0.7686831887E+23    0.5907154188E-12    0.2972120161E+03    0.2795870375E-11
