    0.7040000000E+00    0.4143038610E-23    0.2860772210E-24    0.1992691735E-07    0.1710668820E-09    0.1408629773E-47    0.7087366972E-33    0.8101117935E-50
    0.7040000000E+00    0.4439345853E-23    0.3065372650E-24    0.2039107488E-07   -0.1071550316E-09   -0.9454607251E-48   -0.4756982454E-33   -0.5826283107E-50
    0.7040000000E+00    0.4756844785E-23    0.3284605973E-24    0.2086604403E-07   -0.5221926550E-09   -0.4936983580E-47   -0.2483989407E-32   -0.3259941253E-49
    0.7040000000E+00    0.5097051019E-23    0.3519518710E-24    0.2135207663E-07   -0.5016989950E-09   -0.5082462172E-47   -0.2557185373E-32   -0.3596021221E-49
    0.7040000000E+00    0.5461588566E-23    0.3771232243E-24    0.2184943039E-07    0.5382887605E-09    0.5843139243E-47    0.2939911740E-32    0.4429904122E-49
    0.7040000000E+00    0.5852197586E-23    0.4040948153E-24    0.2235836900E-07    0.2752826635E-08    0.3201914903E-46    0.1611008539E-31    0.2601104956E-48
    0.7040000000E+00    0.6270742692E-23    0.4329953957E-24    0.2287916232E-07    0.2117293645E-08    0.2638833677E-46    0.1327700365E-31    0.2296995313E-48
    0.7040000000E+00    0.6719221852E-23    0.4639629256E-24    0.2341208647E-07   -0.6632006338E-08   -0.8856779988E-46   -0.4456192191E-31   -0.8260834995E-48
    0.7040000000E+00    0.7199775931E-23    0.4971452317E-24    0.2395742402E-07   -0.1109689489E-07   -0.1587933812E-45   -0.7989515675E-31   -0.1587013011E-47
    0.7040000000E+00    0.7714698903E-23    0.5327007132E-24    0.2451546411E-07    0.7245357632E-08    0.1110940376E-45    0.5589575258E-31    0.1189703782E-47
    0.7040000000E+00    0.8266448809E-23    0.5707990981E-24    0.2508650263E-07    0.3673267971E-07    0.6035087010E-45    0.3036488164E-30    0.6925188943E-47
    0.7040000000E+00    0.8857659485E-23    0.6116222531E-24    0.2567084234E-07   -0.1298632555E-08   -0.2286215736E-46   -0.1150284497E-31   -0.2811028836E-48
    0.7040000000E+00    0.9491153137E-23    0.6553650517E-24    0.2626879307E-07   -0.9344002598E-07   -0.1762641027E-44   -0.8868535957E-30   -0.2322266009E-46
    0.7040000000E+00    0.1016995382E-22    0.7022363048E-24    0.2688067187E-07   -0.1801479705E-08   -0.3641332167E-46   -0.1832096540E-31   -0.5140535808E-48
    0.7040000000E+00    0.1089730185E-22    0.7524597575E-24    0.2750680315E-07    0.1954328248E-06    0.4232806673E-44    0.2129690482E-29    0.6402897127E-46
    0.7040000000E+00    0.1167666930E-22    0.8062751566E-24    0.2814751890E-07   -0.4305896136E-07   -0.9992967472E-45   -0.5027852523E-30   -0.1619729771E-46
    0.7040000000E+00    0.1251177658E-22    0.8639393956E-24    0.2880315884E-07   -0.3403063808E-06   -0.8462545490E-44   -0.4257837406E-29   -0.1469769082E-45
    0.7040000000E+00    0.1340661015E-22    0.9257277409E-24    0.2947407060E-07    0.2438376765E-06    0.6497282276E-44    0.3269036668E-29    0.1209149014E-45
    0.7040000000E+00    0.1436544159E-22    0.9919351458E-24    0.3016060990E-07    0.4814096158E-06    0.1374502976E-43    0.6915661717E-29    0.2740903691E-45
    0.7040000000E+00    0.1539284799E-22    0.1062877658E-23    0.3086314075E-07   -0.7832645878E-06   -0.2396290224E-43   -0.1205667274E-28   -0.5120206859E-45
    0.7040000000E+00    0.1649373379E-22    0.1138893930E-23    0.3158203565E-07   -0.2977658206E-06   -0.9761257491E-44   -0.4911270175E-29   -0.2234878205E-45
    0.7040000000E+00    0.1767335417E-22    0.1220346833E-23    0.3231767576E-07    0.2881546617E-05    0.1012177255E-42    0.5092659391E-28    0.2483159777E-44
    0.7040000000E+00    0.1893734018E-22    0.1307625190E-23    0.3307045113E-07   -0.4452507967E-05   -0.1675851873E-42   -0.8431865802E-28   -0.4405383493E-44
    0.7040000000E+00    0.2029172559E-22    0.1401145635E-23    0.3384076090E-07   -0.7454919995E-05   -0.3006587939E-42   -0.1512731908E-27   -0.8468802443E-44
    0.7040000000E+00    0.2174297571E-22    0.1501354598E-23    0.3462901348E-07    0.2229998132E-04    0.9636857190E-42    0.4848679522E-27    0.2908596748E-43
    0.7040000000E+00    0.2329801823E-22    0.1608730435E-23    0.3543562682E-07   -0.4006117094E-04   -0.1855045486E-41   -0.9333458908E-27   -0.5999328654E-43
    0.7040000000E+00    0.2496427630E-22    0.1723785718E-23    0.3626102861E-07   -0.7513320843E-03   -0.3727888025E-40   -0.1875646175E-25   -0.1291846610E-41
    0.7040000000E+00    0.2674970400E-22    0.1847069675E-23    0.3710565646E-07   -0.3437396922E-03   -0.1827513558E-40   -0.9194935020E-26   -0.6785919427E-42
    0.7040000000E+00    0.2866282424E-22    0.1979170815E-23    0.3796995823E-07    0.1201273448E-01    0.6843413807E-39    0.3443188970E-24    0.2722832293E-40
    0.7040000000E+00    0.3071276952E-22    0.2120719737E-23    0.3885439218E-07    0.1067742186E+00    0.6517744408E-38    0.3279331966E-23    0.2778724029E-39
    0.7040000000E+00    0.3290932546E-22    0.2272392139E-23    0.3975942724E-07    0.1730543710E+00    0.1131914171E-37    0.5695102619E-23    0.5170845816E-39
    0.7040000000E+00    0.3526297755E-22    0.2434912046E-23    0.4068554327E-07    0.6075801730E-01    0.4258282965E-38    0.2142508600E-23    0.2084407409E-39
    0.7040000000E+00    0.3778496121E-22    0.2609055264E-23    0.4163323131E-07   -0.3405373173E+01   -0.2557382178E-36   -0.1286718932E-21   -0.1341354978E-37
    0.7040000000E+00    0.4048731538E-22    0.2795653084E-23    0.4260299385E-07   -0.2650245931E+03   -0.2132637789E-34   -0.1073013429E-19   -0.1198574935E-35
    0.7040000000E+00    0.4338294005E-22    0.2995596250E-23    0.4359534505E-07   -0.1759200893E+05   -0.1516863009E-32   -0.7631930685E-18   -0.9134703422E-34
    0.7040000000E+00    0.4648565778E-22    0.3209839213E-23    0.4461081109E-07   -0.2954993478E+05   -0.2730155921E-32   -0.1373648156E-17   -0.1761714552E-33
    0.7040000000E+00    0.4981027973E-22    0.3439404683E-23    0.4564993037E-07    0.6177212982E+06    0.6115380715E-31    0.3076887066E-16    0.4228356443E-32
    0.7040000000E+00    0.5337267633E-22    0.3685388516E-23    0.4671325384E-07    0.3242815846E+08    0.3439958557E-29    0.1730777605E-14    0.2548597786E-30
    0.7040000000E+00    0.5718985306E-22    0.3948964943E-23    0.4780134531E-07    0.5566521162E+08    0.6327246997E-29    0.3183485273E-14    0.5022996544E-30
    0.7040000000E+00    0.6128003161E-22    0.4231392172E-23    0.4891478167E-07   -0.7105448916E+09   -0.8654110683E-28   -0.4354221342E-13   -0.7361571531E-29
    0.7040000000E+00    0.6566273690E-22    0.4534018400E-23    0.5005415331E-07   -0.3323704663E+11   -0.4337638454E-26   -0.2182435448E-11   -0.3953679322E-27
    0.7040000000E+00    0.7035889022E-22    0.4858288246E-23    0.5122006431E-07   -0.1175974734E+13   -0.1644481207E-24   -0.8274027719E-10   -0.1606116360E-25
    0.7040000000E+00    0.7539090917E-22    0.5205749646E-23    0.5241313287E-07   -0.3727913016E+14   -0.5585945501E-23   -0.2810507516E-08   -0.5845811203E-24
    0.7040000000E+00    0.8078281461E-22    0.5578061244E-23    0.5363399157E-07   -0.2390074278E+15   -0.3837446395E-22   -0.1930769273E-07   -0.4303188919E-23
    0.7040000000E+00    0.8656034539E-22    0.5977000309E-23    0.5488328773E-07    0.2698168874E+14    0.4641945656E-23    0.2335544296E-08    0.5577609984E-24
    0.7040000000E+00    0.9275108115E-22    0.6404471218E-23    0.5616168372E-07    0.9592869965E+16    0.1768395827E-20    0.8897490606E-06    0.2276814101E-21
    0.7040000000E+00    0.9938457404E-22    0.6862514550E-23    0.5746985739E-07    0.2156614197E+18    0.4259939034E-19    0.2143341833E-04    0.5876942949E-20
    0.7040000000E+00    0.1064924897E-21    0.7353316823E-23    0.5880850233E-07    0.4108462329E+19    0.8695813826E-18    0.4375203823E-03    0.1285459281E-18
    0.7040000000E+00    0.1141087586E-21    0.7879220933E-23    0.6017832832E-07    0.3382615742E+20    0.7671558295E-17    0.3859860831E-02    0.1215155007E-17
    0.7040000000E+00    0.1222697377E-21    0.8442737340E-23    0.6158006166E-07    0.3066889702E+20    0.7452964989E-17    0.3749877995E-02    0.1264961105E-17
    0.7040000000E+00    0.1310143844E-21    0.9046556049E-23    0.6301444556E-07   -0.2717594096E+21   -0.7076451170E-16   -0.3560439176E-01   -0.1286955722E-16
    0.7040000000E+00    0.1403844422E-21    0.9693559452E-23    0.6448224056E-07   -0.4680784399E+22   -0.1306019200E-14   -0.6571093068E+00   -0.2545057815E-15
    0.7040000000E+00    0.1504246400E-21    0.1038683609E-22    0.6598422489E-07   -0.5724411243E+23   -0.1711440283E-13   -0.8610925001E+01   -0.3573632103E-14
    0.7040000000E+00    0.1611829057E-21    0.1112969539E-22    0.6752119493E-07   -0.6216887210E+24   -0.1991608229E-12   -0.1002055945E+03   -0.4456069986E-13
    0.7040000000E+00    0.1727105951E-21    0.1192568347E-22    0.6909396560E-07   -0.6171445736E+25   -0.2118448148E-11   -0.1065874066E+04   -0.5078856352E-12
    0.7040000000E+00    0.1850627369E-21    0.1277860007E-22    0.7070337081E-07   -0.3767727191E+26   -0.1385831323E-10   -0.6972659058E+04   -0.3560069401E-11
    0.7040000000E+00    0.1982982953E-21    0.1369251667E-22    0.7235026388E-07   -0.4809510983E+26   -0.1895535161E-10   -0.9537178289E+04   -0.5217709980E-11
    0.7040000000E+00    0.2124804516E-21    0.1467179595E-22    0.7403551802E-07    0.1529620507E+26    0.6459733797E-11    0.3250144560E+04    0.1905297126E-11
    0.7040000000E+00    0.2276769058E-21    0.1572111260E-22    0.7576002677E-07    0.6519458838E+27    0.2950138950E-09    0.1484330216E+06    0.9323748764E-10
    0.7040000000E+00    0.2439602000E-21    0.1684547565E-22    0.7752470448E-07    0.5221208286E+28    0.2531639962E-08    0.1273767017E+07    0.8573339728E-09
    0.7040000000E+00    0.2614080640E-21    0.1805025236E-22    0.7933048683E-07    0.3396706360E+29    0.1764773315E-07    0.8879264333E+07    0.6403789081E-08
    0.7040000000E+00    0.2801037871E-21    0.1934119387E-22    0.8117833125E-07    0.1996561894E+30    0.1111510838E-06    0.5592445476E+08    0.4321771417E-07
    0.7040000000E+00    0.3001366153E-21    0.2072446262E-22    0.8306921749E-07    0.1085336218E+31    0.6474335781E-06    0.3257491389E+09    0.2697387314E-06
    0.7040000000E+00    0.3216021775E-21    0.2220666179E-22    0.8500414813E-07    0.5494078618E+31    0.3511767810E-05    0.1766907647E+10    0.1567739442E-05
    0.7040000000E+00    0.3446029418E-21    0.2379486681E-22    0.8698414910E-07    0.2596903970E+32    0.1778634918E-04    0.8949007477E+10    0.8508145440E-05
    0.7040000000E+00    0.3692487048E-21    0.2549665916E-22    0.8901027021E-07    0.1148125586E+33    0.8425977967E-04    0.4239438856E+11    0.4318852879E-04
    0.7040000000E+00    0.3956571157E-21    0.2732016250E-22    0.9108358575E-07    0.4756037890E+33    0.3740039851E-03    0.1881760234E+12    0.2054112951E-03
    0.7040000000E+00    0.4239542377E-21    0.2927408154E-22    0.9320519501E-07    0.1849716279E+34    0.1558604920E-02    0.7841950551E+12    0.9172424248E-03
    0.7040000000E+00    0.4542751502E-21    0.3136774352E-22    0.9537622289E-07    0.6768604320E+34    0.6111250006E-02    0.3074808744E+13    0.3853702119E-02
    0.7040000000E+00    0.4867645933E-21    0.3361114274E-22    0.9759782052E-07    0.2116935530E+35    0.2048040572E-01    0.1030449262E+14    0.1383842445E-01
    0.7040000000E+00    0.5215776589E-21    0.3601498832E-22    0.9987116580E-07    0.4457803071E+35    0.4621168485E-01    0.2325090489E+14    0.3345799362E-01
    0.7040000000E+00    0.5588805307E-21    0.3859075526E-22    0.1021974641E-06    0.7080095986E+35    0.7864481034E-01    0.3956927802E+14    0.6101240725E-01
    0.7040000000E+00    0.5988512779E-21    0.4135073927E-22    0.1045779488E-06    0.9115271541E+35    0.1084927043E+00    0.5458692011E+14    0.9018797288E-01
    0.7040000000E+00    0.6416807053E-21    0.4430811541E-22    0.1070138822E-06    0.9798292362E+35    0.1249629640E+00    0.6287375153E+14    0.1113087764E+00
    0.7040000000E+00    0.6875732635E-21    0.4747700104E-22    0.1095065557E-06    0.9743015245E+35    0.1331448295E+00    0.6699036789E+14    0.1270785928E+00
    0.7040000000E+00    0.7367480256E-21    0.5087252317E-22    0.1120572911E-06    0.9275342101E+35    0.1358191038E+00    0.6833589979E+14    0.1389021447E+00
    0.7040000000E+00    0.7894397325E-21    0.5451089068E-22    0.1146674407E-06    0.7648112489E+35    0.1200010900E+00    0.6037723877E+14    0.1315022797E+00
    0.7040000000E+00    0.8458999137E-21    0.5840947171E-22    0.1173383885E-06    0.5376443400E+35    0.9039116879E-01    0.4547933008E+14    0.1061387804E+00
    0.7040000000E+00    0.9063980879E-21    0.6258687655E-22    0.1200715507E-06    0.3341152136E+35    0.6019039247E-01    0.3028413907E+14    0.7573127457E-01
    0.7040000000E+00    0.9712230494E-21    0.6706304648E-22    0.1228683764E-06    0.1875830578E+35    0.3620966733E-01    0.1821849894E+14    0.4881717301E-01
    0.7040000000E+00    0.1040684247E-20    0.7185934897E-22    0.1257303485E-06    0.9628787143E+34    0.1991601800E-01    0.1002052710E+14    0.2877071143E-01
    0.7040000000E+00    0.1115113261E-20    0.7699867968E-22    0.1286589846E-06    0.4522339626E+34    0.1002291618E-01    0.5042920890E+13    0.1551465739E-01
    0.7040000000E+00    0.1194865387E-20    0.8250557175E-22    0.1316558373E-06    0.1925039552E+34    0.4571624810E-02    0.2300163130E+13    0.7582609174E-02
    0.7040000000E+00    0.1280321329E-20    0.8840631292E-22    0.1347224957E-06    0.7308372662E+33    0.1859737329E-02    0.9357065403E+12    0.3305214881E-02
    0.7040000000E+00    0.1371889021E-20    0.9472907100E-22    0.1378605858E-06    0.2429231003E+33    0.6623686042E-03    0.3332635343E+12    0.1261385487E-02
    0.7040000000E+00    0.1470005571E-20    0.1015040283E-21    0.1410717713E-06    0.6940600924E+32    0.2027813442E-03    0.1020272202E+12    0.4137862820E-03
    0.7040000000E+00    0.1575139348E-20    0.1087635259E-21    0.1443577550E-06    0.1675233848E+32    0.5244527453E-04    0.2638726751E+11    0.1146712256E-03
    0.7040000000E+00    0.1687792220E-20    0.1165422177E-21    0.1477202791E-06    0.3188694778E+31    0.1069655367E-04    0.5381854239E+10    0.2506062890E-04
    0.7040000000E+00    0.1808501947E-20    0.1248772362E-21    0.1511611264E-06    0.5151651786E+30    0.1851728983E-05    0.9316772285E+09    0.4648635721E-05
    0.7040000000E+00    0.1937844750E-20    0.1338083694E-21    0.1546821213E-06    0.1075894160E+30    0.4143816107E-06    0.2084915850E+09    0.1114675781E-05
    0.7040000000E+00    0.2076438060E-20    0.1433782510E-21    0.1582851308E-06    0.2365908892E+29    0.9764026298E-07    0.4912663270E+08    0.2814343034E-06
    0.7040000000E+00    0.2224943467E-20    0.1536325639E-21    0.1619720651E-06    0.5493384251E+28    0.2429242676E-07    0.1222246940E+08    0.7502724389E-07
    0.7040000000E+00    0.2384069878E-20    0.1646202581E-21    0.1657448792E-06    0.1117235219E+28    0.5293897660E-08    0.2663566832E+07    0.1751957766E-07
    0.7040000000E+00    0.2554576900E-20    0.1763937846E-21    0.1696055734E-06    0.2347327299E+27    0.1191803272E-08    0.5996428094E+06    0.4226225484E-08
    0.7040000000E+00    0.2737278465E-20    0.1890093455E-21    0.1735561947E-06    0.5559262597E+26    0.3024461864E-09    0.1521724979E+06    0.1149201552E-08
    0.7040000000E+00    0.2933046719E-20    0.2025271626E-21    0.1775988378E-06    0.1349564693E+26    0.7867280443E-10    0.3958336294E+05    0.3203116412E-09
    0.7040000000E+00    0.3142816182E-20    0.2170117645E-21    0.1817356462E-06    0.2558252415E+25    0.1597990954E-10    0.8040117087E+04    0.6971438614E-10
    0.7040000000E+00    0.3367588212E-20    0.2325322952E-21    0.1859688132E-06    0.5908304096E+24    0.3954519887E-11    0.1989673523E+04    0.1848595344E-10
    0.7040000000E+00    0.3608435782E-20    0.2491628434E-21    0.1903005833E-06    0.9914044373E+23    0.7110199431E-12    0.3577419245E+03    0.3561474780E-11
    0.7040000000E+00    0.3866508602E-20    0.2669827968E-21    0.1947332533E-06    0.4105821222E+23    0.3155229538E-12    0.1587519307E+03    0.1693476015E-11
