    0.7340000000E+00    0.4143038610E-23    0.2860772210E-24    0.1992691735E-07   -0.1405749891E-13   -0.1157547929E-51   -0.5824076074E-37   -0.5684585255E-54
    0.7340000000E+00    0.4439345853E-23    0.3065372650E-24    0.2039107488E-07   -0.2294649281E-13   -0.2024637331E-51   -0.1018674177E-36   -0.1065386139E-53
    0.7340000000E+00    0.4756844785E-23    0.3284605973E-24    0.2086604403E-07   -0.1375945993E-14   -0.1300865247E-52   -0.6545161519E-38   -0.7334864806E-55
    0.7340000000E+00    0.5097051019E-23    0.3519518710E-24    0.2135207663E-07    0.9870738020E-13    0.9999552141E-51    0.5031165528E-36    0.6041438393E-53
    0.7340000000E+00    0.5461588566E-23    0.3771232243E-24    0.2184943039E-07    0.1194999403E-12    0.1297175126E-50    0.6526595076E-36    0.8397662454E-53
    0.7340000000E+00    0.5852197586E-23    0.4040948153E-24    0.2235836900E-07   -0.3886498257E-13   -0.4520530473E-51   -0.2274455572E-36   -0.3135806118E-53
    0.7340000000E+00    0.6270742692E-23    0.4329953957E-24    0.2287916232E-07   -0.5362709913E-12   -0.6683673542E-50   -0.3362817399E-35   -0.4967925002E-52
    0.7340000000E+00    0.6719221852E-23    0.4639629256E-24    0.2341208647E-07   -0.4495081940E-12   -0.6003002672E-50   -0.3020345280E-35   -0.4781105628E-52
    0.7340000000E+00    0.7199775931E-23    0.4971452317E-24    0.2395742402E-07    0.1217969126E-11    0.1742878865E-49    0.8769104796E-35    0.1487397356E-51
    0.7340000000E+00    0.7714698903E-23    0.5327007132E-24    0.2451546411E-07    0.1989421870E-11    0.3050407161E-49    0.1534779072E-34    0.2789443785E-51
    0.7340000000E+00    0.8266448809E-23    0.5707990981E-24    0.2508650263E-07   -0.1812352835E-11   -0.2977650186E-49   -0.1498172194E-34   -0.2917651911E-51
    0.7340000000E+00    0.8857659485E-23    0.6116222531E-24    0.2567084234E-07   -0.6003603550E-11   -0.1056921980E-48   -0.5317787593E-34   -0.1109692706E-50
    0.7340000000E+00    0.9491153137E-23    0.6553650517E-24    0.2626879307E-07    0.2931806899E-11    0.5530524065E-49    0.2782622825E-34    0.6221943861E-51
    0.7340000000E+00    0.1016995382E-22    0.7022363048E-24    0.2688067187E-07    0.1384118914E-10    0.2797720514E-48    0.1407642543E-33    0.3372594514E-50
    0.7340000000E+00    0.1089730185E-22    0.7524597575E-24    0.2750680315E-07   -0.7852035559E-11   -0.1700643101E-48   -0.8556600159E-34   -0.2196711297E-50
    0.7340000000E+00    0.1167666930E-22    0.8062751566E-24    0.2814751890E-07   -0.2433707421E-10   -0.5648059852E-48   -0.2841759673E-33   -0.7817341637E-50
    0.7340000000E+00    0.1251177658E-22    0.8639393956E-24    0.2880315884E-07    0.2029341913E-10    0.5046452027E-48    0.2539067262E-33    0.7484209760E-50
    0.7340000000E+00    0.1340661015E-22    0.9257277409E-24    0.2947407060E-07    0.3528991449E-10    0.9403326806E-48    0.4731181257E-33    0.1494312164E-49
    0.7340000000E+00    0.1436544159E-22    0.9919351458E-24    0.3016060990E-07   -0.4057096407E-10   -0.1158367200E-47   -0.5828198146E-33   -0.1972450229E-49
    0.7340000000E+00    0.1539284799E-22    0.1062877658E-23    0.3086314075E-07   -0.5966319710E-10   -0.1825313415E-47   -0.9183865237E-33   -0.3330406515E-49
    0.7340000000E+00    0.1649373379E-22    0.1138893930E-23    0.3158203565E-07    0.7856667944E-10    0.2575546067E-47    0.1295857895E-32    0.5035343751E-49
    0.7340000000E+00    0.1767335417E-22    0.1220346833E-23    0.3231767576E-07    0.1159566015E-09    0.4073112471E-47    0.2049342087E-32    0.8532694650E-49
    0.7340000000E+00    0.1893734018E-22    0.1307625190E-23    0.3307045113E-07   -0.1281653476E-10   -0.4823936069E-48   -0.2427110786E-33   -0.1082832658E-49
    0.7340000000E+00    0.2029172559E-22    0.1401145635E-23    0.3384076090E-07    0.6081383277E-09    0.2452637134E-46    0.1234017607E-31    0.5899199743E-48
    0.7340000000E+00    0.2174297571E-22    0.1501354598E-23    0.3462901348E-07    0.5236897583E-08    0.2263106565E-45    0.1138657369E-30    0.5832635091E-47
    0.7340000000E+00    0.2329801823E-22    0.1608730435E-23    0.3543562682E-07    0.5891310241E-08    0.2727990274E-45    0.1372558534E-30    0.7533601075E-47
    0.7340000000E+00    0.2496427630E-22    0.1723785718E-23    0.3626102861E-07    0.5834719386E-09    0.2895015530E-46    0.1456595469E-31    0.8566643610E-48
    0.7340000000E+00    0.2674970400E-22    0.1847069675E-23    0.3710565646E-07   -0.2986428703E-07   -0.1587753486E-44   -0.7988608383E-30   -0.5034343872E-46
    0.7340000000E+00    0.2866282424E-22    0.1979170815E-23    0.3796995823E-07   -0.4492831020E-06   -0.2559475687E-43   -0.1287772259E-28   -0.8695825385E-45
    0.7340000000E+00    0.3071276952E-22    0.2120719737E-23    0.3885439218E-07   -0.8160073893E-05   -0.4981097187E-42   -0.2506184688E-27   -0.1813363280E-43
    0.7340000000E+00    0.3290932546E-22    0.2272392139E-23    0.3975942724E-07   -0.2625025965E-04   -0.1716977197E-41   -0.8638783382E-27   -0.6697679001E-43
    0.7340000000E+00    0.3526297755E-22    0.2434912046E-23    0.4068554327E-07    0.3755239098E-05    0.2631894751E-42    0.1324209120E-27    0.1100090261E-43
    0.7340000000E+00    0.3778496121E-22    0.2609055264E-23    0.4163323131E-07    0.1350875817E-02    0.1014486684E-39    0.5104279033E-25    0.4543663420E-41
    0.7340000000E+00    0.4048731538E-22    0.2795653084E-23    0.4260299385E-07    0.9692119177E-02    0.7799193036E-39    0.3924078858E-24    0.3742910750E-40
    0.7340000000E+00    0.4338294005E-22    0.2995596250E-23    0.4359534505E-07   -0.3800498233E-01   -0.3276962404E-38   -0.1648767870E-23   -0.1685121659E-39
    0.7340000000E+00    0.4648565778E-22    0.3209839213E-23    0.4461081109E-07   -0.5461480574E+01   -0.5045931112E-36   -0.2538805169E-21   -0.2780360558E-37
    0.7340000000E+00    0.4981027973E-22    0.3439404683E-23    0.4564993037E-07   -0.3634488143E+03   -0.3598107879E-34   -0.1810348711E-19   -0.2124388697E-35
    0.7340000000E+00    0.5337267633E-22    0.3685388516E-23    0.4671325384E-07   -0.4949528591E+03   -0.5250428652E-34   -0.2641695875E-19   -0.3321655307E-35
    0.7340000000E+00    0.5718985306E-22    0.3948964943E-23    0.4780134531E-07    0.1645077499E+05    0.1869895283E-32    0.9408174044E-18    0.1267584990E-33
    0.7340000000E+00    0.6128003161E-22    0.4231392172E-23    0.4891478167E-07    0.9502635190E+06    0.1157377355E-30    0.5823217849E-16    0.8406878728E-32
    0.7340000000E+00    0.6566273690E-22    0.4534018400E-23    0.5005415331E-07    0.1732638519E+07    0.2261199543E-30    0.1137697872E-15    0.1759943359E-31
    0.7340000000E+00    0.7035889022E-22    0.4858288246E-23    0.5122006431E-07   -0.2261939972E+08   -0.3163093278E-29   -0.1591475862E-14   -0.2637981837E-30
    0.7340000000E+00    0.7539090917E-22    0.5205749646E-23    0.5241313287E-07   -0.1152689667E+10   -0.1727202763E-27   -0.8690232201E-13   -0.1543487533E-28
    0.7340000000E+00    0.8078281461E-22    0.5578061244E-23    0.5363399157E-07   -0.4467984790E+11   -0.7173690075E-26   -0.3609363870E-11   -0.6869140696E-27
    0.7340000000E+00    0.8656034539E-22    0.5977000309E-23    0.5488328773E-07   -0.1552601412E+13   -0.2671104633E-24   -0.1343937145E-09   -0.2740631863E-25
    0.7340000000E+00    0.9275108115E-22    0.6404471218E-23    0.5616168372E-07   -0.1594378232E+14   -0.2939153582E-23   -0.1478803048E-08   -0.3231335725E-24
    0.7340000000E+00    0.9938457404E-22    0.6862514550E-23    0.5746985739E-07   -0.6959837056E+13   -0.1374769840E-23   -0.6917004412E-09   -0.1619532985E-24
    0.7340000000E+00    0.1064924897E-21    0.7353316823E-23    0.5880850233E-07    0.4825208027E+15    0.1021285029E-21    0.5138484162E-07    0.1289159838E-22
    0.7340000000E+00    0.1141087586E-21    0.7879220933E-23    0.6017832832E-07    0.1214789015E+17    0.2755064559E-20    0.1386180665E-05    0.3726418111E-21
    0.7340000000E+00    0.1222697377E-21    0.8442737340E-23    0.6158006166E-07    0.2531294513E+18    0.6151394805E-19    0.3095007162E-04    0.8915247481E-20
    0.7340000000E+00    0.1310143844E-21    0.9046556049E-23    0.6301444556E-07    0.3727483161E+19    0.9706141406E-18    0.4883539119E-03    0.1507323312E-18
    0.7340000000E+00    0.1403844422E-21    0.9693559452E-23    0.6448224056E-07    0.5765180204E+19    0.1608584244E-17    0.8093416070E-03    0.2676724121E-18
    0.7340000000E+00    0.1504246400E-21    0.1038683609E-22    0.6598422489E-07   -0.1563965644E+20   -0.4675823748E-17   -0.2352589689E-02   -0.8337156123E-18
    0.7340000000E+00    0.1611829057E-21    0.1112969539E-22    0.6752119493E-07   -0.3867826220E+21   -0.1239075806E-15   -0.6234274688E-01   -0.2367323879E-16
    0.7340000000E+00    0.1727105951E-21    0.1192568347E-22    0.6909396560E-07   -0.5274750897E+22   -0.1810643203E-14   -0.9110053666E+00   -0.3706744744E-15
    0.7340000000E+00    0.1850627369E-21    0.1277860007E-22    0.7070337081E-07   -0.6274839821E+23   -0.2307988114E-13   -0.1161239031E+02   -0.5062830290E-14
    0.7340000000E+00    0.1982982953E-21    0.1369251667E-22    0.7235026388E-07   -0.6812517040E+24   -0.2684964361E-12   -0.1350910515E+03   -0.6311002138E-13
    0.7340000000E+00    0.2124804516E-21    0.1467179595E-22    0.7403551802E-07   -0.6691709690E+25   -0.2825973047E-11   -0.1421857497E+04   -0.7117505595E-12
    0.7340000000E+00    0.2276769058E-21    0.1572111260E-22    0.7576002677E-07   -0.1780885270E+26   -0.8058734832E-11   -0.4054664480E+04   -0.2174836773E-11
    0.7340000000E+00    0.2439602000E-21    0.1684547565E-22    0.7752470448E-07   -0.1220875416E+26   -0.5919735096E-11   -0.2978450107E+04   -0.1711835682E-11
    0.7340000000E+00    0.2614080640E-21    0.1805025236E-22    0.7933048683E-07    0.8129339821E+26    0.4223633269E-10    0.2125074984E+05    0.1308717784E-10
    0.7340000000E+00    0.2801037871E-21    0.1934119387E-22    0.8117833125E-07    0.8652072142E+27    0.4816716171E-09    0.2423478173E+06    0.1599229741E-09
    0.7340000000E+00    0.3001366153E-21    0.2072446262E-22    0.8306921749E-07    0.6342233341E+28    0.3783320558E-08    0.1903536449E+07    0.1345962444E-08
    0.7340000000E+00    0.3216021775E-21    0.2220666179E-22    0.8500414813E-07    0.4098592144E+29    0.2619784855E-07    0.1318116158E+08    0.9986778762E-08
    0.7340000000E+00    0.3446029418E-21    0.2379486681E-22    0.8698414910E-07    0.2434316697E+30    0.1667277932E-06    0.8388726953E+08    0.6810324468E-07
    0.7340000000E+00    0.3692487048E-21    0.2549665916E-22    0.8901027021E-07    0.1343065027E+31    0.9856618879E-06    0.4959250217E+09    0.4314075746E-06
    0.7340000000E+00    0.3956571157E-21    0.2732016250E-22    0.9108358575E-07    0.6909108717E+31    0.5433165701E-05    0.2733638027E+10    0.2548078200E-05
    0.7340000000E+00    0.4239542377E-21    0.2927408154E-22    0.9320519501E-07    0.3320906253E+32    0.2798256619E-04    0.1407912279E+11    0.1406200803E-04
    0.7340000000E+00    0.4542751502E-21    0.3136774352E-22    0.9537622289E-07    0.1494063912E+33    0.1348963192E-03    0.6787161079E+11    0.7263733492E-04
    0.7340000000E+00    0.4867645933E-21    0.3361114274E-22    0.9759782052E-07    0.6302403511E+33    0.6097293900E-03    0.3067786882E+12    0.3518008878E-03
    0.7340000000E+00    0.5215776589E-21    0.3601498832E-22    0.9987116580E-07    0.2496390927E+34    0.2587876336E-02    0.1302061735E+13    0.1599938618E-02
    0.7340000000E+00    0.5588805307E-21    0.3859075526E-22    0.1021974641E-06    0.9292937712E+34    0.1032247762E-01    0.5193641960E+13    0.6838230756E-02
    0.7340000000E+00    0.5988512779E-21    0.4135073927E-22    0.1045779488E-06    0.2690752188E+35    0.3202614208E-01    0.1611360387E+14    0.2273340180E-01
    0.7340000000E+00    0.6416807053E-21    0.4430811541E-22    0.1070138822E-06    0.5126129643E+35    0.6537632584E-01    0.3289338485E+14    0.4972563197E-01
    0.7340000000E+00    0.6875732635E-21    0.4747700104E-22    0.1095065557E-06    0.7404990819E+35    0.1011941597E+00    0.5091473704E+14    0.8247365661E-01
    0.7340000000E+00    0.7367480256E-21    0.5087252317E-22    0.1120572911E-06    0.8624313176E+35    0.1262860684E+00    0.6353945704E+14    0.1102846945E+00
    0.7340000000E+00    0.7894397325E-21    0.5451089068E-22    0.1146674407E-06    0.8694811257E+35    0.1364240954E+00    0.6864029473E+14    0.1276588373E+00
    0.7340000000E+00    0.8458999137E-21    0.5840947171E-22    0.1173383885E-06    0.8471846558E+35    0.1424324698E+00    0.7166334272E+14    0.1428133501E+00
    0.7340000000E+00    0.9063980879E-21    0.6258687655E-22    0.1200715507E-06    0.7374512141E+35    0.1328508137E+00    0.6684243704E+14    0.1427328773E+00
    0.7340000000E+00    0.9712230494E-21    0.6706304648E-22    0.1228683764E-06    0.5332868985E+35    0.1029418190E+00    0.5179405278E+14    0.1185090837E+00
    0.7340000000E+00    0.1040684247E-20    0.7185934897E-22    0.1257303485E-06    0.3320517818E+35    0.6868102041E-01    0.3455610586E+14    0.8472206660E-01
    0.7340000000E+00    0.1115113261E-20    0.7699867968E-22    0.1286589846E-06    0.1823348472E+35    0.4041109342E-01    0.2033240062E+14    0.5341465200E-01
    0.7340000000E+00    0.1194865387E-20    0.8250557175E-22    0.1316558373E-06    0.8960949952E+34    0.2128065425E-01    0.1070712893E+14    0.3014010615E-01
    0.7340000000E+00    0.1280321329E-20    0.8840631292E-22    0.1347224957E-06    0.3957876584E+34    0.1007147715E-01    0.5067353809E+13    0.1528456114E-01
    0.7340000000E+00    0.1371889021E-20    0.9472907100E-22    0.1378605858E-06    0.1554833727E+34    0.4239502312E-02    0.2133059320E+13    0.6894053960E-02
    0.7340000000E+00    0.1470005571E-20    0.1015040283E-21    0.1410717713E-06    0.5275325364E+33    0.1541275144E-02    0.7754757675E+12    0.2685591640E-02
    0.7340000000E+00    0.1575139348E-20    0.1087635259E-21    0.1443577550E-06    0.1465094390E+33    0.4586659802E-03    0.2307727822E+12    0.8563599163E-03
    0.7340000000E+00    0.1687792220E-20    0.1165422177E-21    0.1477202791E-06    0.2570142152E+32    0.8621603939E-04    0.4337865928E+11    0.1724836247E-03
    0.7340000000E+00    0.1808501947E-20    0.1248772362E-21    0.1511611264E-06    0.1881251056E+31    0.6762039148E-05    0.3402246198E+10    0.1449564293E-04
    0.7340000000E+00    0.1937844750E-20    0.1338083694E-21    0.1546821213E-06    0.3740573814E+30    0.1440685394E-05    0.7248651328E+09    0.3309245257E-05
    0.7340000000E+00    0.2076438060E-20    0.1433782510E-21    0.1582851308E-06    0.7693674641E+29    0.3175153607E-06    0.1597543885E+09    0.7814920101E-06
    0.7340000000E+00    0.2224943467E-20    0.1536325639E-21    0.1619720651E-06    0.1832480306E+29    0.8103455279E-07    0.4077165085E+08    0.2137125575E-06
    0.7340000000E+00    0.2384069878E-20    0.1646202581E-21    0.1657448792E-06    0.3600943879E+28    0.1706268121E-07    0.8584901836E+07    0.4821776530E-07
    0.7340000000E+00    0.2554576900E-20    0.1763937846E-21    0.1696055734E-06    0.7018771815E+27    0.3563625413E-08    0.1792999234E+07    0.1079075542E-07
    0.7340000000E+00    0.2737278465E-20    0.1890093455E-21    0.1735561947E-06    0.1586200422E+27    0.8629566605E-09    0.4341872257E+06    0.2799940400E-08
    0.7340000000E+00    0.2933046719E-20    0.2025271626E-21    0.1775988378E-06    0.3893828571E+26    0.2269905365E-09    0.1142078111E+06    0.7891645228E-09
    0.7340000000E+00    0.3142816182E-20    0.2170117645E-21    0.1817356462E-06    0.8086560320E+25    0.5051202207E-10    0.2541457263E+05    0.1881718073E-09
    0.7340000000E+00    0.3367588212E-20    0.2325322952E-21    0.1859688132E-06    0.1795456709E+25    0.1201727119E-10    0.6046358848E+04    0.4796955215E-10
    0.7340000000E+00    0.3608435782E-20    0.2491628434E-21    0.1903005833E-06    0.2001610614E+24    0.1435524203E-11    0.7222683360E+03    0.6140027568E-11
    0.7340000000E+00    0.3866508602E-20    0.2669827968E-21    0.1947332533E-06    0.8967162372E+23    0.6891058831E-12    0.3467161044E+03    0.3158244580E-11
