    0.7580000000E+00    0.4143038610E-23    0.2860772210E-24    0.1992691735E-07    0.0000000000E+00    0.0000000000E+00    0.0000000000E+00    0.0000000000E+00
    0.7580000000E+00    0.4439345853E-23    0.3065372650E-24    0.2039107488E-07    0.0000000000E+00    0.0000000000E+00    0.0000000000E+00    0.0000000000E+00
    0.7580000000E+00    0.4756844785E-23    0.3284605973E-24    0.2086604403E-07    0.0000000000E+00    0.0000000000E+00    0.0000000000E+00    0.0000000000E+00
    0.7580000000E+00    0.5097051019E-23    0.3519518710E-24    0.2135207663E-07    0.1650554684E-15    0.1672094589E-53    0.8412961436E-39    0.9192604473E-56
    0.7580000000E+00    0.5461588566E-23    0.3771232243E-24    0.2184943039E-07    0.2511733537E-15    0.2726493636E-53    0.1371805517E-38    0.1606135648E-55
    0.7580000000E+00    0.5852197586E-23    0.4040948153E-24    0.2235836900E-07    0.0000000000E+00    0.0000000000E+00    0.0000000000E+00    0.0000000000E+00
    0.7580000000E+00    0.6270742692E-23    0.4329953957E-24    0.2287916232E-07   -0.6150508084E-15   -0.7665525233E-53   -0.3856825362E-38   -0.5184652466E-55
    0.7580000000E+00    0.6719221852E-23    0.4639629256E-24    0.2341208647E-07   -0.1095137371E-14   -0.1462512286E-52   -0.7358470955E-38   -0.1059930175E-54
    0.7580000000E+00    0.7199775931E-23    0.4971452317E-24    0.2395742402E-07    0.1371317243E-14    0.1962315619E-52    0.9873176877E-38    0.1523865348E-54
    0.7580000000E+00    0.7714698903E-23    0.5327007132E-24    0.2451546411E-07    0.7115233379E-14    0.1090988250E-51    0.5489188315E-37    0.9078159445E-54
    0.7580000000E+00    0.8266448809E-23    0.5707990981E-24    0.2508650263E-07    0.2030764332E-15    0.3336494789E-53    0.1678720939E-38    0.2974871313E-55
    0.7580000000E+00    0.8857659485E-23    0.6116222531E-24    0.2567084234E-07   -0.2276428436E-13   -0.4007605148E-51   -0.2016382792E-36   -0.3828799801E-53
    0.7580000000E+00    0.9491153137E-23    0.6553650517E-24    0.2626879307E-07   -0.7992539360E-14   -0.1507702683E-51   -0.7585841502E-37   -0.1543453111E-53
    0.7580000000E+00    0.1016995382E-22    0.7022363048E-24    0.2688067187E-07    0.5076627617E-13    0.1026139090E-50    0.5162906840E-36    0.1125599690E-52
    0.7580000000E+00    0.1089730185E-22    0.7524597575E-24    0.2750680315E-07    0.1132464016E-13    0.2452761582E-51    0.1234080221E-36    0.2882923166E-53
    0.7580000000E+00    0.1167666930E-22    0.8062751566E-24    0.2814751890E-07   -0.9913576461E-13   -0.2300706844E-50   -0.1157575539E-35   -0.2897603899E-52
    0.7580000000E+00    0.1251177658E-22    0.8639393956E-24    0.2880315884E-07    0.1639256376E-13    0.4076409503E-51    0.2051000953E-36    0.5501175982E-53
    0.7580000000E+00    0.1340661015E-22    0.9257277409E-24    0.2947407060E-07    0.1551684937E-12    0.4134609214E-50    0.2080283502E-35    0.5978774878E-52
    0.7580000000E+00    0.1436544159E-22    0.9919351458E-24    0.3016060990E-07   -0.1305741313E-12   -0.3728104431E-50   -0.1875755057E-35   -0.5776513625E-52
    0.7580000000E+00    0.1539284799E-22    0.1062877658E-23    0.3086314075E-07   -0.1715866394E-12   -0.5249457118E-50   -0.2641207058E-35   -0.8715496348E-52
    0.7580000000E+00    0.1649373379E-22    0.1138893930E-23    0.3158203565E-07    0.4150087045E-12    0.1360467369E-49    0.6845043092E-35    0.2420281397E-51
    0.7580000000E+00    0.1767335417E-22    0.1220346833E-23    0.3231767576E-07    0.2341291632E-12    0.8224063156E-50    0.4137847622E-35    0.1567704373E-51
    0.7580000000E+00    0.1893734018E-22    0.1307625190E-23    0.3307045113E-07   -0.1985839675E-11   -0.7474378851E-49   -0.3760652146E-34   -0.1526696957E-50
    0.7580000000E+00    0.2029172559E-22    0.1401145635E-23    0.3384076090E-07   -0.2650740611E-11   -0.1069050339E-48   -0.5378810110E-34   -0.2339784656E-50
    0.7580000000E+00    0.2174297571E-22    0.1501354598E-23    0.3462901348E-07   -0.3062685855E-12   -0.1323528741E-49   -0.6659190415E-35   -0.3103924218E-51
    0.7580000000E+00    0.2329801823E-22    0.1608730435E-23    0.3543562682E-07    0.1479900187E-10    0.6852725712E-48    0.3447874153E-33    0.1722031462E-49
    0.7580000000E+00    0.2496427630E-22    0.1723785718E-23    0.3626102861E-07    0.1099746453E-09    0.5456617277E-47    0.2745437431E-32    0.1469268699E-48
    0.7580000000E+00    0.2674970400E-22    0.1847069675E-23    0.3710565646E-07    0.8307036941E-09    0.4416488111E-46    0.2222107793E-31    0.1274250458E-47
    0.7580000000E+00    0.2866282424E-22    0.1979170815E-23    0.3796995823E-07    0.1993096829E-08    0.1135427274E-45    0.5712778411E-31    0.3510241973E-47
    0.7580000000E+00    0.3071276952E-22    0.2120719737E-23    0.3885439218E-07    0.9106922432E-09    0.5559075359E-46    0.2796988097E-31    0.1841536343E-47
    0.7580000000E+00    0.3290932546E-22    0.2272392139E-23    0.3975942724E-07   -0.3069945381E-07   -0.2007990125E-44   -0.1010298317E-29   -0.7127534129E-46
    0.7580000000E+00    0.3526297755E-22    0.2434912046E-23    0.4068554327E-07   -0.9471670777E-06   -0.6638309825E-43   -0.3339993140E-28   -0.2524848075E-44
    0.7580000000E+00    0.3778496121E-22    0.2609055264E-23    0.4163323131E-07   -0.3417459212E-05   -0.2566458605E-42   -0.1291285638E-27   -0.1045952583E-43
    0.7580000000E+00    0.4048731538E-22    0.2795653084E-23    0.4260299385E-07    0.2517435463E-04    0.2025765962E-41    0.1019242035E-26    0.8846408756E-43
    0.7580000000E+00    0.4338294005E-22    0.2995596250E-23    0.4359534505E-07    0.5676771734E-03    0.4894770740E-40    0.2462750478E-25    0.2290393424E-41
    0.7580000000E+00    0.4648565778E-22    0.3209839213E-23    0.4461081109E-07   -0.9984570216E-03   -0.9224870950E-40   -0.4641393141E-25   -0.4625280038E-41
    0.7580000000E+00    0.4981027973E-22    0.3439404683E-23    0.4564993037E-07   -0.2257159392E+00   -0.2234565824E-37   -0.1124297407E-22   -0.1200524106E-38
    0.7580000000E+00    0.5337267633E-22    0.3685388516E-23    0.4671325384E-07   -0.2148703904E+02   -0.2279331523E-35   -0.1146820780E-20   -0.1312155272E-36
    0.7580000000E+00    0.5718985306E-22    0.3948964943E-23    0.4780134531E-07   -0.5220997568E+02   -0.5934503835E-35   -0.2985880837E-20   -0.3660683213E-36
    0.7580000000E+00    0.6128003161E-22    0.4231392172E-23    0.4891478167E-07    0.7873282818E+03    0.9589297136E-34    0.4824750200E-19    0.6338179127E-35
    0.7580000000E+00    0.6566273690E-22    0.4534018400E-23    0.5005415331E-07    0.6072466646E+05    0.7924941444E-32    0.3987347797E-17    0.5612725397E-33
    0.7580000000E+00    0.7035889022E-22    0.4858288246E-23    0.5122006431E-07    0.2353447687E+06    0.3291057521E-31    0.1655859674E-16    0.2497544332E-32
    0.7580000000E+00    0.7539090917E-22    0.5205749646E-23    0.5241313287E-07   -0.1185158612E+07   -0.1775854583E-30   -0.8935018524E-16   -0.1444059651E-31
    0.7580000000E+00    0.8078281461E-22    0.5578061244E-23    0.5363399157E-07   -0.7564684157E+08   -0.1214567690E-28   -0.6110964779E-14   -0.1058277242E-29
    0.7580000000E+00    0.8656034539E-22    0.5977000309E-23    0.5488328773E-07   -0.3175591842E+10   -0.5463306948E-27   -0.2748803266E-12   -0.5100741732E-28
    0.7580000000E+00    0.9275108115E-22    0.6404471218E-23    0.5616168372E-07   -0.1188807084E+12   -0.2191504205E-25   -0.1102631423E-10   -0.2192401250E-26
    0.7580000000E+00    0.9938457404E-22    0.6862514550E-23    0.5746985739E-07   -0.2536728437E+13   -0.5010774992E-24   -0.2521116751E-09   -0.5371339883E-25
    0.7580000000E+00    0.1064924897E-21    0.7353316823E-23    0.5880850233E-07   -0.2849245883E+13   -0.6030604582E-24   -0.3034232879E-09   -0.6926894708E-25
    0.7580000000E+00    0.1141087586E-21    0.7879220933E-23    0.6017832832E-07    0.4029647248E+14    0.9138984776E-23    0.4598180450E-08    0.1124800982E-23
    0.7580000000E+00    0.1222697377E-21    0.8442737340E-23    0.6158006166E-07    0.1198339543E+16    0.2912130375E-21    0.1465206616E-06    0.3840506877E-22
    0.7580000000E+00    0.1310143844E-21    0.9046556049E-23    0.6301444556E-07    0.2697044677E+17    0.7022941723E-20    0.3533516482E-05    0.9924229469E-21
    0.7580000000E+00    0.1403844422E-21    0.9693559452E-23    0.6448224056E-07    0.5453186499E+18    0.1521532645E-18    0.7655425448E-04    0.2303875506E-19
    0.7580000000E+00    0.1504246400E-21    0.1038683609E-22    0.6598422489E-07    0.1958491776E+19    0.5855347524E-18    0.2946054203E-03    0.9500148831E-19
    0.7580000000E+00    0.1611829057E-21    0.1112969539E-22    0.6752119493E-07   -0.2597338759E+18   -0.8320693414E-19   -0.4186466082E-04   -0.1446562668E-19
    0.7580000000E+00    0.1727105951E-21    0.1192568347E-22    0.6909396560E-07   -0.5042551307E+20   -0.1730936953E-16   -0.8709020372E-02   -0.3224474766E-17
    0.7580000000E+00    0.1850627369E-21    0.1277860007E-22    0.7070337081E-07   -0.7762543680E+21   -0.2855189783E-15   -0.1436557579E+00   -0.5699184462E-16
    0.7580000000E+00    0.1982982953E-21    0.1369251667E-22    0.7235026388E-07   -0.9956759244E+22   -0.3924180089E-14   -0.1974408384E+01   -0.8393182427E-15
    0.7580000000E+00    0.2124804516E-21    0.1467179595E-22    0.7403551802E-07   -0.1158958915E+24   -0.4894394420E-13   -0.2462561136E+02   -0.1121699942E-13
    0.7580000000E+00    0.2276769058E-21    0.1572111260E-22    0.7576002677E-07   -0.1240884811E+25   -0.5615163319E-12   -0.2825208142E+03   -0.1378923348E-12
    0.7580000000E+00    0.2439602000E-21    0.1684547565E-22    0.7752470448E-07   -0.7672483469E+25   -0.3720205113E-11   -0.1871780601E+04   -0.9789141769E-12
    0.7580000000E+00    0.2614080640E-21    0.1805025236E-22    0.7933048683E-07   -0.9035831299E+25   -0.4694604793E-11   -0.2362039166E+04   -0.1323660993E-11
    0.7580000000E+00    0.2801037871E-21    0.1934119387E-22    0.8117833125E-07    0.8480033846E+25    0.4720940312E-11    0.2375289595E+04    0.1426284762E-11
    0.7580000000E+00    0.3001366153E-21    0.2072446262E-22    0.8306921749E-07    0.1902163917E+27    0.1134694273E-09    0.5709090399E+05    0.3673301667E-10
    0.7580000000E+00    0.3216021775E-21    0.2220666179E-22    0.8500414813E-07    0.1585182526E+28    0.1013235040E-08    0.5097981521E+06    0.3514697343E-09
    0.7580000000E+00    0.3446029418E-21    0.2379486681E-22    0.8698414910E-07    0.1107157649E+29    0.7582988352E-08    0.3815297831E+07    0.2818500536E-08
    0.7580000000E+00    0.3692487048E-21    0.2549665916E-22    0.8901027021E-07    0.7034074867E+29    0.5162236656E-07    0.2597323034E+08    0.2055964650E-07
    0.7580000000E+00    0.3956571157E-21    0.2732016250E-22    0.9108358575E-07    0.4138490738E+30    0.3254414839E-06    0.1637423309E+09    0.1388834974E-06
    0.7580000000E+00    0.4239542377E-21    0.2927408154E-22    0.9320519501E-07    0.2267107316E+31    0.1910306275E-05    0.9611497539E+09    0.8735358540E-06
    0.7580000000E+00    0.4542751502E-21    0.3136774352E-22    0.9537622289E-07    0.1159266649E+32    0.1046680820E-04    0.5266260312E+10    0.5128519352E-05
    0.7580000000E+00    0.4867645933E-21    0.3361114274E-22    0.9759782052E-07    0.5543113890E+32    0.5362715106E-04    0.2698191579E+11    0.2815544907E-04
    0.7580000000E+00    0.5215776589E-21    0.3601498832E-22    0.9987116580E-07    0.2482320108E+33    0.2573289863E-03    0.1294722711E+12    0.1447659558E-03
    0.7580000000E+00    0.5588805307E-21    0.3859075526E-22    0.1021974641E-06    0.1042387428E+34    0.1157870765E-02    0.5825700388E+12    0.6979717120E-03
    0.7580000000E+00    0.5988512779E-21    0.4135073927E-22    0.1045779488E-06    0.4107066183E+34    0.4888353736E-02    0.2459521832E+13    0.3157478181E-02
    0.7580000000E+00    0.6416807053E-21    0.4430811541E-22    0.1070138822E-06    0.1480432683E+35    0.1888076506E-01    0.9499650883E+13    0.1306764480E-01
    0.7580000000E+00    0.6875732635E-21    0.4747700104E-22    0.1095065557E-06    0.3580445762E+35    0.4892918965E-01    0.2461818777E+14    0.3628655644E-01
    0.7580000000E+00    0.7367480256E-21    0.5087252317E-22    0.1120572911E-06    0.5965631575E+35    0.8735491644E-01    0.4395167284E+14    0.6941687927E-01
    0.7580000000E+00    0.7894397325E-21    0.5451089068E-22    0.1146674407E-06    0.7702886306E+35    0.1208605070E+00    0.6080964505E+14    0.1029110820E+00
    0.7580000000E+00    0.8458999137E-21    0.5840947171E-22    0.1173383885E-06    0.8123855092E+35    0.1365818818E+00    0.6871968321E+14    0.1246151443E+00
    0.7580000000E+00    0.9063980879E-21    0.6258687655E-22    0.1200715507E-06    0.8030614214E+35    0.1446704016E+00    0.7278933368E+14    0.1414351710E+00
    0.7580000000E+00    0.9712230494E-21    0.6706304648E-22    0.1228683764E-06    0.7419231853E+35    0.1432154484E+00    0.7205728985E+14    0.1500263695E+00
    0.7580000000E+00    0.1040684247E-20    0.7185934897E-22    0.1257303485E-06    0.5699310254E+35    0.1178835547E+00    0.5931182400E+14    0.1323216647E+00
    0.7580000000E+00    0.1115113261E-20    0.7699867968E-22    0.1286589846E-06    0.3685435583E+35    0.8168075597E-01    0.4109678093E+14    0.9824206474E-01
    0.7580000000E+00    0.1194865387E-20    0.8250557175E-22    0.1316558373E-06    0.2058582157E+35    0.4888764623E-01    0.2459728565E+14    0.6300526765E-01
    0.7580000000E+00    0.1280321329E-20    0.8840631292E-22    0.1347224957E-06    0.1009899641E+35    0.2569858088E-01    0.1292996051E+14    0.3548843717E-01
    0.7580000000E+00    0.1371889021E-20    0.9472907100E-22    0.1378605858E-06    0.4381661037E+34    0.1194729815E-01    0.6011152673E+13    0.1767858229E-01
    0.7580000000E+00    0.1470005571E-20    0.1015040283E-21    0.1410717713E-06    0.1667185328E+34    0.4870962697E-02    0.2450771721E+13    0.7723115619E-02
    0.7580000000E+00    0.1575139348E-20    0.1087635259E-21    0.1443577550E-06    0.5385304851E+33    0.1685936514E-02    0.8482605573E+12    0.2864302946E-02
    0.7580000000E+00    0.1687792220E-20    0.1165422177E-21    0.1477202791E-06    0.1332212870E+33    0.4468940258E-03    0.2248498518E+12    0.8135463141E-03
    0.7580000000E+00    0.1808501947E-20    0.1248772362E-21    0.1511611264E-06    0.8694851124E+31    0.3125309803E-04    0.1572465519E+11    0.6096362838E-04
    0.7580000000E+00    0.1937844750E-20    0.1338083694E-21    0.1546821213E-06    0.8272875167E+30    0.3186305366E-05    0.1603154771E+10    0.6659860431E-05
    0.7580000000E+00    0.2076438060E-20    0.1433782510E-21    0.1582851308E-06    0.1599981790E+30    0.6603070950E-06    0.3322263085E+09    0.1478848539E-05
    0.7580000000E+00    0.2224943467E-20    0.1536325639E-21    0.1619720651E-06    0.3870471842E+29    0.1711570672E-06    0.8611581042E+08    0.4107452682E-06
    0.7580000000E+00    0.2384069878E-20    0.1646202581E-21    0.1657448792E-06    0.7848152419E+28    0.3718761729E-07    0.1871054378E+08    0.9562602111E-07
    0.7580000000E+00    0.2554576900E-20    0.1763937846E-21    0.1696055734E-06    0.1405933938E+28    0.7138317133E-08    0.3591566360E+07    0.1966860557E-07
    0.7580000000E+00    0.2737278465E-20    0.1890093455E-21    0.1735561947E-06    0.3052920461E+27    0.1660911199E-08    0.8356693431E+06    0.4903702861E-08
    0.7580000000E+00    0.2933046719E-20    0.2025271626E-21    0.1775988378E-06    0.7502176995E+26    0.4373390225E-09    0.2200423562E+06    0.1383553517E-08
    0.7580000000E+00    0.3142816182E-20    0.2170117645E-21    0.1817356462E-06    0.1618690618E+26    0.1011101544E-09    0.5087247068E+05    0.3427460878E-09
    0.7580000000E+00    0.3367588212E-20    0.2325322952E-21    0.1859688132E-06    0.3652761973E+25    0.2444850439E-10    0.1230099816E+05    0.8880348912E-10
    0.7580000000E+00    0.3608435782E-20    0.2491628434E-21    0.1903005833E-06    0.3588215843E+24    0.2573412957E-11    0.1294784644E+04    0.1001583626E-10
    0.7580000000E+00    0.3866508602E-20    0.2669827968E-21    0.1947332533E-06    0.1469866153E+24    0.1129558461E-11    0.5683250122E+03    0.4710710835E-11
