    0.7870000000E+00    0.4143038610E-23    0.2860772210E-24    0.1992691735E-07    0.0000000000E+00    0.0000000000E+00    0.0000000000E+00    0.0000000000E+00
    0.7870000000E+00    0.4439345853E-23    0.3065372650E-24    0.2039107488E-07    0.0000000000E+00    0.0000000000E+00    0.0000000000E+00    0.0000000000E+00
    0.7870000000E+00    0.4756844785E-23    0.3284605973E-24    0.2086604403E-07    0.0000000000E+00    0.0000000000E+00    0.0000000000E+00    0.0000000000E+00
    0.7870000000E+00    0.5097051019E-23    0.3519518710E-24    0.2135207663E-07    0.0000000000E+00    0.0000000000E+00    0.0000000000E+00    0.0000000000E+00
    0.7870000000E+00    0.5461588566E-23    0.3771232243E-24    0.2184943039E-07    0.0000000000E+00    0.0000000000E+00    0.0000000000E+00    0.0000000000E+00
    0.7870000000E+00    0.5852197586E-23    0.4040948153E-24    0.2235836900E-07    0.0000000000E+00    0.0000000000E+00    0.0000000000E+00    0.0000000000E+00
    0.7870000000E+00    0.6270742692E-23    0.4329953957E-24    0.2287916232E-07    0.0000000000E+00    0.0000000000E+00    0.0000000000E+00    0.0000000000E+00
    0.7870000000E+00    0.6719221852E-23    0.4639629256E-24    0.2341208647E-07    0.0000000000E+00    0.0000000000E+00    0.0000000000E+00    0.0000000000E+00
    0.7870000000E+00    0.7199775931E-23    0.4971452317E-24    0.2395742402E-07    0.0000000000E+00    0.0000000000E+00    0.0000000000E+00    0.0000000000E+00
    0.7870000000E+00    0.7714698903E-23    0.5327007132E-24    0.2451546411E-07    0.0000000000E+00    0.0000000000E+00    0.0000000000E+00    0.0000000000E+00
    0.7870000000E+00    0.8266448809E-23    0.5707990981E-24    0.2508650263E-07    0.0000000000E+00    0.0000000000E+00    0.0000000000E+00    0.0000000000E+00
    0.7870000000E+00    0.8857659485E-23    0.6116222531E-24    0.2567084234E-07    0.0000000000E+00    0.0000000000E+00    0.0000000000E+00    0.0000000000E+00
    0.7870000000E+00    0.9491153137E-23    0.6553650517E-24    0.2626879307E-07    0.0000000000E+00    0.0000000000E+00    0.0000000000E+00    0.0000000000E+00
    0.7870000000E+00    0.1016995382E-22    0.7022363048E-24    0.2688067187E-07    0.1199986937E-15    0.2425534422E-53    0.1220381173E-38    0.2433305678E-55
    0.7870000000E+00    0.1089730185E-22    0.7524597575E-24    0.2750680315E-07    0.0000000000E+00    0.0000000000E+00    0.0000000000E+00    0.0000000000E+00
    0.7870000000E+00    0.1167666930E-22    0.8062751566E-24    0.2814751890E-07   -0.1066788927E-15   -0.2475765024E-53   -0.1245654152E-38   -0.2851665953E-55
    0.7870000000E+00    0.1251177658E-22    0.8639393956E-24    0.2880315884E-07   -0.2294142992E-15   -0.5704944287E-53   -0.2870380456E-38   -0.7041101986E-55
    0.7870000000E+00    0.1340661015E-22    0.9257277409E-24    0.2947407060E-07   -0.1807334525E-15   -0.4815811380E-53   -0.2423022938E-38   -0.6368815912E-55
    0.7870000000E+00    0.1436544159E-22    0.9919351458E-24    0.3016060990E-07   -0.3472050551E-15   -0.9913270653E-53   -0.4987753939E-38   -0.1404773127E-54
    0.7870000000E+00    0.1539284799E-22    0.1062877658E-23    0.3086314075E-07   -0.6353896657E-15   -0.1943887248E-52   -0.9780456541E-38   -0.2951619006E-54
    0.7870000000E+00    0.1649373379E-22    0.1138893930E-23    0.3158203565E-07   -0.5710999057E-15   -0.1872160217E-52   -0.9419569811E-38   -0.3046016417E-54
    0.7870000000E+00    0.1767335417E-22    0.1220346833E-23    0.3231767576E-07   -0.4085510500E-15   -0.1435083777E-52   -0.7220467403E-38   -0.2501880039E-54
    0.7870000000E+00    0.1893734018E-22    0.1307625190E-23    0.3307045113E-07    0.1777622179E-14    0.6690681925E-52    0.3366343591E-37    0.1249854941E-53
    0.7870000000E+00    0.2029172559E-22    0.1401145635E-23    0.3384076090E-07    0.1582627428E-13    0.6382776127E-51    0.3211424149E-36    0.1277611579E-52
    0.7870000000E+00    0.2174297571E-22    0.1501354598E-23    0.3462901348E-07    0.9450949890E-14    0.4084194201E-51    0.2054917739E-36    0.8759828662E-53
    0.7870000000E+00    0.2329801823E-22    0.1608730435E-23    0.3543562682E-07   -0.1381616492E-12   -0.6397619879E-50   -0.3218892621E-35   -0.1470305764E-51
    0.7870000000E+00    0.2496427630E-22    0.1723785718E-23    0.3626102861E-07   -0.6389470705E-12   -0.3170266760E-49   -0.1595085121E-34   -0.7807015372E-51
    0.7870000000E+00    0.2674970400E-22    0.1847069675E-23    0.3710565646E-07   -0.5861758795E-12   -0.3116440701E-49   -0.1568003127E-34   -0.8223337123E-51
    0.7870000000E+00    0.2866282424E-22    0.1979170815E-23    0.3796995823E-07    0.1953230100E-11    0.1112715998E-48    0.5598509107E-34    0.3146107511E-50
    0.7870000000E+00    0.3071276952E-22    0.2120719737E-23    0.3885439218E-07    0.3892994426E-10    0.2376373528E-47    0.1195646406E-32    0.7199526476E-49
    0.7870000000E+00    0.3290932546E-22    0.2272392139E-23    0.3975942724E-07    0.3391014575E-09    0.2217995090E-46    0.1115960023E-31    0.7200287002E-48
    0.7870000000E+00    0.3526297755E-22    0.2434912046E-23    0.4068554327E-07    0.2608541775E-09    0.1828221113E-46    0.9198495006E-32    0.6359426430E-48
    0.7870000000E+00    0.3778496121E-22    0.2609055264E-23    0.4163323131E-07   -0.1792933255E-07   -0.1346464931E-44   -0.6774591349E-30   -0.5018619546E-46
    0.7870000000E+00    0.4048731538E-22    0.2795653084E-23    0.4260299385E-07   -0.2326838429E-06   -0.1872393616E-43   -0.9420744131E-29   -0.7478015810E-45
    0.7870000000E+00    0.4338294005E-22    0.2995596250E-23    0.4359534505E-07    0.1049441733E-05    0.9048763854E-43    0.4552786778E-28    0.3872384578E-44
    0.7870000000E+00    0.4648565778E-22    0.3209839213E-23    0.4461081109E-07    0.3525818567E-04    0.3257548454E-41    0.1638999953E-26    0.1493757544E-42
    0.7870000000E+00    0.4981027973E-22    0.3439404683E-23    0.4564993037E-07   -0.5318907309E-04   -0.5265666455E-41   -0.2649362609E-26   -0.2587274888E-42
    0.7870000000E+00    0.5337267633E-22    0.3685388516E-23    0.4671325384E-07   -0.1430061424E-01   -0.1517000122E-38   -0.7632620553E-24   -0.7986837402E-40
    0.7870000000E+00    0.5718985306E-22    0.3948964943E-23    0.4780134531E-07   -0.1540811465E+01   -0.1751380159E-36   -0.8811878129E-22   -0.9880289106E-38
    0.7870000000E+00    0.6128003161E-22    0.4231392172E-23    0.4891478167E-07   -0.5290214205E+01   -0.6443238113E-36   -0.3241844937E-21   -0.3894873963E-37
    0.7870000000E+00    0.6566273690E-22    0.4534018400E-23    0.5005415331E-07    0.5665080566E+02    0.7393277621E-35    0.3719846947E-20    0.4788794953E-36
    0.7870000000E+00    0.7035889022E-22    0.4858288246E-23    0.5122006431E-07    0.4848144891E+04    0.6779638144E-33    0.3411100942E-18    0.4705391264E-34
    0.7870000000E+00    0.7539090917E-22    0.5205749646E-23    0.5241313287E-07    0.3048531792E+05    0.4567953269E-32    0.2298315834E-17    0.3397119933E-33
    0.7870000000E+00    0.8078281461E-22    0.5578061244E-23    0.5363399157E-07   -0.8760368306E+05   -0.1406543892E-31   -0.7076872088E-17   -0.1120837148E-32
    0.7870000000E+00    0.8656034539E-22    0.5977000309E-23    0.5488328773E-07   -0.7040271133E+07   -0.1211212401E-29   -0.6094083009E-15   -0.1034211913E-30
    0.7870000000E+00    0.9275108115E-22    0.6404471218E-23    0.5616168372E-07   -0.3166725540E+09   -0.5837694298E-28   -0.2937172175E-13   -0.5341098361E-29
    0.7870000000E+00    0.9938457404E-22    0.6862514550E-23    0.5746985739E-07   -0.1265016800E+11   -0.2498775373E-26   -0.1257231558E-11   -0.2449719980E-27
    0.7870000000E+00    0.1064924897E-21    0.7353316823E-23    0.5880850233E-07   -0.3931608342E+12   -0.8321491460E-25   -0.4186867610E-10   -0.8741589313E-26
    0.7870000000E+00    0.1141087586E-21    0.7879220933E-23    0.6017832832E-07   -0.7262152222E+12   -0.1647010136E-24   -0.8286751748E-10   -0.1853896562E-25
    0.7870000000E+00    0.1222697377E-21    0.8442737340E-23    0.6158006166E-07    0.4434740887E+13    0.1077703203E-23    0.5422346051E-09    0.1299835522E-24
    0.7870000000E+00    0.1310143844E-21    0.9046556049E-23    0.6301444556E-07    0.1580043540E+15    0.4114338111E-22    0.2070084318E-07    0.5317276029E-23
    0.7870000000E+00    0.1403844422E-21    0.9693559452E-23    0.6448224056E-07    0.3807315086E+16    0.1062306267E-20    0.5344878045E-06    0.1471089077E-21
    0.7870000000E+00    0.1504246400E-21    0.1038683609E-22    0.6598422489E-07    0.8188905817E+17    0.2448255846E-19    0.1231813209E-04    0.3632837964E-20
    0.7870000000E+00    0.1611829057E-21    0.1112969539E-22    0.6752119493E-07    0.5848790048E+18    0.1873686621E-18    0.9427249747E-04    0.2979107557E-19
    0.7870000000E+00    0.1727105951E-21    0.1192568347E-22    0.6909396560E-07    0.3759854362E+18    0.1290630567E-18    0.6493666844E-04    0.2198827571E-19
    0.7870000000E+00    0.1850627369E-21    0.1277860007E-22    0.7070337081E-07   -0.8197771369E+19   -0.3015273604E-17   -0.1517102006E-02   -0.5504475628E-18
    0.7870000000E+00    0.1982982953E-21    0.1369251667E-22    0.7235026388E-07   -0.1443955742E+21   -0.5690950472E-16   -0.2863339621E-01   -0.1113202142E-16
    0.7870000000E+00    0.2124804516E-21    0.1467179595E-22    0.7403551802E-07   -0.1982229256E+22   -0.8371143861E-15   -0.4211849673E+00   -0.1754583467E-15
    0.7870000000E+00    0.2276769058E-21    0.1572111260E-22    0.7576002677E-07   -0.2452709580E+23   -0.1109882622E-13   -0.5584253281E+01   -0.2492678562E-14
    0.7870000000E+00    0.2439602000E-21    0.1684547565E-22    0.7752470448E-07   -0.2788934722E+24   -0.1352288246E-12   -0.6803890725E+02   -0.3254306851E-13
    0.7870000000E+00    0.2614080640E-21    0.1805025236E-22    0.7933048683E-07   -0.2630091990E+25   -0.1366475541E-11   -0.6875272551E+03   -0.3523636417E-12
    0.7870000000E+00    0.2801037871E-21    0.1934119387E-22    0.8117833125E-07   -0.5246690127E+25   -0.2920897649E-11   -0.1469617774E+04   -0.8070595231E-12
    0.7870000000E+00    0.3001366153E-21    0.2072446262E-22    0.8306921749E-07   -0.1519932979E+25   -0.9066827689E-12   -0.4561875399E+03   -0.2684383678E-12
    0.7870000000E+00    0.3216021775E-21    0.2220666179E-22    0.8500414813E-07    0.4801351214E+26    0.3068982410E-10    0.1544125006E+05    0.9736068629E-11
    0.7870000000E+00    0.3446029418E-21    0.2379486681E-22    0.8698414910E-07    0.4661944386E+27    0.3192993337E-09    0.1606519750E+06    0.1085393558E-09
    0.7870000000E+00    0.3692487048E-21    0.2549665916E-22    0.8901027021E-07    0.3503661313E+28    0.2571301728E-08    0.1293722402E+07    0.9365743702E-09
    0.7870000000E+00    0.3956571157E-21    0.2732016250E-22    0.9108358575E-07    0.2363342344E+29    0.1858478581E-07    0.9350732151E+07    0.7253486173E-08
    0.7870000000E+00    0.4239542377E-21    0.2927408154E-22    0.9320519501E-07    0.1471213733E+30    0.1239671720E-06    0.6237272964E+08    0.5184369193E-07
    0.7870000000E+00    0.4542751502E-21    0.3136774352E-22    0.9537622289E-07    0.8515989493E+30    0.7688932368E-06    0.3868602406E+09    0.3445523911E-06
    0.7870000000E+00    0.4867645933E-21    0.3361114274E-22    0.9759782052E-07    0.4597267461E+31    0.4447650932E-05    0.2237787026E+10    0.2135600049E-05
    0.7870000000E+00    0.5215776589E-21    0.3601498832E-22    0.9987116580E-07    0.2318813206E+32    0.2403790912E-04    0.1209441163E+11    0.1236761383E-04
    0.7870000000E+00    0.5588805307E-21    0.3859075526E-22    0.1021974641E-06    0.1094327132E+33    0.1215564732E-03    0.6115981284E+11    0.6701427419E-04
    0.7870000000E+00    0.5988512779E-21    0.4135073927E-22    0.1045779488E-06    0.4837058074E+33    0.5757212047E-03    0.2896678409E+12    0.3400959442E-03
    0.7870000000E+00    0.6416807053E-21    0.4430811541E-22    0.1070138822E-06    0.2003261583E+34    0.2554868704E-02    0.1285454305E+13    0.1617177959E-02
    0.7870000000E+00    0.6875732635E-21    0.4747700104E-22    0.1095065557E-06    0.7769916841E+34    0.1061811182E-01    0.5342387080E+13    0.7201724805E-02
    0.7870000000E+00    0.7367480256E-21    0.5087252317E-22    0.1120572911E-06    0.2411191999E+35    0.3530715449E-01    0.1776440945E+14    0.2565972190E-01
    0.7870000000E+00    0.7894397325E-21    0.5451089068E-22    0.1146674407E-06    0.4701006365E+35    0.7376014523E-01    0.3711161208E+14    0.5743954492E-01
    0.7870000000E+00    0.8458999137E-21    0.5840947171E-22    0.1173383885E-06    0.6714652401E+35    0.1128897365E+00    0.5679923887E+14    0.9419843479E-01
    0.7870000000E+00    0.9063980879E-21    0.6258687655E-22    0.1200715507E-06    0.7576117663E+35    0.1364827093E+00    0.6866978563E+14    0.1220300705E+00
    0.7870000000E+00    0.9712230494E-21    0.6706304648E-22    0.1228683764E-06    0.7562372776E+35    0.1459785365E+00    0.7344750748E+14    0.1398550757E+00
    0.7870000000E+00    0.1040684247E-20    0.7185934897E-22    0.1257303485E-06    0.7217244760E+35    0.1492802514E+00    0.7510872929E+14    0.1532468601E+00
    0.7870000000E+00    0.1115113261E-20    0.7699867968E-22    0.1286589846E-06    0.5889550555E+35    0.1305308235E+00    0.6567515927E+14    0.1435827626E+00
    0.7870000000E+00    0.1194865387E-20    0.8250557175E-22    0.1316558373E-06    0.3946008536E+35    0.9371064870E-01    0.4714949017E+14    0.1104531667E+00
    0.7870000000E+00    0.1280321329E-20    0.8840631292E-22    0.1347224957E-06    0.2243771620E+35    0.5709651150E-01    0.2872748663E+14    0.7211054896E-01
    0.7870000000E+00    0.1371889021E-20    0.9472907100E-22    0.1378605858E-06    0.1099909447E+35    0.2999078657E-01    0.1508953695E+14    0.4058607779E-01
    0.7870000000E+00    0.1470005571E-20    0.1015040283E-21    0.1410717713E-06    0.4675652557E+34    0.1366070634E-01    0.6873235307E+13    0.1980899229E-01
    0.7870000000E+00    0.1575139348E-20    0.1087635259E-21    0.1443577550E-06    0.1707413328E+34    0.5345269311E-02    0.2689413917E+13    0.8305366820E-02
    0.7870000000E+00    0.1687792220E-20    0.1165422177E-21    0.1477202791E-06    0.5172169274E+33    0.1735016678E-02    0.8729547062E+12    0.2888636411E-02
    0.7870000000E+00    0.1808501947E-20    0.1248772362E-21    0.1511611264E-06    0.8992374861E+32    0.3232252848E-03    0.1626272744E+12    0.5766264425E-03
    0.7870000000E+00    0.1937844750E-20    0.1338083694E-21    0.1546821213E-06    0.1823018880E+31    0.7021373736E-05    0.3532727566E+10    0.1342181714E-04
    0.7870000000E+00    0.2076438060E-20    0.1433782510E-21    0.1582851308E-06    0.3265890842E+30    0.1347822149E-05    0.6781420044E+09    0.2760716533E-05
    0.7870000000E+00    0.2224943467E-20    0.1536325639E-21    0.1619720651E-06    0.7956650681E+29    0.3518529654E-06    0.1770309795E+09    0.7722367100E-06
    0.7870000000E+00    0.2384069878E-20    0.1646202581E-21    0.1657448792E-06    0.1712601562E+29    0.8114976371E-07    0.4082961797E+08    0.1908431107E-06
    0.7870000000E+00    0.2554576900E-20    0.1763937846E-21    0.1696055734E-06    0.2798317430E+28    0.1420783489E-07    0.7148517064E+07    0.3580281123E-07
    0.7870000000E+00    0.2737278465E-20    0.1890093455E-21    0.1735561947E-06    0.5792537400E+27    0.3151372715E-08    0.1585578788E+07    0.8509205219E-08
    0.7870000000E+00    0.2933046719E-20    0.2025271626E-21    0.1775988378E-06    0.1422397704E+27    0.8291860109E-09    0.4171958919E+06    0.2399060465E-08
    0.7870000000E+00    0.3142816182E-20    0.2170117645E-21    0.1817356462E-06    0.3126194515E+26    0.1952751233E-09    0.9825054710E+05    0.6053912616E-09
    0.7870000000E+00    0.3367588212E-20    0.2325322952E-21    0.1859688132E-06    0.7226165708E+25    0.4836585175E-10    0.2433475046E+05    0.1606675117E-09
    0.7870000000E+00    0.3608435782E-20    0.2491628434E-21    0.1903005833E-06    0.7587792245E+24    0.5441847351E-11    0.2738006104E+04    0.1937026590E-10
    0.7870000000E+00    0.3866508602E-20    0.2669827968E-21    0.1947332533E-06    0.2699586050E+24    0.2074570028E-11    0.1043797268E+04    0.7912565653E-11
