    0.7120000000E+00    0.4143038610E-23    0.2860772210E-24    0.1992691735E-07   -0.1174146253E-10   -0.9668366848E-49   -0.4864533262E-34   -0.5301284814E-51
    0.7120000000E+00    0.4439345853E-23    0.3065372650E-24    0.2039107488E-07    0.6268972669E-11    0.5531301101E-49    0.2783013782E-34    0.3249790145E-51
    0.7120000000E+00    0.4756844785E-23    0.3284605973E-24    0.2086604403E-07    0.3536966861E-10    0.3343966474E-48    0.1682480236E-33    0.2105183375E-50
    0.7120000000E+00    0.5097051019E-23    0.3519518710E-24    0.2135207663E-07    0.3485043513E-10    0.3530523681E-48    0.1776344459E-33    0.2381590810E-50
    0.7120000000E+00    0.5461588566E-23    0.3771232243E-24    0.2184943039E-07   -0.3094900316E-10   -0.3359522772E-48   -0.1690307218E-33   -0.2428318263E-50
    0.7120000000E+00    0.5852197586E-23    0.4040948153E-24    0.2235836900E-07   -0.1865012992E-09   -0.2169265880E-47   -0.1091442453E-32   -0.1680121937E-49
    0.7120000000E+00    0.6270742692E-23    0.4329953957E-24    0.2287916232E-07   -0.1504021095E-09   -0.1874497439E-47   -0.9431329288E-33   -0.1555653493E-49
    0.7120000000E+00    0.6719221852E-23    0.4639629256E-24    0.2341208647E-07    0.4257421432E-09    0.5685616541E-47    0.2860655912E-32    0.5055982743E-49
    0.7120000000E+00    0.7199775931E-23    0.4971452317E-24    0.2395742402E-07    0.7638716307E-09    0.1093078381E-46    0.5499704581E-32    0.1041548079E-48
    0.7120000000E+00    0.7714698903E-23    0.5327007132E-24    0.2451546411E-07   -0.4114728460E-09   -0.6309168180E-47   -0.3174389114E-32   -0.6441694455E-49
    0.7120000000E+00    0.8266448809E-23    0.5707990981E-24    0.2508650263E-07   -0.2497656601E-08   -0.4103587059E-46   -0.2064675043E-31   -0.4489434799E-48
    0.7120000000E+00    0.8857659485E-23    0.6116222531E-24    0.2567084234E-07   -0.1199084929E-09   -0.2110964200E-47   -0.1062108599E-32   -0.2474622089E-49
    0.7120000000E+00    0.9491153137E-23    0.6553650517E-24    0.2626879307E-07    0.6334138662E-08    0.1194864038E-45    0.6011828003E-31    0.1500881855E-47
    0.7120000000E+00    0.1016995382E-22    0.7022363048E-24    0.2688067187E-07    0.5518770708E-09    0.1115509503E-46    0.5612564322E-32    0.1501416870E-48
    0.7120000000E+00    0.1089730185E-22    0.7524597575E-24    0.2750680315E-07   -0.1323939118E-07   -0.2867470365E-45   -0.1442736419E-30   -0.4135489811E-47
    0.7120000000E+00    0.1167666930E-22    0.8062751566E-24    0.2814751890E-07    0.2642715482E-08    0.6133118175E-46    0.3085811475E-31    0.9477839498E-48
    0.7120000000E+00    0.1251177658E-22    0.8639393956E-24    0.2880315884E-07    0.2190818927E-07    0.5448003879E-45    0.2741103694E-30    0.9021223139E-47
    0.7120000000E+00    0.1340661015E-22    0.9257277409E-24    0.2947407060E-07   -0.1672147513E-07   -0.4455592982E-45   -0.2241782982E-30   -0.7905576185E-47
    0.7120000000E+00    0.1436544159E-22    0.9919351458E-24    0.3016060990E-07   -0.2092869000E-07   -0.5975482366E-45   -0.3006498738E-30   -0.1136059261E-46
    0.7120000000E+00    0.1539284799E-22    0.1062877658E-23    0.3086314075E-07    0.3703192137E-07    0.1132940676E-44    0.5700267365E-30    0.2307996716E-46
    0.7120000000E+00    0.1649373379E-22    0.1138893930E-23    0.3158203565E-07   -0.2506564148E-07   -0.8216933031E-45   -0.4134260178E-30   -0.1793650259E-46
    0.7120000000E+00    0.1767335417E-22    0.1220346833E-23    0.3231767576E-07    0.8910385935E-08    0.3129878212E-45    0.1574764064E-30    0.7320747973E-47
    0.7120000000E+00    0.1893734018E-22    0.1307625190E-23    0.3307045113E-07    0.2881380868E-06    0.1084505084E-43    0.5456568969E-29    0.2718063566E-45
    0.7120000000E+00    0.2029172559E-22    0.1401145635E-23    0.3384076090E-07   -0.6592073946E-06   -0.2658599963E-43   -0.1337645556E-28   -0.7139717222E-45
    0.7120000000E+00    0.2174297571E-22    0.1501354598E-23    0.3462901348E-07   -0.5578560697E-06   -0.2410755058E-43   -0.1212945097E-28   -0.6937150294E-45
    0.7120000000E+00    0.2329801823E-22    0.1608730435E-23    0.3543562682E-07    0.1430118611E-05    0.6622210512E-43    0.3331892947E-28    0.2041883686E-44
    0.7120000000E+00    0.2496427630E-22    0.1723785718E-23    0.3626102861E-07   -0.1858999574E-04   -0.9223807148E-42   -0.4640857901E-27   -0.3047461524E-43
    0.7120000000E+00    0.2674970400E-22    0.1847069675E-23    0.3710565646E-07   -0.2203680473E-03   -0.1171600497E-40   -0.5894780036E-26   -0.4147702174E-42
    0.7120000000E+00    0.2866282424E-22    0.1979170815E-23    0.3796995823E-07   -0.1637376757E-03   -0.9327806860E-41   -0.4693184221E-26   -0.3538405180E-42
    0.7120000000E+00    0.3071276952E-22    0.2120719737E-23    0.3885439218E-07    0.2258516347E-02    0.1378650435E-39    0.6936529203E-25    0.5603794224E-41
    0.7120000000E+00    0.3290932546E-22    0.2272392139E-23    0.3975942724E-07    0.2818798249E-01    0.1843719789E-38    0.9276474899E-24    0.8030136617E-40
    0.7120000000E+00    0.3526297755E-22    0.2434912046E-23    0.4068554327E-07    0.9633385073E-01    0.6751648815E-38    0.3397018416E-23    0.3150923517E-39
    0.7120000000E+00    0.3778496121E-22    0.2609055264E-23    0.4163323131E-07    0.4727139012E-01    0.3550007722E-38    0.1786147642E-23    0.1775240980E-39
    0.7120000000E+00    0.4048731538E-22    0.2795653084E-23    0.4260299385E-07   -0.5249180227E+01   -0.4223985397E-36   -0.2125252153E-21   -0.2263343264E-37
    0.7120000000E+00    0.4338294005E-22    0.2995596250E-23    0.4359534505E-07   -0.4743941963E+03   -0.4090442491E-34   -0.2058061498E-19   -0.2348541875E-35
    0.7120000000E+00    0.4648565778E-22    0.3209839213E-23    0.4461081109E-07   -0.9002774142E+04   -0.8317777116E-33   -0.4184998778E-18   -0.5117234224E-34
    0.7120000000E+00    0.4981027973E-22    0.3439404683E-23    0.4564993037E-07    0.2131476061E+04    0.2110140550E-33    0.1061694188E-18    0.1391039301E-34
    0.7120000000E+00    0.5337267633E-22    0.3685388516E-23    0.4671325384E-07    0.1127941068E+07    0.1196512757E-30    0.6020123353E-16    0.8451724858E-32
    0.7120000000E+00    0.5718985306E-22    0.3948964943E-23    0.4780134531E-07    0.1887373151E+08    0.2145303279E-29    0.1079385932E-14    0.1623740838E-30
    0.7120000000E+00    0.6128003161E-22    0.4231392172E-23    0.4891478167E-07    0.3965872634E+07    0.4830250859E-30    0.2430288004E-15    0.3917398055E-31
    0.7120000000E+00    0.6566273690E-22    0.4534018400E-23    0.5005415331E-07   -0.1243140757E+10   -0.1622374939E-27   -0.8162802444E-13   -0.1409870573E-28
    0.7120000000E+00    0.7035889022E-22    0.4858288246E-23    0.5122006431E-07   -0.5035464586E+11   -0.7041585709E-26   -0.3542897000E-11   -0.6556898892E-27
    0.7120000000E+00    0.7539090917E-22    0.5205749646E-23    0.5241313287E-07   -0.1748346936E+13   -0.2619742108E-24   -0.1318094650E-09   -0.2613885489E-25
    0.7120000000E+00    0.8078281461E-22    0.5578061244E-23    0.5363399157E-07   -0.5040501684E+14   -0.8092909578E-23   -0.4071859131E-08   -0.8652322629E-24
    0.7120000000E+00    0.8656034539E-22    0.5977000309E-23    0.5488328773E-07   -0.1092198587E+15   -0.1879024896E-22   -0.9454108695E-08   -0.2152586198E-23
    0.7120000000E+00    0.9275108115E-22    0.6404471218E-23    0.5616168372E-07    0.3916999977E+15    0.7220786312E-22    0.3633059828E-07    0.8863648189E-23
    0.7120000000E+00    0.9938457404E-22    0.6862514550E-23    0.5746985739E-07    0.1392059494E+17    0.2749721570E-20    0.1383492398E-05    0.3616735404E-21
    0.7120000000E+00    0.1064924897E-21    0.7353316823E-23    0.5880850233E-07    0.2958428401E+18    0.6261696112E-19    0.3150504061E-04    0.8825107493E-20
    0.7120000000E+00    0.1141087586E-21    0.7879220933E-23    0.6017832832E-07    0.5555005693E+19    0.1259840114E-17    0.6338748036E-03    0.1902582287E-18
    0.7120000000E+00    0.1222697377E-21    0.8442737340E-23    0.6158006166E-07    0.2261615745E+20    0.5496038204E-17    0.2765271640E-02    0.8893603426E-18
    0.7120000000E+00    0.1310143844E-21    0.9046556049E-23    0.6301444556E-07    0.4527826037E+19    0.1179018600E-17    0.5932103410E-03    0.2044319040E-18
    0.7120000000E+00    0.1403844422E-21    0.9693559452E-23    0.6448224056E-07   -0.4150360354E+21   -0.1158021786E-15   -0.5826460231E-01   -0.2151516826E-16
    0.7120000000E+00    0.1504246400E-21    0.1038683609E-22    0.6598422489E-07   -0.6115508993E+22   -0.1828367669E-14   -0.9199232384E+00   -0.3639917582E-15
    0.7120000000E+00    0.1611829057E-21    0.1112969539E-22    0.6752119493E-07   -0.7294101053E+23   -0.2336698607E-13   -0.1175684402E+02   -0.4984604632E-14
    0.7120000000E+00    0.1727105951E-21    0.1192568347E-22    0.6909396560E-07   -0.7845834663E+24   -0.2693209116E-12   -0.1355058774E+03   -0.6155992652E-13
    0.7120000000E+00    0.1850627369E-21    0.1277860007E-22    0.7070337081E-07   -0.7741193100E+25   -0.2847336692E-11   -0.1432606382E+04   -0.6973757504E-12
    0.7120000000E+00    0.1982982953E-21    0.1369251667E-22    0.7235026388E-07   -0.3335698436E+26   -0.1314672883E-10   -0.6614633133E+04   -0.3450211530E-11
    0.7120000000E+00    0.2124804516E-21    0.1467179595E-22    0.7403551802E-07   -0.3272758750E+26   -0.1382117343E-10   -0.6953972570E+04   -0.3886627628E-11
    0.7120000000E+00    0.2276769058E-21    0.1572111260E-22    0.7576002677E-07    0.5759788158E+26    0.2606378200E-10    0.1311370746E+05    0.7853539846E-11
    0.7120000000E+00    0.2439602000E-21    0.1684547565E-22    0.7752470448E-07    0.8709947626E+27    0.4223246856E-09    0.2124880564E+06    0.1363560728E-09
    0.7120000000E+00    0.2614080640E-21    0.1805025236E-22    0.7933048683E-07    0.6561265026E+28    0.3408933303E-08    0.1715167588E+07    0.1179360346E-08
    0.7120000000E+00    0.2801037871E-21    0.1934119387E-22    0.8117833125E-07    0.4209584450E+29    0.2343528019E-07    0.1179120546E+08    0.8687567008E-08
    0.7120000000E+00    0.3001366153E-21    0.2072446262E-22    0.8306921749E-07    0.2463445443E+30    0.1469514489E-06    0.7393701774E+08    0.5837163922E-07
    0.7120000000E+00    0.3216021775E-21    0.2220666179E-22    0.8500414813E-07    0.1336533102E+31    0.8543004659E-06    0.4298319559E+09    0.3636123791E-06
    0.7120000000E+00    0.3446029418E-21    0.2379486681E-22    0.8698414910E-07    0.6757425378E+31    0.4628200686E-05    0.2328628665E+10    0.2110766532E-05
    0.7120000000E+00    0.3692487048E-21    0.2549665916E-22    0.8901027021E-07    0.3191188775E+32    0.2341981281E-04    0.1178342322E+11    0.1144488509E-04
    0.7120000000E+00    0.3956571157E-21    0.2732016250E-22    0.9108358575E-07    0.1410084752E+33    0.1108858527E-03    0.5579100659E+11    0.5806362651E-04
    0.7120000000E+00    0.4239542377E-21    0.2927408154E-22    0.9320519501E-07    0.5840545283E+33    0.4921350757E-03    0.2476123923E+12    0.2761292011E-03
    0.7120000000E+00    0.4542751502E-21    0.3136774352E-22    0.9537622289E-07    0.2272160673E+34    0.2051492637E-02    0.1032186131E+13    0.1233383061E-02
    0.7120000000E+00    0.4867645933E-21    0.3361114274E-22    0.9759782052E-07    0.8317314703E+34    0.8046630483E-02    0.4048574309E+13    0.5183726447E-02
    0.7120000000E+00    0.5215776589E-21    0.3601498832E-22    0.9987116580E-07    0.2470593332E+35    0.2561133336E-01    0.1288606286E+14    0.1767910218E-01
    0.7120000000E+00    0.5588805307E-21    0.3859075526E-22    0.1021974641E-06    0.4904252795E+35    0.5447581950E-01    0.2740891405E+14    0.4029320276E-01
    0.7120000000E+00    0.5988512779E-21    0.4135073927E-22    0.1045779488E-06    0.7421404260E+35    0.8833178630E-01    0.4444317425E+14    0.7000757432E-01
    0.7120000000E+00    0.6416807053E-21    0.4430811541E-22    0.1070138822E-06    0.9125899662E+35    0.1163875733E+00    0.5855913731E+14    0.9884043097E-01
    0.7120000000E+00    0.6875732635E-21    0.4747700104E-22    0.1095065557E-06    0.9454614063E+35    0.1292036342E+00    0.6500739847E+14    0.1175716861E+00
    0.7120000000E+00    0.7367480256E-21    0.5087252317E-22    0.1120572911E-06    0.9340773504E+35    0.1367772178E+00    0.6881796437E+14    0.1333649733E+00
    0.7120000000E+00    0.7894397325E-21    0.5451089068E-22    0.1146674407E-06    0.8626828167E+35    0.1353574212E+00    0.6810360921E+14    0.1414197576E+00
    0.7120000000E+00    0.8458999137E-21    0.5840947171E-22    0.1173383885E-06    0.6718117856E+35    0.1129479993E+00    0.5682855315E+14    0.1264464262E+00
    0.7120000000E+00    0.9063980879E-21    0.6258687655E-22    0.1200715507E-06    0.4504710299E+35    0.8115173145E-01    0.4083060801E+14    0.9734772518E-01
    0.7120000000E+00    0.9712230494E-21    0.6706304648E-22    0.1228683764E-06    0.2674774931E+35    0.5163190726E-01    0.2597803064E+14    0.6636608287E-01
    0.7120000000E+00    0.1040684247E-20    0.7185934897E-22    0.1257303485E-06    0.1434126228E+35    0.2966322065E-01    0.1492472573E+14    0.4085510390E-01
    0.7120000000E+00    0.1115113261E-20    0.7699867968E-22    0.1286589846E-06    0.7006476368E+34    0.1552853858E-01    0.7813014714E+13    0.2291704420E-01
    0.7120000000E+00    0.1194865387E-20    0.8250557175E-22    0.1316558373E-06    0.3110330651E+34    0.7386479282E-02    0.3716426437E+13    0.1168060939E-01
    0.7120000000E+00    0.1280321329E-20    0.8840631292E-22    0.1347224957E-06    0.1237216639E+34    0.3148304107E-02    0.1584034852E+13    0.5334634791E-02
    0.7120000000E+00    0.1371889021E-20    0.9472907100E-22    0.1378605858E-06    0.4311517577E+33    0.1175604081E-02    0.5914923630E+12    0.2134465315E-02
    0.7120000000E+00    0.1470005571E-20    0.1015040283E-21    0.1410717713E-06    0.1277813917E+33    0.3733348546E-03    0.1878393576E+12    0.7263175777E-03
    0.7120000000E+00    0.1575139348E-20    0.1087635259E-21    0.1443577550E-06    0.3098274115E+32    0.9699531606E-04    0.4880213470E+11    0.2021988958E-03
    0.7120000000E+00    0.1687792220E-20    0.1165422177E-21    0.1477202791E-06    0.5182735194E+31    0.1738561041E-04    0.8747380139E+10    0.3883452169E-04
    0.7120000000E+00    0.1808501947E-20    0.1248772362E-21    0.1511611264E-06    0.7546491920E+30    0.2712539276E-05    0.1364784533E+10    0.6492381810E-05
    0.7120000000E+00    0.1937844750E-20    0.1338083694E-21    0.1546821213E-06    0.1552388590E+30    0.5979038719E-06    0.3008288078E+09    0.1533413855E-05
    0.7120000000E+00    0.2076438060E-20    0.1433782510E-21    0.1582851308E-06    0.3358082543E+29    0.1385869353E-06    0.6972850400E+08    0.3808467975E-06
    0.7120000000E+00    0.2224943467E-20    0.1536325639E-21    0.1619720651E-06    0.7839628568E+28    0.3466781024E-07    0.1744273037E+08    0.1020832358E-06
    0.7120000000E+00    0.2384069878E-20    0.1646202581E-21    0.1657448792E-06    0.1575775968E+28    0.7466643165E-08    0.3756760020E+07    0.2355881347E-07
    0.7120000000E+00    0.2554576900E-20    0.1763937846E-21    0.1696055734E-06    0.3241414250E+27    0.1645756053E-08    0.8280441966E+06    0.5564081440E-08
    0.7120000000E+00    0.2737278465E-20    0.1890093455E-21    0.1735561947E-06    0.7586982376E+26    0.4127622766E-09    0.2076768347E+06    0.1495298908E-08
    0.7120000000E+00    0.2933046719E-20    0.2025271626E-21    0.1775988378E-06    0.1851049042E+26    0.1079068088E-09    0.5429213319E+05    0.4188676942E-09
    0.7120000000E+00    0.3142816182E-20    0.2170117645E-21    0.1817356462E-06    0.3606845430E+25    0.2252985803E-10    0.1133565218E+05    0.9371011528E-10
    0.7120000000E+00    0.3367588212E-20    0.2325322952E-21    0.1859688132E-06    0.8147622096E+24    0.5453330276E-11    0.2743783613E+04    0.2430467501E-10
    0.7120000000E+00    0.3608435782E-20    0.2491628434E-21    0.1903005833E-06    0.1223142394E+24    0.8772188249E-12    0.4413630780E+03    0.4189246929E-11
    0.7120000000E+00    0.3866508602E-20    0.2669827968E-21    0.1947332533E-06    0.5247958327E+23    0.4032935736E-12    0.2029127601E+03    0.2063713089E-11
