    0.7710000000E+00    0.4143038610E-23    0.2860772210E-24    0.1992691735E-07    0.0000000000E+00    0.0000000000E+00    0.0000000000E+00    0.0000000000E+00
    0.7710000000E+00    0.4439345853E-23    0.3065372650E-24    0.2039107488E-07    0.0000000000E+00    0.0000000000E+00    0.0000000000E+00    0.0000000000E+00
    0.7710000000E+00    0.4756844785E-23    0.3284605973E-24    0.2086604403E-07    0.0000000000E+00    0.0000000000E+00    0.0000000000E+00    0.0000000000E+00
    0.7710000000E+00    0.5097051019E-23    0.3519518710E-24    0.2135207663E-07    0.0000000000E+00    0.0000000000E+00    0.0000000000E+00    0.0000000000E+00
    0.7710000000E+00    0.5461588566E-23    0.3771232243E-24    0.2184943039E-07    0.0000000000E+00    0.0000000000E+00    0.0000000000E+00    0.0000000000E+00
    0.7710000000E+00    0.5852197586E-23    0.4040948153E-24    0.2235836900E-07    0.0000000000E+00    0.0000000000E+00    0.0000000000E+00    0.0000000000E+00
    0.7710000000E+00    0.6270742692E-23    0.4329953957E-24    0.2287916232E-07    0.0000000000E+00    0.0000000000E+00    0.0000000000E+00    0.0000000000E+00
    0.7710000000E+00    0.6719221852E-23    0.4639629256E-24    0.2341208647E-07    0.0000000000E+00    0.0000000000E+00    0.0000000000E+00    0.0000000000E+00
    0.7710000000E+00    0.7199775931E-23    0.4971452317E-24    0.2395742402E-07    0.0000000000E+00    0.0000000000E+00    0.0000000000E+00    0.0000000000E+00
    0.7710000000E+00    0.7714698903E-23    0.5327007132E-24    0.2451546411E-07    0.0000000000E+00    0.0000000000E+00    0.0000000000E+00    0.0000000000E+00
    0.7710000000E+00    0.8266448809E-23    0.5707990981E-24    0.2508650263E-07    0.2523497364E-15    0.4146042783E-53    0.2086036178E-38    0.3541596770E-55
    0.7710000000E+00    0.8857659485E-23    0.6116222531E-24    0.2567084234E-07    0.1058904932E-14    0.1864180217E-52    0.9379419312E-38    0.1706291505E-54
    0.7710000000E+00    0.9491153137E-23    0.6553650517E-24    0.2626879307E-07   -0.9759789204E-15   -0.1841074495E-52   -0.9263165392E-38   -0.1805662985E-54
    0.7710000000E+00    0.1016995382E-22    0.7022363048E-24    0.2688067187E-07   -0.2599121073E-14   -0.5253605215E-52   -0.2643294128E-37   -0.5521063829E-54
    0.7710000000E+00    0.1089730185E-22    0.7524597575E-24    0.2750680315E-07   -0.1207704506E-14   -0.2615722153E-52   -0.1316072054E-37   -0.2945485873E-54
    0.7710000000E+00    0.1167666930E-22    0.8062751566E-24    0.2814751890E-07    0.6152063773E-14    0.1427748632E-51    0.7183561421E-37    0.1722729483E-53
    0.7710000000E+00    0.1251177658E-22    0.8639393956E-24    0.2880315884E-07   -0.2515835666E-14   -0.6256237016E-52   -0.3147757376E-37   -0.8088696254E-54
    0.7710000000E+00    0.1340661015E-22    0.9257277409E-24    0.2947407060E-07   -0.9160996295E-14   -0.2441032892E-51   -0.1228179059E-36   -0.3381730271E-53
    0.7710000000E+00    0.1436544159E-22    0.9919351458E-24    0.3016060990E-07    0.7979887832E-14    0.2278388137E-51    0.1146346126E-36    0.3382151398E-53
    0.7710000000E+00    0.1539284799E-22    0.1062877658E-23    0.3086314075E-07    0.5854804117E-14    0.1791196754E-51    0.9012210980E-37    0.2849106130E-53
    0.7710000000E+00    0.1649373379E-22    0.1138893930E-23    0.3158203565E-07   -0.1688050733E-13   -0.5533710292E-51   -0.2784225940E-36   -0.9431521352E-53
    0.7710000000E+00    0.1767335417E-22    0.1220346833E-23    0.3231767576E-07    0.2797985941E-13    0.9828255812E-51    0.4944979649E-36    0.1794906315E-52
    0.7710000000E+00    0.1893734018E-22    0.1307625190E-23    0.3307045113E-07    0.7495392649E-13    0.2821144376E-50    0.1419428004E-35    0.5520655486E-52
    0.7710000000E+00    0.2029172559E-22    0.1401145635E-23    0.3384076090E-07   -0.1261485663E-12   -0.5087603329E-50   -0.2559772091E-35   -0.1066789117E-51
    0.7710000000E+00    0.2174297571E-22    0.1501354598E-23    0.3462901348E-07   -0.1151912853E-11   -0.4977950208E-49   -0.2504601319E-34   -0.1118448218E-50
    0.7710000000E+00    0.2329801823E-22    0.1608730435E-23    0.3543562682E-07   -0.1308483866E-11   -0.6058976890E-49   -0.3048508097E-34   -0.1458695455E-50
    0.7710000000E+00    0.2496427630E-22    0.1723785718E-23    0.3626102861E-07    0.6071881049E-12    0.3012688147E-49    0.1515801162E-34    0.7771762359E-51
    0.7710000000E+00    0.2674970400E-22    0.1847069675E-23    0.3710565646E-07    0.1912990309E-10    0.1017053254E-47    0.5117192452E-33    0.2811311878E-49
    0.7710000000E+00    0.2866282424E-22    0.1979170815E-23    0.3796995823E-07    0.2029970104E-09    0.1156433239E-46    0.5818467631E-32    0.3425199718E-48
    0.7710000000E+00    0.3071276952E-22    0.2120719737E-23    0.3885439218E-07    0.9471235671E-09    0.5781460557E-46    0.2908878782E-31    0.1834859863E-47
    0.7710000000E+00    0.3290932546E-22    0.2272392139E-23    0.3975942724E-07    0.6448378232E-09    0.4217755760E-46    0.2122117779E-31    0.1434322334E-47
    0.7710000000E+00    0.3526297755E-22    0.2434912046E-23    0.4068554327E-07   -0.1760994774E-07   -0.1234209801E-44   -0.6209791917E-30   -0.4497325534E-46
    0.7710000000E+00    0.3778496121E-22    0.2609055264E-23    0.4163323131E-07   -0.6790122154E-06   -0.5099275909E-43   -0.2565645022E-28   -0.1991011850E-44
    0.7710000000E+00    0.4048731538E-22    0.2795653084E-23    0.4260299385E-07   -0.5715554051E-06   -0.4599273754E-43   -0.2314074394E-28   -0.1924219421E-44
    0.7710000000E+00    0.4338294005E-22    0.2995596250E-23    0.4359534505E-07    0.7816740283E-04    0.6739948939E-41    0.3391131751E-26    0.3021495418E-42
    0.7710000000E+00    0.4648565778E-22    0.3209839213E-23    0.4461081109E-07    0.1428778614E-03    0.1320066667E-40    0.6641771369E-26    0.6341050306E-42
    0.7710000000E+00    0.4981027973E-22    0.3439404683E-23    0.4564993037E-07   -0.5897693421E-02   -0.5838659071E-39   -0.2937657590E-24   -0.3005235085E-40
    0.7710000000E+00    0.5337267633E-22    0.3685388516E-23    0.4671325384E-07   -0.6836625713E+00   -0.7252249353E-37   -0.3648890113E-22   -0.3999798025E-38
    0.7710000000E+00    0.5718985306E-22    0.3948964943E-23    0.4780134531E-07   -0.1525772748E+02   -0.1734286237E-35   -0.8725871927E-21   -0.1024910899E-36
    0.7710000000E+00    0.6128003161E-22    0.4231392172E-23    0.4891478167E-07    0.4524686726E+01    0.5510860777E-36    0.2772729456E-21    0.3489673320E-37
    0.7710000000E+00    0.6566273690E-22    0.4534018400E-23    0.5005415331E-07    0.2350386854E+04    0.3067399011E-33    0.1543328336E-18    0.2081304422E-34
    0.7710000000E+00    0.7035889022E-22    0.4858288246E-23    0.5122006431E-07    0.6542439543E+05    0.9148937106E-32    0.4603187856E-17    0.6651750879E-33
    0.7710000000E+00    0.7539090917E-22    0.5205749646E-23    0.5241313287E-07    0.4437624847E+05    0.6649385445E-32    0.3345565717E-17    0.5180203752E-33
    0.7710000000E+00    0.8078281461E-22    0.5578061244E-23    0.5363399157E-07   -0.3645475739E+07   -0.5853089112E-30   -0.2944917908E-15   -0.4885966330E-31
    0.7710000000E+00    0.8656034539E-22    0.5977000309E-23    0.5488328773E-07   -0.1751806308E+09   -0.3013817913E-28   -0.1516369591E-13   -0.2695766943E-29
    0.7710000000E+00    0.9275108115E-22    0.6404471218E-23    0.5616168372E-07   -0.7120499664E+10   -0.1312627184E-26   -0.6604340422E-12   -0.1258075566E-27
    0.7710000000E+00    0.9938457404E-22    0.6862514550E-23    0.5746985739E-07   -0.2608458657E+12   -0.5152462997E-25   -0.2592405525E-10   -0.5291517238E-26
    0.7710000000E+00    0.1064924897E-21    0.7353316823E-23    0.5880850233E-07   -0.1708290887E+13   -0.3615702987E-24   -0.1819201497E-09   -0.3978854717E-25
    0.7710000000E+00    0.1141087586E-21    0.7879220933E-23    0.6017832832E-07    0.6821007879E+12    0.1546961392E-24    0.7783367415E-10    0.1824083894E-25
    0.7710000000E+00    0.1222697377E-21    0.8442737340E-23    0.6158006166E-07    0.9337806730E+14    0.2269215831E-22    0.1141731180E-07    0.2867088762E-23
    0.7710000000E+00    0.1310143844E-21    0.9046556049E-23    0.6301444556E-07    0.2369766471E+16    0.6170729008E-21    0.3104734955E-06    0.8354141139E-22
    0.7710000000E+00    0.1403844422E-21    0.9693559452E-23    0.6448224056E-07    0.5178231270E+17    0.1444815416E-19    0.7269431083E-05    0.2095934472E-20
    0.7710000000E+00    0.1504246400E-21    0.1038683609E-22    0.6598422489E-07    0.7502012258E+18    0.2242893712E-18    0.1128487493E-03    0.3486374424E-19
    0.7710000000E+00    0.1611829057E-21    0.1112969539E-22    0.6752119493E-07    0.1042675377E+19    0.3340258223E-18    0.1680614470E-03    0.5563465195E-19
    0.7710000000E+00    0.1727105951E-21    0.1192568347E-22    0.6909396560E-07   -0.4070030018E+19   -0.1397103357E-17   -0.7029373065E-03   -0.2493410993E-18
    0.7710000000E+00    0.1850627369E-21    0.1277860007E-22    0.7070337081E-07   -0.9489159734E+20   -0.3490267242E-16   -0.1756089871E-01   -0.6674581108E-17
    0.7710000000E+00    0.1982982953E-21    0.1369251667E-22    0.7235026388E-07   -0.1349175518E+22   -0.5317400544E-15   -0.2675392051E+00   -0.1089594016E-15
    0.7710000000E+00    0.2124804516E-21    0.1467179595E-22    0.7403551802E-07   -0.1690187919E+23   -0.7137825344E-14   -0.3591318922E+01   -0.1567224639E-14
    0.7710000000E+00    0.2276769058E-21    0.1572111260E-22    0.7576002677E-07   -0.1937735094E+24   -0.8768500452E-13   -0.4411775306E+02   -0.2062959312E-13
    0.7710000000E+00    0.2439602000E-21    0.1684547565E-22    0.7752470448E-07   -0.2048261386E+25   -0.9931533265E-12   -0.4996942572E+03   -0.2503696229E-12
    0.7710000000E+00    0.2614080640E-21    0.1805025236E-22    0.7933048683E-07   -0.6945314985E+25   -0.3608468102E-11   -0.1815561344E+04   -0.9747386890E-12
    0.7710000000E+00    0.2801037871E-21    0.1934119387E-22    0.8117833125E-07   -0.5472036632E+25   -0.3046350851E-11   -0.1532738184E+04   -0.8817495641E-12
    0.7710000000E+00    0.3001366153E-21    0.2072446262E-22    0.8306921749E-07    0.2730783740E+26    0.1628989302E-10    0.8196081890E+04    0.5052235264E-11
    0.7710000000E+00    0.3216021775E-21    0.2220666179E-22    0.8500414813E-07    0.3226660965E+27    0.2062453943E-09    0.1037701193E+06    0.6854086686E-10
    0.7710000000E+00    0.3446029418E-21    0.2379486681E-22    0.8698414910E-07    0.2509380861E+28    0.1718689822E-08    0.8647400267E+06    0.6120160883E-09
    0.7710000000E+00    0.3692487048E-21    0.2549665916E-22    0.8901027021E-07    0.1713223342E+29    0.1257317345E-07    0.6326055001E+07    0.4797447606E-08
    0.7710000000E+00    0.3956571157E-21    0.2732016250E-22    0.9108358575E-07    0.1074019863E+30    0.8445847536E-07    0.4249436012E+08    0.3453095352E-07
    0.7710000000E+00    0.4239542377E-21    0.2927408154E-22    0.9320519501E-07    0.6251221353E+30    0.5267393958E-06    0.2650231784E+09    0.2307603213E-06
    0.7710000000E+00    0.4542751502E-21    0.3136774352E-22    0.9537622289E-07    0.3391098692E+31    0.3061761468E-05    0.1540491868E+10    0.1437264461E-05
    0.7710000000E+00    0.4867645933E-21    0.3361114274E-22    0.9759782052E-07    0.1718108977E+32    0.1662193696E-04    0.8363146177E+10    0.8360783250E-05
    0.7710000000E+00    0.5215776589E-21    0.3601498832E-22    0.9987116580E-07    0.8143282706E+32    0.8441710145E-04    0.4247354330E+11    0.4549836284E-04
    0.7710000000E+00    0.5588805307E-21    0.3859075526E-22    0.1021974641E-06    0.3615421946E+33    0.4015964950E-03    0.2020588936E+12    0.2319291025E-03
    0.7710000000E+00    0.5988512779E-21    0.4135073927E-22    0.1045779488E-06    0.1504841214E+34    0.1791107287E-02    0.9011760839E+12    0.1108375544E-02
    0.7710000000E+00    0.6416807053E-21    0.4430811541E-22    0.1070138822E-06    0.5872465464E+34    0.7489475342E-02    0.3768247780E+13    0.4966114504E-02
    0.7710000000E+00    0.6875732635E-21    0.4747700104E-22    0.1095065557E-06    0.1974802454E+35    0.2698699833E-01    0.1357821368E+14    0.1917431756E-01
    0.7710000000E+00    0.7367480256E-21    0.5087252317E-22    0.1120572911E-06    0.4223069692E+35    0.6183853217E-01    0.3111338257E+14    0.4707870477E-01
    0.7710000000E+00    0.7894397325E-21    0.5451089068E-22    0.1146674407E-06    0.6455608854E+35    0.1012903642E+00    0.5096314127E+14    0.8262918442E-01
    0.7710000000E+00    0.8458999137E-21    0.5840947171E-22    0.1173383885E-06    0.7741052251E+35    0.1301460294E+00    0.6548155431E+14    0.1137617480E+00
    0.7710000000E+00    0.9063980879E-21    0.6258687655E-22    0.1200715507E-06    0.7849265953E+35    0.1414034378E+00    0.7114559651E+14    0.1324418693E+00
    0.7710000000E+00    0.9712230494E-21    0.6706304648E-22    0.1228683764E-06    0.7657781321E+35    0.1478202336E+00    0.7437413725E+14    0.1483539854E+00
    0.7710000000E+00    0.1040684247E-20    0.7185934897E-22    0.1257303485E-06    0.6668294412E+35    0.1379258567E+00    0.6939588950E+14    0.1483238616E+00
    0.7710000000E+00    0.1115113261E-20    0.7699867968E-22    0.1286589846E-06    0.4758919177E+35    0.1054725031E+00    0.5306733884E+14    0.1215359014E+00
    0.7710000000E+00    0.1194865387E-20    0.8250557175E-22    0.1316558373E-06    0.2876594469E+35    0.6831397635E-01    0.3437143164E+14    0.8434802124E-01
    0.7710000000E+00    0.1280321329E-20    0.8840631292E-22    0.1347224957E-06    0.1503964124E+35    0.3827087576E-01    0.1925557346E+14    0.5063300862E-01
    0.7710000000E+00    0.1371889021E-20    0.9472907100E-22    0.1378605858E-06    0.6879706925E+34    0.1875861895E-01    0.9438194401E+13    0.2659293030E-01
    0.7710000000E+00    0.1470005571E-20    0.1015040283E-21    0.1410717713E-06    0.2753028440E+34    0.8043436207E-02    0.4046967144E+13    0.1221819228E-01
    0.7710000000E+00    0.1575139348E-20    0.1087635259E-21    0.1443577550E-06    0.9443305886E+33    0.2956344097E-02    0.1487452268E+13    0.4811941236E-02
    0.7710000000E+00    0.1687792220E-20    0.1165422177E-21    0.1477202791E-06    0.2607691702E+33    0.8747564812E-03    0.4401241767E+12    0.1525641531E-02
    0.7710000000E+00    0.1808501947E-20    0.1248772362E-21    0.1511611264E-06    0.2928531188E+32    0.1052642202E-03    0.5296254355E+11    0.1967189108E-03
    0.7710000000E+00    0.1937844750E-20    0.1338083694E-21    0.1546821213E-06    0.1202524662E+31    0.4631534631E-05    0.2330306103E+10    0.9274494530E-05
    0.7710000000E+00    0.2076438060E-20    0.1433782510E-21    0.1582851308E-06    0.2247090478E+30    0.9273666705E-06    0.4665944193E+09    0.1989833861E-05
    0.7710000000E+00    0.2224943467E-20    0.1536325639E-21    0.1619720651E-06    0.5459076584E+29    0.2414071400E-06    0.1214613678E+09    0.5550287049E-06
    0.7710000000E+00    0.2384069878E-20    0.1646202581E-21    0.1657448792E-06    0.1137899547E+29    0.5391813334E-07    0.2712832035E+08    0.1328312263E-06
    0.7710000000E+00    0.2554576900E-20    0.1763937846E-21    0.1696055734E-06    0.1948321536E+28    0.9892169627E-08    0.4977137188E+07    0.2611300720E-07
    0.7710000000E+00    0.2737278465E-20    0.1890093455E-21    0.1735561947E-06    0.4140230005E+27    0.2252451209E-08    0.1133296243E+07    0.6371192484E-08
    0.7710000000E+00    0.2933046719E-20    0.2025271626E-21    0.1775988378E-06    0.1017168479E+27    0.5929578423E-09    0.2983402670E+06    0.1797169961E-08
    0.7710000000E+00    0.3142816182E-20    0.2170117645E-21    0.1817356462E-06    0.2218636678E+26    0.1385852827E-09    0.6972767254E+05    0.4500724669E-09
    0.7710000000E+00    0.3367588212E-20    0.2325322952E-21    0.1859688132E-06    0.5063677882E+25    0.3389198416E-10    0.1705238194E+05    0.1179403272E-09
    0.7710000000E+00    0.3608435782E-20    0.2491628434E-21    0.1903005833E-06    0.5043621481E+24    0.3617207392E-11    0.1819958422E+04    0.1348772627E-10
    0.7710000000E+00    0.3866508602E-20    0.2669827968E-21    0.1947332533E-06    0.1926729670E+24    0.1480647607E-11    0.7449716840E+03    0.5915848488E-11
