    0.7690000000E+00    0.4143038610E-23    0.2860772210E-24    0.1992691735E-07    0.0000000000E+00    0.0000000000E+00    0.0000000000E+00    0.0000000000E+00
    0.7690000000E+00    0.4439345853E-23    0.3065372650E-24    0.2039107488E-07    0.0000000000E+00    0.0000000000E+00    0.0000000000E+00    0.0000000000E+00
    0.7690000000E+00    0.4756844785E-23    0.3284605973E-24    0.2086604403E-07    0.0000000000E+00    0.0000000000E+00    0.0000000000E+00    0.0000000000E+00
    0.7690000000E+00    0.5097051019E-23    0.3519518710E-24    0.2135207663E-07    0.0000000000E+00    0.0000000000E+00    0.0000000000E+00    0.0000000000E+00
    0.7690000000E+00    0.5461588566E-23    0.3771232243E-24    0.2184943039E-07    0.0000000000E+00    0.0000000000E+00    0.0000000000E+00    0.0000000000E+00
    0.7690000000E+00    0.5852197586E-23    0.4040948153E-24    0.2235836900E-07    0.0000000000E+00    0.0000000000E+00    0.0000000000E+00    0.0000000000E+00
    0.7690000000E+00    0.6270742692E-23    0.4329953957E-24    0.2287916232E-07    0.0000000000E+00    0.0000000000E+00    0.0000000000E+00    0.0000000000E+00
    0.7690000000E+00    0.6719221852E-23    0.4639629256E-24    0.2341208647E-07    0.0000000000E+00    0.0000000000E+00    0.0000000000E+00    0.0000000000E+00
    0.7690000000E+00    0.7199775931E-23    0.4971452317E-24    0.2395742402E-07    0.0000000000E+00    0.0000000000E+00    0.0000000000E+00    0.0000000000E+00
    0.7690000000E+00    0.7714698903E-23    0.5327007132E-24    0.2451546411E-07    0.0000000000E+00    0.0000000000E+00    0.0000000000E+00    0.0000000000E+00
    0.7690000000E+00    0.8266448809E-23    0.5707990981E-24    0.2508650263E-07    0.6499938301E-15    0.1067923536E-52    0.5373140722E-38    0.9179669889E-55
    0.7690000000E+00    0.8857659485E-23    0.6116222531E-24    0.2567084234E-07    0.1321829355E-14    0.2327053223E-52    0.1170831432E-37    0.2143350625E-54
    0.7690000000E+00    0.9491153137E-23    0.6553650517E-24    0.2626879307E-07   -0.2383709440E-14   -0.4496599837E-52   -0.2262415133E-37   -0.4437834949E-54
    0.7690000000E+00    0.1016995382E-22    0.7022363048E-24    0.2688067187E-07   -0.4057564600E-14   -0.8201558118E-52   -0.4126524458E-37   -0.8673278112E-54
    0.7690000000E+00    0.1089730185E-22    0.7524597575E-24    0.2750680315E-07    0.2069490230E-14    0.4482231717E-52    0.2255185971E-37    0.5079035052E-54
    0.7690000000E+00    0.1167666930E-22    0.8062751566E-24    0.2814751890E-07    0.8288924113E-14    0.1923663424E-51    0.9678702575E-37    0.2335694258E-53
    0.7690000000E+00    0.1251177658E-22    0.8639393956E-24    0.2880315884E-07   -0.8768624916E-14   -0.2180531762E-51   -0.1097110759E-36   -0.2836934592E-53
    0.7690000000E+00    0.1340661015E-22    0.9257277409E-24    0.2947407060E-07   -0.1032446917E-13   -0.2751051089E-51   -0.1384161331E-36   -0.3835178317E-53
    0.7690000000E+00    0.1436544159E-22    0.9919351458E-24    0.3016060990E-07    0.1683557657E-13    0.4806831719E-51    0.2418504919E-36    0.7180353470E-53
    0.7690000000E+00    0.1539284799E-22    0.1062877658E-23    0.3086314075E-07   -0.3281243663E-15   -0.1003851347E-52   -0.5050768493E-38   -0.1606779609E-54
    0.7690000000E+00    0.1649373379E-22    0.1138893930E-23    0.3158203565E-07   -0.2342791849E-13   -0.7680060270E-51   -0.3864138507E-36   -0.1317199429E-52
    0.7690000000E+00    0.1767335417E-22    0.1220346833E-23    0.3231767576E-07    0.6063777455E-13    0.2129973390E-50    0.1071672866E-35    0.3914362873E-52
    0.7690000000E+00    0.1893734018E-22    0.1307625190E-23    0.3307045113E-07    0.8078254454E-13    0.3040524118E-50    0.1529806527E-35    0.5987359817E-52
    0.7690000000E+00    0.2029172559E-22    0.1401145635E-23    0.3384076090E-07   -0.3440173722E-12   -0.1387430694E-49   -0.6980706115E-35   -0.2927508763E-51
    0.7690000000E+00    0.2174297571E-22    0.1501354598E-23    0.3462901348E-07   -0.1454164399E-11   -0.6284119455E-49   -0.3161786121E-34   -0.1420794730E-50
    0.7690000000E+00    0.2329801823E-22    0.1608730435E-23    0.3543562682E-07   -0.1305084220E-11   -0.6043234717E-49   -0.3040587594E-34   -0.1464051548E-50
    0.7690000000E+00    0.2496427630E-22    0.1723785718E-23    0.3626102861E-07    0.2436520776E-11    0.1208929688E-48    0.6082597786E-34    0.3138252970E-50
    0.7690000000E+00    0.2674970400E-22    0.1847069675E-23    0.3710565646E-07    0.3473564249E-10    0.1846742144E-47    0.9291681548E-33    0.5136806019E-49
    0.7690000000E+00    0.2866282424E-22    0.1979170815E-23    0.3796995823E-07    0.3547342695E-09    0.2020849959E-46    0.1016768602E-31    0.6023112508E-48
    0.7690000000E+00    0.3071276952E-22    0.2120719737E-23    0.3885439218E-07    0.1117869578E-08    0.6823733564E-46    0.3433287071E-31    0.2179259596E-47
    0.7690000000E+00    0.3290932546E-22    0.2272392139E-23    0.3975942724E-07    0.3377571686E-09    0.2209202364E-46    0.1111536059E-31    0.7560010608E-48
    0.7690000000E+00    0.3526297755E-22    0.2434912046E-23    0.4068554327E-07   -0.3242292717E-07   -0.2272391440E-44   -0.1143328953E-29   -0.8332398852E-46
    0.7690000000E+00    0.3778496121E-22    0.2609055264E-23    0.4163323131E-07   -0.8954698102E-06   -0.6724838709E-43   -0.3383529204E-28   -0.2642218799E-44
    0.7690000000E+00    0.4048731538E-22    0.2795653084E-23    0.4260299385E-07   -0.4283609437E-06   -0.3446996088E-43   -0.1734318462E-28   -0.1451201425E-44
    0.7690000000E+00    0.4338294005E-22    0.2995596250E-23    0.4359534505E-07    0.1142916227E-03    0.9854743446E-41    0.4958306614E-26    0.4445618881E-42
    0.7690000000E+00    0.4648565778E-22    0.3209839213E-23    0.4461081109E-07    0.1493752807E-03    0.1380097148E-40    0.6943808180E-26    0.6671086379E-42
    0.7690000000E+00    0.4981027973E-22    0.3439404683E-23    0.4564993037E-07   -0.1017248397E-01   -0.1007066010E-38   -0.5066942722E-24   -0.5216087209E-40
    0.7690000000E+00    0.5337267633E-22    0.3685388516E-23    0.4671325384E-07   -0.1145011324E+01   -0.1214620777E-36   -0.6111231880E-22   -0.6741050979E-38
    0.7690000000E+00    0.5718985306E-22    0.3948964943E-23    0.4780134531E-07   -0.1919688579E+02   -0.2182034963E-35   -0.1097867077E-20   -0.1297623227E-36
    0.7690000000E+00    0.6128003161E-22    0.4231392172E-23    0.4891478167E-07    0.1817779766E+02    0.2213972329E-35    0.1113936015E-20    0.1410779351E-36
    0.7690000000E+00    0.6566273690E-22    0.4534018400E-23    0.5005415331E-07    0.3807115757E+04    0.4968519582E-33    0.2499856403E-18    0.3392453562E-34
    0.7690000000E+00    0.7035889022E-22    0.4858288246E-23    0.5122006431E-07    0.8139943135E+05    0.1138288360E-31    0.5727173654E-17    0.8327970930E-33
    0.7690000000E+00    0.7539090917E-22    0.5205749646E-23    0.5241313287E-07    0.2870349118E+05    0.4300962409E-32    0.2163982297E-17    0.3371728155E-33
    0.7690000000E+00    0.8078281461E-22    0.5578061244E-23    0.5363399157E-07   -0.5741358287E+07   -0.9218188266E-30   -0.4638030822E-15   -0.7743413999E-31
    0.7690000000E+00    0.8656034539E-22    0.5977000309E-23    0.5488328773E-07   -0.2686811563E+09   -0.4622406471E-28   -0.2325713369E-13   -0.4160591124E-29
    0.7690000000E+00    0.9275108115E-22    0.6404471218E-23    0.5616168372E-07   -0.1078663844E+11   -0.1988460854E-26   -0.1000472377E-11   -0.1917802813E-27
    0.7690000000E+00    0.9938457404E-22    0.6862514550E-23    0.5746985739E-07   -0.3906058803E+12   -0.7715599938E-25   -0.3882019903E-10   -0.7973639682E-26
    0.7690000000E+00    0.1064924897E-21    0.7353316823E-23    0.5880850233E-07   -0.1959992641E+13   -0.4148445268E-24   -0.2087244962E-09   -0.4593801977E-25
    0.7690000000E+00    0.1141087586E-21    0.7879220933E-23    0.6017832832E-07    0.1898101495E+13    0.4304773992E-24    0.2165900053E-09    0.5107839719E-25
    0.7690000000E+00    0.1222697377E-21    0.8442737340E-23    0.6158006166E-07    0.1367894340E+15    0.3324171920E-22    0.1672520823E-07    0.4226397904E-23
    0.7690000000E+00    0.1310143844E-21    0.9046556049E-23    0.6301444556E-07    0.3394803289E+16    0.8839863076E-21    0.4447680631E-06    0.1204293781E-21
    0.7690000000E+00    0.1403844422E-21    0.9693559452E-23    0.6448224056E-07    0.7331419575E+17    0.2045591916E-19    0.1029217247E-04    0.2986110704E-20
    0.7690000000E+00    0.1504246400E-21    0.1038683609E-22    0.6598422489E-07    0.9151795856E+18    0.2736133276E-18    0.1376655596E-03    0.4279806693E-19
    0.7690000000E+00    0.1611829057E-21    0.1112969539E-22    0.6752119493E-07    0.1055135066E+19    0.3380173404E-18    0.1700697358E-03    0.5665338790E-19
    0.7690000000E+00    0.1727105951E-21    0.1192568347E-22    0.6909396560E-07   -0.6177638811E+19   -0.2120574021E-17   -0.1066943676E-02   -0.3808380584E-18
    0.7690000000E+00    0.1850627369E-21    0.1277860007E-22    0.7070337081E-07   -0.1298803927E+21   -0.4777212026E-16   -0.2403602094E-01   -0.9193088111E-17
    0.7690000000E+00    0.1982982953E-21    0.1369251667E-22    0.7235026388E-07   -0.1813844442E+22   -0.7148764038E-15   -0.3596822606E+00   -0.1474069187E-15
    0.7690000000E+00    0.2124804516E-21    0.1467179595E-22    0.7403551802E-07   -0.2247120900E+23   -0.9489806626E-14   -0.4774692635E+01   -0.2096738494E-14
    0.7690000000E+00    0.2276769058E-21    0.1572111260E-22    0.7576002677E-07   -0.2550374816E+24   -0.1154077396E-12   -0.5806614468E+02   -0.2732258846E-13
    0.7690000000E+00    0.2439602000E-21    0.1684547565E-22    0.7752470448E-07   -0.2643041649E+25   -0.1281548158E-11   -0.6447969692E+03   -0.3251036432E-12
    0.7690000000E+00    0.2614080640E-21    0.1805025236E-22    0.7933048683E-07   -0.7403119280E+25   -0.3846322281E-11   -0.1935235078E+04   -0.1045520557E-11
    0.7690000000E+00    0.2801037871E-21    0.1934119387E-22    0.8117833125E-07   -0.4951400518E+25   -0.2756506251E-11   -0.1386906037E+04   -0.8028712145E-12
    0.7690000000E+00    0.3001366153E-21    0.2072446262E-22    0.8306921749E-07    0.3767317582E+26    0.2247310890E-10    0.1130709948E+05    0.7013746453E-11
    0.7690000000E+00    0.3216021775E-21    0.2220666179E-22    0.8500414813E-07    0.4100764243E+27    0.2621173242E-09    0.1318814710E+06    0.8765619839E-10
    0.7690000000E+00    0.3446029418E-21    0.2379486681E-22    0.8698414910E-07    0.3129583251E+28    0.2143470114E-08    0.1078463595E+07    0.7680762536E-09
    0.7690000000E+00    0.3692487048E-21    0.2549665916E-22    0.8901027021E-07    0.2112929535E+29    0.1550657692E-07    0.7801964943E+07    0.5953917924E-08
    0.7690000000E+00    0.3956571157E-21    0.2732016250E-22    0.9108358575E-07    0.1312122451E+30    0.1031823204E-06    0.5191505843E+08    0.4245141747E-07
    0.7690000000E+00    0.4239542377E-21    0.2927408154E-22    0.9320519501E-07    0.7569121522E+30    0.6377880853E-06    0.3208961145E+09    0.2811663270E-06
    0.7690000000E+00    0.4542751502E-21    0.3136774352E-22    0.9537622289E-07    0.4070491135E+31    0.3675172575E-05    0.1849122972E+10    0.1736059648E-05
    0.7690000000E+00    0.4867645933E-21    0.3361114274E-22    0.9759782052E-07    0.2044849913E+32    0.1978300958E-04    0.9953605363E+10    0.1001334701E-04
    0.7690000000E+00    0.5215776589E-21    0.3601498832E-22    0.9987116580E-07    0.9611399373E+32    0.9963628984E-04    0.5013091184E+11    0.5403864529E-04
    0.7690000000E+00    0.5588805307E-21    0.3859075526E-22    0.1021974641E-06    0.4232426000E+33    0.4701325247E-03    0.2365420489E+12    0.2732166759E-03
    0.7690000000E+00    0.5988512779E-21    0.4135073927E-22    0.1045779488E-06    0.1747507025E+34    0.2079935437E-02    0.1046496815E+13    0.1295199774E-02
    0.7690000000E+00    0.6416807053E-21    0.4430811541E-22    0.1070138822E-06    0.6765163667E+34    0.8627982026E-02    0.4341074993E+13    0.5756998779E-02
    0.7690000000E+00    0.6875732635E-21    0.4747700104E-22    0.1095065557E-06    0.2188377965E+35    0.2990565075E-01    0.1504670179E+14    0.2138159814E-01
    0.7690000000E+00    0.7367480256E-21    0.5087252317E-22    0.1120572911E-06    0.4481907160E+35    0.6562869674E-01    0.3302036251E+14    0.5027831167E-01
    0.7690000000E+00    0.7894397325E-21    0.5451089068E-22    0.1146674407E-06    0.6666311986E+35    0.1045963570E+00    0.5262651551E+14    0.8586248718E-01
    0.7690000000E+00    0.8458999137E-21    0.5840947171E-22    0.1173383885E-06    0.7823303445E+35    0.1315288732E+00    0.6617731709E+14    0.1156932458E+00
    0.7690000000E+00    0.9063980879E-21    0.6258687655E-22    0.1200715507E-06    0.7881315248E+35    0.1419808014E+00    0.7143609071E+14    0.1338186145E+00
    0.7690000000E+00    0.9712230494E-21    0.6706304648E-22    0.1228683764E-06    0.7649830112E+35    0.1476667492E+00    0.7429691329E+14    0.1491315803E+00
    0.7690000000E+00    0.1040684247E-20    0.7185934897E-22    0.1257303485E-06    0.6547521530E+35    0.1354278111E+00    0.6813902513E+14    0.1465530174E+00
    0.7690000000E+00    0.1115113261E-20    0.7699867968E-22    0.1286589846E-06    0.4599303445E+35    0.1019349203E+00    0.5128744265E+14    0.1181979361E+00
    0.7690000000E+00    0.1194865387E-20    0.8250557175E-22    0.1316558373E-06    0.2745397415E+35    0.6519828084E-01    0.3280380345E+14    0.8100709347E-01
    0.7690000000E+00    0.1280321329E-20    0.8840631292E-22    0.1347224957E-06    0.1420953348E+35    0.3615852811E-01    0.1819276880E+14    0.4813906483E-01
    0.7690000000E+00    0.1371889021E-20    0.9472907100E-22    0.1378605858E-06    0.6446118729E+34    0.1757637154E-01    0.8843359516E+13    0.2507356748E-01
    0.7690000000E+00    0.1470005571E-20    0.1015040283E-21    0.1410717713E-06    0.2560052536E+34    0.7479624606E-02    0.3763291490E+13    0.1143317122E-01
    0.7690000000E+00    0.1575139348E-20    0.1087635259E-21    0.1443577550E-06    0.8706795238E+33    0.2725770299E-02    0.1371441578E+13    0.4464534267E-02
    0.7690000000E+00    0.1687792220E-20    0.1165422177E-21    0.1477202791E-06    0.2370037527E+33    0.7950348139E-03    0.4000130899E+12    0.1395317535E-02
    0.7690000000E+00    0.1808501947E-20    0.1248772362E-21    0.1511611264E-06    0.2477977726E+32    0.8906935805E-04    0.4481427543E+11    0.1675001607E-03
    0.7690000000E+00    0.1937844750E-20    0.1338083694E-21    0.1546821213E-06    0.1137817873E+31    0.4382315847E-05    0.2204914391E+10    0.8830607483E-05
    0.7690000000E+00    0.2076438060E-20    0.1433782510E-21    0.1582851308E-06    0.2137468918E+30    0.8821262219E-06    0.4438321813E+09    0.1904660774E-05
    0.7690000000E+00    0.2224943467E-20    0.1536325639E-21    0.1619720651E-06    0.5190063280E+29    0.2295110379E-06    0.1154759739E+09    0.5309950623E-06
    0.7690000000E+00    0.2384069878E-20    0.1646202581E-21    0.1657448792E-06    0.1077236384E+29    0.5104367531E-07    0.2568206816E+08    0.1265402952E-06
    0.7690000000E+00    0.2554576900E-20    0.1763937846E-21    0.1696055734E-06    0.1856637821E+28    0.9426665942E-08    0.4742924089E+07    0.2504061683E-07
    0.7690000000E+00    0.2737278465E-20    0.1890093455E-21    0.1735561947E-06    0.3958488529E+27    0.2153576555E-08    0.1083548540E+07    0.6129812922E-08
    0.7690000000E+00    0.2933046719E-20    0.2025271626E-21    0.1775988378E-06    0.9725687163E+26    0.5669584335E-09    0.2852589482E+06    0.1729171725E-08
    0.7690000000E+00    0.3142816182E-20    0.2170117645E-21    0.1817356462E-06    0.2118500570E+26    0.1323303646E-09    0.6658057873E+05    0.4324604688E-09
    0.7690000000E+00    0.3367588212E-20    0.2325322952E-21    0.1859688132E-06    0.4826853019E+25    0.3230687850E-10    0.1625485333E+05    0.1131310724E-09
    0.7690000000E+00    0.3608435782E-20    0.2491628434E-21    0.1903005833E-06    0.4786323475E+24    0.3432677238E-11    0.1727114089E+04    0.1288011901E-10
    0.7690000000E+00    0.3866508602E-20    0.2669827968E-21    0.1947332533E-06    0.1847502715E+24    0.1419763508E-11    0.7143385140E+03    0.5708249075E-11
