    0.7900000000E+00    0.4143038610E-23    0.2860772210E-24    0.1992691735E-07    0.0000000000E+00    0.0000000000E+00    0.0000000000E+00    0.0000000000E+00
    0.7900000000E+00    0.4439345853E-23    0.3065372650E-24    0.2039107488E-07    0.0000000000E+00    0.0000000000E+00    0.0000000000E+00    0.0000000000E+00
    0.7900000000E+00    0.4756844785E-23    0.3284605973E-24    0.2086604403E-07    0.0000000000E+00    0.0000000000E+00    0.0000000000E+00    0.0000000000E+00
    0.7900000000E+00    0.5097051019E-23    0.3519518710E-24    0.2135207663E-07    0.0000000000E+00    0.0000000000E+00    0.0000000000E+00    0.0000000000E+00
    0.7900000000E+00    0.5461588566E-23    0.3771232243E-24    0.2184943039E-07    0.0000000000E+00    0.0000000000E+00    0.0000000000E+00    0.0000000000E+00
    0.7900000000E+00    0.5852197586E-23    0.4040948153E-24    0.2235836900E-07    0.0000000000E+00    0.0000000000E+00    0.0000000000E+00    0.0000000000E+00
    0.7900000000E+00    0.6270742692E-23    0.4329953957E-24    0.2287916232E-07    0.0000000000E+00    0.0000000000E+00    0.0000000000E+00    0.0000000000E+00
    0.7900000000E+00    0.6719221852E-23    0.4639629256E-24    0.2341208647E-07    0.0000000000E+00    0.0000000000E+00    0.0000000000E+00    0.0000000000E+00
    0.7900000000E+00    0.7199775931E-23    0.4971452317E-24    0.2395742402E-07    0.0000000000E+00    0.0000000000E+00    0.0000000000E+00    0.0000000000E+00
    0.7900000000E+00    0.7714698903E-23    0.5327007132E-24    0.2451546411E-07    0.0000000000E+00    0.0000000000E+00    0.0000000000E+00    0.0000000000E+00
    0.7900000000E+00    0.8266448809E-23    0.5707990981E-24    0.2508650263E-07    0.0000000000E+00    0.0000000000E+00    0.0000000000E+00    0.0000000000E+00
    0.7900000000E+00    0.8857659485E-23    0.6116222531E-24    0.2567084234E-07    0.0000000000E+00    0.0000000000E+00    0.0000000000E+00    0.0000000000E+00
    0.7900000000E+00    0.9491153137E-23    0.6553650517E-24    0.2626879307E-07    0.0000000000E+00    0.0000000000E+00    0.0000000000E+00    0.0000000000E+00
    0.7900000000E+00    0.1016995382E-22    0.7022363048E-24    0.2688067187E-07    0.0000000000E+00    0.0000000000E+00    0.0000000000E+00    0.0000000000E+00
    0.7900000000E+00    0.1089730185E-22    0.7524597575E-24    0.2750680315E-07    0.0000000000E+00    0.0000000000E+00    0.0000000000E+00    0.0000000000E+00
    0.7900000000E+00    0.1167666930E-22    0.8062751566E-24    0.2814751890E-07    0.0000000000E+00    0.0000000000E+00    0.0000000000E+00    0.0000000000E+00
    0.7900000000E+00    0.1251177658E-22    0.8639393956E-24    0.2880315884E-07   -0.1405445203E-15   -0.3494981180E-53   -0.1758461638E-38   -0.4279007815E-55
    0.7900000000E+00    0.1340661015E-22    0.9257277409E-24    0.2947407060E-07   -0.2063025333E-15   -0.5497123384E-53   -0.2765817637E-38   -0.7211634755E-55
    0.7900000000E+00    0.1436544159E-22    0.9919351458E-24    0.3016060990E-07   -0.2680204206E-15   -0.7652420180E-53   -0.3850231697E-38   -0.1075714559E-54
    0.7900000000E+00    0.1539284799E-22    0.1062877658E-23    0.3086314075E-07   -0.4570680159E-15   -0.1398336699E-52   -0.7035578492E-38   -0.2106250367E-54
    0.7900000000E+00    0.1649373379E-22    0.1138893930E-23    0.3158203565E-07   -0.5825574123E-15   -0.1909719824E-52   -0.9608546873E-38   -0.3082250236E-54
    0.7900000000E+00    0.1767335417E-22    0.1220346833E-23    0.3231767576E-07   -0.5151121867E-15   -0.1809392345E-52   -0.9103760112E-38   -0.3129183177E-54
    0.7900000000E+00    0.1893734018E-22    0.1307625190E-23    0.3307045113E-07    0.4040719192E-15    0.1520861249E-52    0.7652047392E-38    0.2818303971E-54
    0.7900000000E+00    0.2029172559E-22    0.1401145635E-23    0.3384076090E-07    0.1035937395E-13    0.4177961506E-51    0.2102095735E-36    0.8295884032E-53
    0.7900000000E+00    0.2174297571E-22    0.1501354598E-23    0.3462901348E-07    0.1142513110E-13    0.4937329552E-51    0.2484163480E-36    0.1050486206E-52
    0.7900000000E+00    0.2329801823E-22    0.1608730435E-23    0.3543562682E-07   -0.4960337679E-13   -0.2296900416E-50   -0.1155660377E-35   -0.5236491519E-52
    0.7900000000E+00    0.2496427630E-22    0.1723785718E-23    0.3626102861E-07   -0.4554605514E-12   -0.2259860814E-49   -0.1137024305E-34   -0.5520519263E-51
    0.7900000000E+00    0.2674970400E-22    0.1847069675E-23    0.3710565646E-07   -0.5805956224E-12   -0.3086772915E-49   -0.1553076104E-34   -0.8079842944E-51
    0.7900000000E+00    0.2866282424E-22    0.1979170815E-23    0.3796995823E-07    0.5116599500E-12    0.2914824075E-49    0.1466561922E-34    0.8175429657E-51
    0.7900000000E+00    0.3071276952E-22    0.2120719737E-23    0.3885439218E-07    0.1803409143E-10    0.1100842508E-47    0.5538768937E-33    0.3308441267E-49
    0.7900000000E+00    0.3290932546E-22    0.2272392139E-23    0.3975942724E-07    0.2407700511E-09    0.1574828946E-46    0.7923579972E-32    0.5071443915E-48
    0.7900000000E+00    0.3526297755E-22    0.2434912046E-23    0.4068554327E-07    0.2734538630E-09    0.1916527198E-46    0.9642797431E-32    0.6613223874E-48
    0.7900000000E+00    0.3778496121E-22    0.2609055264E-23    0.4163323131E-07   -0.8164325254E-08   -0.6131281020E-45   -0.3084887130E-30   -0.2266989247E-46
    0.7900000000E+00    0.4048731538E-22    0.2795653084E-23    0.4260299385E-07   -0.1671812679E-06   -0.1345298130E-43   -0.6768720720E-29   -0.5329871968E-45
    0.7900000000E+00    0.4338294005E-22    0.2995596250E-23    0.4359534505E-07    0.4048586655E-06    0.3490875523E-43    0.1756395921E-28    0.1481946759E-44
    0.7900000000E+00    0.4648565778E-22    0.3209839213E-23    0.4461081109E-07    0.2508790024E-04    0.2317902895E-41    0.1166227545E-26    0.1054371058E-42
    0.7900000000E+00    0.4981027973E-22    0.3439404683E-23    0.4564993037E-07   -0.1199100148E-04   -0.1187097473E-41   -0.5972751380E-27   -0.5786082460E-43
    0.7900000000E+00    0.5337267633E-22    0.3685388516E-23    0.4671325384E-07   -0.7250990929E-02   -0.7691805356E-39   -0.3870047919E-24   -0.4017228396E-40
    0.7900000000E+00    0.5718985306E-22    0.3948964943E-23    0.4780134531E-07   -0.7982404742E+00   -0.9073287420E-37   -0.4565125542E-22   -0.5077651693E-38
    0.7900000000E+00    0.6128003161E-22    0.4231392172E-23    0.4891478167E-07   -0.4408171021E+01   -0.5368949996E-36   -0.2701328595E-21   -0.3219493831E-37
    0.7900000000E+00    0.6566273690E-22    0.4534018400E-23    0.5005415331E-07    0.2779627826E+02    0.3627584809E-35    0.1825179706E-20    0.2330857980E-36
    0.7900000000E+00    0.7035889022E-22    0.4858288246E-23    0.5122006431E-07    0.2635021805E+04    0.3684810323E-33    0.1853972099E-18    0.2536958573E-34
    0.7900000000E+00    0.7539090917E-22    0.5205749646E-23    0.5241313287E-07    0.2430287784E+05    0.3641569708E-32    0.1832216056E-17    0.2686500130E-33
    0.7900000000E+00    0.8078281461E-22    0.5578061244E-23    0.5363399157E-07   -0.3670945085E+05   -0.5893982088E-32   -0.2965492762E-17   -0.4659153832E-33
    0.7900000000E+00    0.8656034539E-22    0.5977000309E-23    0.5488328773E-07   -0.3996345846E+07   -0.6875336982E-30   -0.3459250767E-15   -0.5823609252E-31
    0.7900000000E+00    0.9275108115E-22    0.6404471218E-23    0.5616168372E-07   -0.1836065075E+09   -0.3384690743E-28   -0.1702970208E-13   -0.3071971851E-29
    0.7900000000E+00    0.9938457404E-22    0.6862514550E-23    0.5746985739E-07   -0.7447167831E+10   -0.1471031814E-26   -0.7401336027E-12   -0.1430606861E-27
    0.7900000000E+00    0.1064924897E-21    0.7353316823E-23    0.5880850233E-07   -0.2633511621E+12   -0.5573989714E-25   -0.2804492092E-10   -0.5808505449E-26
    0.7900000000E+00    0.1141087586E-21    0.7879220933E-23    0.6017832832E-07   -0.6691343703E+12   -0.1517554378E-24   -0.7635409233E-10   -0.1694503617E-25
    0.7900000000E+00    0.1222697377E-21    0.8442737340E-23    0.6158006166E-07    0.2387719643E+13    0.5802488069E-24    0.2919458545E-09    0.6942445743E-25
    0.7900000000E+00    0.1310143844E-21    0.9046556049E-23    0.6301444556E-07    0.9794131507E+14    0.2550332791E-22    0.1283172110E-07    0.3269603526E-23
    0.7900000000E+00    0.1403844422E-21    0.9693559452E-23    0.6448224056E-07    0.2408705385E+16    0.6720701513E-21    0.3381447619E-06    0.9232362443E-22
    0.7900000000E+00    0.1504246400E-21    0.1038683609E-22    0.6598422489E-07    0.5255630596E+17    0.1571287864E-19    0.7905763402E-05    0.2312884759E-20
    0.7900000000E+00    0.1611829057E-21    0.1112969539E-22    0.6752119493E-07    0.4892823422E+18    0.1567438344E-18    0.7886394963E-04    0.2472229047E-19
    0.7900000000E+00    0.1727105951E-21    0.1192568347E-22    0.6909396560E-07    0.4288326731E+18    0.1472037220E-18    0.7406394618E-04    0.2487808969E-19
    0.7900000000E+00    0.1850627369E-21    0.1277860007E-22    0.7070337081E-07   -0.5150112076E+19   -0.1894294961E-17   -0.9530938361E-03   -0.3430408519E-18
    0.7900000000E+00    0.1982982953E-21    0.1369251667E-22    0.7235026388E-07   -0.9722320351E+20   -0.3831782511E-16   -0.1927919552E-01   -0.7435310151E-17
    0.7900000000E+00    0.2124804516E-21    0.1467179595E-22    0.7403551802E-07   -0.1359782239E+22   -0.5742490539E-15   -0.2889271443E+00   -0.1193984053E-15
    0.7900000000E+00    0.2276769058E-21    0.1572111260E-22    0.7576002677E-07   -0.1705600407E+23   -0.7718061147E-14   -0.3883258234E+01   -0.1719516918E-14
    0.7900000000E+00    0.2439602000E-21    0.1684547565E-22    0.7752470448E-07   -0.1964275958E+24   -0.9524307860E-13   -0.4792051554E+02   -0.2273692154E-13
    0.7900000000E+00    0.2614080640E-21    0.1805025236E-22    0.7933048683E-07   -0.2014086475E+25   -0.1046427241E-11   -0.5264984460E+03   -0.2676746695E-12
    0.7900000000E+00    0.2801037871E-21    0.1934119387E-22    0.8117833125E-07   -0.4930551386E+25   -0.2744899280E-11   -0.1381066116E+04   -0.7523581873E-12
    0.7900000000E+00    0.3001366153E-21    0.2072446262E-22    0.8306921749E-07   -0.2591753576E+25   -0.1546053899E-11   -0.7778801461E+03   -0.4540700618E-12
    0.7900000000E+00    0.3216021775E-21    0.2220666179E-22    0.8500414813E-07    0.3320923469E+26    0.2122705725E-10    0.1068016219E+05    0.6680177917E-11
    0.7900000000E+00    0.3446029418E-21    0.2379486681E-22    0.8698414910E-07    0.3448930030E+27    0.2362192616E-09    0.1188511435E+06    0.7965509242E-10
    0.7900000000E+00    0.3692487048E-21    0.2549665916E-22    0.8901027021E-07    0.2645505598E+28    0.1941509897E-08    0.9768495158E+06    0.7015164300E-09
    0.7900000000E+00    0.3956571157E-21    0.2732016250E-22    0.9108358575E-07    0.1808742037E+29    0.1422353534E-07    0.7156416573E+07    0.5506882299E-08
    0.7900000000E+00    0.4239542377E-21    0.2927408154E-22    0.9320519501E-07    0.1139414798E+30    0.9600918421E-07    0.4830597322E+08    0.3983006523E-07
    0.7900000000E+00    0.4542751502E-21    0.3136774352E-22    0.9537622289E-07    0.6670571933E+30    0.6022738343E-06    0.3030275067E+09    0.2677270384E-06
    0.7900000000E+00    0.4867645933E-21    0.3361114274E-22    0.9759782052E-07    0.3641053801E+31    0.3522556925E-05    0.1772336073E+10    0.1677862077E-05
    0.7900000000E+00    0.5215776589E-21    0.3601498832E-22    0.9987116580E-07    0.1856510629E+32    0.1924546301E-04    0.9683144676E+10    0.9822603239E-05
    0.7900000000E+00    0.5588805307E-21    0.3859075526E-22    0.1021974641E-06    0.8855180213E+32    0.9836222133E-04    0.4948987817E+11    0.5379309919E-04
    0.7900000000E+00    0.5988512779E-21    0.4135073927E-22    0.1045779488E-06    0.3955263926E+33    0.4707674123E-03    0.2368614857E+12    0.2758700988E-03
    0.7900000000E+00    0.6416807053E-21    0.4430811541E-22    0.1070138822E-06    0.1655091107E+34    0.2110827915E-02    0.1062040029E+13    0.1325412515E-02
    0.7900000000E+00    0.6875732635E-21    0.4747700104E-22    0.1095065557E-06    0.6485882351E+34    0.8863392680E-02    0.4459519295E+13    0.5963458876E-02
    0.7900000000E+00    0.7367480256E-21    0.5087252317E-22    0.1120572911E-06    0.2129285692E+35    0.3117919224E-01    0.1568747030E+14    0.2247828110E-01
    0.7900000000E+00    0.7894397325E-21    0.5451089068E-22    0.1146674407E-06    0.4379105697E+35    0.6870943094E-01    0.3457040030E+14    0.5307800486E-01
    0.7900000000E+00    0.8458999137E-21    0.5840947171E-22    0.1173383885E-06    0.6473551581E+35    0.1088362418E+00    0.5475976724E+14    0.9008900180E-01
    0.7900000000E+00    0.9063980879E-21    0.6258687655E-22    0.1200715507E-06    0.7500981928E+35    0.1351291494E+00    0.6798875676E+14    0.1198525507E+00
    0.7900000000E+00    0.9712230494E-21    0.6706304648E-22    0.1228683764E-06    0.7523925733E+35    0.1452363828E+00    0.7307410094E+14    0.1380300554E+00
    0.7900000000E+00    0.1040684247E-20    0.7185934897E-22    0.1257303485E-06    0.7251624335E+35    0.1499913526E+00    0.7546651212E+14    0.1527441056E+00
    0.7900000000E+00    0.1115113261E-20    0.7699867968E-22    0.1286589846E-06    0.6063572015E+35    0.1343876822E+00    0.6761569566E+14    0.1466417727E+00
    0.7900000000E+00    0.1194865387E-20    0.8250557175E-22    0.1316558373E-06    0.4143616501E+35    0.9840348463E-01    0.4951063935E+14    0.1150558529E+00
    0.7900000000E+00    0.1280321329E-20    0.8840631292E-22    0.1347224957E-06    0.2394280193E+35    0.6092645321E-01    0.3065448000E+14    0.7633155941E-01
    0.7900000000E+00    0.1371889021E-20    0.9472907100E-22    0.1378605858E-06    0.1189547754E+35    0.3243491808E-01    0.1631927505E+14    0.4354226770E-01
    0.7900000000E+00    0.1470005571E-20    0.1015040283E-21    0.1410717713E-06    0.5115140704E+34    0.1494474497E-01    0.7519285331E+13    0.2149744005E-01
    0.7900000000E+00    0.1575139348E-20    0.1087635259E-21    0.1443577550E-06    0.1888635899E+34    0.5912609059E-02    0.2974864720E+13    0.9113336420E-02
    0.7900000000E+00    0.1687792220E-20    0.1165422177E-21    0.1477202791E-06    0.5802416278E+33    0.1946434558E-02    0.9793273052E+12    0.3214682195E-02
    0.7900000000E+00    0.1808501947E-20    0.1248772362E-21    0.1511611264E-06    0.1072810813E+33    0.3856151305E-03    0.1940180444E+12    0.6824208765E-03
    0.7900000000E+00    0.1937844750E-20    0.1338083694E-21    0.1546821213E-06    0.1961343623E+31    0.7554132737E-05    0.3800779443E+10    0.1432461142E-04
    0.7900000000E+00    0.2076438060E-20    0.1433782510E-21    0.1582851308E-06    0.3486280459E+30    0.1438776201E-05    0.7239045433E+09    0.2923421817E-05
    0.7900000000E+00    0.2224943467E-20    0.1536325639E-21    0.1619720651E-06    0.8496304463E+29    0.3757171253E-06    0.1890379711E+09    0.8180111604E-06
    0.7900000000E+00    0.2384069878E-20    0.1646202581E-21    0.1657448792E-06    0.1838832241E+29    0.8713106727E-07    0.4383904558E+08    0.2032690568E-06
    0.7900000000E+00    0.2554576900E-20    0.1763937846E-21    0.1696055734E-06    0.2981898582E+28    0.1513992739E-07    0.7617489236E+07    0.3784617826E-07
    0.7900000000E+00    0.2737278465E-20    0.1890093455E-21    0.1735561947E-06    0.6142655736E+27    0.3341851134E-08    0.1681415926E+07    0.8951284037E-08
    0.7900000000E+00    0.2933046719E-20    0.2025271626E-21    0.1775988378E-06    0.1508221595E+27    0.8792170041E-09    0.4423684401E+06    0.2523447751E-08
    0.7900000000E+00    0.3142816182E-20    0.2170117645E-21    0.1817356462E-06    0.3317879583E+26    0.2072485706E-09    0.1042748565E+06    0.6373673055E-09
    0.7900000000E+00    0.3367588212E-20    0.2325322952E-21    0.1859688132E-06    0.7685616603E+25    0.5144102809E-10    0.2588199187E+05    0.1695149001E-09
    0.7900000000E+00    0.3608435782E-20    0.2491628434E-21    0.1903005833E-06    0.8166302255E+24    0.5856745791E-11    0.2946757726E+04    0.2068019418E-10
    0.7900000000E+00    0.3866508602E-20    0.2669827968E-21    0.1947332533E-06    0.2874788639E+24    0.2209209203E-11    0.1111539500E+04    0.8358629627E-11
