    0.7880000000E+00    0.4143038610E-23    0.2860772210E-24    0.1992691735E-07    0.0000000000E+00    0.0000000000E+00    0.0000000000E+00    0.0000000000E+00
    0.7880000000E+00    0.4439345853E-23    0.3065372650E-24    0.2039107488E-07    0.0000000000E+00    0.0000000000E+00    0.0000000000E+00    0.0000000000E+00
    0.7880000000E+00    0.4756844785E-23    0.3284605973E-24    0.2086604403E-07    0.0000000000E+00    0.0000000000E+00    0.0000000000E+00    0.0000000000E+00
    0.7880000000E+00    0.5097051019E-23    0.3519518710E-24    0.2135207663E-07    0.0000000000E+00    0.0000000000E+00    0.0000000000E+00    0.0000000000E+00
    0.7880000000E+00    0.5461588566E-23    0.3771232243E-24    0.2184943039E-07    0.0000000000E+00    0.0000000000E+00    0.0000000000E+00    0.0000000000E+00
    0.7880000000E+00    0.5852197586E-23    0.4040948153E-24    0.2235836900E-07    0.0000000000E+00    0.0000000000E+00    0.0000000000E+00    0.0000000000E+00
    0.7880000000E+00    0.6270742692E-23    0.4329953957E-24    0.2287916232E-07    0.0000000000E+00    0.0000000000E+00    0.0000000000E+00    0.0000000000E+00
    0.7880000000E+00    0.6719221852E-23    0.4639629256E-24    0.2341208647E-07    0.0000000000E+00    0.0000000000E+00    0.0000000000E+00    0.0000000000E+00
    0.7880000000E+00    0.7199775931E-23    0.4971452317E-24    0.2395742402E-07    0.0000000000E+00    0.0000000000E+00    0.0000000000E+00    0.0000000000E+00
    0.7880000000E+00    0.7714698903E-23    0.5327007132E-24    0.2451546411E-07    0.0000000000E+00    0.0000000000E+00    0.0000000000E+00    0.0000000000E+00
    0.7880000000E+00    0.8266448809E-23    0.5707990981E-24    0.2508650263E-07    0.0000000000E+00    0.0000000000E+00    0.0000000000E+00    0.0000000000E+00
    0.7880000000E+00    0.8857659485E-23    0.6116222531E-24    0.2567084234E-07    0.0000000000E+00    0.0000000000E+00    0.0000000000E+00    0.0000000000E+00
    0.7880000000E+00    0.9491153137E-23    0.6553650517E-24    0.2626879307E-07    0.0000000000E+00    0.0000000000E+00    0.0000000000E+00    0.0000000000E+00
    0.7880000000E+00    0.1016995382E-22    0.7022363048E-24    0.2688067187E-07    0.1075604763E-15    0.2174120649E-53    0.1093885077E-38    0.2175201251E-55
    0.7880000000E+00    0.1089730185E-22    0.7524597575E-24    0.2750680315E-07    0.0000000000E+00    0.0000000000E+00    0.0000000000E+00    0.0000000000E+00
    0.7880000000E+00    0.1167666930E-22    0.8062751566E-24    0.2814751890E-07    0.0000000000E+00    0.0000000000E+00    0.0000000000E+00    0.0000000000E+00
    0.7880000000E+00    0.1251177658E-22    0.8639393956E-24    0.2880315884E-07   -0.2053464406E-15   -0.5106438471E-53   -0.2569248786E-38   -0.6285414266E-55
    0.7880000000E+00    0.1340661015E-22    0.9257277409E-24    0.2947407060E-07   -0.1990765074E-15   -0.5304579186E-53   -0.2668941125E-38   -0.6996272885E-55
    0.7880000000E+00    0.1436544159E-22    0.9919351458E-24    0.3016060990E-07   -0.3074111309E-15   -0.8777089210E-53   -0.4416096646E-38   -0.1240413020E-54
    0.7880000000E+00    0.1539284799E-22    0.1062877658E-23    0.3086314075E-07   -0.5684786642E-15   -0.1739182247E-52   -0.8750505665E-38   -0.2633667213E-54
    0.7880000000E+00    0.1649373379E-22    0.1138893930E-23    0.3158203565E-07   -0.5957081606E-15   -0.1952830158E-52   -0.9825451816E-38   -0.3168693822E-54
    0.7880000000E+00    0.1767335417E-22    0.1220346833E-23    0.3231767576E-07   -0.4487900614E-15   -0.1576428053E-52   -0.7931625702E-38   -0.2740879599E-54
    0.7880000000E+00    0.1893734018E-22    0.1307625190E-23    0.3307045113E-07    0.1178568840E-14    0.4435942198E-52    0.2231895904E-37    0.8264216426E-54
    0.7880000000E+00    0.2029172559E-22    0.1401145635E-23    0.3384076090E-07    0.1395852347E-13    0.5629507540E-51    0.2832425280E-36    0.1123792706E-52
    0.7880000000E+00    0.2174297571E-22    0.1501354598E-23    0.3462901348E-07    0.1081093729E-13    0.4671907894E-51    0.2350619469E-36    0.9993326475E-53
    0.7880000000E+00    0.2329801823E-22    0.1608730435E-23    0.3543562682E-07   -0.9973924348E-13   -0.4618457949E-50   -0.2323726712E-35   -0.1058553463E-51
    0.7880000000E+00    0.2496427630E-22    0.1723785718E-23    0.3626102861E-07   -0.5829864334E-12   -0.2892606597E-49   -0.1455383440E-34   -0.7104036366E-51
    0.7880000000E+00    0.2674970400E-22    0.1847069675E-23    0.3710565646E-07   -0.5888573615E-12   -0.3130696968E-49   -0.1575176012E-34   -0.8238664854E-51
    0.7880000000E+00    0.2866282424E-22    0.1979170815E-23    0.3796995823E-07    0.1329767167E-11    0.7575416744E-49    0.3811488259E-34    0.2136103704E-50
    0.7880000000E+00    0.3071276952E-22    0.2120719737E-23    0.3885439218E-07    0.3012988571E-10    0.1839197670E-47    0.9253722355E-33    0.5557048815E-49
    0.7880000000E+00    0.3290932546E-22    0.2272392139E-23    0.3975942724E-07    0.3042480855E-09    0.1990026125E-46    0.1001259926E-31    0.6442798984E-48
    0.7880000000E+00    0.3526297755E-22    0.2434912046E-23    0.4068554327E-07    0.2731631955E-09    0.1914490027E-46    0.9632547631E-32    0.6641541827E-48
    0.7880000000E+00    0.3778496121E-22    0.2609055264E-23    0.4163323131E-07   -0.1379171716E-07   -0.1035736464E-44   -0.5211194979E-30   -0.3850038476E-46
    0.7880000000E+00    0.4048731538E-22    0.2795653084E-23    0.4260299385E-07   -0.2087152758E-06   -0.1679519923E-43   -0.8450321194E-29   -0.6689612528E-45
    0.7880000000E+00    0.4338294005E-22    0.2995596250E-23    0.4359534505E-07    0.7732581193E-06    0.6667383144E-43    0.3354621063E-28    0.2845582730E-44
    0.7880000000E+00    0.4648565778E-22    0.3209839213E-23    0.4461081109E-07    0.3148457455E-04    0.2908899741E-41    0.1463581158E-26    0.1330284579E-42
    0.7880000000E+00    0.4981027973E-22    0.3439404683E-23    0.4564993037E-07   -0.3524379706E-04   -0.3489101598E-41   -0.1755503390E-26   -0.1709737430E-42
    0.7880000000E+00    0.5337267633E-22    0.3685388516E-23    0.4671325384E-07   -0.1138691139E-01   -0.1207916365E-38   -0.6077499360E-24   -0.6342385983E-40
    0.7880000000E+00    0.5718985306E-22    0.3948964943E-23    0.4780134531E-07   -0.1235616108E+01   -0.1404476527E-36   -0.7066470368E-22   -0.7901877433E-38
    0.7880000000E+00    0.6128003161E-22    0.4231392172E-23    0.4891478167E-07   -0.5014836292E+01   -0.6107840454E-36   -0.3073093265E-21   -0.3682167053E-37
    0.7880000000E+00    0.6566273690E-22    0.4534018400E-23    0.5005415331E-07    0.4480097120E+02    0.5846801540E-35    0.2941754385E-20    0.3776888434E-36
    0.7880000000E+00    0.7035889022E-22    0.4858288246E-23    0.5122006431E-07    0.3951058104E+04    0.5525153402E-33    0.2779920634E-18    0.3824372125E-34
    0.7880000000E+00    0.7539090917E-22    0.5205749646E-23    0.5241313287E-07    0.2834520375E+05    0.4247276229E-32    0.2136970681E-17    0.3150114289E-33
    0.7880000000E+00    0.8078281461E-22    0.5578061244E-23    0.5363399157E-07   -0.6666518865E+05   -0.1070360408E-31   -0.5385401576E-17   -0.8506400766E-33
    0.7880000000E+00    0.8656034539E-22    0.5977000309E-23    0.5488328773E-07   -0.5822745235E+07   -0.1001748527E-29   -0.5040188386E-15   -0.8530500567E-31
    0.7880000000E+00    0.9275108115E-22    0.6404471218E-23    0.5616168372E-07   -0.2637237062E+09   -0.4861609750E-28   -0.2446065888E-13   -0.4436044539E-29
    0.7880000000E+00    0.9938457404E-22    0.6862514550E-23    0.5746985739E-07   -0.1058897018E+11   -0.2091628973E-26   -0.1052380291E-11   -0.2045033623E-27
    0.7880000000E+00    0.1064924897E-21    0.7353316823E-23    0.5880850233E-07   -0.3460695891E+12   -0.7324776222E-25   -0.3685381216E-10   -0.7673794499E-26
    0.7880000000E+00    0.1141087586E-21    0.7879220933E-23    0.6017832832E-07   -0.7089628789E+12   -0.1607882914E-24   -0.8089887400E-10   -0.1804970980E-25
    0.7880000000E+00    0.1222697377E-21    0.8442737340E-23    0.6158006166E-07    0.3624918510E+13    0.8809051962E-24    0.4432178356E-09    0.1059607382E-24
    0.7880000000E+00    0.1310143844E-21    0.9046556049E-23    0.6301444556E-07    0.1345971541E+15    0.3504828737E-22    0.1763416328E-07    0.4517338185E-23
    0.7880000000E+00    0.1403844422E-21    0.9693559452E-23    0.6448224056E-07    0.3265031757E+16    0.9109999090E-21    0.4583596618E-06    0.1258154969E-21
    0.7880000000E+00    0.1504246400E-21    0.1038683609E-22    0.6598422489E-07    0.7056384903E+17    0.2109663485E-19    0.1061454158E-04    0.3121971899E-20
    0.7880000000E+00    0.1611829057E-21    0.1112969539E-22    0.6752119493E-07    0.5517428721E+18    0.1767533506E-18    0.8893151932E-04    0.2802744176E-19
    0.7880000000E+00    0.1727105951E-21    0.1192568347E-22    0.6909396560E-07    0.4012911089E+18    0.1377496365E-18    0.6930722624E-04    0.2340487172E-19
    0.7880000000E+00    0.1850627369E-21    0.1277860007E-22    0.7070337081E-07   -0.7027801087E+19   -0.2584939510E-17   -0.1300584103E-02   -0.4706154583E-18
    0.7880000000E+00    0.1982982953E-21    0.1369251667E-22    0.7235026388E-07   -0.1264662153E+21   -0.4984314593E-16   -0.2507803490E-01   -0.9723469345E-17
    0.7880000000E+00    0.2124804516E-21    0.1467179595E-22    0.7403551802E-07   -0.1746762412E+22   -0.7376744844E-15   -0.3711528661E+00   -0.1541986478E-15
    0.7880000000E+00    0.2276769058E-21    0.1572111260E-22    0.7576002677E-07   -0.2171229300E+23   -0.9825091756E-14   -0.4943387689E+01   -0.2200657309E-14
    0.7880000000E+00    0.2439602000E-21    0.1684547565E-22    0.7752470448E-07   -0.2479450622E+24   -0.1202226752E-12   -0.6048872695E+02   -0.2885374513E-13
    0.7880000000E+00    0.2614080640E-21    0.1805025236E-22    0.7933048683E-07   -0.2413375947E+25   -0.1253879794E-11   -0.6308759339E+03   -0.3224569245E-12
    0.7880000000E+00    0.2801037871E-21    0.1934119387E-22    0.8117833125E-07   -0.5146236040E+25   -0.2864973609E-11   -0.1441480204E+04   -0.7894714508E-12
    0.7880000000E+00    0.3001366153E-21    0.2072446262E-22    0.8306921749E-07   -0.1937953799E+25   -0.1156043944E-11   -0.5816508939E+03   -0.3413423285E-12
    0.7880000000E+00    0.3216021775E-21    0.2220666179E-22    0.8500414813E-07    0.4250584014E+26    0.2716936751E-10    0.1366997075E+05    0.8595978728E-11
    0.7880000000E+00    0.3446029418E-21    0.2379486681E-22    0.8698414910E-07    0.4214586070E+27    0.2886594975E-09    0.1452358758E+06    0.9785919861E-10
    0.7880000000E+00    0.3692487048E-21    0.2549665916E-22    0.8901027021E-07    0.3188692751E+28    0.2340149475E-08    0.1177420668E+07    0.8500792238E-09
    0.7880000000E+00    0.3956571157E-21    0.2732016250E-22    0.9108358575E-07    0.2160587019E+29    0.1699036413E-07    0.8548516282E+07    0.6613304051E-08
    0.7880000000E+00    0.4239542377E-21    0.2927408154E-22    0.9320519501E-07    0.1350359369E+30    0.1137837613E-06    0.5724905770E+08    0.4745654202E-07
    0.7880000000E+00    0.4542751502E-21    0.3136774352E-22    0.9537622289E-07    0.7846231201E+30    0.7084219761E-06    0.3564347858E+09    0.3165977534E-06
    0.7880000000E+00    0.4867645933E-21    0.3361114274E-22    0.9759782052E-07    0.4251455136E+31    0.4113092953E-05    0.2069457830E+10    0.1969628538E-05
    0.7880000000E+00    0.5215776589E-21    0.3601498832E-22    0.9987116580E-07    0.2152204935E+32    0.2231076936E-04    0.1122542011E+11    0.1144801923E-04
    0.7880000000E+00    0.5588805307E-21    0.3859075526E-22    0.1021974641E-06    0.1019333351E+33    0.1132262588E-03    0.5696855641E+11    0.6225338363E-04
    0.7880000000E+00    0.5988512779E-21    0.4135073927E-22    0.1045779488E-06    0.4521437688E+33    0.5381551168E-03    0.2707668738E+12    0.3170467295E-03
    0.7880000000E+00    0.6416807053E-21    0.4430811541E-22    0.1070138822E-06    0.1879062244E+34    0.2396470517E-02    0.1205757986E+13    0.1512822218E-02
    0.7880000000E+00    0.6875732635E-21    0.4747700104E-22    0.1095065557E-06    0.7313431286E+34    0.9994293731E-02    0.5028519816E+13    0.6760330259E-02
    0.7880000000E+00    0.7367480256E-21    0.5087252317E-22    0.1120572911E-06    0.2314942065E+35    0.3389776391E-01    0.1705528996E+14    0.2456896458E-01
    0.7880000000E+00    0.7894397325E-21    0.5451089068E-22    0.1146674407E-06    0.4593022570E+35    0.7206584835E-01    0.3625914509E+14    0.5596871128E-01
    0.7880000000E+00    0.8458999137E-21    0.5840947171E-22    0.1173383885E-06    0.6635369131E+35    0.1115567907E+00    0.5612858175E+14    0.9283501578E-01
    0.7880000000E+00    0.9063980879E-21    0.6258687655E-22    0.1200715507E-06    0.7552407069E+35    0.1360555662E+00    0.6845487326E+14    0.1213199207E+00
    0.7880000000E+00    0.9712230494E-21    0.6706304648E-22    0.1228683764E-06    0.7549869867E+35    0.1457371895E+00    0.7332607635E+14    0.1392471110E+00
    0.7880000000E+00    0.1040684247E-20    0.7185934897E-22    0.1257303485E-06    0.7230511976E+35    0.1495546682E+00    0.7524679912E+14    0.1531143085E+00
    0.7880000000E+00    0.1115113261E-20    0.7699867968E-22    0.1286589846E-06    0.5949275725E+35    0.1318545197E+00    0.6634116257E+14    0.1446474643E+00
    0.7880000000E+00    0.1194865387E-20    0.8250557175E-22    0.1316558373E-06    0.4012213736E+35    0.9528290386E-01    0.4794055319E+14    0.1120032921E+00
    0.7880000000E+00    0.1280321329E-20    0.8840631292E-22    0.1347224957E-06    0.2293623922E+35    0.5836508648E-01    0.2936575629E+14    0.7351381093E-01
    0.7880000000E+00    0.1371889021E-20    0.9472907100E-22    0.1378605858E-06    0.1129376231E+35    0.3079424545E-01    0.1549378852E+14    0.4156094087E-01
    0.7880000000E+00    0.1470005571E-20    0.1015040283E-21    0.1410717713E-06    0.4819298948E+34    0.1408039346E-01    0.7084396302E+13    0.2036247643E-01
    0.7880000000E+00    0.1575139348E-20    0.1087635259E-21    0.1443577550E-06    0.1766381590E+34    0.5529876771E-02    0.2782297146E+13    0.8569021986E-02
    0.7880000000E+00    0.1687792220E-20    0.1165422177E-21    0.1477202791E-06    0.5376484424E+33    0.1803554689E-02    0.9074388582E+12    0.2994643435E-02
    0.7880000000E+00    0.1808501947E-20    0.1248772362E-21    0.1511611264E-06    0.9546591705E+32    0.3431462623E-03    0.1726502969E+12    0.6105132253E-03
    0.7880000000E+00    0.1937844750E-20    0.1338083694E-21    0.1546821213E-06    0.1868310143E+31    0.7195813445E-05    0.3620495002E+10    0.1371815480E-04
    0.7880000000E+00    0.2076438060E-20    0.1433782510E-21    0.1582851308E-06    0.3338289575E+30    0.1377700862E-05    0.6931751529E+09    0.2814302223E-05
    0.7880000000E+00    0.2224943467E-20    0.1536325639E-21    0.1619720651E-06    0.8133952925E+29    0.3596934907E-06    0.1809758543E+09    0.7873147397E-06
    0.7880000000E+00    0.2384069878E-20    0.1646202581E-21    0.1657448792E-06    0.1754010295E+29    0.8311187155E-07    0.4181683111E+08    0.1949300821E-06
    0.7880000000E+00    0.2554576900E-20    0.1763937846E-21    0.1696055734E-06    0.2858631059E+28    0.1451406393E-07    0.7302592867E+07    0.3647580081E-07
    0.7880000000E+00    0.2737278465E-20    0.1890093455E-21    0.1735561947E-06    0.5907803498E+27    0.3214082096E-08    0.1617130329E+07    0.8655113535E-08
    0.7880000000E+00    0.2933046719E-20    0.2025271626E-21    0.1775988378E-06    0.1450653966E+27    0.8456579840E-09    0.4254835854E+06    0.2440116475E-08
    0.7880000000E+00    0.3142816182E-20    0.2170117645E-21    0.1817356462E-06    0.3189323715E+26    0.1992184359E-09    0.1002345818E+06    0.6159498158E-09
    0.7880000000E+00    0.3367588212E-20    0.2325322952E-21    0.1859688132E-06    0.7377400069E+25    0.4937808686E-10    0.2484404551E+05    0.1635874802E-09
    0.7880000000E+00    0.3608435782E-20    0.2491628434E-21    0.1903005833E-06    0.7776943835E+24    0.5577503948E-11    0.2806260240E+04    0.1979956688E-10
    0.7880000000E+00    0.3866508602E-20    0.2669827968E-21    0.1947332533E-06    0.2756852554E+24    0.2118578024E-11    0.1065939412E+04    0.8058612382E-11
