    0.7760000000E+00    0.4143038610E-23    0.2860772210E-24    0.1992691735E-07    0.0000000000E+00    0.0000000000E+00    0.0000000000E+00    0.0000000000E+00
    0.7760000000E+00    0.4439345853E-23    0.3065372650E-24    0.2039107488E-07    0.0000000000E+00    0.0000000000E+00    0.0000000000E+00    0.0000000000E+00
    0.7760000000E+00    0.4756844785E-23    0.3284605973E-24    0.2086604403E-07    0.0000000000E+00    0.0000000000E+00    0.0000000000E+00    0.0000000000E+00
    0.7760000000E+00    0.5097051019E-23    0.3519518710E-24    0.2135207663E-07    0.0000000000E+00    0.0000000000E+00    0.0000000000E+00    0.0000000000E+00
    0.7760000000E+00    0.5461588566E-23    0.3771232243E-24    0.2184943039E-07    0.0000000000E+00    0.0000000000E+00    0.0000000000E+00    0.0000000000E+00
    0.7760000000E+00    0.5852197586E-23    0.4040948153E-24    0.2235836900E-07    0.0000000000E+00    0.0000000000E+00    0.0000000000E+00    0.0000000000E+00
    0.7760000000E+00    0.6270742692E-23    0.4329953957E-24    0.2287916232E-07    0.0000000000E+00    0.0000000000E+00    0.0000000000E+00    0.0000000000E+00
    0.7760000000E+00    0.6719221852E-23    0.4639629256E-24    0.2341208647E-07    0.0000000000E+00    0.0000000000E+00    0.0000000000E+00    0.0000000000E+00
    0.7760000000E+00    0.7199775931E-23    0.4971452317E-24    0.2395742402E-07    0.0000000000E+00    0.0000000000E+00    0.0000000000E+00    0.0000000000E+00
    0.7760000000E+00    0.7714698903E-23    0.5327007132E-24    0.2451546411E-07    0.0000000000E+00    0.0000000000E+00    0.0000000000E+00    0.0000000000E+00
    0.7760000000E+00    0.8266448809E-23    0.5707990981E-24    0.2508650263E-07    0.0000000000E+00    0.0000000000E+00    0.0000000000E+00    0.0000000000E+00
    0.7760000000E+00    0.8857659485E-23    0.6116222531E-24    0.2567084234E-07    0.2886591163E-15    0.5081784002E-53    0.2556844160E-38    0.4581255319E-55
    0.7760000000E+00    0.9491153137E-23    0.6553650517E-24    0.2626879307E-07    0.3098763211E-15    0.5845468374E-53    0.2941083617E-38    0.5646607618E-55
    0.7760000000E+00    0.1016995382E-22    0.7022363048E-24    0.2688067187E-07   -0.3880124867E-15   -0.7842899065E-53   -0.3946069070E-38   -0.8117922864E-55
    0.7760000000E+00    0.1089730185E-22    0.7524597575E-24    0.2750680315E-07   -0.1255149850E-14   -0.2718482255E-52   -0.1367774678E-37   -0.3015051932E-54
    0.7760000000E+00    0.1167666930E-22    0.8062751566E-24    0.2814751890E-07    0.2769724290E-15    0.6427875606E-53    0.3234115459E-38    0.7638986774E-55
    0.7760000000E+00    0.1251177658E-22    0.8639393956E-24    0.2880315884E-07    0.1664662245E-14    0.4139587373E-52    0.2082788209E-37    0.5271392424E-54
    0.7760000000E+00    0.1340661015E-22    0.9257277409E-24    0.2947407060E-07   -0.3293373356E-14   -0.8775500423E-52   -0.4415297265E-37   -0.1197402570E-53
    0.7760000000E+00    0.1436544159E-22    0.9919351458E-24    0.3016060990E-07   -0.2150069546E-14   -0.6138799255E-52   -0.3088669848E-37   -0.8975356884E-54
    0.7760000000E+00    0.1539284799E-22    0.1062877658E-23    0.3086314075E-07    0.4082691446E-14    0.1249043267E-51    0.6284424883E-37    0.1956797015E-53
    0.7760000000E+00    0.1649373379E-22    0.1138893930E-23    0.3158203565E-07   -0.3289438207E-14   -0.1078332405E-51   -0.5425511810E-37   -0.1810176618E-53
    0.7760000000E+00    0.1767335417E-22    0.1220346833E-23    0.3231767576E-07   -0.7792934686E-15   -0.2737360274E-52   -0.1377272947E-37   -0.4923798308E-54
    0.7760000000E+00    0.1893734018E-22    0.1307625190E-23    0.3307045113E-07    0.4077700073E-13    0.1534780253E-50    0.7722079343E-36    0.2958111211E-52
    0.7760000000E+00    0.2029172559E-22    0.1401145635E-23    0.3384076090E-07    0.2258584198E-13    0.9108926741E-51    0.4583057078E-36    0.1881202312E-52
    0.7760000000E+00    0.2174297571E-22    0.1501354598E-23    0.3462901348E-07   -0.3676497843E-12   -0.1588785397E-49   -0.7993800329E-35   -0.3515875872E-51
    0.7760000000E+00    0.2329801823E-22    0.1608730435E-23    0.3543562682E-07   -0.1087138748E-11   -0.5034031154E-49   -0.2532817835E-34   -0.1193669765E-50
    0.7760000000E+00    0.2496427630E-22    0.1723785718E-23    0.3626102861E-07   -0.8310955888E-12   -0.4123650990E-49   -0.2074769991E-34   -0.1047731969E-50
    0.7760000000E+00    0.2674970400E-22    0.1847069675E-23    0.3710565646E-07    0.3678178351E-11    0.1955526510E-48    0.9839018214E-34    0.5323925901E-50
    0.7760000000E+00    0.2866282424E-22    0.1979170815E-23    0.3796995823E-07    0.5117986253E-10    0.2915614080E-47    0.1466959404E-32    0.8505470320E-49
    0.7760000000E+00    0.3071276952E-22    0.2120719737E-23    0.3885439218E-07    0.5072904919E-09    0.3096618089E-46    0.1558029596E-31    0.9679567236E-48
    0.7760000000E+00    0.3290932546E-22    0.2272392139E-23    0.3975942724E-07    0.7134297196E-09    0.4666401692E-46    0.2347849084E-31    0.1562969184E-47
    0.7760000000E+00    0.3526297755E-22    0.2434912046E-23    0.4068554327E-07   -0.3528198426E-08   -0.2472771153E-45   -0.1244147819E-30   -0.8874670148E-47
    0.7760000000E+00    0.3778496121E-22    0.2609055264E-23    0.4163323131E-07   -0.2955354897E-06   -0.2219425467E-43   -0.1116679701E-28   -0.8535104829E-45
    0.7760000000E+00    0.4048731538E-22    0.2795653084E-23    0.4260299385E-07   -0.5483671440E-06   -0.4412679139E-43   -0.2220191350E-28   -0.1818321375E-44
    0.7760000000E+00    0.4338294005E-22    0.2995596250E-23    0.4359534505E-07    0.2296927774E-04    0.1980515579E-41    0.9964747990E-27    0.8744733075E-43
    0.7760000000E+00    0.4648565778E-22    0.3209839213E-23    0.4461081109E-07    0.1090761724E-03    0.1007768579E-40    0.5070477620E-26    0.4767921626E-42
    0.7760000000E+00    0.4981027973E-22    0.3439404683E-23    0.4564993037E-07   -0.1514800625E-02   -0.1499637872E-39   -0.7545264287E-25   -0.7602469634E-41
    0.7760000000E+00    0.5337267633E-22    0.3685388516E-23    0.4671325384E-07   -0.1946523024E+00   -0.2064859323E-37   -0.1038911433E-22   -0.1121653623E-38
    0.7760000000E+00    0.5718985306E-22    0.3948964943E-23    0.4780134531E-07   -0.8526412187E+01   -0.9691639415E-36   -0.4876242600E-21   -0.5641122646E-37
    0.7760000000E+00    0.6128003161E-22    0.4231392172E-23    0.4891478167E-07   -0.6171679245E+01   -0.7516822077E-36   -0.3782006992E-21   -0.4688161512E-37
    0.7760000000E+00    0.6566273690E-22    0.4534018400E-23    0.5005415331E-07    0.7200609621E+03    0.9397237223E-34    0.4728117351E-19    0.6280127846E-35
    0.7760000000E+00    0.7035889022E-22    0.4858288246E-23    0.5122006431E-07    0.3638161642E+05    0.5087599484E-32    0.2559770156E-17    0.3643184866E-33
    0.7760000000E+00    0.7539090917E-22    0.5205749646E-23    0.5241313287E-07    0.4846788323E+05    0.7262480459E-32    0.3654037782E-17    0.5572540985E-33
    0.7760000000E+00    0.8078281461E-22    0.5578061244E-23    0.5363399157E-07   -0.1182148977E+07   -0.1898030271E-30   -0.9549732165E-16   -0.1560527510E-31
    0.7760000000E+00    0.8656034539E-22    0.5977000309E-23    0.5488328773E-07   -0.6175035654E+08   -0.1062356779E-28   -0.5345132190E-14   -0.9359199137E-30
    0.7760000000E+00    0.9275108115E-22    0.6404471218E-23    0.5616168372E-07   -0.2588638081E+10   -0.4772020049E-27   -0.2400989807E-12   -0.4504748550E-28
    0.7760000000E+00    0.9938457404E-22    0.6862514550E-23    0.5746985739E-07   -0.9753607906E+11   -0.1926620677E-25   -0.9693581671E-11   -0.1948787617E-26
    0.7760000000E+00    0.1064924897E-21    0.7353316823E-23    0.5880850233E-07   -0.1155210900E+13   -0.2445075094E-24   -0.1230212849E-09   -0.2650089226E-25
    0.7760000000E+00    0.1141087586E-21    0.7879220933E-23    0.6017832832E-07   -0.5819811585E+12   -0.1319896413E-24   -0.6640914752E-10   -0.1532879948E-25
    0.7760000000E+00    0.1222697377E-21    0.8442737340E-23    0.6158006166E-07    0.3628979824E+14    0.8818921516E-23    0.4437144114E-08    0.1097447547E-23
    0.7760000000E+00    0.1310143844E-21    0.9046556049E-23    0.6301444556E-07    0.9858112246E+15    0.2566992990E-21    0.1291554508E-06    0.3422890273E-22
    0.7760000000E+00    0.1403844422E-21    0.9693559452E-23    0.6448224056E-07    0.2218522052E+17    0.6190057366E-20    0.3114459807E-05    0.8844289876E-21
    0.7760000000E+00    0.1504246400E-21    0.1038683609E-22    0.6598422489E-07    0.4216972887E+18    0.1260758000E-18    0.6343366282E-04    0.1930189848E-19
    0.7760000000E+00    0.1611829057E-21    0.1112969539E-22    0.6752119493E-07    0.9446664821E+18    0.3026282248E-18    0.1522640885E-03    0.4964525260E-19
    0.7760000000E+00    0.1727105951E-21    0.1192568347E-22    0.6909396560E-07   -0.1199370957E+19   -0.4117033984E-18   -0.2071440717E-03   -0.7236902914E-19
    0.7760000000E+00    0.1850627369E-21    0.1277860007E-22    0.7070337081E-07   -0.4380143016E+20   -0.1611087822E-16   -0.8106012545E-02   -0.3034502567E-17
    0.7760000000E+00    0.1982982953E-21    0.1369251667E-22    0.7235026388E-07   -0.6548275835E+21   -0.2580821030E-15   -0.1298511935E+00   -0.5208662088E-16
    0.7760000000E+00    0.2124804516E-21    0.1467179595E-22    0.7403551802E-07   -0.8435459001E+22   -0.3562375070E-14   -0.1792370138E+01   -0.7703852115E-15
    0.7760000000E+00    0.2276769058E-21    0.1572111260E-22    0.7576002677E-07   -0.9912063758E+23   -0.4485336298E-13   -0.2256748007E+02   -0.1039353554E-13
    0.7760000000E+00    0.2439602000E-21    0.1684547565E-22    0.7752470448E-07   -0.1072965913E+25   -0.5202557021E-12   -0.2617609786E+03   -0.1291769849E-12
    0.7760000000E+00    0.2614080640E-21    0.1805025236E-22    0.7933048683E-07   -0.5648631474E+25   -0.2934770639E-11   -0.1476597818E+04   -0.7808047739E-12
    0.7760000000E+00    0.2801037871E-21    0.1934119387E-22    0.8117833125E-07   -0.5797663349E+25   -0.3227631295E-11   -0.1623947460E+04   -0.9201364015E-12
    0.7760000000E+00    0.3001366153E-21    0.2072446262E-22    0.8306921749E-07    0.1098374936E+26    0.6552115405E-11    0.3296625358E+04    0.2001473447E-11
    0.7760000000E+00    0.3216021775E-21    0.2220666179E-22    0.8500414813E-07    0.1780384399E+27    0.1138006398E-09    0.5725754995E+05    0.3724886109E-10
    0.7760000000E+00    0.3446029418E-21    0.2379486681E-22    0.8698414910E-07    0.1460482650E+28    0.1000293222E-08    0.5032866178E+06    0.3508291091E-09
    0.7760000000E+00    0.3692487048E-21    0.2549665916E-22    0.8901027021E-07    0.1025855441E+29    0.7528649697E-08    0.3787957930E+07    0.2829341598E-08
    0.7760000000E+00    0.3956571157E-21    0.2732016250E-22    0.9108358575E-07    0.6582553462E+29    0.5176370088E-07    0.2604434117E+08    0.2084460230E-07
    0.7760000000E+00    0.4239542377E-21    0.2927408154E-22    0.9320519501E-07    0.3915700442E+30    0.3299441131E-06    0.1660077796E+09    0.1423667853E-06
    0.7760000000E+00    0.4542751502E-21    0.3136774352E-22    0.9537622289E-07    0.2169524322E+31    0.1958824138E-05    0.9855609872E+09    0.9056569863E-06
    0.7760000000E+00    0.4867645933E-21    0.3361114274E-22    0.9759782052E-07    0.1122171247E+32    0.1085650559E-04    0.5462332305E+10    0.5378465101E-05
    0.7760000000E+00    0.5215776589E-21    0.3601498832E-22    0.9987116580E-07    0.5427722151E+32    0.5626632256E-04    0.2830978612E+11    0.2986873475E-04
    0.7760000000E+00    0.5588805307E-21    0.3859075526E-22    0.1021974641E-06    0.2458241874E+33    0.2730583969E-03    0.1373863523E+12    0.1553187300E-03
    0.7760000000E+00    0.5988512779E-21    0.4135073927E-22    0.1045779488E-06    0.1043444051E+34    0.1241938502E-02    0.6248678031E+12    0.7569520781E-03
    0.7760000000E+00    0.6416807053E-21    0.4430811541E-22    0.1070138822E-06    0.4151728862E+34    0.5294926148E-02    0.2664084304E+13    0.3458025580E-02
    0.7760000000E+00    0.6875732635E-21    0.4747700104E-22    0.1095065557E-06    0.1503968441E+35    0.2055273616E-01    0.1034088489E+14    0.1438261786E-01
    0.7760000000E+00    0.7367480256E-21    0.5087252317E-22    0.1120572911E-06    0.3602477900E+35    0.5275118853E-01    0.2654118480E+14    0.3955492302E-01
    0.7760000000E+00    0.7894397325E-21    0.5451089068E-22    0.1146674407E-06    0.5912590804E+35    0.9277025439E-01    0.4667634103E+14    0.7453788096E-01
    0.7760000000E+00    0.8458999137E-21    0.5840947171E-22    0.1173383885E-06    0.7487315811E+35    0.1258800990E+00    0.6333519799E+14    0.1083740667E+00
    0.7760000000E+00    0.9063980879E-21    0.6258687655E-22    0.1200715507E-06    0.7771791026E+35    0.1400077378E+00    0.7044336525E+14    0.1291577090E+00
    0.7760000000E+00    0.9712230494E-21    0.6706304648E-22    0.1228683764E-06    0.7651581407E+35    0.1477005549E+00    0.7431392227E+14    0.1459991817E+00
    0.7760000000E+00    0.1040684247E-20    0.7185934897E-22    0.1257303485E-06    0.6920247722E+35    0.1431372156E+00    0.7201792790E+14    0.1516075604E+00
    0.7760000000E+00    0.1115113261E-20    0.7699867968E-22    0.1286589846E-06    0.5140369357E+35    0.1139266297E+00    0.5732094039E+14    0.1292985172E+00
    0.7760000000E+00    0.1194865387E-20    0.8250557175E-22    0.1316558373E-06    0.3209226576E+35    0.7621339425E-01    0.3834593755E+14    0.9268289663E-01
    0.7760000000E+00    0.1280321329E-20    0.8840631292E-22    0.1347224957E-06    0.1721641516E+35    0.4381004011E-01    0.2204254355E+14    0.5708762102E-01
    0.7760000000E+00    0.1371889021E-20    0.9472907100E-22    0.1378605858E-06    0.8043417739E+34    0.2193166222E-01    0.1103467649E+14    0.3062244357E-01
    0.7760000000E+00    0.1470005571E-20    0.1015040283E-21    0.1410717713E-06    0.3279940194E+34    0.9582897632E-02    0.4821530359E+13    0.1433722640E-01
    0.7760000000E+00    0.1575139348E-20    0.1087635259E-21    0.1443577550E-06    0.1148356584E+34    0.3595072795E-02    0.1808821641E+13    0.5763363120E-02
    0.7760000000E+00    0.1687792220E-20    0.1165422177E-21    0.1477202791E-06    0.3276688400E+33    0.1099173040E-02    0.5530369189E+12    0.1888140736E-02
    0.7760000000E+00    0.1808501947E-20    0.1248772362E-21    0.1511611264E-06    0.4319218563E+32    0.1552516072E-03    0.7811315181E+11    0.2857619491E-03
    0.7760000000E+00    0.1937844750E-20    0.1338083694E-21    0.1546821213E-06    0.1376261573E+31    0.5300683918E-05    0.2666981263E+10    0.1045442623E-04
    0.7760000000E+00    0.2076438060E-20    0.1433782510E-21    0.1582851308E-06    0.2537942085E+30    0.1047400149E-05    0.5269879539E+09    0.2213507133E-05
    0.7760000000E+00    0.2224943467E-20    0.1536325639E-21    0.1619720651E-06    0.6172581343E+29    0.2729592057E-06    0.1373364454E+09    0.6181103849E-06
    0.7760000000E+00    0.2384069878E-20    0.1646202581E-21    0.1657448792E-06    0.1300151506E+29    0.6160626608E-07    0.3099652043E+08    0.1494834738E-06
    0.7760000000E+00    0.2554576900E-20    0.1763937846E-21    0.1696055734E-06    0.2191308998E+28    0.1112588447E-07    0.5597867347E+07    0.2892696303E-07
    0.7760000000E+00    0.2737278465E-20    0.1890093455E-21    0.1735561947E-06    0.4618318669E+27    0.2512550621E-08    0.1264162424E+07    0.6999759439E-08
    0.7760000000E+00    0.2933046719E-20    0.2025271626E-21    0.1775988378E-06    0.1134461965E+27    0.6613340199E-09    0.3327429945E+06    0.1974190958E-08
    0.7760000000E+00    0.3142816182E-20    0.2170117645E-21    0.1817356462E-06    0.2481756432E+26    0.1550208379E-09    0.7799704276E+05    0.4958591991E-09
    0.7760000000E+00    0.3367588212E-20    0.2325322952E-21    0.1859688132E-06    0.5687936310E+25    0.3807024298E-10    0.1915462727E+05    0.1304830030E-09
    0.7760000000E+00    0.3608435782E-20    0.2491628434E-21    0.1903005833E-06    0.5743957418E+24    0.4119477504E-11    0.2072670147E+04    0.1512900722E-10
    0.7760000000E+00    0.3866508602E-20    0.2669827968E-21    0.1947332533E-06    0.2140743290E+24    0.1645112171E-11    0.8277202345E+03    0.6473867550E-11
