    0.7930000000E+00    0.4143038610E-23    0.2860772210E-24    0.1992691735E-07    0.0000000000E+00    0.0000000000E+00    0.0000000000E+00    0.0000000000E+00
    0.7930000000E+00    0.4439345853E-23    0.3065372650E-24    0.2039107488E-07    0.0000000000E+00    0.0000000000E+00    0.0000000000E+00    0.0000000000E+00
    0.7930000000E+00    0.4756844785E-23    0.3284605973E-24    0.2086604403E-07    0.0000000000E+00    0.0000000000E+00    0.0000000000E+00    0.0000000000E+00
    0.7930000000E+00    0.5097051019E-23    0.3519518710E-24    0.2135207663E-07    0.0000000000E+00    0.0000000000E+00    0.0000000000E+00    0.0000000000E+00
    0.7930000000E+00    0.5461588566E-23    0.3771232243E-24    0.2184943039E-07    0.0000000000E+00    0.0000000000E+00    0.0000000000E+00    0.0000000000E+00
    0.7930000000E+00    0.5852197586E-23    0.4040948153E-24    0.2235836900E-07    0.0000000000E+00    0.0000000000E+00    0.0000000000E+00    0.0000000000E+00
    0.7930000000E+00    0.6270742692E-23    0.4329953957E-24    0.2287916232E-07    0.0000000000E+00    0.0000000000E+00    0.0000000000E+00    0.0000000000E+00
    0.7930000000E+00    0.6719221852E-23    0.4639629256E-24    0.2341208647E-07    0.0000000000E+00    0.0000000000E+00    0.0000000000E+00    0.0000000000E+00
    0.7930000000E+00    0.7199775931E-23    0.4971452317E-24    0.2395742402E-07    0.0000000000E+00    0.0000000000E+00    0.0000000000E+00    0.0000000000E+00
    0.7930000000E+00    0.7714698903E-23    0.5327007132E-24    0.2451546411E-07    0.0000000000E+00    0.0000000000E+00    0.0000000000E+00    0.0000000000E+00
    0.7930000000E+00    0.8266448809E-23    0.5707990981E-24    0.2508650263E-07    0.0000000000E+00    0.0000000000E+00    0.0000000000E+00    0.0000000000E+00
    0.7930000000E+00    0.8857659485E-23    0.6116222531E-24    0.2567084234E-07    0.0000000000E+00    0.0000000000E+00    0.0000000000E+00    0.0000000000E+00
    0.7930000000E+00    0.9491153137E-23    0.6553650517E-24    0.2626879307E-07    0.0000000000E+00    0.0000000000E+00    0.0000000000E+00    0.0000000000E+00
    0.7930000000E+00    0.1016995382E-22    0.7022363048E-24    0.2688067187E-07    0.0000000000E+00    0.0000000000E+00    0.0000000000E+00    0.0000000000E+00
    0.7930000000E+00    0.1089730185E-22    0.7524597575E-24    0.2750680315E-07    0.0000000000E+00    0.0000000000E+00    0.0000000000E+00    0.0000000000E+00
    0.7930000000E+00    0.1167666930E-22    0.8062751566E-24    0.2814751890E-07    0.0000000000E+00    0.0000000000E+00    0.0000000000E+00    0.0000000000E+00
    0.7930000000E+00    0.1251177658E-22    0.8639393956E-24    0.2880315884E-07    0.0000000000E+00    0.0000000000E+00    0.0000000000E+00    0.0000000000E+00
    0.7930000000E+00    0.1340661015E-22    0.9257277409E-24    0.2947407060E-07   -0.1609754847E-15   -0.4289341905E-53   -0.2158135567E-38   -0.5583210084E-55
    0.7930000000E+00    0.1436544159E-22    0.9919351458E-24    0.3016060990E-07   -0.2371737799E-15   -0.6771698273E-53   -0.3407106082E-38   -0.9444759494E-55
    0.7930000000E+00    0.1539284799E-22    0.1062877658E-23    0.3086314075E-07   -0.3533026946E-15   -0.1080880977E-52   -0.5438334673E-38   -0.1615366894E-54
    0.7930000000E+00    0.1649373379E-22    0.1138893930E-23    0.3158203565E-07   -0.4995671824E-15   -0.1637664085E-52   -0.8239728115E-38   -0.2622515895E-54
    0.7930000000E+00    0.1767335417E-22    0.1220346833E-23    0.3231767576E-07   -0.5442620264E-15   -0.1911784597E-52   -0.9618935553E-38   -0.3280441237E-54
    0.7930000000E+00    0.1893734018E-22    0.1307625190E-23    0.3307045113E-07   -0.1691271669E-15   -0.6365672596E-53   -0.3202818694E-38   -0.1170408864E-54
    0.7930000000E+00    0.2029172559E-22    0.1401145635E-23    0.3384076090E-07    0.5701113491E-14    0.2299273375E-51    0.1156854305E-36    0.4529850976E-53
    0.7930000000E+00    0.2174297571E-22    0.1501354598E-23    0.3462901348E-07    0.1091193831E-13    0.4715555125E-51    0.2372580097E-36    0.9954653105E-53
    0.7930000000E+00    0.2329801823E-22    0.1608730435E-23    0.3543562682E-07   -0.1386686742E-13   -0.6421097836E-51   -0.3230705298E-36   -0.1452454684E-52
    0.7930000000E+00    0.2496427630E-22    0.1723785718E-23    0.3626102861E-07   -0.2741858349E-12   -0.1360429179E-49   -0.6844850941E-35   -0.3297381847E-51
    0.7930000000E+00    0.2674970400E-22    0.1847069675E-23    0.3710565646E-07   -0.5379870943E-12   -0.2860242012E-49   -0.1439099553E-34   -0.7428413760E-51
    0.7930000000E+00    0.2866282424E-22    0.1979170815E-23    0.3796995823E-07   -0.8534494093E-13   -0.4861930048E-50   -0.2446227042E-35   -0.1353013128E-51
    0.7930000000E+00    0.3071276952E-22    0.2120719737E-23    0.3885439218E-07    0.8282521869E-11    0.5055842253E-48    0.2543791852E-33    0.1507602398E-49
    0.7930000000E+00    0.3290932546E-22    0.2272392139E-23    0.3975942724E-07    0.1521564419E-09    0.9952249793E-47    0.5007365868E-32    0.3179908124E-48
    0.7930000000E+00    0.3526297755E-22    0.2434912046E-23    0.4068554327E-07    0.2612680546E-09    0.1831121810E-46    0.9213089544E-32    0.6269177118E-48
    0.7930000000E+00    0.3778496121E-22    0.2609055264E-23    0.4163323131E-07   -0.3704720940E-08   -0.2782187685E-45   -0.1399827370E-30   -0.1020656788E-46
    0.7930000000E+00    0.4048731538E-22    0.2795653084E-23    0.4260299385E-07   -0.1190911799E-06   -0.9583199341E-44   -0.4821682160E-29   -0.3767071180E-45
    0.7930000000E+00    0.4338294005E-22    0.2995596250E-23    0.4359534505E-07    0.1277073414E-06    0.1101150773E-43    0.5540319938E-29    0.4638099832E-45
    0.7930000000E+00    0.4648565778E-22    0.3209839213E-23    0.4461081109E-07    0.1784785153E-04    0.1648985620E-41    0.8296691183E-27    0.7442351415E-43
    0.7930000000E+00    0.4981027973E-22    0.3439404683E-23    0.4564993037E-07    0.4072532481E-05    0.4031767509E-42    0.2028539821E-27    0.1949794249E-43
    0.7930000000E+00    0.5337267633E-22    0.3685388516E-23    0.4671325384E-07   -0.3722970128E-02   -0.3949303185E-39   -0.1987048796E-24   -0.2046509570E-40
    0.7930000000E+00    0.5718985306E-22    0.3948964943E-23    0.4780134531E-07   -0.4192845942E+00   -0.4765844074E-37   -0.2397882433E-22   -0.2646263786E-38
    0.7930000000E+00    0.6128003161E-22    0.4231392172E-23    0.4891478167E-07   -0.3507052289E+01   -0.4271428736E-36   -0.2149122751E-21   -0.2541361635E-37
    0.7930000000E+00    0.6566273690E-22    0.4534018400E-23    0.5005415331E-07    0.1315738151E+02    0.1717118991E-35    0.8639496801E-21    0.1094696415E-36
    0.7930000000E+00    0.7035889022E-22    0.4858288246E-23    0.5122006431E-07    0.1449548486E+04    0.2027046310E-33    0.1019886228E-18    0.1384704090E-34
    0.7930000000E+00    0.7539090917E-22    0.5205749646E-23    0.5241313287E-07    0.1902862512E+05    0.2851269931E-32    0.1434585348E-17    0.2087044160E-33
    0.7930000000E+00    0.8078281461E-22    0.5578061244E-23    0.5363399157E-07   -0.1141864450E+05   -0.1833350394E-32   -0.9224302420E-18   -0.1437933430E-33
    0.7930000000E+00    0.8656034539E-22    0.5977000309E-23    0.5488328773E-07   -0.2290318035E+07   -0.3940276666E-30   -0.1982507201E-15   -0.3311463871E-31
    0.7930000000E+00    0.9275108115E-22    0.6404471218E-23    0.5616168372E-07   -0.1076622841E+09   -0.1984698371E-28   -0.9985793250E-14   -0.1787260337E-29
    0.7930000000E+00    0.9938457404E-22    0.6862514550E-23    0.5746985739E-07   -0.4432768643E+10   -0.8756004758E-27   -0.4405488234E-12   -0.8448882946E-28
    0.7930000000E+00    0.1064924897E-21    0.7353316823E-23    0.5880850233E-07   -0.1648060153E+12   -0.3488220925E-25   -0.1755060289E-10   -0.3606594262E-26
    0.7930000000E+00    0.1141087586E-21    0.7879220933E-23    0.6017832832E-07   -0.6010005686E+12   -0.1363031231E-24   -0.6857942881E-10   -0.1510077064E-25
    0.7930000000E+00    0.1222697377E-21    0.8442737340E-23    0.6158006166E-07    0.1204401392E+13    0.2926861505E-24    0.1472618423E-09    0.3474525290E-25
    0.7930000000E+00    0.1310143844E-21    0.9046556049E-23    0.6301444556E-07    0.6118930043E+14    0.1593332489E-22    0.8016678529E-08    0.2026747828E-23
    0.7930000000E+00    0.1403844422E-21    0.9693559452E-23    0.6448224056E-07    0.1537995368E+16    0.4291271095E-21    0.2159106218E-06    0.5848968140E-22
    0.7930000000E+00    0.1504246400E-21    0.1038683609E-22    0.6598422489E-07    0.3403693692E+17    0.1017610065E-19    0.5119993982E-05    0.1486191243E-20
    0.7930000000E+00    0.1611829057E-21    0.1112969539E-22    0.6752119493E-07    0.4050024192E+18    0.1297443759E-18    0.6527946674E-04    0.2030401126E-19
    0.7930000000E+00    0.1727105951E-21    0.1192568347E-22    0.6909396560E-07    0.4326582391E+18    0.1485169091E-18    0.7472466197E-04    0.2490400568E-19
    0.7930000000E+00    0.1850627369E-21    0.1277860007E-22    0.7070337081E-07   -0.3197578787E+19   -0.1176121470E-17   -0.5917526818E-03   -0.2113223747E-18
    0.7930000000E+00    0.1982982953E-21    0.1369251667E-22    0.7235026388E-07   -0.6587639966E+20   -0.2596335309E-16   -0.1306317775E-01   -0.4998665595E-17
    0.7930000000E+00    0.2124804516E-21    0.1467179595E-22    0.7403551802E-07   -0.9396269979E+21   -0.3968134742E-15   -0.1996523688E+00   -0.8186150315E-16
    0.7930000000E+00    0.2276769058E-21    0.1572111260E-22    0.7576002677E-07   -0.1194588594E+23   -0.5405666985E-14   -0.2719802348E+01   -0.1194930350E-14
    0.7930000000E+00    0.2439602000E-21    0.1684547565E-22    0.7752470448E-07   -0.1393030725E+24   -0.6754475321E-13   -0.3398440541E+02   -0.1599870843E-13
    0.7930000000E+00    0.2614080640E-21    0.1805025236E-22    0.7933048683E-07   -0.1496341785E+25   -0.7774307736E-12   -0.3911558091E+03   -0.1973126966E-12
    0.7930000000E+00    0.2801037871E-21    0.1934119387E-22    0.8117833125E-07   -0.4581484241E+25   -0.2550569259E-11   -0.1283291086E+04   -0.6936340837E-12
    0.7930000000E+00    0.3001366153E-21    0.2072446262E-22    0.8306921749E-07   -0.3217917211E+25   -0.1919578117E-11   -0.9658147800E+03   -0.5593699023E-12
    0.7930000000E+00    0.3216021775E-21    0.2220666179E-22    0.8500414813E-07    0.2268440889E+26    0.1449967910E-10    0.7295355295E+04    0.4527429488E-11
    0.7930000000E+00    0.3446029418E-21    0.2379486681E-22    0.8698414910E-07    0.2560692148E+27    0.1753833227E-09    0.8824220473E+05    0.5867885056E-10
    0.7930000000E+00    0.3692487048E-21    0.2549665916E-22    0.8901027021E-07    0.2007239143E+28    0.1473092578E-08    0.7411704537E+06    0.5281087287E-09
    0.7930000000E+00    0.3956571157E-21    0.2732016250E-22    0.9108358575E-07    0.1391041162E+29    0.1093883081E-07    0.5503753339E+07    0.4202078966E-08
    0.7930000000E+00    0.4239542377E-21    0.2927408154E-22    0.9320519501E-07    0.8865783295E+29    0.7470471885E-07    0.3758686398E+08    0.3074973235E-07
    0.7930000000E+00    0.4542751502E-21    0.3136774352E-22    0.9537622289E-07    0.5248276203E+30    0.4738573340E-06    0.2384161461E+09    0.2089974133E-06
    0.7930000000E+00    0.4867645933E-21    0.3361114274E-22    0.9759782052E-07    0.2895833716E+31    0.2801589778E-05    0.1409589321E+10    0.1324030070E-05
    0.7930000000E+00    0.5215776589E-21    0.3601498832E-22    0.9987116580E-07    0.1492254854E+32    0.1546941620E-04    0.7783267935E+10    0.7833705283E-05
    0.7930000000E+00    0.5588805307E-21    0.3859075526E-22    0.1021974641E-06    0.7192140376E+32    0.7988938525E-04    0.4019547230E+11    0.4334932942E-04
    0.7930000000E+00    0.5988512779E-21    0.4135073927E-22    0.1045779488E-06    0.3245473998E+33    0.3862860795E-03    0.1943556251E+12    0.2245961784E-03
    0.7930000000E+00    0.6416807053E-21    0.4430811541E-22    0.1070138822E-06    0.1371868544E+34    0.1749618741E-02    0.8803015749E+12    0.1090025672E-02
    0.7930000000E+00    0.6875732635E-21    0.4747700104E-22    0.1095065557E-06    0.5430299558E+34    0.7420868087E-02    0.3733728789E+13    0.4953908902E-02
    0.7930000000E+00    0.7367480256E-21    0.5087252317E-22    0.1120572911E-06    0.1869112478E+35    0.2736946830E-01    0.1377064927E+14    0.1957760965E-01
    0.7930000000E+00    0.7894397325E-21    0.5451089068E-22    0.1146674407E-06    0.4064419843E+35    0.6377191916E-01    0.3208614514E+14    0.4887905392E-01
    0.7930000000E+00    0.8458999137E-21    0.5840947171E-22    0.1173383885E-06    0.6223829222E+35    0.1046377979E+00    0.5264736602E+14    0.8593733777E-01
    0.7930000000E+00    0.9063980879E-21    0.6258687655E-22    0.1200715507E-06    0.7411636771E+35    0.1335196088E+00    0.6717893397E+14    0.1175001323E+00
    0.7930000000E+00    0.9712230494E-21    0.6706304648E-22    0.1228683764E-06    0.7485830553E+35    0.1445010212E+00    0.7270411176E+14    0.1362586935E+00
    0.7930000000E+00    0.1040684247E-20    0.7185934897E-22    0.1257303485E-06    0.7270716066E+35    0.1503862427E+00    0.7566519675E+14    0.1519502480E+00
    0.7930000000E+00    0.1115113261E-20    0.7699867968E-22    0.1286589846E-06    0.6221290813E+35    0.1378832231E+00    0.6937443889E+14    0.1492810672E+00
    0.7930000000E+00    0.1194865387E-20    0.8250557175E-22    0.1316558373E-06    0.4337509998E+35    0.1030081086E+00    0.5182740563E+14    0.1194991228E+00
    0.7930000000E+00    0.1280321329E-20    0.8840631292E-22    0.1347224957E-06    0.2547351743E+35    0.6482161413E-01    0.3261428771E+14    0.8057738066E-01
    0.7930000000E+00    0.1371889021E-20    0.9472907100E-22    0.1378605858E-06    0.1282820617E+35    0.3497815154E-01    0.1759887520E+14    0.4658972632E-01
    0.7930000000E+00    0.1470005571E-20    0.1015040283E-21    0.1410717713E-06    0.5580363468E+34    0.1630397162E-01    0.8203165386E+13    0.2326948198E-01
    0.7930000000E+00    0.1575139348E-20    0.1087635259E-21    0.1443577550E-06    0.2083053244E+34    0.6521256684E-02    0.3281099130E+13    0.9972971989E-02
    0.7930000000E+00    0.1687792220E-20    0.1165422177E-21    0.1477202791E-06    0.6485970970E+33    0.2175734631E-02    0.1094697134E+13    0.3565325856E-02
    0.7930000000E+00    0.1808501947E-20    0.1248772362E-21    0.1511611264E-06    0.1269247243E+33    0.4562229756E-03    0.2295436111E+12    0.8010699804E-03
    0.7930000000E+00    0.1937844750E-20    0.1338083694E-21    0.1546821213E-06    0.2107139949E+31    0.8115668605E-05    0.4083310087E+10    0.1526924660E-04
    0.7930000000E+00    0.2076438060E-20    0.1433782510E-21    0.1582851308E-06    0.3716332506E+30    0.1533717906E-05    0.7716734260E+09    0.3091995067E-05
    0.7930000000E+00    0.2224943467E-20    0.1536325639E-21    0.1619720651E-06    0.9059387979E+29    0.4006173770E-06    0.2015662610E+09    0.8654123478E-06
    0.7930000000E+00    0.2384069878E-20    0.1646202581E-21    0.1657448792E-06    0.1971122452E+29    0.9339949513E-07    0.4699293664E+08    0.2161911108E-06
    0.7930000000E+00    0.2554576900E-20    0.1763937846E-21    0.1696055734E-06    0.3173476261E+28    0.1611262048E-07    0.8106889148E+07    0.3996312875E-07
    0.7930000000E+00    0.2737278465E-20    0.1890093455E-21    0.1735561947E-06    0.6505789500E+27    0.3539410469E-08    0.1780815750E+07    0.9406417168E-08
    0.7930000000E+00    0.2933046719E-20    0.2025271626E-21    0.1775988378E-06    0.1597224515E+27    0.9311012107E-09    0.4684734124E+06    0.2651491235E-08
    0.7930000000E+00    0.3142816182E-20    0.2170117645E-21    0.1817356462E-06    0.3516480136E+26    0.2196539878E-09    0.1105165067E+06    0.6702431694E-09
    0.7930000000E+00    0.3367588212E-20    0.2325322952E-21    0.1859688132E-06    0.8162352342E+25    0.5463189460E-10    0.2748744153E+05    0.1786238995E-09
    0.7930000000E+00    0.3608435782E-20    0.2491628434E-21    0.1903005833E-06    0.8778228471E+24    0.6295609817E-11    0.3167567371E+04    0.2205622118E-10
    0.7930000000E+00    0.3866508602E-20    0.2669827968E-21    0.1947332533E-06    0.3060366176E+24    0.2351821288E-11    0.1183293214E+04    0.8828717521E-11
