    0.7400000000E+00    0.4143038610E-23    0.2860772210E-24    0.1992691735E-07    0.4513392265E-14    0.3716498862E-52    0.1869915842E-37    0.1778764181E-54
    0.7400000000E+00    0.4439345853E-23    0.3065372650E-24    0.2039107488E-07   -0.4108370653E-14   -0.3624937660E-52   -0.1823847822E-37   -0.1859023645E-54
    0.7400000000E+00    0.4756844785E-23    0.3284605973E-24    0.2086604403E-07   -0.1165480800E-13   -0.1101884432E-51   -0.5544011265E-37   -0.6055087435E-54
    0.7400000000E+00    0.5097051019E-23    0.3519518710E-24    0.2135207663E-07   -0.1082908990E-13   -0.1097041061E-51   -0.5519642370E-37   -0.6459624221E-54
    0.7400000000E+00    0.5461588566E-23    0.3771232243E-24    0.2184943039E-07    0.1280295717E-13    0.1389764509E-51    0.6992448450E-37    0.8768505686E-54
    0.7400000000E+00    0.5852197586E-23    0.4040948153E-24    0.2235836900E-07    0.6372807459E-13    0.7412449050E-51    0.3729492843E-36    0.5011250269E-53
    0.7400000000E+00    0.6270742692E-23    0.4329953957E-24    0.2287916232E-07    0.4819851259E-13    0.6007095827E-51    0.3022404706E-36    0.4351599632E-53
    0.7400000000E+00    0.6719221852E-23    0.4639629256E-24    0.2341208647E-07   -0.1587622867E-12   -0.2120207027E-50   -0.1066759026E-35   -0.1645745366E-52
    0.7400000000E+00    0.7199775931E-23    0.4971452317E-24    0.2395742402E-07   -0.2570170766E-12   -0.3677840606E-50   -0.1850465362E-35   -0.3058984488E-52
    0.7400000000E+00    0.7714698903E-23    0.5327007132E-24    0.2451546411E-07    0.1801999876E-12    0.2763030510E-50    0.1390188646E-35    0.2462464918E-52
    0.7400000000E+00    0.8266448809E-23    0.5707990981E-24    0.2508650263E-07    0.8562345839E-12    0.1406771914E-49    0.7078019356E-35    0.1343408403E-51
    0.7400000000E+00    0.8857659485E-23    0.6116222531E-24    0.2567084234E-07   -0.6256259704E-13   -0.1101401573E-50   -0.5541581810E-36   -0.1127015953E-52
    0.7400000000E+00    0.9491153137E-23    0.6553650517E-24    0.2626879307E-07   -0.2179213629E-11   -0.4110841481E-49   -0.2068325027E-34   -0.4507285849E-51
    0.7400000000E+00    0.1016995382E-22    0.7022363048E-24    0.2688067187E-07    0.6703148560E-13    0.1354907880E-50    0.6817071127E-36    0.1591820670E-52
    0.7400000000E+00    0.1089730185E-22    0.7524597575E-24    0.2750680315E-07    0.4466123409E-11    0.9673010147E-49    0.4866869487E-34    0.1217716006E-50
    0.7400000000E+00    0.1167666930E-22    0.8062751566E-24    0.2814751890E-07   -0.1109349833E-11   -0.2574538828E-49   -0.1295351114E-34   -0.3472832342E-51
    0.7400000000E+00    0.1251177658E-22    0.8639393956E-24    0.2880315884E-07   -0.7557262517E-11   -0.1879297052E-48   -0.9455478016E-34   -0.2716312948E-50
    0.7400000000E+00    0.1340661015E-22    0.9257277409E-24    0.2947407060E-07    0.4308128582E-11    0.1147941035E-48    0.5775740036E-34    0.1777886172E-50
    0.7400000000E+00    0.1436544159E-22    0.9919351458E-24    0.3016060990E-07    0.1211461758E-10    0.3458920923E-48    0.1740318313E-33    0.5740173306E-50
    0.7400000000E+00    0.1539284799E-22    0.1062877658E-23    0.3086314075E-07   -0.1268732221E-10   -0.3881511645E-48   -0.1952940223E-33   -0.6902163851E-50
    0.7400000000E+00    0.1649373379E-22    0.1138893930E-23    0.3158203565E-07   -0.2243835334E-10   -0.7355664401E-48   -0.3700922266E-33   -0.1401542520E-49
    0.7400000000E+00    0.1767335417E-22    0.1220346833E-23    0.3231767576E-07    0.3027150604E-10    0.1063322373E-47    0.5349990474E-33    0.2170947511E-49
    0.7400000000E+00    0.1893734018E-22    0.1307625190E-23    0.3307045113E-07    0.4835808607E-10    0.1820120025E-47    0.9157735263E-33    0.3981845447E-49
    0.7400000000E+00    0.2029172559E-22    0.1401145635E-23    0.3384076090E-07    0.7870876618E-10    0.3174344289E-47    0.1597136685E-32    0.7441121567E-49
    0.7400000000E+00    0.2174297571E-22    0.1501354598E-23    0.3462901348E-07    0.6856353639E-09    0.2962948709E-46    0.1490775306E-31    0.7442322833E-48
    0.7400000000E+00    0.2329801823E-22    0.1608730435E-23    0.3543562682E-07    0.3615577763E-08    0.1674204984E-45    0.8423579662E-31    0.4506018827E-47
    0.7400000000E+00    0.2496427630E-22    0.1723785718E-23    0.3626102861E-07    0.4383778539E-08    0.2175101511E-45    0.1094378587E-30    0.6272835541E-47
    0.7400000000E+00    0.2674970400E-22    0.1847069675E-23    0.3710565646E-07    0.1269600092E-08    0.6749908244E-46    0.3396142667E-31    0.2085845998E-47
    0.7400000000E+00    0.2866282424E-22    0.1979170815E-23    0.3796995823E-07   -0.4232964550E-07   -0.2411434974E-44   -0.1213287189E-29   -0.7984724326E-46
    0.7400000000E+00    0.3071276952E-22    0.2120719737E-23    0.3885439218E-07   -0.8243030957E-06   -0.5031736091E-43   -0.2531663099E-28   -0.1785263090E-44
    0.7400000000E+00    0.3290932546E-22    0.2272392139E-23    0.3975942724E-07   -0.1068687455E-04   -0.6990071778E-42   -0.3516978328E-27   -0.2657455536E-43
    0.7400000000E+00    0.3526297755E-22    0.2434912046E-23    0.4068554327E-07   -0.1426747734E-04   -0.9999496102E-42   -0.5031137333E-27   -0.4073450909E-43
    0.7400000000E+00    0.3778496121E-22    0.2609055264E-23    0.4163323131E-07    0.1234916921E-03    0.9274033606E-41    0.4666128795E-26    0.4048116818E-42
    0.7400000000E+00    0.4048731538E-22    0.2795653084E-23    0.4260299385E-07    0.3690016493E-02    0.2969335231E-39    0.1493988615E-24    0.1388812455E-40
    0.7400000000E+00    0.4338294005E-22    0.2995596250E-23    0.4359534505E-07    0.4608663902E-03    0.3973799595E-40    0.1999373897E-25    0.1991545956E-41
    0.7400000000E+00    0.4648565778E-22    0.3209839213E-23    0.4461081109E-07   -0.6432465612E+00   -0.5943036493E-37   -0.2990173951E-22   -0.3191484712E-38
    0.7400000000E+00    0.4981027973E-22    0.3439404683E-23    0.4564993037E-07   -0.6299424440E+02   -0.6236368869E-35   -0.3137760935E-20   -0.3588526571E-36
    0.7400000000E+00    0.5337267633E-22    0.3685388516E-23    0.4671325384E-07   -0.3383690565E+03   -0.3589397569E-34   -0.1805966213E-19   -0.2213124957E-35
    0.7400000000E+00    0.5718985306E-22    0.3948964943E-23    0.4780134531E-07    0.1873806886E+04    0.2129883036E-33    0.1071627405E-18    0.1407149128E-34
    0.7400000000E+00    0.6128003161E-22    0.4231392172E-23    0.4891478167E-07    0.1634734038E+06    0.1991031034E-31    0.1001765535E-16    0.1409491304E-32
    0.7400000000E+00    0.6566273690E-22    0.4534018400E-23    0.5005415331E-07    0.1099029461E+07    0.1434300858E-30    0.7216528232E-16    0.1087989313E-31
    0.7400000000E+00    0.7035889022E-22    0.4858288246E-23    0.5122006431E-07   -0.2387392691E+07   -0.3338526161E-30   -0.1679743003E-15   -0.2713558290E-31
    0.7400000000E+00    0.7539090917E-22    0.5205749646E-23    0.5241313287E-07   -0.1955856665E+09   -0.2930676947E-28   -0.1474538121E-13   -0.2552421061E-29
    0.7400000000E+00    0.8078281461E-22    0.5578061244E-23    0.5363399157E-07   -0.8061672189E+10   -0.1294362906E-26   -0.6512445699E-12   -0.1207926279E-27
    0.7400000000E+00    0.8656034539E-22    0.5977000309E-23    0.5488328773E-07   -0.2940195380E+12   -0.5058329486E-25   -0.2545043276E-10   -0.5058147459E-26
    0.7400000000E+00    0.9275108115E-22    0.6404471218E-23    0.5616168372E-07   -0.7169187640E+13   -0.1321602560E-23   -0.6649499046E-09   -0.1416071697E-24
    0.7400000000E+00    0.9938457404E-22    0.6862514550E-23    0.5746985739E-07   -0.1008979249E+14   -0.1993026890E-23   -0.1002769728E-08   -0.2288218695E-24
    0.7400000000E+00    0.1064924897E-21    0.7353316823E-23    0.5880850233E-07    0.8884108353E+14    0.1880376308E-22    0.9460908174E-08    0.2313285001E-23
    0.7400000000E+00    0.1141087586E-21    0.7879220933E-23    0.6017832832E-07    0.2739785744E+16    0.6213660568E-21    0.3126335501E-06    0.8190905149E-22
    0.7400000000E+00    0.1222697377E-21    0.8442737340E-23    0.6158006166E-07    0.6038861178E+17    0.1467526560E-19    0.7383699725E-05    0.2072861768E-20
    0.7400000000E+00    0.1310143844E-21    0.9046556049E-23    0.6301444556E-07    0.1190322457E+19    0.3099527908E-18    0.1559493640E-03    0.4691156510E-19
    0.7400000000E+00    0.1403844422E-21    0.9693559452E-23    0.6448224056E-07    0.4503544221E+19    0.1256566147E-17    0.6322275433E-03    0.2037838330E-18
    0.7400000000E+00    0.1504246400E-21    0.1038683609E-22    0.6598422489E-07    0.1141886416E+17    0.3413923857E-20    0.1717678530E-05    0.5932506214E-21
    0.7400000000E+00    0.1611829057E-21    0.1112969539E-22    0.6752119493E-07   -0.1024288933E+21   -0.3281356406E-16   -0.1650978664E-01   -0.6109951677E-17
    0.7400000000E+00    0.1727105951E-21    0.1192568347E-22    0.6909396560E-07   -0.1553112644E+22   -0.5331309300E-15   -0.2682390090E+00   -0.1063697774E-15
    0.7400000000E+00    0.1850627369E-21    0.1277860007E-22    0.7070337081E-07   -0.1943194086E+23   -0.7147383807E-14   -0.3596128158E+01   -0.1528028573E-14
    0.7400000000E+00    0.1982982953E-21    0.1369251667E-22    0.7235026388E-07   -0.2201820002E+24   -0.8677861944E-13   -0.4366171530E+02   -0.1987911783E-13
    0.7400000000E+00    0.2124804516E-21    0.1467179595E-22    0.7403551802E-07   -0.2292909026E+25   -0.9683174265E-12   -0.4871983452E+03   -0.2376851884E-12
    0.7400000000E+00    0.2276769058E-21    0.1572111260E-22    0.7576002677E-07   -0.1275388420E+26   -0.5771296586E-11   -0.2903764891E+04   -0.1517951042E-11
    0.7400000000E+00    0.2439602000E-21    0.1684547565E-22    0.7752470448E-07   -0.1405371882E+26   -0.6814314663E-11   -0.3428548054E+04   -0.1920465702E-11
    0.7400000000E+00    0.2614080640E-21    0.1805025236E-22    0.7933048683E-07    0.1620866647E+26    0.8421281979E-11    0.4237076121E+04    0.2543094982E-11
    0.7400000000E+00    0.2801037871E-21    0.1934119387E-22    0.8117833125E-07    0.3166351791E+27    0.1762747423E-09    0.8869071279E+05    0.5703933582E-10
    0.7400000000E+00    0.3001366153E-21    0.2072446262E-22    0.8306921749E-07    0.2552948521E+28    0.1522905592E-08    0.7662333281E+06    0.5280284864E-09
    0.7400000000E+00    0.3216021775E-21    0.2220666179E-22    0.8500414813E-07    0.1733761238E+29    0.1108205275E-07    0.5575813894E+07    0.4117224840E-08
    0.7400000000E+00    0.3446029418E-21    0.2379486681E-22    0.8698414910E-07    0.1071887221E+30    0.7341419100E-07    0.3693754898E+08    0.2922566411E-07
    0.7400000000E+00    0.3692487048E-21    0.2549665916E-22    0.8901027021E-07    0.6138778213E+30    0.4505187464E-06    0.2266735904E+09    0.1921751543E-06
    0.7400000000E+00    0.3956571157E-21    0.2732016250E-22    0.9108358575E-07    0.3274234182E+31    0.2574783172E-05    0.1295474053E+10    0.1176860627E-05
    0.7400000000E+00    0.4239542377E-21    0.2927408154E-22    0.9320519501E-07    0.1630439225E+32    0.1373838045E-04    0.6912316186E+10    0.6728525616E-05
    0.7400000000E+00    0.4542751502E-21    0.3136774352E-22    0.9537622289E-07    0.7593779803E+32    0.6856285975E-04    0.3449665461E+11    0.3598100544E-04
    0.7400000000E+00    0.4867645933E-21    0.3361114274E-22    0.9759782052E-07    0.3313658364E+33    0.3205816462E-03    0.1612971566E+12    0.1802698204E-03
    0.7400000000E+00    0.5215776589E-21    0.3601498832E-22    0.9987116580E-07    0.1356783049E+34    0.1406505171E-02    0.7076677264E+12    0.8474726754E-03
    0.7400000000E+00    0.5588805307E-21    0.3859075526E-22    0.1021974641E-06    0.5217895502E+34    0.5795972299E-02    0.2916180207E+13    0.3742059361E-02
    0.7400000000E+00    0.5988512779E-21    0.4135073927E-22    0.1045779488E-06    0.1783943025E+35    0.2123302659E-01    0.1068316560E+14    0.1468913679E-01
    0.7400000000E+00    0.6416807053E-21    0.4430811541E-22    0.1070138822E-06    0.4010347835E+35    0.5114615217E-01    0.2573362827E+14    0.3791380200E-01
    0.7400000000E+00    0.6875732635E-21    0.4747700104E-22    0.1095065557E-06    0.6443113607E+35    0.8804946327E-01    0.4430112650E+14    0.6993765788E-01
    0.7400000000E+00    0.7367480256E-21    0.5087252317E-22    0.1120572911E-06    0.8166283693E+35    0.1195791293E+00    0.6016493387E+14    0.1017746830E+00
    0.7400000000E+00    0.7894397325E-21    0.5451089068E-22    0.1146674407E-06    0.8549258188E+35    0.1341403258E+00    0.6749124097E+14    0.1223330287E+00
    0.7400000000E+00    0.8458999137E-21    0.5840947171E-22    0.1173383885E-06    0.8448447699E+35    0.1420390777E+00    0.7146541180E+14    0.1388008786E+00
    0.7400000000E+00    0.9063980879E-21    0.6258687655E-22    0.1200715507E-06    0.7799043933E+35    0.1404986951E+00    0.7069038508E+14    0.1471149004E+00
    0.7400000000E+00    0.9712230494E-21    0.6706304648E-22    0.1228683764E-06    0.6011919844E+35    0.1160497223E+00    0.5838915123E+14    0.1302052443E+00
    0.7400000000E+00    0.1040684247E-20    0.7185934897E-22    0.1257303485E-06    0.3932736246E+35    0.8134404125E-01    0.4092736659E+14    0.9779352847E-01
    0.7400000000E+00    0.1115113261E-20    0.7699867968E-22    0.1286589846E-06    0.2242286153E+35    0.4969606005E-01    0.2500403025E+14    0.6401862324E-01
    0.7400000000E+00    0.1194865387E-20    0.8250557175E-22    0.1316558373E-06    0.1134767836E+35    0.2694870756E-01    0.1355894810E+14    0.3719823321E-01
    0.7400000000E+00    0.1280321329E-20    0.8840631292E-22    0.1347224957E-06    0.5140660529E+34    0.1308126819E-01    0.6581697323E+13    0.1934791723E-01
    0.7400000000E+00    0.1371889021E-20    0.9472907100E-22    0.1378605858E-06    0.2073878916E+34    0.5654761862E-02    0.2845131717E+13    0.8961871070E-02
    0.7400000000E+00    0.1470005571E-20    0.1015040283E-21    0.1410717713E-06    0.7270878545E+33    0.2124309611E-02    0.1068823197E+13    0.3607465491E-02
    0.7400000000E+00    0.1575139348E-20    0.1087635259E-21    0.1443577550E-06    0.2108063326E+33    0.6599553848E-03    0.3320493493E+12    0.1200878164E-02
    0.7400000000E+00    0.1687792220E-20    0.1165422177E-21    0.1477202791E-06    0.4057554589E+32    0.1361116489E-03    0.6848309068E+11    0.2653870131E-03
    0.7400000000E+00    0.1808501947E-20    0.1248772362E-21    0.1511611264E-06    0.2344046387E+31    0.8425527991E-05    0.4239212455E+10    0.1760278956E-04
    0.7400000000E+00    0.1937844750E-20    0.1338083694E-21    0.1546821213E-06    0.4626770017E+30    0.1782004664E-05    0.8965961986E+09    0.3989267949E-05
    0.7400000000E+00    0.2076438060E-20    0.1433782510E-21    0.1582851308E-06    0.9375199034E+29    0.3869113059E-06    0.1946702010E+09    0.9281021778E-06
    0.7400000000E+00    0.2224943467E-20    0.1536325639E-21    0.1619720651E-06    0.2244353373E+29    0.9924809088E-07    0.4993559376E+08    0.2550976940E-06
    0.7400000000E+00    0.2384069878E-20    0.1646202581E-21    0.1657448792E-06    0.4420401850E+28    0.2094559375E-07    0.1053854690E+08    0.5768687953E-07
    0.7400000000E+00    0.2554576900E-20    0.1763937846E-21    0.1696055734E-06    0.8456700260E+27    0.4293701627E-08    0.2160329113E+07    0.1267115586E-07
    0.7400000000E+00    0.2737278465E-20    0.1890093455E-21    0.1735561947E-06    0.1892291667E+27    0.1029482577E-08    0.5179729229E+06    0.3255392602E-08
    0.7400000000E+00    0.2933046719E-20    0.2025271626E-21    0.1775988378E-06    0.4647895536E+26    0.2709488315E-09    0.1363249475E+06    0.9180612434E-09
    0.7400000000E+00    0.3142816182E-20    0.2170117645E-21    0.1817356462E-06    0.9772440587E+25    0.6104273203E-10    0.3071298442E+05    0.2216247884E-09
    0.7400000000E+00    0.3367588212E-20    0.2325322952E-21    0.1859688132E-06    0.2175278592E+25    0.1455947817E-10    0.7325442544E+04    0.5664090463E-10
    0.7400000000E+00    0.3608435782E-20    0.2491628434E-21    0.1903005833E-06    0.2294364388E+24    0.1645482686E-11    0.8279066554E+03    0.6859266686E-11
    0.7400000000E+00    0.3866508602E-20    0.2669827968E-21    0.1947332533E-06    0.1016868856E+24    0.7814404176E-12    0.3931732177E+03    0.3490440518E-11
