    0.7330000000E+00    0.4143038610E-23    0.2860772210E-24    0.1992691735E-07   -0.2298887179E-13   -0.1892991144E-51   -0.9524378345E-37   -0.9337728405E-54
    0.7330000000E+00    0.4439345853E-23    0.3065372650E-24    0.2039107488E-07   -0.2453261376E-13   -0.2164585502E-51   -0.1089087572E-36   -0.1144108998E-53
    0.7330000000E+00    0.4756844785E-23    0.3284605973E-24    0.2086604403E-07    0.2558806843E-13    0.2419181359E-51    0.1217184699E-36    0.1370127816E-53
    0.7330000000E+00    0.5097051019E-23    0.3519518710E-24    0.2135207663E-07    0.1308898840E-12    0.1325980101E-50    0.6671524166E-36    0.8046919608E-53
    0.7330000000E+00    0.5461588566E-23    0.3771232243E-24    0.2184943039E-07    0.1194568526E-12    0.1296707407E-50    0.6524241801E-36    0.8432078626E-53
    0.7330000000E+00    0.5852197586E-23    0.4040948153E-24    0.2235836900E-07   -0.1969661052E-12   -0.2290985926E-50   -0.1152684565E-35   -0.1596302071E-52
    0.7330000000E+00    0.6270742692E-23    0.4329953957E-24    0.2287916232E-07   -0.6467155916E-12   -0.8060170994E-50   -0.4055387070E-35   -0.6017788377E-52
    0.7330000000E+00    0.6719221852E-23    0.4639629256E-24    0.2341208647E-07   -0.3173330929E-12   -0.4237856907E-50   -0.2132231452E-35   -0.3390306360E-52
    0.7330000000E+00    0.7199775931E-23    0.4971452317E-24    0.2395742402E-07    0.1976112876E-11    0.2827760813E-49    0.1422756992E-34    0.2424015138E-51
    0.7330000000E+00    0.7714698903E-23    0.5327007132E-24    0.2451546411E-07    0.2035597100E-11    0.3121208258E-49    0.1570401871E-34    0.2866918870E-51
    0.7330000000E+00    0.8266448809E-23    0.5707990981E-24    0.2508650263E-07   -0.4082902376E-11   -0.6708106049E-49   -0.3375110348E-34   -0.6602259279E-51
    0.7330000000E+00    0.8857659485E-23    0.6116222531E-24    0.2567084234E-07   -0.6551302292E-11   -0.1153343210E-48   -0.5802920489E-34   -0.1216329441E-50
    0.7330000000E+00    0.9491153137E-23    0.6553650517E-24    0.2626879307E-07    0.8202385578E-11    0.1547287812E-48    0.7785009761E-34    0.1748492447E-50
    0.7330000000E+00    0.1016995382E-22    0.7022363048E-24    0.2688067187E-07    0.1528895035E-10    0.3090356588E-48    0.1554879190E-33    0.3741978175E-50
    0.7330000000E+00    0.1089730185E-22    0.7524597575E-24    0.2750680315E-07   -0.1871194633E-10   -0.4052750677E-48   -0.2039097273E-33   -0.5258265890E-50
    0.7330000000E+00    0.1167666930E-22    0.8062751566E-24    0.2814751890E-07   -0.2567330455E-10   -0.5958167339E-48   -0.2997786871E-33   -0.8283337415E-50
    0.7330000000E+00    0.1251177658E-22    0.8639393956E-24    0.2880315884E-07    0.3757785388E-10    0.9344646935E-48    0.4701657121E-33    0.1392052303E-49
    0.7330000000E+00    0.1340661015E-22    0.9257277409E-24    0.2947407060E-07    0.3574279788E-10    0.9524001809E-48    0.4791897568E-33    0.1520239894E-49
    0.7330000000E+00    0.1436544159E-22    0.9919351458E-24    0.3016060990E-07   -0.6680577728E-10   -0.1907413909E-47   -0.9596944915E-33   -0.3262402950E-49
    0.7330000000E+00    0.1539284799E-22    0.1062877658E-23    0.3086314075E-07   -0.5993402904E-10   -0.1833599145E-47   -0.9225553986E-33   -0.3360447027E-49
    0.7330000000E+00    0.1649373379E-22    0.1138893930E-23    0.3158203565E-07    0.1244524709E-09    0.4079758421E-47    0.2052685924E-32    0.8011744730E-49
    0.7330000000E+00    0.1767335417E-22    0.1220346833E-23    0.3231767576E-07    0.1169844699E-09    0.4109217560E-47    0.2067507969E-32    0.8646727873E-49
    0.7330000000E+00    0.1893734018E-22    0.1307625190E-23    0.3307045113E-07   -0.4830555676E-10   -0.1818142907E-47   -0.9147787609E-33   -0.4099403540E-49
    0.7330000000E+00    0.2029172559E-22    0.1401145635E-23    0.3384076090E-07    0.1013686801E-08    0.4088224302E-46    0.2056945440E-31    0.9877052708E-48
    0.7330000000E+00    0.2174297571E-22    0.1501354598E-23    0.3462901348E-07    0.6303277778E-08    0.2723938953E-45    0.1370520156E-30    0.7051638271E-47
    0.7330000000E+00    0.2329801823E-22    0.1608730435E-23    0.3543562682E-07    0.5921314143E-08    0.2741883677E-45    0.1379548848E-30    0.7605743624E-47
    0.7330000000E+00    0.2496427630E-22    0.1723785718E-23    0.3626102861E-07   -0.2432561566E-08   -0.1206965245E-45   -0.6072713906E-31   -0.3587462917E-47
    0.7330000000E+00    0.2674970400E-22    0.1847069675E-23    0.3710565646E-07   -0.4457130848E-07   -0.2369661473E-44   -0.1192269309E-29   -0.7547080174E-46
    0.7330000000E+00    0.2866282424E-22    0.1979170815E-23    0.3796995823E-07   -0.6671850812E-06   -0.3800819543E-43   -0.1912340872E-28   -0.1297089388E-44
    0.7330000000E+00    0.3071276952E-22    0.2120719737E-23    0.3885439218E-07   -0.1162337914E-04   -0.7095178534E-42   -0.3569861645E-27   -0.2594513793E-43
    0.7330000000E+00    0.3290932546E-22    0.2272392139E-23    0.3975942724E-07   -0.2852552823E-04   -0.1865797983E-41   -0.9387558924E-27   -0.7310671592E-43
    0.7330000000E+00    0.3526297755E-22    0.2434912046E-23    0.4068554327E-07    0.1909655234E-04    0.1338399887E-41    0.6734012965E-27    0.5619252498E-43
    0.7330000000E+00    0.3778496121E-22    0.2609055264E-23    0.4163323131E-07    0.1997248525E-02    0.1499902514E-39    0.7546595803E-25    0.6747698804E-41
    0.7330000000E+00    0.4048731538E-22    0.2795653084E-23    0.4260299385E-07    0.1109598322E-01    0.8928874427E-39    0.4492465721E-24    0.4304169553E-40
    0.7330000000E+00    0.4338294005E-22    0.2995596250E-23    0.4359534505E-07   -0.6020435838E-01   -0.5191093559E-38   -0.2611842070E-23   -0.2681337685E-39
    0.7330000000E+00    0.4648565778E-22    0.3209839213E-23    0.4461081109E-07   -0.7875704091E+01   -0.7276462813E-36   -0.3661072851E-21   -0.4027290615E-37
    0.7330000000E+00    0.4981027973E-22    0.3439404683E-23    0.4564993037E-07   -0.4499275870E+03   -0.4454239309E-34   -0.2241101896E-19   -0.2641594807E-35
    0.7330000000E+00    0.5337267633E-22    0.3685388516E-23    0.4671325384E-07   -0.4998094912E+03   -0.5301947498E-34   -0.2667617020E-19   -0.3369209982E-35
    0.7330000000E+00    0.5718985306E-22    0.3948964943E-23    0.4780134531E-07    0.2341800380E+05    0.2661832945E-32    0.1339272196E-17    0.1812480955E-33
    0.7330000000E+00    0.6128003161E-22    0.4231392172E-23    0.4891478167E-07    0.1191606673E+07    0.1451322240E-30    0.7302169456E-16    0.1058903798E-31
    0.7330000000E+00    0.6566273690E-22    0.4534018400E-23    0.5005415331E-07    0.1790528976E+07    0.2336750140E-30    0.1175710331E-15    0.1826858597E-31
    0.7330000000E+00    0.7035889022E-22    0.4858288246E-23    0.5122006431E-07   -0.3181760996E+08   -0.4449369542E-29   -0.2238651726E-14   -0.3727272400E-30
    0.7330000000E+00    0.7539090917E-22    0.5205749646E-23    0.5241313287E-07   -0.1561519593E+10   -0.2339797980E-27   -0.1177243818E-12   -0.2100250117E-28
    0.7330000000E+00    0.8078281461E-22    0.5578061244E-23    0.5363399157E-07   -0.5994786656E+11   -0.9625086824E-26   -0.4842757390E-11   -0.9257576545E-27
    0.7330000000E+00    0.8656034539E-22    0.5977000309E-23    0.5488328773E-07   -0.2065979091E+13   -0.3554322622E-24   -0.1788318637E-09   -0.3663106131E-25
    0.7330000000E+00    0.9275108115E-22    0.6404471218E-23    0.5616168372E-07   -0.1790998563E+14   -0.3301612966E-23   -0.1661170531E-08   -0.3646018074E-24
    0.7330000000E+00    0.9938457404E-22    0.6862514550E-23    0.5746985739E-07   -0.3823554950E+13   -0.7552630880E-24   -0.3800023800E-09   -0.8936982670E-25
    0.7330000000E+00    0.1064924897E-21    0.7353316823E-23    0.5880850233E-07    0.6366848424E+15    0.1347582724E-21    0.6780215404E-07    0.1708630248E-22
    0.7330000000E+00    0.1141087586E-21    0.7879220933E-23    0.6017832832E-07    0.1567133332E+17    0.3554159156E-20    0.1788236391E-05    0.4828692255E-21
    0.7330000000E+00    0.1222697377E-21    0.8442737340E-23    0.6158006166E-07    0.3236530254E+18    0.7865214930E-19    0.3957297054E-04    0.1144994105E-19
    0.7330000000E+00    0.1310143844E-21    0.9046556049E-23    0.6301444556E-07    0.4334195007E+19    0.1128598247E-17    0.5678418909E-03    0.1760483777E-18
    0.7330000000E+00    0.1403844422E-21    0.9693559452E-23    0.6448224056E-07    0.5865638681E+19    0.1636613884E-17    0.8234444143E-03    0.2735513655E-18
    0.7330000000E+00    0.1504246400E-21    0.1038683609E-22    0.6598422489E-07   -0.2157458698E+20   -0.6450203466E-17   -0.3245349479E-02   -0.1155223647E-17
    0.7330000000E+00    0.1611829057E-21    0.1112969539E-22    0.6752119493E-07   -0.4834773525E+21   -0.1548841794E-15   -0.7792828451E-01   -0.2972348411E-16
    0.7330000000E+00    0.1727105951E-21    0.1192568347E-22    0.6909396560E-07   -0.6500571418E+22   -0.2231425840E-14   -0.1122717558E+01   -0.4588546252E-15
    0.7330000000E+00    0.1850627369E-21    0.1277860007E-22    0.7070337081E-07   -0.7669751693E+23   -0.2821059381E-13   -0.1419385240E+02   -0.6215912376E-14
    0.7330000000E+00    0.1982982953E-21    0.1369251667E-22    0.7235026388E-07   -0.8266409233E+24   -0.3257975585E-12   -0.1639214859E+03   -0.7692021354E-13
    0.7330000000E+00    0.2124804516E-21    0.1467179595E-22    0.7403551802E-07   -0.7843126871E+25   -0.3312227542E-11   -0.1666511139E+04   -0.8379398023E-12
    0.7330000000E+00    0.2276769058E-21    0.1572111260E-22    0.7576002677E-07   -0.1851890335E+26   -0.8380041881E-11   -0.4216326615E+04   -0.2271636536E-11
    0.7330000000E+00    0.2439602000E-21    0.1684547565E-22    0.7752470448E-07   -0.1093264416E+26   -0.5300979643E-11   -0.2667130054E+04   -0.1539744964E-11
    0.7330000000E+00    0.2614080640E-21    0.1805025236E-22    0.7933048683E-07    0.1013094403E+27    0.5263575297E-10    0.2648310466E+05    0.1638224799E-10
    0.7330000000E+00    0.2801037871E-21    0.1934119387E-22    0.8117833125E-07    0.1023469839E+28    0.5697783887E-09    0.2866777779E+06    0.1900197002E-09
    0.7330000000E+00    0.3001366153E-21    0.2072446262E-22    0.8306921749E-07    0.7404231369E+28    0.4416832250E-08    0.2222280942E+07    0.1578350895E-08
    0.7330000000E+00    0.3216021775E-21    0.2220666179E-22    0.8500414813E-07    0.4746862479E+29    0.3034153679E-07    0.1526601310E+08    0.1161796944E-07
    0.7330000000E+00    0.3446029418E-21    0.2379486681E-22    0.8698414910E-07    0.2800303320E+30    0.1917944339E-06    0.9649927623E+08    0.7869165063E-07
    0.7330000000E+00    0.3692487048E-21    0.2549665916E-22    0.8901027021E-07    0.1535132154E+31    0.1126618017E-05    0.5668455596E+09    0.4953011633E-06
    0.7330000000E+00    0.3956571157E-21    0.2732016250E-22    0.9108358575E-07    0.7848176679E+31    0.6171627354E-05    0.3105186948E+10    0.2907316755E-05
    0.7330000000E+00    0.4239542377E-21    0.2927408154E-22    0.9320519501E-07    0.3749370948E+32    0.3159288843E-04    0.1589561702E+11    0.1594710999E-04
    0.7330000000E+00    0.4542751502E-21    0.3136774352E-22    0.9537622289E-07    0.1676801946E+33    0.1513954047E-03    0.7617294561E+11    0.8188518776E-04
    0.7330000000E+00    0.4867645933E-21    0.3361114274E-22    0.9759782052E-07    0.7032138568E+33    0.6803279974E-03    0.3422996070E+12    0.3942856758E-03
    0.7330000000E+00    0.5215776589E-21    0.3601498832E-22    0.9987116580E-07    0.2769602439E+34    0.2871100249E-02    0.1444562756E+13    0.1782957589E-02
    0.7330000000E+00    0.5588805307E-21    0.3859075526E-22    0.1021974641E-06    0.1025082092E+35    0.1138648217E-01    0.5728984234E+13    0.7576737239E-02
    0.7330000000E+00    0.5988512779E-21    0.4135073927E-22    0.1045779488E-06    0.2861027087E+35    0.3405280515E-01    0.1713329727E+14    0.2427982484E-01
    0.7330000000E+00    0.6416807053E-21    0.4430811541E-22    0.1070138822E-06    0.5320174690E+35    0.6785108810E-01    0.3413853447E+14    0.5183814743E-01
    0.7330000000E+00    0.6875732635E-21    0.4747700104E-22    0.1095065557E-06    0.7557129513E+35    0.1032732368E+00    0.5196080202E+14    0.8454354317E-01
    0.7330000000E+00    0.7367480256E-21    0.5087252317E-22    0.1120572911E-06    0.8680702458E+35    0.1271117782E+00    0.6395490397E+14    0.1115009199E+00
    0.7330000000E+00    0.7894397325E-21    0.5451089068E-22    0.1146674407E-06    0.8720077123E+35    0.1368205242E+00    0.6883975351E+14    0.1286008697E+00
    0.7330000000E+00    0.8458999137E-21    0.5840947171E-22    0.1173383885E-06    0.8464950022E+35    0.1423165222E+00    0.7160500494E+14    0.1433335899E+00
    0.7330000000E+00    0.9063980879E-21    0.6258687655E-22    0.1200715507E-06    0.7282920553E+35    0.1312008040E+00    0.6601225263E+14    0.1415888819E+00
    0.7330000000E+00    0.9712230494E-21    0.6706304648E-22    0.1228683764E-06    0.5212800866E+35    0.1006241115E+00    0.5062792353E+14    0.1163575892E+00
    0.7330000000E+00    0.1040684247E-20    0.7185934897E-22    0.1257303485E-06    0.3220457329E+35    0.6661138644E-01    0.3351479211E+14    0.8253556507E-01
    0.7330000000E+00    0.1115113261E-20    0.7699867968E-22    0.1286589846E-06    0.1757851228E+35    0.3895947004E-01    0.1960203216E+14    0.5172561899E-01
    0.7330000000E+00    0.1194865387E-20    0.8250557175E-22    0.1316558373E-06    0.8598213329E+34    0.2041921961E-01    0.1027370750E+14    0.2904904075E-01
    0.7330000000E+00    0.1280321329E-20    0.8840631292E-22    0.1347224957E-06    0.3781558096E+34    0.9622805346E-02    0.4841609489E+13    0.1466879221E-01
    0.7330000000E+00    0.1371889021E-20    0.9472907100E-22    0.1378605858E-06    0.1478679710E+34    0.4031856231E-02    0.2028584460E+13    0.6585635553E-02
    0.7330000000E+00    0.1470005571E-20    0.1015040283E-21    0.1410717713E-06    0.4988086300E+33    0.1457353414E-02    0.7332514650E+12    0.2550689171E-02
    0.7330000000E+00    0.1575139348E-20    0.1087635259E-21    0.1443577550E-06    0.1375148979E+33    0.4305074531E-03    0.2166051266E+12    0.8073713430E-03
    0.7330000000E+00    0.1687792220E-20    0.1165422177E-21    0.1477202791E-06    0.2378889527E+32    0.7980042390E-04    0.4015071237E+11    0.1603606671E-03
    0.7330000000E+00    0.1808501947E-20    0.1248772362E-21    0.1511611264E-06    0.1811539793E+31    0.6511466374E-05    0.3276173242E+10    0.1402075686E-04
    0.7330000000E+00    0.1937844750E-20    0.1338083694E-21    0.1546821213E-06    0.3606652706E+30    0.1389105558E-05    0.6989133012E+09    0.3204999047E-05
    0.7330000000E+00    0.2076438060E-20    0.1433782510E-21    0.1582851308E-06    0.7436418029E+29    0.3068984670E-06    0.1544126143E+09    0.7587302072E-06
    0.7330000000E+00    0.2224943467E-20    0.1536325639E-21    0.1619720651E-06    0.1769545652E+29    0.7825150433E-07    0.3937139039E+08    0.2072933410E-06
    0.7330000000E+00    0.2384069878E-20    0.1646202581E-21    0.1657448792E-06    0.3478137422E+28    0.1648077616E-07    0.8292122661E+07    0.4678108787E-07
    0.7330000000E+00    0.2554576900E-20    0.1763937846E-21    0.1696055734E-06    0.6797887021E+27    0.3451476068E-08    0.1736572515E+07    0.1049778133E-07
    0.7330000000E+00    0.2737278465E-20    0.1890093455E-21    0.1735561947E-06    0.1538811429E+27    0.8371751469E-09    0.4212155385E+06    0.2728405918E-08
    0.7330000000E+00    0.2933046719E-20    0.2025271626E-21    0.1775988378E-06    0.3777018609E+26    0.2201811058E-09    0.1107817204E+06    0.7689050342E-09
    0.7330000000E+00    0.3142816182E-20    0.2170117645E-21    0.1817356462E-06    0.7826215225E+25    0.4888579823E-10    0.2459635586E+05    0.1829259701E-09
    0.7330000000E+00    0.3367588212E-20    0.2325322952E-21    0.1859688132E-06    0.1737225150E+25    0.1162751830E-10    0.5850258936E+04    0.4662079636E-10
    0.7330000000E+00    0.3608435782E-20    0.2491628434E-21    0.1903005833E-06    0.1957832416E+24    0.1404127156E-11    0.7064712545E+03    0.6032524504E-11
    0.7330000000E+00    0.3866508602E-20    0.2669827968E-21    0.1947332533E-06    0.8777199465E+23    0.6745076690E-12    0.3393711723E+03    0.3105128288E-11
