    0.7100000000E+00    0.4143038610E-23    0.2860772210E-24    0.1992691735E-07   -0.7075465230E-11   -0.5826207192E-49   -0.2931392563E-34   -0.3231463421E-51
    0.7100000000E+00    0.4439345853E-23    0.3065372650E-24    0.2039107488E-07    0.3504548621E-10    0.3092167517E-48    0.1555790339E-33    0.1837707267E-50
    0.7100000000E+00    0.4756844785E-23    0.3284605973E-24    0.2086604403E-07    0.4671464319E-10    0.4416558221E-48    0.2222143068E-33    0.2812530748E-50
    0.7100000000E+00    0.5097051019E-23    0.3519518710E-24    0.2135207663E-07    0.6259051715E-11    0.6340732968E-49    0.3190270592E-34    0.4326660144E-51
    0.7100000000E+00    0.5461588566E-23    0.3771232243E-24    0.2184943039E-07   -0.2027734623E-09   -0.2201111488E-47   -0.1107465223E-32   -0.1609367992E-49
    0.7100000000E+00    0.5852197586E-23    0.4040948153E-24    0.2235836900E-07   -0.2422066747E-09   -0.2817195792E-47   -0.1417441317E-32   -0.2207142382E-49
    0.7100000000E+00    0.6270742692E-23    0.4329953957E-24    0.2287916232E-07    0.1519987870E-09    0.1894397213E-47    0.9531452828E-33    0.1590319431E-49
    0.7100000000E+00    0.6719221852E-23    0.4639629256E-24    0.2341208647E-07    0.1069751424E-08    0.1428610366E-46    0.7187897143E-32    0.1285070980E-48
    0.7100000000E+00    0.7199775931E-23    0.4971452317E-24    0.2395742402E-07    0.6604383604E-09    0.9450683400E-47    0.4755008211E-32    0.9109122313E-49
    0.7100000000E+00    0.7714698903E-23    0.5327007132E-24    0.2451546411E-07   -0.2934046891E-08   -0.4498813340E-46   -0.2263528833E-31   -0.4646343284E-48
    0.7100000000E+00    0.8266448809E-23    0.5707990981E-24    0.2508650263E-07   -0.3027560574E-08   -0.4974205977E-46   -0.2502717450E-31   -0.5504743460E-48
    0.7100000000E+00    0.8857659485E-23    0.6116222531E-24    0.2567084234E-07    0.6325552116E-08    0.1113600359E-45    0.5602958669E-31    0.1320513001E-47
    0.7100000000E+00    0.9491153137E-23    0.6553650517E-24    0.2626879307E-07    0.8402542378E-08    0.1585045142E-45    0.7974981645E-31    0.2013979078E-47
    0.7100000000E+00    0.1016995382E-22    0.7022363048E-24    0.2688067187E-07   -0.1364359996E-07   -0.2757781800E-45   -0.1387547815E-30   -0.3754682515E-47
    0.7100000000E+00    0.1089730185E-22    0.7524597575E-24    0.2750680315E-07   -0.1707638257E-07   -0.3698510023E-45   -0.1860864954E-30   -0.5395604636E-47
    0.7100000000E+00    0.1167666930E-22    0.8062751566E-24    0.2814751890E-07    0.2920169366E-07    0.6777023078E-45    0.3409785199E-30    0.1059381254E-46
    0.7100000000E+00    0.1251177658E-22    0.8639393956E-24    0.2880315884E-07    0.2453621624E-07    0.6101526676E-45    0.3069916557E-30    0.1022002207E-46
    0.7100000000E+00    0.1340661015E-22    0.9257277409E-24    0.2947407060E-07   -0.5732542719E-07   -0.1527489465E-44   -0.7685396539E-30   -0.2741520785E-46
    0.7100000000E+00    0.1436544159E-22    0.9919351458E-24    0.3016060990E-07    0.3508043699E-08    0.1001603696E-45    0.5039459686E-31    0.1926234858E-47
    0.7100000000E+00    0.1539284799E-22    0.1062877658E-23    0.3086314075E-07    0.7386337277E-07    0.2259748249E-44    0.1136967669E-29    0.4656647649E-46
    0.7100000000E+00    0.1649373379E-22    0.1138893930E-23    0.3158203565E-07   -0.9684299842E-07   -0.3174674118E-44   -0.1597302635E-29   -0.7009910459E-46
    0.7100000000E+00    0.1767335417E-22    0.1220346833E-23    0.3231767576E-07    0.1400956637E-06    0.4921025518E-44    0.2475960283E-29    0.1164310828E-45
    0.7100000000E+00    0.1893734018E-22    0.1307625190E-23    0.3307045113E-07    0.4222867773E-06    0.1589419024E-43    0.7996988355E-29    0.4029505251E-45
    0.7100000000E+00    0.2029172559E-22    0.1401145635E-23    0.3384076090E-07   -0.1497704924E-05   -0.6040281537E-43   -0.3039101734E-28   -0.1640856118E-44
    0.7100000000E+00    0.2174297571E-22    0.1501354598E-23    0.3462901348E-07    0.2220069914E-06    0.9593952751E-44    0.4827092622E-29    0.2792613895E-45
    0.7100000000E+00    0.2329801823E-22    0.1608730435E-23    0.3543562682E-07    0.2380429916E-05    0.1102265777E-42    0.5545929957E-28    0.3437950685E-44
    0.7100000000E+00    0.2496427630E-22    0.1723785718E-23    0.3626102861E-07   -0.6184462651E-04   -0.3068547815E-41   -0.1543906344E-26   -0.1025524911E-42
    0.7100000000E+00    0.2674970400E-22    0.1847069675E-23    0.3710565646E-07   -0.3338095803E-03   -0.1774719498E-40   -0.8929307466E-26   -0.6355402198E-42
    0.7100000000E+00    0.2866282424E-22    0.1979170815E-23    0.3796995823E-07    0.2463900234E-04    0.1403634527E-41    0.7062233936E-27    0.5386012560E-43
    0.7100000000E+00    0.3071276952E-22    0.2120719737E-23    0.3885439218E-07    0.6578294198E-02    0.4015542402E-39    0.2020376335E-24    0.1651039773E-40
    0.7100000000E+00    0.3290932546E-22    0.2272392139E-23    0.3975942724E-07    0.6076925482E-01    0.3974795914E-38    0.1999875185E-23    0.1751169377E-39
    0.7100000000E+00    0.3526297755E-22    0.2434912046E-23    0.4068554327E-07    0.1158261833E+00    0.8117787332E-38    0.4084376101E-23    0.3832224903E-39
    0.7100000000E+00    0.3778496121E-22    0.2609055264E-23    0.4163323131E-07   -0.4588637340E-01   -0.3445995125E-38   -0.1733814839E-23   -0.1743122778E-39
    0.7100000000E+00    0.4048731538E-22    0.2795653084E-23    0.4260299385E-07   -0.1370096864E+02   -0.1102509134E-35   -0.5547154385E-21   -0.5975792591E-37
    0.7100000000E+00    0.4338294005E-22    0.2995596250E-23    0.4359534505E-07   -0.1195389789E+04   -0.1030719437E-33   -0.5185952356E-19   -0.5986235319E-35
    0.7100000000E+00    0.4648565778E-22    0.3209839213E-23    0.4461081109E-07   -0.1340076520E+05   -0.1238113678E-32   -0.6229433849E-18   -0.7705021250E-34
    0.7100000000E+00    0.4981027973E-22    0.3439404683E-23    0.4564993037E-07    0.2048525985E+05    0.2028020782E-32    0.1020376523E-17    0.1352339459E-33
    0.7100000000E+00    0.5337267633E-22    0.3685388516E-23    0.4671325384E-07    0.2679736705E+07    0.2842647763E-30    0.1430247198E-15    0.2031123673E-31
    0.7100000000E+00    0.5718985306E-22    0.3948964943E-23    0.4780134531E-07    0.2713958165E+08    0.3084850152E-29    0.1552108687E-14    0.2361823242E-30
    0.7100000000E+00    0.6128003161E-22    0.4231392172E-23    0.4891478167E-07   -0.1920874009E+08   -0.2339536386E-29   -0.1177112200E-14   -0.1919301149E-30
    0.7100000000E+00    0.6566273690E-22    0.4534018400E-23    0.5005415331E-07   -0.2783357603E+10   -0.3632452397E-27   -0.1827628780E-12   -0.3193105374E-28
    0.7100000000E+00    0.7035889022E-22    0.4858288246E-23    0.5122006431E-07   -0.1081970074E+12   -0.1513025239E-25   -0.7612621365E-11   -0.1425146439E-26
    0.7100000000E+00    0.7539090917E-22    0.5205749646E-23    0.5241313287E-07   -0.3673451446E+13   -0.5504339691E-24   -0.2769448443E-09   -0.5555441094E-25
    0.7100000000E+00    0.8078281461E-22    0.5578061244E-23    0.5363399157E-07   -0.8366823353E+14   -0.1343357251E-22   -0.6758955398E-08   -0.1452796694E-23
    0.7100000000E+00    0.8656034539E-22    0.5977000309E-23    0.5488328773E-07   -0.1186859720E+15   -0.2041880469E-22   -0.1027349873E-07   -0.2366157417E-23
    0.7100000000E+00    0.9275108115E-22    0.6404471218E-23    0.5616168372E-07    0.9232123926E+15    0.1701894166E-21    0.8562894755E-07    0.2113225627E-22
    0.7100000000E+00    0.9938457404E-22    0.6862514550E-23    0.5746985739E-07    0.2719259239E+17    0.5371326309E-20    0.2702524211E-05    0.7146523988E-21
    0.7100000000E+00    0.1064924897E-21    0.7353316823E-23    0.5880850233E-07    0.5607207040E+18    0.1186799941E-18    0.5971254381E-04    0.1691962898E-19
    0.7100000000E+00    0.1141087586E-21    0.7879220933E-23    0.6017832832E-07    0.1003904340E+20    0.2276791471E-17    0.1145542780E-02    0.3478056038E-18
    0.7100000000E+00    0.1222697377E-21    0.8442737340E-23    0.6158006166E-07    0.2618079927E+20    0.6362295334E-17    0.3201119461E-02    0.1041422950E-17
    0.7100000000E+00    0.1310143844E-21    0.9046556049E-23    0.6301444556E-07   -0.1264991794E+20   -0.3293962360E-17   -0.1657321212E-02   -0.5777393539E-18
    0.7100000000E+00    0.1403844422E-21    0.9693559452E-23    0.6448224056E-07   -0.7611946302E+21   -0.2123863688E-15   -0.1068598836E+00   -0.3991535159E-16
    0.7100000000E+00    0.1504246400E-21    0.1038683609E-22    0.6598422489E-07   -0.1055801430E+23   -0.3156553612E-14   -0.1588185500E+01   -0.6356623500E-15
    0.7100000000E+00    0.1611829057E-21    0.1112969539E-22    0.6752119493E-07   -0.1228939107E+24   -0.3936962593E-13   -0.1980839762E+02   -0.8495219557E-14
    0.7100000000E+00    0.1727105951E-21    0.1192568347E-22    0.6909396560E-07   -0.1296193483E+25   -0.4449392901E-12   -0.2238663479E+03   -0.1028760017E-12
    0.7100000000E+00    0.1850627369E-21    0.1277860007E-22    0.7070337081E-07   -0.1253342432E+26   -0.4609997254E-11   -0.2319469807E+04   -0.1142125915E-11
    0.7100000000E+00    0.1982982953E-21    0.1369251667E-22    0.7235026388E-07   -0.3828212429E+26   -0.1508783593E-10   -0.7591279985E+04   -0.4005348155E-11
    0.7100000000E+00    0.2124804516E-21    0.1467179595E-22    0.7403551802E-07   -0.3117120681E+26   -0.1316389897E-10   -0.6623272100E+04   -0.3744534702E-11
    0.7100000000E+00    0.2276769058E-21    0.1572111260E-22    0.7576002677E-07    0.1180606626E+27    0.5342396784E-10    0.2687968636E+05    0.1628356378E-10
    0.7100000000E+00    0.2439602000E-21    0.1684547565E-22    0.7752470448E-07    0.1362534637E+28    0.6606607032E-09    0.3324042226E+06    0.2157703641E-09
    0.7100000000E+00    0.2614080640E-21    0.1805025236E-22    0.7933048683E-07    0.9820862233E+28    0.5102470972E-08    0.2567252583E+07    0.1785639819E-08
    0.7100000000E+00    0.2801037871E-21    0.1934119387E-22    0.8117833125E-07    0.6158845082E+29    0.3428705657E-07    0.1725115832E+08    0.1285711484E-07
    0.7100000000E+00    0.3001366153E-21    0.2072446262E-22    0.8306921749E-07    0.3539102619E+30    0.2111174246E-06    0.1062214281E+09    0.8482764273E-07
    0.7100000000E+00    0.3216021775E-21    0.2220666179E-22    0.8500414813E-07    0.1888040736E+31    0.1206819403E-05    0.6071980119E+09    0.5195838018E-06
    0.7100000000E+00    0.3446029418E-21    0.2379486681E-22    0.8698414910E-07    0.9391556091E+31    0.6432332421E-05    0.3236357857E+10    0.2967438997E-05
    0.7100000000E+00    0.3692487048E-21    0.2549665916E-22    0.8901027021E-07    0.4365018865E+32    0.3203443354E-04    0.1611777562E+11    0.1583544850E-04
    0.7100000000E+00    0.3956571157E-21    0.2732016250E-22    0.9108358575E-07    0.1898881785E+33    0.1493237378E-03    0.7513060899E+11    0.7909375086E-04
    0.7100000000E+00    0.4239542377E-21    0.2927408154E-22    0.9320519501E-07    0.7746108886E+33    0.6527013657E-03    0.3283995688E+12    0.3704485000E-03
    0.7100000000E+00    0.4542751502E-21    0.3136774352E-22    0.9537622289E-07    0.2969082233E+34    0.2680730466E-02    0.1348780277E+13    0.1630296023E-02
    0.7100000000E+00    0.4867645933E-21    0.3361114274E-22    0.9759782052E-07    0.1070037626E+35    0.1035213610E-01    0.5208564298E+13    0.6745952707E-02
    0.7100000000E+00    0.5215776589E-21    0.3601498832E-22    0.9987116580E-07    0.2908405020E+35    0.3014989538E-01    0.1516959082E+14    0.2105227957E-01
    0.7100000000E+00    0.5588805307E-21    0.3859075526E-22    0.1021974641E-06    0.5430148820E+35    0.6031740599E-01    0.3034804454E+14    0.4512902754E-01
    0.7100000000E+00    0.5988512779E-21    0.4135073927E-22    0.1045779488E-06    0.7877941175E+35    0.9376562601E-01    0.4717715140E+14    0.7517215086E-01
    0.7100000000E+00    0.6416807053E-21    0.4430811541E-22    0.1070138822E-06    0.9354102260E+35    0.1192979655E+00    0.6002346935E+14    0.1024817084E+00
    0.7100000000E+00    0.6875732635E-21    0.4747700104E-22    0.1095065557E-06    0.9526496744E+35    0.1301859592E+00    0.6550164456E+14    0.1198332854E+00
    0.7100000000E+00    0.7367480256E-21    0.5087252317E-22    0.1120572911E-06    0.9363711637E+35    0.1371131015E+00    0.6898696061E+14    0.1352359867E+00
    0.7100000000E+00    0.7894397325E-21    0.5451089068E-22    0.1146674407E-06    0.8447870021E+35    0.1325495162E+00    0.6669084249E+14    0.1400849457E+00
    0.7100000000E+00    0.8458999137E-21    0.5840947171E-22    0.1173383885E-06    0.6403612874E+35    0.1076604010E+00    0.5416815578E+14    0.1219184162E+00
    0.7100000000E+00    0.9063980879E-21    0.6258687655E-22    0.1200715507E-06    0.4206981856E+35    0.7578819482E-01    0.3813200309E+14    0.9196337093E-01
    0.7100000000E+00    0.9712230494E-21    0.6706304648E-22    0.1228683764E-06    0.2461000591E+35    0.4750536311E-01    0.2390180499E+14    0.6176692218E-01
    0.7100000000E+00    0.1040684247E-20    0.7185934897E-22    0.1257303485E-06    0.1304726483E+35    0.2698673855E-01    0.1357808298E+14    0.3759791146E-01
    0.7100000000E+00    0.1115113261E-20    0.7699867968E-22    0.1286589846E-06    0.6312790582E+34    0.1399111436E-01    0.7039476494E+13    0.2088649785E-01
    0.7100000000E+00    0.1194865387E-20    0.8250557175E-22    0.1316558373E-06    0.2774518932E+34    0.6588986481E-02    0.3315176638E+13    0.1053978946E-01
    0.7100000000E+00    0.1280321329E-20    0.8840631292E-22    0.1347224957E-06    0.1091259007E+34    0.2776890568E-02    0.1397162183E+13    0.4759617849E-02
    0.7100000000E+00    0.1371889021E-20    0.9472907100E-22    0.1378605858E-06    0.3757031013E+33    0.1024414469E-02    0.5154229600E+12    0.1881434152E-02
    0.7100000000E+00    0.1470005571E-20    0.1015040283E-21    0.1410717713E-06    0.1101562762E+33    0.3218401115E-03    0.1619303396E+12    0.6333641670E-03
    0.7100000000E+00    0.1575139348E-20    0.1087635259E-21    0.1443577550E-06    0.2658724070E+32    0.8323465643E-04    0.4187860898E+11    0.1755163223E-03
    0.7100000000E+00    0.1687792220E-20    0.1165422177E-21    0.1477202791E-06    0.4575350896E+31    0.1534812511E-04    0.7722241647E+10    0.3467916644E-04
    0.7100000000E+00    0.1808501947E-20    0.1248772362E-21    0.1511611264E-06    0.6878764196E+30    0.2472528726E-05    0.1244025844E+10    0.5986247452E-05
    0.7100000000E+00    0.1937844750E-20    0.1338083694E-21    0.1546821213E-06    0.1420198118E+30    0.5469905919E-06    0.2752123466E+09    0.1419035224E-05
    0.7100000000E+00    0.2076438060E-20    0.1433782510E-21    0.1582851308E-06    0.3085076089E+29    0.1273200509E-06    0.6405969410E+08    0.3539240890E-06
    0.7100000000E+00    0.2224943467E-20    0.1536325639E-21    0.1619720651E-06    0.7191647690E+28    0.3180235840E-07    0.1600100955E+08    0.9472675207E-07
    0.7100000000E+00    0.2384069878E-20    0.1646202581E-21    0.1657448792E-06    0.1449533389E+28    0.6868456428E-08    0.3455788891E+07    0.2192161099E-07
    0.7100000000E+00    0.2554576900E-20    0.1763937846E-21    0.1696055734E-06    0.2997266228E+27    0.1521795320E-08    0.7656747067E+06    0.5204386759E-08
    0.7100000000E+00    0.2737278465E-20    0.1890093455E-21    0.1735561947E-06    0.7036685762E+26    0.3828239333E-09    0.1926136840E+06    0.1402853759E-08
    0.7100000000E+00    0.2933046719E-20    0.2025271626E-21    0.1775988378E-06    0.1714970169E+26    0.9997409787E-10    0.5030087626E+05    0.3925552709E-09
    0.7100000000E+00    0.3142816182E-20    0.2170117645E-21    0.1817356462E-06    0.3318701231E+25    0.2072998942E-10    0.1043006793E+05    0.8721926039E-10
    0.7100000000E+00    0.3367588212E-20    0.2325322952E-21    0.1859688132E-06    0.7532371996E+24    0.5041533809E-11    0.2536592714E+04    0.2272877362E-10
    0.7100000000E+00    0.3608435782E-20    0.2491628434E-21    0.1903005833E-06    0.1163058907E+24    0.8341278764E-12    0.4196823376E+03    0.4029451703E-11
    0.7100000000E+00    0.3866508602E-20    0.2669827968E-21    0.1947332533E-06    0.4952039668E+23    0.3805529027E-12    0.1914710397E+03    0.1969828234E-11
