    0.7280000000E+00    0.4143038610E-23    0.2860772210E-24    0.1992691735E-07   -0.4457805988E-13   -0.3670727007E-51   -0.1846886233E-36   -0.1852798583E-53
    0.7280000000E+00    0.4439345853E-23    0.3065372650E-24    0.2039107488E-07    0.1393616109E-12    0.1229628956E-50    0.6186743895E-36    0.6650437316E-53
    0.7280000000E+00    0.4756844785E-23    0.3284605973E-24    0.2086604403E-07    0.2212784885E-12    0.2092040655E-50    0.1052587424E-35    0.1212400879E-52
    0.7280000000E+00    0.5097051019E-23    0.3519518710E-24    0.2135207663E-07    0.8566671745E-13    0.8678467671E-51    0.4366476295E-36    0.5389136360E-53
    0.7280000000E+00    0.5461588566E-23    0.3771232243E-24    0.2184943039E-07   -0.8015020458E-12   -0.8700326666E-50   -0.4377474409E-35   -0.5789108400E-52
    0.7280000000E+00    0.5852197586E-23    0.4040948153E-24    0.2235836900E-07   -0.1151485706E-11   -0.1339335793E-49   -0.6738721871E-35   -0.9549169404E-52
    0.7280000000E+00    0.6270742692E-23    0.4329953957E-24    0.2287916232E-07    0.2148118521E-12    0.2677251456E-50    0.1347029851E-35    0.2045338937E-52
    0.7280000000E+00    0.6719221852E-23    0.4639629256E-24    0.2341208647E-07    0.4680528756E-11    0.6250659500E-49    0.3144951110E-34    0.5116841499E-51
    0.7280000000E+00    0.7199775931E-23    0.4971452317E-24    0.2395742402E-07    0.3609613005E-11    0.5165252619E-49    0.2598840483E-34    0.4530724859E-51
    0.7280000000E+00    0.7714698903E-23    0.5327007132E-24    0.2451546411E-07   -0.1165183908E-10   -0.1786592070E-48   -0.8989043015E-34   -0.1679196516E-50
    0.7280000000E+00    0.8266448809E-23    0.5707990981E-24    0.2508650263E-07   -0.1446601877E-10   -0.2376730548E-48   -0.1195826036E-33   -0.2393624772E-50
    0.7280000000E+00    0.8857659485E-23    0.6116222531E-24    0.2567084234E-07    0.2300679429E-10    0.4050298520E-48    0.2037863497E-33    0.4370822358E-50
    0.7280000000E+00    0.9491153137E-23    0.6553650517E-24    0.2626879307E-07    0.3975217658E-10    0.7498801141E-48    0.3772939954E-33    0.8670975506E-50
    0.7280000000E+00    0.1016995382E-22    0.7022363048E-24    0.2688067187E-07   -0.4977202019E-10   -0.1006042187E-47   -0.5061791466E-33   -0.1246500093E-49
    0.7280000000E+00    0.1089730185E-22    0.7524597575E-24    0.2750680315E-07   -0.7912379355E-10   -0.1713712739E-47   -0.8622358615E-33   -0.2275171546E-49
    0.7280000000E+00    0.1167666930E-22    0.8062751566E-24    0.2814751890E-07    0.1097530338E-09    0.2547108574E-47    0.1281549881E-32    0.3623460910E-49
    0.7280000000E+00    0.1251177658E-22    0.8639393956E-24    0.2880315884E-07    0.1078407661E-09    0.2681722826E-47    0.1349279572E-32    0.4087803500E-49
    0.7280000000E+00    0.1340661015E-22    0.9257277409E-24    0.2947407060E-07   -0.1864771770E-09   -0.4968858278E-47   -0.2500026814E-32   -0.8115826098E-49
    0.7280000000E+00    0.1436544159E-22    0.9919351458E-24    0.3016060990E-07   -0.1279718247E-09   -0.3653804332E-47   -0.1838371773E-32   -0.6394718173E-49
    0.7280000000E+00    0.1539284799E-22    0.1062877658E-23    0.3086314075E-07    0.2546530023E-09    0.7790758187E-47    0.3919834956E-32    0.1461018945E-48
    0.7280000000E+00    0.1649373379E-22    0.1138893930E-23    0.3158203565E-07    0.2669462796E-09    0.8750941818E-47    0.4402940871E-32    0.1758453624E-48
    0.7280000000E+00    0.1767335417E-22    0.1220346833E-23    0.3231767576E-07   -0.2375701051E-09   -0.8344930303E-47   -0.4198660608E-32   -0.1796796266E-48
    0.7280000000E+00    0.1893734018E-22    0.1307625190E-23    0.3307045113E-07   -0.9290278628E-10   -0.3496710383E-47   -0.1759331667E-32   -0.8067440775E-49
    0.7280000000E+00    0.2029172559E-22    0.1401145635E-23    0.3384076090E-07    0.8674089001E-08    0.3498281858E-45    0.1760122338E-30    0.8648303467E-47
    0.7280000000E+00    0.2174297571E-22    0.1501354598E-23    0.3462901348E-07    0.9633971587E-08    0.4163286374E-45    0.2094712102E-30    0.1102839741E-46
    0.7280000000E+00    0.2329801823E-22    0.1608730435E-23    0.3543562682E-07   -0.9955084496E-08   -0.4609734094E-45   -0.2319337400E-30   -0.1308434531E-46
    0.7280000000E+00    0.2496427630E-22    0.1723785718E-23    0.3626102861E-07   -0.4338274246E-07   -0.2152523624E-44   -0.1083018770E-29   -0.6546724258E-46
    0.7280000000E+00    0.2674970400E-22    0.1847069675E-23    0.3710565646E-07   -0.2698285785E-06   -0.1434560503E-43   -0.7217834605E-29   -0.4675143997E-45
    0.7280000000E+00    0.2866282424E-22    0.1979170815E-23    0.3796995823E-07   -0.5243227370E-05   -0.2986961432E-42   -0.1502857046E-27   -0.1043051466E-43
    0.7280000000E+00    0.3071276952E-22    0.2120719737E-23    0.3885439218E-07   -0.3913675718E-04   -0.2388997865E-41   -0.1201998203E-26   -0.8939060659E-43
    0.7280000000E+00    0.3290932546E-22    0.2272392139E-23    0.3975942724E-07   -0.3193325124E-04   -0.2088690357E-41   -0.1050901758E-26   -0.8374332191E-43
    0.7280000000E+00    0.3526297755E-22    0.2434912046E-23    0.4068554327E-07    0.3702641995E-03    0.2595031575E-40    0.1305661815E-25    0.1114855984E-41
    0.7280000000E+00    0.3778496121E-22    0.2609055264E-23    0.4163323131E-07    0.1105913892E-01    0.8305240968E-39    0.4178691352E-24    0.3823211820E-40
    0.7280000000E+00    0.4048731538E-22    0.2795653084E-23    0.4260299385E-07    0.1648321162E-01    0.1326394640E-38    0.6673609872E-24    0.6542577576E-40
    0.7280000000E+00    0.4338294005E-22    0.2995596250E-23    0.4359534505E-07   -0.5009732388E+00   -0.4319619082E-37   -0.2173369198E-22   -0.2283082334E-38
    0.7280000000E+00    0.4648565778E-22    0.3209839213E-23    0.4461081109E-07   -0.5146593799E+02   -0.4755003230E-35   -0.2392427981E-20   -0.2692941623E-36
    0.7280000000E+00    0.4981027973E-22    0.3439404683E-23    0.4564993037E-07   -0.1085450385E+04   -0.1074585314E-33   -0.5406658732E-19   -0.6521042395E-35
    0.7280000000E+00    0.5337267633E-22    0.3685388516E-23    0.4671325384E-07    0.1712334099E+03    0.1816433191E-34    0.9139185361E-20    0.1181124156E-35
    0.7280000000E+00    0.5718985306E-22    0.3948964943E-23    0.4780134531E-07    0.1389543228E+06    0.1579439467E-31    0.7946777303E-17    0.1100472283E-32
    0.7280000000E+00    0.6128003161E-22    0.4231392172E-23    0.4891478167E-07    0.2880377122E+07    0.3508167143E-30    0.1765096011E-15    0.2619126045E-31
    0.7280000000E+00    0.6566273690E-22    0.4534018400E-23    0.5005415331E-07    0.1270260580E+07    0.1657767972E-30    0.8340878628E-16    0.1326172040E-31
    0.7280000000E+00    0.7035889022E-22    0.4858288246E-23    0.5122006431E-07   -0.1720349293E+09   -0.2405733729E-28   -0.1210418670E-13   -0.2062166274E-29
    0.7280000000E+00    0.7539090917E-22    0.5205749646E-23    0.5241313287E-07   -0.7398449476E+10   -0.1108591735E-26   -0.5577758324E-12   -0.1018234385E-27
    0.7280000000E+00    0.8078281461E-22    0.5578061244E-23    0.5363399157E-07   -0.2709577997E+12   -0.4350433965E-25   -0.2188873370E-10   -0.4281625749E-26
    0.7280000000E+00    0.8656034539E-22    0.5977000309E-23    0.5488328773E-07   -0.8936396457E+13   -0.1537422921E-23   -0.7735375639E-09   -0.1621322741E-24
    0.7280000000E+00    0.9275108115E-22    0.6404471218E-23    0.5616168372E-07   -0.2881663631E+14   -0.5312197452E-23   -0.2672774172E-08   -0.6002751043E-24
    0.7280000000E+00    0.9938457404E-22    0.6862514550E-23    0.5746985739E-07    0.5508377627E+14    0.1088064472E-22    0.5474477641E-08    0.1317439718E-23
    0.7280000000E+00    0.1064924897E-21    0.7353316823E-23    0.5880850233E-07    0.2560226442E+16    0.5418877115E-21    0.2726448881E-06    0.7030487254E-22
    0.7280000000E+00    0.1141087586E-21    0.7879220933E-23    0.6017832832E-07    0.5773565214E+17    0.1309408029E-19    0.6588143592E-05    0.1820334173E-20
    0.7280000000E+00    0.1222697377E-21    0.8442737340E-23    0.6158006166E-07    0.1141199801E+19    0.2773272922E-18    0.1395342004E-03    0.4131128784E-19
    0.7280000000E+00    0.1310143844E-21    0.9046556049E-23    0.6301444556E-07    0.7739158520E+19    0.2015230216E-17    0.1013941090E-02    0.3216627636E-18
    0.7280000000E+00    0.1403844422E-21    0.9693559452E-23    0.6448224056E-07    0.5378060953E+19    0.1500571328E-17    0.7549960869E-03    0.2566449757E-18
    0.7280000000E+00    0.1504246400E-21    0.1038683609E-22    0.6598422489E-07   -0.9030874338E+20   -0.2699981094E-16   -0.1358466021E-01   -0.4948081517E-17
    0.7280000000E+00    0.1611829057E-21    0.1112969539E-22    0.6752119493E-07   -0.1498355627E+22   -0.4800050726E-15   -0.2415093136E+00   -0.9425880935E-16
    0.7280000000E+00    0.1727105951E-21    0.1192568347E-22    0.6909396560E-07   -0.1892932828E+23   -0.6497796814E-14   -0.3269295552E+01   -0.1367232110E-14
    0.7280000000E+00    0.1850627369E-21    0.1277860007E-22    0.7070337081E-07   -0.2143788508E+24   -0.7885202708E-13   -0.3967353686E+02   -0.1777824902E-13
    0.7280000000E+00    0.1982982953E-21    0.1369251667E-22    0.7235026388E-07   -0.2225764467E+25   -0.8772232400E-12   -0.4413652994E+03   -0.2119269810E-12
    0.7280000000E+00    0.2124804516E-21    0.1467179595E-22    0.7403551802E-07   -0.1526806773E+26   -0.6447851131E-11   -0.3244165927E+04   -0.1669133695E-11
    0.7280000000E+00    0.2276769058E-21    0.1572111260E-22    0.7576002677E-07   -0.2112711647E+26   -0.9560291851E-11   -0.4810156507E+04   -0.2651839730E-11
    0.7280000000E+00    0.2439602000E-21    0.1684547565E-22    0.7752470448E-07    0.4985781278E+25    0.2417486994E-11    0.1216332198E+04    0.7185223291E-12
    0.7280000000E+00    0.2614080640E-21    0.1805025236E-22    0.7933048683E-07    0.2839799010E+27    0.1475429720E-09    0.7423463612E+05    0.4698883201E-10
    0.7280000000E+00    0.2801037871E-21    0.1934119387E-22    0.8117833125E-07    0.2389499149E+28    0.1330263896E-08    0.6693077610E+06    0.4539561737E-09
    0.7280000000E+00    0.3001366153E-21    0.2072446262E-22    0.8306921749E-07    0.1629855419E+29    0.9722545958E-08    0.4891792890E+07    0.3555135249E-08
    0.7280000000E+00    0.3216021775E-21    0.2220666179E-22    0.8500414813E-07    0.1004632955E+30    0.6421527461E-07    0.3230921460E+08    0.2516022189E-07
    0.7280000000E+00    0.3446029418E-21    0.2379486681E-22    0.8698414910E-07    0.5725776105E+30    0.3921617986E-06    0.1973119290E+09    0.1646422939E-06
    0.7280000000E+00    0.3692487048E-21    0.2549665916E-22    0.8901027021E-07    0.3037468084E+31    0.2229167216E-05    0.1121581156E+10    0.1002810263E-05
    0.7280000000E+00    0.3956571157E-21    0.2732016250E-22    0.9108358575E-07    0.1503955696E+32    0.1182676499E-04    0.5950507729E+10    0.5700882494E-05
    0.7280000000E+00    0.4239542377E-21    0.2927408154E-22    0.9320519501E-07    0.6963284095E+32    0.5867391107E-04    0.2952113800E+11    0.3030547957E-04
    0.7280000000E+00    0.4542751502E-21    0.3136774352E-22    0.9537622289E-07    0.3020084733E+33    0.2726779698E-03    0.1371949446E+12    0.1509128339E-03
    0.7280000000E+00    0.4867645933E-21    0.3361114274E-22    0.9759782052E-07    0.1229166196E+34    0.1189163394E-02    0.5983145835E+12    0.7052086886E-03
    0.7280000000E+00    0.5215776589E-21    0.3601498832E-22    0.9987116580E-07    0.4701224455E+34    0.4873510550E-02    0.2452053645E+13    0.3096834761E-02
    0.7280000000E+00    0.5588805307E-21    0.3859075526E-22    0.1021974641E-06    0.1628278401E+35    0.1808671044E-01    0.9100130967E+13    0.1231503665E-01
    0.7280000000E+00    0.5988512779E-21    0.4135073927E-22    0.1045779488E-06    0.3799346460E+35    0.4522096463E-01    0.2275243483E+14    0.3299255466E-01
    0.7280000000E+00    0.6416807053E-21    0.4430811541E-22    0.1070138822E-06    0.6308946683E+35    0.8046143636E-01    0.4048329357E+14    0.6290192027E-01
    0.7280000000E+00    0.6875732635E-21    0.4747700104E-22    0.1095065557E-06    0.8261556166E+35    0.1128996989E+00    0.5680425134E+14    0.9457337902E-01
    0.7280000000E+00    0.7367480256E-21    0.5087252317E-22    0.1120572911E-06    0.8897110821E+35    0.1302806522E+00    0.6554928831E+14    0.1169381036E+00
    0.7280000000E+00    0.7894397325E-21    0.5451089068E-22    0.1146674407E-06    0.8836448571E+35    0.1386464257E+00    0.6975843596E+14    0.1333474763E+00
    0.7280000000E+00    0.8458999137E-21    0.5840947171E-22    0.1173383885E-06    0.8354220982E+35    0.1404548961E+00    0.7066834808E+14    0.1447481445E+00
    0.7280000000E+00    0.9063980879E-21    0.6258687655E-22    0.1200715507E-06    0.6744015488E+35    0.1214925039E+00    0.6112762743E+14    0.1341607896E+00
    0.7280000000E+00    0.9712230494E-21    0.6706304648E-22    0.1228683764E-06    0.4595880676E+35    0.8871553347E-01    0.4463625245E+14    0.1049725606E+00
    0.7280000000E+00    0.1040684247E-20    0.7185934897E-22    0.1257303485E-06    0.2734994565E+35    0.5657015798E-01    0.2846265760E+14    0.7172383689E-01
    0.7280000000E+00    0.1115113261E-20    0.7699867968E-22    0.1286589846E-06    0.1450370864E+35    0.3214474543E-01    0.1617327785E+14    0.4367029377E-01
    0.7280000000E+00    0.1194865387E-20    0.8250557175E-22    0.1316558373E-06    0.6931706667E+34    0.1646156420E-01    0.8282456370E+13    0.2396333299E-01
    0.7280000000E+00    0.1280321329E-20    0.8840631292E-22    0.1347224957E-06    0.2983448226E+34    0.7591881654E-02    0.3819772399E+13    0.1184201351E-01
    0.7280000000E+00    0.1371889021E-20    0.9472907100E-22    0.1378605858E-06    0.1138517042E+34    0.3104348425E-02    0.1561919030E+13    0.5188556881E-02
    0.7280000000E+00    0.1470005571E-20    0.1015040283E-21    0.1410717713E-06    0.3726973276E+33    0.1088898006E-02    0.5478671480E+12    0.1950128931E-02
    0.7280000000E+00    0.1575139348E-20    0.1087635259E-21    0.1443577550E-06    0.9902076540E+32    0.3099967944E-03    0.1559715039E+12    0.5948854207E-03
    0.7280000000E+00    0.1687792220E-20    0.1165422177E-21    0.1477202791E-06    0.1615103649E+32    0.5417904207E-04    0.2725959373E+11    0.1114057085E-03
    0.7280000000E+00    0.1808501947E-20    0.1248772362E-21    0.1511611264E-06    0.1492420462E+31    0.5364411918E-05    0.2699045311E+10    0.1181947650E-04
    0.7280000000E+00    0.1937844750E-20    0.1338083694E-21    0.1546821213E-06    0.2991740532E+30    0.1152271577E-05    0.5797528682E+09    0.2720388760E-05
    0.7280000000E+00    0.2076438060E-20    0.1433782510E-21    0.1582851308E-06    0.6243252045E+29    0.2576569087E-06    0.1296372616E+09    0.6518053407E-06
    0.7280000000E+00    0.2224943467E-20    0.1536325639E-21    0.1619720651E-06    0.1478241988E+29    0.6536969485E-07    0.3289004854E+08    0.1771954559E-06
    0.7280000000E+00    0.2384069878E-20    0.1646202581E-21    0.1657448792E-06    0.2917014986E+28    0.1382195848E-07    0.6954367563E+07    0.4014631675E-07
    0.7280000000E+00    0.2554576900E-20    0.1763937846E-21    0.1696055734E-06    0.5769523274E+27    0.2929347228E-08    0.1473869088E+07    0.9116895486E-08
    0.7280000000E+00    0.2737278465E-20    0.1890093455E-21    0.1735561947E-06    0.1316747108E+27    0.7163632480E-09    0.3604303501E+06    0.2388962978E-08
    0.7280000000E+00    0.2933046719E-20    0.2025271626E-21    0.1775988378E-06    0.3229386501E+26    0.1882569202E-09    0.9471941482E+05    0.6727087431E-09
    0.7280000000E+00    0.3142816182E-20    0.2170117645E-21    0.1817356462E-06    0.6609881269E+25    0.4128807000E-10    0.2077364182E+05    0.1580886552E-09
    0.7280000000E+00    0.3367588212E-20    0.2325322952E-21    0.1859688132E-06    0.1466855086E+25    0.9817889386E-11    0.4939763895E+04    0.4028044478E-10
    0.7280000000E+00    0.3608435782E-20    0.2491628434E-21    0.1903005833E-06    0.1756832864E+24    0.1259973383E-11    0.6339418568E+03    0.5539078161E-11
    0.7280000000E+00    0.3866508602E-20    0.2669827968E-21    0.1947332533E-06    0.7863284274E+23    0.6042753805E-12    0.3040345628E+03    0.2846498919E-11
