    0.7480000000E+00    0.4143038610E-23    0.2860772210E-24    0.1992691735E-07    0.2023287397E-15    0.1666051800E-53    0.8382557806E-39    0.7722739045E-56
    0.7480000000E+00    0.4439345853E-23    0.3065372650E-24    0.2039107488E-07    0.9090457618E-15    0.8020781218E-53    0.4035568533E-38    0.3983818372E-55
    0.7480000000E+00    0.4756844785E-23    0.3284605973E-24    0.2086604403E-07    0.7045914204E-15    0.6661442362E-53    0.3351632024E-38    0.3545284846E-55
    0.7480000000E+00    0.5097051019E-23    0.3519518710E-24    0.2135207663E-07   -0.1953645907E-14   -0.1979141182E-52   -0.9957832858E-38   -0.1128650908E-54
    0.7480000000E+00    0.5461588566E-23    0.3771232243E-24    0.2184943039E-07   -0.3616262539E-14   -0.3925462893E-52   -0.1975053813E-37   -0.2398687855E-54
    0.7480000000E+00    0.5852197586E-23    0.4040948153E-24    0.2235836900E-07   -0.4783194534E-14   -0.5563511217E-52   -0.2799219950E-37   -0.3642770642E-54
    0.7480000000E+00    0.6270742692E-23    0.4329953957E-24    0.2287916232E-07    0.6097350528E-14    0.7599273700E-52    0.3823491626E-37    0.5331567924E-54
    0.7480000000E+00    0.6719221852E-23    0.4639629256E-24    0.2341208647E-07    0.2627414519E-13    0.3508807312E-51    0.1765418105E-36    0.2637803130E-53
    0.7480000000E+00    0.7199775931E-23    0.4971452317E-24    0.2395742402E-07    0.1058440394E-13    0.1514597828E-51    0.7620533672E-37    0.1220057192E-53
    0.7480000000E+00    0.7714698903E-23    0.5327007132E-24    0.2451546411E-07   -0.8069495673E-13   -0.1237306564E-50   -0.6225372942E-36   -0.1067972763E-52
    0.7480000000E+00    0.8266448809E-23    0.5707990981E-24    0.2508650263E-07   -0.6884747095E-13   -0.1131146655E-50   -0.5691240943E-36   -0.1046168827E-52
    0.7480000000E+00    0.8857659485E-23    0.6116222531E-24    0.2567084234E-07    0.1875697556E-12    0.3302126727E-50    0.1661429024E-35    0.3272476950E-52
    0.7480000000E+00    0.9491153137E-23    0.6553650517E-24    0.2626879307E-07    0.1940152367E-12    0.3659879290E-50    0.1841428322E-35    0.3886419009E-52
    0.7480000000E+00    0.1016995382E-22    0.7022363048E-24    0.2688067187E-07   -0.4035295511E-12   -0.8156545595E-50   -0.4103876898E-35   -0.9280879374E-52
    0.7480000000E+00    0.1089730185E-22    0.7524597575E-24    0.2750680315E-07   -0.3938101679E-12   -0.8529387572E-50   -0.4291468270E-35   -0.1039921863E-51
    0.7480000000E+00    0.1167666930E-22    0.8062751566E-24    0.2814751890E-07    0.8288977684E-12    0.1923675856E-49    0.9678765128E-35    0.2513128841E-51
    0.7480000000E+00    0.1251177658E-22    0.8639393956E-24    0.2880315884E-07    0.5748269682E-12    0.1429447005E-49    0.7192106598E-35    0.2001017647E-51
    0.7480000000E+00    0.1340661015E-22    0.9257277409E-24    0.2947407060E-07   -0.1618735620E-11   -0.4313272012E-49   -0.2170175739E-34   -0.6469782892E-51
    0.7480000000E+00    0.1436544159E-22    0.9919351458E-24    0.3016060990E-07   -0.3120976345E-12   -0.8910896531E-50   -0.4483420339E-35   -0.1432201950E-51
    0.7480000000E+00    0.1539284799E-22    0.1062877658E-23    0.3086314075E-07    0.3059328567E-11    0.9359594767E-49    0.4709177959E-34    0.1611906720E-50
    0.7480000000E+00    0.1649373379E-22    0.1138893930E-23    0.3158203565E-07   -0.1533696289E-11   -0.5027710824E-49   -0.2529637830E-34   -0.9277973986E-51
    0.7480000000E+00    0.1767335417E-22    0.1220346833E-23    0.3231767576E-07   -0.6942968714E-11   -0.2438799696E-48   -0.1227055451E-33   -0.4822352934E-50
    0.7480000000E+00    0.1893734018E-22    0.1307625190E-23    0.3307045113E-07   -0.7051015397E-12   -0.2653887977E-49   -0.1335274772E-34   -0.5622965861E-51
    0.7480000000E+00    0.2029172559E-22    0.1401145635E-23    0.3384076090E-07    0.1536003135E-10    0.6194739183E-48    0.3116815412E-33    0.1406390376E-49
    0.7480000000E+00    0.2174297571E-22    0.1501354598E-23    0.3462901348E-07    0.5790713408E-10    0.2502436093E-47    0.1259073410E-32    0.6087596452E-49
    0.7480000000E+00    0.2329801823E-22    0.1608730435E-23    0.3543562682E-07    0.3398471789E-09    0.1573673361E-46    0.7917765768E-32    0.4102016972E-48
    0.7480000000E+00    0.2496427630E-22    0.1723785718E-23    0.3626102861E-07    0.1975466119E-08    0.9801679768E-46    0.4931608203E-31    0.2737684325E-47
    0.7480000000E+00    0.2674970400E-22    0.1847069675E-23    0.3710565646E-07    0.3188766604E-08    0.1695327696E-45    0.8529856279E-31    0.5073837066E-47
    0.7480000000E+00    0.2866282424E-22    0.1979170815E-23    0.3796995823E-07    0.1230266738E-08    0.7008582766E-46    0.3526291929E-31    0.2247569170E-47
    0.7480000000E+00    0.3071276952E-22    0.2120719737E-23    0.3885439218E-07   -0.4262215230E-07   -0.2601754417E-44   -0.1309044340E-29   -0.8940239645E-46
    0.7480000000E+00    0.3290932546E-22    0.2272392139E-23    0.3975942724E-07   -0.8986947007E-06   -0.5878183031E-43   -0.2957543639E-28   -0.2164342386E-44
    0.7480000000E+00    0.3526297755E-22    0.2434912046E-23    0.4068554327E-07   -0.7291620360E-05   -0.5110400922E-42   -0.2571242451E-27   -0.2016219602E-43
    0.7480000000E+00    0.3778496121E-22    0.2609055264E-23    0.4163323131E-07   -0.2217918396E-05   -0.1665622148E-42   -0.8380396057E-28   -0.7041405366E-44
    0.7480000000E+00    0.4048731538E-22    0.2795653084E-23    0.4260299385E-07    0.7289175374E-03    0.5865557859E-40    0.2951191422E-25    0.2657003846E-41
    0.7480000000E+00    0.4338294005E-22    0.2995596250E-23    0.4359534505E-07    0.1729889477E-02    0.1491589373E-39    0.7504769145E-25    0.7239892879E-41
    0.7480000000E+00    0.4648565778E-22    0.3209839213E-23    0.4461081109E-07   -0.4145750144E-01   -0.3830311094E-38   -0.1927179224E-23   -0.1992126480E-39
    0.7480000000E+00    0.4981027973E-22    0.3439404683E-23    0.4564993037E-07   -0.4664764611E+01   -0.4618071552E-36   -0.2323532301E-21   -0.2573614634E-37
    0.7480000000E+00    0.5337267633E-22    0.3685388516E-23    0.4671325384E-07   -0.1170855710E+03   -0.1242036338E-34   -0.6249170284E-20   -0.7416810144E-36
    0.7480000000E+00    0.5718985306E-22    0.3948964943E-23    0.4780134531E-07   -0.4613320612E+01   -0.5243781195E-36   -0.2638351279E-21   -0.3355269597E-37
    0.7480000000E+00    0.6128003161E-22    0.4231392172E-23    0.4891478167E-07    0.1443182751E+05    0.1757730357E-32    0.8843828459E-18    0.1205133373E-33
    0.7480000000E+00    0.6566273690E-22    0.4534018400E-23    0.5005415331E-07    0.3967059671E+06    0.5177256200E-31    0.2604879954E-16    0.3803492084E-32
    0.7480000000E+00    0.7035889022E-22    0.4858288246E-23    0.5122006431E-07    0.2841827089E+06    0.3974006505E-31    0.1999478002E-16    0.3128321889E-32
    0.7480000000E+00    0.7539090917E-22    0.5205749646E-23    0.5241313287E-07   -0.2025587334E+08   -0.3035162143E-29   -0.1527108707E-14   -0.2560146139E-30
    0.7480000000E+00    0.8078281461E-22    0.5578061244E-23    0.5363399157E-07   -0.9338063175E+09   -0.1499297206E-27   -0.7543550263E-13   -0.1355097648E-28
    0.7480000000E+00    0.8656034539E-22    0.5977000309E-23    0.5488328773E-07   -0.3623733440E+11   -0.6234292400E-26   -0.3136716182E-11   -0.6037679110E-27
    0.7480000000E+00    0.9275108115E-22    0.6404471218E-23    0.5616168372E-07   -0.1267206337E+13   -0.2336029161E-24   -0.1175347578E-09   -0.2424159100E-25
    0.7480000000E+00    0.9938457404E-22    0.6862514550E-23    0.5746985739E-07   -0.6803314521E+13   -0.1343852096E-23   -0.6761445157E-09   -0.1494288083E-24
    0.7480000000E+00    0.1064924897E-21    0.7353316823E-23    0.5880850233E-07    0.4795657188E+13    0.1015030411E-23    0.5107014738E-09    0.1209377583E-24
    0.7480000000E+00    0.1141087586E-21    0.7879220933E-23    0.6017832832E-07    0.4102122924E+15    0.9303355021E-22    0.4680881545E-07    0.1187742930E-22
    0.7480000000E+00    0.1222697377E-21    0.8442737340E-23    0.6158006166E-07    0.9908290011E+16    0.2407851137E-20    0.1211484021E-05    0.3293915800E-21
    0.7480000000E+00    0.1310143844E-21    0.9046556049E-23    0.6301444556E-07    0.2070421871E+18    0.5391253717E-19    0.2712550469E-04    0.7902647862E-20
    0.7480000000E+00    0.1403844422E-21    0.9693559452E-23    0.6448224056E-07    0.2343377499E+19    0.6538425495E-18    0.3289737430E-03    0.1026965938E-18
    0.7480000000E+00    0.1504246400E-21    0.1038683609E-22    0.6598422489E-07    0.2533551393E+19    0.7574616374E-18    0.3811085562E-03    0.1274804249E-18
    0.7480000000E+00    0.1611829057E-21    0.1112969539E-22    0.6752119493E-07   -0.1637969250E+20   -0.5247309348E-17   -0.2640126431E-02   -0.9462797098E-18
    0.7480000000E+00    0.1727105951E-21    0.1192568347E-22    0.6909396560E-07   -0.3270306365E+21   -0.1122585333E-15   -0.5648165585E-01   -0.2169213124E-16
    0.7480000000E+00    0.1850627369E-21    0.1277860007E-22    0.7070337081E-07   -0.4412543655E+22   -0.1623005303E-14   -0.8165974054E+00   -0.3360491481E-15
    0.7480000000E+00    0.1982982953E-21    0.1369251667E-22    0.7235026388E-07   -0.5282777839E+23   -0.2082060146E-13   -0.1047565840E+02   -0.4619299603E-14
    0.7480000000E+00    0.2124804516E-21    0.1467179595E-22    0.7403551802E-07   -0.5791235355E+24   -0.2445694117E-12   -0.1230524303E+03   -0.5814133489E-13
    0.7480000000E+00    0.2276769058E-21    0.1572111260E-22    0.7576002677E-07   -0.5501767480E+25   -0.2489620525E-11   -0.1252625396E+04   -0.6341850730E-12
    0.7480000000E+00    0.2439602000E-21    0.1684547565E-22    0.7752470448E-07   -0.1232094731E+26   -0.5974134889E-11   -0.3005820769E+04   -0.1630639221E-11
    0.7480000000E+00    0.2614080640E-21    0.1805025236E-22    0.7933048683E-07   -0.6261226423E+25   -0.3253046964E-11   -0.1636735077E+04   -0.9514220078E-12
    0.7480000000E+00    0.2801037871E-21    0.1934119387E-22    0.8117833125E-07    0.7966919278E+26    0.4435283050E-10    0.2231564261E+05    0.1389966075E-10
    0.7480000000E+00    0.3001366153E-21    0.2072446262E-22    0.8306921749E-07    0.7916320377E+27    0.4722307744E-09    0.2375977604E+06    0.1585758857E-09
    0.7480000000E+00    0.3216021775E-21    0.2220666179E-22    0.8500414813E-07    0.5796871403E+28    0.3705310354E-08    0.1864286466E+07    0.1333237283E-08
    0.7480000000E+00    0.3446029418E-21    0.2379486681E-22    0.8698414910E-07    0.3778877925E+29    0.2588175885E-07    0.1302212450E+08    0.9978761579E-08
    0.7480000000E+00    0.3692487048E-21    0.2549665916E-22    0.8901027021E-07    0.2269110681E+30    0.1665277461E-06    0.8378661800E+08    0.6879699417E-07
    0.7480000000E+00    0.3956571157E-21    0.2732016250E-22    0.9108358575E-07    0.1266423846E+31    0.9958868624E-06    0.5010696060E+09    0.4408520484E-06
    0.7480000000E+00    0.4239542377E-21    0.2927408154E-22    0.9320519501E-07    0.6591608030E+31    0.5554210025E-05    0.2794540157E+10    0.2634542190E-05
    0.7480000000E+00    0.4542751502E-21    0.3136774352E-22    0.9537622289E-07    0.3206008247E+32    0.2894646665E-04    0.1456409878E+11    0.1471222706E-04
    0.7480000000E+00    0.4867645933E-21    0.3361114274E-22    0.9759782052E-07    0.1459618947E+33    0.1412116138E-03    0.7104908232E+11    0.7690476971E-04
    0.7480000000E+00    0.5215776589E-21    0.3601498832E-22    0.9987116580E-07    0.6229893284E+33    0.6458200610E-03    0.3249373154E+12    0.3768724502E-03
    0.7480000000E+00    0.5588805307E-21    0.3859075526E-22    0.1021974641E-06    0.2495605130E+34    0.2772086601E-02    0.1394745119E+13    0.1733363525E-02
    0.7480000000E+00    0.5988512779E-21    0.4135073927E-22    0.1045779488E-06    0.9385851124E+34    0.1117132239E-01    0.5620728940E+13    0.7484924862E-02
    0.7480000000E+00    0.6416807053E-21    0.4430811541E-22    0.1070138822E-06    0.2716728245E+35    0.3464791632E-01    0.1743272096E+14    0.2487482200E-01
    0.7480000000E+00    0.6875732635E-21    0.4747700104E-22    0.1095065557E-06    0.5121925672E+35    0.6999454515E-01    0.3521699149E+14    0.5384520758E-01
    0.7480000000E+00    0.7367480256E-21    0.5087252317E-22    0.1120572911E-06    0.7280524311E+35    0.1066089290E+00    0.5363911911E+14    0.8787724642E-01
    0.7480000000E+00    0.7894397325E-21    0.5451089068E-22    0.1146674407E-06    0.8304724991E+35    0.1303035295E+00    0.6556079876E+14    0.1150903840E+00
    0.7480000000E+00    0.8458999137E-21    0.5840947171E-22    0.1173383885E-06    0.8320696270E+35    0.1398912636E+00    0.7038476257E+14    0.1323955698E+00
    0.7480000000E+00    0.9063980879E-21    0.6258687655E-22    0.1200715507E-06    0.8034068462E+35    0.1447326294E+00    0.7282064292E+14    0.1467740615E+00
    0.7480000000E+00    0.9712230494E-21    0.6706304648E-22    0.1228683764E-06    0.6790335735E+35    0.1310756957E+00    0.6594930579E+14    0.1424311666E+00
    0.7480000000E+00    0.1040684247E-20    0.7185934897E-22    0.1257303485E-06    0.4753646931E+35    0.9832361691E-01    0.4947045478E+14    0.1144829221E+00
    0.7480000000E+00    0.1115113261E-20    0.7699867968E-22    0.1286589846E-06    0.2858801859E+35    0.6335997244E-01    0.3187887864E+14    0.7904926560E-01
    0.7480000000E+00    0.1194865387E-20    0.8250557175E-22    0.1316558373E-06    0.1508705850E+35    0.3582906691E-01    0.1802700399E+14    0.4789810790E-01
    0.7480000000E+00    0.1280321329E-20    0.8840631292E-22    0.1347224957E-06    0.7073473517E+34    0.1799963323E-01    0.9056319018E+13    0.2578377577E-01
    0.7480000000E+00    0.1371889021E-20    0.9472907100E-22    0.1378605858E-06    0.2949279892E+34    0.8041682340E-02    0.4046084705E+13    0.1234325706E-01
    0.7480000000E+00    0.1470005571E-20    0.1015040283E-21    0.1410717713E-06    0.1075123087E+34    0.3141153155E-02    0.1580436928E+13    0.5166209002E-02
    0.7480000000E+00    0.1575139348E-20    0.1087635259E-21    0.1443577550E-06    0.3284172711E+33    0.1028151023E-02    0.5173029663E+12    0.1811923142E-02
    0.7480000000E+00    0.1687792220E-20    0.1165422177E-21    0.1477202791E-06    0.7190933219E+32    0.2412215920E-03    0.1213680114E+12    0.4555111785E-03
    0.7480000000E+00    0.1808501947E-20    0.1248772362E-21    0.1511611264E-06    0.3302838702E+31    0.1187184694E-04    0.5973190224E+10    0.2402155673E-04
    0.7480000000E+00    0.1937844750E-20    0.1338083694E-21    0.1546821213E-06    0.6049864465E+30    0.2330110781E-05    0.1172369809E+10    0.5051954484E-05
    0.7480000000E+00    0.2076438060E-20    0.1433782510E-21    0.1582851308E-06    0.1201041400E+30    0.4956657400E-06    0.2493888075E+09    0.1151520733E-05
    0.7480000000E+00    0.2224943467E-20    0.1536325639E-21    0.1619720651E-06    0.2890877548E+29    0.1278381921E-06    0.6432039116E+08    0.3182317302E-06
    0.7480000000E+00    0.2384069878E-20    0.1646202581E-21    0.1657448792E-06    0.5752310729E+28    0.2725669922E-07    0.1371391074E+08    0.7270363441E-07
    0.7480000000E+00    0.2554576900E-20    0.1763937846E-21    0.1696055734E-06    0.1069465659E+28    0.5429974222E-08    0.2732032269E+07    0.1551960372E-07
    0.7480000000E+00    0.2737278465E-20    0.1890093455E-21    0.1735561947E-06    0.2361393376E+27    0.1284692725E-08    0.6463791236E+06    0.3934432732E-08
    0.7480000000E+00    0.2933046719E-20    0.2025271626E-21    0.1775988378E-06    0.5802340472E+26    0.3382471397E-09    0.1701853568E+06    0.1109984700E-08
    0.7480000000E+00    0.3142816182E-20    0.2170117645E-21    0.1817356462E-06    0.1236382461E+26    0.7722959542E-10    0.3885722807E+05    0.2715605124E-09
    0.7480000000E+00    0.3367588212E-20    0.2325322952E-21    0.1859688132E-06    0.2766931820E+25    0.1851950531E-10    0.9317886982E+04    0.6977699168E-10
    0.7480000000E+00    0.3608435782E-20    0.2491628434E-21    0.1903005833E-06    0.2781701386E+24    0.1994993251E-11    0.1003759082E+04    0.8054234884E-11
    0.7480000000E+00    0.3866508602E-20    0.2669827968E-21    0.1947332533E-06    0.1197890798E+24    0.9205516331E-12    0.4631655076E+03    0.3982272848E-11
