    0.7200000000E+00    0.4143038610E-23    0.2860772210E-24    0.1992691735E-07    0.8392531436E-12    0.6910729603E-50    0.3477058178E-35    0.3628655513E-52
    0.7200000000E+00    0.4439345853E-23    0.3065372650E-24    0.2039107488E-07   -0.8889774631E-12   -0.7843712647E-50   -0.3946478415E-35   -0.4413097421E-52
    0.7200000000E+00    0.4756844785E-23    0.3284605973E-24    0.2086604403E-07   -0.2756177494E-11   -0.2605782157E-49   -0.1311070854E-34   -0.1570941258E-51
    0.7200000000E+00    0.5097051019E-23    0.3519518710E-24    0.2135207663E-07   -0.2331419254E-11   -0.2361844509E-49   -0.1188336288E-34   -0.1525714039E-51
    0.7200000000E+00    0.5461588566E-23    0.3771232243E-24    0.2184943039E-07    0.4691900634E-11    0.5093070992E-49    0.2562523086E-34    0.3525344553E-51
    0.7200000000E+00    0.5852197586E-23    0.4040948153E-24    0.2235836900E-07    0.1452098335E-10    0.1688989507E-48    0.8497966372E-34    0.1252704943E-50
    0.7200000000E+00    0.6270742692E-23    0.4329953957E-24    0.2287916232E-07    0.8543738547E-11    0.1064826556E-48    0.5357558605E-34    0.8462539589E-51
    0.7200000000E+00    0.6719221852E-23    0.4639629256E-24    0.2341208647E-07   -0.4270356370E-10   -0.5702890635E-48   -0.2869347184E-33   -0.4856427201E-50
    0.7200000000E+00    0.7199775931E-23    0.4971452317E-24    0.2395742402E-07   -0.5451150707E-10   -0.7800440221E-48   -0.3924706365E-33   -0.7117720871E-50
    0.7200000000E+00    0.7714698903E-23    0.5327007132E-24    0.2451546411E-07    0.6520241079E-10    0.9997572852E-48    0.5030169670E-33    0.9774992150E-50
    0.7200000000E+00    0.8266448809E-23    0.5707990981E-24    0.2508650263E-07    0.1909253483E-09    0.3136855515E-47    0.1578274618E-32    0.3286369226E-49
    0.7200000000E+00    0.8857659485E-23    0.6116222531E-24    0.2567084234E-07   -0.7656747187E-10   -0.1347954496E-47   -0.6782085934E-33   -0.1513202574E-49
    0.7200000000E+00    0.9491153137E-23    0.6553650517E-24    0.2626879307E-07   -0.4958302355E-09   -0.9353279884E-47   -0.4706000695E-32   -0.1125086128E-48
    0.7200000000E+00    0.1016995382E-22    0.7022363048E-24    0.2688067187E-07    0.1534002761E-09    0.3100680838E-47    0.1560073724E-32    0.3996491605E-49
    0.7200000000E+00    0.1089730185E-22    0.7524597575E-24    0.2750680315E-07    0.1018456608E-08    0.2205837189E-46    0.1109842908E-31    0.3046458695E-48
    0.7200000000E+00    0.1167666930E-22    0.8062751566E-24    0.2814751890E-07   -0.5881453730E-09   -0.1364946435E-46   -0.6867579023E-32   -0.2019935251E-48
    0.7200000000E+00    0.1251177658E-22    0.8639393956E-24    0.2880315884E-07   -0.1517257000E-08   -0.3773028395E-46   -0.1898358060E-31   -0.5982902335E-48
    0.7200000000E+00    0.1340661015E-22    0.9257277409E-24    0.2947407060E-07    0.1498354243E-08    0.3992504607E-46    0.2008785120E-31    0.6783709874E-48
    0.7200000000E+00    0.1436544159E-22    0.9919351458E-24    0.3016060990E-07    0.9436190237E-09    0.2694186228E-46    0.1355550397E-31    0.4905117910E-48
    0.7200000000E+00    0.1539284799E-22    0.1062877658E-23    0.3086314075E-07   -0.1015371410E-08   -0.3106389108E-46   -0.1562945778E-31   -0.6060070751E-48
    0.7200000000E+00    0.1649373379E-22    0.1138893930E-23    0.3158203565E-07   -0.5079478249E-09   -0.1665137221E-46   -0.8377956201E-32   -0.3480742280E-48
    0.7200000000E+00    0.1767335417E-22    0.1220346833E-23    0.3231767576E-07   -0.1077898169E-08   -0.3786244523E-46   -0.1905007610E-31   -0.8480676514E-48
    0.7200000000E+00    0.1893734018E-22    0.1307625190E-23    0.3307045113E-07    0.2341919995E-07    0.8814607497E-45    0.4434973563E-30    0.2115557425E-46
    0.7200000000E+00    0.2029172559E-22    0.1401145635E-23    0.3384076090E-07    0.3802335969E-07    0.1533491637E-44    0.7715595810E-30    0.3943694380E-46
    0.7200000000E+00    0.2174297571E-22    0.1501354598E-23    0.3462901348E-07   -0.1185176556E-06   -0.5121698107E-44   -0.2576926506E-29   -0.1411353536E-45
    0.7200000000E+00    0.2329801823E-22    0.1608730435E-23    0.3543562682E-07   -0.8995281589E-07   -0.4165294252E-44   -0.2095722344E-29   -0.1229893558E-45
    0.7200000000E+00    0.2496427630E-22    0.1723785718E-23    0.3626102861E-07   -0.2423347865E-06   -0.1202393679E-43   -0.6049712569E-29   -0.3804245400E-45
    0.7200000000E+00    0.2674970400E-22    0.1847069675E-23    0.3710565646E-07   -0.9050004483E-05   -0.4811491448E-42   -0.2420849411E-27   -0.1631178761E-43
    0.7200000000E+00    0.2866282424E-22    0.1979170815E-23    0.3796995823E-07   -0.8430589775E-04   -0.4802737843E-41   -0.2416445130E-26   -0.1744659667E-42
    0.7200000000E+00    0.3071276952E-22    0.2120719737E-23    0.3885439218E-07   -0.7144409175E-04   -0.4361112033E-41   -0.2194245924E-26   -0.1697536352E-42
    0.7200000000E+00    0.3290932546E-22    0.2272392139E-23    0.3975942724E-07    0.6675886829E-03    0.4366564601E-40    0.2196989324E-25    0.1821217142E-41
    0.7200000000E+00    0.3526297755E-22    0.2434912046E-23    0.4068554327E-07    0.1145946680E-01    0.8031475423E-39    0.4040949206E-24    0.3589361287E-40
    0.7200000000E+00    0.3778496121E-22    0.2609055264E-23    0.4163323131E-07    0.4843011591E-01    0.3637026223E-38    0.1829930051E-23    0.1741679628E-39
    0.7200000000E+00    0.4048731538E-22    0.2795653084E-23    0.4260299385E-07   -0.8033334356E-01   -0.6464378349E-38   -0.3252481416E-23   -0.3317023946E-39
    0.7200000000E+00    0.4338294005E-22    0.2995596250E-23    0.4359534505E-07   -0.1395817146E+02   -0.1203537018E-35   -0.6055465157E-21   -0.6617307138E-37
    0.7200000000E+00    0.4648565778E-22    0.3209839213E-23    0.4461081109E-07   -0.1219001263E+04   -0.1126250715E-33   -0.5666607555E-19   -0.6635244326E-35
    0.7200000000E+00    0.4981027973E-22    0.3439404683E-23    0.4564993037E-07   -0.3416908186E+04   -0.3382705840E-33   -0.1701971525E-18   -0.2135433605E-34
    0.7200000000E+00    0.5337267633E-22    0.3685388516E-23    0.4671325384E-07    0.3720707974E+05    0.3946903506E-32    0.1985841424E-17    0.2669797664E-33
    0.7200000000E+00    0.5718985306E-22    0.3948964943E-23    0.4780134531E-07    0.2682848711E+07    0.3049489252E-30    0.1534317236E-15    0.2210288412E-31
    0.7200000000E+00    0.6128003161E-22    0.4231392172E-23    0.4891478167E-07    0.8581973851E+07    0.1045245029E-29    0.5259036289E-15    0.8117829969E-31
    0.7200000000E+00    0.6566273690E-22    0.4534018400E-23    0.5005415331E-07   -0.4753139480E+08   -0.6203138567E-29   -0.3121041471E-14   -0.5162182122E-30
    0.7200000000E+00    0.7035889022E-22    0.4858288246E-23    0.5122006431E-07   -0.2703186638E+10   -0.3780131918E-27   -0.1901932119E-12   -0.3370767483E-28
    0.7200000000E+00    0.7539090917E-22    0.5205749646E-23    0.5241313287E-07   -0.1029225973E+12   -0.1542203418E-25   -0.7759428186E-11   -0.1473545332E-26
    0.7200000000E+00    0.8078281461E-22    0.5578061244E-23    0.5363399157E-07   -0.3494259390E+13   -0.5610299740E-24   -0.2822761085E-09   -0.5743913678E-25
    0.7200000000E+00    0.8656034539E-22    0.5977000309E-23    0.5488328773E-07   -0.4527954395E+14   -0.7789919468E-23   -0.3919412963E-08   -0.8545840989E-24
    0.7200000000E+00    0.9275108115E-22    0.6404471218E-23    0.5616168372E-07   -0.3349280707E+14   -0.6174225281E-23   -0.3106494067E-08   -0.7257788554E-24
    0.7200000000E+00    0.9938457404E-22    0.6862514550E-23    0.5746985739E-07    0.1003328138E+16    0.1981864307E-21    0.9971533966E-07    0.2496294132E-22
    0.7200000000E+00    0.1064924897E-21    0.7353316823E-23    0.5880850233E-07    0.2557970101E+17    0.5414101430E-20    0.2724046047E-05    0.7307153449E-21
    0.7200000000E+00    0.1141087586E-21    0.7879220933E-23    0.6017832832E-07    0.5225535448E+18    0.1185118348E-18    0.5962793630E-04    0.1713892435E-19
    0.7200000000E+00    0.1222697377E-21    0.8442737340E-23    0.6158006166E-07    0.7851276100E+19    0.1907968384E-17    0.9599734697E-03    0.2956603004E-18
    0.7200000000E+00    0.1310143844E-21    0.9046556049E-23    0.6301444556E-07    0.1306773512E+20    0.3402759433E-17    0.1712061272E-02    0.5650060346E-18
    0.7200000000E+00    0.1403844422E-21    0.9693559452E-23    0.6448224056E-07   -0.2785802664E+20   -0.7772867656E-17   -0.3910833530E-02   -0.1382939283E-17
    0.7200000000E+00    0.1504246400E-21    0.1038683609E-22    0.6598422489E-07   -0.7343905517E+21   -0.2195624179E-15   -0.1104704343E+00   -0.4185813212E-16
    0.7200000000E+00    0.1611829057E-21    0.1112969539E-22    0.6752119493E-07   -0.9853804683E+22   -0.3156711363E-14   -0.1588264871E+01   -0.6448470440E-15
    0.7200000000E+00    0.1727105951E-21    0.1192568347E-22    0.6909396560E-07   -0.1145629290E+24   -0.3932557056E-13   -0.1978623164E+02   -0.8607893242E-14
    0.7200000000E+00    0.1850627369E-21    0.1277860007E-22    0.7070337081E-07   -0.1213507803E+25   -0.4463479014E-12   -0.2245750753E+03   -0.1046876225E-12
    0.7200000000E+00    0.1982982953E-21    0.1369251667E-22    0.7235026388E-07   -0.1139511822E+26   -0.4491069327E-11   -0.2259632518E+04   -0.1128682000E-11
    0.7200000000E+00    0.2124804516E-21    0.1467179595E-22    0.7403551802E-07   -0.2769547179E+26   -0.1169606280E-10   -0.5884746352E+04   -0.3149644453E-11
    0.7200000000E+00    0.2276769058E-21    0.1572111260E-22    0.7576002677E-07   -0.1780303254E+26   -0.8056101132E-11   -0.4053339363E+04   -0.2324592055E-11
    0.7200000000E+00    0.2439602000E-21    0.1684547565E-22    0.7752470448E-07    0.1328663062E+27    0.6442371805E-10    0.3241409064E+05    0.1991900429E-10
    0.7200000000E+00    0.2614080640E-21    0.1805025236E-22    0.7933048683E-07    0.1356666546E+28    0.7048619055E-09    0.3546435751E+06    0.2335209665E-09
    0.7200000000E+00    0.2801037871E-21    0.1934119387E-22    0.8117833125E-07    0.9678733566E+28    0.5388271355E-08    0.2711049926E+07    0.1912807644E-08
    0.7200000000E+00    0.3001366153E-21    0.2072446262E-22    0.8306921749E-07    0.6095077875E+29    0.3635885372E-07    0.1829356044E+08    0.1383031343E-07
    0.7200000000E+00    0.3216021775E-21    0.2220666179E-22    0.8500414813E-07    0.3528774612E+30    0.2255562388E-06    0.1134861599E+09    0.9193411165E-07
    0.7200000000E+00    0.3446029418E-21    0.2379486681E-22    0.8698414910E-07    0.1898268506E+31    0.1300135349E-05    0.6541489115E+09    0.5678196348E-06
    0.7200000000E+00    0.3692487048E-21    0.2549665916E-22    0.8901027021E-07    0.9523460994E+31    0.6989172046E-05    0.3516525637E+10    0.3270751664E-05
    0.7200000000E+00    0.3956571157E-21    0.2732016250E-22    0.9108358575E-07    0.4464936709E+32    0.3511124514E-04    0.1766583980E+11    0.1760629891E-04
    0.7200000000E+00    0.4239542377E-21    0.2927408154E-22    0.9320519501E-07    0.1959679270E+33    0.1651261756E-03    0.8308143311E+11    0.8872331544E-04
    0.7200000000E+00    0.4542751502E-21    0.3136774352E-22    0.9537622289E-07    0.8066909329E+33    0.7283466037E-03    0.3664596447E+12    0.4193338671E-03
    0.7200000000E+00    0.4867645933E-21    0.3361114274E-22    0.9759782052E-07    0.3120047127E+34    0.3018506239E-02    0.1518728471E+13    0.1862146811E-02
    0.7200000000E+00    0.5215776589E-21    0.3601498832E-22    0.9987116580E-07    0.1132329249E+35    0.1173825796E-01    0.5905976386E+13    0.7759352630E-02
    0.7200000000E+00    0.5588805307E-21    0.3859075526E-22    0.1021974641E-06    0.3030924458E+35    0.3366712537E-01    0.1693924670E+14    0.2384667737E-01
    0.7200000000E+00    0.5988512779E-21    0.4135073927E-22    0.1045779488E-06    0.5544433361E+35    0.6599151395E-01    0.3320291003E+14    0.5008525989E-01
    0.7200000000E+00    0.6416807053E-21    0.4430811541E-22    0.1070138822E-06    0.7855551424E+35    0.1001861297E+00    0.5040755778E+14    0.8147595124E-01
    0.7200000000E+00    0.6875732635E-21    0.4747700104E-22    0.1095065557E-06    0.9073023120E+35    0.1239889384E+00    0.6238368116E+14    0.1080450267E+00
    0.7200000000E+00    0.7367480256E-21    0.5087252317E-22    0.1120572911E-06    0.9138325078E+35    0.1338127596E+00    0.6732642958E+14    0.1249451397E+00
    0.7200000000E+00    0.7894397325E-21    0.5451089068E-22    0.1146674407E-06    0.8909120706E+35    0.1397866725E+00    0.7033213867E+14    0.1398580944E+00
    0.7200000000E+00    0.8458999137E-21    0.5840947171E-22    0.1173383885E-06    0.7786097535E+35    0.1309033508E+00    0.6586259233E+14    0.1403371341E+00
    0.7200000000E+00    0.9063980879E-21    0.6258687655E-22    0.1200715507E-06    0.5688574407E+35    0.1024788792E+00    0.5156112965E+14    0.1177216137E+00
    0.7200000000E+00    0.9712230494E-21    0.6706304648E-22    0.1228683764E-06    0.3603162937E+35    0.6955283320E-01    0.3499474895E+14    0.8561239868E-01
    0.7200000000E+00    0.1040684247E-20    0.7185934897E-22    0.1257303485E-06    0.2028584127E+35    0.4195888578E-01    0.2111115545E+14    0.5534084508E-01
    0.7200000000E+00    0.1115113261E-20    0.7699867968E-22    0.1286589846E-06    0.1030928305E+35    0.2284858910E-01    0.1149601824E+14    0.3229098013E-01
    0.7200000000E+00    0.1194865387E-20    0.8250557175E-22    0.1316558373E-06    0.4751951498E+34    0.1128503533E-01    0.5677942366E+13    0.1708931925E-01
    0.7200000000E+00    0.1280321329E-20    0.8840631292E-22    0.1347224957E-06    0.1970912388E+34    0.5015315323E-02    0.2523401169E+13    0.8138044924E-02
    0.7200000000E+00    0.1371889021E-20    0.9472907100E-22    0.1378605858E-06    0.7202891114E+33    0.1963983223E-02    0.9881567242E+12    0.3414755501E-02
    0.7200000000E+00    0.1470005571E-20    0.1015040283E-21    0.1410717713E-06    0.2241296791E+33    0.6548326016E-03    0.3294718769E+12    0.1219978376E-02
    0.7200000000E+00    0.1575139348E-20    0.1087635259E-21    0.1443577550E-06    0.5638247939E+32    0.1765123487E-03    0.8881026184E+11    0.3523683830E-03
    0.7200000000E+00    0.1687792220E-20    0.1165422177E-21    0.1477202791E-06    0.8878406040E+31    0.2978282755E-04    0.1498490464E+11    0.6370708980E-04
    0.7200000000E+00    0.1808501947E-20    0.1248772362E-21    0.1511611264E-06    0.1074613222E+31    0.3862629952E-05    0.1943440105E+10    0.8853295163E-05
    0.7200000000E+00    0.1937844750E-20    0.1338083694E-21    0.1546821213E-06    0.2180587464E+30    0.8398552377E-06    0.4225639969E+09    0.2062653484E-05
    0.7200000000E+00    0.2076438060E-20    0.1433782510E-21    0.1582851308E-06    0.4635341675E+29    0.1912989894E-06    0.9624999875E+08    0.5034246949E-06
    0.7200000000E+00    0.2224943467E-20    0.1536325639E-21    0.1619720651E-06    0.1089302164E+29    0.4817029327E-07    0.2423635734E+08    0.1358316981E-06
    0.7200000000E+00    0.2384069878E-20    0.1646202581E-21    0.1657448792E-06    0.2167741182E+28    0.1027160600E-07    0.5168046456E+07    0.3103560329E-07
    0.7200000000E+00    0.2554576900E-20    0.1763937846E-21    0.1696055734E-06    0.4370175447E+27    0.2218859466E-08    0.1116394924E+07    0.7183757050E-08
    0.7200000000E+00    0.2737278465E-20    0.1890093455E-21    0.1735561947E-06    0.1010278381E+27    0.5496319669E-09    0.2765413257E+06    0.1906750300E-08
    0.7200000000E+00    0.2933046719E-20    0.2025271626E-21    0.1775988378E-06    0.2472823629E+26    0.1441531264E-09    0.7252907230E+05    0.5358532950E-09
    0.7200000000E+00    0.3142816182E-20    0.2170117645E-21    0.1817356462E-06    0.4946799191E+25    0.3089976702E-10    0.1554688055E+05    0.1230770405E-09
    0.7200000000E+00    0.3367588212E-20    0.2325322952E-21    0.1859688132E-06    0.1102725234E+25    0.7380711616E-11    0.3713524499E+04    0.3150069069E-10
    0.7200000000E+00    0.3608435782E-20    0.2491628434E-21    0.1903005833E-06    0.1477753312E+24    0.1059821841E-11    0.5332377926E+03    0.4846795600E-11
    0.7200000000E+00    0.3866508602E-20    0.2669827968E-21    0.1947332533E-06    0.6500686788E+23    0.4995628856E-12    0.2513496138E+03    0.2448003336E-11
