    0.7860000000E+00    0.4143038610E-23    0.2860772210E-24    0.1992691735E-07    0.0000000000E+00    0.0000000000E+00    0.0000000000E+00    0.0000000000E+00
    0.7860000000E+00    0.4439345853E-23    0.3065372650E-24    0.2039107488E-07    0.0000000000E+00    0.0000000000E+00    0.0000000000E+00    0.0000000000E+00
    0.7860000000E+00    0.4756844785E-23    0.3284605973E-24    0.2086604403E-07    0.0000000000E+00    0.0000000000E+00    0.0000000000E+00    0.0000000000E+00
    0.7860000000E+00    0.5097051019E-23    0.3519518710E-24    0.2135207663E-07    0.0000000000E+00    0.0000000000E+00    0.0000000000E+00    0.0000000000E+00
    0.7860000000E+00    0.5461588566E-23    0.3771232243E-24    0.2184943039E-07    0.0000000000E+00    0.0000000000E+00    0.0000000000E+00    0.0000000000E+00
    0.7860000000E+00    0.5852197586E-23    0.4040948153E-24    0.2235836900E-07    0.0000000000E+00    0.0000000000E+00    0.0000000000E+00    0.0000000000E+00
    0.7860000000E+00    0.6270742692E-23    0.4329953957E-24    0.2287916232E-07    0.0000000000E+00    0.0000000000E+00    0.0000000000E+00    0.0000000000E+00
    0.7860000000E+00    0.6719221852E-23    0.4639629256E-24    0.2341208647E-07    0.0000000000E+00    0.0000000000E+00    0.0000000000E+00    0.0000000000E+00
    0.7860000000E+00    0.7199775931E-23    0.4971452317E-24    0.2395742402E-07    0.0000000000E+00    0.0000000000E+00    0.0000000000E+00    0.0000000000E+00
    0.7860000000E+00    0.7714698903E-23    0.5327007132E-24    0.2451546411E-07    0.0000000000E+00    0.0000000000E+00    0.0000000000E+00    0.0000000000E+00
    0.7860000000E+00    0.8266448809E-23    0.5707990981E-24    0.2508650263E-07    0.0000000000E+00    0.0000000000E+00    0.0000000000E+00    0.0000000000E+00
    0.7860000000E+00    0.8857659485E-23    0.6116222531E-24    0.2567084234E-07    0.0000000000E+00    0.0000000000E+00    0.0000000000E+00    0.0000000000E+00
    0.7860000000E+00    0.9491153137E-23    0.6553650517E-24    0.2626879307E-07    0.0000000000E+00    0.0000000000E+00    0.0000000000E+00    0.0000000000E+00
    0.7860000000E+00    0.1016995382E-22    0.7022363048E-24    0.2688067187E-07    0.1325289215E-15    0.2678808002E-53    0.1347813011E-38    0.2694723187E-55
    0.7860000000E+00    0.1089730185E-22    0.7524597575E-24    0.2750680315E-07    0.0000000000E+00    0.0000000000E+00    0.0000000000E+00    0.0000000000E+00
    0.7860000000E+00    0.1167666930E-22    0.8062751566E-24    0.2814751890E-07   -0.1637440100E-15   -0.3800111554E-53   -0.1911984655E-38   -0.4389033720E-55
    0.7860000000E+00    0.1251177658E-22    0.8639393956E-24    0.2880315884E-07   -0.2402261617E-15   -0.5973807533E-53   -0.3005656064E-38   -0.7393052630E-55
    0.7860000000E+00    0.1340661015E-22    0.9257277409E-24    0.2947407060E-07   -0.1546927398E-15   -0.4121932308E-53   -0.2073905255E-38   -0.5466047823E-55
    0.7860000000E+00    0.1436544159E-22    0.9919351458E-24    0.3016060990E-07   -0.4102632843E-15   -0.1171368595E-52   -0.5893613248E-38   -0.1664432349E-54
    0.7860000000E+00    0.1539284799E-22    0.1062877658E-23    0.3086314075E-07   -0.7027423229E-15   -0.2149943435E-52   -0.1081720576E-37   -0.3273403975E-54
    0.7860000000E+00    0.1649373379E-22    0.1138893930E-23    0.3158203565E-07   -0.5163945490E-15   -0.1692826984E-52   -0.8517274221E-38   -0.2761754974E-54
    0.7860000000E+00    0.1767335417E-22    0.1220346833E-23    0.3231767576E-07   -0.3743194092E-15   -0.1314841099E-52   -0.6615479491E-38   -0.2298507062E-54
    0.7860000000E+00    0.1893734018E-22    0.1307625190E-23    0.3307045113E-07    0.2599065261E-14    0.9782460621E-52    0.4921938299E-37    0.1832401675E-53
    0.7860000000E+00    0.2029172559E-22    0.1401145635E-23    0.3384076090E-07    0.1780727803E-13    0.7181719908E-51    0.3613403993E-36    0.1441454821E-52
    0.7860000000E+00    0.2174297571E-22    0.1501354598E-23    0.3462901348E-07    0.6878231264E-14    0.2972403047E-51    0.1495532153E-36    0.6392640317E-53
    0.7860000000E+00    0.2329801823E-22    0.1608730435E-23    0.3543562682E-07   -0.1894205329E-12   -0.8771179078E-50   -0.4413123027E-35   -0.2021298947E-51
    0.7860000000E+00    0.2496427630E-22    0.1723785718E-23    0.3626102861E-07   -0.6909275757E-12   -0.3428178683E-49   -0.1724850691E-34   -0.8465176582E-51
    0.7860000000E+00    0.2674970400E-22    0.1847069675E-23    0.3710565646E-07   -0.5644979024E-12   -0.3001188381E-49   -0.1510015180E-34   -0.7940828711E-51
    0.7860000000E+00    0.2866282424E-22    0.1979170815E-23    0.3796995823E-07    0.2774629828E-11    0.1580650942E-48    0.7952872710E-34    0.4481346719E-50
    0.7860000000E+00    0.3071276952E-22    0.2120719737E-23    0.3885439218E-07    0.5030961605E-10    0.3071014923E-47    0.1545147642E-32    0.9329416853E-49
    0.7860000000E+00    0.3290932546E-22    0.2272392139E-23    0.3975942724E-07    0.3766225062E-09    0.2463412796E-46    0.1239439263E-31    0.8018807070E-48
    0.7860000000E+00    0.3526297755E-22    0.2434912046E-23    0.4068554327E-07    0.2338767704E-09    0.1639147410E-46    0.8247191304E-32    0.5717294766E-48
    0.7860000000E+00    0.3778496121E-22    0.2609055264E-23    0.4163323131E-07   -0.2331826723E-07   -0.1751165526E-44   -0.8810798228E-30   -0.6544851104E-46
    0.7860000000E+00    0.4048731538E-22    0.2795653084E-23    0.4260299385E-07   -0.2588626318E-06   -0.2083052838E-43   -0.1048065302E-28   -0.8342051332E-45
    0.7860000000E+00    0.4338294005E-22    0.2995596250E-23    0.4359534505E-07    0.1412590108E-05    0.1217999429E-42    0.6128231198E-28    0.5226604721E-44
    0.7860000000E+00    0.4648565778E-22    0.3209839213E-23    0.4461081109E-07    0.3946550993E-04    0.3646268474E-41    0.1834580188E-26    0.1676568160E-42
    0.7860000000E+00    0.4981027973E-22    0.3439404683E-23    0.4564993037E-07   -0.7710914335E-04   -0.7633730124E-41   -0.3840828000E-26   -0.3761052311E-42
    0.7860000000E+00    0.5337267633E-22    0.3685388516E-23    0.4671325384E-07   -0.1798668790E-01   -0.1908016486E-38   -0.9599976714E-24   -0.1007290399E-39
    0.7860000000E+00    0.5718985306E-22    0.3948964943E-23    0.4780134531E-07   -0.1901848550E+01   -0.2161756899E-36   -0.1087664391E-21   -0.1222867563E-37
    0.7860000000E+00    0.6128003161E-22    0.4231392172E-23    0.4891478167E-07   -0.5545887472E+01   -0.6754636418E-36   -0.3398521596E-21   -0.4094251803E-37
    0.7860000000E+00    0.6566273690E-22    0.4534018400E-23    0.5005415331E-07    0.7149874199E+02    0.9331024385E-35    0.4694803084E-20    0.6060408465E-36
    0.7860000000E+00    0.7035889022E-22    0.4858288246E-23    0.5122006431E-07    0.5957289962E+04    0.8330664856E-33    0.4191483104E-18    0.5797653218E-34
    0.7860000000E+00    0.7539090917E-22    0.5205749646E-23    0.5241313287E-07    0.3266806520E+05    0.4895018501E-32    0.2462875136E-17    0.3650286139E-33
    0.7860000000E+00    0.8078281461E-22    0.5578061244E-23    0.5363399157E-07   -0.1138109258E+06   -0.1827321146E-31   -0.9193966918E-17   -0.1460116308E-32
    0.7860000000E+00    0.8656034539E-22    0.5977000309E-23    0.5488328773E-07   -0.8522270028E+07   -0.1466176366E-29   -0.7376906371E-15   -0.1255332539E-30
    0.7860000000E+00    0.9275108115E-22    0.6404471218E-23    0.5616168372E-07   -0.3807441722E+09   -0.7018821351E-28   -0.3531443362E-13   -0.6439271849E-29
    0.7860000000E+00    0.9938457404E-22    0.6862514550E-23    0.5746985739E-07   -0.1513166984E+11   -0.2988944017E-26   -0.1503854562E-11   -0.2938260877E-27
    0.7860000000E+00    0.1064924897E-21    0.7353316823E-23    0.5880850233E-07   -0.4443718473E+12   -0.9405404126E-25   -0.4732226439E-10   -0.9907179519E-26
    0.7860000000E+00    0.1141087586E-21    0.7879220933E-23    0.6017832832E-07   -0.7411313595E+12   -0.1680838990E-24   -0.8456957939E-10   -0.1897136962E-25
    0.7860000000E+00    0.1222697377E-21    0.8442737340E-23    0.6158006166E-07    0.5406739144E+13    0.1313912187E-23    0.6610805772E-09    0.1589054939E-24
    0.7860000000E+00    0.1310143844E-21    0.9046556049E-23    0.6301444556E-07    0.1856586323E+15    0.4834438843E-22    0.2432395142E-07    0.6264964903E-23
    0.7860000000E+00    0.1403844422E-21    0.9693559452E-23    0.6448224056E-07    0.4444363954E+16    0.1240053837E-20    0.6239195545E-06    0.1721920562E-21
    0.7860000000E+00    0.1504246400E-21    0.1038683609E-22    0.6598422489E-07    0.9513020878E+17    0.2844129545E-19    0.1430992740E-04    0.4231768929E-20
    0.7860000000E+00    0.1611829057E-21    0.1112969539E-22    0.6752119493E-07    0.6191023346E+18    0.1983322623E-18    0.9978871322E-04    0.3162029646E-19
    0.7860000000E+00    0.1727105951E-21    0.1192568347E-22    0.6909396560E-07    0.3408510238E+18    0.1170026038E-18    0.5886858317E-04    0.1998794282E-19
    0.7860000000E+00    0.1850627369E-21    0.1277860007E-22    0.7070337081E-07   -0.9555665620E+19   -0.3514729189E-17   -0.1768397633E-02   -0.6433753830E-18
    0.7860000000E+00    0.1982982953E-21    0.1369251667E-22    0.7235026388E-07   -0.1649914566E+21   -0.6502679970E-16   -0.3271752459E-01   -0.1275454447E-16
    0.7860000000E+00    0.2124804516E-21    0.1467179595E-22    0.7403551802E-07   -0.2251321322E+22   -0.9507545413E-15   -0.4783617712E+00   -0.1998209320E-15
    0.7860000000E+00    0.2276769058E-21    0.1572111260E-22    0.7576002677E-07   -0.2772947760E+23   -0.1254794515E-13   -0.6313361660E+01   -0.2825824483E-14
    0.7860000000E+00    0.2439602000E-21    0.1684547565E-22    0.7752470448E-07   -0.3139517147E+24   -0.1522277342E-12   -0.7659172311E+02   -0.3673384212E-13
    0.7860000000E+00    0.2614080640E-21    0.1805025236E-22    0.7933048683E-07   -0.2858431223E+25   -0.1485110166E-11   -0.7472169719E+03   -0.3840000161E-12
    0.7860000000E+00    0.2801037871E-21    0.1934119387E-22    0.8117833125E-07   -0.5341066612E+25   -0.2973438212E-11   -0.1496052985E+04   -0.8238184044E-12
    0.7860000000E+00    0.3001366153E-21    0.2072446262E-22    0.8306921749E-07   -0.1029914754E+25   -0.6143731165E-12   -0.3091151285E+03   -0.1823915758E-12
    0.7860000000E+00    0.3216021775E-21    0.2220666179E-22    0.8500414813E-07    0.5419013255E+26    0.3463786675E-10    0.1742766463E+05    0.1101853128E-10
    0.7860000000E+00    0.3446029418E-21    0.2379486681E-22    0.8698414910E-07    0.5159082819E+27    0.3533486396E-09    0.1777835117E+06    0.1204414555E-09
    0.7860000000E+00    0.3692487048E-21    0.2549665916E-22    0.8901027021E-07    0.3851886382E+28    0.2826860597E-08    0.1422304058E+07    0.1032468865E-08
    0.7860000000E+00    0.3956571157E-21    0.2732016250E-22    0.9108358575E-07    0.2586559405E+29    0.2034011393E-07    0.1023390634E+08    0.7960236169E-08
    0.7860000000E+00    0.4239542377E-21    0.2927408154E-22    0.9320519501E-07    0.1603736542E+30    0.1351337874E-06    0.6799109031E+08    0.5666782193E-07
    0.7860000000E+00    0.4542751502E-21    0.3136774352E-22    0.9537622289E-07    0.9247577795E+30    0.8349470168E-06    0.4200944792E+09    0.3751729249E-06
    0.7860000000E+00    0.4867645933E-21    0.3361114274E-22    0.9759782052E-07    0.4973573745E+31    0.4811710454E-05    0.2420959601E+10    0.2316712049E-05
    0.7860000000E+00    0.5215776589E-21    0.3601498832E-22    0.9987116580E-07    0.2499438434E+32    0.2591035525E-04    0.1303651247E+11    0.1336736908E-04
    0.7860000000E+00    0.5588805307E-21    0.3859075526E-22    0.1021974641E-06    0.1175332601E+33    0.1305544581E-03    0.6568705075E+11    0.7217125844E-04
    0.7860000000E+00    0.5988512779E-21    0.4135073927E-22    0.1045779488E-06    0.5176748069E+33    0.6161521299E-03    0.3100102197E+12    0.3649728222E-03
    0.7860000000E+00    0.6416807053E-21    0.4430811541E-22    0.1070138822E-06    0.2136453258E+34    0.2724735308E-02    0.1370920833E+13    0.1729405720E-02
    0.7860000000E+00    0.6875732635E-21    0.4747700104E-22    0.1095065557E-06    0.8257693768E+34    0.1128469166E-01    0.5677769453E+13    0.7674715211E-02
    0.7860000000E+00    0.7367480256E-21    0.5087252317E-22    0.1120572911E-06    0.2509563607E+35    0.3674761280E-01    0.1848916033E+14    0.2677945310E-01
    0.7860000000E+00    0.7894397325E-21    0.5451089068E-22    0.1146674407E-06    0.4809581939E+35    0.7546372728E-01    0.3796875079E+14    0.5892652403E-01
    0.7860000000E+00    0.8458999137E-21    0.5840947171E-22    0.1173383885E-06    0.6792756187E+35    0.1142028522E+00    0.5745991872E+14    0.9555414312E-01
    0.7860000000E+00    0.9063980879E-21    0.6258687655E-22    0.1200715507E-06    0.7598750143E+35    0.1368904302E+00    0.6887492600E+14    0.1227285661E+00
    0.7860000000E+00    0.9712230494E-21    0.6706304648E-22    0.1228683764E-06    0.7574100144E+35    0.1462049131E+00    0.7356140638E+14    0.1404541380E+00
    0.7860000000E+00    0.1040684247E-20    0.7185934897E-22    0.1257303485E-06    0.7202224574E+35    0.1489695764E+00    0.7495241658E+14    0.1533451888E+00
    0.7860000000E+00    0.1115113261E-20    0.7699867968E-22    0.1286589846E-06    0.5828159623E+35    0.1291702088E+00    0.6499058085E+14    0.1424737756E+00
    0.7860000000E+00    0.1194865387E-20    0.8250557175E-22    0.1316558373E-06    0.3879529573E+35    0.9213189218E-01    0.4635515605E+14    0.1088886372E+00
    0.7860000000E+00    0.1280321329E-20    0.8840631292E-22    0.1347224957E-06    0.2194261311E+35    0.5583663913E-01    0.2809359559E+14    0.7071179168E-01
    0.7860000000E+00    0.1371889021E-20    0.9472907100E-22    0.1378605858E-06    0.1070861810E+35    0.2919875639E-01    0.1469103561E+14    0.3962204861E-01
    0.7860000000E+00    0.1470005571E-20    0.1015040283E-21    0.1410717713E-06    0.4534844794E+34    0.1324931275E-01    0.6666247111E+13    0.1926486293E-01
    0.7860000000E+00    0.1575139348E-20    0.1087635259E-21    0.1443577550E-06    0.1649861973E+34    0.5165097652E-02    0.2598762513E+13    0.8047316982E-02
    0.7860000000E+00    0.1687792220E-20    0.1165422177E-21    0.1477202791E-06    0.4973496579E+33    0.1668371443E-02    0.8394228832E+12    0.2785257287E-02
    0.7860000000E+00    0.1808501947E-20    0.1248772362E-21    0.1511611264E-06    0.8461699138E+32    0.3041504781E-03    0.1530299937E+12    0.5440778870E-03
    0.7860000000E+00    0.1937844750E-20    0.1338083694E-21    0.1546821213E-06    0.1778533975E+31    0.6850039722E-05    0.3446522727E+10    0.1313002828E-04
    0.7860000000E+00    0.2076438060E-20    0.1433782510E-21    0.1582851308E-06    0.3194549037E+30    0.1318379626E-05    0.6633283206E+09    0.2707777996E-05
    0.7860000000E+00    0.2224943467E-20    0.1536325639E-21    0.1619720651E-06    0.7781913460E+29    0.3441258687E-06    0.1731431752E+09    0.7573382512E-06
    0.7860000000E+00    0.2384069878E-20    0.1646202581E-21    0.1657448792E-06    0.1671856700E+29    0.7921911272E-07    0.3985823199E+08    0.1868110432E-06
    0.7860000000E+00    0.2554576900E-20    0.1763937846E-21    0.1696055734E-06    0.2738876993E+28    0.1390603928E-07    0.6996671896E+07    0.3513791787E-07
    0.7860000000E+00    0.2737278465E-20    0.1890093455E-21    0.1735561947E-06    0.5678706045E+27    0.3089443891E-08    0.1554419977E+07    0.8364748426E-08
    0.7860000000E+00    0.2933046719E-20    0.2025271626E-21    0.1775988378E-06    0.1394491840E+27    0.8129183018E-09    0.4090109716E+06    0.2358410898E-08
    0.7860000000E+00    0.3142816182E-20    0.2170117645E-21    0.1817356462E-06    0.3063828928E+26    0.1913795091E-09    0.9629051134E+05    0.5949329297E-09
    0.7860000000E+00    0.3367588212E-20    0.2325322952E-21    0.1859688132E-06    0.7076843154E+25    0.4736641265E-10    0.2383189358E+05    0.1577767718E-09
    0.7860000000E+00    0.3608435782E-20    0.2491628434E-21    0.1903005833E-06    0.7402301300E+24    0.5308816111E-11    0.2671072888E+04    0.1894830009E-10
    0.7860000000E+00    0.3866508602E-20    0.2669827968E-21    0.1947332533E-06    0.2643438492E+24    0.2031421916E-11    0.1022087767E+04    0.7769135666E-11
