    0.7230000000E+00    0.4143038610E-23    0.2860772210E-24    0.1992691735E-07    0.3996549567E-12    0.3290910926E-50    0.1655785917E-35    0.1701882233E-52
    0.7230000000E+00    0.4439345853E-23    0.3065372650E-24    0.2039107488E-07    0.3573323629E-12    0.3152849752E-50    0.1586321944E-35    0.1747095528E-52
    0.7230000000E+00    0.4756844785E-23    0.3284605973E-24    0.2086604403E-07   -0.6297595161E-12   -0.5953956572E-50   -0.2995668270E-35   -0.3535241116E-52
    0.7230000000E+00    0.5097051019E-23    0.3519518710E-24    0.2135207663E-07   -0.2037321494E-11   -0.2063908744E-49   -0.1038433160E-34   -0.1313118343E-51
    0.7230000000E+00    0.5461588566E-23    0.3771232243E-24    0.2184943039E-07   -0.1645787423E-11   -0.1786506756E-49   -0.8988613771E-35   -0.1217917974E-51
    0.7230000000E+00    0.5852197586E-23    0.4040948153E-24    0.2235836900E-07    0.4047075585E-11    0.4707303927E-49    0.2368428597E-34    0.3438631335E-51
    0.7230000000E+00    0.6270742692E-23    0.4329953957E-24    0.2287916232E-07    0.9875913953E-11    0.1230858761E-48    0.6192931524E-34    0.9634331781E-51
    0.7230000000E+00    0.6719221852E-23    0.4639629256E-24    0.2341208647E-07    0.2888150422E-11    0.3857009713E-49    0.1940612343E-34    0.3234924205E-51
    0.7230000000E+00    0.7199775931E-23    0.4971452317E-24    0.2395742402E-07   -0.3273714205E-10   -0.4684591076E-48   -0.2357000874E-33   -0.4210028770E-50
    0.7230000000E+00    0.7714698903E-23    0.5327007132E-24    0.2451546411E-07   -0.2917855160E-10   -0.4473986342E-48   -0.2251037400E-33   -0.4308320773E-50
    0.7230000000E+00    0.8266448809E-23    0.5707990981E-24    0.2508650263E-07    0.7549403526E-10    0.1240348037E-47    0.6240675778E-33    0.1279843716E-49
    0.7230000000E+00    0.8857659485E-23    0.6116222531E-24    0.2567084234E-07    0.9562476427E-10    0.1683454184E-47    0.8470116002E-33    0.1861292719E-49
    0.7230000000E+00    0.9491153137E-23    0.6553650517E-24    0.2626879307E-07   -0.1577537725E-09   -0.2975847542E-47   -0.1497265213E-32   -0.3525527078E-49
    0.7230000000E+00    0.1016995382E-22    0.7022363048E-24    0.2688067187E-07   -0.2253387085E-09   -0.4554772866E-47   -0.2291684258E-32   -0.5782026819E-49
    0.7230000000E+00    0.1089730185E-22    0.7524597575E-24    0.2750680315E-07    0.3470097866E-09    0.7515755565E-47    0.3781470388E-32    0.1022318039E-48
    0.7230000000E+00    0.1167666930E-22    0.8062751566E-24    0.2814751890E-07    0.3726342745E-09    0.8647960997E-47    0.4351127195E-32    0.1260454286E-48
    0.7230000000E+00    0.1251177658E-22    0.8639393956E-24    0.2880315884E-07   -0.6724179633E-09   -0.1672130740E-46   -0.8413143325E-32   -0.2611461381E-48
    0.7230000000E+00    0.1340661015E-22    0.9257277409E-24    0.2947407060E-07   -0.2830299977E-09   -0.7541598223E-47   -0.3794472839E-32   -0.1262050603E-48
    0.7230000000E+00    0.1436544159E-22    0.9919351458E-24    0.3016060990E-07    0.7813947643E-09    0.2231009506E-46    0.1122508085E-31    0.4000504818E-48
    0.7230000000E+00    0.1539284799E-22    0.1062877658E-23    0.3086314075E-07    0.2349996165E-09    0.7189489891E-47    0.3617313375E-32    0.1381374562E-48
    0.7230000000E+00    0.1649373379E-22    0.1138893930E-23    0.3158203565E-07   -0.3750984824E-09   -0.1229635042E-46   -0.6186774513E-32   -0.2531568062E-48
    0.7230000000E+00    0.1767335417E-22    0.1220346833E-23    0.3231767576E-07   -0.8116904870E-09   -0.2851158624E-46   -0.1434529345E-31   -0.6289769887E-48
    0.7230000000E+00    0.1893734018E-22    0.1307625190E-23    0.3307045113E-07    0.4730772665E-08    0.1780586198E-45    0.8958825127E-31    0.4208975324E-47
    0.7230000000E+00    0.2029172559E-22    0.1401145635E-23    0.3384076090E-07    0.2729145157E-07    0.1100671090E-44    0.5537906463E-30    0.2787859843E-46
    0.7230000000E+00    0.2174297571E-22    0.1501354598E-23    0.3462901348E-07   -0.2594391813E-07   -0.1121157145E-44   -0.5640979817E-30   -0.3042845250E-46
    0.7230000000E+00    0.2329801823E-22    0.1608730435E-23    0.3543562682E-07   -0.7228358156E-07   -0.3347114638E-44   -0.1684064201E-29   -0.9733834638E-46
    0.7230000000E+00    0.2496427630E-22    0.1723785718E-23    0.3626102861E-07   -0.1235792248E-06   -0.6131636355E-44   -0.3085065913E-29   -0.1910687962E-45
    0.7230000000E+00    0.2674970400E-22    0.1847069675E-23    0.3710565646E-07   -0.2159513812E-05   -0.1148119016E-42   -0.5776635525E-28   -0.3833542541E-44
    0.7230000000E+00    0.2866282424E-22    0.1979170815E-23    0.3796995823E-07   -0.3958074638E-04   -0.2254835706E-41   -0.1134495977E-26   -0.8067301354E-43
    0.7230000000E+00    0.3071276952E-22    0.2120719737E-23    0.3885439218E-07   -0.6904115894E-04   -0.4214431476E-41   -0.2120445202E-26   -0.1615668932E-42
    0.7230000000E+00    0.3290932546E-22    0.2272392139E-23    0.3975942724E-07    0.1124545021E-03    0.7355424990E-41    0.3700801809E-26    0.3021489907E-42
    0.7230000000E+00    0.3526297755E-22    0.2434912046E-23    0.4068554327E-07    0.3243132736E-02    0.2272980175E-39    0.1143625169E-24    0.1000481413E-40
    0.7230000000E+00    0.3778496121E-22    0.2609055264E-23    0.4163323131E-07    0.3041811968E-01    0.2284353379E-38    0.1149347472E-23    0.1077399241E-39
    0.7230000000E+00    0.4048731538E-22    0.2795653084E-23    0.4260299385E-07    0.4739659333E-02    0.3813976839E-39    0.1918960822E-24    0.1927486870E-40
    0.7230000000E+00    0.4338294005E-22    0.2995596250E-23    0.4359534505E-07   -0.3948500119E+01   -0.3404576361E-36   -0.1712975439E-21   -0.1843641419E-37
    0.7230000000E+00    0.4648565778E-22    0.3209839213E-23    0.4461081109E-07   -0.3660209609E+03   -0.3381714041E-34   -0.1701472513E-19   -0.1962231565E-35
    0.7230000000E+00    0.4981027973E-22    0.3439404683E-23    0.4564993037E-07   -0.2437166490E+04   -0.2412771098E-33   -0.1213959446E-18   -0.1500132082E-34
    0.7230000000E+00    0.5337267633E-22    0.3685388516E-23    0.4671325384E-07    0.9464895092E+04    0.1004030090E-32    0.5051667822E-18    0.6688983205E-34
    0.7230000000E+00    0.5718985306E-22    0.3948964943E-23    0.4780134531E-07    0.8667484944E+06    0.9851991304E-31    0.4956921903E-16    0.7032947845E-32
    0.7230000000E+00    0.6128003161E-22    0.4231392172E-23    0.4891478167E-07    0.6135476939E+07    0.7472729331E-30    0.3759822208E-15    0.5716005381E-31
    0.7230000000E+00    0.6566273690E-22    0.4534018400E-23    0.5005415331E-07   -0.1113222957E+08   -0.1452824241E-29   -0.7309726612E-15   -0.1190766079E-30
    0.7230000000E+00    0.7035889022E-22    0.4858288246E-23    0.5122006431E-07   -0.9475595052E+09   -0.1325065713E-27   -0.6666923521E-13   -0.1163726150E-28
    0.7230000000E+00    0.7539090917E-22    0.5205749646E-23    0.5241313287E-07   -0.3751334897E+11   -0.5621041104E-26   -0.2828165485E-11   -0.5289688988E-27
    0.7230000000E+00    0.8078281461E-22    0.5578061244E-23    0.5363399157E-07   -0.1310777331E+13   -0.2104552896E-24   -0.1058882821E-09   -0.2122136048E-25
    0.7230000000E+00    0.8656034539E-22    0.5977000309E-23    0.5488328773E-07   -0.2832508746E+14   -0.4873064766E-23   -0.2451829354E-08   -0.5265208339E-24
    0.7230000000E+00    0.9275108115E-22    0.6404471218E-23    0.5616168372E-07   -0.3544224656E+14   -0.6533594340E-23   -0.3287306687E-08   -0.7564244241E-24
    0.7230000000E+00    0.9938457404E-22    0.6862514550E-23    0.5746985739E-07    0.3666338454E+15    0.7242082665E-22    0.3643774855E-07    0.8984147112E-23
    0.7230000000E+00    0.1064924897E-21    0.7353316823E-23    0.5880850233E-07    0.1063227598E+17    0.2250386765E-20    0.1132257541E-05    0.2991372810E-21
    0.7230000000E+00    0.1141087586E-21    0.7879220933E-23    0.6017832832E-07    0.2247280924E+18    0.5096690823E-19    0.2564344364E-04    0.7259415695E-20
    0.7230000000E+00    0.1222697377E-21    0.8442737340E-23    0.6158006166E-07    0.4177441796E+19    0.1015175975E-17    0.5107747128E-03    0.1549368451E-18
    0.7230000000E+00    0.1310143844E-21    0.9046556049E-23    0.6301444556E-07    0.1145286371E+20    0.2982256657E-17    0.1500489889E-02    0.4877063314E-18
    0.7230000000E+00    0.1403844422E-21    0.9693559452E-23    0.6448224056E-07   -0.5188132935E+19   -0.1447578151E-17   -0.7283331480E-03   -0.2536619906E-18
    0.7230000000E+00    0.1504246400E-21    0.1038683609E-22    0.6598422489E-07   -0.3368057448E+21   -0.1006955815E-15   -0.5066388289E-01   -0.1890705081E-16
    0.7230000000E+00    0.1611829057E-21    0.1112969539E-22    0.6752119493E-07   -0.4802241255E+22   -0.1538419933E-14   -0.7740391993E+00   -0.3095196853E-15
    0.7230000000E+00    0.1727105951E-21    0.1192568347E-22    0.6909396560E-07   -0.5752669036E+23   -0.1974696301E-13   -0.9935468928E+01   -0.4257098409E-14
    0.7230000000E+00    0.1850627369E-21    0.1277860007E-22    0.7070337081E-07   -0.6250516566E+24   -0.2299041625E-12   -0.1156737703E+03   -0.5310803238E-13
    0.7230000000E+00    0.1982982953E-21    0.1369251667E-22    0.7235026388E-07   -0.6240697996E+25   -0.2459597768E-11   -0.1237519774E+04   -0.6088039580E-12
    0.7230000000E+00    0.2124804516E-21    0.1467179595E-22    0.7403551802E-07   -0.2370089899E+26   -0.1000911648E-10   -0.5035977721E+04   -0.2654661310E-11
    0.7230000000E+00    0.2276769058E-21    0.1572111260E-22    0.7576002677E-07   -0.2145321516E+26   -0.9707855702E-11   -0.4884401648E+04   -0.2758904638E-11
    0.7230000000E+00    0.2439602000E-21    0.1684547565E-22    0.7752470448E-07    0.5779579697E+26    0.2802381006E-10    0.1409987419E+05    0.8533762611E-11
    0.7230000000E+00    0.2614080640E-21    0.1805025236E-22    0.7933048683E-07    0.7573237537E+27    0.3934707949E-09    0.1979705362E+06    0.1283884275E-09
    0.7230000000E+00    0.2801037871E-21    0.1934119387E-22    0.8117833125E-07    0.5686176428E+28    0.3165565139E-08    0.1592719552E+07    0.1106788484E-08
    0.7230000000E+00    0.3001366153E-21    0.2072446262E-22    0.8306921749E-07    0.3684862840E+29    0.2198124318E-07    0.1105962261E+08    0.8235038384E-08
    0.7230000000E+00    0.3216021775E-21    0.2220666179E-22    0.8500414813E-07    0.2184385031E+30    0.1396240128E-06    0.7025029825E+08    0.5604972583E-07
    0.7230000000E+00    0.3446029418E-21    0.2379486681E-22    0.8698414910E-07    0.1201330853E+31    0.8227986206E-06    0.4139821462E+09    0.3539214886E-06
    0.7230000000E+00    0.3692487048E-21    0.2549665916E-22    0.8901027021E-07    0.6157575563E+31    0.4518982650E-05    0.2273676801E+10    0.2082831086E-05
    0.7230000000E+00    0.3956571157E-21    0.2732016250E-22    0.9108358575E-07    0.2948097595E+32    0.2318316789E-04    0.1166435791E+11    0.1144949040E-04
    0.7230000000E+00    0.4239542377E-21    0.2927408154E-22    0.9320519501E-07    0.1320784123E+33    0.1112916967E-03    0.5599520260E+11    0.5889469004E-04
    0.7230000000E+00    0.4542751502E-21    0.3136774352E-22    0.9537622289E-07    0.5547112765E+33    0.5008387448E-03    0.2519915484E+12    0.2839953933E-03
    0.7230000000E+00    0.4867645933E-21    0.3361114274E-22    0.9759782052E-07    0.2187864244E+34    0.2116660935E-02    0.1064974849E+13    0.1286070189E-02
    0.7230000000E+00    0.5215776589E-21    0.3601498832E-22    0.9987116580E-07    0.8114874940E+34    0.8412261318E-02    0.4232537473E+13    0.5476790545E-02
    0.7230000000E+00    0.5588805307E-21    0.3859075526E-22    0.1021974641E-06    0.2447640120E+35    0.2718807675E-01    0.1367938409E+14    0.1896670389E-01
    0.7230000000E+00    0.5988512779E-21    0.4135073927E-22    0.1045779488E-06    0.4862990517E+35    0.5788077621E-01    0.2912208086E+14    0.4326609739E-01
    0.7230000000E+00    0.6416807053E-21    0.4430811541E-22    0.1070138822E-06    0.7292615790E+35    0.9300670472E-01    0.4679530843E+14    0.7449508745E-01
    0.7230000000E+00    0.6875732635E-21    0.4747700104E-22    0.1095065557E-06    0.8829636499E+35    0.1206628972E+00    0.6071021983E+14    0.1035588277E+00
    0.7230000000E+00    0.7367480256E-21    0.5087252317E-22    0.1120572911E-06    0.9047564452E+35    0.1324837491E+00    0.6665775247E+14    0.1218360994E+00
    0.7230000000E+00    0.7894397325E-21    0.5451089068E-22    0.1146674407E-06    0.8903837372E+35    0.1397037754E+00    0.7029042993E+14    0.1376643599E+00
    0.7230000000E+00    0.8458999137E-21    0.5840947171E-22    0.1173383885E-06    0.8065128091E+35    0.1355945372E+00    0.6822291157E+14    0.1431711687E+00
    0.7230000000E+00    0.9063980879E-21    0.6258687655E-22    0.1200715507E-06    0.6104771587E+35    0.1099766137E+00    0.5533353293E+14    0.1244267393E+00
    0.7230000000E+00    0.9712230494E-21    0.6706304648E-22    0.1228683764E-06    0.3972323352E+35    0.7667883701E-01    0.3858011999E+14    0.9295845442E-01
    0.7230000000E+00    0.1040684247E-20    0.7185934897E-22    0.1257303485E-06    0.2281592589E+35    0.4719206935E-01    0.2374417465E+14    0.6130309459E-01
    0.7230000000E+00    0.1115113261E-20    0.7699867968E-22    0.1286589846E-06    0.1177589783E+35    0.2609906524E-01    0.1313145984E+14    0.3632773576E-01
    0.7230000000E+00    0.1194865387E-20    0.8250557175E-22    0.1316558373E-06    0.5502199192E+34    0.1306673949E-01    0.6574387367E+13    0.1948859855E-01
    0.7230000000E+00    0.1280321329E-20    0.8840631292E-22    0.1347224957E-06    0.2315086112E+34    0.5891122771E-02    0.2964054128E+13    0.9414807627E-02
    0.7230000000E+00    0.1371889021E-20    0.9472907100E-22    0.1378605858E-06    0.8604311995E+33    0.2346102993E-02    0.1180416116E+13    0.4017542230E-02
    0.7230000000E+00    0.1470005571E-20    0.1015040283E-21    0.1410717713E-06    0.2729234394E+33    0.7973917895E-03    0.4011989764E+12    0.1463137484E-02
    0.7230000000E+00    0.1575139348E-20    0.1087635259E-21    0.1443577550E-06    0.6999058118E+32    0.2191142001E-03    0.1102449184E+12    0.4308081401E-03
    0.7230000000E+00    0.1687792220E-20    0.1165422177E-21    0.1477202791E-06    0.1105119198E+32    0.3707149047E-04    0.1865211584E+11    0.7810042987E-04
    0.7230000000E+00    0.1808501947E-20    0.1248772362E-21    0.1511611264E-06    0.1218843504E+31    0.4381056669E-05    0.2204280849E+10    0.9889907912E-05
    0.7230000000E+00    0.1937844750E-20    0.1338083694E-21    0.1546821213E-06    0.2461558158E+30    0.9480713549E-06    0.4770117553E+09    0.2293265840E-05
    0.7230000000E+00    0.2076438060E-20    0.1433782510E-21    0.1582851308E-06    0.5197098635E+29    0.2144825099E-06    0.1079145341E+09    0.5559109904E-06
    0.7230000000E+00    0.2224943467E-20    0.1536325639E-21    0.1619720651E-06    0.1224644551E+29    0.5415530152E-07    0.2724764893E+08    0.1504022576E-06
    0.7230000000E+00    0.2384069878E-20    0.1646202581E-21    0.1657448792E-06    0.2428958182E+28    0.1150935436E-07    0.5790806038E+07    0.3425029676E-07
    0.7230000000E+00    0.2554576900E-20    0.1763937846E-21    0.1696055734E-06    0.4861255538E+27    0.2468194469E-08    0.1241845110E+07    0.7870326543E-08
    0.7230000000E+00    0.2737278465E-20    0.1890093455E-21    0.1735561947E-06    0.1118448521E+27    0.6084808624E-09    0.3061505052E+06    0.2079027819E-08
    0.7230000000E+00    0.2933046719E-20    0.2025271626E-21    0.1775988378E-06    0.2739966818E+26    0.1597262249E-09    0.8036450684E+05    0.5847760860E-09
    0.7230000000E+00    0.3142816182E-20    0.2170117645E-21    0.1817356462E-06    0.5530996044E+25    0.3454890376E-10    0.1738290387E+05    0.1355338105E-09
    0.7230000000E+00    0.3367588212E-20    0.2325322952E-21    0.1859688132E-06    0.1229708626E+25    0.8230631225E-11    0.4141152274E+04    0.3459764359E-10
    0.7230000000E+00    0.3608435782E-20    0.2491628434E-21    0.1903005833E-06    0.1579086711E+24    0.1132496589E-11    0.5698032990E+03    0.5100940756E-11
    0.7230000000E+00    0.3866508602E-20    0.2669827968E-21    0.1947332533E-06    0.6998793665E+23    0.5378412579E-12    0.2706089591E+03    0.2595777663E-11
