    0.7520000000E+00    0.4143038610E-23    0.2860772210E-24    0.1992691735E-07   -0.1372099277E-15   -0.1129838734E-53   -0.5684660283E-39   -0.5158853348E-56
    0.7520000000E+00    0.4439345853E-23    0.3065372650E-24    0.2039107488E-07    0.1685158787E-15    0.1486865735E-53    0.7481002671E-39    0.7274589239E-56
    0.7520000000E+00    0.4756844785E-23    0.3284605973E-24    0.2086604403E-07    0.5503480468E-15    0.5203174047E-53    0.2617920236E-38    0.2727753214E-55
    0.7520000000E+00    0.5097051019E-23    0.3519518710E-24    0.2135207663E-07    0.3196281028E-15    0.3237992816E-53    0.1629160747E-38    0.1818915834E-55
    0.7520000000E+00    0.5461588566E-23    0.3771232243E-24    0.2184943039E-07   -0.7486927939E-15   -0.8127080790E-53   -0.4089052003E-38   -0.4891829365E-55
    0.7520000000E+00    0.5852197586E-23    0.4040948153E-24    0.2235836900E-07   -0.2069805986E-14   -0.2407468218E-52   -0.1211291360E-37   -0.1552734796E-54
    0.7520000000E+00    0.6270742692E-23    0.4329953957E-24    0.2287916232E-07   -0.2773106830E-14   -0.3456189324E-52   -0.1738943939E-37   -0.2388549506E-54
    0.7520000000E+00    0.6719221852E-23    0.4639629256E-24    0.2341208647E-07    0.5614755275E-14    0.7498281760E-52    0.3772678634E-37    0.5552626718E-54
    0.7520000000E+00    0.7199775931E-23    0.4971452317E-24    0.2395742402E-07    0.1600245123E-13    0.2289904846E-51    0.1152140632E-36    0.1816996785E-53
    0.7520000000E+00    0.7714698903E-23    0.5327007132E-24    0.2451546411E-07   -0.2938805824E-14   -0.4506110275E-52   -0.2267200207E-37   -0.3831232767E-54
    0.7520000000E+00    0.8266448809E-23    0.5707990981E-24    0.2508650263E-07   -0.5271547000E-13   -0.8661019309E-51   -0.4357697342E-36   -0.7890521900E-53
    0.7520000000E+00    0.8857659485E-23    0.6116222531E-24    0.2567084234E-07   -0.1679791302E-13   -0.2957237823E-51   -0.1487901936E-36   -0.2886841732E-53
    0.7520000000E+00    0.9491153137E-23    0.6553650517E-24    0.2626879307E-07    0.1289467065E-12    0.2432434631E-50    0.1223852938E-35    0.2544356140E-52
    0.7520000000E+00    0.1016995382E-22    0.7022363048E-24    0.2688067187E-07    0.4460822169E-13    0.9016662921E-51    0.4536635544E-36    0.1010607593E-52
    0.7520000000E+00    0.1089730185E-22    0.7524597575E-24    0.2750680315E-07   -0.2713534005E-12   -0.5877142111E-50   -0.2957019912E-35   -0.7058345534E-52
    0.7520000000E+00    0.1167666930E-22    0.8062751566E-24    0.2814751890E-07   -0.2772383677E-13   -0.6434047416E-51   -0.3237220738E-36   -0.8279821608E-53
    0.7520000000E+00    0.1251177658E-22    0.8639393956E-24    0.2880315884E-07    0.4863722957E-12    0.1209482957E-49    0.6085381499E-35    0.1667771222E-51
    0.7520000000E+00    0.1340661015E-22    0.9257277409E-24    0.2947407060E-07   -0.1783460894E-12   -0.4752197865E-50   -0.2391016492E-35   -0.7021521623E-52
    0.7520000000E+00    0.1436544159E-22    0.9919351458E-24    0.3016060990E-07   -0.7329932509E-12   -0.2092815291E-49   -0.1052977173E-34   -0.3313352352E-51
    0.7520000000E+00    0.1539284799E-22    0.1062877658E-23    0.3086314075E-07    0.8684593597E-12    0.2656931905E-49    0.1336806291E-34    0.4507307074E-51
    0.7520000000E+00    0.1649373379E-22    0.1138893930E-23    0.3158203565E-07    0.1009854282E-11    0.3310469836E-49    0.1665626769E-34    0.6017642147E-51
    0.7520000000E+00    0.1767335417E-22    0.1220346833E-23    0.3231767576E-07   -0.3053810793E-11   -0.1072687079E-48   -0.5397107971E-34   -0.2089343144E-50
    0.7520000000E+00    0.1893734018E-22    0.1307625190E-23    0.3307045113E-07   -0.3990241875E-11   -0.1501862404E-48   -0.7556456778E-34   -0.3134489855E-50
    0.7520000000E+00    0.2029172559E-22    0.1401145635E-23    0.3384076090E-07    0.3345953538E-12    0.1349431457E-49    0.6789517104E-35    0.3017779838E-51
    0.7520000000E+00    0.2174297571E-22    0.1501354598E-23    0.3462901348E-07    0.1772751716E-10    0.7660883154E-48    0.3854489750E-33    0.1835758557E-49
    0.7520000000E+00    0.2329801823E-22    0.1608730435E-23    0.3543562682E-07    0.9988950741E-10    0.4625415968E-47    0.2327227564E-32    0.1187647388E-48
    0.7520000000E+00    0.2496427630E-22    0.1723785718E-23    0.3626102861E-07    0.6816690693E-09    0.3382240708E-46    0.1701737499E-31    0.9305532602E-48
    0.7520000000E+00    0.2674970400E-22    0.1847069675E-23    0.3710565646E-07    0.2436712302E-08    0.1295493325E-45    0.6518133280E-31    0.3819195610E-47
    0.7520000000E+00    0.2866282424E-22    0.1979170815E-23    0.3796995823E-07    0.2372884048E-08    0.1351784432E-45    0.6801355841E-31    0.4270160150E-47
    0.7520000000E+00    0.3071276952E-22    0.2120719737E-23    0.3885439218E-07   -0.8258214844E-08   -0.5041004685E-45   -0.2536326491E-30   -0.1706293844E-46
    0.7520000000E+00    0.3290932546E-22    0.2272392139E-23    0.3975942724E-07   -0.2316699341E-06   -0.1515306894E-43   -0.7624101259E-29   -0.5495881015E-45
    0.7520000000E+00    0.3526297755E-22    0.2434912046E-23    0.4068554327E-07   -0.4011324916E-05   -0.2811374912E-42   -0.1414512604E-27   -0.1092585639E-43
    0.7520000000E+00    0.3778496121E-22    0.2609055264E-23    0.4163323131E-07   -0.4383610145E-05   -0.3292022898E-42   -0.1656345393E-27   -0.1370880409E-43
    0.7520000000E+00    0.4048731538E-22    0.2795653084E-23    0.4260299385E-07    0.1981496929E-03    0.1594499280E-40    0.8022549109E-26    0.7114773032E-42
    0.7520000000E+00    0.4338294005E-22    0.2995596250E-23    0.4359534505E-07    0.1237667561E-02    0.1067173254E-39    0.5369365761E-25    0.5102366554E-41
    0.7520000000E+00    0.4648565778E-22    0.3209839213E-23    0.4461081109E-07   -0.1043839818E-01   -0.9644168354E-39   -0.4852358054E-24   -0.4940848140E-40
    0.7520000000E+00    0.4981027973E-22    0.3439404683E-23    0.4564993037E-07   -0.1350763353E+01   -0.1337242569E-36   -0.6728190046E-22   -0.7340859570E-38
    0.7520000000E+00    0.5337267633E-22    0.3685388516E-23    0.4671325384E-07   -0.6567471108E+02   -0.6966731849E-35   -0.3505235097E-20   -0.4097942096E-36
    0.7520000000E+00    0.5718985306E-22    0.3948964943E-23    0.4780134531E-07   -0.5884841545E+02   -0.6689069332E-35   -0.3365532232E-20   -0.4216017648E-36
    0.7520000000E+00    0.6128003161E-22    0.4231392172E-23    0.4891478167E-07    0.4470584943E+04    0.5444967288E-33    0.2739575866E-18    0.3677324860E-34
    0.7520000000E+00    0.6566273690E-22    0.4534018400E-23    0.5005415331E-07    0.2208856678E+06    0.2882693451E-31    0.1450395749E-16    0.2086100294E-32
    0.7520000000E+00    0.7035889022E-22    0.4858288246E-23    0.5122006431E-07    0.3021456428E+06    0.4225199888E-31    0.2125863211E-16    0.3276302418E-32
    0.7520000000E+00    0.7539090917E-22    0.5205749646E-23    0.5241313287E-07   -0.6644311428E+07   -0.9955908673E-30   -0.5009206793E-15   -0.8272135256E-31
    0.7520000000E+00    0.8078281461E-22    0.5578061244E-23    0.5363399157E-07   -0.3340950982E+09   -0.5364151408E-28   -0.2698914238E-13   -0.4775707840E-29
    0.7520000000E+00    0.8656034539E-22    0.5977000309E-23    0.5488328773E-07   -0.1337123708E+11   -0.2300395520E-26   -0.1157418900E-11   -0.2194518447E-27
    0.7520000000E+00    0.9275108115E-22    0.6404471218E-23    0.5616168372E-07   -0.4808163299E+12   -0.8863599677E-25   -0.4459623443E-10   -0.9060389242E-26
    0.7520000000E+00    0.9938457404E-22    0.6862514550E-23    0.5746985739E-07   -0.4729341048E+13   -0.9341821343E-24   -0.4700235455E-09   -0.1023218256E-24
    0.7520000000E+00    0.1064924897E-21    0.7353316823E-23    0.5880850233E-07   -0.1540947817E+13   -0.3261511061E-24   -0.1640993695E-09   -0.3827855884E-25
    0.7520000000E+00    0.1141087586E-21    0.7879220933E-23    0.6017832832E-07    0.1624093476E+15    0.3683341157E-22    0.1853232904E-07    0.4632107913E-23
    0.7520000000E+00    0.1222697377E-21    0.8442737340E-23    0.6158006166E-07    0.4179511497E+16    0.1015678941E-20    0.5110277746E-06    0.1368652424E-21
    0.7520000000E+00    0.1310143844E-21    0.9046556049E-23    0.6301444556E-07    0.8991145719E+17    0.2341240134E-19    0.1177969422E-04    0.3380513565E-20
    0.7520000000E+00    0.1403844422E-21    0.9693559452E-23    0.6448224056E-07    0.1438540639E+19    0.4013775330E-18    0.2019487252E-03    0.6209974003E-19
    0.7520000000E+00    0.1504246400E-21    0.1038683609E-22    0.6598422489E-07    0.2422762251E+19    0.7243387548E-18    0.3644431393E-03    0.1200821472E-18
    0.7520000000E+00    0.1611829057E-21    0.1112969539E-22    0.6752119493E-07   -0.5756090179E+19   -0.1843989795E-17   -0.9277833405E-03   -0.3275632987E-18
    0.7520000000E+00    0.1727105951E-21    0.1192568347E-22    0.6909396560E-07   -0.1537181319E+21   -0.5276622462E-16   -0.2654875004E-01   -0.1004367716E-16
    0.7520000000E+00    0.1850627369E-21    0.1277860007E-22    0.7070337081E-07   -0.2170441106E+22   -0.7983235299E-15   -0.4016677714E+00   -0.1628229626E-15
    0.7520000000E+00    0.1982982953E-21    0.1369251667E-22    0.7235026388E-07   -0.2670389430E+23   -0.1052459819E-13   -0.5295336717E+01   -0.2300076321E-14
    0.7520000000E+00    0.2124804516E-21    0.1467179595E-22    0.7403551802E-07   -0.2999953949E+24   -0.1266909264E-12   -0.6374315697E+02   -0.2966758769E-13
    0.7520000000E+00    0.2276769058E-21    0.1572111260E-22    0.7576002677E-07   -0.3104494939E+25   -0.1404823877E-11   -0.7068218020E+03   -0.3524995792E-12
    0.7520000000E+00    0.2439602000E-21    0.1684547565E-22    0.7752470448E-07   -0.1068864764E+26   -0.5182671524E-11   -0.2607604615E+04   -0.1393446846E-11
    0.7520000000E+00    0.2614080640E-21    0.1805025236E-22    0.7933048683E-07   -0.8742491109E+25   -0.4542198643E-11   -0.2285357675E+04   -0.1308587736E-11
    0.7520000000E+00    0.2801037871E-21    0.1934119387E-22    0.8117833125E-07    0.3725519379E+26    0.2074042974E-10    0.1043532087E+05    0.6402572036E-11
    0.7520000000E+00    0.3001366153E-21    0.2072446262E-22    0.8306921749E-07    0.4465412870E+27    0.2663744363E-09    0.1340233905E+06    0.8811082476E-10
    0.7520000000E+00    0.3216021775E-21    0.2220666179E-22    0.8500414813E-07    0.3420173029E+28    0.2186145191E-08    0.1099935094E+07    0.7748465873E-09
    0.7520000000E+00    0.3446029418E-21    0.2379486681E-22    0.8698414910E-07    0.2290400631E+29    0.1568708965E-07    0.7892787955E+07    0.5957706459E-08
    0.7520000000E+00    0.3692487048E-21    0.2549665916E-22    0.8901027021E-07    0.1407112848E+30    0.1032665938E-06    0.5195745967E+08    0.4202392137E-07
    0.7520000000E+00    0.3956571157E-21    0.2732016250E-22    0.9108358575E-07    0.8024644325E+30    0.6310397491E-06    0.3175007628E+09    0.2751651562E-06
    0.7520000000E+00    0.4239542377E-21    0.2927408154E-22    0.9320519501E-07    0.4265318723E+31    0.3594035918E-05    0.1808299948E+10    0.1679264611E-05
    0.7520000000E+00    0.4542751502E-21    0.3136774352E-22    0.9537622289E-07    0.2117609282E+32    0.1911950991E-04    0.9619772747E+10    0.9572237788E-05
    0.7520000000E+00    0.4867645933E-21    0.3361114274E-22    0.9759782052E-07    0.9836919523E+32    0.9516780273E-04    0.4788264131E+11    0.5105364627E-04
    0.7520000000E+00    0.5215776589E-21    0.3601498832E-22    0.9987116580E-07    0.4282124655E+33    0.4439051971E-03    0.2233460553E+12    0.2551684364E-03
    0.7520000000E+00    0.5588805307E-21    0.3859075526E-22    0.1021974641E-06    0.1748861419E+34    0.1942613136E-02    0.9774045981E+12    0.1196528490E-02
    0.7520000000E+00    0.5988512779E-21    0.4135073927E-22    0.1045779488E-06    0.6704206794E+34    0.7979548628E-02    0.4014822806E+13    0.5266414629E-02
    0.7520000000E+00    0.6416807053E-21    0.4430811541E-22    0.1070138822E-06    0.2165971818E+35    0.2762381936E-01    0.1389862324E+14    0.1953531634E-01
    0.7520000000E+00    0.6875732635E-21    0.4747700104E-22    0.1095065557E-06    0.4482134799E+35    0.6125137433E-01    0.3081796051E+14    0.4641438073E-01
    0.7520000000E+00    0.7367480256E-21    0.5087252317E-22    0.1120572911E-06    0.6771743386E+35    0.9915883511E-01    0.4989068570E+14    0.8051339482E-01
    0.7520000000E+00    0.7894397325E-21    0.5451089068E-22    0.1146674407E-06    0.8112665013E+35    0.1272900530E+00    0.6404460098E+14    0.1107468010E+00
    0.7520000000E+00    0.8458999137E-21    0.5840947171E-22    0.1173383885E-06    0.8239450411E+35    0.1385253220E+00    0.6969750392E+14    0.1291415192E+00
    0.7520000000E+00    0.9063980879E-21    0.6258687655E-22    0.1200715507E-06    0.8057806673E+35    0.1451602700E+00    0.7303580561E+14    0.1450055050E+00
    0.7520000000E+00    0.9712230494E-21    0.6706304648E-22    0.1228683764E-06    0.7092509215E+35    0.1369086325E+00    0.6888408427E+14    0.1465438359E+00
    0.7520000000E+00    0.1040684247E-20    0.7185934897E-22    0.1257303485E-06    0.5148676567E+35    0.1064943421E+00    0.5358146597E+14    0.1221415024E+00
    0.7520000000E+00    0.1115113261E-20    0.7699867968E-22    0.1286589846E-06    0.3184993807E+35    0.7058940416E-01    0.3551628831E+14    0.8675134938E-01
    0.7520000000E+00    0.1194865387E-20    0.8250557175E-22    0.1316558373E-06    0.1718392007E+35    0.4080873831E-01    0.2053247131E+14    0.5373903836E-01
    0.7520000000E+00    0.1280321329E-20    0.8840631292E-22    0.1347224957E-06    0.8201027267E+34    0.2086888182E-01    0.1049995013E+14    0.2944665055E-01
    0.7520000000E+00    0.1371889021E-20    0.9472907100E-22    0.1378605858E-06    0.3474447317E+34    0.9473635144E-02    0.4766556130E+13    0.1432363935E-01
    0.7520000000E+00    0.1470005571E-20    0.1015040283E-21    0.1410717713E-06    0.1289283678E+34    0.3766859385E-02    0.1895254189E+13    0.6102617236E-02
    0.7520000000E+00    0.1575139348E-20    0.1087635259E-21    0.1443577550E-06    0.4032172507E+33    0.1262321642E-02    0.6351233574E+12    0.2191324784E-02
    0.7520000000E+00    0.1687792220E-20    0.1165422177E-21    0.1477202791E-06    0.9318885828E+32    0.3126042764E-03    0.1572834300E+12    0.5814757902E-03
    0.7520000000E+00    0.1808501947E-20    0.1248772362E-21    0.1511611264E-06    0.4678690333E+31    0.1681725949E-04    0.8461420576E+10    0.3351906906E-04
    0.7520000000E+00    0.1937844750E-20    0.1338083694E-21    0.1546821213E-06    0.6876032732E+30    0.2648310237E-05    0.1332468393E+10    0.5655950267E-05
    0.7520000000E+00    0.2076438060E-20    0.1433782510E-21    0.1582851308E-06    0.1350930290E+30    0.5575243797E-06    0.2805123070E+09    0.1275852844E-05
    0.7520000000E+00    0.2224943467E-20    0.1536325639E-21    0.1619720651E-06    0.3258881362E+29    0.1441117774E-06    0.7250826798E+08    0.3533753057E-06
    0.7520000000E+00    0.2384069878E-20    0.1646202581E-21    0.1657448792E-06    0.6530221751E+28    0.3094274605E-07    0.1556850498E+08    0.8130094166E-07
    0.7520000000E+00    0.2554576900E-20    0.1763937846E-21    0.1696055734E-06    0.1196148416E+28    0.6073177764E-08    0.3055653111E+07    0.1709829147E-07
    0.7520000000E+00    0.2737278465E-20    0.1890093455E-21    0.1735561947E-06    0.2623530964E+27    0.1427306088E-08    0.7181334810E+06    0.4305799877E-08
    0.7520000000E+00    0.2933046719E-20    0.2025271626E-21    0.1775988378E-06    0.6446939108E+26    0.3758239841E-09    0.1890917360E+06    0.1214845963E-08
    0.7520000000E+00    0.3142816182E-20    0.2170117645E-21    0.1817356462E-06    0.1381321858E+26    0.8628311347E-10    0.4341240688E+05    0.2988563794E-09
    0.7520000000E+00    0.3367588212E-20    0.2325322952E-21    0.1859688132E-06    0.3101196516E+25    0.2075679095E-10    0.1044355283E+05    0.7703656933E-10
    0.7520000000E+00    0.3608435782E-20    0.2491628434E-21    0.1903005833E-06    0.3075350958E+24    0.2205594186E-11    0.1109720644E+04    0.8771266996E-11
    0.7520000000E+00    0.3866508602E-20    0.2669827968E-21    0.1947332533E-06    0.1299739130E+24    0.9988197424E-12    0.5025452526E+03    0.4256217770E-11
