    0.7060000000E+00    0.4143038610E-23    0.2860772210E-24    0.1992691735E-07    0.8884508633E-10    0.7315842339E-48    0.3680886230E-33    0.4155578749E-50
    0.7060000000E+00    0.4439345853E-23    0.3065372650E-24    0.2039107488E-07    0.7315282059E-10    0.6454491007E-48    0.3247506708E-33    0.3928521905E-50
    0.7060000000E+00    0.4756844785E-23    0.3284605973E-24    0.2086604403E-07   -0.1539714758E-09   -0.1455697702E-47   -0.7324184118E-33   -0.9493762773E-50
    0.7060000000E+00    0.5097051019E-23    0.3519518710E-24    0.2135207663E-07   -0.4346472692E-09   -0.4403194597E-47   -0.2215419306E-32   -0.3077053579E-49
    0.7060000000E+00    0.5461588566E-23    0.3771232243E-24    0.2184943039E-07   -0.3308440998E-09   -0.3591321767E-47   -0.1806934353E-32   -0.2689190057E-49
    0.7060000000E+00    0.5852197586E-23    0.4040948153E-24    0.2235836900E-07    0.9536221058E-09    0.1109193290E-46    0.5580784986E-32    0.8899680442E-49
    0.7060000000E+00    0.6270742692E-23    0.4329953957E-24    0.2287916232E-07    0.2092322567E-08    0.2607711626E-46    0.1312041645E-31    0.2241954231E-48
    0.7060000000E+00    0.6719221852E-23    0.4639629256E-24    0.2341208647E-07    0.4109380690E-09    0.5487914035E-47    0.2761184053E-32    0.5055620647E-49
    0.7060000000E+00    0.7199775931E-23    0.4971452317E-24    0.2395742402E-07   -0.7162036607E-08   -0.1024866884E-45   -0.5156505878E-31   -0.1011660141E-47
    0.7060000000E+00    0.7714698903E-23    0.5327007132E-24    0.2451546411E-07   -0.5964703143E-08   -0.9145759105E-46   -0.4601588880E-31   -0.9673573531E-48
    0.7060000000E+00    0.8266448809E-23    0.5707990981E-24    0.2508650263E-07    0.1710623138E-07    0.2810510848E-45    0.1414077860E-30    0.3185315427E-47
    0.7060000000E+00    0.8857659485E-23    0.6116222531E-24    0.2567084234E-07    0.1990525986E-07    0.3504279802E-45    0.1763140138E-30    0.4255650507E-47
    0.7060000000E+00    0.9491153137E-23    0.6553650517E-24    0.2626879307E-07   -0.3627384198E-07   -0.6842652429E-45   -0.3442805891E-30   -0.8904133438E-47
    0.7060000000E+00    0.1016995382E-22    0.7022363048E-24    0.2688067187E-07   -0.4729510684E-07   -0.9559763202E-45   -0.4809890523E-30   -0.1332951396E-46
    0.7060000000E+00    0.1089730185E-22    0.7524597575E-24    0.2750680315E-07    0.7873712558E-07    0.1705338041E-44    0.8580222239E-30    0.2547872311E-46
    0.7060000000E+00    0.1167666930E-22    0.8062751566E-24    0.2814751890E-07    0.8336697199E-07    0.1934750428E-44    0.9734485627E-30    0.3097363174E-46
    0.7060000000E+00    0.1251177658E-22    0.8639393956E-24    0.2880315884E-07   -0.1636988858E-06   -0.4070770768E-44   -0.2048163885E-29   -0.6983028689E-46
    0.7060000000E+00    0.1340661015E-22    0.9257277409E-24    0.2947407060E-07   -0.9271579622E-07   -0.2470498851E-44   -0.1243004535E-29   -0.4541003486E-46
    0.7060000000E+00    0.1436544159E-22    0.9919351458E-24    0.3016060990E-07    0.3194729283E-06    0.9121473200E-44    0.4589369692E-29    0.1796520452E-45
    0.7060000000E+00    0.1539284799E-22    0.1062877658E-23    0.3086314075E-07   -0.1476196682E-06   -0.4516220613E-44   -0.2272287113E-29   -0.9531084671E-46
    0.7060000000E+00    0.1649373379E-22    0.1138893930E-23    0.3158203565E-07   -0.4132000654E-06   -0.1354538350E-43   -0.6815211880E-29   -0.3063081022E-45
    0.7060000000E+00    0.1767335417E-22    0.1220346833E-23    0.3231767576E-07    0.1300974531E-05    0.4569826569E-43    0.2299258365E-28    0.1107304073E-44
    0.7060000000E+00    0.1893734018E-22    0.1307625190E-23    0.3307045113E-07   -0.3255180396E-06   -0.1225197171E-43   -0.6164445851E-29   -0.3181069549E-45
    0.7060000000E+00    0.2029172559E-22    0.1401145635E-23    0.3384076090E-07   -0.5736286794E-05   -0.2313458857E-42   -0.1163991575E-27   -0.6436191528E-44
    0.7060000000E+00    0.2174297571E-22    0.1501354598E-23    0.3462901348E-07    0.8845977328E-05    0.3822757472E-42    0.1923378702E-27    0.1139577655E-43
    0.7060000000E+00    0.2329801823E-22    0.1608730435E-23    0.3543562682E-07   -0.2218539921E-05   -0.1027302090E-42   -0.5168758351E-28   -0.3281446673E-44
    0.7060000000E+00    0.2496427630E-22    0.1723785718E-23    0.3626102861E-07   -0.4254726809E-03   -0.2111069852E-40   -0.1062161756E-25   -0.7225531235E-42
    0.7060000000E+00    0.2674970400E-22    0.1847069675E-23    0.3710565646E-07   -0.4832065652E-03   -0.2568997906E-40   -0.1292563259E-25   -0.9421735962E-42
    0.7060000000E+00    0.2866282424E-22    0.1979170815E-23    0.3796995823E-07    0.3505323858E-02    0.1996912671E-39    0.1004724817E-24    0.7847408340E-41
    0.7060000000E+00    0.3071276952E-22    0.2120719737E-23    0.3885439218E-07    0.4934275862E-01    0.3011995717E-38    0.1515452773E-23    0.1268298647E-39
    0.7060000000E+00    0.3290932546E-22    0.2272392139E-23    0.3975942724E-07    0.1457308841E+00    0.9531966855E-38    0.4795905094E-23    0.4300804511E-39
    0.7060000000E+00    0.3526297755E-22    0.2434912046E-23    0.4068554327E-07    0.1226322683E+00    0.8594798224E-38    0.4324378926E-23    0.4155304597E-39
    0.7060000000E+00    0.3778496121E-22    0.2609055264E-23    0.4163323131E-07   -0.1142716810E+01   -0.8581625140E-37   -0.4317751032E-22   -0.4445664850E-38
    0.7060000000E+00    0.4048731538E-22    0.2795653084E-23    0.4260299385E-07   -0.9694550561E+02   -0.7801149557E-35   -0.3925063260E-20   -0.4330377754E-36
    0.7060000000E+00    0.4338294005E-22    0.2995596250E-23    0.4359534505E-07   -0.8004712500E+04   -0.6902027132E-33   -0.3472679625E-18   -0.4105289999E-34
    0.7060000000E+00    0.4648565778E-22    0.3209839213E-23    0.4461081109E-07   -0.2521174078E+05   -0.2329344679E-32   -0.1171984354E-17   -0.1484570875E-33
    0.7060000000E+00    0.4981027973E-22    0.3439404683E-23    0.4564993037E-07    0.2217181348E+06    0.2194987950E-31    0.1104384232E-16    0.1498992015E-32
    0.7060000000E+00    0.5337267633E-22    0.3685388516E-23    0.4671325384E-07    0.1565986124E+08    0.1661188184E-29    0.8358087053E-15    0.1215586904E-30
    0.7060000000E+00    0.5718985306E-22    0.3948964943E-23    0.4780134531E-07    0.4800558364E+08    0.5456607028E-29    0.2745432274E-14    0.4278483457E-30
    0.7060000000E+00    0.6128003161E-22    0.4231392172E-23    0.4891478167E-07   -0.2629834552E+09   -0.3203017791E-28   -0.1611563445E-13   -0.2691079513E-29
    0.7060000000E+00    0.6566273690E-22    0.4534018400E-23    0.5005415331E-07   -0.1435325122E+11   -0.1873187324E-26   -0.9424737586E-12   -0.1686352611E-27
    0.7060000000E+00    0.7035889022E-22    0.4858288246E-23    0.5122006431E-07   -0.5225478189E+12   -0.7307300432E-25   -0.3676588463E-10   -0.7048945331E-26
    0.7060000000E+00    0.7539090917E-22    0.5205749646E-23    0.5241313287E-07   -0.1695402130E+14   -0.2540409033E-23   -0.1278179080E-08   -0.2625855524E-24
    0.7060000000E+00    0.8078281461E-22    0.5578061244E-23    0.5363399157E-07   -0.1755389912E+15   -0.2818412278E-22   -0.1418053378E-07   -0.3121560102E-23
    0.7060000000E+00    0.8656034539E-22    0.5977000309E-23    0.5488328773E-07   -0.9550571003E+14   -0.1643085873E-22   -0.8267007247E-08   -0.1949967804E-23
    0.7060000000E+00    0.9275108115E-22    0.6404471218E-23    0.5616168372E-07    0.4463441419E+16    0.8228122770E-21    0.4139890173E-06    0.1046328229E-21
    0.7060000000E+00    0.9938457404E-22    0.6862514550E-23    0.5746985739E-07    0.1069111629E+18    0.2111805795E-19    0.1062532038E-04    0.2877538589E-20
    0.7060000000E+00    0.1064924897E-21    0.7353316823E-23    0.5880850233E-07    0.2088586854E+19    0.4420622849E-18    0.2224188141E-03    0.6454322224E-19
    0.7060000000E+00    0.1141087586E-21    0.7879220933E-23    0.6017832832E-07    0.2468515162E+20    0.5598436066E-17    0.2816792007E-02    0.8758584051E-18
    0.7060000000E+00    0.1222697377E-21    0.8442737340E-23    0.6158006166E-07    0.3054095701E+20    0.7421873803E-17    0.3734234804E-02    0.1244172921E-17
    0.7060000000E+00    0.1310143844E-21    0.9046556049E-23    0.6301444556E-07   -0.1229941356E+21   -0.3202693132E-16   -0.1611400096E-01   -0.5752842809E-17
    0.7060000000E+00    0.1403844422E-21    0.9693559452E-23    0.6448224056E-07   -0.2546486381E+22   -0.7105134143E-15   -0.3574870701E+00   -0.1367538182E-15
    0.7060000000E+00    0.1504246400E-21    0.1038683609E-22    0.6598422489E-07   -0.3228283354E+23   -0.9651672360E-14   -0.4856133612E+01   -0.1990534686E-14
    0.7060000000E+00    0.1611829057E-21    0.1112969539E-22    0.6752119493E-07   -0.3586678560E+24   -0.1149008868E-12   -0.5781112721E+02   -0.2539162875E-13
    0.7060000000E+00    0.1727105951E-21    0.1192568347E-22    0.6909396560E-07   -0.3634379164E+25   -0.1247559185E-11   -0.6276957884E+03   -0.2954121388E-12
    0.7060000000E+00    0.1850627369E-21    0.1277860007E-22    0.7070337081E-07   -0.2765218559E+26   -0.1017092348E-10   -0.5117389146E+04   -0.2580640840E-11
    0.7060000000E+00    0.1982982953E-21    0.1369251667E-22    0.7235026388E-07   -0.4605341877E+26   -0.1815067579E-10   -0.9132314434E+04   -0.4934691174E-11
    0.7060000000E+00    0.2124804516E-21    0.1467179595E-22    0.7403551802E-07   -0.1147703590E+26   -0.4846862106E-11   -0.2438645771E+04   -0.1411977718E-11
    0.7060000000E+00    0.2276769058E-21    0.1572111260E-22    0.7576002677E-07    0.3820846772E+27    0.1728982292E-09    0.8699185708E+05    0.5397065944E-10
    0.7060000000E+00    0.2439602000E-21    0.1684547565E-22    0.7752470448E-07    0.3329695145E+28    0.1614490139E-08    0.8123130935E+06    0.5400109620E-09
    0.7060000000E+00    0.2614080640E-21    0.1805025236E-22    0.7933048683E-07    0.2233615511E+29    0.1160484491E-07    0.5838851063E+07    0.4159168543E-08
    0.7060000000E+00    0.2801037871E-21    0.1934119387E-22    0.8117833125E-07    0.1341028933E+30    0.7465674859E-07    0.3756272827E+08    0.2867056496E-07
    0.7060000000E+00    0.3001366153E-21    0.2072446262E-22    0.8306921749E-07    0.7427554597E+30    0.4430745211E-06    0.2229281097E+09    0.1823240485E-06
    0.7060000000E+00    0.3216021775E-21    0.2220666179E-22    0.8500414813E-07    0.3827560959E+31    0.2446544052E-05    0.1230951939E+10    0.1078748535E-05
    0.7060000000E+00    0.3446029418E-21    0.2379486681E-22    0.8698414910E-07    0.1840923020E+32    0.1260859086E-04    0.6343874884E+10    0.5957084101E-05
    0.7060000000E+00    0.3692487048E-21    0.2549665916E-22    0.8901027021E-07    0.8278877055E+32    0.6075784436E-04    0.3056964630E+11    0.3075881048E-04
    0.7060000000E+00    0.3956571157E-21    0.2732016250E-22    0.9108358575E-07    0.3487143136E+33    0.2742209923E-03    0.1379712995E+12    0.1487537343E-03
    0.7060000000E+00    0.4239542377E-21    0.2927408154E-22    0.9320519501E-07    0.1378431463E+34    0.1161491675E-02    0.5843918603E+12    0.6751235858E-03
    0.7060000000E+00    0.4542751502E-21    0.3136774352E-22    0.9537622289E-07    0.5124262899E+34    0.4626603978E-02    0.2327825298E+13    0.2881572202E-02
    0.7060000000E+00    0.4867645933E-21    0.3361114274E-22    0.9759782052E-07    0.1711085832E+35    0.1655399116E-01    0.8328959990E+13    0.1104764978E-01
    0.7060000000E+00    0.5215776589E-21    0.3601498832E-22    0.9987116580E-07    0.3904143918E+35    0.4047219347E-01    0.2036314244E+14    0.2894169228E-01
    0.7060000000E+00    0.5588805307E-21    0.3859075526E-22    0.1021974641E-06    0.6523978035E+35    0.7246752251E-01    0.3646124306E+14    0.5552781611E-01
    0.7060000000E+00    0.5988512779E-21    0.4135073927E-22    0.1045779488E-06    0.8731446727E+35    0.1039243059E+00    0.5228838030E+14    0.8532657463E-01
    0.7060000000E+00    0.6416807053E-21    0.4430811541E-22    0.1070138822E-06    0.9682774166E+35    0.1234896975E+00    0.6213249356E+14    0.1086420385E+00
    0.7060000000E+00    0.6875732635E-21    0.4747700104E-22    0.1095065557E-06    0.9676369735E+35    0.1322340740E+00    0.6653213117E+14    0.1246552452E+00
    0.7060000000E+00    0.7367480256E-21    0.5087252317E-22    0.1120572911E-06    0.9340017473E+35    0.1367661472E+00    0.6881239433E+14    0.1381483785E+00
    0.7060000000E+00    0.7894397325E-21    0.5451089068E-22    0.1146674407E-06    0.7955899781E+35    0.1248303613E+00    0.6280703395E+14    0.1351099729E+00
    0.7060000000E+00    0.8458999137E-21    0.5840947171E-22    0.1173383885E-06    0.5728484984E+35    0.9630984921E-01    0.4845724954E+14    0.1116960672E+00
    0.7060000000E+00    0.9063980879E-21    0.6258687655E-22    0.1200715507E-06    0.3623068695E+35    0.6526908019E-01    0.3283942537E+14    0.8111005044E-01
    0.7060000000E+00    0.9712230494E-21    0.6706304648E-22    0.1228683764E-06    0.2061063832E+35    0.3978527517E-01    0.2001752700E+14    0.5297726641E-01
    0.7060000000E+00    0.1040684247E-20    0.7185934897E-22    0.1257303485E-06    0.1069204868E+35    0.2211524991E-01    0.1112704663E+14    0.3155433489E-01
    0.7060000000E+00    0.1115113261E-20    0.7699867968E-22    0.1286589846E-06    0.5072582123E+34    0.1124242530E-01    0.5656503595E+13    0.1718807301E-01
    0.7060000000E+00    0.1194865387E-20    0.8250557175E-22    0.1316558373E-06    0.2183179271E+34    0.5184660497E-02    0.2608605345E+13    0.8493515861E-02
    0.7060000000E+00    0.1280321329E-20    0.8840631292E-22    0.1347224957E-06    0.8388301754E+33    0.2134543299E-02    0.1073972165E+13    0.3746900393E-02
    0.7060000000E+00    0.1371889021E-20    0.9472907100E-22    0.1378605858E-06    0.2820067198E+33    0.7689363308E-03    0.3868819229E+12    0.1446297249E-02
    0.7060000000E+00    0.1470005571E-20    0.1015040283E-21    0.1410717713E-06    0.8116831745E+32    0.2371469085E-03    0.1193178788E+12    0.4779523997E-03
    0.7060000000E+00    0.1575139348E-20    0.1087635259E-21    0.1443577550E-06    0.1954529546E+32    0.6118897297E-04    0.3078656395E+11    0.1321418379E-03
    0.7060000000E+00    0.1687792220E-20    0.1165422177E-21    0.1477202791E-06    0.3592478202E+31    0.1205105492E-04    0.6063356761E+10    0.2788638665E-04
    0.7060000000E+00    0.1808501947E-20    0.1248772362E-21    0.1511611264E-06    0.5683800595E+30    0.2043006541E-05    0.1027916444E+10    0.5065670485E-05
    0.7060000000E+00    0.1937844750E-20    0.1338083694E-21    0.1546821213E-06    0.1182392121E+30    0.4553993968E-06    0.2291292364E+09    0.1209928287E-05
    0.7060000000E+00    0.2076438060E-20    0.1433782510E-21    0.1582851308E-06    0.2589685791E+29    0.1068754602E-06    0.5377322139E+08    0.3042602213E-06
    0.7060000000E+00    0.2224943467E-20    0.1536325639E-21    0.1619720651E-06    0.6020418751E+28    0.2662303871E-07    0.1339509137E+08    0.8121285958E-07
    0.7060000000E+00    0.2384069878E-20    0.1646202581E-21    0.1657448792E-06    0.1220612361E+28    0.5783739012E-08    0.2910025162E+07    0.1890496451E-07
    0.7060000000E+00    0.2554576900E-20    0.1763937846E-21    0.1696055734E-06    0.2550761834E+27    0.1295092637E-08    0.6516117259E+06    0.4535947437E-08
    0.7060000000E+00    0.2737278465E-20    0.1890093455E-21    0.1735561947E-06    0.6023782964E+26    0.3277179578E-09    0.1648877138E+06    0.1229893253E-08
    0.7060000000E+00    0.2933046719E-20    0.2025271626E-21    0.1775988378E-06    0.1464455855E+26    0.8537037881E-10    0.4295317439E+05    0.3433004618E-09
    0.7060000000E+00    0.3142816182E-20    0.2170117645E-21    0.1817356462E-06    0.2794955544E+25    0.1745845583E-10    0.8784031513E+04    0.7522687263E-10
    0.7060000000E+00    0.3367588212E-20    0.2325322952E-21    0.1859688132E-06    0.6414484968E+24    0.4293314623E-11    0.2160134397E+04    0.1982256701E-10
    0.7060000000E+00    0.3608435782E-20    0.2491628434E-21    0.1903005833E-06    0.1047189668E+24    0.7510282484E-12    0.3778716667E+03    0.3715552922E-11
    0.7060000000E+00    0.3866508602E-20    0.2669827968E-21    0.1947332533E-06    0.4380972639E+23    0.3366677098E-12    0.1693906839E+03    0.1784714055E-11
