    0.7780000000E+00    0.4143038610E-23    0.2860772210E-24    0.1992691735E-07    0.0000000000E+00    0.0000000000E+00    0.0000000000E+00    0.0000000000E+00
    0.7780000000E+00    0.4439345853E-23    0.3065372650E-24    0.2039107488E-07    0.0000000000E+00    0.0000000000E+00    0.0000000000E+00    0.0000000000E+00
    0.7780000000E+00    0.4756844785E-23    0.3284605973E-24    0.2086604403E-07    0.0000000000E+00    0.0000000000E+00    0.0000000000E+00    0.0000000000E+00
    0.7780000000E+00    0.5097051019E-23    0.3519518710E-24    0.2135207663E-07    0.0000000000E+00    0.0000000000E+00    0.0000000000E+00    0.0000000000E+00
    0.7780000000E+00    0.5461588566E-23    0.3771232243E-24    0.2184943039E-07    0.0000000000E+00    0.0000000000E+00    0.0000000000E+00    0.0000000000E+00
    0.7780000000E+00    0.5852197586E-23    0.4040948153E-24    0.2235836900E-07    0.0000000000E+00    0.0000000000E+00    0.0000000000E+00    0.0000000000E+00
    0.7780000000E+00    0.6270742692E-23    0.4329953957E-24    0.2287916232E-07    0.0000000000E+00    0.0000000000E+00    0.0000000000E+00    0.0000000000E+00
    0.7780000000E+00    0.6719221852E-23    0.4639629256E-24    0.2341208647E-07    0.0000000000E+00    0.0000000000E+00    0.0000000000E+00    0.0000000000E+00
    0.7780000000E+00    0.7199775931E-23    0.4971452317E-24    0.2395742402E-07    0.0000000000E+00    0.0000000000E+00    0.0000000000E+00    0.0000000000E+00
    0.7780000000E+00    0.7714698903E-23    0.5327007132E-24    0.2451546411E-07    0.0000000000E+00    0.0000000000E+00    0.0000000000E+00    0.0000000000E+00
    0.7780000000E+00    0.8266448809E-23    0.5707990981E-24    0.2508650263E-07    0.0000000000E+00    0.0000000000E+00    0.0000000000E+00    0.0000000000E+00
    0.7780000000E+00    0.8857659485E-23    0.6116222531E-24    0.2567084234E-07    0.1596119502E-15    0.2809935349E-53    0.1413788304E-38    0.2518278199E-55
    0.7780000000E+00    0.9491153137E-23    0.6553650517E-24    0.2626879307E-07    0.2883417676E-15    0.5439243237E-53    0.2736695872E-38    0.5223310681E-55
    0.7780000000E+00    0.1016995382E-22    0.7022363048E-24    0.2688067187E-07    0.0000000000E+00    0.0000000000E+00    0.0000000000E+00    0.0000000000E+00
    0.7780000000E+00    0.1089730185E-22    0.7524597575E-24    0.2750680315E-07   -0.7296577664E-15   -0.1580338547E-52   -0.7951300925E-38   -0.1742438712E-54
    0.7780000000E+00    0.1167666930E-22    0.8062751566E-24    0.2814751890E-07   -0.4913795249E-15   -0.1140375767E-52   -0.5737676215E-38   -0.1347272229E-54
    0.7780000000E+00    0.1251177658E-22    0.8639393956E-24    0.2880315884E-07    0.1178190606E-14    0.2929857376E-52    0.1474125763E-37    0.3708974586E-54
    0.7780000000E+00    0.1340661015E-22    0.9257277409E-24    0.2947407060E-07   -0.1760164582E-14   -0.4690122669E-52   -0.2359784035E-37   -0.6361969456E-54
    0.7780000000E+00    0.1436544159E-22    0.9919351458E-24    0.3016060990E-07   -0.2238643206E-14   -0.6391691502E-52   -0.3215909822E-37   -0.9290159778E-54
    0.7780000000E+00    0.1539284799E-22    0.1062877658E-23    0.3086314075E-07    0.2132719426E-14    0.6524761608E-52    0.3282862594E-37    0.1016183237E-53
    0.7780000000E+00    0.1649373379E-22    0.1138893930E-23    0.3158203565E-07   -0.1368025380E-14   -0.4484614106E-52   -0.2256384644E-37   -0.7483977213E-54
    0.7780000000E+00    0.1767335417E-22    0.1220346833E-23    0.3231767576E-07   -0.1438066493E-14   -0.5051378263E-52   -0.2541545844E-37   -0.9032693399E-54
    0.7780000000E+00    0.1893734018E-22    0.1307625190E-23    0.3307045113E-07    0.2847522163E-13    0.1071761215E-50    0.5392449586E-36    0.2053550630E-52
    0.7780000000E+00    0.2029172559E-22    0.1401145635E-23    0.3384076090E-07    0.2772594061E-13    0.1118194141E-50    0.5626071786E-36    0.2295749987E-52
    0.7780000000E+00    0.2174297571E-22    0.1501354598E-23    0.3462901348E-07   -0.1794513085E-12   -0.7754924130E-50   -0.3901805441E-35   -0.1706023194E-51
    0.7780000000E+00    0.2329801823E-22    0.1608730435E-23    0.3543562682E-07   -0.9246712284E-12   -0.4281720049E-49   -0.2154300713E-34   -0.1009312487E-50
    0.7780000000E+00    0.2496427630E-22    0.1723785718E-23    0.3626102861E-07   -0.9012810932E-12   -0.4471890745E-49   -0.2249983024E-34   -0.1129532061E-50
    0.7780000000E+00    0.2674970400E-22    0.1847069675E-23    0.3710565646E-07    0.1584182164E-11    0.8422403493E-49    0.4237640398E-34    0.2279520075E-50
    0.7780000000E+00    0.2866282424E-22    0.1979170815E-23    0.3796995823E-07    0.2950131316E-10    0.1680630619E-47    0.8455909541E-33    0.4873934063E-49
    0.7780000000E+00    0.3071276952E-22    0.2120719737E-23    0.3885439218E-07    0.3546080043E-09    0.2164608992E-46    0.1089099391E-31    0.6726464217E-48
    0.7780000000E+00    0.3290932546E-22    0.2272392139E-23    0.3975942724E-07    0.6728933972E-09    0.4401261681E-46    0.2214446781E-31    0.1465495768E-47
    0.7780000000E+00    0.3526297755E-22    0.2434912046E-23    0.4068554327E-07   -0.1695793683E-08   -0.1188513002E-45   -0.5979873457E-31   -0.4240443831E-47
    0.7780000000E+00    0.3778496121E-22    0.2609055264E-23    0.4163323131E-07   -0.1920208107E-06   -0.1442046361E-43   -0.7255498885E-29   -0.5512982335E-45
    0.7780000000E+00    0.4048731538E-22    0.2795653084E-23    0.4260299385E-07   -0.5029321943E-06   -0.4047066690E-43   -0.2036237437E-28   -0.1657859564E-44
    0.7780000000E+00    0.4338294005E-22    0.2995596250E-23    0.4359534505E-07    0.1327556229E-04    0.1144679351E-41    0.5759329228E-27    0.5024481211E-43
    0.7780000000E+00    0.4648565778E-22    0.3209839213E-23    0.4461081109E-07    0.9189762509E-04    0.8490538038E-41    0.4271921551E-26    0.3993397943E-42
    0.7780000000E+00    0.4981027973E-22    0.3439404683E-23    0.4564993037E-07   -0.8730876144E-03   -0.8643482385E-40   -0.4348873830E-25   -0.4356082830E-41
    0.7780000000E+00    0.5337267633E-22    0.3685388516E-23    0.4671325384E-07   -0.1192724111E+00   -0.1265234199E-37   -0.6365887790E-23   -0.6832478917E-39
    0.7780000000E+00    0.5718985306E-22    0.3948964943E-23    0.4780134531E-07   -0.6758234397E+01   -0.7681820844E-36   -0.3865024321E-21   -0.4444997819E-37
    0.7780000000E+00    0.6128003161E-22    0.4231392172E-23    0.4891478167E-07   -0.6625930626E+01   -0.8070079413E-36   -0.4060372382E-21   -0.5003629983E-37
    0.7780000000E+00    0.6566273690E-22    0.4534018400E-23    0.5005415331E-07    0.4519783490E+03    0.5898594687E-34    0.2967813541E-19    0.3918825571E-35
    0.7780000000E+00    0.7035889022E-22    0.4858288246E-23    0.5122006431E-07    0.2714797257E+05    0.3796368188E-32    0.1910101222E-17    0.2702562234E-33
    0.7780000000E+00    0.7539090917E-22    0.5205749646E-23    0.5241313287E-07    0.4683812408E+05    0.7018275570E-32    0.3531168758E-17    0.5353499846E-33
    0.7780000000E+00    0.8078281461E-22    0.5578061244E-23    0.5363399157E-07   -0.7536897489E+06   -0.1210106329E-30   -0.6088517926E-16   -0.9890788385E-32
    0.7780000000E+00    0.8656034539E-22    0.5977000309E-23    0.5488328773E-07   -0.4110856132E+08   -0.7072341154E-29   -0.3558371266E-14   -0.6193991140E-30
    0.7780000000E+00    0.9275108115E-22    0.6404471218E-23    0.5616168372E-07   -0.1744821413E+10   -0.3216487784E-27   -0.1618340725E-12   -0.3018486822E-28
    0.7780000000E+00    0.9938457404E-22    0.6862514550E-23    0.5746985739E-07   -0.6646719329E+11   -0.1312920000E-25   -0.6605813692E-11   -0.1320217977E-26
    0.7780000000E+00    0.1064924897E-21    0.7353316823E-23    0.5880850233E-07   -0.9779041409E+12   -0.2069794407E-24   -0.1041394467E-09   -0.2230152631E-25
    0.7780000000E+00    0.1141087586E-21    0.7879220933E-23    0.6017832832E-07   -0.7255489147E+12   -0.1645498993E-24   -0.8279148596E-10   -0.1899787381E-25
    0.7780000000E+00    0.1222697377E-21    0.8442737340E-23    0.6158006166E-07    0.2490385853E+14    0.6051981119E-23    0.3044988251E-08    0.7486950165E-24
    0.7780000000E+00    0.1310143844E-21    0.9046556049E-23    0.6301444556E-07    0.6998553782E+15    0.1822381208E-21    0.9169112157E-07    0.2415720063E-22
    0.7780000000E+00    0.1403844422E-21    0.9693559452E-23    0.6448224056E-07    0.1593895778E+17    0.4447242834E-20    0.2237581696E-05    0.6316815931E-21
    0.7780000000E+00    0.1504246400E-21    0.1038683609E-22    0.6598422489E-07    0.3224441278E+18    0.9640185616E-19    0.4850354183E-04    0.1467211675E-19
    0.7780000000E+00    0.1611829057E-21    0.1112969539E-22    0.6752119493E-07    0.8888316255E+18    0.2847412733E-18    0.1432644641E-03    0.4643632057E-19
    0.7780000000E+00    0.1727105951E-21    0.1192568347E-22    0.6909396560E-07   -0.6131590786E+18   -0.2104767295E-18   -0.1058990694E-03   -0.3677997797E-19
    0.7780000000E+00    0.1850627369E-21    0.1277860007E-22    0.7070337081E-07   -0.3226716659E+20   -0.1186838853E-16   -0.5971450162E-02   -0.2222281819E-17
    0.7780000000E+00    0.1982982953E-21    0.1369251667E-22    0.7235026388E-07   -0.4936145646E+21   -0.1945444696E-15   -0.9788292667E-01   -0.3903249092E-16
    0.7780000000E+00    0.2124804516E-21    0.1467179595E-22    0.7403551802E-07   -0.6430594958E+22   -0.2715701796E-14   -0.1366375721E+01   -0.5838341003E-15
    0.7780000000E+00    0.2276769058E-21    0.1572111260E-22    0.7576002677E-07   -0.7629383331E+23   -0.3452394055E-13   -0.1737034390E+02   -0.7952940586E-14
    0.7780000000E+00    0.2439602000E-21    0.1684547565E-22    0.7752470448E-07   -0.8335487522E+24   -0.4041680040E-12   -0.2033527203E+03   -0.9976295569E-13
    0.7780000000E+00    0.2614080640E-21    0.1805025236E-22    0.7933048683E-07   -0.5075633658E+25   -0.2637067173E-11   -0.1326811568E+04   -0.6974748795E-12
    0.7780000000E+00    0.2801037871E-21    0.1934119387E-22    0.8117833125E-07   -0.5762971939E+25   -0.3208318155E-11   -0.1614230265E+04   -0.9092531343E-12
    0.7780000000E+00    0.3001366153E-21    0.2072446262E-22    0.8306921749E-07    0.7051800106E+25    0.4206597089E-11    0.2116503416E+04    0.1277433482E-11
    0.7780000000E+00    0.3216021775E-21    0.2220666179E-22    0.8500414813E-07    0.1404833791E+27    0.8979576794E-10    0.4517976063E+05    0.2921885861E-10
    0.7780000000E+00    0.3446029418E-21    0.2379486681E-22    0.8698414910E-07    0.1181029701E+28    0.8088942409E-09    0.4069863093E+06    0.2820324768E-09
    0.7780000000E+00    0.3692487048E-21    0.2549665916E-22    0.8901027021E-07    0.8392993307E+28    0.6159533203E-08    0.3099101908E+07    0.2301204309E-08
    0.7780000000E+00    0.3956571157E-21    0.2732016250E-22    0.9108358575E-07    0.5435183289E+29    0.4274104322E-07    0.2150468943E+08    0.1711009796E-07
    0.7780000000E+00    0.4239542377E-21    0.2927408154E-22    0.9320519501E-07    0.3260790955E+30    0.2747602365E-06    0.1382426144E+09    0.1178585950E-06
    0.7780000000E+00    0.4542751502E-21    0.3136774352E-22    0.9537622289E-07    0.1821593081E+31    0.1644683335E-05    0.8275044705E+09    0.7559440792E-06
    0.7780000000E+00    0.4867645933E-21    0.3361114274E-22    0.9759782052E-07    0.9498200144E+31    0.9189084403E-05    0.4623387530E+10    0.4525635980E-05
    0.7780000000E+00    0.5215776589E-21    0.3601498832E-22    0.9987116580E-07    0.4630492671E+32    0.4800186654E-04    0.2415161527E+11    0.2533176807E-04
    0.7780000000E+00    0.5588805307E-21    0.3859075526E-22    0.1021974641E-06    0.2113482831E+33    0.2347629986E-03    0.1181184406E+12    0.1327507630E-03
    0.7780000000E+00    0.5988512779E-21    0.4135073927E-22    0.1045779488E-06    0.9039715738E+33    0.1075934164E-02    0.5413445322E+12    0.6519181551E-03
    0.7780000000E+00    0.6416807053E-21    0.4430811541E-22    0.1070138822E-06    0.3624030452E+34    0.4621923598E-02    0.2325470416E+13    0.3000752248E-02
    0.7780000000E+00    0.6875732635E-21    0.4747700104E-22    0.1095065557E-06    0.1340986196E+35    0.1832547461E-01    0.9220262550E+13    0.1274860335E-01
    0.7780000000E+00    0.7367480256E-21    0.5087252317E-22    0.1120572911E-06    0.3366992379E+35    0.4930296720E-01    0.2480624987E+14    0.3675195407E-01
    0.7780000000E+00    0.7894397325E-21    0.5451089068E-22    0.1146674407E-06    0.5691593290E+35    0.8930273968E-01    0.4493169885E+14    0.7132998958E-01
    0.7780000000E+00    0.8458999137E-21    0.5840947171E-22    0.1173383885E-06    0.7365608937E+35    0.1238339086E+00    0.6230567964E+14    0.1059856235E+00
    0.7780000000E+00    0.9063980879E-21    0.6258687655E-22    0.1200715507E-06    0.7741817337E+35    0.1394677659E+00    0.7017168431E+14    0.1279031446E+00
    0.7780000000E+00    0.9712230494E-21    0.6706304648E-22    0.1228683764E-06    0.7641738349E+35    0.1475105517E+00    0.7421832422E+14    0.1449540872E+00
    0.7780000000E+00    0.1040684247E-20    0.7185934897E-22    0.1257303485E-06    0.7000675241E+35    0.1448007646E+00    0.7285492442E+14    0.1524678349E+00
    0.7780000000E+00    0.1115113261E-20    0.7699867968E-22    0.1286589846E-06    0.5285485900E+35    0.1171428653E+00    0.5893915420E+14    0.1321670573E+00
    0.7780000000E+00    0.1194865387E-20    0.8250557175E-22    0.1316558373E-06    0.3343244073E+35    0.7939607024E-01    0.3994726624E+14    0.9598566657E-01
    0.7780000000E+00    0.1280321329E-20    0.8840631292E-22    0.1347224957E-06    0.1812503363E+35    0.4612217136E-01    0.2320586715E+14    0.5974714024E-01
    0.7780000000E+00    0.1371889021E-20    0.9472907100E-22    0.1378605858E-06    0.8540774850E+34    0.2328778576E-01    0.1171699525E+14    0.3232477980E-01
    0.7780000000E+00    0.1470005571E-20    0.1015040283E-21    0.1410717713E-06    0.3509053988E+34    0.1025229216E-01    0.5158328911E+13    0.1524854311E-01
    0.7780000000E+00    0.1575139348E-20    0.1087635259E-21    0.1443577550E-06    0.1238334551E+34    0.3876759985E-02    0.1950549477E+13    0.6178403845E-02
    0.7780000000E+00    0.1687792220E-20    0.1165422177E-21    0.1477202791E-06    0.3576088086E+33    0.1199607388E-02    0.6035693650E+12    0.2048549722E-02
    0.7780000000E+00    0.1808501947E-20    0.1248772362E-21    0.1511611264E-06    0.4992224888E+32    0.1794423983E-03    0.9028448430E+11    0.3283465390E-03
    0.7780000000E+00    0.1937844750E-20    0.1338083694E-21    0.1546821213E-06    0.1450717840E+31    0.5587452905E-05    0.2811265949E+10    0.1095522379E-04
    0.7780000000E+00    0.2076438060E-20    0.1433782510E-21    0.1582851308E-06    0.2661149818E+30    0.1098247565E-05    0.5525712766E+09    0.2307318919E-05
    0.7780000000E+00    0.2224943467E-20    0.1536325639E-21    0.1619720651E-06    0.6474714088E+29    0.2863198906E-06    0.1440587281E+09    0.6445533906E-06
    0.7780000000E+00    0.2384069878E-20    0.1646202581E-21    0.1657448792E-06    0.1369382323E+29    0.6488669309E-07    0.3264703148E+08    0.1565175420E-06
    0.7780000000E+00    0.2554576900E-20    0.1763937846E-21    0.1696055734E-06    0.2294143671E+28    0.1164800467E-07    0.5860566427E+07    0.3010640600E-07
    0.7780000000E+00    0.2737278465E-20    0.1890093455E-21    0.1735561947E-06    0.4819177859E+27    0.2621826077E-08    0.1319143177E+07    0.7261247780E-08
    0.7780000000E+00    0.2933046719E-20    0.2025271626E-21    0.1775988378E-06    0.1183728817E+27    0.6900541057E-09    0.3471931922E+06    0.2047814068E-08
    0.7780000000E+00    0.3142816182E-20    0.2170117645E-21    0.1817356462E-06    0.2592171721E+26    0.1619178365E-09    0.8146719232E+05    0.5148753145E-09
    0.7780000000E+00    0.3367588212E-20    0.2325322952E-21    0.1859688132E-06    0.5950646614E+25    0.3982860394E-10    0.2003932739E+05    0.1357070662E-09
    0.7780000000E+00    0.3608435782E-20    0.2491628434E-21    0.1903005833E-06    0.6047614152E+24    0.4337255422E-11    0.2182242730E+04    0.1583515711E-10
    0.7780000000E+00    0.3866508602E-20    0.2669827968E-21    0.1947332533E-06    0.2233050382E+24    0.1716048056E-11    0.8634108510E+03    0.6713311878E-11
