    0.7830000000E+00    0.4143038610E-23    0.2860772210E-24    0.1992691735E-07    0.0000000000E+00    0.0000000000E+00    0.0000000000E+00    0.0000000000E+00
    0.7830000000E+00    0.4439345853E-23    0.3065372650E-24    0.2039107488E-07    0.0000000000E+00    0.0000000000E+00    0.0000000000E+00    0.0000000000E+00
    0.7830000000E+00    0.4756844785E-23    0.3284605973E-24    0.2086604403E-07    0.0000000000E+00    0.0000000000E+00    0.0000000000E+00    0.0000000000E+00
    0.7830000000E+00    0.5097051019E-23    0.3519518710E-24    0.2135207663E-07    0.0000000000E+00    0.0000000000E+00    0.0000000000E+00    0.0000000000E+00
    0.7830000000E+00    0.5461588566E-23    0.3771232243E-24    0.2184943039E-07    0.0000000000E+00    0.0000000000E+00    0.0000000000E+00    0.0000000000E+00
    0.7830000000E+00    0.5852197586E-23    0.4040948153E-24    0.2235836900E-07    0.0000000000E+00    0.0000000000E+00    0.0000000000E+00    0.0000000000E+00
    0.7830000000E+00    0.6270742692E-23    0.4329953957E-24    0.2287916232E-07    0.0000000000E+00    0.0000000000E+00    0.0000000000E+00    0.0000000000E+00
    0.7830000000E+00    0.6719221852E-23    0.4639629256E-24    0.2341208647E-07    0.0000000000E+00    0.0000000000E+00    0.0000000000E+00    0.0000000000E+00
    0.7830000000E+00    0.7199775931E-23    0.4971452317E-24    0.2395742402E-07    0.0000000000E+00    0.0000000000E+00    0.0000000000E+00    0.0000000000E+00
    0.7830000000E+00    0.7714698903E-23    0.5327007132E-24    0.2451546411E-07    0.0000000000E+00    0.0000000000E+00    0.0000000000E+00    0.0000000000E+00
    0.7830000000E+00    0.8266448809E-23    0.5707990981E-24    0.2508650263E-07    0.0000000000E+00    0.0000000000E+00    0.0000000000E+00    0.0000000000E+00
    0.7830000000E+00    0.8857659485E-23    0.6116222531E-24    0.2567084234E-07    0.0000000000E+00    0.0000000000E+00    0.0000000000E+00    0.0000000000E+00
    0.7830000000E+00    0.9491153137E-23    0.6553650517E-24    0.2626879307E-07    0.1326603228E-15    0.2502487827E-53    0.1259099439E-38    0.2368947655E-55
    0.7830000000E+00    0.1016995382E-22    0.7022363048E-24    0.2688067187E-07    0.1578643263E-15    0.3190912715E-53    0.1605472908E-38    0.3236669947E-55
    0.7830000000E+00    0.1089730185E-22    0.7524597575E-24    0.2750680315E-07    0.0000000000E+00    0.0000000000E+00    0.0000000000E+00    0.0000000000E+00
    0.7830000000E+00    0.1167666930E-22    0.8062751566E-24    0.2814751890E-07   -0.3877884711E-15   -0.8999654092E-53   -0.4528077737E-38   -0.1048115897E-54
    0.7830000000E+00    0.1251177658E-22    0.8639393956E-24    0.2880315884E-07    0.0000000000E+00    0.0000000000E+00    0.0000000000E+00    0.0000000000E+00
    0.7830000000E+00    0.1340661015E-22    0.9257277409E-24    0.2947407060E-07   -0.1180236349E-15   -0.3144849812E-53   -0.1582296861E-38   -0.4205168481E-55
    0.7830000000E+00    0.1436544159E-22    0.9919351458E-24    0.3016060990E-07   -0.8354613863E-15   -0.2385378531E-52   -0.1200177175E-37   -0.3417753975E-54
    0.7830000000E+00    0.1539284799E-22    0.1062877658E-23    0.3086314075E-07   -0.7211971252E-15   -0.2206403363E-52   -0.1110127772E-37   -0.3387414963E-54
    0.7830000000E+00    0.1649373379E-22    0.1138893930E-23    0.3158203565E-07   -0.1892172646E-15   -0.6202855781E-53   -0.3120899190E-38   -0.1020411101E-54
    0.7830000000E+00    0.1767335417E-22    0.1220346833E-23    0.3231767576E-07   -0.4962262198E-15   -0.1743053157E-52   -0.8769981730E-38   -0.3072515785E-54
    0.7830000000E+00    0.1893734018E-22    0.1307625190E-23    0.3307045113E-07    0.7535601540E-14    0.2836278351E-51    0.1427042498E-36    0.5357131919E-53
    0.7830000000E+00    0.2029172559E-22    0.1401145635E-23    0.3384076090E-07    0.2358491899E-13    0.9511857007E-51    0.4785787044E-36    0.1925080096E-52
    0.7830000000E+00    0.2174297571E-22    0.1501354598E-23    0.3462901348E-07   -0.1405717260E-13   -0.6074756875E-51   -0.3056447624E-36   -0.1317384023E-52
    0.7830000000E+00    0.2329801823E-22    0.1608730435E-23    0.3543562682E-07   -0.4116662425E-12   -0.1906233859E-49   -0.9591007621E-35   -0.4429550631E-51
    0.7830000000E+00    0.2496427630E-22    0.1723785718E-23    0.3626102861E-07   -0.8201032785E-12   -0.4069110391E-49   -0.2047328484E-34   -0.1013171495E-50
    0.7830000000E+00    0.2674970400E-22    0.1847069675E-23    0.3710565646E-07   -0.3217254970E-12   -0.1710473714E-49   -0.8606061815E-35   -0.4563519338E-51
    0.7830000000E+00    0.2866282424E-22    0.1979170815E-23    0.3796995823E-07    0.7123611355E-11    0.4058178460E-48    0.2041828203E-33    0.1160151303E-49
    0.7830000000E+00    0.3071276952E-22    0.2120719737E-23    0.3885439218E-07    0.1090120872E-09    0.6654349066E-47    0.3348063109E-32    0.2038398400E-48
    0.7830000000E+00    0.3290932546E-22    0.2272392139E-23    0.3975942724E-07    0.4998802236E-09    0.3269616974E-46    0.1645072097E-31    0.1073199274E-47
    0.7830000000E+00    0.3526297755E-22    0.2434912046E-23    0.4068554327E-07    0.7545678047E-12    0.5288459649E-49    0.2660830756E-34    0.1859998894E-50
    0.7830000000E+00    0.3778496121E-22    0.2609055264E-23    0.4163323131E-07   -0.5153490134E-07   -0.3870190770E-44   -0.1947244248E-29   -0.1458531670E-45
    0.7830000000E+00    0.4048731538E-22    0.2795653084E-23    0.4260299385E-07   -0.3496214905E-06   -0.2813384198E-43   -0.1415523555E-28   -0.1136089470E-44
    0.7830000000E+00    0.4338294005E-22    0.2995596250E-23    0.4359534505E-07    0.3335246430E-05    0.2875801142E-42    0.1446927959E-27    0.1244349400E-43
    0.7830000000E+00    0.4648565778E-22    0.3209839213E-23    0.4461081109E-07    0.5505673891E-04    0.5086761877E-41    0.2559348723E-26    0.2358440362E-42
    0.7830000000E+00    0.4981027973E-22    0.3439404683E-23    0.4564993037E-07   -0.2058720823E-03   -0.2038113573E-40   -0.1025454601E-25   -0.1012539261E-41
    0.7830000000E+00    0.5337267633E-22    0.3685388516E-23    0.4671325384E-07   -0.3612068307E-01   -0.3831659234E-38   -0.1927857526E-23   -0.2039719131E-39
    0.7830000000E+00    0.5718985306E-22    0.3948964943E-23    0.4780134531E-07   -0.3288033949E+01   -0.3737379653E-36   -0.1880421784E-21   -0.2131820861E-37
    0.7830000000E+00    0.6128003161E-22    0.4231392172E-23    0.4891478167E-07   -0.6209597270E+01   -0.7563004493E-36   -0.3805243170E-21   -0.4622509892E-37
    0.7830000000E+00    0.6566273690E-22    0.4534018400E-23    0.5005415331E-07    0.1428087552E+03    0.1863741851E-34    0.9377213719E-20    0.1220588428E-35
    0.7830000000E+00    0.7035889022E-22    0.4858288246E-23    0.5122006431E-07    0.1114867244E+05    0.1559028590E-32    0.7844082204E-18    0.1094051008E-33
    0.7830000000E+00    0.7539090917E-22    0.5205749646E-23    0.5241313287E-07    0.3894052070E+05    0.5834890071E-32    0.2935761259E-17    0.4387490299E-33
    0.7830000000E+00    0.8078281461E-22    0.5578061244E-23    0.5363399157E-07   -0.2382763385E+06   -0.3825708199E-31   -0.1924863328E-16   -0.3082444974E-32
    0.7830000000E+00    0.8656034539E-22    0.5977000309E-23    0.5488328773E-07   -0.1522679657E+08   -0.2619627070E-29   -0.1318036770E-14   -0.2261637312E-30
    0.7830000000E+00    0.9275108115E-22    0.6404471218E-23    0.5616168372E-07   -0.6670071666E+09   -0.1229593119E-27   -0.6186563583E-13   -0.1137483000E-28
    0.7830000000E+00    0.9938457404E-22    0.6862514550E-23    0.5746985739E-07   -0.2609764521E+11   -0.5155042460E-26   -0.2593703353E-11   -0.5109939256E-27
    0.7830000000E+00    0.1064924897E-21    0.7353316823E-23    0.5880850233E-07   -0.6247699088E+12   -0.1322364032E-24   -0.6653330309E-10   -0.1404541316E-25
    0.7830000000E+00    0.1141087586E-21    0.7879220933E-23    0.6017832832E-07   -0.7667592126E+12   -0.1738961338E-24   -0.8749394190E-10   -0.1979125878E-25
    0.7830000000E+00    0.1222697377E-21    0.8442737340E-23    0.6158006166E-07    0.9661429812E+13    0.2347860704E-23    0.1181300489E-08    0.2863227245E-24
    0.7830000000E+00    0.1310143844E-21    0.9046556049E-23    0.6301444556E-07    0.3029885562E+15    0.7889639317E-22    0.3969585917E-07    0.1030957210E-22
    0.7830000000E+00    0.1403844422E-21    0.9693559452E-23    0.6448224056E-07    0.7115191587E+16    0.1985260595E-20    0.9988622019E-06    0.2779719754E-21
    0.7830000000E+00    0.1504246400E-21    0.1038683609E-22    0.6598422489E-07    0.1500836995E+18    0.4487086589E-19    0.2257628647E-04    0.6732059430E-20
    0.7830000000E+00    0.1611829057E-21    0.1112969539E-22    0.6752119493E-07    0.7257359169E+18    0.2324928177E-18    0.1169762239E-03    0.3737601813E-19
    0.7830000000E+00    0.1727105951E-21    0.1192568347E-22    0.6909396560E-07    0.1552372532E+18    0.5328768746E-19    0.2681111838E-04    0.9179316919E-20
    0.7830000000E+00    0.1850627369E-21    0.1277860007E-22    0.7070337081E-07   -0.1509210786E+20   -0.5551122665E-17   -0.2792986786E-02   -0.1024623507E-17
    0.7830000000E+00    0.1982982953E-21    0.1369251667E-22    0.7235026388E-07   -0.2473014418E+21   -0.9746699402E-16   -0.4903945432E-01   -0.1927707172E-16
    0.7830000000E+00    0.2124804516E-21    0.1467179595E-22    0.7403551802E-07   -0.3315183131E+22   -0.1400033565E-14   -0.7044116087E+00   -0.2967030007E-15
    0.7830000000E+00    0.2276769058E-21    0.1572111260E-22    0.7576002677E-07   -0.4027095575E+23   -0.1822312528E-13   -0.9168766601E+01   -0.4138151169E-14
    0.7830000000E+00    0.2439602000E-21    0.1684547565E-22    0.7752470448E-07   -0.4500045134E+24   -0.2181965068E-12   -0.1097831911E+03   -0.5309226879E-13
    0.7830000000E+00    0.2614080640E-21    0.1805025236E-22    0.7933048683E-07   -0.3613492486E+25   -0.1877405474E-11   -0.9445960750E+03   -0.4894874606E-12
    0.7830000000E+00    0.2801037871E-21    0.1934119387E-22    0.8117833125E-07   -0.5578051485E+25   -0.3105370638E-11   -0.1562433346E+04   -0.8675548324E-12
    0.7830000000E+00    0.3001366153E-21    0.2072446262E-22    0.8306921749E-07    0.9792240867E+24    0.5841347075E-12    0.2939010030E+03    0.1748624272E-12
    0.7830000000E+00    0.3216021775E-21    0.2220666179E-22    0.8500414813E-07    0.7762876707E+26    0.4961964039E-10    0.2496558053E+05    0.1591611628E-10
    0.7830000000E+00    0.3446029418E-21    0.2379486681E-22    0.8698414910E-07    0.7011458513E+27    0.4802189486E-09    0.2416169230E+06    0.1650527571E-09
    0.7830000000E+00    0.3692487048E-21    0.2549665916E-22    0.8901027021E-07    0.5135774598E+28    0.3769093219E-08    0.1896378119E+07    0.1388098771E-08
    0.7830000000E+00    0.3956571157E-21    0.2732016250E-22    0.9108358575E-07    0.3402329605E+29    0.2675514494E-07    0.1346155918E+08    0.1055822223E-07
    0.7830000000E+00    0.4239542377E-21    0.2927408154E-22    0.9320519501E-07    0.2084050192E+30    0.1756058980E-06    0.8835419106E+08    0.7425446769E-07
    0.7830000000E+00    0.4542751502E-21    0.3136774352E-22    0.9537622289E-07    0.1187781177E+31    0.1072426069E-05    0.5395794727E+09    0.4859044243E-06
    0.7830000000E+00    0.4867645933E-21    0.3361114274E-22    0.9759782052E-07    0.6315822101E+31    0.6110275787E-05    0.3074318577E+10    0.2966499664E-05
    0.7830000000E+00    0.5215776589E-21    0.3601498832E-22    0.9987116580E-07    0.3138727499E+32    0.3253752661E-04    0.1637090141E+11    0.1692653358E-04
    0.7830000000E+00    0.5588805307E-21    0.3859075526E-22    0.1021974641E-06    0.1459857148E+33    0.1621590848E-03    0.8158857377E+11    0.9039091351E-04
    0.7830000000E+00    0.5988512779E-21    0.4135073927E-22    0.1045779488E-06    0.6360941935E+33    0.7570984466E-03    0.3809258207E+12    0.4522055060E-03
    0.7830000000E+00    0.6416807053E-21    0.4430811541E-22    0.1070138822E-06    0.2597323288E+34    0.3312507982E-02    0.1666652239E+13    0.2120022276E-02
    0.7830000000E+00    0.6875732635E-21    0.4747700104E-22    0.1095065557E-06    0.9932775871E+34    0.1357380356E-01    0.6829511121E+13    0.9308614618E-02
    0.7830000000E+00    0.7367480256E-21    0.5087252317E-22    0.1120572911E-06    0.2815731533E+35    0.4123083862E-01    0.2074484647E+14    0.3029742082E-01
    0.7830000000E+00    0.7894397325E-21    0.5451089068E-22    0.1146674407E-06    0.5138237489E+35    0.8062042761E-01    0.4056328829E+14    0.6347878245E-01
    0.7830000000E+00    0.8458999137E-21    0.5840947171E-22    0.1173383885E-06    0.7019264245E+35    0.1180110069E+00    0.5937595019E+14    0.9956484152E-01
    0.7830000000E+00    0.9063980879E-21    0.6258687655E-22    0.1200715507E-06    0.7660161615E+35    0.1379967494E+00    0.6943155841E+14    0.1247533876E+00
    0.7830000000E+00    0.9712230494E-21    0.6706304648E-22    0.1228683764E-06    0.7604756756E+35    0.1467966860E+00    0.7385915046E+14    0.1422000477E+00
    0.7830000000E+00    0.1040684247E-20    0.7185934897E-22    0.1257303485E-06    0.7145344633E+35    0.1477930815E+00    0.7436047600E+14    0.1534043219E+00
    0.7830000000E+00    0.1115113261E-20    0.7699867968E-22    0.1286589846E-06    0.5634463212E+35    0.1248772918E+00    0.6283064648E+14    0.1388887158E+00
    0.7830000000E+00    0.1194865387E-20    0.8250557175E-22    0.1316558373E-06    0.3678921300E+35    0.8736780432E-01    0.4395815724E+14    0.1041201805E+00
    0.7830000000E+00    0.1280321329E-20    0.8840631292E-22    0.1347224957E-06    0.2047956094E+35    0.5211365883E-01    0.2622041869E+14    0.6654800742E-01
    0.7830000000E+00    0.1371889021E-20    0.9472907100E-22    0.1378605858E-06    0.9862786855E+34    0.2689246249E-01    0.1353064901E+14    0.3679713977E-01
    0.7830000000E+00    0.1470005571E-20    0.1015040283E-21    0.1410717713E-06    0.4129345493E+34    0.1206457826E-01    0.6070160880E+13    0.1768868857E-01
    0.7830000000E+00    0.1575139348E-20    0.1087635259E-21    0.1443577550E-06    0.1485535678E+34    0.4650653792E-02    0.2339925700E+13    0.7306300015E-02
    0.7830000000E+00    0.1687792220E-20    0.1165422177E-21    0.1477202791E-06    0.4410400163E+33    0.1479479389E-02    0.7443839082E+12    0.2490533629E-02
    0.7830000000E+00    0.1808501947E-20    0.1248772362E-21    0.1511611264E-06    0.7004878412E+32    0.2517859691E-03    0.1266833625E+12    0.4541664156E-03
    0.7830000000E+00    0.1937844750E-20    0.1338083694E-21    0.1546821213E-06    0.1649837217E+31    0.6354362990E-05    0.3197128389E+10    0.1228161590E-04
    0.7830000000E+00    0.2076438060E-20    0.1433782510E-21    0.1582851308E-06    0.2986806875E+30    0.1232645136E-05    0.6201919474E+09    0.2552828014E-05
    0.7830000000E+00    0.2224943467E-20    0.1536325639E-21    0.1619720651E-06    0.7272957893E+29    0.3216192220E-06    0.1618192015E+09    0.7137160906E-06
    0.7830000000E+00    0.2384069878E-20    0.1646202581E-21    0.1657448792E-06    0.1553571776E+29    0.7361431016E-07    0.3703823675E+08    0.1750433988E-06
    0.7830000000E+00    0.2554576900E-20    0.1763937846E-21    0.1696055734E-06    0.2565741916E+28    0.1302698440E-07    0.6554385029E+07    0.3319153855E-07
    0.7830000000E+00    0.2737278465E-20    0.1890093455E-21    0.1735561947E-06    0.5345778273E+27    0.2908317827E-08    0.1463288374E+07    0.7940088742E-08
    0.7830000000E+00    0.2933046719E-20    0.2025271626E-21    0.1775988378E-06    0.1312866210E+27    0.7653346829E-09    0.3850697931E+06    0.2238900976E-08
    0.7830000000E+00    0.3142816182E-20    0.2170117645E-21    0.1817356462E-06    0.2881296106E+26    0.1799777492E-09    0.9055384028E+05    0.5641600213E-09
    0.7830000000E+00    0.3367588212E-20    0.2325322952E-21    0.1859688132E-06    0.6640311983E+25    0.4444464159E-10    0.2236183636E+05    0.1492804375E-09
    0.7830000000E+00    0.3608435782E-20    0.2491628434E-21    0.1903005833E-06    0.6867592512E+24    0.4925331231E-11    0.2478126655E+04    0.1772633421E-10
    0.7830000000E+00    0.3866508602E-20    0.2669827968E-21    0.1947332533E-06    0.2481588860E+24    0.1907044182E-11    0.9595084672E+03    0.7354349173E-11
