    0.7820000000E+00    0.4143038610E-23    0.2860772210E-24    0.1992691735E-07    0.0000000000E+00    0.0000000000E+00    0.0000000000E+00    0.0000000000E+00
    0.7820000000E+00    0.4439345853E-23    0.3065372650E-24    0.2039107488E-07    0.0000000000E+00    0.0000000000E+00    0.0000000000E+00    0.0000000000E+00
    0.7820000000E+00    0.4756844785E-23    0.3284605973E-24    0.2086604403E-07    0.0000000000E+00    0.0000000000E+00    0.0000000000E+00    0.0000000000E+00
    0.7820000000E+00    0.5097051019E-23    0.3519518710E-24    0.2135207663E-07    0.0000000000E+00    0.0000000000E+00    0.0000000000E+00    0.0000000000E+00
    0.7820000000E+00    0.5461588566E-23    0.3771232243E-24    0.2184943039E-07    0.0000000000E+00    0.0000000000E+00    0.0000000000E+00    0.0000000000E+00
    0.7820000000E+00    0.5852197586E-23    0.4040948153E-24    0.2235836900E-07    0.0000000000E+00    0.0000000000E+00    0.0000000000E+00    0.0000000000E+00
    0.7820000000E+00    0.6270742692E-23    0.4329953957E-24    0.2287916232E-07    0.0000000000E+00    0.0000000000E+00    0.0000000000E+00    0.0000000000E+00
    0.7820000000E+00    0.6719221852E-23    0.4639629256E-24    0.2341208647E-07    0.0000000000E+00    0.0000000000E+00    0.0000000000E+00    0.0000000000E+00
    0.7820000000E+00    0.7199775931E-23    0.4971452317E-24    0.2395742402E-07    0.0000000000E+00    0.0000000000E+00    0.0000000000E+00    0.0000000000E+00
    0.7820000000E+00    0.7714698903E-23    0.5327007132E-24    0.2451546411E-07    0.0000000000E+00    0.0000000000E+00    0.0000000000E+00    0.0000000000E+00
    0.7820000000E+00    0.8266448809E-23    0.5707990981E-24    0.2508650263E-07    0.0000000000E+00    0.0000000000E+00    0.0000000000E+00    0.0000000000E+00
    0.7820000000E+00    0.8857659485E-23    0.6116222531E-24    0.2567084234E-07    0.0000000000E+00    0.0000000000E+00    0.0000000000E+00    0.0000000000E+00
    0.7820000000E+00    0.9491153137E-23    0.6553650517E-24    0.2626879307E-07    0.1581208868E-15    0.2982772739E-53    0.1500749550E-38    0.2831573490E-55
    0.7820000000E+00    0.1016995382E-22    0.7022363048E-24    0.2688067187E-07    0.1541792723E-15    0.3116426693E-53    0.1567996079E-38    0.3170038875E-55
    0.7820000000E+00    0.1089730185E-22    0.7524597575E-24    0.2750680315E-07   -0.1442592963E-15   -0.3124458303E-53   -0.1572037096E-38   -0.3405511928E-55
    0.7820000000E+00    0.1167666930E-22    0.8062751566E-24    0.2814751890E-07   -0.4709827746E-15   -0.1093039729E-52   -0.5499510107E-38   -0.1276567020E-54
    0.7820000000E+00    0.1251177658E-22    0.8639393956E-24    0.2880315884E-07    0.0000000000E+00    0.0000000000E+00    0.0000000000E+00    0.0000000000E+00
    0.7820000000E+00    0.1340661015E-22    0.9257277409E-24    0.2947407060E-07   -0.1810934250E-15   -0.4825403184E-53   -0.2427848949E-38   -0.6470551213E-55
    0.7820000000E+00    0.1436544159E-22    0.9919351458E-24    0.3016060990E-07   -0.1100112403E-14   -0.3141000350E-52   -0.1580360046E-37   -0.4513107282E-54
    0.7820000000E+00    0.1539284799E-22    0.1062877658E-23    0.3086314075E-07   -0.5287123581E-15   -0.1617522705E-52   -0.8138388960E-38   -0.2490336638E-54
    0.7820000000E+00    0.1649373379E-22    0.1138893930E-23    0.3158203565E-07    0.0000000000E+00    0.0000000000E+00    0.0000000000E+00    0.0000000000E+00
    0.7820000000E+00    0.1767335417E-22    0.1220346833E-23    0.3231767576E-07   -0.6840608804E-15   -0.2402844570E-52   -0.1208965021E-37   -0.4247499647E-54
    0.7820000000E+00    0.1893734018E-22    0.1307625190E-23    0.3307045113E-07    0.1029141441E-13    0.3873521673E-51    0.1948920155E-36    0.7336917957E-53
    0.7820000000E+00    0.2029172559E-22    0.1401145635E-23    0.3384076090E-07    0.2522085418E-13    0.1017163377E-50    0.5117746522E-36    0.2064421567E-52
    0.7820000000E+00    0.2174297571E-22    0.1501354598E-23    0.3462901348E-07   -0.2858438166E-13   -0.1235263832E-50   -0.6215095160E-36   -0.2686379708E-52
    0.7820000000E+00    0.2329801823E-22    0.1608730435E-23    0.3543562682E-07   -0.5056083705E-12   -0.2341235923E-49   -0.1177967303E-34   -0.5455729778E-51
    0.7820000000E+00    0.2496427630E-22    0.1723785718E-23    0.3626102861E-07   -0.8523454554E-12   -0.4229086555E-49   -0.2127818745E-34   -0.1055976483E-50
    0.7820000000E+00    0.2674970400E-22    0.1847069675E-23    0.3710565646E-07   -0.1468084196E-12   -0.7805161386E-50   -0.3927081768E-35   -0.2088283994E-51
    0.7820000000E+00    0.2866282424E-22    0.1979170815E-23    0.3796995823E-07    0.9551713218E-11    0.5441419374E-48    0.2737790772E-33    0.1559983019E-49
    0.7820000000E+00    0.3071276952E-22    0.2120719737E-23    0.3885439218E-07    0.1413544501E-09    0.8628601444E-47    0.4341386647E-32    0.2650623731E-48
    0.7820000000E+00    0.3290932546E-22    0.2272392139E-23    0.3975942724E-07    0.5406450971E-09    0.3536251892E-46    0.1779226546E-31    0.1163994331E-47
    0.7820000000E+00    0.3526297755E-22    0.2434912046E-23    0.4068554327E-07   -0.1595985377E-09   -0.1118561409E-46   -0.5627919651E-32   -0.3945186189E-48
    0.7820000000E+00    0.3778496121E-22    0.2609055264E-23    0.4163323131E-07   -0.6727062052E-07   -0.5051918755E-44   -0.2541817787E-29   -0.1909255411E-45
    0.7820000000E+00    0.4048731538E-22    0.2795653084E-23    0.4260299385E-07   -0.3827313354E-06   -0.3079817233E-43   -0.1549576428E-28   -0.1247189992E-44
    0.7820000000E+00    0.4338294005E-22    0.2995596250E-23    0.4359534505E-07    0.4410443157E-05    0.3802884655E-42    0.1913379911E-27    0.1650140128E-43
    0.7820000000E+00    0.4648565778E-22    0.3209839213E-23    0.4461081109E-07    0.6134466314E-04    0.5667711165E-41    0.2851647017E-26    0.2635210925E-42
    0.7820000000E+00    0.4981027973E-22    0.3439404683E-23    0.4564993037E-07   -0.2783120398E-03   -0.2755262099E-40   -0.1386280055E-25   -0.1372684060E-41
    0.7820000000E+00    0.5337267633E-22    0.3685388516E-23    0.4671325384E-07   -0.4571623654E-01   -0.4849549482E-38   -0.2439997895E-23   -0.2588862993E-39
    0.7820000000E+00    0.5718985306E-22    0.3948964943E-23    0.4780134531E-07   -0.3866980287E+01   -0.4395445323E-36   -0.2211520344E-21   -0.2514262133E-37
    0.7820000000E+00    0.6128003161E-22    0.4231392172E-23    0.4891478167E-07   -0.6373466636E+01   -0.7762589860E-36   -0.3905662370E-21   -0.4757889079E-37
    0.7820000000E+00    0.6566273690E-22    0.4534018400E-23    0.5005415331E-07    0.1796952317E+03    0.2345132994E-34    0.1179928072E-19    0.1540193015E-35
    0.7820000000E+00    0.7035889022E-22    0.4858288246E-23    0.5122006431E-07    0.1365932979E+05    0.1910118516E-32    0.9610552850E-18    0.1344212678E-33
    0.7820000000E+00    0.7539090917E-22    0.5205749646E-23    0.5241313287E-07    0.4076404455E+05    0.6108128872E-32    0.3073238380E-17    0.4605914416E-33
    0.7820000000E+00    0.8078281461E-22    0.5578061244E-23    0.5363399157E-07   -0.3016254770E+06   -0.4842826894E-31   -0.2436615499E-16   -0.3912970899E-32
    0.7820000000E+00    0.8656034539E-22    0.5977000309E-23    0.5488328773E-07   -0.1852335859E+08   -0.3186769545E-29   -0.1603388317E-14   -0.2759042120E-30
    0.7820000000E+00    0.9275108115E-22    0.6404471218E-23    0.5616168372E-07   -0.8062303087E+09   -0.1486243761E-27   -0.7477873279E-13   -0.1378788705E-28
    0.7820000000E+00    0.9938457404E-22    0.6862514550E-23    0.5746985739E-07   -0.3137899384E+11   -0.6198262113E-26   -0.3118587936E-11   -0.6161374549E-27
    0.7820000000E+00    0.1064924897E-21    0.7353316823E-23    0.5880850233E-07   -0.6914116026E+12   -0.1463415286E-24   -0.7363014299E-10   -0.1558745668E-25
    0.7820000000E+00    0.1141087586E-21    0.7879220933E-23    0.6017832832E-07   -0.7698271310E+12   -0.1745919183E-24   -0.8784401825E-10   -0.1992653605E-25
    0.7820000000E+00    0.1222697377E-21    0.8442737340E-23    0.6158006166E-07    0.1168948646E+14    0.2840706443E-23    0.1429270444E-08    0.3474033714E-24
    0.7820000000E+00    0.1310143844E-21    0.9046556049E-23    0.6301444556E-07    0.3574509158E+15    0.9307806324E-22    0.4683121170E-07    0.1219705579E-22
    0.7820000000E+00    0.1403844422E-21    0.9693559452E-23    0.6448224056E-07    0.8341869914E+16    0.2327524906E-20    0.1171068755E-05    0.3268150211E-21
    0.7820000000E+00    0.1504246400E-21    0.1038683609E-22    0.6598422489E-07    0.1750917925E+18    0.5234759246E-19    0.2633811984E-04    0.7875976020E-20
    0.7820000000E+00    0.1611829057E-21    0.1112969539E-22    0.6752119493E-07    0.7612648406E+18    0.2438746707E-18    0.1227028790E-03    0.3931645646E-19
    0.7820000000E+00    0.1727105951E-21    0.1192568347E-22    0.6909396560E-07    0.5767696638E+17    0.1979854768E-19    0.9961423189E-05    0.3420117339E-20
    0.7820000000E+00    0.1850627369E-21    0.1277860007E-22    0.7070337081E-07   -0.1756721715E+20   -0.6461508108E-17   -0.3251037286E-02   -0.1196028603E-17
    0.7820000000E+00    0.1982982953E-21    0.1369251667E-22    0.7235026388E-07   -0.2834779927E+21   -0.1117249767E-15   -0.5621320270E-01   -0.2215939736E-16
    0.7820000000E+00    0.2124804516E-21    0.1467179595E-22    0.7403551802E-07   -0.3778185727E+22   -0.1595563993E-14   -0.8027906095E+00   -0.3390954008E-15
    0.7820000000E+00    0.2276769058E-21    0.1572111260E-22    0.7576002677E-07   -0.4568156537E+23   -0.2067149570E-13   -0.1040063746E+02   -0.4707383425E-14
    0.7820000000E+00    0.2439602000E-21    0.1684547565E-22    0.7752470448E-07   -0.5082048059E+24   -0.2464164472E-12   -0.1239817461E+03   -0.6012808386E-13
    0.7820000000E+00    0.2614080640E-21    0.1805025236E-22    0.7933048683E-07   -0.3888026064E+25   -0.2020040569E-11   -0.1016361366E+04   -0.5281627448E-12
    0.7820000000E+00    0.2801037871E-21    0.1934119387E-22    0.8117833125E-07   -0.5638159072E+25   -0.3138833279E-11   -0.1579269708E+04   -0.8793786574E-12
    0.7820000000E+00    0.3001366153E-21    0.2072446262E-22    0.8306921749E-07    0.1872573728E+25    0.1117042893E-11    0.5620279406E+03    0.3353339482E-12
    0.7820000000E+00    0.3216021775E-21    0.2220666179E-22    0.8500414813E-07    0.8743750063E+26    0.5588929854E-10    0.2812009060E+05    0.1797779117E-10
    0.7820000000E+00    0.3446029418E-21    0.2379486681E-22    0.8698414910E-07    0.7774020903E+27    0.5324472986E-09    0.2678950473E+06    0.1835203803E-09
    0.7820000000E+00    0.3692487048E-21    0.2549665916E-22    0.8901027021E-07    0.5659159284E+28    0.4153199966E-08    0.2089637236E+07    0.1533876925E-08
    0.7820000000E+00    0.3956571157E-21    0.2732016250E-22    0.9108358575E-07    0.3732130585E+29    0.2934862472E-07    0.1476644022E+08    0.1161436385E-07
    0.7820000000E+00    0.4239542377E-21    0.2927408154E-22    0.9320519501E-07    0.2276707186E+30    0.1918395302E-06    0.9652196594E+08    0.8134779297E-07
    0.7820000000E+00    0.4542751502E-21    0.3136774352E-22    0.9537622289E-07    0.1292472945E+31    0.1166950367E-05    0.5871383413E+09    0.5302248249E-06
    0.7820000000E+00    0.4867645933E-21    0.3361114274E-22    0.9759782052E-07    0.6846055831E+31    0.6623253238E-05    0.3332417582E+10    0.3224623636E-05
    0.7820000000E+00    0.5215776589E-21    0.3601498832E-22    0.9987116580E-07    0.3389396569E+32    0.3513608017E-04    0.1767833527E+11    0.1832993740E-04
    0.7820000000E+00    0.5588805307E-21    0.3859075526E-22    0.1021974641E-06    0.1570606426E+33    0.1744609745E-03    0.8777813530E+11    0.9752275611E-04
    0.7820000000E+00    0.5988512779E-21    0.4135073927E-22    0.1045779488E-06    0.6818556414E+33    0.8115650986E-03    0.4083301222E+12    0.4861060591E-03
    0.7820000000E+00    0.6416807053E-21    0.4430811541E-22    0.1070138822E-06    0.2774142003E+34    0.3538014528E-02    0.1780113397E+13    0.2270739342E-02
    0.7820000000E+00    0.6875732635E-21    0.4747700104E-22    0.1095065557E-06    0.1056311415E+35    0.1443520304E-01    0.7262914869E+13    0.9927286812E-02
    0.7820000000E+00    0.7367480256E-21    0.5087252317E-22    0.1120572911E-06    0.2921465762E+35    0.4277910801E-01    0.2152384132E+14    0.3152386053E-01
    0.7820000000E+00    0.7894397325E-21    0.5451089068E-22    0.1146674407E-06    0.5248576052E+35    0.8235167148E-01    0.4143434474E+14    0.6502495958E-01
    0.7820000000E+00    0.8458999137E-21    0.5840947171E-22    0.1173383885E-06    0.7091915383E+35    0.1192324503E+00    0.5999050610E+14    0.1008793189E+00
    0.7820000000E+00    0.9063980879E-21    0.6258687655E-22    0.1200715507E-06    0.7678475449E+35    0.1383266706E+00    0.6959755464E+14    0.1254046373E+00
    0.7820000000E+00    0.9712230494E-21    0.6706304648E-22    0.1228683764E-06    0.7613517402E+35    0.1469657951E+00    0.7394423588E+14    0.1427657204E+00
    0.7820000000E+00    0.1040684247E-20    0.7185934897E-22    0.1257303485E-06    0.7121930370E+35    0.1473087849E+00    0.7411680745E+14    0.1533332425E+00
    0.7820000000E+00    0.1115113261E-20    0.7699867968E-22    0.1286589846E-06    0.5566961447E+35    0.1233812420E+00    0.6207792535E+14    0.1376121595E+00
    0.7820000000E+00    0.1194865387E-20    0.8250557175E-22    0.1316558373E-06    0.3611813884E+35    0.8577412315E-01    0.4315631395E+14    0.1025094633E+00
    0.7820000000E+00    0.1280321329E-20    0.8840631292E-22    0.1347224957E-06    0.1999984442E+35    0.5089294013E-01    0.2560622740E+14    0.6517262500E-01
    0.7820000000E+00    0.1371889021E-20    0.9472907100E-22    0.1378605858E-06    0.9589515323E+34    0.2614734405E-01    0.1315575079E+14    0.3587858063E-01
    0.7820000000E+00    0.1470005571E-20    0.1015040283E-21    0.1410717713E-06    0.3999777035E+34    0.1168602218E-01    0.5879694524E+13    0.1718202628E-01
    0.7820000000E+00    0.1575139348E-20    0.1087635259E-21    0.1443577550E-06    0.1433476784E+34    0.4487676963E-02    0.2257925687E+13    0.7070160291E-02
    0.7820000000E+00    0.1687792220E-20    0.1165422177E-21    0.1477202791E-06    0.4233365441E+33    0.1420092664E-02    0.7145041256E+12    0.2397310881E-02
    0.7820000000E+00    0.1808501947E-20    0.1248772362E-21    0.1511611264E-06    0.6562357993E+32    0.2358798497E-03    0.1186803721E+12    0.4266762947E-03
    0.7820000000E+00    0.1937844750E-20    0.1338083694E-21    0.1546821213E-06    0.1608497432E+31    0.6195142432E-05    0.3117018303E+10    0.1200767620E-04
    0.7820000000E+00    0.2076438060E-20    0.1433782510E-21    0.1582851308E-06    0.2919633985E+30    0.1204923110E-05    0.6062439127E+09    0.2502459206E-05
    0.7820000000E+00    0.2224943467E-20    0.1536325639E-21    0.1619720651E-06    0.7108345588E+29    0.3143398617E-06    0.1581566708E+09    0.6995312659E-06
    0.7820000000E+00    0.2384069878E-20    0.1646202581E-21    0.1657448792E-06    0.1515448432E+29    0.7180787693E-07    0.3612934959E+08    0.1712299615E-06
    0.7820000000E+00    0.2554576900E-20    0.1763937846E-21    0.1696055734E-06    0.2509741004E+28    0.1274265221E-07    0.6411326393E+07    0.3255873347E-07
    0.7820000000E+00    0.2737278465E-20    0.1890093455E-21    0.1735561947E-06    0.5237642991E+27    0.2849487896E-08    0.1433688737E+07    0.7801434905E-08
    0.7820000000E+00    0.2933046719E-20    0.2025271626E-21    0.1775988378E-06    0.1286351336E+27    0.7498778506E-09    0.3772928566E+06    0.2199875983E-08
    0.7820000000E+00    0.3142816182E-20    0.2170117645E-21    0.1817356462E-06    0.2821966910E+26    0.1762718006E-09    0.8868923271E+05    0.5541030151E-09
    0.7820000000E+00    0.3367588212E-20    0.2325322952E-21    0.1859688132E-06    0.6498601353E+25    0.4349615028E-10    0.2188461331E+05    0.1465070397E-09
    0.7820000000E+00    0.3608435782E-20    0.2491628434E-21    0.1903005833E-06    0.6696539535E+24    0.4802654679E-11    0.2416403287E+04    0.1733361051E-10
    0.7820000000E+00    0.3866508602E-20    0.2669827968E-21    0.1947332533E-06    0.2429795040E+24    0.1867241818E-11    0.9394823420E+03    0.7221181112E-11
