    0.7470000000E+00    0.4143038610E-23    0.2860772210E-24    0.1992691735E-07    0.4559215532E-15    0.3754231483E-53    0.1888900598E-38    0.1746955388E-55
    0.7470000000E+00    0.4439345853E-23    0.3065372650E-24    0.2039107488E-07    0.1145665536E-14    0.1010854788E-52    0.5086005546E-38    0.5040220539E-55
    0.7470000000E+00    0.4756844785E-23    0.3284605973E-24    0.2086604403E-07    0.4785640673E-15    0.4524504356E-53    0.2276454988E-38    0.2417306823E-55
    0.7470000000E+00    0.5097051019E-23    0.3519518710E-24    0.2135207663E-07   -0.3016770783E-14   -0.3056139944E-52   -0.1537663459E-37   -0.1749580801E-54
    0.7470000000E+00    0.5461588566E-23    0.3771232243E-24    0.2184943039E-07   -0.4828079999E-14   -0.5240894067E-52   -0.2636898652E-37   -0.3214890229E-54
    0.7470000000E+00    0.5852197586E-23    0.4040948153E-24    0.2235836900E-07   -0.4720182422E-14   -0.5490219490E-52   -0.2762344018E-37   -0.3608697464E-54
    0.7470000000E+00    0.6270742692E-23    0.4329953957E-24    0.2287916232E-07    0.1369536070E-13    0.1706885539E-51    0.8588008303E-37    0.1202168007E-53
    0.7470000000E+00    0.6719221852E-23    0.4639629256E-24    0.2341208647E-07    0.2971562589E-13    0.3968403336E-51    0.1996658829E-36    0.2994860330E-53
    0.7470000000E+00    0.7199775931E-23    0.4971452317E-24    0.2395742402E-07   -0.3902362160E-14   -0.5584168259E-52   -0.2809613316E-37   -0.4515639496E-54
    0.7470000000E+00    0.7714698903E-23    0.5327007132E-24    0.2451546411E-07   -0.1029376051E-12   -0.1578356067E-50   -0.7941326292E-36   -0.1367620969E-52
    0.7470000000E+00    0.8266448809E-23    0.5707990981E-24    0.2508650263E-07   -0.5246094930E-13   -0.8619202199E-51   -0.4336657519E-36   -0.8002539679E-53
    0.7470000000E+00    0.8857659485E-23    0.6116222531E-24    0.2567084234E-07    0.2618149841E-12    0.4609198609E-50    0.2319067977E-35    0.4585494631E-52
    0.7470000000E+00    0.9491153137E-23    0.6553650517E-24    0.2626879307E-07    0.1767453466E-12    0.3334102232E-50    0.1677517151E-35    0.3554182135E-52
    0.7470000000E+00    0.1016995382E-22    0.7022363048E-24    0.2688067187E-07   -0.5797527716E-12   -0.1171854676E-49   -0.5896058911E-35   -0.1338549773E-51
    0.7470000000E+00    0.1089730185E-22    0.7524597575E-24    0.2750680315E-07   -0.3375839789E-12   -0.7311605511E-50   -0.3678754516E-35   -0.8948979613E-52
    0.7470000000E+00    0.1167666930E-22    0.8062751566E-24    0.2814751890E-07    0.1156145686E-11    0.2683140946E-49    0.1349993084E-34    0.3518878357E-51
    0.7470000000E+00    0.1251177658E-22    0.8639393956E-24    0.2880315884E-07    0.3166110099E-12    0.7873302485E-50    0.3961366219E-35    0.1106414106E-51
    0.7470000000E+00    0.1340661015E-22    0.9257277409E-24    0.2947407060E-07   -0.2071811664E-11   -0.5520535381E-49   -0.2777597127E-34   -0.8312697271E-51
    0.7470000000E+00    0.1436544159E-22    0.9919351458E-24    0.3016060990E-07    0.4809320339E-12    0.1373139402E-49    0.6908801042E-35    0.2215518580E-51
    0.7470000000E+00    0.1539284799E-22    0.1062877658E-23    0.3086314075E-07    0.3515762897E-11    0.1075599279E-48    0.5411760386E-34    0.1859564599E-50
    0.7470000000E+00    0.1649373379E-22    0.1138893930E-23    0.3158203565E-07   -0.3444576008E-11   -0.1129189149E-48   -0.5681391969E-34   -0.2091835184E-50
    0.7470000000E+00    0.1767335417E-22    0.1220346833E-23    0.3231767576E-07   -0.7505682573E-11   -0.2636459579E-48   -0.1326505864E-33   -0.5233375351E-50
    0.7470000000E+00    0.1893734018E-22    0.1307625190E-23    0.3307045113E-07    0.2642794459E-11    0.9947050240E-49    0.5004749769E-34    0.2115704836E-50
    0.7470000000E+00    0.2029172559E-22    0.1401145635E-23    0.3384076090E-07    0.2150431134E-10    0.8672742718E-48    0.4363595847E-33    0.1976592896E-49
    0.7470000000E+00    0.2174297571E-22    0.1501354598E-23    0.3462901348E-07    0.7484568809E-10    0.3234429649E-47    0.1627367978E-32    0.7898751967E-49
    0.7470000000E+00    0.2329801823E-22    0.1608730435E-23    0.3543562682E-07    0.4707013402E-09    0.2179597789E-46    0.1096640840E-31    0.5703443267E-48
    0.7470000000E+00    0.2496427630E-22    0.1723785718E-23    0.3626102861E-07    0.2409190635E-08    0.1195369279E-45    0.6014370067E-31    0.3351682388E-47
    0.7470000000E+00    0.2674970400E-22    0.1847069675E-23    0.3710565646E-07    0.3293863709E-08    0.1751203228E-45    0.8810987922E-31    0.5261351491E-47
    0.7470000000E+00    0.2866282424E-22    0.1979170815E-23    0.3796995823E-07    0.3105468054E-09    0.1769122842E-46    0.8901148502E-32    0.5695328216E-48
    0.7470000000E+00    0.3071276952E-22    0.2120719737E-23    0.3885439218E-07   -0.6209125594E-07   -0.3790193377E-44   -0.1906994433E-29   -0.1307441108E-45
    0.7470000000E+00    0.3290932546E-22    0.2272392139E-23    0.3975942724E-07   -0.1267278503E-05   -0.8289016265E-43   -0.4170528070E-28   -0.3063823613E-44
    0.7470000000E+00    0.3526297755E-22    0.2434912046E-23    0.4068554327E-07   -0.8338913127E-05   -0.5844405939E-42   -0.2940549064E-27   -0.2314734265E-43
    0.7470000000E+00    0.3778496121E-22    0.2609055264E-23    0.4163323131E-07    0.6241378337E-07    0.4687177855E-44    0.2358302383E-29    0.1989171372E-45
    0.7470000000E+00    0.4048731538E-22    0.2795653084E-23    0.4260299385E-07    0.9497642885E-03    0.7642699073E-40    0.3845340628E-25    0.3475421848E-41
    0.7470000000E+00    0.4338294005E-22    0.2995596250E-23    0.4359534505E-07    0.1821141171E-02    0.1570270734E-39    0.7900645823E-25    0.7651301289E-41
    0.7470000000E+00    0.4648565778E-22    0.3209839213E-23    0.4461081109E-07   -0.5823169001E-01   -0.5380099633E-38   -0.2706938414E-23   -0.2808995772E-39
    0.7470000000E+00    0.4981027973E-22    0.3439404683E-23    0.4564993037E-07   -0.6398865614E+01   -0.6334814664E-36   -0.3187292862E-21   -0.3544007894E-37
    0.7470000000E+00    0.5337267633E-22    0.3685388516E-23    0.4671325384E-07   -0.1351248288E+03   -0.1433395645E-34   -0.7211973750E-20   -0.8592644569E-36
    0.7470000000E+00    0.5718985306E-22    0.3948964943E-23    0.4780134531E-07    0.3757635441E+02    0.4271157311E-35    0.2148986187E-20    0.2743508654E-36
    0.7470000000E+00    0.6128003161E-22    0.4231392172E-23    0.4891478167E-07    0.1941494263E+05    0.2364650909E-32    0.1189748298E-17    0.1627525503E-33
    0.7470000000E+00    0.6566273690E-22    0.4534018400E-23    0.5005415331E-07    0.4537648187E+06    0.5921909213E-31    0.2979543991E-16    0.4367395399E-32
    0.7470000000E+00    0.7035889022E-22    0.4858288246E-23    0.5122006431E-07    0.2414516515E+06    0.3376456074E-31    0.1698827024E-16    0.2668221451E-32
    0.7470000000E+00    0.7539090917E-22    0.5205749646E-23    0.5241313287E-07   -0.2678671079E+08   -0.4013749946E-29   -0.2019474480E-14   -0.3398686292E-30
    0.7470000000E+00    0.8078281461E-22    0.5578061244E-23    0.5363399157E-07   -0.1213472210E+10   -0.1948322108E-27   -0.9802770054E-13   -0.1767752768E-28
    0.7470000000E+00    0.8656034539E-22    0.5977000309E-23    0.5488328773E-07   -0.4672947524E+11   -0.8039366503E-26   -0.4044919517E-11   -0.7815964806E-27
    0.7470000000E+00    0.9275108115E-22    0.6404471218E-23    0.5616168372E-07   -0.1622517980E+13   -0.2991027748E-24   -0.1504902968E-09   -0.3115883484E-25
    0.7470000000E+00    0.9938457404E-22    0.6862514550E-23    0.5746985739E-07   -0.7352452086E+13   -0.1452322705E-23   -0.7307203187E-09   -0.1621152589E-24
    0.7470000000E+00    0.1064924897E-21    0.7353316823E-23    0.5880850233E-07    0.8056852460E+13    0.1705282498E-23    0.8579942778E-09    0.2039656820E-24
    0.7470000000E+00    0.1141087586E-21    0.7879220933E-23    0.6017832832E-07    0.5179613487E+15    0.1174703539E-21    0.5910392651E-07    0.1505528718E-22
    0.7470000000E+00    0.1222697377E-21    0.8442737340E-23    0.6158006166E-07    0.1234475478E+17    0.2999945683E-20    0.1509389930E-05    0.4119781268E-21
    0.7470000000E+00    0.1310143844E-21    0.9046556049E-23    0.6301444556E-07    0.2560934017E+18    0.6668517770E-19    0.3355191938E-04    0.9812735212E-20
    0.7470000000E+00    0.1403844422E-21    0.9693559452E-23    0.6448224056E-07    0.2578403315E+19    0.7194187869E-18    0.3619677111E-03    0.1134338159E-18
    0.7470000000E+00    0.1504246400E-21    0.1038683609E-22    0.6598422489E-07    0.2545061530E+19    0.7609028491E-18    0.3828399643E-03    0.1285552974E-18
    0.7470000000E+00    0.1611829057E-21    0.1112969539E-22    0.6752119493E-07   -0.2084066075E+20   -0.6676400915E-17   -0.3359158256E-02   -0.1208657288E-17
    0.7470000000E+00    0.1727105951E-21    0.1192568347E-22    0.6909396560E-07   -0.3958332791E+21   -0.1358761485E-15   -0.6836460120E-01   -0.2635748664E-16
    0.7470000000E+00    0.1850627369E-21    0.1277860007E-22    0.7070337081E-07   -0.5285780410E+22   -0.1944195981E-14   -0.9782009893E+00   -0.4041111265E-15
    0.7470000000E+00    0.1982982953E-21    0.1369251667E-22    0.7235026388E-07   -0.6285233259E+23   -0.2477150105E-13   -0.1246351041E+02   -0.5517128396E-14
    0.7470000000E+00    0.2124804516E-21    0.1467179595E-22    0.7403551802E-07   -0.6847337792E+24   -0.2891696284E-12   -0.1454925426E+03   -0.6901022510E-13
    0.7470000000E+00    0.2276769058E-21    0.1572111260E-22    0.7576002677E-07   -0.6233644172E+25   -0.2820804139E-11   -0.1419256817E+04   -0.7213295094E-12
    0.7470000000E+00    0.2439602000E-21    0.1684547565E-22    0.7752470448E-07   -0.1268185687E+26   -0.6149131369E-11   -0.3093868338E+04   -0.1684901584E-11
    0.7470000000E+00    0.2614080640E-21    0.1805025236E-22    0.7933048683E-07   -0.5093017207E+25   -0.2646098870E-11   -0.1331355768E+04   -0.7769030645E-12
    0.7470000000E+00    0.2801037871E-21    0.1934119387E-22    0.8117833125E-07    0.9529817135E+26    0.5305367725E-10    0.2669337870E+05    0.1669076561E-10
    0.7470000000E+00    0.3001366153E-21    0.2072446262E-22    0.8306921749E-07    0.9144431715E+27    0.5454910697E-09    0.2744578784E+06    0.1838858926E-09
    0.7470000000E+00    0.3216021775E-21    0.2220666179E-22    0.8500414813E-07    0.6627595015E+28    0.4236301744E-08    0.2131448989E+07    0.1530198084E-08
    0.7470000000E+00    0.3446029418E-21    0.2379486681E-22    0.8698414910E-07    0.4291749685E+29    0.2939444792E-07    0.1478949567E+08    0.1137695591E-07
    0.7470000000E+00    0.3692487048E-21    0.2549665916E-22    0.8901027021E-07    0.2562201065E+30    0.1880373539E-06    0.9460894246E+08    0.7798389062E-07
    0.7470000000E+00    0.3956571157E-21    0.2732016250E-22    0.9108358575E-07    0.1422152391E+31    0.1118348243E-05    0.5626847132E+09    0.4969787587E-06
    0.7470000000E+00    0.4239542377E-21    0.2927408154E-22    0.9320519501E-07    0.7362584141E+31    0.6203848661E-05    0.3121398747E+10    0.2954078026E-05
    0.7470000000E+00    0.4542751502E-21    0.3136774352E-22    0.9537622289E-07    0.3562245914E+32    0.3216287190E-04    0.1618239798E+11    0.1641026477E-04
    0.7470000000E+00    0.4867645933E-21    0.3361114274E-22    0.9759782052E-07    0.1613489621E+33    0.1560979142E-03    0.7853896191E+11    0.8534102743E-04
    0.7470000000E+00    0.5215776589E-21    0.3601498832E-22    0.9987116580E-07    0.6852056802E+33    0.7103164597E-03    0.3573879745E+12    0.4161143046E-03
    0.7470000000E+00    0.5588805307E-21    0.3859075526E-22    0.1021974641E-06    0.2731304491E+34    0.3033898469E-02    0.1526472904E+13    0.1904415949E-02
    0.7470000000E+00    0.5988512779E-21    0.4135073927E-22    0.1045779488E-06    0.1022107819E+35    0.1216543477E-01    0.6120905736E+13    0.8182544987E-02
    0.7470000000E+00    0.6416807053E-21    0.4430811541E-22    0.1070138822E-06    0.2863658042E+35    0.3652179213E-01    0.1837554112E+14    0.2632163409E-01
    0.7470000000E+00    0.6875732635E-21    0.4747700104E-22    0.1095065557E-06    0.5285194764E+35    0.7222572667E-01    0.3633958612E+14    0.5577668347E-01
    0.7470000000E+00    0.7367480256E-21    0.5087252317E-22    0.1120572911E-06    0.7402129637E+35    0.1083895993E+00    0.5453504395E+14    0.8969089917E-01
    0.7470000000E+00    0.7894397325E-21    0.5451089068E-22    0.1146674407E-06    0.8343665609E+35    0.1309145190E+00    0.6586821147E+14    0.1160776431E+00
    0.7470000000E+00    0.8458999137E-21    0.5840947171E-22    0.1173383885E-06    0.8341544668E+35    0.1402417762E+00    0.7056111915E+14    0.1332410882E+00
    0.7470000000E+00    0.9063980879E-21    0.6258687655E-22    0.1200715507E-06    0.8019743044E+35    0.1444745590E+00    0.7269079761E+14    0.1470794999E+00
    0.7470000000E+00    0.9712230494E-21    0.6706304648E-22    0.1228683764E-06    0.6704753626E+35    0.1294236810E+00    0.6511811262E+14    0.1411804347E+00
    0.7470000000E+00    0.1040684247E-20    0.7185934897E-22    0.1257303485E-06    0.4652423922E+35    0.9622993757E-01    0.4841704287E+14    0.1124788769E+00
    0.7470000000E+00    0.1115113261E-20    0.7699867968E-22    0.1286589846E-06    0.2778803760E+35    0.6158696487E-01    0.3098680924E+14    0.7713465989E-01
    0.7470000000E+00    0.1194865387E-20    0.8250557175E-22    0.1316558373E-06    0.1458582593E+35    0.3463872917E-01    0.1742809855E+14    0.4648605775E-01
    0.7470000000E+00    0.1280321329E-20    0.8840631292E-22    0.1347224957E-06    0.6808624207E+34    0.1732567998E-01    0.8717226796E+13    0.2491443573E-01
    0.7470000000E+00    0.1371889021E-20    0.9472907100E-22    0.1378605858E-06    0.2827447146E+34    0.7709485912E-02    0.3878943698E+13    0.1187917243E-01
    0.7470000000E+00    0.1470005571E-20    0.1015040283E-21    0.1410717713E-06    0.1025972498E+34    0.2997551430E-02    0.1508185288E+13    0.4949113461E-02
    0.7470000000E+00    0.1575139348E-20    0.1087635259E-21    0.1443577550E-06    0.3114817549E+33    0.9751322880E-03    0.4906271684E+12    0.1725139837E-02
    0.7470000000E+00    0.1687792220E-20    0.1165422177E-21    0.1477202791E-06    0.6719705698E+32    0.2254141510E-03    0.1134146700E+12    0.4273089054E-03
    0.7470000000E+00    0.1808501947E-20    0.1248772362E-21    0.1511611264E-06    0.3088858814E+31    0.1110270963E-04    0.5586207179E+10    0.2255224334E-04
    0.7470000000E+00    0.1937844750E-20    0.1338083694E-21    0.1546821213E-06    0.5855720326E+30    0.2255335989E-05    0.1134747689E+10    0.4908762468E-05
    0.7470000000E+00    0.2076438060E-20    0.1433782510E-21    0.1582851308E-06    0.1165508658E+30    0.4810014971E-06    0.2420106538E+09    0.1121778715E-05
    0.7470000000E+00    0.2224943467E-20    0.1536325639E-21    0.1619720651E-06    0.2803657512E+29    0.1239812138E-06    0.6237979466E+08    0.3098251376E-06
    0.7470000000E+00    0.2384069878E-20    0.1646202581E-21    0.1657448792E-06    0.5569865265E+28    0.2639220122E-07    0.1327894801E+08    0.7067020984E-07
    0.7470000000E+00    0.2554576900E-20    0.1763937846E-21    0.1696055734E-06    0.1039376893E+28    0.5277205195E-08    0.2655168200E+07    0.1514135523E-07
    0.7470000000E+00    0.2737278465E-20    0.1890093455E-21    0.1735561947E-06    0.2298789450E+27    0.1250633677E-08    0.6292426856E+06    0.3844951680E-08
    0.7470000000E+00    0.2933046719E-20    0.2025271626E-21    0.1775988378E-06    0.5648346770E+26    0.3292700848E-09    0.1656686496E+06    0.1084708498E-08
    0.7470000000E+00    0.3142816182E-20    0.2170117645E-21    0.1817356462E-06    0.1201773778E+26    0.7506779299E-10    0.3776954078E+05    0.2649808049E-09
    0.7470000000E+00    0.3367588212E-20    0.2325322952E-21    0.1859688132E-06    0.2687442276E+25    0.1798746942E-10    0.9050198930E+04    0.6803475667E-10
    0.7470000000E+00    0.3608435782E-20    0.2491628434E-21    0.1903005833E-06    0.2713827286E+24    0.1946314995E-11    0.9792671484E+03    0.7888127030E-11
    0.7470000000E+00    0.3866508602E-20    0.2669827968E-21    0.1947332533E-06    0.1173711262E+24    0.9019702134E-12    0.4538164690E+03    0.3916994510E-11
