    0.7290000000E+00    0.4143038610E-23    0.2860772210E-24    0.1992691735E-07   -0.5695716548E-13   -0.4690069648E-51   -0.2359757357E-36   -0.2356216544E-53
    0.7290000000E+00    0.4439345853E-23    0.3065372650E-24    0.2039107488E-07    0.7758248413E-13    0.6845333400E-51    0.3444154792E-36    0.3684940791E-53
    0.7290000000E+00    0.4756844785E-23    0.3284605973E-24    0.2086604403E-07    0.2001760184E-12    0.1892530863E-50    0.9522062492E-36    0.1091638589E-52
    0.7290000000E+00    0.5097051019E-23    0.3519518710E-24    0.2135207663E-07    0.1533693181E-12    0.1553708030E-50    0.7817312388E-36    0.9602964411E-53
    0.7290000000E+00    0.5461588566E-23    0.3771232243E-24    0.2184943039E-07   -0.4248780603E-12   -0.4612062985E-50   -0.2320509156E-35   -0.3054436766E-52
    0.7290000000E+00    0.5852197586E-23    0.4040948153E-24    0.2235836900E-07   -0.1052357064E-11   -0.1224035587E-49   -0.6158601468E-35   -0.8686202571E-52
    0.7290000000E+00    0.6270742692E-23    0.4329953957E-24    0.2287916232E-07   -0.4809493674E-12   -0.5994186921E-50   -0.3015909731E-35   -0.4557914673E-52
    0.7290000000E+00    0.6719221852E-23    0.4639629256E-24    0.2341208647E-07    0.3402138468E-11    0.4543420251E-49    0.2285972314E-34    0.3701850011E-51
    0.7290000000E+00    0.7199775931E-23    0.4971452317E-24    0.2395742402E-07    0.3797491881E-11    0.5434101898E-49    0.2734109064E-34    0.4744207621E-51
    0.7290000000E+00    0.7714698903E-23    0.5327007132E-24    0.2451546411E-07   -0.5968402766E-11   -0.9151431785E-49   -0.4604443027E-34   -0.8561009042E-51
    0.7290000000E+00    0.8266448809E-23    0.5707990981E-24    0.2508650263E-07   -0.1370694326E-10   -0.2252016347E-48   -0.1133077447E-33   -0.2257394423E-50
    0.7290000000E+00    0.8857659485E-23    0.6116222531E-24    0.2567084234E-07    0.8782347247E-11    0.1546114057E-48    0.7779104139E-34    0.1660647430E-50
    0.7290000000E+00    0.9491153137E-23    0.6553650517E-24    0.2626879307E-07    0.3597114251E-10    0.6785551577E-48    0.3414076221E-33    0.7809461080E-50
    0.7290000000E+00    0.1016995382E-22    0.7022363048E-24    0.2688067187E-07   -0.1842779679E-10   -0.3724811834E-48   -0.1874098423E-33   -0.4593463262E-50
    0.7290000000E+00    0.1089730185E-22    0.7524597575E-24    0.2750680315E-07   -0.7289507144E-10   -0.1578807169E-47   -0.7943595966E-33   -0.2086243510E-49
    0.7290000000E+00    0.1167666930E-22    0.8062751566E-24    0.2814751890E-07    0.5428138362E-10    0.1259742650E-47    0.6338257659E-33    0.1783683283E-49
    0.7290000000E+00    0.1251177658E-22    0.8639393956E-24    0.2880315884E-07    0.1058453269E-09    0.2632101378E-47    0.1324313082E-32    0.3993360533E-49
    0.7290000000E+00    0.1340661015E-22    0.9257277409E-24    0.2947407060E-07   -0.1109919687E-09   -0.2957484509E-47   -0.1488026054E-32   -0.4807932783E-49
    0.7290000000E+00    0.1436544159E-22    0.9919351458E-24    0.3016060990E-07   -0.1360311804E-09   -0.3883912083E-47   -0.1954147977E-32   -0.6765584140E-49
    0.7290000000E+00    0.1539284799E-22    0.1062877658E-23    0.3086314075E-07    0.1491162835E-09    0.4562007501E-47    0.2295324286E-32    0.8515142180E-49
    0.7290000000E+00    0.1649373379E-22    0.1138893930E-23    0.3158203565E-07    0.2624841341E-09    0.8604665288E-47    0.4329343431E-32    0.1720956490E-48
    0.7290000000E+00    0.1767335417E-22    0.1220346833E-23    0.3231767576E-07   -0.1213171610E-09   -0.4261408449E-47   -0.2144081153E-32   -0.9132487186E-49
    0.7290000000E+00    0.1893734018E-22    0.1307625190E-23    0.3307045113E-07   -0.1239155158E-09   -0.4663979284E-47   -0.2346630276E-32   -0.1071007524E-48
    0.7290000000E+00    0.2029172559E-22    0.1401145635E-23    0.3384076090E-07    0.6279806725E-08    0.2532661809E-45    0.1274281148E-30    0.6231794311E-47
    0.7290000000E+00    0.2174297571E-22    0.1501354598E-23    0.3462901348E-07    0.9452265877E-08    0.4084762901E-45    0.2055203874E-30    0.1076967907E-46
    0.7290000000E+00    0.2329801823E-22    0.1608730435E-23    0.3543562682E-07   -0.2979584287E-08   -0.1379706147E-45   -0.6941840901E-31   -0.3897826538E-47
    0.7290000000E+00    0.2496427630E-22    0.1723785718E-23    0.3626102861E-07   -0.3142393690E-07   -0.1559162992E-44   -0.7844758432E-30   -0.4719841633E-46
    0.7290000000E+00    0.2674970400E-22    0.1847069675E-23    0.3710565646E-07   -0.1877953570E-06   -0.9984257531E-44   -0.5023470212E-29   -0.3238558031E-45
    0.7290000000E+00    0.2866282424E-22    0.1979170815E-23    0.3796995823E-07   -0.3429411039E-05   -0.1953666661E-42   -0.9829660589E-28   -0.6790259540E-44
    0.7290000000E+00    0.3071276952E-22    0.2120719737E-23    0.3885439218E-07   -0.3288384085E-04   -0.2007305440E-41   -0.1009953825E-26   -0.7475657063E-43
    0.7290000000E+00    0.3290932546E-22    0.2272392139E-23    0.3975942724E-07   -0.3300831184E-04   -0.2159007930E-41   -0.1086281277E-26   -0.8615691628E-43
    0.7290000000E+00    0.3526297755E-22    0.2434912046E-23    0.4068554327E-07    0.2311079196E-03    0.1619741659E-40    0.8149553382E-26    0.6925986824E-42
    0.7290000000E+00    0.3778496121E-22    0.2609055264E-23    0.4163323131E-07    0.8394157481E-02    0.6303881439E-39    0.3171729148E-24    0.2888310942E-40
    0.7290000000E+00    0.4048731538E-22    0.2795653084E-23    0.4260299385E-07    0.1580564439E-01    0.1271871192E-38    0.6399281092E-24    0.6244232127E-40
    0.7290000000E+00    0.4338294005E-22    0.2995596250E-23    0.4359534505E-07   -0.3317039736E+00   -0.2860102502E-37   -0.1439029360E-22   -0.1504587699E-38
    0.7290000000E+00    0.4648565778E-22    0.3209839213E-23    0.4461081109E-07   -0.3512755241E+02   -0.3245479082E-35   -0.1632927380E-20   -0.1829425478E-36
    0.7290000000E+00    0.4981027973E-22    0.3439404683E-23    0.4564993037E-07   -0.9125302344E+03   -0.9033960484E-34   -0.4545338623E-19   -0.5456499195E-35
    0.7290000000E+00    0.5337267633E-22    0.3685388516E-23    0.4671325384E-07   -0.1812617244E+03   -0.1922812918E-34   -0.9674423348E-20   -0.1244437071E-35
    0.7290000000E+00    0.5718985306E-22    0.3948964943E-23    0.4780134531E-07    0.9702842355E+05    0.1102884160E-31    0.5549041285E-17    0.7648315737E-33
    0.7290000000E+00    0.6128003161E-22    0.4231392172E-23    0.4891478167E-07    0.2451878387E+07    0.2986275349E-30    0.1502511851E-15    0.2219043206E-31
    0.7290000000E+00    0.6566273690E-22    0.4534018400E-23    0.5005415331E-07    0.1654712446E+07    0.2159501239E-30    0.1086529480E-15    0.1719449267E-31
    0.7290000000E+00    0.7035889022E-22    0.4858288246E-23    0.5122006431E-07   -0.1227604030E+09   -0.1716679534E-28   -0.8637285722E-14   -0.1464620601E-29
    0.7290000000E+00    0.7539090917E-22    0.5205749646E-23    0.5241313287E-07   -0.5392090767E+10   -0.8079567584E-27   -0.4065146252E-12   -0.7386250409E-28
    0.7290000000E+00    0.8078281461E-22    0.5578061244E-23    0.5363399157E-07   -0.1993341171E+12   -0.3200461158E-25   -0.1610277103E-10   -0.3135078861E-26
    0.7290000000E+00    0.8656034539E-22    0.5977000309E-23    0.5488328773E-07   -0.6641030989E+13   -0.1142526891E-23   -0.5748499362E-09   -0.1199229600E-24
    0.7290000000E+00    0.9275108115E-22    0.6404471218E-23    0.5616168372E-07   -0.2679142596E+14   -0.4938860429E-23   -0.2484933724E-08   -0.5554726269E-24
    0.7290000000E+00    0.9938457404E-22    0.6862514550E-23    0.5746985739E-07    0.3393536851E+14    0.6703220313E-23    0.3372652144E-08    0.8078289306E-24
    0.7290000000E+00    0.1064924897E-21    0.7353316823E-23    0.5880850233E-07    0.1934926300E+16    0.4095390811E-21    0.2060551191E-06    0.5288484800E-22
    0.7290000000E+00    0.1141087586E-21    0.7879220933E-23    0.6017832832E-07    0.4429318894E+17    0.1004541476E-19    0.5054240805E-05    0.1389964735E-20
    0.7290000000E+00    0.1222697377E-21    0.8442737340E-23    0.6158006166E-07    0.8831846983E+18    0.2146260634E-18    0.1079867614E-03    0.3182133304E-19
    0.7290000000E+00    0.1310143844E-21    0.9046556049E-23    0.6301444556E-07    0.6999783503E+19    0.1822701419E-17    0.9170723268E-03    0.2895685829E-18
    0.7290000000E+00    0.1403844422E-21    0.9693559452E-23    0.6448224056E-07    0.5798049599E+19    0.1617755370E-17    0.8139559587E-03    0.2753903760E-18
    0.7290000000E+00    0.1504246400E-21    0.1038683609E-22    0.6598422489E-07   -0.6879622289E+20   -0.2056816364E-16   -0.1034864706E-01   -0.3751728719E-17
    0.7290000000E+00    0.1611829057E-21    0.1112969539E-22    0.6752119493E-07   -0.1192200504E+22   -0.3819268798E-15   -0.1921623414E+00   -0.7464764891E-16
    0.7290000000E+00    0.1727105951E-21    0.1192568347E-22    0.6909396560E-07   -0.1523575970E+23   -0.5229919908E-14   -0.2631377124E+01   -0.1095294601E-14
    0.7290000000E+00    0.1850627369E-21    0.1277860007E-22    0.7070337081E-07   -0.1739688177E+24   -0.6398855987E-13   -0.3219514555E+02   -0.1435946452E-13
    0.7290000000E+00    0.1982982953E-21    0.1369251667E-22    0.7235026388E-07   -0.1820002315E+25   -0.7173033585E-12   -0.3609033564E+03   -0.1724800118E-12
    0.7290000000E+00    0.2124804516E-21    0.1467179595E-22    0.7403551802E-07   -0.1356635693E+26   -0.5729202371E-11   -0.2882585646E+04   -0.1476148576E-11
    0.7290000000E+00    0.2276769058E-21    0.1572111260E-22    0.7576002677E-07   -0.2078251749E+26   -0.9404356385E-11   -0.4731699279E+04   -0.2596360466E-11
    0.7290000000E+00    0.2439602000E-21    0.1684547565E-22    0.7752470448E-07    0.2669211853E+23    0.1294237468E-13    0.6511814574E+01    0.3828687122E-14
    0.7290000000E+00    0.2614080640E-21    0.1805025236E-22    0.7933048683E-07    0.2324961926E+27    0.1207943911E-09    0.6077637959E+05    0.3828976298E-10
    0.7290000000E+00    0.2801037871E-21    0.1934119387E-22    0.8117833125E-07    0.2014163497E+28    0.1121309870E-08    0.5641748232E+06    0.3808566593E-09
    0.7290000000E+00    0.3001366153E-21    0.2072446262E-22    0.8306921749E-07    0.1389060248E+29    0.8286135041E-08    0.4169078414E+07    0.3015698471E-08
    0.7290000000E+00    0.3216021775E-21    0.2220666179E-22    0.8500414813E-07    0.8629204163E+29    0.5515713100E-07    0.2775170849E+08    0.2150985967E-07
    0.7290000000E+00    0.3446029418E-21    0.2379486681E-22    0.8698414910E-07    0.4952556287E+30    0.3392035150E-06    0.1706665466E+09    0.1417412482E-06
    0.7290000000E+00    0.3692487048E-21    0.2549665916E-22    0.8901027021E-07    0.2644906895E+31    0.1941070515E-05    0.9766284455E+09    0.8691149523E-06
    0.7290000000E+00    0.3956571157E-21    0.2732016250E-22    0.9108358575E-07    0.1318156908E+32    0.1036568564E-04    0.5215381601E+10    0.4973177300E-05
    0.7290000000E+00    0.4239542377E-21    0.2927408154E-22    0.9320519501E-07    0.6142158241E+32    0.5175495377E-04    0.2603994015E+11    0.2660650525E-04
    0.7290000000E+00    0.4542751502E-21    0.3136774352E-22    0.9537622289E-07    0.2680651978E+33    0.2420312023E-03    0.1217753580E+12    0.1333236722E-03
    0.7290000000E+00    0.4867645933E-21    0.3361114274E-22    0.9759782052E-07    0.1097699328E+34    0.1061975071E-02    0.5343211671E+12    0.6268306606E-03
    0.7290000000E+00    0.5215776589E-21    0.3601498832E-22    0.9987116580E-07    0.4223544883E+34    0.4378325421E-02    0.2202906652E+13    0.2769133837E-02
    0.7290000000E+00    0.5588805307E-21    0.3859075526E-22    0.1021974641E-06    0.1490544988E+35    0.1655678513E-01    0.8330365741E+13    0.1122049254E-01
    0.7290000000E+00    0.5988512779E-21    0.4135073927E-22    0.1045779488E-06    0.3600462319E+35    0.4285378575E-01    0.2156141461E+14    0.3111896205E-01
    0.7290000000E+00    0.6416807053E-21    0.4430811541E-22    0.1070138822E-06    0.6109948521E+35    0.7792350431E-01    0.3920636076E+14    0.6063234761E-01
    0.7290000000E+00    0.6875732635E-21    0.4747700104E-22    0.1095065557E-06    0.8129250160E+35    0.1110916487E+00    0.5589455062E+14    0.9262267532E-01
    0.7290000000E+00    0.7367480256E-21    0.5087252317E-22    0.1120572911E-06    0.8860807392E+35    0.1297490600E+00    0.6528182351E+14    0.1159151307E+00
    0.7290000000E+00    0.7894397325E-21    0.5451089068E-22    0.1146674407E-06    0.8816918711E+35    0.1383399966E+00    0.6960425949E+14    0.1324291738E+00
    0.7290000000E+00    0.8458999137E-21    0.5840947171E-22    0.1173383885E-06    0.8387548277E+35    0.1410152094E+00    0.7095026364E+14    0.1446444804E+00
    0.7290000000E+00    0.9063980879E-21    0.6258687655E-22    0.1200715507E-06    0.6861780158E+35    0.1236140181E+00    0.6219504414E+14    0.1358637610E+00
    0.7290000000E+00    0.9712230494E-21    0.6706304648E-22    0.1228683764E-06    0.4720646637E+35    0.9112392470E-01    0.4584800822E+14    0.1073169510E+00
    0.7290000000E+00    0.1040684247E-20    0.7185934897E-22    0.1257303485E-06    0.2829813299E+35    0.5853137239E-01    0.2944942123E+14    0.7386260428E-01
    0.7290000000E+00    0.1115113261E-20    0.7699867968E-22    0.1286589846E-06    0.1509140950E+35    0.3344727396E-01    0.1682863086E+14    0.4522688079E-01
    0.7290000000E+00    0.1194865387E-20    0.8250557175E-22    0.1316558373E-06    0.7245638925E+34    0.1720709719E-01    0.8657563159E+13    0.2493121940E-01
    0.7290000000E+00    0.1280321329E-20    0.8840631292E-22    0.1347224957E-06    0.3132274855E+34    0.7970595836E-02    0.4010318306E+13    0.1237447256E-01
    0.7290000000E+00    0.1371889021E-20    0.9472907100E-22    0.1378605858E-06    0.1201341441E+34    0.3275649177E-02    0.1648107134E+13    0.5449206819E-02
    0.7290000000E+00    0.1470005571E-20    0.1015040283E-21    0.1410717713E-06    0.3956897587E+33    0.1156074266E-02    0.5816661497E+12    0.2060732606E-02
    0.7290000000E+00    0.1575139348E-20    0.1087635259E-21    0.1443577550E-06    0.1059048556E+33    0.3315482932E-03    0.1668149053E+12    0.6332609460E-03
    0.7290000000E+00    0.1687792220E-20    0.1165422177E-21    0.1477202791E-06    0.1744764815E+32    0.5852855721E-04    0.2944800480E+11    0.1197853558E-03
    0.7290000000E+00    0.1808501947E-20    0.1248772362E-21    0.1511611264E-06    0.1552448738E+31    0.5580179798E-05    0.2807606565E+10    0.1223725758E-04
    0.7290000000E+00    0.1937844750E-20    0.1338083694E-21    0.1546821213E-06    0.3107667258E+30    0.1196920860E-05    0.6022176679E+09    0.2812557079E-05
    0.7290000000E+00    0.2076438060E-20    0.1433782510E-21    0.1582851308E-06    0.6469769323E+29    0.2670052005E-06    0.1343407526E+09    0.6722884177E-06
    0.7290000000E+00    0.2224943467E-20    0.1536325639E-21    0.1619720651E-06    0.1533403583E+29    0.6780900905E-07    0.3411736286E+08    0.1829461636E-06
    0.7290000000E+00    0.2384069878E-20    0.1646202581E-21    0.1657448792E-06    0.3022974903E+28    0.1432403803E-07    0.7206983409E+07    0.4140963233E-07
    0.7290000000E+00    0.2554576900E-20    0.1763937846E-21    0.1696055734E-06    0.5965297693E+27    0.3028747339E-08    0.1523881169E+07    0.9382076169E-08
    0.7290000000E+00    0.2737278465E-20    0.1890093455E-21    0.1735561947E-06    0.1359213216E+27    0.7394665147E-09    0.3720545066E+06    0.2454451312E-08
    0.7290000000E+00    0.2933046719E-20    0.2025271626E-21    0.1775988378E-06    0.3334146854E+26    0.1943639195E-09    0.9779208489E+05    0.6912761245E-09
    0.7290000000E+00    0.3142816182E-20    0.2170117645E-21    0.1817356462E-06    0.6841936830E+25    0.4273758564E-10    0.2150294979E+05    0.1628717988E-09
    0.7290000000E+00    0.3367588212E-20    0.2325322952E-21    0.1859688132E-06    0.1518212464E+25    0.1016163231E-10    0.5112714397E+04    0.4149534553E-10
    0.7290000000E+00    0.3608435782E-20    0.2491628434E-21    0.1903005833E-06    0.1794844627E+24    0.1287234832E-11    0.6476581573E+03    0.5632402623E-11
    0.7290000000E+00    0.3866508602E-20    0.2669827968E-21    0.1947332533E-06    0.8041693919E+23    0.6179857530E-12    0.3109327871E+03    0.2897439470E-11
