    0.7020000000E+00    0.4143038610E-23    0.2860772210E-24    0.1992691735E-07    0.6874290557E-10    0.5660552315E-48    0.2848045120E-33    0.3297094564E-50
    0.7020000000E+00    0.4439345853E-23    0.3065372650E-24    0.2039107488E-07   -0.5700021151E-09   -0.5029298249E-47   -0.2530436526E-32   -0.3138918111E-49
    0.7020000000E+00    0.4756844785E-23    0.3284605973E-24    0.2086604403E-07   -0.6770908296E-09   -0.6401442601E-47   -0.3220815982E-32   -0.4281051483E-49
    0.7020000000E+00    0.5097051019E-23    0.3519518710E-24    0.2135207663E-07    0.8931916083E-10    0.9048478484E-48    0.4552643197E-33    0.6484076841E-50
    0.7020000000E+00    0.5461588566E-23    0.3771232243E-24    0.2184943039E-07    0.3300073908E-08    0.3582239268E-46    0.1802364592E-31    0.2750598394E-48
    0.7020000000E+00    0.5852197586E-23    0.4040948153E-24    0.2235836900E-07    0.3508150771E-08    0.4080460460E-46    0.2053039148E-31    0.3357235206E-48
    0.7020000000E+00    0.6270742692E-23    0.4329953957E-24    0.2287916232E-07   -0.3671752089E-08   -0.4576192389E-46   -0.2302461258E-31   -0.4034380624E-48
    0.7020000000E+00    0.6719221852E-23    0.4639629256E-24    0.2341208647E-07   -0.1638989166E-07   -0.2188804671E-45   -0.1101273182E-30   -0.2067662264E-47
    0.7020000000E+00    0.7199775931E-23    0.4971452317E-24    0.2395742402E-07   -0.7851253159E-08   -0.1123491795E-45   -0.5652726352E-31   -0.1137214792E-47
    0.7020000000E+00    0.7714698903E-23    0.5327007132E-24    0.2451546411E-07    0.4776781806E-07    0.7324303430E-45    0.3685143336E-30    0.7943994279E-47
    0.7020000000E+00    0.8266448809E-23    0.5707990981E-24    0.2508650263E-07    0.4345222649E-07    0.7139091668E-45    0.3591956059E-30    0.8296894223E-47
    0.7020000000E+00    0.8857659485E-23    0.6116222531E-24    0.2567084234E-07   -0.1092890835E-06   -0.1924011696E-44   -0.9680454866E-30   -0.2395964078E-46
    0.7020000000E+00    0.9491153137E-23    0.6553650517E-24    0.2626879307E-07   -0.1212796606E-06   -0.2287804432E-44   -0.1151083832E-29   -0.3052751771E-46
    0.7020000000E+00    0.1016995382E-22    0.7022363048E-24    0.2688067187E-07    0.2345977946E-06    0.4741926836E-44    0.2385848736E-29    0.6779964872E-46
    0.7020000000E+00    0.1089730185E-22    0.7524597575E-24    0.2750680315E-07    0.2475866508E-06    0.5362386943E-44    0.2698026467E-29    0.8215438402E-46
    0.7020000000E+00    0.1167666930E-22    0.8062751566E-24    0.2814751890E-07   -0.4887815818E-06   -0.1134346555E-43   -0.5707340892E-29   -0.1862165821E-45
    0.7020000000E+00    0.1251177658E-22    0.8639393956E-24    0.2880315884E-07   -0.3747100098E-06   -0.9318075363E-44   -0.4688287924E-29   -0.1639074952E-45
    0.7020000000E+00    0.1340661015E-22    0.9257277409E-24    0.2947407060E-07    0.9903643564E-06    0.2638918182E-43    0.1327742883E-28    0.4973916844E-45
    0.7020000000E+00    0.1436544159E-22    0.9919351458E-24    0.3016060990E-07    0.2189789530E-06    0.6252206287E-44    0.3145729359E-29    0.1262716611E-45
    0.7020000000E+00    0.1539284799E-22    0.1062877658E-23    0.3086314075E-07   -0.1935374000E-05   -0.5921010434E-43   -0.2979091780E-28   -0.1281351912E-44
    0.7020000000E+00    0.1649373379E-22    0.1138893930E-23    0.3158203565E-07    0.1859031156E-05    0.6094212480E-43    0.3066236499E-28    0.1413156261E-44
    0.7020000000E+00    0.1767335417E-22    0.1220346833E-23    0.3231767576E-07    0.4271445589E-05    0.1500395671E-42    0.7549077071E-28    0.3728021406E-44
    0.7020000000E+00    0.1893734018E-22    0.1307625190E-23    0.3307045113E-07   -0.1287111556E-04   -0.4844479400E-42   -0.2437446939E-27   -0.1289792088E-43
    0.7020000000E+00    0.2029172559E-22    0.1401145635E-23    0.3384076090E-07   -0.5432890835E-05   -0.2191098505E-42   -0.1102427300E-27   -0.6250784080E-44
    0.7020000000E+00    0.2174297571E-22    0.1501354598E-23    0.3462901348E-07    0.4775667601E-04    0.2063787678E-41    0.1038372247E-26    0.6308667086E-43
    0.7020000000E+00    0.2329801823E-22    0.1608730435E-23    0.3543562682E-07   -0.2209224535E-03   -0.1022988571E-40   -0.5147055347E-26   -0.3350760417E-42
    0.7020000000E+00    0.2496427630E-22    0.1723785718E-23    0.3626102861E-07   -0.1201920975E-02   -0.5963577096E-40   -0.3000508731E-25   -0.2093049180E-41
    0.7020000000E+00    0.2674970400E-22    0.1847069675E-23    0.3710565646E-07    0.9804829475E-03    0.5212798873E-40    0.2622762862E-25    0.1960394898E-41
    0.7020000000E+00    0.2866282424E-22    0.1979170815E-23    0.3796995823E-07    0.3799515889E-01    0.2164507968E-38    0.1089048561E-23    0.8722315338E-40
    0.7020000000E+00    0.3071276952E-22    0.2120719737E-23    0.3885439218E-07    0.1798328962E+00    0.1097741448E-37    0.5523166292E-23    0.4739937960E-39
    0.7020000000E+00    0.3290932546E-22    0.2272392139E-23    0.3975942724E-07    0.1819373889E+00    0.1190016221E-37    0.5987436743E-23    0.5505863956E-39
    0.7020000000E+00    0.3526297755E-22    0.2434912046E-23    0.4068554327E-07   -0.1659592641E+00   -0.1163141160E-37   -0.5852217803E-23   -0.5766403374E-39
    0.7020000000E+00    0.3778496121E-22    0.2609055264E-23    0.4163323131E-07   -0.9750137047E+01   -0.7322200960E-36   -0.3684085501E-21   -0.3889683269E-37
    0.7020000000E+00    0.4048731538E-22    0.2795653084E-23    0.4260299385E-07   -0.7400514413E+03   -0.5955151749E-34   -0.2996269610E-19   -0.3389732502E-35
    0.7020000000E+00    0.4338294005E-22    0.2995596250E-23    0.4359534505E-07   -0.3197743824E+05   -0.2757240142E-32   -0.1387275286E-17   -0.1681694824E-33
    0.7020000000E+00    0.4648565778E-22    0.3209839213E-23    0.4461081109E-07   -0.3082100078E+05   -0.2847591320E-32   -0.1432734495E-17   -0.1861016635E-33
    0.7020000000E+00    0.4981027973E-22    0.3439404683E-23    0.4564993037E-07    0.1685104962E+07    0.1668237508E-30    0.8393554954E-16    0.1168235707E-31
    0.7020000000E+00    0.5337267633E-22    0.3685388516E-23    0.4671325384E-07    0.5714453197E+08    0.6061855840E-29    0.3049956609E-14    0.4548604732E-30
    0.7020000000E+00    0.5718985306E-22    0.3948964943E-23    0.4780134531E-07    0.5825692980E+08    0.6621837471E-29    0.3331705255E-14    0.5324160167E-30
    0.7020000000E+00    0.6128003161E-22    0.4231392172E-23    0.4891478167E-07   -0.1841218753E+10   -0.2242519940E-27   -0.1128299434E-12   -0.1932007946E-28
    0.7020000000E+00    0.6566273690E-22    0.4534018400E-23    0.5005415331E-07   -0.7816453195E+11   -0.1020095086E-25   -0.5132497097E-11   -0.9417014745E-27
    0.7020000000E+00    0.7035889022E-22    0.4858288246E-23    0.5122006431E-07   -0.2690942303E+13   -0.3763009459E-24   -0.1893317141E-09   -0.3722270281E-25
    0.7020000000E+00    0.7539090917E-22    0.5205749646E-23    0.5241313287E-07   -0.8331103185E+14   -0.1248341583E-22   -0.6280894435E-08   -0.1323140711E-23
    0.7020000000E+00    0.8078281461E-22    0.5578061244E-23    0.5363399157E-07   -0.3071279930E+15   -0.4931173983E-22   -0.2481066372E-07   -0.5600449951E-23
    0.7020000000E+00    0.8656034539E-22    0.5977000309E-23    0.5488328773E-07    0.3849129242E+15    0.6622064667E-22    0.3331819566E-07    0.8058718995E-23
    0.7020000000E+00    0.9275108115E-22    0.6404471218E-23    0.5616168372E-07    0.2058762560E+17    0.3795222007E-20    0.1909524533E-05    0.4948912560E-21
    0.7020000000E+00    0.9938457404E-22    0.6862514550E-23    0.5746985739E-07    0.4406372694E+18    0.8703865096E-19    0.4379254732E-04    0.1216143284E-19
    0.7020000000E+00    0.1064924897E-21    0.7353316823E-23    0.5880850233E-07    0.8190245553E+19    0.1733515968E-17    0.8721996404E-03    0.2595376938E-18
    0.7020000000E+00    0.1141087586E-21    0.7879220933E-23    0.6017832832E-07    0.4393965076E+20    0.9965234540E-17    0.5013899001E-02    0.1598674764E-17
    0.7020000000E+00    0.1222697377E-21    0.8442737340E-23    0.6158006166E-07    0.2369240800E+20    0.5757581932E-17    0.2896864512E-02    0.9897208550E-18
    0.7020000000E+00    0.1310143844E-21    0.9046556049E-23    0.6301444556E-07   -0.5675389761E+21   -0.1477837274E-15   -0.7435576960E-01   -0.2722069510E-16
    0.7020000000E+00    0.1403844422E-21    0.9693559452E-23    0.6448224056E-07   -0.8657295038E+22   -0.2415533930E-14   -0.1215349535E+01   -0.4767445501E-15
    0.7020000000E+00    0.1504246400E-21    0.1038683609E-22    0.6598422489E-07   -0.1025291470E+24   -0.3065337286E-13   -0.1542291002E+02   -0.6482624449E-14
    0.7020000000E+00    0.1611829057E-21    0.1112969539E-22    0.6752119493E-07   -0.1088532022E+25   -0.3487162079E-12   -0.1754527542E+03   -0.7902140154E-13
    0.7020000000E+00    0.1727105951E-21    0.1192568347E-22    0.6909396560E-07   -0.1058164922E+26   -0.3632321527E-11   -0.1827562935E+04   -0.8819762275E-12
    0.7020000000E+00    0.1850627369E-21    0.1277860007E-22    0.7070337081E-07   -0.4792903139E+26   -0.1762907706E-10   -0.8869877726E+04   -0.4586719387E-11
    0.7020000000E+00    0.1982982953E-21    0.1369251667E-22    0.7235026388E-07   -0.4877944120E+26   -0.1922506181E-10   -0.9672880034E+04   -0.5359698249E-11
    0.7020000000E+00    0.2124804516E-21    0.1467179595E-22    0.7403551802E-07    0.6513957501E+26    0.2750906596E-10    0.1384088631E+05    0.8217665124E-11
    0.7020000000E+00    0.2276769058E-21    0.1572111260E-22    0.7576002677E-07    0.1096251114E+28    0.4960677247E-09    0.2495910618E+06    0.1587864966E-09
    0.7020000000E+00    0.2439602000E-21    0.1684547565E-22    0.7752470448E-07    0.8217852564E+28    0.3984641642E-08    0.2004828955E+07    0.1366664345E-08
    0.7020000000E+00    0.2614080640E-21    0.1805025236E-22    0.7933048683E-07    0.5196674138E+29    0.2699954272E-07    0.1358452526E+08    0.9922680406E-08
    0.7020000000E+00    0.2801037871E-21    0.1934119387E-22    0.8117833125E-07    0.2991014226E+30    0.1665134820E-06    0.8377944121E+08    0.6557253860E-07
    0.7020000000E+00    0.3001366153E-21    0.2072446262E-22    0.8306921749E-07    0.1595348988E+31    0.9516705389E-06    0.4788226454E+09    0.4015681130E-06
    0.7020000000E+00    0.3216021775E-21    0.2220666179E-22    0.8500414813E-07    0.7930056927E+31    0.5068824198E-05    0.2550323576E+10    0.2291816404E-05
    0.7020000000E+00    0.3446029418E-21    0.2379486681E-22    0.8698414910E-07    0.3682224807E+32    0.2521977591E-04    0.1268905501E+11    0.1221838536E-04
    0.7020000000E+00    0.3692487048E-21    0.2549665916E-22    0.8901027021E-07    0.1599812479E+33    0.1174086255E-03    0.5907286858E+11    0.6094984405E-04
    0.7020000000E+00    0.3956571157E-21    0.2732016250E-22    0.9108358575E-07    0.6515063819E+33    0.5123297770E-03    0.2577731359E+12    0.2849851254E-03
    0.7020000000E+00    0.4239542377E-21    0.2927408154E-22    0.9320519501E-07    0.2492129863E+34    0.2099914408E-02    0.1056549016E+13    0.1251624882E-02
    0.7020000000E+00    0.4542751502E-21    0.3136774352E-22    0.9537622289E-07    0.8973677020E+34    0.8102170130E-02    0.4076518476E+13    0.5174566268E-02
    0.7020000000E+00    0.4867645933E-21    0.3361114274E-22    0.9759782052E-07    0.2576355974E+35    0.2492509332E-01    0.1254078868E+14    0.1705726465E-01
    0.7020000000E+00    0.5215776589E-21    0.3601498832E-22    0.9987116580E-07    0.5042695109E+35    0.5227495102E-01    0.2630157109E+14    0.3833241925E-01
    0.7020000000E+00    0.5588805307E-21    0.3859075526E-22    0.1021974641E-06    0.7633271435E+35    0.8478941323E-01    0.4266086790E+14    0.6662147207E-01
    0.7020000000E+00    0.5988512779E-21    0.4135073927E-22    0.1045779488E-06    0.9462426975E+35    0.1126246527E+00    0.5666586487E+14    0.9482133372E-01
    0.7020000000E+00    0.6416807053E-21    0.4430811541E-22    0.1070138822E-06    0.9890529671E+35    0.1261393167E+00    0.6346562055E+14    0.1137949708E+00
    0.7020000000E+00    0.6875732635E-21    0.4747700104E-22    0.1095065557E-06    0.9794893181E+35    0.1338537763E+00    0.6734706670E+14    0.1293907478E+00
    0.7020000000E+00    0.7367480256E-21    0.5087252317E-22    0.1120572911E-06    0.9162999581E+35    0.1341740690E+00    0.6750821850E+14    0.1389764409E+00
    0.7020000000E+00    0.7894397325E-21    0.5451089068E-22    0.1146674407E-06    0.7306116042E+35    0.1146350671E+00    0.5767738294E+14    0.1272301633E+00
    0.7020000000E+00    0.8458999137E-21    0.5840947171E-22    0.1173383885E-06    0.5021318698E+35    0.8442065363E-01    0.4247533053E+14    0.1003971317E+00
    0.7020000000E+00    0.9063980879E-21    0.6258687655E-22    0.1200715507E-06    0.3068125887E+35    0.5527186246E-01    0.2780943438E+14    0.7043308219E-01
    0.7020000000E+00    0.9712230494E-21    0.6706304648E-22    0.1228683764E-06    0.1700828903E+35    0.3283156246E-01    0.1651884234E+14    0.4482952593E-01
    0.7020000000E+00    0.1040684247E-20    0.7185934897E-22    0.1257303485E-06    0.8639694626E+34    0.1787019602E-01    0.8991194097E+13    0.2614579858E-01
    0.7020000000E+00    0.1115113261E-20    0.7699867968E-22    0.1286589846E-06    0.4016067283E+34    0.8900858644E-02    0.4478369886E+13    0.1395418572E-01
    0.7020000000E+00    0.1194865387E-20    0.8250557175E-22    0.1316558373E-06    0.1690204019E+34    0.4013932397E-02    0.2019566279E+13    0.6742836804E-02
    0.7020000000E+00    0.1280321329E-20    0.8840631292E-22    0.1347224957E-06    0.6339921934E+33    0.1613298887E-02    0.8117137279E+12    0.2903938596E-02
    0.7020000000E+00    0.1371889021E-20    0.9472907100E-22    0.1378605858E-06    0.2084694782E+33    0.5684253046E-03    0.2859969884E+12    0.1096341864E-02
    0.7020000000E+00    0.1470005571E-20    0.1015040283E-21    0.1410717713E-06    0.5921293166E+32    0.1730005515E-03    0.8704333943E+11    0.3575362514E-03
    0.7020000000E+00    0.1575139348E-20    0.1087635259E-21    0.1443577550E-06    0.1435795009E+32    0.4494934454E-04    0.2261577214E+11    0.9953961530E-04
    0.7020000000E+00    0.1687792220E-20    0.1165422177E-21    0.1477202791E-06    0.2829294962E+31    0.9490938302E-05    0.4775262026E+10    0.2252069272E-04
    0.7020000000E+00    0.1808501947E-20    0.1248772362E-21    0.1511611264E-06    0.4659900052E+30    0.1674971901E-05    0.8427438317E+09    0.4258730133E-05
    0.7020000000E+00    0.1937844750E-20    0.1338083694E-21    0.1546821213E-06    0.9770985453E+29    0.3763303900E-06    0.1893465286E+09    0.1025278583E-05
    0.7020000000E+00    0.2076438060E-20    0.1433782510E-21    0.1582851308E-06    0.2157160889E+29    0.8902530322E-07    0.4479210972E+08    0.2598878979E-06
    0.7020000000E+00    0.2224943467E-20    0.1536325639E-21    0.1619720651E-06    0.5002939923E+28    0.2212362109E-07    0.1113125850E+08    0.6920361901E-07
    0.7020000000E+00    0.2384069878E-20    0.1646202581E-21    0.1657448792E-06    0.1020792904E+28    0.4836916236E-08    0.2433641615E+07    0.1621217046E-07
    0.7020000000E+00    0.2554576900E-20    0.1763937846E-21    0.1696055734E-06    0.2156397834E+27    0.1094863079E-08    0.5508684095E+06    0.3932171089E-08
    0.7020000000E+00    0.2737278465E-20    0.1890093455E-21    0.1735561947E-06    0.5121423973E+26    0.2786260088E-09    0.1401876355E+06    0.1072245541E-08
    0.7020000000E+00    0.2933046719E-20    0.2025271626E-21    0.1775988378E-06    0.1241281251E+26    0.7236042676E-10    0.3640735901E+05    0.2983827515E-09
    0.7020000000E+00    0.3142816182E-20    0.2170117645E-21    0.1817356462E-06    0.2337575785E+25    0.1460147145E-10    0.7346571005E+04    0.6451626521E-10
    0.7020000000E+00    0.3367588212E-20    0.2325322952E-21    0.1859688132E-06    0.5435410739E+24    0.3638005003E-11    0.1830422513E+04    0.1722407416E-10
    0.7020000000E+00    0.3608435782E-20    0.2491628434E-21    0.1903005833E-06    0.9366646100E+23    0.6717613848E-12    0.3379894094E+03    0.3407906182E-11
    0.7020000000E+00    0.3866508602E-20    0.2669827968E-21    0.1947332533E-06    0.3837640470E+23    0.2949138775E-12    0.1483826989E+03    0.1603126540E-11
