    0.8250000000E+00    0.4143038610E-23    0.2860772210E-24    0.1992691735E-07    0.0000000000E+00    0.0000000000E+00    0.0000000000E+00    0.0000000000E+00
    0.8250000000E+00    0.4439345853E-23    0.3065372650E-24    0.2039107488E-07    0.0000000000E+00    0.0000000000E+00    0.0000000000E+00    0.0000000000E+00
    0.8250000000E+00    0.4756844785E-23    0.3284605973E-24    0.2086604403E-07    0.0000000000E+00    0.0000000000E+00    0.0000000000E+00    0.0000000000E+00
    0.8250000000E+00    0.5097051019E-23    0.3519518710E-24    0.2135207663E-07    0.0000000000E+00    0.0000000000E+00    0.0000000000E+00    0.0000000000E+00
    0.8250000000E+00    0.5461588566E-23    0.3771232243E-24    0.2184943039E-07    0.0000000000E+00    0.0000000000E+00    0.0000000000E+00    0.0000000000E+00
    0.8250000000E+00    0.5852197586E-23    0.4040948153E-24    0.2235836900E-07    0.0000000000E+00    0.0000000000E+00    0.0000000000E+00    0.0000000000E+00
    0.8250000000E+00    0.6270742692E-23    0.4329953957E-24    0.2287916232E-07    0.0000000000E+00    0.0000000000E+00    0.0000000000E+00    0.0000000000E+00
    0.8250000000E+00    0.6719221852E-23    0.4639629256E-24    0.2341208647E-07    0.0000000000E+00    0.0000000000E+00    0.0000000000E+00    0.0000000000E+00
    0.8250000000E+00    0.7199775931E-23    0.4971452317E-24    0.2395742402E-07    0.0000000000E+00    0.0000000000E+00    0.0000000000E+00    0.0000000000E+00
    0.8250000000E+00    0.7714698903E-23    0.5327007132E-24    0.2451546411E-07    0.0000000000E+00    0.0000000000E+00    0.0000000000E+00    0.0000000000E+00
    0.8250000000E+00    0.8266448809E-23    0.5707990981E-24    0.2508650263E-07    0.0000000000E+00    0.0000000000E+00    0.0000000000E+00    0.0000000000E+00
    0.8250000000E+00    0.8857659485E-23    0.6116222531E-24    0.2567084234E-07    0.0000000000E+00    0.0000000000E+00    0.0000000000E+00    0.0000000000E+00
    0.8250000000E+00    0.9491153137E-23    0.6553650517E-24    0.2626879307E-07    0.0000000000E+00    0.0000000000E+00    0.0000000000E+00    0.0000000000E+00
    0.8250000000E+00    0.1016995382E-22    0.7022363048E-24    0.2688067187E-07    0.0000000000E+00    0.0000000000E+00    0.0000000000E+00    0.0000000000E+00
    0.8250000000E+00    0.1089730185E-22    0.7524597575E-24    0.2750680315E-07    0.0000000000E+00    0.0000000000E+00    0.0000000000E+00    0.0000000000E+00
    0.8250000000E+00    0.1167666930E-22    0.8062751566E-24    0.2814751890E-07    0.0000000000E+00    0.0000000000E+00    0.0000000000E+00    0.0000000000E+00
    0.8250000000E+00    0.1251177658E-22    0.8639393956E-24    0.2880315884E-07    0.0000000000E+00    0.0000000000E+00    0.0000000000E+00    0.0000000000E+00
    0.8250000000E+00    0.1340661015E-22    0.9257277409E-24    0.2947407060E-07    0.0000000000E+00    0.0000000000E+00    0.0000000000E+00    0.0000000000E+00
    0.8250000000E+00    0.1436544159E-22    0.9919351458E-24    0.3016060990E-07    0.0000000000E+00    0.0000000000E+00    0.0000000000E+00    0.0000000000E+00
    0.8250000000E+00    0.1539284799E-22    0.1062877658E-23    0.3086314075E-07    0.0000000000E+00    0.0000000000E+00    0.0000000000E+00    0.0000000000E+00
    0.8250000000E+00    0.1649373379E-22    0.1138893930E-23    0.3158203565E-07    0.0000000000E+00    0.0000000000E+00    0.0000000000E+00    0.0000000000E+00
    0.8250000000E+00    0.1767335417E-22    0.1220346833E-23    0.3231767576E-07    0.0000000000E+00    0.0000000000E+00    0.0000000000E+00    0.0000000000E+00
    0.8250000000E+00    0.1893734018E-22    0.1307625190E-23    0.3307045113E-07   -0.1231606269E-15   -0.4635566490E-53   -0.2332334688E-38   -0.7922026762E-55
    0.8250000000E+00    0.2029172559E-22    0.1401145635E-23    0.3384076090E-07   -0.2175423942E-15   -0.8773539341E-53   -0.4414310568E-38   -0.1606602056E-54
    0.8250000000E+00    0.2174297571E-22    0.1501354598E-23    0.3462901348E-07   -0.2446215130E-15   -0.1057123122E-52   -0.5318799615E-38   -0.2074240274E-54
    0.8250000000E+00    0.2329801823E-22    0.1608730435E-23    0.3543562682E-07    0.1921206336E-15    0.8896208115E-53    0.4476030023E-38    0.1870416929E-54
    0.8250000000E+00    0.2496427630E-22    0.1723785718E-23    0.3626102861E-07    0.1460723349E-14    0.7247678081E-52    0.3646590128E-37    0.1632797721E-53
    0.8250000000E+00    0.2674970400E-22    0.1847069675E-23    0.3710565646E-07   -0.1450064164E-15   -0.7709356761E-53   -0.3878878717E-38   -0.1861022544E-54
    0.8250000000E+00    0.2866282424E-22    0.1979170815E-23    0.3796995823E-07   -0.2979847618E-13   -0.1697559400E-50   -0.8541084856E-36   -0.4390949783E-52
    0.8250000000E+00    0.3071276952E-22    0.2120719737E-23    0.3885439218E-07   -0.1372824541E-12   -0.8380037422E-50   -0.4216324372E-35   -0.2322626883E-51
    0.8250000000E+00    0.3290932546E-22    0.2272392139E-23    0.3975942724E-07   -0.3251587925E-13   -0.2126798895E-50   -0.1070075653E-35   -0.6316258803E-52
    0.8250000000E+00    0.3526297755E-22    0.2434912046E-23    0.4068554327E-07    0.8126192490E-11    0.5695318673E-48    0.2865537433E-33    0.1812389427E-49
    0.8250000000E+00    0.3778496121E-22    0.2609055264E-23    0.4163323131E-07    0.3520861140E-10    0.2644111841E-47    0.1330356016E-32    0.9015987721E-49
    0.8250000000E+00    0.4048731538E-22    0.2795653084E-23    0.4260299385E-07   -0.6273660102E-09   -0.5048378511E-46   -0.2540036551E-31   -0.1844528627E-47
    0.8250000000E+00    0.4338294005E-22    0.2995596250E-23    0.4359534505E-07   -0.1198132440E-07   -0.1033084274E-44   -0.5197850779E-30   -0.4044540991E-46
    0.8250000000E+00    0.4648565778E-22    0.3209839213E-23    0.4461081109E-07    0.5682092380E-07    0.5249757155E-44    0.2641358018E-29    0.2202280861E-45
    0.8250000000E+00    0.4981027973E-22    0.3439404683E-23    0.4564993037E-07    0.2114395786E-05    0.2093231244E-42    0.1053186456E-27    0.9409156648E-44
    0.8250000000E+00    0.5337267633E-22    0.3685388516E-23    0.4671325384E-07   -0.3222656902E-05   -0.3418574076E-42   -0.1720018237E-27   -0.1646563505E-43
    0.8250000000E+00    0.5718985306E-22    0.3948964943E-23    0.4780134531E-07   -0.9323107066E-03   -0.1059721134E-39   -0.5331871231E-25   -0.5469216131E-41
    0.8250000000E+00    0.6128003161E-22    0.4231392172E-23    0.4891478167E-07   -0.1080379637E+00   -0.1315852815E-37   -0.6620569830E-23   -0.7276806127E-39
    0.8250000000E+00    0.6566273690E-22    0.4534018400E-23    0.5005415331E-07   -0.5030587127E+00   -0.6565224764E-37   -0.3303221189E-22   -0.3890299967E-38
    0.8250000000E+00    0.7035889022E-22    0.4858288246E-23    0.5122006431E-07    0.4177834319E+01    0.5842276902E-36    0.2939477862E-21    0.3709502153E-37
    0.8250000000E+00    0.7539090917E-22    0.5205749646E-23    0.5241313287E-07    0.3964299520E+03    0.5940149615E-34    0.2988721450E-19    0.4041391039E-35
    0.8250000000E+00    0.8078281461E-22    0.5578061244E-23    0.5363399157E-07    0.3696950915E+04    0.5935736430E-33    0.2986501004E-18    0.4327211263E-34
    0.8250000000E+00    0.8656034539E-22    0.5977000309E-23    0.5488328773E-07   -0.6125856990E+04   -0.1053896052E-32   -0.5302562968E-18   -0.8232491068E-34
    0.8250000000E+00    0.9275108115E-22    0.6404471218E-23    0.5616168372E-07   -0.6687498087E+06   -0.1232805589E-30   -0.6202726777E-16   -0.1031877363E-31
    0.8250000000E+00    0.9938457404E-22    0.6862514550E-23    0.5746985739E-07   -0.3222661519E+08   -0.6365691934E-29   -0.3202828423E-14   -0.5709250620E-30
    0.8250000000E+00    0.1064924897E-21    0.7353316823E-23    0.5880850233E-07   -0.1373036248E+10   -0.2906115874E-27   -0.1462180486E-12   -0.2792842323E-28
    0.8250000000E+00    0.1141087586E-21    0.7879220933E-23    0.6017832832E-07   -0.5266468408E+11   -0.1194401685E-25   -0.6009501723E-11   -0.1229939920E-26
    0.8250000000E+00    0.1222697377E-21    0.8442737340E-23    0.6158006166E-07   -0.1646953940E+12   -0.4002325238E-25   -0.2013726264E-10   -0.4416170863E-26
    0.8250000000E+00    0.1310143844E-21    0.9046556049E-23    0.6301444556E-07    0.4548427274E+12    0.1184383038E-24    0.5959093994E-10    0.1400314769E-25
    0.8250000000E+00    0.1403844422E-21    0.9693559452E-23    0.6448224056E-07    0.2113198514E+14    0.5896186613E-23    0.2966601945E-08    0.7469726676E-24
    0.8250000000E+00    0.1504246400E-21    0.1038683609E-22    0.6598422489E-07    0.5458733071E+15    0.1632009874E-21    0.8211279568E-07    0.2215421022E-22
    0.8250000000E+00    0.1611829057E-21    0.1112969539E-22    0.6752119493E-07    0.1248378300E+17    0.3999236935E-20    0.2012172418E-05    0.5817154857E-21
    0.8250000000E+00    0.1727105951E-21    0.1192568347E-22    0.6909396560E-07    0.1577458059E+18    0.5414878860E-19    0.2724437202E-04    0.8439607232E-20
    0.8250000000E+00    0.1850627369E-21    0.1277860007E-22    0.7070337081E-07    0.1725536113E+18    0.6346802393E-19    0.3193324357E-04    0.1059957537E-19
    0.8250000000E+00    0.1982982953E-21    0.1369251667E-22    0.7235026388E-07   -0.1271861378E+19   -0.5012688340E-18   -0.2522079431E-03   -0.8970242710E-19
    0.8250000000E+00    0.2124804516E-21    0.1467179595E-22    0.7403551802E-07   -0.2705677528E+20   -0.1142633515E-16   -0.5749035829E-02   -0.2190990270E-17
    0.8250000000E+00    0.2276769058E-21    0.1572111260E-22    0.7576002677E-07   -0.3986357391E+21   -0.1803877975E-15   -0.9076015163E-01   -0.3706300656E-16
    0.8250000000E+00    0.2439602000E-21    0.1684547565E-22    0.7752470448E-07   -0.5240932502E+22   -0.2541203767E-14   -0.1278578941E+01   -0.5594650754E-15
    0.8250000000E+00    0.2614080640E-21    0.1805025236E-22    0.7933048683E-07   -0.6323579289E+23   -0.3285442663E-13   -0.1653034619E+02   -0.7750458279E-14
    0.8250000000E+00    0.2801037871E-21    0.1934119387E-22    0.8117833125E-07   -0.7043104939E+24   -0.3920984118E-12   -0.1972800366E+03   -0.9911253258E-13
    0.8250000000E+00    0.3001366153E-21    0.2072446262E-22    0.8306921749E-07   -0.2669018354E+25   -0.1592144512E-11   -0.8010701349E+03   -0.4312369588E-12
    0.8250000000E+00    0.3216021775E-21    0.2220666179E-22    0.8500414813E-07   -0.2150994281E+25   -0.1374897049E-11   -0.6917644448E+03   -0.3990282745E-12
    0.8250000000E+00    0.3446029418E-21    0.2379486681E-22    0.8698414910E-07    0.1104305971E+26    0.7563457040E-11    0.3805470864E+04    0.2352089455E-11
    0.8250000000E+00    0.3692487048E-21    0.2549665916E-22    0.8901027021E-07    0.1361047659E+27    0.9988591603E-10    0.5025650853E+05    0.3328417121E-10
    0.8250000000E+00    0.3956571157E-21    0.2732016250E-22    0.9108358575E-07    0.1108675510E+28    0.8718371645E-09    0.4386553543E+06    0.3112926514E-09
    0.8250000000E+00    0.4239542377E-21    0.2927408154E-22    0.9320519501E-07    0.7942658166E+28    0.6692629691E-08    0.3367323588E+07    0.2560532463E-08
    0.8250000000E+00    0.4542751502E-21    0.3136774352E-22    0.9537622289E-07    0.5227424923E+29    0.4719747097E-07    0.2374689242E+08    0.1934871905E-07
    0.8250000000E+00    0.4867645933E-21    0.3361114274E-22    0.9759782052E-07    0.3194067259E+30    0.3090117410E-06    0.1554758850E+09    0.1357401958E-06
    0.8250000000E+00    0.5215776589E-21    0.3601498832E-22    0.9987116580E-07    0.1818494564E+31    0.1885137059E-05    0.9484861375E+09    0.8873121361E-06
    0.8250000000E+00    0.5588805307E-21    0.3859075526E-22    0.1021974641E-06    0.9665408321E+31    0.1073621326E-04    0.5401808532E+10    0.5414827429E-05
    0.8250000000E+00    0.5988512779E-21    0.4135073927E-22    0.1045779488E-06    0.4802103838E+32    0.5715608464E-04    0.2875746020E+11    0.3088843901E-04
    0.8250000000E+00    0.6416807053E-21    0.4430811541E-22    0.1070138822E-06    0.2232034329E+33    0.2846635059E-03    0.1432253363E+12    0.1648410166E-03
    0.8250000000E+00    0.6875732635E-21    0.4747700104E-22    0.1095065557E-06    0.9707777706E+33    0.1326632850E-02    0.6674808399E+12    0.8231599601E-03
    0.8250000000E+00    0.7367480256E-21    0.5087252317E-22    0.1120572911E-06    0.3948651661E+34    0.5782022097E-02    0.2909161315E+13    0.3844264291E-02
    0.8250000000E+00    0.7894397325E-21    0.5451089068E-22    0.1146674407E-06    0.1458319296E+35    0.2288145021E-01    0.1151255195E+14    0.1630110469E-01
    0.8250000000E+00    0.8458999137E-21    0.5840947171E-22    0.1173383885E-06    0.3500009427E+35    0.5884372240E-01    0.2960657673E+14    0.4491936709E-01
    0.8250000000E+00    0.9063980879E-21    0.6258687655E-22    0.1200715507E-06    0.5653652534E+35    0.1018497665E+00    0.5124459846E+14    0.8330930821E-01
    0.8250000000E+00    0.9712230494E-21    0.6706304648E-22    0.1228683764E-06    0.6955844801E+35    0.1342705622E+00    0.6755676798E+14    0.1176831536E+00
    0.8250000000E+00    0.1040684247E-20    0.7185934897E-22    0.1257303485E-06    0.7087629996E+35    0.1465993219E+00    0.7375984886E+14    0.1376782864E+00
    0.8250000000E+00    0.1115113261E-20    0.7699867968E-22    0.1286589846E-06    0.6913068691E+35    0.1532151801E+00    0.7708854574E+14    0.1541825722E+00
    0.8250000000E+00    0.1194865387E-20    0.8250557175E-22    0.1316558373E-06    0.5990760394E+35    0.1422698501E+00    0.7158152238E+14    0.1534074194E+00
    0.8250000000E+00    0.1280321329E-20    0.8840631292E-22    0.1347224957E-06    0.4197167112E+35    0.1068039181E+00    0.5373722576E+14    0.1234015673E+00
    0.8250000000E+00    0.1371889021E-20    0.9472907100E-22    0.1378605858E-06    0.2449284429E+35    0.6678364910E-01    0.3360146419E+14    0.8268060311E-01
    0.8250000000E+00    0.1470005571E-20    0.1015040283E-21    0.1410717713E-06    0.1208970556E+35    0.3532211075E-01    0.1777193453E+14    0.4685761054E-01
    0.8250000000E+00    0.1575139348E-20    0.1087635259E-21    0.1443577550E-06    0.5059842682E+34    0.1584046543E-01    0.7969957304E+13    0.2251652823E-01
    0.8250000000E+00    0.1687792220E-20    0.1165422177E-21    0.1477202791E-06    0.1774942841E+34    0.5954088639E-02    0.2995734717E+13    0.9068778324E-02
    0.8250000000E+00    0.1808501947E-20    0.1248772362E-21    0.1511611264E-06    0.4850649072E+33    0.1743535442E-02    0.8772408291E+12    0.2845537219E-02
    0.8250000000E+00    0.1937844750E-20    0.1338083694E-21    0.1546821213E-06    0.4028594607E+32    0.1551616863E-03    0.7806790909E+11    0.2713425996E-03
    0.8250000000E+00    0.2076438060E-20    0.1433782510E-21    0.1582851308E-06    0.6803002347E+30    0.2807576151E-05    0.1412601300E+10    0.5260960429E-05
    0.8250000000E+00    0.2224943467E-20    0.1536325639E-21    0.1619720651E-06    0.1659262546E+30    0.7337464856E-06    0.3691765363E+09    0.1473260431E-05
    0.8250000000E+00    0.2384069878E-20    0.1646202581E-21    0.1657448792E-06    0.3778120064E+29    0.1790221131E-06    0.9007302241E+08    0.3851591055E-06
    0.8250000000E+00    0.2554576900E-20    0.1763937846E-21    0.1696055734E-06    0.5745127884E+28    0.2916961011E-07    0.1467637098E+08    0.6724563743E-07
    0.8250000000E+00    0.2737278465E-20    0.1890093455E-21    0.1735561947E-06    0.1120493244E+28    0.6095932738E-08    0.3067102028E+07    0.1505822066E-07
    0.8250000000E+00    0.2933046719E-20    0.2025271626E-21    0.1775988378E-06    0.2748373623E+27    0.1602162992E-08    0.8061108237E+06    0.4240725739E-08
    0.8250000000E+00    0.3142816182E-20    0.2170117645E-21    0.1817356462E-06    0.6071403782E+26    0.3792451546E-09    0.1908130606E+06    0.1075606780E-08
    0.8250000000E+00    0.3367588212E-20    0.2325322952E-21    0.1859688132E-06    0.1433014393E+26    0.9591388367E-10    0.4825802379E+05    0.2914841653E-09
    0.8250000000E+00    0.3608435782E-20    0.2491628434E-21    0.1903005833E-06    0.1744740947E+25    0.1251301247E-10    0.6295785664E+04    0.4074697455E-10
    0.8250000000E+00    0.3866508602E-20    0.2669827968E-21    0.1947332533E-06    0.5744278577E+24    0.4414346476E-11    0.2221030253E+04    0.1540280821E-10
