    0.8960000000E+00    0.4143038610E-23    0.2860772210E-24    0.1992691735E-07    0.0000000000E+00    0.0000000000E+00    0.0000000000E+00    0.0000000000E+00
    0.8960000000E+00    0.4439345853E-23    0.3065372650E-24    0.2039107488E-07    0.0000000000E+00    0.0000000000E+00    0.0000000000E+00    0.0000000000E+00
    0.8960000000E+00    0.4756844785E-23    0.3284605973E-24    0.2086604403E-07    0.0000000000E+00    0.0000000000E+00    0.0000000000E+00    0.0000000000E+00
    0.8960000000E+00    0.5097051019E-23    0.3519518710E-24    0.2135207663E-07    0.0000000000E+00    0.0000000000E+00    0.0000000000E+00    0.0000000000E+00
    0.8960000000E+00    0.5461588566E-23    0.3771232243E-24    0.2184943039E-07    0.0000000000E+00    0.0000000000E+00    0.0000000000E+00    0.0000000000E+00
    0.8960000000E+00    0.5852197586E-23    0.4040948153E-24    0.2235836900E-07    0.0000000000E+00    0.0000000000E+00    0.0000000000E+00    0.0000000000E+00
    0.8960000000E+00    0.6270742692E-23    0.4329953957E-24    0.2287916232E-07    0.0000000000E+00    0.0000000000E+00    0.0000000000E+00    0.0000000000E+00
    0.8960000000E+00    0.6719221852E-23    0.4639629256E-24    0.2341208647E-07    0.0000000000E+00    0.0000000000E+00    0.0000000000E+00    0.0000000000E+00
    0.8960000000E+00    0.7199775931E-23    0.4971452317E-24    0.2395742402E-07    0.0000000000E+00    0.0000000000E+00    0.0000000000E+00    0.0000000000E+00
    0.8960000000E+00    0.7714698903E-23    0.5327007132E-24    0.2451546411E-07    0.0000000000E+00    0.0000000000E+00    0.0000000000E+00    0.0000000000E+00
    0.8960000000E+00    0.8266448809E-23    0.5707990981E-24    0.2508650263E-07    0.0000000000E+00    0.0000000000E+00    0.0000000000E+00    0.0000000000E+00
    0.8960000000E+00    0.8857659485E-23    0.6116222531E-24    0.2567084234E-07    0.0000000000E+00    0.0000000000E+00    0.0000000000E+00    0.0000000000E+00
    0.8960000000E+00    0.9491153137E-23    0.6553650517E-24    0.2626879307E-07    0.0000000000E+00    0.0000000000E+00    0.0000000000E+00    0.0000000000E+00
    0.8960000000E+00    0.1016995382E-22    0.7022363048E-24    0.2688067187E-07    0.0000000000E+00    0.0000000000E+00    0.0000000000E+00    0.0000000000E+00
    0.8960000000E+00    0.1089730185E-22    0.7524597575E-24    0.2750680315E-07    0.0000000000E+00    0.0000000000E+00    0.0000000000E+00    0.0000000000E+00
    0.8960000000E+00    0.1167666930E-22    0.8062751566E-24    0.2814751890E-07    0.0000000000E+00    0.0000000000E+00    0.0000000000E+00    0.0000000000E+00
    0.8960000000E+00    0.1251177658E-22    0.8639393956E-24    0.2880315884E-07    0.0000000000E+00    0.0000000000E+00    0.0000000000E+00    0.0000000000E+00
    0.8960000000E+00    0.1340661015E-22    0.9257277409E-24    0.2947407060E-07    0.0000000000E+00    0.0000000000E+00    0.0000000000E+00    0.0000000000E+00
    0.8960000000E+00    0.1436544159E-22    0.9919351458E-24    0.3016060990E-07    0.0000000000E+00    0.0000000000E+00    0.0000000000E+00    0.0000000000E+00
    0.8960000000E+00    0.1539284799E-22    0.1062877658E-23    0.3086314075E-07    0.0000000000E+00    0.0000000000E+00    0.0000000000E+00    0.0000000000E+00
    0.8960000000E+00    0.1649373379E-22    0.1138893930E-23    0.3158203565E-07    0.0000000000E+00    0.0000000000E+00    0.0000000000E+00    0.0000000000E+00
    0.8960000000E+00    0.1767335417E-22    0.1220346833E-23    0.3231767576E-07    0.0000000000E+00    0.0000000000E+00    0.0000000000E+00    0.0000000000E+00
    0.8960000000E+00    0.1893734018E-22    0.1307625190E-23    0.3307045113E-07    0.0000000000E+00    0.0000000000E+00    0.0000000000E+00    0.0000000000E+00
    0.8960000000E+00    0.2029172559E-22    0.1401145635E-23    0.3384076090E-07    0.0000000000E+00    0.0000000000E+00    0.0000000000E+00    0.0000000000E+00
    0.8960000000E+00    0.2174297571E-22    0.1501354598E-23    0.3462901348E-07    0.0000000000E+00    0.0000000000E+00    0.0000000000E+00    0.0000000000E+00
    0.8960000000E+00    0.2329801823E-22    0.1608730435E-23    0.3543562682E-07    0.0000000000E+00    0.0000000000E+00    0.0000000000E+00    0.0000000000E+00
    0.8960000000E+00    0.2496427630E-22    0.1723785718E-23    0.3626102861E-07    0.0000000000E+00    0.0000000000E+00    0.0000000000E+00    0.0000000000E+00
    0.8960000000E+00    0.2674970400E-22    0.1847069675E-23    0.3710565646E-07    0.0000000000E+00    0.0000000000E+00    0.0000000000E+00    0.0000000000E+00
    0.8960000000E+00    0.2866282424E-22    0.1979170815E-23    0.3796995823E-07    0.0000000000E+00    0.0000000000E+00    0.0000000000E+00    0.0000000000E+00
    0.8960000000E+00    0.3071276952E-22    0.2120719737E-23    0.3885439218E-07   -0.1178762181E-15   -0.7195436047E-53   -0.3620305119E-38   -0.1780460495E-54
    0.8960000000E+00    0.3290932546E-22    0.2272392139E-23    0.3975942724E-07   -0.9200689943E-15   -0.6017988028E-52   -0.3027884998E-37   -0.1595609244E-53
    0.8960000000E+00    0.3526297755E-22    0.2434912046E-23    0.4068554327E-07   -0.4618908815E-14   -0.3237205820E-51   -0.1628764778E-36   -0.9196986242E-53
    0.8960000000E+00    0.3778496121E-22    0.2609055264E-23    0.4163323131E-07    0.9130187820E-14    0.6856628752E-51    0.3449837926E-36    0.2087304742E-52
    0.8960000000E+00    0.4048731538E-22    0.2795653084E-23    0.4260299385E-07    0.5157040968E-12    0.4149841461E-49    0.2087947441E-34    0.1353651066E-50
    0.8960000000E+00    0.4338294005E-22    0.2995596250E-23    0.4359534505E-07   -0.2083942179E-11   -0.1796869714E-48   -0.9040753861E-34   -0.6280465193E-50
    0.8960000000E+00    0.4648565778E-22    0.3209839213E-23    0.4461081109E-07   -0.1895872606E-09   -0.1751620725E-46   -0.8813088513E-32   -0.6560173107E-48
    0.8960000000E+00    0.4981027973E-22    0.3439404683E-23    0.4564993037E-07    0.9367478752E-10    0.9273712769E-47    0.4665967370E-32    0.3721592903E-48
    0.8960000000E+00    0.5337267633E-22    0.3685388516E-23    0.4671325384E-07    0.4169096021E-07    0.4422550713E-44    0.2225158125E-29    0.1901726446E-45
    0.8960000000E+00    0.5718985306E-22    0.3948964943E-23    0.4780134531E-07    0.3044841046E-07    0.3460951787E-44    0.1741340120E-29    0.1594669815E-45
    0.8960000000E+00    0.6128003161E-22    0.4231392172E-23    0.4891478167E-07   -0.7387454765E-05   -0.8997580865E-42   -0.4527034615E-27   -0.4442229408E-43
    0.8960000000E+00    0.6566273690E-22    0.4534018400E-23    0.5005415331E-07   -0.9866791793E-03   -0.1287676850E-39   -0.6478805536E-25   -0.6812117214E-41
    0.8960000000E+00    0.7035889022E-22    0.4858288246E-23    0.5122006431E-07   -0.1974613201E-01   -0.2761295976E-38   -0.1389315935E-23   -0.1565266117E-39
    0.8960000000E+00    0.7539090917E-22    0.5205749646E-23    0.5241313287E-07    0.2019547648E-01    0.3026112211E-38    0.1522555333E-23    0.1838062406E-39
    0.8960000000E+00    0.8078281461E-22    0.5578061244E-23    0.5363399157E-07    0.4867827280E+01    0.7815667664E-36    0.3932367888E-21    0.5086760714E-37
    0.8960000000E+00    0.8656034539E-22    0.5977000309E-23    0.5488328773E-07    0.1817282590E+03    0.3126463695E-34    0.1573046087E-19    0.2180362049E-35
    0.8960000000E+00    0.9275108115E-22    0.6404471218E-23    0.5616168372E-07    0.1494757253E+03    0.2755507474E-34    0.1386403513E-19    0.2059097056E-35
    0.8960000000E+00    0.9938457404E-22    0.6862514550E-23    0.5746985739E-07   -0.1067993639E+05   -0.2109597441E-32   -0.1061420929E-17   -0.1689175658E-33
    0.8960000000E+00    0.1064924897E-21    0.7353316823E-23    0.5880850233E-07   -0.6019930295E+06   -0.1274155363E-30   -0.6410773651E-16   -0.1093194935E-31
    0.8960000000E+00    0.1141087586E-21    0.7879220933E-23    0.6017832832E-07   -0.2868793824E+08   -0.6506242723E-29   -0.3273545019E-14   -0.5981436347E-30
    0.8960000000E+00    0.1222697377E-21    0.8442737340E-23    0.6158006166E-07   -0.1231337983E+10   -0.2992321137E-27   -0.1505553723E-12   -0.2947700973E-28
    0.8960000000E+00    0.1310143844E-21    0.9046556049E-23    0.6301444556E-07   -0.1782565776E+11   -0.4641693803E-26   -0.2335417579E-11   -0.4899499441E-27
    0.8960000000E+00    0.1403844422E-21    0.9693559452E-23    0.6448224056E-07   -0.1028087859E+11   -0.2868541611E-26   -0.1443275405E-11   -0.3244414835E-27
    0.8960000000E+00    0.1504246400E-21    0.1038683609E-22    0.6598422489E-07    0.6109984509E+12    0.1826716001E-24    0.9190922199E-10    0.2213840139E-25
    0.8960000000E+00    0.1611829057E-21    0.1112969539E-22    0.6752119493E-07    0.1870410075E+14    0.5991944155E-23    0.3014781307E-08    0.7781135558E-24
    0.8960000000E+00    0.1727105951E-21    0.1192568347E-22    0.6909396560E-07    0.4762386237E+15    0.1634765781E-21    0.8225145611E-07    0.2274734753E-22
    0.8960000000E+00    0.1850627369E-21    0.1277860007E-22    0.7070337081E-07    0.1098777743E+17    0.4041483199E-20    0.2033428164E-05    0.6025817884E-21
    0.8960000000E+00    0.1982982953E-21    0.1369251667E-22    0.7235026388E-07    0.4833587921E+17    0.1905024417E-19    0.9584922447E-05    0.3043517273E-20
    0.8960000000E+00    0.2124804516E-21    0.1467179595E-22    0.7403551802E-07   -0.4931185452E+16   -0.2082486812E-20   -0.1047780512E-05   -0.3564983171E-21
    0.8960000000E+00    0.2276769058E-21    0.1572111260E-22    0.7576002677E-07   -0.1403103722E+19   -0.6349224752E-18   -0.3194543141E-03   -0.1164651325E-18
    0.8960000000E+00    0.2439602000E-21    0.1684547565E-22    0.7752470448E-07   -0.2439827827E+20   -0.1183014599E-16   -0.5952208845E-02   -0.2325226846E-17
    0.8960000000E+00    0.2614080640E-21    0.1805025236E-22    0.7933048683E-07   -0.3565449971E+21   -0.1852444780E-15   -0.9320373741E-01   -0.3901400140E-16
    0.8960000000E+00    0.2801037871E-21    0.1934119387E-22    0.8117833125E-07   -0.4745264524E+22   -0.2641747779E-14   -0.1329166564E+01   -0.5961651368E-15
    0.8960000000E+00    0.3001366153E-21    0.2072446262E-22    0.8306921749E-07   -0.5819187108E+23   -0.3471308769E-13   -0.1746551122E+02   -0.8393990430E-14
    0.8960000000E+00    0.3216021775E-21    0.2220666179E-22    0.8500414813E-07   -0.5996839360E+24   -0.3833128153E-12   -0.1928596597E+03   -0.9931813679E-13
    0.8960000000E+00    0.3446029418E-21    0.2379486681E-22    0.8698414910E-07   -0.1232584965E+25   -0.8442047470E-12   -0.4247524051E+03   -0.2343813299E-12
    0.8960000000E+00    0.3692487048E-21    0.2549665916E-22    0.8901027021E-07   -0.2222287913E+24   -0.1630914703E-12   -0.8205769336E+02   -0.4851840019E-13
    0.8960000000E+00    0.3956571157E-21    0.2732016250E-22    0.9108358575E-07    0.1387176650E+26    0.1090844117E-10    0.5488463123E+04    0.3477266032E-11
    0.8960000000E+00    0.4239542377E-21    0.2927408154E-22    0.9320519501E-07    0.1407085262E+27    0.1185635892E-09    0.5965397596E+05    0.4049734598E-10
    0.8960000000E+00    0.4542751502E-21    0.3136774352E-22    0.9537622289E-07    0.1128056441E+28    0.1018501689E-08    0.5124480094E+06    0.3727665876E-09
    0.8960000000E+00    0.4867645933E-21    0.3361114274E-22    0.9759782052E-07    0.8152013000E+28    0.7886708469E-08    0.3968111293E+07    0.3092936557E-08
    0.8960000000E+00    0.5215776589E-21    0.3601498832E-22    0.9987116580E-07    0.5441862515E+29    0.5641290823E-07    0.2838353910E+08    0.2370575074E-07
    0.8960000000E+00    0.5588805307E-21    0.3859075526E-22    0.1021974641E-06    0.3377594342E+30    0.3751789057E-06    0.1887671718E+09    0.1689326663E-06
    0.8960000000E+00    0.5988512779E-21    0.4135073927E-22    0.1045779488E-06    0.1954060435E+31    0.2325781520E-05    0.1170191589E+10    0.1122132497E-05
    0.8960000000E+00    0.6416807053E-21    0.4430811541E-22    0.1070138822E-06    0.1055188958E+32    0.1345740001E-04    0.6770943944E+10    0.6957230399E-05
    0.8960000000E+00    0.6875732635E-21    0.4747700104E-22    0.1095065557E-06    0.5322517728E+32    0.7273576997E-04    0.3659620884E+11    0.4029241189E-04
    0.8960000000E+00    0.7367480256E-21    0.5087252317E-22    0.1120572911E-06    0.2508332493E+33    0.3672958555E-03    0.1848009012E+12    0.2180174483E-03
    0.8960000000E+00    0.7894397325E-21    0.5451089068E-22    0.1146674407E-06    0.1103926028E+34    0.1732091766E-02    0.8714830685E+12    0.1101656298E-02
    0.8960000000E+00    0.8458999137E-21    0.5840947171E-22    0.1173383885E-06    0.4531925190E+34    0.7619275129E-02    0.3833555127E+13    0.5192647962E-02
    0.8960000000E+00    0.9063980879E-21    0.6258687655E-22    0.1200715507E-06    0.1637799430E+35    0.2950472964E-01    0.1484498271E+14    0.2154601033E-01
    0.8960000000E+00    0.9712230494E-21    0.6706304648E-22    0.1228683764E-06    0.3673209487E+35    0.7090496079E-01    0.3567505719E+14    0.5548196647E-01
    0.8960000000E+00    0.1040684247E-20    0.7185934897E-22    0.1257303485E-06    0.5595759597E+35    0.1157417307E+00    0.5823418863E+14    0.9704321955E-01
    0.8960000000E+00    0.1115113261E-20    0.7699867968E-22    0.1286589846E-06    0.6484747887E+35    0.1437222542E+00    0.7231228366E+14    0.1291217028E+00
    0.8960000000E+00    0.1194865387E-20    0.8250557175E-22    0.1316558373E-06    0.6484404357E+35    0.1539930117E+00    0.7747990322E+14    0.1482436970E+00
    0.8960000000E+00    0.1280321329E-20    0.8840631292E-22    0.1347224957E-06    0.6174937579E+35    0.1571315866E+00    0.7905904290E+14    0.1620834678E+00
    0.8960000000E+00    0.1371889021E-20    0.9472907100E-22    0.1378605858E-06    0.4958307871E+35    0.1351961777E+00    0.6802248133E+14    0.1494306335E+00
    0.8960000000E+00    0.1470005571E-20    0.1015040283E-21    0.1410717713E-06    0.3196908490E+35    0.9340306525E-01    0.4699473291E+14    0.1106206875E+00
    0.8960000000E+00    0.1575139348E-20    0.1087635259E-21    0.1443577550E-06    0.1699460269E+35    0.5320371272E-01    0.2676886741E+14    0.6751762608E-01
    0.8960000000E+00    0.1687792220E-20    0.1165422177E-21    0.1477202791E-06    0.7460825175E+34    0.2502751829E-01    0.1259232269E+14    0.3403243407E-01
    0.8960000000E+00    0.1808501947E-20    0.1248772362E-21    0.1511611264E-06    0.2668219637E+34    0.9590748444E-02    0.4825480409E+13    0.1397422477E-01
    0.8960000000E+00    0.1937844750E-20    0.1338083694E-21    0.1546821213E-06    0.6877305114E+33    0.2648800296E-02    0.1332714961E+13    0.4135465867E-02
    0.8960000000E+00    0.2076438060E-20    0.1433782510E-21    0.1582851308E-06    0.2945718299E+32    0.1215688019E-03    0.6116601589E+11    0.2033749039E-03
    0.8960000000E+00    0.2224943467E-20    0.1536325639E-21    0.1619720651E-06    0.4323784450E+30    0.1912031132E-05    0.9620175967E+09    0.3427442547E-05
    0.8960000000E+00    0.2384069878E-20    0.1646202581E-21    0.1657448792E-06    0.1037455020E+30    0.4915867860E-06    0.2473365264E+09    0.9442248474E-06
    0.8960000000E+00    0.2554576900E-20    0.1763937846E-21    0.1696055734E-06    0.1758747831E+29    0.8929651271E-07    0.4492856581E+08    0.1837848563E-06
    0.8960000000E+00    0.2737278465E-20    0.1890093455E-21    0.1735561947E-06    0.2681627284E+28    0.1458912816E-07    0.7340360614E+07    0.3217396343E-07
    0.8960000000E+00    0.2933046719E-20    0.2025271626E-21    0.1775988378E-06    0.6571172064E+27    0.3830661379E-08    0.1927355466E+07    0.9052092588E-08
    0.8960000000E+00    0.3142816182E-20    0.2170117645E-21    0.1817356462E-06    0.1446845804E+27    0.9037601191E-09    0.4547170406E+06    0.2288381338E-08
    0.8960000000E+00    0.3367588212E-20    0.2325322952E-21    0.1859688132E-06    0.3464891930E+26    0.2319106095E-09    0.1166832922E+06    0.6292103267E-09
    0.8960000000E+00    0.3608435782E-20    0.2491628434E-21    0.1903005833E-06    0.4972179766E+25    0.3565970498E-10    0.1794179138E+05    0.1036699694E-09
    0.8960000000E+00    0.3866508602E-20    0.2669827968E-21    0.1947332533E-06    0.1647810366E+25    0.1266304512E-10    0.6371272954E+04    0.3944694538E-10
