    0.8860000000E+00    0.4143038610E-23    0.2860772210E-24    0.1992691735E-07    0.0000000000E+00    0.0000000000E+00    0.0000000000E+00    0.0000000000E+00
    0.8860000000E+00    0.4439345853E-23    0.3065372650E-24    0.2039107488E-07    0.0000000000E+00    0.0000000000E+00    0.0000000000E+00    0.0000000000E+00
    0.8860000000E+00    0.4756844785E-23    0.3284605973E-24    0.2086604403E-07    0.0000000000E+00    0.0000000000E+00    0.0000000000E+00    0.0000000000E+00
    0.8860000000E+00    0.5097051019E-23    0.3519518710E-24    0.2135207663E-07    0.0000000000E+00    0.0000000000E+00    0.0000000000E+00    0.0000000000E+00
    0.8860000000E+00    0.5461588566E-23    0.3771232243E-24    0.2184943039E-07    0.0000000000E+00    0.0000000000E+00    0.0000000000E+00    0.0000000000E+00
    0.8860000000E+00    0.5852197586E-23    0.4040948153E-24    0.2235836900E-07    0.0000000000E+00    0.0000000000E+00    0.0000000000E+00    0.0000000000E+00
    0.8860000000E+00    0.6270742692E-23    0.4329953957E-24    0.2287916232E-07    0.0000000000E+00    0.0000000000E+00    0.0000000000E+00    0.0000000000E+00
    0.8860000000E+00    0.6719221852E-23    0.4639629256E-24    0.2341208647E-07    0.0000000000E+00    0.0000000000E+00    0.0000000000E+00    0.0000000000E+00
    0.8860000000E+00    0.7199775931E-23    0.4971452317E-24    0.2395742402E-07    0.0000000000E+00    0.0000000000E+00    0.0000000000E+00    0.0000000000E+00
    0.8860000000E+00    0.7714698903E-23    0.5327007132E-24    0.2451546411E-07    0.0000000000E+00    0.0000000000E+00    0.0000000000E+00    0.0000000000E+00
    0.8860000000E+00    0.8266448809E-23    0.5707990981E-24    0.2508650263E-07    0.0000000000E+00    0.0000000000E+00    0.0000000000E+00    0.0000000000E+00
    0.8860000000E+00    0.8857659485E-23    0.6116222531E-24    0.2567084234E-07    0.0000000000E+00    0.0000000000E+00    0.0000000000E+00    0.0000000000E+00
    0.8860000000E+00    0.9491153137E-23    0.6553650517E-24    0.2626879307E-07    0.0000000000E+00    0.0000000000E+00    0.0000000000E+00    0.0000000000E+00
    0.8860000000E+00    0.1016995382E-22    0.7022363048E-24    0.2688067187E-07    0.0000000000E+00    0.0000000000E+00    0.0000000000E+00    0.0000000000E+00
    0.8860000000E+00    0.1089730185E-22    0.7524597575E-24    0.2750680315E-07    0.0000000000E+00    0.0000000000E+00    0.0000000000E+00    0.0000000000E+00
    0.8860000000E+00    0.1167666930E-22    0.8062751566E-24    0.2814751890E-07    0.0000000000E+00    0.0000000000E+00    0.0000000000E+00    0.0000000000E+00
    0.8860000000E+00    0.1251177658E-22    0.8639393956E-24    0.2880315884E-07    0.0000000000E+00    0.0000000000E+00    0.0000000000E+00    0.0000000000E+00
    0.8860000000E+00    0.1340661015E-22    0.9257277409E-24    0.2947407060E-07    0.0000000000E+00    0.0000000000E+00    0.0000000000E+00    0.0000000000E+00
    0.8860000000E+00    0.1436544159E-22    0.9919351458E-24    0.3016060990E-07    0.0000000000E+00    0.0000000000E+00    0.0000000000E+00    0.0000000000E+00
    0.8860000000E+00    0.1539284799E-22    0.1062877658E-23    0.3086314075E-07    0.0000000000E+00    0.0000000000E+00    0.0000000000E+00    0.0000000000E+00
    0.8860000000E+00    0.1649373379E-22    0.1138893930E-23    0.3158203565E-07    0.0000000000E+00    0.0000000000E+00    0.0000000000E+00    0.0000000000E+00
    0.8860000000E+00    0.1767335417E-22    0.1220346833E-23    0.3231767576E-07    0.0000000000E+00    0.0000000000E+00    0.0000000000E+00    0.0000000000E+00
    0.8860000000E+00    0.1893734018E-22    0.1307625190E-23    0.3307045113E-07    0.0000000000E+00    0.0000000000E+00    0.0000000000E+00    0.0000000000E+00
    0.8860000000E+00    0.2029172559E-22    0.1401145635E-23    0.3384076090E-07    0.0000000000E+00    0.0000000000E+00    0.0000000000E+00    0.0000000000E+00
    0.8860000000E+00    0.2174297571E-22    0.1501354598E-23    0.3462901348E-07    0.0000000000E+00    0.0000000000E+00    0.0000000000E+00    0.0000000000E+00
    0.8860000000E+00    0.2329801823E-22    0.1608730435E-23    0.3543562682E-07    0.0000000000E+00    0.0000000000E+00    0.0000000000E+00    0.0000000000E+00
    0.8860000000E+00    0.2496427630E-22    0.1723785718E-23    0.3626102861E-07    0.0000000000E+00    0.0000000000E+00    0.0000000000E+00    0.0000000000E+00
    0.8860000000E+00    0.2674970400E-22    0.1847069675E-23    0.3710565646E-07    0.0000000000E+00    0.0000000000E+00    0.0000000000E+00    0.0000000000E+00
    0.8860000000E+00    0.2866282424E-22    0.1979170815E-23    0.3796995823E-07    0.0000000000E+00    0.0000000000E+00    0.0000000000E+00    0.0000000000E+00
    0.8860000000E+00    0.3071276952E-22    0.2120719737E-23    0.3885439218E-07   -0.2309050469E-15   -0.1409497628E-52   -0.7091733486E-38   -0.3533197646E-54
    0.8860000000E+00    0.3290932546E-22    0.2272392139E-23    0.3975942724E-07   -0.1653066182E-14   -0.1081237663E-51   -0.5440129299E-37   -0.2904188145E-53
    0.8860000000E+00    0.3526297755E-22    0.2434912046E-23    0.4068554327E-07   -0.7999845235E-14   -0.5606767008E-51   -0.2820983629E-36   -0.1613675080E-52
    0.8860000000E+00    0.3778496121E-22    0.2609055264E-23    0.4163323131E-07    0.5036367555E-13    0.3782233539E-50    0.1902989527E-35    0.1166411854E-51
    0.8860000000E+00    0.4048731538E-22    0.2795653084E-23    0.4260299385E-07    0.9422906361E-12    0.7582559018E-49    0.3815081816E-34    0.2505644090E-50
    0.8860000000E+00    0.4338294005E-22    0.2995596250E-23    0.4359534505E-07   -0.9081084390E-11   -0.7830123923E-48   -0.3939641396E-33   -0.2772504237E-49
    0.8860000000E+00    0.4648565778E-22    0.3209839213E-23    0.4461081109E-07   -0.3442596122E-09   -0.3180658183E-46   -0.1600313452E-31   -0.1206759099E-47
    0.8860000000E+00    0.4981027973E-22    0.3439404683E-23    0.4564993037E-07    0.8769529753E-09    0.8681749082E-46    0.4368127301E-31    0.3529480712E-47
    0.8860000000E+00    0.5337267633E-22    0.3685388516E-23    0.4671325384E-07    0.7448494027E-07    0.7901315394E-44    0.3975460608E-29    0.3441937507E-45
    0.8860000000E+00    0.5718985306E-22    0.3948964943E-23    0.4780134531E-07   -0.1703985237E-07   -0.1936853406E-44   -0.9745066532E-30   -0.9040664126E-46
    0.8860000000E+00    0.6128003161E-22    0.4231392172E-23    0.4891478167E-07   -0.2276591397E-04   -0.2772783840E-41   -0.1395095928E-26   -0.1386818407E-42
    0.8860000000E+00    0.6566273690E-22    0.4534018400E-23    0.5005415331E-07   -0.2924132990E-02   -0.3816172911E-39   -0.1920065752E-24   -0.2045180426E-40
    0.8860000000E+00    0.7035889022E-22    0.4858288246E-23    0.5122006431E-07   -0.3145490933E-01   -0.4398649544E-38   -0.2213132512E-23   -0.2525939502E-39
    0.8860000000E+00    0.7539090917E-22    0.5205749646E-23    0.5241313287E-07    0.1013816661E+00    0.1519113936E-37    0.7643255977E-23    0.9347466792E-39
    0.8860000000E+00    0.8078281461E-22    0.5578061244E-23    0.5363399157E-07    0.1338514092E+02    0.2149086380E-35    0.1081289358E-20    0.1416959558E-36
    0.8860000000E+00    0.8656034539E-22    0.5977000309E-23    0.5488328773E-07    0.2892537212E+03    0.4976338094E-34    0.2503790202E-19    0.3515713380E-35
    0.8860000000E+00    0.9275108115E-22    0.6404471218E-23    0.5616168372E-07    0.3601170330E+02    0.6638570737E-35    0.3340124415E-20    0.5025487190E-36
    0.8860000000E+00    0.9938457404E-22    0.6862514550E-23    0.5746985739E-07   -0.2773077684E+05   -0.5477633360E-32   -0.2756011444E-17   -0.4443206962E-33
    0.8860000000E+00    0.1064924897E-21    0.7353316823E-23    0.5880850233E-07   -0.1485069062E+07   -0.3143240232E-30   -0.1581487018E-15   -0.2732002911E-31
    0.8860000000E+00    0.1141087586E-21    0.7879220933E-23    0.6017832832E-07   -0.6899432741E+08   -0.1564747654E-28   -0.7872857051E-14   -0.1457296401E-29
    0.8860000000E+00    0.1222697377E-21    0.8442737340E-23    0.6158006166E-07   -0.2891107102E+10   -0.7025789027E-27   -0.3534949072E-12   -0.7011302220E-28
    0.8860000000E+00    0.1310143844E-21    0.9046556049E-23    0.6301444556E-07   -0.2551136528E+11   -0.6643005700E-26   -0.3342355818E-11   -0.7103431687E-27
    0.8860000000E+00    0.1403844422E-21    0.9693559452E-23    0.6448224056E-07    0.3234347576E+10    0.9024384959E-27    0.4540520803E-12    0.1034001565E-27
    0.8860000000E+00    0.1504246400E-21    0.1038683609E-22    0.6598422489E-07    0.1387334610E+13    0.4147745919E-24    0.2086893092E-09    0.5092320481E-25
    0.8860000000E+00    0.1611829057E-21    0.1112969539E-22    0.6752119493E-07    0.4008305592E+14    0.1284079015E-22    0.6460703421E-08    0.1689255461E-23
    0.8860000000E+00    0.1727105951E-21    0.1192568347E-22    0.6909396560E-07    0.9956231948E+15    0.3417636975E-21    0.1719546745E-06    0.4817586406E-22
    0.8860000000E+00    0.1850627369E-21    0.1277860007E-22    0.7070337081E-07    0.2188460540E+17    0.8049513706E-20    0.4050024971E-05    0.1215831042E-20
    0.8860000000E+00    0.1982982953E-21    0.1369251667E-22    0.7235026388E-07    0.5746481832E+17    0.2264816195E-19    0.1139517551E-04    0.3665528031E-20
    0.8860000000E+00    0.2124804516E-21    0.1467179595E-22    0.7403551802E-07   -0.6512916861E+17   -0.2750467124E-19   -0.1383867516E-04   -0.4769908426E-20
    0.8860000000E+00    0.2276769058E-21    0.1572111260E-22    0.7576002677E-07   -0.2784402805E+19   -0.1259978071E-17   -0.6339442153E-03   -0.2341351240E-18
    0.8860000000E+00    0.2439602000E-21    0.1684547565E-22    0.7752470448E-07   -0.4593212774E+20   -0.2227139845E-16   -0.1120561107E-01   -0.4434565469E-17
    0.8860000000E+00    0.2614080640E-21    0.1805025236E-22    0.7933048683E-07   -0.6550923155E+21   -0.3403560141E-15   -0.1712464139E+00   -0.7261678413E-16
    0.8860000000E+00    0.2801037871E-21    0.1934119387E-22    0.8117833125E-07   -0.8538856655E+22   -0.4753687701E-14   -0.2391766087E+01   -0.1086761464E-14
    0.8860000000E+00    0.3001366153E-21    0.2072446262E-22    0.8306921749E-07   -0.1026336501E+24   -0.6122385874E-13   -0.3080411635E+02   -0.1499768685E-13
    0.8860000000E+00    0.3216021775E-21    0.2220666179E-22    0.8500414813E-07   -0.8760560499E+24   -0.5599674940E-12   -0.2817415333E+03   -0.1469827607E-12
    0.8860000000E+00    0.3446029418E-21    0.2379486681E-22    0.8698414910E-07   -0.1324686165E+25   -0.9072854044E-12   -0.4564907494E+03   -0.2551805138E-12
    0.8860000000E+00    0.3692487048E-21    0.2549665916E-22    0.8901027021E-07    0.6165574740E+24    0.4524853165E-12    0.2276630487E+03    0.1363666192E-12
    0.8860000000E+00    0.3956571157E-21    0.2732016250E-22    0.9108358575E-07    0.2421283892E+26    0.1904042494E-10    0.9579982008E+04    0.6148656335E-11
    0.8860000000E+00    0.4239542377E-21    0.2927408154E-22    0.9320519501E-07    0.2280899402E+27    0.1921927741E-09    0.9669969673E+05    0.6650290833E-10
    0.8860000000E+00    0.4542751502E-21    0.3136774352E-22    0.9537622289E-07    0.1778072080E+28    0.1605389014E-08    0.8077339614E+06    0.5952287087E-09
    0.8860000000E+00    0.4867645933E-21    0.3361114274E-22    0.9759782052E-07    0.1258928530E+29    0.1217957123E-07    0.6128018342E+07    0.4838776723E-08
    0.8860000000E+00    0.5215776589E-21    0.3601498832E-22    0.9987116580E-07    0.8248989701E+29    0.8551290992E-07    0.4302488737E+08    0.3640284013E-07
    0.8860000000E+00    0.5588805307E-21    0.3859075526E-22    0.1021974641E-06    0.5028794404E+30    0.5585921193E-06    0.2810495285E+09    0.2547993920E-06
    0.8860000000E+00    0.5988512779E-21    0.4135073927E-22    0.1045779488E-06    0.2858641465E+31    0.3402441076E-05    0.1711901094E+10    0.1663007454E-05
    0.8860000000E+00    0.6416807053E-21    0.4430811541E-22    0.1070138822E-06    0.1517189155E+32    0.1934954039E-04    0.9735510071E+10    0.1013384452E-04
    0.8860000000E+00    0.6875732635E-21    0.4747700104E-22    0.1095065557E-06    0.7523349841E+32    0.1028116150E-03    0.5172854203E+11    0.5769600787E-04
    0.8860000000E+00    0.7367480256E-21    0.5087252317E-22    0.1120572911E-06    0.3486024355E+33    0.5104595589E-03    0.2568321560E+12    0.3069480820E-03
    0.8860000000E+00    0.7894397325E-21    0.5451089068E-22    0.1146674407E-06    0.1508564192E+34    0.2366980712E-02    0.1190920513E+13    0.1525099933E-02
    0.8860000000E+00    0.8458999137E-21    0.5840947171E-22    0.1173383885E-06    0.6089274923E+34    0.1023756109E-01    0.5150917132E+13    0.7068057751E-02
    0.8860000000E+00    0.9063980879E-21    0.6258687655E-22    0.1200715507E-06    0.2037703447E+35    0.3670894506E-01    0.1846970508E+14    0.2715660573E-01
    0.8860000000E+00    0.9712230494E-21    0.6706304648E-22    0.1228683764E-06    0.4145040083E+35    0.8001283499E-01    0.4025758469E+14    0.6342540391E-01
    0.8860000000E+00    0.1040684247E-20    0.7185934897E-22    0.1257303485E-06    0.5936748582E+35    0.1227946883E+00    0.6178280728E+14    0.1042997252E+00
    0.8860000000E+00    0.1115113261E-20    0.7699867968E-22    0.1286589846E-06    0.6578369441E+35    0.1457972001E+00    0.7335627003E+14    0.1326944525E+00
    0.8860000000E+00    0.1194865387E-20    0.8250557175E-22    0.1316558373E-06    0.6528444996E+35    0.1550388982E+00    0.7800612958E+14    0.1511973768E+00
    0.8860000000E+00    0.1280321329E-20    0.8840631292E-22    0.1347224957E-06    0.6091233937E+35    0.1550016078E+00    0.7798736732E+14    0.1619719408E+00
    0.8860000000E+00    0.1371889021E-20    0.9472907100E-22    0.1378605858E-06    0.4680097303E+35    0.1276103225E+00    0.6420574109E+14    0.1428859049E+00
    0.8860000000E+00    0.1470005571E-20    0.1015040283E-21    0.1410717713E-06    0.2914903975E+35    0.8516382844E-01    0.4284925083E+14    0.1021783204E+00
    0.8860000000E+00    0.1575139348E-20    0.1087635259E-21    0.1443577550E-06    0.1502196965E+35    0.4702814019E-01    0.2366169549E+14    0.6045905954E-01
    0.8860000000E+00    0.1687792220E-20    0.1165422177E-21    0.1477202791E-06    0.6404296057E+34    0.2148336584E-01    0.1080912106E+14    0.2959415249E-01
    0.8860000000E+00    0.1808501947E-20    0.1248772362E-21    0.1511611264E-06    0.2224113342E+34    0.7994436167E-02    0.4022313309E+13    0.1180025581E-01
    0.8860000000E+00    0.1937844750E-20    0.1338083694E-21    0.1546821213E-06    0.5369817587E+33    0.2068190109E-02    0.1040587282E+13    0.3271101649E-02
    0.8860000000E+00    0.2076438060E-20    0.1433782510E-21    0.1582851308E-06    0.1310255076E+32    0.5407378561E-04    0.2720663508E+11    0.9164111358E-04
    0.8860000000E+00    0.2224943467E-20    0.1536325639E-21    0.1619720651E-06    0.3870829489E+30    0.1711728828E-05    0.8612376786E+09    0.3108411793E-05
    0.8860000000E+00    0.2384069878E-20    0.1646202581E-21    0.1657448792E-06    0.9249681621E+29    0.4382861109E-06    0.2205188734E+09    0.8528276872E-06
    0.8860000000E+00    0.2554576900E-20    0.1763937846E-21    0.1696055734E-06    0.1530837692E+29    0.7772488190E-07    0.3910642606E+08    0.1620554548E-06
    0.8860000000E+00    0.2737278465E-20    0.1890093455E-21    0.1735561947E-06    0.2422726265E+28    0.1318060276E-07    0.6631676432E+07    0.2944685071E-07
    0.8860000000E+00    0.2933046719E-20    0.2025271626E-21    0.1775988378E-06    0.5937179880E+27    0.3461075961E-08    0.1741402597E+07    0.8285423543E-08
    0.8860000000E+00    0.3142816182E-20    0.2170117645E-21    0.1817356462E-06    0.1308047594E+27    0.8170609794E-09    0.4110953147E+06    0.2095839656E-08
    0.8860000000E+00    0.3367588212E-20    0.2325322952E-21    0.1859688132E-06    0.3129557499E+26    0.2094661542E-09    0.1053906094E+06    0.5757281202E-09
    0.8860000000E+00    0.3608435782E-20    0.2491628434E-21    0.1903005833E-06    0.4424526033E+25    0.3173201703E-10    0.1596561806E+05    0.9345472456E-10
    0.8860000000E+00    0.3866508602E-20    0.2669827968E-21    0.1947332533E-06    0.1459907702E+25    0.1121905620E-10    0.5644745687E+04    0.3540461750E-10
