    0.8950000000E+00    0.4143038610E-23    0.2860772210E-24    0.1992691735E-07    0.0000000000E+00    0.0000000000E+00    0.0000000000E+00    0.0000000000E+00
    0.8950000000E+00    0.4439345853E-23    0.3065372650E-24    0.2039107488E-07    0.0000000000E+00    0.0000000000E+00    0.0000000000E+00    0.0000000000E+00
    0.8950000000E+00    0.4756844785E-23    0.3284605973E-24    0.2086604403E-07    0.0000000000E+00    0.0000000000E+00    0.0000000000E+00    0.0000000000E+00
    0.8950000000E+00    0.5097051019E-23    0.3519518710E-24    0.2135207663E-07    0.0000000000E+00    0.0000000000E+00    0.0000000000E+00    0.0000000000E+00
    0.8950000000E+00    0.5461588566E-23    0.3771232243E-24    0.2184943039E-07    0.0000000000E+00    0.0000000000E+00    0.0000000000E+00    0.0000000000E+00
    0.8950000000E+00    0.5852197586E-23    0.4040948153E-24    0.2235836900E-07    0.0000000000E+00    0.0000000000E+00    0.0000000000E+00    0.0000000000E+00
    0.8950000000E+00    0.6270742692E-23    0.4329953957E-24    0.2287916232E-07    0.0000000000E+00    0.0000000000E+00    0.0000000000E+00    0.0000000000E+00
    0.8950000000E+00    0.6719221852E-23    0.4639629256E-24    0.2341208647E-07    0.0000000000E+00    0.0000000000E+00    0.0000000000E+00    0.0000000000E+00
    0.8950000000E+00    0.7199775931E-23    0.4971452317E-24    0.2395742402E-07    0.0000000000E+00    0.0000000000E+00    0.0000000000E+00    0.0000000000E+00
    0.8950000000E+00    0.7714698903E-23    0.5327007132E-24    0.2451546411E-07    0.0000000000E+00    0.0000000000E+00    0.0000000000E+00    0.0000000000E+00
    0.8950000000E+00    0.8266448809E-23    0.5707990981E-24    0.2508650263E-07    0.0000000000E+00    0.0000000000E+00    0.0000000000E+00    0.0000000000E+00
    0.8950000000E+00    0.8857659485E-23    0.6116222531E-24    0.2567084234E-07    0.0000000000E+00    0.0000000000E+00    0.0000000000E+00    0.0000000000E+00
    0.8950000000E+00    0.9491153137E-23    0.6553650517E-24    0.2626879307E-07    0.0000000000E+00    0.0000000000E+00    0.0000000000E+00    0.0000000000E+00
    0.8950000000E+00    0.1016995382E-22    0.7022363048E-24    0.2688067187E-07    0.0000000000E+00    0.0000000000E+00    0.0000000000E+00    0.0000000000E+00
    0.8950000000E+00    0.1089730185E-22    0.7524597575E-24    0.2750680315E-07    0.0000000000E+00    0.0000000000E+00    0.0000000000E+00    0.0000000000E+00
    0.8950000000E+00    0.1167666930E-22    0.8062751566E-24    0.2814751890E-07    0.0000000000E+00    0.0000000000E+00    0.0000000000E+00    0.0000000000E+00
    0.8950000000E+00    0.1251177658E-22    0.8639393956E-24    0.2880315884E-07    0.0000000000E+00    0.0000000000E+00    0.0000000000E+00    0.0000000000E+00
    0.8950000000E+00    0.1340661015E-22    0.9257277409E-24    0.2947407060E-07    0.0000000000E+00    0.0000000000E+00    0.0000000000E+00    0.0000000000E+00
    0.8950000000E+00    0.1436544159E-22    0.9919351458E-24    0.3016060990E-07    0.0000000000E+00    0.0000000000E+00    0.0000000000E+00    0.0000000000E+00
    0.8950000000E+00    0.1539284799E-22    0.1062877658E-23    0.3086314075E-07    0.0000000000E+00    0.0000000000E+00    0.0000000000E+00    0.0000000000E+00
    0.8950000000E+00    0.1649373379E-22    0.1138893930E-23    0.3158203565E-07    0.0000000000E+00    0.0000000000E+00    0.0000000000E+00    0.0000000000E+00
    0.8950000000E+00    0.1767335417E-22    0.1220346833E-23    0.3231767576E-07    0.0000000000E+00    0.0000000000E+00    0.0000000000E+00    0.0000000000E+00
    0.8950000000E+00    0.1893734018E-22    0.1307625190E-23    0.3307045113E-07    0.0000000000E+00    0.0000000000E+00    0.0000000000E+00    0.0000000000E+00
    0.8950000000E+00    0.2029172559E-22    0.1401145635E-23    0.3384076090E-07    0.0000000000E+00    0.0000000000E+00    0.0000000000E+00    0.0000000000E+00
    0.8950000000E+00    0.2174297571E-22    0.1501354598E-23    0.3462901348E-07    0.0000000000E+00    0.0000000000E+00    0.0000000000E+00    0.0000000000E+00
    0.8950000000E+00    0.2329801823E-22    0.1608730435E-23    0.3543562682E-07    0.0000000000E+00    0.0000000000E+00    0.0000000000E+00    0.0000000000E+00
    0.8950000000E+00    0.2496427630E-22    0.1723785718E-23    0.3626102861E-07    0.0000000000E+00    0.0000000000E+00    0.0000000000E+00    0.0000000000E+00
    0.8950000000E+00    0.2674970400E-22    0.1847069675E-23    0.3710565646E-07    0.0000000000E+00    0.0000000000E+00    0.0000000000E+00    0.0000000000E+00
    0.8950000000E+00    0.2866282424E-22    0.1979170815E-23    0.3796995823E-07    0.0000000000E+00    0.0000000000E+00    0.0000000000E+00    0.0000000000E+00
    0.8950000000E+00    0.3071276952E-22    0.2120719737E-23    0.3885439218E-07   -0.1257507569E-15   -0.7676116048E-53   -0.3862154015E-38   -0.1901795770E-54
    0.8950000000E+00    0.3290932546E-22    0.2272392139E-23    0.3975942724E-07   -0.9743263879E-15   -0.6372874832E-52   -0.3206442420E-37   -0.1691833943E-53
    0.8950000000E+00    0.3526297755E-22    0.2434912046E-23    0.4068554327E-07   -0.4873837407E-14   -0.3415874929E-51   -0.1718660191E-36   -0.9716823319E-53
    0.8950000000E+00    0.3778496121E-22    0.2609055264E-23    0.4163323131E-07    0.1103680056E-13    0.8288465207E-51    0.4170250811E-36    0.2526367141E-52
    0.8950000000E+00    0.4048731538E-22    0.2795653084E-23    0.4260299385E-07    0.5478448956E-12    0.4408476636E-49    0.2218076907E-34    0.1439828908E-50
    0.8950000000E+00    0.4338294005E-22    0.2995596250E-23    0.4359534505E-07   -0.2426556302E-11   -0.2092287191E-48   -0.1052711466E-33   -0.7322234640E-50
    0.8950000000E+00    0.4648565778E-22    0.3209839213E-23    0.4461081109E-07   -0.2010777604E-09   -0.1857782910E-46   -0.9347231957E-32   -0.6966542784E-48
    0.8950000000E+00    0.4981027973E-22    0.3439404683E-23    0.4564993037E-07    0.1292654265E-09    0.1279715138E-46    0.6438747054E-32    0.5142042392E-48
    0.8950000000E+00    0.5337267633E-22    0.3685388516E-23    0.4671325384E-07    0.4413498249E-07    0.4681811052E-44    0.2355602135E-29    0.2015747954E-45
    0.8950000000E+00    0.5718985306E-22    0.3948964943E-23    0.4780134531E-07    0.2908182726E-07    0.3305617617E-44    0.1663185428E-29    0.1525017965E-45
    0.8950000000E+00    0.6128003161E-22    0.4231392172E-23    0.4891478167E-07   -0.8246134305E-05   -0.1004341314E-41   -0.5053233709E-27   -0.4964821890E-43
    0.8950000000E+00    0.6566273690E-22    0.4534018400E-23    0.5005415331E-07   -0.1096858409E-02   -0.1431467503E-39   -0.7202272514E-25   -0.7582350189E-41
    0.8950000000E+00    0.7035889022E-22    0.4858288246E-23    0.5122006431E-07   -0.2069853932E-01   -0.2894480464E-38   -0.1456326256E-23   -0.1642831297E-39
    0.8950000000E+00    0.7539090917E-22    0.5205749646E-23    0.5241313287E-07    0.2448697119E-01    0.3669154457E-38    0.1846095021E-23    0.2231456060E-39
    0.8950000000E+00    0.8078281461E-22    0.5578061244E-23    0.5363399157E-07    0.5373011746E+01    0.8626779822E-36    0.4340470118E-21    0.5621743923E-37
    0.8950000000E+00    0.8656034539E-22    0.5977000309E-23    0.5488328773E-07    0.1902886160E+03    0.3273736582E-34    0.1647144833E-19    0.2285946577E-35
    0.8950000000E+00    0.9275108115E-22    0.6404471218E-23    0.5616168372E-07    0.1462522319E+03    0.2696084045E-34    0.1356505263E-19    0.2017231641E-35
    0.8950000000E+00    0.9938457404E-22    0.6862514550E-23    0.5746985739E-07   -0.1172831292E+05   -0.2316682237E-32   -0.1165613384E-17   -0.1857328890E-33
    0.8950000000E+00    0.1064924897E-21    0.7353316823E-23    0.5880850233E-07   -0.6573833362E+06   -0.1391392362E-30   -0.7000638817E-16   -0.1195286351E-31
    0.8950000000E+00    0.1141087586E-21    0.7879220933E-23    0.6017832832E-07   -0.3124938997E+08   -0.7087163755E-29   -0.3565829096E-14   -0.6523712492E-30
    0.8950000000E+00    0.1222697377E-21    0.8442737340E-23    0.6158006166E-07   -0.1338147456E+10   -0.3251882887E-27   -0.1636149385E-12   -0.3207430405E-28
    0.8950000000E+00    0.1310143844E-21    0.9046556049E-23    0.6301444556E-07   -0.1848619462E+11   -0.4813693618E-26   -0.2421957409E-11   -0.5087457452E-27
    0.8950000000E+00    0.1403844422E-21    0.9693559452E-23    0.6448224056E-07   -0.9642084939E+10   -0.2690307218E-26   -0.1353598716E-11   -0.3046661624E-27
    0.8950000000E+00    0.1504246400E-21    0.1038683609E-22    0.6598422489E-07    0.6623901002E+12    0.1980362787E-24    0.9963979234E-10    0.2403073765E-25
    0.8950000000E+00    0.1611829057E-21    0.1112969539E-22    0.6752119493E-07    0.2014770827E+14    0.6454410422E-23    0.3247466162E-08    0.8392259861E-24
    0.8950000000E+00    0.1727105951E-21    0.1192568347E-22    0.6909396560E-07    0.5117367467E+15    0.1756618805E-21    0.8838235806E-07    0.2447371357E-22
    0.8950000000E+00    0.1850627369E-21    0.1277860007E-22    0.7070337081E-07    0.1178127395E+17    0.4333344120E-20    0.2180274801E-05    0.6469124717E-21
    0.8950000000E+00    0.1982982953E-21    0.1369251667E-22    0.7235026388E-07    0.4933475613E+17    0.1944392377E-19    0.9782998038E-05    0.3110328465E-20
    0.8950000000E+00    0.2124804516E-21    0.1467179595E-22    0.7403551802E-07   -0.8798378401E+16   -0.3715639406E-20   -0.1869483416E-05   -0.6368774989E-21
    0.8950000000E+00    0.2276769058E-21    0.1572111260E-22    0.7576002677E-07   -0.1501091395E+19   -0.6792631569E-18   -0.3417638442E-03   -0.1247557020E-18
    0.8950000000E+00    0.2439602000E-21    0.1684547565E-22    0.7752470448E-07   -0.2595254275E+20   -0.1258377195E-16   -0.6331387519E-02   -0.2476470644E-17
    0.8950000000E+00    0.2614080640E-21    0.1805025236E-22    0.7933048683E-07   -0.3783395973E+21   -0.1965679558E-15   -0.9890102166E-01   -0.4145100517E-16
    0.8950000000E+00    0.2801037871E-21    0.1934119387E-22    0.8117833125E-07   -0.5025092129E+22   -0.2797531287E-14   -0.1407547336E+01   -0.6321167486E-15
    0.8950000000E+00    0.3001366153E-21    0.2072446262E-22    0.8306921749E-07   -0.6150319151E+23   -0.3668838346E-13   -0.1845935973E+02   -0.8882821230E-14
    0.8950000000E+00    0.3216021775E-21    0.2220666179E-22    0.8500414813E-07   -0.6241954499E+24   -0.3989803642E-12   -0.2007426159E+03   -0.1035079882E-12
    0.8950000000E+00    0.3446029418E-21    0.2379486681E-22    0.8698414910E-07   -0.1243453034E+25   -0.8516483521E-12   -0.4284975737E+03   -0.2367460031E-12
    0.8950000000E+00    0.3692487048E-21    0.2549665916E-22    0.8901027021E-07   -0.1630430797E+24   -0.1196556731E-12   -0.6020344601E+02   -0.3564147258E-13
    0.8950000000E+00    0.3956571157E-21    0.2732016250E-22    0.9108358575E-07    0.1466279439E+26    0.1153048748E-10    0.5801438937E+04    0.3680188077E-11
    0.8950000000E+00    0.4239542377E-21    0.2927408154E-22    0.9320519501E-07    0.1475223143E+27    0.1243050123E-09    0.6254271030E+05    0.4251194606E-10
    0.8950000000E+00    0.4542751502E-21    0.3136774352E-22    0.9537622289E-07    0.1179319227E+28    0.1064785928E-08    0.5357354190E+06    0.3901976489E-09
    0.8950000000E+00    0.4867645933E-21    0.3361114274E-22    0.9759782052E-07    0.8505317911E+28    0.8228515190E-08    0.4140087614E+07    0.3231051055E-08
    0.8950000000E+00    0.5215776589E-21    0.3601498832E-22    0.9987116580E-07    0.5667404972E+29    0.5875098750E-07    0.2955991817E+08    0.2471937671E-07
    0.8950000000E+00    0.5588805307E-21    0.3859075526E-22    0.1021974641E-06    0.3511436331E+30    0.3900459045E-06    0.1962473400E+09    0.1758482568E-06
    0.8950000000E+00    0.5988512779E-21    0.4135073927E-22    0.1045779488E-06    0.2028019516E+31    0.2413809843E-05    0.1214482079E+10    0.1166072086E-05
    0.8950000000E+00    0.6416807053E-21    0.4430811541E-22    0.1070138822E-06    0.1093284649E+32    0.1394325513E-04    0.7015396648E+10    0.7217495461E-05
    0.8950000000E+00    0.6875732635E-21    0.4747700104E-22    0.1095065557E-06    0.5505522282E+32    0.7523664977E-04    0.3785449923E+11    0.4173032757E-04
    0.8950000000E+00    0.7367480256E-21    0.5087252317E-22    0.1120572911E-06    0.2590308758E+33    0.3792996638E-03    0.1908404863E+12    0.2254264143E-03
    0.8950000000E+00    0.7894397325E-21    0.5451089068E-22    0.1146674407E-06    0.1138136424E+34    0.1785768863E-02    0.8984901141E+12    0.1137228124E-02
    0.8950000000E+00    0.8458999137E-21    0.5840947171E-22    0.1173383885E-06    0.4664696870E+34    0.7842496810E-02    0.3945866679E+13    0.5351514371E-02
    0.8950000000E+00    0.9063980879E-21    0.6258687655E-22    0.1200715507E-06    0.1674758450E+35    0.3017054126E-01    0.1517997856E+14    0.2205999688E-01
    0.8950000000E+00    0.9712230494E-21    0.6706304648E-22    0.1228683764E-06    0.3719157743E+35    0.7179191246E-01    0.3612131724E+14    0.5624680627E-01
    0.8950000000E+00    0.1040684247E-20    0.7185934897E-22    0.1257303485E-06    0.5630616072E+35    0.1164626960E+00    0.5859693447E+14    0.9777080360E-01
    0.8950000000E+00    0.1115113261E-20    0.7699867968E-22    0.1286589846E-06    0.6495048771E+35    0.1439505539E+00    0.7242715018E+14    0.1294898374E+00
    0.8950000000E+00    0.1194865387E-20    0.8250557175E-22    0.1316558373E-06    0.6489525178E+35    0.1541146221E+00    0.7754109014E+14    0.1485477886E+00
    0.8950000000E+00    0.1280321329E-20    0.8840631292E-22    0.1347224957E-06    0.6168443459E+35    0.1569663329E+00    0.7897589730E+14    0.1621171116E+00
    0.8950000000E+00    0.1371889021E-20    0.9472907100E-22    0.1378605858E-06    0.4932147791E+35    0.1344828814E+00    0.6766359407E+14    0.1488296125E+00
    0.8950000000E+00    0.1470005571E-20    0.1015040283E-21    0.1410717713E-06    0.3169108732E+35    0.9259084851E-01    0.4658607492E+14    0.1097969836E+00
    0.8950000000E+00    0.1575139348E-20    0.1087635259E-21    0.1443577550E-06    0.1679542467E+35    0.5258016121E-01    0.2645513427E+14    0.6681042872E-01
    0.8950000000E+00    0.1687792220E-20    0.1165422177E-21    0.1477202791E-06    0.7352122351E+34    0.2466287204E-01    0.1240885490E+14    0.3357886365E-01
    0.8950000000E+00    0.1808501947E-20    0.1248772362E-21    0.1511611264E-06    0.2621783374E+34    0.9423836202E-02    0.4741500336E+13    0.1374833400E-01
    0.8950000000E+00    0.1937844750E-20    0.1338083694E-21    0.1546821213E-06    0.6717541012E+33    0.2587267007E-02    0.1301755158E+13    0.4044488415E-02
    0.8950000000E+00    0.2076438060E-20    0.1433782510E-21    0.1582851308E-06    0.2747116164E+32    0.1133725587E-03    0.5704216558E+11    0.1899023301E-03
    0.8950000000E+00    0.2224943467E-20    0.1536325639E-21    0.1619720651E-06    0.4277449089E+30    0.1891541060E-05    0.9517082408E+09    0.3394987021E-05
    0.8950000000E+00    0.2384069878E-20    0.1646202581E-21    0.1657448792E-06    0.1025948422E+30    0.4861345096E-06    0.2445932730E+09    0.9349293572E-06
    0.8950000000E+00    0.2554576900E-20    0.1763937846E-21    0.1696055734E-06    0.1735096956E+29    0.8809569209E-07    0.4432438603E+08    0.1815419588E-06
    0.8950000000E+00    0.2737278465E-20    0.1890093455E-21    0.1735561947E-06    0.2655233451E+28    0.1444553513E-07    0.7268113346E+07    0.3189745108E-07
    0.8950000000E+00    0.2933046719E-20    0.2025271626E-21    0.1775988378E-06    0.6506538471E+27    0.3792983259E-08    0.1908398131E+07    0.8974355541E-08
    0.8950000000E+00    0.3142816182E-20    0.2170117645E-21    0.1817356462E-06    0.1432700568E+27    0.8949244162E-09    0.4502714531E+06    0.2268865244E-08
    0.8950000000E+00    0.3367588212E-20    0.2325322952E-21    0.1859688132E-06    0.3430729168E+26    0.2296240427E-09    0.1155328311E+06    0.6237918612E-09
    0.8950000000E+00    0.3608435782E-20    0.2491628434E-21    0.1903005833E-06    0.4916272125E+25    0.3525874402E-10    0.1774005225E+05    0.1026335103E-09
    0.8950000000E+00    0.3866508602E-20    0.2669827968E-21    0.1947332533E-06    0.1628548706E+25    0.1251502368E-10    0.6296797581E+04    0.3903498538E-10
