    0.8220000000E+00    0.4143038610E-23    0.2860772210E-24    0.1992691735E-07    0.0000000000E+00    0.0000000000E+00    0.0000000000E+00    0.0000000000E+00
    0.8220000000E+00    0.4439345853E-23    0.3065372650E-24    0.2039107488E-07    0.0000000000E+00    0.0000000000E+00    0.0000000000E+00    0.0000000000E+00
    0.8220000000E+00    0.4756844785E-23    0.3284605973E-24    0.2086604403E-07    0.0000000000E+00    0.0000000000E+00    0.0000000000E+00    0.0000000000E+00
    0.8220000000E+00    0.5097051019E-23    0.3519518710E-24    0.2135207663E-07    0.0000000000E+00    0.0000000000E+00    0.0000000000E+00    0.0000000000E+00
    0.8220000000E+00    0.5461588566E-23    0.3771232243E-24    0.2184943039E-07    0.0000000000E+00    0.0000000000E+00    0.0000000000E+00    0.0000000000E+00
    0.8220000000E+00    0.5852197586E-23    0.4040948153E-24    0.2235836900E-07    0.0000000000E+00    0.0000000000E+00    0.0000000000E+00    0.0000000000E+00
    0.8220000000E+00    0.6270742692E-23    0.4329953957E-24    0.2287916232E-07    0.0000000000E+00    0.0000000000E+00    0.0000000000E+00    0.0000000000E+00
    0.8220000000E+00    0.6719221852E-23    0.4639629256E-24    0.2341208647E-07    0.0000000000E+00    0.0000000000E+00    0.0000000000E+00    0.0000000000E+00
    0.8220000000E+00    0.7199775931E-23    0.4971452317E-24    0.2395742402E-07    0.0000000000E+00    0.0000000000E+00    0.0000000000E+00    0.0000000000E+00
    0.8220000000E+00    0.7714698903E-23    0.5327007132E-24    0.2451546411E-07    0.0000000000E+00    0.0000000000E+00    0.0000000000E+00    0.0000000000E+00
    0.8220000000E+00    0.8266448809E-23    0.5707990981E-24    0.2508650263E-07    0.0000000000E+00    0.0000000000E+00    0.0000000000E+00    0.0000000000E+00
    0.8220000000E+00    0.8857659485E-23    0.6116222531E-24    0.2567084234E-07    0.0000000000E+00    0.0000000000E+00    0.0000000000E+00    0.0000000000E+00
    0.8220000000E+00    0.9491153137E-23    0.6553650517E-24    0.2626879307E-07    0.0000000000E+00    0.0000000000E+00    0.0000000000E+00    0.0000000000E+00
    0.8220000000E+00    0.1016995382E-22    0.7022363048E-24    0.2688067187E-07    0.0000000000E+00    0.0000000000E+00    0.0000000000E+00    0.0000000000E+00
    0.8220000000E+00    0.1089730185E-22    0.7524597575E-24    0.2750680315E-07    0.0000000000E+00    0.0000000000E+00    0.0000000000E+00    0.0000000000E+00
    0.8220000000E+00    0.1167666930E-22    0.8062751566E-24    0.2814751890E-07    0.0000000000E+00    0.0000000000E+00    0.0000000000E+00    0.0000000000E+00
    0.8220000000E+00    0.1251177658E-22    0.8639393956E-24    0.2880315884E-07    0.0000000000E+00    0.0000000000E+00    0.0000000000E+00    0.0000000000E+00
    0.8220000000E+00    0.1340661015E-22    0.9257277409E-24    0.2947407060E-07    0.0000000000E+00    0.0000000000E+00    0.0000000000E+00    0.0000000000E+00
    0.8220000000E+00    0.1436544159E-22    0.9919351458E-24    0.3016060990E-07    0.0000000000E+00    0.0000000000E+00    0.0000000000E+00    0.0000000000E+00
    0.8220000000E+00    0.1539284799E-22    0.1062877658E-23    0.3086314075E-07    0.0000000000E+00    0.0000000000E+00    0.0000000000E+00    0.0000000000E+00
    0.8220000000E+00    0.1649373379E-22    0.1138893930E-23    0.3158203565E-07    0.0000000000E+00    0.0000000000E+00    0.0000000000E+00    0.0000000000E+00
    0.8220000000E+00    0.1767335417E-22    0.1220346833E-23    0.3231767576E-07    0.0000000000E+00    0.0000000000E+00    0.0000000000E+00    0.0000000000E+00
    0.8220000000E+00    0.1893734018E-22    0.1307625190E-23    0.3307045113E-07   -0.1644153954E-15   -0.6188329150E-53   -0.3113590274E-38   -0.1064062890E-54
    0.8220000000E+00    0.2029172559E-22    0.1401145635E-23    0.3384076090E-07   -0.2573749411E-15   -0.1037999595E-52   -0.5222581679E-38   -0.1912454343E-54
    0.8220000000E+00    0.2174297571E-22    0.1501354598E-23    0.3462901348E-07   -0.2337503147E-15   -0.1010143627E-52   -0.5082427415E-38   -0.1994238150E-54
    0.8220000000E+00    0.2329801823E-22    0.1608730435E-23    0.3543562682E-07    0.5199006589E-15    0.2407416827E-52    0.1211265503E-37    0.5092665876E-54
    0.8220000000E+00    0.2496427630E-22    0.1723785718E-23    0.3626102861E-07    0.1833036530E-14    0.9094986190E-52    0.4576043042E-37    0.2061559794E-53
    0.8220000000E+00    0.2674970400E-22    0.1847069675E-23    0.3710565646E-07   -0.1278753988E-14   -0.6798575502E-52   -0.3420629066E-37   -0.1651246145E-53
    0.8220000000E+00    0.2866282424E-22    0.1979170815E-23    0.3796995823E-07   -0.5638471166E-13   -0.3212123892E-50   -0.1616145080E-35   -0.8359613132E-52
    0.8220000000E+00    0.3071276952E-22    0.2120719737E-23    0.3885439218E-07   -0.1604633717E-12   -0.9795054060E-50   -0.4928274550E-35   -0.2731497008E-51
    0.8220000000E+00    0.3290932546E-22    0.2272392139E-23    0.3975942724E-07    0.6707676652E-13    0.4387357691E-50    0.2207451140E-35    0.1310982621E-51
    0.8220000000E+00    0.3526297755E-22    0.2434912046E-23    0.4068554327E-07    0.1470426603E-10    0.1030562358E-47    0.5185162031E-33    0.3299652213E-49
    0.8220000000E+00    0.3778496121E-22    0.2609055264E-23    0.4163323131E-07    0.4048871588E-10    0.3040639459E-47    0.1529864559E-32    0.1043178959E-48
    0.8220000000E+00    0.4048731538E-22    0.2795653084E-23    0.4260299385E-07   -0.1162046453E-08   -0.9350921549E-46   -0.4704814125E-31   -0.3437544313E-47
    0.8220000000E+00    0.4338294005E-22    0.2995596250E-23    0.4359534505E-07   -0.1542362948E-07   -0.1329895473E-44   -0.6691223931E-30   -0.5238553691E-46
    0.8220000000E+00    0.4648565778E-22    0.3209839213E-23    0.4461081109E-07    0.1097349641E-06    0.1013855240E-43    0.5101101989E-29    0.4279271504E-45
    0.8220000000E+00    0.4981027973E-22    0.3439404683E-23    0.4564993037E-07    0.2730549574E-05    0.2703217495E-42    0.1360094381E-27    0.1222573228E-43
    0.8220000000E+00    0.5337267633E-22    0.3685388516E-23    0.4671325384E-07   -0.7166709700E-05   -0.7602400361E-42   -0.3825064771E-27   -0.3684212135E-43
    0.8220000000E+00    0.5718985306E-22    0.3948964943E-23    0.4780134531E-07   -0.1568501774E-02   -0.1782854651E-39   -0.8970238599E-25   -0.9257843395E-41
    0.8220000000E+00    0.6128003161E-22    0.4231392172E-23    0.4891478167E-07   -0.1785092733E+00   -0.2174161024E-37   -0.1093905391E-22   -0.1209722053E-38
    0.8220000000E+00    0.6566273690E-22    0.4534018400E-23    0.5005415331E-07   -0.5709829485E+00   -0.7451677705E-37   -0.3749230312E-22   -0.4442709890E-38
    0.8220000000E+00    0.7035889022E-22    0.4858288246E-23    0.5122006431E-07    0.7130013032E+01    0.9970598943E-36    0.5016598042E-21    0.6369643693E-37
    0.8220000000E+00    0.7539090917E-22    0.5205749646E-23    0.5241313287E-07    0.6329364273E+03    0.9483988423E-34    0.4771765270E-19    0.6492095608E-35
    0.8220000000E+00    0.8078281461E-22    0.5578061244E-23    0.5363399157E-07    0.4413616337E+04    0.7086397381E-33    0.3565443504E-18    0.5197797959E-34
    0.8220000000E+00    0.8656034539E-22    0.5977000309E-23    0.5488328773E-07   -0.1189542210E+05   -0.2046495440E-32   -0.1029671846E-17   -0.1608439290E-33
    0.8220000000E+00    0.9275108115E-22    0.6404471218E-23    0.5616168372E-07   -0.1032873261E+07   -0.1904048290E-30   -0.9580011168E-16   -0.1603510656E-31
    0.8220000000E+00    0.9938457404E-22    0.6862514550E-23    0.5746985739E-07   -0.4898456714E+08   -0.9675873872E-29   -0.4868310339E-14   -0.8731404141E-30
    0.8220000000E+00    0.1064924897E-21    0.7353316823E-23    0.5880850233E-07   -0.2062902802E+10   -0.4366260968E-27   -0.2196836554E-12   -0.4221857605E-28
    0.8220000000E+00    0.1141087586E-21    0.7879220933E-23    0.6017832832E-07   -0.7454025328E+11   -0.1690525741E-25   -0.8505695767E-11   -0.1751522335E-26
    0.8220000000E+00    0.1222697377E-21    0.8442737340E-23    0.6158006166E-07   -0.1780812348E+12   -0.4327619632E-25   -0.2177394588E-10   -0.4804442212E-26
    0.8220000000E+00    0.1310143844E-21    0.9046556049E-23    0.6301444556E-07    0.7533378378E+12    0.1961646308E-24    0.9869809309E-10    0.2333536493E-25
    0.8220000000E+00    0.1403844422E-21    0.9693559452E-23    0.6448224056E-07    0.3054141645E+14    0.8521579478E-23    0.4287539712E-08    0.1086210485E-23
    0.8220000000E+00    0.1504246400E-21    0.1038683609E-22    0.6598422489E-07    0.7763080225E+15    0.2320945797E-21    0.1167758548E-06    0.3169997283E-22
    0.8220000000E+00    0.1611829057E-21    0.1112969539E-22    0.6752119493E-07    0.1755999256E+17    0.5625423868E-20    0.2830370625E-05    0.8232829916E-21
    0.8220000000E+00    0.1727105951E-21    0.1192568347E-22    0.6909396560E-07    0.1839246516E+18    0.6313509903E-19    0.3176573604E-04    0.9900673934E-20
    0.8220000000E+00    0.1850627369E-21    0.1277860007E-22    0.7070337081E-07    0.1731422103E+18    0.6368452022E-19    0.3204217131E-04    0.1070108400E-19
    0.8220000000E+00    0.1982982953E-21    0.1369251667E-22    0.7235026388E-07   -0.1851972224E+19   -0.7299034101E-18   -0.3672429348E-03   -0.1314193408E-18
    0.8220000000E+00    0.2124804516E-21    0.1467179595E-22    0.7403551802E-07   -0.3673981574E+20   -0.1551557582E-16   -0.7806492640E-02   -0.2993379566E-17
    0.8220000000E+00    0.2276769058E-21    0.1572111260E-22    0.7576002677E-07   -0.5330869196E+21   -0.2412286855E-15   -0.1213715804E+00   -0.4986810234E-16
    0.8220000000E+00    0.2439602000E-21    0.1684547565E-22    0.7752470448E-07   -0.6935597769E+22   -0.3362906728E-14   -0.1692009819E+01   -0.7449184208E-15
    0.8220000000E+00    0.2614080640E-21    0.1805025236E-22    0.7933048683E-07   -0.8287565473E+23   -0.4305840083E-13   -0.2166436445E+02   -0.1022002100E-13
    0.8220000000E+00    0.2801037871E-21    0.1934119387E-22    0.8117833125E-07   -0.9135876564E+24   -0.5086056110E-12   -0.2558993624E+03   -0.1293525632E-12
    0.8220000000E+00    0.3001366153E-21    0.2072446262E-22    0.8306921749E-07   -0.2858782875E+25   -0.1705344386E-11   -0.8580254161E+03   -0.4647356489E-12
    0.8220000000E+00    0.3216021775E-21    0.2220666179E-22    0.8500414813E-07   -0.1969448654E+25   -0.1258854645E-11   -0.6333789757E+03   -0.3675949009E-12
    0.8220000000E+00    0.3446029418E-21    0.2379486681E-22    0.8698414910E-07    0.1512465356E+26    0.1035896486E-10    0.5212000113E+04    0.3241232996E-11
    0.8220000000E+00    0.3692487048E-21    0.2549665916E-22    0.8901027021E-07    0.1723199998E+27    0.1264639112E-09    0.6362893673E+05    0.4239947715E-10
    0.8220000000E+00    0.3956571157E-21    0.2732016250E-22    0.9108358575E-07    0.1378760851E+28    0.1084226124E-08    0.5455165414E+06    0.3895056476E-09
    0.8220000000E+00    0.4239542377E-21    0.2927408154E-22    0.9320519501E-07    0.9772562542E+28    0.8234540738E-08    0.4143119303E+07    0.3169810314E-08
    0.8220000000E+00    0.4542751502E-21    0.3136774352E-22    0.9537622289E-07    0.6373330212E+29    0.5754364187E-07    0.2895245539E+08    0.2373510931E-07
    0.8220000000E+00    0.4867645933E-21    0.3361114274E-22    0.9759782052E-07    0.3860696553E+30    0.3735051477E-06    0.1879250388E+09    0.1650784884E-06
    0.8220000000E+00    0.5215776589E-21    0.3601498832E-22    0.9987116580E-07    0.2179591684E+31    0.2259467330E-05    0.1136826328E+10    0.1070039865E-05
    0.8220000000E+00    0.5588805307E-21    0.3859075526E-22    0.1021974641E-06    0.1148935217E+32    0.1276222701E-04    0.6421175236E+10    0.6476201564E-05
    0.8220000000E+00    0.5988512779E-21    0.4135073927E-22    0.1045779488E-06    0.5662122008E+32    0.6739227964E-04    0.3390769000E+11    0.3664409826E-04
    0.8220000000E+00    0.6416807053E-21    0.4430811541E-22    0.1070138822E-06    0.2610781252E+33    0.3329671656E-03    0.1675287955E+12    0.1939971282E-03
    0.8220000000E+00    0.6875732635E-21    0.4747700104E-22    0.1095065557E-06    0.1126535615E+34    0.1539486377E-02    0.7745757692E+12    0.9611025777E-03
    0.8220000000E+00    0.7367480256E-21    0.5087252317E-22    0.1120572911E-06    0.4546115478E+34    0.6656890100E-02    0.3349341603E+13    0.4453129029E-02
    0.8220000000E+00    0.7894397325E-21    0.5451089068E-22    0.1146674407E-06    0.1634403354E+35    0.2564425984E-01    0.1290262947E+14    0.1838163172E-01
    0.8220000000E+00    0.8458999137E-21    0.5840947171E-22    0.1173383885E-06    0.3736338190E+35    0.6281698717E-01    0.3160568153E+14    0.4824707562E-01
    0.8220000000E+00    0.9063980879E-21    0.6258687655E-22    0.1200715507E-06    0.5854049968E+35    0.1054598985E+00    0.5306099697E+14    0.8679230868E-01
    0.8220000000E+00    0.9712230494E-21    0.6706304648E-22    0.1228683764E-06    0.7037406513E+35    0.1358449701E+00    0.6834891413E+14    0.1197946586E+00
    0.8220000000E+00    0.1040684247E-20    0.7185934897E-22    0.1257303485E-06    0.7115810926E+35    0.1471822114E+00    0.7405312336E+14    0.1390750471E+00
    0.8220000000E+00    0.1115113261E-20    0.7699867968E-22    0.1286589846E-06    0.6905748216E+35    0.1530529356E+00    0.7700691416E+14    0.1549656905E+00
    0.8220000000E+00    0.1194865387E-20    0.8250557175E-22    0.1316558373E-06    0.5879238969E+35    0.1396214156E+00    0.7024899146E+14    0.1514767326E+00
    0.8220000000E+00    0.1280321329E-20    0.8840631292E-22    0.1347224957E-06    0.4050339346E+35    0.1030676407E+00    0.5185735856E+14    0.1198163889E+00
    0.8220000000E+00    0.1371889021E-20    0.9472907100E-22    0.1378605858E-06    0.2330911237E+35    0.6355601509E-01    0.3197751536E+14    0.7916815999E-01
    0.8220000000E+00    0.1470005571E-20    0.1015040283E-21    0.1410717713E-06    0.1136889760E+35    0.3321614890E-01    0.1671234281E+14    0.4433463839E-01
    0.8220000000E+00    0.1575139348E-20    0.1087635259E-21    0.1443577550E-06    0.4707616721E+34    0.1473777835E-01    0.7415152334E+13    0.2107783073E-01
    0.8220000000E+00    0.1687792220E-20    0.1165422177E-21    0.1477202791E-06    0.1634528855E+34    0.5483066531E-02    0.2758745085E+13    0.8402671929E-02
    0.8220000000E+00    0.1808501947E-20    0.1248772362E-21    0.1511611264E-06    0.4385080791E+33    0.1576189838E-02    0.7930427149E+12    0.2588227307E-02
    0.8220000000E+00    0.1937844750E-20    0.1338083694E-21    0.1546821213E-06    0.3238081468E+32    0.1247150011E-03    0.6274899173E+11    0.2194383792E-03
    0.8220000000E+00    0.2076438060E-20    0.1433782510E-21    0.1582851308E-06    0.6462866748E+30    0.2667203335E-05    0.1341974249E+10    0.5028633884E-05
    0.8220000000E+00    0.2224943467E-20    0.1536325639E-21    0.1619720651E-06    0.1576537625E+30    0.6971644988E-06    0.3507707089E+09    0.1408410180E-05
    0.8220000000E+00    0.2384069878E-20    0.1646202581E-21    0.1657448792E-06    0.3576171301E+29    0.1694529905E-06    0.8525842280E+08    0.3668116575E-06
    0.8220000000E+00    0.2554576900E-20    0.1763937846E-21    0.1696055734E-06    0.5461348041E+28    0.2772878102E-07    0.1395143355E+08    0.6431683574E-07
    0.8220000000E+00    0.2737278465E-20    0.1890093455E-21    0.1735561947E-06    0.1069983711E+28    0.5821140614E-08    0.2928843370E+07    0.1446778286E-07
    0.8220000000E+00    0.2933046719E-20    0.2025271626E-21    0.1775988378E-06    0.2624672048E+27    0.1530051222E-08    0.7698285740E+06    0.4074739618E-08
    0.8220000000E+00    0.3142816182E-20    0.2170117645E-21    0.1817356462E-06    0.5797855287E+26    0.3621581768E-09    0.1822159342E+06    0.1033456466E-08
    0.8220000000E+00    0.3367588212E-20    0.2325322952E-21    0.1859688132E-06    0.1366809161E+26    0.9148266445E-10    0.4602850420E+05    0.2797259109E-09
    0.8220000000E+00    0.3608435782E-20    0.2491628434E-21    0.1903005833E-06    0.1646729872E+25    0.1181009219E-10    0.5942118993E+04    0.3869431649E-10
    0.8220000000E+00    0.3866508602E-20    0.2669827968E-21    0.1947332533E-06    0.5435276983E+24    0.4176885831E-11    0.2101554521E+04    0.1466379891E-10
