    0.8140000000E+00    0.4143038610E-23    0.2860772210E-24    0.1992691735E-07    0.0000000000E+00    0.0000000000E+00    0.0000000000E+00    0.0000000000E+00
    0.8140000000E+00    0.4439345853E-23    0.3065372650E-24    0.2039107488E-07    0.0000000000E+00    0.0000000000E+00    0.0000000000E+00    0.0000000000E+00
    0.8140000000E+00    0.4756844785E-23    0.3284605973E-24    0.2086604403E-07    0.0000000000E+00    0.0000000000E+00    0.0000000000E+00    0.0000000000E+00
    0.8140000000E+00    0.5097051019E-23    0.3519518710E-24    0.2135207663E-07    0.0000000000E+00    0.0000000000E+00    0.0000000000E+00    0.0000000000E+00
    0.8140000000E+00    0.5461588566E-23    0.3771232243E-24    0.2184943039E-07    0.0000000000E+00    0.0000000000E+00    0.0000000000E+00    0.0000000000E+00
    0.8140000000E+00    0.5852197586E-23    0.4040948153E-24    0.2235836900E-07    0.0000000000E+00    0.0000000000E+00    0.0000000000E+00    0.0000000000E+00
    0.8140000000E+00    0.6270742692E-23    0.4329953957E-24    0.2287916232E-07    0.0000000000E+00    0.0000000000E+00    0.0000000000E+00    0.0000000000E+00
    0.8140000000E+00    0.6719221852E-23    0.4639629256E-24    0.2341208647E-07    0.0000000000E+00    0.0000000000E+00    0.0000000000E+00    0.0000000000E+00
    0.8140000000E+00    0.7199775931E-23    0.4971452317E-24    0.2395742402E-07    0.0000000000E+00    0.0000000000E+00    0.0000000000E+00    0.0000000000E+00
    0.8140000000E+00    0.7714698903E-23    0.5327007132E-24    0.2451546411E-07    0.0000000000E+00    0.0000000000E+00    0.0000000000E+00    0.0000000000E+00
    0.8140000000E+00    0.8266448809E-23    0.5707990981E-24    0.2508650263E-07    0.0000000000E+00    0.0000000000E+00    0.0000000000E+00    0.0000000000E+00
    0.8140000000E+00    0.8857659485E-23    0.6116222531E-24    0.2567084234E-07    0.0000000000E+00    0.0000000000E+00    0.0000000000E+00    0.0000000000E+00
    0.8140000000E+00    0.9491153137E-23    0.6553650517E-24    0.2626879307E-07    0.0000000000E+00    0.0000000000E+00    0.0000000000E+00    0.0000000000E+00
    0.8140000000E+00    0.1016995382E-22    0.7022363048E-24    0.2688067187E-07    0.0000000000E+00    0.0000000000E+00    0.0000000000E+00    0.0000000000E+00
    0.8140000000E+00    0.1089730185E-22    0.7524597575E-24    0.2750680315E-07    0.0000000000E+00    0.0000000000E+00    0.0000000000E+00    0.0000000000E+00
    0.8140000000E+00    0.1167666930E-22    0.8062751566E-24    0.2814751890E-07    0.0000000000E+00    0.0000000000E+00    0.0000000000E+00    0.0000000000E+00
    0.8140000000E+00    0.1251177658E-22    0.8639393956E-24    0.2880315884E-07    0.0000000000E+00    0.0000000000E+00    0.0000000000E+00    0.0000000000E+00
    0.8140000000E+00    0.1340661015E-22    0.9257277409E-24    0.2947407060E-07    0.0000000000E+00    0.0000000000E+00    0.0000000000E+00    0.0000000000E+00
    0.8140000000E+00    0.1436544159E-22    0.9919351458E-24    0.3016060990E-07    0.0000000000E+00    0.0000000000E+00    0.0000000000E+00    0.0000000000E+00
    0.8140000000E+00    0.1539284799E-22    0.1062877658E-23    0.3086314075E-07    0.0000000000E+00    0.0000000000E+00    0.0000000000E+00    0.0000000000E+00
    0.8140000000E+00    0.1649373379E-22    0.1138893930E-23    0.3158203565E-07    0.0000000000E+00    0.0000000000E+00    0.0000000000E+00    0.0000000000E+00
    0.8140000000E+00    0.1767335417E-22    0.1220346833E-23    0.3231767576E-07   -0.1847752770E-15   -0.6490449661E-53   -0.3265598912E-38   -0.1059405205E-54
    0.8140000000E+00    0.1893734018E-22    0.1307625190E-23    0.3307045113E-07   -0.2899863101E-15   -0.1091461497E-52   -0.5491569401E-38   -0.1908955198E-54
    0.8140000000E+00    0.2029172559E-22    0.1401145635E-23    0.3384076090E-07   -0.3389686229E-15   -0.1367068961E-52   -0.6878258280E-38   -0.2561991822E-54
    0.8140000000E+00    0.2174297571E-22    0.1501354598E-23    0.3462901348E-07    0.1073096282E-15    0.4637347211E-53    0.2333230638E-38    0.9312299392E-55
    0.8140000000E+00    0.2329801823E-22    0.1608730435E-23    0.3543562682E-07    0.2459486247E-14    0.1138873067E-51    0.5730115541E-37    0.2450544755E-53
    0.8140000000E+00    0.2496427630E-22    0.1723785718E-23    0.3626102861E-07    0.2023447966E-14    0.1003975153E-51    0.5051391410E-37    0.2314782982E-53
    0.8140000000E+00    0.2674970400E-22    0.1847069675E-23    0.3710565646E-07   -0.1956483377E-13   -0.1040176616E-50   -0.5233535121E-36   -0.2569770874E-52
    0.8140000000E+00    0.2866282424E-22    0.1979170815E-23    0.3796995823E-07   -0.1806067203E-12   -0.1028880248E-49   -0.5176698680E-35   -0.2723655318E-51
    0.8140000000E+00    0.3071276952E-22    0.2120719737E-23    0.3885439218E-07   -0.1934211396E-12   -0.1180687218E-49   -0.5940498880E-35   -0.3349054214E-51
    0.8140000000E+00    0.3290932546E-22    0.2272392139E-23    0.3975942724E-07    0.1215413180E-11    0.7949775519E-49    0.3999842791E-34    0.2416251751E-50
    0.8140000000E+00    0.3526297755E-22    0.2434912046E-23    0.4068554327E-07    0.4665968522E-10    0.3270188060E-47    0.1645359432E-32    0.1065025594E-48
    0.8140000000E+00    0.3778496121E-22    0.2609055264E-23    0.4163323131E-07    0.4757992274E-10    0.3573178042E-47    0.1797805535E-32    0.1246929710E-48
    0.8140000000E+00    0.4048731538E-22    0.2795653084E-23    0.4260299385E-07   -0.6130064316E-08   -0.4932827801E-45   -0.2481898473E-30   -0.1844519587E-46
    0.8140000000E+00    0.4338294005E-22    0.2995596250E-23    0.4359534505E-07   -0.2789512413E-07   -0.2405244455E-44   -0.1210172498E-29   -0.9637103838E-46
    0.8140000000E+00    0.4648565778E-22    0.3209839213E-23    0.4461081109E-07    0.5934460800E-06    0.5482923537E-43    0.2758673139E-28    0.2353962314E-44
    0.8140000000E+00    0.4981027973E-22    0.3439404683E-23    0.4564993037E-07    0.5246052056E-05    0.5193540464E-42    0.2613073204E-27    0.2389190812E-43
    0.8140000000E+00    0.5337267633E-22    0.3685388516E-23    0.4671325384E-07   -0.4358985185E-04   -0.4623983939E-41   -0.2326507054E-26   -0.2279311245E-42
    0.8140000000E+00    0.5718985306E-22    0.3948964943E-23    0.4780134531E-07   -0.6593715366E-02   -0.7494818493E-39   -0.3770936128E-24   -0.3958662125E-40
    0.8140000000E+00    0.6128003161E-22    0.4231392172E-23    0.4891478167E-07   -0.5192415192E+00   -0.6324123404E-37   -0.3181913671E-22   -0.3579213890E-38
    0.8140000000E+00    0.6566273690E-22    0.4534018400E-23    0.5005415331E-07   -0.6913880679E+00   -0.9023038367E-37   -0.4539843280E-22   -0.5471924800E-38
    0.8140000000E+00    0.7035889022E-22    0.4858288246E-23    0.5122006431E-07    0.2919665408E+02    0.4082855488E-35    0.2054244180E-20    0.2653085980E-36
    0.8140000000E+00    0.7539090917E-22    0.5205749646E-23    0.5241313287E-07    0.2265092992E+04    0.3394040030E-33    0.1707674200E-18    0.2363220670E-34
    0.8140000000E+00    0.8078281461E-22    0.5578061244E-23    0.5363399157E-07    0.6356189939E+04    0.1020534734E-32    0.5134709135E-18    0.7614039171E-34
    0.8140000000E+00    0.8656034539E-22    0.5977000309E-23    0.5488328773E-07   -0.5447701143E+05   -0.9372257202E-32   -0.4715548925E-17   -0.7492582173E-33
    0.8140000000E+00    0.9275108115E-22    0.6404471218E-23    0.5616168372E-07   -0.3419592822E+07   -0.6303842019E-30   -0.3171709314E-15   -0.5399986039E-31
    0.8140000000E+00    0.9938457404E-22    0.6862514550E-23    0.5746985739E-07   -0.1558213218E+09   -0.3077923404E-28   -0.1548623569E-13   -0.2825173502E-29
    0.8140000000E+00    0.1064924897E-21    0.7353316823E-23    0.5880850233E-07   -0.6355339163E+10   -0.1345146718E-26   -0.6767958905E-12   -0.1322991252E-27
    0.8140000000E+00    0.1141087586E-21    0.7879220933E-23    0.6017832832E-07   -0.1605305039E+12   -0.3640730171E-25   -0.1831793652E-10   -0.3836858730E-26
    0.8140000000E+00    0.1222697377E-21    0.8442737340E-23    0.6158006166E-07   -0.2003544230E+12   -0.4868888826E-25   -0.2449728276E-10   -0.5498157475E-26
    0.8140000000E+00    0.1310143844E-21    0.9046556049E-23    0.6301444556E-07    0.2589864858E+13    0.6743851937E-24    0.3393095502E-09    0.8160097407E-25
    0.8140000000E+00    0.1403844422E-21    0.9693559452E-23    0.6448224056E-07    0.8408548292E+14    0.2346129318E-22    0.1180429362E-07    0.3041860287E-23
    0.8140000000E+00    0.1504246400E-21    0.1038683609E-22    0.6598422489E-07    0.2053035011E+16    0.6138005587E-21    0.3088270523E-06    0.8527359954E-22
    0.8140000000E+00    0.1611829057E-21    0.1112969539E-22    0.6752119493E-07    0.4506469409E+17    0.1443668070E-19    0.7263658337E-05    0.2149090317E-20
    0.8140000000E+00    0.1727105951E-21    0.1192568347E-22    0.6909396560E-07    0.2673024520E+18    0.9175587192E-19    0.4616596556E-04    0.1463595895E-19
    0.8140000000E+00    0.1850627369E-21    0.1277860007E-22    0.7070337081E-07    0.1089676534E+18    0.4008007473E-19    0.2016585218E-04    0.6850398547E-20
    0.8140000000E+00    0.1982982953E-21    0.1369251667E-22    0.7235026388E-07   -0.4916151782E+19   -0.1937564670E-17   -0.9748645175E-03   -0.3548489488E-18
    0.8140000000E+00    0.2124804516E-21    0.1467179595E-22    0.7403551802E-07   -0.8509885650E+20   -0.3593806156E-16   -0.1808184346E-01   -0.7052481646E-17
    0.8140000000E+00    0.2276769058E-21    0.1572111260E-22    0.7576002677E-07   -0.1188415250E+22   -0.5377731809E-15   -0.2705747069E+00   -0.1130801709E-15
    0.8140000000E+00    0.2439602000E-21    0.1684547565E-22    0.7752470448E-07   -0.1502674248E+23   -0.7286110739E-14   -0.3665927100E+01   -0.1641659499E-14
    0.8140000000E+00    0.2614080640E-21    0.1805025236E-22    0.7933048683E-07   -0.1748088411E+24   -0.9082268098E-13   -0.4569644073E+02   -0.2192712205E-13
    0.8140000000E+00    0.2801037871E-21    0.1934119387E-22    0.8117833125E-07   -0.1677887712E+25   -0.9341009576E-12   -0.4699827023E+03   -0.2416468474E-12
    0.8140000000E+00    0.3001366153E-21    0.2072446262E-22    0.8306921749E-07   -0.3306645064E+25   -0.1972506777E-11   -0.9924452577E+03   -0.5467714384E-12
    0.8140000000E+00    0.3216021775E-21    0.2220666179E-22    0.8500414813E-07   -0.7376242990E+24   -0.4714831092E-12   -0.2372215808E+03   -0.1400404363E-12
    0.8140000000E+00    0.3446029418E-21    0.2379486681E-22    0.8698414910E-07    0.3351832385E+26    0.2295689863E-10    0.1155051300E+05    0.7306351014E-11
    0.8140000000E+00    0.3692487048E-21    0.2549665916E-22    0.8901027021E-07    0.3278639340E+27    0.2406160370E-09    0.1210633330E+06    0.8205629159E-10
    0.8140000000E+00    0.3956571157E-21    0.2732016250E-22    0.9108358575E-07    0.2510902026E+28    0.1974516154E-08    0.9934562535E+06    0.7215193910E-09
    0.8140000000E+00    0.4239542377E-21    0.2927408154E-22    0.9320519501E-07    0.1729611438E+29    0.1457402373E-07    0.7332760986E+07    0.5706460149E-08
    0.8140000000E+00    0.4542751502E-21    0.3136774352E-22    0.9537622289E-07    0.1100080782E+30    0.9932429740E-07    0.4997393624E+08    0.4167185353E-07
    0.8140000000E+00    0.4867645933E-21    0.3361114274E-22    0.9759782052E-07    0.6506335092E+30    0.6294588597E-06    0.3167053555E+09    0.2829792993E-06
    0.8140000000E+00    0.5215776589E-21    0.3601498832E-22    0.9987116580E-07    0.3588502195E+31    0.3720010281E-05    0.1871682574E+10    0.1791972978E-05
    0.8140000000E+00    0.5588805307E-21    0.3859075526E-22    0.1021974641E-06    0.1848812858E+32    0.2053637929E-04    0.1033265511E+11    0.1060013004E-04
    0.8140000000E+00    0.5988512779E-21    0.4135073927E-22    0.1045779488E-06    0.8908438651E+32    0.1060309170E-03    0.5334829870E+11    0.5864349344E-04
    0.8140000000E+00    0.6416807053E-21    0.4430811541E-22    0.1070138822E-06    0.4017474299E+33    0.5123703985E-03    0.2577935742E+12    0.3036486449E-03
    0.8140000000E+00    0.6875732635E-21    0.4747700104E-22    0.1095065557E-06    0.1695804601E+34    0.2317430578E-02    0.1165989904E+13    0.1471614470E-02
    0.8140000000E+00    0.7367480256E-21    0.5087252317E-22    0.1120572911E-06    0.6694866353E+34    0.9803312248E-02    0.4932429568E+13    0.6670527086E-02
    0.8140000000E+00    0.7894397325E-21    0.5451089068E-22    0.1146674407E-06    0.2179929809E+35    0.3420372720E-01    0.1720923205E+14    0.2493795002E-01
    0.8140000000E+00    0.8458999137E-21    0.5840947171E-22    0.1173383885E-06    0.4398411022E+35    0.7394805145E-01    0.3720615504E+14    0.5777155416E-01
    0.8140000000E+00    0.9063980879E-21    0.6258687655E-22    0.1200715507E-06    0.6368831043E+35    0.1147336082E+00    0.5772696280E+14    0.9604570925E-01
    0.8140000000E+00    0.9712230494E-21    0.6706304648E-22    0.1228683764E-06    0.7209141723E+35    0.1391600215E+00    0.7001684608E+14    0.1248250658E+00
    0.8140000000E+00    0.1040684247E-20    0.7185934897E-22    0.1257303485E-06    0.7193456810E+35    0.1487882255E+00    0.7486117184E+14    0.1430065339E+00
    0.8140000000E+00    0.1115113261E-20    0.7699867968E-22    0.1286589846E-06    0.6845331880E+35    0.1517139210E+00    0.7633320358E+14    0.1562473819E+00
    0.8140000000E+00    0.1194865387E-20    0.8250557175E-22    0.1316558373E-06    0.5529154084E+35    0.1313075254E+00    0.6606594835E+14    0.1449028519E+00
    0.8140000000E+00    0.1280321329E-20    0.8840631292E-22    0.1347224957E-06    0.3644180038E+35    0.9273223962E-01    0.4665721431E+14    0.1096523807E+00
    0.8140000000E+00    0.1371889021E-20    0.9472907100E-22    0.1378605858E-06    0.2021323883E+35    0.5511462178E-01    0.2773032044E+14    0.6983194649E-01
    0.8140000000E+00    0.1470005571E-20    0.1015040283E-21    0.1410717713E-06    0.9549803300E+34    0.2790135856E-01    0.1403826405E+14    0.3788023517E-01
    0.8140000000E+00    0.1575139348E-20    0.1087635259E-21    0.1443577550E-06    0.3843143605E+34    0.1203143798E-01    0.6053486713E+13    0.1750269210E-01
    0.8140000000E+00    0.1687792220E-20    0.1165422177E-21    0.1477202791E-06    0.1297683928E+34    0.4353112085E-02    0.2190220837E+13    0.6785582982E-02
    0.8140000000E+00    0.1808501947E-20    0.1248772362E-21    0.1511611264E-06    0.3287662047E+33    0.1181729541E-02    0.5945743214E+12    0.1973810288E-02
    0.8140000000E+00    0.1937844750E-20    0.1338083694E-21    0.1546821213E-06    0.1640344790E+32    0.6317802823E-04    0.3178733540E+11    0.1130715600E-03
    0.8140000000E+00    0.2076438060E-20    0.1433782510E-21    0.1582851308E-06    0.5608048971E+30    0.2314422919E-05    0.1164476633E+10    0.4438436773E-05
    0.8140000000E+00    0.2224943467E-20    0.1536325639E-21    0.1619720651E-06    0.1368171100E+30    0.6050222362E-06    0.3044103351E+09    0.1243250529E-05
    0.8140000000E+00    0.2384069878E-20    0.1646202581E-21    0.1657448792E-06    0.3072569621E+29    0.1455903722E-06    0.7325220683E+08    0.3205678559E-06
    0.8140000000E+00    0.2554576900E-20    0.1763937846E-21    0.1696055734E-06    0.4748725477E+28    0.2411059831E-07    0.1213098441E+08    0.5688467799E-07
    0.8140000000E+00    0.2737278465E-20    0.1890093455E-21    0.1735561947E-06    0.9418205794E+27    0.5123881765E-08    0.2578025190E+07    0.1295347872E-07
    0.8140000000E+00    0.2933046719E-20    0.2025271626E-21    0.1775988378E-06    0.2310767606E+27    0.1347060789E-08    0.6777589345E+06    0.3649005440E-08
    0.8140000000E+00    0.3142816182E-20    0.2170117645E-21    0.1817356462E-06    0.5102756760E+26    0.3187394292E-09    0.1603702652E+06    0.9251733343E-09
    0.8140000000E+00    0.3367588212E-20    0.2325322952E-21    0.1859688132E-06    0.1198690562E+26    0.8023022493E-10    0.4036696207E+05    0.2495314706E-09
    0.8140000000E+00    0.3608435782E-20    0.2491628434E-21    0.1903005833E-06    0.1402234259E+25    0.1005660743E-10    0.5059872276E+04    0.3351496836E-10
    0.8140000000E+00    0.3866508602E-20    0.2669827968E-21    0.1947332533E-06    0.4670566419E+24    0.3589223283E-11    0.1805878523E+04    0.1281704156E-10
