    0.8260000000E+00    0.4143038610E-23    0.2860772210E-24    0.1992691735E-07    0.0000000000E+00    0.0000000000E+00    0.0000000000E+00    0.0000000000E+00
    0.8260000000E+00    0.4439345853E-23    0.3065372650E-24    0.2039107488E-07    0.0000000000E+00    0.0000000000E+00    0.0000000000E+00    0.0000000000E+00
    0.8260000000E+00    0.4756844785E-23    0.3284605973E-24    0.2086604403E-07    0.0000000000E+00    0.0000000000E+00    0.0000000000E+00    0.0000000000E+00
    0.8260000000E+00    0.5097051019E-23    0.3519518710E-24    0.2135207663E-07    0.0000000000E+00    0.0000000000E+00    0.0000000000E+00    0.0000000000E+00
    0.8260000000E+00    0.5461588566E-23    0.3771232243E-24    0.2184943039E-07    0.0000000000E+00    0.0000000000E+00    0.0000000000E+00    0.0000000000E+00
    0.8260000000E+00    0.5852197586E-23    0.4040948153E-24    0.2235836900E-07    0.0000000000E+00    0.0000000000E+00    0.0000000000E+00    0.0000000000E+00
    0.8260000000E+00    0.6270742692E-23    0.4329953957E-24    0.2287916232E-07    0.0000000000E+00    0.0000000000E+00    0.0000000000E+00    0.0000000000E+00
    0.8260000000E+00    0.6719221852E-23    0.4639629256E-24    0.2341208647E-07    0.0000000000E+00    0.0000000000E+00    0.0000000000E+00    0.0000000000E+00
    0.8260000000E+00    0.7199775931E-23    0.4971452317E-24    0.2395742402E-07    0.0000000000E+00    0.0000000000E+00    0.0000000000E+00    0.0000000000E+00
    0.8260000000E+00    0.7714698903E-23    0.5327007132E-24    0.2451546411E-07    0.0000000000E+00    0.0000000000E+00    0.0000000000E+00    0.0000000000E+00
    0.8260000000E+00    0.8266448809E-23    0.5707990981E-24    0.2508650263E-07    0.0000000000E+00    0.0000000000E+00    0.0000000000E+00    0.0000000000E+00
    0.8260000000E+00    0.8857659485E-23    0.6116222531E-24    0.2567084234E-07    0.0000000000E+00    0.0000000000E+00    0.0000000000E+00    0.0000000000E+00
    0.8260000000E+00    0.9491153137E-23    0.6553650517E-24    0.2626879307E-07    0.0000000000E+00    0.0000000000E+00    0.0000000000E+00    0.0000000000E+00
    0.8260000000E+00    0.1016995382E-22    0.7022363048E-24    0.2688067187E-07    0.0000000000E+00    0.0000000000E+00    0.0000000000E+00    0.0000000000E+00
    0.8260000000E+00    0.1089730185E-22    0.7524597575E-24    0.2750680315E-07    0.0000000000E+00    0.0000000000E+00    0.0000000000E+00    0.0000000000E+00
    0.8260000000E+00    0.1167666930E-22    0.8062751566E-24    0.2814751890E-07    0.0000000000E+00    0.0000000000E+00    0.0000000000E+00    0.0000000000E+00
    0.8260000000E+00    0.1251177658E-22    0.8639393956E-24    0.2880315884E-07    0.0000000000E+00    0.0000000000E+00    0.0000000000E+00    0.0000000000E+00
    0.8260000000E+00    0.1340661015E-22    0.9257277409E-24    0.2947407060E-07    0.0000000000E+00    0.0000000000E+00    0.0000000000E+00    0.0000000000E+00
    0.8260000000E+00    0.1436544159E-22    0.9919351458E-24    0.3016060990E-07    0.0000000000E+00    0.0000000000E+00    0.0000000000E+00    0.0000000000E+00
    0.8260000000E+00    0.1539284799E-22    0.1062877658E-23    0.3086314075E-07    0.0000000000E+00    0.0000000000E+00    0.0000000000E+00    0.0000000000E+00
    0.8260000000E+00    0.1649373379E-22    0.1138893930E-23    0.3158203565E-07    0.0000000000E+00    0.0000000000E+00    0.0000000000E+00    0.0000000000E+00
    0.8260000000E+00    0.1767335417E-22    0.1220346833E-23    0.3231767576E-07    0.0000000000E+00    0.0000000000E+00    0.0000000000E+00    0.0000000000E+00
    0.8260000000E+00    0.1893734018E-22    0.1307625190E-23    0.3307045113E-07   -0.1105675480E-15   -0.4161583400E-53   -0.2093855270E-38   -0.7097710315E-55
    0.8260000000E+00    0.2029172559E-22    0.1401145635E-23    0.3384076090E-07   -0.2041908978E-15   -0.8235070140E-53   -0.4143385666E-38   -0.1504966976E-54
    0.8260000000E+00    0.2174297571E-22    0.1501354598E-23    0.3462901348E-07   -0.2428006267E-15   -0.1049254227E-52   -0.5279208129E-38   -0.2054662029E-54
    0.8260000000E+00    0.2329801823E-22    0.1608730435E-23    0.3543562682E-07    0.1163304968E-15    0.5386721303E-53    0.2710270035E-38    0.1130275137E-54
    0.8260000000E+00    0.2496427630E-22    0.1723785718E-23    0.3626102861E-07    0.1313141549E-14    0.6515420753E-52    0.3278162845E-37    0.1464880286E-53
    0.8260000000E+00    0.2674970400E-22    0.1847069675E-23    0.3710565646E-07    0.0000000000E+00    0.0000000000E+00    0.0000000000E+00    0.0000000000E+00
    0.8260000000E+00    0.2866282424E-22    0.1979170815E-23    0.3796995823E-07   -0.2394888947E-13   -0.1364320182E-50   -0.6864428099E-36   -0.3521891491E-52
    0.8260000000E+00    0.3071276952E-22    0.2120719737E-23    0.3885439218E-07   -0.1285487846E-12   -0.7846914103E-50   -0.3948089192E-35   -0.2170493883E-51
    0.8260000000E+00    0.3290932546E-22    0.2272392139E-23    0.3975942724E-07   -0.5085912288E-13   -0.3326593924E-50   -0.1673739427E-35   -0.9859603664E-52
    0.8260000000E+00    0.3526297755E-22    0.2434912046E-23    0.4068554327E-07    0.6628312278E-11    0.4645515195E-48    0.2337340271E-33    0.1475344876E-49
    0.8260000000E+00    0.3778496121E-22    0.2609055264E-23    0.4163323131E-07    0.3320924858E-10    0.2493962809E-47    0.1254810169E-32    0.8486910856E-49
    0.8260000000E+00    0.4048731538E-22    0.2795653084E-23    0.4260299385E-07   -0.5106903376E-09   -0.4109496026E-46   -0.2067648076E-31   -0.1498470621E-47
    0.8260000000E+00    0.4338294005E-22    0.2995596250E-23    0.4359534505E-07   -0.1099870191E-07   -0.9483580954E-45   -0.4771560256E-30   -0.3705373775E-46
    0.8260000000E+00    0.4648565778E-22    0.3209839213E-23    0.4461081109E-07    0.4531868197E-07    0.4187050457E-44    0.2106668741E-29    0.1752943273E-45
    0.8260000000E+00    0.4981027973E-22    0.3439404683E-23    0.4564993037E-07    0.1941071779E-05    0.1921642164E-42    0.9668532827E-28    0.8620494656E-44
    0.8260000000E+00    0.5337267633E-22    0.3685388516E-23    0.4671325384E-07   -0.2380797641E-05   -0.2525535093E-42   -0.1270695419E-27   -0.1213984314E-43
    0.8260000000E+00    0.5718985306E-22    0.3948964943E-23    0.4780134531E-07   -0.7855340881E-03   -0.8928858897E-40   -0.4492457907E-25   -0.4598917591E-41
    0.8260000000E+00    0.6128003161E-22    0.4231392172E-23    0.4891478167E-07   -0.9150303777E-01   -0.1114465006E-37   -0.5607309047E-23   -0.6150722079E-39
    0.8260000000E+00    0.6566273690E-22    0.4534018400E-23    0.5005415331E-07   -0.4783466892E+00   -0.6242717700E-37   -0.3140955280E-22   -0.3691759184E-38
    0.8260000000E+00    0.7035889022E-22    0.4858288246E-23    0.5122006431E-07    0.3487962575E+01    0.4877561346E-36    0.2454091759E-21    0.3090739539E-37
    0.8260000000E+00    0.7539090917E-22    0.5205749646E-23    0.5241313287E-07    0.3398433505E+03    0.5092249811E-34    0.2562109917E-19    0.3457557158E-35
    0.8260000000E+00    0.8078281461E-22    0.5578061244E-23    0.5363399157E-07    0.3476562257E+04    0.5581885644E-33    0.2808464843E-18    0.4061071188E-34
    0.8260000000E+00    0.8656034539E-22    0.5977000309E-23    0.5488328773E-07   -0.4791668702E+04   -0.8243615118E-33   -0.4147684979E-18   -0.6426542363E-34
    0.8260000000E+00    0.9275108115E-22    0.6404471218E-23    0.5616168372E-07   -0.5794722641E+06   -0.1068227066E-30   -0.5374667899E-16   -0.8923253793E-32
    0.8260000000E+00    0.9938457404E-22    0.6862514550E-23    0.5746985739E-07   -0.2807846789E+08   -0.5546312434E-29   -0.2790566570E-14   -0.4964368350E-30
    0.8260000000E+00    0.1064924897E-21    0.7353316823E-23    0.5880850233E-07   -0.1200894286E+10   -0.2541766798E-27   -0.1278862224E-12   -0.2437784829E-28
    0.8260000000E+00    0.1141087586E-21    0.7879220933E-23    0.6017832832E-07   -0.4639299536E+11   -0.1052163756E-25   -0.5293847108E-11   -0.1081292038E-26
    0.8260000000E+00    0.1222697377E-21    0.8442737340E-23    0.6158006166E-07   -0.1599852384E+12   -0.3887861959E-25   -0.1956135314E-10   -0.4281249167E-26
    0.8260000000E+00    0.1310143844E-21    0.9046556049E-23    0.6301444556E-07    0.3806267069E+12    0.9911289950E-25    0.4986757370E-10    0.1169472056E-25
    0.8260000000E+00    0.1403844422E-21    0.9693559452E-23    0.6448224056E-07    0.1871465146E+14    0.5221709021E-23    0.2627245906E-08    0.6601951580E-24
    0.8260000000E+00    0.1504246400E-21    0.1038683609E-22    0.6598422489E-07    0.4861242758E+15    0.1453376833E-21    0.7312506916E-07    0.1968964567E-22
    0.8260000000E+00    0.1611829057E-21    0.1112969539E-22    0.6752119493E-07    0.1115773312E+17    0.3574430796E-20    0.1798435845E-05    0.5188795574E-21
    0.8260000000E+00    0.1727105951E-21    0.1192568347E-22    0.6909396560E-07    0.1489674142E+18    0.5113546424E-19    0.2572825075E-04    0.7953931944E-20
    0.8260000000E+00    0.1850627369E-21    0.1277860007E-22    0.7070337081E-07    0.1721247214E+18    0.6331027124E-19    0.3185387203E-04    0.1055197714E-19
    0.8260000000E+00    0.1982982953E-21    0.1369251667E-22    0.7235026388E-07   -0.1120085846E+19   -0.4414507237E-18   -0.2221111138E-03   -0.7883914410E-19
    0.8260000000E+00    0.2124804516E-21    0.1467179595E-22    0.7403551802E-07   -0.2445876465E+20   -0.1032917040E-16   -0.5197009358E-02   -0.1976628758E-17
    0.8260000000E+00    0.2276769058E-21    0.1572111260E-22    0.7576002677E-07   -0.3622510073E+21   -0.1639232386E-15   -0.8247618848E-01   -0.3361245186E-16
    0.8260000000E+00    0.2439602000E-21    0.1684547565E-22    0.7752470448E-07   -0.4779117181E+22   -0.2317280479E-14   -0.1165914383E+01   -0.5091412340E-15
    0.8260000000E+00    0.2614080640E-21    0.1805025236E-22    0.7933048683E-07   -0.5784795032E+23   -0.3005514998E-13   -0.1512192070E+02   -0.7075849175E-14
    0.8260000000E+00    0.2801037871E-21    0.1934119387E-22    0.8117833125E-07   -0.6463054611E+24   -0.3598062886E-12   -0.1810326073E+03   -0.9076709105E-13
    0.8260000000E+00    0.3001366153E-21    0.2072446262E-22    0.8306921749E-07   -0.2601713049E+25   -0.1551995005E-11   -0.7808693486E+03   -0.4195174080E-12
    0.8260000000E+00    0.3216021775E-21    0.2220666179E-22    0.8500414813E-07   -0.2189205923E+25   -0.1399321601E-11   -0.7040533919E+03   -0.4053005620E-12
    0.8260000000E+00    0.3446029418E-21    0.2379486681E-22    0.8698414910E-07    0.9912132286E+25    0.6788878143E-11    0.3415749946E+04    0.2106966745E-11
    0.8260000000E+00    0.3692487048E-21    0.2549665916E-22    0.8901027021E-07    0.1258819690E+27    0.9238350841E-10    0.4648175401E+05    0.3072232781E-10
    0.8260000000E+00    0.3956571157E-21    0.2732016250E-22    0.9108358575E-07    0.1031776800E+28    0.8113657707E-09    0.4082298325E+06    0.2891188113E-09
    0.8260000000E+00    0.4239542377E-21    0.2927408154E-22    0.9320519501E-07    0.7418163819E+28    0.6250681119E-08    0.3144961987E+07    0.2386640529E-08
    0.8260000000E+00    0.4542751502E-21    0.3136774352E-22    0.9537622289E-07    0.4896960718E+29    0.4421376963E-07    0.2224567566E+08    0.1808911050E-07
    0.8260000000E+00    0.4867645933E-21    0.3361114274E-22    0.9759782052E-07    0.3000676731E+30    0.2903020712E-06    0.1460623189E+09    0.1272652404E-06
    0.8260000000E+00    0.5215776589E-21    0.3601498832E-22    0.9987116580E-07    0.1713129526E+31    0.1775910701E-05    0.8935300874E+09    0.8342203729E-06
    0.8260000000E+00    0.5588805307E-21    0.3859075526E-22    0.1021974641E-06    0.9130151975E+31    0.1014165729E-04    0.5102664181E+10    0.5104680890E-05
    0.8260000000E+00    0.5988512779E-21    0.4135073927E-22    0.1045779488E-06    0.4548300327E+32    0.5413523889E-04    0.2723755463E+11    0.2919710053E-04
    0.8260000000E+00    0.6416807053E-21    0.4430811541E-22    0.1070138822E-06    0.2119638762E+33    0.2703290865E-03    0.1360131296E+12    0.1562256875E-03
    0.8260000000E+00    0.6875732635E-21    0.4747700104E-22    0.1095065557E-06    0.9243000551E+33    0.1263117938E-02    0.6355240053E+12    0.7821743509E-03
    0.8260000000E+00    0.7367480256E-21    0.5087252317E-22    0.1120572911E-06    0.3769382326E+34    0.5519517490E-02    0.2777084987E+13    0.3662357887E-02
    0.8260000000E+00    0.7894397325E-21    0.5451089068E-22    0.1146674407E-06    0.1403025484E+35    0.2201387435E-01    0.1107604063E+14    0.1565150668E-01
    0.8260000000E+00    0.8458999137E-21    0.5840947171E-22    0.1173383885E-06    0.3422945085E+35    0.5754808224E-01    0.2895468952E+14    0.4384201670E-01
    0.8260000000E+00    0.9063980879E-21    0.6258687655E-22    0.1200715507E-06    0.5586288301E+35    0.1006362092E+00    0.5063401034E+14    0.8215120476E-01
    0.8260000000E+00    0.9712230494E-21    0.6706304648E-22    0.1228683764E-06    0.6926457238E+35    0.1337032861E+00    0.6727134920E+14    0.1169504101E+00
    0.8260000000E+00    0.1040684247E-20    0.7185934897E-22    0.1257303485E-06    0.7078383711E+35    0.1464080733E+00    0.7366362423E+14    0.1372222996E+00
    0.8260000000E+00    0.1115113261E-20    0.7699867968E-22    0.1286589846E-06    0.6914162904E+35    0.1532394313E+00    0.7710074746E+14    0.1538970160E+00
    0.8260000000E+00    0.1194865387E-20    0.8250557175E-22    0.1316558373E-06    0.6025495911E+35    0.1430947565E+00    0.7199656504E+14    0.1539867623E+00
    0.8260000000E+00    0.1280321329E-20    0.8840631292E-22    0.1347224957E-06    0.4245266098E+35    0.1080278770E+00    0.5435304734E+14    0.1245648499E+00
    0.8260000000E+00    0.1371889021E-20    0.9472907100E-22    0.1378605858E-06    0.2488929243E+35    0.6786462821E-01    0.3414534703E+14    0.8385001446E-01
    0.8260000000E+00    0.1470005571E-20    0.1015040283E-21    0.1410717713E-06    0.1233436853E+35    0.3603693482E-01    0.1813159046E+14    0.4770979076E-01
    0.8260000000E+00    0.1575139348E-20    0.1087635259E-21    0.1443577550E-06    0.5180629859E+34    0.1621860468E-01    0.8160213940E+13    0.2300769735E-01
    0.8260000000E+00    0.1687792220E-20    0.1165422177E-21    0.1477202791E-06    0.1823504800E+34    0.6116990903E-02    0.3077697214E+13    0.9298170430E-02
    0.8260000000E+00    0.1808501947E-20    0.1248772362E-21    0.1511611264E-06    0.5012717989E+33    0.1801790099E-02    0.9065510242E+12    0.2934701025E-02
    0.8260000000E+00    0.1937844750E-20    0.1338083694E-21    0.1546821213E-06    0.4317281552E+32    0.1662804902E-03    0.8366221389E+11    0.2902023759E-03
    0.8260000000E+00    0.2076438060E-20    0.1433782510E-21    0.1582851308E-06    0.6918770196E+30    0.2855353153E-05    0.1436639776E+10    0.5339732456E-05
    0.8260000000E+00    0.2224943467E-20    0.1536325639E-21    0.1619720651E-06    0.1687392369E+30    0.7461858422E-06    0.3754352629E+09    0.1495225422E-05
    0.8260000000E+00    0.2384069878E-20    0.1646202581E-21    0.1657448792E-06    0.3847009817E+29    0.1822863792E-06    0.9171540228E+08    0.3913937498E-06
    0.8260000000E+00    0.2554576900E-20    0.1763937846E-21    0.1696055734E-06    0.5842165509E+28    0.2966229709E-07    0.1492426105E+08    0.6824399586E-07
    0.8260000000E+00    0.2737278465E-20    0.1890093455E-21    0.1735561947E-06    0.1137625575E+28    0.6189139491E-08    0.3113997988E+07    0.1525773046E-07
    0.8260000000E+00    0.2933046719E-20    0.2025271626E-21    0.1775988378E-06    0.2790331012E+27    0.1626622030E-08    0.8184171221E+06    0.4296811656E-08
    0.8260000000E+00    0.3142816182E-20    0.2170117645E-21    0.1817356462E-06    0.6164142818E+26    0.3850380208E-09    0.1937276780E+06    0.1089841356E-08
    0.8260000000E+00    0.3367588212E-20    0.2325322952E-21    0.1859688132E-06    0.1455463571E+26    0.9741644203E-10    0.4901401964E+05    0.2954553996E-09
    0.8260000000E+00    0.3608435782E-20    0.2491628434E-21    0.1903005833E-06    0.1778172394E+25    0.1275277764E-10    0.6416420892E+04    0.4144426625E-10
    0.8260000000E+00    0.3866508602E-20    0.2669827968E-21    0.1947332533E-06    0.5849989273E+24    0.4495582724E-11    0.2261903384E+04    0.1565473287E-10
