    0.8840000000E+00    0.4143038610E-23    0.2860772210E-24    0.1992691735E-07    0.0000000000E+00    0.0000000000E+00    0.0000000000E+00    0.0000000000E+00
    0.8840000000E+00    0.4439345853E-23    0.3065372650E-24    0.2039107488E-07    0.0000000000E+00    0.0000000000E+00    0.0000000000E+00    0.0000000000E+00
    0.8840000000E+00    0.4756844785E-23    0.3284605973E-24    0.2086604403E-07    0.0000000000E+00    0.0000000000E+00    0.0000000000E+00    0.0000000000E+00
    0.8840000000E+00    0.5097051019E-23    0.3519518710E-24    0.2135207663E-07    0.0000000000E+00    0.0000000000E+00    0.0000000000E+00    0.0000000000E+00
    0.8840000000E+00    0.5461588566E-23    0.3771232243E-24    0.2184943039E-07    0.0000000000E+00    0.0000000000E+00    0.0000000000E+00    0.0000000000E+00
    0.8840000000E+00    0.5852197586E-23    0.4040948153E-24    0.2235836900E-07    0.0000000000E+00    0.0000000000E+00    0.0000000000E+00    0.0000000000E+00
    0.8840000000E+00    0.6270742692E-23    0.4329953957E-24    0.2287916232E-07    0.0000000000E+00    0.0000000000E+00    0.0000000000E+00    0.0000000000E+00
    0.8840000000E+00    0.6719221852E-23    0.4639629256E-24    0.2341208647E-07    0.0000000000E+00    0.0000000000E+00    0.0000000000E+00    0.0000000000E+00
    0.8840000000E+00    0.7199775931E-23    0.4971452317E-24    0.2395742402E-07    0.0000000000E+00    0.0000000000E+00    0.0000000000E+00    0.0000000000E+00
    0.8840000000E+00    0.7714698903E-23    0.5327007132E-24    0.2451546411E-07    0.0000000000E+00    0.0000000000E+00    0.0000000000E+00    0.0000000000E+00
    0.8840000000E+00    0.8266448809E-23    0.5707990981E-24    0.2508650263E-07    0.0000000000E+00    0.0000000000E+00    0.0000000000E+00    0.0000000000E+00
    0.8840000000E+00    0.8857659485E-23    0.6116222531E-24    0.2567084234E-07    0.0000000000E+00    0.0000000000E+00    0.0000000000E+00    0.0000000000E+00
    0.8840000000E+00    0.9491153137E-23    0.6553650517E-24    0.2626879307E-07    0.0000000000E+00    0.0000000000E+00    0.0000000000E+00    0.0000000000E+00
    0.8840000000E+00    0.1016995382E-22    0.7022363048E-24    0.2688067187E-07    0.0000000000E+00    0.0000000000E+00    0.0000000000E+00    0.0000000000E+00
    0.8840000000E+00    0.1089730185E-22    0.7524597575E-24    0.2750680315E-07    0.0000000000E+00    0.0000000000E+00    0.0000000000E+00    0.0000000000E+00
    0.8840000000E+00    0.1167666930E-22    0.8062751566E-24    0.2814751890E-07    0.0000000000E+00    0.0000000000E+00    0.0000000000E+00    0.0000000000E+00
    0.8840000000E+00    0.1251177658E-22    0.8639393956E-24    0.2880315884E-07    0.0000000000E+00    0.0000000000E+00    0.0000000000E+00    0.0000000000E+00
    0.8840000000E+00    0.1340661015E-22    0.9257277409E-24    0.2947407060E-07    0.0000000000E+00    0.0000000000E+00    0.0000000000E+00    0.0000000000E+00
    0.8840000000E+00    0.1436544159E-22    0.9919351458E-24    0.3016060990E-07    0.0000000000E+00    0.0000000000E+00    0.0000000000E+00    0.0000000000E+00
    0.8840000000E+00    0.1539284799E-22    0.1062877658E-23    0.3086314075E-07    0.0000000000E+00    0.0000000000E+00    0.0000000000E+00    0.0000000000E+00
    0.8840000000E+00    0.1649373379E-22    0.1138893930E-23    0.3158203565E-07    0.0000000000E+00    0.0000000000E+00    0.0000000000E+00    0.0000000000E+00
    0.8840000000E+00    0.1767335417E-22    0.1220346833E-23    0.3231767576E-07    0.0000000000E+00    0.0000000000E+00    0.0000000000E+00    0.0000000000E+00
    0.8840000000E+00    0.1893734018E-22    0.1307625190E-23    0.3307045113E-07    0.0000000000E+00    0.0000000000E+00    0.0000000000E+00    0.0000000000E+00
    0.8840000000E+00    0.2029172559E-22    0.1401145635E-23    0.3384076090E-07    0.0000000000E+00    0.0000000000E+00    0.0000000000E+00    0.0000000000E+00
    0.8840000000E+00    0.2174297571E-22    0.1501354598E-23    0.3462901348E-07    0.0000000000E+00    0.0000000000E+00    0.0000000000E+00    0.0000000000E+00
    0.8840000000E+00    0.2329801823E-22    0.1608730435E-23    0.3543562682E-07    0.0000000000E+00    0.0000000000E+00    0.0000000000E+00    0.0000000000E+00
    0.8840000000E+00    0.2496427630E-22    0.1723785718E-23    0.3626102861E-07    0.0000000000E+00    0.0000000000E+00    0.0000000000E+00    0.0000000000E+00
    0.8840000000E+00    0.2674970400E-22    0.1847069675E-23    0.3710565646E-07    0.0000000000E+00    0.0000000000E+00    0.0000000000E+00    0.0000000000E+00
    0.8840000000E+00    0.2866282424E-22    0.1979170815E-23    0.3796995823E-07    0.0000000000E+00    0.0000000000E+00    0.0000000000E+00    0.0000000000E+00
    0.8840000000E+00    0.3071276952E-22    0.2120719737E-23    0.3885439218E-07   -0.2662336992E-15   -0.1625151865E-52   -0.8176774243E-38   -0.4084758373E-54
    0.8840000000E+00    0.3290932546E-22    0.2272392139E-23    0.3975942724E-07   -0.1865141417E-14   -0.1219951850E-51   -0.6138054590E-37   -0.3285603186E-53
    0.8840000000E+00    0.3526297755E-22    0.2434912046E-23    0.4068554327E-07   -0.8957962336E-14   -0.6278272417E-51   -0.3158844248E-36   -0.1811809686E-52
    0.8840000000E+00    0.3778496121E-22    0.2609055264E-23    0.4163323131E-07    0.6897025940E-13    0.5179558986E-50    0.2606038576E-35    0.1601641099E-51
    0.8840000000E+00    0.4048731538E-22    0.2795653084E-23    0.4260299385E-07    0.1060543510E-11    0.8534133153E-49    0.4293855957E-34    0.2827690259E-50
    0.8840000000E+00    0.4338294005E-22    0.2995596250E-23    0.4359534505E-07   -0.1210333886E-10   -0.1043604917E-47   -0.5250784242E-33   -0.3705173401E-49
    0.8840000000E+00    0.4648565778E-22    0.3209839213E-23    0.4461081109E-07   -0.3884803033E-09   -0.3589218751E-46   -0.1805876243E-31   -0.1365439145E-47
    0.8840000000E+00    0.4981027973E-22    0.3439404683E-23    0.4564993037E-07    0.1228167818E-08    0.1215874183E-45    0.6117538255E-31    0.4956339627E-47
    0.8840000000E+00    0.5337267633E-22    0.3685388516E-23    0.4671325384E-07    0.8386361877E-07    0.8896199683E-44    0.4476025780E-29    0.3885768681E-45
    0.8840000000E+00    0.5718985306E-22    0.3948964943E-23    0.4780134531E-07   -0.4244293774E-07   -0.4824322813E-44   -0.2427305372E-29   -0.2257921201E-45
    0.8840000000E+00    0.6128003161E-22    0.4231392172E-23    0.4891478167E-07   -0.2871933528E-04   -0.3497883233E-41   -0.1759921774E-26   -0.1754194435E-42
    0.8840000000E+00    0.6566273690E-22    0.4534018400E-23    0.5005415331E-07   -0.3661591861E-02   -0.4778601971E-39   -0.2404301430E-24   -0.2567871452E-40
    0.8840000000E+00    0.7035889022E-22    0.4858288246E-23    0.5122006431E-07   -0.3441568821E-01   -0.4812684393E-38   -0.2421449628E-23   -0.2771148527E-39
    0.8840000000E+00    0.7539090917E-22    0.5205749646E-23    0.5241313287E-07    0.1337064539E+00    0.2003472081E-37    0.1008025112E-22    0.1236106004E-38
    0.8840000000E+00    0.8078281461E-22    0.5578061244E-23    0.5363399157E-07    0.1649591516E+02    0.2648544891E-35    0.1332586457E-20    0.1750974251E-36
    0.8840000000E+00    0.8656034539E-22    0.5977000309E-23    0.5488328773E-07    0.3176360551E+03    0.5464629440E-34    0.2749468664E-19    0.3871088843E-35
    0.8840000000E+00    0.9275108115E-22    0.6404471218E-23    0.5616168372E-07   -0.2210977284E+02   -0.4075821956E-35   -0.2050705335E-20   -0.3093767163E-36
    0.8840000000E+00    0.9938457404E-22    0.6862514550E-23    0.5746985739E-07   -0.3373356878E+05   -0.6663359009E-32   -0.3352596364E-17   -0.5419580032E-33
    0.8840000000E+00    0.1064924897E-21    0.7353316823E-23    0.5880850233E-07   -0.1790142640E+07   -0.3788947269E-30   -0.1906367467E-15   -0.3302105787E-31
    0.8840000000E+00    0.1141087586E-21    0.7879220933E-23    0.6017832832E-07   -0.8273519001E+08   -0.1876381717E-28   -0.9440809824E-14   -0.1752240095E-29
    0.8840000000E+00    0.1222697377E-21    0.8442737340E-23    0.6158006166E-07   -0.3449696181E+10   -0.8383237535E-27   -0.4217934474E-12   -0.8388497762E-28
    0.8840000000E+00    0.1310143844E-21    0.9046556049E-23    0.6301444556E-07   -0.2733608591E+11   -0.7118151951E-26   -0.3581420469E-11   -0.7632023093E-27
    0.8840000000E+00    0.1403844422E-21    0.9693559452E-23    0.6448224056E-07    0.8765925881E+10    0.2445843800E-26    0.1230599615E-11    0.2809966480E-27
    0.8840000000E+00    0.1504246400E-21    0.1038683609E-22    0.6598422489E-07    0.1640646400E+13    0.4905077954E-24    0.2467936440E-09    0.6038350731E-25
    0.8840000000E+00    0.1611829057E-21    0.1112969539E-22    0.6752119493E-07    0.4692445886E+14    0.1503246485E-22    0.7563420628E-08    0.1982908243E-23
    0.8840000000E+00    0.1727105951E-21    0.1192568347E-22    0.6909396560E-07    0.1159719492E+16    0.3980923944E-21    0.2002958436E-06    0.5626732923E-22
    0.8840000000E+00    0.1850627369E-21    0.1277860007E-22    0.7070337081E-07    0.2478178306E+17    0.9115142756E-20    0.4586184598E-05    0.1380498363E-20
    0.8840000000E+00    0.1982982953E-21    0.1369251667E-22    0.7235026388E-07    0.5910648530E+17    0.2329517939E-19    0.1172071527E-04    0.3780406318E-20
    0.8840000000E+00    0.2124804516E-21    0.1467179595E-22    0.7403551802E-07   -0.8496626699E+17   -0.3588206774E-19   -0.1805367078E-04   -0.6239501348E-20
    0.8840000000E+00    0.2276769058E-21    0.1572111260E-22    0.7576002677E-07   -0.3203250655E+19   -0.1449512108E-17   -0.7293061978E-03   -0.2700811466E-18
    0.8840000000E+00    0.2439602000E-21    0.1684547565E-22    0.7752470448E-07   -0.5234394980E+20   -0.2538033877E-16   -0.1276984046E-01   -0.5067220883E-17
    0.8840000000E+00    0.2614080640E-21    0.1805025236E-22    0.7933048683E-07   -0.7428863100E+21   -0.3859697593E-15   -0.1941964721E+00   -0.8257064940E-16
    0.8840000000E+00    0.2801037871E-21    0.1934119387E-22    0.8117833125E-07   -0.9641650784E+22   -0.5367626909E-14   -0.2700662898E+01   -0.1230423855E-14
    0.8840000000E+00    0.3001366153E-21    0.2072446262E-22    0.8306921749E-07   -0.1154080483E+24   -0.6884414657E-13   -0.3463818100E+02   -0.1690983779E-13
    0.8840000000E+00    0.3216021775E-21    0.2220666179E-22    0.8500414813E-07   -0.9398047961E+24   -0.6007151444E-12   -0.3022432689E+03   -0.1581033245E-12
    0.8840000000E+00    0.3446029418E-21    0.2379486681E-22    0.8698414910E-07   -0.1337365767E+25   -0.9159697392E-12   -0.4608601777E+03   -0.2583173325E-12
    0.8840000000E+00    0.3692487048E-21    0.2549665916E-22    0.8901027021E-07    0.8688666068E+24    0.6376524463E-12    0.3208278692E+03    0.1926887908E-12
    0.8840000000E+00    0.3956571157E-21    0.2732016250E-22    0.9108358575E-07    0.2709438102E+26    0.2130640401E-10    0.1072008464E+05    0.6898943352E-11
    0.8840000000E+00    0.4239542377E-21    0.2927408154E-22    0.9320519501E-07    0.2519302548E+27    0.2122810611E-09    0.1068068991E+06    0.7365185184E-10
    0.8840000000E+00    0.4542751502E-21    0.3136774352E-22    0.9537622289E-07    0.1953146546E+28    0.1763460571E-08    0.8872659405E+06    0.6555988377E-09
    0.8840000000E+00    0.4867645933E-21    0.3361114274E-22    0.9759782052E-07    0.1377119828E+29    0.1332301925E-07    0.6703331732E+07    0.5307317589E-08
    0.8840000000E+00    0.5215776589E-21    0.3601498832E-22    0.9987116580E-07    0.8988795865E+29    0.9318208882E-07    0.4688355103E+08    0.3977451226E-07
    0.8840000000E+00    0.5588805307E-21    0.3859075526E-22    0.1021974641E-06    0.5459457303E+30    0.6064296092E-06    0.3051184395E+09    0.2773657416E-06
    0.8840000000E+00    0.5988512779E-21    0.4135073927E-22    0.1045779488E-06    0.3092164799E+31    0.3680387575E-05    0.1851746842E+10    0.1803706943E-05
    0.8840000000E+00    0.6416807053E-21    0.4430811541E-22    0.1070138822E-06    0.1635253507E+32    0.2085527942E-04    0.1049310623E+11    0.1095187389E-04
    0.8840000000E+00    0.6875732635E-21    0.4747700104E-22    0.1095065557E-06    0.8080139190E+32    0.1104205144E-03    0.5555687672E+11    0.6213298051E-04
    0.8840000000E+00    0.7367480256E-21    0.5087252317E-22    0.1120572911E-06    0.3730899703E+33    0.5463167272E-03    0.2748732990E+12    0.3293949367E-03
    0.8840000000E+00    0.7894397325E-21    0.5451089068E-22    0.1146674407E-06    0.1608894249E+34    0.2524401463E-02    0.1270125046E+13    0.1630913187E-02
    0.8840000000E+00    0.8458999137E-21    0.5840947171E-22    0.1173383885E-06    0.6471498514E+34    0.1088017247E-01    0.5474240035E+13    0.7531963397E-02
    0.8840000000E+00    0.9063980879E-21    0.6258687655E-22    0.1200715507E-06    0.2125723565E+35    0.3829461529E-01    0.1926751775E+14    0.2840600323E-01
    0.8840000000E+00    0.9712230494E-21    0.6706304648E-22    0.1228683764E-06    0.4242323483E+35    0.8189072290E-01    0.4120242350E+14    0.6508892908E-01
    0.8840000000E+00    0.1040684247E-20    0.7185934897E-22    0.1257303485E-06    0.6002516002E+35    0.1241550103E+00    0.6246723847E+14    0.1057393586E+00
    0.8840000000E+00    0.1115113261E-20    0.7699867968E-22    0.1286589846E-06    0.6594513024E+35    0.1461549922E+00    0.7353628925E+14    0.1333785757E+00
    0.8840000000E+00    0.1194865387E-20    0.8250557175E-22    0.1316558373E-06    0.6535338987E+35    0.1552026181E+00    0.7808850349E+14    0.1517649434E+00
    0.8840000000E+00    0.1280321329E-20    0.8840631292E-22    0.1347224957E-06    0.6068731901E+35    0.1544290059E+00    0.7769926895E+14    0.1618084870E+00
    0.8840000000E+00    0.1371889021E-20    0.9472907100E-22    0.1378605858E-06    0.4620248381E+35    0.1259784462E+00    0.6338468030E+14    0.1414388344E+00
    0.8840000000E+00    0.1470005571E-20    0.1015040283E-21    0.1410717713E-06    0.2857622720E+35    0.8349026011E-01    0.4200721319E+14    0.1004403541E+00
    0.8840000000E+00    0.1575139348E-20    0.1087635259E-21    0.1443577550E-06    0.1463352167E+35    0.4581205557E-01    0.2304983578E+14    0.5905439166E-01
    0.8840000000E+00    0.1687792220E-20    0.1165422177E-21    0.1477202791E-06    0.6201536258E+34    0.2080320320E-01    0.1046690465E+14    0.2873443303E-01
    0.8840000000E+00    0.1808501947E-20    0.1248772362E-21    0.1511611264E-06    0.2140752527E+34    0.7694800939E-02    0.3871555114E+13    0.1138858613E-01
    0.8840000000E+00    0.1937844750E-20    0.1338083694E-21    0.1546821213E-06    0.5092117189E+33    0.1961233549E-02    0.9867732561E+12    0.3110296094E-02
    0.8840000000E+00    0.2076438060E-20    0.1433782510E-21    0.1582851308E-06    0.1072945250E+32    0.4428008904E-04    0.2227904354E+11    0.7524556484E-04
    0.8840000000E+00    0.2224943467E-20    0.1536325639E-21    0.1619720651E-06    0.3783066198E+30    0.1672918812E-05    0.8417108423E+09    0.3046121948E-05
    0.8840000000E+00    0.2384069878E-20    0.1646202581E-21    0.1657448792E-06    0.9031738145E+29    0.4279590961E-06    0.2153229486E+09    0.8349773269E-06
    0.8840000000E+00    0.2554576900E-20    0.1763937846E-21    0.1696055734E-06    0.1487580480E+29    0.7552859305E-07    0.3800138730E+08    0.1579006129E-06
    0.8840000000E+00    0.2737278465E-20    0.1890093455E-21    0.1735561947E-06    0.2372324006E+28    0.1290639426E-07    0.6493711413E+07    0.2891194764E-07
    0.8840000000E+00    0.2933046719E-20    0.2025271626E-21    0.1775988378E-06    0.5813757799E+27    0.3389127122E-08    0.1705202324E+07    0.8135051004E-08
    0.8840000000E+00    0.3142816182E-20    0.2170117645E-21    0.1817356462E-06    0.1281013780E+27    0.8001745335E-09    0.4025990837E+06    0.2058055804E-08
    0.8840000000E+00    0.3367588212E-20    0.2325322952E-21    0.1859688132E-06    0.3064213827E+26    0.2050926005E-09    0.1031901036E+06    0.5652263672E-09
    0.8840000000E+00    0.3608435782E-20    0.2491628434E-21    0.1903005833E-06    0.4318144487E+25    0.3096906502E-10    0.1558174708E+05    0.9145353876E-10
    0.8840000000E+00    0.3866508602E-20    0.2669827968E-21    0.1947332533E-06    0.1423619044E+25    0.1094018618E-10    0.5504435279E+04    0.3461761424E-10
