    0.8640000000E+00    0.4143038610E-23    0.2860772210E-24    0.1992691735E-07    0.0000000000E+00    0.0000000000E+00    0.0000000000E+00    0.0000000000E+00
    0.8640000000E+00    0.4439345853E-23    0.3065372650E-24    0.2039107488E-07    0.0000000000E+00    0.0000000000E+00    0.0000000000E+00    0.0000000000E+00
    0.8640000000E+00    0.4756844785E-23    0.3284605973E-24    0.2086604403E-07    0.0000000000E+00    0.0000000000E+00    0.0000000000E+00    0.0000000000E+00
    0.8640000000E+00    0.5097051019E-23    0.3519518710E-24    0.2135207663E-07    0.0000000000E+00    0.0000000000E+00    0.0000000000E+00    0.0000000000E+00
    0.8640000000E+00    0.5461588566E-23    0.3771232243E-24    0.2184943039E-07    0.0000000000E+00    0.0000000000E+00    0.0000000000E+00    0.0000000000E+00
    0.8640000000E+00    0.5852197586E-23    0.4040948153E-24    0.2235836900E-07    0.0000000000E+00    0.0000000000E+00    0.0000000000E+00    0.0000000000E+00
    0.8640000000E+00    0.6270742692E-23    0.4329953957E-24    0.2287916232E-07    0.0000000000E+00    0.0000000000E+00    0.0000000000E+00    0.0000000000E+00
    0.8640000000E+00    0.6719221852E-23    0.4639629256E-24    0.2341208647E-07    0.0000000000E+00    0.0000000000E+00    0.0000000000E+00    0.0000000000E+00
    0.8640000000E+00    0.7199775931E-23    0.4971452317E-24    0.2395742402E-07    0.0000000000E+00    0.0000000000E+00    0.0000000000E+00    0.0000000000E+00
    0.8640000000E+00    0.7714698903E-23    0.5327007132E-24    0.2451546411E-07    0.0000000000E+00    0.0000000000E+00    0.0000000000E+00    0.0000000000E+00
    0.8640000000E+00    0.8266448809E-23    0.5707990981E-24    0.2508650263E-07    0.0000000000E+00    0.0000000000E+00    0.0000000000E+00    0.0000000000E+00
    0.8640000000E+00    0.8857659485E-23    0.6116222531E-24    0.2567084234E-07    0.0000000000E+00    0.0000000000E+00    0.0000000000E+00    0.0000000000E+00
    0.8640000000E+00    0.9491153137E-23    0.6553650517E-24    0.2626879307E-07    0.0000000000E+00    0.0000000000E+00    0.0000000000E+00    0.0000000000E+00
    0.8640000000E+00    0.1016995382E-22    0.7022363048E-24    0.2688067187E-07    0.0000000000E+00    0.0000000000E+00    0.0000000000E+00    0.0000000000E+00
    0.8640000000E+00    0.1089730185E-22    0.7524597575E-24    0.2750680315E-07    0.0000000000E+00    0.0000000000E+00    0.0000000000E+00    0.0000000000E+00
    0.8640000000E+00    0.1167666930E-22    0.8062751566E-24    0.2814751890E-07    0.0000000000E+00    0.0000000000E+00    0.0000000000E+00    0.0000000000E+00
    0.8640000000E+00    0.1251177658E-22    0.8639393956E-24    0.2880315884E-07    0.0000000000E+00    0.0000000000E+00    0.0000000000E+00    0.0000000000E+00
    0.8640000000E+00    0.1340661015E-22    0.9257277409E-24    0.2947407060E-07    0.0000000000E+00    0.0000000000E+00    0.0000000000E+00    0.0000000000E+00
    0.8640000000E+00    0.1436544159E-22    0.9919351458E-24    0.3016060990E-07    0.0000000000E+00    0.0000000000E+00    0.0000000000E+00    0.0000000000E+00
    0.8640000000E+00    0.1539284799E-22    0.1062877658E-23    0.3086314075E-07    0.0000000000E+00    0.0000000000E+00    0.0000000000E+00    0.0000000000E+00
    0.8640000000E+00    0.1649373379E-22    0.1138893930E-23    0.3158203565E-07    0.0000000000E+00    0.0000000000E+00    0.0000000000E+00    0.0000000000E+00
    0.8640000000E+00    0.1767335417E-22    0.1220346833E-23    0.3231767576E-07    0.0000000000E+00    0.0000000000E+00    0.0000000000E+00    0.0000000000E+00
    0.8640000000E+00    0.1893734018E-22    0.1307625190E-23    0.3307045113E-07    0.0000000000E+00    0.0000000000E+00    0.0000000000E+00    0.0000000000E+00
    0.8640000000E+00    0.2029172559E-22    0.1401145635E-23    0.3384076090E-07    0.0000000000E+00    0.0000000000E+00    0.0000000000E+00    0.0000000000E+00
    0.8640000000E+00    0.2174297571E-22    0.1501354598E-23    0.3462901348E-07    0.0000000000E+00    0.0000000000E+00    0.0000000000E+00    0.0000000000E+00
    0.8640000000E+00    0.2329801823E-22    0.1608730435E-23    0.3543562682E-07    0.0000000000E+00    0.0000000000E+00    0.0000000000E+00    0.0000000000E+00
    0.8640000000E+00    0.2496427630E-22    0.1723785718E-23    0.3626102861E-07    0.0000000000E+00    0.0000000000E+00    0.0000000000E+00    0.0000000000E+00
    0.8640000000E+00    0.2674970400E-22    0.1847069675E-23    0.3710565646E-07    0.0000000000E+00    0.0000000000E+00    0.0000000000E+00    0.0000000000E+00
    0.8640000000E+00    0.2866282424E-22    0.1979170815E-23    0.3796995823E-07    0.0000000000E+00    0.0000000000E+00    0.0000000000E+00    0.0000000000E+00
    0.8640000000E+00    0.3071276952E-22    0.2120719737E-23    0.3885439218E-07   -0.1088460105E-14   -0.6644211361E-52   -0.3342962434E-37   -0.1718948754E-53
    0.8640000000E+00    0.3290932546E-22    0.2272392139E-23    0.3975942724E-07   -0.1453031011E-13   -0.9503986423E-51   -0.4781827045E-36   -0.2634664364E-52
    0.8640000000E+00    0.3526297755E-22    0.2434912046E-23    0.4068554327E-07   -0.1772145360E-13   -0.1242024795E-50   -0.6249112205E-36   -0.3689349136E-52
    0.8640000000E+00    0.3778496121E-22    0.2609055264E-23    0.4163323131E-07    0.1323843668E-11    0.9941859617E-49    0.5002138164E-34    0.3164368965E-50
    0.8640000000E+00    0.4048731538E-22    0.2795653084E-23    0.4260299385E-07    0.2538189787E-11    0.2042466849E-48    0.1027644904E-33    0.6965856224E-50
    0.8640000000E+00    0.4338294005E-22    0.2995596250E-23    0.4359534505E-07   -0.2230551656E-09   -0.1923283072E-46   -0.9676788876E-32   -0.7028500810E-48
    0.8640000000E+00    0.4648565778E-22    0.3209839213E-23    0.4461081109E-07   -0.1220690126E-08   -0.1127811076E-45   -0.5674458345E-31   -0.4416272322E-47
    0.8640000000E+00    0.4981027973E-22    0.3439404683E-23    0.4564993037E-07    0.2557841639E-07    0.2532238321E-44    0.1274068075E-29    0.1062488081E-45
    0.8640000000E+00    0.5337267633E-22    0.3685388516E-23    0.4671325384E-07    0.2756935688E-06    0.2924539956E-43    0.1471450361E-28    0.1314852539E-44
    0.8640000000E+00    0.5718985306E-22    0.3948964943E-23    0.4780134531E-07   -0.2027263010E-05   -0.2304310613E-42   -0.1159388737E-27   -0.1110095930E-43
    0.8640000000E+00    0.6128003161E-22    0.4231392172E-23    0.4891478167E-07   -0.3400107019E-03   -0.4141174304E-40   -0.2083586656E-25   -0.2137681509E-41
    0.8640000000E+00    0.6566273690E-22    0.4534018400E-23    0.5005415331E-07   -0.3496130920E-01   -0.4562665295E-38   -0.2295655248E-23   -0.2523702171E-39
    0.8640000000E+00    0.7035889022E-22    0.4858288246E-23    0.5122006431E-07   -0.6561723725E-01   -0.9175904075E-38   -0.4616755992E-23   -0.5438365033E-39
    0.8640000000E+00    0.7539090917E-22    0.5205749646E-23    0.5241313287E-07    0.1758559438E+01    0.2635044631E-36    0.1325793948E-21    0.1673429673E-37
    0.8640000000E+00    0.8078281461E-22    0.5578061244E-23    0.5363399157E-07    0.1526707763E+03    0.2451245660E-34    0.1233317502E-19    0.1668039489E-35
    0.8640000000E+00    0.8656034539E-22    0.5977000309E-23    0.5488328773E-07    0.7639893747E+03    0.1314371830E-33    0.6613118415E-19    0.9583799792E-35
    0.8640000000E+00    0.9275108115E-22    0.6404471218E-23    0.5616168372E-07   -0.3521767738E+04   -0.6492196177E-33   -0.3266477653E-18   -0.5072372328E-34
    0.8640000000E+00    0.9938457404E-22    0.6862514550E-23    0.5746985739E-07   -0.2677246771E+06   -0.5288339489E-31   -0.2660770299E-16   -0.4427298634E-32
    0.8640000000E+00    0.1064924897E-21    0.7353316823E-23    0.5880850233E-07   -0.1312878444E+08   -0.2778788172E-29   -0.1398116942E-14   -0.2492728228E-30
    0.8640000000E+00    0.1141087586E-21    0.7879220933E-23    0.6017832832E-07   -0.5742638227E+09   -0.1302393984E-27   -0.6552853192E-13   -0.1251877609E-28
    0.8640000000E+00    0.1222697377E-21    0.8442737340E-23    0.6158006166E-07   -0.2098280382E+11   -0.5099110742E-26   -0.2565561920E-11   -0.5251869598E-27
    0.8640000000E+00    0.1310143844E-21    0.9046556049E-23    0.6301444556E-07   -0.4607282079E+11   -0.1199708474E-25   -0.6036202255E-11   -0.1324022046E-26
    0.8640000000E+00    0.1403844422E-21    0.9693559452E-23    0.6448224056E-07    0.2393614633E+12    0.6678595723E-25    0.3360262550E-10    0.7897772966E-26
    0.8640000000E+00    0.1504246400E-21    0.1038683609E-22    0.6598422489E-07    0.9567643313E+13    0.2860460138E-23    0.1439209301E-08    0.3624560808E-24
    0.8640000000E+00    0.1611829057E-21    0.1112969539E-22    0.6752119493E-07    0.2513875460E+15    0.8053314924E-22    0.4051937513E-07    0.1093438025E-22
    0.8640000000E+00    0.1727105951E-21    0.1192568347E-22    0.6909396560E-07    0.5896638978E+16    0.2024116303E-20    0.1018412027E-05    0.2944794226E-21
    0.8640000000E+00    0.1850627369E-21    0.1277860007E-22    0.7070337081E-07    0.6827245541E+17    0.2511171920E-19    0.1263468745E-04    0.3914677020E-20
    0.8640000000E+00    0.1982982953E-21    0.1369251667E-22    0.7235026388E-07    0.6758675887E+17    0.2663744366E-19    0.1340233907E-04    0.4449508434E-20
    0.8640000000E+00    0.2124804516E-21    0.1467179595E-22    0.7403551802E-07   -0.6723733664E+18   -0.2839497078E-18   -0.1428661965E-03   -0.5082307243E-19
    0.8640000000E+00    0.2276769058E-21    0.1572111260E-22    0.7576002677E-07   -0.1395604375E+20   -0.6315289243E-17   -0.3177468859E-02   -0.1211191282E-17
    0.8640000000E+00    0.2439602000E-21    0.1684547565E-22    0.7752470448E-07   -0.2100003925E+21   -0.1018242055E-15   -0.5123173774E-01   -0.2092524350E-16
    0.8640000000E+00    0.2614080640E-21    0.1805025236E-22    0.7933048683E-07   -0.2833849896E+22   -0.1472338833E-14   -0.7407912150E+00   -0.3242106350E-15
    0.8640000000E+00    0.2801037871E-21    0.1934119387E-22    0.8117833125E-07   -0.3513368019E+23   -0.1955935674E-13   -0.9841076877E+01   -0.4615024998E-14
    0.8640000000E+00    0.3001366153E-21    0.2072446262E-22    0.8306921749E-07   -0.4022459554E+24   -0.2399510252E-12   -0.1207287396E+03   -0.6066554450E-13
    0.8640000000E+00    0.3216021775E-21    0.2220666179E-22    0.8500414813E-07   -0.1614262913E+25   -0.1031822973E-11   -0.5191504679E+03   -0.2795275919E-12
    0.8640000000E+00    0.3446029418E-21    0.2379486681E-22    0.8698414910E-07   -0.1318377263E+25   -0.9029644001E-12   -0.4543166833E+03   -0.2621139399E-12
    0.8640000000E+00    0.3692487048E-21    0.2549665916E-22    0.8901027021E-07    0.6849316540E+25    0.5026644381E-11    0.2529101261E+04    0.1563499157E-11
    0.8640000000E+00    0.3956571157E-21    0.2732016250E-22    0.9108358575E-07    0.8633258189E+26    0.6788997569E-10    0.3415810034E+05    0.2262690447E-10
    0.8640000000E+00    0.4239542377E-21    0.2927408154E-22    0.9320519501E-07    0.7203433427E+27    0.6069745345E-09    0.3053926127E+06    0.2167653997E-09
    0.8640000000E+00    0.4542751502E-21    0.3136774352E-22    0.9537622289E-07    0.5290691508E+28    0.4776869349E-08    0.2403429680E+07    0.1827943859E-08
    0.8640000000E+00    0.4867645933E-21    0.3361114274E-22    0.9759782052E-07    0.3570638453E+29    0.3454433221E-07    0.1738060374E+08    0.1416433832E-07
    0.8640000000E+00    0.5215776589E-21    0.3601498832E-22    0.9987116580E-07    0.2237145827E+30    0.2319130663E-06    0.1166845283E+09    0.1018930842E-06
    0.8640000000E+00    0.5588805307E-21    0.3859075526E-22    0.1021974641E-06    0.1305787991E+31    0.1450452777E-05    0.7297794851E+09    0.6828464942E-06
    0.8640000000E+00    0.5988512779E-21    0.4135073927E-22    0.1045779488E-06    0.7112895873E+31    0.8465982666E-05    0.4259566783E+10    0.4270678366E-05
    0.8640000000E+00    0.6416807053E-21    0.4430811541E-22    0.1070138822E-06    0.3619862128E+32    0.4616607508E-04    0.2322795684E+11    0.2495413060E-04
    0.8640000000E+00    0.6875732635E-21    0.4747700104E-22    0.1095065557E-06    0.1722086134E+33    0.2353346053E-03    0.1184060383E+12    0.1363029589E-03
    0.8640000000E+00    0.7367480256E-21    0.5087252317E-22    0.1120572911E-06    0.7657923998E+33    0.1121352036E-02    0.5641960386E+12    0.6959234420E-03
    0.8640000000E+00    0.7894397325E-21    0.5451089068E-22    0.1146674407E-06    0.3180705581E+34    0.4990618760E-02    0.2510975363E+13    0.3318745006E-02
    0.8640000000E+00    0.8458999137E-21    0.5840947171E-22    0.1173383885E-06    0.1219445354E+35    0.2050186018E-01    0.1031528720E+14    0.1460873993E-01
    0.8640000000E+00    0.9063980879E-21    0.6258687655E-22    0.1200715507E-06    0.3135435111E+35    0.5648442878E-01    0.2841952389E+14    0.4312689895E-01
    0.8640000000E+00    0.9712230494E-21    0.6706304648E-22    0.1228683764E-06    0.5245833837E+35    0.1012617559E+00    0.5094874736E+14    0.8284474092E-01
    0.8640000000E+00    0.1040684247E-20    0.7185934897E-22    0.1257303485E-06    0.6572345470E+35    0.1359412652E+00    0.6839736397E+14    0.1191710587E+00
    0.8640000000E+00    0.1115113261E-20    0.7699867968E-22    0.1286589846E-06    0.6727394509E+35    0.1491000607E+00    0.7501806832E+14    0.1400545784E+00
    0.8640000000E+00    0.1194865387E-20    0.8250557175E-22    0.1316558373E-06    0.6566096227E+35    0.1559330476E+00    0.7845601111E+14    0.1569486763E+00
    0.8640000000E+00    0.1280321329E-20    0.8840631292E-22    0.1347224957E-06    0.5693617223E+35    0.1448835873E+00    0.7289659572E+14    0.1562567116E+00
    0.8640000000E+00    0.1371889021E-20    0.9472907100E-22    0.1378605858E-06    0.3963668788E+35    0.1080757557E+00    0.5437713695E+14    0.1248957818E+00
    0.8640000000E+00    0.1470005571E-20    0.1015040283E-21    0.1410717713E-06    0.2276889359E+35    0.6652315700E-01    0.3347040043E+14    0.8237441464E-01
    0.8640000000E+00    0.1575139348E-20    0.1087635259E-21    0.1443577550E-06    0.1091615610E+35    0.3417438135E-01    0.1719446701E+14    0.4534403372E-01
    0.8640000000E+00    0.1687792220E-20    0.1165422177E-21    0.1477202791E-06    0.4350585167E+34    0.1459414305E-01    0.7342883798E+13    0.2074904387E-01
    0.8640000000E+00    0.1808501947E-20    0.1248772362E-21    0.1511611264E-06    0.1408476551E+34    0.5062680787E-02    0.2547232585E+13    0.7712586274E-02
    0.8640000000E+00    0.1937844750E-20    0.1338083694E-21    0.1546821213E-06    0.2735207955E+33    0.1053467822E-02    0.5300408375E+12    0.1719652775E-02
    0.8640000000E+00    0.2076438060E-20    0.1433782510E-21    0.1582851308E-06    0.1221007018E+31    0.5039054830E-05    0.2535345443E+10    0.8813909239E-05
    0.8640000000E+00    0.2224943467E-20    0.1536325639E-21    0.1619720651E-06    0.2959938832E+30    0.1308921677E-05    0.6585696568E+09    0.2453201098E-05
    0.8640000000E+00    0.2384069878E-20    0.1646202581E-21    0.1657448792E-06    0.6988782694E+29    0.3311558724E-06    0.1666174631E+09    0.6650464061E-06
    0.8640000000E+00    0.2554576900E-20    0.1763937846E-21    0.1696055734E-06    0.1098979599E+29    0.5579824690E-07    0.2807427896E+08    0.1200715299E-06
    0.8640000000E+00    0.2737278465E-20    0.1890093455E-21    0.1735561947E-06    0.1895307222E+28    0.1031123159E-07    0.5187983643E+07    0.2377552040E-07
    0.8640000000E+00    0.2933046719E-20    0.2025271626E-21    0.1775988378E-06    0.4645693518E+27    0.2708204650E-08    0.1362603613E+07    0.6691153137E-08
    0.8640000000E+00    0.3142816182E-20    0.2170117645E-21    0.1817356462E-06    0.1024889611E+27    0.6401887156E-09    0.3221039654E+06    0.1694835315E-08
    0.8640000000E+00    0.3367588212E-20    0.2325322952E-21    0.1859688132E-06    0.2444658095E+26    0.1636247711E-09    0.8232601785E+05    0.4641608879E-09
    0.8640000000E+00    0.3608435782E-20    0.2491628434E-21    0.1903005833E-06    0.3317462399E+25    0.2379232771E-10    0.1197085002E+05    0.7231966789E-10
    0.8640000000E+00    0.3866508602E-20    0.2669827968E-21    0.1947332533E-06    0.1086160955E+25    0.8346898086E-11    0.4199650676E+04    0.2718595545E-10
