    0.8350000000E+00    0.4143038610E-23    0.2860772210E-24    0.1992691735E-07    0.0000000000E+00    0.0000000000E+00    0.0000000000E+00    0.0000000000E+00
    0.8350000000E+00    0.4439345853E-23    0.3065372650E-24    0.2039107488E-07    0.0000000000E+00    0.0000000000E+00    0.0000000000E+00    0.0000000000E+00
    0.8350000000E+00    0.4756844785E-23    0.3284605973E-24    0.2086604403E-07    0.0000000000E+00    0.0000000000E+00    0.0000000000E+00    0.0000000000E+00
    0.8350000000E+00    0.5097051019E-23    0.3519518710E-24    0.2135207663E-07    0.0000000000E+00    0.0000000000E+00    0.0000000000E+00    0.0000000000E+00
    0.8350000000E+00    0.5461588566E-23    0.3771232243E-24    0.2184943039E-07    0.0000000000E+00    0.0000000000E+00    0.0000000000E+00    0.0000000000E+00
    0.8350000000E+00    0.5852197586E-23    0.4040948153E-24    0.2235836900E-07    0.0000000000E+00    0.0000000000E+00    0.0000000000E+00    0.0000000000E+00
    0.8350000000E+00    0.6270742692E-23    0.4329953957E-24    0.2287916232E-07    0.0000000000E+00    0.0000000000E+00    0.0000000000E+00    0.0000000000E+00
    0.8350000000E+00    0.6719221852E-23    0.4639629256E-24    0.2341208647E-07    0.0000000000E+00    0.0000000000E+00    0.0000000000E+00    0.0000000000E+00
    0.8350000000E+00    0.7199775931E-23    0.4971452317E-24    0.2395742402E-07    0.0000000000E+00    0.0000000000E+00    0.0000000000E+00    0.0000000000E+00
    0.8350000000E+00    0.7714698903E-23    0.5327007132E-24    0.2451546411E-07    0.0000000000E+00    0.0000000000E+00    0.0000000000E+00    0.0000000000E+00
    0.8350000000E+00    0.8266448809E-23    0.5707990981E-24    0.2508650263E-07    0.0000000000E+00    0.0000000000E+00    0.0000000000E+00    0.0000000000E+00
    0.8350000000E+00    0.8857659485E-23    0.6116222531E-24    0.2567084234E-07    0.0000000000E+00    0.0000000000E+00    0.0000000000E+00    0.0000000000E+00
    0.8350000000E+00    0.9491153137E-23    0.6553650517E-24    0.2626879307E-07    0.0000000000E+00    0.0000000000E+00    0.0000000000E+00    0.0000000000E+00
    0.8350000000E+00    0.1016995382E-22    0.7022363048E-24    0.2688067187E-07    0.0000000000E+00    0.0000000000E+00    0.0000000000E+00    0.0000000000E+00
    0.8350000000E+00    0.1089730185E-22    0.7524597575E-24    0.2750680315E-07    0.0000000000E+00    0.0000000000E+00    0.0000000000E+00    0.0000000000E+00
    0.8350000000E+00    0.1167666930E-22    0.8062751566E-24    0.2814751890E-07    0.0000000000E+00    0.0000000000E+00    0.0000000000E+00    0.0000000000E+00
    0.8350000000E+00    0.1251177658E-22    0.8639393956E-24    0.2880315884E-07    0.0000000000E+00    0.0000000000E+00    0.0000000000E+00    0.0000000000E+00
    0.8350000000E+00    0.1340661015E-22    0.9257277409E-24    0.2947407060E-07    0.0000000000E+00    0.0000000000E+00    0.0000000000E+00    0.0000000000E+00
    0.8350000000E+00    0.1436544159E-22    0.9919351458E-24    0.3016060990E-07    0.0000000000E+00    0.0000000000E+00    0.0000000000E+00    0.0000000000E+00
    0.8350000000E+00    0.1539284799E-22    0.1062877658E-23    0.3086314075E-07    0.0000000000E+00    0.0000000000E+00    0.0000000000E+00    0.0000000000E+00
    0.8350000000E+00    0.1649373379E-22    0.1138893930E-23    0.3158203565E-07    0.0000000000E+00    0.0000000000E+00    0.0000000000E+00    0.0000000000E+00
    0.8350000000E+00    0.1767335417E-22    0.1220346833E-23    0.3231767576E-07    0.0000000000E+00    0.0000000000E+00    0.0000000000E+00    0.0000000000E+00
    0.8350000000E+00    0.1893734018E-22    0.1307625190E-23    0.3307045113E-07    0.0000000000E+00    0.0000000000E+00    0.0000000000E+00    0.0000000000E+00
    0.8350000000E+00    0.2029172559E-22    0.1401145635E-23    0.3384076090E-07    0.0000000000E+00    0.0000000000E+00    0.0000000000E+00    0.0000000000E+00
    0.8350000000E+00    0.2174297571E-22    0.1501354598E-23    0.3462901348E-07   -0.1735460646E-15   -0.7499731126E-53   -0.3773407867E-38   -0.1443171300E-54
    0.8350000000E+00    0.2329801823E-22    0.1608730435E-23    0.3543562682E-07   -0.1546857124E-15   -0.7162771975E-53   -0.3603870547E-38   -0.1476907566E-54
    0.8350000000E+00    0.2496427630E-22    0.1723785718E-23    0.3626102861E-07    0.2968840336E-15    0.1473050941E-52    0.7411495045E-38    0.3254542562E-54
    0.8350000000E+00    0.2674970400E-22    0.1847069675E-23    0.3710565646E-07    0.5825339993E-15    0.3097078417E-52    0.1558261205E-37    0.7332032670E-54
    0.8350000000E+00    0.2866282424E-22    0.1979170815E-23    0.3796995823E-07   -0.3130491325E-14   -0.1783378097E-51   -0.8972872264E-37   -0.4523927311E-53
    0.8350000000E+00    0.3071276952E-22    0.2120719737E-23    0.3885439218E-07   -0.5859131471E-13   -0.3576548898E-50   -0.1799501544E-35   -0.9721568859E-52
    0.8350000000E+00    0.3290932546E-22    0.2272392139E-23    0.3975942724E-07   -0.8126135326E-13   -0.5315143257E-50   -0.2674256322E-35   -0.1548057772E-51
    0.8350000000E+00    0.3526297755E-22    0.2434912046E-23    0.4068554327E-07    0.1061641541E-11    0.7440614902E-49    0.3743664183E-34    0.2322100529E-50
    0.8350000000E+00    0.3778496121E-22    0.2609055264E-23    0.4163323131E-07    0.1700055160E-10    0.1276714929E-47    0.6423651827E-33    0.4269392928E-49
    0.8350000000E+00    0.4048731538E-22    0.2795653084E-23    0.4260299385E-07   -0.7604420103E-10   -0.6119233495E-47   -0.3078825550E-32   -0.2192649503E-48
    0.8350000000E+00    0.4338294005E-22    0.2995596250E-23    0.4359534505E-07   -0.5048847079E-08   -0.4353345548E-45   -0.2190338301E-30   -0.1671457470E-46
    0.8350000000E+00    0.4648565778E-22    0.3209839213E-23    0.4461081109E-07    0.3601822433E-08    0.3327769390E-45    0.1674330850E-30    0.1369069238E-46
    0.8350000000E+00    0.4981027973E-22    0.3439404683E-23    0.4564993037E-07    0.9036629976E-06    0.8946175702E-43    0.4501170669E-28    0.3943752148E-44
    0.8350000000E+00    0.5337267633E-22    0.3685388516E-23    0.4671325384E-07    0.4375785756E-06    0.4641805878E-43    0.2335473968E-28    0.2192598759E-44
    0.8350000000E+00    0.5718985306E-22    0.3948964943E-23    0.4780134531E-07   -0.1757230498E-03   -0.1997375213E-40   -0.1004957540E-25   -0.1010955049E-41
    0.8350000000E+00    0.6128003161E-22    0.4231392172E-23    0.4891478167E-07   -0.2151153394E-01   -0.2620006109E-38   -0.1318227480E-23   -0.1420935922E-39
    0.8350000000E+00    0.6566273690E-22    0.4534018400E-23    0.5005415331E-07   -0.2772103195E+00   -0.3617764704E-37   -0.1820238828E-22   -0.2102386248E-38
    0.8350000000E+00    0.7035889022E-22    0.4858288246E-23    0.5122006431E-07    0.6047316829E+00    0.8456558286E-37    0.4254825009E-22    0.5265817897E-38
    0.8350000000E+00    0.7539090917E-22    0.5205749646E-23    0.5241313287E-07    0.8856793080E+02    0.1327111530E-34    0.6677216826E-20    0.8854817446E-36
    0.8350000000E+00    0.8078281461E-22    0.5578061244E-23    0.5363399157E-07    0.1948271381E+04    0.3128098176E-33    0.1573868458E-18    0.2236415866E-34
    0.8350000000E+00    0.8656034539E-22    0.5977000309E-23    0.5488328773E-07    0.4676616181E+03    0.8045678082E-34    0.4048095119E-19    0.6163605607E-35
    0.8350000000E+00    0.9275108115E-22    0.6404471218E-23    0.5616168372E-07   -0.1648947763E+06   -0.3039749683E-31   -0.1529416878E-16   -0.2495226715E-32
    0.8350000000E+00    0.9938457404E-22    0.6862514550E-23    0.5746985739E-07   -0.8443892592E+07   -0.1667913886E-29   -0.8391926684E-15   -0.1467053034E-30
    0.8350000000E+00    0.1064924897E-21    0.7353316823E-23    0.5880850233E-07   -0.3734926939E+09   -0.7905203144E-28   -0.3977416687E-13   -0.7450496660E-29
    0.8350000000E+00    0.1141087586E-21    0.7879220933E-23    0.6017832832E-07   -0.1490082381E+11   -0.3379412479E-26   -0.1700314507E-11   -0.3412820078E-27
    0.8350000000E+00    0.1222697377E-21    0.8442737340E-23    0.6158006166E-07   -0.1117173044E+12   -0.2714884588E-25   -0.1365964551E-10   -0.2937809033E-26
    0.8350000000E+00    0.1310143844E-21    0.9046556049E-23    0.6301444556E-07    0.3678592234E+11    0.9578832379E-26    0.4819484971E-11    0.1110669289E-26
    0.8350000000E+00    0.1403844422E-21    0.9693559452E-23    0.6448224056E-07    0.6434501954E+13    0.1795336503E-23    0.9033039675E-09    0.2230581268E-24
    0.8350000000E+00    0.1504246400E-21    0.1038683609E-22    0.6598422489E-07    0.1767682333E+15    0.5284880180E-22    0.2659029785E-07    0.7035700358E-23
    0.8350000000E+00    0.1611829057E-21    0.1112969539E-22    0.6752119493E-07    0.4189398835E+16    0.1342093063E-20    0.6752594773E-06    0.1914497578E-21
    0.8350000000E+00    0.1727105951E-21    0.1192568347E-22    0.6909396560E-07    0.8032852012E+17    0.2757405833E-19    0.1387358652E-04    0.4214760291E-20
    0.8350000000E+00    0.1850627369E-21    0.1277860007E-22    0.7070337081E-07    0.1593052778E+18    0.5859507143E-19    0.2948147070E-04    0.9596951008E-20
    0.8350000000E+00    0.1982982953E-21    0.1369251667E-22    0.7235026388E-07   -0.3234632038E+18   -0.1274840370E-18   -0.6414220189E-04   -0.2237319446E-19
    0.8350000000E+00    0.2124804516E-21    0.1467179595E-22    0.7403551802E-07   -0.1007266437E+20   -0.4253782567E-17   -0.2140244274E-02   -0.7999216971E-18
    0.8350000000E+00    0.2276769058E-21    0.1572111260E-22    0.7576002677E-07   -0.1569940886E+21   -0.7104184368E-16   -0.3574392832E-01   -0.1431483721E-16
    0.8350000000E+00    0.2439602000E-21    0.1684547565E-22    0.7752470448E-07   -0.2136037821E+22   -0.1035714036E-14   -0.5211082140E+00   -0.2236207253E-15
    0.8350000000E+00    0.2614080640E-21    0.1805025236E-22    0.7933048683E-07   -0.2658537164E+23   -0.1381254353E-13   -0.6949630531E+01   -0.3195551708E-14
    0.8350000000E+00    0.2801037871E-21    0.1934119387E-22    0.8117833125E-07   -0.3051598489E+24   -0.1698862833E-12   -0.8547642936E+02   -0.4211438906E-13
    0.8350000000E+00    0.3001366153E-21    0.2072446262E-22    0.8306921749E-07   -0.1966839765E+25   -0.1173275236E-11   -0.5903206300E+03   -0.3116535612E-12
    0.8350000000E+00    0.3216021775E-21    0.2220666179E-22    0.8500414813E-07   -0.2236592430E+25   -0.1429610649E-11   -0.7192929958E+03   -0.4069021310E-12
    0.8350000000E+00    0.3446029418E-21    0.2379486681E-22    0.8698414910E-07    0.3286550008E+25    0.2250977576E-11    0.1132554801E+04    0.6865044527E-12
    0.8350000000E+00    0.3692487048E-21    0.2549665916E-22    0.8901027021E-07    0.6299329451E+26    0.4623014400E-10    0.2326019241E+05    0.1510766812E-10
    0.8350000000E+00    0.3956571157E-21    0.2732016250E-22    0.9108358575E-07    0.5495255511E+27    0.4321343749E-09    0.2174236945E+06    0.1513181434E-09
    0.8350000000E+00    0.4239542377E-21    0.2927408154E-22    0.9320519501E-07    0.4081035521E+28    0.3438755506E-08    0.1730172303E+07    0.1290248873E-08
    0.8350000000E+00    0.4542751502E-21    0.3136774352E-22    0.9537622289E-07    0.2766355661E+29    0.2497692323E-07    0.1256686633E+08    0.1004178986E-07
    0.8350000000E+00    0.4867645933E-21    0.3361114274E-22    0.9759782052E-07    0.1737742180E+30    0.1681187943E-06    0.8458713654E+08    0.7242499207E-07
    0.8350000000E+00    0.5215776589E-21    0.3601498832E-22    0.9987116580E-07    0.1016316360E+31    0.1053561375E-05    0.5300879078E+09    0.4863310860E-06
    0.8350000000E+00    0.5588805307E-21    0.3859075526E-22    0.1021974641E-06    0.5546007539E+31    0.6160434999E-05    0.3099555637E+10    0.3047077984E-05
    0.8350000000E+00    0.5988512779E-21    0.4135073927E-22    0.1045779488E-06    0.2827754113E+32    0.3365678020E-04    0.1693404164E+11    0.1783794236E-04
    0.8350000000E+00    0.6416807053E-21    0.4430811541E-22    0.1070138822E-06    0.1348342364E+33    0.1719614522E-03    0.8652052794E+11    0.9765698088E-04
    0.8350000000E+00    0.6875732635E-21    0.4747700104E-22    0.1095065557E-06    0.6014447096E+33    0.8219144825E-03    0.4135373018E+12    0.5001483296E-03
    0.8350000000E+00    0.7367480256E-21    0.5087252317E-22    0.1120572911E-06    0.2508743991E+34    0.3673561113E-02    0.1848312182E+13    0.2395297487E-02
    0.8350000000E+00    0.7894397325E-21    0.5451089068E-22    0.1146674407E-06    0.9773141156E+34    0.1533434025E-01    0.7715305940E+13    0.1071364582E-01
    0.8350000000E+00    0.8458999137E-21    0.5840947171E-22    0.1173383885E-06    0.2772516003E+35    0.4661277789E-01    0.2345271048E+14    0.3489612270E-01
    0.8350000000E+00    0.9063980879E-21    0.6258687655E-22    0.1200715507E-06    0.4974899330E+35    0.8962212165E-01    0.4509239240E+14    0.7189313310E-01
    0.8350000000E+00    0.9712230494E-21    0.6706304648E-22    0.1228683764E-06    0.6611129958E+35    0.1276164379E+00    0.6420881797E+14    0.1096929732E+00
    0.8350000000E+00    0.1040684247E-20    0.7185934897E-22    0.1257303485E-06    0.6998331528E+35    0.1447522877E+00    0.7283053377E+14    0.1333207125E+00
    0.8350000000E+00    0.1115113261E-20    0.7699867968E-22    0.1286589846E-06    0.6902293800E+35    0.1529763749E+00    0.7696839351E+14    0.1509720509E+00
    0.8350000000E+00    0.1194865387E-20    0.8250557175E-22    0.1316558373E-06    0.6285017958E+35    0.1492579412E+00    0.7509750415E+14    0.1578372976E+00
    0.8350000000E+00    0.1280321329E-20    0.8840631292E-22    0.1347224957E-06    0.4656189240E+35    0.1184845018E+00    0.5961418398E+14    0.1342560101E+00
    0.8350000000E+00    0.1371889021E-20    0.9472907100E-22    0.1378605858E-06    0.2847622108E+35    0.7764496166E-01    0.3906621507E+14    0.9427259667E-01
    0.8350000000E+00    0.1470005571E-20    0.1015040283E-21    0.1410717713E-06    0.1462707031E+35    0.4273544916E-01    0.2150187484E+14    0.5559816557E-01
    0.8350000000E+00    0.1575139348E-20    0.1087635259E-21    0.1443577550E-06    0.6342629067E+34    0.1985638740E-01    0.9990524615E+13    0.2768040417E-01
    0.8350000000E+00    0.1687792220E-20    0.1165422177E-21    0.1477202791E-06    0.2301042491E+34    0.7718902625E-02    0.3883681614E+13    0.1152995871E-01
    0.8350000000E+00    0.1808501947E-20    0.1248772362E-21    0.1511611264E-06    0.6633804926E+33    0.2384479650E-02    0.1199724912E+13    0.3816504775E-02
    0.8350000000E+00    0.1937844750E-20    0.1338083694E-21    0.1546821213E-06    0.7532186379E+32    0.2901028409E-03    0.1459620783E+12    0.4975356118E-03
    0.8350000000E+00    0.2076438060E-20    0.1433782510E-21    0.1582851308E-06    0.8014723337E+30    0.3307649322E-05    0.1664207658E+10    0.6078433209E-05
    0.8350000000E+00    0.2224943467E-20    0.1536325639E-21    0.1619720651E-06    0.1953037964E+30    0.8636576202E-06    0.4345399059E+09    0.1700645518E-05
    0.8350000000E+00    0.2384069878E-20    0.1646202581E-21    0.1657448792E-06    0.4499337571E+29    0.2131962209E-06    0.1072673518E+09    0.4498333930E-06
    0.8350000000E+00    0.2554576900E-20    0.1763937846E-21    0.1696055734E-06    0.6801143867E+28    0.3453129659E-07    0.1737404502E+08    0.7807016107E-07
    0.8350000000E+00    0.2737278465E-20    0.1890093455E-21    0.1735561947E-06    0.1298435158E+28    0.7064008127E-08    0.3554178595E+07    0.1711289083E-07
    0.8350000000E+00    0.2933046719E-20    0.2025271626E-21    0.1775988378E-06    0.3184138207E+27    0.1856191732E-08    0.9339226121E+06    0.4818313167E-08
    0.8350000000E+00    0.3142816182E-20    0.2170117645E-21    0.1817356462E-06    0.7033598818E+26    0.4393478620E-09    0.2210530819E+06    0.1222026734E-08
    0.8350000000E+00    0.3367588212E-20    0.2325322952E-21    0.1859688132E-06    0.1666000274E+26    0.1115079913E-09    0.5610402885E+05    0.3323366074E-09
    0.8350000000E+00    0.3608435782E-20    0.2491628434E-21    0.1903005833E-06    0.2095991220E+25    0.1503212516E-10    0.7563249718E+04    0.4800567413E-10
    0.8350000000E+00    0.3866508602E-20    0.2669827968E-21    0.1947332533E-06    0.6862482197E+24    0.5273660339E-11    0.2653384644E+04    0.1804614092E-10
