    0.8790000000E+00    0.4143038610E-23    0.2860772210E-24    0.1992691735E-07    0.0000000000E+00    0.0000000000E+00    0.0000000000E+00    0.0000000000E+00
    0.8790000000E+00    0.4439345853E-23    0.3065372650E-24    0.2039107488E-07    0.0000000000E+00    0.0000000000E+00    0.0000000000E+00    0.0000000000E+00
    0.8790000000E+00    0.4756844785E-23    0.3284605973E-24    0.2086604403E-07    0.0000000000E+00    0.0000000000E+00    0.0000000000E+00    0.0000000000E+00
    0.8790000000E+00    0.5097051019E-23    0.3519518710E-24    0.2135207663E-07    0.0000000000E+00    0.0000000000E+00    0.0000000000E+00    0.0000000000E+00
    0.8790000000E+00    0.5461588566E-23    0.3771232243E-24    0.2184943039E-07    0.0000000000E+00    0.0000000000E+00    0.0000000000E+00    0.0000000000E+00
    0.8790000000E+00    0.5852197586E-23    0.4040948153E-24    0.2235836900E-07    0.0000000000E+00    0.0000000000E+00    0.0000000000E+00    0.0000000000E+00
    0.8790000000E+00    0.6270742692E-23    0.4329953957E-24    0.2287916232E-07    0.0000000000E+00    0.0000000000E+00    0.0000000000E+00    0.0000000000E+00
    0.8790000000E+00    0.6719221852E-23    0.4639629256E-24    0.2341208647E-07    0.0000000000E+00    0.0000000000E+00    0.0000000000E+00    0.0000000000E+00
    0.8790000000E+00    0.7199775931E-23    0.4971452317E-24    0.2395742402E-07    0.0000000000E+00    0.0000000000E+00    0.0000000000E+00    0.0000000000E+00
    0.8790000000E+00    0.7714698903E-23    0.5327007132E-24    0.2451546411E-07    0.0000000000E+00    0.0000000000E+00    0.0000000000E+00    0.0000000000E+00
    0.8790000000E+00    0.8266448809E-23    0.5707990981E-24    0.2508650263E-07    0.0000000000E+00    0.0000000000E+00    0.0000000000E+00    0.0000000000E+00
    0.8790000000E+00    0.8857659485E-23    0.6116222531E-24    0.2567084234E-07    0.0000000000E+00    0.0000000000E+00    0.0000000000E+00    0.0000000000E+00
    0.8790000000E+00    0.9491153137E-23    0.6553650517E-24    0.2626879307E-07    0.0000000000E+00    0.0000000000E+00    0.0000000000E+00    0.0000000000E+00
    0.8790000000E+00    0.1016995382E-22    0.7022363048E-24    0.2688067187E-07    0.0000000000E+00    0.0000000000E+00    0.0000000000E+00    0.0000000000E+00
    0.8790000000E+00    0.1089730185E-22    0.7524597575E-24    0.2750680315E-07    0.0000000000E+00    0.0000000000E+00    0.0000000000E+00    0.0000000000E+00
    0.8790000000E+00    0.1167666930E-22    0.8062751566E-24    0.2814751890E-07    0.0000000000E+00    0.0000000000E+00    0.0000000000E+00    0.0000000000E+00
    0.8790000000E+00    0.1251177658E-22    0.8639393956E-24    0.2880315884E-07    0.0000000000E+00    0.0000000000E+00    0.0000000000E+00    0.0000000000E+00
    0.8790000000E+00    0.1340661015E-22    0.9257277409E-24    0.2947407060E-07    0.0000000000E+00    0.0000000000E+00    0.0000000000E+00    0.0000000000E+00
    0.8790000000E+00    0.1436544159E-22    0.9919351458E-24    0.3016060990E-07    0.0000000000E+00    0.0000000000E+00    0.0000000000E+00    0.0000000000E+00
    0.8790000000E+00    0.1539284799E-22    0.1062877658E-23    0.3086314075E-07    0.0000000000E+00    0.0000000000E+00    0.0000000000E+00    0.0000000000E+00
    0.8790000000E+00    0.1649373379E-22    0.1138893930E-23    0.3158203565E-07    0.0000000000E+00    0.0000000000E+00    0.0000000000E+00    0.0000000000E+00
    0.8790000000E+00    0.1767335417E-22    0.1220346833E-23    0.3231767576E-07    0.0000000000E+00    0.0000000000E+00    0.0000000000E+00    0.0000000000E+00
    0.8790000000E+00    0.1893734018E-22    0.1307625190E-23    0.3307045113E-07    0.0000000000E+00    0.0000000000E+00    0.0000000000E+00    0.0000000000E+00
    0.8790000000E+00    0.2029172559E-22    0.1401145635E-23    0.3384076090E-07    0.0000000000E+00    0.0000000000E+00    0.0000000000E+00    0.0000000000E+00
    0.8790000000E+00    0.2174297571E-22    0.1501354598E-23    0.3462901348E-07    0.0000000000E+00    0.0000000000E+00    0.0000000000E+00    0.0000000000E+00
    0.8790000000E+00    0.2329801823E-22    0.1608730435E-23    0.3543562682E-07    0.0000000000E+00    0.0000000000E+00    0.0000000000E+00    0.0000000000E+00
    0.8790000000E+00    0.2496427630E-22    0.1723785718E-23    0.3626102861E-07    0.0000000000E+00    0.0000000000E+00    0.0000000000E+00    0.0000000000E+00
    0.8790000000E+00    0.2674970400E-22    0.1847069675E-23    0.3710565646E-07    0.0000000000E+00    0.0000000000E+00    0.0000000000E+00    0.0000000000E+00
    0.8790000000E+00    0.2866282424E-22    0.1979170815E-23    0.3796995823E-07    0.0000000000E+00    0.0000000000E+00    0.0000000000E+00    0.0000000000E+00
    0.8790000000E+00    0.3071276952E-22    0.2120719737E-23    0.3885439218E-07   -0.3771698603E-15   -0.2302331762E-52   -0.1158393099E-37   -0.5826775400E-54
    0.8790000000E+00    0.3290932546E-22    0.2272392139E-23    0.3975942724E-07   -0.2543071335E-14   -0.1663372306E-51   -0.8369076223E-37   -0.4510761237E-53
    0.8790000000E+00    0.3526297755E-22    0.2434912046E-23    0.4068554327E-07   -0.1194351898E-13   -0.8370727956E-51   -0.4211640416E-36   -0.2432336187E-52
    0.8790000000E+00    0.3778496121E-22    0.2609055264E-23    0.4163323131E-07    0.1495525003E-12    0.1123115969E-49    0.5650835424E-35    0.3496914190E-51
    0.8790000000E+00    0.4048731538E-22    0.2795653084E-23    0.4260299385E-07    0.1410823984E-11    0.1135282016E-48    0.5712047561E-34    0.3787600204E-50
    0.8790000000E+00    0.4338294005E-22    0.2995596250E-23    0.4359534505E-07   -0.2479631161E-10   -0.2138050748E-47   -0.1075736900E-32   -0.7643255587E-49
    0.8790000000E+00    0.4648565778E-22    0.3209839213E-23    0.4461081109E-07   -0.5255322312E-09   -0.4855458881E-46   -0.2442971145E-31   -0.1859904537E-47
    0.8790000000E+00    0.4981027973E-22    0.3439404683E-23    0.4564993037E-07    0.2718180492E-08    0.2690972225E-45    0.1353933307E-30    0.1104509838E-46
    0.8790000000E+00    0.5337267633E-22    0.3685388516E-23    0.4671325384E-07    0.1131047737E-06    0.1199808292E-43    0.6036704480E-29    0.5276819421E-45
    0.8790000000E+00    0.5718985306E-22    0.3948964943E-23    0.4780134531E-07   -0.1570994430E-06   -0.1785687955E-43   -0.8984494063E-29   -0.8415229070E-45
    0.8790000000E+00    0.6128003161E-22    0.4231392172E-23    0.4891478167E-07   -0.5191143555E-04   -0.6322574608E-41   -0.3181134412E-26   -0.3192672239E-42
    0.8790000000E+00    0.6566273690E-22    0.4534018400E-23    0.5005415331E-07   -0.6499563172E-02   -0.8482328607E-39   -0.4267791065E-24   -0.4589606651E-40
    0.8790000000E+00    0.7035889022E-22    0.4858288246E-23    0.5122006431E-07   -0.4264103026E-01   -0.5962914925E-38   -0.3000175567E-23   -0.3457156074E-39
    0.8790000000E+00    0.7539090917E-22    0.5205749646E-23    0.5241313287E-07    0.2600139795E+00    0.3896077813E-37    0.1960269031E-22    0.2420404743E-38
    0.8790000000E+00    0.8078281461E-22    0.5578061244E-23    0.5363399157E-07    0.2810113253E+02    0.4511850980E-35    0.2270088580E-20    0.3003413442E-36
    0.8790000000E+00    0.8656034539E-22    0.5977000309E-23    0.5488328773E-07    0.4010251837E+03    0.6899260930E-34    0.3471287841E-19    0.4921108534E-35
    0.8790000000E+00    0.9275108115E-22    0.6404471218E-23    0.5616168372E-07   -0.2702748348E+03   -0.4982376408E-34   -0.2506828314E-19   -0.3807999719E-35
    0.8790000000E+00    0.9938457404E-22    0.6862514550E-23    0.5746985739E-07   -0.5551342070E+05   -0.1096551196E-31   -0.5517177670E-17   -0.8980267763E-33
    0.8790000000E+00    0.1064924897E-21    0.7353316823E-23    0.5880850233E-07   -0.2883139903E+07   -0.6102343364E-30   -0.3070327465E-15   -0.5354969651E-31
    0.8790000000E+00    0.1141087586E-21    0.7879220933E-23    0.6017832832E-07   -0.1314969700E+09   -0.2982268008E-28   -0.1500495600E-13   -0.2804187459E-29
    0.8790000000E+00    0.1222697377E-21    0.8442737340E-23    0.6158006166E-07   -0.5413666388E+10   -0.1315595603E-26   -0.6619275695E-12   -0.1325509322E-27
    0.8790000000E+00    0.1310143844E-21    0.9046556049E-23    0.6301444556E-07   -0.3224017538E+11   -0.8395147279E-26   -0.4223926731E-11   -0.9063348771E-27
    0.8790000000E+00    0.1403844422E-21    0.9693559452E-23    0.6448224056E-07    0.2988640588E+11    0.8338820284E-26    0.4195586419E-11    0.9646393798E-27
    0.8790000000E+00    0.1504246400E-21    0.1038683609E-22    0.6598422489E-07    0.2510679808E+13    0.7506236674E-24    0.3776681062E-09    0.9304276903E-25
    0.8790000000E+00    0.1611829057E-21    0.1112969539E-22    0.6752119493E-07    0.7012959978E+14    0.2246633779E-22    0.1130369267E-07    0.2983957666E-23
    0.8790000000E+00    0.1727105951E-21    0.1192568347E-22    0.6909396560E-07    0.1711374907E+16    0.5874570009E-21    0.2955725787E-06    0.8360580964E-22
    0.8790000000E+00    0.1850627369E-21    0.1277860007E-22    0.7070337081E-07    0.3314679320E+17    0.1219192950E-19    0.6134236268E-05    0.1859228704E-20
    0.8790000000E+00    0.1982982953E-21    0.1369251667E-22    0.7235026388E-07    0.6280510577E+17    0.2475288791E-19    0.1245414541E-04    0.4044699379E-20
    0.8790000000E+00    0.2124804516E-21    0.1467179595E-22    0.7403551802E-07   -0.1526491898E+18   -0.6446521382E-19   -0.3243496878E-04   -0.1128718909E-19
    0.8790000000E+00    0.2276769058E-21    0.1572111260E-22    0.7576002677E-07   -0.4570467784E+19   -0.2068195438E-17   -0.1040589963E-02   -0.3880180681E-18
    0.8790000000E+00    0.2439602000E-21    0.1684547565E-22    0.7752470448E-07   -0.7302693168E+20   -0.3540902574E-16   -0.1781566486E-01   -0.7118268256E-17
    0.8790000000E+00    0.2614080640E-21    0.1805025236E-22    0.7933048683E-07   -0.1023709142E+22   -0.5318724626E-15   -0.2676058249E+00   -0.1145691995E-15
    0.8790000000E+00    0.2801037871E-21    0.1934119387E-22    0.8117833125E-07   -0.1314149241E+23   -0.7316032270E-14   -0.3680981792E+01   -0.1688635774E-14
    0.8790000000E+00    0.3001366153E-21    0.2072446262E-22    0.8306921749E-07   -0.1556394715E+24   -0.9284332200E-13   -0.4671310420E+02   -0.2296207042E-13
    0.8790000000E+00    0.3216021775E-21    0.2220666179E-22    0.8500414813E-07   -0.1111089362E+25   -0.7101987664E-12   -0.3573287584E+03   -0.1882089565E-12
    0.8790000000E+00    0.3446029418E-21    0.2379486681E-22    0.8698414910E-07   -0.1357290950E+25   -0.9296166149E-12   -0.4677264542E+03   -0.2639758824E-12
    0.8790000000E+00    0.3692487048E-21    0.2549665916E-22    0.8901027021E-07    0.1679753414E+25    0.1232754102E-11    0.6202467726E+03    0.3750911605E-12
    0.8790000000E+00    0.3956571157E-21    0.2732016250E-22    0.9108358575E-07    0.3597057483E+26    0.2828644061E-10    0.1423201388E+05    0.9222287885E-11
    0.8790000000E+00    0.4239542377E-21    0.2927408154E-22    0.9320519501E-07    0.3244008962E+27    0.2733461550E-09    0.1375311347E+06    0.9549339690E-10
    0.8790000000E+00    0.4542751502E-21    0.3136774352E-22    0.9537622289E-07    0.2480915963E+28    0.2239974000E-08    0.1127018472E+07    0.8385005475E-09
    0.8790000000E+00    0.4867645933E-21    0.3361114274E-22    0.9759782052E-07    0.1730811404E+29    0.1674482726E-07    0.8424977090E+07    0.6716469469E-08
    0.8790000000E+00    0.5215776589E-21    0.3601498832E-22    0.9987116580E-07    0.1118723493E+30    0.1159721429E-06    0.5835011804E+08    0.4984413405E-07
    0.8790000000E+00    0.5588805307E-21    0.3859075526E-22    0.1021974641E-06    0.6730503755E+30    0.7476158408E-06    0.3761547510E+09    0.3443014629E-06
    0.8790000000E+00    0.5988512779E-21    0.4135073927E-22    0.1045779488E-06    0.3776757850E+31    0.4495210821E-05    0.2261716265E+10    0.2218249731E-05
    0.8790000000E+00    0.6416807053E-21    0.4430811541E-22    0.1070138822E-06    0.1979080982E+32    0.2524029866E-04    0.1269938080E+11    0.1334611499E-04
    0.8790000000E+00    0.6875732635E-21    0.4747700104E-22    0.1095065557E-06    0.9691019016E+32    0.1324342662E-03    0.6663285571E+11    0.7503445678E-04
    0.8790000000E+00    0.7367480256E-21    0.5087252317E-22    0.1120572911E-06    0.4434755335E+33    0.6493825118E-03    0.3267297237E+12    0.3942402503E-03
    0.8790000000E+00    0.7894397325E-21    0.5451089068E-22    0.1146674407E-06    0.1895399037E+34    0.2973935736E-02    0.1496303309E+13    0.1934603427E-02
    0.8790000000E+00    0.8458999137E-21    0.5840947171E-22    0.1173383885E-06    0.7555806871E+34    0.1270316013E-01    0.6391456380E+13    0.8854665216E-02
    0.8790000000E+00    0.9063980879E-21    0.6258687655E-22    0.1200715507E-06    0.2356928518E+35    0.4245974047E-01    0.2136315502E+14    0.3171302781E-01
    0.8790000000E+00    0.9712230494E-21    0.6706304648E-22    0.1228683764E-06    0.4488868125E+35    0.8664984112E-01    0.4359692189E+14    0.6934707440E-01
    0.8790000000E+00    0.1040684247E-20    0.7185934897E-22    0.1257303485E-06    0.6162429394E+35    0.1274626315E+00    0.6413143194E+14    0.1093058116E+00
    0.8790000000E+00    0.1115113261E-20    0.7699867968E-22    0.1286589846E-06    0.6630970825E+35    0.1469630109E+00    0.7394283503E+14    0.1350418610E+00
    0.8790000000E+00    0.1194865387E-20    0.8250557175E-22    0.1316558373E-06    0.6549807490E+35    0.1555462192E+00    0.7826138262E+14    0.1531509985E+00
    0.8790000000E+00    0.1280321329E-20    0.8840631292E-22    0.1347224957E-06    0.6001930858E+35    0.1527291420E+00    0.7684400096E+14    0.1611321809E+00
    0.8790000000E+00    0.1371889021E-20    0.9472907100E-22    0.1378605858E-06    0.4465413408E+35    0.1217566235E+00    0.6126051630E+14    0.1376426321E+00
    0.8790000000E+00    0.1470005571E-20    0.1015040283E-21    0.1410717713E-06    0.2713536579E+35    0.7928054086E-01    0.3988913889E+14    0.9603443318E-01
    0.8790000000E+00    0.1575139348E-20    0.1087635259E-21    0.1443577550E-06    0.1367348956E+35    0.4280655593E-01    0.2153765144E+14    0.5556107764E-01
    0.8790000000E+00    0.1687792220E-20    0.1165422177E-21    0.1477202791E-06    0.5708002982E+34    0.1914763390E-01    0.9633923025E+13    0.2663026501E-01
    0.8790000000E+00    0.1808501947E-20    0.1248772362E-21    0.1511611264E-06    0.1940405137E+34    0.6974664787E-02    0.3509226468E+13    0.1039402394E-01
    0.8790000000E+00    0.1937844750E-20    0.1338083694E-21    0.1546821213E-06    0.4431901783E+33    0.1706950987E-02    0.8588337602E+12    0.2725721151E-02
    0.8790000000E+00    0.2076438060E-20    0.1433782510E-21    0.1582851308E-06    0.6020584524E+31    0.2484674952E-04    0.1250137085E+11    0.4251380292E-04
    0.8790000000E+00    0.2224943467E-20    0.1536325639E-21    0.1619720651E-06    0.3567899749E+30    0.1577769538E-05    0.7938375238E+09    0.2892703626E-05
    0.8790000000E+00    0.2384069878E-20    0.1646202581E-21    0.1657448792E-06    0.8497464547E+29    0.4026431224E-06    0.2025854927E+09    0.7910076038E-06
    0.8790000000E+00    0.2554576900E-20    0.1763937846E-21    0.1696055734E-06    0.1382892388E+29    0.7021328783E-07    0.3532704949E+08    0.1478017864E-06
    0.8790000000E+00    0.2737278465E-20    0.1890093455E-21    0.1735561947E-06    0.2248403840E+28    0.1223221884E-07    0.6154507411E+07    0.2759088400E-07
    0.8790000000E+00    0.2933046719E-20    0.2025271626E-21    0.1775988378E-06    0.5510312020E+27    0.3212233561E-08    0.1616200259E+07    0.7763677530E-08
    0.8790000000E+00    0.3142816182E-20    0.2170117645E-21    0.1817356462E-06    0.1214527291E+27    0.7586443052E-09    0.3817036025E+06    0.1964710541E-08
    0.8790000000E+00    0.3367588212E-20    0.2325322952E-21    0.1859688132E-06    0.2903466860E+26    0.1943335559E-09    0.9777680773E+05    0.5392723712E-09
    0.8790000000E+00    0.3608435782E-20    0.2491628434E-21    0.1903005833E-06    0.4057013907E+25    0.2909627685E-10    0.1463947415E+05    0.8651627122E-10
    0.8790000000E+00    0.3866508602E-20    0.2669827968E-21    0.1947332533E-06    0.1334857659E+25    0.1025807527E-10    0.5161238621E+04    0.3268332667E-10
