    0.8630000000E+00    0.4143038610E-23    0.2860772210E-24    0.1992691735E-07    0.0000000000E+00    0.0000000000E+00    0.0000000000E+00    0.0000000000E+00
    0.8630000000E+00    0.4439345853E-23    0.3065372650E-24    0.2039107488E-07    0.0000000000E+00    0.0000000000E+00    0.0000000000E+00    0.0000000000E+00
    0.8630000000E+00    0.4756844785E-23    0.3284605973E-24    0.2086604403E-07    0.0000000000E+00    0.0000000000E+00    0.0000000000E+00    0.0000000000E+00
    0.8630000000E+00    0.5097051019E-23    0.3519518710E-24    0.2135207663E-07    0.0000000000E+00    0.0000000000E+00    0.0000000000E+00    0.0000000000E+00
    0.8630000000E+00    0.5461588566E-23    0.3771232243E-24    0.2184943039E-07    0.0000000000E+00    0.0000000000E+00    0.0000000000E+00    0.0000000000E+00
    0.8630000000E+00    0.5852197586E-23    0.4040948153E-24    0.2235836900E-07    0.0000000000E+00    0.0000000000E+00    0.0000000000E+00    0.0000000000E+00
    0.8630000000E+00    0.6270742692E-23    0.4329953957E-24    0.2287916232E-07    0.0000000000E+00    0.0000000000E+00    0.0000000000E+00    0.0000000000E+00
    0.8630000000E+00    0.6719221852E-23    0.4639629256E-24    0.2341208647E-07    0.0000000000E+00    0.0000000000E+00    0.0000000000E+00    0.0000000000E+00
    0.8630000000E+00    0.7199775931E-23    0.4971452317E-24    0.2395742402E-07    0.0000000000E+00    0.0000000000E+00    0.0000000000E+00    0.0000000000E+00
    0.8630000000E+00    0.7714698903E-23    0.5327007132E-24    0.2451546411E-07    0.0000000000E+00    0.0000000000E+00    0.0000000000E+00    0.0000000000E+00
    0.8630000000E+00    0.8266448809E-23    0.5707990981E-24    0.2508650263E-07    0.0000000000E+00    0.0000000000E+00    0.0000000000E+00    0.0000000000E+00
    0.8630000000E+00    0.8857659485E-23    0.6116222531E-24    0.2567084234E-07    0.0000000000E+00    0.0000000000E+00    0.0000000000E+00    0.0000000000E+00
    0.8630000000E+00    0.9491153137E-23    0.6553650517E-24    0.2626879307E-07    0.0000000000E+00    0.0000000000E+00    0.0000000000E+00    0.0000000000E+00
    0.8630000000E+00    0.1016995382E-22    0.7022363048E-24    0.2688067187E-07    0.0000000000E+00    0.0000000000E+00    0.0000000000E+00    0.0000000000E+00
    0.8630000000E+00    0.1089730185E-22    0.7524597575E-24    0.2750680315E-07    0.0000000000E+00    0.0000000000E+00    0.0000000000E+00    0.0000000000E+00
    0.8630000000E+00    0.1167666930E-22    0.8062751566E-24    0.2814751890E-07    0.0000000000E+00    0.0000000000E+00    0.0000000000E+00    0.0000000000E+00
    0.8630000000E+00    0.1251177658E-22    0.8639393956E-24    0.2880315884E-07    0.0000000000E+00    0.0000000000E+00    0.0000000000E+00    0.0000000000E+00
    0.8630000000E+00    0.1340661015E-22    0.9257277409E-24    0.2947407060E-07    0.0000000000E+00    0.0000000000E+00    0.0000000000E+00    0.0000000000E+00
    0.8630000000E+00    0.1436544159E-22    0.9919351458E-24    0.3016060990E-07    0.0000000000E+00    0.0000000000E+00    0.0000000000E+00    0.0000000000E+00
    0.8630000000E+00    0.1539284799E-22    0.1062877658E-23    0.3086314075E-07    0.0000000000E+00    0.0000000000E+00    0.0000000000E+00    0.0000000000E+00
    0.8630000000E+00    0.1649373379E-22    0.1138893930E-23    0.3158203565E-07    0.0000000000E+00    0.0000000000E+00    0.0000000000E+00    0.0000000000E+00
    0.8630000000E+00    0.1767335417E-22    0.1220346833E-23    0.3231767576E-07    0.0000000000E+00    0.0000000000E+00    0.0000000000E+00    0.0000000000E+00
    0.8630000000E+00    0.1893734018E-22    0.1307625190E-23    0.3307045113E-07    0.0000000000E+00    0.0000000000E+00    0.0000000000E+00    0.0000000000E+00
    0.8630000000E+00    0.2029172559E-22    0.1401145635E-23    0.3384076090E-07    0.0000000000E+00    0.0000000000E+00    0.0000000000E+00    0.0000000000E+00
    0.8630000000E+00    0.2174297571E-22    0.1501354598E-23    0.3462901348E-07    0.0000000000E+00    0.0000000000E+00    0.0000000000E+00    0.0000000000E+00
    0.8630000000E+00    0.2329801823E-22    0.1608730435E-23    0.3543562682E-07    0.0000000000E+00    0.0000000000E+00    0.0000000000E+00    0.0000000000E+00
    0.8630000000E+00    0.2496427630E-22    0.1723785718E-23    0.3626102861E-07    0.0000000000E+00    0.0000000000E+00    0.0000000000E+00    0.0000000000E+00
    0.8630000000E+00    0.2674970400E-22    0.1847069675E-23    0.3710565646E-07    0.0000000000E+00    0.0000000000E+00    0.0000000000E+00    0.0000000000E+00
    0.8630000000E+00    0.2866282424E-22    0.1979170815E-23    0.3796995823E-07    0.0000000000E+00    0.0000000000E+00    0.0000000000E+00    0.0000000000E+00
    0.8630000000E+00    0.3071276952E-22    0.2120719737E-23    0.3885439218E-07   -0.1177616199E-14   -0.7188440707E-52   -0.3616785489E-37   -0.1862624674E-53
    0.8630000000E+00    0.3290932546E-22    0.2272392139E-23    0.3975942724E-07   -0.1573051940E-13   -0.1028901941E-50   -0.5176807826E-36   -0.2856700058E-52
    0.8630000000E+00    0.3526297755E-22    0.2434912046E-23    0.4068554327E-07   -0.1794949365E-13   -0.1258007197E-50   -0.6329525915E-36   -0.3742603182E-52
    0.8630000000E+00    0.3778496121E-22    0.2609055264E-23    0.4163323131E-07    0.1483802788E-11    0.1114312767E-48    0.5606543077E-34    0.3552202891E-50
    0.8630000000E+00    0.4048731538E-22    0.2795653084E-23    0.4260299385E-07    0.2585965948E-11    0.2080912053E-48    0.1046988189E-33    0.7107950302E-50
    0.8630000000E+00    0.4338294005E-22    0.2995596250E-23    0.4359534505E-07   -0.2593758694E-09   -0.2236456697E-46   -0.1125248779E-31   -0.8185611915E-48
    0.8630000000E+00    0.4648565778E-22    0.3209839213E-23    0.4461081109E-07   -0.1277979757E-08   -0.1180741692E-45   -0.5940772962E-31   -0.4630688370E-47
    0.8630000000E+00    0.4981027973E-22    0.3439404683E-23    0.4564993037E-07    0.2967708093E-07    0.2938002121E-44    0.1478223703E-29    0.1234646876E-45
    0.8630000000E+00    0.5337267633E-22    0.3685388516E-23    0.4671325384E-07    0.2916421630E-06    0.3093721635E-43    0.1556572277E-28    0.1393066637E-44
    0.8630000000E+00    0.5718985306E-22    0.3948964943E-23    0.4780134531E-07   -0.2362034273E-05   -0.2684832021E-42   -0.1350843930E-27   -0.1295411582E-43
    0.8630000000E+00    0.6128003161E-22    0.4231392172E-23    0.4891478167E-07   -0.3876792940E-03   -0.4721755880E-40   -0.2375699939E-25   -0.2441148430E-41
    0.8630000000E+00    0.6566273690E-22    0.4534018400E-23    0.5005415331E-07   -0.3830843674E-01   -0.4999485969E-38   -0.2515436802E-23   -0.2769593369E-39
    0.8630000000E+00    0.7035889022E-22    0.4858288246E-23    0.5122006431E-07   -0.6662179202E-01   -0.9316380856E-38   -0.4687435351E-23   -0.5530162478E-39
    0.8630000000E+00    0.7539090917E-22    0.5205749646E-23    0.5241313287E-07    0.1997562983E+01    0.2993170150E-36    0.1505980894E-21    0.1903803243E-37
    0.8630000000E+00    0.8078281461E-22    0.5578061244E-23    0.5363399157E-07    0.1718247031E+03    0.2758776552E-34    0.1388048314E-19    0.1880213571E-35
    0.8630000000E+00    0.8656034539E-22    0.5977000309E-23    0.5488328773E-07    0.7915363317E+03    0.1361763777E-33    0.6851565826E-19    0.9944717135E-35
    0.8630000000E+00    0.9275108115E-22    0.6404471218E-23    0.5616168372E-07   -0.4041589769E+04   -0.7450461132E-33   -0.3748618206E-18   -0.5830070551E-34
    0.8630000000E+00    0.9938457404E-22    0.6862514550E-23    0.5746985739E-07   -0.2987068190E+06   -0.5900326724E-31   -0.2968684997E-16   -0.4947282586E-32
    0.8630000000E+00    0.1064924897E-21    0.7353316823E-23    0.5880850233E-07   -0.1459558953E+08   -0.3089246513E-29   -0.1554320668E-14   -0.2775512720E-30
    0.8630000000E+00    0.1141087586E-21    0.7879220933E-23    0.6017832832E-07   -0.6365666260E+09   -0.1443692797E-27   -0.7263782746E-13   -0.1389842047E-28
    0.8630000000E+00    0.1222697377E-21    0.8442737340E-23    0.6158006166E-07   -0.2266761459E+11   -0.5508542999E-26   -0.2771563291E-11   -0.5682342417E-27
    0.8630000000E+00    0.1310143844E-21    0.9046556049E-23    0.6301444556E-07   -0.4680022032E+11   -0.1218649519E-25   -0.6131502057E-11   -0.1347005839E-26
    0.8630000000E+00    0.1403844422E-21    0.9693559452E-23    0.6448224056E-07    0.2690084147E+12    0.7505796562E-25    0.3776459624E-10    0.8889706977E-26
    0.8630000000E+00    0.1504246400E-21    0.1038683609E-22    0.6598422489E-07    0.1049874021E+14    0.3138832302E-23    0.1579269217E-08    0.3983444496E-24
    0.8630000000E+00    0.1611829057E-21    0.1112969539E-22    0.6752119493E-07    0.2748204006E+15    0.8803997128E-22    0.4429635071E-07    0.1197210588E-22
    0.8630000000E+00    0.1727105951E-21    0.1192568347E-22    0.6909396560E-07    0.6428690094E+16    0.2206751418E-20    0.1110302892E-05    0.3215467106E-21
    0.8630000000E+00    0.1850627369E-21    0.1277860007E-22    0.7070337081E-07    0.7087816044E+17    0.2607013988E-19    0.1311690636E-04    0.4070371213E-20
    0.8630000000E+00    0.1982982953E-21    0.1369251667E-22    0.7235026388E-07    0.6754465488E+17    0.2662084954E-19    0.1339398992E-04    0.4453613941E-20
    0.8630000000E+00    0.2124804516E-21    0.1467179595E-22    0.7403551802E-07   -0.7382230351E+18   -0.3117586531E-18   -0.1568579639E-03   -0.5588679101E-19
    0.8630000000E+00    0.2276769058E-21    0.1572111260E-22    0.7576002677E-07   -0.1507843742E+20   -0.6823186811E-17   -0.3433011978E-02   -0.1310623404E-17
    0.8630000000E+00    0.2439602000E-21    0.1684547565E-22    0.7752470448E-07   -0.2260496029E+21   -0.1096060867E-15   -0.5514710631E-01   -0.2255928491E-16
    0.8630000000E+00    0.2614080640E-21    0.1805025236E-22    0.7933048683E-07   -0.3042478551E+22   -0.1580732742E-14   -0.7953284277E+00   -0.3486174373E-15
    0.8630000000E+00    0.2801037871E-21    0.1934119387E-22    0.8117833125E-07   -0.3762860865E+23   -0.2094831444E-13   -0.1053991579E+02   -0.4950393719E-14
    0.8630000000E+00    0.3001366153E-21    0.2072446262E-22    0.8306921749E-07   -0.4297897336E+24   -0.2563816636E-12   -0.1289956360E+03   -0.6491986650E-13
    0.8630000000E+00    0.3216021775E-21    0.2220666179E-22    0.8500414813E-07   -0.1646316097E+25   -0.1052311092E-11   -0.5294588416E+03   -0.2855188628E-12
    0.8630000000E+00    0.3446029418E-21    0.2379486681E-22    0.8698414910E-07   -0.1297739713E+25   -0.8888296196E-12   -0.4472049227E+03   -0.2584099164E-12
    0.8630000000E+00    0.3692487048E-21    0.2549665916E-22    0.8901027021E-07    0.7429275412E+25    0.5452270353E-11    0.2743250324E+04    0.1698509731E-11
    0.8630000000E+00    0.3956571157E-21    0.2732016250E-22    0.9108358575E-07    0.9167012756E+26    0.7208730001E-10    0.3626993826E+05    0.2406298035E-10
    0.8630000000E+00    0.4239542377E-21    0.2927408154E-22    0.9320519501E-07    0.7613821612E+27    0.6415545970E-09    0.3227911937E+06    0.2294691348E-09
    0.8630000000E+00    0.4542751502E-21    0.3136774352E-22    0.9537622289E-07    0.5577071463E+28    0.5035436612E-08    0.2533524976E+07    0.1929868823E-08
    0.8630000000E+00    0.4867645933E-21    0.3361114274E-22    0.9759782052E-07    0.3755287589E+29    0.3633073013E-07    0.1827941036E+08    0.1491986119E-07
    0.8630000000E+00    0.5215776589E-21    0.3601498832E-22    0.9987116580E-07    0.2347723825E+30    0.2433761021E-06    0.1224520297E+09    0.1070948503E-06
    0.8630000000E+00    0.5588805307E-21    0.3859075526E-22    0.1021974641E-06    0.1367429686E+31    0.1518923593E-05    0.7642298288E+09    0.7161872495E-06
    0.8630000000E+00    0.5988512779E-21    0.4135073927E-22    0.1045779488E-06    0.7433190802E+31    0.8847207327E-05    0.4451375811E+10    0.4469890267E-05
    0.8630000000E+00    0.6416807053E-21    0.4430811541E-22    0.1070138822E-06    0.3775122879E+32    0.4814620007E-04    0.2422423511E+11    0.2606469655E-04
    0.8630000000E+00    0.6875732635E-21    0.4747700104E-22    0.1095065557E-06    0.1792317001E+33    0.2449321238E-03    0.1232349250E+12    0.1420811309E-03
    0.8630000000E+00    0.7367480256E-21    0.5087252317E-22    0.1120572911E-06    0.7954234287E+33    0.1164740837E-02    0.5860266406E+12    0.7239689820E-03
    0.8630000000E+00    0.7894397325E-21    0.5451089068E-22    0.1146674407E-06    0.3297154213E+34    0.5173330020E-02    0.2602904540E+13    0.3445568124E-02
    0.8630000000E+00    0.8458999137E-21    0.5840947171E-22    0.1173383885E-06    0.1258086099E+35    0.2115150564E-01    0.1064214922E+14    0.1509495923E-01
    0.8630000000E+00    0.9063980879E-21    0.6258687655E-22    0.1200715507E-06    0.3192189077E+35    0.5750684361E-01    0.2893394075E+14    0.4397543944E-01
    0.8630000000E+00    0.9712230494E-21    0.6706304648E-22    0.1228683764E-06    0.5296483438E+35    0.1022394589E+00    0.5144066796E+14    0.8377398977E-01
    0.8630000000E+00    0.1040684247E-20    0.7185934897E-22    0.1257303485E-06    0.6594713162E+35    0.1364039147E+00    0.6863014102E+14    0.1197615730E+00
    0.8630000000E+00    0.1115113261E-20    0.7699867968E-22    0.1286589846E-06    0.6734127828E+35    0.1492492921E+00    0.7509315245E+14    0.1404115834E+00
    0.8630000000E+00    0.1194865387E-20    0.8250557175E-22    0.1316558373E-06    0.6565097407E+35    0.1559093274E+00    0.7844407654E+14    0.1571675036E+00
    0.8630000000E+00    0.1280321329E-20    0.8840631292E-22    0.1347224957E-06    0.5667458252E+35    0.1442179286E+00    0.7256167684E+14    0.1557793583E+00
    0.8630000000E+00    0.1371889021E-20    0.9472907100E-22    0.1378605858E-06    0.3927846371E+35    0.1070990003E+00    0.5388569314E+14    0.1239584319E+00
    0.8630000000E+00    0.1470005571E-20    0.1015040283E-21    0.1410717713E-06    0.2247763718E+35    0.6567220234E-01    0.3304225188E+14    0.8144646466E-01
    0.8630000000E+00    0.1575139348E-20    0.1087635259E-21    0.1443577550E-06    0.1074028103E+35    0.3362378261E-01    0.1691743926E+14    0.4468247551E-01
    0.8630000000E+00    0.1687792220E-20    0.1165422177E-21    0.1477202791E-06    0.4267018456E+34    0.1431381649E-01    0.7201840553E+13    0.2038196737E-01
    0.8630000000E+00    0.1808501947E-20    0.1248772362E-21    0.1511611264E-06    0.1376673749E+34    0.4948367604E-02    0.2489717155E+13    0.7550098402E-02
    0.8630000000E+00    0.1937844750E-20    0.1338083694E-21    0.1546821213E-06    0.2638184898E+33    0.1016099304E-02    0.5112392754E+12    0.1661218698E-02
    0.8630000000E+00    0.2076438060E-20    0.1433782510E-21    0.1582851308E-06    0.1204864930E+31    0.4972436978E-05    0.2501827398E+10    0.8710838147E-05
    0.8630000000E+00    0.2224943467E-20    0.1536325639E-21    0.1619720651E-06    0.2921464929E+30    0.1291908040E-05    0.6500094310E+09    0.2425058714E-05
    0.8630000000E+00    0.2384069878E-20    0.1646202581E-21    0.1657448792E-06    0.6893386380E+29    0.3266356217E-06    0.1643431483E+09    0.6569831067E-06
    0.8630000000E+00    0.2554576900E-20    0.1763937846E-21    0.1696055734E-06    0.1081680180E+29    0.5491990735E-07    0.2763235200E+08    0.1183642233E-06
    0.8630000000E+00    0.2737278465E-20    0.1890093455E-21    0.1735561947E-06    0.1872800643E+28    0.1018878677E-07    0.5126376869E+07    0.2352952341E-07
    0.8630000000E+00    0.2933046719E-20    0.2025271626E-21    0.1775988378E-06    0.4590582771E+27    0.2676077868E-08    0.1346439373E+07    0.6622003458E-08
    0.8630000000E+00    0.3142816182E-20    0.2170117645E-21    0.1817356462E-06    0.1012790569E+27    0.6326311506E-09    0.3183014591E+06    0.1677417732E-08
    0.8630000000E+00    0.3367588212E-20    0.2325322952E-21    0.1859688132E-06    0.2415371052E+26    0.1616645438E-09    0.8133975084E+05    0.4593095103E-09
    0.8630000000E+00    0.3608435782E-20    0.2491628434E-21    0.1903005833E-06    0.3270620921E+25    0.2345638786E-10    0.1180182556E+05    0.7140880925E-10
    0.8630000000E+00    0.3866508602E-20    0.2669827968E-21    0.1947332533E-06    0.1070556375E+25    0.8226980460E-11    0.4139315432E+04    0.2683682429E-10
