    0.8450000000E+00    0.4143038610E-23    0.2860772210E-24    0.1992691735E-07    0.0000000000E+00    0.0000000000E+00    0.0000000000E+00    0.0000000000E+00
    0.8450000000E+00    0.4439345853E-23    0.3065372650E-24    0.2039107488E-07    0.0000000000E+00    0.0000000000E+00    0.0000000000E+00    0.0000000000E+00
    0.8450000000E+00    0.4756844785E-23    0.3284605973E-24    0.2086604403E-07    0.0000000000E+00    0.0000000000E+00    0.0000000000E+00    0.0000000000E+00
    0.8450000000E+00    0.5097051019E-23    0.3519518710E-24    0.2135207663E-07    0.0000000000E+00    0.0000000000E+00    0.0000000000E+00    0.0000000000E+00
    0.8450000000E+00    0.5461588566E-23    0.3771232243E-24    0.2184943039E-07    0.0000000000E+00    0.0000000000E+00    0.0000000000E+00    0.0000000000E+00
    0.8450000000E+00    0.5852197586E-23    0.4040948153E-24    0.2235836900E-07    0.0000000000E+00    0.0000000000E+00    0.0000000000E+00    0.0000000000E+00
    0.8450000000E+00    0.6270742692E-23    0.4329953957E-24    0.2287916232E-07    0.0000000000E+00    0.0000000000E+00    0.0000000000E+00    0.0000000000E+00
    0.8450000000E+00    0.6719221852E-23    0.4639629256E-24    0.2341208647E-07    0.0000000000E+00    0.0000000000E+00    0.0000000000E+00    0.0000000000E+00
    0.8450000000E+00    0.7199775931E-23    0.4971452317E-24    0.2395742402E-07    0.0000000000E+00    0.0000000000E+00    0.0000000000E+00    0.0000000000E+00
    0.8450000000E+00    0.7714698903E-23    0.5327007132E-24    0.2451546411E-07    0.0000000000E+00    0.0000000000E+00    0.0000000000E+00    0.0000000000E+00
    0.8450000000E+00    0.8266448809E-23    0.5707990981E-24    0.2508650263E-07    0.0000000000E+00    0.0000000000E+00    0.0000000000E+00    0.0000000000E+00
    0.8450000000E+00    0.8857659485E-23    0.6116222531E-24    0.2567084234E-07    0.0000000000E+00    0.0000000000E+00    0.0000000000E+00    0.0000000000E+00
    0.8450000000E+00    0.9491153137E-23    0.6553650517E-24    0.2626879307E-07    0.0000000000E+00    0.0000000000E+00    0.0000000000E+00    0.0000000000E+00
    0.8450000000E+00    0.1016995382E-22    0.7022363048E-24    0.2688067187E-07    0.0000000000E+00    0.0000000000E+00    0.0000000000E+00    0.0000000000E+00
    0.8450000000E+00    0.1089730185E-22    0.7524597575E-24    0.2750680315E-07    0.0000000000E+00    0.0000000000E+00    0.0000000000E+00    0.0000000000E+00
    0.8450000000E+00    0.1167666930E-22    0.8062751566E-24    0.2814751890E-07    0.0000000000E+00    0.0000000000E+00    0.0000000000E+00    0.0000000000E+00
    0.8450000000E+00    0.1251177658E-22    0.8639393956E-24    0.2880315884E-07    0.0000000000E+00    0.0000000000E+00    0.0000000000E+00    0.0000000000E+00
    0.8450000000E+00    0.1340661015E-22    0.9257277409E-24    0.2947407060E-07    0.0000000000E+00    0.0000000000E+00    0.0000000000E+00    0.0000000000E+00
    0.8450000000E+00    0.1436544159E-22    0.9919351458E-24    0.3016060990E-07    0.0000000000E+00    0.0000000000E+00    0.0000000000E+00    0.0000000000E+00
    0.8450000000E+00    0.1539284799E-22    0.1062877658E-23    0.3086314075E-07    0.0000000000E+00    0.0000000000E+00    0.0000000000E+00    0.0000000000E+00
    0.8450000000E+00    0.1649373379E-22    0.1138893930E-23    0.3158203565E-07    0.0000000000E+00    0.0000000000E+00    0.0000000000E+00    0.0000000000E+00
    0.8450000000E+00    0.1767335417E-22    0.1220346833E-23    0.3231767576E-07    0.0000000000E+00    0.0000000000E+00    0.0000000000E+00    0.0000000000E+00
    0.8450000000E+00    0.1893734018E-22    0.1307625190E-23    0.3307045113E-07    0.0000000000E+00    0.0000000000E+00    0.0000000000E+00    0.0000000000E+00
    0.8450000000E+00    0.2029172559E-22    0.1401145635E-23    0.3384076090E-07    0.0000000000E+00    0.0000000000E+00    0.0000000000E+00    0.0000000000E+00
    0.8450000000E+00    0.2174297571E-22    0.1501354598E-23    0.3462901348E-07    0.0000000000E+00    0.0000000000E+00    0.0000000000E+00    0.0000000000E+00
    0.8450000000E+00    0.2329801823E-22    0.1608730435E-23    0.3543562682E-07   -0.1365778933E-15   -0.6324283549E-53   -0.3181994247E-38   -0.1280542837E-54
    0.8450000000E+00    0.2496427630E-22    0.1723785718E-23    0.3626102861E-07    0.0000000000E+00    0.0000000000E+00    0.0000000000E+00    0.0000000000E+00
    0.8450000000E+00    0.2674970400E-22    0.1847069675E-23    0.3710565646E-07    0.2458815070E-15    0.1307244400E-52    0.6577257531E-38    0.3039062055E-54
    0.8450000000E+00    0.2866282424E-22    0.1979170815E-23    0.3796995823E-07   -0.5585095141E-15   -0.3181716642E-52   -0.1600846004E-37   -0.7925821323E-54
    0.8450000000E+00    0.3071276952E-22    0.2120719737E-23    0.3885439218E-07   -0.1230098849E-13   -0.7508806900E-51   -0.3777974243E-36   -0.2004258407E-52
    0.8450000000E+00    0.3290932546E-22    0.2272392139E-23    0.3975942724E-07   -0.5823064458E-13   -0.3808750475E-50   -0.1916331234E-35   -0.1089344636E-51
    0.8450000000E+00    0.3526297755E-22    0.2434912046E-23    0.4068554327E-07    0.1096497203E-12    0.7684904098E-50    0.3866575626E-35    0.2355164412E-51
    0.8450000000E+00    0.3778496121E-22    0.2609055264E-23    0.4163323131E-07    0.7342097985E-11    0.5513801155E-48    0.2774208875E-33    0.1810647369E-49
    0.8450000000E+00    0.4048731538E-22    0.2795653084E-23    0.4260299385E-07   -0.4630476061E-11   -0.3726117683E-48   -0.1874755446E-33   -0.1311110650E-49
    0.8450000000E+00    0.4338294005E-22    0.2995596250E-23    0.4359534505E-07   -0.2162061442E-08   -0.1864227695E-45   -0.9379658193E-31   -0.7028808864E-47
    0.8450000000E+00    0.4648565778E-22    0.3209839213E-23    0.4461081109E-07   -0.1752635742E-08   -0.1619282372E-45   -0.8147242533E-31   -0.6541922066E-47
    0.8450000000E+00    0.4981027973E-22    0.3439404683E-23    0.4564993037E-07    0.3684297982E-06    0.3647419134E-43    0.1835159131E-28    0.1578950263E-44
    0.8450000000E+00    0.5337267633E-22    0.3685388516E-23    0.4671325384E-07    0.5699870808E-06    0.6046386934E-43    0.3042173597E-28    0.2804650270E-44
    0.8450000000E+00    0.5718985306E-22    0.3948964943E-23    0.4780134531E-07   -0.3615266080E-04   -0.4109331624E-41   -0.2067565359E-26   -0.2042461921E-42
    0.8450000000E+00    0.6128003161E-22    0.4231392172E-23    0.4891478167E-07   -0.4730492342E-02   -0.5761522572E-39   -0.2898847202E-24   -0.3068457028E-40
    0.8450000000E+00    0.6566273690E-22    0.4534018400E-23    0.5005415331E-07   -0.1413900185E+00   -0.1845226467E-37   -0.9284055588E-23   -0.1053009898E-38
    0.8450000000E+00    0.7035889022E-22    0.4858288246E-23    0.5122006431E-07   -0.1230838713E-03   -0.1721202908E-40   -0.8660044586E-26   -0.1052482417E-41
    0.8450000000E+00    0.7539090917E-22    0.5205749646E-23    0.5241313287E-07    0.2152883673E+02    0.3225904364E-35    0.1623078574E-20    0.2113655802E-36
    0.8450000000E+00    0.8078281461E-22    0.5578061244E-23    0.5363399157E-07    0.1010252990E+04    0.1622038165E-33    0.8161108001E-19    0.1138790529E-34
    0.8450000000E+00    0.8656034539E-22    0.5977000309E-23    0.5488328773E-07    0.1095767516E+04    0.1885164903E-33    0.9485001467E-19    0.1418182505E-34
    0.8450000000E+00    0.9275108115E-22    0.6404471218E-23    0.5616168372E-07   -0.4319789055E+05   -0.7963307086E-32   -0.4006651052E-17   -0.6419131042E-33
    0.8450000000E+00    0.9938457404E-22    0.6862514550E-23    0.5746985739E-07   -0.2398946248E+07   -0.4738615176E-30   -0.2384182510E-15   -0.4092929075E-31
    0.8450000000E+00    0.1064924897E-21    0.7353316823E-23    0.5880850233E-07   -0.1100002974E+09   -0.2328224115E-28   -0.1171420554E-13   -0.2154802949E-29
    0.8450000000E+00    0.1141087586E-21    0.7879220933E-23    0.6017832832E-07   -0.4538586876E+10   -0.1029322762E-26   -0.5178925142E-12   -0.1020785177E-27
    0.8450000000E+00    0.1222697377E-21    0.8442737340E-23    0.6158006166E-07   -0.6824617750E+11   -0.1658476245E-25   -0.8344442225E-11   -0.1762349474E-26
    0.8450000000E+00    0.1310143844E-21    0.9046556049E-23    0.6301444556E-07   -0.4583323355E+11   -0.1193469767E-25   -0.6004812880E-11   -0.1358920968E-26
    0.8450000000E+00    0.1403844422E-21    0.9693559452E-23    0.6448224056E-07    0.2049709364E+13    0.5719040986E-24    0.2877473056E-09    0.6977598677E-25
    0.8450000000E+00    0.1504246400E-21    0.1038683609E-22    0.6598422489E-07    0.6116926034E+14    0.1828791325E-22    0.9201363963E-08    0.2390820279E-23
    0.8450000000E+00    0.1611829057E-21    0.1112969539E-22    0.6752119493E-07    0.1501264223E+16    0.4809368548E-21    0.2419781297E-06    0.6737066542E-22
    0.8450000000E+00    0.1727105951E-21    0.1192568347E-22    0.6909396560E-07    0.3334724318E+17    0.1144697833E-19    0.5759422216E-05    0.1718199698E-20
    0.8450000000E+00    0.1850627369E-21    0.1277860007E-22    0.7070337081E-07    0.1300001150E+18    0.4781615607E-19    0.2405817708E-04    0.7690550678E-20
    0.8450000000E+00    0.1982982953E-21    0.1369251667E-22    0.7235026388E-07   -0.2812069056E+17   -0.1108298908E-19   -0.5576284999E-05   -0.1910027778E-20
    0.8450000000E+00    0.2124804516E-21    0.1467179595E-22    0.7403551802E-07   -0.3902332756E+19   -0.1647992471E-17   -0.8291694263E-03   -0.3043252597E-18
    0.8450000000E+00    0.2276769058E-21    0.1572111260E-22    0.7576002677E-07   -0.6519336066E+20   -0.2950083394E-16   -0.1484302264E-01   -0.5837367973E-17
    0.8450000000E+00    0.2439602000E-21    0.1684547565E-22    0.7752470448E-07   -0.9175890138E+21   -0.4449171320E-15   -0.2238551993E+00   -0.9433262224E-16
    0.8450000000E+00    0.2614080640E-21    0.1805025236E-22    0.7933048683E-07   -0.1175951794E+23   -0.6109707836E-14   -0.3074032818E+01   -0.1388043961E-14
    0.8450000000E+00    0.2801037871E-21    0.1934119387E-22    0.8117833125E-07   -0.1388405047E+24   -0.7729423578E-13   -0.3888975117E+02   -0.1881611183E-13
    0.8450000000E+00    0.3001366153E-21    0.2072446262E-22    0.8306921749E-07   -0.1251951773E+25   -0.7468244427E-12   -0.3757565677E+03   -0.1948055391E-12
    0.8450000000E+00    0.3216021775E-21    0.2220666179E-22    0.8500414813E-07   -0.2124821338E+25   -0.1358167529E-11   -0.6833471694E+03   -0.3796086684E-12
    0.8450000000E+00    0.3446029418E-21    0.2379486681E-22    0.8698414910E-07    0.2193850670E+24    0.1502581325E-12    0.7560073948E+02    0.4500085495E-13
    0.8450000000E+00    0.3692487048E-21    0.2549665916E-22    0.8901027021E-07    0.2962243337E+26    0.2173960531E-10    0.1093804515E+05    0.6976449151E-11
    0.8450000000E+00    0.3956571157E-21    0.2732016250E-22    0.9108358575E-07    0.2821277200E+27    0.2218588120E-09    0.1116258399E+06    0.7628856767E-10
    0.8450000000E+00    0.4239542377E-21    0.2927408154E-22    0.9320519501E-07    0.2174882857E+28    0.1832596252E-08    0.9220508039E+06    0.6752266457E-09
    0.8450000000E+00    0.4542751502E-21    0.3136774352E-22    0.9537622289E-07    0.1516651987E+29    0.1369357555E-07    0.6889773092E+07    0.5406293762E-08
    0.8450000000E+00    0.4867645933E-21    0.3361114274E-22    0.9759782052E-07    0.9778634211E+29    0.9460391837E-07    0.4759892905E+08    0.4002136553E-07
    0.8450000000E+00    0.5215776589E-21    0.3601498832E-22    0.9987116580E-07    0.5864835372E+30    0.6079764395E-06    0.3058967103E+09    0.2755938537E-06
    0.8450000000E+00    0.5588805307E-21    0.3859075526E-22    0.1021974641E-06    0.3280280659E+31    0.3643694249E-05    0.1833284996E+10    0.1769802096E-05
    0.8450000000E+00    0.5988512779E-21    0.4135073927E-22    0.1045779488E-06    0.1713530037E+32    0.2039495003E-04    0.1026149652E+11    0.1061464377E-04
    0.8450000000E+00    0.6416807053E-21    0.4430811541E-22    0.1070138822E-06    0.8367899195E+32    0.1067203802E-03    0.5369519457E+11    0.5951550756E-04
    0.8450000000E+00    0.6875732635E-21    0.4747700104E-22    0.1095065557E-06    0.3821781790E+33    0.5222720812E-03    0.2627754978E+12    0.3120898099E-03
    0.8450000000E+00    0.7367480256E-21    0.5087252317E-22    0.1120572911E-06    0.1632022924E+34    0.2389775908E-02    0.1202389667E+13    0.1530170964E-02
    0.8450000000E+00    0.7894397325E-21    0.5451089068E-22    0.1146674407E-06    0.6509468081E+34    0.1021354309E-01    0.5138832741E+13    0.7007437028E-02
    0.8450000000E+00    0.8458999137E-21    0.5840947171E-22    0.1173383885E-06    0.2137369804E+35    0.3593441619E-01    0.1808000933E+14    0.2641760070E-01
    0.8450000000E+00    0.9063980879E-21    0.6258687655E-22    0.1200715507E-06    0.4305248218E+35    0.7755844971E-01    0.3902268753E+14    0.6109587620E-01
    0.8450000000E+00    0.9712230494E-21    0.6706304648E-22    0.1228683764E-06    0.6176262552E+35    0.1192220742E+00    0.5998528550E+14    0.1006327756E+00
    0.8450000000E+00    0.1040684247E-20    0.7185934897E-22    0.1257303485E-06    0.6895861323E+35    0.1426328116E+00    0.7176414249E+14    0.1290037162E+00
    0.8450000000E+00    0.1115113261E-20    0.7699867968E-22    0.1286589846E-06    0.6858709589E+35    0.1520104128E+00    0.7648238019E+14    0.1473181025E+00
    0.8450000000E+00    0.1194865387E-20    0.8250557175E-22    0.1316558373E-06    0.6456966615E+35    0.1533414144E+00    0.7715205914E+14    0.1592363605E+00
    0.8450000000E+00    0.1280321329E-20    0.8840631292E-22    0.1347224957E-06    0.5073614009E+35    0.1291065713E+00    0.6495856233E+14    0.1436584333E+00
    0.8450000000E+00    0.1371889021E-20    0.9472907100E-22    0.1378605858E-06    0.3244650068E+35    0.8847056267E-01    0.4451299807E+14    0.1054827801E+00
    0.8450000000E+00    0.1470005571E-20    0.1015040283E-21    0.1410717713E-06    0.1733455623E+35    0.5064582522E-01    0.2548189423E+14    0.6470329982E-01
    0.8450000000E+00    0.1575139348E-20    0.1087635259E-21    0.1443577550E-06    0.7785898462E+34    0.2437472135E-01    0.1226387503E+14    0.3336740537E-01
    0.8450000000E+00    0.1687792220E-20    0.1165422177E-21    0.1477202791E-06    0.2919265591E+34    0.9792746949E-02    0.4927113752E+13    0.1436439404E-01
    0.8450000000E+00    0.1808501947E-20    0.1248772362E-21    0.1511611264E-06    0.8801077055E+33    0.3163492049E-02    0.1591676499E+13    0.4972210716E-02
    0.8450000000E+00    0.1937844750E-20    0.1338083694E-21    0.1546821213E-06    0.1257344268E+33    0.4842672842E-03    0.2436537989E+12    0.8155825183E-03
    0.8450000000E+00    0.2076438060E-20    0.1433782510E-21    0.1582851308E-06    0.9347052802E+30    0.3857497204E-05    0.1940857619E+10    0.6961268707E-05
    0.8450000000E+00    0.2224943467E-20    0.1536325639E-21    0.1619720651E-06    0.2274448037E+30    0.1005789142E-05    0.5060518301E+09    0.1944866166E-05
    0.8450000000E+00    0.2384069878E-20    0.1646202581E-21    0.1657448792E-06    0.5291828807E+29    0.2507475568E-06    0.1261608966E+09    0.5195405957E-06
    0.8450000000E+00    0.2554576900E-20    0.1763937846E-21    0.1696055734E-06    0.8052956790E+28    0.4088709852E-07    0.2057189739E+08    0.9077558799E-07
    0.8450000000E+00    0.2737278465E-20    0.1890093455E-21    0.1735561947E-06    0.1490914889E+28    0.8111175081E-08    0.4081049219E+07    0.1929596727E-07
    0.8450000000E+00    0.2933046719E-20    0.2025271626E-21    0.1775988378E-06    0.3655473614E+27    0.2130956465E-08    0.1072167489E+07    0.5431969907E-08
    0.8450000000E+00    0.3142816182E-20    0.2170117645E-21    0.1817356462E-06    0.8072216069E+26    0.5042242191E-09    0.2536949129E+06    0.1377230018E-08
    0.8450000000E+00    0.3367588212E-20    0.2325322952E-21    0.1859688132E-06    0.1917570349E+26    0.1283459679E-09    0.6457587303E+05    0.3756340974E-09
    0.8450000000E+00    0.3608435782E-20    0.2491628434E-21    0.1903005833E-06    0.2484101230E+25    0.1781559018E-10    0.8963719764E+04    0.5587055581E-10
    0.8450000000E+00    0.3866508602E-20    0.2669827968E-21    0.1947332533E-06    0.8116025016E+24    0.6236979274E-11    0.3138068053E+04    0.2095834952E-10
