    0.8480000000E+00    0.4143038610E-23    0.2860772210E-24    0.1992691735E-07    0.0000000000E+00    0.0000000000E+00    0.0000000000E+00    0.0000000000E+00
    0.8480000000E+00    0.4439345853E-23    0.3065372650E-24    0.2039107488E-07    0.0000000000E+00    0.0000000000E+00    0.0000000000E+00    0.0000000000E+00
    0.8480000000E+00    0.4756844785E-23    0.3284605973E-24    0.2086604403E-07    0.0000000000E+00    0.0000000000E+00    0.0000000000E+00    0.0000000000E+00
    0.8480000000E+00    0.5097051019E-23    0.3519518710E-24    0.2135207663E-07    0.0000000000E+00    0.0000000000E+00    0.0000000000E+00    0.0000000000E+00
    0.8480000000E+00    0.5461588566E-23    0.3771232243E-24    0.2184943039E-07    0.0000000000E+00    0.0000000000E+00    0.0000000000E+00    0.0000000000E+00
    0.8480000000E+00    0.5852197586E-23    0.4040948153E-24    0.2235836900E-07    0.0000000000E+00    0.0000000000E+00    0.0000000000E+00    0.0000000000E+00
    0.8480000000E+00    0.6270742692E-23    0.4329953957E-24    0.2287916232E-07    0.0000000000E+00    0.0000000000E+00    0.0000000000E+00    0.0000000000E+00
    0.8480000000E+00    0.6719221852E-23    0.4639629256E-24    0.2341208647E-07    0.0000000000E+00    0.0000000000E+00    0.0000000000E+00    0.0000000000E+00
    0.8480000000E+00    0.7199775931E-23    0.4971452317E-24    0.2395742402E-07    0.0000000000E+00    0.0000000000E+00    0.0000000000E+00    0.0000000000E+00
    0.8480000000E+00    0.7714698903E-23    0.5327007132E-24    0.2451546411E-07    0.0000000000E+00    0.0000000000E+00    0.0000000000E+00    0.0000000000E+00
    0.8480000000E+00    0.8266448809E-23    0.5707990981E-24    0.2508650263E-07    0.0000000000E+00    0.0000000000E+00    0.0000000000E+00    0.0000000000E+00
    0.8480000000E+00    0.8857659485E-23    0.6116222531E-24    0.2567084234E-07    0.0000000000E+00    0.0000000000E+00    0.0000000000E+00    0.0000000000E+00
    0.8480000000E+00    0.9491153137E-23    0.6553650517E-24    0.2626879307E-07    0.0000000000E+00    0.0000000000E+00    0.0000000000E+00    0.0000000000E+00
    0.8480000000E+00    0.1016995382E-22    0.7022363048E-24    0.2688067187E-07    0.0000000000E+00    0.0000000000E+00    0.0000000000E+00    0.0000000000E+00
    0.8480000000E+00    0.1089730185E-22    0.7524597575E-24    0.2750680315E-07    0.0000000000E+00    0.0000000000E+00    0.0000000000E+00    0.0000000000E+00
    0.8480000000E+00    0.1167666930E-22    0.8062751566E-24    0.2814751890E-07    0.0000000000E+00    0.0000000000E+00    0.0000000000E+00    0.0000000000E+00
    0.8480000000E+00    0.1251177658E-22    0.8639393956E-24    0.2880315884E-07    0.0000000000E+00    0.0000000000E+00    0.0000000000E+00    0.0000000000E+00
    0.8480000000E+00    0.1340661015E-22    0.9257277409E-24    0.2947407060E-07    0.0000000000E+00    0.0000000000E+00    0.0000000000E+00    0.0000000000E+00
    0.8480000000E+00    0.1436544159E-22    0.9919351458E-24    0.3016060990E-07    0.0000000000E+00    0.0000000000E+00    0.0000000000E+00    0.0000000000E+00
    0.8480000000E+00    0.1539284799E-22    0.1062877658E-23    0.3086314075E-07    0.0000000000E+00    0.0000000000E+00    0.0000000000E+00    0.0000000000E+00
    0.8480000000E+00    0.1649373379E-22    0.1138893930E-23    0.3158203565E-07    0.0000000000E+00    0.0000000000E+00    0.0000000000E+00    0.0000000000E+00
    0.8480000000E+00    0.1767335417E-22    0.1220346833E-23    0.3231767576E-07    0.0000000000E+00    0.0000000000E+00    0.0000000000E+00    0.0000000000E+00
    0.8480000000E+00    0.1893734018E-22    0.1307625190E-23    0.3307045113E-07    0.0000000000E+00    0.0000000000E+00    0.0000000000E+00    0.0000000000E+00
    0.8480000000E+00    0.2029172559E-22    0.1401145635E-23    0.3384076090E-07    0.0000000000E+00    0.0000000000E+00    0.0000000000E+00    0.0000000000E+00
    0.8480000000E+00    0.2174297571E-22    0.1501354598E-23    0.3462901348E-07    0.0000000000E+00    0.0000000000E+00    0.0000000000E+00    0.0000000000E+00
    0.8480000000E+00    0.2329801823E-22    0.1608730435E-23    0.3543562682E-07   -0.1171810821E-15   -0.5426107928E-53   -0.2730086985E-38   -0.1092975266E-54
    0.8480000000E+00    0.2496427630E-22    0.1723785718E-23    0.3626102861E-07    0.0000000000E+00    0.0000000000E+00    0.0000000000E+00    0.0000000000E+00
    0.8480000000E+00    0.2674970400E-22    0.1847069675E-23    0.3710565646E-07    0.1422670547E-15    0.7563716882E-53    0.3805601601E-38    0.1749271298E-54
    0.8480000000E+00    0.2866282424E-22    0.1979170815E-23    0.3796995823E-07   -0.3492536238E-15   -0.1989627820E-52   -0.1001059523E-37   -0.4930531647E-54
    0.8480000000E+00    0.3071276952E-22    0.2120719737E-23    0.3885439218E-07   -0.7205865578E-14   -0.4398626438E-51   -0.2213120887E-36   -0.1167989628E-52
    0.8480000000E+00    0.3290932546E-22    0.2272392139E-23    0.3975942724E-07   -0.4850305841E-13   -0.3172488440E-50   -0.1596202935E-35   -0.9026553367E-52
    0.8480000000E+00    0.3526297755E-22    0.2434912046E-23    0.4068554327E-07    0.4282256327E-13    0.3001259748E-50    0.1510051087E-35    0.9150092607E-52
    0.8480000000E+00    0.3778496121E-22    0.2609055264E-23    0.4163323131E-07    0.5699789506E-11    0.4280453084E-48    0.2153663254E-33    0.1398336350E-49
    0.8480000000E+00    0.4048731538E-22    0.2795653084E-23    0.4260299385E-07   -0.2753678443E-12   -0.2215869341E-49   -0.1114890476E-34   -0.7756504602E-51
    0.8480000000E+00    0.4338294005E-22    0.2995596250E-23    0.4359534505E-07   -0.1684769062E-08   -0.1452684500E-45   -0.7309023522E-31   -0.5448703914E-47
    0.8480000000E+00    0.4648565778E-22    0.3209839213E-23    0.4461081109E-07   -0.1798939356E-08   -0.1662062868E-45   -0.8362487926E-31   -0.6679890646E-47
    0.8480000000E+00    0.4981027973E-22    0.3439404683E-23    0.4564993037E-07    0.2621692764E-06    0.2595450314E-43    0.1305872499E-28    0.1117724126E-44
    0.8480000000E+00    0.5337267633E-22    0.3685388516E-23    0.4671325384E-07    0.5401494513E-06    0.5729871245E-43    0.2882922183E-28    0.2644032378E-44
    0.8480000000E+00    0.5718985306E-22    0.3948964943E-23    0.4780134531E-07   -0.2281164590E-04   -0.2592910614E-41   -0.1304594677E-26   -0.1282063250E-42
    0.8480000000E+00    0.6128003161E-22    0.4231392172E-23    0.4891478167E-07   -0.3058088990E-02   -0.3724612042E-39   -0.1873997900E-24   -0.1973344679E-40
    0.8480000000E+00    0.6566273690E-22    0.4534018400E-23    0.5005415331E-07   -0.1154137672E+00   -0.1506220454E-37   -0.7578383832E-23   -0.8550872816E-39
    0.8480000000E+00    0.7035889022E-22    0.4858288246E-23    0.5122006431E-07   -0.4275246524E-01   -0.5978497975E-38   -0.3008016009E-23   -0.3636754563E-39
    0.8480000000E+00    0.7539090917E-22    0.5205749646E-23    0.5241313287E-07    0.1429055589E+02    0.2141312473E-35    0.1077378001E-20    0.1395731733E-36
    0.8480000000E+00    0.8078281461E-22    0.5578061244E-23    0.5363399157E-07    0.8007970029E+03    0.1285740615E-33    0.6469063583E-19    0.8979977922E-35
    0.8480000000E+00    0.8656034539E-22    0.5977000309E-23    0.5488328773E-07    0.1084431774E+04    0.1865662826E-33    0.9386878895E-19    0.1396223888E-34
    0.8480000000E+00    0.9275108115E-22    0.6404471218E-23    0.5616168372E-07   -0.2915382598E+05   -0.5374356620E-32   -0.2704048879E-17   -0.4309713368E-33
    0.8480000000E+00    0.9938457404E-22    0.6862514550E-23    0.5746985739E-07   -0.1668998901E+07   -0.3296757285E-30   -0.1658727448E-15   -0.2832754124E-31
    0.8480000000E+00    0.1064924897E-21    0.7353316823E-23    0.5880850233E-07   -0.7734664850E+08   -0.1637089504E-28   -0.8236837170E-14   -0.1507281365E-29
    0.8480000000E+00    0.1141087586E-21    0.7879220933E-23    0.6017832832E-07   -0.3222330002E+10   -0.7308040388E-27   -0.3676960764E-12   -0.7209793811E-28
    0.8480000000E+00    0.1222697377E-21    0.8442737340E-23    0.6158006166E-07   -0.5854575040E+11   -0.1422742486E-25   -0.7158373546E-11   -0.1504001283E-26
    0.8480000000E+00    0.1310143844E-21    0.9046556049E-23    0.6301444556E-07   -0.5037173844E+11   -0.1311649698E-25   -0.6599422304E-11   -0.1485729578E-26
    0.8480000000E+00    0.1403844422E-21    0.9693559452E-23    0.6448224056E-07    0.1462276254E+13    0.4080001769E-24    0.2052808362E-09    0.4952018486E-25
    0.8480000000E+00    0.1504246400E-21    0.1038683609E-22    0.6598422489E-07    0.4502840619E+14    0.1346224528E-22    0.6773381789E-08    0.1750811558E-23
    0.8480000000E+00    0.1611829057E-21    0.1112969539E-22    0.6752119493E-07    0.1116780309E+16    0.3577656757E-21    0.1800058952E-06    0.4985636115E-22
    0.8480000000E+00    0.1727105951E-21    0.1192568347E-22    0.6909396560E-07    0.2503070545E+17    0.8592192799E-20    0.4323068034E-05    0.1282997823E-20
    0.8480000000E+00    0.1850627369E-21    0.1277860007E-22    0.7070337081E-07    0.1194476326E+18    0.4393478146E-19    0.2210530580E-04    0.7029596164E-20
    0.8480000000E+00    0.1982982953E-21    0.1369251667E-22    0.7235026388E-07    0.9849086468E+16    0.3881743855E-20    0.1953057056E-05    0.6655011037E-21
    0.8480000000E+00    0.2124804516E-21    0.1467179595E-22    0.7403551802E-07   -0.2952236962E+19   -0.1246757924E-17   -0.6272926428E-03   -0.2290361544E-18
    0.8480000000E+00    0.2276769058E-21    0.1572111260E-22    0.7576002677E-07   -0.5056719329E+20   -0.2288230515E-16   -0.1151298211E-01   -0.4504241615E-17
    0.8480000000E+00    0.2439602000E-21    0.1684547565E-22    0.7752470448E-07   -0.7190334433E+21   -0.3486422490E-15   -0.1754155426E+00   -0.7353632471E-16
    0.8480000000E+00    0.2614080640E-21    0.1805025236E-22    0.7933048683E-07   -0.9293271723E+22   -0.4828359067E-14   -0.2429336169E+01   -0.1091242986E-14
    0.8480000000E+00    0.2801037871E-21    0.1934119387E-22    0.8117833125E-07   -0.1106154804E+24   -0.6158101373E-13   -0.3098381498E+02   -0.1491312781E-13
    0.8480000000E+00    0.3001366153E-21    0.2072446262E-22    0.8306921749E-07   -0.1073460889E+25   -0.6403496104E-12   -0.3221849179E+03   -0.1661648101E-12
    0.8480000000E+00    0.3216021775E-21    0.2220666179E-22    0.8500414813E-07   -0.2060967210E+25   -0.1317352519E-11   -0.6628115425E+03   -0.3662890299E-12
    0.8480000000E+00    0.3446029418E-21    0.2379486681E-22    0.8698414910E-07   -0.2637849041E+24   -0.1806678440E-12   -0.9090105397E+02   -0.5382732131E-13
    0.8480000000E+00    0.3692487048E-21    0.2549665916E-22    0.8901027021E-07    0.2364153080E+26    0.1735028119E-10    0.8729604628E+04    0.5538962484E-11
    0.8480000000E+00    0.3956571157E-21    0.2732016250E-22    0.9108358575E-07    0.2324383288E+27    0.1827842067E-09    0.9196587874E+05    0.6252598960E-10
    0.8480000000E+00    0.4239542377E-21    0.2927408154E-22    0.9320519501E-07    0.1812783317E+28    0.1527484527E-08    0.7685371691E+06    0.5598848622E-09
    0.8480000000E+00    0.4542751502E-21    0.3136774352E-22    0.9537622289E-07    0.1274714900E+29    0.1150916950E-07    0.5790713027E+07    0.4520285775E-08
    0.8480000000E+00    0.4867645933E-21    0.3361114274E-22    0.9759782052E-07    0.8280841596E+29    0.8011344381E-07    0.4030820492E+08    0.3371532162E-07
    0.8480000000E+00    0.5215776589E-21    0.3601498832E-22    0.9987116580E-07    0.5002626785E+30    0.5185958391E-06    0.2609258367E+09    0.2338573014E-06
    0.8480000000E+00    0.5588805307E-21    0.3859075526E-22    0.1021974641E-06    0.2817928068E+31    0.3130118842E-05    0.1574885134E+10    0.1512455943E-05
    0.8480000000E+00    0.5988512779E-21    0.4135073927E-22    0.1045779488E-06    0.1482291370E+32    0.1764267785E-04    0.8876720814E+10    0.9134534282E-05
    0.8480000000E+00    0.6416807053E-21    0.4430811541E-22    0.1070138822E-06    0.7288474662E+32    0.9295389066E-04    0.4676873562E+11    0.5156909123E-04
    0.8480000000E+00    0.6875732635E-21    0.4747700104E-22    0.1095065557E-06    0.3351437121E+33    0.4579963318E-03    0.2304358559E+12    0.2722600410E-03
    0.8480000000E+00    0.7367480256E-21    0.5087252317E-22    0.1120572911E-06    0.1440850344E+34    0.2109841344E-02    0.1061543646E+13    0.1343914700E-02
    0.8480000000E+00    0.7894397325E-21    0.5451089068E-22    0.1146674407E-06    0.5785861798E+34    0.9078183974E-02    0.4567589190E+13    0.6196135201E-02
    0.8480000000E+00    0.8458999137E-21    0.5840947171E-22    0.1173383885E-06    0.1965973437E+35    0.3305282388E-01    0.1663016761E+14    0.2417299573E-01
    0.8480000000E+00    0.9063980879E-21    0.6258687655E-22    0.1200715507E-06    0.4109592455E+35    0.7403373828E-01    0.3724926743E+14    0.5801650801E-01
    0.8480000000E+00    0.9712230494E-21    0.6706304648E-22    0.1228683764E-06    0.6036266690E+35    0.1165196961E+00    0.5862561341E+14    0.9784108250E-01
    0.8480000000E+00    0.1040684247E-20    0.7185934897E-22    0.1257303485E-06    0.6857220041E+35    0.1418335619E+00    0.7136200876E+14    0.1276147622E+00
    0.8480000000E+00    0.1115113261E-20    0.7699867968E-22    0.1286589846E-06    0.6840056936E+35    0.1515970117E+00    0.7627438198E+14    0.1461546195E+00
    0.8480000000E+00    0.1194865387E-20    0.8250557175E-22    0.1316558373E-06    0.6489995555E+35    0.1541257927E+00    0.7754671051E+14    0.1592198569E+00
    0.8480000000E+00    0.1280321329E-20    0.8840631292E-22    0.1347224957E-06    0.5188047438E+35    0.1320185208E+00    0.6642367793E+14    0.1461358494E+00
    0.8480000000E+00    0.1371889021E-20    0.9472907100E-22    0.1378605858E-06    0.3362344780E+35    0.9167969684E-01    0.4612763890E+14    0.1087414387E+00
    0.8480000000E+00    0.1470005571E-20    0.1015040283E-21    0.1410717713E-06    0.1817244143E+35    0.5309384794E-01    0.2671359014E+14    0.6747860684E-01
    0.8480000000E+00    0.1575139348E-20    0.1087635259E-21    0.1443577550E-06    0.8248163060E+34    0.2582189804E-01    0.1299200619E+14    0.3516495515E-01
    0.8480000000E+00    0.1687792220E-20    0.1165422177E-21    0.1477202791E-06    0.3122988539E+34    0.1047614050E-01    0.5270955760E+13    0.1528703361E-01
    0.8480000000E+00    0.1808501947E-20    0.1248772362E-21    0.1511611264E-06    0.9531117628E+33    0.3425900562E-02    0.1723704479E+13    0.5356691793E-02
    0.8480000000E+00    0.1937844750E-20    0.1338083694E-21    0.1546821213E-06    0.1442578740E+33    0.5556105090E-03    0.2795493638E+12    0.9308771232E-03
    0.8480000000E+00    0.2076438060E-20    0.1433782510E-21    0.1582851308E-06    0.9770302799E+30    0.4032171052E-05    0.2028742859E+10    0.7238704586E-05
    0.8480000000E+00    0.2224943467E-20    0.1536325639E-21    0.1619720651E-06    0.2376218025E+30    0.1050793094E-05    0.5286950772E+09    0.2021338815E-05
    0.8480000000E+00    0.2384069878E-20    0.1646202581E-21    0.1657448792E-06    0.5543293566E+29    0.2626629411E-06    0.1321559922E+09    0.5414030633E-06
    0.8480000000E+00    0.2554576900E-20    0.1763937846E-21    0.1696055734E-06    0.8467675920E+28    0.4299274274E-07    0.2163132930E+08    0.9495482942E-07
    0.8480000000E+00    0.2737278465E-20    0.1890093455E-21    0.1735561947E-06    0.1551443179E+28    0.8440473259E-08    0.4246732003E+07    0.1997508813E-07
    0.8480000000E+00    0.2933046719E-20    0.2025271626E-21    0.1775988378E-06    0.3803688713E+27    0.2217358381E-08    0.1115639670E+07    0.5622866826E-08
    0.8480000000E+00    0.3142816182E-20    0.2170117645E-21    0.1817356462E-06    0.8398435038E+26    0.5246012139E-09    0.2639473754E+06    0.1425447403E-08
    0.8480000000E+00    0.3367588212E-20    0.2325322952E-21    0.1859688132E-06    0.1996585130E+26    0.1336345502E-09    0.6723676548E+05    0.3890815721E-09
    0.8480000000E+00    0.3608435782E-20    0.2491628434E-21    0.1903005833E-06    0.2607506885E+25    0.1870063647E-10    0.9409021146E+04    0.5834159441E-10
    0.8480000000E+00    0.3866508602E-20    0.2669827968E-21    0.1947332533E-06    0.8518208886E+24    0.6546048364E-11    0.3293572793E+04    0.2188271054E-10
