    0.8280000000E+00    0.4143038610E-23    0.2860772210E-24    0.1992691735E-07    0.0000000000E+00    0.0000000000E+00    0.0000000000E+00    0.0000000000E+00
    0.8280000000E+00    0.4439345853E-23    0.3065372650E-24    0.2039107488E-07    0.0000000000E+00    0.0000000000E+00    0.0000000000E+00    0.0000000000E+00
    0.8280000000E+00    0.4756844785E-23    0.3284605973E-24    0.2086604403E-07    0.0000000000E+00    0.0000000000E+00    0.0000000000E+00    0.0000000000E+00
    0.8280000000E+00    0.5097051019E-23    0.3519518710E-24    0.2135207663E-07    0.0000000000E+00    0.0000000000E+00    0.0000000000E+00    0.0000000000E+00
    0.8280000000E+00    0.5461588566E-23    0.3771232243E-24    0.2184943039E-07    0.0000000000E+00    0.0000000000E+00    0.0000000000E+00    0.0000000000E+00
    0.8280000000E+00    0.5852197586E-23    0.4040948153E-24    0.2235836900E-07    0.0000000000E+00    0.0000000000E+00    0.0000000000E+00    0.0000000000E+00
    0.8280000000E+00    0.6270742692E-23    0.4329953957E-24    0.2287916232E-07    0.0000000000E+00    0.0000000000E+00    0.0000000000E+00    0.0000000000E+00
    0.8280000000E+00    0.6719221852E-23    0.4639629256E-24    0.2341208647E-07    0.0000000000E+00    0.0000000000E+00    0.0000000000E+00    0.0000000000E+00
    0.8280000000E+00    0.7199775931E-23    0.4971452317E-24    0.2395742402E-07    0.0000000000E+00    0.0000000000E+00    0.0000000000E+00    0.0000000000E+00
    0.8280000000E+00    0.7714698903E-23    0.5327007132E-24    0.2451546411E-07    0.0000000000E+00    0.0000000000E+00    0.0000000000E+00    0.0000000000E+00
    0.8280000000E+00    0.8266448809E-23    0.5707990981E-24    0.2508650263E-07    0.0000000000E+00    0.0000000000E+00    0.0000000000E+00    0.0000000000E+00
    0.8280000000E+00    0.8857659485E-23    0.6116222531E-24    0.2567084234E-07    0.0000000000E+00    0.0000000000E+00    0.0000000000E+00    0.0000000000E+00
    0.8280000000E+00    0.9491153137E-23    0.6553650517E-24    0.2626879307E-07    0.0000000000E+00    0.0000000000E+00    0.0000000000E+00    0.0000000000E+00
    0.8280000000E+00    0.1016995382E-22    0.7022363048E-24    0.2688067187E-07    0.0000000000E+00    0.0000000000E+00    0.0000000000E+00    0.0000000000E+00
    0.8280000000E+00    0.1089730185E-22    0.7524597575E-24    0.2750680315E-07    0.0000000000E+00    0.0000000000E+00    0.0000000000E+00    0.0000000000E+00
    0.8280000000E+00    0.1167666930E-22    0.8062751566E-24    0.2814751890E-07    0.0000000000E+00    0.0000000000E+00    0.0000000000E+00    0.0000000000E+00
    0.8280000000E+00    0.1251177658E-22    0.8639393956E-24    0.2880315884E-07    0.0000000000E+00    0.0000000000E+00    0.0000000000E+00    0.0000000000E+00
    0.8280000000E+00    0.1340661015E-22    0.9257277409E-24    0.2947407060E-07    0.0000000000E+00    0.0000000000E+00    0.0000000000E+00    0.0000000000E+00
    0.8280000000E+00    0.1436544159E-22    0.9919351458E-24    0.3016060990E-07    0.0000000000E+00    0.0000000000E+00    0.0000000000E+00    0.0000000000E+00
    0.8280000000E+00    0.1539284799E-22    0.1062877658E-23    0.3086314075E-07    0.0000000000E+00    0.0000000000E+00    0.0000000000E+00    0.0000000000E+00
    0.8280000000E+00    0.1649373379E-22    0.1138893930E-23    0.3158203565E-07    0.0000000000E+00    0.0000000000E+00    0.0000000000E+00    0.0000000000E+00
    0.8280000000E+00    0.1767335417E-22    0.1220346833E-23    0.3231767576E-07    0.0000000000E+00    0.0000000000E+00    0.0000000000E+00    0.0000000000E+00
    0.8280000000E+00    0.1893734018E-22    0.1307625190E-23    0.3307045113E-07    0.0000000000E+00    0.0000000000E+00    0.0000000000E+00    0.0000000000E+00
    0.8280000000E+00    0.2029172559E-22    0.1401145635E-23    0.3384076090E-07   -0.1779051726E-15   -0.7174960250E-53   -0.3610002944E-38   -0.1306022124E-54
    0.8280000000E+00    0.2174297571E-22    0.1501354598E-23    0.3462901348E-07   -0.2337770390E-15   -0.1010259115E-52   -0.5083008480E-38   -0.1970442709E-54
    0.8280000000E+00    0.2329801823E-22    0.1608730435E-23    0.3543562682E-07    0.0000000000E+00    0.0000000000E+00    0.0000000000E+00    0.0000000000E+00
    0.8280000000E+00    0.2496427630E-22    0.1723785718E-23    0.3626102861E-07    0.1025660694E-14    0.5089025612E-52    0.2560487697E-37    0.1139634718E-53
    0.8280000000E+00    0.2674970400E-22    0.1847069675E-23    0.3710565646E-07    0.3137468686E-15    0.1668054837E-52    0.8392635865E-38    0.4002592328E-54
    0.8280000000E+00    0.2866282424E-22    0.1979170815E-23    0.3796995823E-07   -0.1545621634E-13   -0.8805096334E-51   -0.4430188124E-36   -0.2263941219E-52
    0.8280000000E+00    0.3071276952E-22    0.2120719737E-23    0.3885439218E-07   -0.1110983649E-12   -0.6781700264E-50   -0.3412138475E-35   -0.1868398998E-51
    0.8280000000E+00    0.3290932546E-22    0.2272392139E-23    0.3975942724E-07   -0.7311879811E-13   -0.4782554943E-50   -0.2406290324E-35   -0.1411857947E-51
    0.8280000000E+00    0.3526297755E-22    0.2434912046E-23    0.4068554327E-07    0.4415078180E-11    0.3094349196E-48    0.1556888027E-33    0.9788144156E-50
    0.8280000000E+00    0.3778496121E-22    0.2609055264E-23    0.4163323131E-07    0.2913520227E-10    0.2188008281E-47    0.1100872488E-32    0.7416175458E-49
    0.8280000000E+00    0.4048731538E-22    0.2795653084E-23    0.4260299385E-07   -0.3378874571E-09   -0.2718961100E-46   -0.1368015604E-31   -0.9874930075E-48
    0.8280000000E+00    0.4338294005E-22    0.2995596250E-23    0.4359534505E-07   -0.9257443162E-08   -0.7982188477E-45   -0.4016151017E-30   -0.3106368781E-46
    0.8280000000E+00    0.4648565778E-22    0.3209839213E-23    0.4461081109E-07    0.2838547536E-07    0.2622570039E-44    0.1319517493E-29    0.1093599065E-45
    0.8280000000E+00    0.4981027973E-22    0.3439404683E-23    0.4564993037E-07    0.1635906347E-05    0.1619531358E-42    0.8148495276E-28    0.7236363861E-44
    0.8280000000E+00    0.5337267633E-22    0.3685388516E-23    0.4671325384E-07   -0.1165981190E-05   -0.1236865479E-42   -0.6223153668E-28   -0.5921796829E-44
    0.8280000000E+00    0.5718985306E-22    0.3948964943E-23    0.4780134531E-07   -0.5593754385E-03   -0.6358201937E-40   -0.3199059913E-25   -0.3261860261E-41
    0.8280000000E+00    0.6128003161E-22    0.4231392172E-23    0.4891478167E-07   -0.6584893479E-01   -0.8020098051E-38   -0.4035224806E-23   -0.4408701678E-39
    0.8280000000E+00    0.6566273690E-22    0.4534018400E-23    0.5005415331E-07   -0.4287729114E+00   -0.5595749493E-37   -0.2815440287E-22   -0.3296015906E-38
    0.8280000000E+00    0.7035889022E-22    0.4858288246E-23    0.5122006431E-07    0.2418816403E+01    0.3382469031E-36    0.1701852378E-21    0.2134837701E-37
    0.8280000000E+00    0.7539090917E-22    0.5205749646E-23    0.5241313287E-07    0.2504599688E+03    0.3752919475E-34    0.1888240476E-19    0.2538050627E-35
    0.8280000000E+00    0.8078281461E-22    0.5578061244E-23    0.5363399157E-07    0.3066654745E+04    0.4923747896E-33    0.2477330018E-18    0.3568016409E-34
    0.8280000000E+00    0.8656034539E-22    0.5977000309E-23    0.5488328773E-07   -0.2751336061E+04   -0.4733414800E-33   -0.2381565998E-18   -0.3675408362E-34
    0.8280000000E+00    0.9275108115E-22    0.6404471218E-23    0.5616168372E-07   -0.4360874086E+06   -0.8039045210E-31   -0.4044757862E-16   -0.6688604333E-32
    0.8280000000E+00    0.9938457404E-22    0.6862514550E-23    0.5746985739E-07   -0.2137127436E+08   -0.4221447024E-29   -0.2123974999E-14   -0.3763503969E-30
    0.8280000000E+00    0.1064924897E-21    0.7353316823E-23    0.5880850233E-07   -0.9210082891E+09   -0.1949370829E-27   -0.9808046577E-13   -0.1862196463E-28
    0.8280000000E+00    0.1141087586E-21    0.7879220933E-23    0.6017832832E-07   -0.3584189248E+11   -0.8128714242E-26   -0.4089873857E-11   -0.8320566411E-27
    0.8280000000E+00    0.1222697377E-21    0.8442737340E-23    0.6158006166E-07   -0.1498169357E+12   -0.3640758178E-25   -0.1831807743E-10   -0.3993216606E-26
    0.8280000000E+00    0.1310143844E-21    0.9046556049E-23    0.6301444556E-07    0.2607431724E+12    0.6789594996E-25    0.3416110623E-10    0.7979485757E-26
    0.8280000000E+00    0.1403844422E-21    0.9693559452E-23    0.6448224056E-07    0.1470486527E+14    0.4102909839E-23    0.2064334308E-08    0.5166816149E-24
    0.8280000000E+00    0.1504246400E-21    0.1038683609E-22    0.6598422489E-07    0.3863627242E+15    0.1155117447E-21    0.5811847369E-07    0.1558680773E-22
    0.8280000000E+00    0.1611829057E-21    0.1112969539E-22    0.6752119493E-07    0.8932100011E+16    0.2861439059E-20    0.1439701834E-05    0.4137285925E-21
    0.8280000000E+00    0.1727105951E-21    0.1192568347E-22    0.6909396560E-07    0.1314257052E+18    0.4511399009E-19    0.2269861176E-04    0.6989438286E-20
    0.8280000000E+00    0.1850627369E-21    0.1277860007E-22    0.7070337081E-07    0.1711310273E+18    0.6294477440E-19    0.3166997628E-04    0.1044938465E-19
    0.8280000000E+00    0.1982982953E-21    0.1369251667E-22    0.7235026388E-07   -0.8652016033E+18   -0.3409951794E-18   -0.1715680030E-03   -0.6065676916E-19
    0.8280000000E+00    0.2124804516E-21    0.1467179595E-22    0.7403551802E-07   -0.2001704602E+20   -0.8453390111E-17   -0.4253230977E-02   -0.1611246349E-17
    0.8280000000E+00    0.2276769058E-21    0.1572111260E-22    0.7576002677E-07   -0.2996563402E+21   -0.1355983469E-15   -0.6822482835E-01   -0.2769398354E-16
    0.8280000000E+00    0.2439602000E-21    0.1684547565E-22    0.7752470448E-07   -0.3980706508E+22   -0.1930150096E-14   -0.9711339556E+00   -0.4223982570E-15
    0.8280000000E+00    0.2614080640E-21    0.1805025236E-22    0.7933048683E-07   -0.4848932390E+23   -0.2519283560E-13   -0.1267550029E+02   -0.5907559267E-14
    0.8280000000E+00    0.2801037871E-21    0.1934119387E-22    0.8117833125E-07   -0.5450869586E+24   -0.3034566893E-12   -0.1526809214E+03   -0.7624787598E-13
    0.8280000000E+00    0.3001366153E-21    0.2072446262E-22    0.8306921749E-07   -0.2464141544E+25   -0.1469929733E-11   -0.7395791028E+03   -0.3957560925E-12
    0.8280000000E+00    0.3216021775E-21    0.2220666179E-22    0.8500414813E-07   -0.2237886378E+25   -0.1430437729E-11   -0.7197091321E+03   -0.4126672381E-12
    0.8280000000E+00    0.3446029418E-21    0.2379486681E-22    0.8698414910E-07    0.7936325851E+25    0.5435636607E-11    0.2734881236E+04    0.1680279193E-11
    0.8280000000E+00    0.3692487048E-21    0.2549665916E-22    0.8901027021E-07    0.1077658870E+27    0.7908829838E-10    0.3979241418E+05    0.2619649972E-10
    0.8280000000E+00    0.3956571157E-21    0.2732016250E-22    0.9108358575E-07    0.8946477743E+27    0.7035306290E-09    0.3539737579E+06    0.2496974139E-09
    0.8280000000E+00    0.4239542377E-21    0.2927408154E-22    0.9320519501E-07    0.6478382673E+28    0.5458804259E-08    0.2746537787E+07    0.2076005771E-08
    0.8280000000E+00    0.4542751502E-21    0.3136774352E-22    0.9537622289E-07    0.4302239385E+29    0.3884413865E-07    0.1954400443E+08    0.1582911121E-07
    0.8280000000E+00    0.4867645933E-21    0.3361114274E-22    0.9759782052E-07    0.2651162769E+30    0.2564881565E-06    0.1290492167E+09    0.1119949270E-06
    0.8280000000E+00    0.5215776589E-21    0.3601498832E-22    0.9987116580E-07    0.1521911035E+31    0.1577684613E-05    0.7937947948E+09    0.7381612189E-06
    0.8280000000E+00    0.5588805307E-21    0.3859075526E-22    0.1021974641E-06    0.8154780176E+31    0.9058226634E-05    0.4557547872E+10    0.4541237518E-05
    0.8280000000E+00    0.5988512779E-21    0.4135073927E-22    0.1045779488E-06    0.4083939080E+32    0.4860827163E-04    0.2445672137E+11    0.2611206474E-04
    0.8280000000E+00    0.6416807053E-21    0.4430811541E-22    0.1070138822E-06    0.1913177570E+33    0.2439979651E-03    0.1227649132E+12    0.1404485433E-03
    0.8280000000E+00    0.6875732635E-21    0.4747700104E-22    0.1095065557E-06    0.8385852554E+33    0.1145982923E-02    0.5765888008E+12    0.7068205713E-03
    0.8280000000E+00    0.7367480256E-21    0.5087252317E-22    0.1120572911E-06    0.3437454336E+34    0.5033474369E-02    0.2532537695E+13    0.3326587078E-02
    0.8280000000E+00    0.7894397325E-21    0.5451089068E-22    0.1146674407E-06    0.1297420523E+35    0.2035690207E-01    0.1024235311E+14    0.1441593191E-01
    0.8280000000E+00    0.8458999137E-21    0.5840947171E-22    0.1173383885E-06    0.3271546245E+35    0.5500269730E-01    0.2767400687E+14    0.4173640349E-01
    0.8280000000E+00    0.9063980879E-21    0.6258687655E-22    0.1200715507E-06    0.5450951049E+35    0.9819812736E-01    0.4940731608E+14    0.7984252090E-01
    0.8280000000E+00    0.9712230494E-21    0.6706304648E-22    0.1228683764E-06    0.6864329798E+35    0.1325040232E+00    0.6666795319E+14    0.1154410052E+00
    0.8280000000E+00    0.1040684247E-20    0.7185934897E-22    0.1257303485E-06    0.7060107407E+35    0.1460300494E+00    0.7347342561E+14    0.1363242970E+00
    0.8280000000E+00    0.1115113261E-20    0.7699867968E-22    0.1286589846E-06    0.6914631560E+35    0.1532498182E+00    0.7710597350E+14    0.1532960635E+00
    0.8280000000E+00    0.1194865387E-20    0.8250557175E-22    0.1316558373E-06    0.6091361210E+35    0.1446589396E+00    0.7278356670E+14    0.1550516214E+00
    0.8280000000E+00    0.1280321329E-20    0.8840631292E-22    0.1347224957E-06    0.4340077153E+35    0.1104405025E+00    0.5556693351E+14    0.1268409274E+00
    0.8280000000E+00    0.1371889021E-20    0.9472907100E-22    0.1378605858E-06    0.2568428956E+35    0.7003231477E-01    0.3523599487E+14    0.8618456938E-01
    0.8280000000E+00    0.1470005571E-20    0.1015040283E-21    0.1410717713E-06    0.1283004658E+35    0.3748514171E-01    0.1886023995E+14    0.4942995234E-01
    0.8280000000E+00    0.1575139348E-20    0.1087635259E-21    0.1443577550E-06    0.5427243927E+34    0.1699066062E-01    0.8548665462E+13    0.2400718836E-01
    0.8280000000E+00    0.1687792220E-20    0.1165422177E-21    0.1477202791E-06    0.1923296147E+34    0.6451743389E-02    0.3246124274E+13    0.9768055539E-02
    0.8280000000E+00    0.1808501947E-20    0.1248772362E-21    0.1511611264E-06    0.5347415869E+33    0.1922095157E-02    0.9670812011E+12    0.3118214015E-02
    0.8280000000E+00    0.1937844750E-20    0.1338083694E-21    0.1546821213E-06    0.4933955777E+32    0.1900317538E-03    0.9561240299E+11    0.3303369931E-03
    0.8280000000E+00    0.2076438060E-20    0.1433782510E-21    0.1582851308E-06    0.7153899730E+30    0.2952390319E-05    0.1485462968E+10    0.5499267017E-05
    0.8280000000E+00    0.2224943467E-20    0.1536325639E-21    0.1619720651E-06    0.1744484093E+30    0.7714325108E-06    0.3881378486E+09    0.1539674696E-05
    0.8280000000E+00    0.2384069878E-20    0.1646202581E-21    0.1657448792E-06    0.3986948072E+29    0.1889172013E-06    0.9505162806E+08    0.4040196964E-06
    0.8280000000E+00    0.2554576900E-20    0.1763937846E-21    0.1696055734E-06    0.6041878177E+28    0.3067629377E-07    0.1543444242E+08    0.7029653569E-07
    0.8280000000E+00    0.2737278465E-20    0.1890093455E-21    0.1735561947E-06    0.1172332961E+28    0.6377961592E-08    0.3209001768E+07    0.1566076362E-07
    0.8280000000E+00    0.2933046719E-20    0.2025271626E-21    0.1775988378E-06    0.2875328709E+27    0.1676171394E-08    0.8433473435E+06    0.4410110377E-08
    0.8280000000E+00    0.3142816182E-20    0.2170117645E-21    0.1817356462E-06    0.6351949433E+26    0.3967692038E-09    0.1996300947E+06    0.1118584999E-08
    0.8280000000E+00    0.3367588212E-20    0.2325322952E-21    0.1859688132E-06    0.1500930983E+26    0.1004596467E-09    0.5054517485E+05    0.3034748331E-09
    0.8280000000E+00    0.3608435782E-20    0.2491628434E-21    0.1903005833E-06    0.1846171617E+25    0.1324045756E-10    0.6661791721E+04    0.4285820999E-10
    0.8280000000E+00    0.3866508602E-20    0.2669827968E-21    0.1947332533E-06    0.6065481995E+24    0.4661183944E-11    0.2345223831E+04    0.1616691953E-10
