    0.8730000000E+00    0.4143038610E-23    0.2860772210E-24    0.1992691735E-07    0.0000000000E+00    0.0000000000E+00    0.0000000000E+00    0.0000000000E+00
    0.8730000000E+00    0.4439345853E-23    0.3065372650E-24    0.2039107488E-07    0.0000000000E+00    0.0000000000E+00    0.0000000000E+00    0.0000000000E+00
    0.8730000000E+00    0.4756844785E-23    0.3284605973E-24    0.2086604403E-07    0.0000000000E+00    0.0000000000E+00    0.0000000000E+00    0.0000000000E+00
    0.8730000000E+00    0.5097051019E-23    0.3519518710E-24    0.2135207663E-07    0.0000000000E+00    0.0000000000E+00    0.0000000000E+00    0.0000000000E+00
    0.8730000000E+00    0.5461588566E-23    0.3771232243E-24    0.2184943039E-07    0.0000000000E+00    0.0000000000E+00    0.0000000000E+00    0.0000000000E+00
    0.8730000000E+00    0.5852197586E-23    0.4040948153E-24    0.2235836900E-07    0.0000000000E+00    0.0000000000E+00    0.0000000000E+00    0.0000000000E+00
    0.8730000000E+00    0.6270742692E-23    0.4329953957E-24    0.2287916232E-07    0.0000000000E+00    0.0000000000E+00    0.0000000000E+00    0.0000000000E+00
    0.8730000000E+00    0.6719221852E-23    0.4639629256E-24    0.2341208647E-07    0.0000000000E+00    0.0000000000E+00    0.0000000000E+00    0.0000000000E+00
    0.8730000000E+00    0.7199775931E-23    0.4971452317E-24    0.2395742402E-07    0.0000000000E+00    0.0000000000E+00    0.0000000000E+00    0.0000000000E+00
    0.8730000000E+00    0.7714698903E-23    0.5327007132E-24    0.2451546411E-07    0.0000000000E+00    0.0000000000E+00    0.0000000000E+00    0.0000000000E+00
    0.8730000000E+00    0.8266448809E-23    0.5707990981E-24    0.2508650263E-07    0.0000000000E+00    0.0000000000E+00    0.0000000000E+00    0.0000000000E+00
    0.8730000000E+00    0.8857659485E-23    0.6116222531E-24    0.2567084234E-07    0.0000000000E+00    0.0000000000E+00    0.0000000000E+00    0.0000000000E+00
    0.8730000000E+00    0.9491153137E-23    0.6553650517E-24    0.2626879307E-07    0.0000000000E+00    0.0000000000E+00    0.0000000000E+00    0.0000000000E+00
    0.8730000000E+00    0.1016995382E-22    0.7022363048E-24    0.2688067187E-07    0.0000000000E+00    0.0000000000E+00    0.0000000000E+00    0.0000000000E+00
    0.8730000000E+00    0.1089730185E-22    0.7524597575E-24    0.2750680315E-07    0.0000000000E+00    0.0000000000E+00    0.0000000000E+00    0.0000000000E+00
    0.8730000000E+00    0.1167666930E-22    0.8062751566E-24    0.2814751890E-07    0.0000000000E+00    0.0000000000E+00    0.0000000000E+00    0.0000000000E+00
    0.8730000000E+00    0.1251177658E-22    0.8639393956E-24    0.2880315884E-07    0.0000000000E+00    0.0000000000E+00    0.0000000000E+00    0.0000000000E+00
    0.8730000000E+00    0.1340661015E-22    0.9257277409E-24    0.2947407060E-07    0.0000000000E+00    0.0000000000E+00    0.0000000000E+00    0.0000000000E+00
    0.8730000000E+00    0.1436544159E-22    0.9919351458E-24    0.3016060990E-07    0.0000000000E+00    0.0000000000E+00    0.0000000000E+00    0.0000000000E+00
    0.8730000000E+00    0.1539284799E-22    0.1062877658E-23    0.3086314075E-07    0.0000000000E+00    0.0000000000E+00    0.0000000000E+00    0.0000000000E+00
    0.8730000000E+00    0.1649373379E-22    0.1138893930E-23    0.3158203565E-07    0.0000000000E+00    0.0000000000E+00    0.0000000000E+00    0.0000000000E+00
    0.8730000000E+00    0.1767335417E-22    0.1220346833E-23    0.3231767576E-07    0.0000000000E+00    0.0000000000E+00    0.0000000000E+00    0.0000000000E+00
    0.8730000000E+00    0.1893734018E-22    0.1307625190E-23    0.3307045113E-07    0.0000000000E+00    0.0000000000E+00    0.0000000000E+00    0.0000000000E+00
    0.8730000000E+00    0.2029172559E-22    0.1401145635E-23    0.3384076090E-07    0.0000000000E+00    0.0000000000E+00    0.0000000000E+00    0.0000000000E+00
    0.8730000000E+00    0.2174297571E-22    0.1501354598E-23    0.3462901348E-07    0.0000000000E+00    0.0000000000E+00    0.0000000000E+00    0.0000000000E+00
    0.8730000000E+00    0.2329801823E-22    0.1608730435E-23    0.3543562682E-07    0.0000000000E+00    0.0000000000E+00    0.0000000000E+00    0.0000000000E+00
    0.8730000000E+00    0.2496427630E-22    0.1723785718E-23    0.3626102861E-07    0.0000000000E+00    0.0000000000E+00    0.0000000000E+00    0.0000000000E+00
    0.8730000000E+00    0.2674970400E-22    0.1847069675E-23    0.3710565646E-07    0.0000000000E+00    0.0000000000E+00    0.0000000000E+00    0.0000000000E+00
    0.8730000000E+00    0.2866282424E-22    0.1979170815E-23    0.3796995823E-07    0.0000000000E+00    0.0000000000E+00    0.0000000000E+00    0.0000000000E+00
    0.8730000000E+00    0.3071276952E-22    0.2120719737E-23    0.3885439218E-07   -0.5591258648E-15   -0.3413033153E-52   -0.1717230382E-37   -0.8711922996E-54
    0.8730000000E+00    0.3290932546E-22    0.2272392139E-23    0.3975942724E-07   -0.5540268116E-14   -0.3623779021E-51   -0.1823264865E-36   -0.9911405113E-53
    0.8730000000E+00    0.3526297755E-22    0.2434912046E-23    0.4068554327E-07   -0.1503084010E-13   -0.1053450609E-50   -0.5300321769E-36   -0.3087363033E-52
    0.8730000000E+00    0.3778496121E-22    0.2609055264E-23    0.4163323131E-07    0.3758818563E-12    0.2822814157E-49    0.1420268136E-34    0.8864531917E-51
    0.8730000000E+00    0.4048731538E-22    0.2795653084E-23    0.4260299385E-07    0.1910341091E-11    0.1537240583E-48    0.7734458224E-34    0.5172677025E-50
    0.8730000000E+00    0.4338294005E-22    0.2995596250E-23    0.4359534505E-07   -0.5899183558E-10   -0.5086544329E-47   -0.2559239266E-32   -0.1833987431E-48
    0.8730000000E+00    0.4648565778E-22    0.3209839213E-23    0.4461081109E-07   -0.7508960792E-09   -0.6937624032E-46   -0.3490589817E-31   -0.2680305403E-47
    0.8730000000E+00    0.4981027973E-22    0.3439404683E-23    0.4564993037E-07    0.6733538023E-08    0.6666137090E-45    0.3353994125E-30    0.2759610330E-46
    0.8730000000E+00    0.5337267633E-22    0.3685388516E-23    0.4671325384E-07    0.1623032744E-06    0.1721702878E-43    0.8662560129E-29    0.7637157140E-45
    0.8730000000E+00    0.5718985306E-22    0.3948964943E-23    0.4780134531E-07   -0.4813824139E-06   -0.5471685715E-43   -0.2753018951E-28   -0.2600726395E-44
    0.8730000000E+00    0.6128003161E-22    0.4231392172E-23    0.4891478167E-07   -0.1079861636E-03   -0.1315221914E-40   -0.6617395519E-26   -0.6698422816E-42
    0.8730000000E+00    0.6566273690E-22    0.4534018400E-23    0.5005415331E-07   -0.1323566770E-01   -0.1727335819E-38   -0.8690901658E-24   -0.9426496273E-40
    0.8730000000E+00    0.7035889022E-22    0.4858288246E-23    0.5122006431E-07   -0.5314308550E-01   -0.7431520668E-38   -0.3739088519E-23   -0.4345614638E-39
    0.8730000000E+00    0.7539090917E-22    0.5205749646E-23    0.5241313287E-07    0.5618430562E+00    0.8418717601E-37    0.4235785882E-22    0.5274963549E-38
    0.8730000000E+00    0.8078281461E-22    0.5578061244E-23    0.5363399157E-07    0.5433878483E+02    0.8724506007E-35    0.4389639981E-20    0.5857527919E-36
    0.8730000000E+00    0.8656034539E-22    0.5977000309E-23    0.5488328773E-07    0.5271888429E+03    0.9069787970E-34    0.4563364832E-19    0.6524851856E-35
    0.8730000000E+00    0.9275108115E-22    0.6404471218E-23    0.5616168372E-07   -0.9089555259E+03   -0.1675612371E-33   -0.8430660774E-19   -0.1291656635E-34
    0.8730000000E+00    0.9938457404E-22    0.6862514550E-23    0.5746985739E-07   -0.1026194946E+06   -0.2027032889E-31   -0.1019879475E-16   -0.1674304006E-32
    0.8730000000E+00    0.1064924897E-21    0.7353316823E-23    0.5880850233E-07   -0.5203335721E+07   -0.1101318087E-29   -0.5541161758E-15   -0.9747343988E-31
    0.8730000000E+00    0.1141087586E-21    0.7879220933E-23    0.6017832832E-07   -0.2334745774E+09   -0.5295055565E-28   -0.2664149419E-13   -0.5021622286E-29
    0.8730000000E+00    0.1222697377E-21    0.8442737340E-23    0.6158006166E-07   -0.9461806868E+10   -0.2299349575E-26   -0.1156892644E-11   -0.2336568536E-27
    0.8730000000E+00    0.1310143844E-21    0.9046556049E-23    0.6301444556E-07   -0.3834719596E+11   -0.9985378617E-26   -0.5024034274E-11   -0.1087271634E-26
    0.8730000000E+00    0.1403844422E-21    0.9693559452E-23    0.6448224056E-07    0.7708988649E+11    0.2150940169E-25    0.1082222071E-10    0.2509584662E-26
    0.8730000000E+00    0.1504246400E-21    0.1038683609E-22    0.6598422489E-07    0.4237166284E+13    0.1266795266E-23    0.6373742127E-09    0.1583725659E-24
    0.8730000000E+00    0.1611829057E-21    0.1112969539E-22    0.6752119493E-07    0.1153318898E+15    0.3694709797E-22    0.1858952911E-07    0.4949414808E-23
    0.8730000000E+00    0.1727105951E-21    0.1192568347E-22    0.6909396560E-07    0.2771088449E+16    0.9512207422E-21    0.4785963351E-06    0.1365384075E-21
    0.8730000000E+00    0.1850627369E-21    0.1277860007E-22    0.7070337081E-07    0.4556100069E+17    0.1675807687E-19    0.8431643483E-05    0.2577494216E-20
    0.8730000000E+00    0.1982982953E-21    0.1369251667E-22    0.7235026388E-07    0.6600201356E+17    0.2601286032E-19    0.1308808677E-04    0.4287080418E-20
    0.8730000000E+00    0.2124804516E-21    0.1467179595E-22    0.7403551802E-07   -0.2841651937E+18   -0.1200056810E-18   -0.6037954868E-04   -0.2119216501E-19
    0.8730000000E+00    0.2276769058E-21    0.1572111260E-22    0.7576002677E-07   -0.7075469348E+19   -0.3201740855E-17   -0.1610920968E-02   -0.6058424485E-18
    0.8730000000E+00    0.2439602000E-21    0.1684547565E-22    0.7752470448E-07   -0.1102479252E+21   -0.5345660196E-16   -0.2689610587E-01   -0.1083864196E-16
    0.8730000000E+00    0.2614080640E-21    0.1805025236E-22    0.7933048683E-07   -0.1522445078E+22   -0.7909928513E-15   -0.3979794205E+00   -0.1718486322E-15
    0.8730000000E+00    0.2801037871E-21    0.1934119387E-22    0.8117833125E-07   -0.1928048527E+23   -0.1073368595E-13   -0.5400536941E+01   -0.2498747690E-14
    0.8730000000E+00    0.3001366153E-21    0.2072446262E-22    0.8306921749E-07   -0.2253581156E+24   -0.1344324539E-12   -0.6763822205E+02   -0.3353340449E-13
    0.8730000000E+00    0.3216021775E-21    0.2220666179E-22    0.8500414813E-07   -0.1320036097E+25   -0.8437557226E-12   -0.4245264834E+03   -0.2255226949E-12
    0.8730000000E+00    0.3446029418E-21    0.2379486681E-22    0.8698414910E-07   -0.1369136655E+25   -0.9377298087E-12   -0.4718085192E+03   -0.2685661311E-12
    0.8730000000E+00    0.3692487048E-21    0.2549665916E-22    0.8901027021E-07    0.3120443388E+25    0.2290061955E-11    0.1152219679E+04    0.7027821996E-12
    0.8730000000E+00    0.3956571157E-21    0.2732016250E-22    0.9108358575E-07    0.5079917833E+26    0.3994731660E-10    0.2009905637E+05    0.1313593929E-10
    0.8730000000E+00    0.4239542377E-21    0.2927408154E-22    0.9320519501E-07    0.4430957768E+27    0.3733606420E-09    0.1878523323E+06    0.1315533936E-09
    0.8730000000E+00    0.4542751502E-21    0.3136774352E-22    0.9537622289E-07    0.3334140505E+28    0.3010334955E-08    0.1514617179E+07    0.1136549467E-08
    0.8730000000E+00    0.4867645933E-21    0.3361114274E-22    0.9759782052E-07    0.2296020767E+29    0.2221297541E-07    0.1117621615E+08    0.8986286426E-08
    0.8730000000E+00    0.5215776589E-21    0.3601498832E-22    0.9987116580E-07    0.1466153662E+30    0.1519883895E-06    0.7647129943E+08    0.6588460316E-07
    0.8730000000E+00    0.5588805307E-21    0.3859075526E-22    0.1021974641E-06    0.8717458872E+30    0.9683243010E-06    0.4872018041E+09    0.4497740058E-06
    0.8730000000E+00    0.5988512779E-21    0.4135073927E-22    0.1045779488E-06    0.4835547734E+31    0.5755414394E-05    0.2895773940E+10    0.2864508530E-05
    0.8730000000E+00    0.6416807053E-21    0.4430811541E-22    0.1070138822E-06    0.2505257243E+32    0.3195091135E-04    0.1607575234E+11    0.1703949704E-04
    0.8730000000E+00    0.6875732635E-21    0.4747700104E-22    0.1095065557E-06    0.1213058691E+33    0.1657725957E-03    0.8340667232E+11    0.9472972116E-04
    0.8730000000E+00    0.7367480256E-21    0.5087252317E-22    0.1120572911E-06    0.5489661122E+33    0.8038526728E-03    0.4044496993E+12    0.4922094883E-03
    0.8730000000E+00    0.7894397325E-21    0.5451089068E-22    0.1146674407E-06    0.2320342380E+34    0.3640684093E-02    0.1831770468E+13    0.2388671993E-02
    0.8730000000E+00    0.8458999137E-21    0.5840947171E-22    0.1173383885E-06    0.9147175960E+34    0.1537864095E-01    0.7737595355E+13    0.1081163757E-01
    0.8730000000E+00    0.9063980879E-21    0.6258687655E-22    0.1200715507E-06    0.2653229034E+35    0.4779755317E-01    0.2404881723E+14    0.3600635725E-01
    0.8730000000E+00    0.9712230494E-21    0.6706304648E-22    0.1228683764E-06    0.4789636993E+35    0.9245566429E-01    0.4651805845E+14    0.7462890072E-01
    0.8730000000E+00    0.1040684247E-20    0.7185934897E-22    0.1257303485E-06    0.6342684953E+35    0.1311910065E+00    0.6600732315E+14    0.1134690935E+00
    0.8730000000E+00    0.1115113261E-20    0.7699867968E-22    0.1286589846E-06    0.6668873887E+35    0.1478030611E+00    0.7436549710E+14    0.1369799331E+00
    0.8730000000E+00    0.1194865387E-20    0.8250557175E-22    0.1316558373E-06    0.6561975371E+35    0.1558351846E+00    0.7840677242E+14    0.1547529873E+00
    0.8730000000E+00    0.1280321329E-20    0.8840631292E-22    0.1347224957E-06    0.5897752506E+35    0.1500781501E+00    0.7551018330E+14    0.1596948787E+00
    0.8730000000E+00    0.1371889021E-20    0.9472907100E-22    0.1378605858E-06    0.4272243878E+35    0.1164895480E+00    0.5861044474E+14    0.1328190842E+00
    0.8730000000E+00    0.1470005571E-20    0.1015040283E-21    0.1410717713E-06    0.2539382747E+35    0.7419234336E-01    0.3732906785E+14    0.9064265329E-01
    0.8730000000E+00    0.1575139348E-20    0.1087635259E-21    0.1443577550E-06    0.1254586375E+35    0.3927638340E-01    0.1976148366E+14    0.5141679619E-01
    0.8730000000E+00    0.1687792220E-20    0.1165422177E-21    0.1477202791E-06    0.5142169409E+34    0.1724953151E-01    0.8678913524E+13    0.2419640391E-01
    0.8730000000E+00    0.1808501947E-20    0.1248772362E-21    0.1511611264E-06    0.1715219376E+34    0.6165248667E-02    0.3101977581E+13    0.9266678999E-02
    0.8730000000E+00    0.1937844750E-20    0.1338083694E-21    0.1546821213E-06    0.3702640876E+33    0.1426075489E-02    0.7175143183E+12    0.2296762224E-02
    0.8730000000E+00    0.2076438060E-20    0.1433782510E-21    0.1582851308E-06    0.2550851798E+31    0.1052727944E-04    0.5296685759E+10    0.1816727007E-04
    0.8730000000E+00    0.2224943467E-20    0.1536325639E-21    0.1619720651E-06    0.3317857361E+30    0.1467197692E-05    0.7382045062E+09    0.2713077229E-05
    0.8730000000E+00    0.2384069878E-20    0.1646202581E-21    0.1657448792E-06    0.7876751267E+29    0.3732312982E-06    0.1877872544E+09    0.7395228144E-06
    0.8730000000E+00    0.2554576900E-20    0.1763937846E-21    0.1696055734E-06    0.1263858706E+29    0.6416961715E-07    0.3228624254E+08    0.1362394775E-06
    0.8730000000E+00    0.2737278465E-20    0.1890093455E-21    0.1735561947E-06    0.2103736976E+28    0.1144517307E-07    0.5758513920E+07    0.2603729631E-07
    0.8730000000E+00    0.2933046719E-20    0.2025271626E-21    0.1775988378E-06    0.5156067598E+27    0.3005726958E-08    0.1512298715E+07    0.7326946959E-08
    0.8730000000E+00    0.3142816182E-20    0.2170117645E-21    0.1817356462E-06    0.1136868574E+27    0.7101354377E-09    0.3572968953E+06    0.1854875252E-08
    0.8730000000E+00    0.3367588212E-20    0.2325322952E-21    0.1859688132E-06    0.2715634224E+26    0.1817616252E-09    0.9145137801E+05    0.5087163763E-09
    0.8730000000E+00    0.3608435782E-20    0.2491628434E-21    0.1903005833E-06    0.3753080241E+25    0.2691651156E-10    0.1354274903E+05    0.8072207085E-10
    0.8730000000E+00    0.3866508602E-20    0.2669827968E-21    0.1947332533E-06    0.1232145161E+25    0.9468753256E-11    0.4764099862E+04    0.3042750348E-10
