    0.8510000000E+00    0.4143038610E-23    0.2860772210E-24    0.1992691735E-07    0.0000000000E+00    0.0000000000E+00    0.0000000000E+00    0.0000000000E+00
    0.8510000000E+00    0.4439345853E-23    0.3065372650E-24    0.2039107488E-07    0.0000000000E+00    0.0000000000E+00    0.0000000000E+00    0.0000000000E+00
    0.8510000000E+00    0.4756844785E-23    0.3284605973E-24    0.2086604403E-07    0.0000000000E+00    0.0000000000E+00    0.0000000000E+00    0.0000000000E+00
    0.8510000000E+00    0.5097051019E-23    0.3519518710E-24    0.2135207663E-07    0.0000000000E+00    0.0000000000E+00    0.0000000000E+00    0.0000000000E+00
    0.8510000000E+00    0.5461588566E-23    0.3771232243E-24    0.2184943039E-07    0.0000000000E+00    0.0000000000E+00    0.0000000000E+00    0.0000000000E+00
    0.8510000000E+00    0.5852197586E-23    0.4040948153E-24    0.2235836900E-07    0.0000000000E+00    0.0000000000E+00    0.0000000000E+00    0.0000000000E+00
    0.8510000000E+00    0.6270742692E-23    0.4329953957E-24    0.2287916232E-07    0.0000000000E+00    0.0000000000E+00    0.0000000000E+00    0.0000000000E+00
    0.8510000000E+00    0.6719221852E-23    0.4639629256E-24    0.2341208647E-07    0.0000000000E+00    0.0000000000E+00    0.0000000000E+00    0.0000000000E+00
    0.8510000000E+00    0.7199775931E-23    0.4971452317E-24    0.2395742402E-07    0.0000000000E+00    0.0000000000E+00    0.0000000000E+00    0.0000000000E+00
    0.8510000000E+00    0.7714698903E-23    0.5327007132E-24    0.2451546411E-07    0.0000000000E+00    0.0000000000E+00    0.0000000000E+00    0.0000000000E+00
    0.8510000000E+00    0.8266448809E-23    0.5707990981E-24    0.2508650263E-07    0.0000000000E+00    0.0000000000E+00    0.0000000000E+00    0.0000000000E+00
    0.8510000000E+00    0.8857659485E-23    0.6116222531E-24    0.2567084234E-07    0.0000000000E+00    0.0000000000E+00    0.0000000000E+00    0.0000000000E+00
    0.8510000000E+00    0.9491153137E-23    0.6553650517E-24    0.2626879307E-07    0.0000000000E+00    0.0000000000E+00    0.0000000000E+00    0.0000000000E+00
    0.8510000000E+00    0.1016995382E-22    0.7022363048E-24    0.2688067187E-07    0.0000000000E+00    0.0000000000E+00    0.0000000000E+00    0.0000000000E+00
    0.8510000000E+00    0.1089730185E-22    0.7524597575E-24    0.2750680315E-07    0.0000000000E+00    0.0000000000E+00    0.0000000000E+00    0.0000000000E+00
    0.8510000000E+00    0.1167666930E-22    0.8062751566E-24    0.2814751890E-07    0.0000000000E+00    0.0000000000E+00    0.0000000000E+00    0.0000000000E+00
    0.8510000000E+00    0.1251177658E-22    0.8639393956E-24    0.2880315884E-07    0.0000000000E+00    0.0000000000E+00    0.0000000000E+00    0.0000000000E+00
    0.8510000000E+00    0.1340661015E-22    0.9257277409E-24    0.2947407060E-07    0.0000000000E+00    0.0000000000E+00    0.0000000000E+00    0.0000000000E+00
    0.8510000000E+00    0.1436544159E-22    0.9919351458E-24    0.3016060990E-07    0.0000000000E+00    0.0000000000E+00    0.0000000000E+00    0.0000000000E+00
    0.8510000000E+00    0.1539284799E-22    0.1062877658E-23    0.3086314075E-07    0.0000000000E+00    0.0000000000E+00    0.0000000000E+00    0.0000000000E+00
    0.8510000000E+00    0.1649373379E-22    0.1138893930E-23    0.3158203565E-07    0.0000000000E+00    0.0000000000E+00    0.0000000000E+00    0.0000000000E+00
    0.8510000000E+00    0.1767335417E-22    0.1220346833E-23    0.3231767576E-07    0.0000000000E+00    0.0000000000E+00    0.0000000000E+00    0.0000000000E+00
    0.8510000000E+00    0.1893734018E-22    0.1307625190E-23    0.3307045113E-07    0.0000000000E+00    0.0000000000E+00    0.0000000000E+00    0.0000000000E+00
    0.8510000000E+00    0.2029172559E-22    0.1401145635E-23    0.3384076090E-07    0.0000000000E+00    0.0000000000E+00    0.0000000000E+00    0.0000000000E+00
    0.8510000000E+00    0.2174297571E-22    0.1501354598E-23    0.3462901348E-07    0.0000000000E+00    0.0000000000E+00    0.0000000000E+00    0.0000000000E+00
    0.8510000000E+00    0.2329801823E-22    0.1608730435E-23    0.3543562682E-07    0.0000000000E+00    0.0000000000E+00    0.0000000000E+00    0.0000000000E+00
    0.8510000000E+00    0.2496427630E-22    0.1723785718E-23    0.3626102861E-07   -0.1044016377E-15   -0.5180101092E-53   -0.2606311330E-38   -0.1112361056E-54
    0.8510000000E+00    0.2674970400E-22    0.1847069675E-23    0.3710565646E-07    0.0000000000E+00    0.0000000000E+00    0.0000000000E+00    0.0000000000E+00
    0.8510000000E+00    0.2866282424E-22    0.1979170815E-23    0.3796995823E-07   -0.2207624300E-15   -0.1257639270E-52   -0.6327674730E-38   -0.3100727708E-54
    0.8510000000E+00    0.3071276952E-22    0.2120719737E-23    0.3885439218E-07   -0.4270246551E-14   -0.2606656920E-51   -0.1311510981E-36   -0.6886386834E-53
    0.8510000000E+00    0.3290932546E-22    0.2272392139E-23    0.3975942724E-07   -0.3951855972E-13   -0.2584830276E-50   -0.1300529144E-35   -0.7317109806E-52
    0.8510000000E+00    0.3526297755E-22    0.2434912046E-23    0.4068554327E-07    0.7961033994E-14    0.5579565783E-51    0.2807297630E-36    0.1692419196E-52
    0.8510000000E+00    0.3778496121E-22    0.2609055264E-23    0.4163323131E-07    0.4432018450E-11    0.3328376780E-48    0.1674636452E-33    0.1081782680E-49
    0.8510000000E+00    0.4048731538E-22    0.2795653084E-23    0.4260299385E-07    0.1753033387E-11    0.1410655970E-48    0.7097561560E-34    0.4912795106E-50
    0.8510000000E+00    0.4338294005E-22    0.2995596250E-23    0.4359534505E-07   -0.1256315390E-08   -0.1083252260E-45   -0.5450265522E-31   -0.4042380071E-47
    0.8510000000E+00    0.4648565778E-22    0.3209839213E-23    0.4461081109E-07   -0.1773624040E-08   -0.1638673726E-45   -0.8244808015E-31   -0.6552394408E-47
    0.8510000000E+00    0.4981027973E-22    0.3439404683E-23    0.4564993037E-07    0.1789263727E-06    0.1771353671E-43    0.8912372674E-29    0.7589494002E-45
    0.8510000000E+00    0.5337267633E-22    0.3685388516E-23    0.4671325384E-07    0.4993267591E-06    0.5296826707E-43    0.2665040550E-28    0.2431774528E-44
    0.8510000000E+00    0.5718985306E-22    0.3948964943E-23    0.4780134531E-07   -0.1445879289E-04   -0.1643474465E-41   -0.8268962406E-27   -0.8084822716E-43
    0.8510000000E+00    0.6128003161E-22    0.4231392172E-23    0.4891478167E-07   -0.1992805071E-02   -0.2427145119E-39   -0.1221191578E-24   -0.1279390979E-40
    0.8510000000E+00    0.6566273690E-22    0.4534018400E-23    0.5005415331E-07   -0.9433252688E-01   -0.1231097337E-37   -0.6194131893E-23   -0.6953443535E-39
    0.8510000000E+00    0.7035889022E-22    0.4858288246E-23    0.5122006431E-07   -0.6263491455E-01   -0.8758856540E-38   -0.4406923077E-23   -0.5300965206E-39
    0.8510000000E+00    0.7539090917E-22    0.5205749646E-23    0.5241313287E-07    0.9543063160E+01    0.1429942987E-35    0.7194602079E-21    0.9273128171E-37
    0.8510000000E+00    0.8078281461E-22    0.5578061244E-23    0.5363399157E-07    0.6196187250E+03    0.9948450827E-34    0.5005454459E-19    0.6912943353E-35
    0.8510000000E+00    0.8656034539E-22    0.5977000309E-23    0.5488328773E-07    0.1052397523E+04    0.1810550910E-33    0.9109589306E-19    0.1348088120E-34
    0.8510000000E+00    0.9275108115E-22    0.6404471218E-23    0.5616168372E-07   -0.1971880000E+05   -0.3635058513E-32   -0.1828940019E-17   -0.2900139887E-33
    0.8510000000E+00    0.9938457404E-22    0.6862514550E-23    0.5746985739E-07   -0.1168700578E+07   -0.2308522877E-30   -0.1161508091E-15   -0.1973520868E-31
    0.8510000000E+00    0.1064924897E-21    0.7353316823E-23    0.5880850233E-07   -0.5473672084E+08   -0.1158536444E-28   -0.5829049681E-14   -0.1061248869E-29
    0.8510000000E+00    0.1141087586E-21    0.7879220933E-23    0.6017832832E-07   -0.2302138518E+10   -0.5221104375E-27   -0.2626941685E-12   -0.5124717332E-28
    0.8510000000E+00    0.1222697377E-21    0.8442737340E-23    0.6158006166E-07   -0.5019251650E+11   -0.1219747381E-25   -0.6137025829E-11   -0.1282854597E-26
    0.8510000000E+00    0.1310143844E-21    0.9046556049E-23    0.6301444556E-07   -0.5109676157E+11   -0.1330528863E-25   -0.6694410763E-11   -0.1499449489E-26
    0.8510000000E+00    0.1403844422E-21    0.9693559452E-23    0.6448224056E-07    0.1044428190E+13    0.2914133942E-24    0.1466214689E-09    0.3518982036E-25
    0.8510000000E+00    0.1504246400E-21    0.1038683609E-22    0.6598422489E-07    0.3332114399E+14    0.9962098401E-23    0.5012321087E-08    0.1289016177E-23
    0.8510000000E+00    0.1611829057E-21    0.1112969539E-22    0.6752119493E-07    0.8351896228E+15    0.2675568126E-21    0.1346182902E-06    0.3709569857E-22
    0.8510000000E+00    0.1727105951E-21    0.1192568347E-22    0.6909396560E-07    0.1888539665E+17    0.6482716577E-20    0.3261708095E-05    0.9630849033E-21
    0.8510000000E+00    0.1850627369E-21    0.1277860007E-22    0.7070337081E-07    0.1086931054E+18    0.3997909150E-19    0.2011504357E-04    0.6364150793E-20
    0.8510000000E+00    0.1982982953E-21    0.1369251667E-22    0.7235026388E-07    0.3514043232E+17    0.1384962531E-19    0.6968287824E-05    0.2362357193E-20
    0.8510000000E+00    0.2124804516E-21    0.1467179595E-22    0.7403551802E-07   -0.2236910890E+19   -0.9446688778E-18   -0.4752998360E-03   -0.1726581758E-18
    0.8510000000E+00    0.2276769058E-21    0.1572111260E-22    0.7576002677E-07   -0.3938730917E+20   -0.1782326384E-16   -0.8967580682E-02   -0.3490557338E-17
    0.8510000000E+00    0.2439602000E-21    0.1684547565E-22    0.7752470448E-07   -0.5658525808E+21   -0.2743684848E-15   -0.1380455088E+00   -0.5757603655E-16
    0.8510000000E+00    0.2614080640E-21    0.1805025236E-22    0.7933048683E-07   -0.7374702252E+22   -0.3831558093E-14   -0.1927806638E+01   -0.8615548966E-15
    0.8510000000E+00    0.2801037871E-21    0.1934119387E-22    0.8117833125E-07   -0.8848015049E+23   -0.4925800024E-13   -0.2478362524E+02   -0.1186818526E-13
    0.8510000000E+00    0.3001366153E-21    0.2072446262E-22    0.8306921749E-07   -0.9124047294E+24   -0.5442750817E-12   -0.2738460673E+03   -0.1405160691E-12
    0.8510000000E+00    0.3216021775E-21    0.2220666179E-22    0.8500414813E-07   -0.1988093988E+25   -0.1270772582E-11   -0.6393753558E+03   -0.3515405083E-12
    0.8510000000E+00    0.3446029418E-21    0.2379486681E-22    0.8698414910E-07   -0.6236085880E+24   -0.4271132175E-12   -0.2148973540E+03   -0.1266049109E-12
    0.8510000000E+00    0.3692487048E-21    0.2549665916E-22    0.8901027021E-07    0.1885475741E+26    0.1383731644E-10    0.6962094753E+04    0.4395005403E-11
    0.8510000000E+00    0.3956571157E-21    0.2732016250E-22    0.9108358575E-07    0.1920189900E+27    0.1509993595E-09    0.7597367975E+05    0.5139047661E-10
    0.8510000000E+00    0.4239542377E-21    0.2927408154E-22    0.9320519501E-07    0.1515455451E+28    0.1276950604E-08    0.6424837603E+06    0.4656736224E-09
    0.8510000000E+00    0.4542751502E-21    0.3136774352E-22    0.9537622289E-07    0.1074481399E+29    0.9701297562E-08    0.4881101991E+07    0.3790856686E-08
    0.8510000000E+00    0.4867645933E-21    0.3361114274E-22    0.9759782052E-07    0.7031944301E+29    0.6803092030E-07    0.3422901508E+08    0.2848484670E-07
    0.8510000000E+00    0.5215776589E-21    0.3601498832E-22    0.9987116580E-07    0.4278447643E+30    0.4435240207E-06    0.2231542705E+09    0.1989869916E-06
    0.8510000000E+00    0.5588805307E-21    0.3859075526E-22    0.1021974641E-06    0.2426808420E+31    0.2695668086E-05    0.1356295978E+10    0.1295907363E-05
    0.8510000000E+00    0.5988512779E-21    0.4135073927E-22    0.1045779488E-06    0.1285297380E+32    0.1529799611E-04    0.7697019785E+10    0.7880287940E-05
    0.8510000000E+00    0.6416807053E-21    0.4430811541E-22    0.1070138822E-06    0.6362490719E+32    0.8114431264E-04    0.4082687532E+11    0.4478840805E-04
    0.8510000000E+00    0.6875732635E-21    0.4747700104E-22    0.1095065557E-06    0.2945159971E+33    0.4024758378E-03    0.2025013253E+12    0.2380385815E-03
    0.8510000000E+00    0.7367480256E-21    0.5087252317E-22    0.1120572911E-06    0.1274576694E+34    0.1866366355E-02    0.9390418627E+12    0.1182781266E-02
    0.8510000000E+00    0.7894397325E-21    0.5451089068E-22    0.1146674407E-06    0.5152116943E+34    0.8083820025E-02    0.4067285821E+13    0.5489391133E-02
    0.8510000000E+00    0.8458999137E-21    0.5840947171E-22    0.1173383885E-06    0.1804504764E+35    0.3033814039E-01    0.1526430424E+14    0.2207478575E-01
    0.8510000000E+00    0.9063980879E-21    0.6258687655E-22    0.1200715507E-06    0.3917344606E+35    0.7057041993E-01    0.3550673660E+14    0.5502122333E-01
    0.8510000000E+00    0.9712230494E-21    0.6706304648E-22    0.1228683764E-06    0.5892883118E+35    0.1137519240E+00    0.5723303911E+14    0.9503121711E-01
    0.8510000000E+00    0.1040684247E-20    0.7185934897E-22    0.1257303485E-06    0.6814976182E+35    0.1409597972E+00    0.7092238356E+14    0.1261835689E+00
    0.8510000000E+00    0.1115113261E-20    0.7699867968E-22    0.1286589846E-06    0.6818793388E+35    0.1511257452E+00    0.7603726934E+14    0.1449592708E+00
    0.8510000000E+00    0.1194865387E-20    0.8250557175E-22    0.1316558373E-06    0.6516486061E+35    0.1547548948E+00    0.7786323640E+14    0.1590566880E+00
    0.8510000000E+00    0.1280321329E-20    0.8840631292E-22    0.1347224957E-06    0.5296636489E+35    0.1347817503E+00    0.6781396672E+14    0.1484357915E+00
    0.8510000000E+00    0.1371889021E-20    0.9472907100E-22    0.1378605858E-06    0.3478886143E+35    0.9485738310E-01    0.4772645706E+14    0.1119382930E+00
    0.8510000000E+00    0.1470005571E-20    0.1015040283E-21    0.1410717713E-06    0.1901986301E+35    0.5556973280E-01    0.2795930459E+14    0.7026609993E-01
    0.8510000000E+00    0.1575139348E-20    0.1087635259E-21    0.1443577550E-06    0.8723147164E+34    0.2730889472E-01    0.1374017234E+14    0.3700084682E-01
    0.8510000000E+00    0.1687792220E-20    0.1165422177E-21    0.1477202791E-06    0.3335139547E+34    0.1118780618E-01    0.5629022580E+13    0.1624248500E-01
    0.8510000000E+00    0.1808501947E-20    0.1248772362E-21    0.1511611264E-06    0.1029938630E+34    0.3702049926E-02    0.1862646017E+13    0.5759036245E-02
    0.8510000000E+00    0.1937844750E-20    0.1338083694E-21    0.1546821213E-06    0.1644805838E+33    0.6334984588E-03    0.3187378357E+12    0.1055973703E-02
    0.8510000000E+00    0.2076438060E-20    0.1433782510E-21    0.1582851308E-06    0.1020440082E+31    0.4211321843E-05    0.2118880624E+10    0.7521872600E-05
    0.8510000000E+00    0.2224943467E-20    0.1536325639E-21    0.1619720651E-06    0.2480435323E+30    0.1096879276E-05    0.5518828369E+09    0.2099260682E-05
    0.8510000000E+00    0.2384069878E-20    0.1646202581E-21    0.1657448792E-06    0.5801013355E+29    0.2748747132E-06    0.1383002120E+09    0.5636925949E-06
    0.8510000000E+00    0.2554576900E-20    0.1763937846E-21    0.1696055734E-06    0.8900686942E+28    0.4519125998E-07    0.2273748925E+08    0.9930291346E-07
    0.8510000000E+00    0.2737278465E-20    0.1890093455E-21    0.1735561947E-06    0.1613236753E+28    0.8776655090E-08    0.4415878223E+07    0.2066505531E-07
    0.8510000000E+00    0.2933046719E-20    0.2025271626E-21    0.1775988378E-06    0.3955000991E+27    0.2305565796E-08    0.1160020268E+07    0.5816812447E-08
    0.8510000000E+00    0.3142816182E-20    0.2170117645E-21    0.1817356462E-06    0.8731303999E+26    0.5453935949E-09    0.2744088350E+06    0.1474407644E-08
    0.8510000000E+00    0.3367588212E-20    0.2325322952E-21    0.1859688132E-06    0.2077205856E+26    0.1390306209E-09    0.6995173955E+05    0.4027337284E-09
    0.8510000000E+00    0.3608435782E-20    0.2491628434E-21    0.1903005833E-06    0.2734051281E+25    0.1960819332E-10    0.9865648470E+04    0.6086184595E-10
    0.8510000000E+00    0.3866508602E-20    0.2669827968E-21    0.1947332533E-06    0.8932304103E+24    0.6864271050E-11    0.3453683065E+04    0.2282979253E-10
