    0.9000000000E+00    0.4143038610E-23    0.2860772210E-24    0.1992691735E-07    0.0000000000E+00    0.0000000000E+00    0.0000000000E+00    0.0000000000E+00
    0.9000000000E+00    0.4439345853E-23    0.3065372650E-24    0.2039107488E-07    0.0000000000E+00    0.0000000000E+00    0.0000000000E+00    0.0000000000E+00
    0.9000000000E+00    0.4756844785E-23    0.3284605973E-24    0.2086604403E-07    0.0000000000E+00    0.0000000000E+00    0.0000000000E+00    0.0000000000E+00
    0.9000000000E+00    0.5097051019E-23    0.3519518710E-24    0.2135207663E-07    0.0000000000E+00    0.0000000000E+00    0.0000000000E+00    0.0000000000E+00
    0.9000000000E+00    0.5461588566E-23    0.3771232243E-24    0.2184943039E-07    0.0000000000E+00    0.0000000000E+00    0.0000000000E+00    0.0000000000E+00
    0.9000000000E+00    0.5852197586E-23    0.4040948153E-24    0.2235836900E-07    0.0000000000E+00    0.0000000000E+00    0.0000000000E+00    0.0000000000E+00
    0.9000000000E+00    0.6270742692E-23    0.4329953957E-24    0.2287916232E-07    0.0000000000E+00    0.0000000000E+00    0.0000000000E+00    0.0000000000E+00
    0.9000000000E+00    0.6719221852E-23    0.4639629256E-24    0.2341208647E-07    0.0000000000E+00    0.0000000000E+00    0.0000000000E+00    0.0000000000E+00
    0.9000000000E+00    0.7199775931E-23    0.4971452317E-24    0.2395742402E-07    0.0000000000E+00    0.0000000000E+00    0.0000000000E+00    0.0000000000E+00
    0.9000000000E+00    0.7714698903E-23    0.5327007132E-24    0.2451546411E-07    0.0000000000E+00    0.0000000000E+00    0.0000000000E+00    0.0000000000E+00
    0.9000000000E+00    0.8266448809E-23    0.5707990981E-24    0.2508650263E-07    0.0000000000E+00    0.0000000000E+00    0.0000000000E+00    0.0000000000E+00
    0.9000000000E+00    0.8857659485E-23    0.6116222531E-24    0.2567084234E-07    0.0000000000E+00    0.0000000000E+00    0.0000000000E+00    0.0000000000E+00
    0.9000000000E+00    0.9491153137E-23    0.6553650517E-24    0.2626879307E-07    0.0000000000E+00    0.0000000000E+00    0.0000000000E+00    0.0000000000E+00
    0.9000000000E+00    0.1016995382E-22    0.7022363048E-24    0.2688067187E-07    0.0000000000E+00    0.0000000000E+00    0.0000000000E+00    0.0000000000E+00
    0.9000000000E+00    0.1089730185E-22    0.7524597575E-24    0.2750680315E-07    0.0000000000E+00    0.0000000000E+00    0.0000000000E+00    0.0000000000E+00
    0.9000000000E+00    0.1167666930E-22    0.8062751566E-24    0.2814751890E-07    0.0000000000E+00    0.0000000000E+00    0.0000000000E+00    0.0000000000E+00
    0.9000000000E+00    0.1251177658E-22    0.8639393956E-24    0.2880315884E-07    0.0000000000E+00    0.0000000000E+00    0.0000000000E+00    0.0000000000E+00
    0.9000000000E+00    0.1340661015E-22    0.9257277409E-24    0.2947407060E-07    0.0000000000E+00    0.0000000000E+00    0.0000000000E+00    0.0000000000E+00
    0.9000000000E+00    0.1436544159E-22    0.9919351458E-24    0.3016060990E-07    0.0000000000E+00    0.0000000000E+00    0.0000000000E+00    0.0000000000E+00
    0.9000000000E+00    0.1539284799E-22    0.1062877658E-23    0.3086314075E-07    0.0000000000E+00    0.0000000000E+00    0.0000000000E+00    0.0000000000E+00
    0.9000000000E+00    0.1649373379E-22    0.1138893930E-23    0.3158203565E-07    0.0000000000E+00    0.0000000000E+00    0.0000000000E+00    0.0000000000E+00
    0.9000000000E+00    0.1767335417E-22    0.1220346833E-23    0.3231767576E-07    0.0000000000E+00    0.0000000000E+00    0.0000000000E+00    0.0000000000E+00
    0.9000000000E+00    0.1893734018E-22    0.1307625190E-23    0.3307045113E-07    0.0000000000E+00    0.0000000000E+00    0.0000000000E+00    0.0000000000E+00
    0.9000000000E+00    0.2029172559E-22    0.1401145635E-23    0.3384076090E-07    0.0000000000E+00    0.0000000000E+00    0.0000000000E+00    0.0000000000E+00
    0.9000000000E+00    0.2174297571E-22    0.1501354598E-23    0.3462901348E-07    0.0000000000E+00    0.0000000000E+00    0.0000000000E+00    0.0000000000E+00
    0.9000000000E+00    0.2329801823E-22    0.1608730435E-23    0.3543562682E-07    0.0000000000E+00    0.0000000000E+00    0.0000000000E+00    0.0000000000E+00
    0.9000000000E+00    0.2496427630E-22    0.1723785718E-23    0.3626102861E-07    0.0000000000E+00    0.0000000000E+00    0.0000000000E+00    0.0000000000E+00
    0.9000000000E+00    0.2674970400E-22    0.1847069675E-23    0.3710565646E-07    0.0000000000E+00    0.0000000000E+00    0.0000000000E+00    0.0000000000E+00
    0.9000000000E+00    0.2866282424E-22    0.1979170815E-23    0.3796995823E-07    0.0000000000E+00    0.0000000000E+00    0.0000000000E+00    0.0000000000E+00
    0.9000000000E+00    0.3071276952E-22    0.2120719737E-23    0.3885439218E-07    0.0000000000E+00    0.0000000000E+00    0.0000000000E+00    0.0000000000E+00
    0.9000000000E+00    0.3290932546E-22    0.2272392139E-23    0.3975942724E-07   -0.7337046971E-15   -0.4799016281E-52   -0.2414572667E-37   -0.1266113536E-53
    0.9000000000E+00    0.3526297755E-22    0.2434912046E-23    0.4068554327E-07   -0.3735491972E-14   -0.2618054791E-51   -0.1317245695E-36   -0.7401149212E-53
    0.9000000000E+00    0.3778496121E-22    0.2609055264E-23    0.4163323131E-07    0.3860052342E-14    0.2898839148E-51    0.1458519280E-36    0.8781011508E-53
    0.9000000000E+00    0.4048731538E-22    0.2795653084E-23    0.4260299385E-07    0.4052709162E-12    0.3261191954E-49    0.1640833140E-34    0.1058514449E-50
    0.9000000000E+00    0.4338294005E-22    0.2995596250E-23    0.4359534505E-07   -0.1108583633E-11   -0.9558712211E-49   -0.4809361728E-34   -0.3324450072E-50
    0.9000000000E+00    0.4648565778E-22    0.3209839213E-23    0.4461081109E-07   -0.1501629601E-09   -0.1387374617E-46   -0.6980423973E-32   -0.5170281310E-48
    0.9000000000E+00    0.4981027973E-22    0.3439404683E-23    0.4564993037E-07   -0.2075511599E-11   -0.2054736277E-48   -0.1033818133E-33   -0.8204960928E-50
    0.9000000000E+00    0.5337267633E-22    0.3685388516E-23    0.4671325384E-07    0.3328060012E-07    0.3530385030E-44    0.1776274698E-29    0.1510575726E-45
    0.9000000000E+00    0.5718985306E-22    0.3948964943E-23    0.4780134531E-07    0.3251241855E-07    0.3695559519E-44    0.1859380440E-29    0.1694340258E-45
    0.9000000000E+00    0.6128003161E-22    0.4231392172E-23    0.4891478167E-07   -0.4784332705E-05   -0.5827097663E-42   -0.2931840594E-27   -0.2862679485E-43
    0.9000000000E+00    0.6566273690E-22    0.4534018400E-23    0.5005415331E-07   -0.6499356773E-03   -0.8482059243E-40   -0.4267655538E-25   -0.4465002744E-41
    0.9000000000E+00    0.7035889022E-22    0.4858288246E-23    0.5122006431E-07   -0.1635502895E-01   -0.2287084660E-38   -0.1150721686E-23   -0.1290038494E-39
    0.9000000000E+00    0.7539090917E-22    0.5205749646E-23    0.5241313287E-07    0.7712712004E-02    0.1155681174E-38    0.5814683701E-24    0.6984872250E-40
    0.9000000000E+00    0.8078281461E-22    0.5578061244E-23    0.5363399157E-07    0.3296224662E+01    0.5292339892E-36    0.2662783058E-21    0.3427426553E-37
    0.9000000000E+00    0.8656034539E-22    0.5977000309E-23    0.5488328773E-07    0.1513689871E+03    0.2604160989E-34    0.1310255181E-19    0.1807125264E-35
    0.9000000000E+00    0.9275108115E-22    0.6404471218E-23    0.5616168372E-07    0.1532787765E+03    0.2825614750E-34    0.1421677224E-19    0.2101035438E-35
    0.9000000000E+00    0.9938457404E-22    0.6862514550E-23    0.5746985739E-07   -0.7369448102E+04   -0.1455679911E-32   -0.7324094605E-18   -0.1159808580E-33
    0.9000000000E+00    0.1064924897E-21    0.7353316823E-23    0.5880850233E-07   -0.4254046756E+06   -0.9003952241E-31   -0.4530240304E-16   -0.7686942128E-32
    0.9000000000E+00    0.1141087586E-21    0.7879220933E-23    0.6017832832E-07   -0.2047449617E+08   -0.4643486075E-29   -0.2336319341E-14   -0.4247805043E-30
    0.9000000000E+00    0.1222697377E-21    0.8442737340E-23    0.6158006166E-07   -0.8869416549E+09   -0.2155390557E-27   -0.1084461235E-12   -0.2112741701E-28
    0.9000000000E+00    0.1310143844E-21    0.9046556049E-23    0.6301444556E-07   -0.1540650569E+11   -0.4011761189E-26   -0.2018473859E-11   -0.4213621305E-27
    0.9000000000E+00    0.1403844422E-21    0.9693559452E-23    0.6448224056E-07   -0.1190734659E+11   -0.3322354106E-26   -0.1671606209E-11   -0.3739093692E-27
    0.9000000000E+00    0.1504246400E-21    0.1038683609E-22    0.6598422489E-07    0.4433619807E+12    0.1325529424E-24    0.6669256631E-10    0.1598489549E-25
    0.9000000000E+00    0.1611829057E-21    0.1112969539E-22    0.6752119493E-07    0.1394836691E+14    0.4468423084E-23    0.2248238308E-08    0.5773972558E-24
    0.9000000000E+00    0.1727105951E-21    0.1192568347E-22    0.6909396560E-07    0.3586470365E+15    0.1231113718E-21    0.6194214311E-07    0.1704584752E-22
    0.9000000000E+00    0.1850627369E-21    0.1277860007E-22    0.7070337081E-07    0.8345636264E+16    0.3069660717E-20    0.1544466288E-05    0.4554186432E-21
    0.9000000000E+00    0.1982982953E-21    0.1369251667E-22    0.7235026388E-07    0.4428255002E+17    0.1745273706E-19    0.8781154179E-05    0.2774495179E-20
    0.9000000000E+00    0.2124804516E-21    0.1467179595E-22    0.7403551802E-07    0.7287564938E+16    0.3077608421E-20    0.1548465089E-05    0.5242443883E-21
    0.9000000000E+00    0.2276769058E-21    0.1572111260E-22    0.7576002677E-07   -0.1073132393E+19   -0.4856062062E-18   -0.2443274629E-03   -0.8863487921E-19
    0.9000000000E+00    0.2439602000E-21    0.1684547565E-22    0.7752470448E-07   -0.1911955199E+20   -0.9270616919E-17   -0.4664409726E-02   -0.1813130503E-17
    0.9000000000E+00    0.2614080640E-21    0.1805025236E-22    0.7933048683E-07   -0.2821276406E+21   -0.1465806222E-15   -0.7375044033E-01   -0.3071828671E-16
    0.9000000000E+00    0.2801037871E-21    0.1934119387E-22    0.8117833125E-07   -0.3785147081E+22   -0.2107238457E-14   -0.1060234032E+01   -0.4731884248E-15
    0.9000000000E+00    0.3001366153E-21    0.2072446262E-22    0.8306921749E-07   -0.4677660855E+23   -0.2790356255E-13   -0.1403937297E+02   -0.6713980623E-14
    0.9000000000E+00    0.3216021775E-21    0.2220666179E-22    0.8500414813E-07   -0.5082200271E+24   -0.3248498712E-12   -0.1634446674E+03   -0.8375353136E-13
    0.9000000000E+00    0.3446029418E-21    0.2379486681E-22    0.8698414910E-07   -0.1186625379E+25   -0.8127267538E-12   -0.4089145964E+03   -0.2245251447E-12
    0.9000000000E+00    0.3692487048E-21    0.2549665916E-22    0.8901027021E-07   -0.4190074500E+24   -0.3075053448E-12   -0.1547179582E+03   -0.9102760105E-13
    0.9000000000E+00    0.3956571157E-21    0.2732016250E-22    0.9108358575E-07    0.1111280093E+26    0.8738853494E-11    0.4396858762E+04    0.2771882950E-11
    0.9000000000E+00    0.4239542377E-21    0.2927408154E-22    0.9320519501E-07    0.1167102602E+27    0.9834220938E-10    0.4947980937E+05    0.3342415139E-10
    0.9000000000E+00    0.4542751502E-21    0.3136774352E-22    0.9537622289E-07    0.9465013051E+27    0.8545788516E-09    0.4299720226E+06    0.3112236342E-09
    0.9000000000E+00    0.4867645933E-21    0.3361114274E-22    0.9759782052E-07    0.6894896949E+28    0.6670504838E-08    0.3356191710E+07    0.2603029753E-08
    0.9000000000E+00    0.5215776589E-21    0.3601498832E-22    0.9987116580E-07    0.4635808746E+29    0.4805697547E-07    0.2417934273E+08    0.2009448421E-07
    0.9000000000E+00    0.5588805307E-21    0.3859075526E-22    0.1021974641E-06    0.2897206603E+30    0.3218180435E-06    0.1619192364E+09    0.1441885648E-06
    0.9000000000E+00    0.5988512779E-21    0.4135073927E-22    0.1045779488E-06    0.1687482042E+31    0.2008491896E-05    0.1010550777E+10    0.9642519202E-06
    0.9000000000E+00    0.6416807053E-21    0.4430811541E-22    0.1070138822E-06    0.9173030578E+31    0.1169886596E-04    0.5886156731E+10    0.6018166430E-05
    0.9000000000E+00    0.6875732635E-21    0.4747700104E-22    0.1095065557E-06    0.4657398849E+32    0.6364647496E-04    0.3202302926E+11    0.3508284333E-04
    0.9000000000E+00    0.7367480256E-21    0.5087252317E-22    0.1120572911E-06    0.2209167808E+33    0.3234890839E-03    0.1627600021E+12    0.1910645249E-03
    0.9000000000E+00    0.7894397325E-21    0.5451089068E-22    0.1146674407E-06    0.9785633886E+33    0.1535394170E-02    0.7725168198E+12    0.9717181527E-03
    0.9000000000E+00    0.8458999137E-21    0.5840947171E-22    0.1173383885E-06    0.4043362274E+34    0.6797881325E-02    0.3420279799E+13    0.4609926565E-02
    0.9000000000E+00    0.9063980879E-21    0.6258687655E-22    0.1200715507E-06    0.1496588588E+35    0.2696083590E-01    0.1356505034E+14    0.1959087266E-01
    0.9000000000E+00    0.9712230494E-21    0.6706304648E-22    0.1228683764E-06    0.3492511444E+35    0.6741689737E-01    0.3392007615E+14    0.5249152503E-01
    0.9000000000E+00    0.1040684247E-20    0.7185934897E-22    0.1257303485E-06    0.5455075049E+35    0.1128318357E+00    0.5677010670E+14    0.9413520710E-01
    0.9000000000E+00    0.1115113261E-20    0.7699867968E-22    0.1286589846E-06    0.6440737526E+35    0.1427468472E+00    0.7182151829E+14    0.1276106597E+00
    0.9000000000E+00    0.1194865387E-20    0.8250557175E-22    0.1316558373E-06    0.6463820379E+35    0.1535041790E+00    0.7723395239E+14    0.1470417396E+00
    0.9000000000E+00    0.1280321329E-20    0.8840631292E-22    0.1347224957E-06    0.6196784370E+35    0.1576875146E+00    0.7933875203E+14    0.1618518757E+00
    0.9000000000E+00    0.1371889021E-20    0.9472907100E-22    0.1378605858E-06    0.5059100003E+35    0.1379444361E+00    0.6940523752E+14    0.1517136360E+00
    0.9000000000E+00    0.1470005571E-20    0.1015040283E-21    0.1410717713E-06    0.3307023371E+35    0.9662025692E-01    0.4861342779E+14    0.1138645716E+00
    0.9000000000E+00    0.1575139348E-20    0.1087635259E-21    0.1443577550E-06    0.1779453429E+35    0.5570799786E-01    0.2802887114E+14    0.7034576857E-01
    0.9000000000E+00    0.1687792220E-20    0.1165422177E-21    0.1477202791E-06    0.7901966509E+34    0.2650733755E-01    0.1333687760E+14    0.3586629673E-01
    0.9000000000E+00    0.1808501947E-20    0.1248772362E-21    0.1511611264E-06    0.2858386321E+34    0.1027429068E-01    0.5169397227E+13    0.1489608965E-01
    0.9000000000E+00    0.1937844750E-20    0.1338083694E-21    0.1546821213E-06    0.7536593853E+33    0.2902725951E-02    0.1460474883E+13    0.4509479992E-02
    0.9000000000E+00    0.2076438060E-20    0.1433782510E-21    0.1582851308E-06    0.3821838906E+32    0.1577260042E-03    0.7935811763E+11    0.2625570775E-03
    0.9000000000E+00    0.2224943467E-20    0.1536325639E-21    0.1619720651E-06    0.4511376329E+30    0.1994986588E-05    0.1003755729E+10    0.3558446241E-05
    0.9000000000E+00    0.2384069878E-20    0.1646202581E-21    0.1657448792E-06    0.1084037882E+30    0.5136595688E-06    0.2584422061E+09    0.9817384748E-06
    0.9000000000E+00    0.2554576900E-20    0.1763937846E-21    0.1696055734E-06    0.1855225217E+29    0.9419493761E-07    0.4739315484E+08    0.1929070019E-06
    0.9000000000E+00    0.2737278465E-20    0.1890093455E-21    0.1735561947E-06    0.2788284331E+28    0.1516938528E-07    0.7632310652E+07    0.3328805426E-07
    0.9000000000E+00    0.2933046719E-20    0.2025271626E-21    0.1775988378E-06    0.6832357394E+27    0.3982919233E-08    0.2003962344E+07    0.9365305060E-08
    0.9000000000E+00    0.3142816182E-20    0.2170117645E-21    0.1817356462E-06    0.1503996913E+27    0.9394590811E-09    0.4726785837E+06    0.2367000216E-08
    0.9000000000E+00    0.3367588212E-20    0.2325322952E-21    0.1859688132E-06    0.3602892718E+26    0.2411472171E-09    0.1213305905E+06    0.6510325206E-09
    0.9000000000E+00    0.3608435782E-20    0.2491628434E-21    0.1903005833E-06    0.5198238721E+25    0.3728096487E-10    0.1875751060E+05    0.1078468768E-09
    0.9000000000E+00    0.3866508602E-20    0.2669827968E-21    0.1947332533E-06    0.1725866716E+25    0.1326289029E-10    0.6673078503E+04    0.4111105349E-10
