    0.8550000000E+00    0.4143038610E-23    0.2860772210E-24    0.1992691735E-07    0.0000000000E+00    0.0000000000E+00    0.0000000000E+00    0.0000000000E+00
    0.8550000000E+00    0.4439345853E-23    0.3065372650E-24    0.2039107488E-07    0.0000000000E+00    0.0000000000E+00    0.0000000000E+00    0.0000000000E+00
    0.8550000000E+00    0.4756844785E-23    0.3284605973E-24    0.2086604403E-07    0.0000000000E+00    0.0000000000E+00    0.0000000000E+00    0.0000000000E+00
    0.8550000000E+00    0.5097051019E-23    0.3519518710E-24    0.2135207663E-07    0.0000000000E+00    0.0000000000E+00    0.0000000000E+00    0.0000000000E+00
    0.8550000000E+00    0.5461588566E-23    0.3771232243E-24    0.2184943039E-07    0.0000000000E+00    0.0000000000E+00    0.0000000000E+00    0.0000000000E+00
    0.8550000000E+00    0.5852197586E-23    0.4040948153E-24    0.2235836900E-07    0.0000000000E+00    0.0000000000E+00    0.0000000000E+00    0.0000000000E+00
    0.8550000000E+00    0.6270742692E-23    0.4329953957E-24    0.2287916232E-07    0.0000000000E+00    0.0000000000E+00    0.0000000000E+00    0.0000000000E+00
    0.8550000000E+00    0.6719221852E-23    0.4639629256E-24    0.2341208647E-07    0.0000000000E+00    0.0000000000E+00    0.0000000000E+00    0.0000000000E+00
    0.8550000000E+00    0.7199775931E-23    0.4971452317E-24    0.2395742402E-07    0.0000000000E+00    0.0000000000E+00    0.0000000000E+00    0.0000000000E+00
    0.8550000000E+00    0.7714698903E-23    0.5327007132E-24    0.2451546411E-07    0.0000000000E+00    0.0000000000E+00    0.0000000000E+00    0.0000000000E+00
    0.8550000000E+00    0.8266448809E-23    0.5707990981E-24    0.2508650263E-07    0.0000000000E+00    0.0000000000E+00    0.0000000000E+00    0.0000000000E+00
    0.8550000000E+00    0.8857659485E-23    0.6116222531E-24    0.2567084234E-07    0.0000000000E+00    0.0000000000E+00    0.0000000000E+00    0.0000000000E+00
    0.8550000000E+00    0.9491153137E-23    0.6553650517E-24    0.2626879307E-07    0.0000000000E+00    0.0000000000E+00    0.0000000000E+00    0.0000000000E+00
    0.8550000000E+00    0.1016995382E-22    0.7022363048E-24    0.2688067187E-07    0.0000000000E+00    0.0000000000E+00    0.0000000000E+00    0.0000000000E+00
    0.8550000000E+00    0.1089730185E-22    0.7524597575E-24    0.2750680315E-07    0.0000000000E+00    0.0000000000E+00    0.0000000000E+00    0.0000000000E+00
    0.8550000000E+00    0.1167666930E-22    0.8062751566E-24    0.2814751890E-07    0.0000000000E+00    0.0000000000E+00    0.0000000000E+00    0.0000000000E+00
    0.8550000000E+00    0.1251177658E-22    0.8639393956E-24    0.2880315884E-07    0.0000000000E+00    0.0000000000E+00    0.0000000000E+00    0.0000000000E+00
    0.8550000000E+00    0.1340661015E-22    0.9257277409E-24    0.2947407060E-07    0.0000000000E+00    0.0000000000E+00    0.0000000000E+00    0.0000000000E+00
    0.8550000000E+00    0.1436544159E-22    0.9919351458E-24    0.3016060990E-07    0.0000000000E+00    0.0000000000E+00    0.0000000000E+00    0.0000000000E+00
    0.8550000000E+00    0.1539284799E-22    0.1062877658E-23    0.3086314075E-07    0.0000000000E+00    0.0000000000E+00    0.0000000000E+00    0.0000000000E+00
    0.8550000000E+00    0.1649373379E-22    0.1138893930E-23    0.3158203565E-07    0.0000000000E+00    0.0000000000E+00    0.0000000000E+00    0.0000000000E+00
    0.8550000000E+00    0.1767335417E-22    0.1220346833E-23    0.3231767576E-07    0.0000000000E+00    0.0000000000E+00    0.0000000000E+00    0.0000000000E+00
    0.8550000000E+00    0.1893734018E-22    0.1307625190E-23    0.3307045113E-07    0.0000000000E+00    0.0000000000E+00    0.0000000000E+00    0.0000000000E+00
    0.8550000000E+00    0.2029172559E-22    0.1401145635E-23    0.3384076090E-07    0.0000000000E+00    0.0000000000E+00    0.0000000000E+00    0.0000000000E+00
    0.8550000000E+00    0.2174297571E-22    0.1501354598E-23    0.3462901348E-07    0.0000000000E+00    0.0000000000E+00    0.0000000000E+00    0.0000000000E+00
    0.8550000000E+00    0.2329801823E-22    0.1608730435E-23    0.3543562682E-07    0.0000000000E+00    0.0000000000E+00    0.0000000000E+00    0.0000000000E+00
    0.8550000000E+00    0.2496427630E-22    0.1723785718E-23    0.3626102861E-07   -0.1013348356E-15   -0.5027935425E-53   -0.2529750836E-38   -0.1072543652E-54
    0.8550000000E+00    0.2674970400E-22    0.1847069675E-23    0.3710565646E-07    0.0000000000E+00    0.0000000000E+00    0.0000000000E+00    0.0000000000E+00
    0.8550000000E+00    0.2866282424E-22    0.1979170815E-23    0.3796995823E-07   -0.1297590462E-15   -0.7392112513E-53   -0.3719260736E-38   -0.1810480511E-54
    0.8550000000E+00    0.3071276952E-22    0.2120719737E-23    0.3885439218E-07   -0.2257894920E-14   -0.1378271101E-51   -0.6934620627E-37   -0.3617095172E-53
    0.8550000000E+00    0.3290932546E-22    0.2272392139E-23    0.3975942724E-07   -0.2942678290E-13   -0.1924747256E-50   -0.9684155756E-36   -0.5412513526E-52
    0.8550000000E+00    0.3526297755E-22    0.2434912046E-23    0.4068554327E-07   -0.1235238703E-13   -0.8657286987E-51   -0.4355819464E-36   -0.2608597658E-52
    0.8550000000E+00    0.3778496121E-22    0.2609055264E-23    0.4163323131E-07    0.3180649744E-11    0.2388618385E-48    0.1201807272E-33    0.7712089417E-50
    0.8550000000E+00    0.4048731538E-22    0.2795653084E-23    0.4260299385E-07    0.2650197620E-11    0.2132598913E-48    0.1072993868E-33    0.7377928958E-50
    0.8550000000E+00    0.4338294005E-22    0.2995596250E-23    0.4359534505E-07   -0.8027599432E-09   -0.6921761285E-46   -0.3482608649E-31   -0.2565912858E-47
    0.8550000000E+00    0.4648565778E-22    0.3209839213E-23    0.4461081109E-07   -0.1660857369E-08   -0.1534487170E-45   -0.7720604728E-31   -0.6095208234E-47
    0.8550000000E+00    0.4981027973E-22    0.3439404683E-23    0.4564993037E-07    0.9879045930E-07    0.9780159295E-44    0.4920780412E-29    0.4162662629E-45
    0.8550000000E+00    0.5337267633E-22    0.3685388516E-23    0.4671325384E-07    0.4349443406E-06    0.4613862079E-43    0.2321414351E-28    0.2104213942E-44
    0.8550000000E+00    0.5718985306E-22    0.3948964943E-23    0.4780134531E-07   -0.7906897037E-05   -0.8987460764E-42   -0.4521942797E-27   -0.4391999611E-43
    0.8550000000E+00    0.6128003161E-22    0.4231392172E-23    0.4891478167E-07   -0.1139541428E-02   -0.1387909162E-39   -0.6983113476E-25   -0.7267521550E-41
    0.8550000000E+00    0.6566273690E-22    0.4534018400E-23    0.5005415331E-07   -0.7230079519E-01   -0.9435697248E-38   -0.4747468092E-23   -0.5294187074E-39
    0.8550000000E+00    0.7035889022E-22    0.4858288246E-23    0.5122006431E-07   -0.6990205801E-01   -0.9775092733E-38   -0.4918231226E-23   -0.5876871187E-39
    0.8550000000E+00    0.7539090917E-22    0.5205749646E-23    0.5241313287E-07    0.5618296964E+01    0.8418517417E-36    0.4235685161E-21    0.5423265926E-37
    0.8550000000E+00    0.8078281461E-22    0.5578061244E-23    0.5363399157E-07    0.4256297392E+03    0.6833809826E-34    0.3438356832E-19    0.4717242194E-35
    0.8550000000E+00    0.8656034539E-22    0.5977000309E-23    0.5488328773E-07    0.9818109958E+03    0.1689113432E-33    0.8498589890E-19    0.1249349943E-34
    0.8550000000E+00    0.9275108115E-22    0.6404471218E-23    0.5616168372E-07   -0.1171149588E+05   -0.2158953527E-32   -0.1086253905E-17   -0.1711073162E-33
    0.8550000000E+00    0.9938457404E-22    0.6862514550E-23    0.5746985739E-07   -0.7338476422E+06   -0.1449562105E-30   -0.7293313533E-16   -0.1231011507E-31
    0.8550000000E+00    0.1064924897E-21    0.7353316823E-23    0.5880850233E-07   -0.3485670876E+08   -0.7377637317E-29   -0.3711977699E-14   -0.6713400973E-30
    0.8550000000E+00    0.1141087586E-21    0.7879220933E-23    0.6017832832E-07   -0.1484299367E+10   -0.3366296970E-27   -0.1693715582E-12   -0.3282295760E-28
    0.8550000000E+00    0.1222697377E-21    0.8442737340E-23    0.6158006166E-07   -0.3971224806E+11   -0.9650624026E-26   -0.4855606155E-11   -0.1008278907E-26
    0.8550000000E+00    0.1310143844E-21    0.9046556049E-23    0.6301444556E-07   -0.5060533844E+11   -0.1317732501E-25   -0.6630027265E-11   -0.1475205569E-26
    0.8550000000E+00    0.1403844422E-21    0.9693559452E-23    0.6448224056E-07    0.6674210896E+12    0.1862219412E-24    0.9369553736E-10    0.2233860944E-25
    0.8550000000E+00    0.1504246400E-21    0.1038683609E-22    0.6598422489E-07    0.2247992017E+14    0.6720872994E-23    0.3381533898E-08    0.8638751356E-24
    0.8550000000E+00    0.1611829057E-21    0.1112969539E-22    0.6752119493E-07    0.5715250047E+15    0.1830906472E-21    0.9212006093E-07    0.2521688544E-22
    0.8550000000E+00    0.1727105951E-21    0.1192568347E-22    0.6909396560E-07    0.1307349239E+17    0.4487686829E-20    0.2257930651E-05    0.6622894361E-21
    0.8550000000E+00    0.1850627369E-21    0.1277860007E-22    0.7070337081E-07    0.9487248842E+17    0.3489564385E-19    0.1755736236E-04    0.5518188114E-20
    0.8550000000E+00    0.1982982953E-21    0.1369251667E-22    0.7235026388E-07    0.5509554971E+17    0.2171438054E-19    0.1092535358E-04    0.3679363791E-20
    0.8550000000E+00    0.2124804516E-21    0.1467179595E-22    0.7403551802E-07   -0.1547160290E+19   -0.6533805981E-18   -0.3287413171E-03   -0.1186291776E-18
    0.8550000000E+00    0.2276769058E-21    0.1572111260E-22    0.7576002677E-07   -0.2840575197E+20   -0.1285396800E-16   -0.6467333717E-02   -0.2500705217E-17
    0.8550000000E+00    0.2439602000E-21    0.1684547565E-22    0.7752470448E-07   -0.4137937388E+21   -0.2006387618E-15   -0.1009492033E+00   -0.4182540207E-16
    0.8550000000E+00    0.2614080640E-21    0.1805025236E-22    0.7933048683E-07   -0.5452192671E+22   -0.2832710018E-14   -0.1425247130E+01   -0.6327430799E-15
    0.8550000000E+00    0.2801037871E-21    0.1934119387E-22    0.8117833125E-07   -0.6609641183E+23   -0.3679669453E-13   -0.1851385527E+02   -0.8807123637E-14
    0.8550000000E+00    0.3001366153E-21    0.2072446262E-22    0.8306921749E-07   -0.7235012952E+24   -0.4315888704E-12   -0.2171492299E+03   -0.1106867211E-12
    0.8550000000E+00    0.3216021775E-21    0.2220666179E-22    0.8500414813E-07   -0.1881140738E+25   -0.1202408984E-11   -0.6049789575E+03   -0.3304284993E-12
    0.8550000000E+00    0.3446029418E-21    0.2379486681E-22    0.8698414910E-07   -0.9586333830E+24   -0.6565736849E-12   -0.3303478839E+03   -0.1933342322E-12
    0.8550000000E+00    0.3692487048E-21    0.2549665916E-22    0.8901027021E-07    0.1390957196E+26    0.1020809468E-10    0.5136091432E+04    0.3220846112E-11
    0.8550000000E+00    0.3956571157E-21    0.2732016250E-22    0.9108358575E-07    0.1494404735E+27    0.1175165840E-09    0.5912718671E+05    0.3973053786E-10
    0.8550000000E+00    0.4239542377E-21    0.2927408154E-22    0.9320519501E-07    0.1198825468E+28    0.1010152364E-08    0.5082471374E+06    0.3659419265E-09
    0.8550000000E+00    0.4542751502E-21    0.3136774352E-22    0.9537622289E-07    0.8593275816E+28    0.7758712786E-08    0.3903711662E+07    0.3011722552E-08
    0.8550000000E+00    0.4867645933E-21    0.3361114274E-22    0.9759782052E-07    0.5678603682E+29    0.5493795428E-07    0.2764143212E+08    0.2285060848E-07
    0.8550000000E+00    0.5215776589E-21    0.3601498832E-22    0.9987116580E-07    0.3487224869E+30    0.3615021438E-06    0.1818858583E+09    0.1611150694E-06
    0.8550000000E+00    0.5588805307E-21    0.3859075526E-22    0.1021974641E-06    0.1996012194E+31    0.2217145088E-05    0.1115532354E+10    0.1058813328E-05
    0.8550000000E+00    0.5988512779E-21    0.4135073927E-22    0.1045779488E-06    0.1066585093E+32    0.1269481667E-04    0.6387258459E+10    0.6496085300E-05
    0.8550000000E+00    0.6416807053E-21    0.4430811541E-22    0.1070138822E-06    0.5326299181E+32    0.6792919707E-04    0.3417783415E+11    0.3724618249E-04
    0.8550000000E+00    0.6875732635E-21    0.4747700104E-22    0.1095065557E-06    0.2486966377E+33    0.3398606140E-03    0.1709971588E+12    0.1996761173E-03
    0.8550000000E+00    0.7367480256E-21    0.5087252317E-22    0.1120572911E-06    0.1085587893E+34    0.1589629506E-02    0.7998047370E+12    0.1000739866E-02
    0.8550000000E+00    0.7894397325E-21    0.5451089068E-22    0.1146674407E-06    0.4426114849E+34    0.6944701809E-02    0.3494150923E+13    0.4684668758E-02
    0.8550000000E+00    0.8458999137E-21    0.5840947171E-22    0.1173383885E-06    0.1604872602E+35    0.2698183529E-01    0.1357561595E+14    0.1950279125E-01
    0.8550000000E+00    0.9063980879E-21    0.6258687655E-22    0.1200715507E-06    0.3667219828E+35    0.6606445673E-01    0.3323961040E+14    0.5116737692E-01
    0.8550000000E+00    0.9712230494E-21    0.6706304648E-22    0.1228683764E-06    0.5697379108E+35    0.1099780570E+00    0.5533425911E+14    0.9127068883E-01
    0.8550000000E+00    0.1040684247E-20    0.7185934897E-22    0.1257303485E-06    0.6751258137E+35    0.1396418641E+00    0.7025927991E+14    0.1241769313E+00
    0.8550000000E+00    0.1115113261E-20    0.7699867968E-22    0.1286589846E-06    0.6789755307E+35    0.1504821706E+00    0.7571346185E+14    0.1433871830E+00
    0.8550000000E+00    0.1194865387E-20    0.8250557175E-22    0.1316558373E-06    0.6541740896E+35    0.1553546520E+00    0.7816499768E+14    0.1586169330E+00
    0.8550000000E+00    0.1280321329E-20    0.8840631292E-22    0.1347224957E-06    0.5431865346E+35    0.1382228742E+00    0.6954533062E+14    0.1512185972E+00
    0.8550000000E+00    0.1371889021E-20    0.9472907100E-22    0.1378605858E-06    0.3631983626E+35    0.9903183033E-01    0.4982678463E+14    0.1160914115E+00
    0.8550000000E+00    0.1470005571E-20    0.1015040283E-21    0.1410717713E-06    0.2016226641E+35    0.5890745671E-01    0.2963864395E+14    0.7399383867E-01
    0.8550000000E+00    0.1575139348E-20    0.1087635259E-21    0.1443577550E-06    0.9375405504E+34    0.2935087040E-01    0.1476757011E+14    0.3950447280E-01
    0.8550000000E+00    0.1687792220E-20    0.1165422177E-21    0.1477202791E-06    0.3631054266E+34    0.1218045925E-01    0.6128465140E+13    0.1756665002E-01
    0.8550000000E+00    0.1808501947E-20    0.1248772362E-21    0.1511611264E-06    0.1138433827E+34    0.4092029120E-02    0.2058859792E+13    0.6323594327E-02
    0.8550000000E+00    0.1937844750E-20    0.1338083694E-21    0.1546821213E-06    0.1942138467E+33    0.7480163901E-03    0.3763562831E+12    0.1238615184E-02
    0.8550000000E+00    0.2076438060E-20    0.1433782510E-21    0.1582851308E-06    0.1080002817E+31    0.4457135246E-05    0.2242558955E+10    0.7908262891E-05
    0.8550000000E+00    0.2224943467E-20    0.1536325639E-21    0.1619720651E-06    0.2623173587E+30    0.1159999907E-05    0.5836412935E+09    0.2205379027E-05
    0.8550000000E+00    0.2384069878E-20    0.1646202581E-21    0.1657448792E-06    0.6154283224E+29    0.2916140220E-06    0.1467224126E+09    0.5940646200E-06
    0.8550000000E+00    0.2554576900E-20    0.1763937846E-21    0.1696055734E-06    0.9506617489E+28    0.4826773767E-07    0.2428538543E+08    0.1053615690E-06
    0.8550000000E+00    0.2737278465E-20    0.1890093455E-21    0.1735561947E-06    0.1697574610E+28    0.9235486864E-08    0.4646734423E+07    0.2160155825E-07
    0.8550000000E+00    0.2933046719E-20    0.2025271626E-21    0.1775988378E-06    0.4161515649E+27    0.2425953409E-08    0.1220591982E+07    0.6080058271E-08
    0.8550000000E+00    0.3142816182E-20    0.2170117645E-21    0.1817356462E-06    0.9185359807E+26    0.5737558108E-09    0.2886789744E+06    0.1540821687E-08
    0.8550000000E+00    0.3367588212E-20    0.2325322952E-21    0.1859688132E-06    0.2187166736E+26    0.1463904737E-09    0.7365476917E+05    0.4212482422E-09
    0.8550000000E+00    0.3608435782E-20    0.2491628434E-21    0.1903005833E-06    0.2907575847E+25    0.2085268469E-10    0.1049180072E+05    0.6429648955E-10
    0.8550000000E+00    0.3866508602E-20    0.2669827968E-21    0.1947332533E-06    0.9502780585E+24    0.7302669157E-11    0.3674258287E+04    0.2412719927E-10
