    0.8010000000E+00    0.4143038610E-23    0.2860772210E-24    0.1992691735E-07    0.0000000000E+00    0.0000000000E+00    0.0000000000E+00    0.0000000000E+00
    0.8010000000E+00    0.4439345853E-23    0.3065372650E-24    0.2039107488E-07    0.0000000000E+00    0.0000000000E+00    0.0000000000E+00    0.0000000000E+00
    0.8010000000E+00    0.4756844785E-23    0.3284605973E-24    0.2086604403E-07    0.0000000000E+00    0.0000000000E+00    0.0000000000E+00    0.0000000000E+00
    0.8010000000E+00    0.5097051019E-23    0.3519518710E-24    0.2135207663E-07    0.0000000000E+00    0.0000000000E+00    0.0000000000E+00    0.0000000000E+00
    0.8010000000E+00    0.5461588566E-23    0.3771232243E-24    0.2184943039E-07    0.0000000000E+00    0.0000000000E+00    0.0000000000E+00    0.0000000000E+00
    0.8010000000E+00    0.5852197586E-23    0.4040948153E-24    0.2235836900E-07    0.0000000000E+00    0.0000000000E+00    0.0000000000E+00    0.0000000000E+00
    0.8010000000E+00    0.6270742692E-23    0.4329953957E-24    0.2287916232E-07    0.0000000000E+00    0.0000000000E+00    0.0000000000E+00    0.0000000000E+00
    0.8010000000E+00    0.6719221852E-23    0.4639629256E-24    0.2341208647E-07    0.0000000000E+00    0.0000000000E+00    0.0000000000E+00    0.0000000000E+00
    0.8010000000E+00    0.7199775931E-23    0.4971452317E-24    0.2395742402E-07    0.0000000000E+00    0.0000000000E+00    0.0000000000E+00    0.0000000000E+00
    0.8010000000E+00    0.7714698903E-23    0.5327007132E-24    0.2451546411E-07    0.0000000000E+00    0.0000000000E+00    0.0000000000E+00    0.0000000000E+00
    0.8010000000E+00    0.8266448809E-23    0.5707990981E-24    0.2508650263E-07    0.0000000000E+00    0.0000000000E+00    0.0000000000E+00    0.0000000000E+00
    0.8010000000E+00    0.8857659485E-23    0.6116222531E-24    0.2567084234E-07    0.0000000000E+00    0.0000000000E+00    0.0000000000E+00    0.0000000000E+00
    0.8010000000E+00    0.9491153137E-23    0.6553650517E-24    0.2626879307E-07    0.0000000000E+00    0.0000000000E+00    0.0000000000E+00    0.0000000000E+00
    0.8010000000E+00    0.1016995382E-22    0.7022363048E-24    0.2688067187E-07    0.0000000000E+00    0.0000000000E+00    0.0000000000E+00    0.0000000000E+00
    0.8010000000E+00    0.1089730185E-22    0.7524597575E-24    0.2750680315E-07    0.0000000000E+00    0.0000000000E+00    0.0000000000E+00    0.0000000000E+00
    0.8010000000E+00    0.1167666930E-22    0.8062751566E-24    0.2814751890E-07    0.0000000000E+00    0.0000000000E+00    0.0000000000E+00    0.0000000000E+00
    0.8010000000E+00    0.1251177658E-22    0.8639393956E-24    0.2880315884E-07    0.0000000000E+00    0.0000000000E+00    0.0000000000E+00    0.0000000000E+00
    0.8010000000E+00    0.1340661015E-22    0.9257277409E-24    0.2947407060E-07    0.0000000000E+00    0.0000000000E+00    0.0000000000E+00    0.0000000000E+00
    0.8010000000E+00    0.1436544159E-22    0.9919351458E-24    0.3016060990E-07    0.0000000000E+00    0.0000000000E+00    0.0000000000E+00    0.0000000000E+00
    0.8010000000E+00    0.1539284799E-22    0.1062877658E-23    0.3086314075E-07   -0.2015947241E-15   -0.6167513176E-53   -0.3103116944E-38   -0.9034798699E-55
    0.8010000000E+00    0.1649373379E-22    0.1138893930E-23    0.3158203565E-07   -0.3107140209E-15   -0.1018572097E-52   -0.5124834344E-38   -0.1598822199E-54
    0.8010000000E+00    0.1767335417E-22    0.1220346833E-23    0.3231767576E-07   -0.4181012045E-15   -0.1468629821E-52   -0.7389250665E-38   -0.2470135272E-54
    0.8010000000E+00    0.1893734018E-22    0.1307625190E-23    0.3307045113E-07   -0.4534285128E-15   -0.1706631472E-52   -0.8586729995E-38   -0.3075729548E-54
    0.8010000000E+00    0.2029172559E-22    0.1401145635E-23    0.3384076090E-07    0.3304155861E-15    0.1332574349E-52    0.6704702404E-38    0.2573355840E-54
    0.8010000000E+00    0.2174297571E-22    0.1501354598E-23    0.3462901348E-07    0.5582532401E-14    0.2412471416E-51    0.1213808664E-36    0.4991953957E-53
    0.8010000000E+00    0.2329801823E-22    0.1608730435E-23    0.3543562682E-07    0.5051214022E-14    0.2338981000E-51    0.1176832763E-36    0.5186030764E-53
    0.8010000000E+00    0.2496427630E-22    0.1723785718E-23    0.3626102861E-07   -0.3324922293E-13   -0.1649728297E-50   -0.8300427879E-36   -0.3919411101E-52
    0.8010000000E+00    0.2674970400E-22    0.1847069675E-23    0.3710565646E-07   -0.2981608843E-12   -0.1585190977E-49   -0.7975715399E-35   -0.4035431562E-51
    0.8010000000E+00    0.2866282424E-22    0.1979170815E-23    0.3796995823E-07   -0.3555156969E-12   -0.2025301594E-49   -0.1019008394E-34   -0.5524565147E-51
    0.8010000000E+00    0.3071276952E-22    0.2120719737E-23    0.3885439218E-07    0.7850546587E-12    0.4792154585E-49    0.2411120279E-34    0.1400680923E-50
    0.8010000000E+00    0.3290932546E-22    0.2272392139E-23    0.3975942724E-07    0.2726663255E-10    0.1783456124E-47    0.8973264846E-33    0.5585612766E-49
    0.8010000000E+00    0.3526297755E-22    0.2434912046E-23    0.4068554327E-07    0.1674185653E-09    0.1173368810E-46    0.5903677110E-32    0.3937702801E-48
    0.8010000000E+00    0.3778496121E-22    0.2609055264E-23    0.4163323131E-07   -0.3653457456E-09   -0.2743689608E-46   -0.1380457482E-31   -0.9866051384E-48
    0.8010000000E+00    0.4048731538E-22    0.2795653084E-23    0.4260299385E-07   -0.4800999245E-07   -0.3863336716E-44   -0.1943795706E-29   -0.1488575807E-45
    0.8010000000E+00    0.4338294005E-22    0.2995596250E-23    0.4359534505E-07   -0.3619071732E-07   -0.3120528224E-44   -0.1570059720E-29   -0.1288357855E-45
    0.8010000000E+00    0.4648565778E-22    0.3209839213E-23    0.4461081109E-07    0.6962656501E-05    0.6432886574E-42    0.3236636673E-27    0.2845864961E-43
    0.8010000000E+00    0.4981027973E-22    0.3439404683E-23    0.4564993037E-07    0.9699164656E-05    0.9602078586E-42    0.4831181046E-27    0.4551700215E-43
    0.8010000000E+00    0.5337267633E-22    0.3685388516E-23    0.4671325384E-07   -0.6639595991E-03   -0.7043241469E-40   -0.3543730077E-25   -0.3577510957E-41
    0.8010000000E+00    0.5718985306E-22    0.3948964943E-23    0.4780134531E-07   -0.8033631040E-01   -0.9131514350E-38   -0.4594421787E-23   -0.4969940628E-39
    0.8010000000E+00    0.6128003161E-22    0.4231392172E-23    0.4891478167E-07   -0.1745683072E+01   -0.2126161865E-36   -0.1069755138E-21   -0.1239951559E-37
    0.8010000000E+00    0.6566273690E-22    0.4534018400E-23    0.5005415331E-07    0.8560278671E+00    0.1117168873E-36    0.5620913261E-22    0.6981154050E-38
    0.8010000000E+00    0.7035889022E-22    0.4858288246E-23    0.5122006431E-07    0.3108854135E+03    0.4347416703E-34    0.2187355268E-19    0.2910982968E-35
    0.8010000000E+00    0.7539090917E-22    0.5205749646E-23    0.5241313287E-07    0.9586836390E+04    0.1436502015E-32    0.7227603115E-18    0.1030658132E-33
    0.8010000000E+00    0.8078281461E-22    0.5578061244E-23    0.5363399157E-07    0.7044917035E+04    0.1131115118E-32    0.5691082268E-18    0.8695913309E-34
    0.8010000000E+00    0.8656034539E-22    0.5977000309E-23    0.5488328773E-07   -0.5396593481E+06   -0.9284331279E-31   -0.4671309957E-16   -0.7648196246E-32
    0.8010000000E+00    0.9275108115E-22    0.6404471218E-23    0.5616168372E-07   -0.2733104427E+08   -0.5038336266E-29   -0.2534983905E-14   -0.4447290966E-30
    0.8010000000E+00    0.9938457404E-22    0.6862514550E-23    0.5746985739E-07   -0.1170076384E+10   -0.2311240494E-27   -0.1162875431E-12   -0.2186016988E-28
    0.8010000000E+00    0.1064924897E-21    0.7353316823E-23    0.5880850233E-07   -0.4513671372E+11   -0.9553463749E-26   -0.4806721022E-11   -0.9682093107E-27
    0.8010000000E+00    0.1141087586E-21    0.7879220933E-23    0.6017832832E-07   -0.3899780533E+12   -0.8844455291E-25   -0.4449991154E-10   -0.9604604489E-26
    0.8010000000E+00    0.1222697377E-21    0.8442737340E-23    0.6158006166E-07   -0.8332762087E+09   -0.2024976120E-27   -0.1018844635E-12   -0.2356287616E-28
    0.8010000000E+00    0.1310143844E-21    0.9046556049E-23    0.6301444556E-07    0.1801423589E+14    0.4690798410E-23    0.2360124026E-08    0.5848643688E-24
    0.8010000000E+00    0.1403844422E-21    0.9693559452E-23    0.6448224056E-07    0.4853310134E+15    0.1354156841E-21    0.6813292359E-07    0.1809161607E-22
    0.8010000000E+00    0.1504246400E-21    0.1038683609E-22    0.6598422489E-07    0.1114783379E+17    0.3332893290E-20    0.1676908885E-05    0.4771223970E-21
    0.8010000000E+00    0.1611829057E-21    0.1112969539E-22    0.6752119493E-07    0.2053891616E+18    0.6579735656E-19    0.3310522186E-04    0.1009292023E-19
    0.8010000000E+00    0.1727105951E-21    0.1192568347E-22    0.6909396560E-07    0.4004982417E+18    0.1374774721E-18    0.6917028968E-04    0.2259643530E-19
    0.8010000000E+00    0.1850627369E-21    0.1277860007E-22    0.7070337081E-07   -0.7814773064E+18   -0.2874400600E-18   -0.1446223291E-03   -0.5062391048E-19
    0.8010000000E+00    0.1982982953E-21    0.1369251667E-22    0.7235026388E-07   -0.2398174154E+20   -0.9451737290E-17   -0.4755538464E-02   -0.1783692707E-17
    0.8010000000E+00    0.2124804516E-21    0.1467179595E-22    0.7403551802E-07   -0.3627971995E+21   -0.1532127296E-15   -0.7708731277E-01   -0.3098155734E-16
    0.8010000000E+00    0.2276769058E-21    0.1572111260E-22    0.7576002677E-07   -0.4779358467E+22   -0.2162721159E-14   -0.1088149548E+01   -0.4686071640E-15
    0.8010000000E+00    0.2439602000E-21    0.1684547565E-22    0.7752470448E-07   -0.5754854575E+23   -0.2790392381E-13   -0.1403955473E+02   -0.6478488200E-14
    0.8010000000E+00    0.2614080640E-21    0.1805025236E-22    0.7933048683E-07   -0.6388378902E+24   -0.3319109578E-12   -0.1669973761E+03   -0.8257146411E-13
    0.8010000000E+00    0.2801037871E-21    0.1934119387E-22    0.8117833125E-07   -0.3512807918E+25   -0.1955623858E-11   -0.9839508012E+03   -0.5213071981E-12
    0.8010000000E+00    0.3001366153E-21    0.2072446262E-22    0.8306921749E-07   -0.3636420948E+25   -0.2169227367E-11   -0.1091423075E+04   -0.6196029396E-12
    0.8010000000E+00    0.3216021775E-21    0.2220666179E-22    0.8500414813E-07    0.7170553901E+25    0.4583356395E-11    0.2306065749E+04    0.1402787939E-11
    0.8010000000E+00    0.3446029418E-21    0.2379486681E-22    0.8698414910E-07    0.1173214313E+27    0.8035414355E-10    0.4042931037E+05    0.2635218746E-10
    0.8010000000E+00    0.3692487048E-21    0.2549665916E-22    0.8901027021E-07    0.9830054767E+27    0.7214178127E-09    0.3629734991E+06    0.2535100939E-09
    0.8010000000E+00    0.3956571157E-21    0.2732016250E-22    0.9108358575E-07    0.7065867889E+28    0.5556437543E-08    0.2795660909E+07    0.2092207872E-08
    0.8010000000E+00    0.4239542377E-21    0.2927408154E-22    0.9320519501E-07    0.4642031969E+29    0.3911461420E-07    0.1968009125E+08    0.1578146969E-07
    0.8010000000E+00    0.4542751502E-21    0.3136774352E-22    0.9537622289E-07    0.2827370101E+30    0.2552781154E-06    0.1284403977E+09    0.1103626143E-06
    0.8010000000E+00    0.4867645933E-21    0.3361114274E-22    0.9759782052E-07    0.1603837713E+31    0.1551641352E-05    0.7806914120E+09    0.7187862155E-06
    0.8010000000E+00    0.5215776589E-21    0.3601498832E-22    0.9987116580E-07    0.8491880105E+31    0.8803082617E-05    0.4429174945E+10    0.4369614988E-05
    0.8010000000E+00    0.5588805307E-21    0.3859075526E-22    0.1021974641E-06    0.4203180448E+32    0.4668839657E-04    0.2349075719E+11    0.2483232330E-04
    0.8010000000E+00    0.5988512779E-21    0.4135073927E-22    0.1045779488E-06    0.1947010284E+33    0.2317390218E-03    0.1165969597E+12    0.1320710298E-03
    0.8010000000E+00    0.6416807053E-21    0.4430811541E-22    0.1070138822E-06    0.8445576658E+33    0.1077110432E-02    0.5419363586E+12    0.6577617681E-03
    0.8010000000E+00    0.6875732635E-21    0.4747700104E-22    0.1095065557E-06    0.3430010247E+34    0.4687338757E-02    0.2358383339E+13    0.3067148024E-02
    0.8010000000E+00    0.7367480256E-21    0.5087252317E-22    0.1120572911E-06    0.1287336726E+35    0.1885050907E-01    0.9484427912E+13    0.1321695703E-01
    0.8010000000E+00    0.7894397325E-21    0.5451089068E-22    0.1146674407E-06    0.3274195560E+35    0.5137307233E-01    0.2584780067E+14    0.3859614540E-01
    0.8010000000E+00    0.8458999137E-21    0.5840947171E-22    0.1173383885E-06    0.5531227088E+35    0.9299346132E-01    0.4678864516E+14    0.7486189350E-01
    0.8010000000E+00    0.9063980879E-21    0.6258687655E-22    0.1200715507E-06    0.7095759257E+35    0.1278291192E+00    0.6431582622E+14    0.1102651293E+00
    0.8010000000E+00    0.9712230494E-21    0.6706304648E-22    0.1228683764E-06    0.7389002967E+35    0.1426319320E+00    0.7176369994E+14    0.1318333110E+00
    0.8010000000E+00    0.1040684247E-20    0.7185934897E-22    0.1257303485E-06    0.7272150793E+35    0.1504159184E+00    0.7568012773E+14    0.1489711582E+00
    0.8010000000E+00    0.1115113261E-20    0.7699867968E-22    0.1286589846E-06    0.6558369015E+35    0.1453539282E+00    0.7313324262E+14    0.1542535500E+00
    0.8010000000E+00    0.1194865387E-20    0.8250557175E-22    0.1316558373E-06    0.4827146305E+35    0.1146360956E+00    0.5767790039E+14    0.1303556263E+00
    0.8010000000E+00    0.1280321329E-20    0.8840631292E-22    0.1347224957E-06    0.2963713503E+35    0.7541663360E-01    0.3794505612E+14    0.9189154160E-01
    0.8010000000E+00    0.1371889021E-20    0.9472907100E-22    0.1378605858E-06    0.1548063389E+35    0.4221041907E-01    0.2123771168E+14    0.5510970149E-01
    0.8010000000E+00    0.1470005571E-20    0.1015040283E-21    0.1410717713E-06    0.6947069977E+34    0.2029703485E-01    0.1021223157E+14    0.2839494240E-01
    0.8010000000E+00    0.1575139348E-20    0.1087635259E-21    0.1443577550E-06    0.2669023991E+34    0.8355710824E-02    0.4204084709E+13    0.1252540554E-01
    0.8010000000E+00    0.1687792220E-20    0.1165422177E-21    0.1477202791E-06    0.8588684625E+33    0.2881095006E-02    0.1449591509E+13    0.4627708282E-02
    0.8010000000E+00    0.1808501947E-20    0.1248772362E-21    0.1511611264E-06    0.1905511255E+33    0.6849240913E-03    0.3446120815E+12    0.1178829070E-02
    0.8010000000E+00    0.1937844750E-20    0.1338083694E-21    0.1546821213E-06    0.3686738469E+31    0.1419950662E-04    0.7144326786E+10    0.2618675284E-04
    0.8010000000E+00    0.2076438060E-20    0.1433782510E-21    0.1582851308E-06    0.4378096862E+30    0.1806825826E-05    0.9090846954E+09    0.3570464212E-05
    0.8010000000E+00    0.2224943467E-20    0.1536325639E-21    0.1619720651E-06    0.1067790347E+30    0.4721901401E-06    0.2375773157E+09    0.9998280323E-06
    0.8010000000E+00    0.2384069878E-20    0.1646202581E-21    0.1657448792E-06    0.2354096785E+29    0.1115463177E-06    0.5612331237E+08    0.2530833840E-06
    0.8010000000E+00    0.2554576900E-20    0.1763937846E-21    0.1696055734E-06    0.3724430938E+28    0.1890997042E-07    0.9514345238E+07    0.4597261884E-07
    0.8010000000E+00    0.2737278465E-20    0.1890093455E-21    0.1735561947E-06    0.7538430655E+27    0.4101208682E-08    0.2063478389E+07    0.1068366503E-07
    0.8010000000E+00    0.2933046719E-20    0.2025271626E-21    0.1775988378E-06    0.1850270048E+27    0.1078613974E-08    0.5426928492E+06    0.3010748212E-08
    0.8010000000E+00    0.3142816182E-20    0.2170117645E-21    0.1817356462E-06    0.4080159940E+26    0.2548637749E-09    0.1282319269E+06    0.7622834767E-09
    0.8010000000E+00    0.3367588212E-20    0.2325322952E-21    0.1859688132E-06    0.9518589677E+25    0.6370940216E-10    0.3205469039E+05    0.2041794006E-09
    0.8010000000E+00    0.3608435782E-20    0.2491628434E-21    0.1903005833E-06    0.1057622723E+25    0.7585106742E-11    0.3816363676E+04    0.2604774260E-10
    0.8010000000E+00    0.3866508602E-20    0.2669827968E-21    0.1947332533E-06    0.3608031931E+24    0.2772689873E-11    0.1395048650E+04    0.1020257253E-10
