    0.8190000000E+00    0.4143038610E-23    0.2860772210E-24    0.1992691735E-07    0.0000000000E+00    0.0000000000E+00    0.0000000000E+00    0.0000000000E+00
    0.8190000000E+00    0.4439345853E-23    0.3065372650E-24    0.2039107488E-07    0.0000000000E+00    0.0000000000E+00    0.0000000000E+00    0.0000000000E+00
    0.8190000000E+00    0.4756844785E-23    0.3284605973E-24    0.2086604403E-07    0.0000000000E+00    0.0000000000E+00    0.0000000000E+00    0.0000000000E+00
    0.8190000000E+00    0.5097051019E-23    0.3519518710E-24    0.2135207663E-07    0.0000000000E+00    0.0000000000E+00    0.0000000000E+00    0.0000000000E+00
    0.8190000000E+00    0.5461588566E-23    0.3771232243E-24    0.2184943039E-07    0.0000000000E+00    0.0000000000E+00    0.0000000000E+00    0.0000000000E+00
    0.8190000000E+00    0.5852197586E-23    0.4040948153E-24    0.2235836900E-07    0.0000000000E+00    0.0000000000E+00    0.0000000000E+00    0.0000000000E+00
    0.8190000000E+00    0.6270742692E-23    0.4329953957E-24    0.2287916232E-07    0.0000000000E+00    0.0000000000E+00    0.0000000000E+00    0.0000000000E+00
    0.8190000000E+00    0.6719221852E-23    0.4639629256E-24    0.2341208647E-07    0.0000000000E+00    0.0000000000E+00    0.0000000000E+00    0.0000000000E+00
    0.8190000000E+00    0.7199775931E-23    0.4971452317E-24    0.2395742402E-07    0.0000000000E+00    0.0000000000E+00    0.0000000000E+00    0.0000000000E+00
    0.8190000000E+00    0.7714698903E-23    0.5327007132E-24    0.2451546411E-07    0.0000000000E+00    0.0000000000E+00    0.0000000000E+00    0.0000000000E+00
    0.8190000000E+00    0.8266448809E-23    0.5707990981E-24    0.2508650263E-07    0.0000000000E+00    0.0000000000E+00    0.0000000000E+00    0.0000000000E+00
    0.8190000000E+00    0.8857659485E-23    0.6116222531E-24    0.2567084234E-07    0.0000000000E+00    0.0000000000E+00    0.0000000000E+00    0.0000000000E+00
    0.8190000000E+00    0.9491153137E-23    0.6553650517E-24    0.2626879307E-07    0.0000000000E+00    0.0000000000E+00    0.0000000000E+00    0.0000000000E+00
    0.8190000000E+00    0.1016995382E-22    0.7022363048E-24    0.2688067187E-07    0.0000000000E+00    0.0000000000E+00    0.0000000000E+00    0.0000000000E+00
    0.8190000000E+00    0.1089730185E-22    0.7524597575E-24    0.2750680315E-07    0.0000000000E+00    0.0000000000E+00    0.0000000000E+00    0.0000000000E+00
    0.8190000000E+00    0.1167666930E-22    0.8062751566E-24    0.2814751890E-07    0.0000000000E+00    0.0000000000E+00    0.0000000000E+00    0.0000000000E+00
    0.8190000000E+00    0.1251177658E-22    0.8639393956E-24    0.2880315884E-07    0.0000000000E+00    0.0000000000E+00    0.0000000000E+00    0.0000000000E+00
    0.8190000000E+00    0.1340661015E-22    0.9257277409E-24    0.2947407060E-07    0.0000000000E+00    0.0000000000E+00    0.0000000000E+00    0.0000000000E+00
    0.8190000000E+00    0.1436544159E-22    0.9919351458E-24    0.3016060990E-07    0.0000000000E+00    0.0000000000E+00    0.0000000000E+00    0.0000000000E+00
    0.8190000000E+00    0.1539284799E-22    0.1062877658E-23    0.3086314075E-07    0.0000000000E+00    0.0000000000E+00    0.0000000000E+00    0.0000000000E+00
    0.8190000000E+00    0.1649373379E-22    0.1138893930E-23    0.3158203565E-07    0.0000000000E+00    0.0000000000E+00    0.0000000000E+00    0.0000000000E+00
    0.8190000000E+00    0.1767335417E-22    0.1220346833E-23    0.3231767576E-07   -0.1077086548E-15   -0.3783393608E-53   -0.1903573203E-38   -0.6109361564E-55
    0.8190000000E+00    0.1893734018E-22    0.1307625190E-23    0.3307045113E-07   -0.2098642229E-15   -0.7898949394E-53   -0.3974270181E-38   -0.1366732853E-54
    0.8190000000E+00    0.2029172559E-22    0.1401145635E-23    0.3384076090E-07   -0.2945372687E-15   -0.1187876195E-52   -0.5976669433E-38   -0.2202345654E-54
    0.8190000000E+00    0.2174297571E-22    0.1501354598E-23    0.3462901348E-07   -0.1825287755E-15   -0.7887915765E-53   -0.3968718731E-38   -0.1567027315E-54
    0.8190000000E+00    0.2329801823E-22    0.1608730435E-23    0.3543562682E-07    0.1044154228E-14    0.4834989944E-52    0.2432672423E-37    0.1029223936E-53
    0.8190000000E+00    0.2496427630E-22    0.1723785718E-23    0.3626102861E-07    0.2103634890E-14    0.1043761537E-51    0.5251572262E-37    0.2380759860E-53
    0.8190000000E+00    0.2674970400E-22    0.1847069675E-23    0.3710565646E-07   -0.4491746122E-14   -0.2388064900E-51   -0.1201528792E-36   -0.5836606681E-53
    0.8190000000E+00    0.2866282424E-22    0.1979170815E-23    0.3796995823E-07   -0.9425013821E-13   -0.5369241270E-50   -0.2701475147E-35   -0.1406135660E-51
    0.8190000000E+00    0.3071276952E-22    0.2120719737E-23    0.3885439218E-07   -0.1792927538E-12   -0.1094444295E-49   -0.5506577025E-35   -0.3071199046E-51
    0.8190000000E+00    0.3290932546E-22    0.2272392139E-23    0.3975942724E-07    0.2788378140E-12    0.1823822601E-49    0.9176364370E-35    0.5483993051E-51
    0.8190000000E+00    0.3526297755E-22    0.2434912046E-23    0.4068554327E-07    0.2408960049E-10    0.1688342377E-47    0.8494710411E-33    0.5439698434E-49
    0.8190000000E+00    0.3778496121E-22    0.2609055264E-23    0.4163323131E-07    0.4476521159E-10    0.3361797620E-47    0.1691451783E-32    0.1160608824E-48
    0.8190000000E+00    0.4048731538E-22    0.2795653084E-23    0.4260299385E-07   -0.2156790726E-08   -0.1735557199E-45   -0.8732266632E-31   -0.6420269134E-47
    0.8190000000E+00    0.4338294005E-22    0.2995596250E-23    0.4359534505E-07   -0.1964282852E-07   -0.1693694001E-44   -0.8521636520E-30   -0.6713503996E-46
    0.8190000000E+00    0.4648565778E-22    0.3209839213E-23    0.4461081109E-07    0.2079650936E-06    0.1921415853E-43    0.9667394169E-29    0.8160855203E-45
    0.8190000000E+00    0.4981027973E-22    0.3439404683E-23    0.4564993037E-07    0.3514188745E-05    0.3479012646E-42    0.1750427244E-27    0.1583325878E-43
    0.8190000000E+00    0.5337267633E-22    0.3685388516E-23    0.4671325384E-07   -0.1457837288E-04   -0.1546464583E-41   -0.7780867771E-27   -0.7541440010E-43
    0.8190000000E+00    0.5718985306E-22    0.3948964943E-23    0.4780134531E-07   -0.2664703016E-02   -0.3028863748E-39   -0.1523939739E-24   -0.1582683373E-40
    0.8190000000E+00    0.6128003161E-22    0.4231392172E-23    0.4891478167E-07   -0.2788109935E+00   -0.3395789944E-37   -0.1708554650E-22   -0.1901319579E-38
    0.8190000000E+00    0.6566273690E-22    0.4534018400E-23    0.5005415331E-07   -0.6293182690E+00   -0.8212989419E-37   -0.4132275992E-22   -0.4927374435E-38
    0.8190000000E+00    0.7035889022E-22    0.4858288246E-23    0.5122006431E-07    0.1209785223E+02    0.1691761742E-35    0.8511914573E-21    0.1087560691E-36
    0.8190000000E+00    0.7539090917E-22    0.5205749646E-23    0.5241313287E-07    0.1019658085E+04    0.1527866790E-33    0.7687295008E-19    0.1052445932E-34
    0.8190000000E+00    0.8078281461E-22    0.5578061244E-23    0.5363399157E-07    0.5184199935E+04    0.8323628071E-33    0.4187942622E-18    0.6143657108E-34
    0.8190000000E+00    0.8656034539E-22    0.5977000309E-23    0.5488328773E-07   -0.2162910422E+05   -0.3721083857E-32   -0.1872222732E-17   -0.2942955938E-33
    0.8190000000E+00    0.9275108115E-22    0.6404471218E-23    0.5616168372E-07   -0.1607342449E+07   -0.2963052444E-30   -0.1490827499E-15   -0.2511040057E-31
    0.8190000000E+00    0.9938457404E-22    0.6862514550E-23    0.5746985739E-07   -0.7506875467E+08   -0.1482825805E-28   -0.7460676206E-14   -0.1346494047E-29
    0.8190000000E+00    0.1064924897E-21    0.7353316823E-23    0.5880850233E-07   -0.3124227574E+10   -0.6612620286E-27   -0.3327067729E-12   -0.6434101202E-28
    0.8190000000E+00    0.1141087586E-21    0.7879220933E-23    0.6017832832E-07   -0.1016242615E+12   -0.2304773896E-25   -0.1159621832E-10   -0.2402938352E-26
    0.8190000000E+00    0.1222697377E-21    0.8442737340E-23    0.6158006166E-07   -0.1895231217E+12   -0.4605673265E-25   -0.2317294239E-10   -0.5145261212E-26
    0.8190000000E+00    0.1310143844E-21    0.9046556049E-23    0.6301444556E-07    0.1211806181E+13    0.3155470230E-24    0.1587640409E-09    0.3777273135E-25
    0.8190000000E+00    0.1403844422E-21    0.9693559452E-23    0.6448224056E-07    0.4440952578E+14    0.1239102005E-22    0.6234406504E-08    0.1589356645E-23
    0.8190000000E+00    0.1504246400E-21    0.1038683609E-22    0.6598422489E-07    0.1111477255E+16    0.3323008893E-21    0.1671935658E-06    0.4567155581E-22
    0.8190000000E+00    0.1611829057E-21    0.1112969539E-22    0.6752119493E-07    0.2486334472E+17    0.7965086109E-20    0.4007546147E-05    0.1173018274E-20
    0.8190000000E+00    0.1727105951E-21    0.1192568347E-22    0.6909396560E-07    0.2127006023E+18    0.7301290757E-19    0.3673564760E-04    0.1152163058E-19
    0.8190000000E+00    0.1850627369E-21    0.1277860007E-22    0.7070337081E-07    0.1647218227E+18    0.6058736472E-19    0.3048387133E-04    0.1024463207E-19
    0.8190000000E+00    0.1982982953E-21    0.1369251667E-22    0.7235026388E-07   -0.2678897464E+19   -0.1055813024E-17   -0.5312208003E-03   -0.1912939864E-18
    0.8190000000E+00    0.2124804516E-21    0.1467179595E-22    0.7403551802E-07   -0.5012802762E+20   -0.2116954583E-16   -0.1065122595E-01   -0.4109848788E-17
    0.8190000000E+00    0.2276769058E-21    0.1572111260E-22    0.7576002677E-07   -0.7167243737E+21   -0.3243269946E-15   -0.1631815877E+00   -0.6746793227E-16
    0.8190000000E+00    0.2439602000E-21    0.1684547565E-22    0.7752470448E-07   -0.9226595572E+22   -0.4473757182E-14   -0.2250922101E+01   -0.9972101979E-15
    0.8190000000E+00    0.2614080640E-21    0.1805025236E-22    0.7933048683E-07   -0.1091667245E+24   -0.5671803856E-13   -0.2853706210E+02   -0.1354676216E-13
    0.8190000000E+00    0.2801037871E-21    0.1934119387E-22    0.8117833125E-07   -0.1166369573E+25   -0.6493324480E-12   -0.3267045346E+03   -0.1661810154E-12
    0.8190000000E+00    0.3001366153E-21    0.2072446262E-22    0.8306921749E-07   -0.3036926602E+25   -0.1811612129E-11   -0.9114928712E+03   -0.4967976378E-12
    0.8190000000E+00    0.3216021775E-21    0.2220666179E-22    0.8500414813E-07   -0.1662122548E+25   -0.1062414440E-11   -0.5345422307E+03   -0.3121822939E-12
    0.8190000000E+00    0.3446029418E-21    0.2379486681E-22    0.8698414910E-07    0.2049514740E+26    0.1403724791E-10    0.7062688087E+04    0.4419735427E-11
    0.8190000000E+00    0.3692487048E-21    0.2549665916E-22    0.8901027021E-07    0.2187714181E+27    0.1605541390E-09    0.8078106279E+05    0.5416712788E-10
    0.8190000000E+00    0.3956571157E-21    0.2732016250E-22    0.9108358575E-07    0.1720888205E+28    0.1353267281E-08    0.6808816634E+06    0.4892128819E-09
    0.8190000000E+00    0.4239542377E-21    0.2927408154E-22    0.9320519501E-07    0.1206788055E+29    0.1016861786E-07    0.5116229100E+07    0.3938911557E-08
    0.8190000000E+00    0.4542751502E-21    0.3136774352E-22    0.9537622289E-07    0.7797643455E+29    0.7040350766E-07    0.3542275652E+08    0.2922191006E-07
    0.8190000000E+00    0.4867645933E-21    0.3361114274E-22    0.9759782052E-07    0.4682002587E+30    0.4529628381E-06    0.2279033085E+09    0.2014544549E-06
    0.8190000000E+00    0.5215776589E-21    0.3601498832E-22    0.9987116580E-07    0.2620637027E+31    0.2716675692E-05    0.1366865726E+10    0.1294649176E-05
    0.8190000000E+00    0.5588805307E-21    0.3859075526E-22    0.1021974641E-06    0.1369822703E+32    0.1521581725E-04    0.7655672391E+10    0.7769795461E-05
    0.8190000000E+00    0.5988512779E-21    0.4135073927E-22    0.1045779488E-06    0.6694934274E+32    0.7968512196E-04    0.4009269945E+11    0.4360050748E-04
    0.8190000000E+00    0.6416807053E-21    0.4430811541E-22    0.1070138822E-06    0.3061865329E+33    0.3904963771E-03    0.1964739904E+12    0.2289450782E-03
    0.8190000000E+00    0.6875732635E-21    0.4747700104E-22    0.1095065557E-06    0.1310516022E+34    0.1790907927E-02    0.9010757783E+12    0.1125090769E-02
    0.8190000000E+00    0.7367480256E-21    0.5087252317E-22    0.1120572911E-06    0.5246012944E+34    0.7681751992E-02    0.3864989678E+13    0.5171000553E-02
    0.8190000000E+00    0.7894397325E-21    0.5451089068E-22    0.1146674407E-06    0.1826051200E+35    0.2865126981E-01    0.1441557371E+14    0.2066608336E-01
    0.8190000000E+00    0.8458999137E-21    0.5840947171E-22    0.1173383885E-06    0.3979719244E+35    0.6690881819E-01    0.3366444165E+14    0.5171275335E-01
    0.8190000000E+00    0.9063980879E-21    0.6258687655E-22    0.1200715507E-06    0.6051053140E+35    0.1090088833E+00    0.5484662996E+14    0.9027680767E-01
    0.8190000000E+00    0.9712230494E-21    0.6706304648E-22    0.1228683764E-06    0.7109299466E+35    0.1372327393E+00    0.6904715506E+14    0.1217788967E+00
    0.8190000000E+00    0.1040684247E-20    0.7185934897E-22    0.1257303485E-06    0.7144672232E+35    0.1477791737E+00    0.7435347843E+14    0.1405165688E+00
    0.8190000000E+00    0.1115113261E-20    0.7699867968E-22    0.1286589846E-06    0.6891115673E+35    0.1527286327E+00    0.7684374473E+14    0.1556090196E+00
    0.8190000000E+00    0.1194865387E-20    0.8250557175E-22    0.1316558373E-06    0.5756730128E+35    0.1367120496E+00    0.6878517573E+14    0.1492523222E+00
    0.8190000000E+00    0.1280321329E-20    0.8840631292E-22    0.1347224957E-06    0.3900175522E+35    0.9924647171E-01    0.4993477909E+14    0.1160992405E+00
    0.8190000000E+00    0.1371889021E-20    0.9472907100E-22    0.1378605858E-06    0.2213618571E+35    0.6035784335E-01    0.3036839016E+14    0.7565680834E-01
    0.8190000000E+00    0.1470005571E-20    0.1015040283E-21    0.1410717713E-06    0.1066864877E+35    0.3117025401E-01    0.1568297312E+14    0.4186534207E-01
    0.8190000000E+00    0.1575139348E-20    0.1087635259E-21    0.1443577550E-06    0.4370665557E+34    0.1368291092E-01    0.6884407297E+13    0.1969213489E-01
    0.8190000000E+00    0.1687792220E-20    0.1165422177E-21    0.1477202791E-06    0.1501901291E+34    0.5038164163E-02    0.2534897314E+13    0.7769384538E-02
    0.8190000000E+00    0.1808501947E-20    0.1248772362E-21    0.1511611264E-06    0.3949611378E+33    0.1419663084E-02    0.7142879867E+12    0.2345846506E-02
    0.8190000000E+00    0.1937844750E-20    0.1338083694E-21    0.1546821213E-06    0.2555626280E+32    0.9843017775E-04    0.4952406970E+11    0.1742780018E-03
    0.8190000000E+00    0.2076438060E-20    0.1433782510E-21    0.1582851308E-06    0.6133443502E+30    0.2531251472E-05    0.1273571553E+10    0.4802303413E-05
    0.8190000000E+00    0.2224943467E-20    0.1536325639E-21    0.1619720651E-06    0.1496311299E+30    0.6616874220E-06    0.3329208050E+09    0.1345139054E-05
    0.8190000000E+00    0.2384069878E-20    0.1646202581E-21    0.1657448792E-06    0.3381448439E+29    0.1602262593E-06    0.8061609369E+08    0.3490181370E-06
    0.8190000000E+00    0.2554576900E-20    0.1763937846E-21    0.1696055734E-06    0.5186631127E+28    0.2633396694E-07    0.1324964806E+08    0.6146538249E-07
    0.8190000000E+00    0.2737278465E-20    0.1890093455E-21    0.1735561947E-06    0.1020808232E+28    0.5553606279E-08    0.2794236389E+07    0.1388958884E-07
    0.8190000000E+00    0.2933046719E-20    0.2025271626E-21    0.1775988378E-06    0.2504233084E+27    0.1459841390E-08    0.7345032630E+06    0.3912190330E-08
    0.8190000000E+00    0.3142816182E-20    0.2170117645E-21    0.1817356462E-06    0.5531326708E+26    0.3455096922E-09    0.1738394309E+06    0.9921436047E-09
    0.8190000000E+00    0.3367588212E-20    0.2325322952E-21    0.1859688132E-06    0.1302323973E+26    0.8716657039E-10    0.4385690859E+05    0.2682033891E-09
    0.8190000000E+00    0.3608435782E-20    0.2491628434E-21    0.1903005833E-06    0.1552159833E+25    0.1113185048E-10    0.5600869079E+04    0.3670131852E-10
    0.8190000000E+00    0.3866508602E-20    0.2669827968E-21    0.1947332533E-06    0.5138438356E+24    0.3948772147E-11    0.1986781610E+04    0.1395006969E-10
