    0.8040000000E+00    0.4143038610E-23    0.2860772210E-24    0.1992691735E-07    0.0000000000E+00    0.0000000000E+00    0.0000000000E+00    0.0000000000E+00
    0.8040000000E+00    0.4439345853E-23    0.3065372650E-24    0.2039107488E-07    0.0000000000E+00    0.0000000000E+00    0.0000000000E+00    0.0000000000E+00
    0.8040000000E+00    0.4756844785E-23    0.3284605973E-24    0.2086604403E-07    0.0000000000E+00    0.0000000000E+00    0.0000000000E+00    0.0000000000E+00
    0.8040000000E+00    0.5097051019E-23    0.3519518710E-24    0.2135207663E-07    0.0000000000E+00    0.0000000000E+00    0.0000000000E+00    0.0000000000E+00
    0.8040000000E+00    0.5461588566E-23    0.3771232243E-24    0.2184943039E-07    0.0000000000E+00    0.0000000000E+00    0.0000000000E+00    0.0000000000E+00
    0.8040000000E+00    0.5852197586E-23    0.4040948153E-24    0.2235836900E-07    0.0000000000E+00    0.0000000000E+00    0.0000000000E+00    0.0000000000E+00
    0.8040000000E+00    0.6270742692E-23    0.4329953957E-24    0.2287916232E-07    0.0000000000E+00    0.0000000000E+00    0.0000000000E+00    0.0000000000E+00
    0.8040000000E+00    0.6719221852E-23    0.4639629256E-24    0.2341208647E-07    0.0000000000E+00    0.0000000000E+00    0.0000000000E+00    0.0000000000E+00
    0.8040000000E+00    0.7199775931E-23    0.4971452317E-24    0.2395742402E-07    0.0000000000E+00    0.0000000000E+00    0.0000000000E+00    0.0000000000E+00
    0.8040000000E+00    0.7714698903E-23    0.5327007132E-24    0.2451546411E-07    0.0000000000E+00    0.0000000000E+00    0.0000000000E+00    0.0000000000E+00
    0.8040000000E+00    0.8266448809E-23    0.5707990981E-24    0.2508650263E-07    0.0000000000E+00    0.0000000000E+00    0.0000000000E+00    0.0000000000E+00
    0.8040000000E+00    0.8857659485E-23    0.6116222531E-24    0.2567084234E-07    0.0000000000E+00    0.0000000000E+00    0.0000000000E+00    0.0000000000E+00
    0.8040000000E+00    0.9491153137E-23    0.6553650517E-24    0.2626879307E-07    0.0000000000E+00    0.0000000000E+00    0.0000000000E+00    0.0000000000E+00
    0.8040000000E+00    0.1016995382E-22    0.7022363048E-24    0.2688067187E-07    0.0000000000E+00    0.0000000000E+00    0.0000000000E+00    0.0000000000E+00
    0.8040000000E+00    0.1089730185E-22    0.7524597575E-24    0.2750680315E-07    0.0000000000E+00    0.0000000000E+00    0.0000000000E+00    0.0000000000E+00
    0.8040000000E+00    0.1167666930E-22    0.8062751566E-24    0.2814751890E-07    0.0000000000E+00    0.0000000000E+00    0.0000000000E+00    0.0000000000E+00
    0.8040000000E+00    0.1251177658E-22    0.8639393956E-24    0.2880315884E-07    0.0000000000E+00    0.0000000000E+00    0.0000000000E+00    0.0000000000E+00
    0.8040000000E+00    0.1340661015E-22    0.9257277409E-24    0.2947407060E-07    0.0000000000E+00    0.0000000000E+00    0.0000000000E+00    0.0000000000E+00
    0.8040000000E+00    0.1436544159E-22    0.9919351458E-24    0.3016060990E-07    0.0000000000E+00    0.0000000000E+00    0.0000000000E+00    0.0000000000E+00
    0.8040000000E+00    0.1539284799E-22    0.1062877658E-23    0.3086314075E-07   -0.1446221247E-15   -0.4424514895E-53   -0.2226146382E-38   -0.6435088255E-55
    0.8040000000E+00    0.1649373379E-22    0.1138893930E-23    0.3158203565E-07   -0.2543359175E-15   -0.8337553234E-53   -0.4194948916E-38   -0.1299353935E-54
    0.8040000000E+00    0.1767335417E-22    0.1220346833E-23    0.3231767576E-07   -0.3625959411E-15   -0.1273661034E-52   -0.6408286487E-38   -0.2126878633E-54
    0.8040000000E+00    0.1893734018E-22    0.1307625190E-23    0.3307045113E-07   -0.4312754468E-15   -0.1623250920E-52   -0.8167209848E-38   -0.2904520886E-54
    0.8040000000E+00    0.2029172559E-22    0.1401145635E-23    0.3384076090E-07   -0.1154118099E-15   -0.4654587251E-53   -0.2341904777E-38   -0.8924214939E-55
    0.8040000000E+00    0.2174297571E-22    0.1501354598E-23    0.3462901348E-07    0.3367282608E-14    0.1455159139E-51    0.7321474396E-37    0.2989505365E-53
    0.8040000000E+00    0.2329801823E-22    0.1608730435E-23    0.3543562682E-07    0.5198152991E-14    0.2407021565E-51    0.1211066631E-36    0.5298693849E-53
    0.8040000000E+00    0.2496427630E-22    0.1723785718E-23    0.3626102861E-07   -0.1205957602E-13   -0.5983605650E-51   -0.3010585880E-36   -0.1411405513E-52
    0.8040000000E+00    0.2674970400E-22    0.1847069675E-23    0.3710565646E-07   -0.1924366406E-12   -0.1023101427E-49   -0.5147623174E-35   -0.2585875055E-51
    0.8040000000E+00    0.2866282424E-22    0.1979170815E-23    0.3796995823E-07   -0.3373777761E-12   -0.1921973499E-49   -0.9670199900E-35   -0.5205185857E-51
    0.8040000000E+00    0.3071276952E-22    0.2120719737E-23    0.3885439218E-07    0.1921212286E-12    0.1172752262E-49    0.5900575015E-35    0.3403259968E-51
    0.8040000000E+00    0.3290932546E-22    0.2272392139E-23    0.3975942724E-07    0.1352406345E-10    0.8845820521E-48    0.4450678055E-33    0.2750597028E-49
    0.8040000000E+00    0.3526297755E-22    0.2434912046E-23    0.4068554327E-07    0.1280896788E-09    0.8977285984E-47    0.4516823468E-32    0.2991120480E-48
    0.8040000000E+00    0.3778496121E-22    0.2609055264E-23    0.4163323131E-07   -0.1106978645E-09   -0.8313237093E-47   -0.4182714515E-32   -0.2967966623E-48
    0.8040000000E+00    0.4048731538E-22    0.2795653084E-23    0.4260299385E-07   -0.3412743019E-07   -0.2746214848E-44   -0.1381728029E-29   -0.1050566038E-45
    0.8040000000E+00    0.4338294005E-22    0.2995596250E-23    0.4359534505E-07   -0.3799910441E-07   -0.3276455583E-44   -0.1648512868E-29   -0.1343052937E-45
    0.8040000000E+00    0.4648565778E-22    0.3209839213E-23    0.4461081109E-07    0.4410922708E-05    0.4075307386E-42    0.2050446435E-27    0.1789984283E-43
    0.8040000000E+00    0.4981027973E-22    0.3439404683E-23    0.4564993037E-07    0.9085468803E-05    0.8994525666E-42    0.4525497425E-27    0.4233183663E-43
    0.8040000000E+00    0.5337267633E-22    0.3685388516E-23    0.4671325384E-07   -0.3535077295E-03   -0.3749987656E-40   -0.1886765363E-25   -0.1891118243E-41
    0.8040000000E+00    0.5718985306E-22    0.3948964943E-23    0.4780134531E-07   -0.4424385915E-01   -0.5029026510E-38   -0.2530299803E-23   -0.2717520137E-39
    0.8040000000E+00    0.6128003161E-22    0.4231392172E-23    0.4891478167E-07   -0.1329318163E+01   -0.1619048514E-36   -0.8146065903E-22   -0.9374512845E-38
    0.8040000000E+00    0.6566273690E-22    0.4534018400E-23    0.5005415331E-07   -0.1644733830E+00   -0.2146478532E-37   -0.1079977247E-22   -0.1331727584E-38
    0.8040000000E+00    0.7035889022E-22    0.4858288246E-23    0.5122006431E-07    0.1777453187E+03    0.2485587724E-34    0.1250596337E-19    0.1652410483E-35
    0.8040000000E+00    0.7539090917E-22    0.5205749646E-23    0.5241313287E-07    0.7396028970E+04    0.1108229043E-32    0.5575933483E-18    0.7894386289E-34
    0.8040000000E+00    0.8078281461E-22    0.5578061244E-23    0.5363399157E-07    0.7513302197E+04    0.1206317925E-32    0.6069456985E-18    0.9207688683E-34
    0.8040000000E+00    0.8656034539E-22    0.5977000309E-23    0.5488328773E-07   -0.3173046748E+06   -0.5458928355E-31   -0.2746600225E-16   -0.4464740692E-32
    0.8040000000E+00    0.9275108115E-22    0.6404471218E-23    0.5616168372E-07   -0.1665345855E+08   -0.3069978714E-29   -0.1544626285E-14   -0.2690445570E-30
    0.8040000000E+00    0.9938457404E-22    0.6862514550E-23    0.5746985739E-07   -0.7233007138E+09   -0.1428728860E-27   -0.7188493334E-13   -0.1341648235E-28
    0.8040000000E+00    0.1064924897E-21    0.7353316823E-23    0.5880850233E-07   -0.2827547085E+11   -0.5984677738E-26   -0.3011125289E-11   -0.6021845594E-27
    0.8040000000E+00    0.1141087586E-21    0.7879220933E-23    0.6017832832E-07   -0.3219340672E+12   -0.7301260775E-25   -0.3673549675E-10   -0.7872029378E-26
    0.8040000000E+00    0.1222697377E-21    0.8442737340E-23    0.6158006166E-07   -0.1283372979E+12   -0.3118773354E-25   -0.1569176776E-10   -0.3603069680E-26
    0.8040000000E+00    0.1310143844E-21    0.9046556049E-23    0.6301444556E-07    0.1148826416E+14    0.2991474720E-23    0.1505127857E-08    0.3703174550E-24
    0.8040000000E+00    0.1403844422E-21    0.9693559452E-23    0.6448224056E-07    0.3197561528E+15    0.8921745570E-22    0.4488878914E-07    0.1183419388E-22
    0.8040000000E+00    0.1504246400E-21    0.1038683609E-22    0.6598422489E-07    0.7447332457E+16    0.2226545967E-20    0.1120262303E-05    0.3164612299E-21
    0.8040000000E+00    0.1611829057E-21    0.1112969539E-22    0.6752119493E-07    0.1511352131E+18    0.4841685622E-19    0.2436041280E-04    0.7373699462E-20
    0.8040000000E+00    0.1727105951E-21    0.1192568347E-22    0.6909396560E-07    0.3750249940E+18    0.1287333695E-18    0.6477078991E-04    0.2100777139E-19
    0.8040000000E+00    0.1850627369E-21    0.1277860007E-22    0.7070337081E-07   -0.3990983954E+18   -0.1467948791E-18   -0.7385824135E-04   -0.2566845634E-19
    0.8040000000E+00    0.1982982953E-21    0.1369251667E-22    0.7235026388E-07   -0.1656120864E+20   -0.6527140367E-17   -0.3284059441E-02   -0.1222958721E-17
    0.8040000000E+00    0.2124804516E-21    0.1467179595E-22    0.7403551802E-07   -0.2570011170E+21   -0.1085340314E-15   -0.5460771339E-01   -0.2178987710E-16
    0.8040000000E+00    0.2276769058E-21    0.1572111260E-22    0.7576002677E-07   -0.3430966929E+22   -0.1552556650E-14   -0.7811519344E+00   -0.3339921825E-15
    0.8040000000E+00    0.2439602000E-21    0.1684547565E-22    0.7752470448E-07   -0.4179480003E+23   -0.2026530645E-13   -0.1019626777E+02   -0.4671345844E-14
    0.8040000000E+00    0.2614080640E-21    0.1805025236E-22    0.7933048683E-07   -0.4691810870E+24   -0.2437650402E-12   -0.1226477196E+03   -0.6020884096E-13
    0.8040000000E+00    0.2801037871E-21    0.1934119387E-22    0.8117833125E-07   -0.3061479482E+25   -0.1704363705E-11   -0.8575319971E+03   -0.4510774567E-12
    0.8040000000E+00    0.3001366153E-21    0.2072446262E-22    0.8306921749E-07   -0.3609959224E+25   -0.2153442204E-11   -0.1083480943E+04   -0.6106917686E-12
    0.8040000000E+00    0.3216021775E-21    0.2220666179E-22    0.8500414813E-07    0.4171920937E+25    0.2666655989E-11    0.1341698858E+04    0.8103186588E-12
    0.8040000000E+00    0.3446029418E-21    0.2379486681E-22    0.8698414910E-07    0.8784426370E+26    0.6016505678E-10    0.3027139170E+05    0.1958994320E-10
    0.8040000000E+00    0.3692487048E-21    0.2549665916E-22    0.8901027021E-07    0.7580719810E+27    0.5563413871E-09    0.2799170972E+06    0.1941020915E-09
    0.8040000000E+00    0.3956571157E-21    0.2732016250E-22    0.9108358575E-07    0.5526142981E+28    0.4345632952E-08    0.2186457793E+07    0.1624582937E-08
    0.8040000000E+00    0.4239542377E-21    0.2927408154E-22    0.9320519501E-07    0.3671023423E+29    0.3093271780E-07    0.1556345937E+08    0.1239101622E-07
    0.8040000000E+00    0.4542751502E-21    0.3136774352E-22    0.9537622289E-07    0.2259103830E+30    0.2039703850E-06    0.1026254732E+09    0.8754996195E-07
    0.8040000000E+00    0.4867645933E-21    0.3361114274E-22    0.9759782052E-07    0.1294333563E+31    0.1252209911E-05    0.6300357503E+09    0.5759250686E-06
    0.8040000000E+00    0.5215776589E-21    0.3601498832E-22    0.9987116580E-07    0.6920380067E+31    0.7173991709E-05    0.3609515634E+10    0.3535490841E-05
    0.8040000000E+00    0.5588805307E-21    0.3859075526E-22    0.1021974641E-06    0.3458331769E+32    0.3841471169E-04    0.1932794294E+11    0.2028553304E-04
    0.8040000000E+00    0.5988512779E-21    0.4135073927E-22    0.1045779488E-06    0.1617152690E+33    0.1924783785E-03    0.9684339549E+11    0.1089107622E-03
    0.8040000000E+00    0.6416807053E-21    0.4430811541E-22    0.1070138822E-06    0.7080320336E+33    0.9029918506E-03    0.4543304947E+12    0.5474855698E-03
    0.8040000000E+00    0.6875732635E-21    0.4747700104E-22    0.1095065557E-06    0.2902220627E+34    0.3966078888E-02    0.1995489308E+13    0.2576618937E-02
    0.8040000000E+00    0.7367480256E-21    0.5087252317E-22    0.1120572911E-06    0.1109792231E+35    0.1625071987E-01    0.8176372348E+13    0.1131257444E-01
    0.8040000000E+00    0.7894397325E-21    0.5451089068E-22    0.1146674407E-06    0.3000415585E+35    0.4707738558E-01    0.2368647277E+14    0.3511568807E-01
    0.8040000000E+00    0.8458999137E-21    0.5840947171E-22    0.1173383885E-06    0.5267188121E+35    0.8855432024E-01    0.4455513977E+14    0.7077805105E-01
    0.8040000000E+00    0.9063980879E-21    0.6258687655E-22    0.1200715507E-06    0.6946557114E+35    0.1251412633E+00    0.6296346085E+14    0.1071739854E+00
    0.8040000000E+00    0.9712230494E-21    0.6706304648E-22    0.1228683764E-06    0.7354377923E+35    0.1419635554E+00    0.7142741353E+14    0.1302763893E+00
    0.8040000000E+00    0.1040684247E-20    0.7185934897E-22    0.1257303485E-06    0.7260883958E+35    0.1501828771E+00    0.7556287556E+14    0.1476757775E+00
    0.8040000000E+00    0.1115113261E-20    0.7699867968E-22    0.1286589846E-06    0.6653088597E+35    0.1474532098E+00    0.7418947324E+14    0.1553613823E+00
    0.8040000000E+00    0.1194865387E-20    0.8250557175E-22    0.1316558373E-06    0.4999104736E+35    0.1187198009E+00    0.5973257216E+14    0.1340330825E+00
    0.8040000000E+00    0.1280321329E-20    0.8840631292E-22    0.1347224957E-06    0.3121159036E+35    0.7942309780E-01    0.3996086486E+14    0.9608059153E-01
    0.8040000000E+00    0.1371889021E-20    0.9472907100E-22    0.1378605858E-06    0.1653154969E+35    0.4507590873E-01    0.2267945153E+14    0.5842965700E-01
    0.8040000000E+00    0.1470005571E-20    0.1015040283E-21    0.1410717713E-06    0.7506550442E+34    0.2193165125E-01    0.1103467097E+14    0.3046212369E-01
    0.8040000000E+00    0.1575139348E-20    0.1087635259E-21    0.1443577550E-06    0.2915062680E+34    0.9125965473E-02    0.4591629930E+13    0.1358212326E-01
    0.8040000000E+00    0.1687792220E-20    0.1165422177E-21    0.1477202791E-06    0.9489534624E+33    0.3183287315E-02    0.1601636271E+13    0.5076503438E-02
    0.8040000000E+00    0.1808501947E-20    0.1248772362E-21    0.1511611264E-06    0.2184163271E+33    0.7850838141E-03    0.3950063529E+12    0.1341543841E-02
    0.8040000000E+00    0.1937844750E-20    0.1338083694E-21    0.1546821213E-06    0.5369597478E+31    0.2068105334E-04    0.1040544628E+11    0.3786705241E-04
    0.8040000000E+00    0.2076438060E-20    0.1433782510E-21    0.1582851308E-06    0.4644726970E+30    0.1916863174E-05    0.9644487858E+09    0.3760797590E-05
    0.8040000000E+00    0.2224943467E-20    0.1536325639E-21    0.1619720651E-06    0.1132952674E+30    0.5010057299E-06    0.2520755652E+09    0.1053250172E-05
    0.8040000000E+00    0.2384069878E-20    0.1646202581E-21    0.1657448792E-06    0.2509226218E+29    0.1188969573E-06    0.5982170644E+08    0.2678302252E-06
    0.8040000000E+00    0.2554576900E-20    0.1763937846E-21    0.1696055734E-06    0.3946413598E+28    0.2003703805E-07    0.1008141701E+08    0.4836401741E-07
    0.8040000000E+00    0.2737278465E-20    0.1890093455E-21    0.1735561947E-06    0.7949971303E+27    0.4325103303E-08    0.2176128524E+07    0.1118627086E-07
    0.8040000000E+00    0.2933046719E-20    0.2025271626E-21    0.1775988378E-06    0.1951099677E+27    0.1137392554E-08    0.5722666506E+06    0.3152094484E-08
    0.8040000000E+00    0.3142816182E-20    0.2170117645E-21    0.1817356462E-06    0.4304396811E+26    0.2688705434E-09    0.1352792795E+06    0.7984212201E-09
    0.8040000000E+00    0.3367588212E-20    0.2325322952E-21    0.1859688132E-06    0.1005913352E+26    0.6732734622E-10    0.3387501946E+05    0.2142300271E-09
    0.8040000000E+00    0.3608435782E-20    0.2491628434E-21    0.1903005833E-06    0.1131357599E+25    0.8113921878E-11    0.4082431240E+04    0.2766429888E-10
    0.8040000000E+00    0.3866508602E-20    0.2669827968E-21    0.1947332533E-06    0.3833882073E+24    0.2946250533E-11    0.1482373801E+04    0.1076362404E-10
