    0.8780000000E+00    0.4143038610E-23    0.2860772210E-24    0.1992691735E-07    0.0000000000E+00    0.0000000000E+00    0.0000000000E+00    0.0000000000E+00
    0.8780000000E+00    0.4439345853E-23    0.3065372650E-24    0.2039107488E-07    0.0000000000E+00    0.0000000000E+00    0.0000000000E+00    0.0000000000E+00
    0.8780000000E+00    0.4756844785E-23    0.3284605973E-24    0.2086604403E-07    0.0000000000E+00    0.0000000000E+00    0.0000000000E+00    0.0000000000E+00
    0.8780000000E+00    0.5097051019E-23    0.3519518710E-24    0.2135207663E-07    0.0000000000E+00    0.0000000000E+00    0.0000000000E+00    0.0000000000E+00
    0.8780000000E+00    0.5461588566E-23    0.3771232243E-24    0.2184943039E-07    0.0000000000E+00    0.0000000000E+00    0.0000000000E+00    0.0000000000E+00
    0.8780000000E+00    0.5852197586E-23    0.4040948153E-24    0.2235836900E-07    0.0000000000E+00    0.0000000000E+00    0.0000000000E+00    0.0000000000E+00
    0.8780000000E+00    0.6270742692E-23    0.4329953957E-24    0.2287916232E-07    0.0000000000E+00    0.0000000000E+00    0.0000000000E+00    0.0000000000E+00
    0.8780000000E+00    0.6719221852E-23    0.4639629256E-24    0.2341208647E-07    0.0000000000E+00    0.0000000000E+00    0.0000000000E+00    0.0000000000E+00
    0.8780000000E+00    0.7199775931E-23    0.4971452317E-24    0.2395742402E-07    0.0000000000E+00    0.0000000000E+00    0.0000000000E+00    0.0000000000E+00
    0.8780000000E+00    0.7714698903E-23    0.5327007132E-24    0.2451546411E-07    0.0000000000E+00    0.0000000000E+00    0.0000000000E+00    0.0000000000E+00
    0.8780000000E+00    0.8266448809E-23    0.5707990981E-24    0.2508650263E-07    0.0000000000E+00    0.0000000000E+00    0.0000000000E+00    0.0000000000E+00
    0.8780000000E+00    0.8857659485E-23    0.6116222531E-24    0.2567084234E-07    0.0000000000E+00    0.0000000000E+00    0.0000000000E+00    0.0000000000E+00
    0.8780000000E+00    0.9491153137E-23    0.6553650517E-24    0.2626879307E-07    0.0000000000E+00    0.0000000000E+00    0.0000000000E+00    0.0000000000E+00
    0.8780000000E+00    0.1016995382E-22    0.7022363048E-24    0.2688067187E-07    0.0000000000E+00    0.0000000000E+00    0.0000000000E+00    0.0000000000E+00
    0.8780000000E+00    0.1089730185E-22    0.7524597575E-24    0.2750680315E-07    0.0000000000E+00    0.0000000000E+00    0.0000000000E+00    0.0000000000E+00
    0.8780000000E+00    0.1167666930E-22    0.8062751566E-24    0.2814751890E-07    0.0000000000E+00    0.0000000000E+00    0.0000000000E+00    0.0000000000E+00
    0.8780000000E+00    0.1251177658E-22    0.8639393956E-24    0.2880315884E-07    0.0000000000E+00    0.0000000000E+00    0.0000000000E+00    0.0000000000E+00
    0.8780000000E+00    0.1340661015E-22    0.9257277409E-24    0.2947407060E-07    0.0000000000E+00    0.0000000000E+00    0.0000000000E+00    0.0000000000E+00
    0.8780000000E+00    0.1436544159E-22    0.9919351458E-24    0.3016060990E-07    0.0000000000E+00    0.0000000000E+00    0.0000000000E+00    0.0000000000E+00
    0.8780000000E+00    0.1539284799E-22    0.1062877658E-23    0.3086314075E-07    0.0000000000E+00    0.0000000000E+00    0.0000000000E+00    0.0000000000E+00
    0.8780000000E+00    0.1649373379E-22    0.1138893930E-23    0.3158203565E-07    0.0000000000E+00    0.0000000000E+00    0.0000000000E+00    0.0000000000E+00
    0.8780000000E+00    0.1767335417E-22    0.1220346833E-23    0.3231767576E-07    0.0000000000E+00    0.0000000000E+00    0.0000000000E+00    0.0000000000E+00
    0.8780000000E+00    0.1893734018E-22    0.1307625190E-23    0.3307045113E-07    0.0000000000E+00    0.0000000000E+00    0.0000000000E+00    0.0000000000E+00
    0.8780000000E+00    0.2029172559E-22    0.1401145635E-23    0.3384076090E-07    0.0000000000E+00    0.0000000000E+00    0.0000000000E+00    0.0000000000E+00
    0.8780000000E+00    0.2174297571E-22    0.1501354598E-23    0.3462901348E-07    0.0000000000E+00    0.0000000000E+00    0.0000000000E+00    0.0000000000E+00
    0.8780000000E+00    0.2329801823E-22    0.1608730435E-23    0.3543562682E-07    0.0000000000E+00    0.0000000000E+00    0.0000000000E+00    0.0000000000E+00
    0.8780000000E+00    0.2496427630E-22    0.1723785718E-23    0.3626102861E-07    0.0000000000E+00    0.0000000000E+00    0.0000000000E+00    0.0000000000E+00
    0.8780000000E+00    0.2674970400E-22    0.1847069675E-23    0.3710565646E-07    0.0000000000E+00    0.0000000000E+00    0.0000000000E+00    0.0000000000E+00
    0.8780000000E+00    0.2866282424E-22    0.1979170815E-23    0.3796995823E-07    0.0000000000E+00    0.0000000000E+00    0.0000000000E+00    0.0000000000E+00
    0.8780000000E+00    0.3071276952E-22    0.2120719737E-23    0.3885439218E-07   -0.4016917201E-15   -0.2452018846E-52   -0.1233706522E-37   -0.6214315460E-54
    0.8780000000E+00    0.3290932546E-22    0.2272392139E-23    0.3975942724E-07   -0.2822823322E-14   -0.1846352509E-51   -0.9289721142E-37   -0.5013997497E-53
    0.8780000000E+00    0.3526297755E-22    0.2434912046E-23    0.4068554327E-07   -0.1255527089E-13   -0.8799480056E-51   -0.4427362356E-36   -0.2560510159E-52
    0.8780000000E+00    0.3778496121E-22    0.2609055264E-23    0.4163323131E-07    0.1744204136E-12    0.1309870121E-49    0.6590468561E-35    0.4084112795E-51
    0.8780000000E+00    0.4048731538E-22    0.2795653084E-23    0.4260299385E-07    0.1489713759E-11    0.1198764167E-48    0.6031451078E-34    0.4005006680E-50
    0.8780000000E+00    0.4338294005E-22    0.2995596250E-23    0.4359534505E-07   -0.2862985587E-10   -0.2468596368E-47   -0.1242047321E-32   -0.8837299581E-49
    0.8780000000E+00    0.4648565778E-22    0.3209839213E-23    0.4461081109E-07   -0.5581210061E-09   -0.5156550702E-46   -0.2594462209E-31   -0.1978011373E-47
    0.8780000000E+00    0.4981027973E-22    0.3439404683E-23    0.4564993037E-07    0.3169418047E-08    0.3137693012E-45    0.1578695995E-30    0.1289673994E-46
    0.8780000000E+00    0.5337267633E-22    0.3685388516E-23    0.4671325384E-07    0.1201159546E-06    0.1274182456E-43    0.6410909968E-29    0.5611786153E-45
    0.8780000000E+00    0.5718985306E-22    0.3948964943E-23    0.4780134531E-07   -0.1928839636E-06   -0.2192436611E-43   -0.1103100553E-28   -0.1034657327E-44
    0.8780000000E+00    0.6128003161E-22    0.4231392172E-23    0.4891478167E-07   -0.5855157725E-04   -0.7131313393E-41   -0.3588042505E-26   -0.3606110367E-42
    0.8780000000E+00    0.6566273690E-22    0.4534018400E-23    0.5005415331E-07   -0.7304779486E-02   -0.9533185287E-39   -0.4796518135E-24   -0.5165442435E-40
    0.8780000000E+00    0.7035889022E-22    0.4858288246E-23    0.5122006431E-07   -0.4439272998E-01   -0.6207872336E-38   -0.3123423215E-23   -0.3604228107E-39
    0.8780000000E+00    0.7539090917E-22    0.5205749646E-23    0.5241313287E-07    0.2960776186E+00    0.4436459312E-37    0.2232156085E-22    0.2759980380E-38
    0.8780000000E+00    0.8078281461E-22    0.5578061244E-23    0.5363399157E-07    0.3131685338E+02    0.5028159468E-35    0.2529863561E-20    0.3351803382E-36
    0.8780000000E+00    0.8656034539E-22    0.5977000309E-23    0.5488328773E-07    0.4200085922E+03    0.7225852611E-34    0.3635608881E-19    0.5161293912E-35
    0.8780000000E+00    0.9275108115E-22    0.6404471218E-23    0.5616168372E-07   -0.3444347873E+03   -0.6349476671E-34   -0.3194669891E-19   -0.4859677214E-35
    0.8780000000E+00    0.9938457404E-22    0.6862514550E-23    0.5746985739E-07   -0.6141948849E+05   -0.1213213179E-31   -0.6104149702E-17   -0.9949622678E-33
    0.8780000000E+00    0.1064924897E-21    0.7353316823E-23    0.5880850233E-07   -0.3176750606E+07   -0.6723788520E-30   -0.3383000813E-15   -0.5908585677E-31
    0.8780000000E+00    0.1141087586E-21    0.7879220933E-23    0.6017832832E-07   -0.1444993693E+09   -0.3277154191E-28   -0.1648864365E-13   -0.3085790002E-29
    0.8780000000E+00    0.1222697377E-21    0.8442737340E-23    0.6158006166E-07   -0.5933605872E+10   -0.1441948069E-26   -0.7255004338E-12   -0.1454852993E-27
    0.8780000000E+00    0.1310143844E-21    0.9046556049E-23    0.6301444556E-07   -0.3326197855E+11   -0.8661218664E-26   -0.4357797645E-11   -0.9363721648E-27
    0.8780000000E+00    0.1403844422E-21    0.9693559452E-23    0.6448224056E-07    0.3575368961E+11    0.9975893165E-26    0.5019261772E-11    0.1155636583E-26
    0.8780000000E+00    0.1504246400E-21    0.1038683609E-22    0.6598422489E-07    0.2736748955E+13    0.8182120756E-24    0.4116744761E-09    0.1015629663E-24
    0.8780000000E+00    0.1611829057E-21    0.1112969539E-22    0.6752119493E-07    0.7610234153E+14    0.2437973291E-22    0.1226639654E-07    0.3242637758E-23
    0.8780000000E+00    0.1727105951E-21    0.1192568347E-22    0.6909396560E-07    0.1852373791E+16    0.6358571387E-21    0.3199245798E-06    0.9062104031E-22
    0.8780000000E+00    0.1850627369E-21    0.1277860007E-22    0.7070337081E-07    0.3502708512E+17    0.1288353144E-19    0.6482208238E-05    0.1967453214E-20
    0.8780000000E+00    0.1982982953E-21    0.1369251667E-22    0.7235026388E-07    0.6345066111E+17    0.2500731562E-19    0.1258215793E-04    0.4092008879E-20
    0.8780000000E+00    0.2124804516E-21    0.1467179595E-22    0.7403551802E-07   -0.1700837636E+18   -0.7182800118E-19   -0.3613947489E-04   -0.1259398794E-19
    0.8780000000E+00    0.2276769058E-21    0.1572111260E-22    0.7576002677E-07   -0.4911749975E+19   -0.2222630018E-17   -0.1118292037E-02   -0.4175770939E-18
    0.8780000000E+00    0.2439602000E-21    0.1684547565E-22    0.7752470448E-07   -0.7814230599E+20   -0.3788934932E-16   -0.1906361260E-01   -0.7627577678E-17
    0.8780000000E+00    0.2614080640E-21    0.1805025236E-22    0.7933048683E-07   -0.1092697427E+22   -0.5677156211E-15   -0.2856399189E+00   -0.1224617148E-15
    0.8780000000E+00    0.2801037871E-21    0.1934119387E-22    0.8117833125E-07   -0.1399586946E+23   -0.7791674599E-14   -0.3920296039E+01   -0.1800944374E-14
    0.8780000000E+00    0.3001366153E-21    0.2072446262E-22    0.8306921749E-07   -0.1654002420E+24   -0.9866589608E-13   -0.4964266881E+02   -0.2443636236E-13
    0.8780000000E+00    0.3216021775E-21    0.2220666179E-22    0.8500414813E-07   -0.1146942143E+25   -0.7331155556E-12   -0.3688590908E+03   -0.1945547895E-12
    0.8780000000E+00    0.3446029418E-21    0.2379486681E-22    0.8698414910E-07   -0.1359240055E+25   -0.9309515689E-12   -0.4683981218E+03   -0.2647259894E-12
    0.8780000000E+00    0.3692487048E-21    0.2549665916E-22    0.8901027021E-07    0.1879146795E+25    0.1379086895E-11    0.6938725203E+03    0.4202049108E-12
    0.8780000000E+00    0.3956571157E-21    0.2732016250E-22    0.9108358575E-07    0.3808483853E+26    0.2994904942E-10    0.1506853736E+05    0.9778056323E-11
    0.8780000000E+00    0.4239542377E-21    0.2927408154E-22    0.9320519501E-07    0.3414835363E+27    0.2877403013E-09    0.1447733923E+06    0.1006630734E-09
    0.8780000000E+00    0.4542751502E-21    0.3136774352E-22    0.9537622289E-07    0.2604483879E+28    0.2351541229E-08    0.1183152305E+07    0.8814995390E-09
    0.8780000000E+00    0.4867645933E-21    0.3361114274E-22    0.9759782052E-07    0.1813127490E+29    0.1754119864E-07    0.8825662655E+07    0.7045774810E-08
    0.8780000000E+00    0.5215776589E-21    0.3601498832E-22    0.9987116580E-07    0.1169595194E+30    0.1212457429E-06    0.6100347230E+08    0.5218383482E-07
    0.8780000000E+00    0.5588805307E-21    0.3859075526E-22    0.1021974641E-06    0.7022970133E+30    0.7801026360E-06    0.3925001275E+09    0.3597669277E-06
    0.8780000000E+00    0.5988512779E-21    0.4135073927E-22    0.1045779488E-06    0.3933409794E+31    0.4681662677E-05    0.2355527482E+10    0.2313500569E-05
    0.8780000000E+00    0.6416807053E-21    0.4430811541E-22    0.1070138822E-06    0.2057326839E+32    0.2623821072E-04    0.1320146937E+11    0.1389324542E-04
    0.8780000000E+00    0.6875732635E-21    0.4747700104E-22    0.1095065557E-06    0.1005562304E+33    0.1374168245E-03    0.6913977552E+11    0.7796674445E-04
    0.8780000000E+00    0.7367480256E-21    0.5087252317E-22    0.1120572911E-06    0.4593203428E+33    0.6725841121E-03    0.3384033556E+12    0.4088990449E-03
    0.8780000000E+00    0.7894397325E-21    0.5451089068E-22    0.1146674407E-06    0.1959545282E+34    0.3074583043E-02    0.1546942903E+13    0.2002883642E-02
    0.8780000000E+00    0.8458999137E-21    0.5840947171E-22    0.1173383885E-06    0.7797241028E+34    0.1310907002E-01    0.6595685513E+13    0.9150427307E-02
    0.8780000000E+00    0.9063980879E-21    0.6258687655E-22    0.1200715507E-06    0.2404980885E+35    0.4332539719E-01    0.2179870075E+14    0.3240500142E-01
    0.8780000000E+00    0.9712230494E-21    0.6706304648E-22    0.1228683764E-06    0.4538671768E+35    0.8761121436E-01    0.4408062634E+14    0.7021488551E-01
    0.8780000000E+00    0.1040684247E-20    0.7185934897E-22    0.1257303485E-06    0.6193558577E+35    0.1281065022E+00    0.6445538844E+14    0.1100121533E+00
    0.8780000000E+00    0.1115113261E-20    0.7699867968E-22    0.1286589846E-06    0.6637586484E+35    0.1471096346E+00    0.7401660712E+14    0.1353663157E+00
    0.8780000000E+00    0.1194865387E-20    0.8250557175E-22    0.1316558373E-06    0.6552231917E+35    0.1556037950E+00    0.7829035126E+14    0.1534227196E+00
    0.8780000000E+00    0.1280321329E-20    0.8840631292E-22    0.1347224957E-06    0.5986541003E+35    0.1523375215E+00    0.7664696136E+14    0.1609445879E+00
    0.8780000000E+00    0.1371889021E-20    0.9472907100E-22    0.1378605858E-06    0.4433677043E+35    0.1208912809E+00    0.6082512859E+14    0.1368561981E+00
    0.8780000000E+00    0.1470005571E-20    0.1015040283E-21    0.1410717713E-06    0.2684594638E+35    0.7843495331E-01    0.3946369075E+14    0.9514350237E-01
    0.8780000000E+00    0.1575139348E-20    0.1087635259E-21    0.1443577550E-06    0.1348357278E+35    0.4221199788E-01    0.2123850605E+14    0.5486626537E-01
    0.8780000000E+00    0.1687792220E-20    0.1165422177E-21    0.1477202791E-06    0.5611656856E+34    0.1882443849E-01    0.9471310784E+13    0.2621751485E-01
    0.8780000000E+00    0.1808501947E-20    0.1248772362E-21    0.1511611264E-06    0.1901719915E+34    0.6835613177E-02    0.3439264169E+13    0.1020109919E-01
    0.8780000000E+00    0.1937844750E-20    0.1338083694E-21    0.1546821213E-06    0.4305629541E+33    0.1658317119E-02    0.8343641600E+12    0.2651777467E-02
    0.8780000000E+00    0.2076438060E-20    0.1433782510E-21    0.1582851308E-06    0.5281555942E+31    0.2179680345E-04    0.1096682377E+11    0.3734756572E-04
    0.8780000000E+00    0.2224943467E-20    0.1536325639E-21    0.1619720651E-06    0.3525602641E+30    0.1559065232E-05    0.7844266564E+09    0.2862422775E-05
    0.8780000000E+00    0.2384069878E-20    0.1646202581E-21    0.1657448792E-06    0.8392450169E+29    0.3976671302E-06    0.2000818765E+09    0.7823285638E-06
    0.8780000000E+00    0.2554576900E-20    0.1763937846E-21    0.1696055734E-06    0.1362551561E+29    0.6918052754E-07    0.3480742742E+08    0.1458321778E-06
    0.8780000000E+00    0.2737278465E-20    0.1890093455E-21    0.1735561947E-06    0.2223983239E+28    0.1209936097E-07    0.6087661426E+07    0.2732951507E-07
    0.8780000000E+00    0.2933046719E-20    0.2025271626E-21    0.1775988378E-06    0.5450513220E+27    0.3177373881E-08    0.1598660992E+07    0.7690203162E-08
    0.8780000000E+00    0.3142816182E-20    0.2170117645E-21    0.1817356462E-06    0.1201421311E+27    0.7504577640E-09    0.3775846337E+06    0.1946237100E-08
    0.8780000000E+00    0.3367588212E-20    0.2325322952E-21    0.1859688132E-06    0.2871773053E+26    0.1922122400E-09    0.9670949083E+05    0.5341343793E-09
    0.8780000000E+00    0.3608435782E-20    0.2491628434E-21    0.1903005833E-06    0.4005633046E+25    0.2872778125E-10    0.1445406961E+05    0.8554045918E-10
    0.8780000000E+00    0.3866508602E-20    0.2669827968E-21    0.1947332533E-06    0.1317447355E+25    0.1012428107E-10    0.5093921528E+04    0.3230231781E-10
