    0.8940000000E+00    0.4143038610E-23    0.2860772210E-24    0.1992691735E-07    0.0000000000E+00    0.0000000000E+00    0.0000000000E+00    0.0000000000E+00
    0.8940000000E+00    0.4439345853E-23    0.3065372650E-24    0.2039107488E-07    0.0000000000E+00    0.0000000000E+00    0.0000000000E+00    0.0000000000E+00
    0.8940000000E+00    0.4756844785E-23    0.3284605973E-24    0.2086604403E-07    0.0000000000E+00    0.0000000000E+00    0.0000000000E+00    0.0000000000E+00
    0.8940000000E+00    0.5097051019E-23    0.3519518710E-24    0.2135207663E-07    0.0000000000E+00    0.0000000000E+00    0.0000000000E+00    0.0000000000E+00
    0.8940000000E+00    0.5461588566E-23    0.3771232243E-24    0.2184943039E-07    0.0000000000E+00    0.0000000000E+00    0.0000000000E+00    0.0000000000E+00
    0.8940000000E+00    0.5852197586E-23    0.4040948153E-24    0.2235836900E-07    0.0000000000E+00    0.0000000000E+00    0.0000000000E+00    0.0000000000E+00
    0.8940000000E+00    0.6270742692E-23    0.4329953957E-24    0.2287916232E-07    0.0000000000E+00    0.0000000000E+00    0.0000000000E+00    0.0000000000E+00
    0.8940000000E+00    0.6719221852E-23    0.4639629256E-24    0.2341208647E-07    0.0000000000E+00    0.0000000000E+00    0.0000000000E+00    0.0000000000E+00
    0.8940000000E+00    0.7199775931E-23    0.4971452317E-24    0.2395742402E-07    0.0000000000E+00    0.0000000000E+00    0.0000000000E+00    0.0000000000E+00
    0.8940000000E+00    0.7714698903E-23    0.5327007132E-24    0.2451546411E-07    0.0000000000E+00    0.0000000000E+00    0.0000000000E+00    0.0000000000E+00
    0.8940000000E+00    0.8266448809E-23    0.5707990981E-24    0.2508650263E-07    0.0000000000E+00    0.0000000000E+00    0.0000000000E+00    0.0000000000E+00
    0.8940000000E+00    0.8857659485E-23    0.6116222531E-24    0.2567084234E-07    0.0000000000E+00    0.0000000000E+00    0.0000000000E+00    0.0000000000E+00
    0.8940000000E+00    0.9491153137E-23    0.6553650517E-24    0.2626879307E-07    0.0000000000E+00    0.0000000000E+00    0.0000000000E+00    0.0000000000E+00
    0.8940000000E+00    0.1016995382E-22    0.7022363048E-24    0.2688067187E-07    0.0000000000E+00    0.0000000000E+00    0.0000000000E+00    0.0000000000E+00
    0.8940000000E+00    0.1089730185E-22    0.7524597575E-24    0.2750680315E-07    0.0000000000E+00    0.0000000000E+00    0.0000000000E+00    0.0000000000E+00
    0.8940000000E+00    0.1167666930E-22    0.8062751566E-24    0.2814751890E-07    0.0000000000E+00    0.0000000000E+00    0.0000000000E+00    0.0000000000E+00
    0.8940000000E+00    0.1251177658E-22    0.8639393956E-24    0.2880315884E-07    0.0000000000E+00    0.0000000000E+00    0.0000000000E+00    0.0000000000E+00
    0.8940000000E+00    0.1340661015E-22    0.9257277409E-24    0.2947407060E-07    0.0000000000E+00    0.0000000000E+00    0.0000000000E+00    0.0000000000E+00
    0.8940000000E+00    0.1436544159E-22    0.9919351458E-24    0.3016060990E-07    0.0000000000E+00    0.0000000000E+00    0.0000000000E+00    0.0000000000E+00
    0.8940000000E+00    0.1539284799E-22    0.1062877658E-23    0.3086314075E-07    0.0000000000E+00    0.0000000000E+00    0.0000000000E+00    0.0000000000E+00
    0.8940000000E+00    0.1649373379E-22    0.1138893930E-23    0.3158203565E-07    0.0000000000E+00    0.0000000000E+00    0.0000000000E+00    0.0000000000E+00
    0.8940000000E+00    0.1767335417E-22    0.1220346833E-23    0.3231767576E-07    0.0000000000E+00    0.0000000000E+00    0.0000000000E+00    0.0000000000E+00
    0.8940000000E+00    0.1893734018E-22    0.1307625190E-23    0.3307045113E-07    0.0000000000E+00    0.0000000000E+00    0.0000000000E+00    0.0000000000E+00
    0.8940000000E+00    0.2029172559E-22    0.1401145635E-23    0.3384076090E-07    0.0000000000E+00    0.0000000000E+00    0.0000000000E+00    0.0000000000E+00
    0.8940000000E+00    0.2174297571E-22    0.1501354598E-23    0.3462901348E-07    0.0000000000E+00    0.0000000000E+00    0.0000000000E+00    0.0000000000E+00
    0.8940000000E+00    0.2329801823E-22    0.1608730435E-23    0.3543562682E-07    0.0000000000E+00    0.0000000000E+00    0.0000000000E+00    0.0000000000E+00
    0.8940000000E+00    0.2496427630E-22    0.1723785718E-23    0.3626102861E-07    0.0000000000E+00    0.0000000000E+00    0.0000000000E+00    0.0000000000E+00
    0.8940000000E+00    0.2674970400E-22    0.1847069675E-23    0.3710565646E-07    0.0000000000E+00    0.0000000000E+00    0.0000000000E+00    0.0000000000E+00
    0.8940000000E+00    0.2866282424E-22    0.1979170815E-23    0.3796995823E-07    0.0000000000E+00    0.0000000000E+00    0.0000000000E+00    0.0000000000E+00
    0.8940000000E+00    0.3071276952E-22    0.2120719737E-23    0.3885439218E-07   -0.1342123404E-15   -0.8192630606E-53   -0.4122032678E-38   -0.2032339495E-54
    0.8940000000E+00    0.3290932546E-22    0.2272392139E-23    0.3975942724E-07   -0.1032079257E-14   -0.6750624848E-52   -0.3396503218E-37   -0.1794390069E-53
    0.8940000000E+00    0.3526297755E-22    0.2434912046E-23    0.4068554327E-07   -0.5144193393E-14   -0.3605356472E-51   -0.1813995761E-36   -0.1026883308E-52
    0.8940000000E+00    0.3778496121E-22    0.2609055264E-23    0.4163323131E-07    0.1325653008E-13    0.9955447479E-51    0.5008974748E-36    0.3038321095E-52
    0.8940000000E+00    0.4048731538E-22    0.2795653084E-23    0.4260299385E-07    0.5820141013E-12    0.4683434286E-49    0.2356418847E-34    0.1531571634E-50
    0.8940000000E+00    0.4338294005E-22    0.2995596250E-23    0.4359534505E-07   -0.2820921972E-11   -0.2432327206E-48   -0.1223798888E-33   -0.8523046952E-50
    0.8940000000E+00    0.4648565778E-22    0.3209839213E-23    0.4461081109E-07   -0.2133093423E-09   -0.1970792045E-46   -0.9915825089E-32   -0.7399692694E-48
    0.8940000000E+00    0.4981027973E-22    0.3439404683E-23    0.4564993037E-07    0.1710103132E-09    0.1692985453E-46    0.8518071539E-32    0.6811238848E-48
    0.8940000000E+00    0.5337267633E-22    0.3685388516E-23    0.4671325384E-07    0.4673395232E-07    0.4957508129E-44    0.2494316110E-29    0.2137156463E-45
    0.8940000000E+00    0.5718985306E-22    0.3948964943E-23    0.4780134531E-07    0.2724879126E-07    0.3097263581E-44    0.1558354368E-29    0.1430708144E-45
    0.8940000000E+00    0.6128003161E-22    0.4231392172E-23    0.4891478167E-07   -0.9209738352E-05   -0.1121703864E-41   -0.5643730573E-27   -0.5552020990E-43
    0.8940000000E+00    0.6566273690E-22    0.4534018400E-23    0.5005415331E-07   -0.1220079883E-02   -0.1592279084E-39   -0.8011378434E-25   -0.8444852601E-41
    0.8940000000E+00    0.7035889022E-22    0.4858288246E-23    0.5122006431E-07   -0.2169597332E-01   -0.3033961476E-38   -0.1526504605E-23   -0.1724181359E-39
    0.8940000000E+00    0.7539090917E-22    0.5205749646E-23    0.5241313287E-07    0.2937107292E-01    0.4400993585E-38    0.2214311891E-23    0.2679931040E-39
    0.8940000000E+00    0.8078281461E-22    0.5578061244E-23    0.5363399157E-07    0.5933712069E+01    0.9527026920E-36    0.4793419620E-21    0.6216275815E-37
    0.8940000000E+00    0.8656034539E-22    0.5977000309E-23    0.5488328773E-07    0.1992774154E+03    0.3428380417E-34    0.1724952190E-19    0.2396966085E-35
    0.8940000000E+00    0.9275108115E-22    0.6404471218E-23    0.5616168372E-07    0.1418277440E+03    0.2614520905E-34    0.1315467660E-19    0.1958686825E-35
    0.8940000000E+00    0.9938457404E-22    0.6862514550E-23    0.5746985739E-07   -0.1288439083E+05   -0.2545041181E-32   -0.1280509695E-17   -0.2042996852E-33
    0.8940000000E+00    0.1064924897E-21    0.7353316823E-23    0.5880850233E-07   -0.7182259889E+06   -0.1520169588E-30   -0.7648567374E-16   -0.1307569926E-31
    0.8940000000E+00    0.1141087586E-21    0.7879220933E-23    0.6017832832E-07   -0.3405610769E+08   -0.7723709560E-29   -0.3886100171E-14   -0.7118669294E-30
    0.8940000000E+00    0.1222697377E-21    0.8442737340E-23    0.6158006166E-07   -0.1454909625E+10   -0.3535631062E-27   -0.1778914182E-12   -0.3491723326E-28
    0.8940000000E+00    0.1310143844E-21    0.9046556049E-23    0.6301444556E-07   -0.1917001303E+11   -0.4991755809E-26   -0.2511547457E-11   -0.5282338347E-27
    0.8940000000E+00    0.1403844422E-21    0.9693559452E-23    0.6448224056E-07   -0.8888022775E+10   -0.2479910930E-26   -0.1247740119E-11   -0.2811958883E-27
    0.8940000000E+00    0.1504246400E-21    0.1038683609E-22    0.6598422489E-07    0.7182857414E+12    0.2147475260E-24    0.1080478740E-09    0.2609162048E-25
    0.8940000000E+00    0.1611829057E-21    0.1112969539E-22    0.6752119493E-07    0.2171158111E+14    0.6955404233E-23    0.3499535731E-08    0.9055141865E-24
    0.8940000000E+00    0.1727105951E-21    0.1192568347E-22    0.6909396560E-07    0.5501031235E+15    0.1888317573E-21    0.9500863784E-07    0.2634194983E-22
    0.8940000000E+00    0.1850627369E-21    0.1277860007E-22    0.7070337081E-07    0.1263702755E+17    0.4648104209E-20    0.2338642905E-05    0.6947822898E-21
    0.8940000000E+00    0.1982982953E-21    0.1369251667E-22    0.7235026388E-07    0.5031933408E+17    0.1983196782E-19    0.9978238168E-05    0.3176425636E-20
    0.8940000000E+00    0.2124804516E-21    0.1467179595E-22    0.7403551802E-07   -0.1304577076E+17   -0.5509353850E-20   -0.2771971262E-05   -0.9455261624E-21
    0.8940000000E+00    0.2276769058E-21    0.1572111260E-22    0.7576002677E-07   -0.1606256217E+19   -0.7268515912E-18   -0.3657074455E-03   -0.1336652851E-18
    0.8940000000E+00    0.2439602000E-21    0.1684547565E-22    0.7752470448E-07   -0.2761487612E+20   -0.1338979794E-16   -0.6736930701E-02   -0.2638438081E-17
    0.8940000000E+00    0.2614080640E-21    0.1805025236E-22    0.7933048683E-07   -0.4015977874E+21   -0.2086518479E-15   -0.1049809001E+00   -0.4405499119E-16
    0.8940000000E+00    0.2801037871E-21    0.1934119387E-22    0.8117833125E-07   -0.5323106513E+22   -0.2963439602E-14   -0.1491022293E+01   -0.6704539652E-15
    0.8940000000E+00    0.3001366153E-21    0.2072446262E-22    0.8306921749E-07   -0.6502277940E+23   -0.3878791662E-13   -0.1951571693E+02   -0.9403062803E-14
    0.8940000000E+00    0.3216021775E-21    0.2220666179E-22    0.8500414813E-07   -0.6493842838E+24   -0.4150808502E-12   -0.2088433997E+03   -0.1078215526E-12
    0.8940000000E+00    0.3446029418E-21    0.2379486681E-22    0.8698414910E-07   -0.1254025321E+25   -0.8588893737E-12   -0.4321408147E+03   -0.2390617603E-12
    0.8940000000E+00    0.3692487048E-21    0.2549665916E-22    0.8901027021E-07   -0.9931161619E+23   -0.7288379426E-13   -0.3667068565E+02   -0.2173721280E-13
    0.8940000000E+00    0.3956571157E-21    0.2732016250E-22    0.9108358575E-07    0.1549937972E+26    0.1218835912E-10    0.6132439873E+04    0.3895095637E-11
    0.8940000000E+00    0.4239542377E-21    0.2927408154E-22    0.9320519501E-07    0.1547001152E+27    0.1303531592E-09    0.6558576941E+05    0.4463694305E-10
    0.8940000000E+00    0.4542751502E-21    0.3136774352E-22    0.9537622289E-07    0.1233197286E+28    0.1113431450E-08    0.5602108825E+06    0.4085416774E-09
    0.8940000000E+00    0.4867645933E-21    0.3361114274E-22    0.9759782052E-07    0.8875933924E+28    0.8587069629E-08    0.4320490367E+07    0.3376119947E-08
    0.8940000000E+00    0.5215776589E-21    0.3601498832E-22    0.9987116580E-07    0.5903568014E+29    0.6119916475E-07    0.3079169184E+08    0.2578210533E-07
    0.8940000000E+00    0.5588805307E-21    0.3859075526E-22    0.1021974641E-06    0.3651332099E+30    0.4055853494E-06    0.2040658421E+09    0.1830860025E-06
    0.8940000000E+00    0.5988512779E-21    0.4135073927E-22    0.1045779488E-06    0.2105188934E+31    0.2505659206E-05    0.1260695083E+10    0.1211978416E-05
    0.8940000000E+00    0.6416807053E-21    0.4430811541E-22    0.1070138822E-06    0.1132965536E+32    0.1444932711E-04    0.7270021242E+10    0.7488942679E-05
    0.8940000000E+00    0.6875732635E-21    0.4747700104E-22    0.1095065557E-06    0.5695817056E+32    0.7783715534E-04    0.3916291522E+11    0.4322747209E-04
    0.8940000000E+00    0.7367480256E-21    0.5087252317E-22    0.1120572911E-06    0.2675406224E+33    0.3917605105E-03    0.1971100253E+12    0.2331275182E-03
    0.8940000000E+00    0.7894397325E-21    0.5451089068E-22    0.1146674407E-06    0.1173589128E+34    0.1841395178E-02    0.9264778873E+12    0.1174140003E-02
    0.8940000000E+00    0.8458999137E-21    0.5840947171E-22    0.1173383885E-06    0.4802054516E+34    0.8073428623E-02    0.4062057501E+13    0.5516084284E-02
    0.8940000000E+00    0.9063980879E-21    0.6258687655E-22    0.1200715507E-06    0.1712387607E+35    0.3084842532E-01    0.1552104853E+14    0.2258426096E-01
    0.8940000000E+00    0.9712230494E-21    0.6706304648E-22    0.1228683764E-06    0.3765401561E+35    0.7268456944E-01    0.3657044786E+14    0.5701841040E-01
    0.8940000000E+00    0.1040684247E-20    0.7185934897E-22    0.1257303485E-06    0.5665328458E+35    0.1171806811E+00    0.5895818080E+14    0.9849833771E-01
    0.8940000000E+00    0.1115113261E-20    0.7699867968E-22    0.1286589846E-06    0.6505146278E+35    0.1441743462E+00    0.7253974883E+14    0.1298556571E+00
    0.8940000000E+00    0.1194865387E-20    0.8250557175E-22    0.1316558373E-06    0.6494487387E+35    0.1542324657E+00    0.7760038186E+14    0.1488499472E+00
    0.8940000000E+00    0.1280321329E-20    0.8840631292E-22    0.1347224957E-06    0.6161572285E+35    0.1567914844E+00    0.7888792420E+14    0.1621419363E+00
    0.8940000000E+00    0.1371889021E-20    0.9472907100E-22    0.1378605858E-06    0.4905610632E+35    0.1337593034E+00    0.6729953369E+14    0.1482166120E+00
    0.8940000000E+00    0.1470005571E-20    0.1015040283E-21    0.1410717713E-06    0.3141208575E+35    0.9177569843E-01    0.4617594105E+14    0.1089684019E+00
    0.8940000000E+00    0.1575139348E-20    0.1087635259E-21    0.1443577550E-06    0.1659661308E+35    0.5195775684E-01    0.2614197830E+14    0.6610332066E-01
    0.8940000000E+00    0.1687792220E-20    0.1165422177E-21    0.1477202791E-06    0.7244071903E+34    0.2430041420E-01    0.1222648820E+14    0.3312733959E-01
    0.8940000000E+00    0.1808501947E-20    0.1248772362E-21    0.1511611264E-06    0.2575793047E+34    0.9258526853E-02    0.4658326741E+13    0.1352429932E-01
    0.8940000000E+00    0.1937844750E-20    0.1338083694E-21    0.1546821213E-06    0.6559792975E+33    0.2526510208E-02    0.1271186038E+13    0.3954521497E-02
    0.8940000000E+00    0.2076438060E-20    0.1433782510E-21    0.1582851308E-06    0.2556524539E+32    0.1055069065E-03    0.5308464854E+11    0.1769513063E-03
    0.8940000000E+00    0.2224943467E-20    0.1536325639E-21    0.1619720651E-06    0.4231341408E+30    0.1871151671E-05    0.9414495423E+09    0.3362651618E-05
    0.8940000000E+00    0.2384069878E-20    0.1646202581E-21    0.1657448792E-06    0.1014498195E+30    0.4807089441E-06    0.2418634589E+09    0.9256676494E-06
    0.8940000000E+00    0.2554576900E-20    0.1763937846E-21    0.1696055734E-06    0.1711635116E+29    0.8690446933E-07    0.4372503529E+08    0.1793143290E-06
    0.8940000000E+00    0.2737278465E-20    0.1890093455E-21    0.1735561947E-06    0.2628949425E+28    0.1430253948E-07    0.7196166646E+07    0.3162176003E-07
    0.8940000000E+00    0.2933046719E-20    0.2025271626E-21    0.1775988378E-06    0.6442173968E+27    0.3755462005E-08    0.1889519722E+07    0.8896849742E-08
    0.8940000000E+00    0.3142816182E-20    0.2170117645E-21    0.1817356462E-06    0.1418613202E+27    0.8861248605E-09    0.4458440527E+06    0.2249405768E-08
    0.8940000000E+00    0.3367588212E-20    0.2325322952E-21    0.1859688132E-06    0.3396703490E+26    0.2273466511E-09    0.1143869863E+06    0.6183885573E-09
    0.8940000000E+00    0.3608435782E-20    0.2491628434E-21    0.1903005833E-06    0.4860612047E+25    0.3485955853E-10    0.1753920643E+05    0.1016002476E-09
    0.8940000000E+00    0.3866508602E-20    0.2669827968E-21    0.1947332533E-06    0.1609389657E+25    0.1236779077E-10    0.6222718950E+04    0.3862469056E-10
