    0.8870000000E+00    0.4143038610E-23    0.2860772210E-24    0.1992691735E-07    0.0000000000E+00    0.0000000000E+00    0.0000000000E+00    0.0000000000E+00
    0.8870000000E+00    0.4439345853E-23    0.3065372650E-24    0.2039107488E-07    0.0000000000E+00    0.0000000000E+00    0.0000000000E+00    0.0000000000E+00
    0.8870000000E+00    0.4756844785E-23    0.3284605973E-24    0.2086604403E-07    0.0000000000E+00    0.0000000000E+00    0.0000000000E+00    0.0000000000E+00
    0.8870000000E+00    0.5097051019E-23    0.3519518710E-24    0.2135207663E-07    0.0000000000E+00    0.0000000000E+00    0.0000000000E+00    0.0000000000E+00
    0.8870000000E+00    0.5461588566E-23    0.3771232243E-24    0.2184943039E-07    0.0000000000E+00    0.0000000000E+00    0.0000000000E+00    0.0000000000E+00
    0.8870000000E+00    0.5852197586E-23    0.4040948153E-24    0.2235836900E-07    0.0000000000E+00    0.0000000000E+00    0.0000000000E+00    0.0000000000E+00
    0.8870000000E+00    0.6270742692E-23    0.4329953957E-24    0.2287916232E-07    0.0000000000E+00    0.0000000000E+00    0.0000000000E+00    0.0000000000E+00
    0.8870000000E+00    0.6719221852E-23    0.4639629256E-24    0.2341208647E-07    0.0000000000E+00    0.0000000000E+00    0.0000000000E+00    0.0000000000E+00
    0.8870000000E+00    0.7199775931E-23    0.4971452317E-24    0.2395742402E-07    0.0000000000E+00    0.0000000000E+00    0.0000000000E+00    0.0000000000E+00
    0.8870000000E+00    0.7714698903E-23    0.5327007132E-24    0.2451546411E-07    0.0000000000E+00    0.0000000000E+00    0.0000000000E+00    0.0000000000E+00
    0.8870000000E+00    0.8266448809E-23    0.5707990981E-24    0.2508650263E-07    0.0000000000E+00    0.0000000000E+00    0.0000000000E+00    0.0000000000E+00
    0.8870000000E+00    0.8857659485E-23    0.6116222531E-24    0.2567084234E-07    0.0000000000E+00    0.0000000000E+00    0.0000000000E+00    0.0000000000E+00
    0.8870000000E+00    0.9491153137E-23    0.6553650517E-24    0.2626879307E-07    0.0000000000E+00    0.0000000000E+00    0.0000000000E+00    0.0000000000E+00
    0.8870000000E+00    0.1016995382E-22    0.7022363048E-24    0.2688067187E-07    0.0000000000E+00    0.0000000000E+00    0.0000000000E+00    0.0000000000E+00
    0.8870000000E+00    0.1089730185E-22    0.7524597575E-24    0.2750680315E-07    0.0000000000E+00    0.0000000000E+00    0.0000000000E+00    0.0000000000E+00
    0.8870000000E+00    0.1167666930E-22    0.8062751566E-24    0.2814751890E-07    0.0000000000E+00    0.0000000000E+00    0.0000000000E+00    0.0000000000E+00
    0.8870000000E+00    0.1251177658E-22    0.8639393956E-24    0.2880315884E-07    0.0000000000E+00    0.0000000000E+00    0.0000000000E+00    0.0000000000E+00
    0.8870000000E+00    0.1340661015E-22    0.9257277409E-24    0.2947407060E-07    0.0000000000E+00    0.0000000000E+00    0.0000000000E+00    0.0000000000E+00
    0.8870000000E+00    0.1436544159E-22    0.9919351458E-24    0.3016060990E-07    0.0000000000E+00    0.0000000000E+00    0.0000000000E+00    0.0000000000E+00
    0.8870000000E+00    0.1539284799E-22    0.1062877658E-23    0.3086314075E-07    0.0000000000E+00    0.0000000000E+00    0.0000000000E+00    0.0000000000E+00
    0.8870000000E+00    0.1649373379E-22    0.1138893930E-23    0.3158203565E-07    0.0000000000E+00    0.0000000000E+00    0.0000000000E+00    0.0000000000E+00
    0.8870000000E+00    0.1767335417E-22    0.1220346833E-23    0.3231767576E-07    0.0000000000E+00    0.0000000000E+00    0.0000000000E+00    0.0000000000E+00
    0.8870000000E+00    0.1893734018E-22    0.1307625190E-23    0.3307045113E-07    0.0000000000E+00    0.0000000000E+00    0.0000000000E+00    0.0000000000E+00
    0.8870000000E+00    0.2029172559E-22    0.1401145635E-23    0.3384076090E-07    0.0000000000E+00    0.0000000000E+00    0.0000000000E+00    0.0000000000E+00
    0.8870000000E+00    0.2174297571E-22    0.1501354598E-23    0.3462901348E-07    0.0000000000E+00    0.0000000000E+00    0.0000000000E+00    0.0000000000E+00
    0.8870000000E+00    0.2329801823E-22    0.1608730435E-23    0.3543562682E-07    0.0000000000E+00    0.0000000000E+00    0.0000000000E+00    0.0000000000E+00
    0.8870000000E+00    0.2496427630E-22    0.1723785718E-23    0.3626102861E-07    0.0000000000E+00    0.0000000000E+00    0.0000000000E+00    0.0000000000E+00
    0.8870000000E+00    0.2674970400E-22    0.1847069675E-23    0.3710565646E-07    0.0000000000E+00    0.0000000000E+00    0.0000000000E+00    0.0000000000E+00
    0.8870000000E+00    0.2866282424E-22    0.1979170815E-23    0.3796995823E-07    0.0000000000E+00    0.0000000000E+00    0.0000000000E+00    0.0000000000E+00
    0.8870000000E+00    0.3071276952E-22    0.2120719737E-23    0.3885439218E-07   -0.2152558013E-15   -0.1313971026E-52   -0.6611101813E-38   -0.3289352973E-54
    0.8870000000E+00    0.3290932546E-22    0.2272392139E-23    0.3975942724E-07   -0.1556953792E-14   -0.1018372463E-51   -0.5123829906E-37   -0.2731689528E-53
    0.8870000000E+00    0.3526297755E-22    0.2434912046E-23    0.4068554327E-07   -0.7563064398E-14   -0.5300645037E-51   -0.2666961701E-36   -0.1523538427E-52
    0.8870000000E+00    0.3778496121E-22    0.2609055264E-23    0.4163323131E-07    0.4296134254E-13    0.3226329866E-50    0.1623292661E-35    0.9936500503E-52
    0.8870000000E+00    0.4048731538E-22    0.2795653084E-23    0.4260299385E-07    0.8877369385E-12    0.7143568524E-49    0.3594208540E-34    0.2357435968E-50
    0.8870000000E+00    0.4338294005E-22    0.2995596250E-23    0.4359534505E-07   -0.7863020092E-11   -0.6779853494E-48   -0.3411209292E-33   -0.2397424834E-49
    0.8870000000E+00    0.4648565778E-22    0.3209839213E-23    0.4461081109E-07   -0.3241110553E-09   -0.2994503112E-46   -0.1506651560E-31   -0.1134617451E-47
    0.8870000000E+00    0.4981027973E-22    0.3439404683E-23    0.4564993037E-07    0.7364506824E-09    0.7290790060E-46    0.3668281449E-31    0.2960051610E-47
    0.8870000000E+00    0.5337267633E-22    0.3685388516E-23    0.4671325384E-07    0.7021612322E-07    0.7448481979E-44    0.3747622417E-29    0.3240354026E-45
    0.8870000000E+00    0.5718985306E-22    0.3948964943E-23    0.4780134531E-07   -0.7247938265E-08   -0.8238448088E-45   -0.4145085244E-30   -0.3840343750E-46
    0.8870000000E+00    0.6128003161E-22    0.4231392172E-23    0.4891478167E-07   -0.2028829414E-04   -0.2471021116E-41   -0.1243267306E-26   -0.1234244348E-42
    0.8870000000E+00    0.6566273690E-22    0.4534018400E-23    0.5005415331E-07   -0.2615673379E-02   -0.3413614199E-39   -0.1717522729E-24   -0.1827002437E-40
    0.8870000000E+00    0.7035889022E-22    0.4858288246E-23    0.5122006431E-07   -0.3005317031E-01   -0.4202630581E-38   -0.2114507711E-23   -0.2410160180E-39
    0.8870000000E+00    0.7539090917E-22    0.5205749646E-23    0.5241313287E-07    0.8799021641E-01    0.1318454994E-37    0.6633662413E-23    0.8101958236E-39
    0.8870000000E+00    0.8078281461E-22    0.5578061244E-23    0.5363399157E-07    0.1206754926E+02    0.1937536998E-35    0.9748505949E-21    0.1275776784E-36
    0.8870000000E+00    0.8656034539E-22    0.5977000309E-23    0.5488328773E-07    0.2760317539E+03    0.4748866587E-34    0.2389340396E-19    0.3350538860E-35
    0.8870000000E+00    0.9275108115E-22    0.6404471218E-23    0.5616168372E-07    0.5886805018E+02    0.1085201975E-34    0.5460075299E-20    0.8204181615E-36
    0.8870000000E+00    0.9938457404E-22    0.6862514550E-23    0.5746985739E-07   -0.2515971179E+05   -0.4969773384E-32   -0.2500487240E-17   -0.4025884177E-33
    0.8870000000E+00    0.1064924897E-21    0.7353316823E-23    0.5880850233E-07   -0.1353700681E+07   -0.2865190954E-30   -0.1441589559E-15   -0.2487014182E-31
    0.8870000000E+00    0.1141087586E-21    0.7879220933E-23    0.6017832832E-07   -0.6305418974E+08   -0.1430029094E-28   -0.7195035316E-14   -0.1330054888E-29
    0.8870000000E+00    0.1222697377E-21    0.8442737340E-23    0.6158006166E-07   -0.2648715244E+10   -0.6436743377E-27   -0.3238577182E-12   -0.6414914691E-28
    0.8870000000E+00    0.1310143844E-21    0.9046556049E-23    0.6301444556E-07   -0.2463361112E+11   -0.6414443810E-26   -0.3227357398E-11   -0.6849891548E-27
    0.8870000000E+00    0.1403844422E-21    0.9693559452E-23    0.6448224056E-07    0.9374196557E+09    0.2615561761E-27    0.1315991355E-12    0.2992882521E-28
    0.8870000000E+00    0.1504246400E-21    0.1038683609E-22    0.6598422489E-07    0.1276383956E+13    0.3816034219E-24    0.1919995970E-09    0.4678826606E-25
    0.8870000000E+00    0.1611829057E-21    0.1112969539E-22    0.6752119493E-07    0.3707041556E+14    0.1187567704E-22    0.5975117295E-08    0.1560210042E-23
    0.8870000000E+00    0.1727105951E-21    0.1192568347E-22    0.6909396560E-07    0.9230972489E+15    0.3168679985E-21    0.1594286752E-06    0.4460700563E-22
    0.8870000000E+00    0.1850627369E-21    0.1277860007E-22    0.7070337081E-07    0.2052466351E+17    0.7549304967E-20    0.3798350403E-05    0.1138758575E-20
    0.8870000000E+00    0.1982982953E-21    0.1369251667E-22    0.7235026388E-07    0.5661992887E+17    0.2231517224E-19    0.1122763537E-04    0.3606823858E-20
    0.8870000000E+00    0.2124804516E-21    0.1467179595E-22    0.7403551802E-07   -0.5643669095E+17   -0.2383375473E-19   -0.1199169358E-04   -0.4127785833E-20
    0.8870000000E+00    0.2276769058E-21    0.1572111260E-22    0.7576002677E-07   -0.2597062077E+19   -0.1175203982E-17   -0.5912910579E-03   -0.2180911009E-18
    0.8870000000E+00    0.2439602000E-21    0.1684547565E-22    0.7752470448E-07   -0.4304986063E+20   -0.2087385555E-16   -0.1050245261E-01   -0.4150757527E-17
    0.8870000000E+00    0.2614080640E-21    0.1805025236E-22    0.7933048683E-07   -0.6154886717E+21   -0.3197797715E-15   -0.1608937021E+00   -0.6813585002E-16
    0.8870000000E+00    0.2801037871E-21    0.1934119387E-22    0.8117833125E-07   -0.8039773817E+22   -0.4475842078E-14   -0.2251971094E+01   -0.1021878932E-14
    0.8870000000E+00    0.3001366153E-21    0.2072446262E-22    0.8306921749E-07   -0.9683413769E+23   -0.5776428651E-13   -0.2906347034E+02   -0.1413136467E-13
    0.8870000000E+00    0.3216021775E-21    0.2220666179E-22    0.8500414813E-07   -0.8452410981E+24   -0.5402708418E-12   -0.2718313777E+03   -0.1416237924E-12
    0.8870000000E+00    0.3446029418E-21    0.2379486681E-22    0.8698414910E-07   -0.1317483935E+25   -0.9023525548E-12   -0.4540088399E+03   -0.2534550464E-12
    0.8870000000E+00    0.3692487048E-21    0.2549665916E-22    0.8901027021E-07    0.5031741905E+24    0.3692744674E-12    0.1857964181E+03    0.1111409158E-12
    0.8870000000E+00    0.3956571157E-21    0.2732016250E-22    0.9108358575E-07    0.2289291966E+26    0.1800247050E-10    0.9057746560E+04    0.5805729514E-11
    0.8870000000E+00    0.4239542377E-21    0.2927408154E-22    0.9320519501E-07    0.2171077351E+27    0.1829389662E-09    0.9204374432E+05    0.6321656750E-10
    0.8870000000E+00    0.4542751502E-21    0.3136774352E-22    0.9537622289E-07    0.1697139855E+28    0.1532316776E-08    0.7709684625E+06    0.5673789859E-09
    0.8870000000E+00    0.4867645933E-21    0.3361114274E-22    0.9759782052E-07    0.1204125292E+29    0.1164937438E-07    0.5861255583E+07    0.4621971818E-08
    0.8870000000E+00    0.5215776589E-21    0.3601498832E-22    0.9987116580E-07    0.7904956058E+29    0.8194649524E-07    0.4123048474E+08    0.3483814917E-07
    0.8870000000E+00    0.5588805307E-21    0.3859075526E-22    0.1021974641E-06    0.4827952779E+30    0.5362828857E-06    0.2698248811E+09    0.2442972780E-06
    0.8870000000E+00    0.5988512779E-21    0.4135073927E-22    0.1045779488E-06    0.2749432223E+31    0.3272456952E-05    0.1646501001E+10    0.1597344654E-05
    0.8870000000E+00    0.6416807053E-21    0.4430811541E-22    0.1070138822E-06    0.1461823016E+32    0.1864342583E-04    0.9380236240E+10    0.9751028142E-05
    0.8870000000E+00    0.6875732635E-21    0.4747700104E-22    0.1095065557E-06    0.7261531236E+32    0.9923368837E-04    0.4992834730E+11    0.5561396051E-04
    0.8870000000E+00    0.7367480256E-21    0.5087252317E-22    0.1120572911E-06    0.3370564056E+33    0.4935526737E-03    0.2483256413E+12    0.2963863506E-03
    0.8870000000E+00    0.7894397325E-21    0.5451089068E-22    0.1146674407E-06    0.1461129213E+34    0.2292553861E-02    0.1153473455E+13    0.1475177359E-02
    0.8870000000E+00    0.8458999137E-21    0.5840947171E-22    0.1173383885E-06    0.5908067065E+34    0.9932906341E-02    0.4997633421E+13    0.6848587847E-02
    0.8870000000E+00    0.9063980879E-21    0.6258687655E-22    0.1200715507E-06    0.1994684429E+35    0.3593396342E-01    0.1807978152E+14    0.2654787791E-01
    0.8870000000E+00    0.9712230494E-21    0.6706304648E-22    0.1228683764E-06    0.4096722679E+35    0.7908015101E-01    0.3978831492E+14    0.6260257257E-01
    0.8870000000E+00    0.1040684247E-20    0.7185934897E-22    0.1257303485E-06    0.5903518321E+35    0.1221073593E+00    0.6143698519E+14    0.1035777636E+00
    0.8870000000E+00    0.1115113261E-20    0.7699867968E-22    0.1286589846E-06    0.6569967912E+35    0.1456109959E+00    0.7326258345E+14    0.1323484510E+00
    0.8870000000E+00    0.1194865387E-20    0.8250557175E-22    0.1316558373E-06    0.6524759140E+35    0.1549513657E+00    0.7796208855E+14    0.1509107226E+00
    0.8870000000E+00    0.1280321329E-20    0.8840631292E-22    0.1347224957E-06    0.6101678371E+35    0.1552673838E+00    0.7812108963E+14    0.1620335421E+00
    0.8870000000E+00    0.1371889021E-20    0.9472907100E-22    0.1378605858E-06    0.4709526991E+35    0.1284127700E+00    0.6460948376E+14    0.1435928795E+00
    0.8870000000E+00    0.1470005571E-20    0.1015040283E-21    0.1410717713E-06    0.2943453632E+35    0.8599795474E-01    0.4326893237E+14    0.1030416521E+00
    0.8870000000E+00    0.1575139348E-20    0.1087635259E-21    0.1443577550E-06    0.1521705308E+35    0.4763887306E-01    0.2396897906E+14    0.6116263251E-01
    0.8870000000E+00    0.1687792220E-20    0.1165422177E-21    0.1477202791E-06    0.6506785917E+34    0.2182717055E-01    0.1098210265E+14    0.3002770443E-01
    0.8870000000E+00    0.1808501947E-20    0.1248772362E-21    0.1511611264E-06    0.2266481415E+34    0.8146725554E-02    0.4098936052E+13    0.1200902576E-01
    0.8870000000E+00    0.1937844750E-20    0.1338083694E-21    0.1546821213E-06    0.5511614690E+33    0.2122803392E-02    0.1068065359E+13    0.3353007025E-02
    0.8870000000E+00    0.2076438060E-20    0.1433782510E-21    0.1582851308E-06    0.1439749523E+32    0.5941797781E-04    0.2989550707E+11    0.1005640042E-03
    0.8870000000E+00    0.2224943467E-20    0.1536325639E-21    0.1619720651E-06    0.3915070078E+30    0.1731292565E-05    0.8710809594E+09    0.3139750617E-05
    0.8870000000E+00    0.2384069878E-20    0.1646202581E-21    0.1657448792E-06    0.9359547496E+29    0.4434919860E-06    0.2231381526E+09    0.8618078920E-06
    0.8870000000E+00    0.2554576900E-20    0.1763937846E-21    0.1696055734E-06    0.1552760000E+29    0.7883793833E-07    0.3966644826E+08    0.1641572050E-06
    0.8870000000E+00    0.2737278465E-20    0.1890093455E-21    0.1735561947E-06    0.2448103136E+28    0.1331866312E-07    0.6701139994E+07    0.2971565616E-07
    0.8870000000E+00    0.2933046719E-20    0.2025271626E-21    0.1775988378E-06    0.5999321510E+27    0.3497301392E-08    0.1759629027E+07    0.8360990908E-08
    0.8870000000E+00    0.3142816182E-20    0.2170117645E-21    0.1817356462E-06    0.1321657051E+27    0.8255620129E-09    0.4153725169E+06    0.2114824786E-08
    0.8870000000E+00    0.3367588212E-20    0.2325322952E-21    0.1859688132E-06    0.3162449292E+26    0.2116676531E-09    0.1064982696E+06    0.5810040836E-09
    0.8870000000E+00    0.3608435782E-20    0.2491628434E-21    0.1903005833E-06    0.4478120971E+25    0.3211639164E-10    0.1615901195E+05    0.9446076004E-10
    0.8870000000E+00    0.3866508602E-20    0.2669827968E-21    0.1947332533E-06    0.1478217029E+25    0.1135975919E-10    0.5715538859E+04    0.3580088936E-10
