    0.8420000000E+00    0.4143038610E-23    0.2860772210E-24    0.1992691735E-07    0.0000000000E+00    0.0000000000E+00    0.0000000000E+00    0.0000000000E+00
    0.8420000000E+00    0.4439345853E-23    0.3065372650E-24    0.2039107488E-07    0.0000000000E+00    0.0000000000E+00    0.0000000000E+00    0.0000000000E+00
    0.8420000000E+00    0.4756844785E-23    0.3284605973E-24    0.2086604403E-07    0.0000000000E+00    0.0000000000E+00    0.0000000000E+00    0.0000000000E+00
    0.8420000000E+00    0.5097051019E-23    0.3519518710E-24    0.2135207663E-07    0.0000000000E+00    0.0000000000E+00    0.0000000000E+00    0.0000000000E+00
    0.8420000000E+00    0.5461588566E-23    0.3771232243E-24    0.2184943039E-07    0.0000000000E+00    0.0000000000E+00    0.0000000000E+00    0.0000000000E+00
    0.8420000000E+00    0.5852197586E-23    0.4040948153E-24    0.2235836900E-07    0.0000000000E+00    0.0000000000E+00    0.0000000000E+00    0.0000000000E+00
    0.8420000000E+00    0.6270742692E-23    0.4329953957E-24    0.2287916232E-07    0.0000000000E+00    0.0000000000E+00    0.0000000000E+00    0.0000000000E+00
    0.8420000000E+00    0.6719221852E-23    0.4639629256E-24    0.2341208647E-07    0.0000000000E+00    0.0000000000E+00    0.0000000000E+00    0.0000000000E+00
    0.8420000000E+00    0.7199775931E-23    0.4971452317E-24    0.2395742402E-07    0.0000000000E+00    0.0000000000E+00    0.0000000000E+00    0.0000000000E+00
    0.8420000000E+00    0.7714698903E-23    0.5327007132E-24    0.2451546411E-07    0.0000000000E+00    0.0000000000E+00    0.0000000000E+00    0.0000000000E+00
    0.8420000000E+00    0.8266448809E-23    0.5707990981E-24    0.2508650263E-07    0.0000000000E+00    0.0000000000E+00    0.0000000000E+00    0.0000000000E+00
    0.8420000000E+00    0.8857659485E-23    0.6116222531E-24    0.2567084234E-07    0.0000000000E+00    0.0000000000E+00    0.0000000000E+00    0.0000000000E+00
    0.8420000000E+00    0.9491153137E-23    0.6553650517E-24    0.2626879307E-07    0.0000000000E+00    0.0000000000E+00    0.0000000000E+00    0.0000000000E+00
    0.8420000000E+00    0.1016995382E-22    0.7022363048E-24    0.2688067187E-07    0.0000000000E+00    0.0000000000E+00    0.0000000000E+00    0.0000000000E+00
    0.8420000000E+00    0.1089730185E-22    0.7524597575E-24    0.2750680315E-07    0.0000000000E+00    0.0000000000E+00    0.0000000000E+00    0.0000000000E+00
    0.8420000000E+00    0.1167666930E-22    0.8062751566E-24    0.2814751890E-07    0.0000000000E+00    0.0000000000E+00    0.0000000000E+00    0.0000000000E+00
    0.8420000000E+00    0.1251177658E-22    0.8639393956E-24    0.2880315884E-07    0.0000000000E+00    0.0000000000E+00    0.0000000000E+00    0.0000000000E+00
    0.8420000000E+00    0.1340661015E-22    0.9257277409E-24    0.2947407060E-07    0.0000000000E+00    0.0000000000E+00    0.0000000000E+00    0.0000000000E+00
    0.8420000000E+00    0.1436544159E-22    0.9919351458E-24    0.3016060990E-07    0.0000000000E+00    0.0000000000E+00    0.0000000000E+00    0.0000000000E+00
    0.8420000000E+00    0.1539284799E-22    0.1062877658E-23    0.3086314075E-07    0.0000000000E+00    0.0000000000E+00    0.0000000000E+00    0.0000000000E+00
    0.8420000000E+00    0.1649373379E-22    0.1138893930E-23    0.3158203565E-07    0.0000000000E+00    0.0000000000E+00    0.0000000000E+00    0.0000000000E+00
    0.8420000000E+00    0.1767335417E-22    0.1220346833E-23    0.3231767576E-07    0.0000000000E+00    0.0000000000E+00    0.0000000000E+00    0.0000000000E+00
    0.8420000000E+00    0.1893734018E-22    0.1307625190E-23    0.3307045113E-07    0.0000000000E+00    0.0000000000E+00    0.0000000000E+00    0.0000000000E+00
    0.8420000000E+00    0.2029172559E-22    0.1401145635E-23    0.3384076090E-07    0.0000000000E+00    0.0000000000E+00    0.0000000000E+00    0.0000000000E+00
    0.8420000000E+00    0.2174297571E-22    0.1501354598E-23    0.3462901348E-07   -0.1063576987E-15   -0.4596209918E-53   -0.2312532859E-38   -0.8731550143E-55
    0.8420000000E+00    0.2329801823E-22    0.1608730435E-23    0.3543562682E-07   -0.1530204379E-15   -0.7085660898E-53   -0.3565072950E-38   -0.1442353993E-54
    0.8420000000E+00    0.2496427630E-22    0.1723785718E-23    0.3626102861E-07    0.0000000000E+00    0.0000000000E+00    0.0000000000E+00    0.0000000000E+00
    0.8420000000E+00    0.2674970400E-22    0.1847069675E-23    0.3710565646E-07    0.3678237537E-15    0.1955557977E-52    0.9839176536E-38    0.4570483999E-54
    0.8420000000E+00    0.2866282424E-22    0.1979170815E-23    0.3796995823E-07   -0.8830698271E-15   -0.5030671625E-52   -0.2531127525E-37   -0.1259846015E-53
    0.8420000000E+00    0.3071276952E-22    0.2120719737E-23    0.3885439218E-07   -0.2124948101E-13   -0.1297117299E-50   -0.6526304126E-36   -0.3480733300E-52
    0.8420000000E+00    0.3290932546E-22    0.2272392139E-23    0.3975942724E-07   -0.6722943272E-13   -0.4397343283E-50   -0.2212475282E-35   -0.1264392373E-51
    0.8420000000E+00    0.3526297755E-22    0.2434912046E-23    0.4068554327E-07    0.2332751513E-12    0.1634930906E-49    0.8225976424E-35    0.5037219785E-51
    0.8420000000E+00    0.3778496121E-22    0.2609055264E-23    0.4163323131E-07    0.9463917816E-11    0.7107254778E-48    0.3575937675E-33    0.2346353164E-49
    0.8420000000E+00    0.4048731538E-22    0.2795653084E-23    0.4260299385E-07   -0.1328861388E-10   -0.1069327181E-47   -0.5380203010E-33   -0.3782701774E-49
    0.8420000000E+00    0.4338294005E-22    0.2995596250E-23    0.4359534505E-07   -0.2778494488E-08   -0.2395744299E-45   -0.1205392598E-30   -0.9080964131E-47
    0.8420000000E+00    0.4648565778E-22    0.3209839213E-23    0.4461081109E-07   -0.1351118174E-08   -0.1248315203E-45   -0.6280761707E-31   -0.5070091026E-47
    0.8420000000E+00    0.4981027973E-22    0.3439404683E-23    0.4564993037E-07    0.5013130281E-06    0.4962950174E-43    0.2497054216E-28    0.2159888897E-44
    0.8420000000E+00    0.5337267633E-22    0.3685388516E-23    0.4671325384E-07    0.5822631557E-06    0.6176610761E-43    0.3107694295E-28    0.2880326569E-44
    0.8420000000E+00    0.5718985306E-22    0.3948964943E-23    0.4780134531E-07   -0.5762526051E-04   -0.6550038092E-41   -0.3295580181E-26   -0.3272919491E-42
    0.8420000000E+00    0.6128003161E-22    0.4231392172E-23    0.4891478167E-07   -0.7377751059E-02   -0.8985762197E-39   -0.4521088181E-24   -0.4811122532E-40
    0.8420000000E+00    0.6566273690E-22    0.4534018400E-23    0.5005415331E-07   -0.1733039033E+00   -0.2261722239E-37   -0.1137960861E-22   -0.1297569908E-38
    0.8420000000E+00    0.7035889022E-22    0.4858288246E-23    0.5122006431E-07    0.8128257492E-01    0.1136654242E-37    0.5718951765E-23    0.6987468671E-39
    0.8420000000E+00    0.7539090917E-22    0.5205749646E-23    0.5241313287E-07    0.3264201050E+02    0.4891114437E-35    0.2460910849E-20    0.3221805517E-36
    0.8420000000E+00    0.8078281461E-22    0.5578061244E-23    0.5363399157E-07    0.1231732905E+04    0.1977641047E-33    0.9950285092E-19    0.1395850686E-34
    0.8420000000E+00    0.8656034539E-22    0.5977000309E-23    0.5488328773E-07    0.1090067092E+04    0.1875357860E-33    0.9435658401E-19    0.1418324646E-34
    0.8420000000E+00    0.9275108115E-22    0.6404471218E-23    0.5616168372E-07   -0.6423680217E+05   -0.1184172133E-31   -0.5958032851E-17   -0.9596355617E-33
    0.8420000000E+00    0.9938457404E-22    0.6862514550E-23    0.5746985739E-07   -0.3471147329E+07   -0.6856523535E-30   -0.3449784987E-15   -0.5953816809E-31
    0.8420000000E+00    0.1064924897E-21    0.7353316823E-23    0.5880850233E-07   -0.1574724663E+09   -0.3333001839E-28   -0.1676963500E-13   -0.3101180540E-29
    0.8420000000E+00    0.1141087586E-21    0.7879220933E-23    0.6017832832E-07   -0.6433534457E+10   -0.1459084874E-26   -0.7341226303E-12   -0.1454695355E-27
    0.8420000000E+00    0.1222697377E-21    0.8442737340E-23    0.6158006166E-07   -0.7944388741E+11   -0.1930596040E-25   -0.9713583279E-11   -0.2062447527E-26
    0.8420000000E+00    0.1310143844E-21    0.9046556049E-23    0.6301444556E-07   -0.3514427185E+11   -0.9151356490E-26   -0.4604405143E-11   -0.1047555329E-26
    0.8420000000E+00    0.1403844422E-21    0.9693559452E-23    0.6448224056E-07    0.2878873608E+13    0.8032551566E-24    0.4041490656E-09    0.9852467683E-25
    0.8420000000E+00    0.1504246400E-21    0.1038683609E-22    0.6598422489E-07    0.8354697728E+14    0.2497823031E-22    0.1256752398E-07    0.3282866049E-23
    0.8420000000E+00    0.1611829057E-21    0.1112969539E-22    0.6752119493E-07    0.2029129113E+16    0.6500407846E-21    0.3270609265E-06    0.9154446747E-22
    0.8420000000E+00    0.1727105951E-21    0.1192568347E-22    0.6909396560E-07    0.4455450437E+17    0.1529405124E-19    0.7695034966E-05    0.2307884326E-20
    0.8420000000E+00    0.1850627369E-21    0.1277860007E-22    0.7070337081E-07    0.1396237708E+18    0.5135589314E-19    0.2583915715E-04    0.8303893744E-20
    0.8420000000E+00    0.1982982953E-21    0.1369251667E-22    0.7235026388E-07   -0.8352531111E+17   -0.3291918131E-19   -0.1656292680E-04   -0.5703487875E-20
    0.8420000000E+00    0.2124804516E-21    0.1467179595E-22    0.7403551802E-07   -0.5169194758E+19   -0.2183000419E-17   -0.1098352836E-02   -0.4052708021E-18
    0.8420000000E+00    0.2276769058E-21    0.1572111260E-22    0.7576002677E-07   -0.8441463438E+20   -0.3819870745E-16   -0.1921926276E-01   -0.7598715147E-17
    0.8420000000E+00    0.2439602000E-21    0.1684547565E-22    0.7752470448E-07   -0.1176102077E+22   -0.5702639802E-15   -0.2869220979E+00   -0.1215534914E-15
    0.8420000000E+00    0.2614080640E-21    0.1805025236E-22    0.7933048683E-07   -0.1494336957E+23   -0.7763891567E-14   -0.3906317309E+01   -0.1773254040E-14
    0.8420000000E+00    0.2801037871E-21    0.1934119387E-22    0.8117833125E-07   -0.1749790545E+24   -0.9741301592E-13   -0.4901229582E+02   -0.2384012269E-13
    0.8420000000E+00    0.3001366153E-21    0.2072446262E-22    0.8306921749E-07   -0.1448158364E+25   -0.8638671923E-12   -0.4346453498E+03   -0.2265366519E-12
    0.8420000000E+00    0.3216021775E-21    0.2220666179E-22    0.8500414813E-07   -0.2176786977E+25   -0.1391383518E-11   -0.7000594317E+03   -0.3909654240E-12
    0.8420000000E+00    0.3446029418E-21    0.2379486681E-22    0.8698414910E-07    0.8624213163E+24    0.5906774703E-12    0.2971929227E+03    0.1778450996E-12
    0.8420000000E+00    0.3692487048E-21    0.2549665916E-22    0.8901027021E-07    0.3711501407E+26    0.2723833479E-10    0.1370467088E+05    0.8787635816E-11
    0.8420000000E+00    0.3956571157E-21    0.2732016250E-22    0.9108358575E-07    0.3434042013E+27    0.2700452409E-09    0.1358703158E+06    0.9335294536E-10
    0.8420000000E+00    0.4239542377E-21    0.2927408154E-22    0.9320519501E-07    0.2617243995E+28    0.2205337874E-08    0.1109591683E+07    0.8168957429E-09
    0.8420000000E+00    0.4542751502E-21    0.3136774352E-22    0.9537622289E-07    0.1809859282E+29    0.1634089101E-07    0.8221740973E+07    0.6485854925E-08
    0.8420000000E+00    0.4867645933E-21    0.3361114274E-22    0.9759782052E-07    0.1158008545E+30    0.1120321545E-06    0.5636775587E+08    0.4764684899E-07
    0.8420000000E+00    0.5215776589E-21    0.3601498832E-22    0.9987116580E-07    0.6894183482E+30    0.7146835097E-06    0.3595852081E+09    0.3256906255E-06
    0.8420000000E+00    0.5588805307E-21    0.3859075526E-22    0.1021974641E-06    0.3828253055E+31    0.4252375054E-05    0.2139536099E+10    0.2076457557E-05
    0.8420000000E+00    0.5988512779E-21    0.4135073927E-22    0.1045779488E-06    0.1985630017E+32    0.2363356586E-04    0.1189097073E+11    0.1236575820E-04
    0.8420000000E+00    0.6416807053E-21    0.4430811541E-22    0.1070138822E-06    0.9629090495E+32    0.1228050404E-03    0.6178801580E+11    0.6885059361E-04
    0.8420000000E+00    0.6875732635E-21    0.4747700104E-22    0.1095065557E-06    0.4367475477E+33    0.5968447789E-03    0.3002959367E+12    0.3585526163E-03
    0.8420000000E+00    0.7367480256E-21    0.5087252317E-22    0.1120572911E-06    0.1852267119E+34    0.2712280123E-02    0.1364654143E+13    0.1745926826E-02
    0.8420000000E+00    0.7894397325E-21    0.5451089068E-22    0.1146674407E-06    0.7337224320E+34    0.1151231650E-01    0.5792296405E+13    0.7940616422E-02
    0.8420000000E+00    0.8458999137E-21    0.5840947171E-22    0.1173383885E-06    0.2318290986E+35    0.3897614394E-01    0.1961042145E+14    0.2880649156E-01
    0.8420000000E+00    0.9063980879E-21    0.6258687655E-22    0.1200715507E-06    0.4503752858E+35    0.8113448327E-01    0.4082192978E+14    0.6425352692E-01
    0.8420000000E+00    0.9712230494E-21    0.6706304648E-22    0.1228683764E-06    0.6312325584E+35    0.1218485359E+00    0.6130676102E+14    0.1033979223E+00
    0.8420000000E+00    0.1040684247E-20    0.7185934897E-22    0.1257303485E-06    0.6930857394E+35    0.1433566643E+00    0.7212834109E+14    0.1303495043E+00
    0.8420000000E+00    0.1115113261E-20    0.7699867968E-22    0.1286589846E-06    0.6874739178E+35    0.1523656785E+00    0.7666112826E+14    0.1484494684E+00
    0.8420000000E+00    0.1194865387E-20    0.8250557175E-22    0.1316558373E-06    0.6416422255E+35    0.1523785583E+00    0.7666760862E+14    0.1590799175E+00
    0.8420000000E+00    0.1280321329E-20    0.8840631292E-22    0.1347224957E-06    0.4953667331E+35    0.1260543280E+00    0.6342285942E+14    0.1410097876E+00
    0.8420000000E+00    0.1371889021E-20    0.9472907100E-22    0.1378605858E-06    0.3126096149E+35    0.8523800085E-01    0.4288656987E+14    0.1021703196E+00
    0.8420000000E+00    0.1470005571E-20    0.1015040283E-21    0.1410717713E-06    0.1650750761E+35    0.4822946341E-01    0.2426612815E+14    0.6194466761E-01
    0.8420000000E+00    0.1575139348E-20    0.1087635259E-21    0.1443577550E-06    0.7336815661E+34    0.2296881191E-01    0.1155650704E+14    0.3161040267E-01
    0.8420000000E+00    0.1687792220E-20    0.1165422177E-21    0.1477202791E-06    0.2723983501E+34    0.9137668461E-02    0.4597518161E+13    0.1347494166E-01
    0.8420000000E+00    0.1808501947E-20    0.1248772362E-21    0.1511611264E-06    0.8108532024E+33    0.2914561073E-02    0.1466429595E+13    0.4605371372E-02
    0.8420000000E+00    0.1937844750E-20    0.1338083694E-21    0.1546821213E-06    0.1088369361E+33    0.4191864455E-03    0.2109090852E+12    0.7097390942E-03
    0.8420000000E+00    0.2076438060E-20    0.1433782510E-21    0.1582851308E-06    0.8934667863E+30    0.3687307329E-05    0.1855228440E+10    0.6689610524E-05
    0.8420000000E+00    0.2224943467E-20    0.1536325639E-21    0.1619720651E-06    0.2175137950E+30    0.9618729900E-06    0.4839558974E+09    0.1869860582E-05
    0.8420000000E+00    0.2384069878E-20    0.1646202581E-21    0.1657448792E-06    0.5046664482E+29    0.2391307117E-06    0.1203160078E+09    0.4981118265E-06
    0.8420000000E+00    0.2554576900E-20    0.1763937846E-21    0.1696055734E-06    0.7656426772E+28    0.3887380547E-07    0.1955893097E+08    0.8676579569E-07
    0.8420000000E+00    0.2737278465E-20    0.1890093455E-21    0.1735561947E-06    0.1431663551E+28    0.7788824034E-08    0.3918861808E+07    0.1862787818E-07
    0.8420000000E+00    0.2933046719E-20    0.2025271626E-21    0.1775988378E-06    0.3510383966E+27    0.2046376529E-08    0.1029612017E+07    0.5244173395E-08
    0.8420000000E+00    0.3142816182E-20    0.2170117645E-21    0.1817356462E-06    0.7752708251E+26    0.4842664307E-09    0.2436533695E+06    0.1329767951E-08
    0.8420000000E+00    0.3367588212E-20    0.2325322952E-21    0.1859688132E-06    0.1840178751E+26    0.1231660278E-09    0.6196964271E+05    0.3623951963E-09
    0.8420000000E+00    0.3608435782E-20    0.2491628434E-21    0.1903005833E-06    0.2363880408E+25    0.1695338501E-10    0.8529910646E+04    0.5345002613E-10
    0.8420000000E+00    0.3866508602E-20    0.2669827968E-21    0.1947332533E-06    0.7725841994E+24    0.5937132562E-11    0.2987203453E+04    0.2005710475E-10
