    0.8500000000E+00    0.4143038610E-23    0.2860772210E-24    0.1992691735E-07    0.0000000000E+00    0.0000000000E+00    0.0000000000E+00    0.0000000000E+00
    0.8500000000E+00    0.4439345853E-23    0.3065372650E-24    0.2039107488E-07    0.0000000000E+00    0.0000000000E+00    0.0000000000E+00    0.0000000000E+00
    0.8500000000E+00    0.4756844785E-23    0.3284605973E-24    0.2086604403E-07    0.0000000000E+00    0.0000000000E+00    0.0000000000E+00    0.0000000000E+00
    0.8500000000E+00    0.5097051019E-23    0.3519518710E-24    0.2135207663E-07    0.0000000000E+00    0.0000000000E+00    0.0000000000E+00    0.0000000000E+00
    0.8500000000E+00    0.5461588566E-23    0.3771232243E-24    0.2184943039E-07    0.0000000000E+00    0.0000000000E+00    0.0000000000E+00    0.0000000000E+00
    0.8500000000E+00    0.5852197586E-23    0.4040948153E-24    0.2235836900E-07    0.0000000000E+00    0.0000000000E+00    0.0000000000E+00    0.0000000000E+00
    0.8500000000E+00    0.6270742692E-23    0.4329953957E-24    0.2287916232E-07    0.0000000000E+00    0.0000000000E+00    0.0000000000E+00    0.0000000000E+00
    0.8500000000E+00    0.6719221852E-23    0.4639629256E-24    0.2341208647E-07    0.0000000000E+00    0.0000000000E+00    0.0000000000E+00    0.0000000000E+00
    0.8500000000E+00    0.7199775931E-23    0.4971452317E-24    0.2395742402E-07    0.0000000000E+00    0.0000000000E+00    0.0000000000E+00    0.0000000000E+00
    0.8500000000E+00    0.7714698903E-23    0.5327007132E-24    0.2451546411E-07    0.0000000000E+00    0.0000000000E+00    0.0000000000E+00    0.0000000000E+00
    0.8500000000E+00    0.8266448809E-23    0.5707990981E-24    0.2508650263E-07    0.0000000000E+00    0.0000000000E+00    0.0000000000E+00    0.0000000000E+00
    0.8500000000E+00    0.8857659485E-23    0.6116222531E-24    0.2567084234E-07    0.0000000000E+00    0.0000000000E+00    0.0000000000E+00    0.0000000000E+00
    0.8500000000E+00    0.9491153137E-23    0.6553650517E-24    0.2626879307E-07    0.0000000000E+00    0.0000000000E+00    0.0000000000E+00    0.0000000000E+00
    0.8500000000E+00    0.1016995382E-22    0.7022363048E-24    0.2688067187E-07    0.0000000000E+00    0.0000000000E+00    0.0000000000E+00    0.0000000000E+00
    0.8500000000E+00    0.1089730185E-22    0.7524597575E-24    0.2750680315E-07    0.0000000000E+00    0.0000000000E+00    0.0000000000E+00    0.0000000000E+00
    0.8500000000E+00    0.1167666930E-22    0.8062751566E-24    0.2814751890E-07    0.0000000000E+00    0.0000000000E+00    0.0000000000E+00    0.0000000000E+00
    0.8500000000E+00    0.1251177658E-22    0.8639393956E-24    0.2880315884E-07    0.0000000000E+00    0.0000000000E+00    0.0000000000E+00    0.0000000000E+00
    0.8500000000E+00    0.1340661015E-22    0.9257277409E-24    0.2947407060E-07    0.0000000000E+00    0.0000000000E+00    0.0000000000E+00    0.0000000000E+00
    0.8500000000E+00    0.1436544159E-22    0.9919351458E-24    0.3016060990E-07    0.0000000000E+00    0.0000000000E+00    0.0000000000E+00    0.0000000000E+00
    0.8500000000E+00    0.1539284799E-22    0.1062877658E-23    0.3086314075E-07    0.0000000000E+00    0.0000000000E+00    0.0000000000E+00    0.0000000000E+00
    0.8500000000E+00    0.1649373379E-22    0.1138893930E-23    0.3158203565E-07    0.0000000000E+00    0.0000000000E+00    0.0000000000E+00    0.0000000000E+00
    0.8500000000E+00    0.1767335417E-22    0.1220346833E-23    0.3231767576E-07    0.0000000000E+00    0.0000000000E+00    0.0000000000E+00    0.0000000000E+00
    0.8500000000E+00    0.1893734018E-22    0.1307625190E-23    0.3307045113E-07    0.0000000000E+00    0.0000000000E+00    0.0000000000E+00    0.0000000000E+00
    0.8500000000E+00    0.2029172559E-22    0.1401145635E-23    0.3384076090E-07    0.0000000000E+00    0.0000000000E+00    0.0000000000E+00    0.0000000000E+00
    0.8500000000E+00    0.2174297571E-22    0.1501354598E-23    0.3462901348E-07    0.0000000000E+00    0.0000000000E+00    0.0000000000E+00    0.0000000000E+00
    0.8500000000E+00    0.2329801823E-22    0.1608730435E-23    0.3543562682E-07   -0.1038126848E-15   -0.4807079968E-53   -0.2418629823E-38   -0.9649880209E-55
    0.8500000000E+00    0.2496427630E-22    0.1723785718E-23    0.3626102861E-07   -0.1026318592E-15   -0.5092289904E-53   -0.2562130089E-38   -0.1095351974E-54
    0.8500000000E+00    0.2674970400E-22    0.1847069675E-23    0.3710565646E-07    0.0000000000E+00    0.0000000000E+00    0.0000000000E+00    0.0000000000E+00
    0.8500000000E+00    0.2866282424E-22    0.1979170815E-23    0.3796995823E-07   -0.2564245905E-15   -0.1460799443E-52   -0.7349852970E-38   -0.3607706259E-54
    0.8500000000E+00    0.3071276952E-22    0.2120719737E-23    0.3885439218E-07   -0.5077408526E-14   -0.3099367194E-51   -0.1559412778E-36   -0.8201883707E-53
    0.8500000000E+00    0.3290932546E-22    0.2272392139E-23    0.3975942724E-07   -0.4238663553E-13   -0.2772425402E-50   -0.1394915584E-35   -0.7861409961E-52
    0.8500000000E+00    0.3526297755E-22    0.2434912046E-23    0.4068554327E-07    0.1706357030E-13    0.1195916423E-50    0.6017122966E-36    0.3633635880E-52
    0.8500000000E+00    0.3778496121E-22    0.2609055264E-23    0.4163323131E-07    0.4818614788E-11    0.3618704605E-48    0.1820711728E-33    0.1178131338E-49
    0.8500000000E+00    0.4048731538E-22    0.2795653084E-23    0.4260299385E-07    0.1255102549E-11    0.1009973864E-48    0.5081573272E-34    0.3523308817E-50
    0.8500000000E+00    0.4338294005E-22    0.2995596250E-23    0.4359534505E-07   -0.1393345827E-08   -0.1201406134E-45   -0.6044743848E-31   -0.4490869349E-47
    0.8500000000E+00    0.4648565778E-22    0.3209839213E-23    0.4461081109E-07   -0.1786068079E-08   -0.1650170932E-45   -0.8302654951E-31   -0.6609513714E-47
    0.8500000000E+00    0.4981027973E-22    0.3439404683E-23    0.4564993037E-07    0.2043831797E-06    0.2023373581E-43    0.1018038335E-28    0.8683936729E-45
    0.8500000000E+00    0.5337267633E-22    0.3685388516E-23    0.4671325384E-07    0.5137856931E-06    0.5450206164E-43    0.2742211750E-28    0.2506418029E-44
    0.8500000000E+00    0.5718985306E-22    0.3948964943E-23    0.4780134531E-07   -0.1682518786E-04   -0.1912453331E-41   -0.9622300215E-27   -0.9423916323E-43
    0.8500000000E+00    0.6128003161E-22    0.4231392172E-23    0.4891478167E-07   -0.2296570489E-02   -0.2797117457E-39   -0.1407339122E-24   -0.1476900641E-40
    0.8500000000E+00    0.6566273690E-22    0.4534018400E-23    0.5005415331E-07   -0.1008744414E+00   -0.1316473335E-37   -0.6623691909E-23   -0.7448222507E-39
    0.8500000000E+00    0.7035889022E-22    0.4858288246E-23    0.5122006431E-07   -0.5783924458E-01   -0.8088230810E-38   -0.4069505060E-23   -0.4903363742E-39
    0.8500000000E+00    0.7539090917E-22    0.5205749646E-23    0.5241313287E-07    0.1091095784E+02    0.1634909817E-35    0.8225870316E-21    0.1062024112E-36
    0.8500000000E+00    0.8078281461E-22    0.5578061244E-23    0.5363399157E-07    0.6763477191E+03    0.1085927806E-33    0.5463727241E-19    0.7558602886E-35
    0.8500000000E+00    0.8656034539E-22    0.5977000309E-23    0.5488328773E-07    0.1065547109E+04    0.1833173536E-33    0.9223412578E-19    0.1367238107E-34
    0.8500000000E+00    0.9275108115E-22    0.6404471218E-23    0.5616168372E-07   -0.2246068454E+05   -0.4140510709E-32   -0.2083252775E-17   -0.3308982631E-33
    0.8500000000E+00    0.9938457404E-22    0.6862514550E-23    0.5746985739E-07   -0.1315163906E+07   -0.2597830463E-30   -0.1307070046E-15   -0.2224597170E-31
    0.8500000000E+00    0.1064924897E-21    0.7353316823E-23    0.5880850233E-07   -0.6138004661E+08   -0.1299146530E-28   -0.6536513983E-14   -0.1192061641E-29
    0.8500000000E+00    0.1141087586E-21    0.7879220933E-23    0.6017832832E-07   -0.2573437558E+10   -0.5836393417E-27   -0.2936517651E-12   -0.5738324902E-28
    0.8500000000E+00    0.1222697377E-21    0.8442737340E-23    0.6158006166E-07   -0.5284176481E+11   -0.1284127769E-25   -0.6460948725E-11   -0.1352847405E-26
    0.8500000000E+00    0.1310143844E-21    0.9046556049E-23    0.6301444556E-07   -0.5116214162E+11   -0.1332231320E-25   -0.6702976491E-11   -0.1503904347E-26
    0.8500000000E+00    0.1403844422E-21    0.9693559452E-23    0.6448224056E-07    0.1168318931E+13    0.3259810377E-24    0.1640138014E-09    0.3943055711E-25
    0.8500000000E+00    0.1504246400E-21    0.1038683609E-22    0.6598422489E-07    0.3681796734E+14    0.1100755165E-22    0.5538329481E-08    0.1426695552E-23
    0.8500000000E+00    0.1611829057E-21    0.1112969539E-22    0.6752119493E-07    0.9195875642E+15    0.2945940788E-21    0.1482217956E-06    0.4091330738E-22
    0.8500000000E+00    0.1727105951E-21    0.1192568347E-22    0.6909396560E-07    0.2073303101E+17    0.7116946829E-20    0.3580814125E-05    0.1059093485E-20
    0.8500000000E+00    0.1850627369E-21    0.1277860007E-22    0.7070337081E-07    0.1122641662E+18    0.4129258571E-19    0.2077591385E-04    0.6584346148E-20
    0.8500000000E+00    0.1982982953E-21    0.1369251667E-22    0.7235026388E-07    0.2787954525E+17    0.1098794836E-19    0.5528466296E-05    0.1877401605E-20
    0.8500000000E+00    0.2124804516E-21    0.1467179595E-22    0.7403551802E-07   -0.2453343245E+19   -0.1036070333E-17   -0.5212874805E-03   -0.1896836130E-18
    0.8500000000E+00    0.2276769058E-21    0.1572111260E-22    0.7576002677E-07   -0.4278862276E+20   -0.1936240197E-16   -0.9741981236E-02   -0.3798392216E-17
    0.8500000000E+00    0.2439602000E-21    0.1684547565E-22    0.7752470448E-07   -0.6126070612E+21   -0.2970386226E-15   -0.1494517412E+00   -0.6243864901E-16
    0.8500000000E+00    0.2614080640E-21    0.1805025236E-22    0.7933048683E-07   -0.7961998195E+22   -0.4136690212E-14   -0.2081330534E+01   -0.9317374978E-15
    0.8500000000E+00    0.2801037871E-21    0.1934119387E-22    0.8117833125E-07   -0.9527508487E+23   -0.5304082472E-13   -0.2668691209E+02   -0.1280120474E-13
    0.8500000000E+00    0.3001366153E-21    0.2072446262E-22    0.8306921749E-07   -0.9641904199E+24   -0.5751667025E-12   -0.2893888492E+03   -0.1487422379E-12
    0.8500000000E+00    0.3216021775E-21    0.2220666179E-22    0.8500414813E-07   -0.2013225989E+25   -0.1286836741E-11   -0.6474578620E+03   -0.3565857858E-12
    0.8500000000E+00    0.3446029418E-21    0.2379486681E-22    0.8698414910E-07   -0.5155031120E+24   -0.3530711363E-12   -0.1776438889E+03   -0.1048341530E-12
    0.8500000000E+00    0.3692487048E-21    0.2549665916E-22    0.8901027021E-07    0.2033420802E+26    0.1492307034E-10    0.7508379975E+04    0.4747869367E-11
    0.8500000000E+00    0.3956571157E-21    0.2732016250E-22    0.9108358575E-07    0.2045837769E+27    0.1608800216E-09    0.8094502707E+05    0.5484571357E-10
    0.8500000000E+00    0.4239542377E-21    0.2927408154E-22    0.9320519501E-07    0.1608186017E+28    0.1355087083E-08    0.6817972767E+06    0.4950029427E-09
    0.8500000000E+00    0.4542751502E-21    0.3136774352E-22    0.9537622289E-07    0.1137100250E+29    0.1026667180E-07    0.5165563870E+07    0.4018558124E-08
    0.8500000000E+00    0.4867645933E-21    0.3361114274E-22    0.9759782052E-07    0.7423512612E+29    0.7181916882E-07    0.3613503098E+08    0.3012180203E-07
    0.8500000000E+00    0.5215776589E-21    0.3601498832E-22    0.9987116580E-07    0.4506066797E+30    0.4671200936E-06    0.2350263771E+09    0.2099273988E-06
    0.8500000000E+00    0.5588805307E-21    0.3859075526E-22    0.1021974641E-06    0.2550043258E+31    0.2832555784E-05    0.1425169529E+10    0.1364014688E-05
    0.8500000000E+00    0.5988512779E-21    0.4135073927E-22    0.1045779488E-06    0.1347516007E+32    0.1603854093E-04    0.8069616828E+10    0.8275713209E-05
    0.8500000000E+00    0.6416807053E-21    0.4430811541E-22    0.1070138822E-06    0.6655647605E+32    0.8488310221E-04    0.4270800649E+11    0.4693121725E-04
    0.8500000000E+00    0.6875732635E-21    0.4747700104E-22    0.1095065557E-06    0.3074085393E+33    0.4200943602E-03    0.2113658926E+12    0.2488785263E-03
    0.8500000000E+00    0.7367480256E-21    0.5087252317E-22    0.1120572911E-06    0.1327464587E+34    0.1943810251E-02    0.9780069139E+12    0.1233941139E-02
    0.8500000000E+00    0.7894397325E-21    0.5451089068E-22    0.1146674407E-06    0.5354172052E+34    0.8400850316E-02    0.4226796152E+13    0.5714310328E-02
    0.8500000000E+00    0.8458999137E-21    0.5840947171E-22    0.1173383885E-06    0.1857211195E+35    0.3122426447E-01    0.1571014790E+14    0.2275793182E-01
    0.8500000000E+00    0.9063980879E-21    0.6258687655E-22    0.1200715507E-06    0.3981015147E+35    0.7171743590E-01    0.3608384517E+14    0.5600996861E-01
    0.8500000000E+00    0.9712230494E-21    0.6706304648E-22    0.1228683764E-06    0.5941020923E+35    0.1146811411E+00    0.5770056457E+14    0.9596935612E-01
    0.8500000000E+00    0.1040684247E-20    0.7185934897E-22    0.1257303485E-06    0.6829466788E+35    0.1412595184E+00    0.7107318503E+14    0.1266654868E+00
    0.8500000000E+00    0.1115113261E-20    0.7699867968E-22    0.1286589846E-06    0.6826146023E+35    0.1512887025E+00    0.7611925954E+14    0.1453607227E+00
    0.8500000000E+00    0.1194865387E-20    0.8250557175E-22    0.1316558373E-06    0.6508341556E+35    0.1545614774E+00    0.7776592053E+14    0.1591262528E+00
    0.8500000000E+00    0.1280321329E-20    0.8840631292E-22    0.1347224957E-06    0.5261102200E+35    0.1338775211E+00    0.6735901363E+14    0.1476890298E+00
    0.8500000000E+00    0.1371889021E-20    0.9472907100E-22    0.1378605858E-06    0.3440185303E+35    0.9380214292E-01    0.4719552448E+14    0.1108800301E+00
    0.8500000000E+00    0.1470005571E-20    0.1015040283E-21    0.1410717713E-06    0.1873641168E+35    0.5474158199E-01    0.2754262955E+14    0.6933586203E-01
    0.8500000000E+00    0.1575139348E-20    0.1087635259E-21    0.1443577550E-06    0.8563435275E+34    0.2680889683E-01    0.1348860386E+14    0.3638476035E-01
    0.8500000000E+00    0.1687792220E-20    0.1165422177E-21    0.1477202791E-06    0.3263487817E+34    0.1094744872E-01    0.5508089347E+13    0.1592038239E-01
    0.8500000000E+00    0.1808501947E-20    0.1248772362E-21    0.1511611264E-06    0.1003900693E+34    0.3608458192E-02    0.1815556358E+13    0.5622924513E-02
    0.8500000000E+00    0.1937844750E-20    0.1338083694E-21    0.1546821213E-06    0.1575463525E+33    0.6067912043E-03    0.3053003721E+12    0.1013164239E-02
    0.8500000000E+00    0.2076438060E-20    0.1433782510E-21    0.1582851308E-06    0.1005849753E+31    0.4151108048E-05    0.2088584710E+10    0.7426849322E-05
    0.8500000000E+00    0.2224943467E-20    0.1536325639E-21    0.1619720651E-06    0.2445425151E+30    0.1081397344E-05    0.5440932714E+09    0.2073126837E-05
    0.8500000000E+00    0.2384069878E-20    0.1646202581E-21    0.1657448792E-06    0.5714414738E+29    0.2707713318E-06    0.1362356405E+09    0.5562157168E-06
    0.8500000000E+00    0.2554576900E-20    0.1763937846E-21    0.1696055734E-06    0.8754312250E+28    0.4444807501E-07    0.2236356385E+08    0.9783483846E-07
    0.8500000000E+00    0.2737278465E-20    0.1890093455E-21    0.1735561947E-06    0.1592499064E+28    0.8663833744E-08    0.4359113394E+07    0.2043387278E-07
    0.8500000000E+00    0.2933046719E-20    0.2025271626E-21    0.1775988378E-06    0.3904221268E+27    0.2275963783E-08    0.1145126338E+07    0.5751828418E-08
    0.8500000000E+00    0.3142816182E-20    0.2170117645E-21    0.1817356462E-06    0.8619612748E+26    0.5384168944E-09    0.2708985843E+06    0.1458005808E-08
    0.8500000000E+00    0.3367588212E-20    0.2325322952E-21    0.1859688132E-06    0.2050154946E+26    0.1372200613E-09    0.6904077628E+05    0.3981605103E-09
    0.8500000000E+00    0.3608435782E-20    0.2491628434E-21    0.1903005833E-06    0.2691524005E+25    0.1930319427E-10    0.9712191526E+04    0.6001637449E-10
    0.8500000000E+00    0.3866508602E-20    0.2669827968E-21    0.1947332533E-06    0.8792954955E+24    0.6757184423E-11    0.3399803597E+04    0.2251159918E-10
