    0.8710000000E+00    0.4143038610E-23    0.2860772210E-24    0.1992691735E-07    0.0000000000E+00    0.0000000000E+00    0.0000000000E+00    0.0000000000E+00
    0.8710000000E+00    0.4439345853E-23    0.3065372650E-24    0.2039107488E-07    0.0000000000E+00    0.0000000000E+00    0.0000000000E+00    0.0000000000E+00
    0.8710000000E+00    0.4756844785E-23    0.3284605973E-24    0.2086604403E-07    0.0000000000E+00    0.0000000000E+00    0.0000000000E+00    0.0000000000E+00
    0.8710000000E+00    0.5097051019E-23    0.3519518710E-24    0.2135207663E-07    0.0000000000E+00    0.0000000000E+00    0.0000000000E+00    0.0000000000E+00
    0.8710000000E+00    0.5461588566E-23    0.3771232243E-24    0.2184943039E-07    0.0000000000E+00    0.0000000000E+00    0.0000000000E+00    0.0000000000E+00
    0.8710000000E+00    0.5852197586E-23    0.4040948153E-24    0.2235836900E-07    0.0000000000E+00    0.0000000000E+00    0.0000000000E+00    0.0000000000E+00
    0.8710000000E+00    0.6270742692E-23    0.4329953957E-24    0.2287916232E-07    0.0000000000E+00    0.0000000000E+00    0.0000000000E+00    0.0000000000E+00
    0.8710000000E+00    0.6719221852E-23    0.4639629256E-24    0.2341208647E-07    0.0000000000E+00    0.0000000000E+00    0.0000000000E+00    0.0000000000E+00
    0.8710000000E+00    0.7199775931E-23    0.4971452317E-24    0.2395742402E-07    0.0000000000E+00    0.0000000000E+00    0.0000000000E+00    0.0000000000E+00
    0.8710000000E+00    0.7714698903E-23    0.5327007132E-24    0.2451546411E-07    0.0000000000E+00    0.0000000000E+00    0.0000000000E+00    0.0000000000E+00
    0.8710000000E+00    0.8266448809E-23    0.5707990981E-24    0.2508650263E-07    0.0000000000E+00    0.0000000000E+00    0.0000000000E+00    0.0000000000E+00
    0.8710000000E+00    0.8857659485E-23    0.6116222531E-24    0.2567084234E-07    0.0000000000E+00    0.0000000000E+00    0.0000000000E+00    0.0000000000E+00
    0.8710000000E+00    0.9491153137E-23    0.6553650517E-24    0.2626879307E-07    0.0000000000E+00    0.0000000000E+00    0.0000000000E+00    0.0000000000E+00
    0.8710000000E+00    0.1016995382E-22    0.7022363048E-24    0.2688067187E-07    0.0000000000E+00    0.0000000000E+00    0.0000000000E+00    0.0000000000E+00
    0.8710000000E+00    0.1089730185E-22    0.7524597575E-24    0.2750680315E-07    0.0000000000E+00    0.0000000000E+00    0.0000000000E+00    0.0000000000E+00
    0.8710000000E+00    0.1167666930E-22    0.8062751566E-24    0.2814751890E-07    0.0000000000E+00    0.0000000000E+00    0.0000000000E+00    0.0000000000E+00
    0.8710000000E+00    0.1251177658E-22    0.8639393956E-24    0.2880315884E-07    0.0000000000E+00    0.0000000000E+00    0.0000000000E+00    0.0000000000E+00
    0.8710000000E+00    0.1340661015E-22    0.9257277409E-24    0.2947407060E-07    0.0000000000E+00    0.0000000000E+00    0.0000000000E+00    0.0000000000E+00
    0.8710000000E+00    0.1436544159E-22    0.9919351458E-24    0.3016060990E-07    0.0000000000E+00    0.0000000000E+00    0.0000000000E+00    0.0000000000E+00
    0.8710000000E+00    0.1539284799E-22    0.1062877658E-23    0.3086314075E-07    0.0000000000E+00    0.0000000000E+00    0.0000000000E+00    0.0000000000E+00
    0.8710000000E+00    0.1649373379E-22    0.1138893930E-23    0.3158203565E-07    0.0000000000E+00    0.0000000000E+00    0.0000000000E+00    0.0000000000E+00
    0.8710000000E+00    0.1767335417E-22    0.1220346833E-23    0.3231767576E-07    0.0000000000E+00    0.0000000000E+00    0.0000000000E+00    0.0000000000E+00
    0.8710000000E+00    0.1893734018E-22    0.1307625190E-23    0.3307045113E-07    0.0000000000E+00    0.0000000000E+00    0.0000000000E+00    0.0000000000E+00
    0.8710000000E+00    0.2029172559E-22    0.1401145635E-23    0.3384076090E-07    0.0000000000E+00    0.0000000000E+00    0.0000000000E+00    0.0000000000E+00
    0.8710000000E+00    0.2174297571E-22    0.1501354598E-23    0.3462901348E-07    0.0000000000E+00    0.0000000000E+00    0.0000000000E+00    0.0000000000E+00
    0.8710000000E+00    0.2329801823E-22    0.1608730435E-23    0.3543562682E-07    0.0000000000E+00    0.0000000000E+00    0.0000000000E+00    0.0000000000E+00
    0.8710000000E+00    0.2496427630E-22    0.1723785718E-23    0.3626102861E-07    0.0000000000E+00    0.0000000000E+00    0.0000000000E+00    0.0000000000E+00
    0.8710000000E+00    0.2674970400E-22    0.1847069675E-23    0.3710565646E-07    0.0000000000E+00    0.0000000000E+00    0.0000000000E+00    0.0000000000E+00
    0.8710000000E+00    0.2866282424E-22    0.1979170815E-23    0.3796995823E-07    0.0000000000E+00    0.0000000000E+00    0.0000000000E+00    0.0000000000E+00
    0.8710000000E+00    0.3071276952E-22    0.2120719737E-23    0.3885439218E-07   -0.6434853795E-15   -0.3927983074E-52   -0.1976321815E-37   -0.1005571080E-53
    0.8710000000E+00    0.3290932546E-22    0.2272392139E-23    0.3975942724E-07   -0.7172917503E-14   -0.4691662465E-51   -0.2360558766E-36   -0.1286974455E-52
    0.8710000000E+00    0.3526297755E-22    0.2434912046E-23    0.4068554327E-07   -0.1576941649E-13   -0.1105214432E-50   -0.5560765796E-36   -0.3248551187E-52
    0.8710000000E+00    0.3778496121E-22    0.2609055264E-23    0.4163323131E-07    0.5114027023E-12    0.3840554589E-49    0.1932333127E-34    0.1209586996E-50
    0.8710000000E+00    0.4048731538E-22    0.2795653084E-23    0.4260299385E-07    0.2075489694E-11    0.1670134722E-48    0.8403100581E-34    0.5636307411E-50
    0.8710000000E+00    0.4338294005E-22    0.2995596250E-23    0.4359534505E-07   -0.7898328109E-10   -0.6810297672E-47   -0.3426526948E-32   -0.2462687250E-48
    0.8710000000E+00    0.4648565778E-22    0.3209839213E-23    0.4461081109E-07   -0.8427190139E-09   -0.7785987761E-46   -0.3917434768E-31   -0.3016871995E-47
    0.8710000000E+00    0.4981027973E-22    0.3439404683E-23    0.4564993037E-07    0.9065764489E-08    0.8975018587E-45    0.4515682651E-30    0.3726306067E-46
    0.8710000000E+00    0.5337267633E-22    0.3685388516E-23    0.4671325384E-07    0.1829815852E-06    0.1941057093E-43    0.9766216921E-29    0.8635380457E-45
    0.8710000000E+00    0.5718985306E-22    0.3948964943E-23    0.4780134531E-07   -0.6723946253E-06   -0.7642846851E-43   -0.3845414981E-28   -0.3643328441E-44
    0.8710000000E+00    0.6128003161E-22    0.4231392172E-23    0.4891478167E-07   -0.1386221322E-03   -0.1688353951E-40   -0.8494768644E-26   -0.8623958649E-42
    0.8710000000E+00    0.6566273690E-22    0.4534018400E-23    0.5005415331E-07   -0.1686045320E-01   -0.2200392561E-38   -0.1107103503E-23   -0.1204323983E-39
    0.8710000000E+00    0.7035889022E-22    0.4858288246E-23    0.5122006431E-07   -0.5629504160E-01   -0.7872289710E-38   -0.3960856652E-23   -0.4616833741E-39
    0.8710000000E+00    0.7539090917E-22    0.5205749646E-23    0.5241313287E-07    0.7241352512E+00    0.1085052154E-36    0.5459321495E-22    0.6818577490E-38
    0.8710000000E+00    0.8078281461E-22    0.5578061244E-23    0.5363399157E-07    0.6804314461E+02    0.1092484541E-34    0.5496716737E-20    0.7356283655E-36
    0.8710000000E+00    0.8656034539E-22    0.5977000309E-23    0.5488328773E-07    0.5757171774E+03    0.9904672301E-34    0.4983427772E-19    0.7146333476E-35
    0.8710000000E+00    0.9275108115E-22    0.6404471218E-23    0.5616168372E-07   -0.1260989669E+04   -0.2324569056E-33   -0.1169581551E-18   -0.1797155346E-34
    0.8710000000E+00    0.9938457404E-22    0.6862514550E-23    0.5746985739E-07   -0.1264843799E+06   -0.2498433646E-31   -0.1257059622E-16   -0.2069717095E-32
    0.8710000000E+00    0.1064924897E-21    0.7353316823E-23    0.5880850233E-07   -0.6364574383E+07   -0.1347101409E-29   -0.6777793721E-15   -0.1195758446E-30
    0.8710000000E+00    0.1141087586E-21    0.7879220933E-23    0.6017832832E-07   -0.2839969144E+09   -0.6440870174E-28   -0.3240653534E-13   -0.6126151211E-29
    0.8710000000E+00    0.1222697377E-21    0.8442737340E-23    0.6158006166E-07   -0.1144752288E+11   -0.2781905956E-26   -0.1399685621E-11   -0.2835212475E-27
    0.8710000000E+00    0.1310143844E-21    0.9046556049E-23    0.6301444556E-07   -0.4023754009E+11   -0.1047761283E-25   -0.5271696546E-11   -0.1144209405E-26
    0.8710000000E+00    0.1403844422E-21    0.9693559452E-23    0.6448224056E-07    0.1010088274E+12    0.2818319680E-25    0.1418006789E-10    0.3297869150E-26
    0.8710000000E+00    0.1504246400E-21    0.1038683609E-22    0.6598422489E-07    0.5061693618E+13    0.1513306083E-23    0.7614034400E-09    0.1897448271E-24
    0.8710000000E+00    0.1611829057E-21    0.1112969539E-22    0.6752119493E-07    0.1366570107E+15    0.4377869791E-22    0.2202677407E-07    0.5881742499E-23
    0.8710000000E+00    0.1727105951E-21    0.1192568347E-22    0.6909396560E-07    0.3266246096E+16    0.1121191580E-20    0.5641153070E-06    0.1614072337E-21
    0.8710000000E+00    0.1850627369E-21    0.1277860007E-22    0.7070337081E-07    0.5033055515E+17    0.1851239655E-19    0.9314310285E-05    0.2855655484E-20
    0.8710000000E+00    0.1982982953E-21    0.1369251667E-22    0.7235026388E-07    0.6662343703E+17    0.2625777712E-19    0.1321131399E-04    0.4340113874E-20
    0.8710000000E+00    0.2124804516E-21    0.1467179595E-22    0.7403551802E-07   -0.3457593838E+18   -0.1460174970E-18   -0.7346711001E-04   -0.2586116388E-19
    0.8710000000E+00    0.2276769058E-21    0.1572111260E-22    0.7576002677E-07   -0.8207371688E+19   -0.3713941218E-17   -0.1868628991E-02   -0.7048199569E-18
    0.8710000000E+00    0.2439602000E-21    0.1684547565E-22    0.7752470448E-07   -0.1268644676E+21   -0.6151356898E-16   -0.3094988089E-01   -0.1250875517E-16
    0.8710000000E+00    0.2614080640E-21    0.1805025236E-22    0.7933048683E-07   -0.1743058080E+22   -0.9056132795E-15   -0.4556494380E+00   -0.1973267437E-15
    0.8710000000E+00    0.2801037871E-21    0.1934119387E-22    0.8117833125E-07   -0.2197247316E+23   -0.1223234909E-13   -0.6154572945E+01   -0.2855966004E-14
    0.8710000000E+00    0.3001366153E-21    0.2072446262E-22    0.8306921749E-07   -0.2556702805E+24   -0.1525145128E-12   -0.7673601262E+02   -0.3815525309E-13
    0.8710000000E+00    0.3216021775E-21    0.2220666179E-22    0.8500414813E-07   -0.1385365276E+25   -0.8855135716E-12   -0.4455364893E+03   -0.2373768643E-12
    0.8710000000E+00    0.3446029418E-21    0.2379486681E-22    0.8698414910E-07   -0.1373028960E+25   -0.9403956713E-12   -0.4731498188E+03   -0.2701181635E-12
    0.8710000000E+00    0.3692487048E-21    0.2549665916E-22    0.8901027021E-07    0.3757065621E+25    0.2757272596E-11    0.1387291615E+04    0.8486387754E-12
    0.8710000000E+00    0.3956571157E-21    0.2732016250E-22    0.9108358575E-07    0.5707371512E+26    0.4488146940E-10    0.2258162150E+05    0.1480165352E-10
    0.8710000000E+00    0.4239542377E-21    0.2927408154E-22    0.9320519501E-07    0.4926693151E+27    0.4151322161E-09    0.2088692439E+06    0.1466998280E-09
    0.8710000000E+00    0.4542751502E-21    0.3136774352E-22    0.9537622289E-07    0.3687259956E+28    0.3329160099E-08    0.1675030571E+07    0.1260601582E-08
    0.8710000000E+00    0.4867645933E-21    0.3361114274E-22    0.9759782052E-07    0.2528020936E+29    0.2445747342E-07    0.1230551083E+08    0.9923268834E-08
    0.8710000000E+00    0.5215776589E-21    0.3601498832E-22    0.9987116580E-07    0.1607634022E+30    0.1666549096E-06    0.8385059893E+08    0.7245381856E-07
    0.8710000000E+00    0.5588805307E-21    0.3859075526E-22    0.1021974641E-06    0.9520306504E+30    0.1057503600E-05    0.5320713951E+09    0.4926347251E-06
    0.8710000000E+00    0.5988512779E-21    0.4135073927E-22    0.1045779488E-06    0.5260089271E+31    0.6260716505E-05    0.3150011182E+10    0.3125123651E-05
    0.8710000000E+00    0.6416807053E-21    0.4430811541E-22    0.1070138822E-06    0.2714642477E+32    0.3462131539E-04    0.1741933699E+11    0.1851768666E-04
    0.8710000000E+00    0.6875732635E-21    0.4747700104E-22    0.1095065557E-06    0.1309410277E+33    0.1789396853E-03    0.9003154975E+11    0.1025533463E-03
    0.8710000000E+00    0.7367480256E-21    0.5087252317E-22    0.1120572911E-06    0.5903183964E+33    0.8644049426E-03    0.4349159130E+12    0.5308360494E-03
    0.8710000000E+00    0.7894397325E-21    0.5451089068E-22    0.1146674407E-06    0.2485668485E+34    0.3900085518E-02    0.1962285464E+13    0.2566358341E-02
    0.8710000000E+00    0.8458999137E-21    0.5840947171E-22    0.1173383885E-06    0.9759854595E+34    0.1640870365E-01    0.8255860160E+13    0.1156957587E-01
    0.8710000000E+00    0.9063980879E-21    0.6258687655E-22    0.1200715507E-06    0.2755897215E+35    0.4964710621E-01    0.2497939966E+14    0.3750913998E-01
    0.8710000000E+00    0.9712230494E-21    0.6706304648E-22    0.1228683764E-06    0.4890743565E+35    0.9440735192E-01    0.4750002879E+14    0.7642738196E-01
    0.8710000000E+00    0.1040684247E-20    0.7185934897E-22    0.1257303485E-06    0.6398126581E+35    0.1323377516E+00    0.6658429544E+14    0.1147960431E+00
    0.8710000000E+00    0.1115113261E-20    0.7699867968E-22    0.1286589846E-06    0.6681563041E+35    0.1480842923E+00    0.7450699554E+14    0.1376423761E+00
    0.8710000000E+00    0.1194865387E-20    0.8250557175E-22    0.1316558373E-06    0.6564606088E+35    0.1558976595E+00    0.7843820595E+14    0.1552682871E+00
    0.8710000000E+00    0.1280321329E-20    0.8840631292E-22    0.1347224957E-06    0.5857086594E+35    0.1490433381E+00    0.7498952894E+14    0.1590580800E+00
    0.8710000000E+00    0.1371889021E-20    0.9472907100E-22    0.1378605858E-06    0.4205948977E+35    0.1146819117E+00    0.5770095227E+14    0.1311408791E+00
    0.8710000000E+00    0.1470005571E-20    0.1015040283E-21    0.1410717713E-06    0.2481097122E+35    0.7248943068E-01    0.3647226592E+14    0.8882144941E-01
    0.8710000000E+00    0.1575139348E-20    0.1087635259E-21    0.1443577550E-06    0.1217684418E+35    0.3812112183E-01    0.1918022641E+14    0.5005054830E-01
    0.8710000000E+00    0.1687792220E-20    0.1165422177E-21    0.1477202791E-06    0.4960219255E+34    0.1663917532E-01    0.8371819469E+13    0.2340857435E-01
    0.8710000000E+00    0.1808501947E-20    0.1248772362E-21    0.1511611264E-06    0.1643846491E+34    0.5908703299E-02    0.2972899579E+13    0.8907079932E-02
    0.8710000000E+00    0.1937844750E-20    0.1338083694E-21    0.1546821213E-06    0.3474508750E+33    0.1338210193E-02    0.6733058539E+12    0.2161561023E-02
    0.8710000000E+00    0.2076438060E-20    0.1433782510E-21    0.1582851308E-06    0.1891686806E+31    0.7806927723E-05    0.3927970482E+10    0.1351211478E-04
    0.8710000000E+00    0.2224943467E-20    0.1536325639E-21    0.1619720651E-06    0.3236523869E+30    0.1431231013E-05    0.7201082640E+09    0.2654317712E-05
    0.8710000000E+00    0.2384069878E-20    0.1646202581E-21    0.1657448792E-06    0.7674901726E+29    0.3636668770E-06    0.1829750202E+09    0.7226814612E-06
    0.8710000000E+00    0.2554576900E-20    0.1763937846E-21    0.1696055734E-06    0.1225794754E+29    0.6223700459E-07    0.3131386963E+08    0.1325231802E-06
    0.8710000000E+00    0.2737278465E-20    0.1890093455E-21    0.1735561947E-06    0.2056517956E+28    0.1118828266E-07    0.5629262315E+07    0.2552740077E-07
    0.8710000000E+00    0.2933046719E-20    0.2025271626E-21    0.1775988378E-06    0.5040443652E+27    0.2938324038E-08    0.1478385672E+07    0.7183611795E-08
    0.8710000000E+00    0.3142816182E-20    0.2170117645E-21    0.1817356462E-06    0.1111510252E+27    0.6942955740E-09    0.3493272407E+06    0.1818810964E-08
    0.8710000000E+00    0.3367588212E-20    0.2325322952E-21    0.1859688132E-06    0.2654283398E+26    0.1776553189E-09    0.8938533483E+05    0.4986793462E-09
    0.8710000000E+00    0.3608435782E-20    0.2491628434E-21    0.1903005833E-06    0.3654131738E+25    0.2620686819E-10    0.1318569971E+05    0.7882396759E-10
    0.8710000000E+00    0.3866508602E-20    0.2669827968E-21    0.1947332533E-06    0.1198853535E+25    0.9212914742E-11    0.4635377506E+04    0.2969205245E-10
