    0.8400000000E+00    0.4143038610E-23    0.2860772210E-24    0.1992691735E-07    0.0000000000E+00    0.0000000000E+00    0.0000000000E+00    0.0000000000E+00
    0.8400000000E+00    0.4439345853E-23    0.3065372650E-24    0.2039107488E-07    0.0000000000E+00    0.0000000000E+00    0.0000000000E+00    0.0000000000E+00
    0.8400000000E+00    0.4756844785E-23    0.3284605973E-24    0.2086604403E-07    0.0000000000E+00    0.0000000000E+00    0.0000000000E+00    0.0000000000E+00
    0.8400000000E+00    0.5097051019E-23    0.3519518710E-24    0.2135207663E-07    0.0000000000E+00    0.0000000000E+00    0.0000000000E+00    0.0000000000E+00
    0.8400000000E+00    0.5461588566E-23    0.3771232243E-24    0.2184943039E-07    0.0000000000E+00    0.0000000000E+00    0.0000000000E+00    0.0000000000E+00
    0.8400000000E+00    0.5852197586E-23    0.4040948153E-24    0.2235836900E-07    0.0000000000E+00    0.0000000000E+00    0.0000000000E+00    0.0000000000E+00
    0.8400000000E+00    0.6270742692E-23    0.4329953957E-24    0.2287916232E-07    0.0000000000E+00    0.0000000000E+00    0.0000000000E+00    0.0000000000E+00
    0.8400000000E+00    0.6719221852E-23    0.4639629256E-24    0.2341208647E-07    0.0000000000E+00    0.0000000000E+00    0.0000000000E+00    0.0000000000E+00
    0.8400000000E+00    0.7199775931E-23    0.4971452317E-24    0.2395742402E-07    0.0000000000E+00    0.0000000000E+00    0.0000000000E+00    0.0000000000E+00
    0.8400000000E+00    0.7714698903E-23    0.5327007132E-24    0.2451546411E-07    0.0000000000E+00    0.0000000000E+00    0.0000000000E+00    0.0000000000E+00
    0.8400000000E+00    0.8266448809E-23    0.5707990981E-24    0.2508650263E-07    0.0000000000E+00    0.0000000000E+00    0.0000000000E+00    0.0000000000E+00
    0.8400000000E+00    0.8857659485E-23    0.6116222531E-24    0.2567084234E-07    0.0000000000E+00    0.0000000000E+00    0.0000000000E+00    0.0000000000E+00
    0.8400000000E+00    0.9491153137E-23    0.6553650517E-24    0.2626879307E-07    0.0000000000E+00    0.0000000000E+00    0.0000000000E+00    0.0000000000E+00
    0.8400000000E+00    0.1016995382E-22    0.7022363048E-24    0.2688067187E-07    0.0000000000E+00    0.0000000000E+00    0.0000000000E+00    0.0000000000E+00
    0.8400000000E+00    0.1089730185E-22    0.7524597575E-24    0.2750680315E-07    0.0000000000E+00    0.0000000000E+00    0.0000000000E+00    0.0000000000E+00
    0.8400000000E+00    0.1167666930E-22    0.8062751566E-24    0.2814751890E-07    0.0000000000E+00    0.0000000000E+00    0.0000000000E+00    0.0000000000E+00
    0.8400000000E+00    0.1251177658E-22    0.8639393956E-24    0.2880315884E-07    0.0000000000E+00    0.0000000000E+00    0.0000000000E+00    0.0000000000E+00
    0.8400000000E+00    0.1340661015E-22    0.9257277409E-24    0.2947407060E-07    0.0000000000E+00    0.0000000000E+00    0.0000000000E+00    0.0000000000E+00
    0.8400000000E+00    0.1436544159E-22    0.9919351458E-24    0.3016060990E-07    0.0000000000E+00    0.0000000000E+00    0.0000000000E+00    0.0000000000E+00
    0.8400000000E+00    0.1539284799E-22    0.1062877658E-23    0.3086314075E-07    0.0000000000E+00    0.0000000000E+00    0.0000000000E+00    0.0000000000E+00
    0.8400000000E+00    0.1649373379E-22    0.1138893930E-23    0.3158203565E-07    0.0000000000E+00    0.0000000000E+00    0.0000000000E+00    0.0000000000E+00
    0.8400000000E+00    0.1767335417E-22    0.1220346833E-23    0.3231767576E-07    0.0000000000E+00    0.0000000000E+00    0.0000000000E+00    0.0000000000E+00
    0.8400000000E+00    0.1893734018E-22    0.1307625190E-23    0.3307045113E-07    0.0000000000E+00    0.0000000000E+00    0.0000000000E+00    0.0000000000E+00
    0.8400000000E+00    0.2029172559E-22    0.1401145635E-23    0.3384076090E-07    0.0000000000E+00    0.0000000000E+00    0.0000000000E+00    0.0000000000E+00
    0.8400000000E+00    0.2174297571E-22    0.1501354598E-23    0.3462901348E-07   -0.1246008403E-15   -0.5384580762E-53   -0.2709193045E-38   -0.1026620176E-54
    0.8400000000E+00    0.2329801823E-22    0.1608730435E-23    0.3543562682E-07   -0.1605761029E-15   -0.7435528414E-53   -0.3741104972E-38   -0.1519041845E-54
    0.8400000000E+00    0.2496427630E-22    0.1723785718E-23    0.3626102861E-07    0.0000000000E+00    0.0000000000E+00    0.0000000000E+00    0.0000000000E+00
    0.8400000000E+00    0.2674970400E-22    0.1847069675E-23    0.3710565646E-07    0.4520467291E-15    0.2403334689E-52    0.1209211620E-37    0.5637313081E-54
    0.8400000000E+00    0.2866282424E-22    0.1979170815E-23    0.3796995823E-07   -0.1184054951E-14   -0.6745323487E-52   -0.3393835896E-37   -0.1695355120E-53
    0.8400000000E+00    0.3071276952E-22    0.2120719737E-23    0.3885439218E-07   -0.2974682149E-13   -0.1815814547E-50   -0.9136072723E-36   -0.4890231189E-52
    0.8400000000E+00    0.3290932546E-22    0.2272392139E-23    0.3975942724E-07   -0.7229634389E-13   -0.4728759850E-50   -0.2379223910E-35   -0.1364599346E-51
    0.8400000000E+00    0.3526297755E-22    0.2434912046E-23    0.4068554327E-07    0.3677125175E-12    0.2577147870E-49    0.1296663825E-34    0.7968879101E-51
    0.8400000000E+00    0.3778496121E-22    0.2609055264E-23    0.4163323131E-07    0.1120594976E-10    0.8415493621E-48    0.4234163771E-33    0.2788287136E-49
    0.8400000000E+00    0.4048731538E-22    0.2795653084E-23    0.4260299385E-07   -0.2311782836E-10   -0.1860278466E-47   -0.9359788076E-33   -0.6604437867E-49
    0.8400000000E+00    0.4338294005E-22    0.2995596250E-23    0.4359534505E-07   -0.3290340236E-08   -0.2837080979E-45   -0.1427446332E-30   -0.1079268824E-46
    0.8400000000E+00    0.4648565778E-22    0.3209839213E-23    0.4461081109E-07   -0.7153452583E-09   -0.6609165492E-46   -0.3325329487E-31   -0.2694043021E-47
    0.8400000000E+00    0.4981027973E-22    0.3439404683E-23    0.4564993037E-07    0.5967929441E-06    0.5908192048E-43    0.2972642349E-28    0.2580551340E-44
    0.8400000000E+00    0.5337267633E-22    0.3685388516E-23    0.4671325384E-07    0.5861808238E-06    0.6218169136E-43    0.3128603938E-28    0.2910183880E-44
    0.8400000000E+00    0.5718985306E-22    0.3948964943E-23    0.4780134531E-07   -0.7892327012E-04   -0.8970899586E-41   -0.4513610221E-26   -0.4498771089E-42
    0.8400000000E+00    0.6128003161E-22    0.4231392172E-23    0.4891478167E-07   -0.9968423249E-02   -0.1214108203E-38   -0.6108652918E-24   -0.6524020144E-40
    0.8400000000E+00    0.6566273690E-22    0.4534018400E-23    0.5005415331E-07   -0.1984409953E+00   -0.2589776708E-37   -0.1303017886E-22   -0.1491146181E-38
    0.8400000000E+00    0.7035889022E-22    0.4858288246E-23    0.5122006431E-07    0.1695711529E+00    0.2371280319E-37    0.1193083813E-22    0.1462988111E-38
    0.8400000000E+00    0.7539090917E-22    0.5205749646E-23    0.5241313287E-07    0.4324238069E+02    0.6479485461E-35    0.3260082395E-20    0.4283496533E-36
    0.8400000000E+00    0.8078281461E-22    0.5578061244E-23    0.5363399157E-07    0.1403624082E+04    0.2253625430E-33    0.1133887040E-18    0.1596392338E-34
    0.8400000000E+00    0.8656034539E-22    0.5977000309E-23    0.5488328773E-07    0.1030091195E+04    0.1772174972E-33    0.8916504961E-19    0.1345130743E-34
    0.8400000000E+00    0.9275108115E-22    0.6404471218E-23    0.5616168372E-07   -0.8387443949E+05   -0.1546181793E-31   -0.7779444944E-17   -0.1257530290E-32
    0.8400000000E+00    0.9938457404E-22    0.6862514550E-23    0.5746985739E-07   -0.4457430801E+07   -0.8804719678E-30   -0.4429998614E-15   -0.7673145502E-31
    0.8400000000E+00    0.1064924897E-21    0.7353316823E-23    0.5880850233E-07   -0.2007712160E+09   -0.4249446572E-28   -0.2138062666E-13   -0.3968170035E-29
    0.8400000000E+00    0.1141087586E-21    0.7879220933E-23    0.6017832832E-07   -0.8147908920E+10   -0.1847894146E-26   -0.9297477721E-12   -0.1848991819E-27
    0.8400000000E+00    0.1222697377E-21    0.8442737340E-23    0.6158006166E-07   -0.8779060395E+11   -0.2133432765E-25   -0.1073413412E-10   -0.2287372316E-26
    0.8400000000E+00    0.1310143844E-21    0.9046556049E-23    0.6301444556E-07   -0.2293696500E+11   -0.5972647390E-26   -0.3005072351E-11   -0.6861590185E-27
    0.8400000000E+00    0.1403844422E-21    0.9693559452E-23    0.6448224056E-07    0.3615873744E+13    0.1008890846E-23    0.5076124186E-09    0.1241944194E-24
    0.8400000000E+00    0.1504246400E-21    0.1038683609E-22    0.6598422489E-07    0.1031661244E+15    0.3084381145E-22    0.1551872711E-07    0.4068421490E-23
    0.8400000000E+00    0.1611829057E-21    0.1112969539E-22    0.6752119493E-07    0.2488205178E+16    0.7971079000E-21    0.4010561405E-06    0.1126613662E-21
    0.8400000000E+00    0.1727105951E-21    0.1192568347E-22    0.6909396560E-07    0.5341098887E+17    0.1833418219E-19    0.9224643674E-05    0.2776639149E-20
    0.8400000000E+00    0.1850627369E-21    0.1277860007E-22    0.7070337081E-07    0.1456675949E+18    0.5357890993E-19    0.2695764379E-04    0.8694643378E-20
    0.8400000000E+00    0.1982982953E-21    0.1369251667E-22    0.7235026388E-07   -0.1333109640E+18   -0.5254081351E-19   -0.2643533690E-04   -0.9135970590E-20
    0.8400000000E+00    0.2124804516E-21    0.1467179595E-22    0.7403551802E-07   -0.6243825500E+19   -0.2636827267E-17   -0.1326690862E-02   -0.4912918740E-18
    0.8400000000E+00    0.2276769058E-21    0.1572111260E-22    0.7576002677E-07   -0.1005309988E+21   -0.4549156959E-16   -0.2288858676E-01   -0.9082153159E-17
    0.8400000000E+00    0.2439602000E-21    0.1684547565E-22    0.7752470448E-07   -0.1391189450E+22   -0.6745547415E-15   -0.3393948563E+00   -0.1443029134E-15
    0.8400000000E+00    0.2614080640E-21    0.1805025236E-22    0.7933048683E-07   -0.1757370721E+23   -0.9130494734E-14   -0.4593908778E+01   -0.2092917987E-14
    0.8400000000E+00    0.2801037871E-21    0.1934119387E-22    0.8117833125E-07   -0.2046298889E+24   -0.1139200042E-12   -0.5731760684E+02   -0.2798065601E-13
    0.8400000000E+00    0.3001366153E-21    0.2072446262E-22    0.8306921749E-07   -0.1588644458E+25   -0.9476710983E-12   -0.4768103705E+03   -0.2494109611E-12
    0.8400000000E+00    0.3216021775E-21    0.2220666179E-22    0.8500414813E-07   -0.2203237228E+25   -0.1408290291E-11   -0.7085658901E+03   -0.3971459015E-12
    0.8400000000E+00    0.3446029418E-21    0.2379486681E-22    0.8698414910E-07    0.1403161564E+25    0.9610336702E-12    0.4835336028E+03    0.2903999275E-12
    0.8400000000E+00    0.3692487048E-21    0.2549665916E-22    0.8901027021E-07    0.4314690367E+26    0.3166507777E-10    0.1593193830E+05    0.1025270494E-10
    0.8400000000E+00    0.3956571157E-21    0.2732016250E-22    0.9108358575E-07    0.3921153065E+27    0.3083505444E-09    0.1551432112E+06    0.1069800064E-09
    0.8400000000E+00    0.4239542377E-21    0.2927408154E-22    0.9320519501E-07    0.2966182441E+28    0.2499359819E-08    0.1257525616E+07    0.9291518236E-09
    0.8400000000E+00    0.4542751502E-21    0.3136774352E-22    0.9537622289E-07    0.2039602792E+29    0.1841520347E-07    0.9265408646E+07    0.7335579390E-08
    0.8400000000E+00    0.4867645933E-21    0.3361114274E-22    0.9759782052E-07    0.1298265214E+30    0.1256013608E-06    0.6319495389E+08    0.5361079464E-07
    0.8400000000E+00    0.5215776589E-21    0.3601498832E-22    0.9987116580E-07    0.7690636413E+30    0.7972475693E-06    0.4011264136E+09    0.3646289139E-06
    0.8400000000E+00    0.5588805307E-21    0.3859075526E-22    0.1021974641E-06    0.4249657441E+31    0.4720465713E-05    0.2375050806E+10    0.2313357473E-05
    0.8400000000E+00    0.5988512779E-21    0.4135073927E-22    0.1045779488E-06    0.2193623539E+32    0.2610916733E-04    0.1313654260E+11    0.1371042513E-04
    0.8400000000E+00    0.6416807053E-21    0.4430811541E-22    0.1070138822E-06    0.1058741759E+33    0.1350271082E-03    0.6793741586E+11    0.7597642717E-04
    0.8400000000E+00    0.6875732635E-21    0.4747700104E-22    0.1095065557E-06    0.4779678594E+33    0.6531750958E-03    0.3286379209E+12    0.3938107052E-03
    0.8400000000E+00    0.7367480256E-21    0.5087252317E-22    0.1120572911E-06    0.2017652119E+34    0.2954453859E-02    0.1486501215E+13    0.1908688741E-02
    0.8400000000E+00    0.7894397325E-21    0.5451089068E-22    0.1146674407E-06    0.7955098416E+34    0.1248177877E-01    0.6280070766E+13    0.8640410595E-02
    0.8400000000E+00    0.8458999137E-21    0.5840947171E-22    0.1173383885E-06    0.2443846506E+35    0.4108703945E-01    0.2067249549E+14    0.3047633572E-01
    0.8400000000E+00    0.9063980879E-21    0.6258687655E-22    0.1200715507E-06    0.4637392114E+35    0.8354197594E-01    0.4203323344E+14    0.6639916883E-01
    0.8400000000E+00    0.9712230494E-21    0.6706304648E-22    0.1228683764E-06    0.6400573336E+35    0.1235520062E+00    0.6216384353E+14    0.1052222785E+00
    0.8400000000E+00    0.1040684247E-20    0.7185934897E-22    0.1257303485E-06    0.6952140485E+35    0.1437968801E+00    0.7234983086E+14    0.1312222147E+00
    0.8400000000E+00    0.1115113261E-20    0.7699867968E-22    0.1286589846E-06    0.6883995295E+35    0.1525708229E+00    0.7676434444E+14    0.1491864531E+00
    0.8400000000E+00    0.1194865387E-20    0.8250557175E-22    0.1316558373E-06    0.6384615131E+35    0.1516231960E+00    0.7628755630E+14    0.1588632879E+00
    0.8400000000E+00    0.1280321329E-20    0.8840631292E-22    0.1347224957E-06    0.4870910493E+35    0.1239484422E+00    0.6236330598E+14    0.1391550504E+00
    0.8400000000E+00    0.1371889021E-20    0.9472907100E-22    0.1378605858E-06    0.3046722545E+35    0.8307375285E-01    0.4179765210E+14    0.9993594651E-01
    0.8400000000E+00    0.1470005571E-20    0.1015040283E-21    0.1410717713E-06    0.1596279074E+35    0.4663798133E-01    0.2346539131E+14    0.6011704765E-01
    0.8400000000E+00    0.1575139348E-20    0.1087635259E-21    0.1443577550E-06    0.7044968369E+34    0.2205514775E-01    0.1109680689E+14    0.3046266338E-01
    0.8400000000E+00    0.1687792220E-20    0.1165422177E-21    0.1477202791E-06    0.2598480390E+34    0.8716665244E-02    0.4385694987E+13    0.1290055123E-01
    0.8400000000E+00    0.1808501947E-20    0.1248772362E-21    0.1511611264E-06    0.7667273674E+33    0.2755953522E-02    0.1386627937E+13    0.4370486560E-02
    0.8400000000E+00    0.1937844750E-20    0.1338083694E-21    0.1546821213E-06    0.9843908039E+32    0.3791390101E-03    0.1907596551E+12    0.6442528847E-03
    0.8400000000E+00    0.2076438060E-20    0.1433782510E-21    0.1582851308E-06    0.8665785399E+30    0.3576340442E-05    0.1799396662E+10    0.6511735532E-05
    0.8400000000E+00    0.2224943467E-20    0.1536325639E-21    0.1619720651E-06    0.2110303245E+30    0.9332022789E-06    0.4695305419E+09    0.1820680290E-05
    0.8400000000E+00    0.2384069878E-20    0.1646202581E-21    0.1657448792E-06    0.4886742249E+29    0.2315529705E-06    0.1165033500E+09    0.4840700986E-06
    0.8400000000E+00    0.2554576900E-20    0.1763937846E-21    0.1696055734E-06    0.7402115492E+28    0.3758259646E-07    0.1890927325E+08    0.8418693159E-07
    0.8400000000E+00    0.2737278465E-20    0.1890093455E-21    0.1735561947E-06    0.1392877434E+28    0.7577811998E-08    0.3812693405E+07    0.1818870279E-07
    0.8400000000E+00    0.2933046719E-20    0.2025271626E-21    0.1775988378E-06    0.3415406860E+27    0.1991009674E-08    0.1001754788E+07    0.5120722840E-08
    0.8400000000E+00    0.3142816182E-20    0.2170117645E-21    0.1817356462E-06    0.7543459631E+26    0.4711958908E-09    0.2370770700E+06    0.1298552146E-08
    0.8400000000E+00    0.3367588212E-20    0.2325322952E-21    0.1859688132E-06    0.1789494195E+26    0.1197736316E-09    0.6026279558E+05    0.3536870167E-09
    0.8400000000E+00    0.3608435782E-20    0.2491628434E-21    0.1903005833E-06    0.2285524226E+25    0.1639142659E-10    0.8247167398E+04    0.5186503234E-10
    0.8400000000E+00    0.3866508602E-20    0.2669827968E-21    0.1947332533E-06    0.7472425049E+24    0.5742387446E-11    0.2889219573E+04    0.1946930244E-10
