    0.8080000000E+00    0.4143038610E-23    0.2860772210E-24    0.1992691735E-07    0.0000000000E+00    0.0000000000E+00    0.0000000000E+00    0.0000000000E+00
    0.8080000000E+00    0.4439345853E-23    0.3065372650E-24    0.2039107488E-07    0.0000000000E+00    0.0000000000E+00    0.0000000000E+00    0.0000000000E+00
    0.8080000000E+00    0.4756844785E-23    0.3284605973E-24    0.2086604403E-07    0.0000000000E+00    0.0000000000E+00    0.0000000000E+00    0.0000000000E+00
    0.8080000000E+00    0.5097051019E-23    0.3519518710E-24    0.2135207663E-07    0.0000000000E+00    0.0000000000E+00    0.0000000000E+00    0.0000000000E+00
    0.8080000000E+00    0.5461588566E-23    0.3771232243E-24    0.2184943039E-07    0.0000000000E+00    0.0000000000E+00    0.0000000000E+00    0.0000000000E+00
    0.8080000000E+00    0.5852197586E-23    0.4040948153E-24    0.2235836900E-07    0.0000000000E+00    0.0000000000E+00    0.0000000000E+00    0.0000000000E+00
    0.8080000000E+00    0.6270742692E-23    0.4329953957E-24    0.2287916232E-07    0.0000000000E+00    0.0000000000E+00    0.0000000000E+00    0.0000000000E+00
    0.8080000000E+00    0.6719221852E-23    0.4639629256E-24    0.2341208647E-07    0.0000000000E+00    0.0000000000E+00    0.0000000000E+00    0.0000000000E+00
    0.8080000000E+00    0.7199775931E-23    0.4971452317E-24    0.2395742402E-07    0.0000000000E+00    0.0000000000E+00    0.0000000000E+00    0.0000000000E+00
    0.8080000000E+00    0.7714698903E-23    0.5327007132E-24    0.2451546411E-07    0.0000000000E+00    0.0000000000E+00    0.0000000000E+00    0.0000000000E+00
    0.8080000000E+00    0.8266448809E-23    0.5707990981E-24    0.2508650263E-07    0.0000000000E+00    0.0000000000E+00    0.0000000000E+00    0.0000000000E+00
    0.8080000000E+00    0.8857659485E-23    0.6116222531E-24    0.2567084234E-07    0.0000000000E+00    0.0000000000E+00    0.0000000000E+00    0.0000000000E+00
    0.8080000000E+00    0.9491153137E-23    0.6553650517E-24    0.2626879307E-07    0.0000000000E+00    0.0000000000E+00    0.0000000000E+00    0.0000000000E+00
    0.8080000000E+00    0.1016995382E-22    0.7022363048E-24    0.2688067187E-07    0.0000000000E+00    0.0000000000E+00    0.0000000000E+00    0.0000000000E+00
    0.8080000000E+00    0.1089730185E-22    0.7524597575E-24    0.2750680315E-07    0.0000000000E+00    0.0000000000E+00    0.0000000000E+00    0.0000000000E+00
    0.8080000000E+00    0.1167666930E-22    0.8062751566E-24    0.2814751890E-07    0.0000000000E+00    0.0000000000E+00    0.0000000000E+00    0.0000000000E+00
    0.8080000000E+00    0.1251177658E-22    0.8639393956E-24    0.2880315884E-07    0.0000000000E+00    0.0000000000E+00    0.0000000000E+00    0.0000000000E+00
    0.8080000000E+00    0.1340661015E-22    0.9257277409E-24    0.2947407060E-07    0.0000000000E+00    0.0000000000E+00    0.0000000000E+00    0.0000000000E+00
    0.8080000000E+00    0.1436544159E-22    0.9919351458E-24    0.3016060990E-07    0.0000000000E+00    0.0000000000E+00    0.0000000000E+00    0.0000000000E+00
    0.8080000000E+00    0.1539284799E-22    0.1062877658E-23    0.3086314075E-07    0.0000000000E+00    0.0000000000E+00    0.0000000000E+00    0.0000000000E+00
    0.8080000000E+00    0.1649373379E-22    0.1138893930E-23    0.3158203565E-07   -0.1801036580E-15   -0.5904096639E-53   -0.2970581789E-38   -0.9115689715E-55
    0.8080000000E+00    0.1767335417E-22    0.1220346833E-23    0.3231767576E-07   -0.2904230636E-15   -0.1020145284E-52   -0.5132749662E-38   -0.1687711085E-54
    0.8080000000E+00    0.1893734018E-22    0.1307625190E-23    0.3307045113E-07   -0.3815276770E-15   -0.1436008373E-52   -0.7225119408E-38   -0.2545616919E-54
    0.8080000000E+00    0.2029172559E-22    0.1401145635E-23    0.3384076090E-07   -0.3092727326E-15   -0.1247304690E-52   -0.6275677423E-38   -0.2369237686E-54
    0.8080000000E+00    0.2174297571E-22    0.1501354598E-23    0.3462901348E-07    0.1379953111E-14    0.5963418024E-52    0.3000428696E-37    0.1213755833E-53
    0.8080000000E+00    0.2329801823E-22    0.1608730435E-23    0.3543562682E-07    0.4404732397E-14    0.2039625592E-51    0.1026215357E-36    0.4448222772E-53
    0.8080000000E+00    0.2496427630E-22    0.1723785718E-23    0.3626102861E-07   -0.1188259421E-14   -0.5895792498E-52   -0.2966403650E-37   -0.1377774894E-53
    0.8080000000E+00    0.2674970400E-22    0.1847069675E-23    0.3710565646E-07   -0.8887972265E-13   -0.4725346007E-50   -0.2377506273E-35   -0.1183231413E-51
    0.8080000000E+00    0.2866282424E-22    0.1979170815E-23    0.3796995823E-07   -0.2852383847E-12   -0.1624945847E-49   -0.8175737690E-35   -0.4359884345E-51
    0.8080000000E+00    0.3071276952E-22    0.2120719737E-23    0.3885439218E-07   -0.1156589671E-12   -0.7060089933E-50   -0.3552207198E-35   -0.2029767571E-51
    0.8080000000E+00    0.3290932546E-22    0.2272392139E-23    0.3975942724E-07    0.5299961517E-11    0.3466599261E-48    0.1744181585E-33    0.1067922450E-49
    0.8080000000E+00    0.3526297755E-22    0.2434912046E-23    0.4068554327E-07    0.8654843713E-10    0.6065828870E-47    0.3051955595E-32    0.2002286551E-48
    0.8080000000E+00    0.3778496121E-22    0.2609055264E-23    0.4163323131E-07    0.1554743824E-10    0.1167588380E-47    0.5874593508E-33    0.4129769769E-49
    0.8080000000E+00    0.4048731538E-22    0.2795653084E-23    0.4260299385E-07   -0.1918308375E-07   -0.1543651811E-44   -0.7766715617E-30   -0.5850398152E-46
    0.8080000000E+00    0.4338294005E-22    0.2995596250E-23    0.4359534505E-07   -0.3591352548E-07   -0.3096627484E-44   -0.1558034323E-29   -0.1257549360E-45
    0.8080000000E+00    0.4648565778E-22    0.3209839213E-23    0.4461081109E-07    0.2092176577E-05    0.1932988452E-42    0.9725620437E-28    0.8411342863E-44
    0.8080000000E+00    0.4981027973E-22    0.3439404683E-23    0.4564993037E-07    0.7754221372E-05    0.7676603669E-42    0.3862399356E-27    0.3579358478E-43
    0.8080000000E+00    0.5337267633E-22    0.3685388516E-23    0.4671325384E-07   -0.1535540950E-03   -0.1628892136E-40   -0.8195593010E-26   -0.8138200833E-42
    0.8080000000E+00    0.5718985306E-22    0.3948964943E-23    0.4780134531E-07   -0.2034869982E-01   -0.2312957161E-38   -0.1163739152E-23   -0.1238236682E-39
    0.8080000000E+00    0.6128003161E-22    0.4231392172E-23    0.4891478167E-07   -0.9242608536E+00   -0.1125707302E-36   -0.5663873433E-22   -0.6457457546E-38
    0.8080000000E+00    0.6566273690E-22    0.4534018400E-23    0.5005415331E-07   -0.6401081236E+00   -0.8353803640E-37   -0.4203125131E-22   -0.5134762245E-38
    0.8080000000E+00    0.7035889022E-22    0.4858288246E-23    0.5122006431E-07    0.8548000139E+02    0.1195350987E-34    0.6014278034E-20    0.7872841733E-36
    0.8080000000E+00    0.7539090917E-22    0.5205749646E-23    0.5241313287E-07    0.4896193109E+04    0.7336509128E-33    0.3691284499E-18    0.5177564749E-34
    0.8080000000E+00    0.8078281461E-22    0.5578061244E-23    0.5363399157E-07    0.7335573335E+04    0.1177782202E-32    0.5925882608E-18    0.8906376775E-34
    0.8080000000E+00    0.8656034539E-22    0.5977000309E-23    0.5488328773E-07   -0.1571801770E+06   -0.2704137043E-31   -0.1360557041E-16   -0.2191112992E-32
    0.8080000000E+00    0.9275108115E-22    0.6404471218E-23    0.5616168372E-07   -0.8732973423E+07   -0.1609878359E-29   -0.8099927267E-15   -0.1397748835E-30
    0.8080000000E+00    0.9938457404E-22    0.6862514550E-23    0.5746985739E-07   -0.3866249073E+09   -0.7636964166E-28   -0.3842455173E-13   -0.7104881344E-29
    0.8080000000E+00    0.1064924897E-21    0.7353316823E-23    0.5880850233E-07   -0.1537791320E+11   -0.3254830140E-26   -0.1637632263E-11   -0.3244624218E-27
    0.8080000000E+00    0.1141087586E-21    0.7879220933E-23    0.6017832832E-07   -0.2469480133E+12   -0.5600624560E-25   -0.2817893124E-10   -0.5982359904E-26
    0.8080000000E+00    0.1222697377E-21    0.8442737340E-23    0.6158006166E-07   -0.1939574216E+12   -0.4713432870E-25   -0.2371512307E-10   -0.5394775824E-26
    0.8080000000E+00    0.1310143844E-21    0.9046556049E-23    0.6301444556E-07    0.6330868509E+13    0.1648519988E-23    0.8294348406E-09    0.2021763230E-24
    0.8080000000E+00    0.1403844422E-21    0.9693559452E-23    0.6448224056E-07    0.1855609370E+15    0.5177468684E-22    0.2604986863E-07    0.6803831620E-23
    0.8080000000E+00    0.1504246400E-21    0.1038683609E-22    0.6598422489E-07    0.4403084981E+16    0.1316400357E-20    0.6623324729E-06    0.1853634346E-21
    0.8080000000E+00    0.1611829057E-21    0.1112969539E-22    0.6752119493E-07    0.9441142800E+17    0.3024513243E-19    0.1521750830E-04    0.4563431826E-20
    0.8080000000E+00    0.1727105951E-21    0.1192568347E-22    0.6909396560E-07    0.3358980250E+18    0.1153024072E-18    0.5801314780E-04    0.1864122510E-19
    0.8080000000E+00    0.1850627369E-21    0.1277860007E-22    0.7070337081E-07   -0.9663374819E+17   -0.3554346383E-19   -0.1788330592E-04   -0.6157378140E-20
    0.8080000000E+00    0.1982982953E-21    0.1369251667E-22    0.7235026388E-07   -0.1016341186E+20   -0.4005626477E-17   -0.2015387246E-02   -0.7435437468E-18
    0.8080000000E+00    0.2124804516E-21    0.1467179595E-22    0.7403551802E-07   -0.1638735271E+21   -0.6920535891E-16   -0.3481992105E-01   -0.1376498688E-16
    0.8080000000E+00    0.2276769058E-21    0.1572111260E-22    0.7576002677E-07   -0.2227052348E+22   -0.1007769823E-14   -0.5070483878E+00   -0.2147817744E-15
    0.8080000000E+00    0.2439602000E-21    0.1684547565E-22    0.7752470448E-07   -0.2754352489E+23   -0.1335520142E-13   -0.6719523841E+01   -0.3049906454E-14
    0.8080000000E+00    0.2614080640E-21    0.1805025236E-22    0.7933048683E-07   -0.3137330292E+24   -0.1630013370E-12   -0.8201234377E+02   -0.3988662069E-13
    0.8080000000E+00    0.2801037871E-21    0.1934119387E-22    0.8117833125E-07   -0.2452678598E+25   -0.1365436681E-11   -0.6870045639E+03   -0.3580202916E-12
    0.8080000000E+00    0.3001366153E-21    0.2072446262E-22    0.8306921749E-07   -0.3541808461E+25   -0.2112788358E-11   -0.1063026404E+04   -0.5935975114E-12
    0.8080000000E+00    0.3216021775E-21    0.2220666179E-22    0.8500414813E-07    0.1503085424E+25    0.9607592783E-12    0.4833955455E+03    0.2892348791E-12
    0.8080000000E+00    0.3446029418E-21    0.2379486681E-22    0.8698414910E-07    0.5980029399E+26    0.4095757574E-10    0.2060735723E+05    0.1321205337E-10
    0.8080000000E+00    0.3692487048E-21    0.2549665916E-22    0.8901027021E-07    0.5394431448E+27    0.3958918875E-09    0.1991886826E+06    0.1368398782E-09
    0.8080000000E+00    0.3956571157E-21    0.2732016250E-22    0.9108358575E-07    0.4008631162E+28    0.3152296227E-08    0.1586043443E+07    0.1167516693E-08
    0.8080000000E+00    0.4239542377E-21    0.2927408154E-22    0.9320519501E-07    0.2702175629E+29    0.2276902828E-07    0.1145598809E+08    0.9036090525E-08
    0.8080000000E+00    0.4542751502E-21    0.3136774352E-22    0.9537622289E-07    0.1685380389E+30    0.1521699367E-06    0.7656264293E+08    0.6470903698E-07
    0.8080000000E+00    0.4867645933E-21    0.3361114274E-22    0.9759782052E-07    0.9782358466E+30    0.9463994888E-06    0.4761705741E+09    0.4312315958E-06
    0.8080000000E+00    0.5215776589E-21    0.3601498832E-22    0.9987116580E-07    0.5297123633E+31    0.5491247686E-05    0.2762861343E+10    0.2681063559E-05
    0.8080000000E+00    0.5588805307E-21    0.3859075526E-22    0.1021974641E-06    0.2680328538E+32    0.2977275025E-04    0.1497983436E+11    0.1557596745E-04
    0.8080000000E+00    0.5988512779E-21    0.4135073927E-22    0.1045779488E-06    0.1268803784E+33    0.1510168436E-03    0.7598247673E+11    0.8465672539E-04
    0.8080000000E+00    0.6416807053E-21    0.4430811541E-22    0.1070138822E-06    0.5622738711E+33    0.7170985200E-03    0.3608002941E+12    0.4307397014E-03
    0.8080000000E+00    0.6875732635E-21    0.4747700104E-22    0.1095065557E-06    0.2332578204E+34    0.3187624360E-02    0.1603818408E+13    0.2051649712E-02
    0.8080000000E+00    0.7367480256E-21    0.5087252317E-22    0.1120572911E-06    0.9050575752E+34    0.1325278436E-01    0.6667993816E+13    0.9139937124E-02
    0.8080000000E+00    0.7894397325E-21    0.5451089068E-22    0.1146674407E-06    0.2656554006E+35    0.4168209827E-01    0.2097189284E+14    0.3080247755E-01
    0.8080000000E+00    0.8458999137E-21    0.5840947171E-22    0.1173383885E-06    0.4916316316E+35    0.8265530666E-01    0.4158711547E+14    0.6544957308E-01
    0.8080000000E+00    0.9063980879E-21    0.6258687655E-22    0.1200715507E-06    0.6726527874E+35    0.1211774670E+00    0.6096912003E+14    0.1028153472E+00
    0.8080000000E+00    0.9712230494E-21    0.6706304648E-22    0.1228683764E-06    0.7304470335E+35    0.1410001756E+00    0.7094269953E+14    0.1281904671E+00
    0.8080000000E+00    0.1040684247E-20    0.7185934897E-22    0.1257303485E-06    0.7239455423E+35    0.1497396529E+00    0.7533987216E+14    0.1458723229E+00
    0.8080000000E+00    0.1115113261E-20    0.7699867968E-22    0.1286589846E-06    0.6749466567E+35    0.1495892464E+00    0.7526419677E+14    0.1561480089E+00
    0.8080000000E+00    0.1194865387E-20    0.8250557175E-22    0.1316558373E-06    0.5221328480E+35    0.1239972176E+00    0.6238784675E+14    0.1386909160E+00
    0.8080000000E+00    0.1280321329E-20    0.8840631292E-22    0.1347224957E-06    0.3331144714E+35    0.8476653364E-01    0.4264935629E+14    0.1015922316E+00
    0.8080000000E+00    0.1371889021E-20    0.9472907100E-22    0.1378605858E-06    0.1797387322E+35    0.4900863403E-01    0.2465815935E+14    0.6293738213E-01
    0.8080000000E+00    0.1470005571E-20    0.1015040283E-21    0.1410717713E-06    0.8291550563E+34    0.2422516130E-01    0.1218862552E+14    0.3333517611E-01
    0.8080000000E+00    0.1575139348E-20    0.1087635259E-21    0.1443577550E-06    0.3266161149E+34    0.1022512280E-01    0.5144658944E+13    0.1507664153E-01
    0.8080000000E+00    0.1687792220E-20    0.1165422177E-21    0.1477202791E-06    0.1079253962E+34    0.3620383490E-02    0.1821556441E+13    0.5719929186E-02
    0.8080000000E+00    0.1808501947E-20    0.1248772362E-21    0.1511611264E-06    0.2592152875E+33    0.9317331230E-03    0.4687913522E+12    0.1577348334E-02
    0.8080000000E+00    0.1937844750E-20    0.1338083694E-21    0.1546821213E-06    0.8720176771E+31    0.3358583985E-04    0.1689834877E+11    0.6092454427E-04
    0.8080000000E+00    0.2076438060E-20    0.1433782510E-21    0.1582851308E-06    0.5016193452E+30    0.2070166139E-05    0.1041581500E+10    0.4023845316E-05
    0.8080000000E+00    0.2224943467E-20    0.1536325639E-21    0.1619720651E-06    0.1223692724E+30    0.5411321057E-06    0.2722647132E+09    0.1127040125E-05
    0.8080000000E+00    0.2384069878E-20    0.1646202581E-21    0.1657448792E-06    0.2725980129E+29    0.1291676058E-06    0.6498927115E+08    0.2882635204E-06
    0.8080000000E+00    0.2554576900E-20    0.1763937846E-21    0.1696055734E-06    0.4255722115E+28    0.2160748330E-07    0.1087156941E+08    0.5167021428E-07
    0.8080000000E+00    0.2737278465E-20    0.1890093455E-21    0.1735561947E-06    0.8519435555E+27    0.4634914701E-08    0.2332006748E+07    0.1187620874E-07
    0.8080000000E+00    0.2933046719E-20    0.2025271626E-21    0.1775988378E-06    0.2090608690E+27    0.1218719262E-08    0.6131852959E+06    0.3346106439E-08
    0.8080000000E+00    0.3142816182E-20    0.2170117645E-21    0.1817356462E-06    0.4614335249E+26    0.2882305884E-09    0.1450200749E+06    0.8479615204E-09
    0.8080000000E+00    0.3367588212E-20    0.2325322952E-21    0.1859688132E-06    0.1080700320E+26    0.7233295439E-10    0.3639353658E+05    0.2280196530E-09
    0.8080000000E+00    0.3608435782E-20    0.2491628434E-21    0.1903005833E-06    0.1235069084E+25    0.8857724626E-11    0.4456667475E+04    0.2991977003E-10
    0.8080000000E+00    0.3866508602E-20    0.2669827968E-21    0.1947332533E-06    0.4152910511E+24    0.3191416578E-11    0.1605726421E+04    0.1155099972E-10
