    0.8900000000E+00    0.4143038610E-23    0.2860772210E-24    0.1992691735E-07    0.0000000000E+00    0.0000000000E+00    0.0000000000E+00    0.0000000000E+00
    0.8900000000E+00    0.4439345853E-23    0.3065372650E-24    0.2039107488E-07    0.0000000000E+00    0.0000000000E+00    0.0000000000E+00    0.0000000000E+00
    0.8900000000E+00    0.4756844785E-23    0.3284605973E-24    0.2086604403E-07    0.0000000000E+00    0.0000000000E+00    0.0000000000E+00    0.0000000000E+00
    0.8900000000E+00    0.5097051019E-23    0.3519518710E-24    0.2135207663E-07    0.0000000000E+00    0.0000000000E+00    0.0000000000E+00    0.0000000000E+00
    0.8900000000E+00    0.5461588566E-23    0.3771232243E-24    0.2184943039E-07    0.0000000000E+00    0.0000000000E+00    0.0000000000E+00    0.0000000000E+00
    0.8900000000E+00    0.5852197586E-23    0.4040948153E-24    0.2235836900E-07    0.0000000000E+00    0.0000000000E+00    0.0000000000E+00    0.0000000000E+00
    0.8900000000E+00    0.6270742692E-23    0.4329953957E-24    0.2287916232E-07    0.0000000000E+00    0.0000000000E+00    0.0000000000E+00    0.0000000000E+00
    0.8900000000E+00    0.6719221852E-23    0.4639629256E-24    0.2341208647E-07    0.0000000000E+00    0.0000000000E+00    0.0000000000E+00    0.0000000000E+00
    0.8900000000E+00    0.7199775931E-23    0.4971452317E-24    0.2395742402E-07    0.0000000000E+00    0.0000000000E+00    0.0000000000E+00    0.0000000000E+00
    0.8900000000E+00    0.7714698903E-23    0.5327007132E-24    0.2451546411E-07    0.0000000000E+00    0.0000000000E+00    0.0000000000E+00    0.0000000000E+00
    0.8900000000E+00    0.8266448809E-23    0.5707990981E-24    0.2508650263E-07    0.0000000000E+00    0.0000000000E+00    0.0000000000E+00    0.0000000000E+00
    0.8900000000E+00    0.8857659485E-23    0.6116222531E-24    0.2567084234E-07    0.0000000000E+00    0.0000000000E+00    0.0000000000E+00    0.0000000000E+00
    0.8900000000E+00    0.9491153137E-23    0.6553650517E-24    0.2626879307E-07    0.0000000000E+00    0.0000000000E+00    0.0000000000E+00    0.0000000000E+00
    0.8900000000E+00    0.1016995382E-22    0.7022363048E-24    0.2688067187E-07    0.0000000000E+00    0.0000000000E+00    0.0000000000E+00    0.0000000000E+00
    0.8900000000E+00    0.1089730185E-22    0.7524597575E-24    0.2750680315E-07    0.0000000000E+00    0.0000000000E+00    0.0000000000E+00    0.0000000000E+00
    0.8900000000E+00    0.1167666930E-22    0.8062751566E-24    0.2814751890E-07    0.0000000000E+00    0.0000000000E+00    0.0000000000E+00    0.0000000000E+00
    0.8900000000E+00    0.1251177658E-22    0.8639393956E-24    0.2880315884E-07    0.0000000000E+00    0.0000000000E+00    0.0000000000E+00    0.0000000000E+00
    0.8900000000E+00    0.1340661015E-22    0.9257277409E-24    0.2947407060E-07    0.0000000000E+00    0.0000000000E+00    0.0000000000E+00    0.0000000000E+00
    0.8900000000E+00    0.1436544159E-22    0.9919351458E-24    0.3016060990E-07    0.0000000000E+00    0.0000000000E+00    0.0000000000E+00    0.0000000000E+00
    0.8900000000E+00    0.1539284799E-22    0.1062877658E-23    0.3086314075E-07    0.0000000000E+00    0.0000000000E+00    0.0000000000E+00    0.0000000000E+00
    0.8900000000E+00    0.1649373379E-22    0.1138893930E-23    0.3158203565E-07    0.0000000000E+00    0.0000000000E+00    0.0000000000E+00    0.0000000000E+00
    0.8900000000E+00    0.1767335417E-22    0.1220346833E-23    0.3231767576E-07    0.0000000000E+00    0.0000000000E+00    0.0000000000E+00    0.0000000000E+00
    0.8900000000E+00    0.1893734018E-22    0.1307625190E-23    0.3307045113E-07    0.0000000000E+00    0.0000000000E+00    0.0000000000E+00    0.0000000000E+00
    0.8900000000E+00    0.2029172559E-22    0.1401145635E-23    0.3384076090E-07    0.0000000000E+00    0.0000000000E+00    0.0000000000E+00    0.0000000000E+00
    0.8900000000E+00    0.2174297571E-22    0.1501354598E-23    0.3462901348E-07    0.0000000000E+00    0.0000000000E+00    0.0000000000E+00    0.0000000000E+00
    0.8900000000E+00    0.2329801823E-22    0.1608730435E-23    0.3543562682E-07    0.0000000000E+00    0.0000000000E+00    0.0000000000E+00    0.0000000000E+00
    0.8900000000E+00    0.2496427630E-22    0.1723785718E-23    0.3626102861E-07    0.0000000000E+00    0.0000000000E+00    0.0000000000E+00    0.0000000000E+00
    0.8900000000E+00    0.2674970400E-22    0.1847069675E-23    0.3710565646E-07    0.0000000000E+00    0.0000000000E+00    0.0000000000E+00    0.0000000000E+00
    0.8900000000E+00    0.2866282424E-22    0.1979170815E-23    0.3796995823E-07    0.0000000000E+00    0.0000000000E+00    0.0000000000E+00    0.0000000000E+00
    0.8900000000E+00    0.3071276952E-22    0.2120719737E-23    0.3885439218E-07   -0.1751180733E-15   -0.1068961083E-52   -0.5378361025E-38   -0.2665456877E-54
    0.8900000000E+00    0.3290932546E-22    0.2272392139E-23    0.3975942724E-07   -0.1303154421E-14   -0.8523673501E-52   -0.4288593297E-37   -0.2277385609E-53
    0.8900000000E+00    0.3526297755E-22    0.2434912046E-23    0.4068554327E-07   -0.6401173575E-14   -0.4486322892E-51   -0.2257244401E-36   -0.1284399991E-52
    0.8900000000E+00    0.3778496121E-22    0.2609055264E-23    0.4163323131E-07    0.2639382073E-13    0.1982134801E-50    0.9972894925E-36    0.6080551244E-52
    0.8900000000E+00    0.4048731538E-22    0.2795653084E-23    0.4260299385E-07    0.7412840761E-12    0.5965070692E-49    0.3001260218E-34    0.1960764165E-50
    0.8900000000E+00    0.4338294005E-22    0.2995596250E-23    0.4359534505E-07   -0.5090910638E-11   -0.4389614661E-48   -0.2208586710E-33   -0.1546094958E-49
    0.8900000000E+00    0.4648565778E-22    0.3209839213E-23    0.4461081109E-07   -0.2706569203E-09   -0.2500633585E-46   -0.1258166497E-31   -0.9437562181E-48
    0.8900000000E+00    0.4981027973E-22    0.3439404683E-23    0.4564993037E-07    0.4207934122E-09    0.4165813816E-46    0.2095983757E-31    0.1684649752E-47
    0.8900000000E+00    0.5337267633E-22    0.3685388516E-23    0.4671325384E-07    0.5889476237E-07    0.6247519174E-44    0.3143371089E-29    0.2707181440E-45
    0.8900000000E+00    0.5718985306E-22    0.3948964943E-23    0.4780134531E-07    0.1344153094E-07    0.1527846276E-44    0.7687191792E-30    0.7093971284E-46
    0.8900000000E+00    0.6128003161E-22    0.4231392172E-23    0.4891478167E-07   -0.1441156069E-04   -0.1755261952E-41   -0.8831408948E-27   -0.8732763629E-43
    0.8900000000E+00    0.6566273690E-22    0.4534018400E-23    0.5005415331E-07   -0.1879355495E-02   -0.2452674196E-39   -0.1234036254E-24   -0.1307523877E-40
    0.8900000000E+00    0.7035889022E-22    0.4858288246E-23    0.5122006431E-07   -0.2616515057E-01   -0.3658930516E-38   -0.1840950957E-23   -0.2090084904E-39
    0.8900000000E+00    0.7539090917E-22    0.5205749646E-23    0.5241313287E-07    0.5651679856E-01    0.8468538705E-38    0.4260852826E-23    0.5183441996E-39
    0.8900000000E+00    0.8078281461E-22    0.5578061244E-23    0.5363399157E-07    0.8872987828E+01    0.1424625815E-35    0.7167849308E-21    0.9343521213E-37
    0.8900000000E+00    0.8656034539E-22    0.5977000309E-23    0.5488328773E-07    0.2399441959E+03    0.4128014110E-34    0.2076965247E-19    0.2901021446E-35
    0.8900000000E+00    0.9275108115E-22    0.6404471218E-23    0.5616168372E-07    0.1081784110E+03    0.1994212903E-34    0.1003366458E-19    0.1501693456E-35
    0.8900000000E+00    0.9938457404E-22    0.6862514550E-23    0.5746985739E-07   -0.1883951136E+05   -0.3721350344E-32   -0.1872356812E-17   -0.3002688804E-33
    0.8900000000E+00    0.1064924897E-21    0.7353316823E-23    0.5880850233E-07   -0.1028526972E+07   -0.2176940751E-30   -0.1095303980E-15   -0.1882159289E-31
    0.8900000000E+00    0.1141087586E-21    0.7879220933E-23    0.6017832832E-07   -0.4827831115E+08   -0.1094921524E-28   -0.5508978152E-14   -0.1014361505E-29
    0.8900000000E+00    0.1222697377E-21    0.8442737340E-23    0.6158006166E-07   -0.2042900775E+10   -0.4964530660E-27   -0.2497849420E-12   -0.4928195904E-28
    0.8900000000E+00    0.1310143844E-21    0.9046556049E-23    0.6301444556E-07   -0.2214534381E+11   -0.5766514004E-26   -0.2901358587E-11   -0.6133708285E-27
    0.8900000000E+00    0.1403844422E-21    0.9693559452E-23    0.6448224056E-07   -0.4430248017E+10   -0.1236115248E-26   -0.6219378966E-12   -0.1408862891E-27
    0.8900000000E+00    0.1504246400E-21    0.1038683609E-22    0.6598422489E-07    0.9958803348E+12    0.2977406146E-24    0.1498049408E-09    0.3636200706E-25
    0.8900000000E+00    0.1611829057E-21    0.1112969539E-22    0.6752119493E-07    0.2940037359E+14    0.9418544041E-23    0.4738837643E-08    0.1232518762E-23
    0.8900000000E+00    0.1727105951E-21    0.1192568347E-22    0.6909396560E-07    0.7375890421E+15    0.2531893186E-21    0.1273894424E-06    0.3550219019E-22
    0.8900000000E+00    0.1850627369E-21    0.1277860007E-22    0.7070337081E-07    0.1677718547E+17    0.6170921609E-20    0.3104831860E-05    0.9271709070E-21
    0.8900000000E+00    0.1982982953E-21    0.1369251667E-22    0.7235026388E-07    0.5401583711E+17    0.2128884181E-19    0.1071124842E-04    0.3427376393E-20
    0.8900000000E+00    0.2124804516E-21    0.1467179595E-22    0.7403551802E-07   -0.3450527011E+17   -0.1457190581E-19   -0.7331695374E-05   -0.2513773373E-20
    0.8900000000E+00    0.2276769058E-21    0.1572111260E-22    0.7576002677E-07   -0.2110656749E+19   -0.9550993175E-18   -0.4805477979E-03   -0.1765461702E-18
    0.8900000000E+00    0.2439602000E-21    0.1684547565E-22    0.7752470448E-07   -0.3551759509E+20   -0.1722163878E-16   -0.8664879601E-02   -0.3411019813E-17
    0.8900000000E+00    0.2614080640E-21    0.1805025236E-22    0.7933048683E-07   -0.5115286524E+21   -0.2657668989E-15   -0.1337177147E+00   -0.5640409756E-16
    0.8900000000E+00    0.2801037871E-21    0.1934119387E-22    0.8117833125E-07   -0.6724250211E+22   -0.3743473725E-14   -0.1883487950E+01   -0.8513037677E-15
    0.8900000000E+00    0.3001366153E-21    0.2072446262E-22    0.8306921749E-07   -0.8148554974E+23   -0.4860842213E-13   -0.2445679710E+02   -0.1184462430E-13
    0.8900000000E+00    0.3216021775E-21    0.2220666179E-22    0.8500414813E-07   -0.7570650449E+24   -0.4839094668E-12   -0.2434737670E+03   -0.1263496039E-12
    0.8900000000E+00    0.3446029418E-21    0.2379486681E-22    0.8698414910E-07   -0.1292833593E+25   -0.8854693891E-12   -0.4455142594E+03   -0.2477326900E-12
    0.8900000000E+00    0.3692487048E-21    0.2549665916E-22    0.8901027021E-07    0.2076123773E+24    0.1523646314E-12    0.7666060141E+02    0.4567661708E-13
    0.8900000000E+00    0.3956571157E-21    0.2732016250E-22    0.9108358575E-07    0.1936049332E+26    0.1522465090E-10    0.7660116944E+04    0.4890543311E-11
    0.8900000000E+00    0.4239542377E-21    0.2927408154E-22    0.9320519501E-07    0.1874980733E+27    0.1579893212E-09    0.7949060274E+05    0.5437978667E-10
    0.8900000000E+00    0.4542751502E-21    0.3136774352E-22    0.9537622289E-07    0.1477942707E+28    0.1334407649E-08    0.6713926454E+06    0.4921509062E-09
    0.8900000000E+00    0.4867645933E-21    0.3361114274E-22    0.9759782052E-07    0.1055113323E+29    0.1020775014E-07    0.5135918076E+07    0.4034036256E-08
    0.8900000000E+00    0.5215776589E-21    0.3601498832E-22    0.9987116580E-07    0.6966012974E+29    0.7221296928E-07    0.3633316738E+08    0.3057911901E-07
    0.8900000000E+00    0.5588805307E-21    0.3859075526E-22    0.1021974641E-06    0.4277805290E+30    0.4751731987E-06    0.2390782090E+09    0.2156064274E-06
    0.8900000000E+00    0.5988512779E-21    0.4135073927E-22    0.1045779488E-06    0.2449207252E+31    0.2915120158E-05    0.1466710893E+10    0.1417314489E-05
    0.8900000000E+00    0.6416807053E-21    0.4430811541E-22    0.1070138822E-06    0.1309075642E+32    0.1669535530E-04    0.8400085810E+10    0.8697720190E-05
    0.8900000000E+00    0.6875732635E-21    0.4747700104E-22    0.1095065557E-06    0.6536665393E+32    0.8932791109E-04    0.4494436357E+11    0.4986512873E-04
    0.8900000000E+00    0.7367480256E-21    0.5087252317E-22    0.1120572911E-06    0.3049781544E+33    0.4465803974E-03    0.2246920531E+12    0.2671218551E-03
    0.8900000000E+00    0.7894397325E-21    0.5451089068E-22    0.1146674407E-06    0.1328877519E+34    0.2085047140E-02    0.1049068713E+13    0.1336366698E-02
    0.8900000000E+00    0.8458999137E-21    0.5840947171E-22    0.1173383885E-06    0.5401052679E+34    0.9080491100E-02    0.4568749995E+13    0.6236186624E-02
    0.8900000000E+00    0.9063980879E-21    0.6258687655E-22    0.1200715507E-06    0.1869648660E+35    0.3368146138E-01    0.1694645970E+14    0.2478567169E-01
    0.8900000000E+00    0.9712230494E-21    0.6706304648E-22    0.1228683764E-06    0.3953178889E+35    0.7630928622E-01    0.3839418455E+14    0.6017099007E-01
    0.8900000000E+00    0.1040684247E-20    0.7185934897E-22    0.1257303485E-06    0.5802556956E+35    0.1200190918E+00    0.6038629617E+14    0.1014051711E+00
    0.8900000000E+00    0.1115113261E-20    0.7699867968E-22    0.1286589846E-06    0.6543461808E+35    0.1450235379E+00    0.7296701037E+14    0.1312950225E+00
    0.8900000000E+00    0.1194865387E-20    0.8250557175E-22    0.1316558373E-06    0.6512743636E+35    0.1546660190E+00    0.7781851946E+14    0.1500391770E+00
    0.8900000000E+00    0.1280321329E-20    0.8840631292E-22    0.1347224957E-06    0.6130034680E+35    0.1559889574E+00    0.7848414151E+14    0.1621450226E+00
    0.8900000000E+00    0.1371889021E-20    0.9472907100E-22    0.1378605858E-06    0.4795736106E+35    0.1307633991E+00    0.6579217714E+14    0.1456451300E+00
    0.8900000000E+00    0.1470005571E-20    0.1015040283E-21    0.1410717713E-06    0.3028688560E+35    0.8848823669E-01    0.4452189056E+14    0.1056076326E+00
    0.8900000000E+00    0.1575139348E-20    0.1087635259E-21    0.1443577550E-06    0.1580547475E+35    0.4948100014E-01    0.2489582520E+14    0.6327734309E-01
    0.8900000000E+00    0.1687792220E-20    0.1165422177E-21    0.1477202791E-06    0.6818585239E+34    0.2287310891E-01    0.1150835512E+14    0.3134259596E-01
    0.8900000000E+00    0.1808501947E-20    0.1248772362E-21    0.1511611264E-06    0.2396324511E+34    0.8613438434E-02    0.4333757544E+13    0.1264696510E-01
    0.8900000000E+00    0.1937844750E-20    0.1338083694E-21    0.1546821213E-06    0.5948873066E+33    0.2291213851E-02    0.1152799244E+13    0.3604752008E-02
    0.8900000000E+00    0.2076438060E-20    0.1433782510E-21    0.1582851308E-06    0.1872622781E+32    0.7728251135E-04    0.3888385215E+11    0.1302839726E-03
    0.8900000000E+00    0.2224943467E-20    0.1536325639E-21    0.1619720651E-06    0.4049213237E+30    0.1790612335E-05    0.9009270541E+09    0.3234531151E-05
    0.8900000000E+00    0.2384069878E-20    0.1646202581E-21    0.1657448792E-06    0.9692681224E+29    0.4592771656E-06    0.2310802935E+09    0.8889649130E-06
    0.8900000000E+00    0.2554576900E-20    0.1763937846E-21    0.1696055734E-06    0.1619693784E+29    0.8223635247E-07    0.4137632324E+08    0.1705585933E-06
    0.8900000000E+00    0.2737278465E-20    0.1890093455E-21    0.1735561947E-06    0.2524927481E+28    0.1373661838E-07    0.6911429619E+07    0.3052738468E-07
    0.8900000000E+00    0.2933046719E-20    0.2025271626E-21    0.1775988378E-06    0.6187446210E+27    0.3606968590E-08    0.1814806881E+07    0.8589188356E-08
    0.8900000000E+00    0.3142816182E-20    0.2170117645E-21    0.1817356462E-06    0.1362850817E+27    0.8512933535E-09    0.4283189601E+06    0.2172145980E-08
    0.8900000000E+00    0.3367588212E-20    0.2325322952E-21    0.1859688132E-06    0.3261992454E+26    0.2183302318E-09    0.1098504734E+06    0.5969303249E-09
    0.8900000000E+00    0.3608435782E-20    0.2491628434E-21    0.1903005833E-06    0.4640494480E+25    0.3328090935E-10    0.1674492632E+05    0.9750007518E-10
    0.8900000000E+00    0.3866508602E-20    0.2669827968E-21    0.1947332533E-06    0.1533795734E+25    0.1178686880E-10    0.5930434398E+04    0.3700055306E-10
