    0.8270000000E+00    0.4143038610E-23    0.2860772210E-24    0.1992691735E-07    0.0000000000E+00    0.0000000000E+00    0.0000000000E+00    0.0000000000E+00
    0.8270000000E+00    0.4439345853E-23    0.3065372650E-24    0.2039107488E-07    0.0000000000E+00    0.0000000000E+00    0.0000000000E+00    0.0000000000E+00
    0.8270000000E+00    0.4756844785E-23    0.3284605973E-24    0.2086604403E-07    0.0000000000E+00    0.0000000000E+00    0.0000000000E+00    0.0000000000E+00
    0.8270000000E+00    0.5097051019E-23    0.3519518710E-24    0.2135207663E-07    0.0000000000E+00    0.0000000000E+00    0.0000000000E+00    0.0000000000E+00
    0.8270000000E+00    0.5461588566E-23    0.3771232243E-24    0.2184943039E-07    0.0000000000E+00    0.0000000000E+00    0.0000000000E+00    0.0000000000E+00
    0.8270000000E+00    0.5852197586E-23    0.4040948153E-24    0.2235836900E-07    0.0000000000E+00    0.0000000000E+00    0.0000000000E+00    0.0000000000E+00
    0.8270000000E+00    0.6270742692E-23    0.4329953957E-24    0.2287916232E-07    0.0000000000E+00    0.0000000000E+00    0.0000000000E+00    0.0000000000E+00
    0.8270000000E+00    0.6719221852E-23    0.4639629256E-24    0.2341208647E-07    0.0000000000E+00    0.0000000000E+00    0.0000000000E+00    0.0000000000E+00
    0.8270000000E+00    0.7199775931E-23    0.4971452317E-24    0.2395742402E-07    0.0000000000E+00    0.0000000000E+00    0.0000000000E+00    0.0000000000E+00
    0.8270000000E+00    0.7714698903E-23    0.5327007132E-24    0.2451546411E-07    0.0000000000E+00    0.0000000000E+00    0.0000000000E+00    0.0000000000E+00
    0.8270000000E+00    0.8266448809E-23    0.5707990981E-24    0.2508650263E-07    0.0000000000E+00    0.0000000000E+00    0.0000000000E+00    0.0000000000E+00
    0.8270000000E+00    0.8857659485E-23    0.6116222531E-24    0.2567084234E-07    0.0000000000E+00    0.0000000000E+00    0.0000000000E+00    0.0000000000E+00
    0.8270000000E+00    0.9491153137E-23    0.6553650517E-24    0.2626879307E-07    0.0000000000E+00    0.0000000000E+00    0.0000000000E+00    0.0000000000E+00
    0.8270000000E+00    0.1016995382E-22    0.7022363048E-24    0.2688067187E-07    0.0000000000E+00    0.0000000000E+00    0.0000000000E+00    0.0000000000E+00
    0.8270000000E+00    0.1089730185E-22    0.7524597575E-24    0.2750680315E-07    0.0000000000E+00    0.0000000000E+00    0.0000000000E+00    0.0000000000E+00
    0.8270000000E+00    0.1167666930E-22    0.8062751566E-24    0.2814751890E-07    0.0000000000E+00    0.0000000000E+00    0.0000000000E+00    0.0000000000E+00
    0.8270000000E+00    0.1251177658E-22    0.8639393956E-24    0.2880315884E-07    0.0000000000E+00    0.0000000000E+00    0.0000000000E+00    0.0000000000E+00
    0.8270000000E+00    0.1340661015E-22    0.9257277409E-24    0.2947407060E-07    0.0000000000E+00    0.0000000000E+00    0.0000000000E+00    0.0000000000E+00
    0.8270000000E+00    0.1436544159E-22    0.9919351458E-24    0.3016060990E-07    0.0000000000E+00    0.0000000000E+00    0.0000000000E+00    0.0000000000E+00
    0.8270000000E+00    0.1539284799E-22    0.1062877658E-23    0.3086314075E-07    0.0000000000E+00    0.0000000000E+00    0.0000000000E+00    0.0000000000E+00
    0.8270000000E+00    0.1649373379E-22    0.1138893930E-23    0.3158203565E-07    0.0000000000E+00    0.0000000000E+00    0.0000000000E+00    0.0000000000E+00
    0.8270000000E+00    0.1767335417E-22    0.1220346833E-23    0.3231767576E-07    0.0000000000E+00    0.0000000000E+00    0.0000000000E+00    0.0000000000E+00
    0.8270000000E+00    0.1893734018E-22    0.1307625190E-23    0.3307045113E-07    0.0000000000E+00    0.0000000000E+00    0.0000000000E+00    0.0000000000E+00
    0.8270000000E+00    0.2029172559E-22    0.1401145635E-23    0.3384076090E-07   -0.1909530084E-15   -0.7701182740E-53   -0.3874766047E-38   -0.1404590207E-54
    0.8270000000E+00    0.2174297571E-22    0.1501354598E-23    0.3462901348E-07   -0.2390659371E-15   -0.1033114899E-52   -0.5198004862E-38   -0.2019020981E-54
    0.8270000000E+00    0.2329801823E-22    0.1608730435E-23    0.3543562682E-07    0.0000000000E+00    0.0000000000E+00    0.0000000000E+00    0.0000000000E+00
    0.8270000000E+00    0.2496427630E-22    0.1723785718E-23    0.3626102861E-07    0.1166417833E-14    0.5787420985E-52    0.2911877707E-37    0.1298605632E-53
    0.8270000000E+00    0.2674970400E-22    0.1847069675E-23    0.3710565646E-07    0.1914928838E-15    0.1018083886E-52    0.5122377961E-38    0.2447799100E-54
    0.8270000000E+00    0.2866282424E-22    0.1979170815E-23    0.3796995823E-07   -0.1924474857E-13   -0.1096334713E-50   -0.5516088458E-36   -0.2824459636E-52
    0.8270000000E+00    0.3071276952E-22    0.2120719737E-23    0.3885439218E-07   -0.1197540291E-12   -0.7310061957E-50   -0.3677977894E-35   -0.2017963308E-51
    0.8270000000E+00    0.3290932546E-22    0.2272392139E-23    0.3975942724E-07   -0.6405087838E-13   -0.4189440375E-50   -0.2107871203E-35   -0.1239219450E-51
    0.8270000000E+00    0.3526297755E-22    0.2434912046E-23    0.4068554327E-07    0.5408854194E-11    0.3790846492E-48    0.1907323040E-33    0.1201512811E-49
    0.8270000000E+00    0.3778496121E-22    0.2609055264E-23    0.4163323131E-07    0.3116849010E-10    0.2340705029E-47    0.1177700189E-32    0.7949483193E-49
    0.8270000000E+00    0.4048731538E-22    0.2795653084E-23    0.4260299385E-07   -0.4155318792E-09   -0.3343761338E-46   -0.1682377024E-31   -0.1216823194E-47
    0.8270000000E+00    0.4338294005E-22    0.2995596250E-23    0.4359534505E-07   -0.1009220897E-07   -0.8701961521E-45   -0.4378296969E-30   -0.3393199278E-46
    0.8270000000E+00    0.4648565778E-22    0.3209839213E-23    0.4461081109E-07    0.3597272449E-07    0.3323565601E-44    0.1672215760E-29    0.1388661717E-45
    0.8270000000E+00    0.4981027973E-22    0.3439404683E-23    0.4564993037E-07    0.1781927885E-05    0.1764091259E-42    0.8875832643E-28    0.7897929549E-44
    0.8270000000E+00    0.5337267633E-22    0.3685388516E-23    0.4671325384E-07   -0.1705480108E-05   -0.1809162521E-42   -0.9102603778E-28   -0.8679002023E-44
    0.8270000000E+00    0.5718985306E-22    0.3948964943E-23    0.4780134531E-07   -0.6625441417E-03   -0.7530880255E-40   -0.3789080211E-25   -0.3871131725E-41
    0.8270000000E+00    0.6128003161E-22    0.4231392172E-23    0.4891478167E-07   -0.7758200534E-01   -0.9449132197E-38   -0.4754227740E-23   -0.5204561351E-39
    0.8270000000E+00    0.6566273690E-22    0.4534018400E-23    0.5005415331E-07   -0.4534611464E+00   -0.5917946103E-37   -0.2977549995E-22   -0.3492715511E-38
    0.8270000000E+00    0.7035889022E-22    0.4858288246E-23    0.5122006431E-07    0.2907388091E+01    0.4065686906E-36    0.2045605995E-21    0.2571142448E-37
    0.8270000000E+00    0.7539090917E-22    0.5205749646E-23    0.5241313287E-07    0.2916113492E+03    0.4369536245E-34    0.2198484474E-19    0.2960926000E-35
    0.8270000000E+00    0.8078281461E-22    0.5578061244E-23    0.5363399157E-07    0.3266397887E+04    0.5244450732E-33    0.2638688150E-18    0.3807958593E-34
    0.8270000000E+00    0.8656034539E-22    0.5977000309E-23    0.5488328773E-07   -0.3678238382E+04   -0.6328063023E-33   -0.3183895847E-18   -0.4923375987E-34
    0.8270000000E+00    0.9275108115E-22    0.6404471218E-23    0.5616168372E-07   -0.5025026377E+06   -0.9263375515E-31   -0.4660766293E-16   -0.7722563304E-32
    0.8270000000E+00    0.9938457404E-22    0.6862514550E-23    0.5746985739E-07   -0.2448573375E+08   -0.4836643157E-29   -0.2433504219E-14   -0.4320522330E-30
    0.8270000000E+00    0.1064924897E-21    0.7353316823E-23    0.5880850233E-07   -0.1051234686E+10   -0.2225003027E-27   -0.1119485990E-12   -0.2129721492E-28
    0.8270000000E+00    0.1141087586E-21    0.7879220933E-23    0.6017832832E-07   -0.4076078606E+11   -0.9244288157E-26   -0.4651162697E-11   -0.9481251829E-27
    0.8270000000E+00    0.1222697377E-21    0.8442737340E-23    0.6158006166E-07   -0.1550431308E+12   -0.3767761929E-25   -0.1895708294E-10   -0.4140718063E-26
    0.8270000000E+00    0.1310143844E-21    0.9046556049E-23    0.6301444556E-07    0.3163513334E+12    0.8237597981E-25    0.4144657521E-10    0.9700470530E-26
    0.8270000000E+00    0.1403844422E-21    0.9693559452E-23    0.6448224056E-07    0.1658406782E+14    0.4627239610E-23    0.2328145109E-08    0.5838673583E-24
    0.8270000000E+00    0.1504246400E-21    0.1038683609E-22    0.6598422489E-07    0.4332275324E+15    0.1295230233E-21    0.6516809558E-07    0.1751213838E-22
    0.8270000000E+00    0.1611829057E-21    0.1112969539E-22    0.6752119493E-07    0.9979588020E+16    0.3197006630E-20    0.1608538995E-05    0.4631650113E-21
    0.8270000000E+00    0.1727105951E-21    0.1192568347E-22    0.6909396560E-07    0.1401352691E+18    0.4810368818E-19    0.2420284572E-04    0.7467420075E-20
    0.8270000000E+00    0.1850627369E-21    0.1277860007E-22    0.7070337081E-07    0.1716996866E+18    0.6315393652E-19    0.3177521392E-04    0.1050491720E-19
    0.8270000000E+00    0.1982982953E-21    0.1369251667E-22    0.7235026388E-07   -0.9851845612E+18   -0.3882831295E-18   -0.1953604190E-03   -0.6920551880E-19
    0.8270000000E+00    0.2124804516E-21    0.1467179595E-22    0.7403551802E-07   -0.2212128531E+20   -0.9342030505E-17   -0.4700340693E-02   -0.1784158726E-17
    0.8270000000E+00    0.2276769058E-21    0.1572111260E-22    0.7576002677E-07   -0.3293766210E+21   -0.1490471561E-15   -0.7499144993E-01   -0.3050112803E-16
    0.8270000000E+00    0.2439602000E-21    0.1684547565E-22    0.7752470448E-07   -0.4360458988E+22   -0.2114283059E-14   -0.1063778447E+01   -0.4636127139E-15
    0.8270000000E+00    0.2614080640E-21    0.1805025236E-22    0.7933048683E-07   -0.5294801127E+23   -0.2750936569E-13   -0.1384103712E+02   -0.6463574872E-14
    0.8270000000E+00    0.2801037871E-21    0.1934119387E-22    0.8117833125E-07   -0.5933882777E+24   -0.3303466344E-12   -0.1662103038E+03   -0.8316911762E-13
    0.8270000000E+00    0.3001366153E-21    0.2072446262E-22    0.8306921749E-07   -0.2533261365E+25   -0.1511161650E-11   -0.7603244919E+03   -0.4076647223E-12
    0.8270000000E+00    0.3216021775E-21    0.2220666179E-22    0.8500414813E-07   -0.2217875681E+25   -0.1417647064E-11   -0.7132736486E+03   -0.4097890319E-12
    0.8270000000E+00    0.3446029418E-21    0.2379486681E-22    0.8698414910E-07    0.8879407619E+25    0.6081558898E-11    0.3059869987E+04    0.1883679990E-11
    0.8270000000E+00    0.3692487048E-21    0.2549665916E-22    0.8901027021E-07    0.1164576112E+27    0.8546706722E-10    0.4300182211E+05    0.2836553694E-10
    0.8270000000E+00    0.3956571157E-21    0.2732016250E-22    0.9108358575E-07    0.9605844511E+27    0.7553817297E-09    0.3800620733E+06    0.2686325804E-09
    0.8270000000E+00    0.4239542377E-21    0.2927408154E-22    0.9320519501E-07    0.6931019231E+28    0.5840204139E-08    0.2938434974E+07    0.2225462267E-08
    0.8270000000E+00    0.4542751502E-21    0.3136774352E-22    0.9537622289E-07    0.4589118504E+29    0.4143431815E-07    0.2084722498E+08    0.1691813179E-07
    0.8270000000E+00    0.4867645933E-21    0.3361114274E-22    0.9759782052E-07    0.2820008095E+30    0.2728231877E-06    0.1372680094E+09    0.1193640336E-06
    0.8270000000E+00    0.5215776589E-21    0.3601498832E-22    0.9987116580E-07    0.1614419122E+31    0.1673582850E-05    0.8420449459E+09    0.7845839580E-06
    0.8270000000E+00    0.5588805307E-21    0.3859075526E-22    0.1021974641E-06    0.8627315334E+31    0.9583112709E-05    0.4821638572E+10    0.4813919276E-05
    0.8270000000E+00    0.5988512779E-21    0.4135073927E-22    0.1045779488E-06    0.4309219931E+32    0.5128963209E-04    0.2580581863E+11    0.2760716374E-04
    0.8270000000E+00    0.6416807053E-21    0.4430811541E-22    0.1070138822E-06    0.2013478154E+33    0.2567898454E-03    0.1292010082E+12    0.1481051135E-03
    0.8270000000E+00    0.6875732635E-21    0.4747700104E-22    0.1095065557E-06    0.8802830752E+33    0.1202965787E-02    0.6052591068E+12    0.7434392452E-03
    0.8270000000E+00    0.7367480256E-21    0.5087252317E-22    0.1120572911E-06    0.3599148570E+34    0.5270243705E-02    0.2651665602E+13    0.3489979738E-02
    0.8270000000E+00    0.7894397325E-21    0.5451089068E-22    0.1146674407E-06    0.1349400253E+35    0.2117247902E-01    0.1065270175E+14    0.1502325084E-01
    0.8270000000E+00    0.8458999137E-21    0.5840947171E-22    0.1173383885E-06    0.3346782462E+35    0.5626760220E-01    0.2831042996E+14    0.4278096886E-01
    0.8270000000E+00    0.9063980879E-21    0.6258687655E-22    0.1200715507E-06    0.5518708035E+35    0.9941876007E-01    0.5002146410E+14    0.8099543641E-01
    0.8270000000E+00    0.9712230494E-21    0.6706304648E-22    0.1228683764E-06    0.6895954675E+35    0.1331144868E+00    0.6697510127E+14    0.1162030506E+00
    0.8270000000E+00    0.1040684247E-20    0.7185934897E-22    0.1257303485E-06    0.7069209775E+35    0.1462183212E+00    0.7356815252E+14    0.1367709932E+00
    0.8270000000E+00    0.1115113261E-20    0.7699867968E-22    0.1286589846E-06    0.6914668840E+35    0.1532506444E+00    0.7710638922E+14    0.1536011675E+00
    0.8270000000E+00    0.1194865387E-20    0.8250557175E-22    0.1316558373E-06    0.6059025469E+35    0.1438910236E+00    0.7239719812E+14    0.1545346630E+00
    0.8270000000E+00    0.1280321329E-20    0.8840631292E-22    0.1347224957E-06    0.4292909166E+35    0.1092402344E+00    0.5496303171E+14    0.1257114485E+00
    0.8270000000E+00    0.1371889021E-20    0.9472907100E-22    0.1378605858E-06    0.2528648066E+35    0.6894762531E-01    0.3469024520E+14    0.8501812449E-01
    0.8270000000E+00    0.1470005571E-20    0.1015040283E-21    0.1410717713E-06    0.1258116254E+35    0.3675798509E-01    0.1849437903E+14    0.4856729375E-01
    0.8270000000E+00    0.1575139348E-20    0.1087635259E-21    0.1443577550E-06    0.5303098734E+34    0.1660200869E-01    0.8353119483E+13    0.2350459888E-01
    0.8270000000E+00    0.1687792220E-20    0.1165422177E-21    0.1477202791E-06    0.1872954253E+34    0.6282870289E-02    0.3161157616E+13    0.9531259657E-02
    0.8270000000E+00    0.1808501947E-20    0.1248772362E-21    0.1511611264E-06    0.5178293704E+33    0.1861305254E-02    0.9364954247E+12    0.3025588150E-02
    0.8270000000E+00    0.1937844750E-20    0.1338083694E-21    0.1546821213E-06    0.4618983143E+32    0.1779005543E-03    0.8950872234E+11    0.3098628483E-03
    0.8270000000E+00    0.2076438060E-20    0.1433782510E-21    0.1582851308E-06    0.7035735488E+30    0.2903624335E-05    0.1460926895E+10    0.5419168250E-05
    0.8270000000E+00    0.2224943467E-20    0.1536325639E-21    0.1619720651E-06    0.1715799547E+30    0.7587478487E-06    0.3817556993E+09    0.1517363665E-05
    0.8270000000E+00    0.2384069878E-20    0.1646202581E-21    0.1657448792E-06    0.3916619303E+29    0.1855847490E-06    0.9337494106E+08    0.3976806787E-06
    0.8270000000E+00    0.2554576900E-20    0.1763937846E-21    0.1696055734E-06    0.5941078587E+28    0.3016450626E-07    0.1517694212E+08    0.6926094748E-07
    0.8270000000E+00    0.2737278465E-20    0.1890093455E-21    0.1735561947E-06    0.1154905543E+28    0.6283149444E-08    0.3161298070E+07    0.1545857996E-07
    0.8270000000E+00    0.2933046719E-20    0.2025271626E-21    0.1775988378E-06    0.2832649521E+27    0.1651291583E-08    0.8308293382E+06    0.4353273714E-08
    0.8270000000E+00    0.3142816182E-20    0.2170117645E-21    0.1817356462E-06    0.6257658383E+26    0.3908793923E-09    0.1966667003E+06    0.1104167555E-08
    0.8270000000E+00    0.3367588212E-20    0.2325322952E-21    0.1859688132E-06    0.1478102556E+26    0.9893170458E-10    0.4977640745E+05    0.2994523319E-09
    0.8270000000E+00    0.3608435782E-20    0.2491628434E-21    0.1903005833E-06    0.1811982932E+25    0.1299526160E-10    0.6538424049E+04    0.4214802547E-10
    0.8270000000E+00    0.3866508602E-20    0.2669827968E-21    0.1947332533E-06    0.5957056841E+24    0.4577861697E-11    0.2303301151E+04    0.1590943935E-10
