    0.8540000000E+00    0.4143038610E-23    0.2860772210E-24    0.1992691735E-07    0.0000000000E+00    0.0000000000E+00    0.0000000000E+00    0.0000000000E+00
    0.8540000000E+00    0.4439345853E-23    0.3065372650E-24    0.2039107488E-07    0.0000000000E+00    0.0000000000E+00    0.0000000000E+00    0.0000000000E+00
    0.8540000000E+00    0.4756844785E-23    0.3284605973E-24    0.2086604403E-07    0.0000000000E+00    0.0000000000E+00    0.0000000000E+00    0.0000000000E+00
    0.8540000000E+00    0.5097051019E-23    0.3519518710E-24    0.2135207663E-07    0.0000000000E+00    0.0000000000E+00    0.0000000000E+00    0.0000000000E+00
    0.8540000000E+00    0.5461588566E-23    0.3771232243E-24    0.2184943039E-07    0.0000000000E+00    0.0000000000E+00    0.0000000000E+00    0.0000000000E+00
    0.8540000000E+00    0.5852197586E-23    0.4040948153E-24    0.2235836900E-07    0.0000000000E+00    0.0000000000E+00    0.0000000000E+00    0.0000000000E+00
    0.8540000000E+00    0.6270742692E-23    0.4329953957E-24    0.2287916232E-07    0.0000000000E+00    0.0000000000E+00    0.0000000000E+00    0.0000000000E+00
    0.8540000000E+00    0.6719221852E-23    0.4639629256E-24    0.2341208647E-07    0.0000000000E+00    0.0000000000E+00    0.0000000000E+00    0.0000000000E+00
    0.8540000000E+00    0.7199775931E-23    0.4971452317E-24    0.2395742402E-07    0.0000000000E+00    0.0000000000E+00    0.0000000000E+00    0.0000000000E+00
    0.8540000000E+00    0.7714698903E-23    0.5327007132E-24    0.2451546411E-07    0.0000000000E+00    0.0000000000E+00    0.0000000000E+00    0.0000000000E+00
    0.8540000000E+00    0.8266448809E-23    0.5707990981E-24    0.2508650263E-07    0.0000000000E+00    0.0000000000E+00    0.0000000000E+00    0.0000000000E+00
    0.8540000000E+00    0.8857659485E-23    0.6116222531E-24    0.2567084234E-07    0.0000000000E+00    0.0000000000E+00    0.0000000000E+00    0.0000000000E+00
    0.8540000000E+00    0.9491153137E-23    0.6553650517E-24    0.2626879307E-07    0.0000000000E+00    0.0000000000E+00    0.0000000000E+00    0.0000000000E+00
    0.8540000000E+00    0.1016995382E-22    0.7022363048E-24    0.2688067187E-07    0.0000000000E+00    0.0000000000E+00    0.0000000000E+00    0.0000000000E+00
    0.8540000000E+00    0.1089730185E-22    0.7524597575E-24    0.2750680315E-07    0.0000000000E+00    0.0000000000E+00    0.0000000000E+00    0.0000000000E+00
    0.8540000000E+00    0.1167666930E-22    0.8062751566E-24    0.2814751890E-07    0.0000000000E+00    0.0000000000E+00    0.0000000000E+00    0.0000000000E+00
    0.8540000000E+00    0.1251177658E-22    0.8639393956E-24    0.2880315884E-07    0.0000000000E+00    0.0000000000E+00    0.0000000000E+00    0.0000000000E+00
    0.8540000000E+00    0.1340661015E-22    0.9257277409E-24    0.2947407060E-07    0.0000000000E+00    0.0000000000E+00    0.0000000000E+00    0.0000000000E+00
    0.8540000000E+00    0.1436544159E-22    0.9919351458E-24    0.3016060990E-07    0.0000000000E+00    0.0000000000E+00    0.0000000000E+00    0.0000000000E+00
    0.8540000000E+00    0.1539284799E-22    0.1062877658E-23    0.3086314075E-07    0.0000000000E+00    0.0000000000E+00    0.0000000000E+00    0.0000000000E+00
    0.8540000000E+00    0.1649373379E-22    0.1138893930E-23    0.3158203565E-07    0.0000000000E+00    0.0000000000E+00    0.0000000000E+00    0.0000000000E+00
    0.8540000000E+00    0.1767335417E-22    0.1220346833E-23    0.3231767576E-07    0.0000000000E+00    0.0000000000E+00    0.0000000000E+00    0.0000000000E+00
    0.8540000000E+00    0.1893734018E-22    0.1307625190E-23    0.3307045113E-07    0.0000000000E+00    0.0000000000E+00    0.0000000000E+00    0.0000000000E+00
    0.8540000000E+00    0.2029172559E-22    0.1401145635E-23    0.3384076090E-07    0.0000000000E+00    0.0000000000E+00    0.0000000000E+00    0.0000000000E+00
    0.8540000000E+00    0.2174297571E-22    0.1501354598E-23    0.3462901348E-07    0.0000000000E+00    0.0000000000E+00    0.0000000000E+00    0.0000000000E+00
    0.8540000000E+00    0.2329801823E-22    0.1608730435E-23    0.3543562682E-07    0.0000000000E+00    0.0000000000E+00    0.0000000000E+00    0.0000000000E+00
    0.8540000000E+00    0.2496427630E-22    0.1723785718E-23    0.3626102861E-07   -0.1032974452E-15   -0.5125314316E-53   -0.2578745962E-38   -0.1095113071E-54
    0.8540000000E+00    0.2674970400E-22    0.1847069675E-23    0.3710565646E-07    0.0000000000E+00    0.0000000000E+00    0.0000000000E+00    0.0000000000E+00
    0.8540000000E+00    0.2866282424E-22    0.1979170815E-23    0.3796995823E-07   -0.1462904414E-15   -0.8333872926E-53   -0.4193097210E-38   -0.2044491609E-54
    0.8540000000E+00    0.3071276952E-22    0.2120719737E-23    0.3885439218E-07   -0.2560679826E-14   -0.1563097987E-51   -0.7864556931E-37   -0.4108891393E-53
    0.8540000000E+00    0.3290932546E-22    0.2272392139E-23    0.3975942724E-07   -0.3178929231E-13   -0.2079274291E-50   -0.1046164167E-35   -0.5856663096E-52
    0.8540000000E+00    0.3526297755E-22    0.2434912046E-23    0.4068554327E-07   -0.9107713113E-14   -0.6383226662E-51   -0.3211650830E-36   -0.1926543078E-52
    0.8540000000E+00    0.3778496121E-22    0.2609055264E-23    0.4163323131E-07    0.3454161010E-11    0.2594021083E-48    0.1305153398E-33    0.8389034101E-50
    0.8540000000E+00    0.4048731538E-22    0.2795653084E-23    0.4260299385E-07    0.2546753344E-11    0.2049357894E-48    0.1031112059E-33    0.7101600988E-50
    0.8540000000E+00    0.4338294005E-22    0.2995596250E-23    0.4359534505E-07   -0.9030606238E-09   -0.7786599365E-46   -0.3917742490E-31   -0.2891254277E-47
    0.8540000000E+00    0.4648565778E-22    0.3209839213E-23    0.4461081109E-07   -0.1696599129E-08   -0.1567509435E-45   -0.7886752650E-31   -0.6236610505E-47
    0.8540000000E+00    0.4981027973E-22    0.3439404683E-23    0.4564993037E-07    0.1150862013E-06    0.1139342189E-43    0.5732475879E-29    0.4857274388E-45
    0.8540000000E+00    0.5337267633E-22    0.3685388516E-23    0.4671325384E-07    0.4524022308E-06    0.4799054276E-43    0.2414591784E-28    0.2192270400E-44
    0.8540000000E+00    0.5718985306E-22    0.3948964943E-23    0.4780134531E-07   -0.9192110979E-05   -0.1044831321E-41   -0.5256954762E-27   -0.5114281647E-43
    0.8540000000E+00    0.6128003161E-22    0.4231392172E-23    0.4891478167E-07   -0.1308764548E-02   -0.1594015156E-39   -0.8020113290E-25   -0.8360474076E-41
    0.8540000000E+00    0.6566273690E-22    0.4534018400E-23    0.5005415331E-07   -0.7724430491E-01   -0.1008085559E-37   -0.5072072470E-23   -0.5665468793E-39
    0.8540000000E+00    0.7035889022E-22    0.4858288246E-23    0.5122006431E-07   -0.6944991405E-01   -0.9711864992E-38   -0.4886418878E-23   -0.5848454220E-39
    0.8540000000E+00    0.7539090917E-22    0.5205749646E-23    0.5241313287E-07    0.6408377707E+01    0.9602383014E-36    0.4831334216E-21    0.6196086658E-37
    0.8540000000E+00    0.8078281461E-22    0.5578061244E-23    0.5363399157E-07    0.4694995214E+03    0.7538172611E-34    0.3792749280E-19    0.5212001549E-35
    0.8540000000E+00    0.8656034539E-22    0.5977000309E-23    0.5488328773E-07    0.1001652441E+04    0.1723248772E-33    0.8670338126E-19    0.1276692879E-34
    0.8540000000E+00    0.9275108115E-22    0.6404471218E-23    0.5616168372E-07   -0.1334332435E+05   -0.2459772641E-32   -0.1237607759E-17   -0.1952690552E-33
    0.8540000000E+00    0.9938457404E-22    0.6862514550E-23    0.5746985739E-07   -0.8235399454E+06   -0.1626730439E-30   -0.8184716668E-16   -0.1383738586E-31
    0.8540000000E+00    0.1064924897E-21    0.7353316823E-23    0.5880850233E-07   -0.3897975081E+08   -0.8250304589E-29   -0.4151050713E-14   -0.7519837237E-30
    0.8540000000E+00    0.1141087586E-21    0.7879220933E-23    0.6017832832E-07   -0.1654781958E+10   -0.3752940691E-27   -0.1888251150E-12   -0.3665305339E-28
    0.8540000000E+00    0.1222697377E-21    0.8442737340E-23    0.6158006166E-07   -0.4232086810E+11   -0.1028455468E-25   -0.5174561444E-11   -0.1076276728E-26
    0.8540000000E+00    0.1310143844E-21    0.9046556049E-23    0.6301444556E-07   -0.5073398332E+11   -0.1321082336E-25   -0.6646881594E-11   -0.1481386368E-26
    0.8540000000E+00    0.1403844422E-21    0.9693559452E-23    0.6448224056E-07    0.7465096318E+12    0.2082890022E-24    0.1047983382E-09    0.2502676973E-25
    0.8540000000E+00    0.1504246400E-21    0.1038683609E-22    0.6598422489E-07    0.2478365600E+14    0.7409626149E-23    0.3728072530E-08    0.9539700815E-24
    0.8540000000E+00    0.1611829057E-21    0.1112969539E-22    0.6752119493E-07    0.6278477191E+15    0.2011338861E-21    0.1011983197E-06    0.2774748997E-22
    0.8540000000E+00    0.1727105951E-21    0.1192568347E-22    0.6909396560E-07    0.1432079508E+17    0.4915843566E-20    0.2473353040E-05    0.7266687975E-21
    0.8540000000E+00    0.1850627369E-21    0.1277860007E-22    0.7070337081E-07    0.9823733881E+17    0.3613329054E-19    0.1818007079E-04    0.5723292888E-20
    0.8540000000E+00    0.1982982953E-21    0.1369251667E-22    0.7235026388E-07    0.5127849570E+17    0.2020999472E-19    0.1016843828E-04    0.3430083232E-20
    0.8540000000E+00    0.2124804516E-21    0.1467179595E-22    0.7403551802E-07   -0.1696437748E+19   -0.7164218972E-18   -0.3604598588E-03   -0.1302888677E-18
    0.8540000000E+00    0.2276769058E-21    0.1572111260E-22    0.7576002677E-07   -0.3080402319E+20   -0.1393921657E-16   -0.7013364687E-02   -0.2716294310E-17
    0.8540000000E+00    0.2439602000E-21    0.1684547565E-22    0.7752470448E-07   -0.4471647667E+21   -0.2168195810E-15   -0.1090904059E+00   -0.4527275871E-16
    0.8540000000E+00    0.2614080640E-21    0.1805025236E-22    0.7933048683E-07   -0.5875933313E+22   -0.3052866281E-14   -0.1536016351E+01   -0.6830401619E-15
    0.8540000000E+00    0.2801037871E-21    0.1934119387E-22    0.8117833125E-07   -0.7105059705E+23   -0.3955475106E-13   -0.1990154131E+02   -0.9482811417E-14
    0.8540000000E+00    0.3001366153E-21    0.2072446262E-22    0.8306921749E-07   -0.7680648072E+24   -0.4581722586E-12   -0.2305243716E+03   -0.1176975028E-12
    0.8540000000E+00    0.3216021775E-21    0.2220666179E-22    0.8500414813E-07   -0.1908686331E+25   -0.1220015890E-11   -0.6138376802E+03   -0.3358179804E-12
    0.8540000000E+00    0.3446029418E-21    0.2379486681E-22    0.8698414910E-07   -0.8879144869E+24   -0.6081378939E-12   -0.3059779443E+03   -0.1793661655E-12
    0.8540000000E+00    0.3692487048E-21    0.2549665916E-22    0.8901027021E-07    0.1501427785E+26    0.1101882720E-10    0.5544002651E+04    0.3482361324E-11
    0.8540000000E+00    0.3956571157E-21    0.2732016250E-22    0.9108358575E-07    0.1590399247E+27    0.1250653738E-09    0.6292527788E+05    0.4235215795E-10
    0.8540000000E+00    0.4239542377E-21    0.2927408154E-22    0.9320519501E-07    0.1270565913E+28    0.1070602181E-08    0.5386618031E+06    0.3884781367E-09
    0.8540000000E+00    0.4542751502E-21    0.3136774352E-22    0.9537622289E-07    0.9082738804E+28    0.8200640035E-08    0.4126062535E+07    0.3188498429E-08
    0.8540000000E+00    0.4867645933E-21    0.3361114274E-22    0.9759782052E-07    0.5987650796E+29    0.5792784707E-07    0.2914576405E+08    0.2413380760E-07
    0.8540000000E+00    0.5215776589E-21    0.3601498832E-22    0.9987116580E-07    0.3668573927E+30    0.3803016407E-06    0.1913446200E+09    0.1697722316E-06
    0.8540000000E+00    0.5588805307E-21    0.3859075526E-22    0.1021974641E-06    0.2095108043E+31    0.2327219503E-05    0.1170915095E+10    0.1113206686E-05
    0.8540000000E+00    0.5988512779E-21    0.4135073927E-22    0.1045779488E-06    0.1117074160E+32    0.1329575273E-04    0.6689612880E+10    0.6814772903E-05
    0.8540000000E+00    0.6416807053E-21    0.4430811541E-22    0.1070138822E-06    0.5566338782E+32    0.7099055296E-04    0.3571812195E+11    0.3898872356E-04
    0.8540000000E+00    0.6875732635E-21    0.4747700104E-22    0.1095065557E-06    0.2593477610E+33    0.3544160874E-03    0.1783205864E+12    0.2085700211E-03
    0.8540000000E+00    0.7367480256E-21    0.5087252317E-22    0.1120572911E-06    0.1129671859E+34    0.1654181784E-02    0.8322835117E+12    0.1043089785E-02
    0.8540000000E+00    0.7894397325E-21    0.5451089068E-22    0.1146674407E-06    0.4596051805E+34    0.7211337791E-02    0.3628305907E+13    0.4872527483E-02
    0.8540000000E+00    0.8458999137E-21    0.5840947171E-22    0.1173383885E-06    0.1653105970E+35    0.2779275622E-01    0.1398362197E+14    0.2012195050E-01
    0.8540000000E+00    0.9063980879E-21    0.6258687655E-22    0.1200715507E-06    0.3729031923E+35    0.6717799306E-01    0.3379987405E+14    0.5211532896E-01
    0.8540000000E+00    0.9712230494E-21    0.6706304648E-22    0.1228683764E-06    0.5746656128E+35    0.1109292647E+00    0.5581284889E+14    0.9221139507E-01
    0.8540000000E+00    0.1040684247E-20    0.7185934897E-22    0.1257303485E-06    0.6768075956E+35    0.1399897210E+00    0.7043430030E+14    0.1246908559E+00
    0.8540000000E+00    0.1115113261E-20    0.7699867968E-22    0.1286589846E-06    0.6796936054E+35    0.1506413184E+00    0.7579353531E+14    0.1437747318E+00
    0.8540000000E+00    0.1194865387E-20    0.8250557175E-22    0.1316558373E-06    0.6536444781E+35    0.1552288788E+00    0.7810171624E+14    0.1587489929E+00
    0.8540000000E+00    0.1280321329E-20    0.8840631292E-22    0.1347224957E-06    0.5399121687E+35    0.1373896571E+00    0.6912610657E+14    0.1505540691E+00
    0.8540000000E+00    0.1371889021E-20    0.9472907100E-22    0.1378605858E-06    0.3593985889E+35    0.9799576138E-01    0.4930549784E+14    0.1150656645E+00
    0.8540000000E+00    0.1470005571E-20    0.1015040283E-21    0.1410717713E-06    0.1987547729E+35    0.5806955399E-01    0.2921706234E+14    0.7306122484E-01
    0.8540000000E+00    0.1575139348E-20    0.1087635259E-21    0.1443577550E-06    0.9210366775E+34    0.2883419618E-01    0.1450761112E+14    0.3887284326E-01
    0.8540000000E+00    0.1687792220E-20    0.1165422177E-21    0.1477202791E-06    0.3555683561E+34    0.1192762641E-01    0.6001255051E+13    0.1723028599E-01
    0.8540000000E+00    0.1808501947E-20    0.1248772362E-21    0.1511611264E-06    0.1110654204E+34    0.3992177004E-02    0.2008620290E+13    0.6179427581E-02
    0.8540000000E+00    0.1937844750E-20    0.1338083694E-21    0.1546821213E-06    0.1864756936E+33    0.7182128237E-03    0.3613609439E+12    0.1191219004E-02
    0.8540000000E+00    0.2076438060E-20    0.1433782510E-21    0.1582851308E-06    0.1064932167E+31    0.4394939178E-05    0.2211265683E+10    0.7810724642E-05
    0.8540000000E+00    0.2224943467E-20    0.1536325639E-21    0.1619720651E-06    0.2587085576E+30    0.1144041341E-05    0.5756119152E+09    0.2178613431E-05
    0.8540000000E+00    0.2384069878E-20    0.1646202581E-21    0.1657448792E-06    0.6064938441E+29    0.2873805165E-06    0.1445923705E+09    0.5864024543E-06
    0.8540000000E+00    0.2554576900E-20    0.1763937846E-21    0.1696055734E-06    0.9352066315E+28    0.4748303843E-07    0.2389057257E+08    0.1038190283E-06
    0.8540000000E+00    0.2737278465E-20    0.1890093455E-21    0.1735561947E-06    0.1676283072E+28    0.9119652356E-08    0.4588453554E+07    0.2136568108E-07
    0.8540000000E+00    0.2933046719E-20    0.2025271626E-21    0.1775988378E-06    0.4109380026E+27    0.2395560975E-08    0.1205300360E+07    0.6013754403E-08
    0.8540000000E+00    0.3142816182E-20    0.2170117645E-21    0.1817356462E-06    0.9070757406E+26    0.5665972678E-09    0.2850772316E+06    0.1524098144E-08
    0.8540000000E+00    0.3367588212E-20    0.2325322952E-21    0.1859688132E-06    0.2159414345E+26    0.1445329630E-09    0.7272018293E+05    0.4165866652E-09
    0.8540000000E+00    0.3608435782E-20    0.2491628434E-21    0.1903005833E-06    0.2863686115E+25    0.2053791432E-10    0.1033342744E+05    0.6343001234E-10
    0.8540000000E+00    0.3866508602E-20    0.2669827968E-21    0.1947332533E-06    0.9358208007E+24    0.7191568443E-11    0.3618359176E+04    0.2379918453E-10
