    0.8760000000E+00    0.4143038610E-23    0.2860772210E-24    0.1992691735E-07    0.0000000000E+00    0.0000000000E+00    0.0000000000E+00    0.0000000000E+00
    0.8760000000E+00    0.4439345853E-23    0.3065372650E-24    0.2039107488E-07    0.0000000000E+00    0.0000000000E+00    0.0000000000E+00    0.0000000000E+00
    0.8760000000E+00    0.4756844785E-23    0.3284605973E-24    0.2086604403E-07    0.0000000000E+00    0.0000000000E+00    0.0000000000E+00    0.0000000000E+00
    0.8760000000E+00    0.5097051019E-23    0.3519518710E-24    0.2135207663E-07    0.0000000000E+00    0.0000000000E+00    0.0000000000E+00    0.0000000000E+00
    0.8760000000E+00    0.5461588566E-23    0.3771232243E-24    0.2184943039E-07    0.0000000000E+00    0.0000000000E+00    0.0000000000E+00    0.0000000000E+00
    0.8760000000E+00    0.5852197586E-23    0.4040948153E-24    0.2235836900E-07    0.0000000000E+00    0.0000000000E+00    0.0000000000E+00    0.0000000000E+00
    0.8760000000E+00    0.6270742692E-23    0.4329953957E-24    0.2287916232E-07    0.0000000000E+00    0.0000000000E+00    0.0000000000E+00    0.0000000000E+00
    0.8760000000E+00    0.6719221852E-23    0.4639629256E-24    0.2341208647E-07    0.0000000000E+00    0.0000000000E+00    0.0000000000E+00    0.0000000000E+00
    0.8760000000E+00    0.7199775931E-23    0.4971452317E-24    0.2395742402E-07    0.0000000000E+00    0.0000000000E+00    0.0000000000E+00    0.0000000000E+00
    0.8760000000E+00    0.7714698903E-23    0.5327007132E-24    0.2451546411E-07    0.0000000000E+00    0.0000000000E+00    0.0000000000E+00    0.0000000000E+00
    0.8760000000E+00    0.8266448809E-23    0.5707990981E-24    0.2508650263E-07    0.0000000000E+00    0.0000000000E+00    0.0000000000E+00    0.0000000000E+00
    0.8760000000E+00    0.8857659485E-23    0.6116222531E-24    0.2567084234E-07    0.0000000000E+00    0.0000000000E+00    0.0000000000E+00    0.0000000000E+00
    0.8760000000E+00    0.9491153137E-23    0.6553650517E-24    0.2626879307E-07    0.0000000000E+00    0.0000000000E+00    0.0000000000E+00    0.0000000000E+00
    0.8760000000E+00    0.1016995382E-22    0.7022363048E-24    0.2688067187E-07    0.0000000000E+00    0.0000000000E+00    0.0000000000E+00    0.0000000000E+00
    0.8760000000E+00    0.1089730185E-22    0.7524597575E-24    0.2750680315E-07    0.0000000000E+00    0.0000000000E+00    0.0000000000E+00    0.0000000000E+00
    0.8760000000E+00    0.1167666930E-22    0.8062751566E-24    0.2814751890E-07    0.0000000000E+00    0.0000000000E+00    0.0000000000E+00    0.0000000000E+00
    0.8760000000E+00    0.1251177658E-22    0.8639393956E-24    0.2880315884E-07    0.0000000000E+00    0.0000000000E+00    0.0000000000E+00    0.0000000000E+00
    0.8760000000E+00    0.1340661015E-22    0.9257277409E-24    0.2947407060E-07    0.0000000000E+00    0.0000000000E+00    0.0000000000E+00    0.0000000000E+00
    0.8760000000E+00    0.1436544159E-22    0.9919351458E-24    0.3016060990E-07    0.0000000000E+00    0.0000000000E+00    0.0000000000E+00    0.0000000000E+00
    0.8760000000E+00    0.1539284799E-22    0.1062877658E-23    0.3086314075E-07    0.0000000000E+00    0.0000000000E+00    0.0000000000E+00    0.0000000000E+00
    0.8760000000E+00    0.1649373379E-22    0.1138893930E-23    0.3158203565E-07    0.0000000000E+00    0.0000000000E+00    0.0000000000E+00    0.0000000000E+00
    0.8760000000E+00    0.1767335417E-22    0.1220346833E-23    0.3231767576E-07    0.0000000000E+00    0.0000000000E+00    0.0000000000E+00    0.0000000000E+00
    0.8760000000E+00    0.1893734018E-22    0.1307625190E-23    0.3307045113E-07    0.0000000000E+00    0.0000000000E+00    0.0000000000E+00    0.0000000000E+00
    0.8760000000E+00    0.2029172559E-22    0.1401145635E-23    0.3384076090E-07    0.0000000000E+00    0.0000000000E+00    0.0000000000E+00    0.0000000000E+00
    0.8760000000E+00    0.2174297571E-22    0.1501354598E-23    0.3462901348E-07    0.0000000000E+00    0.0000000000E+00    0.0000000000E+00    0.0000000000E+00
    0.8760000000E+00    0.2329801823E-22    0.1608730435E-23    0.3543562682E-07    0.0000000000E+00    0.0000000000E+00    0.0000000000E+00    0.0000000000E+00
    0.8760000000E+00    0.2496427630E-22    0.1723785718E-23    0.3626102861E-07    0.0000000000E+00    0.0000000000E+00    0.0000000000E+00    0.0000000000E+00
    0.8760000000E+00    0.2674970400E-22    0.1847069675E-23    0.3710565646E-07    0.0000000000E+00    0.0000000000E+00    0.0000000000E+00    0.0000000000E+00
    0.8760000000E+00    0.2866282424E-22    0.1979170815E-23    0.3796995823E-07    0.0000000000E+00    0.0000000000E+00    0.0000000000E+00    0.0000000000E+00
    0.8760000000E+00    0.3071276952E-22    0.2120719737E-23    0.3885439218E-07   -0.4568821887E-15   -0.2788914187E-52   -0.1403211736E-37   -0.7088178285E-54
    0.8760000000E+00    0.3290932546E-22    0.2272392139E-23    0.3975942724E-07   -0.3674159394E-14   -0.2403194476E-51   -0.1209141073E-36   -0.6544679718E-53
    0.8760000000E+00    0.3526297755E-22    0.2434912046E-23    0.4068554327E-07   -0.1364058152E-13   -0.9560130253E-51   -0.4810075201E-36   -0.2789737180E-52
    0.8760000000E+00    0.3778496121E-22    0.2609055264E-23    0.4163323131E-07    0.2371322033E-12    0.1780825888E-49    0.8960031101E-35    0.5568278408E-51
    0.8760000000E+00    0.4048731538E-22    0.2795653084E-23    0.4260299385E-07    0.1654432349E-11    0.1331312278E-48    0.6698352430E-34    0.4460457629E-50
    0.8760000000E+00    0.4338294005E-22    0.2995596250E-23    0.4359534505E-07   -0.3819374725E-10   -0.3293238574E-47   -0.1656957047E-32   -0.1182286348E-48
    0.8760000000E+00    0.4648565778E-22    0.3209839213E-23    0.4461081109E-07   -0.6290856370E-09   -0.5812201920E-46   -0.2924345963E-31   -0.2235837184E-47
    0.8760000000E+00    0.4981027973E-22    0.3439404683E-23    0.4564993037E-07    0.4294550596E-08    0.4251563281E-45    0.2139127665E-30    0.1752460059E-46
    0.8760000000E+00    0.5337267633E-22    0.3685388516E-23    0.4671325384E-07    0.1354888019E-06    0.1437256648E-43    0.7231399968E-29    0.6347954530E-45
    0.8760000000E+00    0.5718985306E-22    0.3948964943E-23    0.4780134531E-07   -0.2831323124E-06   -0.3218254312E-43   -0.1619229534E-28   -0.1523069919E-44
    0.8760000000E+00    0.6128003161E-22    0.4231392172E-23    0.4891478167E-07   -0.7463992648E-04   -0.9090800494E-41   -0.4573937055E-26   -0.4610007245E-42
    0.8760000000E+00    0.6566273690E-22    0.4534018400E-23    0.5005415331E-07   -0.9245937014E-02   -0.1206651493E-38   -0.6071135295E-24   -0.6556639949E-40
    0.8760000000E+00    0.7035889022E-22    0.4858288246E-23    0.5122006431E-07   -0.4793809247E-01   -0.6703655267E-38   -0.3372870986E-23   -0.3903113260E-39
    0.8760000000E+00    0.7539090917E-22    0.5205749646E-23    0.5241313287E-07    0.3831140160E+00    0.5740622179E-37    0.2888331398E-22    0.3581446315E-38
    0.8760000000E+00    0.8078281461E-22    0.5578061244E-23    0.5363399157E-07    0.3896648974E+02    0.6256366882E-35    0.3147822717E-20    0.4182362669E-36
    0.8760000000E+00    0.8656034539E-22    0.5977000309E-23    0.5488328773E-07    0.4604124132E+03    0.7920962332E-34    0.3985345751E-19    0.5673844499E-35
    0.8760000000E+00    0.9275108115E-22    0.6404471218E-23    0.5616168372E-07   -0.5266119261E+03   -0.9707817744E-34   -0.4884382550E-19   -0.7451112065E-35
    0.8760000000E+00    0.9938457404E-22    0.6862514550E-23    0.5746985739E-07   -0.7529906753E+05   -0.1487375152E-31   -0.7483565752E-17   -0.1223263460E-32
    0.8760000000E+00    0.1064924897E-21    0.7353316823E-23    0.5880850233E-07   -0.3863265623E+07   -0.8176839880E-30   -0.4114087746E-15   -0.7205845969E-31
    0.8760000000E+00    0.1141087586E-21    0.7879220933E-23    0.6017832832E-07   -0.1747774873E+09   -0.3963842732E-28   -0.1994364210E-13   -0.3742966122E-29
    0.8760000000E+00    0.1222697377E-21    0.8442737340E-23    0.6158006166E-07   -0.7139565066E+10   -0.1735012787E-26   -0.8729527482E-12   -0.1755505364E-27
    0.8760000000E+00    0.1310143844E-21    0.9046556049E-23    0.6301444556E-07   -0.3531798663E+11   -0.9196590770E-26   -0.4627164277E-11   -0.9970715919E-27
    0.8760000000E+00    0.1403844422E-21    0.9693559452E-23    0.6448224056E-07    0.4963754307E+11    0.1384972662E-25    0.6968338795E-11    0.1608943086E-26
    0.8760000000E+00    0.1504246400E-21    0.1038683609E-22    0.6598422489E-07    0.3255644400E+13    0.9733474303E-24    0.4897291367E-09    0.1211622606E-24
    0.8760000000E+00    0.1611829057E-21    0.1112969539E-22    0.6752119493E-07    0.8974291088E+14    0.2874955163E-22    0.1446502314E-07    0.3834692614E-23
    0.8760000000E+00    0.1727105951E-21    0.1192568347E-22    0.6909396560E-07    0.2173161705E+16    0.7459727569E-21    0.3753280513E-06    0.1066160156E-21
    0.8760000000E+00    0.1850627369E-21    0.1277860007E-22    0.7070337081E-07    0.3900931251E+17    0.1434825943E-19    0.7219170137E-05    0.2197347285E-20
    0.8760000000E+00    0.1982982953E-21    0.1369251667E-22    0.7235026388E-07    0.6461900869E+17    0.2546778736E-19    0.1281383927E-04    0.4179176337E-20
    0.8760000000E+00    0.2124804516E-21    0.1467179595E-22    0.7403551802E-07   -0.2098511732E+18   -0.8862215887E-19   -0.4458927204E-04   -0.1558266759E-19
    0.8760000000E+00    0.2276769058E-21    0.1572111260E-22    0.7576002677E-07   -0.5678174154E+19   -0.2569446814E-17   -0.1292789122E-02   -0.4841044931E-18
    0.8760000000E+00    0.2439602000E-21    0.1684547565E-22    0.7752470448E-07   -0.8957409212E+20   -0.4343235105E-16   -0.2185251343E-01   -0.8768247902E-17
    0.8760000000E+00    0.2614080640E-21    0.1805025236E-22    0.7933048683E-07   -0.1246315885E+22   -0.6475287481E-15   -0.3257970227E+00   -0.1400743240E-15
    0.8760000000E+00    0.2801037871E-21    0.1934119387E-22    0.8117833125E-07   -0.1589188432E+23   -0.8847209655E-14   -0.4451376982E+01   -0.2050717323E-14
    0.8760000000E+00    0.3001366153E-21    0.2072446262E-22    0.8306921749E-07   -0.1869893169E+24   -0.1115443864E-12   -0.5612234068E+02   -0.2770430119E-13
    0.8760000000E+00    0.3216021775E-21    0.2220666179E-22    0.8500414813E-07   -0.1217584521E+25   -0.7782695558E-12   -0.3915778332E+03   -0.2071235701E-12
    0.8760000000E+00    0.3446029418E-21    0.2379486681E-22    0.8698414910E-07   -0.1363154901E+25   -0.9336328697E-12   -0.4697471890E+03   -0.2662414159E-12
    0.8760000000E+00    0.3692487048E-21    0.2549665916E-22    0.8901027021E-07    0.2323020255E+25    0.1704841154E-11    0.8577722205E+03    0.5209348371E-12
    0.8760000000E+00    0.3956571157E-21    0.2732016250E-22    0.9108358575E-07    0.4271417334E+26    0.3358945286E-10    0.1690016662E+05    0.1099771372E-10
    0.8760000000E+00    0.4239542377E-21    0.2927408154E-22    0.9320519501E-07    0.3786867856E+27    0.3190884427E-09    0.1605458675E+06    0.1119465092E-09
    0.8760000000E+00    0.4542751502E-21    0.3136774352E-22    0.9537622289E-07    0.2872640932E+28    0.2593655366E-08    0.1304969391E+07    0.9750160152E-09
    0.8760000000E+00    0.4867645933E-21    0.3361114274E-22    0.9759782052E-07    0.1991197058E+29    0.1926394217E-07    0.9692442262E+07    0.7759694919E-08
    0.8760000000E+00    0.5215776589E-21    0.3601498832E-22    0.9987116580E-07    0.1279308032E+30    0.1326190921E-06    0.6672584883E+08    0.5724077846E-07
    0.8760000000E+00    0.5588805307E-21    0.3859075526E-22    0.1021974641E-06    0.7651841578E+30    0.8499568803E-06    0.4276465282E+09    0.3930939636E-06
    0.8760000000E+00    0.5988512779E-21    0.4135073927E-22    0.1045779488E-06    0.4269261430E+31    0.5081403399E-05    0.2556652663E+10    0.2518159036E-05
    0.8760000000E+00    0.6416807053E-21    0.4430811541E-22    0.1070138822E-06    0.2224596000E+32    0.2837148552E-04    0.1427480330E+11    0.1506543087E-04
    0.8760000000E+00    0.6875732635E-21    0.4747700104E-22    0.1095065557E-06    0.1083282030E+33    0.1480377457E-03    0.7448357610E+11    0.8423099754E-04
    0.8760000000E+00    0.7367480256E-21    0.5087252317E-22    0.1120572911E-06    0.4929992319E+33    0.7219002073E-03    0.3632162107E+12    0.4401256176E-03
    0.8760000000E+00    0.7894397325E-21    0.5451089068E-22    0.1146674407E-06    0.2095501676E+34    0.3287902545E-02    0.1654272282E+13    0.2147921560E-02
    0.8760000000E+00    0.8458999137E-21    0.5840947171E-22    0.1173383885E-06    0.8307476675E+34    0.1396690099E-01    0.7027293803E+13    0.9776863133E-02
    0.8760000000E+00    0.9063980879E-21    0.6258687655E-22    0.1200715507E-06    0.2502755808E+35    0.4508679887E-01    0.2268493079E+14    0.3381807499E-01
    0.8760000000E+00    0.9712230494E-21    0.6706304648E-22    0.1228683764E-06    0.4638697996E+35    0.8954204783E-01    0.4505210413E+14    0.7196585733E-01
    0.8760000000E+00    0.1040684247E-20    0.7185934897E-22    0.1257303485E-06    0.6254849524E+35    0.1293742336E+00    0.6509323368E+14    0.1114159252E+00
    0.8760000000E+00    0.1115113261E-20    0.7699867968E-22    0.1286589846E-06    0.6650165755E+35    0.1473884305E+00    0.7415688024E+14    0.1360075054E+00
    0.8760000000E+00    0.1194865387E-20    0.8250557175E-22    0.1316558373E-06    0.6556617975E+35    0.1557079561E+00    0.7834275875E+14    0.1539608446E+00
    0.8760000000E+00    0.1280321329E-20    0.8840631292E-22    0.1347224957E-06    0.5953475446E+35    0.1514961132E+00    0.7622361597E+14    0.1605095849E+00
    0.8760000000E+00    0.1371889021E-20    0.9472907100E-22    0.1378605858E-06    0.4369596377E+35    0.1191440192E+00    0.5994601298E+14    0.1352607302E+00
    0.8760000000E+00    0.1470005571E-20    0.1015040283E-21    0.1410717713E-06    0.2626606360E+35    0.7674072811E-01    0.3861125982E+14    0.9335238038E-01
    0.8760000000E+00    0.1575139348E-20    0.1087635259E-21    0.1443577550E-06    0.1310603035E+35    0.4103005444E-01    0.2064382410E+14    0.5348125307E-01
    0.8760000000E+00    0.1687792220E-20    0.1165422177E-21    0.1477202791E-06    0.5421390803E+34    0.1818618642E-01    0.9150181219E+13    0.2540043297E-01
    0.8760000000E+00    0.1808501947E-20    0.1248772362E-21    0.1511611264E-06    0.1825734975E+34    0.6562490068E-02    0.3301845257E+13    0.9821281072E-02
    0.8760000000E+00    0.1937844750E-20    0.1338083694E-21    0.1546821213E-06    0.4058787201E+33    0.1563245568E-02    0.7865299467E+12    0.2506840411E-02
    0.8760000000E+00    0.2076438060E-20    0.1433782510E-21    0.1582851308E-06    0.3999098102E+31    0.1650414315E-04    0.8303879505E+10    0.2835910123E-04
    0.8760000000E+00    0.2224943467E-20    0.1536325639E-21    0.1619720651E-06    0.3441753332E+30    0.1521986027E-05    0.7657706592E+09    0.2802271090E-05
    0.8760000000E+00    0.2384069878E-20    0.1646202581E-21    0.1657448792E-06    0.8184286872E+29    0.3878035386E-06    0.1951191181E+09    0.7650877503E-06
    0.8760000000E+00    0.2554576900E-20    0.1763937846E-21    0.1696055734E-06    0.1322470802E+29    0.6714551608E-07    0.3378353361E+08    0.1419438227E-06
    0.8760000000E+00    0.2737278465E-20    0.1890093455E-21    0.1735561947E-06    0.2175511266E+28    0.1183565400E-07    0.5954980138E+07    0.2680968687E-07
    0.8760000000E+00    0.2933046719E-20    0.2025271626E-21    0.1775988378E-06    0.5331820125E+27    0.3108181803E-08    0.1563847752E+07    0.7544073214E-08
    0.8760000000E+00    0.3142816182E-20    0.2170117645E-21    0.1817356462E-06    0.1175403681E+27    0.7342060694E-09    0.3694077709E+06    0.1909490277E-08
    0.8760000000E+00    0.3367588212E-20    0.2325322952E-21    0.1859688132E-06    0.2808848672E+26    0.1880006133E-09    0.9459045678E+05    0.5239124838E-09
    0.8760000000E+00    0.3608435782E-20    0.2491628434E-21    0.1903005833E-06    0.3903734845E+25    0.2799698310E-10    0.1408637650E+05    0.8360085443E-10
    0.8760000000E+00    0.3866508602E-20    0.2669827968E-21    0.1947332533E-06    0.1282974505E+25    0.9859365121E-11    0.4960631959E+04    0.3154630015E-10
