    0.8150000000E+00    0.4143038610E-23    0.2860772210E-24    0.1992691735E-07    0.0000000000E+00    0.0000000000E+00    0.0000000000E+00    0.0000000000E+00
    0.8150000000E+00    0.4439345853E-23    0.3065372650E-24    0.2039107488E-07    0.0000000000E+00    0.0000000000E+00    0.0000000000E+00    0.0000000000E+00
    0.8150000000E+00    0.4756844785E-23    0.3284605973E-24    0.2086604403E-07    0.0000000000E+00    0.0000000000E+00    0.0000000000E+00    0.0000000000E+00
    0.8150000000E+00    0.5097051019E-23    0.3519518710E-24    0.2135207663E-07    0.0000000000E+00    0.0000000000E+00    0.0000000000E+00    0.0000000000E+00
    0.8150000000E+00    0.5461588566E-23    0.3771232243E-24    0.2184943039E-07    0.0000000000E+00    0.0000000000E+00    0.0000000000E+00    0.0000000000E+00
    0.8150000000E+00    0.5852197586E-23    0.4040948153E-24    0.2235836900E-07    0.0000000000E+00    0.0000000000E+00    0.0000000000E+00    0.0000000000E+00
    0.8150000000E+00    0.6270742692E-23    0.4329953957E-24    0.2287916232E-07    0.0000000000E+00    0.0000000000E+00    0.0000000000E+00    0.0000000000E+00
    0.8150000000E+00    0.6719221852E-23    0.4639629256E-24    0.2341208647E-07    0.0000000000E+00    0.0000000000E+00    0.0000000000E+00    0.0000000000E+00
    0.8150000000E+00    0.7199775931E-23    0.4971452317E-24    0.2395742402E-07    0.0000000000E+00    0.0000000000E+00    0.0000000000E+00    0.0000000000E+00
    0.8150000000E+00    0.7714698903E-23    0.5327007132E-24    0.2451546411E-07    0.0000000000E+00    0.0000000000E+00    0.0000000000E+00    0.0000000000E+00
    0.8150000000E+00    0.8266448809E-23    0.5707990981E-24    0.2508650263E-07    0.0000000000E+00    0.0000000000E+00    0.0000000000E+00    0.0000000000E+00
    0.8150000000E+00    0.8857659485E-23    0.6116222531E-24    0.2567084234E-07    0.0000000000E+00    0.0000000000E+00    0.0000000000E+00    0.0000000000E+00
    0.8150000000E+00    0.9491153137E-23    0.6553650517E-24    0.2626879307E-07    0.0000000000E+00    0.0000000000E+00    0.0000000000E+00    0.0000000000E+00
    0.8150000000E+00    0.1016995382E-22    0.7022363048E-24    0.2688067187E-07    0.0000000000E+00    0.0000000000E+00    0.0000000000E+00    0.0000000000E+00
    0.8150000000E+00    0.1089730185E-22    0.7524597575E-24    0.2750680315E-07    0.0000000000E+00    0.0000000000E+00    0.0000000000E+00    0.0000000000E+00
    0.8150000000E+00    0.1167666930E-22    0.8062751566E-24    0.2814751890E-07    0.0000000000E+00    0.0000000000E+00    0.0000000000E+00    0.0000000000E+00
    0.8150000000E+00    0.1251177658E-22    0.8639393956E-24    0.2880315884E-07    0.0000000000E+00    0.0000000000E+00    0.0000000000E+00    0.0000000000E+00
    0.8150000000E+00    0.1340661015E-22    0.9257277409E-24    0.2947407060E-07    0.0000000000E+00    0.0000000000E+00    0.0000000000E+00    0.0000000000E+00
    0.8150000000E+00    0.1436544159E-22    0.9919351458E-24    0.3016060990E-07    0.0000000000E+00    0.0000000000E+00    0.0000000000E+00    0.0000000000E+00
    0.8150000000E+00    0.1539284799E-22    0.1062877658E-23    0.3086314075E-07    0.0000000000E+00    0.0000000000E+00    0.0000000000E+00    0.0000000000E+00
    0.8150000000E+00    0.1649373379E-22    0.1138893930E-23    0.3158203565E-07    0.0000000000E+00    0.0000000000E+00    0.0000000000E+00    0.0000000000E+00
    0.8150000000E+00    0.1767335417E-22    0.1220346833E-23    0.3231767576E-07   -0.1681949970E-15   -0.5908047760E-53   -0.2972569752E-38   -0.9622379130E-55
    0.8150000000E+00    0.1893734018E-22    0.1307625190E-23    0.3307045113E-07   -0.2738851864E-15   -0.1030859475E-52   -0.5186656946E-38   -0.1799028048E-54
    0.8150000000E+00    0.2029172559E-22    0.1401145635E-23    0.3384076090E-07   -0.3328588711E-15   -0.1342428179E-52   -0.6754280873E-38   -0.2510322547E-54
    0.8150000000E+00    0.2174297571E-22    0.1501354598E-23    0.3462901348E-07    0.0000000000E+00    0.0000000000E+00    0.0000000000E+00    0.0000000000E+00
    0.8150000000E+00    0.2329801823E-22    0.1608730435E-23    0.3543562682E-07    0.2123248911E-14    0.9831772796E-52    0.4946749181E-37    0.2110912836E-53
    0.8150000000E+00    0.2496427630E-22    0.1723785718E-23    0.3626102861E-07    0.2120786448E-14    0.1052271634E-51    0.5294389886E-37    0.2420841359E-53
    0.8150000000E+00    0.2674970400E-22    0.1847069675E-23    0.3710565646E-07   -0.1493619668E-13   -0.7940922323E-51   -0.3995388402E-36   -0.1957534455E-52
    0.8150000000E+00    0.2866282424E-22    0.1979170815E-23    0.3796995823E-07   -0.1622504512E-12   -0.9243082666E-50   -0.4650556167E-35   -0.2441491992E-51
    0.8150000000E+00    0.3071276952E-22    0.2120719737E-23    0.3885439218E-07   -0.1922283156E-12   -0.1173405946E-49   -0.5903863953E-35   -0.3321136697E-51
    0.8150000000E+00    0.3290932546E-22    0.2272392139E-23    0.3975942724E-07    0.9330464479E-12    0.6102870967E-49    0.3070592922E-34    0.1850856101E-50
    0.8150000000E+00    0.3526297755E-22    0.2434912046E-23    0.4068554327E-07    0.4170571277E-10    0.2922984227E-47    0.1470667613E-32    0.9498716784E-49
    0.8150000000E+00    0.3778496121E-22    0.2609055264E-23    0.4163323131E-07    0.4735587898E-10    0.3556352704E-47    0.1789340050E-32    0.1238349671E-48
    0.8150000000E+00    0.4048731538E-22    0.2795653084E-23    0.4260299385E-07   -0.4965134360E-08   -0.3995415307E-45   -0.2010249607E-30   -0.1490734822E-46
    0.8150000000E+00    0.4338294005E-22    0.2995596250E-23    0.4359534505E-07   -0.2621878183E-07   -0.2260702599E-44   -0.1137447840E-29   -0.9038199028E-46
    0.8150000000E+00    0.4648565778E-22    0.3209839213E-23    0.4461081109E-07    0.4814727557E-06    0.4448387804E-43    0.2238157775E-28    0.1905641089E-44
    0.8150000000E+00    0.4981027973E-22    0.3439404683E-23    0.4564993037E-07    0.4857294019E-05    0.4808673792E-42    0.2419431738E-27    0.2207312302E-43
    0.8150000000E+00    0.5337267633E-22    0.3685388516E-23    0.4671325384E-07   -0.3519762291E-04   -0.3733741596E-41   -0.1878591335E-26   -0.1836465293E-42
    0.8150000000E+00    0.5718985306E-22    0.3948964943E-23    0.4780134531E-07   -0.5488048606E-02   -0.6238050310E-39   -0.3138606933E-24   -0.3287663348E-40
    0.8150000000E+00    0.6128003161E-22    0.4231392172E-23    0.4891478167E-07   -0.4626501216E+00   -0.5634866153E-37   -0.2835121408E-22   -0.3182160434E-38
    0.8150000000E+00    0.6566273690E-22    0.4534018400E-23    0.5005415331E-07   -0.6844303344E+00   -0.8932235677E-37   -0.4494156897E-22   -0.5405036616E-38
    0.8150000000E+00    0.7035889022E-22    0.4858288246E-23    0.5122006431E-07    0.2446501057E+02    0.3421183207E-35    0.1721330993E-20    0.2218272006E-36
    0.8150000000E+00    0.7539090917E-22    0.5205749646E-23    0.5241313287E-07    0.1947001899E+04    0.2917408870E-33    0.1467862433E-18    0.2026916070E-34
    0.8150000000E+00    0.8078281461E-22    0.5578061244E-23    0.5363399157E-07    0.6143843082E+04    0.9864408277E-33    0.4963169367E-18    0.7343608332E-34
    0.8150000000E+00    0.8656034539E-22    0.5977000309E-23    0.5488328773E-07   -0.4549730135E+05   -0.7827382579E-32   -0.3938262119E-17   -0.6243886909E-33
    0.8150000000E+00    0.9275108115E-22    0.6404471218E-23    0.5616168372E-07   -0.2934913004E+07   -0.5410359911E-30   -0.2722163542E-15   -0.4624498293E-31
    0.8150000000E+00    0.9938457404E-22    0.6862514550E-23    0.5746985739E-07   -0.1343875895E+09   -0.2654544975E-28   -0.1335605333E-13   -0.2431244045E-29
    0.8150000000E+00    0.1064924897E-21    0.7353316823E-23    0.5880850233E-07   -0.5503606921E+10   -0.1164872337E-26   -0.5860928034E-12   -0.1143185741E-27
    0.8150000000E+00    0.1141087586E-21    0.7879220933E-23    0.6017832832E-07   -0.1472398718E+12   -0.3339307051E-25   -0.1680135899E-10   -0.3511517374E-26
    0.8150000000E+00    0.1222697377E-21    0.8442737340E-23    0.6158006166E-07   -0.1993244832E+12   -0.4843859868E-25   -0.2437135228E-10   -0.5457956093E-26
    0.8150000000E+00    0.1310143844E-21    0.9046556049E-23    0.6301444556E-07    0.2229159604E+13    0.5804597203E-24    0.2920519733E-09    0.7008265646E-25
    0.8150000000E+00    0.1403844422E-21    0.9693559452E-23    0.6448224056E-07    0.7389614267E+14    0.2061829234E-22    0.1037386877E-07    0.2667418507E-23
    0.8150000000E+00    0.1504246400E-21    0.1038683609E-22    0.6598422489E-07    0.1813055377E+16    0.5420533005E-21    0.2727282024E-06    0.7514160378E-22
    0.8150000000E+00    0.1611829057E-21    0.1112969539E-22    0.6752119493E-07    0.3994962028E+17    0.1279804343E-19    0.6439195878E-05    0.1900999692E-20
    0.8150000000E+00    0.1727105951E-21    0.1192568347E-22    0.6909396560E-07    0.2558485991E+18    0.8782415245E-19    0.4418776382E-04    0.1397823812E-19
    0.8150000000E+00    0.1850627369E-21    0.1277860007E-22    0.7070337081E-07    0.1259295067E+18    0.4631892015E-19    0.2330485917E-04    0.7899450700E-20
    0.8150000000E+00    0.1982982953E-21    0.1369251667E-22    0.7235026388E-07   -0.4355922179E+19   -0.1716765733E-17   -0.8637719424E-03   -0.3137252710E-18
    0.8150000000E+00    0.2124804516E-21    0.1467179595E-22    0.7403551802E-07   -0.7646136267E+20   -0.3229036525E-16   -0.1624654487E-01   -0.6322828825E-17
    0.8150000000E+00    0.2276769058E-21    0.1572111260E-22    0.7576002677E-07   -0.1072747979E+22   -0.4854322537E-15   -0.2442399406E+00   -0.1018514218E-15
    0.8150000000E+00    0.2439602000E-21    0.1684547565E-22    0.7752470448E-07   -0.1361342085E+23   -0.6600824630E-14   -0.3321132873E+01   -0.1484009433E-14
    0.8150000000E+00    0.2614080640E-21    0.1805025236E-22    0.7933048683E-07   -0.1589116536E+24   -0.8256322920E-13   -0.4154078771E+02   -0.1988955826E-13
    0.8150000000E+00    0.2801037871E-21    0.1934119387E-22    0.8117833125E-07   -0.1566057664E+25   -0.8718437791E-12   -0.4386586824E+03   -0.2250490272E-12
    0.8150000000E+00    0.3001366153E-21    0.2072446262E-22    0.8306921749E-07   -0.3256599559E+25   -0.1942653226E-11   -0.9774247693E+03   -0.5373209213E-12
    0.8150000000E+00    0.3216021775E-21    0.2220666179E-22    0.8500414813E-07   -0.9747747310E+24   -0.6230676261E-12   -0.3134896761E+03   -0.1846603496E-12
    0.8150000000E+00    0.3446029418E-21    0.2379486681E-22    0.8698414910E-07    0.3040847370E+26    0.2082694384E-10    0.1047884949E+05    0.6613997295E-11
    0.8150000000E+00    0.3692487048E-21    0.2549665916E-22    0.8901027021E-07    0.3021628833E+27    0.2217542949E-09    0.1115732533E+06    0.7545890642E-10
    0.8150000000E+00    0.3956571157E-21    0.2732016250E-22    0.9108358575E-07    0.2326175060E+28    0.1829251075E-08    0.9203677146E+06    0.6669784252E-09
    0.8150000000E+00    0.4239542377E-21    0.2927408154E-22    0.9320519501E-07    0.1608114885E+29    0.1355027146E-07    0.6817671200E+07    0.5294030788E-08
    0.8150000000E+00    0.4542751502E-21    0.3136774352E-22    0.9537622289E-07    0.1026076444E+30    0.9264258007E-07    0.4661210309E+08    0.3878368837E-07
    0.8150000000E+00    0.4867645933E-21    0.3361114274E-22    0.9759782052E-07    0.6087240535E+30    0.5889133331E-06    0.2963053163E+09    0.2641738673E-06
    0.8150000000E+00    0.5215776589E-21    0.3601498832E-22    0.9987116580E-07    0.3367400874E+31    0.3490806244E-05    0.1756361064E+10    0.1677892803E-05
    0.8150000000E+00    0.5588805307E-21    0.3859075526E-22    0.1021974641E-06    0.1739994153E+32    0.1932763488E-04    0.9724488556E+10    0.9954447943E-05
    0.8150000000E+00    0.5988512779E-21    0.4135073927E-22    0.1045779488E-06    0.8408306268E+32    0.1000781909E-03    0.5035324954E+11    0.5523036498E-04
    0.8150000000E+00    0.6416807053E-21    0.4430811541E-22    0.1070138822E-06    0.3802725574E+33    0.4849823229E-03    0.2440135628E+12    0.2867902459E-03
    0.8150000000E+00    0.6875732635E-21    0.4747700104E-22    0.1095065557E-06    0.1609688324E+34    0.2199746917E-02    0.1106778654E+13    0.1393834419E-02
    0.8150000000E+00    0.7367480256E-21    0.5087252317E-22    0.1120572911E-06    0.6372793683E+34    0.9331700301E-02    0.4695143163E+13    0.6335767758E-02
    0.8150000000E+00    0.7894397325E-21    0.5451089068E-22    0.1146674407E-06    0.2105785144E+35    0.3304037603E-01    0.1662390461E+14    0.2403717627E-01
    0.8150000000E+00    0.8458999137E-21    0.5840947171E-22    0.1173383885E-06    0.4313547860E+35    0.7252129404E-01    0.3648829762E+14    0.5653325766E-01
    0.8150000000E+00    0.9063980879E-21    0.6258687655E-22    0.1200715507E-06    0.6306523673E+35    0.1136111495E+00    0.5716220998E+14    0.9489851602E-01
    0.8150000000E+00    0.9712230494E-21    0.6706304648E-22    0.1228683764E-06    0.7190862244E+35    0.1388071678E+00    0.6983931156E+14    0.1242368295E+00
    0.8150000000E+00    0.1040684247E-20    0.7185934897E-22    0.1257303485E-06    0.7184087533E+35    0.1485944330E+00    0.7476366726E+14    0.1425085779E+00
    0.8150000000E+00    0.1115113261E-20    0.7699867968E-22    0.1286589846E-06    0.6856814929E+35    0.1519684212E+00    0.7646125258E+14    0.1561679173E+00
    0.8150000000E+00    0.1194865387E-20    0.8250557175E-22    0.1316558373E-06    0.5576886429E+35    0.1324410832E+00    0.6663628562E+14    0.1458348070E+00
    0.8150000000E+00    0.1280321329E-20    0.8840631292E-22    0.1347224957E-06    0.3695843217E+35    0.9404689537E-01    0.4731866901E+14    0.1109642112E+00
    0.8150000000E+00    0.1371889021E-20    0.9472907100E-22    0.1378605858E-06    0.2059415093E+35    0.5615323939E-01    0.2825288956E+14    0.7099263273E-01
    0.8150000000E+00    0.1470005571E-20    0.1015040283E-21    0.1410717713E-06    0.9768596981E+34    0.2854060115E-01    0.1435989198E+14    0.3866353717E-01
    0.8150000000E+00    0.1575139348E-20    0.1087635259E-21    0.1443577550E-06    0.3945241227E+34    0.1235106726E-01    0.6214304695E+13    0.1792845864E-01
    0.8150000000E+00    0.1687792220E-20    0.1165422177E-21    0.1477202791E-06    0.1336877325E+34    0.4484587284E-02    0.2256371149E+13    0.6975268798E-02
    0.8150000000E+00    0.1808501947E-20    0.1248772362E-21    0.1511611264E-06    0.3413864928E+33    0.1227092376E-02    0.6173981369E+12    0.2045105538E-02
    0.8150000000E+00    0.1937844750E-20    0.1338083694E-21    0.1546821213E-06    0.1802309358E+32    0.6941610824E-04    0.3492595728E+11    0.1239648984E-03
    0.8150000000E+00    0.2076438060E-20    0.1433782510E-21    0.1582851308E-06    0.5710774768E+30    0.2356817509E-05    0.1185807008E+10    0.4509874151E-05
    0.8150000000E+00    0.2224943467E-20    0.1536325639E-21    0.1619720651E-06    0.1393236165E+30    0.6161063190E-06    0.3099871704E+09    0.1263264029E-05
    0.8150000000E+00    0.2384069878E-20    0.1646202581E-21    0.1657448792E-06    0.3132855600E+29    0.1484469578E-06    0.7468946670E+08    0.3261442819E-06
    0.8150000000E+00    0.2554576900E-20    0.1763937846E-21    0.1696055734E-06    0.4834323758E+28    0.2454520456E-07    0.1234965180E+08    0.5778367018E-07
    0.8150000000E+00    0.2737278465E-20    0.1890093455E-21    0.1735561947E-06    0.9573206869E+27    0.5208208568E-08    0.2620453300E+07    0.1313792670E-07
    0.8150000000E+00    0.2933046719E-20    0.2025271626E-21    0.1775988378E-06    0.2348733483E+27    0.1369192977E-08    0.6888945035E+06    0.3700864035E-08
    0.8150000000E+00    0.3142816182E-20    0.2170117645E-21    0.1817356462E-06    0.5186904269E+26    0.3239956329E-09    0.1630148667E+06    0.9383775812E-09
    0.8150000000E+00    0.3367588212E-20    0.2325322952E-21    0.1859688132E-06    0.1219031992E+26    0.8159170849E-10    0.4105197766E+05    0.2532121228E-09
    0.8150000000E+00    0.3608435782E-20    0.2491628434E-21    0.1903005833E-06    0.1431448094E+25    0.1026612454E-10    0.5165288520E+04    0.3413854406E-10
    0.8150000000E+00    0.3866508602E-20    0.2669827968E-21    0.1947332533E-06    0.4761468696E+24    0.3659079600E-11    0.1841025967E+04    0.1303798042E-10
