    0.8520000000E+00    0.4143038610E-23    0.2860772210E-24    0.1992691735E-07    0.0000000000E+00    0.0000000000E+00    0.0000000000E+00    0.0000000000E+00
    0.8520000000E+00    0.4439345853E-23    0.3065372650E-24    0.2039107488E-07    0.0000000000E+00    0.0000000000E+00    0.0000000000E+00    0.0000000000E+00
    0.8520000000E+00    0.4756844785E-23    0.3284605973E-24    0.2086604403E-07    0.0000000000E+00    0.0000000000E+00    0.0000000000E+00    0.0000000000E+00
    0.8520000000E+00    0.5097051019E-23    0.3519518710E-24    0.2135207663E-07    0.0000000000E+00    0.0000000000E+00    0.0000000000E+00    0.0000000000E+00
    0.8520000000E+00    0.5461588566E-23    0.3771232243E-24    0.2184943039E-07    0.0000000000E+00    0.0000000000E+00    0.0000000000E+00    0.0000000000E+00
    0.8520000000E+00    0.5852197586E-23    0.4040948153E-24    0.2235836900E-07    0.0000000000E+00    0.0000000000E+00    0.0000000000E+00    0.0000000000E+00
    0.8520000000E+00    0.6270742692E-23    0.4329953957E-24    0.2287916232E-07    0.0000000000E+00    0.0000000000E+00    0.0000000000E+00    0.0000000000E+00
    0.8520000000E+00    0.6719221852E-23    0.4639629256E-24    0.2341208647E-07    0.0000000000E+00    0.0000000000E+00    0.0000000000E+00    0.0000000000E+00
    0.8520000000E+00    0.7199775931E-23    0.4971452317E-24    0.2395742402E-07    0.0000000000E+00    0.0000000000E+00    0.0000000000E+00    0.0000000000E+00
    0.8520000000E+00    0.7714698903E-23    0.5327007132E-24    0.2451546411E-07    0.0000000000E+00    0.0000000000E+00    0.0000000000E+00    0.0000000000E+00
    0.8520000000E+00    0.8266448809E-23    0.5707990981E-24    0.2508650263E-07    0.0000000000E+00    0.0000000000E+00    0.0000000000E+00    0.0000000000E+00
    0.8520000000E+00    0.8857659485E-23    0.6116222531E-24    0.2567084234E-07    0.0000000000E+00    0.0000000000E+00    0.0000000000E+00    0.0000000000E+00
    0.8520000000E+00    0.9491153137E-23    0.6553650517E-24    0.2626879307E-07    0.0000000000E+00    0.0000000000E+00    0.0000000000E+00    0.0000000000E+00
    0.8520000000E+00    0.1016995382E-22    0.7022363048E-24    0.2688067187E-07    0.0000000000E+00    0.0000000000E+00    0.0000000000E+00    0.0000000000E+00
    0.8520000000E+00    0.1089730185E-22    0.7524597575E-24    0.2750680315E-07    0.0000000000E+00    0.0000000000E+00    0.0000000000E+00    0.0000000000E+00
    0.8520000000E+00    0.1167666930E-22    0.8062751566E-24    0.2814751890E-07    0.0000000000E+00    0.0000000000E+00    0.0000000000E+00    0.0000000000E+00
    0.8520000000E+00    0.1251177658E-22    0.8639393956E-24    0.2880315884E-07    0.0000000000E+00    0.0000000000E+00    0.0000000000E+00    0.0000000000E+00
    0.8520000000E+00    0.1340661015E-22    0.9257277409E-24    0.2947407060E-07    0.0000000000E+00    0.0000000000E+00    0.0000000000E+00    0.0000000000E+00
    0.8520000000E+00    0.1436544159E-22    0.9919351458E-24    0.3016060990E-07    0.0000000000E+00    0.0000000000E+00    0.0000000000E+00    0.0000000000E+00
    0.8520000000E+00    0.1539284799E-22    0.1062877658E-23    0.3086314075E-07    0.0000000000E+00    0.0000000000E+00    0.0000000000E+00    0.0000000000E+00
    0.8520000000E+00    0.1649373379E-22    0.1138893930E-23    0.3158203565E-07    0.0000000000E+00    0.0000000000E+00    0.0000000000E+00    0.0000000000E+00
    0.8520000000E+00    0.1767335417E-22    0.1220346833E-23    0.3231767576E-07    0.0000000000E+00    0.0000000000E+00    0.0000000000E+00    0.0000000000E+00
    0.8520000000E+00    0.1893734018E-22    0.1307625190E-23    0.3307045113E-07    0.0000000000E+00    0.0000000000E+00    0.0000000000E+00    0.0000000000E+00
    0.8520000000E+00    0.2029172559E-22    0.1401145635E-23    0.3384076090E-07    0.0000000000E+00    0.0000000000E+00    0.0000000000E+00    0.0000000000E+00
    0.8520000000E+00    0.2174297571E-22    0.1501354598E-23    0.3462901348E-07    0.0000000000E+00    0.0000000000E+00    0.0000000000E+00    0.0000000000E+00
    0.8520000000E+00    0.2329801823E-22    0.1608730435E-23    0.3543562682E-07    0.0000000000E+00    0.0000000000E+00    0.0000000000E+00    0.0000000000E+00
    0.8520000000E+00    0.2496427630E-22    0.1723785718E-23    0.3626102861E-07   -0.1049830078E-15   -0.5208946962E-53   -0.2620824815E-38   -0.1116681895E-54
    0.8520000000E+00    0.2674970400E-22    0.1847069675E-23    0.3710565646E-07    0.0000000000E+00    0.0000000000E+00    0.0000000000E+00    0.0000000000E+00
    0.8520000000E+00    0.2866282424E-22    0.1979170815E-23    0.3796995823E-07   -0.1910437949E-15   -0.1088338168E-52   -0.5475854717E-38   -0.2678819180E-54
    0.8520000000E+00    0.3071276952E-22    0.2120719737E-23    0.3885439218E-07   -0.3596081342E-14   -0.2195130938E-51   -0.1104456174E-36   -0.5789485494E-53
    0.8520000000E+00    0.3290932546E-22    0.2272392139E-23    0.3975942724E-07   -0.3679331768E-13   -0.2406577623E-50   -0.1210843266E-35   -0.6801103963E-52
    0.8520000000E+00    0.3526297755E-22    0.2434912046E-23    0.4068554327E-07    0.7871646006E-15    0.5516917369E-52    0.2775776764E-37    0.1670613623E-53
    0.8520000000E+00    0.3778496121E-22    0.2609055264E-23    0.4163323131E-07    0.4077486441E-11    0.3062128767E-48    0.1540676670E-33    0.9935803386E-50
    0.8520000000E+00    0.4048731538E-22    0.2795653084E-23    0.4260299385E-07    0.2117640089E-11    0.1704052905E-48    0.8573756215E-34    0.5924648826E-50
    0.8520000000E+00    0.4338294005E-22    0.2995596250E-23    0.4359534505E-07   -0.1129298347E-08   -0.9737323894E-46   -0.4899228247E-31   -0.3627598016E-47
    0.8520000000E+00    0.4648565778E-22    0.3209839213E-23    0.4461081109E-07   -0.1753880618E-08   -0.1620432529E-45   -0.8153029419E-31   -0.6468602915E-47
    0.8520000000E+00    0.4981027973E-22    0.3439404683E-23    0.4564993037E-07    0.1555621325E-06    0.1540049967E-43    0.7748593333E-29    0.6587404789E-45
    0.8520000000E+00    0.5337267633E-22    0.3685388516E-23    0.4671325384E-07    0.4842563938E-06    0.5136961224E-43    0.2584605977E-28    0.2354430239E-44
    0.8520000000E+00    0.5718985306E-22    0.3948964943E-23    0.4780134531E-07   -0.1242941465E-04   -0.1412802974E-41   -0.7108363974E-27   -0.6938428860E-43
    0.8520000000E+00    0.6128003161E-22    0.4231392172E-23    0.4891478167E-07   -0.1730715277E-02   -0.2107931778E-39   -0.1060582869E-24   -0.1109266993E-40
    0.8520000000E+00    0.6566273690E-22    0.4534018400E-23    0.5005415331E-07   -0.8823306791E-01   -0.1151495656E-37   -0.5793624724E-23   -0.6492946785E-39
    0.8520000000E+00    0.7035889022E-22    0.4858288246E-23    0.5122006431E-07   -0.6600940875E-01   -0.9230745275E-38   -0.4644348744E-23   -0.5577201122E-39
    0.8520000000E+00    0.7539090917E-22    0.5205749646E-23    0.5241313287E-07    0.8351835454E+01    0.1251448129E-35    0.6296524681E-21    0.8102002870E-37
    0.8520000000E+00    0.8078281461E-22    0.5578061244E-23    0.5363399157E-07    0.5663396329E+03    0.9093014400E-34    0.4575050957E-19    0.6307938032E-35
    0.8520000000E+00    0.8656034539E-22    0.5977000309E-23    0.5488328773E-07    0.1037185888E+04    0.1784380725E-33    0.8977916874E-19    0.1326377245E-34
    0.8520000000E+00    0.9275108115E-22    0.6404471218E-23    0.5616168372E-07   -0.1731257574E+05   -0.3191483550E-32   -0.1605760118E-17   -0.2541980120E-33
    0.8520000000E+00    0.9938457404E-22    0.6862514550E-23    0.5746985739E-07   -0.1039274910E+07   -0.2052869615E-30   -0.1032878942E-15   -0.1752027449E-31
    0.8520000000E+00    0.1064924897E-21    0.7353316823E-23    0.5880850233E-07   -0.4884643559E+08   -0.1033864926E-28   -0.5201778540E-14   -0.9454603954E-30
    0.8520000000E+00    0.1141087586E-21    0.7879220933E-23    0.6017832832E-07   -0.2060836137E+10   -0.4673845854E-27   -0.2351594533E-12   -0.4579878160E-28
    0.8520000000E+00    0.1222697377E-21    0.8442737340E-23    0.6158006166E-07   -0.4756873389E+11   -0.1155985845E-25   -0.5816216618E-11   -0.1213757861E-26
    0.8520000000E+00    0.1310143844E-21    0.9046556049E-23    0.6301444556E-07   -0.5097479765E+11   -0.1327352996E-25   -0.6678431735E-11   -0.1493365018E-26
    0.8520000000E+00    0.1403844422E-21    0.9693559452E-23    0.6448224056E-07    0.9337768894E+12    0.2605397818E-24    0.1310877477E-09    0.3140896202E-25
    0.8520000000E+00    0.1504246400E-21    0.1038683609E-22    0.6598422489E-07    0.3017349944E+14    0.9021039934E-23    0.4538837790E-08    0.1165295702E-23
    0.8520000000E+00    0.1611829057E-21    0.1112969539E-22    0.6752119493E-07    0.7589746780E+15    0.2431410067E-21    0.1223337439E-06    0.3365408210E-22
    0.8520000000E+00    0.1727105951E-21    0.1192568347E-22    0.6909396560E-07    0.1721204697E+17    0.5908312345E-20    0.2972702875E-05    0.8762801740E-21
    0.8520000000E+00    0.1850627369E-21    0.1277860007E-22    0.7070337081E-07    0.1051569687E+18    0.3867844293E-19    0.1946063643E-04    0.6146792064E-20
    0.8520000000E+00    0.1982982953E-21    0.1369251667E-22    0.7235026388E-07    0.4139179400E+17    0.1631342587E-19    0.8207922188E-05    0.2777951846E-20
    0.8520000000E+00    0.2124804516E-21    0.1467179595E-22    0.7403551802E-07   -0.2039777772E+19   -0.8614176753E-18   -0.4334129021E-03   -0.1571785645E-18
    0.8520000000E+00    0.2276769058E-21    0.1572111260E-22    0.7576002677E-07   -0.3627273317E+20   -0.1641387815E-16   -0.8258463655E-02   -0.3209155375E-17
    0.8520000000E+00    0.2439602000E-21    0.1684547565E-22    0.7752470448E-07   -0.5229085143E+21   -0.2535459263E-15   -0.1275688657E+00   -0.5311732266E-16
    0.8520000000E+00    0.2614080640E-21    0.1805025236E-22    0.7933048683E-07   -0.6833796867E+22   -0.3550528387E-14   -0.1786409608E+01   -0.7970260730E-15
    0.8520000000E+00    0.2801037871E-21    0.1934119387E-22    0.8117833125E-07   -0.8220539965E+23   -0.4576476841E-13   -0.2302604376E+02   -0.1100806052E-13
    0.8520000000E+00    0.3001366153E-21    0.2072446262E-22    0.8306921749E-07   -0.8624785275E+24   -0.5144926981E-12   -0.2588613860E+03   -0.1326046504E-12
    0.8520000000E+00    0.3216021775E-21    0.2220666179E-22    0.8500414813E-07   -0.1962238994E+25   -0.1254246292E-11   -0.6310603332E+03   -0.3463876226E-12
    0.8520000000E+00    0.3446029418E-21    0.2379486681E-22    0.8698414910E-07   -0.7211536762E+24   -0.4939224264E-12   -0.2485116783E+03   -0.1461632816E-12
    0.8520000000E+00    0.3692487048E-21    0.2549665916E-22    0.8901027021E-07    0.1748001152E+26    0.1282840429E-10    0.6454471616E+04    0.4067730557E-11
    0.8520000000E+00    0.3956571157E-21    0.2732016250E-22    0.9108358575E-07    0.1802777983E+27    0.1417663537E-09    0.7132819368E+05    0.4816734502E-10
    0.8520000000E+00    0.4239542377E-21    0.2927408154E-22    0.9320519501E-07    0.1428531103E+28    0.1203706552E-08    0.6056318149E+06    0.4382280416E-09
    0.8520000000E+00    0.4542751502E-21    0.3136774352E-22    0.9537622289E-07    0.1015630984E+29    0.9169947839E-08    0.4613759177E+07    0.3577226215E-08
    0.8520000000E+00    0.4867645933E-21    0.3361114274E-22    0.9759782052E-07    0.6663041382E+29    0.6446194933E-07    0.3243332629E+08    0.2694529694E-07
    0.8520000000E+00    0.5215776589E-21    0.3601498832E-22    0.9987116580E-07    0.4063493641E+30    0.4212408770E-06    0.2119427500E+09    0.1886731272E-06
    0.8520000000E+00    0.5588805307E-21    0.3859075526E-22    0.1021974641E-06    0.2310158648E+31    0.2566094995E-05    0.1291102691E+10    0.1231550625E-05
    0.8520000000E+00    0.5988512779E-21    0.4135073927E-22    0.1045779488E-06    0.1226267861E+32    0.1459540901E-04    0.7343520755E+10    0.7505779629E-05
    0.8520000000E+00    0.6416807053E-21    0.4430811541E-22    0.1070138822E-06    0.6083727800E+32    0.7758909716E-04    0.3903810745E+11    0.4275434307E-04
    0.8520000000E+00    0.6875732635E-21    0.4747700104E-22    0.1095065557E-06    0.2822288341E+33    0.3856846066E-03    0.1940530005E+12    0.2277255948E-03
    0.8520000000E+00    0.7367480256E-21    0.5087252317E-22    0.1120572911E-06    0.1224058709E+34    0.1792392723E-02    0.9018228371E+12    0.1133999104E-02
    0.8520000000E+00    0.7894397325E-21    0.5451089068E-22    0.1146674407E-06    0.4958678351E+34    0.7780309298E-02    0.3914577711E+13    0.5274440551E-02
    0.8520000000E+00    0.8458999137E-21    0.5840947171E-22    0.1173383885E-06    0.1752918817E+35    0.2947085441E-01    0.1482793876E+14    0.2140781122E-01
    0.8520000000E+00    0.9063980879E-21    0.6258687655E-22    0.1200715507E-06    0.3854111716E+35    0.6943128819E-01    0.3493359490E+14    0.5404241677E-01
    0.8520000000E+00    0.9712230494E-21    0.6706304648E-22    0.1228683764E-06    0.5844429028E+35    0.1128166015E+00    0.5676244182E+14    0.9409196806E-01
    0.8520000000E+00    0.1040684247E-20    0.7185934897E-22    0.1257303485E-06    0.6799928952E+35    0.1406485629E+00    0.7076578942E+14    0.1256940843E+00
    0.8520000000E+00    0.1115113261E-20    0.7699867968E-22    0.1286589846E-06    0.6811454576E+35    0.1509630942E+00    0.7595543328E+14    0.1445607285E+00
    0.8520000000E+00    0.1194865387E-20    0.8250557175E-22    0.1316558373E-06    0.6523862098E+35    0.1549300626E+00    0.7795137012E+14    0.1589700225E+00
    0.8520000000E+00    0.1280321329E-20    0.8840631292E-22    0.1347224957E-06    0.5331495010E+35    0.1356687835E+00    0.6826026779E+14    0.1491624371E+00
    0.8520000000E+00    0.1371889021E-20    0.9472907100E-22    0.1378605858E-06    0.3517426714E+35    0.9590825329E-01    0.4825519093E+14    0.1129888325E+00
    0.8520000000E+00    0.1470005571E-20    0.1015040283E-21    0.1410717713E-06    0.1930422478E+35    0.5640054359E-01    0.2837731797E+14    0.7119718604E-01
    0.8520000000E+00    0.1575139348E-20    0.1087635259E-21    0.1443577550E-06    0.8884218738E+34    0.2781314927E-01    0.1399388251E+14    0.3762094549E-01
    0.8520000000E+00    0.1687792220E-20    0.1165422177E-21    0.1477202791E-06    0.3407724004E+34    0.1143129250E-01    0.5751530063E+13    0.1656818277E-01
    0.8520000000E+00    0.1808501947E-20    0.1248772362E-21    0.1511611264E-06    0.1056408709E+34    0.3797194970E-02    0.1910517208E+13    0.5897153554E-02
    0.8520000000E+00    0.1937844750E-20    0.1338083694E-21    0.1546821213E-06    0.1716117520E+33    0.6609642177E-03    0.3325569326E+12    0.1099910856E-02
    0.8520000000E+00    0.2076438060E-20    0.1433782510E-21    0.1582851308E-06    0.1035150671E+31    0.4272031949E-05    0.2149426251E+10    0.7617527511E-05
    0.8520000000E+00    0.2224943467E-20    0.1536325639E-21    0.1619720651E-06    0.2515715838E+30    0.1112480758E-05    0.5597325520E+09    0.2125553533E-05
    0.8520000000E+00    0.2384069878E-20    0.1646202581E-21    0.1657448792E-06    0.5888301484E+29    0.2790107663E-06    0.1403812220E+09    0.5712161810E-06
    0.8520000000E+00    0.2554576900E-20    0.1763937846E-21    0.1696055734E-06    0.9049102772E+28    0.4594480837E-07    0.2311662890E+08    0.1007896609E-06
    0.8520000000E+00    0.2737278465E-20    0.1890093455E-21    0.1735561947E-06    0.1634113643E+28    0.8890233744E-08    0.4473024083E+07    0.2089742230E-07
    0.8520000000E+00    0.2933046719E-20    0.2025271626E-21    0.1775988378E-06    0.4006121481E+27    0.2335366459E-08    0.1175014147E+07    0.5882129451E-08
    0.8520000000E+00    0.3142816182E-20    0.2170117645E-21    0.1817356462E-06    0.8843726891E+26    0.5524159967E-09    0.2779420799E+06    0.1490890631E-08
    0.8520000000E+00    0.3367588212E-20    0.2325322952E-21    0.1859688132E-06    0.2104433192E+26    0.1408529889E-09    0.7086864412E+05    0.4073292583E-09
    0.8520000000E+00    0.3608435782E-20    0.2491628434E-21    0.1903005833E-06    0.2776921955E+25    0.1991565517E-10    0.1002034455E+05    0.6171264172E-10
    0.8520000000E+00    0.3866508602E-20    0.2669827968E-21    0.1947332533E-06    0.9072965428E+24    0.6972366056E-11    0.3508069887E+04    0.2315046504E-10
