    0.8890000000E+00    0.4143038610E-23    0.2860772210E-24    0.1992691735E-07    0.0000000000E+00    0.0000000000E+00    0.0000000000E+00    0.0000000000E+00
    0.8890000000E+00    0.4439345853E-23    0.3065372650E-24    0.2039107488E-07    0.0000000000E+00    0.0000000000E+00    0.0000000000E+00    0.0000000000E+00
    0.8890000000E+00    0.4756844785E-23    0.3284605973E-24    0.2086604403E-07    0.0000000000E+00    0.0000000000E+00    0.0000000000E+00    0.0000000000E+00
    0.8890000000E+00    0.5097051019E-23    0.3519518710E-24    0.2135207663E-07    0.0000000000E+00    0.0000000000E+00    0.0000000000E+00    0.0000000000E+00
    0.8890000000E+00    0.5461588566E-23    0.3771232243E-24    0.2184943039E-07    0.0000000000E+00    0.0000000000E+00    0.0000000000E+00    0.0000000000E+00
    0.8890000000E+00    0.5852197586E-23    0.4040948153E-24    0.2235836900E-07    0.0000000000E+00    0.0000000000E+00    0.0000000000E+00    0.0000000000E+00
    0.8890000000E+00    0.6270742692E-23    0.4329953957E-24    0.2287916232E-07    0.0000000000E+00    0.0000000000E+00    0.0000000000E+00    0.0000000000E+00
    0.8890000000E+00    0.6719221852E-23    0.4639629256E-24    0.2341208647E-07    0.0000000000E+00    0.0000000000E+00    0.0000000000E+00    0.0000000000E+00
    0.8890000000E+00    0.7199775931E-23    0.4971452317E-24    0.2395742402E-07    0.0000000000E+00    0.0000000000E+00    0.0000000000E+00    0.0000000000E+00
    0.8890000000E+00    0.7714698903E-23    0.5327007132E-24    0.2451546411E-07    0.0000000000E+00    0.0000000000E+00    0.0000000000E+00    0.0000000000E+00
    0.8890000000E+00    0.8266448809E-23    0.5707990981E-24    0.2508650263E-07    0.0000000000E+00    0.0000000000E+00    0.0000000000E+00    0.0000000000E+00
    0.8890000000E+00    0.8857659485E-23    0.6116222531E-24    0.2567084234E-07    0.0000000000E+00    0.0000000000E+00    0.0000000000E+00    0.0000000000E+00
    0.8890000000E+00    0.9491153137E-23    0.6553650517E-24    0.2626879307E-07    0.0000000000E+00    0.0000000000E+00    0.0000000000E+00    0.0000000000E+00
    0.8890000000E+00    0.1016995382E-22    0.7022363048E-24    0.2688067187E-07    0.0000000000E+00    0.0000000000E+00    0.0000000000E+00    0.0000000000E+00
    0.8890000000E+00    0.1089730185E-22    0.7524597575E-24    0.2750680315E-07    0.0000000000E+00    0.0000000000E+00    0.0000000000E+00    0.0000000000E+00
    0.8890000000E+00    0.1167666930E-22    0.8062751566E-24    0.2814751890E-07    0.0000000000E+00    0.0000000000E+00    0.0000000000E+00    0.0000000000E+00
    0.8890000000E+00    0.1251177658E-22    0.8639393956E-24    0.2880315884E-07    0.0000000000E+00    0.0000000000E+00    0.0000000000E+00    0.0000000000E+00
    0.8890000000E+00    0.1340661015E-22    0.9257277409E-24    0.2947407060E-07    0.0000000000E+00    0.0000000000E+00    0.0000000000E+00    0.0000000000E+00
    0.8890000000E+00    0.1436544159E-22    0.9919351458E-24    0.3016060990E-07    0.0000000000E+00    0.0000000000E+00    0.0000000000E+00    0.0000000000E+00
    0.8890000000E+00    0.1539284799E-22    0.1062877658E-23    0.3086314075E-07    0.0000000000E+00    0.0000000000E+00    0.0000000000E+00    0.0000000000E+00
    0.8890000000E+00    0.1649373379E-22    0.1138893930E-23    0.3158203565E-07    0.0000000000E+00    0.0000000000E+00    0.0000000000E+00    0.0000000000E+00
    0.8890000000E+00    0.1767335417E-22    0.1220346833E-23    0.3231767576E-07    0.0000000000E+00    0.0000000000E+00    0.0000000000E+00    0.0000000000E+00
    0.8890000000E+00    0.1893734018E-22    0.1307625190E-23    0.3307045113E-07    0.0000000000E+00    0.0000000000E+00    0.0000000000E+00    0.0000000000E+00
    0.8890000000E+00    0.2029172559E-22    0.1401145635E-23    0.3384076090E-07    0.0000000000E+00    0.0000000000E+00    0.0000000000E+00    0.0000000000E+00
    0.8890000000E+00    0.2174297571E-22    0.1501354598E-23    0.3462901348E-07    0.0000000000E+00    0.0000000000E+00    0.0000000000E+00    0.0000000000E+00
    0.8890000000E+00    0.2329801823E-22    0.1608730435E-23    0.3543562682E-07    0.0000000000E+00    0.0000000000E+00    0.0000000000E+00    0.0000000000E+00
    0.8890000000E+00    0.2496427630E-22    0.1723785718E-23    0.3626102861E-07    0.0000000000E+00    0.0000000000E+00    0.0000000000E+00    0.0000000000E+00
    0.8890000000E+00    0.2674970400E-22    0.1847069675E-23    0.3710565646E-07    0.0000000000E+00    0.0000000000E+00    0.0000000000E+00    0.0000000000E+00
    0.8890000000E+00    0.2866282424E-22    0.1979170815E-23    0.3796995823E-07    0.0000000000E+00    0.0000000000E+00    0.0000000000E+00    0.0000000000E+00
    0.8890000000E+00    0.3071276952E-22    0.2120719737E-23    0.3885439218E-07   -0.1874585459E-15   -0.1144290172E-52   -0.5757371115E-38   -0.2857024594E-54
    0.8890000000E+00    0.3290932546E-22    0.2272392139E-23    0.3975942724E-07   -0.1382386860E-14   -0.9041917100E-52   -0.4549341908E-37   -0.2419013722E-53
    0.8890000000E+00    0.3526297755E-22    0.2434912046E-23    0.4068554327E-07   -0.6765305332E-14   -0.4741528069E-51   -0.2385648100E-36   -0.1359239970E-52
    0.8890000000E+00    0.3778496121E-22    0.2609055264E-23    0.4163323131E-07    0.3111066478E-13    0.2336362437E-50    0.1175515262E-35    0.7176588192E-52
    0.8890000000E+00    0.4048731538E-22    0.2795653084E-23    0.4260299385E-07    0.7873384101E-12    0.6335667291E-49    0.3187721852E-34    0.2085307830E-50
    0.8890000000E+00    0.4338294005E-22    0.2995596250E-23    0.4359534505E-07   -0.5887955410E-11   -0.5076862909E-48   -0.2554368165E-33   -0.1790495556E-49
    0.8890000000E+00    0.4648565778E-22    0.3209839213E-23    0.4461081109E-07   -0.2873774739E-09   -0.2655116898E-46   -0.1335893090E-31   -0.1003370799E-47
    0.8890000000E+00    0.4981027973E-22    0.3439404683E-23    0.4564993037E-07    0.5107672480E-09    0.5056546030E-46    0.2544145950E-31    0.2047537083E-47
    0.8890000000E+00    0.5337267633E-22    0.3685388516E-23    0.4671325384E-07    0.6243631176E-07    0.6623204495E-44    0.3332393058E-29    0.2873730090E-45
    0.8890000000E+00    0.5718985306E-22    0.3948964943E-23    0.4780134531E-07    0.7787869785E-08    0.8852167139E-45    0.4453871286E-30    0.4115545585E-46
    0.8890000000E+00    0.6128003161E-22    0.4231392172E-23    0.4891478167E-07   -0.1614215559E-04   -0.1966040468E-41   -0.9891918048E-27   -0.9794229223E-43
    0.8890000000E+00    0.6566273690E-22    0.4534018400E-23    0.5005415331E-07   -0.2096966420E-02   -0.2736669801E-39   -0.1376925543E-24   -0.1460831789E-40
    0.8890000000E+00    0.7035889022E-22    0.4858288246E-23    0.5122006431E-07   -0.2740861351E-01   -0.3832816177E-38   -0.1928439629E-23   -0.2192278890E-39
    0.8890000000E+00    0.7539090917E-22    0.5205749646E-23    0.5241313287E-07    0.6572729905E-01    0.9848650139E-38    0.4955240833E-23    0.6036073522E-39
    0.8890000000E+00    0.8078281461E-22    0.5578061244E-23    0.5363399157E-07    0.9825280681E+01    0.1577523690E-35    0.7937138278E-21    0.1035985557E-36
    0.8890000000E+00    0.8656034539E-22    0.5977000309E-23    0.5488328773E-07    0.2514016383E+03    0.4325128624E-34    0.2176141264E-19    0.3043524755E-35
    0.8890000000E+00    0.9275108115E-22    0.6404471218E-23    0.5616168372E-07    0.9455494915E+02    0.1743071449E-34    0.8770073762E-20    0.1314295438E-35
    0.8890000000E+00    0.9938457404E-22    0.6862514550E-23    0.5746985739E-07   -0.2073781570E+05   -0.4096320552E-32   -0.2061018980E-17   -0.3309571329E-33
    0.8890000000E+00    0.1064924897E-21    0.7353316823E-23    0.5880850233E-07   -0.1126571835E+07   -0.2384458748E-30   -0.1199714396E-15   -0.2064275340E-31
    0.8890000000E+00    0.1141087586E-21    0.7879220933E-23    0.6017832832E-07   -0.5274543825E+08   -0.1196233138E-28   -0.6018716481E-14   -0.1109669476E-29
    0.8890000000E+00    0.1222697377E-21    0.8442737340E-23    0.6158006166E-07   -0.2226529118E+10   -0.5410772861E-27   -0.2722371313E-12   -0.5378202052E-28
    0.8890000000E+00    0.1310143844E-21    0.9046556049E-23    0.6301444556E-07   -0.2295030671E+11   -0.5976121489E-26   -0.3006820306E-11   -0.6364982718E-27
    0.8890000000E+00    0.1403844422E-21    0.9693559452E-23    0.6448224056E-07   -0.2869072720E+10   -0.8005205405E-27   -0.4027731733E-12   -0.9135877991E-28
    0.8890000000E+00    0.1504246400E-21    0.1038683609E-22    0.6598422489E-07    0.1081428741E+13    0.3233172167E-24    0.1626735290E-09    0.3953726673E-25
    0.8890000000E+00    0.1611829057E-21    0.1112969539E-22    0.6752119493E-07    0.3174862685E+14    0.1017081770E-22    0.5117335927E-08    0.1332703939E-23
    0.8890000000E+00    0.1727105951E-21    0.1192568347E-22    0.6909396560E-07    0.7945267162E+15    0.2727340923E-21    0.1372231820E-06    0.3829281028E-22
    0.8890000000E+00    0.1850627369E-21    0.1277860007E-22    0.7070337081E-07    0.1797277975E+17    0.6610680625E-20    0.3326091810E-05    0.9945439667E-21
    0.8890000000E+00    0.1982982953E-21    0.1369251667E-22    0.7235026388E-07    0.5489338743E+17    0.2163470389E-19    0.1088526515E-04    0.3487616845E-20
    0.8890000000E+00    0.2124804516E-21    0.1467179595E-22    0.7403551802E-07   -0.4118123093E+17   -0.1739122796E-19   -0.8750206543E-05   -0.3004056238E-20
    0.8890000000E+00    0.2276769058E-21    0.1572111260E-22    0.7576002677E-07   -0.2261143058E+19   -0.1023196307E-17   -0.5148100550E-03   -0.1893811612E-18
    0.8890000000E+00    0.2439602000E-21    0.1684547565E-22    0.7752470448E-07   -0.3785614897E+20   -0.1835554805E-16   -0.9235393673E-02   -0.3640366984E-17
    0.8890000000E+00    0.2614080640E-21    0.1805025236E-22    0.7933048683E-07   -0.5438821954E+21   -0.2825763205E-15   -0.1421751917E+00   -0.6005007814E-16
    0.8890000000E+00    0.2801037871E-21    0.1934119387E-22    0.8117833125E-07   -0.7134555111E+22   -0.3971895566E-14   -0.1998415906E+01   -0.9044314006E-15
    0.8890000000E+00    0.3001366153E-21    0.2072446262E-22    0.8306921749E-07   -0.8628292385E+23   -0.5147019071E-13   -0.2589666473E+02   -0.1255837909E-13
    0.8890000000E+00    0.3216021775E-21    0.2220666179E-22    0.8500414813E-07   -0.7857455353E+24   -0.5022417896E-12   -0.2526974751E+03   -0.1313078399E-12
    0.8890000000E+00    0.3446029418E-21    0.2379486681E-22    0.8698414910E-07   -0.1301525175E+25   -0.8914223052E-12   -0.4485094042E+03   -0.2497245895E-12
    0.8890000000E+00    0.3692487048E-21    0.2549665916E-22    0.8901027021E-07    0.2991949003E+24    0.2195761221E-12    0.1104773294E+03    0.6591176202E-13
    0.8890000000E+00    0.3956571157E-21    0.2732016250E-22    0.9108358575E-07    0.2047104572E+26    0.1609796401E-10    0.8099514905E+04    0.5177841634E-11
    0.8890000000E+00    0.4239542377E-21    0.2927408154E-22    0.9320519501E-07    0.1968437153E+27    0.1658641309E-09    0.8345272726E+05    0.5716501061E-10
    0.8890000000E+00    0.4542751502E-21    0.3136774352E-22    0.9537622289E-07    0.1547292717E+28    0.1397022515E-08    0.7028966315E+06    0.5159186367E-09
    0.8890000000E+00    0.4867645933E-21    0.3361114274E-22    0.9759782052E-07    0.1102354713E+29    0.1066478948E-07    0.5365872435E+07    0.4220171479E-08
    0.8890000000E+00    0.5215776589E-21    0.3601498832E-22    0.9987116580E-07    0.7264267779E+29    0.7530481898E-07    0.3788879782E+08    0.3193012215E-07
    0.8890000000E+00    0.5588805307E-21    0.3859075526E-22    0.1021974641E-06    0.4452892062E+30    0.4946216158E-06    0.2488634678E+09    0.2247247484E-06
    0.8890000000E+00    0.5988512779E-21    0.4135073927E-22    0.1045779488E-06    0.2544933820E+31    0.3029056800E-05    0.1524036871E+10    0.1474637345E-05
    0.8890000000E+00    0.6416807053E-21    0.4430811541E-22    0.1070138822E-06    0.1357868822E+32    0.1731764132E-04    0.8713182231E+10    0.9033718460E-05
    0.8890000000E+00    0.6875732635E-21    0.4747700104E-22    0.1095065557E-06    0.6768636429E+32    0.9249795068E-04    0.4653933439E+11    0.5170230699E-04
    0.8890000000E+00    0.7367480256E-21    0.5087252317E-22    0.1120572911E-06    0.3152624051E+33    0.4616396555E-03    0.2322689545E+12    0.2764909491E-03
    0.8890000000E+00    0.7894397325E-21    0.5451089068E-22    0.1146674407E-06    0.1371354093E+34    0.2151694109E-02    0.1082601408E+13    0.1380887639E-02
    0.8890000000E+00    0.8458999137E-21    0.5840947171E-22    0.1173383885E-06    0.5564193126E+34    0.9354770108E-02    0.4706750485E+13    0.6432961175E-02
    0.8890000000E+00    0.9063980879E-21    0.6258687655E-22    0.1200715507E-06    0.1910653823E+35    0.3442016371E-01    0.1731812972E+14    0.2536242307E-01
    0.8890000000E+00    0.9712230494E-21    0.6706304648E-22    0.1228683764E-06    0.4000783026E+35    0.7722820183E-01    0.3885652691E+14    0.6097527027E-01
    0.8890000000E+00    0.1040684247E-20    0.7185934897E-22    0.1257303485E-06    0.5836412986E+35    0.1207193641E+00    0.6073863054E+14    0.1021303335E+00
    0.8890000000E+00    0.1115113261E-20    0.7699867968E-22    0.1286589846E-06    0.6552512522E+35    0.1452241300E+00    0.7306793608E+14    0.1316487059E+00
    0.8890000000E+00    0.1194865387E-20    0.8250557175E-22    0.1316558373E-06    0.6516908567E+35    0.1547649286E+00    0.7786828478E+14    0.1503316288E+00
    0.8890000000E+00    0.1280321329E-20    0.8840631292E-22    0.1347224957E-06    0.6121059388E+35    0.1557605661E+00    0.7836922893E+14    0.1621195270E+00
    0.8890000000E+00    0.1371889021E-20    0.9472907100E-22    0.1378605858E-06    0.4767353410E+35    0.1299894996E+00    0.6540279805E+14    0.1449726518E+00
    0.8890000000E+00    0.1470005571E-20    0.1015040283E-21    0.1410717713E-06    0.3000350192E+35    0.8766028355E-01    0.4410531497E+14    0.1047564282E+00
    0.8890000000E+00    0.1575139348E-20    0.1087635259E-21    0.1443577550E-06    0.1560882771E+35    0.4886537218E-01    0.2458607871E+14    0.6257185381E-01
    0.8890000000E+00    0.1687792220E-20    0.1165422177E-21    0.1477202791E-06    0.6713939770E+34    0.2252207316E-01    0.1133173531E+14    0.3090197066E-01
    0.8890000000E+00    0.1808501947E-20    0.1248772362E-21    0.1511611264E-06    0.2352588114E+34    0.8456230693E-02    0.4254660184E+13    0.1243239023E-01
    0.8890000000E+00    0.1937844750E-20    0.1338083694E-21    0.1546821213E-06    0.5801136179E+33    0.2234312856E-02    0.1124170129E+13    0.3519830866E-02
    0.8890000000E+00    0.2076438060E-20    0.1433782510E-21    0.1582851308E-06    0.1720848028E+32    0.7101881840E-04    0.3573234340E+11    0.1198812474E-03
    0.8890000000E+00    0.2224943467E-20    0.1536325639E-21    0.1619720651E-06    0.4004263167E+30    0.1770734856E-05    0.8909259174E+09    0.3202811264E-05
    0.8890000000E+00    0.2384069878E-20    0.1646202581E-21    0.1657448792E-06    0.9581050705E+29    0.4539876748E-06    0.2284189439E+09    0.8798768138E-06
    0.8890000000E+00    0.2554576900E-20    0.1763937846E-21    0.1696055734E-06    0.1597188730E+29    0.8109370838E-07    0.4080141434E+08    0.1684088740E-06
    0.8890000000E+00    0.2737278465E-20    0.1890093455E-21    0.1735561947E-06    0.2499204520E+28    0.1359667515E-07    0.6841018712E+07    0.3025593181E-07
    0.8890000000E+00    0.2933046719E-20    0.2025271626E-21    0.1775988378E-06    0.6124456572E+27    0.3570248812E-08    0.1796331725E+07    0.8512875744E-08
    0.8890000000E+00    0.3142816182E-20    0.2170117645E-21    0.1817356462E-06    0.1349059067E+27    0.8426784524E-09    0.4239844666E+06    0.2152978535E-08
    0.8890000000E+00    0.3367588212E-20    0.2325322952E-21    0.1859688132E-06    0.3228667780E+26    0.2160997596E-09    0.1087282356E+06    0.5916053527E-09
    0.8890000000E+00    0.3608435782E-20    0.2491628434E-21    0.1903005833E-06    0.4586107530E+25    0.3289085456E-10    0.1654867451E+05    0.9648348200E-10
    0.8890000000E+00    0.3866508602E-20    0.2669827968E-21    0.1947332533E-06    0.1515161825E+25    0.1164367148E-10    0.5858386230E+04    0.3659887658E-10
