    0.8380000000E+00    0.4143038610E-23    0.2860772210E-24    0.1992691735E-07    0.0000000000E+00    0.0000000000E+00    0.0000000000E+00    0.0000000000E+00
    0.8380000000E+00    0.4439345853E-23    0.3065372650E-24    0.2039107488E-07    0.0000000000E+00    0.0000000000E+00    0.0000000000E+00    0.0000000000E+00
    0.8380000000E+00    0.4756844785E-23    0.3284605973E-24    0.2086604403E-07    0.0000000000E+00    0.0000000000E+00    0.0000000000E+00    0.0000000000E+00
    0.8380000000E+00    0.5097051019E-23    0.3519518710E-24    0.2135207663E-07    0.0000000000E+00    0.0000000000E+00    0.0000000000E+00    0.0000000000E+00
    0.8380000000E+00    0.5461588566E-23    0.3771232243E-24    0.2184943039E-07    0.0000000000E+00    0.0000000000E+00    0.0000000000E+00    0.0000000000E+00
    0.8380000000E+00    0.5852197586E-23    0.4040948153E-24    0.2235836900E-07    0.0000000000E+00    0.0000000000E+00    0.0000000000E+00    0.0000000000E+00
    0.8380000000E+00    0.6270742692E-23    0.4329953957E-24    0.2287916232E-07    0.0000000000E+00    0.0000000000E+00    0.0000000000E+00    0.0000000000E+00
    0.8380000000E+00    0.6719221852E-23    0.4639629256E-24    0.2341208647E-07    0.0000000000E+00    0.0000000000E+00    0.0000000000E+00    0.0000000000E+00
    0.8380000000E+00    0.7199775931E-23    0.4971452317E-24    0.2395742402E-07    0.0000000000E+00    0.0000000000E+00    0.0000000000E+00    0.0000000000E+00
    0.8380000000E+00    0.7714698903E-23    0.5327007132E-24    0.2451546411E-07    0.0000000000E+00    0.0000000000E+00    0.0000000000E+00    0.0000000000E+00
    0.8380000000E+00    0.8266448809E-23    0.5707990981E-24    0.2508650263E-07    0.0000000000E+00    0.0000000000E+00    0.0000000000E+00    0.0000000000E+00
    0.8380000000E+00    0.8857659485E-23    0.6116222531E-24    0.2567084234E-07    0.0000000000E+00    0.0000000000E+00    0.0000000000E+00    0.0000000000E+00
    0.8380000000E+00    0.9491153137E-23    0.6553650517E-24    0.2626879307E-07    0.0000000000E+00    0.0000000000E+00    0.0000000000E+00    0.0000000000E+00
    0.8380000000E+00    0.1016995382E-22    0.7022363048E-24    0.2688067187E-07    0.0000000000E+00    0.0000000000E+00    0.0000000000E+00    0.0000000000E+00
    0.8380000000E+00    0.1089730185E-22    0.7524597575E-24    0.2750680315E-07    0.0000000000E+00    0.0000000000E+00    0.0000000000E+00    0.0000000000E+00
    0.8380000000E+00    0.1167666930E-22    0.8062751566E-24    0.2814751890E-07    0.0000000000E+00    0.0000000000E+00    0.0000000000E+00    0.0000000000E+00
    0.8380000000E+00    0.1251177658E-22    0.8639393956E-24    0.2880315884E-07    0.0000000000E+00    0.0000000000E+00    0.0000000000E+00    0.0000000000E+00
    0.8380000000E+00    0.1340661015E-22    0.9257277409E-24    0.2947407060E-07    0.0000000000E+00    0.0000000000E+00    0.0000000000E+00    0.0000000000E+00
    0.8380000000E+00    0.1436544159E-22    0.9919351458E-24    0.3016060990E-07    0.0000000000E+00    0.0000000000E+00    0.0000000000E+00    0.0000000000E+00
    0.8380000000E+00    0.1539284799E-22    0.1062877658E-23    0.3086314075E-07    0.0000000000E+00    0.0000000000E+00    0.0000000000E+00    0.0000000000E+00
    0.8380000000E+00    0.1649373379E-22    0.1138893930E-23    0.3158203565E-07    0.0000000000E+00    0.0000000000E+00    0.0000000000E+00    0.0000000000E+00
    0.8380000000E+00    0.1767335417E-22    0.1220346833E-23    0.3231767576E-07    0.0000000000E+00    0.0000000000E+00    0.0000000000E+00    0.0000000000E+00
    0.8380000000E+00    0.1893734018E-22    0.1307625190E-23    0.3307045113E-07    0.0000000000E+00    0.0000000000E+00    0.0000000000E+00    0.0000000000E+00
    0.8380000000E+00    0.2029172559E-22    0.1401145635E-23    0.3384076090E-07    0.0000000000E+00    0.0000000000E+00    0.0000000000E+00    0.0000000000E+00
    0.8380000000E+00    0.2174297571E-22    0.1501354598E-23    0.3462901348E-07   -0.1438185923E-15   -0.6215069039E-53   -0.3127044158E-38   -0.1189303085E-54
    0.8380000000E+00    0.2329801823E-22    0.1608730435E-23    0.3543562682E-07   -0.1636080567E-15   -0.7575924016E-53   -0.3811743487E-38   -0.1553396056E-54
    0.8380000000E+00    0.2496427630E-22    0.1723785718E-23    0.3626102861E-07    0.1234830557E-15    0.6126864726E-53    0.3082665120E-38    0.1346123418E-54
    0.8380000000E+00    0.2674970400E-22    0.1847069675E-23    0.3710565646E-07    0.5230768345E-15    0.2780970685E-52    0.1399215049E-37    0.6547009916E-54
    0.8380000000E+00    0.2866282424E-22    0.1979170815E-23    0.3796995823E-07   -0.1562886836E-14   -0.8903452725E-52   -0.4479675069E-37   -0.2245975658E-53
    0.8380000000E+00    0.3071276952E-22    0.2120719737E-23    0.3885439218E-07   -0.4001419230E-13   -0.2442558527E-50   -0.1228946666E-35   -0.6602243942E-52
    0.8380000000E+00    0.3290932546E-22    0.2272392139E-23    0.3975942724E-07   -0.7673207944E-13   -0.5018892477E-50   -0.2525200975E-35   -0.1453632016E-51
    0.8380000000E+00    0.3526297755E-22    0.2434912046E-23    0.4068554327E-07    0.5672202256E-12    0.3975416466E-49    0.2000187408E-34    0.1233755836E-50
    0.8380000000E+00    0.3778496121E-22    0.2609055264E-23    0.4163323131E-07    0.1325702494E-10    0.9955819111E-48    0.5009161731E-33    0.3310728635E-49
    0.8380000000E+00    0.4048731538E-22    0.2795653084E-23    0.4260299385E-07   -0.3808914344E-10   -0.3065011653E-47   -0.1542127163E-32   -0.1092141017E-48
    0.8380000000E+00    0.4338294005E-22    0.2995596250E-23    0.4359534505E-07   -0.3901687221E-08   -0.3364212151E-45   -0.1692666628E-30   -0.1284487739E-46
    0.8380000000E+00    0.4648565778E-22    0.3209839213E-23    0.4461081109E-07    0.4073059808E-09    0.3763151571E-46    0.1893388643E-31    0.1539565956E-47
    0.8380000000E+00    0.4981027973E-22    0.3439404683E-23    0.4564993037E-07    0.7037533607E-06    0.6967089759E-43    0.3505415176E-28    0.3054203663E-44
    0.8380000000E+00    0.5337267633E-22    0.3685388516E-23    0.4671325384E-07    0.5686850430E-06    0.6032574999E-43    0.3035224273E-28    0.2833670297E-44
    0.8380000000E+00    0.5718985306E-22    0.3948964943E-23    0.4780134531E-07   -0.1084368796E-03   -0.1232559620E-40   -0.6201489211E-26   -0.6203753363E-42
    0.8380000000E+00    0.6128003161E-22    0.4231392172E-23    0.4891478167E-07   -0.1352012137E-01   -0.1646688734E-38   -0.8285134652E-24   -0.8880922951E-40
    0.8380000000E+00    0.6566273690E-22    0.4534018400E-23    0.5005415331E-07   -0.2270667348E+00   -0.2963360166E-37   -0.1490982327E-22   -0.1712501761E-38
    0.8380000000E+00    0.7035889022E-22    0.4858288246E-23    0.5122006431E-07    0.2982634567E+00    0.4170911459E-37    0.2098548580E-22    0.2582721385E-38
    0.8380000000E+00    0.7539090917E-22    0.5205749646E-23    0.5241313287E-07    0.5746446740E+02    0.8610538438E-35    0.4332298442E-20    0.5713166720E-36
    0.8380000000E+00    0.8078281461E-22    0.5578061244E-23    0.5363399157E-07    0.1600176175E+04    0.2569204794E-33    0.1292667353E-18    0.1826607816E-34
    0.8380000000E+00    0.8656034539E-22    0.5977000309E-23    0.5488328773E-07    0.8939955020E+03    0.1538035138E-33    0.7738455942E-19    0.1171690330E-34
    0.8380000000E+00    0.9275108115E-22    0.6404471218E-23    0.5616168372E-07   -0.1097337092E+06   -0.2022884019E-31   -0.1017792017E-16   -0.1651268025E-32
    0.8380000000E+00    0.9938457404E-22    0.6862514550E-23    0.5746985739E-07   -0.5741681057E+07   -0.1134148671E-29   -0.5706345261E-15   -0.9920112017E-31
    0.8380000000E+00    0.1064924897E-21    0.7353316823E-23    0.5880850233E-07   -0.2567566892E+09   -0.5434413630E-28   -0.2734265909E-13   -0.5093300252E-29
    0.8380000000E+00    0.1141087586E-21    0.7879220933E-23    0.6017832832E-07   -0.1034972204E+11   -0.2347251419E-26   -0.1180993934E-11   -0.2357253006E-27
    0.8380000000E+00    0.1222697377E-21    0.8442737340E-23    0.6158006166E-07   -0.9685214872E+11   -0.2353640801E-25   -0.1184208682E-10   -0.2532717622E-26
    0.8380000000E+00    0.1310143844E-21    0.9046556049E-23    0.6301444556E-07   -0.5034603113E+10   -0.1310980295E-26   -0.6596054278E-12   -0.1511620426E-27
    0.8380000000E+00    0.1403844422E-21    0.9693559452E-23    0.6448224056E-07    0.4547905033E+13    0.1268943575E-23    0.6384551111E-09    0.1567793643E-24
    0.8380000000E+00    0.1504246400E-21    0.1038683609E-22    0.6598422489E-07    0.1277148911E+15    0.3818321223E-22    0.1921146652E-07    0.5054975434E-23
    0.8380000000E+00    0.1611829057E-21    0.1112969539E-22    0.6752119493E-07    0.3058837361E+16    0.9799125277E-21    0.4930322939E-06    0.1390061125E-21
    0.8380000000E+00    0.1727105951E-21    0.1192568347E-22    0.6909396560E-07    0.6331684315E+17    0.2173452622E-19    0.1093548966E-04    0.3303670806E-20
    0.8380000000E+00    0.1850627369E-21    0.1277860007E-22    0.7070337081E-07    0.1514371857E+18    0.5570105924E-19    0.2802538005E-04    0.9072146233E-20
    0.8380000000E+00    0.1982982953E-21    0.1369251667E-22    0.7235026388E-07   -0.1963830156E+18   -0.7739891071E-19   -0.3894241722E-04   -0.1350770093E-19
    0.8380000000E+00    0.2124804516E-21    0.1467179595E-22    0.7403551802E-07   -0.7551819059E+19   -0.3189205465E-17   -0.1604613924E-02   -0.5963882626E-18
    0.8380000000E+00    0.2276769058E-21    0.1572111260E-22    0.7576002677E-07   -0.1199665347E+21   -0.5428639946E-16   -0.2731360943E-01   -0.1087771375E-16
    0.8380000000E+00    0.2439602000E-21    0.1684547565E-22    0.7752470448E-07   -0.1648940419E+22   -0.7995320683E-15   -0.4022758343E+00   -0.1716652836E-15
    0.8380000000E+00    0.2614080640E-21    0.1805025236E-22    0.7933048683E-07   -0.2070746847E+23   -0.1075865380E-13   -0.5413099242E+01   -0.2475167082E-14
    0.8380000000E+00    0.2801037871E-21    0.1934119387E-22    0.8117833125E-07   -0.2397556461E+24   -0.1334749501E-12   -0.6715646446E+02   -0.3290382262E-13
    0.8380000000E+00    0.3001366153E-21    0.2072446262E-22    0.8306921749E-07   -0.1736492429E+25   -0.1035866571E-11   -0.5211849601E+03   -0.2736216175E-12
    0.8380000000E+00    0.3216021775E-21    0.2220666179E-22    0.8500414813E-07   -0.2221920324E+25   -0.1420232365E-11   -0.7145744144E+03   -0.4019814322E-12
    0.8380000000E+00    0.3446029418E-21    0.2379486681E-22    0.8698414910E-07    0.2054114634E+25    0.1406875286E-11    0.7078539459E+03    0.4266799038E-12
    0.8380000000E+00    0.3692487048E-21    0.2549665916E-22    0.8901027021E-07    0.5017823066E+26    0.3682529779E-10    0.1852824668E+05    0.1196720844E-10
    0.8380000000E+00    0.3956571157E-21    0.2732016250E-22    0.9108358575E-07    0.4483312425E+27    0.3525574758E-09    0.1773854462E+06    0.1227655506E-09
    0.8380000000E+00    0.4239542377E-21    0.2927408154E-22    0.9320519501E-07    0.3366364459E+28    0.2836560539E-08    0.1427184478E+07    0.1058372739E-08
    0.8380000000E+00    0.4542751502E-21    0.3136774352E-22    0.9537622289E-07    0.2301647298E+29    0.2078115576E-07    0.1045581172E+08    0.8308378734E-08
    0.8380000000E+00    0.4867645933E-21    0.3361114274E-22    0.9759782052E-07    0.1457407162E+30    0.1409976334E-06    0.7094142045E+08    0.6040298640E-07
    0.8380000000E+00    0.5215776589E-21    0.3601498832E-22    0.9987116580E-07    0.8589725913E+30    0.8904514187E-06    0.4480209132E+09    0.4087491082E-06
    0.8380000000E+00    0.5588805307E-21    0.3859075526E-22    0.1021974641E-06    0.4722984791E+31    0.5246231744E-05    0.2639584246E+10    0.2580441744E-05
    0.8380000000E+00    0.5988512779E-21    0.4135073927E-22    0.1045779488E-06    0.2426092178E+32    0.2887607902E-04    0.1452868401E+11    0.1521895418E-04
    0.8380000000E+00    0.6416807053E-21    0.4430811541E-22    0.1070138822E-06    0.1165329210E+33    0.1486207870E-03    0.7477692696E+11    0.8393172414E-04
    0.8380000000E+00    0.6875732635E-21    0.4747700104E-22    0.1095065557E-06    0.5235921913E+33    0.7155238015E-03    0.3600079917E+12    0.4329828282E-03
    0.8380000000E+00    0.7367480256E-21    0.5087252317E-22    0.1120572911E-06    0.2199821001E+34    0.3221204282E-02    0.1620713779E+13    0.2088646082E-02
    0.8380000000E+00    0.7894397325E-21    0.5451089068E-22    0.1146674407E-06    0.8632352276E+34    0.1354440960E-01    0.6814721872E+13    0.9410369294E-02
    0.8380000000E+00    0.8458999137E-21    0.5840947171E-22    0.1173383885E-06    0.2572989889E+35    0.4325825571E-01    0.2176491925E+14    0.3220442812E-01
    0.8380000000E+00    0.9063980879E-21    0.6258687655E-22    0.1200715507E-06    0.4771884089E+35    0.8596483022E-01    0.4325226613E+14    0.6857524971E-01
    0.8380000000E+00    0.9712230494E-21    0.6706304648E-22    0.1228683764E-06    0.6486653274E+35    0.1252136307E+00    0.6299987173E+14    0.1070281938E+00
    0.8380000000E+00    0.1040684247E-20    0.7185934897E-22    0.1257303485E-06    0.6971777961E+35    0.1442030583E+00    0.7255419498E+14    0.1320751337E+00
    0.8380000000E+00    0.1115113261E-20    0.7699867968E-22    0.1286589846E-06    0.6892132118E+35    0.1527511603E+00    0.7685507924E+14    0.1499101732E+00
    0.8380000000E+00    0.1194865387E-20    0.8250557175E-22    0.1316558373E-06    0.6348479612E+35    0.1507650420E+00    0.7585578549E+14    0.1585430618E+00
    0.8380000000E+00    0.1280321329E-20    0.8840631292E-22    0.1347224957E-06    0.4786196997E+35    0.1217927660E+00    0.6127870102E+14    0.1372360096E+00
    0.8380000000E+00    0.1371889021E-20    0.9472907100E-22    0.1378605858E-06    0.2967166801E+35    0.8090453853E-01    0.4070623559E+14    0.9768310886E-01
    0.8380000000E+00    0.1470005571E-20    0.1015040283E-21    0.1410717713E-06    0.1542383481E+35    0.4506333083E-01    0.2267312310E+14    0.5830017752E-01
    0.8380000000E+00    0.1575139348E-20    0.1087635259E-21    0.1443577550E-06    0.6759298876E+34    0.2116082395E-01    0.1064683763E+14    0.2933453187E-01
    0.8380000000E+00    0.1687792220E-20    0.1165422177E-21    0.1477202791E-06    0.2476715004E+34    0.8308200316E-02    0.4180180316E+13    0.1234109078E-01
    0.8380000000E+00    0.1808501947E-20    0.1248772362E-21    0.1511611264E-06    0.7242073545E+33    0.2603117997E-02    0.1309730411E+13    0.4143243357E-02
    0.8380000000E+00    0.1937844750E-20    0.1338083694E-21    0.1546821213E-06    0.8870968932E+32    0.3416661722E-03    0.1719056057E+12    0.5827047658E-03
    0.8380000000E+00    0.2076438060E-20    0.1433782510E-21    0.1582851308E-06    0.8401736499E+30    0.3467368350E-05    0.1744568544E+10    0.6336458117E-05
    0.8380000000E+00    0.2224943467E-20    0.1536325639E-21    0.1619720651E-06    0.2046569418E+30    0.9050183899E-06    0.4553501258E+09    0.1772164335E-05
    0.8380000000E+00    0.2384069878E-20    0.1646202581E-21    0.1657448792E-06    0.4729649515E+29    0.2241093020E-06    0.1127581494E+09    0.4702258183E-06
    0.8380000000E+00    0.2554576900E-20    0.1763937846E-21    0.1696055734E-06    0.7155785799E+28    0.3633191219E-07    0.1828000510E+08    0.8168359508E-07
    0.8380000000E+00    0.2737278465E-20    0.1890093455E-21    0.1735561947E-06    0.1354666625E+28    0.7369929866E-08    0.3708099779E+07    0.1775456119E-07
    0.8380000000E+00    0.2933046719E-20    0.2025271626E-21    0.1775988378E-06    0.3321837645E+27    0.1936463549E-08    0.9743105005E+06    0.4998686662E-08
    0.8380000000E+00    0.3142816182E-20    0.2170117645E-21    0.1817356462E-06    0.7337234702E+26    0.4583142233E-09    0.2305957996E+06    0.1267680831E-08
    0.8380000000E+00    0.3367588212E-20    0.2325322952E-21    0.1859688132E-06    0.1739542882E+26    0.1164303125E-09    0.5858064105E+05    0.3450743281E-09
    0.8380000000E+00    0.3608435782E-20    0.2491628434E-21    0.1903005833E-06    0.2208615318E+25    0.1583984778E-10    0.7969646540E+04    0.5030342916E-10
    0.8380000000E+00    0.3866508602E-20    0.2669827968E-21    0.1947332533E-06    0.7224394543E+24    0.5551781684E-11    0.2793318364E+04    0.1889204484E-10
