    0.8020000000E+00    0.4143038610E-23    0.2860772210E-24    0.1992691735E-07    0.0000000000E+00    0.0000000000E+00    0.0000000000E+00    0.0000000000E+00
    0.8020000000E+00    0.4439345853E-23    0.3065372650E-24    0.2039107488E-07    0.0000000000E+00    0.0000000000E+00    0.0000000000E+00    0.0000000000E+00
    0.8020000000E+00    0.4756844785E-23    0.3284605973E-24    0.2086604403E-07    0.0000000000E+00    0.0000000000E+00    0.0000000000E+00    0.0000000000E+00
    0.8020000000E+00    0.5097051019E-23    0.3519518710E-24    0.2135207663E-07    0.0000000000E+00    0.0000000000E+00    0.0000000000E+00    0.0000000000E+00
    0.8020000000E+00    0.5461588566E-23    0.3771232243E-24    0.2184943039E-07    0.0000000000E+00    0.0000000000E+00    0.0000000000E+00    0.0000000000E+00
    0.8020000000E+00    0.5852197586E-23    0.4040948153E-24    0.2235836900E-07    0.0000000000E+00    0.0000000000E+00    0.0000000000E+00    0.0000000000E+00
    0.8020000000E+00    0.6270742692E-23    0.4329953957E-24    0.2287916232E-07    0.0000000000E+00    0.0000000000E+00    0.0000000000E+00    0.0000000000E+00
    0.8020000000E+00    0.6719221852E-23    0.4639629256E-24    0.2341208647E-07    0.0000000000E+00    0.0000000000E+00    0.0000000000E+00    0.0000000000E+00
    0.8020000000E+00    0.7199775931E-23    0.4971452317E-24    0.2395742402E-07    0.0000000000E+00    0.0000000000E+00    0.0000000000E+00    0.0000000000E+00
    0.8020000000E+00    0.7714698903E-23    0.5327007132E-24    0.2451546411E-07    0.0000000000E+00    0.0000000000E+00    0.0000000000E+00    0.0000000000E+00
    0.8020000000E+00    0.8266448809E-23    0.5707990981E-24    0.2508650263E-07    0.0000000000E+00    0.0000000000E+00    0.0000000000E+00    0.0000000000E+00
    0.8020000000E+00    0.8857659485E-23    0.6116222531E-24    0.2567084234E-07    0.0000000000E+00    0.0000000000E+00    0.0000000000E+00    0.0000000000E+00
    0.8020000000E+00    0.9491153137E-23    0.6553650517E-24    0.2626879307E-07    0.0000000000E+00    0.0000000000E+00    0.0000000000E+00    0.0000000000E+00
    0.8020000000E+00    0.1016995382E-22    0.7022363048E-24    0.2688067187E-07    0.0000000000E+00    0.0000000000E+00    0.0000000000E+00    0.0000000000E+00
    0.8020000000E+00    0.1089730185E-22    0.7524597575E-24    0.2750680315E-07    0.0000000000E+00    0.0000000000E+00    0.0000000000E+00    0.0000000000E+00
    0.8020000000E+00    0.1167666930E-22    0.8062751566E-24    0.2814751890E-07    0.0000000000E+00    0.0000000000E+00    0.0000000000E+00    0.0000000000E+00
    0.8020000000E+00    0.1251177658E-22    0.8639393956E-24    0.2880315884E-07    0.0000000000E+00    0.0000000000E+00    0.0000000000E+00    0.0000000000E+00
    0.8020000000E+00    0.1340661015E-22    0.9257277409E-24    0.2947407060E-07    0.0000000000E+00    0.0000000000E+00    0.0000000000E+00    0.0000000000E+00
    0.8020000000E+00    0.1436544159E-22    0.9919351458E-24    0.3016060990E-07    0.0000000000E+00    0.0000000000E+00    0.0000000000E+00    0.0000000000E+00
    0.8020000000E+00    0.1539284799E-22    0.1062877658E-23    0.3086314075E-07   -0.1825747216E-15   -0.5585622374E-53   -0.2810344938E-38   -0.8162674785E-55
    0.8020000000E+00    0.1649373379E-22    0.1138893930E-23    0.3158203565E-07   -0.2918275619E-15   -0.9566591522E-53   -0.4813326118E-38   -0.1498021869E-54
    0.8020000000E+00    0.1767335417E-22    0.1220346833E-23    0.3231767576E-07   -0.3993558465E-15   -0.1402784539E-52   -0.7057957314E-38   -0.2353704260E-54
    0.8020000000E+00    0.1893734018E-22    0.1307625190E-23    0.3307045113E-07   -0.4483952648E-15   -0.1687687142E-52   -0.8491413665E-38   -0.3034260506E-54
    0.8020000000E+00    0.2029172559E-22    0.1401145635E-23    0.3384076090E-07    0.1337912103E-15    0.5395833081E-53    0.2714854526E-38    0.1039487878E-54
    0.8020000000E+00    0.2174297571E-22    0.1501354598E-23    0.3462901348E-07    0.4785036882E-14    0.2067836579E-51    0.1040409407E-36    0.4268518187E-53
    0.8020000000E+00    0.2329801823E-22    0.1608730435E-23    0.3543562682E-07    0.5200362698E-14    0.2408044777E-51    0.1211581449E-36    0.5326298245E-53
    0.8020000000E+00    0.2496427630E-22    0.1723785718E-23    0.3626102861E-07   -0.2419237569E-13   -0.1200354271E-50   -0.6039451513E-36   -0.2844922008E-52
    0.8020000000E+00    0.2674970400E-22    0.1847069675E-23    0.3710565646E-07   -0.2606057546E-12   -0.1385526783E-49   -0.6971126796E-35   -0.3518648204E-51
    0.8020000000E+00    0.2866282424E-22    0.1979170815E-23    0.3796995823E-07   -0.3523423149E-12   -0.2007223474E-49   -0.1009912585E-34   -0.5462062308E-51
    0.8020000000E+00    0.3071276952E-22    0.2120719737E-23    0.3885439218E-07    0.5335856101E-12    0.3257129551E-49    0.1638789186E-34    0.9497208127E-51
    0.8020000000E+00    0.3290932546E-22    0.2272392139E-23    0.3975942724E-07    0.2157488733E-10    0.1411170406E-47    0.7100149889E-33    0.4409002885E-49
    0.8020000000E+00    0.3526297755E-22    0.2434912046E-23    0.4068554327E-07    0.1536918651E-09    0.1077163936E-46    0.5419632787E-32    0.3606141198E-48
    0.8020000000E+00    0.3778496121E-22    0.2609055264E-23    0.4163323131E-07   -0.2564123038E-09   -0.1925616438E-46   -0.9688528954E-32   -0.6907656092E-48
    0.8020000000E+00    0.4048731538E-22    0.2795653084E-23    0.4260299385E-07   -0.4291031147E-07   -0.3452968296E-44   -0.1737323314E-29   -0.1327252383E-45
    0.8020000000E+00    0.4338294005E-22    0.2995596250E-23    0.4359534505E-07   -0.3782070335E-07   -0.3261073032E-44   -0.1640773306E-29   -0.1343140510E-45
    0.8020000000E+00    0.4648565778E-22    0.3209839213E-23    0.4461081109E-07    0.6021590815E-05    0.5563424061E-42    0.2799176099E-27    0.2455291652E-43
    0.8020000000E+00    0.4981027973E-22    0.3439404683E-23    0.4564993037E-07    0.9551796509E-05    0.9456185555E-42    0.4757776560E-27    0.4471743747E-43
    0.8020000000E+00    0.5337267633E-22    0.3685388516E-23    0.4671325384E-07   -0.5377429161E-03   -0.5704342872E-40   -0.2870077861E-25   -0.2890457211E-41
    0.8020000000E+00    0.5718985306E-22    0.3948964943E-23    0.4780134531E-07   -0.6576104697E-01   -0.7474801134E-38   -0.3760864613E-23   -0.4058453418E-39
    0.8020000000E+00    0.6128003161E-22    0.4231392172E-23    0.4891478167E-07   -0.1594400615E+01   -0.1941906776E-36   -0.9770492008E-22   -0.1129768079E-37
    0.8020000000E+00    0.6566273690E-22    0.4534018400E-23    0.5005415331E-07    0.4193396830E+00    0.5472640076E-37    0.2753499128E-22    0.3411597671E-38
    0.8020000000E+00    0.7035889022E-22    0.4858288246E-23    0.5122006431E-07    0.2577643843E+03    0.3604573071E-34    0.1813601602E-19    0.2407768656E-35
    0.8020000000E+00    0.7539090917E-22    0.5205749646E-23    0.5241313287E-07    0.8792025554E+04    0.1317406693E-32    0.6628388000E-18    0.9429328985E-34
    0.8020000000E+00    0.8078281461E-22    0.5578061244E-23    0.5363399157E-07    0.7362186135E+04    0.1182055089E-32    0.5947381177E-18    0.9065643567E-34
    0.8020000000E+00    0.8656034539E-22    0.5977000309E-23    0.5488328773E-07   -0.4518789885E+06   -0.7774152790E-31   -0.3911480132E-16   -0.6388722059E-32
    0.8020000000E+00    0.9275108115E-22    0.6404471218E-23    0.5616168372E-07   -0.2314528843E+08   -0.4266713885E-29   -0.2146750526E-14   -0.3757114615E-30
    0.8020000000E+00    0.9938457404E-22    0.6862514550E-23    0.5746985739E-07   -0.9956567039E+09   -0.1966710997E-27   -0.9895291741E-13   -0.1855673086E-28
    0.8020000000E+00    0.1064924897E-21    0.7353316823E-23    0.5880850233E-07   -0.3858014904E+11   -0.8165726410E-26   -0.4108496125E-11   -0.8255735067E-27
    0.8020000000E+00    0.1141087586E-21    0.7879220933E-23    0.6017832832E-07   -0.3661873220E+12   -0.8304896571E-25   -0.4178518073E-10   -0.8996946767E-26
    0.8020000000E+00    0.1222697377E-21    0.8442737340E-23    0.6158006166E-07   -0.5387777116E+11   -0.1309304152E-25   -0.6587620950E-11   -0.1519852590E-26
    0.8020000000E+00    0.1310143844E-21    0.9046556049E-23    0.6301444556E-07    0.1549979061E+14    0.4036052019E-23    0.2030695525E-08    0.5020161373E-24
    0.8020000000E+00    0.1403844422E-21    0.9693559452E-23    0.6448224056E-07    0.4219336979E+15    0.1177267448E-21    0.5923292681E-07    0.1569047382E-22
    0.8020000000E+00    0.1504246400E-21    0.1038683609E-22    0.6598422489E-07    0.9736553341E+16    0.2910959555E-20    0.1464617531E-05    0.4157163391E-21
    0.8020000000E+00    0.1611829057E-21    0.1112969539E-22    0.6752119493E-07    0.1860941175E+18    0.5961610101E-19    0.2999519059E-04    0.9122723074E-20
    0.8020000000E+00    0.1727105951E-21    0.1192568347E-22    0.6909396560E-07    0.3925387653E+18    0.1347452536E-18    0.6779560377E-04    0.2209400250E-19
    0.8020000000E+00    0.1850627369E-21    0.1277860007E-22    0.7070337081E-07   -0.6346443962E+18   -0.2334325281E-18   -0.1174490289E-03   -0.4101307161E-19
    0.8020000000E+00    0.1982982953E-21    0.1369251667E-22    0.7235026388E-07   -0.2118795975E+20   -0.8350645800E-17   -0.4201536298E-02   -0.1572102962E-17
    0.8020000000E+00    0.2124804516E-21    0.1467179595E-22    0.7403551802E-07   -0.3231813817E+21   -0.1364825906E-15   -0.6866972591E-01   -0.2753202657E-16
    0.8020000000E+00    0.2276769058E-21    0.1572111260E-22    0.7576002677E-07   -0.4276378690E+22   -0.1935116342E-14   -0.9736326682E+00   -0.4182808706E-15
    0.8020000000E+00    0.2439602000E-21    0.1684547565E-22    0.7752470448E-07   -0.5169297203E+23   -0.2506469510E-13   -0.1261102779E+02   -0.5805282370E-14
    0.8020000000E+00    0.2614080640E-21    0.1805025236E-22    0.7933048683E-07   -0.5759969281E+24   -0.2992616673E-12   -0.1505702418E+03   -0.7426975887E-13
    0.8020000000E+00    0.2801037871E-21    0.1934119387E-22    0.8117833125E-07   -0.3366851463E+25   -0.1874368084E-11   -0.9430678453E+03   -0.4984433468E-12
    0.8020000000E+00    0.3001366153E-21    0.2072446262E-22    0.8306921749E-07   -0.3627517473E+25   -0.2163916193E-11   -0.1088750816E+04   -0.6165969322E-12
    0.8020000000E+00    0.3216021775E-21    0.2220666179E-22    0.8500414813E-07    0.6051576970E+25    0.3868115963E-11    0.1946200331E+04    0.1181028582E-11
    0.8020000000E+00    0.3446029418E-21    0.2379486681E-22    0.8698414910E-07    0.1065194548E+27    0.7295580582E-10    0.3670691748E+05    0.2386826118E-10
    0.8020000000E+00    0.3692487048E-21    0.2549665916E-22    0.8901027021E-07    0.9010365778E+27    0.6612616639E-09    0.3327065894E+06    0.2318111216E-09
    0.8020000000E+00    0.3956571157E-21    0.2732016250E-22    0.9108358575E-07    0.6506892206E+28    0.5116871800E-08    0.2574498202E+07    0.1922053442E-08
    0.8020000000E+00    0.4239542377E-21    0.2927408154E-22    0.9320519501E-07    0.4290716524E+29    0.3615436571E-07    0.1819067453E+08    0.1455196594E-07
    0.8020000000E+00    0.4542751502E-21    0.3136774352E-22    0.9537622289E-07    0.2622439522E+30    0.2367753053E-06    0.1191309108E+09    0.1021168308E-06
    0.8020000000E+00    0.4867645933E-21    0.3361114274E-22    0.9759782052E-07    0.1492579969E+31    0.1444004454E-05    0.7265350816E+09    0.6673128004E-06
    0.8020000000E+00    0.5215776589E-21    0.3601498832E-22    0.9987116580E-07    0.7928750470E+31    0.8219315931E-05    0.4135459108E+10    0.4070020501E-05
    0.8020000000E+00    0.5588805307E-21    0.3859075526E-22    0.1021974641E-06    0.3937100995E+32    0.4373281967E-04    0.2200369093E+11    0.2320429628E-04
    0.8020000000E+00    0.5988512779E-21    0.4135073927E-22    0.1045779488E-06    0.1829538095E+33    0.2177571284E-03    0.1095621226E+12    0.1238036086E-03
    0.8020000000E+00    0.6416807053E-21    0.4430811541E-22    0.1070138822E-06    0.7960849057E+33    0.1015290479E-02    0.5108323238E+12    0.6185164237E-03
    0.8020000000E+00    0.6875732635E-21    0.4747700104E-22    0.1095065557E-06    0.3243192227E+34    0.4432039418E-02    0.2229932263E+13    0.2893107273E-02
    0.8020000000E+00    0.7367480256E-21    0.5087252317E-22    0.1120572911E-06    0.1225810576E+35    0.1794957987E-01    0.9031135217E+13    0.1255495645E-01
    0.8020000000E+00    0.7894397325E-21    0.5451089068E-22    0.1146674407E-06    0.3181437573E+35    0.4991767277E-01    0.2511553227E+14    0.3741237273E-01
    0.8020000000E+00    0.8458999137E-21    0.5840947171E-22    0.1173383885E-06    0.5443259381E+35    0.9151450894E-01    0.4604452641E+14    0.7349382931E-01
    0.8020000000E+00    0.9063980879E-21    0.6258687655E-22    0.1200715507E-06    0.7047931543E+35    0.1269675095E+00    0.6388231674E+14    0.1092580698E+00
    0.8020000000E+00    0.9712230494E-21    0.6706304648E-22    0.1228683764E-06    0.7377362831E+35    0.1424072393E+00    0.7165064825E+14    0.1313085453E+00
    0.8020000000E+00    0.1040684247E-20    0.7185934897E-22    0.1257303485E-06    0.7268915591E+35    0.1503490020E+00    0.7564645949E+14    0.1485461746E+00
    0.8020000000E+00    0.1115113261E-20    0.7699867968E-22    0.1286589846E-06    0.6592223063E+35    0.1461042396E+00    0.7351075360E+14    0.1546762879E+00
    0.8020000000E+00    0.1194865387E-20    0.8250557175E-22    0.1316558373E-06    0.4884848332E+35    0.1160064156E+00    0.5836736193E+14    0.1315960733E+00
    0.8020000000E+00    0.1280321329E-20    0.8840631292E-22    0.1347224957E-06    0.3016176940E+35    0.7675165327E-01    0.3861675670E+14    0.9329291474E-01
    0.8020000000E+00    0.1371889021E-20    0.9472907100E-22    0.1378605858E-06    0.1582779131E+35    0.4315699917E-01    0.2171397313E+14    0.5620981579E-01
    0.8020000000E+00    0.1470005571E-20    0.1015040283E-21    0.1410717713E-06    0.7130742454E+34    0.2083366492E-01    0.1048223113E+14    0.2907546022E-01
    0.8020000000E+00    0.1575139348E-20    0.1087635259E-21    0.1443577550E-06    0.2749409295E+34    0.8607366994E-02    0.4330702765E+13    0.1287156171E-01
    0.8020000000E+00    0.1687792220E-20    0.1165422177E-21    0.1477202791E-06    0.8881874774E+33    0.2979446350E-02    0.1499075914E+13    0.4774154752E-02
    0.8020000000E+00    0.1808501947E-20    0.1248772362E-21    0.1511611264E-06    0.1995873604E+33    0.7174042720E-03    0.3609541300E+12    0.1231756553E-02
    0.8020000000E+00    0.1937844750E-20    0.1338083694E-21    0.1546821213E-06    0.4172919693E+31    0.1607203801E-04    0.8086470519E+10    0.2956867566E-04
    0.8020000000E+00    0.2076438060E-20    0.1433782510E-21    0.1582851308E-06    0.4465841309E+30    0.1843037664E-05    0.9273042864E+09    0.3633248754E-05
    0.8020000000E+00    0.2224943467E-20    0.1536325639E-21    0.1619720651E-06    0.1089237381E+30    0.4816742847E-06    0.2423491595E+09    0.1017453064E-05
    0.8020000000E+00    0.2384069878E-20    0.1646202581E-21    0.1657448792E-06    0.2405102166E+29    0.1139631522E-06    0.5733931628E+08    0.2579439678E-06
    0.8020000000E+00    0.2554576900E-20    0.1763937846E-21    0.1696055734E-06    0.3797480683E+28    0.1928086426E-07    0.9700956429E+07    0.4676139083E-07
    0.8020000000E+00    0.2737278465E-20    0.1890093455E-21    0.1735561947E-06    0.7674132023E+27    0.4175035670E-08    0.2100623632E+07    0.1084978452E-07
    0.8020000000E+00    0.2933046719E-20    0.2025271626E-21    0.1775988378E-06    0.1883518536E+27    0.1097996163E-08    0.5524447861E+06    0.3057466767E-08
    0.8020000000E+00    0.3142816182E-20    0.2170117645E-21    0.1817356462E-06    0.4154123990E+26    0.2594838774E-09    0.1305564810E+06    0.7742323286E-09
    0.8020000000E+00    0.3367588212E-20    0.2325322952E-21    0.1859688132E-06    0.9696832065E+25    0.6490240621E-10    0.3265493736E+05    0.2075017296E-09
    0.8020000000E+00    0.3608435782E-20    0.2491628434E-21    0.1903005833E-06    0.1081816326E+25    0.7758619527E-11    0.3903664740E+04    0.2657941254E-10
    0.8020000000E+00    0.3866508602E-20    0.2669827968E-21    0.1947332533E-06    0.3682050649E+24    0.2829571562E-11    0.1423668050E+04    0.1038679607E-10
