    0.8160000000E+00    0.4143038610E-23    0.2860772210E-24    0.1992691735E-07    0.0000000000E+00    0.0000000000E+00    0.0000000000E+00    0.0000000000E+00
    0.8160000000E+00    0.4439345853E-23    0.3065372650E-24    0.2039107488E-07    0.0000000000E+00    0.0000000000E+00    0.0000000000E+00    0.0000000000E+00
    0.8160000000E+00    0.4756844785E-23    0.3284605973E-24    0.2086604403E-07    0.0000000000E+00    0.0000000000E+00    0.0000000000E+00    0.0000000000E+00
    0.8160000000E+00    0.5097051019E-23    0.3519518710E-24    0.2135207663E-07    0.0000000000E+00    0.0000000000E+00    0.0000000000E+00    0.0000000000E+00
    0.8160000000E+00    0.5461588566E-23    0.3771232243E-24    0.2184943039E-07    0.0000000000E+00    0.0000000000E+00    0.0000000000E+00    0.0000000000E+00
    0.8160000000E+00    0.5852197586E-23    0.4040948153E-24    0.2235836900E-07    0.0000000000E+00    0.0000000000E+00    0.0000000000E+00    0.0000000000E+00
    0.8160000000E+00    0.6270742692E-23    0.4329953957E-24    0.2287916232E-07    0.0000000000E+00    0.0000000000E+00    0.0000000000E+00    0.0000000000E+00
    0.8160000000E+00    0.6719221852E-23    0.4639629256E-24    0.2341208647E-07    0.0000000000E+00    0.0000000000E+00    0.0000000000E+00    0.0000000000E+00
    0.8160000000E+00    0.7199775931E-23    0.4971452317E-24    0.2395742402E-07    0.0000000000E+00    0.0000000000E+00    0.0000000000E+00    0.0000000000E+00
    0.8160000000E+00    0.7714698903E-23    0.5327007132E-24    0.2451546411E-07    0.0000000000E+00    0.0000000000E+00    0.0000000000E+00    0.0000000000E+00
    0.8160000000E+00    0.8266448809E-23    0.5707990981E-24    0.2508650263E-07    0.0000000000E+00    0.0000000000E+00    0.0000000000E+00    0.0000000000E+00
    0.8160000000E+00    0.8857659485E-23    0.6116222531E-24    0.2567084234E-07    0.0000000000E+00    0.0000000000E+00    0.0000000000E+00    0.0000000000E+00
    0.8160000000E+00    0.9491153137E-23    0.6553650517E-24    0.2626879307E-07    0.0000000000E+00    0.0000000000E+00    0.0000000000E+00    0.0000000000E+00
    0.8160000000E+00    0.1016995382E-22    0.7022363048E-24    0.2688067187E-07    0.0000000000E+00    0.0000000000E+00    0.0000000000E+00    0.0000000000E+00
    0.8160000000E+00    0.1089730185E-22    0.7524597575E-24    0.2750680315E-07    0.0000000000E+00    0.0000000000E+00    0.0000000000E+00    0.0000000000E+00
    0.8160000000E+00    0.1167666930E-22    0.8062751566E-24    0.2814751890E-07    0.0000000000E+00    0.0000000000E+00    0.0000000000E+00    0.0000000000E+00
    0.8160000000E+00    0.1251177658E-22    0.8639393956E-24    0.2880315884E-07    0.0000000000E+00    0.0000000000E+00    0.0000000000E+00    0.0000000000E+00
    0.8160000000E+00    0.1340661015E-22    0.9257277409E-24    0.2947407060E-07    0.0000000000E+00    0.0000000000E+00    0.0000000000E+00    0.0000000000E+00
    0.8160000000E+00    0.1436544159E-22    0.9919351458E-24    0.3016060990E-07    0.0000000000E+00    0.0000000000E+00    0.0000000000E+00    0.0000000000E+00
    0.8160000000E+00    0.1539284799E-22    0.1062877658E-23    0.3086314075E-07    0.0000000000E+00    0.0000000000E+00    0.0000000000E+00    0.0000000000E+00
    0.8160000000E+00    0.1649373379E-22    0.1138893930E-23    0.3158203565E-07    0.0000000000E+00    0.0000000000E+00    0.0000000000E+00    0.0000000000E+00
    0.8160000000E+00    0.1767335417E-22    0.1220346833E-23    0.3231767576E-07   -0.1521271242E-15   -0.5343644764E-53   -0.2688596544E-38   -0.8684291431E-55
    0.8160000000E+00    0.1893734018E-22    0.1307625190E-23    0.3307045113E-07   -0.2577430242E-15   -0.9701029917E-53   -0.4880967329E-38   -0.1689330620E-54
    0.8160000000E+00    0.2029172559E-22    0.1401145635E-23    0.3384076090E-07   -0.3250833673E-15   -0.1311069377E-52   -0.6596502484E-38   -0.2446371922E-54
    0.8160000000E+00    0.2174297571E-22    0.1501354598E-23    0.3462901348E-07    0.0000000000E+00    0.0000000000E+00    0.0000000000E+00    0.0000000000E+00
    0.8160000000E+00    0.2329801823E-22    0.1608730435E-23    0.3543562682E-07    0.1811788652E-14    0.8389545990E-52    0.4221108504E-37    0.1797360814E-53
    0.8160000000E+00    0.2496427630E-22    0.1723785718E-23    0.3626102861E-07    0.2170823107E-14    0.1077098348E-51    0.5419302785E-37    0.2472590348E-53
    0.8160000000E+00    0.2674970400E-22    0.1847069675E-23    0.3710565646E-07   -0.1130606879E-13   -0.6010942140E-51   -0.3024339936E-36   -0.1478561377E-52
    0.8160000000E+00    0.2866282424E-22    0.1979170815E-23    0.3796995823E-07   -0.1435115566E-12   -0.8175565439E-50   -0.4113446525E-35   -0.2154837918E-51
    0.8160000000E+00    0.3071276952E-22    0.2120719737E-23    0.3885439218E-07   -0.1908049493E-12   -0.1164717389E-49   -0.5860148430E-35   -0.3289405161E-51
    0.8160000000E+00    0.3290932546E-22    0.2272392139E-23    0.3975942724E-07    0.7090596634E-12    0.4637818024E-49    0.2333467523E-34    0.1403493850E-50
    0.8160000000E+00    0.3526297755E-22    0.2434912046E-23    0.4068554327E-07    0.3676748761E-10    0.2576884057E-47    0.1296531090E-32    0.8355870268E-49
    0.8160000000E+00    0.3778496121E-22    0.2609055264E-23    0.4163323131E-07    0.4712424874E-10    0.3538957634E-47    0.1780587911E-32    0.1229623554E-48
    0.8160000000E+00    0.4048731538E-22    0.2795653084E-23    0.4260299385E-07   -0.4025660724E-08   -0.3239426230E-45   -0.1629881954E-30   -0.1206048865E-46
    0.8160000000E+00    0.4338294005E-22    0.2995596250E-23    0.4359534505E-07   -0.2452170229E-07   -0.2114372684E-44   -0.1063823540E-29   -0.8434869141E-46
    0.8160000000E+00    0.4648565778E-22    0.3209839213E-23    0.4461081109E-07    0.3905785554E-06    0.3608604769E-43    0.1815630106E-28    0.1542538913E-44
    0.8160000000E+00    0.4981027973E-22    0.3439404683E-23    0.4564993037E-07    0.4488876261E-05    0.4443943798E-42    0.2235921822E-27    0.2035473102E-43
    0.8160000000E+00    0.5337267633E-22    0.3685388516E-23    0.4671325384E-07   -0.2836270791E-04   -0.3008698132E-41   -0.1513793629E-26   -0.1476642712E-42
    0.8160000000E+00    0.5718985306E-22    0.3948964943E-23    0.4780134531E-07   -0.4573195310E-02   -0.5198172333E-39   -0.2615403678E-24   -0.2733678791E-40
    0.8160000000E+00    0.6128003161E-22    0.4231392172E-23    0.4891478167E-07   -0.4105736575E+00   -0.5000598721E-37   -0.2515996671E-22   -0.2817856127E-38
    0.8160000000E+00    0.6566273690E-22    0.4534018400E-23    0.5005415331E-07   -0.6742519434E+00   -0.8799401432E-37   -0.4427322796E-22   -0.5313123865E-38
    0.8160000000E+00    0.7035889022E-22    0.4858288246E-23    0.5122006431E-07    0.2050870559E+02    0.2867934144E-35    0.1442969765E-20    0.1855521472E-36
    0.8160000000E+00    0.7539090917E-22    0.5205749646E-23    0.5241313287E-07    0.1657987561E+04    0.2484346635E-33    0.1249971896E-18    0.1722300794E-34
    0.8160000000E+00    0.8078281461E-22    0.5578061244E-23    0.5363399157E-07    0.5924712201E+04    0.9512576946E-33    0.4786149273E-18    0.7066347531E-34
    0.8160000000E+00    0.8656034539E-22    0.5977000309E-23    0.5488328773E-07   -0.3792682292E+05   -0.6524953002E-32   -0.3282958891E-17   -0.5193668161E-33
    0.8160000000E+00    0.9275108115E-22    0.6404471218E-23    0.5616168372E-07   -0.2521304075E+07   -0.4647893301E-30   -0.2338536789E-15   -0.3964176290E-31
    0.8160000000E+00    0.9938457404E-22    0.6862514550E-23    0.5746985739E-07   -0.1160145132E+09   -0.2291623388E-28   -0.1153005298E-13   -0.2094305609E-29
    0.8160000000E+00    0.1064924897E-21    0.7353316823E-23    0.5880850233E-07   -0.4770520150E+10   -0.1009710002E-26   -0.5080245681E-12   -0.9887658730E-28
    0.8160000000E+00    0.1141087586E-21    0.7879220933E-23    0.6017832832E-07   -0.1347302866E+12   -0.3055597580E-25   -0.1537390575E-10   -0.3206217405E-26
    0.8160000000E+00    0.1222697377E-21    0.8442737340E-23    0.6158006166E-07   -0.1976503944E+12   -0.4803177202E-25   -0.2416666189E-10   -0.5400393665E-26
    0.8160000000E+00    0.1310143844E-21    0.9046556049E-23    0.6301444556E-07    0.1917299921E+13    0.4992533391E-24    0.2511938689E-09    0.6014752871E-25
    0.8160000000E+00    0.1403844422E-21    0.9693559452E-23    0.6448224056E-07    0.6499088676E+14    0.1813357307E-22    0.9123709385E-08    0.2340885635E-23
    0.8160000000E+00    0.1504246400E-21    0.1038683609E-22    0.6598422489E-07    0.1602403769E+16    0.4790743087E-21    0.2410410100E-06    0.6626736340E-22
    0.8160000000E+00    0.1611829057E-21    0.1112969539E-22    0.6752119493E-07    0.3544263228E+17    0.1135420923E-19    0.5712746456E-05    0.1682882145E-20
    0.8160000000E+00    0.1727105951E-21    0.1192568347E-22    0.6909396560E-07    0.2446192739E+18    0.8396950570E-19    0.4224834038E-04    0.1333577952E-19
    0.8160000000E+00    0.1850627369E-21    0.1277860007E-22    0.7070337081E-07    0.1395635783E+18    0.5133375337E-19    0.2582801777E-04    0.8735742613E-20
    0.8160000000E+00    0.1982982953E-21    0.1369251667E-22    0.7235026388E-07   -0.3858974017E+19   -0.1520907419E-17   -0.7652279690E-03   -0.2773317475E-18
    0.8160000000E+00    0.2124804516E-21    0.1467179595E-22    0.7403551802E-07   -0.6874181016E+20   -0.2903032434E-16   -0.1460629086E-01   -0.5672162939E-17
    0.8160000000E+00    0.2276769058E-21    0.1572111260E-22    0.7576002677E-07   -0.9689543355E+21   -0.4384642955E-15   -0.2206085250E+00   -0.9179754022E-16
    0.8160000000E+00    0.2439602000E-21    0.1684547565E-22    0.7752470448E-07   -0.1234065921E+23   -0.5983692722E-14   -0.3010629689E+01   -0.1342351008E-14
    0.8160000000E+00    0.2614080640E-21    0.1805025236E-22    0.7933048683E-07   -0.1445462073E+24   -0.7509960013E-13   -0.3778554419E+02   -0.1805237866E-13
    0.8160000000E+00    0.2801037871E-21    0.1934119387E-22    0.8117833125E-07   -0.1459081663E+25   -0.8122889088E-12   -0.4086942994E+03   -0.2092219923E-12
    0.8160000000E+00    0.3001366153E-21    0.2072446262E-22    0.8306921749E-07   -0.3204326499E+25   -0.1911470876E-11   -0.9617357100E+03   -0.5275510542E-12
    0.8160000000E+00    0.3216021775E-21    0.2220666179E-22    0.8500414813E-07   -0.1183043896E+25   -0.7561914855E-12   -0.3804694931E+03   -0.2236292426E-12
    0.8160000000E+00    0.3446029418E-21    0.2379486681E-22    0.8698414910E-07    0.2757547954E+26    0.1888660935E-10    0.9502591373E+04    0.5984816064E-11
    0.8160000000E+00    0.3692487048E-21    0.2549665916E-22    0.8901027021E-07    0.2785788383E+27    0.2044462019E-09    0.1028648752E+06    0.6941860097E-10
    0.8160000000E+00    0.3956571157E-21    0.2732016250E-22    0.9108358575E-07    0.2155970230E+28    0.1695405875E-08    0.8530249628E+06    0.6168371099E-09
    0.8160000000E+00    0.4239542377E-21    0.2927408154E-22    0.9320519501E-07    0.1495791351E+29    0.1260381273E-07    0.6341470819E+07    0.4913588148E-08
    0.8160000000E+00    0.4542751502E-21    0.3136774352E-22    0.9537622289E-07    0.9574419826E+29    0.8644569907E-07    0.4349421005E+08    0.3611105699E-07
    0.8160000000E+00    0.4867645933E-21    0.3361114274E-22    0.9759782052E-07    0.5697353967E+30    0.5511935491E-06    0.2773270187E+09    0.2467180570E-06
    0.8160000000E+00    0.5215776589E-21    0.3601498832E-22    0.9987116580E-07    0.3161084438E+31    0.3276928916E-05    0.1648751021E+10    0.1571678928E-05
    0.8160000000E+00    0.5588805307E-21    0.3859075526E-22    0.1021974641E-06    0.1638148886E+32    0.1819635054E-04    0.9155295187E+10    0.9351496263E-05
    0.8160000000E+00    0.5988512779E-21    0.4135073927E-22    0.1045779488E-06    0.7938846379E+32    0.9449053808E-04    0.4754188299E+11    0.5203375072E-04
    0.8160000000E+00    0.6416807053E-21    0.4430811541E-22    0.1070138822E-06    0.3600560198E+33    0.4591990705E-03    0.2310410007E+12    0.2709553997E-03
    0.8160000000E+00    0.6875732635E-21    0.4747700104E-22    0.1095065557E-06    0.1528383018E+34    0.2088637770E-02    0.1050875299E+13    0.1320565470E-02
    0.8160000000E+00    0.7367480256E-21    0.5087252317E-22    0.1120572911E-06    0.6067827768E+34    0.8885137826E-02    0.4470460127E+13    0.6019507763E-02
    0.8160000000E+00    0.7894397325E-21    0.5451089068E-22    0.1146674407E-06    0.2033297454E+35    0.3190302327E-01    0.1605165798E+14    0.2315947183E-01
    0.8160000000E+00    0.8458999137E-21    0.5840947171E-22    0.1173383885E-06    0.4229207013E+35    0.7110331804E-01    0.3577485847E+14    0.5530783742E-01
    0.8160000000E+00    0.9063980879E-21    0.6258687655E-22    0.1200715507E-06    0.6243551909E+35    0.1124767220E+00    0.5659143512E+14    0.9374744940E-01
    0.8160000000E+00    0.9712230494E-21    0.6706304648E-22    0.1228683764E-06    0.7171898410E+35    0.1384411037E+00    0.6965513043E+14    0.1236408161E+00
    0.8160000000E+00    0.1040684247E-20    0.7185934897E-22    0.1257303485E-06    0.7174236965E+35    0.1483906855E+00    0.7466115394E+14    0.1420049395E+00
    0.8160000000E+00    0.1115113261E-20    0.7699867968E-22    0.1286589846E-06    0.6867190981E+35    0.1521983869E+00    0.7657695732E+14    0.1560654825E+00
    0.8160000000E+00    0.1194865387E-20    0.8250557175E-22    0.1316558373E-06    0.5623536505E+35    0.1335489392E+00    0.6719369123E+14    0.1467361948E+00
    0.8160000000E+00    0.1280321329E-20    0.8840631292E-22    0.1347224957E-06    0.3747297466E+35    0.9535623457E-01    0.4797744874E+14    0.1122653936E+00
    0.8160000000E+00    0.1371889021E-20    0.9472907100E-22    0.1378605858E-06    0.2097700331E+35    0.5719714751E-01    0.2877812054E+14    0.7215578909E-01
    0.8160000000E+00    0.1470005571E-20    0.1015040283E-21    0.1410717713E-06    0.9989909552E+34    0.2918720309E-01    0.1468522270E+14    0.3945384100E-01
    0.8160000000E+00    0.1575139348E-20    0.1087635259E-21    0.1443577550E-06    0.4049041380E+34    0.1267602652E-01    0.6377804401E+13    0.1836030744E-01
    0.8160000000E+00    0.1687792220E-20    0.1165422177E-21    0.1477202791E-06    0.1376888417E+34    0.4618805457E-02    0.2323901557E+13    0.7168470134E-02
    0.8160000000E+00    0.1808501947E-20    0.1248772362E-21    0.1511611264E-06    0.3543119066E+33    0.1273551967E-02    0.6407737729E+12    0.2117939162E-02
    0.8160000000E+00    0.1937844750E-20    0.1338083694E-21    0.1546821213E-06    0.1974582098E+32    0.7605120841E-04    0.3826433551E+11    0.1355198552E-03
    0.8160000000E+00    0.2076438060E-20    0.1433782510E-21    0.1582851308E-06    0.5814674609E+30    0.2399696623E-05    0.1207381167E+10    0.4581979590E-05
    0.8160000000E+00    0.2224943467E-20    0.1536325639E-21    0.1619720651E-06    0.1418584420E+30    0.6273156319E-06    0.3156270139E+09    0.1283461719E-05
    0.8160000000E+00    0.2384069878E-20    0.1646202581E-21    0.1657448792E-06    0.3193864921E+29    0.1513378181E-06    0.7614397155E+08    0.3317754740E-06
    0.8160000000E+00    0.2554576900E-20    0.1763937846E-21    0.1696055734E-06    0.4920910602E+28    0.2498483002E-07    0.1257084455E+08    0.5869122973E-07
    0.8160000000E+00    0.2737278465E-20    0.1890093455E-21    0.1735561947E-06    0.9729695434E+27    0.5293344625E-08    0.2663288578E+07    0.1332376548E-07
    0.8160000000E+00    0.2933046719E-20    0.2025271626E-21    0.1775988378E-06    0.2387063046E+27    0.1391537177E-08    0.7001367436E+06    0.3753112853E-08
    0.8160000000E+00    0.3142816182E-20    0.2170117645E-21    0.1817356462E-06    0.5271835355E+26    0.3293007821E-09    0.1656840946E+06    0.9516769971E-09
    0.8160000000E+00    0.3367588212E-20    0.2325322952E-21    0.1859688132E-06    0.1239566251E+26    0.8296609844E-10    0.4174348697E+05    0.2569197421E-09
    0.8160000000E+00    0.3608435782E-20    0.2491628434E-21    0.1903005833E-06    0.1461047944E+25    0.1047841009E-10    0.5272097678E+04    0.3476900010E-10
    0.8160000000E+00    0.3866508602E-20    0.2669827968E-21    0.1947332533E-06    0.4853703678E+24    0.3729960071E-11    0.1876688702E+04    0.1326175476E-10
