    0.8920000000E+00    0.4143038610E-23    0.2860772210E-24    0.1992691735E-07    0.0000000000E+00    0.0000000000E+00    0.0000000000E+00    0.0000000000E+00
    0.8920000000E+00    0.4439345853E-23    0.3065372650E-24    0.2039107488E-07    0.0000000000E+00    0.0000000000E+00    0.0000000000E+00    0.0000000000E+00
    0.8920000000E+00    0.4756844785E-23    0.3284605973E-24    0.2086604403E-07    0.0000000000E+00    0.0000000000E+00    0.0000000000E+00    0.0000000000E+00
    0.8920000000E+00    0.5097051019E-23    0.3519518710E-24    0.2135207663E-07    0.0000000000E+00    0.0000000000E+00    0.0000000000E+00    0.0000000000E+00
    0.8920000000E+00    0.5461588566E-23    0.3771232243E-24    0.2184943039E-07    0.0000000000E+00    0.0000000000E+00    0.0000000000E+00    0.0000000000E+00
    0.8920000000E+00    0.5852197586E-23    0.4040948153E-24    0.2235836900E-07    0.0000000000E+00    0.0000000000E+00    0.0000000000E+00    0.0000000000E+00
    0.8920000000E+00    0.6270742692E-23    0.4329953957E-24    0.2287916232E-07    0.0000000000E+00    0.0000000000E+00    0.0000000000E+00    0.0000000000E+00
    0.8920000000E+00    0.6719221852E-23    0.4639629256E-24    0.2341208647E-07    0.0000000000E+00    0.0000000000E+00    0.0000000000E+00    0.0000000000E+00
    0.8920000000E+00    0.7199775931E-23    0.4971452317E-24    0.2395742402E-07    0.0000000000E+00    0.0000000000E+00    0.0000000000E+00    0.0000000000E+00
    0.8920000000E+00    0.7714698903E-23    0.5327007132E-24    0.2451546411E-07    0.0000000000E+00    0.0000000000E+00    0.0000000000E+00    0.0000000000E+00
    0.8920000000E+00    0.8266448809E-23    0.5707990981E-24    0.2508650263E-07    0.0000000000E+00    0.0000000000E+00    0.0000000000E+00    0.0000000000E+00
    0.8920000000E+00    0.8857659485E-23    0.6116222531E-24    0.2567084234E-07    0.0000000000E+00    0.0000000000E+00    0.0000000000E+00    0.0000000000E+00
    0.8920000000E+00    0.9491153137E-23    0.6553650517E-24    0.2626879307E-07    0.0000000000E+00    0.0000000000E+00    0.0000000000E+00    0.0000000000E+00
    0.8920000000E+00    0.1016995382E-22    0.7022363048E-24    0.2688067187E-07    0.0000000000E+00    0.0000000000E+00    0.0000000000E+00    0.0000000000E+00
    0.8920000000E+00    0.1089730185E-22    0.7524597575E-24    0.2750680315E-07    0.0000000000E+00    0.0000000000E+00    0.0000000000E+00    0.0000000000E+00
    0.8920000000E+00    0.1167666930E-22    0.8062751566E-24    0.2814751890E-07    0.0000000000E+00    0.0000000000E+00    0.0000000000E+00    0.0000000000E+00
    0.8920000000E+00    0.1251177658E-22    0.8639393956E-24    0.2880315884E-07    0.0000000000E+00    0.0000000000E+00    0.0000000000E+00    0.0000000000E+00
    0.8920000000E+00    0.1340661015E-22    0.9257277409E-24    0.2947407060E-07    0.0000000000E+00    0.0000000000E+00    0.0000000000E+00    0.0000000000E+00
    0.8920000000E+00    0.1436544159E-22    0.9919351458E-24    0.3016060990E-07    0.0000000000E+00    0.0000000000E+00    0.0000000000E+00    0.0000000000E+00
    0.8920000000E+00    0.1539284799E-22    0.1062877658E-23    0.3086314075E-07    0.0000000000E+00    0.0000000000E+00    0.0000000000E+00    0.0000000000E+00
    0.8920000000E+00    0.1649373379E-22    0.1138893930E-23    0.3158203565E-07    0.0000000000E+00    0.0000000000E+00    0.0000000000E+00    0.0000000000E+00
    0.8920000000E+00    0.1767335417E-22    0.1220346833E-23    0.3231767576E-07    0.0000000000E+00    0.0000000000E+00    0.0000000000E+00    0.0000000000E+00
    0.8920000000E+00    0.1893734018E-22    0.1307625190E-23    0.3307045113E-07    0.0000000000E+00    0.0000000000E+00    0.0000000000E+00    0.0000000000E+00
    0.8920000000E+00    0.2029172559E-22    0.1401145635E-23    0.3384076090E-07    0.0000000000E+00    0.0000000000E+00    0.0000000000E+00    0.0000000000E+00
    0.8920000000E+00    0.2174297571E-22    0.1501354598E-23    0.3462901348E-07    0.0000000000E+00    0.0000000000E+00    0.0000000000E+00    0.0000000000E+00
    0.8920000000E+00    0.2329801823E-22    0.1608730435E-23    0.3543562682E-07    0.0000000000E+00    0.0000000000E+00    0.0000000000E+00    0.0000000000E+00
    0.8920000000E+00    0.2496427630E-22    0.1723785718E-23    0.3626102861E-07    0.0000000000E+00    0.0000000000E+00    0.0000000000E+00    0.0000000000E+00
    0.8920000000E+00    0.2674970400E-22    0.1847069675E-23    0.3710565646E-07    0.0000000000E+00    0.0000000000E+00    0.0000000000E+00    0.0000000000E+00
    0.8920000000E+00    0.2866282424E-22    0.1979170815E-23    0.3796995823E-07    0.0000000000E+00    0.0000000000E+00    0.0000000000E+00    0.0000000000E+00
    0.8920000000E+00    0.3071276952E-22    0.2120719737E-23    0.3885439218E-07   -0.1531229760E-15   -0.9346979389E-53   -0.4702830670E-38   -0.2324639471E-54
    0.8920000000E+00    0.3290932546E-22    0.2272392139E-23    0.3975942724E-07   -0.1159056195E-14   -0.7581155708E-52   -0.3814375756E-37   -0.2020318027E-53
    0.8920000000E+00    0.3526297755E-22    0.2434912046E-23    0.4068554327E-07   -0.5735296016E-14   -0.4019636322E-51   -0.2022436147E-36   -0.1147812855E-52
    0.8920000000E+00    0.3778496121E-22    0.2609055264E-23    0.4163323131E-07    0.1884295578E-13    0.1415076611E-50    0.7119803530E-36    0.4329764499E-52
    0.8920000000E+00    0.4048731538E-22    0.2795653084E-23    0.4260299385E-07    0.6568955921E-12    0.5286001373E-49    0.2659593901E-34    0.1733052001E-50
    0.8920000000E+00    0.4338294005E-22    0.2995596250E-23    0.4359534505E-07   -0.3797276538E-11   -0.3274184512E-48   -0.1647370204E-33   -0.1150237368E-49
    0.8920000000E+00    0.4648565778E-22    0.3209839213E-23    0.4461081109E-07   -0.2401920382E-09   -0.2219164679E-46   -0.1116548489E-31   -0.8353603424E-48
    0.8920000000E+00    0.4981027973E-22    0.3439404683E-23    0.4564993037E-07    0.2768997686E-09    0.2741280752E-46    0.1379245493E-31    0.1105701348E-47
    0.8920000000E+00    0.5337267633E-22    0.3685388516E-23    0.4671325384E-07    0.5243844170E-07    0.5562636758E-44    0.2798779976E-29    0.2404169171E-45
    0.8920000000E+00    0.5718985306E-22    0.3948964943E-23    0.4780134531E-07    0.2184848128E-07    0.2483431456E-44    0.1249511434E-29    0.1150102375E-45
    0.8920000000E+00    0.6128003161E-22    0.4231392172E-23    0.4891478167E-07   -0.1150741221E-04   -0.1401549995E-41   -0.7051745841E-27   -0.6954932459E-43
    0.8920000000E+00    0.6566273690E-22    0.4534018400E-23    0.5005415331E-07   -0.1512379192E-02   -0.1973747611E-39   -0.9930695696E-25   -0.1049484285E-40
    0.8920000000E+00    0.7035889022E-22    0.4858288246E-23    0.5122006431E-07   -0.2383193961E-01   -0.3332654665E-38   -0.1676788823E-23   -0.1898779946E-39
    0.8920000000E+00    0.7539090917E-22    0.5205749646E-23    0.5241313287E-07    0.4123242723E-01    0.6178311844E-38    0.3108550176E-23    0.3771847693E-39
    0.8920000000E+00    0.8078281461E-22    0.5578061244E-23    0.5363399157E-07    0.7248224175E+01    0.1163757628E-35    0.5855319498E-21    0.7612842822E-37
    0.8920000000E+00    0.8656034539E-22    0.5977000309E-23    0.5488328773E-07    0.2186243391E+03    0.3761226035E-34    0.1892419831E-19    0.2636414892E-35
    0.8920000000E+00    0.9275108115E-22    0.6404471218E-23    0.5616168372E-07    0.1286378863E+03    0.2371372719E-34    0.1193130303E-19    0.1781082932E-35
    0.8920000000E+00    0.9938457404E-22    0.6862514550E-23    0.5746985739E-07   -0.1556756388E+05   -0.3075045741E-32   -0.1547175705E-17   -0.2474776041E-33
    0.8920000000E+00    0.1064924897E-21    0.7353316823E-23    0.5880850233E-07   -0.8586142841E+06   -0.1817310070E-30   -0.9143597283E-16   -0.1567160063E-31
    0.8920000000E+00    0.1141087586E-21    0.7879220933E-23    0.6017832832E-07   -0.4050809446E+08   -0.9186979302E-29   -0.4622328372E-14   -0.8489010298E-30
    0.8920000000E+00    0.1222697377E-21    0.8442737340E-23    0.6158006166E-07   -0.1722352507E+10   -0.4185554154E-27   -0.2105915893E-12   -0.4144167379E-28
    0.8920000000E+00    0.1310143844E-21    0.9046556049E-23    0.6301444556E-07   -0.2060908348E+11   -0.5366481077E-26   -0.2700086386E-11   -0.5693429206E-27
    0.8920000000E+00    0.1403844422E-21    0.9693559452E-23    0.6448224056E-07   -0.6979358463E+10   -0.1947360822E-26   -0.9797933446E-12   -0.2213761095E-27
    0.8920000000E+00    0.1504246400E-21    0.1038683609E-22    0.6598422489E-07    0.8452966790E+12    0.2527202757E-24    0.1271534486E-09    0.3078395455E-25
    0.8920000000E+00    0.1611829057E-21    0.1112969539E-22    0.6752119493E-07    0.2524408566E+14    0.8087058209E-23    0.4068915078E-08    0.1055540476E-23
    0.8920000000E+00    0.1727105951E-21    0.1192568347E-22    0.6909396560E-07    0.6364593689E+15    0.2184749294E-21    0.1099232764E-06    0.3055525625E-22
    0.8920000000E+00    0.1850627369E-21    0.1277860007E-22    0.7070337081E-07    0.1455680003E+17    0.5354227742E-20    0.2693921254E-05    0.8023819721E-21
    0.8920000000E+00    0.1982982953E-21    0.1369251667E-22    0.7235026388E-07    0.5222388774E+17    0.2058259474E-19    0.1035590791E-04    0.3305098793E-20
    0.8920000000E+00    0.2124804516E-21    0.1467179595E-22    0.7403551802E-07   -0.2280947420E+17   -0.9632659257E-20   -0.4846567377E-05   -0.1657412159E-20
    0.8920000000E+00    0.2276769058E-21    0.1572111260E-22    0.7576002677E-07   -0.1840411698E+19   -0.8328099572E-18   -0.4190192410E-03   -0.1535430741E-18
    0.8920000000E+00    0.2439602000E-21    0.1684547565E-22    0.7752470448E-07   -0.3129690941E+20   -0.1517512848E-16   -0.7635200278E-02   -0.2997896943E-17
    0.8920000000E+00    0.2614080640E-21    0.1805025236E-22    0.7933048683E-07   -0.4529398229E+21   -0.2353268220E-15   -0.1184021222E+00   -0.4981449733E-16
    0.8920000000E+00    0.2801037871E-21    0.1934119387E-22    0.8117833125E-07   -0.5978934033E+22   -0.3328546939E-14   -0.1674722065E+01   -0.7549861908E-15
    0.8920000000E+00    0.3001366153E-21    0.2072446262E-22    0.8306921749E-07   -0.7274489574E+23   -0.4339437620E-13   -0.2183340679E+02   -0.1054672864E-13
    0.8920000000E+00    0.3216021775E-21    0.2220666179E-22    0.8500414813E-07   -0.7018262763E+24   -0.4486013209E-12   -0.2257088587E+03   -0.1168274428E-12
    0.8920000000E+00    0.3446029418E-21    0.2379486681E-22    0.8698414910E-07   -0.1274180094E+25   -0.8726934972E-12   -0.4390862088E+03   -0.2435264077E-12
    0.8920000000E+00    0.3692487048E-21    0.2549665916E-22    0.8901027021E-07    0.4304946034E+23    0.3159356509E-13    0.1589595747E+02    0.9446761653E-14
    0.8920000000E+00    0.3956571157E-21    0.2732016250E-22    0.9108358575E-07    0.1732067194E+26    0.1362058184E-10    0.6853047102E+04    0.4363952176E-11
    0.8920000000E+00    0.4239542377E-21    0.2927408154E-22    0.9320519501E-07    0.1702342704E+27    0.1434425238E-09    0.7217154034E+05    0.4924501116E-10
    0.8920000000E+00    0.4542751502E-21    0.3136774352E-22    0.9537622289E-07    0.1349396587E+28    0.1218345690E-08    0.6129973371E+06    0.4481824575E-09
    0.8920000000E+00    0.4867645933E-21    0.3361114274E-22    0.9759782052E-07    0.9672908788E+28    0.9358107212E-08    0.4708429512E+07    0.3688691534E-08
    0.8920000000E+00    0.5215776589E-21    0.3601498832E-22    0.9987116580E-07    0.6410007464E+29    0.6644915447E-07    0.3343316686E+08    0.2806556448E-07
    0.8920000000E+00    0.5588805307E-21    0.3859075526E-22    0.1021974641E-06    0.3950520624E+30    0.4388188321E-06    0.2207869063E+09    0.1985955806E-06
    0.8920000000E+00    0.5988512779E-21    0.4135073927E-22    0.1045779488E-06    0.2269789121E+31    0.2701571301E-05    0.1359266116E+10    0.1310088869E-05
    0.8920000000E+00    0.6416807053E-21    0.4430811541E-22    0.1070138822E-06    0.1217381999E+32    0.1552593628E-04    0.7811705395E+10    0.8067558476E-05
    0.8920000000E+00    0.6875732635E-21    0.4747700104E-22    0.1095065557E-06    0.6099597499E+32    0.8335508555E-04    0.4193920158E+11    0.4641051889E-04
    0.8920000000E+00    0.7367480256E-21    0.5087252317E-22    0.1120572911E-06    0.2855506384E+33    0.4181326292E-03    0.2103788690E+12    0.2494585432E-03
    0.8920000000E+00    0.7894397325E-21    0.5451089068E-22    0.1146674407E-06    0.1248427598E+34    0.1958818895E-02    0.9855583489E+12    0.1252214150E-02
    0.8920000000E+00    0.8458999137E-21    0.5840947171E-22    0.1173383885E-06    0.5091253287E+34    0.8559642519E-02    0.4306690716E+13    0.5863270759E-02
    0.8920000000E+00    0.9063980879E-21    0.6258687655E-22    0.1200715507E-06    0.1789666457E+35    0.3224059309E-01    0.1622150255E+14    0.2366395577E-01
    0.8920000000E+00    0.9712230494E-21    0.6706304648E-22    0.1228683764E-06    0.3858745712E+35    0.7448641696E-01    0.3747702777E+14    0.5858162390E-01
    0.8920000000E+00    0.1040684247E-20    0.7185934897E-22    0.1257303485E-06    0.5734285115E+35    0.1186069687E+00    0.5967580187E+14    0.9995269977E-01
    0.8920000000E+00    0.1115113261E-20    0.7699867968E-22    0.1286589846E-06    0.6524722875E+35    0.1446082247E+00    0.7275805005E+14    0.1305801963E+00
    0.8920000000E+00    0.1194865387E-20    0.8250557175E-22    0.1316558373E-06    0.6503934532E+35    0.1544568185E+00    0.7771326253E+14    0.1494484474E+00
    0.8920000000E+00    0.1280321329E-20    0.8840631292E-22    0.1347224957E-06    0.6146643858E+35    0.1564116057E+00    0.7869679236E+14    0.1621635701E+00
    0.8920000000E+00    0.1371889021E-20    0.9472907100E-22    0.1378605858E-06    0.4851412714E+35    0.1322815107E+00    0.6655599841E+14    0.1469546959E+00
    0.8920000000E+00    0.1470005571E-20    0.1015040283E-21    0.1410717713E-06    0.3085123892E+35    0.9013708995E-01    0.4535149308E+14    0.1072970682E+00
    0.8920000000E+00    0.1575139348E-20    0.1087635259E-21    0.1443577550E-06    0.1620017803E+35    0.5071666774E-01    0.2551753787E+14    0.6468968459E-01
    0.8920000000E+00    0.1687792220E-20    0.1165422177E-21    0.1477202791E-06    0.7029966505E+34    0.2358219247E-01    0.1186512277E+14    0.3223060830E-01
    0.8920000000E+00    0.1808501947E-20    0.1248772362E-21    0.1511611264E-06    0.2485157066E+34    0.8932741494E-02    0.4494411393E+13    0.1308184769E-01
    0.8920000000E+00    0.1937844750E-20    0.1338083694E-21    0.1546821213E-06    0.6250328074E+33    0.2407319521E-02    0.1211216544E+13    0.3777618182E-02
    0.8920000000E+00    0.2076438060E-20    0.1433782510E-21    0.1582851308E-06    0.2199046010E+32    0.9075388805E-04    0.4566182831E+11    0.1525982533E-03
    0.8920000000E+00    0.2224943467E-20    0.1536325639E-21    0.1619720651E-06    0.4139814259E+30    0.1830677231E-05    0.9210852693E+09    0.3298345171E-05
    0.8920000000E+00    0.2384069878E-20    0.1646202581E-21    0.1657448792E-06    0.9917682850E+29    0.4699386231E-06    0.2364444895E+09    0.9072468367E-06
    0.8920000000E+00    0.2554576900E-20    0.1763937846E-21    0.1696055734E-06    0.1665281710E+29    0.8455097815E-07    0.4254090189E+08    0.1749052956E-06
    0.8920000000E+00    0.2737278465E-20    0.1890093455E-21    0.1735561947E-06    0.2576714019E+28    0.1401835792E-07    0.7053183795E+07    0.3107287706E-07
    0.8920000000E+00    0.2933046719E-20    0.2025271626E-21    0.1775988378E-06    0.6314260125E+27    0.3680894696E-08    0.1852001994E+07    0.8742541765E-08
    0.8920000000E+00    0.3142816182E-20    0.2170117645E-21    0.1817356462E-06    0.1390613758E+27    0.8686352427E-09    0.4370443423E+06    0.2210659059E-08
    0.8920000000E+00    0.3367588212E-20    0.2325322952E-21    0.1859688132E-06    0.3329067562E+26    0.2228196732E-09    0.1121092868E+06    0.6076281080E-09
    0.8920000000E+00    0.3608435782E-20    0.2491628434E-21    0.1903005833E-06    0.4750044007E+25    0.3406658164E-10    0.1714022876E+05    0.9954349379E-10
    0.8920000000E+00    0.3866508602E-20    0.2669827968E-21    0.1947332533E-06    0.1571382631E+25    0.1207571550E-10    0.6075764461E+04    0.3780917446E-10
