    0.8430000000E+00    0.4143038610E-23    0.2860772210E-24    0.1992691735E-07    0.0000000000E+00    0.0000000000E+00    0.0000000000E+00    0.0000000000E+00
    0.8430000000E+00    0.4439345853E-23    0.3065372650E-24    0.2039107488E-07    0.0000000000E+00    0.0000000000E+00    0.0000000000E+00    0.0000000000E+00
    0.8430000000E+00    0.4756844785E-23    0.3284605973E-24    0.2086604403E-07    0.0000000000E+00    0.0000000000E+00    0.0000000000E+00    0.0000000000E+00
    0.8430000000E+00    0.5097051019E-23    0.3519518710E-24    0.2135207663E-07    0.0000000000E+00    0.0000000000E+00    0.0000000000E+00    0.0000000000E+00
    0.8430000000E+00    0.5461588566E-23    0.3771232243E-24    0.2184943039E-07    0.0000000000E+00    0.0000000000E+00    0.0000000000E+00    0.0000000000E+00
    0.8430000000E+00    0.5852197586E-23    0.4040948153E-24    0.2235836900E-07    0.0000000000E+00    0.0000000000E+00    0.0000000000E+00    0.0000000000E+00
    0.8430000000E+00    0.6270742692E-23    0.4329953957E-24    0.2287916232E-07    0.0000000000E+00    0.0000000000E+00    0.0000000000E+00    0.0000000000E+00
    0.8430000000E+00    0.6719221852E-23    0.4639629256E-24    0.2341208647E-07    0.0000000000E+00    0.0000000000E+00    0.0000000000E+00    0.0000000000E+00
    0.8430000000E+00    0.7199775931E-23    0.4971452317E-24    0.2395742402E-07    0.0000000000E+00    0.0000000000E+00    0.0000000000E+00    0.0000000000E+00
    0.8430000000E+00    0.7714698903E-23    0.5327007132E-24    0.2451546411E-07    0.0000000000E+00    0.0000000000E+00    0.0000000000E+00    0.0000000000E+00
    0.8430000000E+00    0.8266448809E-23    0.5707990981E-24    0.2508650263E-07    0.0000000000E+00    0.0000000000E+00    0.0000000000E+00    0.0000000000E+00
    0.8430000000E+00    0.8857659485E-23    0.6116222531E-24    0.2567084234E-07    0.0000000000E+00    0.0000000000E+00    0.0000000000E+00    0.0000000000E+00
    0.8430000000E+00    0.9491153137E-23    0.6553650517E-24    0.2626879307E-07    0.0000000000E+00    0.0000000000E+00    0.0000000000E+00    0.0000000000E+00
    0.8430000000E+00    0.1016995382E-22    0.7022363048E-24    0.2688067187E-07    0.0000000000E+00    0.0000000000E+00    0.0000000000E+00    0.0000000000E+00
    0.8430000000E+00    0.1089730185E-22    0.7524597575E-24    0.2750680315E-07    0.0000000000E+00    0.0000000000E+00    0.0000000000E+00    0.0000000000E+00
    0.8430000000E+00    0.1167666930E-22    0.8062751566E-24    0.2814751890E-07    0.0000000000E+00    0.0000000000E+00    0.0000000000E+00    0.0000000000E+00
    0.8430000000E+00    0.1251177658E-22    0.8639393956E-24    0.2880315884E-07    0.0000000000E+00    0.0000000000E+00    0.0000000000E+00    0.0000000000E+00
    0.8430000000E+00    0.1340661015E-22    0.9257277409E-24    0.2947407060E-07    0.0000000000E+00    0.0000000000E+00    0.0000000000E+00    0.0000000000E+00
    0.8430000000E+00    0.1436544159E-22    0.9919351458E-24    0.3016060990E-07    0.0000000000E+00    0.0000000000E+00    0.0000000000E+00    0.0000000000E+00
    0.8430000000E+00    0.1539284799E-22    0.1062877658E-23    0.3086314075E-07    0.0000000000E+00    0.0000000000E+00    0.0000000000E+00    0.0000000000E+00
    0.8430000000E+00    0.1649373379E-22    0.1138893930E-23    0.3158203565E-07    0.0000000000E+00    0.0000000000E+00    0.0000000000E+00    0.0000000000E+00
    0.8430000000E+00    0.1767335417E-22    0.1220346833E-23    0.3231767576E-07    0.0000000000E+00    0.0000000000E+00    0.0000000000E+00    0.0000000000E+00
    0.8430000000E+00    0.1893734018E-22    0.1307625190E-23    0.3307045113E-07    0.0000000000E+00    0.0000000000E+00    0.0000000000E+00    0.0000000000E+00
    0.8430000000E+00    0.2029172559E-22    0.1401145635E-23    0.3384076090E-07    0.0000000000E+00    0.0000000000E+00    0.0000000000E+00    0.0000000000E+00
    0.8430000000E+00    0.2174297571E-22    0.1501354598E-23    0.3462901348E-07    0.0000000000E+00    0.0000000000E+00    0.0000000000E+00    0.0000000000E+00
    0.8430000000E+00    0.2329801823E-22    0.1608730435E-23    0.3543562682E-07   -0.1480629000E-15   -0.6856100505E-53   -0.3449572144E-38   -0.1393136590E-54
    0.8430000000E+00    0.2496427630E-22    0.1723785718E-23    0.3626102861E-07    0.0000000000E+00    0.0000000000E+00    0.0000000000E+00    0.0000000000E+00
    0.8430000000E+00    0.2674970400E-22    0.1847069675E-23    0.3710565646E-07    0.3258366639E-15    0.1732330989E-52    0.8716034312E-38    0.4041544806E-54
    0.8430000000E+00    0.2866282424E-22    0.1979170815E-23    0.3796995823E-07   -0.7596096706E-15   -0.4327343885E-52   -0.2177255848E-37   -0.1081777471E-53
    0.8430000000E+00    0.3071276952E-22    0.2120719737E-23    0.3885439218E-07   -0.1768770558E-13   -0.1079698317E-50   -0.5432384249E-36   -0.2892137575E-52
    0.8430000000E+00    0.3290932546E-22    0.2272392139E-23    0.3975942724E-07   -0.6446560954E-13   -0.4216567114E-50   -0.2121519725E-35   -0.1210251252E-51
    0.8430000000E+00    0.3526297755E-22    0.2434912046E-23    0.4068554327E-07    0.1835766149E-12    0.1286614025E-49    0.6473458051E-35    0.3956988652E-51
    0.8430000000E+00    0.3778496121E-22    0.2609055264E-23    0.4163323131E-07    0.8696019412E-11    0.6530575045E-48    0.3285787561E-33    0.2152127257E-49
    0.8430000000E+00    0.4048731538E-22    0.2795653084E-23    0.4260299385E-07   -0.9747612094E-11   -0.7843847870E-48   -0.3946546451E-33   -0.2769782618E-49
    0.8430000000E+00    0.4338294005E-22    0.2995596250E-23    0.4359534505E-07   -0.2554638280E-08   -0.2202725297E-45   -0.1108277193E-30   -0.8334448415E-47
    0.8430000000E+00    0.4648565778E-22    0.3209839213E-23    0.4461081109E-07   -0.1542789877E-08   -0.1425403118E-45   -0.7171760223E-31   -0.5779020404E-47
    0.8430000000E+00    0.4981027973E-22    0.3439404683E-23    0.4564993037E-07    0.4542995949E-06    0.4497521763E-43    0.2262878990E-28    0.1953843601E-44
    0.8430000000E+00    0.5337267633E-22    0.3685388516E-23    0.4671325384E-07    0.5801764642E-06    0.6154475269E-43    0.3096557064E-28    0.2864887380E-44
    0.8430000000E+00    0.5718985306E-22    0.3948964943E-23    0.4780134531E-07   -0.4929657628E-04   -0.5603349114E-41   -0.2819263954E-26   -0.2794886689E-42
    0.8430000000E+00    0.6128003161E-22    0.4231392172E-23    0.4891478167E-07   -0.6355992939E-02   -0.7741307698E-39   -0.3894954482E-24   -0.4137431851E-40
    0.8430000000E+00    0.6566273690E-22    0.4534018400E-23    0.5005415331E-07   -0.1619369271E+00   -0.2113376227E-37   -0.1063322184E-22   -0.1210300858E-38
    0.8430000000E+00    0.7035889022E-22    0.4858288246E-23    0.5122006431E-07    0.4847872213E-01    0.6779256832E-38    0.3410909089E-23    0.4160050579E-39
    0.8430000000E+00    0.7539090917E-22    0.5205749646E-23    0.5241313287E-07    0.2839259201E+02    0.4254376938E-35    0.2140543325E-20    0.2797386594E-36
    0.8430000000E+00    0.8078281461E-22    0.5578061244E-23    0.5363399157E-07    0.1154103073E+04    0.1853000434E-33    0.9323169455E-19    0.1305545597E-34
    0.8430000000E+00    0.8656034539E-22    0.5977000309E-23    0.5488328773E-07    0.1099549471E+04    0.1891671399E-33    0.9517738195E-19    0.1428111845E-34
    0.8430000000E+00    0.9275108115E-22    0.6404471218E-23    0.5616168372E-07   -0.5625452159E+05   -0.1037022930E-31   -0.5217667697E-17   -0.8388897403E-33
    0.8430000000E+00    0.9938457404E-22    0.6862514550E-23    0.5746985739E-07   -0.3066643066E+07   -0.6057510202E-30   -0.3047770148E-15   -0.5250621079E-31
    0.8430000000E+00    0.1064924897E-21    0.7353316823E-23    0.5880850233E-07   -0.1396194003E+09   -0.2955130689E-28   -0.1486841755E-13   -0.2744689466E-29
    0.8430000000E+00    0.1141087586E-21    0.7879220933E-23    0.6017832832E-07   -0.5723044057E+10   -0.1297950150E-26   -0.6530494528E-12   -0.1291738300E-27
    0.8430000000E+00    0.1222697377E-21    0.8442737340E-23    0.6158006166E-07   -0.7553770344E+11   -0.1835670382E-25   -0.9235975189E-11   -0.1957542611E-26
    0.8430000000E+00    0.1310143844E-21    0.9046556049E-23    0.6301444556E-07   -0.3957707064E+11   -0.1030563057E-25   -0.5185165547E-11   -0.1177581823E-26
    0.8430000000E+00    0.1403844422E-21    0.9693559452E-23    0.6448224056E-07    0.2569978008E+13    0.7170679816E-24    0.3607849291E-09    0.8779642949E-25
    0.8430000000E+00    0.1504246400E-21    0.1038683609E-22    0.6598422489E-07    0.7525452627E+14    0.2249901732E-22    0.1132013502E-07    0.2951753410E-23
    0.8430000000E+00    0.1611829057E-21    0.1112969539E-22    0.6752119493E-07    0.1834112803E+16    0.5875664185E-21    0.2956276309E-06    0.8259875281E-22
    0.8430000000E+00    0.1727105951E-21    0.1192568347E-22    0.6909396560E-07    0.4049343041E+17    0.1390002219E-19    0.6993644465E-05    0.2093784676E-20
    0.8430000000E+00    0.1850627369E-21    0.1277860007E-22    0.7070337081E-07    0.1365319093E+18    0.5021865621E-19    0.2526696880E-04    0.8105533607E-20
    0.8430000000E+00    0.1982982953E-21    0.1369251667E-22    0.7235026388E-07   -0.6276267681E+17   -0.2473616572E-19   -0.1244573182E-04   -0.4278080036E-20
    0.8430000000E+00    0.2124804516E-21    0.1467179595E-22    0.7403551802E-07   -0.4705498125E+19   -0.1987176893E-17   -0.9998263665E-03   -0.3682587308E-18
    0.8430000000E+00    0.2276769058E-21    0.1572111260E-22    0.7576002677E-07   -0.7741061765E+20   -0.3502929982E-16   -0.1762460991E-01   -0.6955814315E-17
    0.8430000000E+00    0.2439602000E-21    0.1684547565E-22    0.7752470448E-07   -0.1082179006E+22   -0.5247229124E-15   -0.2640086067E+00   -0.1116468699E-15
    0.8430000000E+00    0.2614080640E-21    0.1805025236E-22    0.7933048683E-07   -0.1378971709E+23   -0.7164506487E-14   -0.3604743248E+01   -0.1633438560E-14
    0.8430000000E+00    0.2801037871E-21    0.1934119387E-22    0.8117833125E-07   -0.1619186982E+24   -0.9014215316E-13   -0.4535404058E+02   -0.2202137593E-13
    0.8430000000E+00    0.3001366153E-21    0.2072446262E-22    0.8306921749E-07   -0.1380795193E+25   -0.8236831665E-12   -0.4144271958E+03   -0.2156138796E-12
    0.8430000000E+00    0.3216021775E-21    0.2220666179E-22    0.8500414813E-07   -0.2160978982E+25   -0.1381279184E-11   -0.6949755464E+03   -0.3874342319E-12
    0.8430000000E+00    0.3446029418E-21    0.2379486681E-22    0.8698414910E-07    0.6276157796E+24    0.4298577667E-12    0.2162782440E+03    0.1291936897E-12
    0.8430000000E+00    0.3692487048E-21    0.2549665916E-22    0.8901027021E-07    0.3442646392E+26    0.2526523492E-10    0.1271192721E+05    0.8136541880E-11
    0.8430000000E+00    0.3956571157E-21    0.2732016250E-22    0.9108358575E-07    0.3215242197E+27    0.2528393219E-09    0.1272133454E+06    0.8724913707E-10
    0.8430000000E+00    0.4239542377E-21    0.2927408154E-22    0.9320519501E-07    0.2459761496E+28    0.2072640227E-08    0.1042826310E+07    0.7663734423E-09
    0.8430000000E+00    0.4542751502E-21    0.3136774352E-22    0.9537622289E-07    0.1705744266E+29    0.1540085543E-07    0.7748772328E+07    0.6101847754E-08
    0.8430000000E+00    0.4867645933E-21    0.3361114274E-22    0.9759782052E-07    0.1094197410E+30    0.1058587122E-06    0.5326165571E+08    0.4494104116E-07
    0.8430000000E+00    0.5215776589E-21    0.3601498832E-22    0.9987116580E-07    0.6530439981E+30    0.6769761462E-06    0.3406131597E+09    0.3079568649E-06
    0.8430000000E+00    0.5588805307E-21    0.3859075526E-22    0.1021974641E-06    0.3635070910E+31    0.4037790771E-05    0.2031570359E+10    0.1968159698E-05
    0.8430000000E+00    0.5988512779E-21    0.4135073927E-22    0.1045779488E-06    0.1889926990E+32    0.2249447963E-04    0.1131785193E+11    0.1174877196E-04
    0.8430000000E+00    0.6416807053E-21    0.4430811541E-22    0.1070138822E-06    0.9186524979E+32    0.1171607611E-03    0.5894815828E+11    0.6556902225E-04
    0.8430000000E+00    0.6875732635E-21    0.4747700104E-22    0.1095065557E-06    0.4176423828E+33    0.5707362912E-03    0.2871597361E+12    0.3422567423E-03
    0.8430000000E+00    0.7367480256E-21    0.5087252317E-22    0.1120572911E-06    0.1775334519E+34    0.2599627493E-02    0.1307974202E+13    0.1670427553E-02
    0.8430000000E+00    0.7894397325E-21    0.5451089068E-22    0.1146674407E-06    0.7048753182E+34    0.1105969697E-01    0.5564565827E+13    0.7614821914E-02
    0.8430000000E+00    0.8458999137E-21    0.5840947171E-22    0.1173383885E-06    0.2256963489E+35    0.3794507866E-01    0.1909165221E+14    0.2799445268E-01
    0.8430000000E+00    0.9063980879E-21    0.6258687655E-22    0.1200715507E-06    0.4437303217E+35    0.7993740221E-01    0.4021963151E+14    0.6319264796E-01
    0.8430000000E+00    0.9712230494E-21    0.6706304648E-22    0.1228683764E-06    0.6267442453E+35    0.1209821446E+00    0.6087084571E+14    0.1024796899E+00
    0.8430000000E+00    0.1040684247E-20    0.7185934897E-22    0.1257303485E-06    0.6919600288E+35    0.1431238242E+00    0.7201119016E+14    0.1299057742E+00
    0.8430000000E+00    0.1115113261E-20    0.7699867968E-22    0.1286589846E-06    0.6869684382E+35    0.1522536484E+00    0.7660476157E+14    0.1480758492E+00
    0.8430000000E+00    0.1194865387E-20    0.8250557175E-22    0.1316558373E-06    0.6430843192E+35    0.1527210298E+00    0.7683991940E+14    0.1591531971E+00
    0.8430000000E+00    0.1280321329E-20    0.8840631292E-22    0.1347224957E-06    0.4994232578E+35    0.1270865784E+00    0.6394222494E+14    0.1419110491E+00
    0.8430000000E+00    0.1371889021E-20    0.9472907100E-22    0.1378605858E-06    0.3165691755E+35    0.8631763826E-01    0.4342977765E+14    0.1032799627E+00
    0.8430000000E+00    0.1470005571E-20    0.1015040283E-21    0.1410717713E-06    0.1678190766E+35    0.4903116937E-01    0.2466949776E+14    0.6286208398E-01
    0.8430000000E+00    0.1575139348E-20    0.1087635259E-21    0.1443577550E-06    0.7485017653E+34    0.2343277664E-01    0.1178994583E+14    0.3219143052E-01
    0.8430000000E+00    0.1687792220E-20    0.1165422177E-21    0.1477202791E-06    0.2788139832E+34    0.9352882423E-02    0.4705800717E+13    0.1376771915E-01
    0.8430000000E+00    0.1808501947E-20    0.1248772362E-21    0.1511611264E-06    0.8335262271E+33    0.2996057841E-02    0.1507433805E+13    0.4725706191E-02
    0.8430000000E+00    0.1937844750E-20    0.1338083694E-21    0.1546821213E-06    0.1142932955E+33    0.4402016630E-03    0.2214826625E+12    0.7439918916E-03
    0.8430000000E+00    0.2076438060E-20    0.1433782510E-21    0.1582851308E-06    0.9070921568E+30    0.3743538774E-05    0.1883520678E+10    0.6779518640E-05
    0.8430000000E+00    0.2224943467E-20    0.1536325639E-21    0.1619720651E-06    0.2207967286E+30    0.9763905297E-06    0.4912602390E+09    0.1894698372E-05
    0.8430000000E+00    0.2384069878E-20    0.1646202581E-21    0.1657448792E-06    0.5127683255E+29    0.2429696982E-06    0.1222475519E+09    0.5052061604E-06
    0.8430000000E+00    0.2554576900E-20    0.1763937846E-21    0.1696055734E-06    0.7786589883E+28    0.3953467974E-07    0.1989144264E+08    0.8808353763E-07
    0.8430000000E+00    0.2737278465E-20    0.1890093455E-21    0.1735561947E-06    0.1451271430E+28    0.7895498761E-08    0.3972534033E+07    0.1884933761E-07
    0.8430000000E+00    0.2933046719E-20    0.2025271626E-21    0.1775988378E-06    0.3558398255E+27    0.2074366434E-08    0.1043694832E+07    0.5306424628E-08
    0.8430000000E+00    0.3142816182E-20    0.2170117645E-21    0.1817356462E-06    0.7858461582E+26    0.4908722240E-09    0.2469770023E+06    0.1345503964E-08
    0.8430000000E+00    0.3367588212E-20    0.2325322952E-21    0.1859688132E-06    0.1865794572E+26    0.1248805346E-09    0.6283227808E+05    0.3667847519E-09
    0.8430000000E+00    0.3608435782E-20    0.2491628434E-21    0.1903005833E-06    0.2403597396E+25    0.1723822912E-10    0.8673226849E+04    0.5425117793E-10
    0.8430000000E+00    0.3866508602E-20    0.2669827968E-21    0.1947332533E-06    0.7854564613E+24    0.6036052945E-11    0.3036974164E+04    0.2035492769E-10
