    0.8200000000E+00    0.4143038610E-23    0.2860772210E-24    0.1992691735E-07    0.0000000000E+00    0.0000000000E+00    0.0000000000E+00    0.0000000000E+00
    0.8200000000E+00    0.4439345853E-23    0.3065372650E-24    0.2039107488E-07    0.0000000000E+00    0.0000000000E+00    0.0000000000E+00    0.0000000000E+00
    0.8200000000E+00    0.4756844785E-23    0.3284605973E-24    0.2086604403E-07    0.0000000000E+00    0.0000000000E+00    0.0000000000E+00    0.0000000000E+00
    0.8200000000E+00    0.5097051019E-23    0.3519518710E-24    0.2135207663E-07    0.0000000000E+00    0.0000000000E+00    0.0000000000E+00    0.0000000000E+00
    0.8200000000E+00    0.5461588566E-23    0.3771232243E-24    0.2184943039E-07    0.0000000000E+00    0.0000000000E+00    0.0000000000E+00    0.0000000000E+00
    0.8200000000E+00    0.5852197586E-23    0.4040948153E-24    0.2235836900E-07    0.0000000000E+00    0.0000000000E+00    0.0000000000E+00    0.0000000000E+00
    0.8200000000E+00    0.6270742692E-23    0.4329953957E-24    0.2287916232E-07    0.0000000000E+00    0.0000000000E+00    0.0000000000E+00    0.0000000000E+00
    0.8200000000E+00    0.6719221852E-23    0.4639629256E-24    0.2341208647E-07    0.0000000000E+00    0.0000000000E+00    0.0000000000E+00    0.0000000000E+00
    0.8200000000E+00    0.7199775931E-23    0.4971452317E-24    0.2395742402E-07    0.0000000000E+00    0.0000000000E+00    0.0000000000E+00    0.0000000000E+00
    0.8200000000E+00    0.7714698903E-23    0.5327007132E-24    0.2451546411E-07    0.0000000000E+00    0.0000000000E+00    0.0000000000E+00    0.0000000000E+00
    0.8200000000E+00    0.8266448809E-23    0.5707990981E-24    0.2508650263E-07    0.0000000000E+00    0.0000000000E+00    0.0000000000E+00    0.0000000000E+00
    0.8200000000E+00    0.8857659485E-23    0.6116222531E-24    0.2567084234E-07    0.0000000000E+00    0.0000000000E+00    0.0000000000E+00    0.0000000000E+00
    0.8200000000E+00    0.9491153137E-23    0.6553650517E-24    0.2626879307E-07    0.0000000000E+00    0.0000000000E+00    0.0000000000E+00    0.0000000000E+00
    0.8200000000E+00    0.1016995382E-22    0.7022363048E-24    0.2688067187E-07    0.0000000000E+00    0.0000000000E+00    0.0000000000E+00    0.0000000000E+00
    0.8200000000E+00    0.1089730185E-22    0.7524597575E-24    0.2750680315E-07    0.0000000000E+00    0.0000000000E+00    0.0000000000E+00    0.0000000000E+00
    0.8200000000E+00    0.1167666930E-22    0.8062751566E-24    0.2814751890E-07    0.0000000000E+00    0.0000000000E+00    0.0000000000E+00    0.0000000000E+00
    0.8200000000E+00    0.1251177658E-22    0.8639393956E-24    0.2880315884E-07    0.0000000000E+00    0.0000000000E+00    0.0000000000E+00    0.0000000000E+00
    0.8200000000E+00    0.1340661015E-22    0.9257277409E-24    0.2947407060E-07    0.0000000000E+00    0.0000000000E+00    0.0000000000E+00    0.0000000000E+00
    0.8200000000E+00    0.1436544159E-22    0.9919351458E-24    0.3016060990E-07    0.0000000000E+00    0.0000000000E+00    0.0000000000E+00    0.0000000000E+00
    0.8200000000E+00    0.1539284799E-22    0.1062877658E-23    0.3086314075E-07    0.0000000000E+00    0.0000000000E+00    0.0000000000E+00    0.0000000000E+00
    0.8200000000E+00    0.1649373379E-22    0.1138893930E-23    0.3158203565E-07    0.0000000000E+00    0.0000000000E+00    0.0000000000E+00    0.0000000000E+00
    0.8200000000E+00    0.1767335417E-22    0.1220346833E-23    0.3231767576E-07    0.0000000000E+00    0.0000000000E+00    0.0000000000E+00    0.0000000000E+00
    0.8200000000E+00    0.1893734018E-22    0.1307625190E-23    0.3307045113E-07   -0.1943479058E-15   -0.7314940351E-53   -0.3680432405E-38   -0.1263023676E-54
    0.8200000000E+00    0.2029172559E-22    0.1401145635E-23    0.3384076090E-07   -0.2826620523E-15   -0.1139983149E-52   -0.5735700800E-38   -0.2109109532E-54
    0.8200000000E+00    0.2174297571E-22    0.1501354598E-23    0.3462901348E-07   -0.2058209846E-15   -0.8894480255E-53   -0.4475160669E-38   -0.1763279986E-54
    0.8200000000E+00    0.2329801823E-22    0.1608730435E-23    0.3543562682E-07    0.8440708337E-15    0.3908497312E-52    0.1966517767E-37    0.8302531276E-54
    0.8200000000E+00    0.2496427630E-22    0.1723785718E-23    0.3626102861E-07    0.2029053720E-14    0.1006756563E-51    0.5065385770E-37    0.2291528019E-53
    0.8200000000E+00    0.2674970400E-22    0.1847069675E-23    0.3710565646E-07   -0.3136663444E-14   -0.1667626725E-51   -0.8390481867E-37   -0.4067237649E-53
    0.8200000000E+00    0.2866282424E-22    0.1979170815E-23    0.3796995823E-07   -0.8039621467E-13   -0.4580011042E-50   -0.2304382571E-35   -0.1196925798E-51
    0.8200000000E+00    0.3071276952E-22    0.2120719737E-23    0.3885439218E-07   -0.1735925263E-12   -0.1059648792E-49   -0.5331507251E-35   -0.2967308154E-51
    0.8200000000E+00    0.3290932546E-22    0.2272392139E-23    0.3975942724E-07    0.1907324525E-12    0.1247542981E-49    0.6276876355E-35    0.3743313665E-51
    0.8200000000E+00    0.3526297755E-22    0.2434912046E-23    0.4068554327E-07    0.2062799474E-10    0.1445732473E-47    0.7274045156E-33    0.4648241016E-49
    0.8200000000E+00    0.3778496121E-22    0.2609055264E-23    0.4163323131E-07    0.4349124498E-10    0.3266124714E-47    0.1643315004E-32    0.1125209698E-48
    0.8200000000E+00    0.4048731538E-22    0.2795653084E-23    0.4260299385E-07   -0.1754185016E-08   -0.1411582680E-45   -0.7102224199E-31   -0.5210831425E-47
    0.8200000000E+00    0.4338294005E-22    0.2995596250E-23    0.4359534505E-07   -0.1815166625E-07   -0.1565119209E-44   -0.7874726489E-30   -0.6190819250E-46
    0.8200000000E+00    0.4648565778E-22    0.3209839213E-23    0.4461081109E-07    0.1682857281E-06    0.1554813168E-43    0.7822872768E-29    0.6589901341E-45
    0.8200000000E+00    0.4981027973E-22    0.3439404683E-23    0.4564993037E-07    0.3232642336E-05    0.3200284442E-42    0.1610188190E-27    0.1453413811E-43
    0.8200000000E+00    0.5337267633E-22    0.3685388516E-23    0.4671325384E-07   -0.1157993594E-04   -0.1228392287E-41   -0.6180521728E-27   -0.5977750486E-43
    0.8200000000E+00    0.5718985306E-22    0.3948964943E-23    0.4780134531E-07   -0.2230725177E-02   -0.2535578105E-39   -0.1275748451E-24   -0.1322140764E-40
    0.8200000000E+00    0.6128003161E-22    0.4231392172E-23    0.4891478167E-07   -0.2422002455E+00   -0.2949887835E-37   -0.1484203870E-22   -0.1648185942E-38
    0.8200000000E+00    0.6566273690E-22    0.4534018400E-23    0.5005415331E-07   -0.6109179389E+00   -0.7972853825E-37   -0.4011454389E-22   -0.4773253552E-38
    0.8200000000E+00    0.7035889022E-22    0.4858288246E-23    0.5122006431E-07    0.1014622222E+02    0.1418846110E-35    0.7138769355E-21    0.9101982507E-37
    0.8200000000E+00    0.7539090917E-22    0.5205749646E-23    0.5241313287E-07    0.8689233528E+03    0.1302004224E-33    0.6550892156E-19    0.8949795168E-35
    0.8200000000E+00    0.8078281461E-22    0.5578061244E-23    0.5363399157E-07    0.4925069669E+04    0.7907574681E-33    0.3978609900E-18    0.5824303596E-34
    0.8200000000E+00    0.8656034539E-22    0.5977000309E-23    0.5488328773E-07   -0.1781088668E+05   -0.3064195458E-32   -0.1541716503E-17   -0.2418338930E-33
    0.8200000000E+00    0.9275108115E-22    0.6404471218E-23    0.5616168372E-07   -0.1385838598E+07   -0.2554721582E-30   -0.1285380283E-15   -0.2160450298E-31
    0.8200000000E+00    0.9938457404E-22    0.6862514550E-23    0.5746985739E-07   -0.6505163450E+08   -0.1284958605E-28   -0.6465128985E-14   -0.1164366870E-29
    0.8200000000E+00    0.1064924897E-21    0.7353316823E-23    0.5880850233E-07   -0.2718090075E+10   -0.5753005227E-27   -0.2894561793E-12   -0.5585929771E-28
    0.8200000000E+00    0.1141087586E-21    0.7879220933E-23    0.6017832832E-07   -0.9196727762E+11   -0.2085759617E-25   -0.1049427188E-10   -0.2170026100E-26
    0.8200000000E+00    0.1222697377E-21    0.8442737340E-23    0.6158006166E-07   -0.1860015429E+12   -0.4520094042E-25   -0.2274235986E-10   -0.5039044262E-26
    0.8200000000E+00    0.1310143844E-21    0.9046556049E-23    0.6301444556E-07    0.1036650479E+13    0.2699375343E-24    0.1358161243E-09    0.3224511864E-25
    0.8200000000E+00    0.1403844422E-21    0.9693559452E-23    0.6448224056E-07    0.3917217664E+14    0.1092970973E-22    0.5499164167E-08    0.1398972994E-23
    0.8200000000E+00    0.1504246400E-21    0.1038683609E-22    0.6598422489E-07    0.9854060502E+15    0.2946090939E-21    0.1482293503E-06    0.4040609224E-22
    0.8200000000E+00    0.1611829057E-21    0.1112969539E-22    0.6752119493E-07    0.2212546969E+17    0.7087995330E-20    0.3566247494E-05    0.1041655534E-20
    0.8200000000E+00    0.1727105951E-21    0.1192568347E-22    0.6909396560E-07    0.2027408831E+18    0.6959407353E-19    0.3501549857E-04    0.1095905131E-19
    0.8200000000E+00    0.1850627369E-21    0.1277860007E-22    0.7070337081E-07    0.1690196452E+18    0.6216817375E-19    0.3127923814E-04    0.1048983875E-19
    0.8200000000E+00    0.1982982953E-21    0.1369251667E-22    0.7235026388E-07   -0.2370120167E+19   -0.9341170296E-18   -0.4699907888E-03   -0.1688892442E-18
    0.8200000000E+00    0.2124804516E-21    0.1467179595E-22    0.7403551802E-07   -0.4517113000E+20   -0.1907620052E-16   -0.9597982100E-02   -0.3695664869E-17
    0.8200000000E+00    0.2276769058E-21    0.1572111260E-22    0.7576002677E-07   -0.6489895086E+21   -0.2936760972E-15   -0.1477599232E+00   -0.6096341720E-16
    0.8200000000E+00    0.2439602000E-21    0.1684547565E-22    0.7752470448E-07   -0.8384269325E+22   -0.4065333179E-14   -0.2045428021E+01   -0.9042673435E-15
    0.8200000000E+00    0.2614080640E-21    0.1805025236E-22    0.7933048683E-07   -0.9953019543E+23   -0.5171133868E-13   -0.2601799569E+02   -0.1232498738E-13
    0.8200000000E+00    0.2801037871E-21    0.1934119387E-22    0.8117833125E-07   -0.1077838629E+25   -0.6000461703E-12   -0.3019066819E+03   -0.1532446674E-12
    0.8200000000E+00    0.3001366153E-21    0.2072446262E-22    0.8306921749E-07   -0.2978441234E+25   -0.1776723962E-11   -0.8939392710E+03   -0.4862063899E-12
    0.8200000000E+00    0.3216021775E-21    0.2220666179E-22    0.8500414813E-07   -0.1781053715E+25   -0.1138434220E-11   -0.5727907532E+03   -0.3338171494E-12
    0.8200000000E+00    0.3446029418E-21    0.2379486681E-22    0.8698414910E-07    0.1853836750E+26    0.1269703776E-10    0.6388375976E+04    0.3989358942E-11
    0.8200000000E+00    0.3692487048E-21    0.2549665916E-22    0.8901027021E-07    0.2019758496E+27    0.1482280405E-09    0.7457932086E+05    0.4990350736E-10
    0.8200000000E+00    0.3956571157E-21    0.2732016250E-22    0.9108358575E-07    0.1597667407E+28    0.1256369253E-08    0.6321284779E+06    0.4532293250E-09
    0.8200000000E+00    0.4239542377E-21    0.2927408154E-22    0.9320519501E-07    0.1124377915E+29    0.9474214876E-08    0.4766847816E+07    0.3662215808E-08
    0.8200000000E+00    0.4542751502E-21    0.3136774352E-22    0.9537622289E-07    0.7287752514E+29    0.6579979489E-07    0.3310644868E+08    0.2725368566E-07
    0.8200000000E+00    0.4867645933E-21    0.3361114274E-22    0.9759782052E-07    0.4388814851E+30    0.4245982343E-06    0.2136319676E+09    0.1884425127E-06
    0.8200000000E+00    0.5215776589E-21    0.3601498832E-22    0.9987116580E-07    0.2463631758E+31    0.2553916639E-05    0.1284975284E+10    0.1214527689E-05
    0.8200000000E+00    0.5588805307E-21    0.3859075526E-22    0.1021974641E-06    0.1291405794E+32    0.1434477215E-04    0.7217415555E+10    0.7309612543E-05
    0.8200000000E+00    0.5988512779E-21    0.4135073927E-22    0.1045779488E-06    0.6329270008E+32    0.7533287585E-04    0.3790291432E+11    0.4113251357E-04
    0.8200000000E+00    0.6416807053E-21    0.4430811541E-22    0.1070138822E-06    0.2902588785E+33    0.3701829711E-03    0.1862535218E+12    0.2165793966E-03
    0.8200000000E+00    0.6875732635E-21    0.4747700104E-22    0.1095065557E-06    0.1245726826E+34    0.1702369150E-02    0.8565284589E+12    0.1067221199E-02
    0.8200000000E+00    0.7367480256E-21    0.5087252317E-22    0.1120572911E-06    0.5000205229E+34    0.7321815042E-02    0.3683891330E+13    0.4918350291E-02
    0.8200000000E+00    0.7894397325E-21    0.5451089068E-22    0.1146674407E-06    0.1760428668E+35    0.2762163335E-01    0.1389752336E+14    0.1988154171E-01
    0.8200000000E+00    0.8458999137E-21    0.5840947171E-22    0.1173383885E-06    0.3897864549E+35    0.6553264049E-01    0.3297203286E+14    0.5054269204E-01
    0.8200000000E+00    0.9063980879E-21    0.6258687655E-22    0.1200715507E-06    0.5985830771E+35    0.1078339114E+00    0.5425545565E+14    0.8911607719E-01
    0.8200000000E+00    0.9712230494E-21    0.6706304648E-22    0.1228683764E-06    0.7086388215E+35    0.1367904772E+00    0.6882463571E+14    0.1211313527E+00
    0.8200000000E+00    0.1040684247E-20    0.7185934897E-22    0.1257303485E-06    0.7134974798E+35    0.1475785936E+00    0.7425255876E+14    0.1400309612E+00
    0.8200000000E+00    0.1115113261E-20    0.7699867968E-22    0.1286589846E-06    0.6896917875E+35    0.1528572276E+00    0.7690844585E+14    0.1554127628E+00
    0.8200000000E+00    0.1194865387E-20    0.8250557175E-22    0.1316558373E-06    0.5798777703E+35    0.1377106044E+00    0.6928758765E+14    0.1500265377E+00
    0.8200000000E+00    0.1280321329E-20    0.8840631292E-22    0.1347224957E-06    0.3950562859E+35    0.1005286616E+00    0.5057989892E+14    0.1173520290E+00
    0.8200000000E+00    0.1371889021E-20    0.9472907100E-22    0.1378605858E-06    0.2252577608E+35    0.6142012366E-01    0.3090286490E+14    0.7682656027E-01
    0.8200000000E+00    0.1470005571E-20    0.1015040283E-21    0.1410717713E-06    0.1089972053E+35    0.3184536909E-01    0.1602264991E+14    0.4268221896E-01
    0.8200000000E+00    0.1575139348E-20    0.1087635259E-21    0.1443577550E-06    0.4481281192E+34    0.1402920689E-01    0.7058642336E+13    0.2014808723E-01
    0.8200000000E+00    0.1687792220E-20    0.1165422177E-21    0.1477202791E-06    0.1545255542E+34    0.5183597047E-02    0.2608070282E+13    0.7976859384E-02
    0.8200000000E+00    0.1808501947E-20    0.1248772362E-21    0.1511611264E-06    0.4091492409E+33    0.1470661332E-02    0.7399471988E+12    0.2425009120E-02
    0.8200000000E+00    0.1937844750E-20    0.1338083694E-21    0.1546821213E-06    0.2771518264E+32    0.1067452771E-03    0.5370772117E+11    0.1886033365E-03
    0.8200000000E+00    0.2076438060E-20    0.1433782510E-21    0.1582851308E-06    0.6242064394E+30    0.2576078948E-05    0.1296126008E+10    0.4877079906E-05
    0.8200000000E+00    0.2224943467E-20    0.1536325639E-21    0.1619720651E-06    0.1522775716E+30    0.6733903159E-06    0.3388089883E+09    0.1366053062E-05
    0.8200000000E+00    0.2384069878E-20    0.1646202581E-21    0.1657448792E-06    0.3445558031E+29    0.1632640226E-06    0.8214451117E+08    0.3548879026E-06
    0.8200000000E+00    0.2554576900E-20    0.1763937846E-21    0.1696055734E-06    0.5277200398E+28    0.2679381229E-07    0.1348101423E+08    0.6240727406E-07
    0.8200000000E+00    0.2737278465E-20    0.1890093455E-21    0.1735561947E-06    0.1037051637E+28    0.5641976923E-08    0.2838699114E+07    0.1408095168E-07
    0.8200000000E+00    0.2933046719E-20    0.2025271626E-21    0.1775988378E-06    0.2544016446E+27    0.1483033080E-08    0.7461719089E+06    0.3965989326E-08
    0.8200000000E+00    0.3142816182E-20    0.2170117645E-21    0.1817356462E-06    0.5619388396E+26    0.3510103919E-09    0.1766070479E+06    0.1005820949E-08
    0.8200000000E+00    0.3367588212E-20    0.2325322952E-21    0.1859688132E-06    0.1323627435E+26    0.8859244430E-10    0.4457432148E+05    0.2720178394E-09
    0.8200000000E+00    0.3608435782E-20    0.2491628434E-21    0.1903005833E-06    0.1583299693E+25    0.1135518075E-10    0.5713235267E+04    0.3735895797E-10
    0.8200000000E+00    0.3866508602E-20    0.2669827968E-21    0.1947332533E-06    0.5236036344E+24    0.4023773965E-11    0.2024517956E+04    0.1418516131E-10
