    0.8570000000E+00    0.4143038610E-23    0.2860772210E-24    0.1992691735E-07    0.0000000000E+00    0.0000000000E+00    0.0000000000E+00    0.0000000000E+00
    0.8570000000E+00    0.4439345853E-23    0.3065372650E-24    0.2039107488E-07    0.0000000000E+00    0.0000000000E+00    0.0000000000E+00    0.0000000000E+00
    0.8570000000E+00    0.4756844785E-23    0.3284605973E-24    0.2086604403E-07    0.0000000000E+00    0.0000000000E+00    0.0000000000E+00    0.0000000000E+00
    0.8570000000E+00    0.5097051019E-23    0.3519518710E-24    0.2135207663E-07    0.0000000000E+00    0.0000000000E+00    0.0000000000E+00    0.0000000000E+00
    0.8570000000E+00    0.5461588566E-23    0.3771232243E-24    0.2184943039E-07    0.0000000000E+00    0.0000000000E+00    0.0000000000E+00    0.0000000000E+00
    0.8570000000E+00    0.5852197586E-23    0.4040948153E-24    0.2235836900E-07    0.0000000000E+00    0.0000000000E+00    0.0000000000E+00    0.0000000000E+00
    0.8570000000E+00    0.6270742692E-23    0.4329953957E-24    0.2287916232E-07    0.0000000000E+00    0.0000000000E+00    0.0000000000E+00    0.0000000000E+00
    0.8570000000E+00    0.6719221852E-23    0.4639629256E-24    0.2341208647E-07    0.0000000000E+00    0.0000000000E+00    0.0000000000E+00    0.0000000000E+00
    0.8570000000E+00    0.7199775931E-23    0.4971452317E-24    0.2395742402E-07    0.0000000000E+00    0.0000000000E+00    0.0000000000E+00    0.0000000000E+00
    0.8570000000E+00    0.7714698903E-23    0.5327007132E-24    0.2451546411E-07    0.0000000000E+00    0.0000000000E+00    0.0000000000E+00    0.0000000000E+00
    0.8570000000E+00    0.8266448809E-23    0.5707990981E-24    0.2508650263E-07    0.0000000000E+00    0.0000000000E+00    0.0000000000E+00    0.0000000000E+00
    0.8570000000E+00    0.8857659485E-23    0.6116222531E-24    0.2567084234E-07    0.0000000000E+00    0.0000000000E+00    0.0000000000E+00    0.0000000000E+00
    0.8570000000E+00    0.9491153137E-23    0.6553650517E-24    0.2626879307E-07    0.0000000000E+00    0.0000000000E+00    0.0000000000E+00    0.0000000000E+00
    0.8570000000E+00    0.1016995382E-22    0.7022363048E-24    0.2688067187E-07    0.0000000000E+00    0.0000000000E+00    0.0000000000E+00    0.0000000000E+00
    0.8570000000E+00    0.1089730185E-22    0.7524597575E-24    0.2750680315E-07    0.0000000000E+00    0.0000000000E+00    0.0000000000E+00    0.0000000000E+00
    0.8570000000E+00    0.1167666930E-22    0.8062751566E-24    0.2814751890E-07    0.0000000000E+00    0.0000000000E+00    0.0000000000E+00    0.0000000000E+00
    0.8570000000E+00    0.1251177658E-22    0.8639393956E-24    0.2880315884E-07    0.0000000000E+00    0.0000000000E+00    0.0000000000E+00    0.0000000000E+00
    0.8570000000E+00    0.1340661015E-22    0.9257277409E-24    0.2947407060E-07    0.0000000000E+00    0.0000000000E+00    0.0000000000E+00    0.0000000000E+00
    0.8570000000E+00    0.1436544159E-22    0.9919351458E-24    0.3016060990E-07    0.0000000000E+00    0.0000000000E+00    0.0000000000E+00    0.0000000000E+00
    0.8570000000E+00    0.1539284799E-22    0.1062877658E-23    0.3086314075E-07    0.0000000000E+00    0.0000000000E+00    0.0000000000E+00    0.0000000000E+00
    0.8570000000E+00    0.1649373379E-22    0.1138893930E-23    0.3158203565E-07    0.0000000000E+00    0.0000000000E+00    0.0000000000E+00    0.0000000000E+00
    0.8570000000E+00    0.1767335417E-22    0.1220346833E-23    0.3231767576E-07    0.0000000000E+00    0.0000000000E+00    0.0000000000E+00    0.0000000000E+00
    0.8570000000E+00    0.1893734018E-22    0.1307625190E-23    0.3307045113E-07    0.0000000000E+00    0.0000000000E+00    0.0000000000E+00    0.0000000000E+00
    0.8570000000E+00    0.2029172559E-22    0.1401145635E-23    0.3384076090E-07    0.0000000000E+00    0.0000000000E+00    0.0000000000E+00    0.0000000000E+00
    0.8570000000E+00    0.2174297571E-22    0.1501354598E-23    0.3462901348E-07    0.0000000000E+00    0.0000000000E+00    0.0000000000E+00    0.0000000000E+00
    0.8570000000E+00    0.2329801823E-22    0.1608730435E-23    0.3543562682E-07    0.0000000000E+00    0.0000000000E+00    0.0000000000E+00    0.0000000000E+00
    0.8570000000E+00    0.2496427630E-22    0.1723785718E-23    0.3626102861E-07    0.0000000000E+00    0.0000000000E+00    0.0000000000E+00    0.0000000000E+00
    0.8570000000E+00    0.2674970400E-22    0.1847069675E-23    0.3710565646E-07    0.0000000000E+00    0.0000000000E+00    0.0000000000E+00    0.0000000000E+00
    0.8570000000E+00    0.2866282424E-22    0.1979170815E-23    0.3796995823E-07   -0.1042525439E-15   -0.5939058253E-53   -0.2988172343E-38   -0.1449876564E-54
    0.8570000000E+00    0.3071276952E-22    0.2120719737E-23    0.3885439218E-07   -0.1912943118E-14   -0.1167704571E-51   -0.5875178108E-37   -0.3054544279E-53
    0.8570000000E+00    0.3290932546E-22    0.2272392139E-23    0.3975942724E-07   -0.2509224837E-13   -0.1641233986E-50   -0.8257689680E-36   -0.4600276613E-52
    0.8570000000E+00    0.3526297755E-22    0.2434912046E-23    0.4068554327E-07   -0.1638649942E-13   -0.1148463271E-50   -0.5778367611E-36   -0.3449296722E-52
    0.8570000000E+00    0.3778496121E-22    0.2609055264E-23    0.4163323131E-07    0.2699505037E-11    0.2027286209E-48    0.1020006931E-33    0.6524218703E-50
    0.8570000000E+00    0.4048731538E-22    0.2795653084E-23    0.4260299385E-07    0.2707028594E-11    0.2178330474E-48    0.1096003204E-33    0.7511682309E-50
    0.8570000000E+00    0.4338294005E-22    0.2995596250E-23    0.4359534505E-07   -0.6252376660E-09   -0.5391083483E-46   -0.2712464818E-31   -0.1992000770E-47
    0.8570000000E+00    0.4648565778E-22    0.3209839213E-23    0.4461081109E-07   -0.1578984042E-08   -0.1458843366E-45   -0.7340011181E-31   -0.5775932505E-47
    0.8570000000E+00    0.4981027973E-22    0.3439404683E-23    0.4564993037E-07    0.7292702282E-07    0.7219704263E-44    0.3632515406E-29    0.3062900248E-45
    0.8570000000E+00    0.5337267633E-22    0.3685388516E-23    0.4671325384E-07    0.3982794081E-06    0.4224922793E-43    0.2125723794E-28    0.1920579203E-44
    0.8570000000E+00    0.5718985306E-22    0.3948964943E-23    0.4780134531E-07   -0.5851544714E-05   -0.6651222126E-42   -0.3346489824E-27   -0.3239775351E-43
    0.8570000000E+00    0.6128003161E-22    0.4231392172E-23    0.4891478167E-07   -0.8660689594E-03   -0.1054832245E-39   -0.5307273321E-25   -0.5505500954E-41
    0.8570000000E+00    0.6566273690E-22    0.4534018400E-23    0.5005415331E-07   -0.6307995956E-01   -0.8232321640E-38   -0.4142002788E-23   -0.4604004877E-39
    0.8570000000E+00    0.7035889022E-22    0.4858288246E-23    0.5122006431E-07   -0.6957740561E-01   -0.9729693392E-38   -0.4895389043E-23   -0.5830591291E-39
    0.8570000000E+00    0.7539090917E-22    0.5205749646E-23    0.5241313287E-07    0.4325597701E+01    0.6481522748E-36    0.3261107433E-21    0.4161889013E-37
    0.8570000000E+00    0.8078281461E-22    0.5578061244E-23    0.5363399157E-07    0.3462462394E+03    0.5559247240E-34    0.2797074577E-19    0.3824982337E-35
    0.8570000000E+00    0.8656034539E-22    0.5977000309E-23    0.5488328773E-07    0.9390232197E+03    0.1615501090E-33    0.8128217422E-19    0.1191024514E-34
    0.8570000000E+00    0.9275108115E-22    0.6404471218E-23    0.5616168372E-07   -0.9013540458E+04   -0.1661599437E-32   -0.8360156225E-18   -0.1312622309E-33
    0.8570000000E+00    0.9938457404E-22    0.6862514550E-23    0.5746985739E-07   -0.5838778398E+06   -0.1153328214E-30   -0.5802845040E-16   -0.9762619465E-32
    0.8570000000E+00    0.1064924897E-21    0.7353316823E-23    0.5880850233E-07   -0.2792915241E+08   -0.5911377305E-29   -0.2974244976E-14   -0.5361695238E-30
    0.8570000000E+00    0.1141087586E-21    0.7879220933E-23    0.6017832832E-07   -0.1196563668E+10   -0.2713730626E-27   -0.1365383948E-12   -0.2637425378E-28
    0.8570000000E+00    0.1222697377E-21    0.8442737340E-23    0.6158006166E-07   -0.3480833556E+11   -0.8458905649E-26   -0.4256006060E-11   -0.8809020604E-27
    0.8570000000E+00    0.1310143844E-21    0.9046556049E-23    0.6301444556E-07   -0.5008927634E+11   -0.1304294555E-25   -0.6562415707E-11   -0.1455422639E-26
    0.8570000000E+00    0.1403844422E-21    0.9693559452E-23    0.6448224056E-07    0.5332101540E+12    0.1487747863E-24    0.7485441003E-10    0.1778864139E-25
    0.8570000000E+00    0.1504246400E-21    0.1038683609E-22    0.6598422489E-07    0.1852511182E+14    0.5538494923E-23    0.2786633275E-08    0.7095862752E-24
    0.8570000000E+00    0.1611829057E-21    0.1112969539E-22    0.6752119493E-07    0.4743754540E+15    0.1519683446E-21    0.7646121407E-07    0.2086251095E-22
    0.8570000000E+00    0.1727105951E-21    0.1192568347E-22    0.6909396560E-07    0.1091304216E+17    0.3746077490E-20    0.1884798005E-05    0.5510489785E-21
    0.8570000000E+00    0.1850627369E-21    0.1277860007E-22    0.7070337081E-07    0.8836635844E+17    0.3250258345E-19    0.1635332014E-04    0.5123082233E-20
    0.8570000000E+00    0.1982982953E-21    0.1369251667E-22    0.7235026388E-07    0.6086701728E+17    0.2398904417E-19    0.1206982577E-04    0.4051598382E-20
    0.8570000000E+00    0.2124804516E-21    0.1467179595E-22    0.7403551802E-07   -0.1286787537E+19   -0.5434226924E-18   -0.2734171970E-03   -0.9834475773E-19
    0.8570000000E+00    0.2276769058E-21    0.1572111260E-22    0.7576002677E-07   -0.2418597814E+20   -0.1094446609E-16   -0.5506588668E-02   -0.2122306112E-17
    0.8570000000E+00    0.2439602000E-21    0.1684547565E-22    0.7752470448E-07   -0.3548131552E+21   -0.1720404768E-15   -0.8656028830E-01   -0.3574736892E-16
    0.8570000000E+00    0.2614080640E-21    0.1805025236E-22    0.7933048683E-07   -0.4700311534E+22   -0.2442066959E-14   -0.1228699338E+01   -0.5437146220E-15
    0.8570000000E+00    0.2801037871E-21    0.1934119387E-22    0.8117833125E-07   -0.5727226321E+23   -0.3188418125E-13   -0.1604217782E+02   -0.7606567336E-14
    0.8570000000E+00    0.3001366153E-21    0.2072446262E-22    0.8306921749E-07   -0.6394573783E+24   -0.3814543103E-12   -0.1919245732E+03   -0.9751153019E-13
    0.8570000000E+00    0.3216021775E-21    0.2220666179E-22    0.8500414813E-07   -0.1824859303E+25   -0.1166434375E-11   -0.5868787256E+03   -0.3195021277E-12
    0.8570000000E+00    0.3446029418E-21    0.2379486681E-22    0.8698414910E-07   -0.1078051824E+25   -0.7383640827E-12   -0.3714998299E+03   -0.2167125226E-12
    0.8570000000E+00    0.3692487048E-21    0.2549665916E-22    0.8901027021E-07    0.1192607704E+26    0.8752427749E-11    0.4403688501E+04    0.2752592862E-11
    0.8570000000E+00    0.3956571157E-21    0.2732016250E-22    0.9108358575E-07    0.1320513910E+27    0.1038422057E-09    0.5224707248E+05    0.3499349734E-10
    0.8570000000E+00    0.4239542377E-21    0.2927408154E-22    0.9320519501E-07    0.1068262594E+28    0.9001376874E-09    0.4528944536E+06    0.3250292085E-09
    0.8570000000E+00    0.4542751502E-21    0.3136774352E-22    0.9537622289E-07    0.7699115508E+28    0.6951391671E-08    0.3497516854E+07    0.2689584567E-08
    0.8570000000E+00    0.4867645933E-21    0.3361114274E-22    0.9759782052E-07    0.5112032650E+29    0.4945663261E-07    0.2488356494E+08    0.2050397142E-07
    0.8570000000E+00    0.5215776589E-21    0.3601498832E-22    0.9987116580E-07    0.3153616633E+30    0.3269187438E-06    0.1644855981E+09    0.1452289731E-06
    0.8570000000E+00    0.5588805307E-21    0.3859075526E-22    0.1021974641E-06    0.1813100308E+31    0.2013968881E-05    0.1013306462E+10    0.9586635179E-06
    0.8570000000E+00    0.5988512779E-21    0.4135073927E-22    0.1045779488E-06    0.9730817425E+31    0.1158191166E-04    0.5827312451E+10    0.5907363469E-05
    0.8570000000E+00    0.6416807053E-21    0.4430811541E-22    0.1070138822E-06    0.4880295356E+32    0.6224106716E-04    0.3131591366E+11    0.3401656648E-04
    0.8570000000E+00    0.6875732635E-21    0.4747700104E-22    0.1095065557E-06    0.2288418350E+33    0.3127276961E-03    0.1573455273E+12    0.1831385580E-03
    0.8570000000E+00    0.7367480256E-21    0.5087252317E-22    0.1120572911E-06    0.1003143155E+34    0.1468905435E-02    0.7390637387E+12    0.9217375554E-03
    0.8570000000E+00    0.7894397325E-21    0.5451089068E-22    0.1146674407E-06    0.4107261063E+34    0.6444411024E-02    0.3242435075E+13    0.4333079696E-02
    0.8570000000E+00    0.8458999137E-21    0.5840947171E-22    0.1173383885E-06    0.1511722075E+35    0.2541574700E-01    0.1278765573E+14    0.1831117966E-01
    0.8570000000E+00    0.9063980879E-21    0.6258687655E-22    0.1200715507E-06    0.3545132779E+35    0.6386507547E-01    0.3213301572E+14    0.4930340057E-01
    0.8570000000E+00    0.9712230494E-21    0.6706304648E-22    0.1228683764E-06    0.5598147309E+35    0.1080625586E+00    0.5437049701E+14    0.8938994933E-01
    0.8570000000E+00    0.1040684247E-20    0.7185934897E-22    0.1257303485E-06    0.6715813291E+35    0.1389087290E+00    0.6989041098E+14    0.1231240755E+00
    0.8570000000E+00    0.1115113261E-20    0.7699867968E-22    0.1286589846E-06    0.6775548298E+35    0.1501672990E+00    0.7555503760E+14    0.1426227527E+00
    0.8570000000E+00    0.1194865387E-20    0.8250557175E-22    0.1316558373E-06    0.6550545185E+35    0.1555637382E+00    0.7827019709E+14    0.1583149090E+00
    0.8570000000E+00    0.1280321329E-20    0.8840631292E-22    0.1347224957E-06    0.5495171743E+35    0.1398338110E+00    0.7035585592E+14    0.1524844786E+00
    0.8570000000E+00    0.1371889021E-20    0.9472907100E-22    0.1378605858E-06    0.3707363134E+35    0.1010871729E+00    0.5086090781E+14    0.1181162080E+00
    0.8570000000E+00    0.1470005571E-20    0.1015040283E-21    0.1410717713E-06    0.2073791398E+35    0.6058930803E-01    0.3048484908E+14    0.7585940595E-01
    0.8570000000E+00    0.1575139348E-20    0.1087635259E-21    0.1443577550E-06    0.9709316194E+34    0.3039621925E-01    0.1529352598E+14    0.4077866589E-01
    0.8570000000E+00    0.1687792220E-20    0.1165422177E-21    0.1477202791E-06    0.3784564720E+34    0.1269541378E-01    0.6387558890E+13    0.1824989228E-01
    0.8570000000E+00    0.1808501947E-20    0.1248772362E-21    0.1511611264E-06    0.1195316597E+34    0.4296490677E-02    0.2161732394E+13    0.6618008470E-02
    0.8570000000E+00    0.1937844750E-20    0.1338083694E-21    0.1546821213E-06    0.2103159009E+33    0.8100335978E-03    0.4075595643E+12    0.1336954038E-02
    0.8570000000E+00    0.2076438060E-20    0.1433782510E-21    0.1582851308E-06    0.1110503210E+31    0.4583009339E-05    0.2305891131E+10    0.8105208423E-05
    0.8570000000E+00    0.2224943467E-20    0.1536325639E-21    0.1619720651E-06    0.2696152706E+30    0.1192272179E-05    0.5998787349E+09    0.2259377789E-05
    0.8570000000E+00    0.2384069878E-20    0.1646202581E-21    0.1657448792E-06    0.6335014913E+29    0.3001777967E-06    0.1510311823E+09    0.6095256839E-06
    0.8570000000E+00    0.2554576900E-20    0.1763937846E-21    0.1696055734E-06    0.9821865005E+28    0.4986833688E-07    0.2509070945E+08    0.1085021464E-06
    0.8570000000E+00    0.2737278465E-20    0.1890093455E-21    0.1735561947E-06    0.1740568754E+28    0.9469392252E-08    0.4764421366E+07    0.2207677094E-07
    0.8570000000E+00    0.2933046719E-20    0.2025271626E-21    0.1775988378E-06    0.4266793324E+27    0.2487324976E-08    0.1251470416E+07    0.6213638394E-08
    0.8570000000E+00    0.3142816182E-20    0.2170117645E-21    0.1817356462E-06    0.9416725450E+26    0.5882078720E-09    0.2959503713E+06    0.1574505845E-08
    0.8570000000E+00    0.3367588212E-20    0.2325322952E-21    0.1859688132E-06    0.2243191500E+26    0.1501402983E-09    0.7554145252E+05    0.4306363833E-09
    0.8570000000E+00    0.3608435782E-20    0.2491628434E-21    0.1903005833E-06    0.2996361062E+25    0.2148943853E-10    0.1081217647E+05    0.6604478238E-10
    0.8570000000E+00    0.3866508602E-20    0.2669827968E-21    0.1947332533E-06    0.9795805545E+24    0.7527852125E-11    0.3787556640E+04    0.2479045651E-10
