    0.8290000000E+00    0.4143038610E-23    0.2860772210E-24    0.1992691735E-07    0.0000000000E+00    0.0000000000E+00    0.0000000000E+00    0.0000000000E+00
    0.8290000000E+00    0.4439345853E-23    0.3065372650E-24    0.2039107488E-07    0.0000000000E+00    0.0000000000E+00    0.0000000000E+00    0.0000000000E+00
    0.8290000000E+00    0.4756844785E-23    0.3284605973E-24    0.2086604403E-07    0.0000000000E+00    0.0000000000E+00    0.0000000000E+00    0.0000000000E+00
    0.8290000000E+00    0.5097051019E-23    0.3519518710E-24    0.2135207663E-07    0.0000000000E+00    0.0000000000E+00    0.0000000000E+00    0.0000000000E+00
    0.8290000000E+00    0.5461588566E-23    0.3771232243E-24    0.2184943039E-07    0.0000000000E+00    0.0000000000E+00    0.0000000000E+00    0.0000000000E+00
    0.8290000000E+00    0.5852197586E-23    0.4040948153E-24    0.2235836900E-07    0.0000000000E+00    0.0000000000E+00    0.0000000000E+00    0.0000000000E+00
    0.8290000000E+00    0.6270742692E-23    0.4329953957E-24    0.2287916232E-07    0.0000000000E+00    0.0000000000E+00    0.0000000000E+00    0.0000000000E+00
    0.8290000000E+00    0.6719221852E-23    0.4639629256E-24    0.2341208647E-07    0.0000000000E+00    0.0000000000E+00    0.0000000000E+00    0.0000000000E+00
    0.8290000000E+00    0.7199775931E-23    0.4971452317E-24    0.2395742402E-07    0.0000000000E+00    0.0000000000E+00    0.0000000000E+00    0.0000000000E+00
    0.8290000000E+00    0.7714698903E-23    0.5327007132E-24    0.2451546411E-07    0.0000000000E+00    0.0000000000E+00    0.0000000000E+00    0.0000000000E+00
    0.8290000000E+00    0.8266448809E-23    0.5707990981E-24    0.2508650263E-07    0.0000000000E+00    0.0000000000E+00    0.0000000000E+00    0.0000000000E+00
    0.8290000000E+00    0.8857659485E-23    0.6116222531E-24    0.2567084234E-07    0.0000000000E+00    0.0000000000E+00    0.0000000000E+00    0.0000000000E+00
    0.8290000000E+00    0.9491153137E-23    0.6553650517E-24    0.2626879307E-07    0.0000000000E+00    0.0000000000E+00    0.0000000000E+00    0.0000000000E+00
    0.8290000000E+00    0.1016995382E-22    0.7022363048E-24    0.2688067187E-07    0.0000000000E+00    0.0000000000E+00    0.0000000000E+00    0.0000000000E+00
    0.8290000000E+00    0.1089730185E-22    0.7524597575E-24    0.2750680315E-07    0.0000000000E+00    0.0000000000E+00    0.0000000000E+00    0.0000000000E+00
    0.8290000000E+00    0.1167666930E-22    0.8062751566E-24    0.2814751890E-07    0.0000000000E+00    0.0000000000E+00    0.0000000000E+00    0.0000000000E+00
    0.8290000000E+00    0.1251177658E-22    0.8639393956E-24    0.2880315884E-07    0.0000000000E+00    0.0000000000E+00    0.0000000000E+00    0.0000000000E+00
    0.8290000000E+00    0.1340661015E-22    0.9257277409E-24    0.2947407060E-07    0.0000000000E+00    0.0000000000E+00    0.0000000000E+00    0.0000000000E+00
    0.8290000000E+00    0.1436544159E-22    0.9919351458E-24    0.3016060990E-07    0.0000000000E+00    0.0000000000E+00    0.0000000000E+00    0.0000000000E+00
    0.8290000000E+00    0.1539284799E-22    0.1062877658E-23    0.3086314075E-07    0.0000000000E+00    0.0000000000E+00    0.0000000000E+00    0.0000000000E+00
    0.8290000000E+00    0.1649373379E-22    0.1138893930E-23    0.3158203565E-07    0.0000000000E+00    0.0000000000E+00    0.0000000000E+00    0.0000000000E+00
    0.8290000000E+00    0.1767335417E-22    0.1220346833E-23    0.3231767576E-07    0.0000000000E+00    0.0000000000E+00    0.0000000000E+00    0.0000000000E+00
    0.8290000000E+00    0.1893734018E-22    0.1307625190E-23    0.3307045113E-07    0.0000000000E+00    0.0000000000E+00    0.0000000000E+00    0.0000000000E+00
    0.8290000000E+00    0.2029172559E-22    0.1401145635E-23    0.3384076090E-07   -0.1651150944E-15   -0.6659133187E-53   -0.3350470187E-38   -0.1209744836E-54
    0.8290000000E+00    0.2174297571E-22    0.1501354598E-23    0.3462901348E-07   -0.2272345748E-15   -0.9819860899E-53   -0.4940755841E-38   -0.1911531291E-54
    0.8290000000E+00    0.2329801823E-22    0.1608730435E-23    0.3543562682E-07    0.0000000000E+00    0.0000000000E+00    0.0000000000E+00    0.0000000000E+00
    0.8290000000E+00    0.2496427630E-22    0.1723785718E-23    0.3626102861E-07    0.8926528094E-15    0.4429079748E-52    0.2228443137E-37    0.9898960143E-54
    0.8290000000E+00    0.2674970400E-22    0.1847069675E-23    0.3710565646E-07    0.4090121595E-15    0.2174538710E-52    0.1094095420E-37    0.5207667156E-54
    0.8290000000E+00    0.2866282424E-22    0.1979170815E-23    0.3796995823E-07   -0.1240125562E-13   -0.7064746508E-51   -0.3554550103E-36   -0.1812895033E-52
    0.8290000000E+00    0.3071276952E-22    0.2120719737E-23    0.3885439218E-07   -0.1027197126E-12   -0.6270248017E-50   -0.3154806858E-35   -0.1724093423E-51
    0.8290000000E+00    0.3290932546E-22    0.2272392139E-23    0.3975942724E-07   -0.7891284569E-13   -0.5161532054E-50   -0.2596968522E-35   -0.1520739072E-51
    0.8290000000E+00    0.3526297755E-22    0.2434912046E-23    0.4068554327E-07    0.3604473509E-11    0.2526229265E-48    0.1271044684E-33    0.7975333221E-50
    0.8290000000E+00    0.3778496121E-22    0.2609055264E-23    0.4163323131E-07    0.2714447291E-10    0.2038507609E-47    0.1025652856E-32    0.6895859628E-49
    0.8290000000E+00    0.4048731538E-22    0.2795653084E-23    0.4260299385E-07   -0.2745104578E-09   -0.2208970001E-46   -0.1111419148E-31   -0.8006927451E-48
    0.8290000000E+00    0.4338294005E-22    0.2995596250E-23    0.4359534505E-07   -0.8489859919E-08   -0.7320343298E-45   -0.3683150839E-30   -0.2843200743E-46
    0.8290000000E+00    0.4648565778E-22    0.3209839213E-23    0.4461081109E-07    0.2223301294E-07    0.2054136240E-44    0.1033516231E-29    0.8548803216E-46
    0.8290000000E+00    0.4981027973E-22    0.3439404683E-23    0.4564993037E-07    0.1501999105E-05    0.1486964492E-42    0.7481499557E-28    0.6630964050E-44
    0.8290000000E+00    0.5337267633E-22    0.3685388516E-23    0.4671325384E-07   -0.7371570910E-06   -0.7819715837E-43   -0.3934404682E-28   -0.3736517727E-44
    0.8290000000E+00    0.5718985306E-22    0.3948964943E-23    0.4780134531E-07   -0.4727418306E-03   -0.5373471583E-40   -0.2703603583E-25   -0.2751256186E-41
    0.8290000000E+00    0.6128003161E-22    0.4231392172E-23    0.4891478167E-07   -0.5594930745E-01   -0.6814368875E-38   -0.3428575329E-23   -0.3738537271E-39
    0.8290000000E+00    0.6566273690E-22    0.4534018400E-23    0.5005415331E-07   -0.4045599735E+00   -0.5279755802E-37   -0.2656451510E-22   -0.3103772720E-38
    0.8290000000E+00    0.7035889022E-22    0.4858288246E-23    0.5122006431E-07    0.2007726021E+01    0.2807600891E-36    0.1412613747E-21    0.1768525993E-37
    0.8290000000E+00    0.7539090917E-22    0.5205749646E-23    0.5241313287E-07    0.2153155466E+03    0.3226311621E-34    0.1623283481E-19    0.2177621462E-35
    0.8290000000E+00    0.8078281461E-22    0.5578061244E-23    0.5363399157E-07    0.2877350727E+04    0.4619805868E-33    0.2324404903E-18    0.3341179451E-34
    0.8290000000E+00    0.8656034539E-22    0.5977000309E-23    0.5488328773E-07   -0.1981977211E+04   -0.3409805292E-33   -0.1715606319E-18   -0.2642443171E-34
    0.8290000000E+00    0.9275108115E-22    0.6404471218E-23    0.5616168372E-07   -0.3787310494E+06   -0.6981710476E-31   -0.3512771430E-16   -0.5797462001E-32
    0.8290000000E+00    0.9938457404E-22    0.6862514550E-23    0.5746985739E-07   -0.1866903657E+08   -0.3687676624E-29   -0.1855414247E-14   -0.3281171313E-30
    0.8290000000E+00    0.1064924897E-21    0.7353316823E-23    0.5880850233E-07   -0.8075942345E+09   -0.1709322990E-27   -0.8600272072E-13   -0.1629672021E-28
    0.8290000000E+00    0.1141087586E-21    0.7879220933E-23    0.6017832832E-07   -0.3154238503E+11   -0.7153613179E-26   -0.3599262399E-11   -0.7308050306E-27
    0.8290000000E+00    0.1222697377E-21    0.8442737340E-23    0.6158006166E-07   -0.1444068252E+12   -0.3509285033E-25   -0.1765658465E-10   -0.3841445886E-26
    0.8290000000E+00    0.1310143844E-21    0.9046556049E-23    0.6301444556E-07    0.2126959315E+12    0.5538473813E-25    0.2786622654E-10    0.6496301641E-26
    0.8290000000E+00    0.1403844422E-21    0.9693559452E-23    0.6448224056E-07    0.1304620860E+14    0.3640116156E-23    0.1831484717E-08    0.4575002311E-24
    0.8290000000E+00    0.1504246400E-21    0.1038683609E-22    0.6598422489E-07    0.3448116862E+15    0.1030891361E-21    0.5186817375E-07    0.1388318068E-22
    0.8290000000E+00    0.1611829057E-21    0.1112969539E-22    0.6752119493E-07    0.8000116759E+16    0.2562873965E-20    0.1289482065E-05    0.3698310112E-21
    0.8290000000E+00    0.1727105951E-21    0.1192568347E-22    0.6909396560E-07    0.1230767991E+18    0.4224809360E-19    0.2125666721E-04    0.6532556765E-20
    0.8290000000E+00    0.1850627369E-21    0.1277860007E-22    0.7070337081E-07    0.1702245960E+18    0.6261137425E-19    0.3150222963E-04    0.1037359555E-19
    0.8290000000E+00    0.1982982953E-21    0.1369251667E-22    0.7235026388E-07   -0.7584415241E+18   -0.2989186596E-18   -0.1503976613E-03   -0.5306755782E-19
    0.8290000000E+00    0.2124804516E-21    0.1467179595E-22    0.7403551802E-07   -0.1812171826E+20   -0.7652975060E-17   -0.3850510879E-02   -0.1455815616E-17
    0.8290000000E+00    0.2276769058E-21    0.1572111260E-22    0.7576002677E-07   -0.2727717967E+21   -0.1234327453E-15   -0.6210383867E-01   -0.2515975825E-16
    0.8290000000E+00    0.2439602000E-21    0.1684547565E-22    0.7752470448E-07   -0.3636047677E+22   -0.1763033210E-14   -0.8870509183E+00   -0.3850672369E-15
    0.8290000000E+00    0.2614080640E-21    0.1805025236E-22    0.7933048683E-07   -0.4442992218E+23   -0.2308375607E-13   -0.1161433994E+02   -0.5402347945E-14
    0.8290000000E+00    0.2801037871E-21    0.1934119387E-22    0.8117833125E-07   -0.5009755747E+24   -0.2788993332E-12   -0.1403251557E+03   -0.6993966562E-13
    0.8290000000E+00    0.3001366153E-21    0.2072446262E-22    0.8306921749E-07   -0.2394763303E+25   -0.1428543661E-11   -0.7187561524E+03   -0.3838571142E-12
    0.8290000000E+00    0.3216021775E-21    0.2220666179E-22    0.8500414813E-07   -0.2250065691E+25   -0.1438222642E-11   -0.7236260258E+03   -0.4140971076E-12
    0.8290000000E+00    0.3446029418E-21    0.2379486681E-22    0.8698414910E-07    0.7075124357E+25    0.4845794600E-11    0.2438108667E+04    0.1494999603E-11
    0.8290000000E+00    0.3692487048E-21    0.2549665916E-22    0.8901027021E-07    0.9974670653E+26    0.7320310268E-10    0.3683134220E+05    0.2419945384E-10
    0.8290000000E+00    0.3956571157E-21    0.2732016250E-22    0.9108358575E-07    0.8335537338E+27    0.6554876674E-09    0.3298014661E+06    0.2321884438E-09
    0.8290000000E+00    0.4239542377E-21    0.2927408154E-22    0.9320519501E-07    0.6057641754E+28    0.5104280232E-08    0.2568162892E+07    0.1937361144E-08
    0.8290000000E+00    0.4542751502E-21    0.3136774352E-22    0.9537622289E-07    0.4034793744E+29    0.3642942049E-07    0.1832906534E+08    0.1481591024E-07
    0.8290000000E+00    0.4867645933E-21    0.3361114274E-22    0.9759782052E-07    0.2493309737E+30    0.2412165807E-06    0.1213654900E+09    0.1051194869E-06
    0.8290000000E+00    0.5215776589E-21    0.3601498832E-22    0.9987116580E-07    0.1435185737E+31    0.1487781087E-05    0.7485608167E+09    0.6947284900E-06
    0.8290000000E+00    0.5588805307E-21    0.3859075526E-22    0.1021974641E-06    0.7710576134E+31    0.8564810405E-05    0.4309290881E+10    0.4285424313E-05
    0.8290000000E+00    0.5988512779E-21    0.4135073927E-22    0.1045779488E-06    0.3871596209E+32    0.4608090288E-04    0.2318510337E+11    0.2470569385E-04
    0.8290000000E+00    0.6416807053E-21    0.4430811541E-22    0.1070138822E-06    0.1818386246E+33    0.2319087109E-03    0.1166823369E+12    0.1332272726E-03
    0.8290000000E+00    0.6875732635E-21    0.4747700104E-22    0.1095065557E-06    0.7990737680E+33    0.1091987829E-02    0.5494217584E+12    0.6721928263E-03
    0.8290000000E+00    0.7367480256E-21    0.5087252317E-22    0.1120572911E-06    0.3283832860E+34    0.4808525996E-02    0.2419357376E+13    0.3171670362E-02
    0.8290000000E+00    0.7894397325E-21    0.5451089068E-22    0.1146674407E-06    0.1247061050E+35    0.1956674742E-01    0.9844795419E+13    0.1382912539E-01
    0.8290000000E+00    0.8458999137E-21    0.5840947171E-22    0.1173383885E-06    0.3197259249E+35    0.5375375113E-01    0.2704561323E+14    0.4070847674E-01
    0.8290000000E+00    0.9063980879E-21    0.6258687655E-22    0.1200715507E-06    0.5383056199E+35    0.9697501104E-01    0.4879191845E+14    0.7869296578E-01
    0.8290000000E+00    0.9712230494E-21    0.6706304648E-22    0.1228683764E-06    0.6831576335E+35    0.1318717742E+00    0.6634984400E+14    0.1146642210E+00
    0.8290000000E+00    0.1040684247E-20    0.7185934897E-22    0.1257303485E-06    0.7051075838E+35    0.1458432419E+00    0.7337943549E+14    0.1358821423E+00
    0.8290000000E+00    0.1115113261E-20    0.7699867968E-22    0.1286589846E-06    0.6914092715E+35    0.1532378757E+00    0.7709996477E+14    0.1529826566E+00
    0.8290000000E+00    0.1194865387E-20    0.8250557175E-22    0.1316558373E-06    0.6122517587E+35    0.1453988479E+00    0.7315584347E+14    0.1555381900E+00
    0.8290000000E+00    0.1280321329E-20    0.8840631292E-22    0.1347224957E-06    0.4386751842E+35    0.1116282178E+00    0.5616451950E+14    0.1279528803E+00
    0.8290000000E+00    0.1371889021E-20    0.9472907100E-22    0.1378605858E-06    0.2608259852E+35    0.7111836772E-01    0.3578243055E+14    0.8734898361E-01
    0.8290000000E+00    0.1470005571E-20    0.1015040283E-21    0.1410717713E-06    0.1308097856E+35    0.3821828174E-01    0.1922911136E+14    0.5029759659E-01
    0.8290000000E+00    0.1575139348E-20    0.1087635259E-21    0.1443577550E-06    0.5553059508E+34    0.1738454191E-01    0.8746842535E+13    0.2451541938E-01
    0.8290000000E+00    0.1687792220E-20    0.1165422177E-21    0.1477202791E-06    0.1974535188E+34    0.6623625991E-02    0.3332605129E+13    0.1000856646E-01
    0.8290000000E+00    0.1808501947E-20    0.1248772362E-21    0.1511611264E-06    0.5520123702E+33    0.1984173906E-02    0.9983154462E+12    0.3212593746E-02
    0.8290000000E+00    0.1937844750E-20    0.1338083694E-21    0.1546821213E-06    0.5262457345E+32    0.2026840215E-03    0.1019782534E+12    0.3516378275E-03
    0.8290000000E+00    0.2076438060E-20    0.1433782510E-21    0.1582851308E-06    0.7273264319E+30    0.3001651683E-05    0.1510248285E+10    0.5580027896E-05
    0.8290000000E+00    0.2224943467E-20    0.1536325639E-21    0.1619720651E-06    0.1773445994E+30    0.7842398231E-06    0.3945817080E+09    0.1562158036E-05
    0.8290000000E+00    0.2384069878E-20    0.1646202581E-21    0.1657448792E-06    0.4057995609E+29    0.1922837116E-06    0.9674545098E+08    0.4104106030E-06
    0.8290000000E+00    0.2554576900E-20    0.1763937846E-21    0.1696055734E-06    0.6144574928E+28    0.3119771371E-07    0.1569678917E+08    0.7135079952E-07
    0.8290000000E+00    0.2737278465E-20    0.1890093455E-21    0.1735561947E-06    0.1189907633E+28    0.6473574855E-08    0.3257108538E+07    0.1586427574E-07
    0.8290000000E+00    0.2933046719E-20    0.2025271626E-21    0.1775988378E-06    0.2918368104E+27    0.1701261187E-08    0.8559709993E+06    0.4467320072E-08
    0.8290000000E+00    0.3142816182E-20    0.2170117645E-21    0.1817356462E-06    0.6447014858E+26    0.4027073860E-09    0.2026178262E+06    0.1133093298E-08
    0.8290000000E+00    0.3367588212E-20    0.2325322952E-21    0.1859688132E-06    0.1523948467E+26    0.1020002427E-09    0.5132030894E+05    0.3075227721E-09
    0.8290000000E+00    0.3608435782E-20    0.2491628434E-21    0.1903005833E-06    0.1880737454E+25    0.1348835840E-10    0.6786520323E+04    0.4357477696E-10
    0.8290000000E+00    0.3866508602E-20    0.2669827968E-21    0.1947332533E-06    0.6175265217E+24    0.4745549834E-11    0.2387671608E+04    0.1642716480E-10
