    0.8210000000E+00    0.4143038610E-23    0.2860772210E-24    0.1992691735E-07    0.0000000000E+00    0.0000000000E+00    0.0000000000E+00    0.0000000000E+00
    0.8210000000E+00    0.4439345853E-23    0.3065372650E-24    0.2039107488E-07    0.0000000000E+00    0.0000000000E+00    0.0000000000E+00    0.0000000000E+00
    0.8210000000E+00    0.4756844785E-23    0.3284605973E-24    0.2086604403E-07    0.0000000000E+00    0.0000000000E+00    0.0000000000E+00    0.0000000000E+00
    0.8210000000E+00    0.5097051019E-23    0.3519518710E-24    0.2135207663E-07    0.0000000000E+00    0.0000000000E+00    0.0000000000E+00    0.0000000000E+00
    0.8210000000E+00    0.5461588566E-23    0.3771232243E-24    0.2184943039E-07    0.0000000000E+00    0.0000000000E+00    0.0000000000E+00    0.0000000000E+00
    0.8210000000E+00    0.5852197586E-23    0.4040948153E-24    0.2235836900E-07    0.0000000000E+00    0.0000000000E+00    0.0000000000E+00    0.0000000000E+00
    0.8210000000E+00    0.6270742692E-23    0.4329953957E-24    0.2287916232E-07    0.0000000000E+00    0.0000000000E+00    0.0000000000E+00    0.0000000000E+00
    0.8210000000E+00    0.6719221852E-23    0.4639629256E-24    0.2341208647E-07    0.0000000000E+00    0.0000000000E+00    0.0000000000E+00    0.0000000000E+00
    0.8210000000E+00    0.7199775931E-23    0.4971452317E-24    0.2395742402E-07    0.0000000000E+00    0.0000000000E+00    0.0000000000E+00    0.0000000000E+00
    0.8210000000E+00    0.7714698903E-23    0.5327007132E-24    0.2451546411E-07    0.0000000000E+00    0.0000000000E+00    0.0000000000E+00    0.0000000000E+00
    0.8210000000E+00    0.8266448809E-23    0.5707990981E-24    0.2508650263E-07    0.0000000000E+00    0.0000000000E+00    0.0000000000E+00    0.0000000000E+00
    0.8210000000E+00    0.8857659485E-23    0.6116222531E-24    0.2567084234E-07    0.0000000000E+00    0.0000000000E+00    0.0000000000E+00    0.0000000000E+00
    0.8210000000E+00    0.9491153137E-23    0.6553650517E-24    0.2626879307E-07    0.0000000000E+00    0.0000000000E+00    0.0000000000E+00    0.0000000000E+00
    0.8210000000E+00    0.1016995382E-22    0.7022363048E-24    0.2688067187E-07    0.0000000000E+00    0.0000000000E+00    0.0000000000E+00    0.0000000000E+00
    0.8210000000E+00    0.1089730185E-22    0.7524597575E-24    0.2750680315E-07    0.0000000000E+00    0.0000000000E+00    0.0000000000E+00    0.0000000000E+00
    0.8210000000E+00    0.1167666930E-22    0.8062751566E-24    0.2814751890E-07    0.0000000000E+00    0.0000000000E+00    0.0000000000E+00    0.0000000000E+00
    0.8210000000E+00    0.1251177658E-22    0.8639393956E-24    0.2880315884E-07    0.0000000000E+00    0.0000000000E+00    0.0000000000E+00    0.0000000000E+00
    0.8210000000E+00    0.1340661015E-22    0.9257277409E-24    0.2947407060E-07    0.0000000000E+00    0.0000000000E+00    0.0000000000E+00    0.0000000000E+00
    0.8210000000E+00    0.1436544159E-22    0.9919351458E-24    0.3016060990E-07    0.0000000000E+00    0.0000000000E+00    0.0000000000E+00    0.0000000000E+00
    0.8210000000E+00    0.1539284799E-22    0.1062877658E-23    0.3086314075E-07    0.0000000000E+00    0.0000000000E+00    0.0000000000E+00    0.0000000000E+00
    0.8210000000E+00    0.1649373379E-22    0.1138893930E-23    0.3158203565E-07    0.0000000000E+00    0.0000000000E+00    0.0000000000E+00    0.0000000000E+00
    0.8210000000E+00    0.1767335417E-22    0.1220346833E-23    0.3231767576E-07    0.0000000000E+00    0.0000000000E+00    0.0000000000E+00    0.0000000000E+00
    0.8210000000E+00    0.1893734018E-22    0.1307625190E-23    0.3307045113E-07   -0.1791761762E-15   -0.6743901026E-53   -0.3393120201E-38   -0.1161997284E-54
    0.8210000000E+00    0.2029172559E-22    0.1401145635E-23    0.3384076090E-07   -0.2702269639E-15   -0.1089832126E-52   -0.5483371399E-38   -0.2012118391E-54
    0.8210000000E+00    0.2174297571E-22    0.1501354598E-23    0.3462901348E-07   -0.2224673196E-15   -0.9613845670E-53   -0.4837101526E-38   -0.1901914857E-54
    0.8210000000E+00    0.2329801823E-22    0.1608730435E-23    0.3543562682E-07    0.6699575168E-15    0.3102259964E-52    0.1560868244E-37    0.6576156090E-54
    0.8210000000E+00    0.2496427630E-22    0.1723785718E-23    0.3626102861E-07    0.1937327617E-14    0.9612447779E-52    0.4836398193E-37    0.2183372914E-53
    0.8210000000E+00    0.2674970400E-22    0.1847069675E-23    0.3710565646E-07   -0.2086780463E-14   -0.1109449876E-51   -0.5582075969E-37   -0.2700235302E-53
    0.8210000000E+00    0.2866282424E-22    0.1979170815E-23    0.3796995823E-07   -0.6779219004E-13   -0.3861985047E-50   -0.1943115628E-35   -0.1007174016E-51
    0.8210000000E+00    0.3071276952E-22    0.2120719737E-23    0.3885439218E-07   -0.1672638759E-12   -0.1021017251E-49   -0.5137136869E-35   -0.2853165769E-51
    0.8210000000E+00    0.3290932546E-22    0.2272392139E-23    0.3975942724E-07    0.1213908614E-12    0.7939934449E-50    0.3994891364E-35    0.2377446988E-51
    0.8210000000E+00    0.3526297755E-22    0.2434912046E-23    0.4068554327E-07    0.1750769129E-10    0.1227043062E-47    0.6173733248E-33    0.3936894065E-49
    0.8210000000E+00    0.3778496121E-22    0.2609055264E-23    0.4163323131E-07    0.4205282816E-10    0.3158101852E-47    0.1588964481E-32    0.1085725548E-48
    0.8210000000E+00    0.4048731538E-22    0.2795653084E-23    0.4260299385E-07   -0.1427467898E-08   -0.1148675278E-45   -0.5779434296E-31   -0.4231469344E-47
    0.8210000000E+00    0.4338294005E-22    0.2995596250E-23    0.4359534505E-07   -0.1674415921E-07   -0.1443757551E-44   -0.7264108553E-30   -0.5698862697E-46
    0.8210000000E+00    0.4648565778E-22    0.3209839213E-23    0.4461081109E-07    0.1360033409E-06    0.1256552101E-43    0.6322204761E-29    0.5314647021E-45
    0.8210000000E+00    0.4981027973E-22    0.3439404683E-23    0.4564993037E-07    0.2971743867E-05    0.2941997497E-42    0.1480233933E-27    0.1333325619E-43
    0.8210000000E+00    0.5337267633E-22    0.3685388516E-23    0.4671325384E-07   -0.9143769115E-05   -0.9699652495E-42   -0.4880274294E-27   -0.4710316614E-43
    0.8210000000E+00    0.5718985306E-22    0.3948964943E-23    0.4780134531E-07   -0.1869506031E-02   -0.2124994422E-39   -0.1069167752E-24   -0.1105736687E-40
    0.8210000000E+00    0.6128003161E-22    0.4231392172E-23    0.4891478167E-07   -0.2088420486E+00   -0.2543600306E-37   -0.1279784734E-22   -0.1418217348E-38
    0.8210000000E+00    0.6566273690E-22    0.4534018400E-23    0.5005415331E-07   -0.5913786707E+00   -0.7717854390E-37   -0.3883154206E-22   -0.4610950983E-38
    0.8210000000E+00    0.7035889022E-22    0.4858288246E-23    0.5122006431E-07    0.8507294995E+01    0.1189658786E-35    0.5985638346E-21    0.7615814218E-37
    0.8210000000E+00    0.7539090917E-22    0.5205749646E-23    0.5241313287E-07    0.7412276228E+03    0.1110663550E-33    0.5588182438E-19    0.7618622312E-35
    0.8210000000E+00    0.8078281461E-22    0.5578061244E-23    0.5363399157E-07    0.4667234150E+04    0.7493600107E-33    0.3770323111E-18    0.5507879601E-34
    0.8210000000E+00    0.8656034539E-22    0.5977000309E-23    0.5488328773E-07   -0.1459750761E+05   -0.2511363826E-32   -0.1263565301E-17   -0.1977896487E-33
    0.8210000000E+00    0.9275108115E-22    0.6404471218E-23    0.5616168372E-07   -0.1195898663E+07   -0.2204577163E-30   -0.1109208940E-15   -0.1860455254E-31
    0.8210000000E+00    0.9938457404E-22    0.6862514550E-23    0.5746985739E-07   -0.5642342458E+08   -0.1114526414E-28   -0.5607618017E-14   -0.1007823058E-29
    0.8210000000E+00    0.1064924897E-21    0.7353316823E-23    0.5880850233E-07   -0.2366884228E+10   -0.5009656399E-27   -0.2520553943E-12   -0.4854023387E-28
    0.8210000000E+00    0.1141087586E-21    0.7879220933E-23    0.6017832832E-07   -0.8294941715E+11   -0.1881240252E-25   -0.9465255017E-11   -0.1953161646E-26
    0.8210000000E+00    0.1222697377E-21    0.8442737340E-23    0.6158006166E-07   -0.1821707710E+12   -0.4427001003E-25   -0.2227397240E-10   -0.4924969499E-26
    0.8210000000E+00    0.1310143844E-21    0.9046556049E-23    0.6301444556E-07    0.8848772638E+12    0.2304167042E-24    0.1159316500E-09    0.2746678861E-25
    0.8210000000E+00    0.1403844422E-21    0.9693559452E-23    0.6448224056E-07    0.3457672976E+14    0.9647501162E-23    0.4854034920E-08    0.1232278197E-23
    0.8210000000E+00    0.1504246400E-21    0.1038683609E-22    0.6598422489E-07    0.8743004805E+15    0.2613916083E-21    0.1315163350E-06    0.3577548794E-22
    0.8210000000E+00    0.1611829057E-21    0.1112969539E-22    0.6752119493E-07    0.1970372506E+17    0.6312178370E-20    0.3175903658E-05    0.9257062321E-21
    0.8210000000E+00    0.1727105951E-21    0.1192568347E-22    0.6909396560E-07    0.1931467130E+18    0.6630072012E-19    0.3335848375E-04    0.1041866731E-19
    0.8210000000E+00    0.1850627369E-21    0.1277860007E-22    0.7070337081E-07    0.1717488575E+18    0.6317202238E-19    0.3178431362E-04    0.1063698888E-19
    0.8210000000E+00    0.1982982953E-21    0.1369251667E-22    0.7235026388E-07   -0.2095776387E+19   -0.8259920488E-18   -0.4155888847E-03   -0.1490286583E-18
    0.8210000000E+00    0.2124804516E-21    0.1467179595E-22    0.7403551802E-07   -0.4072688233E+20   -0.1719935219E-16   -0.8653666348E-02   -0.3325109981E-17
    0.8210000000E+00    0.2276769058E-21    0.1572111260E-22    0.7576002677E-07   -0.5880132216E+21   -0.2660835434E-15   -0.1338770309E+00   -0.5512034665E-16
    0.8210000000E+00    0.2439602000E-21    0.1684547565E-22    0.7752470448E-07   -0.7623365267E+22   -0.3696388863E-14   -0.1859797715E+01   -0.8204867610E-15
    0.8210000000E+00    0.2614080640E-21    0.1805025236E-22    0.7933048683E-07   -0.9079621656E+23   -0.4717356260E-13   -0.2373486319E+02   -0.1121999338E-13
    0.8210000000E+00    0.2801037871E-21    0.1934119387E-22    0.8117833125E-07   -0.9936221581E+24   -0.5531618135E-12   -0.2783173294E+03   -0.1409763028E-12
    0.8210000000E+00    0.3001366153E-21    0.2072446262E-22    0.8306921749E-07   -0.2918992158E+25   -0.1741260916E-11   -0.8760964266E+03   -0.4755079442E-12
    0.8210000000E+00    0.3216021775E-21    0.2220666179E-22    0.8500414813E-07   -0.1882929484E+25   -0.1203552335E-11   -0.6055542223E+03   -0.3521753093E-12
    0.8210000000E+00    0.3446029418E-21    0.2379486681E-22    0.8698414910E-07    0.1675334437E+26    0.1147446484E-10    0.5773251757E+04    0.3597711749E-11
    0.8210000000E+00    0.3692487048E-21    0.2549665916E-22    0.8901027021E-07    0.1865302052E+27    0.1368926377E-09    0.6887603667E+05    0.4599112326E-10
    0.8210000000E+00    0.3956571157E-21    0.2732016250E-22    0.9108358575E-07    0.1483880927E+28    0.1166890157E-08    0.5871080474E+06    0.4200721614E-09
    0.8210000000E+00    0.4239542377E-21    0.2927408154E-22    0.9320519501E-07    0.1048025673E+29    0.8830856860E-08    0.4443149252E+07    0.3406408832E-08
    0.8210000000E+00    0.4542751502E-21    0.3136774352E-22    0.9537622289E-07    0.6813888914E+29    0.6152136644E-07    0.3095380410E+08    0.2542845055E-07
    0.8210000000E+00    0.4867645933E-21    0.3361114274E-22    0.9759782052E-07    0.4115528858E+30    0.3981590350E-06    0.2003293731E+09    0.1763398634E-06
    0.8210000000E+00    0.5215776589E-21    0.3601498832E-22    0.9987116580E-07    0.2316855280E+31    0.2401761235E-05    0.1208419953E+10    0.1139787148E-05
    0.8210000000E+00    0.5588805307E-21    0.3859075526E-22    0.1021974641E-06    0.1217886419E+32    0.1352812824E-04    0.6806530082E+10    0.6879100215E-05
    0.8210000000E+00    0.5988512779E-21    0.4135073927E-22    0.1045779488E-06    0.5985469585E+32    0.7124085979E-04    0.3584406110E+11    0.3881709917E-04
    0.8210000000E+00    0.6416807053E-21    0.4430811541E-22    0.1070138822E-06    0.2752415044E+33    0.3510304953E-03    0.1766171627E+12    0.2049456816E-03
    0.8210000000E+00    0.6875732635E-21    0.4747700104E-22    0.1095065557E-06    0.1184469629E+34    0.1618657087E-02    0.8144096481E+12    0.1012625310E-02
    0.8210000000E+00    0.7367480256E-21    0.5087252317E-22    0.1120572911E-06    0.4767145610E+34    0.6980545165E-02    0.3512185116E+13    0.4679325606E-02
    0.8210000000E+00    0.7894397325E-21    0.5451089068E-22    0.1146674407E-06    0.1696546672E+35    0.2661930642E-01    0.1339321351E+14    0.1912012206E-01
    0.8210000000E+00    0.8458999137E-21    0.5840947171E-22    0.1173383885E-06    0.3816725815E+35    0.6416849984E-01    0.3228568038E+14    0.4938735994E-01
    0.8210000000E+00    0.9063980879E-21    0.6258687655E-22    0.1200715507E-06    0.5920149331E+35    0.1066506694E+00    0.5366012033E+14    0.8795438785E-01
    0.8210000000E+00    0.9712230494E-21    0.6706304648E-22    0.1228683764E-06    0.7062428519E+35    0.1363279767E+00    0.6859193362E+14    0.1204700010E+00
    0.8210000000E+00    0.1040684247E-20    0.7185934897E-22    0.1257303485E-06    0.7125354647E+35    0.1473796121E+00    0.7415244336E+14    0.1395504798E+00
    0.8210000000E+00    0.1115113261E-20    0.7699867968E-22    0.1286589846E-06    0.6901771115E+35    0.1529647906E+00    0.7696256497E+14    0.1551977431E+00
    0.8210000000E+00    0.1194865387E-20    0.8250557175E-22    0.1316558373E-06    0.5839617502E+35    0.1386804766E+00    0.6977556828E+14    0.1507680266E+00
    0.8210000000E+00    0.1280321329E-20    0.8840631292E-22    0.1347224957E-06    0.4000625202E+35    0.1018025814E+00    0.5122085778E+14    0.1185912687E+00
    0.8210000000E+00    0.1371889021E-20    0.9472907100E-22    0.1378605858E-06    0.2291678789E+35    0.6248627978E-01    0.3143928971E+14    0.7799712484E-01
    0.8210000000E+00    0.1470005571E-20    0.1015040283E-21    0.1410717713E-06    0.1113314854E+35    0.3252736832E-01    0.1636579038E+14    0.4350536857E-01
    0.8210000000E+00    0.1575139348E-20    0.1087635259E-21    0.1443577550E-06    0.4593598894E+34    0.1438083140E-01    0.7235558369E+13    0.2060999656E-01
    0.8210000000E+00    0.1687792220E-20    0.1165422177E-21    0.1477202791E-06    0.1589462609E+34    0.5331890720E-02    0.2682682625E+13    0.8187949673E-02
    0.8210000000E+00    0.1808501947E-20    0.1248772362E-21    0.1511611264E-06    0.4236635020E+33    0.1522831935E-02    0.7661962682E+12    0.2505797090E-02
    0.8210000000E+00    0.1937844750E-20    0.1338083694E-21    0.1546821213E-06    0.2998921254E+32    0.1155037238E-03    0.5811443807E+11    0.2036525774E-03
    0.8210000000E+00    0.2076438060E-20    0.1433782510E-21    0.1582851308E-06    0.6351871426E+30    0.2621395940E-05    0.1318926758E+10    0.4952523527E-05
    0.8210000000E+00    0.2224943467E-20    0.1536325639E-21    0.1619720651E-06    0.1549517828E+30    0.6852160093E-06    0.3447589568E+09    0.1387143611E-05
    0.8210000000E+00    0.2384069878E-20    0.1646202581E-21    0.1657448792E-06    0.3510464658E+29    0.1663395526E-06    0.8369193049E+08    0.3608190459E-06
    0.8210000000E+00    0.2554576900E-20    0.1763937846E-21    0.1696055734E-06    0.5368771881E+28    0.2725874614E-07    0.1371494063E+08    0.6335775788E-07
    0.8210000000E+00    0.2737278465E-20    0.1890093455E-21    0.1735561947E-06    0.1053443498E+28    0.5731155218E-08    0.2883568200E+07    0.1427368458E-07
    0.8210000000E+00    0.2933046719E-20    0.2025271626E-21    0.1775988378E-06    0.2584162845E+27    0.1506436403E-08    0.7579470354E+06    0.4020172854E-08
    0.8210000000E+00    0.3142816182E-20    0.2170117645E-21    0.1817356462E-06    0.5708231469E+26    0.3565599001E-09    0.1793992223E+06    0.1019592012E-08
    0.8210000000E+00    0.3367588212E-20    0.2325322952E-21    0.1859688132E-06    0.1345122590E+26    0.9003114845E-10    0.4529818977E+05    0.2758587189E-09
    0.8210000000E+00    0.3608435782E-20    0.2491628434E-21    0.1903005833E-06    0.1614823252E+25    0.1158126284E-10    0.5826986002E+04    0.3802330322E-10
    0.8210000000E+00    0.3866508602E-20    0.2669827968E-21    0.1947332533E-06    0.5334981826E+24    0.4099811301E-11    0.2062775312E+04    0.1442307271E-10
