    0.8690000000E+00    0.4143038610E-23    0.2860772210E-24    0.1992691735E-07    0.0000000000E+00    0.0000000000E+00    0.0000000000E+00    0.0000000000E+00
    0.8690000000E+00    0.4439345853E-23    0.3065372650E-24    0.2039107488E-07    0.0000000000E+00    0.0000000000E+00    0.0000000000E+00    0.0000000000E+00
    0.8690000000E+00    0.4756844785E-23    0.3284605973E-24    0.2086604403E-07    0.0000000000E+00    0.0000000000E+00    0.0000000000E+00    0.0000000000E+00
    0.8690000000E+00    0.5097051019E-23    0.3519518710E-24    0.2135207663E-07    0.0000000000E+00    0.0000000000E+00    0.0000000000E+00    0.0000000000E+00
    0.8690000000E+00    0.5461588566E-23    0.3771232243E-24    0.2184943039E-07    0.0000000000E+00    0.0000000000E+00    0.0000000000E+00    0.0000000000E+00
    0.8690000000E+00    0.5852197586E-23    0.4040948153E-24    0.2235836900E-07    0.0000000000E+00    0.0000000000E+00    0.0000000000E+00    0.0000000000E+00
    0.8690000000E+00    0.6270742692E-23    0.4329953957E-24    0.2287916232E-07    0.0000000000E+00    0.0000000000E+00    0.0000000000E+00    0.0000000000E+00
    0.8690000000E+00    0.6719221852E-23    0.4639629256E-24    0.2341208647E-07    0.0000000000E+00    0.0000000000E+00    0.0000000000E+00    0.0000000000E+00
    0.8690000000E+00    0.7199775931E-23    0.4971452317E-24    0.2395742402E-07    0.0000000000E+00    0.0000000000E+00    0.0000000000E+00    0.0000000000E+00
    0.8690000000E+00    0.7714698903E-23    0.5327007132E-24    0.2451546411E-07    0.0000000000E+00    0.0000000000E+00    0.0000000000E+00    0.0000000000E+00
    0.8690000000E+00    0.8266448809E-23    0.5707990981E-24    0.2508650263E-07    0.0000000000E+00    0.0000000000E+00    0.0000000000E+00    0.0000000000E+00
    0.8690000000E+00    0.8857659485E-23    0.6116222531E-24    0.2567084234E-07    0.0000000000E+00    0.0000000000E+00    0.0000000000E+00    0.0000000000E+00
    0.8690000000E+00    0.9491153137E-23    0.6553650517E-24    0.2626879307E-07    0.0000000000E+00    0.0000000000E+00    0.0000000000E+00    0.0000000000E+00
    0.8690000000E+00    0.1016995382E-22    0.7022363048E-24    0.2688067187E-07    0.0000000000E+00    0.0000000000E+00    0.0000000000E+00    0.0000000000E+00
    0.8690000000E+00    0.1089730185E-22    0.7524597575E-24    0.2750680315E-07    0.0000000000E+00    0.0000000000E+00    0.0000000000E+00    0.0000000000E+00
    0.8690000000E+00    0.1167666930E-22    0.8062751566E-24    0.2814751890E-07    0.0000000000E+00    0.0000000000E+00    0.0000000000E+00    0.0000000000E+00
    0.8690000000E+00    0.1251177658E-22    0.8639393956E-24    0.2880315884E-07    0.0000000000E+00    0.0000000000E+00    0.0000000000E+00    0.0000000000E+00
    0.8690000000E+00    0.1340661015E-22    0.9257277409E-24    0.2947407060E-07    0.0000000000E+00    0.0000000000E+00    0.0000000000E+00    0.0000000000E+00
    0.8690000000E+00    0.1436544159E-22    0.9919351458E-24    0.3016060990E-07    0.0000000000E+00    0.0000000000E+00    0.0000000000E+00    0.0000000000E+00
    0.8690000000E+00    0.1539284799E-22    0.1062877658E-23    0.3086314075E-07    0.0000000000E+00    0.0000000000E+00    0.0000000000E+00    0.0000000000E+00
    0.8690000000E+00    0.1649373379E-22    0.1138893930E-23    0.3158203565E-07    0.0000000000E+00    0.0000000000E+00    0.0000000000E+00    0.0000000000E+00
    0.8690000000E+00    0.1767335417E-22    0.1220346833E-23    0.3231767576E-07    0.0000000000E+00    0.0000000000E+00    0.0000000000E+00    0.0000000000E+00
    0.8690000000E+00    0.1893734018E-22    0.1307625190E-23    0.3307045113E-07    0.0000000000E+00    0.0000000000E+00    0.0000000000E+00    0.0000000000E+00
    0.8690000000E+00    0.2029172559E-22    0.1401145635E-23    0.3384076090E-07    0.0000000000E+00    0.0000000000E+00    0.0000000000E+00    0.0000000000E+00
    0.8690000000E+00    0.2174297571E-22    0.1501354598E-23    0.3462901348E-07    0.0000000000E+00    0.0000000000E+00    0.0000000000E+00    0.0000000000E+00
    0.8690000000E+00    0.2329801823E-22    0.1608730435E-23    0.3543562682E-07    0.0000000000E+00    0.0000000000E+00    0.0000000000E+00    0.0000000000E+00
    0.8690000000E+00    0.2496427630E-22    0.1723785718E-23    0.3626102861E-07    0.0000000000E+00    0.0000000000E+00    0.0000000000E+00    0.0000000000E+00
    0.8690000000E+00    0.2674970400E-22    0.1847069675E-23    0.3710565646E-07    0.0000000000E+00    0.0000000000E+00    0.0000000000E+00    0.0000000000E+00
    0.8690000000E+00    0.2866282424E-22    0.1979170815E-23    0.3796995823E-07    0.0000000000E+00    0.0000000000E+00    0.0000000000E+00    0.0000000000E+00
    0.8690000000E+00    0.3071276952E-22    0.2120719737E-23    0.3885439218E-07   -0.7439521283E-15   -0.4541255266E-52   -0.2284883025E-37   -0.1166018123E-53
    0.8690000000E+00    0.3290932546E-22    0.2272392139E-23    0.3975942724E-07   -0.8977424072E-14   -0.5871954269E-51   -0.2954409706E-36   -0.1615518928E-52
    0.8690000000E+00    0.3526297755E-22    0.2434912046E-23    0.4068554327E-07   -0.1647400594E-13   -0.1154596249E-50   -0.5809225017E-36   -0.3403764688E-52
    0.8690000000E+00    0.3778496121E-22    0.2609055264E-23    0.4163323131E-07    0.6936958356E-12    0.5209547608E-49    0.2621127024E-34    0.1645619396E-50
    0.8690000000E+00    0.4048731538E-22    0.2795653084E-23    0.4260299385E-07    0.2223668100E-11    0.1789373040E-48    0.9003035166E-34    0.6056619297E-50
    0.8690000000E+00    0.4338294005E-22    0.2995596250E-23    0.4359534505E-07   -0.1059519488E-09   -0.9135658845E-47   -0.4596507044E-32   -0.3313364840E-48
    0.8690000000E+00    0.4648565778E-22    0.3209839213E-23    0.4461081109E-07   -0.9428313830E-09   -0.8710938626E-46   -0.4382813701E-31   -0.3385278009E-47
    0.8690000000E+00    0.4981027973E-22    0.3439404683E-23    0.4564993037E-07    0.1219377962E-07    0.1207172312E-44    0.6073755739E-30    0.5026881549E-46
    0.8690000000E+00    0.5337267633E-22    0.3685388516E-23    0.4671325384E-07    0.2061284993E-06    0.2186598095E-43    0.1100162968E-28    0.9756596661E-45
    0.8690000000E+00    0.5718985306E-22    0.3948964943E-23    0.4780134531E-07   -0.9293152994E-06   -0.1056316372E-42   -0.5314740541E-28   -0.5050372332E-44
    0.8690000000E+00    0.6128003161E-22    0.4231392172E-23    0.4891478167E-07   -0.1784642792E-03   -0.2173613016E-40   -0.1093629667E-25   -0.1113554846E-41
    0.8690000000E+00    0.6566273690E-22    0.4534018400E-23    0.5005415331E-07   -0.2117778544E-01   -0.2763830899E-38   -0.1390591353E-23   -0.1517193083E-39
    0.8690000000E+00    0.7035889022E-22    0.4858288246E-23    0.5122006431E-07   -0.5923878513E-01   -0.8283942339E-38   -0.4167975180E-23   -0.4872663869E-39
    0.8690000000E+00    0.7539090917E-22    0.5205749646E-23    0.5241313287E-07    0.9327961302E+00    0.1397711890E-36    0.7032434832E-22    0.8809414519E-38
    0.8690000000E+00    0.8078281461E-22    0.5578061244E-23    0.5363399157E-07    0.8542772700E+02    0.1371607260E-34    0.6901092233E-20    0.9263159907E-36
    0.8690000000E+00    0.8656034539E-22    0.5977000309E-23    0.5488328773E-07    0.6271528561E+03    0.1078957475E-33    0.5428656784E-19    0.7807890509E-35
    0.8690000000E+00    0.9275108115E-22    0.6404471218E-23    0.5616168372E-07   -0.1716561116E+04   -0.3164391393E-33   -0.1592128994E-18   -0.2453689366E-34
    0.8690000000E+00    0.9938457404E-22    0.6862514550E-23    0.5746985739E-07   -0.1562489759E+06   -0.3086370814E-31   -0.1552873791E-16   -0.2564351117E-32
    0.8690000000E+00    0.1064924897E-21    0.7353316823E-23    0.5880850233E-07   -0.7803524637E+07   -0.1651664102E-29   -0.8310167672E-15   -0.1470452892E-30
    0.8690000000E+00    0.1141087586E-21    0.7879220933E-23    0.6017832832E-07   -0.3462545869E+09   -0.7852834763E-28   -0.3951068108E-13   -0.7491276818E-29
    0.8690000000E+00    0.1222697377E-21    0.8442737340E-23    0.6158006166E-07   -0.1380072832E+11   -0.3353767334E-26   -0.1687411432E-11   -0.3428169735E-27
    0.8690000000E+00    0.1310143844E-21    0.9046556049E-23    0.6301444556E-07   -0.4199716554E+11   -0.1093580869E-25   -0.5502232791E-11   -0.1197788917E-26
    0.8690000000E+00    0.1403844422E-21    0.9693559452E-23    0.6448224056E-07    0.1306352830E+12    0.3644948651E-25    0.1833916134E-10    0.4277803196E-26
    0.8690000000E+00    0.1504246400E-21    0.1038683609E-22    0.6598422489E-07    0.6057429709E+13    0.1811003573E-23    0.9111866830E-09    0.2277449173E-24
    0.8690000000E+00    0.1611829057E-21    0.1112969539E-22    0.6752119493E-07    0.1622443495E+15    0.5197571883E-22    0.2615101568E-07    0.7003737987E-23
    0.8690000000E+00    0.1727105951E-21    0.1192568347E-22    0.6909396560E-07    0.3857293927E+16    0.1324078267E-20    0.6661955297E-06    0.1911802581E-21
    0.8690000000E+00    0.1850627369E-21    0.1277860007E-22    0.7070337081E-07    0.5542212921E+17    0.2038516028E-19    0.1025657092E-04    0.3153868029E-20
    0.8690000000E+00    0.1982982953E-21    0.1369251667E-22    0.7235026388E-07    0.6696410392E+17    0.2639204151E-19    0.1327886765E-04    0.4375244946E-20
    0.8690000000E+00    0.2124804516E-21    0.1467179595E-22    0.7403551802E-07   -0.4192531882E+18   -0.1770546340E-18   -0.8908310675E-04   -0.3145116116E-19
    0.8690000000E+00    0.2276769058E-21    0.1572111260E-22    0.7576002677E-07   -0.9533966614E+19   -0.4314242479E-17   -0.2170664019E-02   -0.8211716300E-18
    0.8690000000E+00    0.2439602000E-21    0.1684547565E-22    0.7752470448E-07   -0.1462167954E+21   -0.7089705335E-16   -0.3567107864E-01   -0.1445964303E-16
    0.8690000000E+00    0.2614080640E-21    0.1805025236E-22    0.7933048683E-07   -0.1998736909E+22   -0.1038452309E-14   -0.5224859459E+00   -0.2269425563E-15
    0.8690000000E+00    0.2801037871E-21    0.1934119387E-22    0.8117833125E-07   -0.2507783390E+23   -0.1396114203E-13   -0.7024396246E+01   -0.3269266555E-14
    0.8690000000E+00    0.3001366153E-21    0.2072446262E-22    0.8306921749E-07   -0.2904778664E+24   -0.1732782168E-12   -0.8718304366E+02   -0.4347838022E-13
    0.8690000000E+00    0.3216021775E-21    0.2220666179E-22    0.8500414813E-07   -0.1450502108E+25   -0.9271484749E-12   -0.4664846366E+03   -0.2492749710E-12
    0.8690000000E+00    0.3446029418E-21    0.2379486681E-22    0.8698414910E-07   -0.1371012266E+25   -0.9390144258E-12   -0.4724548602E+03   -0.2705214150E-12
    0.8690000000E+00    0.3692487048E-21    0.2549665916E-22    0.8901027021E-07    0.4491133484E+25    0.3295997602E-11    0.1658345222E+04    0.1017457490E-11
    0.8690000000E+00    0.3956571157E-21    0.2732016250E-22    0.9108358575E-07    0.6417172113E+26    0.5046317963E-10    0.2538999809E+05    0.1669183172E-10
    0.8690000000E+00    0.4239542377E-21    0.2927408154E-22    0.9320519501E-07    0.5483864319E+27    0.4620804823E-09    0.2324907517E+06    0.1637747749E-09
    0.8690000000E+00    0.4542751502E-21    0.3136774352E-22    0.9537622289E-07    0.4082245939E+28    0.3685785775E-08    0.1854462887E+07    0.1399779006E-08
    0.8690000000E+00    0.4867645933E-21    0.3361114274E-22    0.9759782052E-07    0.2786401037E+29    0.2695718549E-07    0.1356321368E+08    0.1096993194E-07
    0.8690000000E+00    0.5215776589E-21    0.3601498832E-22    0.9987116580E-07    0.1764541940E+30    0.1829207229E-06    0.9203456539E+08    0.7976131313E-07
    0.8690000000E+00    0.5588805307E-21    0.3859075526E-22    0.1021974641E-06    0.1040704708E+31    0.1156001621E-05    0.5816295995E+09    0.5401169784E-06
    0.8690000000E+00    0.5988512779E-21    0.4135073927E-22    0.1045779488E-06    0.5727099416E+31    0.6816566030E-05    0.3429680804E+10    0.3412675795E-05
    0.8690000000E+00    0.6416807053E-21    0.4430811541E-22    0.1070138822E-06    0.2944055244E+32    0.3754714147E-04    0.1889143445E+11    0.2014217038E-04
    0.8690000000E+00    0.6875732635E-21    0.4747700104E-22    0.1095065557E-06    0.1414560902E+33    0.1933092225E-03    0.9726142556E+11    0.1111173717E-03
    0.8690000000E+00    0.7367480256E-21    0.5087252317E-22    0.1120572911E-06    0.6352694891E+33    0.9302269581E-03    0.4680335418E+12    0.5729520893E-03
    0.8690000000E+00    0.7894397325E-21    0.5451089068E-22    0.1146674407E-06    0.2664672752E+34    0.4180948374E-02    0.2103598545E+13    0.2759333484E-02
    0.8690000000E+00    0.8458999137E-21    0.5840947171E-22    0.1173383885E-06    0.1040888947E+35    0.1749989009E-01    0.8804878709E+13    0.1237555564E-01
    0.8690000000E+00    0.9063980879E-21    0.6258687655E-22    0.1200715507E-06    0.2861101224E+35    0.5154234185E-01    0.2593296679E+14    0.3905651900E-01
    0.8690000000E+00    0.9712230494E-21    0.6706304648E-22    0.1228683764E-06    0.4992117247E+35    0.9636419565E-01    0.4848459335E+14    0.7824292668E-01
    0.8690000000E+00    0.1040684247E-20    0.7185934897E-22    0.1257303485E-06    0.6451055676E+35    0.1334325279E+00    0.6713512020E+14    0.1160890080E+00
    0.8690000000E+00    0.1115113261E-20    0.7699867968E-22    0.1286589846E-06    0.6694429634E+35    0.1483694562E+00    0.7465047262E+14    0.1383164682E+00
    0.8690000000E+00    0.1194865387E-20    0.8250557175E-22    0.1316558373E-06    0.6566362008E+35    0.1559393594E+00    0.7845918683E+14    0.1557704707E+00
    0.8690000000E+00    0.1280321329E-20    0.8840631292E-22    0.1347224957E-06    0.5813802786E+35    0.1479419094E+00    0.7443535713E+14    0.1583509254E+00
    0.8690000000E+00    0.1371889021E-20    0.9472907100E-22    0.1378605858E-06    0.4138311399E+35    0.1128376652E+00    0.5677303976E+14    0.1294146605E+00
    0.8690000000E+00    0.1470005571E-20    0.1015040283E-21    0.1410717713E-06    0.2422748478E+35    0.7078467678E-01    0.3561453760E+14    0.8698986152E-01
    0.8690000000E+00    0.1575139348E-20    0.1087635259E-21    0.1443577550E-06    0.1181159230E+35    0.3697765549E-01    0.1860490380E+14    0.4869324954E-01
    0.8690000000E+00    0.1687792220E-20    0.1165422177E-21    0.1477202791E-06    0.4781684611E+34    0.1604027655E-01    0.8070490086E+13    0.2263295385E-01
    0.8690000000E+00    0.1808501947E-20    0.1248772362E-21    0.1511611264E-06    0.1574312023E+34    0.5658766008E-02    0.2847146359E+13    0.8555612814E-02
    0.8690000000E+00    0.1937844750E-20    0.1338083694E-21    0.1546821213E-06    0.3253720868E+33    0.1253173541E-02    0.6305205902E+12    0.2030208318E-02
    0.8690000000E+00    0.2076438060E-20    0.1433782510E-21    0.1582851308E-06    0.1469017930E+31    0.6062587512E-05    0.3050324742E+10    0.1052415914E-04
    0.8690000000E+00    0.2224943467E-20    0.1536325639E-21    0.1619720651E-06    0.3156210536E+30    0.1395715460E-05    0.7022390013E+09    0.2596129041E-05
    0.8690000000E+00    0.2384069878E-20    0.1646202581E-21    0.1657448792E-06    0.7475618443E+29    0.3542240553E-06    0.1782239675E+09    0.7060044475E-06
    0.8690000000E+00    0.2554576900E-20    0.1763937846E-21    0.1696055734E-06    0.1188542731E+29    0.6034561592E-07    0.3036223806E+08    0.1288769087E-06
    0.8690000000E+00    0.2737278465E-20    0.1890093455E-21    0.1735561947E-06    0.2009809630E+28    0.1093417063E-07    0.5501408619E+07    0.2502160898E-07
    0.8690000000E+00    0.2933046719E-20    0.2025271626E-21    0.1775988378E-06    0.4926070564E+27    0.2871650305E-08    0.1444839510E+07    0.7041431175E-08
    0.8690000000E+00    0.3142816182E-20    0.2170117645E-21    0.1817356462E-06    0.1086420597E+27    0.6786235309E-09    0.3414420233E+06    0.1783028564E-08
    0.8690000000E+00    0.3367588212E-20    0.2325322952E-21    0.1859688132E-06    0.2593574688E+26    0.1735919905E-09    0.8734091547E+05    0.4887188263E-09
    0.8690000000E+00    0.3608435782E-20    0.2491628434E-21    0.1903005833E-06    0.3556394196E+25    0.2550590964E-10    0.1283302007E+05    0.7694319268E-10
    0.8690000000E+00    0.3866508602E-20    0.2669827968E-21    0.1947332533E-06    0.1166043788E+25    0.8960779356E-11    0.4508518338E+04    0.2896510918E-10
