    0.8770000000E+00    0.4143038610E-23    0.2860772210E-24    0.1992691735E-07    0.0000000000E+00    0.0000000000E+00    0.0000000000E+00    0.0000000000E+00
    0.8770000000E+00    0.4439345853E-23    0.3065372650E-24    0.2039107488E-07    0.0000000000E+00    0.0000000000E+00    0.0000000000E+00    0.0000000000E+00
    0.8770000000E+00    0.4756844785E-23    0.3284605973E-24    0.2086604403E-07    0.0000000000E+00    0.0000000000E+00    0.0000000000E+00    0.0000000000E+00
    0.8770000000E+00    0.5097051019E-23    0.3519518710E-24    0.2135207663E-07    0.0000000000E+00    0.0000000000E+00    0.0000000000E+00    0.0000000000E+00
    0.8770000000E+00    0.5461588566E-23    0.3771232243E-24    0.2184943039E-07    0.0000000000E+00    0.0000000000E+00    0.0000000000E+00    0.0000000000E+00
    0.8770000000E+00    0.5852197586E-23    0.4040948153E-24    0.2235836900E-07    0.0000000000E+00    0.0000000000E+00    0.0000000000E+00    0.0000000000E+00
    0.8770000000E+00    0.6270742692E-23    0.4329953957E-24    0.2287916232E-07    0.0000000000E+00    0.0000000000E+00    0.0000000000E+00    0.0000000000E+00
    0.8770000000E+00    0.6719221852E-23    0.4639629256E-24    0.2341208647E-07    0.0000000000E+00    0.0000000000E+00    0.0000000000E+00    0.0000000000E+00
    0.8770000000E+00    0.7199775931E-23    0.4971452317E-24    0.2395742402E-07    0.0000000000E+00    0.0000000000E+00    0.0000000000E+00    0.0000000000E+00
    0.8770000000E+00    0.7714698903E-23    0.5327007132E-24    0.2451546411E-07    0.0000000000E+00    0.0000000000E+00    0.0000000000E+00    0.0000000000E+00
    0.8770000000E+00    0.8266448809E-23    0.5707990981E-24    0.2508650263E-07    0.0000000000E+00    0.0000000000E+00    0.0000000000E+00    0.0000000000E+00
    0.8770000000E+00    0.8857659485E-23    0.6116222531E-24    0.2567084234E-07    0.0000000000E+00    0.0000000000E+00    0.0000000000E+00    0.0000000000E+00
    0.8770000000E+00    0.9491153137E-23    0.6553650517E-24    0.2626879307E-07    0.0000000000E+00    0.0000000000E+00    0.0000000000E+00    0.0000000000E+00
    0.8770000000E+00    0.1016995382E-22    0.7022363048E-24    0.2688067187E-07    0.0000000000E+00    0.0000000000E+00    0.0000000000E+00    0.0000000000E+00
    0.8770000000E+00    0.1089730185E-22    0.7524597575E-24    0.2750680315E-07    0.0000000000E+00    0.0000000000E+00    0.0000000000E+00    0.0000000000E+00
    0.8770000000E+00    0.1167666930E-22    0.8062751566E-24    0.2814751890E-07    0.0000000000E+00    0.0000000000E+00    0.0000000000E+00    0.0000000000E+00
    0.8770000000E+00    0.1251177658E-22    0.8639393956E-24    0.2880315884E-07    0.0000000000E+00    0.0000000000E+00    0.0000000000E+00    0.0000000000E+00
    0.8770000000E+00    0.1340661015E-22    0.9257277409E-24    0.2947407060E-07    0.0000000000E+00    0.0000000000E+00    0.0000000000E+00    0.0000000000E+00
    0.8770000000E+00    0.1436544159E-22    0.9919351458E-24    0.3016060990E-07    0.0000000000E+00    0.0000000000E+00    0.0000000000E+00    0.0000000000E+00
    0.8770000000E+00    0.1539284799E-22    0.1062877658E-23    0.3086314075E-07    0.0000000000E+00    0.0000000000E+00    0.0000000000E+00    0.0000000000E+00
    0.8770000000E+00    0.1649373379E-22    0.1138893930E-23    0.3158203565E-07    0.0000000000E+00    0.0000000000E+00    0.0000000000E+00    0.0000000000E+00
    0.8770000000E+00    0.1767335417E-22    0.1220346833E-23    0.3231767576E-07    0.0000000000E+00    0.0000000000E+00    0.0000000000E+00    0.0000000000E+00
    0.8770000000E+00    0.1893734018E-22    0.1307625190E-23    0.3307045113E-07    0.0000000000E+00    0.0000000000E+00    0.0000000000E+00    0.0000000000E+00
    0.8770000000E+00    0.2029172559E-22    0.1401145635E-23    0.3384076090E-07    0.0000000000E+00    0.0000000000E+00    0.0000000000E+00    0.0000000000E+00
    0.8770000000E+00    0.2174297571E-22    0.1501354598E-23    0.3462901348E-07    0.0000000000E+00    0.0000000000E+00    0.0000000000E+00    0.0000000000E+00
    0.8770000000E+00    0.2329801823E-22    0.1608730435E-23    0.3543562682E-07    0.0000000000E+00    0.0000000000E+00    0.0000000000E+00    0.0000000000E+00
    0.8770000000E+00    0.2496427630E-22    0.1723785718E-23    0.3626102861E-07    0.0000000000E+00    0.0000000000E+00    0.0000000000E+00    0.0000000000E+00
    0.8770000000E+00    0.2674970400E-22    0.1847069675E-23    0.3710565646E-07    0.0000000000E+00    0.0000000000E+00    0.0000000000E+00    0.0000000000E+00
    0.8770000000E+00    0.2866282424E-22    0.1979170815E-23    0.3796995823E-07    0.0000000000E+00    0.0000000000E+00    0.0000000000E+00    0.0000000000E+00
    0.8770000000E+00    0.3071276952E-22    0.2120719737E-23    0.3885439218E-07   -0.4281499187E-15   -0.2613525789E-52   -0.1314966977E-37   -0.6632989555E-54
    0.8770000000E+00    0.3290932546E-22    0.2272392139E-23    0.3975942724E-07   -0.3217085261E-14   -0.2104231390E-51   -0.1058721059E-36   -0.5722371096E-53
    0.8770000000E+00    0.3526297755E-22    0.2434912046E-23    0.4068554327E-07   -0.1310530291E-13   -0.9184975185E-51   -0.4621320022E-36   -0.2676458482E-52
    0.8770000000E+00    0.3778496121E-22    0.2609055264E-23    0.4163323131E-07    0.2033846485E-12    0.1527387011E-49    0.7684881052E-35    0.4769047155E-51
    0.8770000000E+00    0.4048731538E-22    0.2795653084E-23    0.4260299385E-07    0.1571053665E-11    0.1264217926E-48    0.6360774521E-34    0.4229650353E-50
    0.8770000000E+00    0.4338294005E-22    0.2995596250E-23    0.4359534505E-07   -0.3306342816E-10   -0.2850879132E-47   -0.1434388722E-32   -0.1022024551E-48
    0.8770000000E+00    0.4648565778E-22    0.3209839213E-23    0.4461081109E-07   -0.5926157955E-09   -0.5475252432E-46   -0.2754813506E-31   -0.2103229528E-47
    0.8770000000E+00    0.4981027973E-22    0.3439404683E-23    0.4564993037E-07    0.3691183973E-08    0.3654236199E-45    0.1838589062E-30    0.1504108408E-46
    0.8770000000E+00    0.5337267633E-22    0.3685388516E-23    0.4671325384E-07    0.1275690309E-06    0.1353244218E-43    0.6808700596E-29    0.5968410749E-45
    0.8770000000E+00    0.5718985306E-22    0.3948964943E-23    0.4780134531E-07   -0.2345868005E-06   -0.2666456456E-43   -0.1341598465E-28   -0.1260134842E-44
    0.8770000000E+00    0.6128003161E-22    0.4231392172E-23    0.4891478167E-07   -0.6608562513E-04   -0.8048925849E-41   -0.4049729197E-26   -0.4075871185E-42
    0.8770000000E+00    0.6566273690E-22    0.4534018400E-23    0.5005415331E-07   -0.8215398004E-02   -0.1072159831E-38   -0.5394455177E-24   -0.5817575867E-40
    0.8770000000E+00    0.7035889022E-22    0.4858288246E-23    0.5122006431E-07   -0.4616229176E-01   -0.6455327575E-38   -0.3247927618E-23   -0.3753192234E-39
    0.8770000000E+00    0.7539090917E-22    0.5205749646E-23    0.5241313287E-07    0.3368994454E+00    0.5048138015E-37    0.2539915549E-22    0.3144949988E-38
    0.8770000000E+00    0.8078281461E-22    0.5578061244E-23    0.5363399157E-07    0.3492205384E+02    0.5607001876E-35    0.2821101801E-20    0.3742943100E-36
    0.8770000000E+00    0.8656034539E-22    0.5977000309E-23    0.5488328773E-07    0.4398007965E+03    0.7566358863E-34    0.3806930885E-19    0.5412145443E-35
    0.8770000000E+00    0.9275108115E-22    0.6404471218E-23    0.5616168372E-07   -0.4294035637E+03   -0.7915831997E-34   -0.3982764479E-19   -0.6067071204E-35
    0.8770000000E+00    0.9938457404E-22    0.6862514550E-23    0.5746985739E-07   -0.6798853223E+05   -0.1342970860E-31   -0.6757011315E-17   -0.1102932954E-32
    0.8770000000E+00    0.1064924897E-21    0.7353316823E-23    0.5880850233E-07   -0.3502236295E+07   -0.7412699049E-30   -0.3729618626E-15   -0.6523172931E-31
    0.8770000000E+00    0.1141087586E-21    0.7879220933E-23    0.6017832832E-07   -0.1588748938E+09   -0.3603181982E-28   -0.1812901690E-13   -0.3397572405E-29
    0.8770000000E+00    0.1222697377E-21    0.8442737340E-23    0.6158006166E-07   -0.6506961094E+10   -0.1581281296E-26   -0.7956044264E-12   -0.1597686838E-27
    0.8770000000E+00    0.1310143844E-21    0.9046556049E-23    0.6301444556E-07   -0.3428951106E+11   -0.8928781934E-26   -0.4492419184E-11   -0.9666622079E-27
    0.8770000000E+00    0.1403844422E-21    0.9693559452E-23    0.6448224056E-07    0.4231237208E+11    0.1180587816E-25    0.5939998752E-11    0.1369559234E-26
    0.8770000000E+00    0.1504246400E-21    0.1038683609E-22    0.6598422489E-07    0.2984345394E+13    0.8922365478E-24    0.4489190814E-09    0.1109079128E-24
    0.8770000000E+00    0.1611829057E-21    0.1112969539E-22    0.6752119493E-07    0.8262226312E+14    0.2646841958E-22    0.1331729645E-07    0.3525417323E-23
    0.8770000000E+00    0.1727105951E-21    0.1192568347E-22    0.6909396560E-07    0.2005905353E+16    0.6885593203E-21    0.3464411073E-06    0.9827066271E-22
    0.8770000000E+00    0.1850627369E-21    0.1277860007E-22    0.7070337081E-07    0.3698069029E+17    0.1360209919E-19    0.6843747758E-05    0.2080120342E-20
    0.8770000000E+00    0.1982982953E-21    0.1369251667E-22    0.7235026388E-07    0.6405661042E+17    0.2524613371E-19    0.1270231665E-04    0.4136922658E-20
    0.8770000000E+00    0.2124804516E-21    0.1467179595E-22    0.7403551802E-07   -0.1891023698E+18   -0.7985974061E-19   -0.4018055693E-04   -0.1402201472E-19
    0.8770000000E+00    0.2276769058E-21    0.1572111260E-22    0.7576002677E-07   -0.5280213498E+19   -0.2389364500E-17   -0.1202182672E-02   -0.4495364695E-18
    0.8770000000E+00    0.2439602000E-21    0.1684547565E-22    0.7752470448E-07   -0.8364736330E+20   -0.4055862093E-16   -0.2040662748E-01   -0.8176467284E-17
    0.8770000000E+00    0.2614080640E-21    0.1805025236E-22    0.7933048683E-07   -0.1166764986E+22   -0.6061977383E-15   -0.3050017762E+00   -0.1309473866E-15
    0.8770000000E+00    0.2801037871E-21    0.1934119387E-22    0.8117833125E-07   -0.1491110250E+23   -0.8301196215E-14   -0.4176656279E+01   -0.1921423964E-14
    0.8770000000E+00    0.3001366153E-21    0.2072446262E-22    0.8306921749E-07   -0.1758334414E+24   -0.1048895930E-12   -0.5277405396E+02   -0.2601446648E-13
    0.8770000000E+00    0.3216021775E-21    0.2220666179E-22    0.8500414813E-07   -0.1182461233E+25   -0.7558190523E-12   -0.3802821074E+03   -0.2008631915E-12
    0.8770000000E+00    0.3446029418E-21    0.2379486681E-22    0.8698414910E-07   -0.1361190275E+25   -0.9322872859E-12   -0.4690701732E+03   -0.2654802911E-12
    0.8770000000E+00    0.3692487048E-21    0.2549665916E-22    0.8901027021E-07    0.2093183172E+25    0.1536166035E-11    0.7729051754E+03    0.4687277677E-12
    0.8770000000E+00    0.3956571157E-21    0.2732016250E-22    0.9108358575E-07    0.4032982285E+26    0.3171445395E-10    0.1595678138E+05    0.1036906894E-10
    0.8770000000E+00    0.4239542377E-21    0.2927408154E-22    0.9320519501E-07    0.3595578867E+27    0.3029700811E-09    0.1524360898E+06    0.1061407780E-09
    0.8770000000E+00    0.4542751502E-21    0.3136774352E-22    0.9537622289E-07    0.2734919241E+28    0.2469308950E-08    0.1242405849E+07    0.9269535116E-09
    0.8770000000E+00    0.4867645933E-21    0.3361114274E-22    0.9759782052E-07    0.1899836670E+29    0.1838007122E-07    0.9247732240E+07    0.7393153332E-08
    0.8770000000E+00    0.5215776589E-21    0.3601498832E-22    0.9987116580E-07    0.1223074200E+30    0.1267896285E-06    0.6379281781E+08    0.5464699089E-07
    0.8770000000E+00    0.5588805307E-21    0.3859075526E-22    0.1021974641E-06    0.7329821685E+30    0.8141873181E-06    0.4096494633E+09    0.3760164605E-06
    0.8770000000E+00    0.5988512779E-21    0.4135073927E-22    0.1045779488E-06    0.4097448779E+31    0.4876906812E-05    0.2453762437E+10    0.2413387065E-05
    0.8770000000E+00    0.6416807053E-21    0.4430811541E-22    0.1070138822E-06    0.2139105984E+32    0.2728118474E-04    0.1372623037E+11    0.1446590971E-04
    0.8770000000E+00    0.6875732635E-21    0.4747700104E-22    0.1095065557E-06    0.1043597054E+33    0.1426145279E-03    0.7175494324E+11    0.8103008455E-04
    0.8770000000E+00    0.7367480256E-21    0.5087252317E-22    0.1120572911E-06    0.4758181991E+33    0.6967419711E-03    0.3505581188E+12    0.4241842083E-03
    0.8770000000E+00    0.7894397325E-21    0.5451089068E-22    0.1146674407E-06    0.2026209186E+34    0.3179180630E-02    0.1599570038E+13    0.2073947352E-02
    0.8770000000E+00    0.8458999137E-21    0.5840947171E-22    0.1173383885E-06    0.8047671844E+34    0.1353010550E-01    0.6807524918E+13    0.9457660203E-02
    0.8770000000E+00    0.9063980879E-21    0.6258687655E-22    0.1200715507E-06    0.2453597197E+35    0.4420121330E-01    0.2223935807E+14    0.3310676257E-01
    0.8770000000E+00    0.9712230494E-21    0.6706304648E-22    0.1228683764E-06    0.4588618126E+35    0.8857534248E-01    0.4456571689E+14    0.7108784743E-01
    0.8770000000E+00    0.1040684247E-20    0.7185934897E-22    0.1257303485E-06    0.6224378921E+35    0.1287439849E+00    0.6477613091E+14    0.1107157664E+00
    0.8770000000E+00    0.1115113261E-20    0.7699867968E-22    0.1286589846E-06    0.6643975463E+35    0.1472512343E+00    0.7408785148E+14    0.1356880082E+00
    0.8770000000E+00    0.1194865387E-20    0.8250557175E-22    0.1316558373E-06    0.6554501814E+35    0.1556577010E+00    0.7831747348E+14    0.1536926630E+00
    0.8770000000E+00    0.1280321329E-20    0.8840631292E-22    0.1347224957E-06    0.5970400972E+35    0.1519268115E+00    0.7644031710E+14    0.1607374028E+00
    0.8770000000E+00    0.1371889021E-20    0.9472907100E-22    0.1378605858E-06    0.4401730066E+35    0.1200201955E+00    0.6038685153E+14    0.1360620010E+00
    0.8770000000E+00    0.1470005571E-20    0.1015040283E-21    0.1410717713E-06    0.2655617293E+35    0.7758833136E-01    0.3903772215E+14    0.9424947408E-01
    0.8770000000E+00    0.1575139348E-20    0.1087635259E-21    0.1443577550E-06    0.1329441080E+35    0.4161980282E-01    0.2094054956E+14    0.5417295700E-01
    0.8770000000E+00    0.1687792220E-20    0.1165422177E-21    0.1477202791E-06    0.5516116861E+34    0.1850394727E-01    0.9310059124E+13    0.2580755763E-01
    0.8770000000E+00    0.1808501947E-20    0.1248772362E-21    0.1511611264E-06    0.1863496538E+34    0.6698221642E-02    0.3370137117E+13    0.1001018348E-01
    0.8770000000E+00    0.1937844750E-20    0.1338083694E-21    0.1546821213E-06    0.4181261010E+33    0.1610416466E-02    0.8102634695E+12    0.2578818197E-02
    0.8770000000E+00    0.2076438060E-20    0.1433782510E-21    0.1582851308E-06    0.4608027181E+31    0.1901717295E-04    0.9568283020E+10    0.3263085697E-04
    0.8770000000E+00    0.2224943467E-20    0.1536325639E-21    0.1619720651E-06    0.3483553480E+30    0.1540470572E-05    0.7750709559E+09    0.2832278331E-05
    0.8770000000E+00    0.2384069878E-20    0.1646202581E-21    0.1657448792E-06    0.8288056584E+29    0.3927205536E-06    0.1975930605E+09    0.7736885236E-06
    0.8770000000E+00    0.2554576900E-20    0.1763937846E-21    0.1696055734E-06    0.1342410873E+29    0.6815792890E-07    0.3429291807E+08    0.1438794963E-06
    0.8770000000E+00    0.2737278465E-20    0.1890093455E-21    0.1735561947E-06    0.2199685476E+28    0.1196717140E-07    0.6021151684E+07    0.2706911361E-07
    0.8770000000E+00    0.2933046719E-20    0.2025271626E-21    0.1775988378E-06    0.5391015341E+27    0.3142689624E-08    0.1581209986E+07    0.7617001045E-08
    0.8770000000E+00    0.3142816182E-20    0.2170117645E-21    0.1817356462E-06    0.1188379983E+27    0.7423116082E-09    0.3734859843E+06    0.1927830183E-08
    0.8770000000E+00    0.3367588212E-20    0.2325322952E-21    0.1859688132E-06    0.2840233343E+26    0.1901012381E-09    0.9564736325E+05    0.5290143696E-09
    0.8770000000E+00    0.3608435782E-20    0.2491628434E-21    0.1903005833E-06    0.3954539269E+25    0.2836134458E-10    0.1426970100E+05    0.8456863873E-10
    0.8770000000E+00    0.3866508602E-20    0.2669827968E-21    0.1947332533E-06    0.1300152733E+25    0.9991375868E-11    0.5027051725E+04    0.3192330305E-10
