    0.8330000000E+00    0.4143038610E-23    0.2860772210E-24    0.1992691735E-07    0.0000000000E+00    0.0000000000E+00    0.0000000000E+00    0.0000000000E+00
    0.8330000000E+00    0.4439345853E-23    0.3065372650E-24    0.2039107488E-07    0.0000000000E+00    0.0000000000E+00    0.0000000000E+00    0.0000000000E+00
    0.8330000000E+00    0.4756844785E-23    0.3284605973E-24    0.2086604403E-07    0.0000000000E+00    0.0000000000E+00    0.0000000000E+00    0.0000000000E+00
    0.8330000000E+00    0.5097051019E-23    0.3519518710E-24    0.2135207663E-07    0.0000000000E+00    0.0000000000E+00    0.0000000000E+00    0.0000000000E+00
    0.8330000000E+00    0.5461588566E-23    0.3771232243E-24    0.2184943039E-07    0.0000000000E+00    0.0000000000E+00    0.0000000000E+00    0.0000000000E+00
    0.8330000000E+00    0.5852197586E-23    0.4040948153E-24    0.2235836900E-07    0.0000000000E+00    0.0000000000E+00    0.0000000000E+00    0.0000000000E+00
    0.8330000000E+00    0.6270742692E-23    0.4329953957E-24    0.2287916232E-07    0.0000000000E+00    0.0000000000E+00    0.0000000000E+00    0.0000000000E+00
    0.8330000000E+00    0.6719221852E-23    0.4639629256E-24    0.2341208647E-07    0.0000000000E+00    0.0000000000E+00    0.0000000000E+00    0.0000000000E+00
    0.8330000000E+00    0.7199775931E-23    0.4971452317E-24    0.2395742402E-07    0.0000000000E+00    0.0000000000E+00    0.0000000000E+00    0.0000000000E+00
    0.8330000000E+00    0.7714698903E-23    0.5327007132E-24    0.2451546411E-07    0.0000000000E+00    0.0000000000E+00    0.0000000000E+00    0.0000000000E+00
    0.8330000000E+00    0.8266448809E-23    0.5707990981E-24    0.2508650263E-07    0.0000000000E+00    0.0000000000E+00    0.0000000000E+00    0.0000000000E+00
    0.8330000000E+00    0.8857659485E-23    0.6116222531E-24    0.2567084234E-07    0.0000000000E+00    0.0000000000E+00    0.0000000000E+00    0.0000000000E+00
    0.8330000000E+00    0.9491153137E-23    0.6553650517E-24    0.2626879307E-07    0.0000000000E+00    0.0000000000E+00    0.0000000000E+00    0.0000000000E+00
    0.8330000000E+00    0.1016995382E-22    0.7022363048E-24    0.2688067187E-07    0.0000000000E+00    0.0000000000E+00    0.0000000000E+00    0.0000000000E+00
    0.8330000000E+00    0.1089730185E-22    0.7524597575E-24    0.2750680315E-07    0.0000000000E+00    0.0000000000E+00    0.0000000000E+00    0.0000000000E+00
    0.8330000000E+00    0.1167666930E-22    0.8062751566E-24    0.2814751890E-07    0.0000000000E+00    0.0000000000E+00    0.0000000000E+00    0.0000000000E+00
    0.8330000000E+00    0.1251177658E-22    0.8639393956E-24    0.2880315884E-07    0.0000000000E+00    0.0000000000E+00    0.0000000000E+00    0.0000000000E+00
    0.8330000000E+00    0.1340661015E-22    0.9257277409E-24    0.2947407060E-07    0.0000000000E+00    0.0000000000E+00    0.0000000000E+00    0.0000000000E+00
    0.8330000000E+00    0.1436544159E-22    0.9919351458E-24    0.3016060990E-07    0.0000000000E+00    0.0000000000E+00    0.0000000000E+00    0.0000000000E+00
    0.8330000000E+00    0.1539284799E-22    0.1062877658E-23    0.3086314075E-07    0.0000000000E+00    0.0000000000E+00    0.0000000000E+00    0.0000000000E+00
    0.8330000000E+00    0.1649373379E-22    0.1138893930E-23    0.3158203565E-07    0.0000000000E+00    0.0000000000E+00    0.0000000000E+00    0.0000000000E+00
    0.8330000000E+00    0.1767335417E-22    0.1220346833E-23    0.3231767576E-07    0.0000000000E+00    0.0000000000E+00    0.0000000000E+00    0.0000000000E+00
    0.8330000000E+00    0.1893734018E-22    0.1307625190E-23    0.3307045113E-07    0.0000000000E+00    0.0000000000E+00    0.0000000000E+00    0.0000000000E+00
    0.8330000000E+00    0.2029172559E-22    0.1401145635E-23    0.3384076090E-07   -0.1175981000E-15   -0.4742760880E-53   -0.2386268376E-38   -0.8549646222E-55
    0.8330000000E+00    0.2174297571E-22    0.1501354598E-23    0.3462901348E-07   -0.1930727105E-15   -0.8343568146E-53   -0.4197975253E-38   -0.1611642579E-54
    0.8330000000E+00    0.2329801823E-22    0.1608730435E-23    0.3543562682E-07   -0.1349663322E-15   -0.6249659693E-53   -0.3144448068E-38   -0.1293520408E-54
    0.8330000000E+00    0.2496427630E-22    0.1723785718E-23    0.3626102861E-07    0.4559402601E-15    0.2262240987E-52    0.1138221863E-37    0.5017134939E-54
    0.8330000000E+00    0.2674970400E-22    0.1847069675E-23    0.3710565646E-07    0.5823600662E-15    0.3096153691E-52    0.1557795939E-37    0.7357655102E-54
    0.8330000000E+00    0.2866282424E-22    0.1979170815E-23    0.3796995823E-07   -0.5031692351E-14   -0.2866454176E-51   -0.1442225135E-36   -0.7298975716E-53
    0.8330000000E+00    0.3071276952E-22    0.2120719737E-23    0.3885439218E-07   -0.7291773320E-13   -0.4451066504E-50   -0.2239505534E-35   -0.1214453801E-51
    0.8330000000E+00    0.3290932546E-22    0.2272392139E-23    0.3975942724E-07   -0.8250634797E-13   -0.5396575880E-50   -0.2715228258E-35   -0.1577739154E-51
    0.8330000000E+00    0.3526297755E-22    0.2434912046E-23    0.4068554327E-07    0.1598987685E-11    0.1120665605E-48    0.5638506684E-34    0.3510693847E-50
    0.8330000000E+00    0.3778496121E-22    0.2609055264E-23    0.4163323131E-07    0.1998778880E-10    0.1501051787E-47    0.7552378245E-33    0.5038631427E-49
    0.8330000000E+00    0.4048731538E-22    0.2795653084E-23    0.4260299385E-07   -0.1178236021E-09   -0.9481198073E-47   -0.4770361336E-32   -0.3410202237E-48
    0.8330000000E+00    0.4338294005E-22    0.2995596250E-23    0.4359534505E-07   -0.6001822667E-08   -0.5175044436E-45   -0.2603767129E-30   -0.1994486029E-46
    0.8330000000E+00    0.4648565778E-22    0.3209839213E-23    0.4461081109E-07    0.7365956368E-08    0.6805500432E-45    0.3424113269E-30    0.2810457234E-46
    0.8330000000E+00    0.4981027973E-22    0.3439404683E-23    0.4564993037E-07    0.1069327998E-05    0.1058624308E-42    0.5326352668E-28    0.4684451826E-44
    0.8330000000E+00    0.5337267633E-22    0.3685388516E-23    0.4671325384E-07    0.2309887334E-06    0.2450313887E-43    0.1232848690E-28    0.1161819434E-44
    0.8330000000E+00    0.5718985306E-22    0.3948964943E-23    0.4780134531E-07   -0.2434941214E-03   -0.2767702491E-40   -0.1392539302E-25   -0.1406165116E-41
    0.8330000000E+00    0.6128003161E-22    0.4231392172E-23    0.4891478167E-07   -0.2946328088E-01   -0.3588492393E-38   -0.1805510784E-23   -0.1953569855E-39
    0.8330000000E+00    0.6566273690E-22    0.4534018400E-23    0.5005415331E-07   -0.3157336725E+00   -0.4120518089E-37   -0.2073193707E-22   -0.2403636224E-38
    0.8330000000E+00    0.7035889022E-22    0.4858288246E-23    0.5122006431E-07    0.9214450986E+00    0.1288547368E-36    0.6483185454E-22    0.8054105303E-38
    0.8330000000E+00    0.7539090917E-22    0.5205749646E-23    0.5241313287E-07    0.1186732486E+03    0.1778212894E-34    0.8946884108E-20    0.1190969584E-35
    0.8330000000E+00    0.8078281461E-22    0.5578061244E-23    0.5363399157E-07    0.2220763555E+04    0.3565605127E-33    0.1793995306E-18    0.2558881420E-34
    0.8330000000E+00    0.8656034539E-22    0.5977000309E-23    0.5488328773E-07   -0.4192606937E+02   -0.7212985722E-35   -0.3629135046E-20   -0.5546665652E-36
    0.8330000000E+00    0.9275108115E-22    0.6404471218E-23    0.5616168372E-07   -0.2169847035E+06   -0.4000000475E-31   -0.2012556584E-16   -0.3295922250E-32
    0.8330000000E+00    0.9938457404E-22    0.6862514550E-23    0.5746985739E-07   -0.1096384763E+08   -0.2165678151E-29   -0.1089637326E-14   -0.1912101008E-30
    0.8330000000E+00    0.1064924897E-21    0.7353316823E-23    0.5880850233E-07   -0.4814027116E+09   -0.1018918520E-27   -0.5126577331E-13   -0.9639541367E-29
    0.8330000000E+00    0.1141087586E-21    0.7879220933E-23    0.6017832832E-07   -0.1907223841E+11   -0.4325462895E-26   -0.2176309449E-11   -0.4384797144E-27
    0.8330000000E+00    0.1222697377E-21    0.8442737340E-23    0.6158006166E-07   -0.1223471096E+12   -0.2973203515E-25   -0.1495934900E-10   -0.3229546581E-26
    0.8330000000E+00    0.1310143844E-21    0.9046556049E-23    0.6301444556E-07    0.7852199152E+11    0.2044665315E-25    0.1028751038E-10    0.2379792794E-26
    0.8330000000E+00    0.1403844422E-21    0.9693559452E-23    0.6448224056E-07    0.8127533592E+13    0.2267721393E-23    0.1140979270E-08    0.2828177171E-24
    0.8330000000E+00    0.1504246400E-21    0.1038683609E-22    0.6598422489E-07    0.2202664952E+15    0.6585357635E-22    0.3313350824E-07    0.8800275753E-23
    0.8330000000E+00    0.1611829057E-21    0.1112969539E-22    0.6752119493E-07    0.5183646777E+16    0.1660604935E-20    0.8355152496E-06    0.2377843345E-21
    0.8330000000E+00    0.1727105951E-21    0.1192568347E-22    0.6909396560E-07    0.9322493339E+17    0.3200095990E-19    0.1610093373E-04    0.4909982237E-20
    0.8330000000E+00    0.1850627369E-21    0.1277860007E-22    0.7070337081E-07    0.1638100320E+18    0.6025199330E-19    0.3031513286E-04    0.9905772155E-20
    0.8330000000E+00    0.1982982953E-21    0.1369251667E-22    0.7235026388E-07   -0.4364092336E+18   -0.1719985774E-18   -0.8653920706E-04   -0.3029994011E-19
    0.8330000000E+00    0.2124804516E-21    0.1467179595E-22    0.7403551802E-07   -0.1222939730E+20   -0.5164591522E-17   -0.2598507860E-02   -0.9748838892E-18
    0.8330000000E+00    0.2276769058E-21    0.1572111260E-22    0.7576002677E-07   -0.1883268259E+21   -0.8522031020E-16   -0.4287766901E-01   -0.1723693429E-16
    0.8330000000E+00    0.2439602000E-21    0.1684547565E-22    0.7752470448E-07   -0.2544972686E+22   -0.1233996845E-14   -0.6208720453E+00   -0.2674428334E-15
    0.8330000000E+00    0.2614080640E-21    0.1805025236E-22    0.7933048683E-07   -0.3148374396E+23   -0.1635751381E-13   -0.8230104554E+01   -0.3798693127E-14
    0.8330000000E+00    0.2801037871E-21    0.1934119387E-22    0.8117833125E-07   -0.3592728043E+24   -0.2000116386E-12   -0.1006336731E+03   -0.4977052055E-13
    0.8330000000E+00    0.3001366153E-21    0.2072446262E-22    0.8306921749E-07   -0.2115319712E+25   -0.1261847700E-11   -0.6348848986E+03   -0.3364525743E-12
    0.8330000000E+00    0.3216021775E-21    0.2220666179E-22    0.8500414813E-07   -0.2245210860E+25   -0.1435119475E-11   -0.7220647016E+03   -0.4100199359E-12
    0.8330000000E+00    0.3446029418E-21    0.2379486681E-22    0.8698414910E-07    0.4321426601E+25    0.2959770688E-11    0.1489176320E+04    0.9060976002E-12
    0.8330000000E+00    0.3692487048E-21    0.2549665916E-22    0.8901027021E-07    0.7336657153E+26    0.5384298746E-10    0.2709051151E+05    0.1766225147E-10
    0.8330000000E+00    0.3956571157E-21    0.2732016250E-22    0.9108358575E-07    0.6304839816E+27    0.4957982403E-09    0.2494554736E+06    0.1742697051E-09
    0.8330000000E+00    0.4239542377E-21    0.2927408154E-22    0.9320519501E-07    0.4648367899E+28    0.3916800191E-08    0.1970695269E+07    0.1475191267E-08
    0.8330000000E+00    0.4542751502E-21    0.3136774352E-22    0.9537622289E-07    0.3132707597E+29    0.2828464837E-07    0.1423111214E+08    0.1141478404E-07
    0.8330000000E+00    0.4867645933E-21    0.3361114274E-22    0.9759782052E-07    0.1957276490E+30    0.1893577582E-06    0.9527328947E+08    0.8188418273E-07
    0.8330000000E+00    0.5215776589E-21    0.3601498832E-22    0.9987116580E-07    0.1138733956E+31    0.1180465218E-05    0.5939381910E+09    0.5469783168E-06
    0.8330000000E+00    0.5588805307E-21    0.3859075526E-22    0.1021974641E-06    0.6182249124E+31    0.6867164100E-05    0.3455138671E+10    0.3409528624E-05
    0.8330000000E+00    0.5988512779E-21    0.4135073927E-22    0.1045779488E-06    0.3136304867E+32    0.3732924412E-04    0.1878180178E+11    0.1985939945E-04
    0.8330000000E+00    0.6416807053E-21    0.4430811541E-22    0.1070138822E-06    0.1488054836E+33    0.1897797453E-03    0.9548560764E+11    0.1081849316E-03
    0.8330000000E+00    0.6875732635E-21    0.4747700104E-22    0.1095065557E-06    0.6605096205E+33    0.9026306396E-03    0.4541487553E+12    0.5513495022E-03
    0.8330000000E+00    0.7367480256E-21    0.5087252317E-22    0.1120572911E-06    0.2741664555E+34    0.4014627371E-02    0.2019915947E+13    0.2627617566E-02
    0.8330000000E+00    0.7894397325E-21    0.5451089068E-22    0.1146674407E-06    0.1061261323E+35    0.1665149613E-01    0.8378018547E+13    0.1167804585E-01
    0.8330000000E+00    0.8458999137E-21    0.5840947171E-22    0.1173383885E-06    0.2909994854E+35    0.4892413375E-01    0.2461564396E+14    0.3676546474E-01
    0.8330000000E+00    0.9063980879E-21    0.6258687655E-22    0.1200715507E-06    0.5110856791E+35    0.9207137646E-01    0.4632470823E+14    0.7413811696E-01
    0.8330000000E+00    0.9712230494E-21    0.6706304648E-22    0.1228683764E-06    0.6689186437E+35    0.1291231833E+00    0.6496692049E+14    0.1114092216E+00
    0.8330000000E+00    0.1040684247E-20    0.7185934897E-22    0.1257303485E-06    0.7015642562E+35    0.1451103461E+00    0.7301068697E+14    0.1341576040E+00
    0.8330000000E+00    0.1115113261E-20    0.7699867968E-22    0.1286589846E-06    0.6907650044E+35    0.1530950860E+00    0.7702812170E+14    0.1516624846E+00
    0.8330000000E+00    0.1194865387E-20    0.8250557175E-22    0.1316558373E-06    0.6235702682E+35    0.1480867915E+00    0.7450825299E+14    0.1571930133E+00
    0.8330000000E+00    0.1280321329E-20    0.8840631292E-22    0.1347224957E-06    0.4568188261E+35    0.1162451701E+00    0.5848748868E+14    0.1322183803E+00
    0.8330000000E+00    0.1371889021E-20    0.9472907100E-22    0.1378605858E-06    0.2767839407E+35    0.7546955898E-01    0.3797168495E+14    0.9197900929E-01
    0.8330000000E+00    0.1470005571E-20    0.1015040283E-21    0.1410717713E-06    0.1410430651E+35    0.4120810667E-01    0.2073340914E+14    0.5381453307E-01
    0.8330000000E+00    0.1575139348E-20    0.1087635259E-21    0.1443577550E-06    0.6072887774E+34    0.1901192881E-01    0.9565644490E+13    0.2660376450E-01
    0.8330000000E+00    0.1687792220E-20    0.1165422177E-21    0.1477202791E-06    0.2188548449E+34    0.7341538645E-02    0.3693815046E+13    0.1100788806E-01
    0.8330000000E+00    0.1808501947E-20    0.1248772362E-21    0.1511611264E-06    0.6247579491E+33    0.2245653336E-02    0.1129875967E+13    0.3607942685E-02
    0.8330000000E+00    0.1937844750E-20    0.1338083694E-21    0.1546821213E-06    0.6716959132E+32    0.2587042896E-03    0.1301642399E+12    0.4453695749E-03
    0.8330000000E+00    0.2076438060E-20    0.1433782510E-21    0.1582851308E-06    0.7762750178E+30    0.3203660848E-05    0.1611886992E+10    0.5909672978E-05
    0.8330000000E+00    0.2224943467E-20    0.1536325639E-21    0.1619720651E-06    0.1892066016E+30    0.8366950682E-06    0.4209739921E+09    0.1653804329E-05
    0.8330000000E+00    0.2384069878E-20    0.1646202581E-21    0.1657448792E-06    0.4349360753E+29    0.2060897323E-06    0.1036917996E+09    0.4364889668E-06
    0.8330000000E+00    0.2554576900E-20    0.1763937846E-21    0.1696055734E-06    0.6574533075E+28    0.3338073065E-07    0.1679515032E+08    0.7575525314E-07
    0.8330000000E+00    0.2737278465E-20    0.1890093455E-21    0.1735561947E-06    0.1261674405E+28    0.6864014885E-08    0.3453554178E+07    0.1669149098E-07
    0.8330000000E+00    0.2933046719E-20    0.2025271626E-21    0.1775988378E-06    0.3094117152E+27    0.1803714004E-08    0.9075190161E+06    0.4699856442E-08
    0.8330000000E+00    0.3142816182E-20    0.2170117645E-21    0.1817356462E-06    0.6834995799E+26    0.4269422907E-09    0.2148113540E+06    0.1192026996E-08
    0.8330000000E+00    0.3367588212E-20    0.2325322952E-21    0.1859688132E-06    0.1617900805E+26    0.1082886189E-09    0.5448423679E+05    0.3239662213E-09
    0.8330000000E+00    0.3608435782E-20    0.2491628434E-21    0.1903005833E-06    0.2022750823E+25    0.1450685634E-10    0.7298966446E+04    0.4650399098E-10
    0.8330000000E+00    0.3866508602E-20    0.2669827968E-21    0.1947332533E-06    0.6627980387E+24    0.5093451071E-11    0.2562714318E+04    0.1749560858E-10
