    0.8970000000E+00    0.4143038610E-23    0.2860772210E-24    0.1992691735E-07    0.0000000000E+00    0.0000000000E+00    0.0000000000E+00    0.0000000000E+00
    0.8970000000E+00    0.4439345853E-23    0.3065372650E-24    0.2039107488E-07    0.0000000000E+00    0.0000000000E+00    0.0000000000E+00    0.0000000000E+00
    0.8970000000E+00    0.4756844785E-23    0.3284605973E-24    0.2086604403E-07    0.0000000000E+00    0.0000000000E+00    0.0000000000E+00    0.0000000000E+00
    0.8970000000E+00    0.5097051019E-23    0.3519518710E-24    0.2135207663E-07    0.0000000000E+00    0.0000000000E+00    0.0000000000E+00    0.0000000000E+00
    0.8970000000E+00    0.5461588566E-23    0.3771232243E-24    0.2184943039E-07    0.0000000000E+00    0.0000000000E+00    0.0000000000E+00    0.0000000000E+00
    0.8970000000E+00    0.5852197586E-23    0.4040948153E-24    0.2235836900E-07    0.0000000000E+00    0.0000000000E+00    0.0000000000E+00    0.0000000000E+00
    0.8970000000E+00    0.6270742692E-23    0.4329953957E-24    0.2287916232E-07    0.0000000000E+00    0.0000000000E+00    0.0000000000E+00    0.0000000000E+00
    0.8970000000E+00    0.6719221852E-23    0.4639629256E-24    0.2341208647E-07    0.0000000000E+00    0.0000000000E+00    0.0000000000E+00    0.0000000000E+00
    0.8970000000E+00    0.7199775931E-23    0.4971452317E-24    0.2395742402E-07    0.0000000000E+00    0.0000000000E+00    0.0000000000E+00    0.0000000000E+00
    0.8970000000E+00    0.7714698903E-23    0.5327007132E-24    0.2451546411E-07    0.0000000000E+00    0.0000000000E+00    0.0000000000E+00    0.0000000000E+00
    0.8970000000E+00    0.8266448809E-23    0.5707990981E-24    0.2508650263E-07    0.0000000000E+00    0.0000000000E+00    0.0000000000E+00    0.0000000000E+00
    0.8970000000E+00    0.8857659485E-23    0.6116222531E-24    0.2567084234E-07    0.0000000000E+00    0.0000000000E+00    0.0000000000E+00    0.0000000000E+00
    0.8970000000E+00    0.9491153137E-23    0.6553650517E-24    0.2626879307E-07    0.0000000000E+00    0.0000000000E+00    0.0000000000E+00    0.0000000000E+00
    0.8970000000E+00    0.1016995382E-22    0.7022363048E-24    0.2688067187E-07    0.0000000000E+00    0.0000000000E+00    0.0000000000E+00    0.0000000000E+00
    0.8970000000E+00    0.1089730185E-22    0.7524597575E-24    0.2750680315E-07    0.0000000000E+00    0.0000000000E+00    0.0000000000E+00    0.0000000000E+00
    0.8970000000E+00    0.1167666930E-22    0.8062751566E-24    0.2814751890E-07    0.0000000000E+00    0.0000000000E+00    0.0000000000E+00    0.0000000000E+00
    0.8970000000E+00    0.1251177658E-22    0.8639393956E-24    0.2880315884E-07    0.0000000000E+00    0.0000000000E+00    0.0000000000E+00    0.0000000000E+00
    0.8970000000E+00    0.1340661015E-22    0.9257277409E-24    0.2947407060E-07    0.0000000000E+00    0.0000000000E+00    0.0000000000E+00    0.0000000000E+00
    0.8970000000E+00    0.1436544159E-22    0.9919351458E-24    0.3016060990E-07    0.0000000000E+00    0.0000000000E+00    0.0000000000E+00    0.0000000000E+00
    0.8970000000E+00    0.1539284799E-22    0.1062877658E-23    0.3086314075E-07    0.0000000000E+00    0.0000000000E+00    0.0000000000E+00    0.0000000000E+00
    0.8970000000E+00    0.1649373379E-22    0.1138893930E-23    0.3158203565E-07    0.0000000000E+00    0.0000000000E+00    0.0000000000E+00    0.0000000000E+00
    0.8970000000E+00    0.1767335417E-22    0.1220346833E-23    0.3231767576E-07    0.0000000000E+00    0.0000000000E+00    0.0000000000E+00    0.0000000000E+00
    0.8970000000E+00    0.1893734018E-22    0.1307625190E-23    0.3307045113E-07    0.0000000000E+00    0.0000000000E+00    0.0000000000E+00    0.0000000000E+00
    0.8970000000E+00    0.2029172559E-22    0.1401145635E-23    0.3384076090E-07    0.0000000000E+00    0.0000000000E+00    0.0000000000E+00    0.0000000000E+00
    0.8970000000E+00    0.2174297571E-22    0.1501354598E-23    0.3462901348E-07    0.0000000000E+00    0.0000000000E+00    0.0000000000E+00    0.0000000000E+00
    0.8970000000E+00    0.2329801823E-22    0.1608730435E-23    0.3543562682E-07    0.0000000000E+00    0.0000000000E+00    0.0000000000E+00    0.0000000000E+00
    0.8970000000E+00    0.2496427630E-22    0.1723785718E-23    0.3626102861E-07    0.0000000000E+00    0.0000000000E+00    0.0000000000E+00    0.0000000000E+00
    0.8970000000E+00    0.2674970400E-22    0.1847069675E-23    0.3710565646E-07    0.0000000000E+00    0.0000000000E+00    0.0000000000E+00    0.0000000000E+00
    0.8970000000E+00    0.2866282424E-22    0.1979170815E-23    0.3796995823E-07    0.0000000000E+00    0.0000000000E+00    0.0000000000E+00    0.0000000000E+00
    0.8970000000E+00    0.3071276952E-22    0.2120719737E-23    0.3885439218E-07   -0.1105386233E-15   -0.6747532351E-53   -0.3394947262E-38   -0.1667540812E-54
    0.8970000000E+00    0.3290932546E-22    0.2272392139E-23    0.3975942724E-07   -0.8690815827E-15   -0.5684489524E-52   -0.2860088865E-37   -0.1505299671E-53
    0.8970000000E+00    0.3526297755E-22    0.2434912046E-23    0.4068554327E-07   -0.4378464061E-14   -0.3068687846E-51   -0.1543976799E-36   -0.8707314069E-53
    0.8970000000E+00    0.3778496121E-22    0.2609055264E-23    0.4163323131E-07    0.7493736097E-14    0.5627679014E-51    0.2831505277E-36    0.1711042571E-52
    0.8970000000E+00    0.4048731538E-22    0.2795653084E-23    0.4260299385E-07    0.4854811090E-12    0.3906638802E-49    0.1965582677E-34    0.1272725529E-50
    0.8970000000E+00    0.4338294005E-22    0.2995596250E-23    0.4359534505E-07   -0.1786323020E-11   -0.1540248941E-48   -0.7749594449E-34   -0.5376781836E-50
    0.8970000000E+00    0.4648565778E-22    0.3209839213E-23    0.4461081109E-07   -0.1787922366E-09   -0.1651884131E-46   -0.8311274726E-32   -0.6178898733E-48
    0.8970000000E+00    0.4981027973E-22    0.3439404683E-23    0.4564993037E-07    0.6341493313E-10    0.6278016644E-47    0.3158715558E-32    0.2516250992E-48
    0.8970000000E+00    0.5337267633E-22    0.3685388516E-23    0.4671325384E-07    0.3939225966E-07    0.4178706012E-44    0.2102470325E-29    0.1794623351E-45
    0.8970000000E+00    0.5718985306E-22    0.3948964943E-23    0.4780134531E-07    0.3141833266E-07    0.3571199053E-44    0.1796809828E-29    0.1643408595E-45
    0.8970000000E+00    0.6128003161E-22    0.4231392172E-23    0.4891478167E-07   -0.6621820267E-05   -0.8065073184E-42   -0.4057853553E-27   -0.3976855481E-43
    0.8970000000E+00    0.6566273690E-22    0.4534018400E-23    0.5005415331E-07   -0.8881013566E-03   -0.1159026744E-39   -0.5831516572E-25   -0.6123855772E-41
    0.8970000000E+00    0.7035889022E-22    0.4858288246E-23    0.5122006431E-07   -0.1883718019E-01   -0.2634188297E-38   -0.1325363093E-23   -0.1491345652E-39
    0.8970000000E+00    0.7539090917E-22    0.5205749646E-23    0.5241313287E-07    0.1642893272E-01    0.2461729188E-38    0.1238592174E-23    0.1493384953E-39
    0.8970000000E+00    0.8078281461E-22    0.5578061244E-23    0.5363399157E-07    0.4412413104E+01    0.7084465498E-36    0.3564471498E-21    0.4605094916E-37
    0.8970000000E+00    0.8656034539E-22    0.5977000309E-23    0.5488328773E-07    0.1735762828E+03    0.2986216614E-34    0.1502482299E-19    0.2079949563E-35
    0.8970000000E+00    0.9275108115E-22    0.6404471218E-23    0.5616168372E-07    0.1516561511E+03    0.2795702492E-34    0.1406627197E-19    0.2086519510E-35
    0.8970000000E+00    0.9938457404E-22    0.6862514550E-23    0.5746985739E-07   -0.9728799233E+04   -0.1921720244E-32   -0.9668925677E-18   -0.1536815250E-33
    0.8970000000E+00    0.1064924897E-21    0.7353316823E-23    0.5880850233E-07   -0.5515410076E+06   -0.1167370548E-30   -0.5873497508E-16   -0.1000322940E-31
    0.8970000000E+00    0.1141087586E-21    0.7879220933E-23    0.6017832832E-07   -0.2634916677E+08   -0.5975824164E-29   -0.3006670710E-14   -0.5486928569E-30
    0.8970000000E+00    0.1222697377E-21    0.8442737340E-23    0.6158006166E-07   -0.1133585997E+10   -0.2754770326E-27   -0.1386032625E-12   -0.2710297051E-28
    0.8970000000E+00    0.1310143844E-21    0.9046556049E-23    0.6301444556E-07   -0.1718793921E+11   -0.4475635736E-26   -0.2251867275E-11   -0.4718307370E-27
    0.8970000000E+00    0.1403844422E-21    0.9693559452E-23    0.6448224056E-07   -0.1081644325E+11   -0.3017973346E-26   -0.1518460352E-11   -0.3409156170E-27
    0.8970000000E+00    0.1504246400E-21    0.1038683609E-22    0.6598422489E-07    0.5637310574E+12    0.1685399597E-24    0.8479904134E-10    0.2040019798E-25
    0.8970000000E+00    0.1611829057E-21    0.1112969539E-22    0.6752119493E-07    0.1737095057E+14    0.5564863401E-23    0.2799900287E-08    0.7217486905E-24
    0.8970000000E+00    0.1727105951E-21    0.1192568347E-22    0.6909396560E-07    0.4433808231E+15    0.1521976088E-21    0.7657656583E-07    0.2115141009E-22
    0.8970000000E+00    0.1850627369E-21    0.1277860007E-22    0.7070337081E-07    0.1025171545E+17    0.3770747635E-20    0.1897210520E-05    0.5615118988E-21
    0.8970000000E+00    0.1982982953E-21    0.1369251667E-22    0.7235026388E-07    0.4732735430E+17    0.1865276209E-19    0.9384933676E-05    0.2976285903E-20
    0.8970000000E+00    0.2124804516E-21    0.1467179595E-22    0.7403551802E-07   -0.1415034611E+16   -0.5975826591E-21   -0.3006671931E-06   -0.1021714326E-21
    0.8970000000E+00    0.2276769058E-21    0.1572111260E-22    0.7576002677E-07   -0.1311774722E+19   -0.5935949281E-18   -0.2986608098E-03   -0.1087481000E-18
    0.8970000000E+00    0.2439602000E-21    0.1684547565E-22    0.7752470448E-07   -0.2294456034E+20   -0.1112527268E-16   -0.5597559529E-02   -0.2183947331E-17
    0.8970000000E+00    0.2614080640E-21    0.1805025236E-22    0.7933048683E-07   -0.3361150639E+21   -0.1746300189E-15   -0.8786318814E-01   -0.3673249239E-16
    0.8970000000E+00    0.2801037871E-21    0.1934119387E-22    0.8117833125E-07   -0.4482429008E+22   -0.2495423979E-14   -0.1255545341E+01   -0.5624395347E-15
    0.8970000000E+00    0.3001366153E-21    0.2072446262E-22    0.8306921749E-07   -0.5507552482E+23   -0.3285409951E-13   -0.1653018161E+02   -0.7934527405E-14
    0.8970000000E+00    0.3216021775E-21    0.2220666179E-22    0.8500414813E-07   -0.5758406608E+24   -0.3680723988E-12   -0.1851916104E+03   -0.9524994816E-13
    0.8970000000E+00    0.3446029418E-21    0.2379486681E-22    0.8698414910E-07   -0.1221445406E+25   -0.8365751970E-12   -0.4209136802E+03   -0.2319724881E-12
    0.8970000000E+00    0.3692487048E-21    0.2549665916E-22    0.8901027021E-07   -0.2771574932E+24   -0.2034030911E-12   -0.1023400454E+03   -0.6043507215E-13
    0.8970000000E+00    0.3956571157E-21    0.2732016250E-22    0.9108358575E-07    0.1312365529E+26    0.1032014356E-10    0.5192467600E+04    0.3285619254E-11
    0.8970000000E+00    0.4239542377E-21    0.2927408154E-22    0.9320519501E-07    0.1342387231E+27    0.1131120143E-09    0.5691107553E+05    0.3858693050E-10
    0.8970000000E+00    0.4542751502E-21    0.3136774352E-22    0.9537622289E-07    0.1079270290E+28    0.9744535585E-09    0.4902856731E+06    0.3561989560E-09
    0.8970000000E+00    0.4867645933E-21    0.3361114274E-22    0.9759782052E-07    0.7815132874E+28    0.7560791993E-08    0.3804129975E+07    0.2961411691E-08
    0.8970000000E+00    0.5215776589E-21    0.3601498832E-22    0.9987116580E-07    0.5226415529E+29    0.5417948337E-07    0.2725981576E+08    0.2273873790E-07
    0.8970000000E+00    0.5588805307E-21    0.3859075526E-22    0.1021974641E-06    0.3249517273E+30    0.3609522669E-06    0.1816091938E+09    0.1623234521E-06
    0.8970000000E+00    0.5988512779E-21    0.4135073927E-22    0.1045779488E-06    0.1883163990E+31    0.2241398438E-05    0.1127735162E+10    0.1080066663E-05
    0.8970000000E+00    0.6416807053E-21    0.4430811541E-22    0.1070138822E-06    0.1018608213E+32    0.1299086583E-04    0.6536212363E+10    0.6707637648E-05
    0.8970000000E+00    0.6875732635E-21    0.4747700104E-22    0.1095065557E-06    0.5146492608E+32    0.7033026879E-04    0.3538590718E+11    0.3891112376E-04
    0.8970000000E+00    0.7367480256E-21    0.5087252317E-22    0.1120572911E-06    0.2429349631E+33    0.3557303721E-03    0.1789818544E+12    0.2108882792E-03
    0.8970000000E+00    0.7894397325E-21    0.5451089068E-22    0.1146674407E-06    0.1070909188E+34    0.1680287392E-02    0.8454182630E+12    0.1067370179E-02
    0.8970000000E+00    0.8458999137E-21    0.5840947171E-22    0.1173383885E-06    0.4403567456E+34    0.7403474372E-02    0.3724977331E+13    0.5039263567E-02
    0.8970000000E+00    0.9063980879E-21    0.6258687655E-22    0.1200715507E-06    0.1601507179E+35    0.2885092977E-01    0.1451603044E+14    0.2104220803E-01
    0.8970000000E+00    0.9712230494E-21    0.6706304648E-22    0.1228683764E-06    0.3627563981E+35    0.7002385320E-01    0.3523173752E+14    0.5472395805E-01
    0.8970000000E+00    0.1040684247E-20    0.7185934897E-22    0.1257303485E-06    0.5560767967E+35    0.1150179698E+00    0.5787003625E+14    0.9631572409E-01
    0.8970000000E+00    0.1115113261E-20    0.7699867968E-22    0.1286589846E-06    0.6474201780E+35    0.1434885195E+00    0.7219468262E+14    0.1287504190E+00
    0.8970000000E+00    0.1194865387E-20    0.8250557175E-22    0.1316558373E-06    0.6479208225E+35    0.1538696129E+00    0.7741781645E+14    0.1479395719E+00
    0.8970000000E+00    0.1280321329E-20    0.8840631292E-22    0.1347224957E-06    0.6181029304E+35    0.1572866007E+00    0.7913703656E+14    0.1620403687E+00
    0.8970000000E+00    0.1371889021E-20    0.9472907100E-22    0.1378605858E-06    0.4984088839E+35    0.1358991370E+00    0.6837616761E+14    0.1500196663E+00
    0.8970000000E+00    0.1470005571E-20    0.1015040283E-21    0.1410717713E-06    0.3224603750E+35    0.9421222892E-01    0.4740185478E+14    0.1114394025E+00
    0.8970000000E+00    0.1575139348E-20    0.1087635259E-21    0.1443577550E-06    0.1719412486E+35    0.5382834162E-01    0.2708314262E+14    0.6822483537E-01
    0.8970000000E+00    0.1687792220E-20    0.1165422177E-21    0.1477202791E-06    0.7570170725E+34    0.2539432058E-01    0.1277687525E+14    0.3448800670E-01
    0.8970000000E+00    0.1808501947E-20    0.1248772362E-21    0.1511611264E-06    0.2715100013E+34    0.9759257021E-02    0.4910263661E+13    0.1420195892E-01
    0.8970000000E+00    0.1937844750E-20    0.1338083694E-21    0.1546821213E-06    0.7039089118E+33    0.2711111552E-02    0.1364066189E+13    0.4227453934E-02
    0.8970000000E+00    0.2076438060E-20    0.1433782510E-21    0.1582851308E-06    0.3152411816E+32    0.1300989737E-03    0.6545787875E+11    0.2173728838E-03
    0.8970000000E+00    0.2224943467E-20    0.1536325639E-21    0.1619720651E-06    0.4370346181E+30    0.1932621307E-05    0.9723773186E+09    0.3460017215E-05
    0.8970000000E+00    0.2384069878E-20    0.1646202581E-21    0.1657448792E-06    0.1049017629E+30    0.4970656026E-06    0.2500931332E+09    0.9535538127E-06
    0.8970000000E+00    0.2554576900E-20    0.1763937846E-21    0.1696055734E-06    0.1782586929E+29    0.9050688995E-07    0.4553755392E+08    0.1860429160E-06
    0.8970000000E+00    0.2737278465E-20    0.1890093455E-21    0.1735561947E-06    0.2708130108E+28    0.1473331416E-07    0.7412906223E+07    0.3245128852E-07
    0.8970000000E+00    0.2933046719E-20    0.2025271626E-21    0.1775988378E-06    0.6636072757E+27    0.3868495204E-08    0.1946391143E+07    0.9130058478E-08
    0.8970000000E+00    0.3142816182E-20    0.2170117645E-21    0.1817356462E-06    0.1461048484E+27    0.9126317041E-09    0.4591806818E+06    0.2307953466E-08
    0.8970000000E+00    0.3367588212E-20    0.2325322952E-21    0.1859688132E-06    0.3499190724E+26    0.2342062812E-09    0.1178383343E+06    0.6346437897E-09
    0.8970000000E+00    0.3608435782E-20    0.2491628434E-21    0.1903005833E-06    0.5028332609E+25    0.3606242449E-10    0.1814441531E+05    0.1047095800E-09
    0.8970000000E+00    0.3866508602E-20    0.2669827968E-21    0.1947332533E-06    0.1667173819E+25    0.1281184883E-10    0.6446141912E+04    0.3986055138E-10
