    0.8830000000E+00    0.4143038610E-23    0.2860772210E-24    0.1992691735E-07    0.0000000000E+00    0.0000000000E+00    0.0000000000E+00    0.0000000000E+00
    0.8830000000E+00    0.4439345853E-23    0.3065372650E-24    0.2039107488E-07    0.0000000000E+00    0.0000000000E+00    0.0000000000E+00    0.0000000000E+00
    0.8830000000E+00    0.4756844785E-23    0.3284605973E-24    0.2086604403E-07    0.0000000000E+00    0.0000000000E+00    0.0000000000E+00    0.0000000000E+00
    0.8830000000E+00    0.5097051019E-23    0.3519518710E-24    0.2135207663E-07    0.0000000000E+00    0.0000000000E+00    0.0000000000E+00    0.0000000000E+00
    0.8830000000E+00    0.5461588566E-23    0.3771232243E-24    0.2184943039E-07    0.0000000000E+00    0.0000000000E+00    0.0000000000E+00    0.0000000000E+00
    0.8830000000E+00    0.5852197586E-23    0.4040948153E-24    0.2235836900E-07    0.0000000000E+00    0.0000000000E+00    0.0000000000E+00    0.0000000000E+00
    0.8830000000E+00    0.6270742692E-23    0.4329953957E-24    0.2287916232E-07    0.0000000000E+00    0.0000000000E+00    0.0000000000E+00    0.0000000000E+00
    0.8830000000E+00    0.6719221852E-23    0.4639629256E-24    0.2341208647E-07    0.0000000000E+00    0.0000000000E+00    0.0000000000E+00    0.0000000000E+00
    0.8830000000E+00    0.7199775931E-23    0.4971452317E-24    0.2395742402E-07    0.0000000000E+00    0.0000000000E+00    0.0000000000E+00    0.0000000000E+00
    0.8830000000E+00    0.7714698903E-23    0.5327007132E-24    0.2451546411E-07    0.0000000000E+00    0.0000000000E+00    0.0000000000E+00    0.0000000000E+00
    0.8830000000E+00    0.8266448809E-23    0.5707990981E-24    0.2508650263E-07    0.0000000000E+00    0.0000000000E+00    0.0000000000E+00    0.0000000000E+00
    0.8830000000E+00    0.8857659485E-23    0.6116222531E-24    0.2567084234E-07    0.0000000000E+00    0.0000000000E+00    0.0000000000E+00    0.0000000000E+00
    0.8830000000E+00    0.9491153137E-23    0.6553650517E-24    0.2626879307E-07    0.0000000000E+00    0.0000000000E+00    0.0000000000E+00    0.0000000000E+00
    0.8830000000E+00    0.1016995382E-22    0.7022363048E-24    0.2688067187E-07    0.0000000000E+00    0.0000000000E+00    0.0000000000E+00    0.0000000000E+00
    0.8830000000E+00    0.1089730185E-22    0.7524597575E-24    0.2750680315E-07    0.0000000000E+00    0.0000000000E+00    0.0000000000E+00    0.0000000000E+00
    0.8830000000E+00    0.1167666930E-22    0.8062751566E-24    0.2814751890E-07    0.0000000000E+00    0.0000000000E+00    0.0000000000E+00    0.0000000000E+00
    0.8830000000E+00    0.1251177658E-22    0.8639393956E-24    0.2880315884E-07    0.0000000000E+00    0.0000000000E+00    0.0000000000E+00    0.0000000000E+00
    0.8830000000E+00    0.1340661015E-22    0.9257277409E-24    0.2947407060E-07    0.0000000000E+00    0.0000000000E+00    0.0000000000E+00    0.0000000000E+00
    0.8830000000E+00    0.1436544159E-22    0.9919351458E-24    0.3016060990E-07    0.0000000000E+00    0.0000000000E+00    0.0000000000E+00    0.0000000000E+00
    0.8830000000E+00    0.1539284799E-22    0.1062877658E-23    0.3086314075E-07    0.0000000000E+00    0.0000000000E+00    0.0000000000E+00    0.0000000000E+00
    0.8830000000E+00    0.1649373379E-22    0.1138893930E-23    0.3158203565E-07    0.0000000000E+00    0.0000000000E+00    0.0000000000E+00    0.0000000000E+00
    0.8830000000E+00    0.1767335417E-22    0.1220346833E-23    0.3231767576E-07    0.0000000000E+00    0.0000000000E+00    0.0000000000E+00    0.0000000000E+00
    0.8830000000E+00    0.1893734018E-22    0.1307625190E-23    0.3307045113E-07    0.0000000000E+00    0.0000000000E+00    0.0000000000E+00    0.0000000000E+00
    0.8830000000E+00    0.2029172559E-22    0.1401145635E-23    0.3384076090E-07    0.0000000000E+00    0.0000000000E+00    0.0000000000E+00    0.0000000000E+00
    0.8830000000E+00    0.2174297571E-22    0.1501354598E-23    0.3462901348E-07    0.0000000000E+00    0.0000000000E+00    0.0000000000E+00    0.0000000000E+00
    0.8830000000E+00    0.2329801823E-22    0.1608730435E-23    0.3543562682E-07    0.0000000000E+00    0.0000000000E+00    0.0000000000E+00    0.0000000000E+00
    0.8830000000E+00    0.2496427630E-22    0.1723785718E-23    0.3626102861E-07    0.0000000000E+00    0.0000000000E+00    0.0000000000E+00    0.0000000000E+00
    0.8830000000E+00    0.2674970400E-22    0.1847069675E-23    0.3710565646E-07    0.0000000000E+00    0.0000000000E+00    0.0000000000E+00    0.0000000000E+00
    0.8830000000E+00    0.2866282424E-22    0.1979170815E-23    0.3796995823E-07    0.0000000000E+00    0.0000000000E+00    0.0000000000E+00    0.0000000000E+00
    0.8830000000E+00    0.3071276952E-22    0.2120719737E-23    0.3885439218E-07   -0.2861407460E-15   -0.1746669066E-52   -0.8788174782E-38   -0.4396155588E-54
    0.8830000000E+00    0.3290932546E-22    0.2272392139E-23    0.3975942724E-07   -0.1982097905E-14   -0.1296450760E-51   -0.6522950506E-37   -0.3496378589E-53
    0.8830000000E+00    0.3526297755E-22    0.2434912046E-23    0.4068554327E-07   -0.9483183951E-14   -0.6646378941E-51   -0.3344053028E-36   -0.1920646877E-52
    0.8830000000E+00    0.3778496121E-22    0.2609055264E-23    0.4163323131E-07    0.8060205495E-13    0.6053088703E-50    0.3045545519E-35    0.1874301547E-51
    0.8830000000E+00    0.4048731538E-22    0.2795653084E-23    0.4260299385E-07    0.1124362665E-11    0.9047682256E-49    0.4552242584E-34    0.3001924503E-50
    0.8830000000E+00    0.4338294005E-22    0.2995596250E-23    0.4359534505E-07   -0.1396990253E-10   -0.1204548524E-47   -0.6060554438E-33   -0.4282395020E-49
    0.8830000000E+00    0.4648565778E-22    0.3209839213E-23    0.4461081109E-07   -0.4127039908E-09   -0.3813024470E-46   -0.1918481648E-31   -0.1452553101E-47
    0.8830000000E+00    0.4981027973E-22    0.3439404683E-23    0.4564993037E-07    0.1446265171E-08    0.1431788440E-45    0.7203887274E-31    0.5844418101E-47
    0.8830000000E+00    0.5337267633E-22    0.3685388516E-23    0.4671325384E-07    0.8900961022E-07    0.9442083204E-44    0.4750681116E-29    0.4129811684E-45
    0.8830000000E+00    0.5718985306E-22    0.3948964943E-23    0.4780134531E-07   -0.5868331611E-07   -0.6670303135E-44   -0.3356090225E-29   -0.3126136928E-45
    0.8830000000E+00    0.6128003161E-22    0.4231392172E-23    0.4891478167E-07   -0.3228717971E-04   -0.3932430311E-41   -0.1978559394E-26   -0.1974801555E-42
    0.8830000000E+00    0.6566273690E-22    0.4534018400E-23    0.5005415331E-07   -0.4101411698E-02   -0.5352593836E-39   -0.2693099172E-24   -0.2880226986E-40
    0.8830000000E+00    0.7035889022E-22    0.4858288246E-23    0.5122006431E-07   -0.3597237007E-01   -0.5030370539E-38   -0.2530976037E-23   -0.2900430090E-39
    0.8830000000E+00    0.7539090917E-22    0.5205749646E-23    0.5241313287E-07    0.1531319196E+00    0.2294545376E-37    0.1154475464E-22    0.1417617534E-38
    0.8830000000E+00    0.8078281461E-22    0.5578061244E-23    0.5363399157E-07    0.1832866661E+02    0.2942807103E-35    0.1480641277E-20    0.1948158202E-36
    0.8830000000E+00    0.8656034539E-22    0.5977000309E-23    0.5488328773E-07    0.3328459809E+03    0.5726301902E-34    0.2881126307E-19    0.4061969581E-35
    0.8830000000E+00    0.9275108115E-22    0.6404471218E-23    0.5616168372E-07   -0.5851828342E+02   -0.1078754206E-34   -0.5427634054E-20   -0.8199453880E-36
    0.8830000000E+00    0.9938457404E-22    0.6862514550E-23    0.5746985739E-07   -0.3723171217E+05   -0.7354343869E-32   -0.3700257855E-17   -0.5989717751E-33
    0.8830000000E+00    0.1064924897E-21    0.7353316823E-23    0.5880850233E-07   -0.1967017201E+07   -0.4163313181E-30   -0.2094725590E-15   -0.3633302077E-31
    0.8830000000E+00    0.1141087586E-21    0.7879220933E-23    0.6017832832E-07   -0.9067154917E+08   -0.2056373316E-28   -0.1034641792E-13   -0.1922934031E-29
    0.8830000000E+00    0.1222697377E-21    0.8442737340E-23    0.6158006166E-07   -0.3771132736E+10   -0.9164372698E-27   -0.4610954106E-12   -0.9182589466E-28
    0.8830000000E+00    0.1310143844E-21    0.9046556049E-23    0.6301444556E-07   -0.2828110051E+11   -0.7364228054E-26   -0.3705230975E-11   -0.7906597936E-27
    0.8830000000E+00    0.1403844422E-21    0.9693559452E-23    0.6448224056E-07    0.1207056291E+11    0.3367894261E-26    0.1694519241E-11    0.3874546464E-27
    0.8830000000E+00    0.1504246400E-21    0.1038683609E-22    0.6598422489E-07    0.1785072309E+13    0.5336871388E-24    0.2685188594E-09    0.6578837549E-25
    0.8830000000E+00    0.1611829057E-21    0.1112969539E-22    0.6752119493E-07    0.5080510734E+14    0.1627564832E-22    0.8188914824E-08    0.2149813188E-23
    0.8830000000E+00    0.1727105951E-21    0.1192568347E-22    0.6909396560E-07    0.1252466381E+16    0.4299292578E-21    0.2163142140E-06    0.6084983803E-22
    0.8830000000E+00    0.1850627369E-21    0.1277860007E-22    0.7070337081E-07    0.2632278067E+17    0.9681946733E-20    0.4871365833E-05    0.1468334877E-20
    0.8830000000E+00    0.1982982953E-21    0.1369251667E-22    0.7235026388E-07    0.5989825388E+17    0.2360723298E-19    0.1187772163E-04    0.3836255391E-20
    0.8830000000E+00    0.2124804516E-21    0.1467179595E-22    0.7403551802E-07   -0.9625829924E+17   -0.4065080103E-19   -0.2045300689E-04   -0.7078341854E-20
    0.8830000000E+00    0.2276769058E-21    0.1572111260E-22    0.7576002677E-07   -0.3437206049E+19   -0.1555379932E-17   -0.7825724379E-03   -0.2902010082E-18
    0.8830000000E+00    0.2439602000E-21    0.1684547565E-22    0.7752470448E-07   -0.5590800797E+20   -0.2710846598E-16   -0.1363932880E-01   -0.5419601669E-17
    0.8830000000E+00    0.2614080640E-21    0.1805025236E-22    0.7933048683E-07   -0.7915200402E+21   -0.4112376218E-15   -0.2069097213E+00   -0.8809581232E-16
    0.8830000000E+00    0.2801037871E-21    0.1934119387E-22    0.8117833125E-07   -0.1025059848E+23   -0.5706635667E-14   -0.2871231455E+01   -0.1309913361E-14
    0.8830000000E+00    0.3001366153E-21    0.2072446262E-22    0.8306921749E-07   -0.1224399339E+24   -0.7303886409E-13   -0.3674870734E+02   -0.1796455385E-13
    0.8830000000E+00    0.3216021775E-21    0.2220666179E-22    0.8500414813E-07   -0.9727252986E+24   -0.6217576465E-12   -0.3128305742E+03   -0.1638640032E-12
    0.8830000000E+00    0.3446029418E-21    0.2379486681E-22    0.8698414910E-07   -0.1342771733E+25   -0.9196723171E-12   -0.4627230893E+03   -0.2597141067E-12
    0.8830000000E+00    0.3692487048E-21    0.2549665916E-22    0.8901027021E-07    0.1009024062E+25    0.7405125905E-12    0.3725808282E+03    0.2240757571E-12
    0.8830000000E+00    0.3956571157E-21    0.2732016250E-22    0.9108358575E-07    0.2866648938E+26    0.2254267421E-10    0.1134210050E+05    0.7309166585E-11
    0.8830000000E+00    0.4239542377E-21    0.2927408154E-22    0.9320519501E-07    0.2648655839E+27    0.2231806070E-09    0.1122908867E+06    0.7753876509E-10
    0.8830000000E+00    0.4542751502E-21    0.3136774352E-22    0.9537622289E-07    0.2047811903E+28    0.1848932204E-08    0.9302700598E+06    0.6883089433E-09
    0.8830000000E+00    0.4867645933E-21    0.3361114274E-22    0.9759782052E-07    0.1440835363E+29    0.1393943859E-07    0.7013476394E+07    0.5560421429E-08
    0.8830000000E+00    0.5215776589E-21    0.3601498832E-22    0.9987116580E-07    0.9386469079E+29    0.9730455654E-07    0.4895772567E+08    0.4159063999E-07
    0.8830000000E+00    0.5588805307E-21    0.3859075526E-22    0.1021974641E-06    0.5690303136E+30    0.6320716722E-06    0.3180199636E+09    0.2894867912E-06
    0.8830000000E+00    0.5988512779E-21    0.4135073927E-22    0.1045779488E-06    0.3216992369E+31    0.3828961103E-05    0.1926499991E+10    0.1879071822E-05
    0.8830000000E+00    0.6416807053E-21    0.4430811541E-22    0.1070138822E-06    0.1698191122E+32    0.2165795714E-04    0.1089696477E+11    0.1138885111E-04
    0.8830000000E+00    0.6875732635E-21    0.4747700104E-22    0.1095065557E-06    0.8376148271E+32    0.1144656768E-03    0.5759215602E+11    0.6449673141E-04
    0.8830000000E+00    0.7367480256E-21    0.5087252317E-22    0.1120572911E-06    0.3860733288E+33    0.5653282969E-03    0.2844387627E+12    0.3413211103E-03
    0.8830000000E+00    0.7894397325E-21    0.5451089068E-22    0.1146674407E-06    0.1661945792E+34    0.2607640863E-02    0.1312006041E+13    0.1686981048E-02
    0.8830000000E+00    0.8458999137E-21    0.5840947171E-22    0.1173383885E-06    0.6673054959E+34    0.1121903817E-01    0.5644736614E+13    0.7777106588E-02
    0.8830000000E+00    0.9063980879E-21    0.6258687655E-22    0.1200715507E-06    0.2170710397E+35    0.3910504683E-01    0.1967527753E+14    0.2904659543E-01
    0.8830000000E+00    0.9712230494E-21    0.6706304648E-22    0.1228683764E-06    0.4291270447E+35    0.8283555944E-01    0.4167780769E+14    0.6592941697E-01
    0.8830000000E+00    0.1040684247E-20    0.7185934897E-22    0.1257303485E-06    0.6035033564E+35    0.1248275980E+00    0.6280564361E+14    0.1064567097E+00
    0.8830000000E+00    0.1115113261E-20    0.7699867968E-22    0.1286589846E-06    0.6602252526E+35    0.1463265238E+00    0.7362259347E+14    0.1337166479E+00
    0.8830000000E+00    0.1194865387E-20    0.8250557175E-22    0.1316558373E-06    0.6538547822E+35    0.1552788222E+00    0.7812684475E+14    0.1520458791E+00
    0.8830000000E+00    0.1280321329E-20    0.8840631292E-22    0.1347224957E-06    0.6056628440E+35    0.1541210132E+00    0.7754430577E+14    0.1617053099E+00
    0.8830000000E+00    0.1371889021E-20    0.9472907100E-22    0.1378605858E-06    0.4589850232E+35    0.1251495921E+00    0.6296765143E+14    0.1406992764E+00
    0.8830000000E+00    0.1470005571E-20    0.1015040283E-21    0.1410717713E-06    0.2828899118E+35    0.8265105170E-01    0.4158497464E+14    0.9956594262E-01
    0.8830000000E+00    0.1575139348E-20    0.1087635259E-21    0.1443577550E-06    0.1444020200E+35    0.4520684436E-01    0.2274533037E+14    0.5835346078E-01
    0.8830000000E+00    0.1687792220E-20    0.1165422177E-21    0.1477202791E-06    0.6101284391E+34    0.2046690589E-01    0.1029770033E+14    0.2830835401E-01
    0.8830000000E+00    0.1808501947E-20    0.1248772362E-21    0.1511611264E-06    0.2099761374E+34    0.7547460806E-02    0.3797422534E+13    0.1118570321E-01
    0.8830000000E+00    0.1937844750E-20    0.1338083694E-21    0.1546821213E-06    0.4956199649E+33    0.1908884786E-02    0.9604345470E+12    0.3031392293E-02
    0.8830000000E+00    0.2076438060E-20    0.1433782510E-21    0.1582851308E-06    0.9649562034E+31    0.3982341745E-04    0.2003671787E+11    0.6776429928E-04
    0.8830000000E+00    0.2224943467E-20    0.1536325639E-21    0.1619720651E-06    0.3739545842E+30    0.1653673570E-05    0.8320278092E+09    0.3015172830E-05
    0.8830000000E+00    0.2384069878E-20    0.1646202581E-21    0.1657448792E-06    0.8923667183E+29    0.4228382711E-06    0.2127464614E+09    0.8261077833E-06
    0.8830000000E+00    0.2554576900E-20    0.1763937846E-21    0.1696055734E-06    0.1466246832E+29    0.7444542449E-07    0.3745640286E+08    0.1558477139E-06
    0.8830000000E+00    0.2737278465E-20    0.1890093455E-21    0.1735561947E-06    0.2347300137E+28    0.1277025437E-07    0.6425214115E+07    0.2864586715E-07
    0.8830000000E+00    0.2933046719E-20    0.2025271626E-21    0.1775988378E-06    0.5752481058E+27    0.3353405877E-08    0.1687229569E+07    0.8060250639E-08
    0.8830000000E+00    0.3142816182E-20    0.2170117645E-21    0.1817356462E-06    0.1267590213E+27    0.7917896148E-09    0.3983803033E+06    0.2039258244E-08
    0.8830000000E+00    0.3367588212E-20    0.2325322952E-21    0.1859688132E-06    0.3031763934E+26    0.2029206787E-09    0.1020973249E+06    0.5600009087E-09
    0.8830000000E+00    0.3608435782E-20    0.2491628434E-21    0.1903005833E-06    0.4265362520E+25    0.3059052091E-10    0.1539128674E+05    0.9045848251E-10
    0.8830000000E+00    0.3866508602E-20    0.2669827968E-21    0.1947332533E-06    0.1405641238E+25    0.1080203086E-10    0.5434923939E+04    0.3422692155E-10
