    0.8130000000E+00    0.4143038610E-23    0.2860772210E-24    0.1992691735E-07    0.0000000000E+00    0.0000000000E+00    0.0000000000E+00    0.0000000000E+00
    0.8130000000E+00    0.4439345853E-23    0.3065372650E-24    0.2039107488E-07    0.0000000000E+00    0.0000000000E+00    0.0000000000E+00    0.0000000000E+00
    0.8130000000E+00    0.4756844785E-23    0.3284605973E-24    0.2086604403E-07    0.0000000000E+00    0.0000000000E+00    0.0000000000E+00    0.0000000000E+00
    0.8130000000E+00    0.5097051019E-23    0.3519518710E-24    0.2135207663E-07    0.0000000000E+00    0.0000000000E+00    0.0000000000E+00    0.0000000000E+00
    0.8130000000E+00    0.5461588566E-23    0.3771232243E-24    0.2184943039E-07    0.0000000000E+00    0.0000000000E+00    0.0000000000E+00    0.0000000000E+00
    0.8130000000E+00    0.5852197586E-23    0.4040948153E-24    0.2235836900E-07    0.0000000000E+00    0.0000000000E+00    0.0000000000E+00    0.0000000000E+00
    0.8130000000E+00    0.6270742692E-23    0.4329953957E-24    0.2287916232E-07    0.0000000000E+00    0.0000000000E+00    0.0000000000E+00    0.0000000000E+00
    0.8130000000E+00    0.6719221852E-23    0.4639629256E-24    0.2341208647E-07    0.0000000000E+00    0.0000000000E+00    0.0000000000E+00    0.0000000000E+00
    0.8130000000E+00    0.7199775931E-23    0.4971452317E-24    0.2395742402E-07    0.0000000000E+00    0.0000000000E+00    0.0000000000E+00    0.0000000000E+00
    0.8130000000E+00    0.7714698903E-23    0.5327007132E-24    0.2451546411E-07    0.0000000000E+00    0.0000000000E+00    0.0000000000E+00    0.0000000000E+00
    0.8130000000E+00    0.8266448809E-23    0.5707990981E-24    0.2508650263E-07    0.0000000000E+00    0.0000000000E+00    0.0000000000E+00    0.0000000000E+00
    0.8130000000E+00    0.8857659485E-23    0.6116222531E-24    0.2567084234E-07    0.0000000000E+00    0.0000000000E+00    0.0000000000E+00    0.0000000000E+00
    0.8130000000E+00    0.9491153137E-23    0.6553650517E-24    0.2626879307E-07    0.0000000000E+00    0.0000000000E+00    0.0000000000E+00    0.0000000000E+00
    0.8130000000E+00    0.1016995382E-22    0.7022363048E-24    0.2688067187E-07    0.0000000000E+00    0.0000000000E+00    0.0000000000E+00    0.0000000000E+00
    0.8130000000E+00    0.1089730185E-22    0.7524597575E-24    0.2750680315E-07    0.0000000000E+00    0.0000000000E+00    0.0000000000E+00    0.0000000000E+00
    0.8130000000E+00    0.1167666930E-22    0.8062751566E-24    0.2814751890E-07    0.0000000000E+00    0.0000000000E+00    0.0000000000E+00    0.0000000000E+00
    0.8130000000E+00    0.1251177658E-22    0.8639393956E-24    0.2880315884E-07    0.0000000000E+00    0.0000000000E+00    0.0000000000E+00    0.0000000000E+00
    0.8130000000E+00    0.1340661015E-22    0.9257277409E-24    0.2947407060E-07    0.0000000000E+00    0.0000000000E+00    0.0000000000E+00    0.0000000000E+00
    0.8130000000E+00    0.1436544159E-22    0.9919351458E-24    0.3016060990E-07    0.0000000000E+00    0.0000000000E+00    0.0000000000E+00    0.0000000000E+00
    0.8130000000E+00    0.1539284799E-22    0.1062877658E-23    0.3086314075E-07    0.0000000000E+00    0.0000000000E+00    0.0000000000E+00    0.0000000000E+00
    0.8130000000E+00    0.1649373379E-22    0.1138893930E-23    0.3158203565E-07    0.0000000000E+00    0.0000000000E+00    0.0000000000E+00    0.0000000000E+00
    0.8130000000E+00    0.1767335417E-22    0.1220346833E-23    0.3231767576E-07   -0.2017858860E-15   -0.7087967375E-53   -0.3566233429E-38   -0.1159485038E-54
    0.8130000000E+00    0.1893734018E-22    0.1307625190E-23    0.3307045113E-07   -0.3059688857E-15   -0.1151617322E-52   -0.5794236872E-38   -0.2018606315E-54
    0.8130000000E+00    0.2029172559E-22    0.1401145635E-23    0.3384076090E-07   -0.3430363294E-15   -0.1383474124E-52   -0.6960799065E-38   -0.2598450687E-54
    0.8130000000E+00    0.2174297571E-22    0.1501354598E-23    0.3462901348E-07    0.2229138237E-15    0.9633141185E-53    0.4846809854E-38    0.1938703366E-54
    0.8130000000E+00    0.2329801823E-22    0.1608730435E-23    0.3543562682E-07    0.2816398531E-14    0.1304142455E-51    0.6561650430E-37    0.2812344196E-53
    0.8130000000E+00    0.2496427630E-22    0.1723785718E-23    0.3626102861E-07    0.1871763992E-14    0.9287140421E-52    0.4672723346E-37    0.2145978917E-53
    0.8130000000E+00    0.2674970400E-22    0.1847069675E-23    0.3710565646E-07   -0.2546791065E-13   -0.1354017388E-50   -0.6812590715E-36   -0.3352491461E-52
    0.8130000000E+00    0.2866282424E-22    0.1979170815E-23    0.3796995823E-07   -0.1981526609E-12   -0.1128835951E-49   -0.5679614892E-35   -0.2994844456E-51
    0.8130000000E+00    0.3071276952E-22    0.2120719737E-23    0.3885439218E-07   -0.1945087094E-12   -0.1187325994E-49   -0.5973901160E-35   -0.3375308047E-51
    0.8130000000E+00    0.3290932546E-22    0.2272392139E-23    0.3975942724E-07    0.1571810969E-11    0.1028090247E-48    0.5172723874E-34    0.3131660525E-50
    0.8130000000E+00    0.3526297755E-22    0.2434912046E-23    0.4068554327E-07    0.5178095530E-10    0.3629117105E-47    0.1825950664E-32    0.1184525518E-48
    0.8130000000E+00    0.3778496121E-22    0.2609055264E-23    0.4163323131E-07    0.4744918498E-10    0.3563359840E-47    0.1792865614E-32    0.1246244113E-48
    0.8130000000E+00    0.4048731538E-22    0.2795653084E-23    0.4260299385E-07   -0.7576402740E-08   -0.6096688083E-45   -0.3067482072E-30   -0.2284743314E-46
    0.8130000000E+00    0.4338294005E-22    0.2995596250E-23    0.4359534505E-07   -0.2949601752E-07   -0.2543280764E-44   -0.1279623960E-29   -0.1021263347E-45
    0.8130000000E+00    0.4648565778E-22    0.3209839213E-23    0.4461081109E-07    0.7314821024E-06    0.6758255840E-43    0.3400342668E-28    0.2907890624E-44
    0.8130000000E+00    0.4981027973E-22    0.3439404683E-23    0.4564993037E-07    0.5652911585E-05    0.5596327437E-42    0.2815731073E-27    0.2580159510E-43
    0.8130000000E+00    0.5337267633E-22    0.3685388516E-23    0.4671325384E-07   -0.5389438609E-04   -0.5717082419E-41   -0.2876487625E-26   -0.2824345952E-42
    0.8130000000E+00    0.5718985306E-22    0.3948964943E-23    0.4780134531E-07   -0.7931631513E-02   -0.9015575476E-39   -0.4536088407E-24   -0.4772400608E-40
    0.8130000000E+00    0.6128003161E-22    0.4231392172E-23    0.4891478167E-07   -0.5802712825E+00   -0.7067437911E-37   -0.3555904253E-22   -0.4008717395E-38
    0.8130000000E+00    0.6566273690E-22    0.4534018400E-23    0.5005415331E-07   -0.6948662041E+00   -0.9068430178E-37   -0.4562681674E-22   -0.5511572853E-38
    0.8130000000E+00    0.7035889022E-22    0.4858288246E-23    0.5122006431E-07    0.3486131190E+02    0.4875000340E-35    0.2452803217E-20    0.3174812556E-36
    0.8130000000E+00    0.7539090917E-22    0.5205749646E-23    0.5241313287E-07    0.2613820623E+04    0.3916577316E-33    0.1970583132E-18    0.2733066148E-34
    0.8130000000E+00    0.8078281461E-22    0.5578061244E-23    0.5363399157E-07    0.6559807454E+04    0.1053227078E-32    0.5299197095E-18    0.7875270044E-34
    0.8130000000E+00    0.8656034539E-22    0.5977000309E-23    0.5488328773E-07   -0.6513207419E+05   -0.1120536049E-31   -0.5637854838E-17   -0.8977786466E-33
    0.8130000000E+00    0.9275108115E-22    0.6404471218E-23    0.5616168372E-07   -0.3988123457E+07   -0.7351898759E-30   -0.3699027624E-15   -0.6311650709E-31
    0.8130000000E+00    0.9938457404E-22    0.6862514550E-23    0.5746985739E-07   -0.1808503387E+09   -0.3572319139E-28   -0.1797373388E-13   -0.3286197714E-29
    0.8130000000E+00    0.1064924897E-21    0.7353316823E-23    0.5880850233E-07   -0.7345872191E+10   -0.1554799140E-26   -0.7822802188E-12   -0.1532560862E-27
    0.8130000000E+00    0.1141087586E-21    0.7879220933E-23    0.6017832832E-07   -0.1742783256E+12   -0.3952522061E-25   -0.1988668339E-10   -0.4174627614E-26
    0.8130000000E+00    0.1222697377E-21    0.8442737340E-23    0.6158006166E-07   -0.2009848843E+12   -0.4884209907E-25   -0.2457436910E-10   -0.5527614647E-26
    0.8130000000E+00    0.1310143844E-21    0.9046556049E-23    0.6301444556E-07    0.3007347251E+13    0.7830950914E-24    0.3940057488E-09    0.9496376849E-25
    0.8130000000E+00    0.1403844422E-21    0.9693559452E-23    0.6448224056E-07    0.9575352385E+14    0.2671687690E-22    0.1344230503E-07    0.3471595592E-23
    0.8130000000E+00    0.1504246400E-21    0.1038683609E-22    0.6598422489E-07    0.2326649553E+16    0.6956037223E-21    0.3499854213E-06    0.9685127361E-22
    0.8130000000E+00    0.1611829057E-21    0.1112969539E-22    0.6752119493E-07    0.5087450768E+17    0.1629788104E-19    0.8200100974E-05    0.2431501726E-20
    0.8130000000E+00    0.1727105951E-21    0.1192568347E-22    0.6909396560E-07    0.2789189777E+18    0.9574343146E-19    0.4817226262E-04    0.1530567289E-19
    0.8130000000E+00    0.1850627369E-21    0.1277860007E-22    0.7070337081E-07    0.8816770792E+17    0.3242951656E-19    0.1631655733E-04    0.5554998082E-20
    0.8130000000E+00    0.1982982953E-21    0.1369251667E-22    0.7235026388E-07   -0.5547987834E+19   -0.2186585299E-17   -0.1100156530E-02   -0.4013376125E-18
    0.8130000000E+00    0.2124804516E-21    0.1467179595E-22    0.7403551802E-07   -0.9476982049E+20   -0.4002220221E-16   -0.2013673425E-01   -0.7871262948E-17
    0.8130000000E+00    0.2276769058E-21    0.1572111260E-22    0.7576002677E-07   -0.1317399012E+22   -0.5961399920E-15   -0.2999413309E+00   -0.1256295188E-15
    0.8130000000E+00    0.2439602000E-21    0.1684547565E-22    0.7752470448E-07   -0.1659714254E+23   -0.8047560450E-14   -0.4049042212E+01   -0.1817220747E-14
    0.8130000000E+00    0.2614080640E-21    0.1805025236E-22    0.7933048683E-07   -0.1924118269E+24   -0.9996838752E-13   -0.5029800316E+02   -0.2418834341E-13
    0.8130000000E+00    0.2801037871E-21    0.1934119387E-22    0.8117833125E-07   -0.1794637447E+25   -0.9990969876E-12   -0.5026847455E+03   -0.2590306100E-12
    0.8130000000E+00    0.3001366153E-21    0.2072446262E-22    0.8306921749E-07   -0.3354157879E+25   -0.2000849507E-11   -0.1006705593E+04   -0.5558503245E-12
    0.8130000000E+00    0.3216021775E-21    0.2220666179E-22    0.8500414813E-07   -0.4683511076E+24   -0.2993660007E-12   -0.1506227361E+03   -0.8911399515E-13
    0.8130000000E+00    0.3446029418E-21    0.2379486681E-22    0.8698414910E-07    0.3693319520E+26    0.2529576426E-10    0.1272728772E+05    0.8068471031E-11
    0.8130000000E+00    0.3692487048E-21    0.2549665916E-22    0.8901027021E-07    0.3558845609E+27    0.2611800927E-09    0.1314099132E+06    0.8926547298E-10
    0.8130000000E+00    0.3956571157E-21    0.2732016250E-22    0.9108358575E-07    0.2711481504E+28    0.2132247285E-08    0.1072816951E+07    0.7808740830E-09
    0.8130000000E+00    0.4239542377E-21    0.2927408154E-22    0.9320519501E-07    0.1861087978E+29    0.1568186921E-07    0.7890161348E+07    0.6153770087E-08
    0.8130000000E+00    0.4542751502E-21    0.3136774352E-22    0.9537622289E-07    0.1179908589E+30    0.1065318053E-06    0.5360031517E+08    0.4479429702E-07
    0.8130000000E+00    0.4867645933E-21    0.3361114274E-22    0.9759782052E-07    0.6957004858E+30    0.6730591467E-06    0.3386423641E+09    0.3032471091E-06
    0.8130000000E+00    0.5215776589E-21    0.3601498832E-22    0.9987116580E-07    0.3825536996E+31    0.3965731713E-05    0.1995314631E+10    0.1914550248E-05
    0.8130000000E+00    0.5588805307E-21    0.3859075526E-22    0.1021974641E-06    0.1965123716E+32    0.2182834559E-04    0.1098269385E+11    0.1129182814E-04
    0.8130000000E+00    0.5988512779E-21    0.4135073927E-22    0.1045779488E-06    0.9441425284E+32    0.1123746843E-03    0.5654009597E+11    0.6228908099E-04
    0.8130000000E+00    0.6416807053E-21    0.4430811541E-22    0.1070138822E-06    0.4245660891E+33    0.5414722786E-03    0.2724358675E+12    0.3216026851E-03
    0.8130000000E+00    0.6875732635E-21    0.4747700104E-22    0.1095065557E-06    0.1787043072E+34    0.2442114060E-02    0.1228723037E+13    0.1554208869E-02
    0.8130000000E+00    0.7367480256E-21    0.5087252317E-22    0.1120572911E-06    0.7035096784E+34    0.1030151266E-01    0.5183093666E+13    0.7024969439E-02
    0.8130000000E+00    0.7894397325E-21    0.5451089068E-22    0.1146674407E-06    0.2255690857E+35    0.3539243988E-01    0.1780731987E+14    0.2586151375E-01
    0.8130000000E+00    0.8458999137E-21    0.5840947171E-22    0.1173383885E-06    0.4483755848E+35    0.7538290679E-01    0.3792808685E+14    0.5902232576E-01
    0.8130000000E+00    0.9063980879E-21    0.6258687655E-22    0.1200715507E-06    0.6430435338E+35    0.1158434010E+00    0.5828534294E+14    0.9718846842E-01
    0.8130000000E+00    0.9712230494E-21    0.6706304648E-22    0.1228683764E-06    0.7226742184E+35    0.1394997680E+00    0.7018778581E+14    0.1254055982E+00
    0.8130000000E+00    0.1040684247E-20    0.7185934897E-22    0.1257303485E-06    0.7202330843E+35    0.1489717745E+00    0.7495352250E+14    0.1434985226E+00
    0.8130000000E+00    0.1115113261E-20    0.7699867968E-22    0.1286589846E-06    0.6832688613E+35    0.1514337067E+00    0.7619221684E+14    0.1563025242E+00
    0.8130000000E+00    0.1194865387E-20    0.8250557175E-22    0.1316558373E-06    0.5480354991E+35    0.1301486342E+00    0.6548286489E+14    0.1439405155E+00
    0.8130000000E+00    0.1280321329E-20    0.8840631292E-22    0.1347224957E-06    0.3592331782E+35    0.9141287426E-01    0.4599339003E+14    0.1083305139E+00
    0.8130000000E+00    0.1371889021E-20    0.9472907100E-22    0.1378605858E-06    0.1983436564E+35    0.5408156354E-01    0.2721054847E+14    0.6867405275E-01
    0.8130000000E+00    0.1470005571E-20    0.1015040283E-21    0.1410717713E-06    0.9333558347E+34    0.2726956252E-01    0.1372038277E+14    0.3710407503E-01
    0.8130000000E+00    0.1575139348E-20    0.1087635259E-21    0.1443577550E-06    0.3742746688E+34    0.1171713297E-01    0.5895347579E+13    0.1708302583E-01
    0.8130000000E+00    0.1687792220E-20    0.1165422177E-21    0.1477202791E-06    0.1259300577E+34    0.4224354208E-02    0.2125437716E+13    0.6599389555E-02
    0.8130000000E+00    0.1808501947E-20    0.1248772362E-21    0.1511611264E-06    0.3164468110E+33    0.1137448251E-02    0.5722946739E+12    0.1904035696E-02
    0.8130000000E+00    0.1937844750E-20    0.1338083694E-21    0.1546821213E-06    0.1488453612E+32    0.5732792573E-04    0.2884392017E+11    0.1028275923E-03
    0.8130000000E+00    0.2076438060E-20    0.1433782510E-21    0.1582851308E-06    0.5506494583E+30    0.2272511765E-05    0.1143389493E+10    0.4367667599E-05
    0.8130000000E+00    0.2224943467E-20    0.1536325639E-21    0.1619720651E-06    0.1343388634E+30    0.5940631223E-06    0.2988963765E+09    0.1223421286E-05
    0.8130000000E+00    0.2384069878E-20    0.1646202581E-21    0.1657448792E-06    0.3013005940E+29    0.1427680119E-06    0.7183216705E+08    0.3150462761E-06
    0.8130000000E+00    0.2554576900E-20    0.1763937846E-21    0.1696055734E-06    0.4664112768E+28    0.2368099609E-07    0.1191483473E+08    0.5599424650E-07
    0.8130000000E+00    0.2737278465E-20    0.1890093455E-21    0.1735561947E-06    0.9264692369E+27    0.5040364304E-08    0.2536004290E+07    0.1277042545E-07
    0.8130000000E+00    0.2933046719E-20    0.2025271626E-21    0.1775988378E-06    0.2273165441E+27    0.1325140626E-08    0.6667300438E+06    0.3597538145E-08
    0.8130000000E+00    0.3142816182E-20    0.2170117645E-21    0.1817356462E-06    0.5019393063E+26    0.3135321857E-09    0.1577502974E+06    0.9120645350E-09
    0.8130000000E+00    0.3367588212E-20    0.2325322952E-21    0.1859688132E-06    0.1178542141E+26    0.7888165978E-10    0.3968844623E+05    0.2458778908E-09
    0.8130000000E+00    0.3608435782E-20    0.2491628434E-21    0.1903005833E-06    0.1373406726E+25    0.9849860816E-11    0.4955849971E+04    0.3289830575E-10
    0.8130000000E+00    0.3866508602E-20    0.2669827968E-21    0.1947332533E-06    0.4580993096E+24    0.3520388237E-11    0.1771244921E+04    0.1259893978E-10
