    0.8460000000E+00    0.4143038610E-23    0.2860772210E-24    0.1992691735E-07    0.0000000000E+00    0.0000000000E+00    0.0000000000E+00    0.0000000000E+00
    0.8460000000E+00    0.4439345853E-23    0.3065372650E-24    0.2039107488E-07    0.0000000000E+00    0.0000000000E+00    0.0000000000E+00    0.0000000000E+00
    0.8460000000E+00    0.4756844785E-23    0.3284605973E-24    0.2086604403E-07    0.0000000000E+00    0.0000000000E+00    0.0000000000E+00    0.0000000000E+00
    0.8460000000E+00    0.5097051019E-23    0.3519518710E-24    0.2135207663E-07    0.0000000000E+00    0.0000000000E+00    0.0000000000E+00    0.0000000000E+00
    0.8460000000E+00    0.5461588566E-23    0.3771232243E-24    0.2184943039E-07    0.0000000000E+00    0.0000000000E+00    0.0000000000E+00    0.0000000000E+00
    0.8460000000E+00    0.5852197586E-23    0.4040948153E-24    0.2235836900E-07    0.0000000000E+00    0.0000000000E+00    0.0000000000E+00    0.0000000000E+00
    0.8460000000E+00    0.6270742692E-23    0.4329953957E-24    0.2287916232E-07    0.0000000000E+00    0.0000000000E+00    0.0000000000E+00    0.0000000000E+00
    0.8460000000E+00    0.6719221852E-23    0.4639629256E-24    0.2341208647E-07    0.0000000000E+00    0.0000000000E+00    0.0000000000E+00    0.0000000000E+00
    0.8460000000E+00    0.7199775931E-23    0.4971452317E-24    0.2395742402E-07    0.0000000000E+00    0.0000000000E+00    0.0000000000E+00    0.0000000000E+00
    0.8460000000E+00    0.7714698903E-23    0.5327007132E-24    0.2451546411E-07    0.0000000000E+00    0.0000000000E+00    0.0000000000E+00    0.0000000000E+00
    0.8460000000E+00    0.8266448809E-23    0.5707990981E-24    0.2508650263E-07    0.0000000000E+00    0.0000000000E+00    0.0000000000E+00    0.0000000000E+00
    0.8460000000E+00    0.8857659485E-23    0.6116222531E-24    0.2567084234E-07    0.0000000000E+00    0.0000000000E+00    0.0000000000E+00    0.0000000000E+00
    0.8460000000E+00    0.9491153137E-23    0.6553650517E-24    0.2626879307E-07    0.0000000000E+00    0.0000000000E+00    0.0000000000E+00    0.0000000000E+00
    0.8460000000E+00    0.1016995382E-22    0.7022363048E-24    0.2688067187E-07    0.0000000000E+00    0.0000000000E+00    0.0000000000E+00    0.0000000000E+00
    0.8460000000E+00    0.1089730185E-22    0.7524597575E-24    0.2750680315E-07    0.0000000000E+00    0.0000000000E+00    0.0000000000E+00    0.0000000000E+00
    0.8460000000E+00    0.1167666930E-22    0.8062751566E-24    0.2814751890E-07    0.0000000000E+00    0.0000000000E+00    0.0000000000E+00    0.0000000000E+00
    0.8460000000E+00    0.1251177658E-22    0.8639393956E-24    0.2880315884E-07    0.0000000000E+00    0.0000000000E+00    0.0000000000E+00    0.0000000000E+00
    0.8460000000E+00    0.1340661015E-22    0.9257277409E-24    0.2947407060E-07    0.0000000000E+00    0.0000000000E+00    0.0000000000E+00    0.0000000000E+00
    0.8460000000E+00    0.1436544159E-22    0.9919351458E-24    0.3016060990E-07    0.0000000000E+00    0.0000000000E+00    0.0000000000E+00    0.0000000000E+00
    0.8460000000E+00    0.1539284799E-22    0.1062877658E-23    0.3086314075E-07    0.0000000000E+00    0.0000000000E+00    0.0000000000E+00    0.0000000000E+00
    0.8460000000E+00    0.1649373379E-22    0.1138893930E-23    0.3158203565E-07    0.0000000000E+00    0.0000000000E+00    0.0000000000E+00    0.0000000000E+00
    0.8460000000E+00    0.1767335417E-22    0.1220346833E-23    0.3231767576E-07    0.0000000000E+00    0.0000000000E+00    0.0000000000E+00    0.0000000000E+00
    0.8460000000E+00    0.1893734018E-22    0.1307625190E-23    0.3307045113E-07    0.0000000000E+00    0.0000000000E+00    0.0000000000E+00    0.0000000000E+00
    0.8460000000E+00    0.2029172559E-22    0.1401145635E-23    0.3384076090E-07    0.0000000000E+00    0.0000000000E+00    0.0000000000E+00    0.0000000000E+00
    0.8460000000E+00    0.2174297571E-22    0.1501354598E-23    0.3462901348E-07    0.0000000000E+00    0.0000000000E+00    0.0000000000E+00    0.0000000000E+00
    0.8460000000E+00    0.2329801823E-22    0.1608730435E-23    0.3543562682E-07   -0.1303014781E-15   -0.6033652112E-53   -0.3035766211E-38   -0.1219562805E-54
    0.8460000000E+00    0.2496427630E-22    0.1723785718E-23    0.3626102861E-07    0.0000000000E+00    0.0000000000E+00    0.0000000000E+00    0.0000000000E+00
    0.8460000000E+00    0.2674970400E-22    0.1847069675E-23    0.3710565646E-07    0.2088801705E-15    0.1110524482E-52    0.5587482731E-38    0.2577223257E-54
    0.8460000000E+00    0.2866282424E-22    0.1979170815E-23    0.3796995823E-07   -0.4778162334E-15   -0.2722023212E-52   -0.1369556272E-37   -0.6768863074E-54
    0.8460000000E+00    0.3071276952E-22    0.2120719737E-23    0.3885439218E-07   -0.1027908895E-13   -0.6274592817E-51   -0.3156992897E-36   -0.1671896746E-52
    0.8460000000E+00    0.3290932546E-22    0.2272392139E-23    0.3975942724E-07   -0.5496837055E-13   -0.3595371629E-50   -0.1808971996E-35   -0.1026520653E-51
    0.8460000000E+00    0.3526297755E-22    0.2434912046E-23    0.4068554327E-07    0.8257705501E-13    0.5787490808E-50    0.2911912837E-35    0.1770574556E-51
    0.8460000000E+00    0.3778496121E-22    0.2609055264E-23    0.4163323131E-07    0.6747001380E-11    0.5066892880E-48    0.2549351854E-33    0.1660984683E-49
    0.8460000000E+00    0.4048731538E-22    0.2795653084E-23    0.4260299385E-07   -0.2822476759E-11   -0.2271230954E-48   -0.1142745067E-33   -0.7977837813E-50
    0.8460000000E+00    0.4338294005E-22    0.2995596250E-23    0.4359534505E-07   -0.1990195275E-08   -0.1716036870E-45   -0.8634052229E-31   -0.6458780409E-47
    0.8460000000E+00    0.4648565778E-22    0.3209839213E-23    0.4461081109E-07   -0.1793987359E-08   -0.1657487655E-45   -0.8339468242E-31   -0.6684581259E-47
    0.8460000000E+00    0.4981027973E-22    0.3439404683E-23    0.4564993037E-07    0.3301796842E-06    0.3268746729E-43    0.1644634243E-28    0.1412554380E-44
    0.8460000000E+00    0.5337267633E-22    0.3685388516E-23    0.4671325384E-07    0.5616747057E-06    0.5958209784E-43    0.2997808227E-28    0.2758923732E-44
    0.8460000000E+00    0.5718985306E-22    0.3948964943E-23    0.4780134531E-07   -0.3099035192E-04   -0.3522552154E-41   -0.1772333672E-26   -0.1747758152E-42
    0.8460000000E+00    0.6128003161E-22    0.4231392172E-23    0.4891478167E-07   -0.4086608738E-02   -0.4977301892E-39   -0.2504275126E-24   -0.2646170891E-40
    0.8460000000E+00    0.6566273690E-22    0.4534018400E-23    0.5005415331E-07   -0.1321256766E+00   -0.1724321123E-37   -0.8675733542E-23   -0.9822952701E-39
    0.8460000000E+00    0.7035889022E-22    0.4858288246E-23    0.5122006431E-07   -0.1768276749E-01   -0.2472755408E-38   -0.1244139897E-23   -0.1509402500E-39
    0.8460000000E+00    0.7539090917E-22    0.5205749646E-23    0.5241313287E-07    0.1876703656E+02    0.2812073216E-35    0.1414863949E-20    0.1839291351E-36
    0.8460000000E+00    0.8078281461E-22    0.5578061244E-23    0.5363399157E-07    0.9393767845E+03    0.1508241015E-33    0.7588550064E-19    0.1057047860E-34
    0.8460000000E+00    0.8656034539E-22    0.5977000309E-23    0.5488328773E-07    0.1092617128E+04    0.1879744956E-33    0.9457731595E-19    0.1411636349E-34
    0.8460000000E+00    0.9275108115E-22    0.6404471218E-23    0.5616168372E-07   -0.3787845607E+05   -0.6982696928E-32   -0.3513267752E-17   -0.5618845586E-33
    0.8460000000E+00    0.9938457404E-22    0.6862514550E-23    0.5746985739E-07   -0.2124133861E+07   -0.4195780943E-30   -0.2111061390E-15   -0.3617734660E-31
    0.8460000000E+00    0.1064924897E-21    0.7353316823E-23    0.5880850233E-07   -0.9774523161E+08   -0.2068838092E-28   -0.1040913307E-13   -0.1911394837E-29
    0.8460000000E+00    0.1141087586E-21    0.7879220933E-23    0.6017832832E-07   -0.4046054407E+10   -0.9176195175E-27   -0.4616902456E-12   -0.9084197066E-28
    0.8460000000E+00    0.1222697377E-21    0.8442737340E-23    0.6158006166E-07   -0.6485271959E+11   -0.1576010537E-25   -0.7929525016E-11   -0.1671794998E-26
    0.8460000000E+00    0.1310143844E-21    0.9046556049E-23    0.6301444556E-07   -0.4789498675E+11   -0.1247156577E-25   -0.6274932206E-11   -0.1417571215E-26
    0.8460000000E+00    0.1403844422E-21    0.9693559452E-23    0.6448224056E-07    0.1831154044E+13    0.5109234125E-24    0.2570655390E-09    0.6222712106E-25
    0.8460000000E+00    0.1504246400E-21    0.1038683609E-22    0.6598422489E-07    0.5519842075E+14    0.1650279772E-22    0.8303202567E-08    0.2153681518E-23
    0.8460000000E+00    0.1611829057E-21    0.1112969539E-22    0.6752119493E-07    0.1359463607E+16    0.4355103795E-21    0.2191222944E-06    0.6090071824E-22
    0.8460000000E+00    0.1727105951E-21    0.1192568347E-22    0.6909396560E-07    0.3028857530E+17    0.1039704131E-19    0.5231157866E-05    0.1557878825E-20
    0.8460000000E+00    0.1850627369E-21    0.1277860007E-22    0.7070337081E-07    0.1265479225E+18    0.4654638353E-19    0.2341930488E-04    0.7473255807E-20
    0.8460000000E+00    0.1982982953E-21    0.1369251667E-22    0.7235026388E-07   -0.1379119406E+17   -0.5435416062E-20   -0.2734770271E-05   -0.9350970739E-21
    0.8460000000E+00    0.2124804516E-21    0.1467179595E-22    0.7403551802E-07   -0.3555024677E+19   -0.1501320945E-17   -0.7553732486E-03   -0.2767562569E-18
    0.8460000000E+00    0.2276769058E-21    0.1572111260E-22    0.7576002677E-07   -0.5987136631E+20   -0.2709256307E-16   -0.1363132743E-01   -0.5351481121E-17
    0.8460000000E+00    0.2439602000E-21    0.1684547565E-22    0.7752470448E-07   -0.8455511018E+21   -0.4099876585E-15   -0.2062808159E+00   -0.8677501318E-16
    0.8460000000E+00    0.2614080640E-21    0.1805025236E-22    0.7933048683E-07   -0.1086710148E+23   -0.5646049047E-14   -0.2840747959E+01   -0.1280467474E-14
    0.8460000000E+00    0.2801037871E-21    0.1934119387E-22    0.8117833125E-07   -0.1286534503E+24   -0.7162297589E-13   -0.3603631865E+02   -0.1740508972E-13
    0.8460000000E+00    0.3001366153E-21    0.2072446262E-22    0.8306921749E-07   -0.1190488953E+25   -0.7101601422E-12   -0.3573093251E+03   -0.1849184304E-12
    0.8460000000E+00    0.3216021775E-21    0.2220666179E-22    0.8500414813E-07   -0.2104707915E+25   -0.1345311201E-11   -0.6768786484E+03   -0.3753588524E-12
    0.8460000000E+00    0.3446029418E-21    0.2379486681E-22    0.8698414910E-07    0.4257706170E+23    0.2916128187E-13    0.1467218072E+02    0.8718274028E-14
    0.8460000000E+00    0.3692487048E-21    0.2549665916E-22    0.8901027021E-07    0.2747815504E+26    0.2016594106E-10    0.1014627316E+05    0.6460146965E-11
    0.8460000000E+00    0.3956571157E-21    0.2732016250E-22    0.9108358575E-07    0.2644029563E+27    0.2079204615E-09    0.1046129110E+06    0.7137089372E-10
    0.8460000000E+00    0.4239542377E-21    0.2927408154E-22    0.9320519501E-07    0.2046103554E+28    0.1724084445E-08    0.8674542723E+06    0.6341360428E-09
    0.8460000000E+00    0.4542751502E-21    0.3136774352E-22    0.9537622289E-07    0.1430825875E+29    0.1291866716E-07    0.6499886392E+07    0.5091451530E-08
    0.8460000000E+00    0.4867645933E-21    0.3361114274E-22    0.9759782052E-07    0.9248576633E+29    0.8947584806E-07    0.4501879644E+08    0.3778589626E-07
    0.8460000000E+00    0.5215776589E-21    0.3601498832E-22    0.9987116580E-07    0.5560423030E+30    0.5764196234E-06    0.2900192427E+09    0.2608330753E-06
    0.8460000000E+00    0.5588805307E-21    0.3859075526E-22    0.1021974641E-06    0.3117419313E+31    0.3462789927E-05    0.1742264960E+10    0.1678997502E-05
    0.8460000000E+00    0.5988512779E-21    0.4135073927E-22    0.1045779488E-06    0.1632263198E+32    0.1942768767E-04    0.9774829023E+10    0.1009357507E-04
    0.8460000000E+00    0.6416807053E-21    0.4430811541E-22    0.1070138822E-06    0.7989400933E+32    0.1018931855E-03    0.5126644425E+11    0.5672428684E-04
    0.8460000000E+00    0.6875732635E-21    0.4747700104E-22    0.1095065557E-06    0.3657226250E+33    0.4997844644E-03    0.2514610988E+12    0.2981306704E-03
    0.8460000000E+00    0.7367480256E-21    0.5087252317E-22    0.1120572911E-06    0.1565289124E+34    0.2292057410E-02    0.1153223671E+13    0.1465039709E-02
    0.8460000000E+00    0.7894397325E-21    0.5451089068E-22    0.1146674407E-06    0.6257446767E+34    0.9818114386E-02    0.4939877102E+13    0.6724376042E-02
    0.8460000000E+00    0.8458999137E-21    0.5840947171E-22    0.1173383885E-06    0.2079153312E+35    0.3495565452E-01    0.1758755608E+14    0.2565318794E-01
    0.8460000000E+00    0.9063980879E-21    0.6258687655E-22    0.1200715507E-06    0.4239685065E+35    0.7637733861E-01    0.3842842436E+14    0.6006042842E-01
    0.8460000000E+00    0.9712230494E-21    0.6706304648E-22    0.1228683764E-06    0.6130007049E+35    0.1183291917E+00    0.5953604139E+14    0.9970473934E-01
    0.8460000000E+00    0.1040684247E-20    0.7185934897E-22    0.1257303485E-06    0.6883383029E+35    0.1423747127E+00    0.7163428285E+14    0.1285454667E+00
    0.8460000000E+00    0.1115113261E-20    0.7699867968E-22    0.1286589846E-06    0.6852785676E+35    0.1518791204E+00    0.7641632185E+14    0.1469338904E+00
    0.8460000000E+00    0.1194865387E-20    0.8250557175E-22    0.1316558373E-06    0.6468757470E+35    0.1536214261E+00    0.7729294399E+14    0.1592486272E+00
    0.8460000000E+00    0.1280321329E-20    0.8840631292E-22    0.1347224957E-06    0.5112391701E+35    0.1300933344E+00    0.6545504140E+14    0.1445036941E+00
    0.8460000000E+00    0.1371889021E-20    0.9472907100E-22    0.1378605858E-06    0.3283991551E+35    0.8954327099E-01    0.4505271955E+14    0.1065753726E+00
    0.8460000000E+00    0.1470005571E-20    0.1015040283E-21    0.1410717713E-06    0.1761271059E+35    0.5145850003E-01    0.2589078269E+14    0.6562676963E-01
    0.8460000000E+00    0.1575139348E-20    0.1087635259E-21    0.1443577550E-06    0.7938544400E+34    0.2485259840E-01    0.1250431365E+14    0.3396219151E-01
    0.8460000000E+00    0.1687792220E-20    0.1165422177E-21    0.1477202791E-06    0.2986235524E+34    0.1001739921E-01    0.5040145084E+13    0.1466826968E-01
    0.8460000000E+00    0.1808501947E-20    0.1248772362E-21    0.1511611264E-06    0.9040220110E+33    0.3249450523E-02    0.1634925567E+13    0.5098399152E-02
    0.8460000000E+00    0.1937844750E-20    0.1338083694E-21    0.1546821213E-06    0.1317246267E+33    0.5073385935E-03    0.2552618764E+12    0.8529465269E-03
    0.8460000000E+00    0.2076438060E-20    0.1433782510E-21    0.1582851308E-06    0.9486929578E+30    0.3915223878E-05    0.1969902165E+10    0.7053107534E-05
    0.8460000000E+00    0.2224943467E-20    0.1536325639E-21    0.1619720651E-06    0.2308098629E+30    0.1020669852E-05    0.5135388967E+09    0.1970194904E-05
    0.8460000000E+00    0.2384069878E-20    0.1646202581E-21    0.1657448792E-06    0.5374952497E+29    0.2546862825E-06    0.1281426235E+09    0.5267802194E-06
    0.8460000000E+00    0.2554576900E-20    0.1763937846E-21    0.1696055734E-06    0.8189169862E+28    0.4157869012E-07    0.2091986416E+08    0.9214986599E-07
    0.8460000000E+00    0.2737278465E-20    0.1890093455E-21    0.1735561947E-06    0.1510949660E+28    0.8220172273E-08    0.4135889967E+07    0.1952112417E-07
    0.8460000000E+00    0.2933046719E-20    0.2025271626E-21    0.1775988378E-06    0.3704532726E+27    0.2159555449E-08    0.1086556756E+07    0.5495260240E-08
    0.8460000000E+00    0.3142816182E-20    0.2170117645E-21    0.1817356462E-06    0.8180212971E+26    0.5109701551E-09    0.2570890570E+06    0.1393219162E-08
    0.8460000000E+00    0.3367588212E-20    0.2325322952E-21    0.1859688132E-06    0.1943729087E+26    0.1300968130E-09    0.6545679161E+05    0.3800936045E-09
    0.8460000000E+00    0.3608435782E-20    0.2491628434E-21    0.1903005833E-06    0.2524884807E+25    0.1810808369E-10    0.9110884682E+04    0.5668868692E-10
    0.8460000000E+00    0.3866508602E-20    0.2669827968E-21    0.1947332533E-06    0.8248757019E+24    0.6338980778E-11    0.3189388997E+04    0.2126392048E-10
