    0.8610000000E+00    0.4143038610E-23    0.2860772210E-24    0.1992691735E-07    0.0000000000E+00    0.0000000000E+00    0.0000000000E+00    0.0000000000E+00
    0.8610000000E+00    0.4439345853E-23    0.3065372650E-24    0.2039107488E-07    0.0000000000E+00    0.0000000000E+00    0.0000000000E+00    0.0000000000E+00
    0.8610000000E+00    0.4756844785E-23    0.3284605973E-24    0.2086604403E-07    0.0000000000E+00    0.0000000000E+00    0.0000000000E+00    0.0000000000E+00
    0.8610000000E+00    0.5097051019E-23    0.3519518710E-24    0.2135207663E-07    0.0000000000E+00    0.0000000000E+00    0.0000000000E+00    0.0000000000E+00
    0.8610000000E+00    0.5461588566E-23    0.3771232243E-24    0.2184943039E-07    0.0000000000E+00    0.0000000000E+00    0.0000000000E+00    0.0000000000E+00
    0.8610000000E+00    0.5852197586E-23    0.4040948153E-24    0.2235836900E-07    0.0000000000E+00    0.0000000000E+00    0.0000000000E+00    0.0000000000E+00
    0.8610000000E+00    0.6270742692E-23    0.4329953957E-24    0.2287916232E-07    0.0000000000E+00    0.0000000000E+00    0.0000000000E+00    0.0000000000E+00
    0.8610000000E+00    0.6719221852E-23    0.4639629256E-24    0.2341208647E-07    0.0000000000E+00    0.0000000000E+00    0.0000000000E+00    0.0000000000E+00
    0.8610000000E+00    0.7199775931E-23    0.4971452317E-24    0.2395742402E-07    0.0000000000E+00    0.0000000000E+00    0.0000000000E+00    0.0000000000E+00
    0.8610000000E+00    0.7714698903E-23    0.5327007132E-24    0.2451546411E-07    0.0000000000E+00    0.0000000000E+00    0.0000000000E+00    0.0000000000E+00
    0.8610000000E+00    0.8266448809E-23    0.5707990981E-24    0.2508650263E-07    0.0000000000E+00    0.0000000000E+00    0.0000000000E+00    0.0000000000E+00
    0.8610000000E+00    0.8857659485E-23    0.6116222531E-24    0.2567084234E-07    0.0000000000E+00    0.0000000000E+00    0.0000000000E+00    0.0000000000E+00
    0.8610000000E+00    0.9491153137E-23    0.6553650517E-24    0.2626879307E-07    0.0000000000E+00    0.0000000000E+00    0.0000000000E+00    0.0000000000E+00
    0.8610000000E+00    0.1016995382E-22    0.7022363048E-24    0.2688067187E-07    0.0000000000E+00    0.0000000000E+00    0.0000000000E+00    0.0000000000E+00
    0.8610000000E+00    0.1089730185E-22    0.7524597575E-24    0.2750680315E-07    0.0000000000E+00    0.0000000000E+00    0.0000000000E+00    0.0000000000E+00
    0.8610000000E+00    0.1167666930E-22    0.8062751566E-24    0.2814751890E-07    0.0000000000E+00    0.0000000000E+00    0.0000000000E+00    0.0000000000E+00
    0.8610000000E+00    0.1251177658E-22    0.8639393956E-24    0.2880315884E-07    0.0000000000E+00    0.0000000000E+00    0.0000000000E+00    0.0000000000E+00
    0.8610000000E+00    0.1340661015E-22    0.9257277409E-24    0.2947407060E-07    0.0000000000E+00    0.0000000000E+00    0.0000000000E+00    0.0000000000E+00
    0.8610000000E+00    0.1436544159E-22    0.9919351458E-24    0.3016060990E-07    0.0000000000E+00    0.0000000000E+00    0.0000000000E+00    0.0000000000E+00
    0.8610000000E+00    0.1539284799E-22    0.1062877658E-23    0.3086314075E-07    0.0000000000E+00    0.0000000000E+00    0.0000000000E+00    0.0000000000E+00
    0.8610000000E+00    0.1649373379E-22    0.1138893930E-23    0.3158203565E-07    0.0000000000E+00    0.0000000000E+00    0.0000000000E+00    0.0000000000E+00
    0.8610000000E+00    0.1767335417E-22    0.1220346833E-23    0.3231767576E-07    0.0000000000E+00    0.0000000000E+00    0.0000000000E+00    0.0000000000E+00
    0.8610000000E+00    0.1893734018E-22    0.1307625190E-23    0.3307045113E-07    0.0000000000E+00    0.0000000000E+00    0.0000000000E+00    0.0000000000E+00
    0.8610000000E+00    0.2029172559E-22    0.1401145635E-23    0.3384076090E-07    0.0000000000E+00    0.0000000000E+00    0.0000000000E+00    0.0000000000E+00
    0.8610000000E+00    0.2174297571E-22    0.1501354598E-23    0.3462901348E-07    0.0000000000E+00    0.0000000000E+00    0.0000000000E+00    0.0000000000E+00
    0.8610000000E+00    0.2329801823E-22    0.1608730435E-23    0.3543562682E-07    0.0000000000E+00    0.0000000000E+00    0.0000000000E+00    0.0000000000E+00
    0.8610000000E+00    0.2496427630E-22    0.1723785718E-23    0.3626102861E-07    0.0000000000E+00    0.0000000000E+00    0.0000000000E+00    0.0000000000E+00
    0.8610000000E+00    0.2674970400E-22    0.1847069675E-23    0.3710565646E-07    0.0000000000E+00    0.0000000000E+00    0.0000000000E+00    0.0000000000E+00
    0.8610000000E+00    0.2866282424E-22    0.1979170815E-23    0.3796995823E-07    0.0000000000E+00    0.0000000000E+00    0.0000000000E+00    0.0000000000E+00
    0.8610000000E+00    0.3071276952E-22    0.2120719737E-23    0.3885439218E-07   -0.1381323305E-14   -0.8431915839E-52   -0.4242426431E-37   -0.2191657862E-53
    0.8610000000E+00    0.3290932546E-22    0.2272392139E-23    0.3975942724E-07   -0.1834641826E-13   -0.1200002675E-50   -0.6037682495E-36   -0.3342171326E-52
    0.8610000000E+00    0.3526297755E-22    0.2434912046E-23    0.4068554327E-07   -0.1847813235E-13   -0.1295057339E-50   -0.6515939663E-36   -0.3864875354E-52
    0.8610000000E+00    0.3778496121E-22    0.2609055264E-23    0.4163323131E-07    0.1844013565E-11    0.1384825447E-48    0.6967598101E-34    0.4428345835E-50
    0.8610000000E+00    0.4048731538E-22    0.2795653084E-23    0.4260299385E-07    0.2657310393E-11    0.2138322521E-48    0.1075873639E-33    0.7326890561E-50
    0.8610000000E+00    0.4338294005E-22    0.2995596250E-23    0.4359534505E-07   -0.3514918012E-09   -0.3030722151E-46   -0.1524874774E-31   -0.1112737227E-47
    0.8610000000E+00    0.4648565778E-22    0.3209839213E-23    0.4461081109E-07   -0.1388499843E-08   -0.1282852600E-45   -0.6454532851E-31   -0.5046883194E-47
    0.8610000000E+00    0.4981027973E-22    0.3439404683E-23    0.4564993037E-07    0.3998483288E-07    0.3958459529E-44    0.1991655711E-29    0.1668678629E-45
    0.8610000000E+00    0.5337267633E-22    0.3685388516E-23    0.4671325384E-07    0.3254095849E-06    0.3451924313E-43    0.1736798045E-28    0.1559221302E-44
    0.8610000000E+00    0.5718985306E-22    0.3948964943E-23    0.4780134531E-07   -0.3200581479E-05   -0.3637975849E-42   -0.1830407845E-27   -0.1760784905E-43
    0.8610000000E+00    0.6128003161E-22    0.4231392172E-23    0.4891478167E-07   -0.5051830841E-03   -0.6152898117E-40   -0.3095763537E-25   -0.3190995697E-41
    0.8610000000E+00    0.6566273690E-22    0.4534018400E-23    0.5005415331E-07   -0.4567704590E-01   -0.5961134663E-38   -0.2999279848E-23   -0.3312649045E-39
    0.8610000000E+00    0.7035889022E-22    0.4858288246E-23    0.5122006431E-07   -0.6822961981E-01   -0.9541219239E-38   -0.4800560330E-23   -0.5681334630E-39
    0.8610000000E+00    0.7539090917E-22    0.5205749646E-23    0.5241313287E-07    0.2579990848E+01    0.3865886412E-36    0.1945078557E-21    0.2466582149E-37
    0.8610000000E+00    0.8078281461E-22    0.5578061244E-23    0.5363399157E-07    0.2181040934E+03    0.3501827431E-34    0.1761906254E-19    0.2394094203E-35
    0.8610000000E+00    0.8656034539E-22    0.5977000309E-23    0.5488328773E-07    0.8447497632E+03    0.1453312479E-33    0.7312183127E-19    0.1064646663E-34
    0.8610000000E+00    0.9275108115E-22    0.6404471218E-23    0.5616168372E-07   -0.5301026899E+04   -0.9772168163E-33   -0.4916759761E-18   -0.7670742897E-34
    0.8610000000E+00    0.9938457404E-22    0.6862514550E-23    0.5746985739E-07   -0.3725338772E+06   -0.7358625419E-31   -0.3702412070E-16   -0.6189323618E-32
    0.8610000000E+00    0.1064924897E-21    0.7353316823E-23    0.5880850233E-07   -0.1807354375E+08   -0.3825376967E-29   -0.1924696672E-14   -0.3447630653E-30
    0.8610000000E+00    0.1141087586E-21    0.7879220933E-23    0.6017832832E-07   -0.7836356842E+09   -0.1777236107E-27   -0.8941969511E-13   -0.1716293757E-28
    0.8610000000E+00    0.1222697377E-21    0.8442737340E-23    0.6158006166E-07   -0.2631340057E+11   -0.6394519277E-26   -0.3217332587E-11   -0.6616897325E-27
    0.8610000000E+00    0.1310143844E-21    0.9046556049E-23    0.6301444556E-07   -0.4812682066E+11   -0.1253193392E-25   -0.6305305783E-11   -0.1389519324E-26
    0.8610000000E+00    0.1403844422E-21    0.9693559452E-23    0.6448224056E-07    0.3387999588E+12    0.9453100450E-25    0.4756224323E-10    0.1123106052E-25
    0.8610000000E+00    0.1504246400E-21    0.1038683609E-22    0.6598422489E-07    0.1266054900E+14    0.3785153204E-23    0.1904458525E-08    0.4818700753E-24
    0.8610000000E+00    0.1611829057E-21    0.1112969539E-22    0.6752119493E-07    0.3289605809E+15    0.1053840255E-21    0.5302282229E-07    0.1437544438E-22
    0.8610000000E+00    0.1727105951E-21    0.1192568347E-22    0.6909396560E-07    0.7652885763E+16    0.2626976298E-20    0.1321734455E-05    0.3839747348E-21
    0.8610000000E+00    0.1850627369E-21    0.1277860007E-22    0.7070337081E-07    0.7635531255E+17    0.2808472548E-19    0.1413052312E-04    0.4398622362E-20
    0.8610000000E+00    0.1982982953E-21    0.1369251667E-22    0.7235026388E-07    0.6669755689E+17    0.2628698940E-19    0.1322601183E-04    0.4411510780E-20
    0.8610000000E+00    0.2124804516E-21    0.1467179595E-22    0.7403551802E-07   -0.8891224569E+18   -0.3754849231E-18   -0.1889211411E-03   -0.6752102060E-19
    0.8610000000E+00    0.2276769058E-21    0.1572111260E-22    0.7576002677E-07   -0.1762203699E+20   -0.7974198321E-17   -0.4012130858E-02   -0.1536503406E-17
    0.8610000000E+00    0.2439602000E-21    0.1684547565E-22    0.7752470448E-07   -0.2622536265E+21   -0.1271605584E-15   -0.6397944716E-01   -0.2625420796E-16
    0.8610000000E+00    0.2614080640E-21    0.1805025236E-22    0.7933048683E-07   -0.3511281943E+22   -0.1824301550E-14   -0.9178774149E+00   -0.4035925322E-15
    0.8610000000E+00    0.2801037871E-21    0.1934119387E-22    0.8117833125E-07   -0.4321403777E+23   -0.2405779229E-13   -0.1210441563E+02   -0.5702985479E-14
    0.8610000000E+00    0.3001366153E-21    0.2072446262E-22    0.8306921749E-07   -0.4912276213E+24   -0.2930310915E-12   -0.1474353956E+03   -0.7443208719E-13
    0.8610000000E+00    0.3216021775E-21    0.2220666179E-22    0.8500414813E-07   -0.1708559337E+25   -0.1092096436E-11   -0.5494764031E+03   -0.2972401588E-12
    0.8610000000E+00    0.3446029418E-21    0.2379486681E-22    0.8698414910E-07   -0.1244115347E+25   -0.8521019742E-12   -0.4287258087E+03   -0.2485066794E-12
    0.8610000000E+00    0.3692487048E-21    0.2549665916E-22    0.8901027021E-07    0.8720146221E+25    0.6399627431E-11    0.3219902698E+04    0.1999867331E-11
    0.8610000000E+00    0.3956571157E-21    0.2732016250E-22    0.9108358575E-07    0.1034282639E+27    0.8133363059E-10    0.4092212858E+05    0.2723432737E-10
    0.8610000000E+00    0.4239542377E-21    0.2927408154E-22    0.9320519501E-07    0.8513535691E+27    0.7173661582E-09    0.3609349534E+06    0.2573874574E-09
    0.8610000000E+00    0.4542751502E-21    0.3136774352E-22    0.9537622289E-07    0.6202572866E+28    0.5600190478E-08    0.2817674720E+07    0.2153026095E-08
    0.8610000000E+00    0.4867645933E-21    0.3361114274E-22    0.9759782052E-07    0.4157202507E+29    0.4021907745E-07    0.2023578988E+08    0.1656832478E-07
    0.8610000000E+00    0.5215776589E-21    0.3601498832E-22    0.9987116580E-07    0.2587609381E+30    0.2682437680E-06    0.1349639243E+09    0.1184066613E-06
    0.8610000000E+00    0.5588805307E-21    0.3859075526E-22    0.1021974641E-06    0.1500716358E+31    0.1666976742E-05    0.8387211548E+09    0.7884534088E-06
    0.8610000000E+00    0.5988512779E-21    0.4135073927E-22    0.1045779488E-06    0.8123528087E+31    0.9668867533E-05    0.4864785176E+10    0.4900293640E-05
    0.8610000000E+00    0.6416807053E-21    0.4430811541E-22    0.1070138822E-06    0.4108695471E+32    0.5240043318E-04    0.2636470607E+11    0.2845649271E-04
    0.8610000000E+00    0.6875732635E-21    0.4747700104E-22    0.1095065557E-06    0.1942730483E+33    0.2654871336E-03    0.1335769538E+12    0.1544863005E-03
    0.8610000000E+00    0.7367480256E-21    0.5087252317E-22    0.1120572911E-06    0.8586849881E+33    0.1257374922E-02    0.6326344696E+12    0.7839913826E-03
    0.8610000000E+00    0.7894397325E-21    0.5451089068E-22    0.1146674407E-06    0.3544985175E+34    0.5562183946E-02    0.2798552148E+13    0.3716138074E-02
    0.8610000000E+00    0.8458999137E-21    0.5840947171E-22    0.1173383885E-06    0.1338424529E+35    0.2250219123E-01    0.1132173194E+14    0.1610910105E-01
    0.8610000000E+00    0.9063980879E-21    0.6258687655E-22    0.1200715507E-06    0.3307515186E+35    0.5958442748E-01    0.2997925440E+14    0.4570663674E-01
    0.8610000000E+00    0.9712230494E-21    0.6706304648E-22    0.1228683764E-06    0.5397540800E+35    0.1041901967E+00    0.5242216035E+14    0.8563934805E-01
    0.8610000000E+00    0.1040684247E-20    0.7185934897E-22    0.1257303485E-06    0.6637567015E+35    0.1372902964E+00    0.6907611431E+14    0.1209167143E+00
    0.8610000000E+00    0.1115113261E-20    0.7699867968E-22    0.1286589846E-06    0.6747738395E+35    0.1495509447E+00    0.7524492569E+14    0.1411353016E+00
    0.8610000000E+00    0.1194865387E-20    0.8250557175E-22    0.1316558373E-06    0.6561981489E+35    0.1558353299E+00    0.7840684552E+14    0.1575841086E+00
    0.8610000000E+00    0.1280321329E-20    0.8840631292E-22    0.1347224957E-06    0.5612964470E+35    0.1428312435E+00    0.7186398133E+14    0.1547639166E+00
    0.8610000000E+00    0.1371889021E-20    0.9472907100E-22    0.1378605858E-06    0.3855372407E+35    0.1051228820E+00    0.5289143079E+14    0.1220516777E+00
    0.8610000000E+00    0.1470005571E-20    0.1015040283E-21    0.1410717713E-06    0.2189602470E+35    0.6397292352E-01    0.3218727829E+14    0.7958710233E-01
    0.8610000000E+00    0.1575139348E-20    0.1087635259E-21    0.1443577550E-06    0.1039191663E+35    0.3253318463E-01    0.1636871679E+14    0.4336836731E-01
    0.8610000000E+00    0.1687792220E-20    0.1165422177E-21    0.1477202791E-06    0.4102575458E+34    0.1376218848E-01    0.6924294940E+13    0.1965775854E-01
    0.8610000000E+00    0.1808501947E-20    0.1248772362E-21    0.1511611264E-06    0.1314424586E+34    0.4724616886E-02    0.2377139423E+13    0.7231245275E-02
    0.8610000000E+00    0.1937844750E-20    0.1338083694E-21    0.1546821213E-06    0.2450972537E+33    0.9439942936E-03    0.4749604264E+12    0.1548160076E-02
    0.8610000000E+00    0.2076438060E-20    0.1433782510E-21    0.1582851308E-06    0.1172935755E+31    0.4840666347E-05    0.2435528443E+10    0.8506514444E-05
    0.8610000000E+00    0.2224943467E-20    0.1536325639E-21    0.1619720651E-06    0.2845304204E+30    0.1258228822E-05    0.6330641000E+09    0.2369224004E-05
    0.8610000000E+00    0.2384069878E-20    0.1646202581E-21    0.1657448792E-06    0.6704584999E+29    0.3176894735E-06    0.1598419914E+09    0.6409871447E-06
    0.8610000000E+00    0.2554576900E-20    0.1763937846E-21    0.1696055734E-06    0.1047695757E+29    0.5319442380E-07    0.2676419379E+08    0.1150039094E-06
    0.8610000000E+00    0.2737278465E-20    0.1890093455E-21    0.1735561947E-06    0.1828186246E+28    0.9946066560E-08    0.5004254841E+07    0.2304081601E-07
    0.8610000000E+00    0.2933046719E-20    0.2025271626E-21    0.1775988378E-06    0.4481337774E+27    0.2612393553E-08    0.1314397305E+07    0.6484628460E-08
    0.8610000000E+00    0.3142816182E-20    0.2170117645E-21    0.1817356462E-06    0.9888021683E+26    0.6176469967E-09    0.3107623456E+06    0.1642808074E-08
    0.8610000000E+00    0.3367588212E-20    0.2325322952E-21    0.1859688132E-06    0.2357299870E+26    0.1577777492E-09    0.7938415256E+05    0.4496682777E-09
    0.8610000000E+00    0.3608435782E-20    0.2491628434E-21    0.1903005833E-06    0.3177899635E+25    0.2279140513E-10    0.1146724675E+05    0.6960133917E-10
    0.8610000000E+00    0.3866508602E-20    0.2669827968E-21    0.1947332533E-06    0.1039723843E+25    0.7990039521E-11    0.4020101184E+04    0.2614540793E-10
