    0.8990000000E+00    0.4143038610E-23    0.2860772210E-24    0.1992691735E-07    0.0000000000E+00    0.0000000000E+00    0.0000000000E+00    0.0000000000E+00
    0.8990000000E+00    0.4439345853E-23    0.3065372650E-24    0.2039107488E-07    0.0000000000E+00    0.0000000000E+00    0.0000000000E+00    0.0000000000E+00
    0.8990000000E+00    0.4756844785E-23    0.3284605973E-24    0.2086604403E-07    0.0000000000E+00    0.0000000000E+00    0.0000000000E+00    0.0000000000E+00
    0.8990000000E+00    0.5097051019E-23    0.3519518710E-24    0.2135207663E-07    0.0000000000E+00    0.0000000000E+00    0.0000000000E+00    0.0000000000E+00
    0.8990000000E+00    0.5461588566E-23    0.3771232243E-24    0.2184943039E-07    0.0000000000E+00    0.0000000000E+00    0.0000000000E+00    0.0000000000E+00
    0.8990000000E+00    0.5852197586E-23    0.4040948153E-24    0.2235836900E-07    0.0000000000E+00    0.0000000000E+00    0.0000000000E+00    0.0000000000E+00
    0.8990000000E+00    0.6270742692E-23    0.4329953957E-24    0.2287916232E-07    0.0000000000E+00    0.0000000000E+00    0.0000000000E+00    0.0000000000E+00
    0.8990000000E+00    0.6719221852E-23    0.4639629256E-24    0.2341208647E-07    0.0000000000E+00    0.0000000000E+00    0.0000000000E+00    0.0000000000E+00
    0.8990000000E+00    0.7199775931E-23    0.4971452317E-24    0.2395742402E-07    0.0000000000E+00    0.0000000000E+00    0.0000000000E+00    0.0000000000E+00
    0.8990000000E+00    0.7714698903E-23    0.5327007132E-24    0.2451546411E-07    0.0000000000E+00    0.0000000000E+00    0.0000000000E+00    0.0000000000E+00
    0.8990000000E+00    0.8266448809E-23    0.5707990981E-24    0.2508650263E-07    0.0000000000E+00    0.0000000000E+00    0.0000000000E+00    0.0000000000E+00
    0.8990000000E+00    0.8857659485E-23    0.6116222531E-24    0.2567084234E-07    0.0000000000E+00    0.0000000000E+00    0.0000000000E+00    0.0000000000E+00
    0.8990000000E+00    0.9491153137E-23    0.6553650517E-24    0.2626879307E-07    0.0000000000E+00    0.0000000000E+00    0.0000000000E+00    0.0000000000E+00
    0.8990000000E+00    0.1016995382E-22    0.7022363048E-24    0.2688067187E-07    0.0000000000E+00    0.0000000000E+00    0.0000000000E+00    0.0000000000E+00
    0.8990000000E+00    0.1089730185E-22    0.7524597575E-24    0.2750680315E-07    0.0000000000E+00    0.0000000000E+00    0.0000000000E+00    0.0000000000E+00
    0.8990000000E+00    0.1167666930E-22    0.8062751566E-24    0.2814751890E-07    0.0000000000E+00    0.0000000000E+00    0.0000000000E+00    0.0000000000E+00
    0.8990000000E+00    0.1251177658E-22    0.8639393956E-24    0.2880315884E-07    0.0000000000E+00    0.0000000000E+00    0.0000000000E+00    0.0000000000E+00
    0.8990000000E+00    0.1340661015E-22    0.9257277409E-24    0.2947407060E-07    0.0000000000E+00    0.0000000000E+00    0.0000000000E+00    0.0000000000E+00
    0.8990000000E+00    0.1436544159E-22    0.9919351458E-24    0.3016060990E-07    0.0000000000E+00    0.0000000000E+00    0.0000000000E+00    0.0000000000E+00
    0.8990000000E+00    0.1539284799E-22    0.1062877658E-23    0.3086314075E-07    0.0000000000E+00    0.0000000000E+00    0.0000000000E+00    0.0000000000E+00
    0.8990000000E+00    0.1649373379E-22    0.1138893930E-23    0.3158203565E-07    0.0000000000E+00    0.0000000000E+00    0.0000000000E+00    0.0000000000E+00
    0.8990000000E+00    0.1767335417E-22    0.1220346833E-23    0.3231767576E-07    0.0000000000E+00    0.0000000000E+00    0.0000000000E+00    0.0000000000E+00
    0.8990000000E+00    0.1893734018E-22    0.1307625190E-23    0.3307045113E-07    0.0000000000E+00    0.0000000000E+00    0.0000000000E+00    0.0000000000E+00
    0.8990000000E+00    0.2029172559E-22    0.1401145635E-23    0.3384076090E-07    0.0000000000E+00    0.0000000000E+00    0.0000000000E+00    0.0000000000E+00
    0.8990000000E+00    0.2174297571E-22    0.1501354598E-23    0.3462901348E-07    0.0000000000E+00    0.0000000000E+00    0.0000000000E+00    0.0000000000E+00
    0.8990000000E+00    0.2329801823E-22    0.1608730435E-23    0.3543562682E-07    0.0000000000E+00    0.0000000000E+00    0.0000000000E+00    0.0000000000E+00
    0.8990000000E+00    0.2496427630E-22    0.1723785718E-23    0.3626102861E-07    0.0000000000E+00    0.0000000000E+00    0.0000000000E+00    0.0000000000E+00
    0.8990000000E+00    0.2674970400E-22    0.1847069675E-23    0.3710565646E-07    0.0000000000E+00    0.0000000000E+00    0.0000000000E+00    0.0000000000E+00
    0.8990000000E+00    0.2866282424E-22    0.1979170815E-23    0.3796995823E-07    0.0000000000E+00    0.0000000000E+00    0.0000000000E+00    0.0000000000E+00
    0.8990000000E+00    0.3071276952E-22    0.2120719737E-23    0.3885439218E-07    0.0000000000E+00    0.0000000000E+00    0.0000000000E+00    0.0000000000E+00
    0.8990000000E+00    0.3290932546E-22    0.2272392139E-23    0.3975942724E-07   -0.7760892357E-15   -0.5076245105E-52   -0.2554057324E-37   -0.1340900982E-53
    0.8990000000E+00    0.3526297755E-22    0.2434912046E-23    0.4068554327E-07   -0.3937554200E-14   -0.2759672010E-51   -0.1388498854E-36   -0.7811089137E-53
    0.8990000000E+00    0.3778496121E-22    0.2609055264E-23    0.4163323131E-07    0.4888379820E-14    0.3671097056E-51    0.1847072419E-36    0.1113396858E-52
    0.8990000000E+00    0.4048731538E-22    0.2795653084E-23    0.4260299385E-07    0.4303651643E-12    0.3463123937E-49    0.1742433013E-34    0.1125439514E-50
    0.8990000000E+00    0.4338294005E-22    0.2995596250E-23    0.4359534505E-07   -0.1303396863E-11   -0.1123848047E-48   -0.5654518795E-34   -0.3913467399E-50
    0.8990000000E+00    0.4648565778E-22    0.3209839213E-23    0.4461081109E-07   -0.1591193064E-09   -0.1470123436E-46   -0.7396765624E-32   -0.5485395249E-48
    0.8990000000E+00    0.4981027973E-22    0.3439404683E-23    0.4564993037E-07    0.1612042699E-10    0.1595906578E-47    0.8029629777E-33    0.6380601035E-49
    0.8990000000E+00    0.5337267633E-22    0.3685388516E-23    0.4671325384E-07    0.3519527749E-07    0.3733492795E-44    0.1878466154E-29    0.1599445486E-45
    0.8990000000E+00    0.5718985306E-22    0.3948964943E-23    0.4780134531E-07    0.3240163693E-07    0.3682967404E-44    0.1853044855E-29    0.1690643349E-45
    0.8990000000E+00    0.6128003161E-22    0.4231392172E-23    0.4891478167E-07   -0.5328978069E-05   -0.6490450720E-42   -0.3265599445E-27   -0.3192485856E-43
    0.8990000000E+00    0.6566273690E-22    0.4534018400E-23    0.5005415331E-07   -0.7207947499E-03   -0.9406813604E-40   -0.4732935602E-25   -0.4957887451E-41
    0.8990000000E+00    0.7035889022E-22    0.4858288246E-23    0.5122006431E-07   -0.1714323664E-01   -0.2397307499E-38   -0.1206179105E-23   -0.1353872818E-39
    0.8990000000E+00    0.7539090917E-22    0.5205749646E-23    0.5241313287E-07    0.1023768463E-01    0.1534025825E-38    0.7718283519E-24    0.9282966772E-40
    0.8990000000E+00    0.8078281461E-22    0.5578061244E-23    0.5363399157E-07    0.3630942830E+01    0.5829755419E-36    0.2933177815E-21    0.3780110191E-37
    0.8990000000E+00    0.8656034539E-22    0.5977000309E-23    0.5488328773E-07    0.1584210441E+03    0.2725484993E-34    0.1371298029E-19    0.1893642186E-35
    0.8990000000E+00    0.9275108115E-22    0.6404471218E-23    0.5616168372E-07    0.1534297847E+03    0.2828398508E-34    0.1423077841E-19    0.2105691405E-35
    0.8990000000E+00    0.9938457404E-22    0.6862514550E-23    0.5746985739E-07   -0.8081580294E+04   -0.1596346690E-32   -0.8031844151E-18   -0.1273448368E-33
    0.8990000000E+00    0.1064924897E-21    0.7353316823E-23    0.5880850233E-07   -0.4636441630E+06   -0.9813314570E-31   -0.4937462127E-16   -0.8388220644E-32
    0.8990000000E+00    0.1141087586E-21    0.7879220933E-23    0.6017832832E-07   -0.2226000718E+08   -0.5048428664E-29   -0.2540061785E-14   -0.4623920398E-30
    0.8990000000E+00    0.1222697377E-21    0.8442737340E-23    0.6158006166E-07   -0.9620879669E+09   -0.2338006460E-27   -0.1176342434E-12   -0.2294562184E-28
    0.8990000000E+00    0.1310143844E-21    0.9046556049E-23    0.6301444556E-07   -0.1597891061E+11   -0.4160811979E-26   -0.2093467137E-11   -0.4375545619E-27
    0.8990000000E+00    0.1403844422E-21    0.9693559452E-23    0.6448224056E-07   -0.1162033194E+11   -0.3242272091E-26   -0.1631313818E-11   -0.3653453491E-27
    0.8990000000E+00    0.1504246400E-21    0.1038683609E-22    0.6598422489E-07    0.4802147394E+12    0.1435708957E-24    0.7223612927E-10    0.1733486783E-25
    0.8990000000E+00    0.1611829057E-21    0.1112969539E-22    0.6752119493E-07    0.1500093159E+14    0.4805616990E-23    0.2417893742E-08    0.6217320841E-24
    0.8990000000E+00    0.1727105951E-21    0.1192568347E-22    0.6909396560E-07    0.3847684306E+15    0.1320779610E-21    0.6645358464E-07    0.1830983712E-22
    0.8990000000E+00    0.1850627369E-21    0.1277860007E-22    0.7070337081E-07    0.8934546278E+16    0.3286271395E-20    0.1653451587E-05    0.4881547860E-21
    0.8990000000E+00    0.1982982953E-21    0.1369251667E-22    0.7235026388E-07    0.4529729372E+17    0.1785267011E-19    0.8982376125E-05    0.2841563103E-20
    0.8990000000E+00    0.2124804516E-21    0.1467179595E-22    0.7403551802E-07    0.4670229314E+16    0.1972282537E-20    0.9923324336E-06    0.3363746466E-21
    0.8990000000E+00    0.2276769058E-21    0.1572111260E-22    0.7576002677E-07   -0.1147214444E+19   -0.5191292864E-18   -0.2611942348E-03   -0.9487016483E-19
    0.8990000000E+00    0.2439602000E-21    0.1684547565E-22    0.7752470448E-07   -0.2031141358E+20   -0.9848522315E-17   -0.4955176519E-02   -0.1928524668E-17
    0.8990000000E+00    0.2614080640E-21    0.1805025236E-22    0.7933048683E-07   -0.2989885695E+21   -0.1553407899E-15   -0.7815802311E-01   -0.3259414808E-16
    0.8990000000E+00    0.2801037871E-21    0.1934119387E-22    0.8117833125E-07   -0.4003367866E+22   -0.2228724683E-14   -0.1121358501E+01   -0.5010840142E-15
    0.8990000000E+00    0.3001366153E-21    0.2072446262E-22    0.8306921749E-07   -0.4937904905E+23   -0.2945599150E-13   -0.1482046065E+02   -0.7096231433E-14
    0.8990000000E+00    0.3216021775E-21    0.2220666179E-22    0.8500414813E-07   -0.5301192677E+24   -0.3388476775E-12   -0.1704875109E+03   -0.8746990167E-13
    0.8990000000E+00    0.3446029418E-21    0.2379486681E-22    0.8698414910E-07   -0.1198443855E+25   -0.8208212980E-12   -0.4129872779E+03   -0.2270401901E-12
    0.8990000000E+00    0.3692487048E-21    0.2549665916E-22    0.8901027021E-07   -0.3753036288E+24   -0.2754315509E-12   -0.1385803788E+03   -0.8163338637E-13
    0.8990000000E+00    0.3956571157E-21    0.2732016250E-22    0.9108358575E-07    0.1174642593E+26    0.9237121759E-11    0.4647557002E+04    0.2933531752E-11
    0.8990000000E+00    0.4239542377E-21    0.2927408154E-22    0.9320519501E-07    0.1222568052E+27    0.1030158301E-09    0.5183129064E+05    0.3505565544E-10
    0.8990000000E+00    0.4542751502E-21    0.3136774352E-22    0.9537622289E-07    0.9886124918E+27    0.8926002778E-09    0.4491020882E+06    0.3254701340E-09
    0.8990000000E+00    0.4867645933E-21    0.3361114274E-22    0.9759782052E-07    0.7187344197E+28    0.6953434488E-08    0.3498544675E+07    0.2716773875E-08
    0.8990000000E+00    0.5215776589E-21    0.3601498832E-22    0.9987116580E-07    0.4823846595E+29    0.5000626432E-07    0.2516010614E+08    0.2093526859E-07
    0.8990000000E+00    0.5588805307E-21    0.3859075526E-22    0.1021974641E-06    0.3009576480E+30    0.3342999473E-06    0.1681993700E+09    0.1499651800E-06
    0.8990000000E+00    0.5988512779E-21    0.4135073927E-22    0.1045779488E-06    0.1750004790E+31    0.2082908351E-05    0.1047992605E+10    0.1001207943E-05
    0.8990000000E+00    0.6416807053E-21    0.4430811541E-22    0.1070138822E-06    0.9497273713E+31    0.1211239091E-04    0.6094217294E+10    0.6238554933E-05
    0.8990000000E+00    0.6875732635E-21    0.4747700104E-22    0.1095065557E-06    0.4814209189E+32    0.6578939330E-04    0.3310121523E+11    0.3630864205E-04
    0.8990000000E+00    0.7367480256E-21    0.5087252317E-22    0.1120572911E-06    0.2279881306E+33    0.3338436819E-03    0.1679698051E+12    0.1974227907E-03
    0.8990000000E+00    0.7894397325E-21    0.5451089068E-22    0.1146674407E-06    0.1008271565E+34    0.1582007155E-02    0.7959696343E+12    0.1002449650E-02
    0.8990000000E+00    0.8458999137E-21    0.5840947171E-22    0.1173383885E-06    0.4159440906E+34    0.6993037909E-02    0.3518470704E+13    0.4748101645E-02
    0.8990000000E+00    0.9063980879E-21    0.6258687655E-22    0.1200715507E-06    0.1530906535E+35    0.2757906897E-01    0.1387610756E+14    0.2006474875E-01
    0.8990000000E+00    0.9712230494E-21    0.6706304648E-22    0.1228683764E-06    0.3537208512E+35    0.6827969702E-01    0.3435418437E+14    0.5322868172E-01
    0.8990000000E+00    0.1040684247E-20    0.7185934897E-22    0.1257303485E-06    0.5490416411E+35    0.1135628303E+00    0.5713789869E+14    0.9486157543E-01
    0.8990000000E+00    0.1115113261E-20    0.7699867968E-22    0.1286589846E-06    0.6452198225E+35    0.1430008521E+00    0.7194931805E+14    0.1279949250E+00
    0.8990000000E+00    0.1194865387E-20    0.8250557175E-22    0.1316558373E-06    0.6468916281E+35    0.1536251976E+00    0.7729484157E+14    0.1473386138E+00
    0.8990000000E+00    0.1280321329E-20    0.8840631292E-22    0.1347224957E-06    0.6191931988E+35    0.1575640377E+00    0.7927662595E+14    0.1619240010E+00
    0.8990000000E+00    0.1371889021E-20    0.9472907100E-22    0.1378605858E-06    0.5034490425E+35    0.1372734166E+00    0.6906762142E+14    0.1511612826E+00
    0.8990000000E+00    0.1470005571E-20    0.1015040283E-21    0.1410717713E-06    0.3279665113E+35    0.9582093935E-01    0.4821125988E+14    0.1130614495E+00
    0.8990000000E+00    0.1575139348E-20    0.1087635259E-21    0.1443577550E-06    0.1759411274E+35    0.5508055333E-01    0.2771317928E+14    0.6963898290E-01
    0.8990000000E+00    0.1687792220E-20    0.1165422177E-21    0.1477202791E-06    0.7790751158E+34    0.2613426297E-01    0.1314916919E+14    0.3540498232E-01
    0.8990000000E+00    0.1808501947E-20    0.1248772362E-21    0.1511611264E-06    0.2810185387E+34    0.1010103544E-01    0.5082225744E+13    0.1466290497E-01
    0.8990000000E+00    0.1937844750E-20    0.1338083694E-21    0.1546821213E-06    0.7368730497E+33    0.2838073228E-02    0.1427945571E+13    0.4414461382E-02
    0.8990000000E+00    0.2076438060E-20    0.1433782510E-21    0.1582851308E-06    0.3590393018E+32    0.1481743104E-03    0.7455228713E+11    0.2469602406E-03
    0.8990000000E+00    0.2224943467E-20    0.1536325639E-21    0.1619720651E-06    0.4464143459E+30    0.1974099627E-05    0.9932466826E+09    0.3525520071E-05
    0.8990000000E+00    0.2384069878E-20    0.1646202581E-21    0.1657448792E-06    0.1072309426E+30    0.5081021676E-06    0.2556460603E+09    0.9723109409E-06
    0.8990000000E+00    0.2554576900E-20    0.1763937846E-21    0.1696055734E-06    0.1830826473E+29    0.9295614556E-07    0.4676987014E+08    0.1906040974E-06
    0.8990000000E+00    0.2737278465E-20    0.1890093455E-21    0.1735561947E-06    0.2761459455E+28    0.1502344720E-07    0.7558883499E+07    0.3300834274E-07
    0.8990000000E+00    0.2933046719E-20    0.2025271626E-21    0.1775988378E-06    0.6766667437E+27    0.3944625306E-08    0.1984695172E+07    0.9286667185E-08
    0.8990000000E+00    0.3142816182E-20    0.2170117645E-21    0.1817356462E-06    0.1489624468E+27    0.9304814538E-09    0.4681615885E+06    0.2347263504E-08
    0.8990000000E+00    0.3367588212E-20    0.2325322952E-21    0.1859688132E-06    0.3568192180E+26    0.2388246561E-09    0.1201620193E+06    0.6455550549E-09
    0.8990000000E+00    0.3608435782E-20    0.2491628434E-21    0.1903005833E-06    0.5141364451E+25    0.3687307139E-10    0.1855228345E+05    0.1067980786E-09
    0.8990000000E+00    0.3866508602E-20    0.2669827968E-21    0.1947332533E-06    0.1706202820E+25    0.1311177776E-10    0.6597047881E+04    0.4069262484E-10
