    0.8390000000E+00    0.4143038610E-23    0.2860772210E-24    0.1992691735E-07    0.0000000000E+00    0.0000000000E+00    0.0000000000E+00    0.0000000000E+00
    0.8390000000E+00    0.4439345853E-23    0.3065372650E-24    0.2039107488E-07    0.0000000000E+00    0.0000000000E+00    0.0000000000E+00    0.0000000000E+00
    0.8390000000E+00    0.4756844785E-23    0.3284605973E-24    0.2086604403E-07    0.0000000000E+00    0.0000000000E+00    0.0000000000E+00    0.0000000000E+00
    0.8390000000E+00    0.5097051019E-23    0.3519518710E-24    0.2135207663E-07    0.0000000000E+00    0.0000000000E+00    0.0000000000E+00    0.0000000000E+00
    0.8390000000E+00    0.5461588566E-23    0.3771232243E-24    0.2184943039E-07    0.0000000000E+00    0.0000000000E+00    0.0000000000E+00    0.0000000000E+00
    0.8390000000E+00    0.5852197586E-23    0.4040948153E-24    0.2235836900E-07    0.0000000000E+00    0.0000000000E+00    0.0000000000E+00    0.0000000000E+00
    0.8390000000E+00    0.6270742692E-23    0.4329953957E-24    0.2287916232E-07    0.0000000000E+00    0.0000000000E+00    0.0000000000E+00    0.0000000000E+00
    0.8390000000E+00    0.6719221852E-23    0.4639629256E-24    0.2341208647E-07    0.0000000000E+00    0.0000000000E+00    0.0000000000E+00    0.0000000000E+00
    0.8390000000E+00    0.7199775931E-23    0.4971452317E-24    0.2395742402E-07    0.0000000000E+00    0.0000000000E+00    0.0000000000E+00    0.0000000000E+00
    0.8390000000E+00    0.7714698903E-23    0.5327007132E-24    0.2451546411E-07    0.0000000000E+00    0.0000000000E+00    0.0000000000E+00    0.0000000000E+00
    0.8390000000E+00    0.8266448809E-23    0.5707990981E-24    0.2508650263E-07    0.0000000000E+00    0.0000000000E+00    0.0000000000E+00    0.0000000000E+00
    0.8390000000E+00    0.8857659485E-23    0.6116222531E-24    0.2567084234E-07    0.0000000000E+00    0.0000000000E+00    0.0000000000E+00    0.0000000000E+00
    0.8390000000E+00    0.9491153137E-23    0.6553650517E-24    0.2626879307E-07    0.0000000000E+00    0.0000000000E+00    0.0000000000E+00    0.0000000000E+00
    0.8390000000E+00    0.1016995382E-22    0.7022363048E-24    0.2688067187E-07    0.0000000000E+00    0.0000000000E+00    0.0000000000E+00    0.0000000000E+00
    0.8390000000E+00    0.1089730185E-22    0.7524597575E-24    0.2750680315E-07    0.0000000000E+00    0.0000000000E+00    0.0000000000E+00    0.0000000000E+00
    0.8390000000E+00    0.1167666930E-22    0.8062751566E-24    0.2814751890E-07    0.0000000000E+00    0.0000000000E+00    0.0000000000E+00    0.0000000000E+00
    0.8390000000E+00    0.1251177658E-22    0.8639393956E-24    0.2880315884E-07    0.0000000000E+00    0.0000000000E+00    0.0000000000E+00    0.0000000000E+00
    0.8390000000E+00    0.1340661015E-22    0.9257277409E-24    0.2947407060E-07    0.0000000000E+00    0.0000000000E+00    0.0000000000E+00    0.0000000000E+00
    0.8390000000E+00    0.1436544159E-22    0.9919351458E-24    0.3016060990E-07    0.0000000000E+00    0.0000000000E+00    0.0000000000E+00    0.0000000000E+00
    0.8390000000E+00    0.1539284799E-22    0.1062877658E-23    0.3086314075E-07    0.0000000000E+00    0.0000000000E+00    0.0000000000E+00    0.0000000000E+00
    0.8390000000E+00    0.1649373379E-22    0.1138893930E-23    0.3158203565E-07    0.0000000000E+00    0.0000000000E+00    0.0000000000E+00    0.0000000000E+00
    0.8390000000E+00    0.1767335417E-22    0.1220346833E-23    0.3231767576E-07    0.0000000000E+00    0.0000000000E+00    0.0000000000E+00    0.0000000000E+00
    0.8390000000E+00    0.1893734018E-22    0.1307625190E-23    0.3307045113E-07    0.0000000000E+00    0.0000000000E+00    0.0000000000E+00    0.0000000000E+00
    0.8390000000E+00    0.2029172559E-22    0.1401145635E-23    0.3384076090E-07    0.0000000000E+00    0.0000000000E+00    0.0000000000E+00    0.0000000000E+00
    0.8390000000E+00    0.2174297571E-22    0.1501354598E-23    0.3462901348E-07   -0.1341098238E-15   -0.5795508081E-53   -0.2915946641E-38   -0.1106982992E-54
    0.8390000000E+00    0.2329801823E-22    0.1608730435E-23    0.3543562682E-07   -0.1627777583E-15   -0.7537476780E-53   -0.3792399180E-38   -0.1542678475E-54
    0.8390000000E+00    0.2496427630E-22    0.1723785718E-23    0.3626102861E-07    0.0000000000E+00    0.0000000000E+00    0.0000000000E+00    0.0000000000E+00
    0.8390000000E+00    0.2674970400E-22    0.1847069675E-23    0.3710565646E-07    0.4903696110E-15    0.2607080686E-52    0.1311724195E-37    0.6126379629E-54
    0.8390000000E+00    0.2866282424E-22    0.1979170815E-23    0.3796995823E-07   -0.1363363779E-14   -0.7766809904E-52   -0.3907785639E-37   -0.1955654395E-53
    0.8390000000E+00    0.3071276952E-22    0.2120719737E-23    0.3885439218E-07   -0.3463947809E-13   -0.2114473584E-50   -0.1063874307E-35   -0.5704948081E-52
    0.8390000000E+00    0.3290932546E-22    0.2272392139E-23    0.3975942724E-07   -0.7461900216E-13   -0.4880680302E-50   -0.2455661028E-35   -0.1411009032E-51
    0.8390000000E+00    0.3526297755E-22    0.2434912046E-23    0.4068554327E-07    0.4576594975E-12    0.3207549766E-49    0.1613843659E-34    0.9936257456E-51
    0.8390000000E+00    0.3778496121E-22    0.2609055264E-23    0.4163323131E-07    0.1219027719E-10    0.9154708174E-48    0.4606091506E-33    0.3038742762E-49
    0.8390000000E+00    0.4048731538E-22    0.2795653084E-23    0.4260299385E-07   -0.2982620378E-10   -0.2400097611E-47   -0.1207582919E-32   -0.8536470369E-49
    0.8390000000E+00    0.4338294005E-22    0.2995596250E-23    0.4359534505E-07   -0.3582433848E-08   -0.3088937375E-45   -0.1554165128E-30   -0.1177222451E-46
    0.8390000000E+00    0.4648565778E-22    0.3209839213E-23    0.4461081109E-07   -0.2285848134E-09   -0.2111924058E-46   -0.1062591541E-31   -0.8624376946E-48
    0.8390000000E+00    0.4981027973E-22    0.3439404683E-23    0.4564993037E-07    0.6479463048E-06    0.6414605338E-43    0.3227438669E-28    0.2806851097E-44
    0.8390000000E+00    0.5337267633E-22    0.3685388516E-23    0.4671325384E-07    0.5823816872E-06    0.6177868135E-43    0.3108326929E-28    0.2896596935E-44
    0.8390000000E+00    0.5718985306E-22    0.3948964943E-23    0.4780134531E-07   -0.9247347943E-04   -0.1051109891E-40   -0.5288544700E-26   -0.5280773682E-42
    0.8390000000E+00    0.6128003161E-22    0.4231392172E-23    0.4891478167E-07   -0.1160366816E-01   -0.1413273528E-38   -0.7110731518E-24   -0.7608090273E-40
    0.8390000000E+00    0.6566273690E-22    0.4534018400E-23    0.5005415331E-07   -0.2122971136E+00   -0.2770607550E-37   -0.1394000951E-22   -0.1598175416E-38
    0.8390000000E+00    0.7035889022E-22    0.4858288246E-23    0.5122006431E-07    0.2279691631E+00    0.3187917169E-37    0.1603965732E-22    0.1970409358E-38
    0.8390000000E+00    0.7539090917E-22    0.5205749646E-23    0.5241313287E-07    0.4982898221E+02    0.7466429013E-35    0.3756652272E-20    0.4944955333E-36
    0.8390000000E+00    0.8078281461E-22    0.5578061244E-23    0.5363399157E-07    0.1498623158E+04    0.2406153686E-33    0.1210629967E-18    0.1707547509E-34
    0.8390000000E+00    0.8656034539E-22    0.5977000309E-23    0.5488328773E-07    0.9734536163E+03    0.1674735347E-33    0.8426248125E-19    0.1273490235E-34
    0.8390000000E+00    0.9275108115E-22    0.6404471218E-23    0.5616168372E-07   -0.9591166124E+05   -0.1768081733E-31   -0.8895910275E-17   -0.1440627729E-32
    0.8390000000E+00    0.9938457404E-22    0.6862514550E-23    0.5746985739E-07   -0.5056994039E+07   -0.9989031108E-30   -0.5025871985E-15   -0.8721130762E-31
    0.8390000000E+00    0.1064924897E-21    0.7353316823E-23    0.5880850233E-07   -0.2269576388E+09   -0.4803698356E-28   -0.2416928402E-13   -0.4493918180E-29
    0.8390000000E+00    0.1141087586E-21    0.7879220933E-23    0.6017832832E-07   -0.9179633880E+10   -0.2081882833E-26   -0.1047476626E-11   -0.2086919594E-27
    0.8390000000E+00    0.1222697377E-21    0.8442737340E-23    0.6158006166E-07   -0.9223271723E+11   -0.2241382245E-25   -0.1127727015E-10   -0.2407494812E-26
    0.8390000000E+00    0.1310143844E-21    0.9046556049E-23    0.6301444556E-07   -0.1480381338E+11   -0.3854823746E-26   -0.1939512497E-11   -0.4436637627E-27
    0.8390000000E+00    0.1403844422E-21    0.9693559452E-23    0.6448224056E-07    0.4054445291E+13    0.1131259836E-23    0.5691810405E-09    0.1395120760E-24
    0.8390000000E+00    0.1504246400E-21    0.1038683609E-22    0.6598422489E-07    0.1147494801E+15    0.3430691372E-22    0.1726114923E-07    0.4533473516E-23
    0.8390000000E+00    0.1611829057E-21    0.1112969539E-22    0.6752119493E-07    0.2757931419E+16    0.8835159340E-21    0.4445313998E-06    0.1251018750E-21
    0.8390000000E+00    0.1727105951E-21    0.1192568347E-22    0.6909396560E-07    0.5822743617E+17    0.1998750530E-19    0.1005649515E-04    0.3032550379E-20
    0.8390000000E+00    0.1850627369E-21    0.1277860007E-22    0.7070337081E-07    0.1485938181E+18    0.5465522241E-19    0.2749917867E-04    0.8885484192E-20
    0.8390000000E+00    0.1982982953E-21    0.1369251667E-22    0.7235026388E-07   -0.1629952347E+18   -0.6424004425E-19   -0.3232167717E-04   -0.1119064874E-19
    0.8390000000E+00    0.2124804516E-21    0.1467179595E-22    0.7403551802E-07   -0.6865561394E+19   -0.2899392285E-17   -0.1458797585E-02   -0.5411982849E-18
    0.8390000000E+00    0.2276769058E-21    0.1572111260E-22    0.7576002677E-07   -0.1097916384E+21   -0.4968212808E-16   -0.2499702053E-01   -0.9936870333E-17
    0.8390000000E+00    0.2439602000E-21    0.1684547565E-22    0.7752470448E-07   -0.1514206372E+22   -0.7342027270E-15   -0.3694060893E+00   -0.1573495212E-15
    0.8390000000E+00    0.2614080640E-21    0.1805025236E-22    0.7933048683E-07   -0.1907165071E+23   -0.9908757686E-14   -0.4985483289E+01   -0.2275457041E-14
    0.8390000000E+00    0.2801037871E-21    0.1934119387E-22    0.8117833125E-07   -0.2214451039E+24   -0.1232812435E-12   -0.6202761222E+02   -0.3033517041E-13
    0.8390000000E+00    0.3001366153E-21    0.2072446262E-22    0.8306921749E-07   -0.1661679715E+25   -0.9912386831E-12   -0.4987309254E+03   -0.2613531114E-12
    0.8390000000E+00    0.3216021775E-21    0.2220666179E-22    0.8500414813E-07   -0.2213617455E+25   -0.1414925242E-11   -0.7119041937E+03   -0.3997448958E-12
    0.8390000000E+00    0.3446029418E-21    0.2379486681E-22    0.8698414910E-07    0.1713593246E+25    0.1173650169E-11    0.5905092737E+03    0.3552941840E-12
    0.8390000000E+00    0.3692487048E-21    0.2549665916E-22    0.8901027021E-07    0.4652732983E+26    0.3414593846E-10    0.1718015628E+05    0.1107614126E-10
    0.8390000000E+00    0.3956571157E-21    0.2732016250E-22    0.9108358575E-07    0.4192117407E+27    0.3296585630E-09    0.1658641082E+06    0.1145813128E-09
    0.8390000000E+00    0.4239542377E-21    0.2927408154E-22    0.9320519501E-07    0.3159385998E+28    0.2662156686E-08    0.1339435083E+07    0.9914779169E-09
    0.8390000000E+00    0.4542751502E-21    0.3136774352E-22    0.9537622289E-07    0.2166295039E+29    0.1955908478E-07    0.9840940045E+07    0.7805450282E-08
    0.8390000000E+00    0.4867645933E-21    0.3361114274E-22    0.9759782052E-07    0.1375311078E+30    0.1330552040E-06    0.6694527376E+08    0.5689594271E-07
    0.8390000000E+00    0.5215776589E-21    0.3601498832E-22    0.9987116580E-07    0.8126492487E+30    0.8424304614E-06    0.4238596926E+09    0.3859966137E-06
    0.8390000000E+00    0.5588805307E-21    0.3859075526E-22    0.1021974641E-06    0.4479413384E+31    0.4975675708E-05    0.2503456929E+10    0.2442876433E-05
    0.8390000000E+00    0.5988512779E-21    0.4135073927E-22    0.1045779488E-06    0.2306609759E+32    0.2745396332E-04    0.1381316202E+11    0.1444290257E-04
    0.8390000000E+00    0.6416807053E-21    0.4430811541E-22    0.1070138822E-06    0.1110611710E+33    0.1416423659E-03    0.7126581056E+11    0.7984405864E-04
    0.8390000000E+00    0.6875732635E-21    0.4747700104E-22    0.1095065557E-06    0.5001984201E+33    0.6835546461E-03    0.3439230601E+12    0.4128788840E-03
    0.8390000000E+00    0.7367480256E-21    0.5087252317E-22    0.1120572911E-06    0.2106525499E+34    0.3084591407E-02    0.1551978502E+13    0.1996397774E-02
    0.8390000000E+00    0.7894397325E-21    0.5451089068E-22    0.1146674407E-06    0.8285922460E+34    0.1300085123E-01    0.6541236411E+13    0.9016151930E-02
    0.8390000000E+00    0.8458999137E-21    0.5840947171E-22    0.1173383885E-06    0.2507993759E+35    0.4216551173E-01    0.2121511705E+14    0.3133334842E-01
    0.8390000000E+00    0.9063980879E-21    0.6258687655E-22    0.1200715507E-06    0.4704541212E+35    0.8475165765E-01    0.4264187159E+14    0.6748350542E-01
    0.8390000000E+00    0.9712230494E-21    0.6706304648E-22    0.1228683764E-06    0.6443895187E+35    0.1243882597E+00    0.6258459533E+14    0.1061277176E+00
    0.8390000000E+00    0.1040684247E-20    0.7185934897E-22    0.1257303485E-06    0.6962165031E+35    0.1440042261E+00    0.7245415473E+14    0.1316511539E+00
    0.8390000000E+00    0.1115113261E-20    0.7699867968E-22    0.1286589846E-06    0.6888202087E+35    0.1526640586E+00    0.7681125495E+14    0.1495499377E+00
    0.8390000000E+00    0.1194865387E-20    0.8250557175E-22    0.1316558373E-06    0.6367118672E+35    0.1512076864E+00    0.7607849717E+14    0.1587169470E+00
    0.8390000000E+00    0.1280321329E-20    0.8840631292E-22    0.1347224957E-06    0.4828780130E+35    0.1228763649E+00    0.6182390195E+14    0.1382031009E+00
    0.8390000000E+00    0.1371889021E-20    0.9472907100E-22    0.1378605858E-06    0.3006963218E+35    0.8198965134E-01    0.4125219826E+14    0.9881172299E-01
    0.8390000000E+00    0.1470005571E-20    0.1015040283E-21    0.1410717713E-06    0.1569256856E+35    0.4584848173E-01    0.2306816321E+14    0.5920718202E-01
    0.8390000000E+00    0.1575139348E-20    0.1087635259E-21    0.1443577550E-06    0.6901353947E+34    0.2160554497E-01    0.1087059416E+14    0.2989610829E-01
    0.8390000000E+00    0.1687792220E-20    0.1165422177E-21    0.1477202791E-06    0.2537131263E+34    0.8510868115E-02    0.4282150407E+13    0.1261895214E-01
    0.8390000000E+00    0.1808501947E-20    0.1248772362E-21    0.1511611264E-06    0.7452682521E+33    0.2678820075E-02    0.1347819085E+13    0.4255915313E-02
    0.8390000000E+00    0.1937844750E-20    0.1338083694E-21    0.1546821213E-06    0.9349217578E+32    0.3600859622E-03    0.1811733220E+12    0.6129931529E-03
    0.8390000000E+00    0.2076438060E-20    0.1433782510E-21    0.1582851308E-06    0.8533156782E+30    0.3521605058E-05    0.1771857151E+10    0.6423771461E-05
    0.8390000000E+00    0.2224943467E-20    0.1536325639E-21    0.1619720651E-06    0.2078298564E+30    0.9190494117E-06    0.4624096813E+09    0.1796338980E-05
    0.8390000000E+00    0.2384069878E-20    0.1646202581E-21    0.1657448792E-06    0.4807841542E+29    0.2278143462E-06    0.1146223020E+09    0.4771231644E-06
    0.8390000000E+00    0.2554576900E-20    0.1763937846E-21    0.1696055734E-06    0.7277955996E+28    0.3695220421E-07    0.1859209827E+08    0.8292582139E-07
    0.8390000000E+00    0.2737278465E-20    0.1890093455E-21    0.1735561947E-06    0.1373699938E+28    0.7473478723E-08    0.3760199256E+07    0.1797099962E-07
    0.8390000000E+00    0.2933046719E-20    0.2025271626E-21    0.1775988378E-06    0.3368445835E+27    0.1963633769E-08    0.9879809004E+06    0.5059527080E-08
    0.8390000000E+00    0.3142816182E-20    0.2170117645E-21    0.1817356462E-06    0.7439968260E+26    0.4647313890E-09    0.2338245265E+06    0.1283073216E-08
    0.8390000000E+00    0.3367588212E-20    0.2325322952E-21    0.1859688132E-06    0.1764426605E+26    0.1180958188E-09    0.5941862236E+05    0.3493686681E-09
    0.8390000000E+00    0.3608435782E-20    0.2491628434E-21    0.1903005833E-06    0.2246888114E+25    0.1611433436E-10    0.8107751466E+04    0.5108128376E-10
    0.8390000000E+00    0.3866508602E-20    0.2669827968E-21    0.1947332533E-06    0.7347735430E+24    0.5646566330E-11    0.2841008224E+04    0.1917934921E-10
