    0.8560000000E+00    0.4143038610E-23    0.2860772210E-24    0.1992691735E-07    0.0000000000E+00    0.0000000000E+00    0.0000000000E+00    0.0000000000E+00
    0.8560000000E+00    0.4439345853E-23    0.3065372650E-24    0.2039107488E-07    0.0000000000E+00    0.0000000000E+00    0.0000000000E+00    0.0000000000E+00
    0.8560000000E+00    0.4756844785E-23    0.3284605973E-24    0.2086604403E-07    0.0000000000E+00    0.0000000000E+00    0.0000000000E+00    0.0000000000E+00
    0.8560000000E+00    0.5097051019E-23    0.3519518710E-24    0.2135207663E-07    0.0000000000E+00    0.0000000000E+00    0.0000000000E+00    0.0000000000E+00
    0.8560000000E+00    0.5461588566E-23    0.3771232243E-24    0.2184943039E-07    0.0000000000E+00    0.0000000000E+00    0.0000000000E+00    0.0000000000E+00
    0.8560000000E+00    0.5852197586E-23    0.4040948153E-24    0.2235836900E-07    0.0000000000E+00    0.0000000000E+00    0.0000000000E+00    0.0000000000E+00
    0.8560000000E+00    0.6270742692E-23    0.4329953957E-24    0.2287916232E-07    0.0000000000E+00    0.0000000000E+00    0.0000000000E+00    0.0000000000E+00
    0.8560000000E+00    0.6719221852E-23    0.4639629256E-24    0.2341208647E-07    0.0000000000E+00    0.0000000000E+00    0.0000000000E+00    0.0000000000E+00
    0.8560000000E+00    0.7199775931E-23    0.4971452317E-24    0.2395742402E-07    0.0000000000E+00    0.0000000000E+00    0.0000000000E+00    0.0000000000E+00
    0.8560000000E+00    0.7714698903E-23    0.5327007132E-24    0.2451546411E-07    0.0000000000E+00    0.0000000000E+00    0.0000000000E+00    0.0000000000E+00
    0.8560000000E+00    0.8266448809E-23    0.5707990981E-24    0.2508650263E-07    0.0000000000E+00    0.0000000000E+00    0.0000000000E+00    0.0000000000E+00
    0.8560000000E+00    0.8857659485E-23    0.6116222531E-24    0.2567084234E-07    0.0000000000E+00    0.0000000000E+00    0.0000000000E+00    0.0000000000E+00
    0.8560000000E+00    0.9491153137E-23    0.6553650517E-24    0.2626879307E-07    0.0000000000E+00    0.0000000000E+00    0.0000000000E+00    0.0000000000E+00
    0.8560000000E+00    0.1016995382E-22    0.7022363048E-24    0.2688067187E-07    0.0000000000E+00    0.0000000000E+00    0.0000000000E+00    0.0000000000E+00
    0.8560000000E+00    0.1089730185E-22    0.7524597575E-24    0.2750680315E-07    0.0000000000E+00    0.0000000000E+00    0.0000000000E+00    0.0000000000E+00
    0.8560000000E+00    0.1167666930E-22    0.8062751566E-24    0.2814751890E-07    0.0000000000E+00    0.0000000000E+00    0.0000000000E+00    0.0000000000E+00
    0.8560000000E+00    0.1251177658E-22    0.8639393956E-24    0.2880315884E-07    0.0000000000E+00    0.0000000000E+00    0.0000000000E+00    0.0000000000E+00
    0.8560000000E+00    0.1340661015E-22    0.9257277409E-24    0.2947407060E-07    0.0000000000E+00    0.0000000000E+00    0.0000000000E+00    0.0000000000E+00
    0.8560000000E+00    0.1436544159E-22    0.9919351458E-24    0.3016060990E-07    0.0000000000E+00    0.0000000000E+00    0.0000000000E+00    0.0000000000E+00
    0.8560000000E+00    0.1539284799E-22    0.1062877658E-23    0.3086314075E-07    0.0000000000E+00    0.0000000000E+00    0.0000000000E+00    0.0000000000E+00
    0.8560000000E+00    0.1649373379E-22    0.1138893930E-23    0.3158203565E-07    0.0000000000E+00    0.0000000000E+00    0.0000000000E+00    0.0000000000E+00
    0.8560000000E+00    0.1767335417E-22    0.1220346833E-23    0.3231767576E-07    0.0000000000E+00    0.0000000000E+00    0.0000000000E+00    0.0000000000E+00
    0.8560000000E+00    0.1893734018E-22    0.1307625190E-23    0.3307045113E-07    0.0000000000E+00    0.0000000000E+00    0.0000000000E+00    0.0000000000E+00
    0.8560000000E+00    0.2029172559E-22    0.1401145635E-23    0.3384076090E-07    0.0000000000E+00    0.0000000000E+00    0.0000000000E+00    0.0000000000E+00
    0.8560000000E+00    0.2174297571E-22    0.1501354598E-23    0.3462901348E-07    0.0000000000E+00    0.0000000000E+00    0.0000000000E+00    0.0000000000E+00
    0.8560000000E+00    0.2329801823E-22    0.1608730435E-23    0.3543562682E-07    0.0000000000E+00    0.0000000000E+00    0.0000000000E+00    0.0000000000E+00
    0.8560000000E+00    0.2496427630E-22    0.1723785718E-23    0.3626102861E-07    0.0000000000E+00    0.0000000000E+00    0.0000000000E+00    0.0000000000E+00
    0.8560000000E+00    0.2674970400E-22    0.1847069675E-23    0.3710565646E-07    0.0000000000E+00    0.0000000000E+00    0.0000000000E+00    0.0000000000E+00
    0.8560000000E+00    0.2866282424E-22    0.1979170815E-23    0.3796995823E-07   -0.1158025625E-15   -0.6597039637E-53   -0.3319228495E-38   -0.1613117700E-54
    0.8560000000E+00    0.3071276952E-22    0.2120719737E-23    0.3885439218E-07   -0.2077666581E-14   -0.1268255570E-51   -0.6381089485E-37   -0.3322949502E-53
    0.8560000000E+00    0.3290932546E-22    0.2272392139E-23    0.3975942724E-07   -0.2716684593E-13   -0.1776929280E-50   -0.8940425744E-36   -0.4988696770E-52
    0.8560000000E+00    0.3526297755E-22    0.2434912046E-23    0.4068554327E-07   -0.1472185959E-13   -0.1031795419E-50   -0.5191366043E-36   -0.3103920280E-52
    0.8560000000E+00    0.3778496121E-22    0.2609055264E-23    0.4163323131E-07    0.2929736197E-11    0.2200186222E-48    0.1106999685E-33    0.7092125366E-50
    0.8560000000E+00    0.4048731538E-22    0.2795653084E-23    0.4260299385E-07    0.2699722863E-11    0.2172451594E-48    0.1093045310E-33    0.7503555023E-50
    0.8560000000E+00    0.4338294005E-22    0.2995596250E-23    0.4359534505E-07   -0.7103160488E-09   -0.6124667989E-46   -0.3081559856E-31   -0.2266728548E-47
    0.8560000000E+00    0.4648565778E-22    0.3209839213E-23    0.4461081109E-07   -0.1621425749E-08   -0.1498055797E-45   -0.7537304249E-31   -0.5940800285E-47
    0.8560000000E+00    0.4981027973E-22    0.3439404683E-23    0.4564993037E-07    0.8485463782E-07    0.8400526536E-44    0.4226633246E-29    0.3569632206E-45
    0.8560000000E+00    0.5337267633E-22    0.3685388516E-23    0.4671325384E-07    0.4167872104E-06    0.4421252390E-43    0.2224504888E-28    0.2013085732E-44
    0.8560000000E+00    0.5718985306E-22    0.3948964943E-23    0.4780134531E-07   -0.6801960167E-05   -0.7731522217E-42   -0.3890031024E-27   -0.3772089350E-43
    0.8560000000E+00    0.6128003161E-22    0.4231392172E-23    0.4891478167E-07   -0.9930280230E-03   -0.1209462558E-39   -0.6085278864E-25   -0.6322799226E-41
    0.8560000000E+00    0.6566273690E-22    0.4534018400E-23    0.5005415331E-07   -0.6765758802E-01   -0.8829730232E-38   -0.4442582401E-23   -0.4946117148E-39
    0.8560000000E+00    0.7035889022E-22    0.4858288246E-23    0.5122006431E-07   -0.6977915792E-01   -0.9757906402E-38   -0.4909584112E-23   -0.5856978250E-39
    0.8560000000E+00    0.7539090917E-22    0.5205749646E-23    0.5241313287E-07    0.4928355626E+01    0.7384701794E-36    0.3715532114E-21    0.4749522241E-37
    0.8560000000E+00    0.8078281461E-22    0.5578061244E-23    0.5363399157E-07    0.3845935651E+03    0.6174942777E-34    0.3106855067E-19    0.4255493197E-35
    0.8560000000E+00    0.8656034539E-22    0.5977000309E-23    0.5488328773E-07    0.9608714033E+03    0.1653088834E-33    0.8317336055E-19    0.1220711836E-34
    0.8560000000E+00    0.9275108115E-22    0.6404471218E-23    0.5616168372E-07   -0.1027632880E+05   -0.1894387918E-32   -0.9531406064E-18   -0.1498945624E-33
    0.8560000000E+00    0.9938457404E-22    0.6862514550E-23    0.5746985739E-07   -0.6543638874E+06   -0.1292558618E-30   -0.6503367622E-16   -0.1095890623E-31
    0.8560000000E+00    0.1064924897E-21    0.7353316823E-23    0.5880850233E-07   -0.3119081458E+08   -0.6601728212E-29   -0.3321587501E-14   -0.5997560036E-30
    0.8560000000E+00    0.1141087586E-21    0.7879220933E-23    0.6017832832E-07   -0.1332254689E+10   -0.3021469269E-27   -0.1520219287E-12   -0.2941271702E-28
    0.8560000000E+00    0.1222697377E-21    0.8442737340E-23    0.6158006166E-07   -0.3720287672E+11   -0.9040812181E-26   -0.4548785980E-11   -0.9430276144E-27
    0.8560000000E+00    0.1310143844E-21    0.9046556049E-23    0.6301444556E-07   -0.5039310464E+11   -0.1312206061E-25   -0.6602221583E-11   -0.1466624726E-26
    0.8560000000E+00    0.1403844422E-21    0.9693559452E-23    0.6448224056E-07    0.5966210919E+12    0.1664675265E-24    0.8375631918E-10    0.1993638857E-25
    0.8560000000E+00    0.1504246400E-21    0.1038683609E-22    0.6598422489E-07    0.2040143587E+14    0.6099463804E-23    0.3068878645E-08    0.7827239480E-24
    0.8560000000E+00    0.1611829057E-21    0.1112969539E-22    0.6752119493E-07    0.5205452672E+15    0.1667590553E-21    0.8390299871E-07    0.2293012326E-22
    0.8560000000E+00    0.1727105951E-21    0.1192568347E-22    0.6909396560E-07    0.1194130493E+17    0.4099045248E-20    0.2062389881E-05    0.6039481782E-21
    0.8560000000E+00    0.1850627369E-21    0.1277860007E-22    0.7070337081E-07    0.9158041445E+17    0.3368476552E-19    0.1694812214E-04    0.5318026434E-20
    0.8560000000E+00    0.1982982953E-21    0.1369251667E-22    0.7235026388E-07    0.5826831557E+17    0.2296483807E-19    0.1155450765E-04    0.3884904531E-20
    0.8560000000E+00    0.2124804516E-21    0.1467179595E-22    0.7403551802E-07   -0.1411007584E+19   -0.5958820071E-18   -0.2998115286E-03   -0.1080133001E-18
    0.8560000000E+00    0.2276769058E-21    0.1572111260E-22    0.7576002677E-07   -0.2620549820E+20   -0.1185832488E-16   -0.5966386745E-02   -0.2303245905E-17
    0.8560000000E+00    0.2439602000E-21    0.1684547565E-22    0.7752470448E-07   -0.3830849900E+21   -0.1857488184E-15   -0.9345749076E-01   -0.3865832411E-16
    0.8560000000E+00    0.2614080640E-21    0.1805025236E-22    0.7933048683E-07   -0.5061216620E+22   -0.2629576739E-14   -0.1323042838E+01   -0.5864119510E-15
    0.8560000000E+00    0.2801037871E-21    0.1934119387E-22    0.8117833125E-07   -0.6151351364E+23   -0.3424533811E-13   -0.1723016813E+02   -0.8183110612E-14
    0.8560000000E+00    0.3001366153E-21    0.2072446262E-22    0.8306921749E-07   -0.6806461976E+24   -0.4060245995E-12   -0.2042868460E+03   -0.1039607275E-12
    0.8560000000E+00    0.3216021775E-21    0.2220666179E-22    0.8500414813E-07   -0.1853176550E+25   -0.1184534516E-11   -0.5959856140E+03   -0.3249860230E-12
    0.8560000000E+00    0.3446029418E-21    0.2379486681E-22    0.8698414910E-07   -0.1021810612E+25   -0.6998441435E-12   -0.3521189429E+03   -0.2057397917E-12
    0.8560000000E+00    0.3692487048E-21    0.2549665916E-22    0.8901027021E-07    0.1288204001E+26    0.9453999338E-11    0.4756676589E+04    0.2978053742E-11
    0.8560000000E+00    0.3956571157E-21    0.2732016250E-22    0.9108358575E-07    0.1404584351E+27    0.1104533136E-09    0.5557337929E+05    0.3728170043E-10
    0.8560000000E+00    0.4239542377E-21    0.2927408154E-22    0.9320519501E-07    0.1131487945E+28    0.9534125300E-09    0.4796991092E+06    0.3448242644E-09
    0.8560000000E+00    0.4542751502E-21    0.3136774352E-22    0.9537622289E-07    0.8132680945E+28    0.7342850036E-08    0.3694474858E+07    0.2845650909E-08
    0.8560000000E+00    0.4867645933E-21    0.3361114274E-22    0.9759782052E-07    0.5387090030E+29    0.5211768991E-07    0.2622244688E+08    0.2164223561E-07
    0.8560000000E+00    0.5215776589E-21    0.3601498832E-22    0.9987116580E-07    0.3315767702E+30    0.3437280868E-06    0.1729430355E+09    0.1529438379E-06
    0.8560000000E+00    0.5588805307E-21    0.3859075526E-22    0.1021974641E-06    0.1902108316E+31    0.2112837849E-05    0.1063051305E+10    0.1007356357E-05
    0.8560000000E+00    0.5988512779E-21    0.4135073927E-22    0.1045779488E-06    0.1018634036E+32    0.1212408876E-04    0.6100102941E+10    0.6193926826E-05
    0.8560000000E+00    0.6416807053E-21    0.4430811541E-22    0.1070138822E-06    0.5097821189E+32    0.6501529269E-04    0.3271173496E+11    0.3559036855E-04
    0.8560000000E+00    0.6875732635E-21    0.4747700104E-22    0.1095065557E-06    0.2385362676E+33    0.3259757877E-03    0.1640111600E+12    0.1912063480E-03
    0.8560000000E+00    0.7367480256E-21    0.5087252317E-22    0.1120572911E-06    0.1043442946E+34    0.1527916537E-02    0.7687545303E+12    0.9603213727E-03
    0.8560000000E+00    0.7894397325E-21    0.5451089068E-22    0.1146674407E-06    0.4263294221E+34    0.6689231549E-02    0.3365613850E+13    0.4504983375E-02
    0.8560000000E+00    0.8458999137E-21    0.5840947171E-22    0.1173383885E-06    0.1557747180E+35    0.2618954164E-01    0.1317698205E+14    0.1889926266E-01
    0.8560000000E+00    0.9063980879E-21    0.6258687655E-22    0.1200715507E-06    0.3605914929E+35    0.6496005747E-01    0.3268394396E+14    0.5023002146E-01
    0.8560000000E+00    0.9712230494E-21    0.6706304648E-22    0.1228683764E-06    0.5647869329E+35    0.1090223563E+00    0.5485340872E+14    0.9033010754E-01
    0.8560000000E+00    0.1040684247E-20    0.7185934897E-22    0.1257303485E-06    0.6733838864E+35    0.1392815668E+00    0.7007800028E+14    0.1236546940E+00
    0.8560000000E+00    0.1115113261E-20    0.7699867968E-22    0.1286589846E-06    0.6782626222E+35    0.1503241679E+00    0.7563396447E+14    0.1430032052E+00
    0.8560000000E+00    0.1194865387E-20    0.8250557175E-22    0.1316558373E-06    0.6546428405E+35    0.1554659720E+00    0.7822100711E+14    0.1584719163E+00
    0.8560000000E+00    0.1280321329E-20    0.8840631292E-22    0.1347224957E-06    0.5463884010E+35    0.1390376425E+00    0.6995527240E+14    0.1518620851E+00
    0.8560000000E+00    0.1371889021E-20    0.9472907100E-22    0.1378605858E-06    0.3669779508E+35    0.1000623954E+00    0.5034530218E+14    0.1171083490E+00
    0.8560000000E+00    0.1470005571E-20    0.1015040283E-21    0.1410717713E-06    0.2044976253E+35    0.5974742504E-01    0.3006126484E+14    0.7492662251E-01
    0.8560000000E+00    0.1575139348E-20    0.1087635259E-21    0.1443577550E-06    0.9541728470E+34    0.2987156508E-01    0.1502955196E+14    0.4013977564E-01
    0.8560000000E+00    0.1687792220E-20    0.1165422177E-21    0.1477202791E-06    0.3707348918E+34    0.1243639151E-01    0.6257234661E+13    0.1790652646E-01
    0.8560000000E+00    0.1808501947E-20    0.1248772362E-21    0.1511611264E-06    0.1166654007E+34    0.4193464789E-02    0.2109896043E+13    0.6469786718E-02
    0.8560000000E+00    0.1937844750E-20    0.1338083694E-21    0.1546821213E-06    0.2021596934E+33    0.7786198910E-03    0.3917541006E+12    0.1287189408E-02
    0.8560000000E+00    0.2076438060E-20    0.1433782510E-21    0.1582851308E-06    0.1095193216E+31    0.4519825509E-05    0.2274100877E+10    0.8006424858E-05
    0.8560000000E+00    0.2224943467E-20    0.1536325639E-21    0.1619720651E-06    0.2659529516E+30    0.1176076950E-05    0.5917302823E+09    0.2232300732E-05
    0.8560000000E+00    0.2384069878E-20    0.1646202581E-21    0.1657448792E-06    0.6244309430E+29    0.2958798159E-06    0.1488687002E+09    0.6017724525E-06
    0.8560000000E+00    0.2554576900E-20    0.1763937846E-21    0.1696055734E-06    0.9663216728E+28    0.4906283551E-07    0.2468543023E+08    0.1069226237E-06
    0.8560000000E+00    0.2737278465E-20    0.1890093455E-21    0.1735561947E-06    0.1719003346E+28    0.9352067783E-08    0.4705390840E+07    0.2183859072E-07
    0.8560000000E+00    0.2933046719E-20    0.2025271626E-21    0.1775988378E-06    0.4213987174E+27    0.2456541658E-08    0.1235982125E+07    0.6146686969E-08
    0.8560000000E+00    0.3142816182E-20    0.2170117645E-21    0.1817356462E-06    0.9300683401E+26    0.5809594026E-09    0.2923033830E+06    0.1557624423E-08
    0.8560000000E+00    0.3367588212E-20    0.2325322952E-21    0.1859688132E-06    0.2215092701E+26    0.1482596020E-09    0.7459520067E+05    0.4259315327E-09
    0.8560000000E+00    0.3608435782E-20    0.2491628434E-21    0.1903005833E-06    0.2951801473E+25    0.2116986405E-10    0.1065138606E+05    0.6516809597E-10
    0.8560000000E+00    0.3866508602E-20    0.2669827968E-21    0.1947332533E-06    0.9648647996E+24    0.7414764920E-11    0.3730658047E+04    0.2445762883E-10
