    0.8850000000E+00    0.4143038610E-23    0.2860772210E-24    0.1992691735E-07    0.0000000000E+00    0.0000000000E+00    0.0000000000E+00    0.0000000000E+00
    0.8850000000E+00    0.4439345853E-23    0.3065372650E-24    0.2039107488E-07    0.0000000000E+00    0.0000000000E+00    0.0000000000E+00    0.0000000000E+00
    0.8850000000E+00    0.4756844785E-23    0.3284605973E-24    0.2086604403E-07    0.0000000000E+00    0.0000000000E+00    0.0000000000E+00    0.0000000000E+00
    0.8850000000E+00    0.5097051019E-23    0.3519518710E-24    0.2135207663E-07    0.0000000000E+00    0.0000000000E+00    0.0000000000E+00    0.0000000000E+00
    0.8850000000E+00    0.5461588566E-23    0.3771232243E-24    0.2184943039E-07    0.0000000000E+00    0.0000000000E+00    0.0000000000E+00    0.0000000000E+00
    0.8850000000E+00    0.5852197586E-23    0.4040948153E-24    0.2235836900E-07    0.0000000000E+00    0.0000000000E+00    0.0000000000E+00    0.0000000000E+00
    0.8850000000E+00    0.6270742692E-23    0.4329953957E-24    0.2287916232E-07    0.0000000000E+00    0.0000000000E+00    0.0000000000E+00    0.0000000000E+00
    0.8850000000E+00    0.6719221852E-23    0.4639629256E-24    0.2341208647E-07    0.0000000000E+00    0.0000000000E+00    0.0000000000E+00    0.0000000000E+00
    0.8850000000E+00    0.7199775931E-23    0.4971452317E-24    0.2395742402E-07    0.0000000000E+00    0.0000000000E+00    0.0000000000E+00    0.0000000000E+00
    0.8850000000E+00    0.7714698903E-23    0.5327007132E-24    0.2451546411E-07    0.0000000000E+00    0.0000000000E+00    0.0000000000E+00    0.0000000000E+00
    0.8850000000E+00    0.8266448809E-23    0.5707990981E-24    0.2508650263E-07    0.0000000000E+00    0.0000000000E+00    0.0000000000E+00    0.0000000000E+00
    0.8850000000E+00    0.8857659485E-23    0.6116222531E-24    0.2567084234E-07    0.0000000000E+00    0.0000000000E+00    0.0000000000E+00    0.0000000000E+00
    0.8850000000E+00    0.9491153137E-23    0.6553650517E-24    0.2626879307E-07    0.0000000000E+00    0.0000000000E+00    0.0000000000E+00    0.0000000000E+00
    0.8850000000E+00    0.1016995382E-22    0.7022363048E-24    0.2688067187E-07    0.0000000000E+00    0.0000000000E+00    0.0000000000E+00    0.0000000000E+00
    0.8850000000E+00    0.1089730185E-22    0.7524597575E-24    0.2750680315E-07    0.0000000000E+00    0.0000000000E+00    0.0000000000E+00    0.0000000000E+00
    0.8850000000E+00    0.1167666930E-22    0.8062751566E-24    0.2814751890E-07    0.0000000000E+00    0.0000000000E+00    0.0000000000E+00    0.0000000000E+00
    0.8850000000E+00    0.1251177658E-22    0.8639393956E-24    0.2880315884E-07    0.0000000000E+00    0.0000000000E+00    0.0000000000E+00    0.0000000000E+00
    0.8850000000E+00    0.1340661015E-22    0.9257277409E-24    0.2947407060E-07    0.0000000000E+00    0.0000000000E+00    0.0000000000E+00    0.0000000000E+00
    0.8850000000E+00    0.1436544159E-22    0.9919351458E-24    0.3016060990E-07    0.0000000000E+00    0.0000000000E+00    0.0000000000E+00    0.0000000000E+00
    0.8850000000E+00    0.1539284799E-22    0.1062877658E-23    0.3086314075E-07    0.0000000000E+00    0.0000000000E+00    0.0000000000E+00    0.0000000000E+00
    0.8850000000E+00    0.1649373379E-22    0.1138893930E-23    0.3158203565E-07    0.0000000000E+00    0.0000000000E+00    0.0000000000E+00    0.0000000000E+00
    0.8850000000E+00    0.1767335417E-22    0.1220346833E-23    0.3231767576E-07    0.0000000000E+00    0.0000000000E+00    0.0000000000E+00    0.0000000000E+00
    0.8850000000E+00    0.1893734018E-22    0.1307625190E-23    0.3307045113E-07    0.0000000000E+00    0.0000000000E+00    0.0000000000E+00    0.0000000000E+00
    0.8850000000E+00    0.2029172559E-22    0.1401145635E-23    0.3384076090E-07    0.0000000000E+00    0.0000000000E+00    0.0000000000E+00    0.0000000000E+00
    0.8850000000E+00    0.2174297571E-22    0.1501354598E-23    0.3462901348E-07    0.0000000000E+00    0.0000000000E+00    0.0000000000E+00    0.0000000000E+00
    0.8850000000E+00    0.2329801823E-22    0.1608730435E-23    0.3543562682E-07    0.0000000000E+00    0.0000000000E+00    0.0000000000E+00    0.0000000000E+00
    0.8850000000E+00    0.2496427630E-22    0.1723785718E-23    0.3626102861E-07    0.0000000000E+00    0.0000000000E+00    0.0000000000E+00    0.0000000000E+00
    0.8850000000E+00    0.2674970400E-22    0.1847069675E-23    0.3710565646E-07    0.0000000000E+00    0.0000000000E+00    0.0000000000E+00    0.0000000000E+00
    0.8850000000E+00    0.2866282424E-22    0.1979170815E-23    0.3796995823E-07    0.0000000000E+00    0.0000000000E+00    0.0000000000E+00    0.0000000000E+00
    0.8850000000E+00    0.3071276952E-22    0.2120719737E-23    0.3885439218E-07   -0.2478604890E-15   -0.1512997554E-52   -0.7612482072E-38   -0.3797732544E-54
    0.8850000000E+00    0.3290932546E-22    0.2272392139E-23    0.3975942724E-07   -0.1755636902E-14   -0.1148327128E-51   -0.5777682618E-37   -0.3088529649E-53
    0.8850000000E+00    0.3526297755E-22    0.2434912046E-23    0.4068554327E-07   -0.8464186227E-14   -0.5932204773E-51   -0.2984724089E-36   -0.1709630607E-52
    0.8850000000E+00    0.3778496121E-22    0.2609055264E-23    0.4163323131E-07    0.5896760831E-13    0.4428375479E-50    0.2228088792E-35    0.1367510242E-51
    0.8850000000E+00    0.4048731538E-22    0.2795653084E-23    0.4260299385E-07    0.9998690505E-12    0.8045889236E-49    0.4048201359E-34    0.2662319663E-50
    0.8850000000E+00    0.4338294005E-22    0.2995596250E-23    0.4359534505E-07   -0.1048489977E-10   -0.9040557381E-48   -0.4548657781E-33   -0.3205393539E-49
    0.8850000000E+00    0.4648565778E-22    0.3209839213E-23    0.4461081109E-07   -0.3656911473E-09   -0.3378666851E-46   -0.1699939353E-31   -0.1283605358E-47
    0.8850000000E+00    0.4981027973E-22    0.3439404683E-23    0.4564993037E-07    0.1039716835E-08    0.1029309545E-45    0.5178858638E-31    0.4190174891E-47
    0.8850000000E+00    0.5337267633E-22    0.3685388516E-23    0.4671325384E-07    0.7902824443E-07    0.8383266228E-44    0.4217948911E-29    0.3656784846E-45
    0.8850000000E+00    0.5718985306E-22    0.3948964943E-23    0.4780134531E-07   -0.2867414294E-07   -0.3259277735E-44   -0.1639870021E-29   -0.1523377441E-45
    0.8850000000E+00    0.6128003161E-22    0.4231392172E-23    0.4891478167E-07   -0.2556193388E-04   -0.3113326233E-41   -0.1566436116E-26   -0.1559232151E-42
    0.8850000000E+00    0.6566273690E-22    0.4534018400E-23    0.5005415331E-07   -0.3271085480E-02   -0.4268967192E-39   -0.2147884252E-24   -0.2290914955E-40
    0.8850000000E+00    0.7035889022E-22    0.4858288246E-23    0.5122006431E-07   -0.3290936488E-01   -0.4602040378E-38   -0.2315466391E-23   -0.2646284756E-39
    0.8850000000E+00    0.7539090917E-22    0.5205749646E-23    0.5241313287E-07    0.1165435037E+00    0.1746300563E-37    0.8786320698E-23    0.1075982342E-38
    0.8850000000E+00    0.8078281461E-22    0.5578061244E-23    0.5363399157E-07    0.1485506593E+02    0.2385094043E-35    0.1200034037E-20    0.1574677630E-36
    0.8850000000E+00    0.8656034539E-22    0.5977000309E-23    0.5488328773E-07    0.3031135163E+03    0.5214782825E-34    0.2623761066E-19    0.3689116556E-35
    0.8850000000E+00    0.9275108115E-22    0.6404471218E-23    0.5616168372E-07    0.9198042947E+01    0.1695611514E-35    0.8531284278E-21    0.1285323675E-36
    0.8850000000E+00    0.9938457404E-22    0.6862514550E-23    0.5746985739E-07   -0.3057828319E+05   -0.6040098518E-32   -0.3039009650E-17   -0.4906029694E-33
    0.8850000000E+00    0.1064924897E-21    0.7353316823E-23    0.5880850233E-07   -0.1630050504E+07   -0.3450102392E-30   -0.1735881365E-15   -0.3002742801E-31
    0.8850000000E+00    0.1141087586E-21    0.7879220933E-23    0.6017832832E-07   -0.7553326786E+08   -0.1713046683E-28   -0.8619007428E-14   -0.1597553270E-29
    0.8850000000E+00    0.1222697377E-21    0.8442737340E-23    0.6158006166E-07   -0.3157273273E+10   -0.7672609535E-27   -0.3860389751E-12   -0.7667066805E-28
    0.8850000000E+00    0.1310143844E-21    0.9046556049E-23    0.6301444556E-07   -0.2641246840E+11   -0.6877647520E-26   -0.3460413289E-11   -0.7364208307E-27
    0.8850000000E+00    0.1403844422E-21    0.9693559452E-23    0.6448224056E-07    0.5832777320E+10    0.1627445000E-26    0.8188311905E-12    0.1867207016E-27
    0.8850000000E+00    0.1504246400E-21    0.1038683609E-22    0.6598422489E-07    0.1508428082E+13    0.4509781834E-24    0.2269047511E-09    0.5544235676E-25
    0.8850000000E+00    0.1611829057E-21    0.1112969539E-22    0.6752119493E-07    0.4335949967E+14    0.1389041388E-22    0.6988810146E-08    0.1829790364E-23
    0.8850000000E+00    0.1727105951E-21    0.1192568347E-22    0.6909396560E-07    0.1074310255E+16    0.3687742981E-21    0.1855447634E-06    0.5205312355E-22
    0.8850000000E+00    0.1850627369E-21    0.1277860007E-22    0.7070337081E-07    0.2330301999E+17    0.8571229654E-20    0.4312520657E-05    0.1296370924E-20
    0.8850000000E+00    0.1982982953E-21    0.1369251667E-22    0.7235026388E-07    0.5829447821E+17    0.2297514935E-19    0.1155969565E-04    0.3723441144E-20
    0.8850000000E+00    0.2124804516E-21    0.1467179595E-22    0.7403551802E-07   -0.7461555656E+17   -0.3151086366E-19   -0.1585434715E-04   -0.5472004639E-20
    0.8850000000E+00    0.2276769058E-21    0.1572111260E-22    0.7576002677E-07   -0.2986074680E+19   -0.1351237187E-17   -0.6798602438E-03   -0.2514303727E-18
    0.8850000000E+00    0.2439602000E-21    0.1684547565E-22    0.7752470448E-07   -0.4902463959E+20   -0.2377088404E-16   -0.1196006088E-01   -0.4739488608E-17
    0.8850000000E+00    0.2614080640E-21    0.1805025236E-22    0.7933048683E-07   -0.6974872051E+21   -0.3623824602E-15   -0.1823287799E+00   -0.7742002715E-16
    0.8850000000E+00    0.2801037871E-21    0.1934119387E-22    0.8117833125E-07   -0.9071976284E+22   -0.5050482029E-14   -0.2541094914E+01   -0.1156162770E-14
    0.8850000000E+00    0.3001366153E-21    0.2072446262E-22    0.8306921749E-07   -0.1088158067E+24   -0.6491168906E-13   -0.3265960792E+02   -0.1592241944E-13
    0.8850000000E+00    0.3216021775E-21    0.2220666179E-22    0.8500414813E-07   -0.9075790691E+24   -0.5801167368E-12   -0.2918794049E+03   -0.1524760194E-12
    0.8850000000E+00    0.3446029418E-21    0.2379486681E-22    0.8698414910E-07   -0.1331325170E+25   -0.9118324984E-12   -0.4587785701E+03   -0.2568036647E-12
    0.8850000000E+00    0.3692487048E-21    0.2549665916E-22    0.8901027021E-07    0.7382573462E+24    0.5417996262E-12    0.2726005689E+03    0.1635026708E-12
    0.8850000000E+00    0.3956571157E-21    0.2732016250E-22    0.9108358575E-07    0.2561163655E+26    0.2014040753E-10    0.1013342624E+05    0.6512599991E-11
    0.8850000000E+00    0.4239542377E-21    0.2927408154E-22    0.9320519501E-07    0.2396849879E+27    0.2019629743E-09    0.1016154663E+06    0.6997741704E-10
    0.8850000000E+00    0.4542751502E-21    0.3136774352E-22    0.9537622289E-07    0.1863323152E+28    0.1682360659E-08    0.8464614047E+06    0.6246047091E-09
    0.8850000000E+00    0.4867645933E-21    0.3361114274E-22    0.9759782052E-07    0.1316540427E+29    0.1273694060E-07    0.6408452655E+07    0.5067004309E-08
    0.8850000000E+00    0.5215776589E-21    0.3601498832E-22    0.9987116580E-07    0.8609961997E+29    0.8925491864E-07    0.4490763821E+08    0.3804681517E-07
    0.8850000000E+00    0.5588805307E-21    0.3859075526E-22    0.1021974641E-06    0.5239129911E+30    0.5819559212E-06    0.2928047705E+09    0.2658130151E-06
    0.8850000000E+00    0.5988512779E-21    0.4135073927E-22    0.1045779488E-06    0.2972802378E+31    0.3538318830E-05    0.1780266503E+10    0.1731741696E-05
    0.8850000000E+00    0.6416807053E-21    0.4430811541E-22    0.1070138822E-06    0.1574960452E+32    0.2008632923E-04    0.1010621734E+11    0.1053384023E-04
    0.8850000000E+00    0.6875732635E-21    0.4747700104E-22    0.1095065557E-06    0.7796050418E+32    0.1065382510E-03    0.5360355828E+11    0.5986758137E-04
    0.8850000000E+00    0.7367480256E-21    0.5087252317E-22    0.1120572911E-06    0.3606068152E+33    0.5280376069E-03    0.2656763591E+12    0.3179442714E-03
    0.8850000000E+00    0.7894397325E-21    0.5451089068E-22    0.1146674407E-06    0.1557793726E+34    0.2444223269E-02    0.1229784262E+13    0.1576983046E-02
    0.8850000000E+00    0.8458999137E-21    0.5840947171E-22    0.1173383885E-06    0.6276997264E+34    0.1055316828E-01    0.5309711444E+13    0.7295734371E-02
    0.8850000000E+00    0.9063980879E-21    0.6258687655E-22    0.1200715507E-06    0.2081385294E+35    0.3749586748E-01    0.1886563650E+14    0.2777599055E-01
    0.8850000000E+00    0.9712230494E-21    0.6706304648E-22    0.1228683764E-06    0.4193576838E+35    0.8094975316E-01    0.4072898484E+14    0.6425422341E-01
    0.8850000000E+00    0.1040684247E-20    0.7185934897E-22    0.1257303485E-06    0.5969751059E+35    0.1234773059E+00    0.6212625887E+14    0.1050203099E+00
    0.8850000000E+00    0.1115113261E-20    0.7699867968E-22    0.1286589846E-06    0.6586551588E+35    0.1459785420E+00    0.7344751023E+14    0.1330378359E+00
    0.8850000000E+00    0.1194865387E-20    0.8250557175E-22    0.1316558373E-06    0.6531971509E+35    0.1551226466E+00    0.7804826666E+14    0.1514821135E+00
    0.8850000000E+00    0.1280321329E-20    0.8840631292E-22    0.1347224957E-06    0.6080259206E+35    0.1547223374E+00    0.7784685550E+14    0.1618971367E+00
    0.8850000000E+00    0.1371889021E-20    0.9472907100E-22    0.1378605858E-06    0.4650334471E+35    0.1267987914E+00    0.6379742807E+14    0.1421678070E+00
    0.8850000000E+00    0.1470005571E-20    0.1015040283E-21    0.1410717713E-06    0.2886292317E+35    0.8432789065E-01    0.4242865785E+14    0.1013111832E+00
    0.8850000000E+00    0.1575139348E-20    0.1087635259E-21    0.1443577550E-06    0.1482745173E+35    0.4641917771E-01    0.2335530266E+14    0.5975628544E-01
    0.8850000000E+00    0.1687792220E-20    0.1165422177E-21    0.1477202791E-06    0.6302543144E+34    0.2114203324E-01    0.1063738329E+14    0.2916304725E-01
    0.8850000000E+00    0.1808501947E-20    0.1248772362E-21    0.1511611264E-06    0.2182203430E+34    0.7843793612E-02    0.3946519151E+13    0.1159343972E-01
    0.8850000000E+00    0.1937844750E-20    0.1338083694E-21    0.1546821213E-06    0.5229987414E+33    0.2014334391E-02    0.1013490365E+13    0.3190198583E-02
    0.8850000000E+00    0.2076438060E-20    0.1433782510E-21    0.1582851308E-06    0.1188015851E+32    0.4902901398E-04    0.2466841330E+11    0.8320306203E-04
    0.8850000000E+00    0.2224943467E-20    0.1536325639E-21    0.1619720651E-06    0.3826827802E+30    0.1692270736E-05    0.8514475520E+09    0.3077201919E-05
    0.8850000000E+00    0.2384069878E-20    0.1646202581E-21    0.1657448792E-06    0.9140410725E+29    0.4331084282E-06    0.2179137789E+09    0.8438840633E-06
    0.8850000000E+00    0.2554576900E-20    0.1763937846E-21    0.1696055734E-06    0.1509110973E+29    0.7662175600E-07    0.3855140031E+08    0.1599698918E-06
    0.8850000000E+00    0.2737278465E-20    0.1890093455E-21    0.1735561947E-06    0.2397466301E+28    0.1304317843E-07    0.6562532876E+07    0.2917894501E-07
    0.8850000000E+00    0.2933046719E-20    0.2025271626E-21    0.1775988378E-06    0.5875324689E+27    0.3425017509E-08    0.1723260180E+07    0.8210109439E-08
    0.8850000000E+00    0.3142816182E-20    0.2170117645E-21    0.1817356462E-06    0.1294499705E+27    0.8085984037E-09    0.4068374620E+06    0.2076916468E-08
    0.8850000000E+00    0.3367588212E-20    0.2325322952E-21    0.1859688132E-06    0.3096812012E+26    0.2072744478E-09    0.1042878763E+06    0.5704688262E-09
    0.8850000000E+00    0.3608435782E-20    0.2491628434E-21    0.1903005833E-06    0.4371199764E+25    0.3134956927E-10    0.1577319364E+05    0.9245230180E-10
    0.8850000000E+00    0.3866508602E-20    0.2669827968E-21    0.1947332533E-06    0.1441708118E+25    0.1107919657E-10    0.5574376840E+04    0.3501018600E-10
