    0.8180000000E+00    0.4143038610E-23    0.2860772210E-24    0.1992691735E-07    0.0000000000E+00    0.0000000000E+00    0.0000000000E+00    0.0000000000E+00
    0.8180000000E+00    0.4439345853E-23    0.3065372650E-24    0.2039107488E-07    0.0000000000E+00    0.0000000000E+00    0.0000000000E+00    0.0000000000E+00
    0.8180000000E+00    0.4756844785E-23    0.3284605973E-24    0.2086604403E-07    0.0000000000E+00    0.0000000000E+00    0.0000000000E+00    0.0000000000E+00
    0.8180000000E+00    0.5097051019E-23    0.3519518710E-24    0.2135207663E-07    0.0000000000E+00    0.0000000000E+00    0.0000000000E+00    0.0000000000E+00
    0.8180000000E+00    0.5461588566E-23    0.3771232243E-24    0.2184943039E-07    0.0000000000E+00    0.0000000000E+00    0.0000000000E+00    0.0000000000E+00
    0.8180000000E+00    0.5852197586E-23    0.4040948153E-24    0.2235836900E-07    0.0000000000E+00    0.0000000000E+00    0.0000000000E+00    0.0000000000E+00
    0.8180000000E+00    0.6270742692E-23    0.4329953957E-24    0.2287916232E-07    0.0000000000E+00    0.0000000000E+00    0.0000000000E+00    0.0000000000E+00
    0.8180000000E+00    0.6719221852E-23    0.4639629256E-24    0.2341208647E-07    0.0000000000E+00    0.0000000000E+00    0.0000000000E+00    0.0000000000E+00
    0.8180000000E+00    0.7199775931E-23    0.4971452317E-24    0.2395742402E-07    0.0000000000E+00    0.0000000000E+00    0.0000000000E+00    0.0000000000E+00
    0.8180000000E+00    0.7714698903E-23    0.5327007132E-24    0.2451546411E-07    0.0000000000E+00    0.0000000000E+00    0.0000000000E+00    0.0000000000E+00
    0.8180000000E+00    0.8266448809E-23    0.5707990981E-24    0.2508650263E-07    0.0000000000E+00    0.0000000000E+00    0.0000000000E+00    0.0000000000E+00
    0.8180000000E+00    0.8857659485E-23    0.6116222531E-24    0.2567084234E-07    0.0000000000E+00    0.0000000000E+00    0.0000000000E+00    0.0000000000E+00
    0.8180000000E+00    0.9491153137E-23    0.6553650517E-24    0.2626879307E-07    0.0000000000E+00    0.0000000000E+00    0.0000000000E+00    0.0000000000E+00
    0.8180000000E+00    0.1016995382E-22    0.7022363048E-24    0.2688067187E-07    0.0000000000E+00    0.0000000000E+00    0.0000000000E+00    0.0000000000E+00
    0.8180000000E+00    0.1089730185E-22    0.7524597575E-24    0.2750680315E-07    0.0000000000E+00    0.0000000000E+00    0.0000000000E+00    0.0000000000E+00
    0.8180000000E+00    0.1167666930E-22    0.8062751566E-24    0.2814751890E-07    0.0000000000E+00    0.0000000000E+00    0.0000000000E+00    0.0000000000E+00
    0.8180000000E+00    0.1251177658E-22    0.8639393956E-24    0.2880315884E-07    0.0000000000E+00    0.0000000000E+00    0.0000000000E+00    0.0000000000E+00
    0.8180000000E+00    0.1340661015E-22    0.9257277409E-24    0.2947407060E-07    0.0000000000E+00    0.0000000000E+00    0.0000000000E+00    0.0000000000E+00
    0.8180000000E+00    0.1436544159E-22    0.9919351458E-24    0.3016060990E-07    0.0000000000E+00    0.0000000000E+00    0.0000000000E+00    0.0000000000E+00
    0.8180000000E+00    0.1539284799E-22    0.1062877658E-23    0.3086314075E-07    0.0000000000E+00    0.0000000000E+00    0.0000000000E+00    0.0000000000E+00
    0.8180000000E+00    0.1649373379E-22    0.1138893930E-23    0.3158203565E-07    0.0000000000E+00    0.0000000000E+00    0.0000000000E+00    0.0000000000E+00
    0.8180000000E+00    0.1767335417E-22    0.1220346833E-23    0.3231767576E-07   -0.1218222345E-15   -0.4279149751E-53   -0.2153007496E-38   -0.6924561667E-55
    0.8180000000E+00    0.1893734018E-22    0.1307625190E-23    0.3307045113E-07   -0.2256533009E-15   -0.8493224714E-53   -0.4273273322E-38   -0.1472676704E-54
    0.8180000000E+00    0.2029172559E-22    0.1401145635E-23    0.3384076090E-07   -0.3056922430E-15   -0.1232864486E-52   -0.6203023112E-38   -0.2290604685E-54
    0.8180000000E+00    0.2174297571E-22    0.1501354598E-23    0.3462901348E-07   -0.1509711258E-15   -0.6524163219E-53   -0.3282561521E-38   -0.1298851857E-54
    0.8180000000E+00    0.2329801823E-22    0.1608730435E-23    0.3543562682E-07    0.1271699526E-14    0.5888645814E-52    0.2962807874E-37    0.1256175259E-53
    0.8180000000E+00    0.2496427630E-22    0.1723785718E-23    0.3626102861E-07    0.2155952643E-14    0.1069720062E-51    0.5382179748E-37    0.2445146828E-53
    0.8180000000E+00    0.2674970400E-22    0.1847069675E-23    0.3710565646E-07   -0.6232286559E-14   -0.3313434103E-51   -0.1667118207E-36   -0.8115459971E-53
    0.8180000000E+00    0.2866282424E-22    0.1979170815E-23    0.3796995823E-07   -0.1093882357E-12   -0.6231628308E-50   -0.3135375773E-35   -0.1635446507E-51
    0.8180000000E+00    0.3071276952E-22    0.2120719737E-23    0.3885439218E-07   -0.1841910195E-12   -0.1124344437E-49   -0.5657016328E-35   -0.3161798417E-51
    0.8180000000E+00    0.3290932546E-22    0.2272392139E-23    0.3975942724E-07    0.3903987460E-12    0.2553520436E-49    0.1284775939E-34    0.7694389022E-51
    0.8180000000E+00    0.3526297755E-22    0.2434912046E-23    0.4068554327E-07    0.2791718876E-10    0.1956602513E-47    0.9844432005E-33    0.6317385934E-49
    0.8180000000E+00    0.3778496121E-22    0.2609055264E-23    0.4163323131E-07    0.4583028890E-10    0.3441783267E-47    0.1731695688E-32    0.1190743778E-48
    0.8180000000E+00    0.4048731538E-22    0.2795653084E-23    0.4260299385E-07   -0.2653479290E-08   -0.2135239654E-45   -0.1074322529E-30   -0.7915556049E-47
    0.8180000000E+00    0.4338294005E-22    0.2995596250E-23    0.4359534505E-07   -0.2121064869E-07   -0.1828878585E-44   -0.9201803003E-30   -0.7264733326E-46
    0.8180000000E+00    0.4648565778E-22    0.3209839213E-23    0.4461081109E-07    0.2567493006E-06    0.2372139325E-43    0.1193516012E-28    0.1009659638E-44
    0.8180000000E+00    0.4981027973E-22    0.3439404683E-23    0.4564993037E-07    0.3817147146E-05    0.3778938514E-42    0.1901331671E-27    0.1723473570E-43
    0.8180000000E+00    0.5337267633E-22    0.3685388516E-23    0.4671325384E-07   -0.1826558386E-04   -0.1937601594E-41   -0.9748830954E-27   -0.9468894660E-43
    0.8180000000E+00    0.5718985306E-22    0.3948964943E-23    0.4780134531E-07   -0.3186700613E-02   -0.3622198011E-39   -0.1822469398E-24   -0.1896736449E-40
    0.8180000000E+00    0.6128003161E-22    0.4231392172E-23    0.4891478167E-07   -0.3189113652E+00   -0.3884194068E-37   -0.1954289854E-22   -0.2179393859E-38
    0.8180000000E+00    0.6566273690E-22    0.4534018400E-23    0.5005415331E-07   -0.6462582173E+00   -0.8434066135E-37   -0.4243508329E-22   -0.5070745388E-38
    0.8180000000E+00    0.7035889022E-22    0.4858288246E-23    0.5122006431E-07    0.1442361065E+02    0.2016995431E-35    0.1014829238E-20    0.1299390588E-36
    0.8180000000E+00    0.7539090917E-22    0.5205749646E-23    0.5241313287E-07    0.1197776284E+04    0.1794761041E-33    0.9030144305E-19    0.1238914785E-34
    0.8180000000E+00    0.8078281461E-22    0.5578061244E-23    0.5363399157E-07    0.5440768758E+04    0.8735568869E-33    0.4395206139E-18    0.6461390579E-34
    0.8180000000E+00    0.8656034539E-22    0.5977000309E-23    0.5488328773E-07   -0.2616293879E+05   -0.4501087433E-32   -0.2264673018E-17   -0.3567403641E-33
    0.8180000000E+00    0.9275108115E-22    0.6404471218E-23    0.5616168372E-07   -0.1865899098E+07   -0.3439688216E-30   -0.1730641586E-15   -0.2921150150E-31
    0.8180000000E+00    0.9938457404E-22    0.6862514550E-23    0.5746985739E-07   -0.8670938258E+08   -0.1712761995E-28   -0.8617575053E-14   -0.1558589765E-29
    0.8180000000E+00    0.1064924897E-21    0.7353316823E-23    0.5880850233E-07   -0.3594321448E+10   -0.7607602952E-27   -0.3827682398E-12   -0.7417928457E-28
    0.8180000000E+00    0.1141087586E-21    0.7879220933E-23    0.6017832832E-07   -0.1119506824E+12   -0.2538970583E-25   -0.1277455340E-10   -0.2652726472E-26
    0.8180000000E+00    0.1222697377E-21    0.8442737340E-23    0.6158006166E-07   -0.1926800152E+12   -0.4682390130E-25   -0.2355893492E-10   -0.5242064953E-26
    0.8180000000E+00    0.1310143844E-21    0.9046556049E-23    0.6301444556E-07    0.1414006404E+13    0.3681987420E-24    0.1852551786E-09    0.4416895277E-25
    0.8180000000E+00    0.1403844422E-21    0.9693559452E-23    0.6448224056E-07    0.5038306884E+14    0.1405774110E-22    0.7072999014E-08    0.1806967506E-23
    0.8180000000E+00    0.1504246400E-21    0.1038683609E-22    0.6598422489E-07    0.1254641913E+16    0.3751031538E-21    0.1887290581E-06    0.5166370142E-22
    0.8180000000E+00    0.1611829057E-21    0.1112969539E-22    0.6752119493E-07    0.2796097241E+17    0.8957425296E-20    0.4506830779E-05    0.1321959034E-20
    0.8180000000E+00    0.1727105951E-21    0.1192568347E-22    0.6909396560E-07    0.2230139231E+18    0.7655312106E-19    0.3851686738E-04    0.1210591733E-19
    0.8180000000E+00    0.1850627369E-21    0.1277860007E-22    0.7070337081E-07    0.1585893984E+18    0.5833175935E-19    0.2934898810E-04    0.9884162519E-20
    0.8180000000E+00    0.1982982953E-21    0.1369251667E-22    0.7235026388E-07   -0.3026519482E+19   -0.1192818587E-17   -0.6001536538E-03   -0.2165754372E-18
    0.8180000000E+00    0.2124804516E-21    0.1467179595E-22    0.7403551802E-07   -0.5566015159E+20   -0.2350581473E-16   -0.1182669414E-01   -0.4573093815E-17
    0.8180000000E+00    0.2276769058E-21    0.1572111260E-22    0.7576002677E-07   -0.7920142456E+21   -0.3583966297E-15   -0.1803233528E+00   -0.7471343764E-16
    0.8180000000E+00    0.2439602000E-21    0.1684547565E-22    0.7752470448E-07   -0.1015962446E+23   -0.4926160744E-14   -0.2478544016E+01   -0.1100381756E-14
    0.8180000000E+00    0.2614080640E-21    0.1805025236E-22    0.7933048683E-07   -0.1198053009E+24   -0.6224535644E-13   -0.3131807177E+02   -0.1489847307E-13
    0.8180000000E+00    0.2801037871E-21    0.1934119387E-22    0.8117833125E-07   -0.1259342079E+25   -0.7010913985E-12   -0.3527464857E+03   -0.1798081783E-12
    0.8180000000E+00    0.3001366153E-21    0.2072446262E-22    0.8306921749E-07   -0.3094229064E+25   -0.1845794659E-11   -0.9286914382E+03   -0.5072454816E-12
    0.8180000000E+00    0.3216021775E-21    0.2220666179E-22    0.8500414813E-07   -0.1524248909E+25   -0.9742867957E-12   -0.4902017682E+03   -0.2868941012E-12
    0.8180000000E+00    0.3446029418E-21    0.2379486681E-22    0.8698414910E-07    0.2264071702E+26    0.1550676125E-10    0.7802057689E+04    0.4892782412E-11
    0.8180000000E+00    0.3692487048E-21    0.2549665916E-22    0.8901027021E-07    0.2370426721E+27    0.1739632281E-09    0.8752769966E+05    0.5881556322E-10
    0.8180000000E+00    0.3956571157E-21    0.2732016250E-22    0.9108358575E-07    0.1854383900E+28    0.1458245255E-08    0.7337001853E+06    0.5282814657E-09
    0.8180000000E+00    0.4239542377E-21    0.2927408154E-22    0.9320519501E-07    0.1295774446E+29    0.1091843354E-07    0.5493490675E+07    0.4238333599E-08
    0.8180000000E+00    0.4542751502E-21    0.3136774352E-22    0.9537622289E-07    0.8346522793E+29    0.7535923959E-07    0.3791617896E+08    0.3134521909E-07
    0.8180000000E+00    0.4867645933E-21    0.3361114274E-22    0.9759782052E-07    0.4996662140E+30    0.4834047445E-06    0.2432198214E+09    0.2154496092E-06
    0.8180000000E+00    0.5215776589E-21    0.3601498832E-22    0.9987116580E-07    0.2788644950E+31    0.2890840612E-05    0.1454494904E+10    0.1380571645E-05
    0.8180000000E+00    0.5588805307E-21    0.3859075526E-22    0.1021974641E-06    0.1453492088E+32    0.1614520619E-04    0.8123284293E+10    0.8261870778E-05
    0.8180000000E+00    0.5988512779E-21    0.4135073927E-22    0.1045779488E-06    0.7083978406E+32    0.8431564227E-04    0.4242249521E+11    0.4623202909E-04
    0.8180000000E+00    0.6416807053E-21    0.4430811541E-22    0.1070138822E-06    0.3230847617E+33    0.4120476094E-03    0.2073172577E+12    0.2420929826E-03
    0.8180000000E+00    0.6875732635E-21    0.4747700104E-22    0.1095065557E-06    0.1379060232E+34    0.1884578182E-02    0.9482049444E+12    0.1186448690E-02
    0.8180000000E+00    0.7367480256E-21    0.5087252317E-22    0.1120572911E-06    0.5505333858E+34    0.8061476360E-02    0.4056043850E+13    0.5438127516E-02
    0.8180000000E+00    0.7894397325E-21    0.5451089068E-22    0.1146674407E-06    0.1893410843E+35    0.2970816201E-01    0.1494733749E+14    0.2147388316E-01
    0.8180000000E+00    0.8458999137E-21    0.5840947171E-22    0.1173383885E-06    0.4062253313E+35    0.6829641784E-01    0.3436259727E+14    0.5289720529E-01
    0.8180000000E+00    0.9063980879E-21    0.6258687655E-22    0.1200715507E-06    0.6115775117E+35    0.1101748408E+00    0.5543326872E+14    0.9143600310E-01
    0.8180000000E+00    0.9712230494E-21    0.6706304648E-22    0.1228683764E-06    0.7131177280E+35    0.1376550527E+00    0.6925963744E+14    0.1224128359E+00
    0.8180000000E+00    0.1040684247E-20    0.7185934897E-22    0.1257303485E-06    0.7154447816E+35    0.1479813702E+00    0.7445521139E+14    0.1410073810E+00
    0.8180000000E+00    0.1115113261E-20    0.7699867968E-22    0.1286589846E-06    0.6884285507E+35    0.1525772549E+00    0.7676758065E+14    0.1557846272E+00
    0.8180000000E+00    0.1194865387E-20    0.8250557175E-22    0.1316558373E-06    0.5713491054E+35    0.1356851989E+00    0.6826852700E+14    0.1484455823E+00
    0.8180000000E+00    0.1280321329E-20    0.8840631292E-22    0.1347224957E-06    0.3849486604E+35    0.9795660764E-01    0.4928579807E+14    0.1148334833E+00
    0.8180000000E+00    0.1371889021E-20    0.9472907100E-22    0.1378605858E-06    0.2174812367E+35    0.5929973024E-01    0.2983601209E+14    0.7448820689E-01
    0.8180000000E+00    0.1470005571E-20    0.1015040283E-21    0.1410717713E-06    0.1043996754E+35    0.3050212330E-01    0.1534681045E+14    0.4105488827E-01
    0.8180000000E+00    0.1575139348E-20    0.1087635259E-21    0.1443577550E-06    0.4261753330E+34    0.1334194768E-01    0.6712855363E+13    0.1924216947E-01
    0.8180000000E+00    0.1687792220E-20    0.1165422177E-21    0.1477202791E-06    0.1459393264E+34    0.4895569960E-02    0.2463152597E+13    0.7565507451E-02
    0.8180000000E+00    0.1808501947E-20    0.1248772362E-21    0.1511611264E-06    0.3810950140E+33    0.1369822170E-02    0.6892110748E+12    0.2268292166E-02
    0.8180000000E+00    0.1937844750E-20    0.1338083694E-21    0.1546821213E-06    0.2351000934E+32    0.9054901399E-04    0.4555874816E+11    0.1606639824E-03
    0.8180000000E+00    0.2076438060E-20    0.1433782510E-21    0.1582851308E-06    0.6026006498E+30    0.2486912582E-05    0.1251262924E+10    0.4728194372E-05
    0.8180000000E+00    0.2224943467E-20    0.1536325639E-21    0.1619720651E-06    0.1470124549E+30    0.6501073163E-06    0.3270944012E+09    0.1324402085E-05
    0.8180000000E+00    0.2384069878E-20    0.1646202581E-21    0.1657448792E-06    0.3318132823E+29    0.1572261176E-06    0.7910660515E+08    0.3432096518E-06
    0.8180000000E+00    0.2554576900E-20    0.1763937846E-21    0.1696055734E-06    0.5097061513E+28    0.2587919713E-07    0.1302083560E+08    0.6053208049E-07
    0.8180000000E+00    0.2737278465E-20    0.1890093455E-21    0.1735561947E-06    0.1004713368E+28    0.5466043763E-08    0.2750180264E+07    0.1369960062E-07
    0.8180000000E+00    0.2933046719E-20    0.2025271626E-21    0.1775988378E-06    0.2464812959E+27    0.1436861448E-08    0.7229411563E+06    0.3858777120E-08
    0.8180000000E+00    0.3142816182E-20    0.2170117645E-21    0.1817356462E-06    0.5444046979E+26    0.3400578371E-09    0.1710963894E+06    0.9785602950E-09
    0.8180000000E+00    0.3367588212E-20    0.2325322952E-21    0.1859688132E-06    0.1281212461E+26    0.8575354409E-10    0.4314595982E+05    0.2644154819E-09
    0.8180000000E+00    0.3608435782E-20    0.2491628434E-21    0.1903005833E-06    0.1521404249E+25    0.1091127618E-10    0.5489889529E+04    0.3605042183E-10
    0.8180000000E+00    0.3866508602E-20    0.2669827968E-21    0.1947332533E-06    0.5042185421E+24    0.3874803972E-11    0.1949565330E+04    0.1371780227E-10
