    0.8340000000E+00    0.4143038610E-23    0.2860772210E-24    0.1992691735E-07    0.0000000000E+00    0.0000000000E+00    0.0000000000E+00    0.0000000000E+00
    0.8340000000E+00    0.4439345853E-23    0.3065372650E-24    0.2039107488E-07    0.0000000000E+00    0.0000000000E+00    0.0000000000E+00    0.0000000000E+00
    0.8340000000E+00    0.4756844785E-23    0.3284605973E-24    0.2086604403E-07    0.0000000000E+00    0.0000000000E+00    0.0000000000E+00    0.0000000000E+00
    0.8340000000E+00    0.5097051019E-23    0.3519518710E-24    0.2135207663E-07    0.0000000000E+00    0.0000000000E+00    0.0000000000E+00    0.0000000000E+00
    0.8340000000E+00    0.5461588566E-23    0.3771232243E-24    0.2184943039E-07    0.0000000000E+00    0.0000000000E+00    0.0000000000E+00    0.0000000000E+00
    0.8340000000E+00    0.5852197586E-23    0.4040948153E-24    0.2235836900E-07    0.0000000000E+00    0.0000000000E+00    0.0000000000E+00    0.0000000000E+00
    0.8340000000E+00    0.6270742692E-23    0.4329953957E-24    0.2287916232E-07    0.0000000000E+00    0.0000000000E+00    0.0000000000E+00    0.0000000000E+00
    0.8340000000E+00    0.6719221852E-23    0.4639629256E-24    0.2341208647E-07    0.0000000000E+00    0.0000000000E+00    0.0000000000E+00    0.0000000000E+00
    0.8340000000E+00    0.7199775931E-23    0.4971452317E-24    0.2395742402E-07    0.0000000000E+00    0.0000000000E+00    0.0000000000E+00    0.0000000000E+00
    0.8340000000E+00    0.7714698903E-23    0.5327007132E-24    0.2451546411E-07    0.0000000000E+00    0.0000000000E+00    0.0000000000E+00    0.0000000000E+00
    0.8340000000E+00    0.8266448809E-23    0.5707990981E-24    0.2508650263E-07    0.0000000000E+00    0.0000000000E+00    0.0000000000E+00    0.0000000000E+00
    0.8340000000E+00    0.8857659485E-23    0.6116222531E-24    0.2567084234E-07    0.0000000000E+00    0.0000000000E+00    0.0000000000E+00    0.0000000000E+00
    0.8340000000E+00    0.9491153137E-23    0.6553650517E-24    0.2626879307E-07    0.0000000000E+00    0.0000000000E+00    0.0000000000E+00    0.0000000000E+00
    0.8340000000E+00    0.1016995382E-22    0.7022363048E-24    0.2688067187E-07    0.0000000000E+00    0.0000000000E+00    0.0000000000E+00    0.0000000000E+00
    0.8340000000E+00    0.1089730185E-22    0.7524597575E-24    0.2750680315E-07    0.0000000000E+00    0.0000000000E+00    0.0000000000E+00    0.0000000000E+00
    0.8340000000E+00    0.1167666930E-22    0.8062751566E-24    0.2814751890E-07    0.0000000000E+00    0.0000000000E+00    0.0000000000E+00    0.0000000000E+00
    0.8340000000E+00    0.1251177658E-22    0.8639393956E-24    0.2880315884E-07    0.0000000000E+00    0.0000000000E+00    0.0000000000E+00    0.0000000000E+00
    0.8340000000E+00    0.1340661015E-22    0.9257277409E-24    0.2947407060E-07    0.0000000000E+00    0.0000000000E+00    0.0000000000E+00    0.0000000000E+00
    0.8340000000E+00    0.1436544159E-22    0.9919351458E-24    0.3016060990E-07    0.0000000000E+00    0.0000000000E+00    0.0000000000E+00    0.0000000000E+00
    0.8340000000E+00    0.1539284799E-22    0.1062877658E-23    0.3086314075E-07    0.0000000000E+00    0.0000000000E+00    0.0000000000E+00    0.0000000000E+00
    0.8340000000E+00    0.1649373379E-22    0.1138893930E-23    0.3158203565E-07    0.0000000000E+00    0.0000000000E+00    0.0000000000E+00    0.0000000000E+00
    0.8340000000E+00    0.1767335417E-22    0.1220346833E-23    0.3231767576E-07    0.0000000000E+00    0.0000000000E+00    0.0000000000E+00    0.0000000000E+00
    0.8340000000E+00    0.1893734018E-22    0.1307625190E-23    0.3307045113E-07    0.0000000000E+00    0.0000000000E+00    0.0000000000E+00    0.0000000000E+00
    0.8340000000E+00    0.2029172559E-22    0.1401145635E-23    0.3384076090E-07   -0.1068287421E-15   -0.4308429975E-53   -0.2167739521E-38   -0.7751948324E-55
    0.8340000000E+00    0.2174297571E-22    0.1501354598E-23    0.3462901348E-07   -0.1834020976E-15   -0.7925656070E-53   -0.3987707353E-38   -0.1528013012E-54
    0.8340000000E+00    0.2329801823E-22    0.1608730435E-23    0.3543562682E-07   -0.1465501460E-15   -0.6786051939E-53   -0.3414327972E-38   -0.1401874092E-54
    0.8340000000E+00    0.2496427630E-22    0.1723785718E-23    0.3626102861E-07    0.3716797869E-15    0.1844165391E-52    0.9278716897E-38    0.4082175742E-54
    0.8340000000E+00    0.2674970400E-22    0.1847069675E-23    0.3710565646E-07    0.5876533981E-15    0.3124296021E-52    0.1571955445E-37    0.7410440183E-54
    0.8340000000E+00    0.2866282424E-22    0.1979170815E-23    0.3796995823E-07   -0.3979919554E-14   -0.2267280317E-51   -0.1140757347E-36   -0.5762315696E-53
    0.8340000000E+00    0.3071276952E-22    0.2120719737E-23    0.3885439218E-07   -0.6569546060E-13   -0.4010202337E-50   -0.2017689540E-35   -0.1092089209E-51
    0.8340000000E+00    0.3290932546E-22    0.2272392139E-23    0.3975942724E-07   -0.8197232701E-13   -0.5361646633E-50   -0.2697653988E-35   -0.1564552057E-51
    0.8340000000E+00    0.3526297755E-22    0.2434912046E-23    0.4068554327E-07    0.1303574669E-11    0.9136226056E-49    0.4596792430E-34    0.2856660745E-50
    0.8340000000E+00    0.3778496121E-22    0.2609055264E-23    0.4163323131E-07    0.1844323090E-10    0.1385057896E-47    0.6968767641E-33    0.4640446367E-49
    0.8340000000E+00    0.4048731538E-22    0.2795653084E-23    0.4260299385E-07   -0.9481854971E-10   -0.7629994629E-47   -0.3838948526E-32   -0.2739151558E-48
    0.8340000000E+00    0.4338294005E-22    0.2995596250E-23    0.4359534505E-07   -0.5504295064E-08   -0.4746053512E-45   -0.2387925028E-30   -0.1825679172E-46
    0.8340000000E+00    0.4648565778E-22    0.3209839213E-23    0.4461081109E-07    0.5272722267E-08    0.4871534920E-45    0.2451059629E-30    0.2007971989E-46
    0.8340000000E+00    0.4981027973E-22    0.3439404683E-23    0.4564993037E-07    0.9828628977E-06    0.9730247002E-43    0.4895667586E-28    0.4297498119E-44
    0.8340000000E+00    0.5337267633E-22    0.3685388516E-23    0.4671325384E-07    0.3499601572E-06    0.3712355232E-43    0.1867831020E-28    0.1756876999E-44
    0.8340000000E+00    0.5718985306E-22    0.3948964943E-23    0.4780134531E-07   -0.2067588729E-03   -0.2350147281E-40   -0.1182450956E-25   -0.1191754801E-41
    0.8340000000E+00    0.6128003161E-22    0.4231392172E-23    0.4891478167E-07   -0.2516279272E-01   -0.3064712671E-38   -0.1541976733E-23   -0.1665258251E-39
    0.8340000000E+00    0.6566273690E-22    0.4534018400E-23    0.5005415331E-07   -0.2959555549E+00   -0.3862401523E-37   -0.1943325173E-22   -0.2248791805E-38
    0.8340000000E+00    0.7035889022E-22    0.4858288246E-23    0.5122006431E-07    0.7491673728E+00    0.1047634469E-36    0.5271058494E-22    0.6535842968E-38
    0.8340000000E+00    0.7539090917E-22    0.5205749646E-23    0.5241313287E-07    0.1024775222E+03    0.1535534364E-34    0.7725873568E-20    0.1026482076E-35
    0.8340000000E+00    0.8078281461E-22    0.5578061244E-23    0.5363399157E-07    0.2080191728E+04    0.3339906346E-33    0.1680437427E-18    0.2392357724E-34
    0.8340000000E+00    0.8656034539E-22    0.5977000309E-23    0.5488328773E-07    0.2410089278E+03    0.4146331819E-34    0.2086181603E-19    0.3182408200E-35
    0.8340000000E+00    0.9275108115E-22    0.6404471218E-23    0.5616168372E-07   -0.1890953860E+06   -0.3485875371E-31   -0.1753880149E-16   -0.2866841523E-32
    0.8340000000E+00    0.9938457404E-22    0.6862514550E-23    0.5746985739E-07   -0.9617797135E+07   -0.1899794108E-29   -0.9558606715E-15   -0.1674165417E-30
    0.8340000000E+00    0.1064924897E-21    0.7353316823E-23    0.5880850233E-07   -0.4238590449E+09   -0.8971238015E-28   -0.4513780498E-13   -0.8471185839E-29
    0.8340000000E+00    0.1141087586E-21    0.7879220933E-23    0.6017832832E-07   -0.1685144294E+11   -0.3821800545E-26   -0.1922897234E-11   -0.3866872462E-27
    0.8340000000E+00    0.1222697377E-21    0.8442737340E-23    0.6158006166E-07   -0.1169719221E+12   -0.2842579045E-25   -0.1430212623E-10   -0.3081799500E-26
    0.8340000000E+00    0.1310143844E-21    0.9046556049E-23    0.6301444556E-07    0.5599899064E+11    0.1458179952E-25    0.7336673288E-11    0.1693959229E-26
    0.8340000000E+00    0.1403844422E-21    0.9693559452E-23    0.6448224056E-07    0.7229923235E+13    0.2017272695E-23    0.1014968740E-08    0.2511056243E-24
    0.8340000000E+00    0.1504246400E-21    0.1038683609E-22    0.6598422489E-07    0.1972563215E+15    0.5897417225E-22    0.2967221114E-07    0.7865995330E-23
    0.8340000000E+00    0.1611829057E-21    0.1112969539E-22    0.6752119493E-07    0.4658541674E+16    0.1492385115E-20    0.7508772833E-06    0.2132911025E-21
    0.8340000000E+00    0.1727105951E-21    0.1192568347E-22    0.6909396560E-07    0.8661463667E+17    0.2973186909E-19    0.1495926545E-04    0.4553171849E-20
    0.8340000000E+00    0.1850627369E-21    0.1277860007E-22    0.7070337081E-07    0.1616455324E+18    0.5945585515E-19    0.2991456464E-04    0.9756329520E-20
    0.8340000000E+00    0.1982982953E-21    0.1369251667E-22    0.7235026388E-07   -0.3766665170E+18   -0.1484526451E-18   -0.7469232821E-04   -0.2610235972E-19
    0.8340000000E+00    0.2124804516E-21    0.1467179595E-22    0.7403551802E-07   -0.1109645724E+20   -0.4686140096E-17   -0.2357780246E-02   -0.8828910173E-18
    0.8340000000E+00    0.2276769058E-21    0.1572111260E-22    0.7576002677E-07   -0.1719022836E+21   -0.7778799363E-16   -0.3913818004E-01   -0.1570378715E-16
    0.8340000000E+00    0.2439602000E-21    0.1684547565E-22    0.7752470448E-07   -0.2330939489E+22   -0.1130217229E-14   -0.5686564638E+00   -0.2444858640E-15
    0.8340000000E+00    0.2614080640E-21    0.1805025236E-22    0.7933048683E-07   -0.2892367241E+23   -0.1502741769E-13   -0.7560881207E+01   -0.3483182167E-14
    0.8340000000E+00    0.2801037871E-21    0.1934119387E-22    0.8117833125E-07   -0.3310312494E+24   -0.1842892137E-12   -0.9272310660E+02   -0.4577114190E-13
    0.8340000000E+00    0.3001366153E-21    0.2072446262E-22    0.8306921749E-07   -0.2041865479E+25   -0.1218030184E-11   -0.6128385939E+03   -0.3241528773E-12
    0.8340000000E+00    0.3216021775E-21    0.2220666179E-22    0.8500414813E-07   -0.2240883640E+25   -0.1432353553E-11   -0.7206730581E+03   -0.4084529716E-12
    0.8340000000E+00    0.3446029418E-21    0.2379486681E-22    0.8698414910E-07    0.3779776219E+25    0.2588791131E-11    0.1302522004E+04    0.7910225101E-12
    0.8340000000E+00    0.3692487048E-21    0.2549665916E-22    0.8901027021E-07    0.6797639161E+26    0.4988718874E-10    0.2510019456E+05    0.1633356034E-10
    0.8340000000E+00    0.3956571157E-21    0.2732016250E-22    0.9108358575E-07    0.5885099581E+27    0.4627908244E-09    0.2328481525E+06    0.1623590756E-09
    0.8340000000E+00    0.4239542377E-21    0.2927408154E-22    0.9320519501E-07    0.4354672912E+28    0.3669327399E-08    0.1846182035E+07    0.1379362116E-08
    0.8340000000E+00    0.4542751502E-21    0.3136774352E-22    0.9537622289E-07    0.2943314263E+29    0.2657465033E-07    0.1337074529E+08    0.1070432753E-07
    0.8340000000E+00    0.4867645933E-21    0.3361114274E-22    0.9759782052E-07    0.1843932542E+30    0.1783922375E-06    0.8975610739E+08    0.7699593248E-07
    0.8340000000E+00    0.5215776589E-21    0.3601498832E-22    0.9987116580E-07    0.1075611910E+31    0.1115029933E-05    0.5610151416E+09    0.5156777062E-06
    0.8340000000E+00    0.5588805307E-21    0.3859075526E-22    0.1021974641E-06    0.5854599834E+31    0.6503215415E-05    0.3272021862E+10    0.3222700677E-05
    0.8340000000E+00    0.5988512779E-21    0.4135073927E-22    0.1045779488E-06    0.2977606996E+32    0.3544037431E-04    0.1783143755E+11    0.1881872216E-04
    0.8340000000E+00    0.6416807053E-21    0.4430811541E-22    0.1070138822E-06    0.1416284889E+33    0.1806265327E-03    0.9088026863E+11    0.1027716610E-03
    0.8340000000E+00    0.6875732635E-21    0.4747700104E-22    0.1095065557E-06    0.6302054222E+33    0.8612179228E-03    0.4333123988E+12    0.5250551101E-03
    0.8340000000E+00    0.7367480256E-21    0.5087252317E-22    0.1120572911E-06    0.2622308179E+34    0.3839853484E-02    0.1931980373E+13    0.2508455977E-02
    0.8340000000E+00    0.7894397325E-21    0.5451089068E-22    0.1146674407E-06    0.1018568464E+35    0.1598163287E-01    0.8040984159E+13    0.1118698305E-01
    0.8340000000E+00    0.8458999137E-21    0.5840947171E-22    0.1173383885E-06    0.2840731571E+35    0.4775964850E-01    0.2402974591E+14    0.3582225756E-01
    0.8340000000E+00    0.9063980879E-21    0.6258687655E-22    0.1200715507E-06    0.5042836413E+35    0.9084599878E-01    0.4570817282E+14    0.7301256977E-01
    0.8340000000E+00    0.9712230494E-21    0.6706304648E-22    0.1228683764E-06    0.6650730950E+35    0.1283808666E+00    0.6459343194E+14    0.1105584989E+00
    0.8340000000E+00    0.1040684247E-20    0.7185934897E-22    0.1257303485E-06    0.7006953838E+35    0.1449306301E+00    0.7292026479E+14    0.1337371335E+00
    0.8340000000E+00    0.1115113261E-20    0.7699867968E-22    0.1286589846E-06    0.6905126671E+35    0.1530391602E+00    0.7699998323E+14    0.1513193280E+00
    0.8340000000E+00    0.1194865387E-20    0.8250557175E-22    0.1316558373E-06    0.6261104224E+35    0.1486900328E+00    0.7481176722E+14    0.1575337776E+00
    0.8340000000E+00    0.1280321329E-20    0.8840631292E-22    0.1347224957E-06    0.4612283938E+35    0.1173672582E+00    0.5905205504E+14    0.1332412779E+00
    0.8340000000E+00    0.1371889021E-20    0.9472907100E-22    0.1378605858E-06    0.2807737835E+35    0.7655745330E-01    0.3851904710E+14    0.9312779245E-01
    0.8340000000E+00    0.1470005571E-20    0.1015040283E-21    0.1410717713E-06    0.1436480789E+35    0.4196920533E-01    0.2111634763E+14    0.5470443997E-01
    0.8340000000E+00    0.1575139348E-20    0.1087635259E-21    0.1443577550E-06    0.6206946988E+34    0.1943161782E-01    0.9776806434E+13    0.2713943427E-01
    0.8340000000E+00    0.1687792220E-20    0.1165422177E-21    0.1477202791E-06    0.2244335320E+34    0.7528677051E-02    0.3787971693E+13    0.1126705718E-01
    0.8340000000E+00    0.1808501947E-20    0.1248772362E-21    0.1511611264E-06    0.6438786984E+33    0.2314381672E-02    0.1164455880E+13    0.3711306409E-02
    0.8340000000E+00    0.1937844750E-20    0.1338083694E-21    0.1546821213E-06    0.7117021002E+32    0.2741127087E-03    0.1379168178E+12    0.4710001024E-03
    0.8340000000E+00    0.2076438060E-20    0.1433782510E-21    0.1582851308E-06    0.7888133561E+30    0.3255406148E-05    0.1637922075E+10    0.5993727712E-05
    0.8340000000E+00    0.2224943467E-20    0.1536325639E-21    0.1619720651E-06    0.1922413617E+30    0.8501151540E-06    0.4277261618E+09    0.1677141047E-05
    0.8340000000E+00    0.2384069878E-20    0.1646202581E-21    0.1657448792E-06    0.4423992032E+29    0.2096260544E-06    0.1054710615E+09    0.4431360582E-06
    0.8340000000E+00    0.2554576900E-20    0.1763937846E-21    0.1696055734E-06    0.6686861953E+28    0.3395105557E-07    0.1708210308E+08    0.7690332398E-07
    0.8340000000E+00    0.2737278465E-20    0.1890093455E-21    0.1735561947E-06    0.1279981892E+28    0.6963614957E-08    0.3503666867E+07    0.1690155176E-07
    0.8340000000E+00    0.2933046719E-20    0.2025271626E-21    0.1775988378E-06    0.3138949340E+27    0.1829848905E-08    0.9206685064E+06    0.4758905280E-08
    0.8340000000E+00    0.3142816182E-20    0.2170117645E-21    0.1817356462E-06    0.6933914143E+26    0.4331211422E-09    0.2179201758E+06    0.1206983169E-08
    0.8340000000E+00    0.3367588212E-20    0.2325322952E-21    0.1859688132E-06    0.1641857315E+26    0.1098920655E-09    0.5529099341E+05    0.3281392389E-09
    0.8340000000E+00    0.3608435782E-20    0.2491628434E-21    0.1903005833E-06    0.2059185904E+25    0.1476816311E-10    0.7430440095E+04    0.4725179495E-10
    0.8340000000E+00    0.3866508602E-20    0.2669827968E-21    0.1947332533E-06    0.6744553189E+24    0.5183034598E-11    0.2607787292E+04    0.1776952988E-10
