    0.8650000000E+00    0.4143038610E-23    0.2860772210E-24    0.1992691735E-07    0.0000000000E+00    0.0000000000E+00    0.0000000000E+00    0.0000000000E+00
    0.8650000000E+00    0.4439345853E-23    0.3065372650E-24    0.2039107488E-07    0.0000000000E+00    0.0000000000E+00    0.0000000000E+00    0.0000000000E+00
    0.8650000000E+00    0.4756844785E-23    0.3284605973E-24    0.2086604403E-07    0.0000000000E+00    0.0000000000E+00    0.0000000000E+00    0.0000000000E+00
    0.8650000000E+00    0.5097051019E-23    0.3519518710E-24    0.2135207663E-07    0.0000000000E+00    0.0000000000E+00    0.0000000000E+00    0.0000000000E+00
    0.8650000000E+00    0.5461588566E-23    0.3771232243E-24    0.2184943039E-07    0.0000000000E+00    0.0000000000E+00    0.0000000000E+00    0.0000000000E+00
    0.8650000000E+00    0.5852197586E-23    0.4040948153E-24    0.2235836900E-07    0.0000000000E+00    0.0000000000E+00    0.0000000000E+00    0.0000000000E+00
    0.8650000000E+00    0.6270742692E-23    0.4329953957E-24    0.2287916232E-07    0.0000000000E+00    0.0000000000E+00    0.0000000000E+00    0.0000000000E+00
    0.8650000000E+00    0.6719221852E-23    0.4639629256E-24    0.2341208647E-07    0.0000000000E+00    0.0000000000E+00    0.0000000000E+00    0.0000000000E+00
    0.8650000000E+00    0.7199775931E-23    0.4971452317E-24    0.2395742402E-07    0.0000000000E+00    0.0000000000E+00    0.0000000000E+00    0.0000000000E+00
    0.8650000000E+00    0.7714698903E-23    0.5327007132E-24    0.2451546411E-07    0.0000000000E+00    0.0000000000E+00    0.0000000000E+00    0.0000000000E+00
    0.8650000000E+00    0.8266448809E-23    0.5707990981E-24    0.2508650263E-07    0.0000000000E+00    0.0000000000E+00    0.0000000000E+00    0.0000000000E+00
    0.8650000000E+00    0.8857659485E-23    0.6116222531E-24    0.2567084234E-07    0.0000000000E+00    0.0000000000E+00    0.0000000000E+00    0.0000000000E+00
    0.8650000000E+00    0.9491153137E-23    0.6553650517E-24    0.2626879307E-07    0.0000000000E+00    0.0000000000E+00    0.0000000000E+00    0.0000000000E+00
    0.8650000000E+00    0.1016995382E-22    0.7022363048E-24    0.2688067187E-07    0.0000000000E+00    0.0000000000E+00    0.0000000000E+00    0.0000000000E+00
    0.8650000000E+00    0.1089730185E-22    0.7524597575E-24    0.2750680315E-07    0.0000000000E+00    0.0000000000E+00    0.0000000000E+00    0.0000000000E+00
    0.8650000000E+00    0.1167666930E-22    0.8062751566E-24    0.2814751890E-07    0.0000000000E+00    0.0000000000E+00    0.0000000000E+00    0.0000000000E+00
    0.8650000000E+00    0.1251177658E-22    0.8639393956E-24    0.2880315884E-07    0.0000000000E+00    0.0000000000E+00    0.0000000000E+00    0.0000000000E+00
    0.8650000000E+00    0.1340661015E-22    0.9257277409E-24    0.2947407060E-07    0.0000000000E+00    0.0000000000E+00    0.0000000000E+00    0.0000000000E+00
    0.8650000000E+00    0.1436544159E-22    0.9919351458E-24    0.3016060990E-07    0.0000000000E+00    0.0000000000E+00    0.0000000000E+00    0.0000000000E+00
    0.8650000000E+00    0.1539284799E-22    0.1062877658E-23    0.3086314075E-07    0.0000000000E+00    0.0000000000E+00    0.0000000000E+00    0.0000000000E+00
    0.8650000000E+00    0.1649373379E-22    0.1138893930E-23    0.3158203565E-07    0.0000000000E+00    0.0000000000E+00    0.0000000000E+00    0.0000000000E+00
    0.8650000000E+00    0.1767335417E-22    0.1220346833E-23    0.3231767576E-07    0.0000000000E+00    0.0000000000E+00    0.0000000000E+00    0.0000000000E+00
    0.8650000000E+00    0.1893734018E-22    0.1307625190E-23    0.3307045113E-07    0.0000000000E+00    0.0000000000E+00    0.0000000000E+00    0.0000000000E+00
    0.8650000000E+00    0.2029172559E-22    0.1401145635E-23    0.3384076090E-07    0.0000000000E+00    0.0000000000E+00    0.0000000000E+00    0.0000000000E+00
    0.8650000000E+00    0.2174297571E-22    0.1501354598E-23    0.3462901348E-07    0.0000000000E+00    0.0000000000E+00    0.0000000000E+00    0.0000000000E+00
    0.8650000000E+00    0.2329801823E-22    0.1608730435E-23    0.3543562682E-07    0.0000000000E+00    0.0000000000E+00    0.0000000000E+00    0.0000000000E+00
    0.8650000000E+00    0.2496427630E-22    0.1723785718E-23    0.3626102861E-07    0.0000000000E+00    0.0000000000E+00    0.0000000000E+00    0.0000000000E+00
    0.8650000000E+00    0.2674970400E-22    0.1847069675E-23    0.3710565646E-07    0.0000000000E+00    0.0000000000E+00    0.0000000000E+00    0.0000000000E+00
    0.8650000000E+00    0.2866282424E-22    0.1979170815E-23    0.3796995823E-07    0.0000000000E+00    0.0000000000E+00    0.0000000000E+00    0.0000000000E+00
    0.8650000000E+00    0.3071276952E-22    0.2120719737E-23    0.3885439218E-07   -0.1006848696E-14   -0.6146036512E-52   -0.3092311195E-37   -0.1587624900E-53
    0.8650000000E+00    0.3290932546E-22    0.2272392139E-23    0.3975942724E-07   -0.1333094098E-13   -0.8719502963E-51   -0.4387122754E-36   -0.2413484396E-52
    0.8650000000E+00    0.3526297755E-22    0.2434912046E-23    0.4068554327E-07   -0.1751364515E-13   -0.1227460344E-50   -0.6175832759E-36   -0.3640493297E-52
    0.8650000000E+00    0.3778496121E-22    0.2609055264E-23    0.4163323131E-07    0.1176173597E-11    0.8832880403E-49    0.4444167375E-34    0.2807082106E-50
    0.8650000000E+00    0.4048731538E-22    0.2795653084E-23    0.4260299385E-07    0.2484026006E-11    0.1998881563E-48    0.1005715443E-33    0.6806750435E-50
    0.8650000000E+00    0.4338294005E-22    0.2995596250E-23    0.4359534505E-07   -0.1919539767E-09   -0.1655114478E-46   -0.8327527864E-32   -0.6039219344E-48
    0.8650000000E+00    0.4648565778E-22    0.3209839213E-23    0.4461081109E-07   -0.1163240464E-08   -0.1074732606E-45   -0.5407399815E-31   -0.4201972354E-47
    0.8650000000E+00    0.4981027973E-22    0.3439404683E-23    0.4564993037E-07    0.2205083049E-07    0.2183010752E-44    0.1098358035E-29    0.9145524980E-46
    0.8650000000E+00    0.5337267633E-22    0.3685388516E-23    0.4671325384E-07    0.2604127737E-06    0.2762442247E-43    0.1389892668E-28    0.1240069348E-44
    0.8650000000E+00    0.5718985306E-22    0.3948964943E-23    0.4780134531E-07   -0.1738528920E-05   -0.1976117860E-42   -0.9942621346E-28   -0.9505295198E-44
    0.8650000000E+00    0.6128003161E-22    0.4231392172E-23    0.4891478167E-07   -0.2984332456E-03   -0.3634779968E-40   -0.1828799872E-25   -0.1873401621E-41
    0.8650000000E+00    0.6566273690E-22    0.4534018400E-23    0.5005415331E-07   -0.3182460346E-01   -0.4153305957E-38   -0.2089690564E-23   -0.2293753216E-39
    0.8650000000E+00    0.7035889022E-22    0.4858288246E-23    0.5122006431E-07   -0.6450258881E-01   -0.9020031813E-38   -0.4538330565E-23   -0.5337782025E-39
    0.8650000000E+00    0.7539090917E-22    0.5205749646E-23    0.5241313287E-07    0.1548574518E+01    0.2320400938E-36    0.1167484408E-21    0.1471349338E-37
    0.8650000000E+00    0.8078281461E-22    0.5578061244E-23    0.5363399157E-07    0.1357466331E+03    0.2179515644E-34    0.1096599510E-19    0.1480855751E-35
    0.8650000000E+00    0.8656034539E-22    0.5977000309E-23    0.5488328773E-07    0.7362251071E+03    0.1266606020E-33    0.6372789955E-19    0.9221345907E-35
    0.8650000000E+00    0.9275108115E-22    0.6404471218E-23    0.5616168372E-07   -0.3063771272E+04   -0.5647903445E-33   -0.2841680979E-18   -0.4405954716E-34
    0.8650000000E+00    0.9938457404E-22    0.6862514550E-23    0.5746985739E-07   -0.2401024606E+06   -0.4742720536E-31   -0.2386248077E-16   -0.3964425860E-32
    0.8650000000E+00    0.1064924897E-21    0.7353316823E-23    0.5880850233E-07   -0.1181681225E+08   -0.2501101168E-29   -0.1258401757E-14   -0.2240185721E-30
    0.8650000000E+00    0.1141087586E-21    0.7879220933E-23    0.6017832832E-07   -0.5183759122E+09   -0.1175643742E-27   -0.5915123183E-13   -0.1128310169E-28
    0.8650000000E+00    0.1222697377E-21    0.8442737340E-23    0.6158006166E-07   -0.1938535989E+11   -0.4710909834E-26   -0.2370242870E-11   -0.4844595904E-27
    0.8650000000E+00    0.1310143844E-21    0.9046556049E-23    0.6301444556E-07   -0.4530995745E+11   -0.1179843973E-25   -0.5936256184E-11   -0.1300101753E-26
    0.8650000000E+00    0.1403844422E-21    0.9693559452E-23    0.6448224056E-07    0.2127325426E+12    0.5935603124E-25    0.2986433932E-10    0.7008379657E-26
    0.8650000000E+00    0.1504246400E-21    0.1038683609E-22    0.6598422489E-07    0.8723406663E+13    0.2608056782E-23    0.1312215306E-08    0.3299664681E-24
    0.8650000000E+00    0.1611829057E-21    0.1112969539E-22    0.6752119493E-07    0.2300723010E+15    0.7370471309E-22    0.3708372200E-07    0.9991898773E-23
    0.8650000000E+00    0.1727105951E-21    0.1192568347E-22    0.6909396560E-07    0.5411362613E+16    0.1857537374E-20    0.9345996573E-06    0.2698300578E-21
    0.8650000000E+00    0.1850627369E-21    0.1277860007E-22    0.7070337081E-07    0.6572714670E+17    0.2417551327E-19    0.1216364566E-04    0.3762950184E-20
    0.8650000000E+00    0.1982982953E-21    0.1369251667E-22    0.7235026388E-07    0.6746697195E+17    0.2659023298E-19    0.1337858553E-04    0.4434808877E-20
    0.8650000000E+00    0.2124804516E-21    0.1467179595E-22    0.7403551802E-07   -0.6122018331E+18   -0.2585386934E-18   -0.1300809220E-03   -0.4620386596E-19
    0.8650000000E+00    0.2276769058E-21    0.1572111260E-22    0.7576002677E-07   -0.1292218679E+20   -0.5847455673E-17   -0.2942083504E-02   -0.1119746475E-17
    0.8650000000E+00    0.2439602000E-21    0.1684547565E-22    0.7752470448E-07   -0.1951722372E+21   -0.9463438501E-16   -0.4761425801E-01   -0.1941787629E-16
    0.8650000000E+00    0.2614080640E-21    0.1805025236E-22    0.7933048683E-07   -0.2640604465E+22   -0.1371937342E-14   -0.6902753009E+00   -0.3016386878E-15
    0.8650000000E+00    0.2801037871E-21    0.1934119387E-22    0.8117833125E-07   -0.3281708634E+23   -0.1826968012E-13   -0.9192190164E+01   -0.4304113440E-14
    0.8650000000E+00    0.3001366153E-21    0.2072446262E-22    0.8306921749E-07   -0.3766099273E+24   -0.2246584135E-12   -0.1130344289E+03   -0.5671206397E-13
    0.8650000000E+00    0.3216021775E-21    0.2220666179E-22    0.8500414813E-07   -0.1581805832E+25   -0.1011076686E-11   -0.5087122000E+03   -0.2734871100E-12
    0.8650000000E+00    0.3446029418E-21    0.2379486681E-22    0.8698414910E-07   -0.1335291053E+25   -0.9145487549E-12   -0.4601452249E+03   -0.2650694204E-12
    0.8650000000E+00    0.3692487048E-21    0.2549665916E-22    0.8901027021E-07    0.6308944582E+25    0.4630070848E-11    0.2329569616E+04    0.1437938799E-11
    0.8650000000E+00    0.3956571157E-21    0.2732016250E-22    0.9108358575E-07    0.8132430491E+26    0.6395158076E-10    0.3217653991E+05    0.2128158890E-10
    0.8650000000E+00    0.4239542377E-21    0.2927408154E-22    0.9320519501E-07    0.6817136380E+27    0.5744244357E-09    0.2890153857E+06    0.2048262773E-09
    0.8650000000E+00    0.4542751502E-21    0.3136774352E-22    0.9537622289E-07    0.5020460254E+28    0.4532882454E-08    0.2280670336E+07    0.1731917589E-08
    0.8650000000E+00    0.4867645933E-21    0.3361114274E-22    0.9759782052E-07    0.3396007013E+29    0.3285485103E-07    0.1653055973E+08    0.1345092862E-07
    0.8650000000E+00    0.5215776589E-21    0.3601498832E-22    0.9987116580E-07    0.2132337749E+30    0.2210481676E-06    0.1112179731E+09    0.9697051115E-07
    0.8650000000E+00    0.5588805307E-21    0.3859075526E-22    0.1021974641E-06    0.1247237146E+31    0.1385415239E-05    0.6970565578E+09    0.6512274918E-06
    0.8650000000E+00    0.5988512779E-21    0.4135073927E-22    0.1045779488E-06    0.6808017334E+31    0.8103107057E-05    0.4076989881E+10    0.4081354724E-05
    0.8650000000E+00    0.6416807053E-21    0.4430811541E-22    0.1070138822E-06    0.3471765567E+32    0.4427731891E-04    0.2227764978E+11    0.2389648814E-04
    0.8650000000E+00    0.6875732635E-21    0.4747700104E-22    0.1095065557E-06    0.1654957195E+33    0.2261609862E-03    0.1137904319E+12    0.1307887698E-03
    0.8650000000E+00    0.7367480256E-21    0.5087252317E-22    0.1120572911E-06    0.7374116245E+33    0.1079793984E-02    0.5432865584E+12    0.6691040660E-03
    0.8650000000E+00    0.7894397325E-21    0.5451089068E-22    0.1146674407E-06    0.3068938984E+34    0.4815253747E-02    0.2422742371E+13    0.3197215749E-02
    0.8650000000E+00    0.8458999137E-21    0.5840947171E-22    0.1173383885E-06    0.1181803001E+35    0.1986900011E-01    0.9996870563E+13    0.1413607296E-01
    0.8650000000E+00    0.9063980879E-21    0.6258687655E-22    0.1200715507E-06    0.3079299727E+35    0.5547315764E-01    0.2791071385E+14    0.4228980213E-01
    0.8650000000E+00    0.9712230494E-21    0.6706304648E-22    0.1228683764E-06    0.5195128693E+35    0.1002829807E+00    0.5045628731E+14    0.8191812434E-01
    0.8650000000E+00    0.1040684247E-20    0.7185934897E-22    0.1257303485E-06    0.6549348621E+35    0.1354656023E+00    0.6815803939E+14    0.1185719052E+00
    0.8650000000E+00    0.1115113261E-20    0.7699867968E-22    0.1286589846E-06    0.6720708562E+35    0.1489518793E+00    0.7494351244E+14    0.1397007548E+00
    0.8650000000E+00    0.1194865387E-20    0.8250557175E-22    0.1316558373E-06    0.6566752864E+35    0.1559486416E+00    0.7846385702E+14    0.1567235865E+00
    0.8650000000E+00    0.1280321329E-20    0.8840631292E-22    0.1347224957E-06    0.5719058772E+35    0.1455309899E+00    0.7322232930E+14    0.1567141636E+00
    0.8650000000E+00    0.1371889021E-20    0.9472907100E-22    0.1378605858E-06    0.3999203551E+35    0.1090446677E+00    0.5486463446E+14    0.1258221781E+00
    0.8650000000E+00    0.1470005571E-20    0.1015040283E-21    0.1410717713E-06    0.2306037726E+35    0.6737477561E-01    0.3389888304E+14    0.8330097745E-01
    0.8650000000E+00    0.1575139348E-20    0.1087635259E-21    0.1443577550E-06    0.1109313119E+35    0.3472842382E-01    0.1747322743E+14    0.4600847503E-01
    0.8650000000E+00    0.1687792220E-20    0.1165422177E-21    0.1477202791E-06    0.4435042739E+34    0.1487745801E-01    0.7485430631E+13    0.2111939626E-01
    0.8650000000E+00    0.1808501947E-20    0.1248772362E-21    0.1511611264E-06    0.1440732915E+34    0.5178624267E-02    0.2605568282E+13    0.7877114671E-02
    0.8650000000E+00    0.1937844750E-20    0.1338083694E-21    0.1546821213E-06    0.2834542908E+33    0.1091726770E-02    0.5492904093E+12    0.1779371889E-02
    0.8650000000E+00    0.2076438060E-20    0.1433782510E-21    0.1582851308E-06    0.1237267138E+31    0.5106159798E-05    0.2569108575E+10    0.8917583152E-05
    0.8650000000E+00    0.2224943467E-20    0.1536325639E-21    0.1619720651E-06    0.2998674013E+30    0.1326050855E-05    0.6671880156E+09    0.2481492378E-05
    0.8650000000E+00    0.2384069878E-20    0.1646202581E-21    0.1657448792E-06    0.7084839413E+29    0.3357074156E-06    0.1689075224E+09    0.6731528679E-06
    0.8650000000E+00    0.2554576900E-20    0.1763937846E-21    0.1696055734E-06    0.1116483657E+29    0.5668697657E-07    0.2852143360E+08    0.1217968510E-06
    0.8650000000E+00    0.2737278465E-20    0.1890093455E-21    0.1735561947E-06    0.1917945924E+28    0.1043439521E-07    0.5249952074E+07    0.2402260209E-07
    0.8650000000E+00    0.2933046719E-20    0.2025271626E-21    0.1775988378E-06    0.4701127820E+27    0.2740520048E-08    0.1378862753E+07    0.6760607907E-08
    0.8650000000E+00    0.3142816182E-20    0.2170117645E-21    0.1817356462E-06    0.1037058131E+27    0.6477896800E-09    0.3259283077E+06    0.1712327339E-08
    0.8650000000E+00    0.3367588212E-20    0.2325322952E-21    0.1859688132E-06    0.2474111681E+26    0.1655961455E-09    0.8331789332E+05    0.4690325567E-09
    0.8650000000E+00    0.3608435782E-20    0.2491628434E-21    0.1903005833E-06    0.3364621657E+25    0.2413054662E-10    0.1214102118E+05    0.7323520904E-10
    0.8650000000E+00    0.3866508602E-20    0.2669827968E-21    0.1947332533E-06    0.1101890320E+25    0.8467774652E-11    0.4260468402E+04    0.2753734448E-10
