    0.8700000000E+00    0.4143038610E-23    0.2860772210E-24    0.1992691735E-07    0.0000000000E+00    0.0000000000E+00    0.0000000000E+00    0.0000000000E+00
    0.8700000000E+00    0.4439345853E-23    0.3065372650E-24    0.2039107488E-07    0.0000000000E+00    0.0000000000E+00    0.0000000000E+00    0.0000000000E+00
    0.8700000000E+00    0.4756844785E-23    0.3284605973E-24    0.2086604403E-07    0.0000000000E+00    0.0000000000E+00    0.0000000000E+00    0.0000000000E+00
    0.8700000000E+00    0.5097051019E-23    0.3519518710E-24    0.2135207663E-07    0.0000000000E+00    0.0000000000E+00    0.0000000000E+00    0.0000000000E+00
    0.8700000000E+00    0.5461588566E-23    0.3771232243E-24    0.2184943039E-07    0.0000000000E+00    0.0000000000E+00    0.0000000000E+00    0.0000000000E+00
    0.8700000000E+00    0.5852197586E-23    0.4040948153E-24    0.2235836900E-07    0.0000000000E+00    0.0000000000E+00    0.0000000000E+00    0.0000000000E+00
    0.8700000000E+00    0.6270742692E-23    0.4329953957E-24    0.2287916232E-07    0.0000000000E+00    0.0000000000E+00    0.0000000000E+00    0.0000000000E+00
    0.8700000000E+00    0.6719221852E-23    0.4639629256E-24    0.2341208647E-07    0.0000000000E+00    0.0000000000E+00    0.0000000000E+00    0.0000000000E+00
    0.8700000000E+00    0.7199775931E-23    0.4971452317E-24    0.2395742402E-07    0.0000000000E+00    0.0000000000E+00    0.0000000000E+00    0.0000000000E+00
    0.8700000000E+00    0.7714698903E-23    0.5327007132E-24    0.2451546411E-07    0.0000000000E+00    0.0000000000E+00    0.0000000000E+00    0.0000000000E+00
    0.8700000000E+00    0.8266448809E-23    0.5707990981E-24    0.2508650263E-07    0.0000000000E+00    0.0000000000E+00    0.0000000000E+00    0.0000000000E+00
    0.8700000000E+00    0.8857659485E-23    0.6116222531E-24    0.2567084234E-07    0.0000000000E+00    0.0000000000E+00    0.0000000000E+00    0.0000000000E+00
    0.8700000000E+00    0.9491153137E-23    0.6553650517E-24    0.2626879307E-07    0.0000000000E+00    0.0000000000E+00    0.0000000000E+00    0.0000000000E+00
    0.8700000000E+00    0.1016995382E-22    0.7022363048E-24    0.2688067187E-07    0.0000000000E+00    0.0000000000E+00    0.0000000000E+00    0.0000000000E+00
    0.8700000000E+00    0.1089730185E-22    0.7524597575E-24    0.2750680315E-07    0.0000000000E+00    0.0000000000E+00    0.0000000000E+00    0.0000000000E+00
    0.8700000000E+00    0.1167666930E-22    0.8062751566E-24    0.2814751890E-07    0.0000000000E+00    0.0000000000E+00    0.0000000000E+00    0.0000000000E+00
    0.8700000000E+00    0.1251177658E-22    0.8639393956E-24    0.2880315884E-07    0.0000000000E+00    0.0000000000E+00    0.0000000000E+00    0.0000000000E+00
    0.8700000000E+00    0.1340661015E-22    0.9257277409E-24    0.2947407060E-07    0.0000000000E+00    0.0000000000E+00    0.0000000000E+00    0.0000000000E+00
    0.8700000000E+00    0.1436544159E-22    0.9919351458E-24    0.3016060990E-07    0.0000000000E+00    0.0000000000E+00    0.0000000000E+00    0.0000000000E+00
    0.8700000000E+00    0.1539284799E-22    0.1062877658E-23    0.3086314075E-07    0.0000000000E+00    0.0000000000E+00    0.0000000000E+00    0.0000000000E+00
    0.8700000000E+00    0.1649373379E-22    0.1138893930E-23    0.3158203565E-07    0.0000000000E+00    0.0000000000E+00    0.0000000000E+00    0.0000000000E+00
    0.8700000000E+00    0.1767335417E-22    0.1220346833E-23    0.3231767576E-07    0.0000000000E+00    0.0000000000E+00    0.0000000000E+00    0.0000000000E+00
    0.8700000000E+00    0.1893734018E-22    0.1307625190E-23    0.3307045113E-07    0.0000000000E+00    0.0000000000E+00    0.0000000000E+00    0.0000000000E+00
    0.8700000000E+00    0.2029172559E-22    0.1401145635E-23    0.3384076090E-07    0.0000000000E+00    0.0000000000E+00    0.0000000000E+00    0.0000000000E+00
    0.8700000000E+00    0.2174297571E-22    0.1501354598E-23    0.3462901348E-07    0.0000000000E+00    0.0000000000E+00    0.0000000000E+00    0.0000000000E+00
    0.8700000000E+00    0.2329801823E-22    0.1608730435E-23    0.3543562682E-07    0.0000000000E+00    0.0000000000E+00    0.0000000000E+00    0.0000000000E+00
    0.8700000000E+00    0.2496427630E-22    0.1723785718E-23    0.3626102861E-07    0.0000000000E+00    0.0000000000E+00    0.0000000000E+00    0.0000000000E+00
    0.8700000000E+00    0.2674970400E-22    0.1847069675E-23    0.3710565646E-07    0.0000000000E+00    0.0000000000E+00    0.0000000000E+00    0.0000000000E+00
    0.8700000000E+00    0.2866282424E-22    0.1979170815E-23    0.3796995823E-07    0.0000000000E+00    0.0000000000E+00    0.0000000000E+00    0.0000000000E+00
    0.8700000000E+00    0.3071276952E-22    0.2120719737E-23    0.3885439218E-07   -0.6915139492E-15   -0.4221160534E-52   -0.2123830854E-37   -0.1082221254E-53
    0.8700000000E+00    0.3290932546E-22    0.2272392139E-23    0.3975942724E-07   -0.8049092263E-14   -0.5264750923E-51   -0.2648901969E-36   -0.1446312099E-52
    0.8700000000E+00    0.3526297755E-22    0.2434912046E-23    0.4068554327E-07   -0.1613064329E-13   -0.1130531353E-50   -0.5688145121E-36   -0.3327873435E-52
    0.8700000000E+00    0.3778496121E-22    0.2609055264E-23    0.4163323131E-07    0.5967846345E-12    0.4481759592E-49    0.2254948426E-34    0.1413620213E-50
    0.8700000000E+00    0.4048731538E-22    0.2795653084E-23    0.4260299385E-07    0.2151762496E-11    0.1731511011E-48    0.8711908681E-34    0.5852069126E-50
    0.8700000000E+00    0.4338294005E-22    0.2995596250E-23    0.4359534505E-07   -0.9145589958E-10   -0.7885743558E-47   -0.3967625808E-32   -0.2855793755E-48
    0.8700000000E+00    0.4648565778E-22    0.3209839213E-23    0.4461081109E-07   -0.8917759673E-09   -0.8239231171E-46   -0.4145479243E-31   -0.3197207904E-47
    0.8700000000E+00    0.4981027973E-22    0.3439404683E-23    0.4564993037E-07    0.1051491146E-07    0.1040965998E-44    0.5237506813E-30    0.4328333678E-46
    0.8700000000E+00    0.5337267633E-22    0.3685388516E-23    0.4671325384E-07    0.1942353386E-06    0.2060436197E-43    0.1036685986E-28    0.9180014361E-45
    0.8700000000E+00    0.5718985306E-22    0.3948964943E-23    0.4780134531E-07   -0.7913690905E-06   -0.8995183087E-43   -0.4525828200E-28   -0.4294317958E-44
    0.8700000000E+00    0.6128003161E-22    0.4231392172E-23    0.4891478167E-07   -0.1572293671E-03   -0.1914981532E-40   -0.9635020585E-26   -0.9796000077E-42
    0.8700000000E+00    0.6566273690E-22    0.4534018400E-23    0.5005415331E-07   -0.1894282667E-01   -0.2472155071E-38   -0.1243837844E-23   -0.1355064286E-39
    0.8700000000E+00    0.7035889022E-22    0.4858288246E-23    0.5122006431E-07   -0.5778413469E-01   -0.8080524252E-38   -0.4065627589E-23   -0.4745956221E-39
    0.8700000000E+00    0.7539090917E-22    0.5205749646E-23    0.5241313287E-07    0.8218970346E+00    0.1231539476E-36    0.6196356468E-22    0.7750550087E-38
    0.8700000000E+00    0.8078281461E-22    0.5578061244E-23    0.5363399157E-07    0.7621629683E+02    0.1223710728E-34    0.6156966977E-20    0.8252071025E-36
    0.8700000000E+00    0.8656034539E-22    0.5977000309E-23    0.5488328773E-07    0.6010981307E+03    0.1034132772E-33    0.5203126181E-19    0.7472406526E-35
    0.8700000000E+00    0.9275108115E-22    0.6404471218E-23    0.5616168372E-07   -0.1474175935E+04   -0.2717566882E-33   -0.1367314118E-18   -0.2104090575E-34
    0.8700000000E+00    0.9938457404E-22    0.6862514550E-23    0.5746985739E-07   -0.1405412553E+06   -0.2776097737E-31   -0.1396763279E-16   -0.2303132596E-32
    0.8700000000E+00    0.1064924897E-21    0.7353316823E-23    0.5880850233E-07   -0.7045305731E+07   -0.1491182396E-29   -0.7502721481E-15   -0.1325607516E-30
    0.8700000000E+00    0.1141087586E-21    0.7879220933E-23    0.6017832832E-07   -0.3134928493E+09   -0.7109819299E-28   -0.3577227986E-13   -0.6772402366E-29
    0.8700000000E+00    0.1222697377E-21    0.8442737340E-23    0.6158006166E-07   -0.1258929282E+11   -0.3059371799E-26   -0.1539289532E-11   -0.3122600672E-27
    0.8700000000E+00    0.1310143844E-21    0.9046556049E-23    0.6301444556E-07   -0.4112387199E+11   -0.1070840831E-25   -0.5387818774E-11   -0.1171140803E-26
    0.8700000000E+00    0.1403844422E-21    0.9693559452E-23    0.6448224056E-07    0.1150320328E+12    0.3209591184E-25    0.1614870776E-10    0.3761264787E-26
    0.8700000000E+00    0.1504246400E-21    0.1038683609E-22    0.6598422489E-07    0.5535974012E+13    0.1655102774E-23    0.8327468975E-09    0.2078304397E-24
    0.8700000000E+00    0.1611829057E-21    0.1112969539E-22    0.6752119493E-07    0.1488651431E+15    0.4768962893E-22    0.2399451633E-07    0.6416646777E-23
    0.8700000000E+00    0.1727105951E-21    0.1192568347E-22    0.6909396560E-07    0.3548629250E+16    0.1218124146E-20    0.6128858697E-06    0.1756207153E-21
    0.8700000000E+00    0.1850627369E-21    0.1277860007E-22    0.7070337081E-07    0.5283907367E+17    0.1943507045E-19    0.9778543587E-05    0.3002412150E-20
    0.8700000000E+00    0.1982982953E-21    0.1369251667E-22    0.7235026388E-07    0.6682853429E+17    0.2633861050E-19    0.1325198442E-04    0.4359905235E-20
    0.8700000000E+00    0.2124804516E-21    0.1467179595E-22    0.7403551802E-07   -0.3808794905E+18   -0.1608490541E-18   -0.8092944613E-04   -0.2853006106E-19
    0.8700000000E+00    0.2276769058E-21    0.1572111260E-22    0.7576002677E-07   -0.8844234649E+19   -0.4002129896E-17   -0.2013627979E-02   -0.7606333622E-18
    0.8700000000E+00    0.2439602000E-21    0.1684547565E-22    0.7752470448E-07   -0.1361701776E+21   -0.6602568687E-16   -0.3322010377E-01   -0.1344612418E-16
    0.8700000000E+00    0.2614080640E-21    0.1805025236E-22    0.7933048683E-07   -0.1866160279E+22   -0.9695715534E-15   -0.4878293455E+00   -0.2115748564E-15
    0.8700000000E+00    0.2801037871E-21    0.1934119387E-22    0.8117833125E-07   -0.2346943530E+23   -0.1306572653E-13   -0.6573877709E+01   -0.3055046000E-14
    0.8700000000E+00    0.3001366153E-21    0.2072446262E-22    0.8306921749E-07   -0.2724694869E+24   -0.1625357119E-12   -0.8177806959E+02   -0.4072236457E-13
    0.8700000000E+00    0.3216021775E-21    0.2220666179E-22    0.8500414813E-07   -0.1417822578E+25   -0.9062600005E-12   -0.4559748286E+03   -0.2432971389E-12
    0.8700000000E+00    0.3446029418E-21    0.2379486681E-22    0.8698414910E-07   -0.1373160564E+25   -0.9404858077E-12   -0.4731951700E+03   -0.2705430838E-12
    0.8700000000E+00    0.3692487048E-21    0.2549665916E-22    0.8901027021E-07    0.4111192467E+25    0.3017162719E-11    0.1518052494E+04    0.9299999445E-12
    0.8700000000E+00    0.3956571157E-21    0.2732016250E-22    0.9108358575E-07    0.6051286775E+26    0.4758594068E-10    0.2394234671E+05    0.1571675375E-10
    0.8700000000E+00    0.4239542377E-21    0.2927408154E-22    0.9320519501E-07    0.5197104281E+27    0.4379175547E-09    0.2203334384E+06    0.1549803170E-09
    0.8700000000E+00    0.4542751502E-21    0.3136774352E-22    0.9537622289E-07    0.3879194911E+28    0.3502454687E-08    0.1762221851E+07    0.1328179323E-08
    0.8700000000E+00    0.4867645933E-21    0.3361114274E-22    0.9759782052E-07    0.2653716345E+29    0.2567352036E-07    0.1291735158E+08    0.1043204887E-07
    0.8700000000E+00    0.5215776589E-21    0.3601498832E-22    0.9987116580E-07    0.1684048489E+30    0.1745763929E-06    0.8783620681E+08    0.7600982026E-07
    0.8700000000E+00    0.5588805307E-21    0.3859075526E-22    0.1021974641E-06    0.9952609042E+30    0.1105523219E-05    0.5562319423E+09    0.5157652265E-06
    0.8700000000E+00    0.5988512779E-21    0.4135073927E-22    0.1045779488E-06    0.5488002932E+31    0.6531986201E-05    0.3286497569E+10    0.3265347819E-05
    0.8700000000E+00    0.6416807053E-21    0.4430811541E-22    0.1070138822E-06    0.2826717330E+32    0.3605066709E-04    0.1813849970E+11    0.1931067680E-04
    0.8700000000E+00    0.6875732635E-21    0.4747700104E-22    0.1095065557E-06    0.1360831745E+33    0.1859667733E-03    0.9356715239E+11    0.1067381191E-03
    0.8700000000E+00    0.7367480256E-21    0.5087252317E-22    0.1120572911E-06    0.6123229658E+33    0.8966262975E-03    0.4511277361E+12    0.5514366943E-03
    0.8700000000E+00    0.7894397325E-21    0.5451089068E-22    0.1146674407E-06    0.2573384185E+34    0.4037713980E-02    0.2031531723E+13    0.2660846008E-02
    0.8700000000E+00    0.8458999137E-21    0.5840947171E-22    0.1173383885E-06    0.1007988996E+35    0.1694676141E-01    0.8526578049E+13    0.1196660359E-01
    0.8700000000E+00    0.9063980879E-21    0.6258687655E-22    0.1200715507E-06    0.2808170183E+35    0.5058879649E-01    0.2545320084E+14    0.3827705687E-01
    0.8700000000E+00    0.9712230494E-21    0.6706304648E-22    0.1228683764E-06    0.4941405129E+35    0.9538528586E-01    0.4799206558E+14    0.7733312770E-01
    0.8700000000E+00    0.1040684247E-20    0.7185934897E-22    0.1257303485E-06    0.6424905853E+35    0.1328916495E+00    0.6686298310E+14    0.1154467953E+00
    0.8700000000E+00    0.1115113261E-20    0.7699867968E-22    0.1286589846E-06    0.6687973951E+35    0.1482263781E+00    0.7457848445E+14    0.1379779495E+00
    0.8700000000E+00    0.1194865387E-20    0.8250557175E-22    0.1316558373E-06    0.6565600559E+35    0.1559212764E+00    0.7845008854E+14    0.1555211901E+00
    0.8700000000E+00    0.1280321329E-20    0.8840631292E-22    0.1347224957E-06    0.5835777235E+35    0.1485010859E+00    0.7471670068E+14    0.1587134818E+00
    0.8700000000E+00    0.1371889021E-20    0.9472907100E-22    0.1378605858E-06    0.4172295213E+35    0.1137642881E+00    0.5723925996E+14    0.1302837178E+00
    0.8700000000E+00    0.1470005571E-20    0.1015040283E-21    0.1410717713E-06    0.2451927944E+35    0.7163720403E-01    0.3604347738E+14    0.8790687001E-01
    0.8700000000E+00    0.1575139348E-20    0.1087635259E-21    0.1443577550E-06    0.1199373556E+35    0.3754787756E-01    0.1889180481E+14    0.4937073387E-01
    0.8700000000E+00    0.1687792220E-20    0.1165422177E-21    0.1477202791E-06    0.4870522053E+34    0.1633828389E-01    0.8220429228E+13    0.2301922128E-01
    0.8700000000E+00    0.1808501947E-20    0.1248772362E-21    0.1511611264E-06    0.1608849793E+34    0.5782909859E-02    0.2909607983E+13    0.8730329045E-02
    0.8700000000E+00    0.1937844750E-20    0.1338083694E-21    0.1546821213E-06    0.3363202012E+33    0.1295340302E-02    0.6517363362E+12    0.2095405444E-02
    0.8700000000E+00    0.2076438060E-20    0.1433782510E-21    0.1582851308E-06    0.1651251702E+31    0.6814660147E-05    0.3428721880E+10    0.1181213473E-04
    0.8700000000E+00    0.2224943467E-20    0.1536325639E-21    0.1619720651E-06    0.3196239208E+30    0.1413416635E-05    0.7111451546E+09    0.2625151598E-05
    0.8700000000E+00    0.2384069878E-20    0.1646202581E-21    0.1657448792E-06    0.7574937890E+29    0.3589301993E-06    0.1805918125E+09    0.7143222697E-06
    0.8700000000E+00    0.2554576900E-20    0.1763937846E-21    0.1696055734E-06    0.1207067092E+29    0.6128614919E-07    0.3083545711E+08    0.1306912536E-06
    0.8700000000E+00    0.2737278465E-20    0.1890093455E-21    0.1735561947E-06    0.2033099625E+28    0.1106087754E-07    0.5565159822E+07    0.2527398795E-07
    0.8700000000E+00    0.2933046719E-20    0.2025271626E-21    0.1775988378E-06    0.4983099944E+27    0.2904895552E-08    0.1461566494E+07    0.7112376058E-08
    0.8700000000E+00    0.3142816182E-20    0.2170117645E-21    0.1817356462E-06    0.1098931669E+27    0.6864384674E-09    0.3453740233E+06    0.1800884262E-08
    0.8700000000E+00    0.3367588212E-20    0.2325322952E-21    0.1859688132E-06    0.2623848334E+26    0.1756182527E-09    0.8836040722E+05    0.4936894445E-09
    0.8700000000E+00    0.3608435782E-20    0.2491628434E-21    0.1903005833E-06    0.3605110500E+25    0.2585529544E-10    0.1300880973E+05    0.7788139008E-10
    0.8700000000E+00    0.3866508602E-20    0.2669827968E-21    0.1947332533E-06    0.1182388102E+25    0.9086381661E-11    0.4571713767E+04    0.2932750818E-10
