    0.8100000000E+00    0.4143038610E-23    0.2860772210E-24    0.1992691735E-07    0.0000000000E+00    0.0000000000E+00    0.0000000000E+00    0.0000000000E+00
    0.8100000000E+00    0.4439345853E-23    0.3065372650E-24    0.2039107488E-07    0.0000000000E+00    0.0000000000E+00    0.0000000000E+00    0.0000000000E+00
    0.8100000000E+00    0.4756844785E-23    0.3284605973E-24    0.2086604403E-07    0.0000000000E+00    0.0000000000E+00    0.0000000000E+00    0.0000000000E+00
    0.8100000000E+00    0.5097051019E-23    0.3519518710E-24    0.2135207663E-07    0.0000000000E+00    0.0000000000E+00    0.0000000000E+00    0.0000000000E+00
    0.8100000000E+00    0.5461588566E-23    0.3771232243E-24    0.2184943039E-07    0.0000000000E+00    0.0000000000E+00    0.0000000000E+00    0.0000000000E+00
    0.8100000000E+00    0.5852197586E-23    0.4040948153E-24    0.2235836900E-07    0.0000000000E+00    0.0000000000E+00    0.0000000000E+00    0.0000000000E+00
    0.8100000000E+00    0.6270742692E-23    0.4329953957E-24    0.2287916232E-07    0.0000000000E+00    0.0000000000E+00    0.0000000000E+00    0.0000000000E+00
    0.8100000000E+00    0.6719221852E-23    0.4639629256E-24    0.2341208647E-07    0.0000000000E+00    0.0000000000E+00    0.0000000000E+00    0.0000000000E+00
    0.8100000000E+00    0.7199775931E-23    0.4971452317E-24    0.2395742402E-07    0.0000000000E+00    0.0000000000E+00    0.0000000000E+00    0.0000000000E+00
    0.8100000000E+00    0.7714698903E-23    0.5327007132E-24    0.2451546411E-07    0.0000000000E+00    0.0000000000E+00    0.0000000000E+00    0.0000000000E+00
    0.8100000000E+00    0.8266448809E-23    0.5707990981E-24    0.2508650263E-07    0.0000000000E+00    0.0000000000E+00    0.0000000000E+00    0.0000000000E+00
    0.8100000000E+00    0.8857659485E-23    0.6116222531E-24    0.2567084234E-07    0.0000000000E+00    0.0000000000E+00    0.0000000000E+00    0.0000000000E+00
    0.8100000000E+00    0.9491153137E-23    0.6553650517E-24    0.2626879307E-07    0.0000000000E+00    0.0000000000E+00    0.0000000000E+00    0.0000000000E+00
    0.8100000000E+00    0.1016995382E-22    0.7022363048E-24    0.2688067187E-07    0.0000000000E+00    0.0000000000E+00    0.0000000000E+00    0.0000000000E+00
    0.8100000000E+00    0.1089730185E-22    0.7524597575E-24    0.2750680315E-07    0.0000000000E+00    0.0000000000E+00    0.0000000000E+00    0.0000000000E+00
    0.8100000000E+00    0.1167666930E-22    0.8062751566E-24    0.2814751890E-07    0.0000000000E+00    0.0000000000E+00    0.0000000000E+00    0.0000000000E+00
    0.8100000000E+00    0.1251177658E-22    0.8639393956E-24    0.2880315884E-07    0.0000000000E+00    0.0000000000E+00    0.0000000000E+00    0.0000000000E+00
    0.8100000000E+00    0.1340661015E-22    0.9257277409E-24    0.2947407060E-07    0.0000000000E+00    0.0000000000E+00    0.0000000000E+00    0.0000000000E+00
    0.8100000000E+00    0.1436544159E-22    0.9919351458E-24    0.3016060990E-07    0.0000000000E+00    0.0000000000E+00    0.0000000000E+00    0.0000000000E+00
    0.8100000000E+00    0.1539284799E-22    0.1062877658E-23    0.3086314075E-07    0.0000000000E+00    0.0000000000E+00    0.0000000000E+00    0.0000000000E+00
    0.8100000000E+00    0.1649373379E-22    0.1138893930E-23    0.3158203565E-07   -0.1447401019E-15   -0.4744820614E-53   -0.2387304709E-38   -0.7292493918E-55
    0.8100000000E+00    0.1767335417E-22    0.1220346833E-23    0.3231767576E-07   -0.2545523151E-15   -0.8941450469E-53   -0.4498793219E-38   -0.1472530344E-54
    0.8100000000E+00    0.1893734018E-22    0.1307625190E-23    0.3307045113E-07   -0.3524674929E-15   -0.1326630548E-52   -0.6674796816E-38   -0.2341026183E-54
    0.8100000000E+00    0.2029172559E-22    0.1401145635E-23    0.3384076090E-07   -0.3373843790E-15   -0.1360679666E-52   -0.6846111238E-38   -0.2572836406E-54
    0.8100000000E+00    0.2174297571E-22    0.1501354598E-23    0.3462901348E-07    0.7758761932E-15    0.3352921226E-52    0.1686985722E-37    0.6793281760E-54
    0.8100000000E+00    0.2329801823E-22    0.1608730435E-23    0.3543562682E-07    0.3817668234E-14    0.1767783631E-51    0.8894410410E-37    0.3837826930E-53
    0.8100000000E+00    0.2496427630E-22    0.1723785718E-23    0.3626102861E-07    0.8942065913E-15    0.4436789155E-52    0.2232322042E-37    0.1032107820E-53
    0.8100000000E+00    0.2674970400E-22    0.1847069675E-23    0.3710565646E-07   -0.5471235871E-13   -0.2908816747E-50   -0.1463539401E-35   -0.7250578180E-52
    0.8100000000E+00    0.2866282424E-22    0.1979170815E-23    0.3796995823E-07   -0.2522802605E-12   -0.1437190026E-49   -0.7231064767E-35   -0.3838578906E-51
    0.8100000000E+00    0.3071276952E-22    0.2120719737E-23    0.3885439218E-07   -0.1712725862E-12   -0.1045487343E-49   -0.5260255465E-35   -0.2992092787E-51
    0.8100000000E+00    0.3290932546E-22    0.2272392139E-23    0.3975942724E-07    0.3292165537E-11    0.2153339903E-48    0.1083429471E-33    0.6603419166E-50
    0.8100000000E+00    0.3526297755E-22    0.2434912046E-23    0.4068554327E-07    0.7059912661E-10    0.4948006395E-47    0.2489535417E-32    0.1625872667E-48
    0.8100000000E+00    0.3778496121E-22    0.2609055264E-23    0.4163323131E-07    0.3726477313E-10    0.2798526383E-47    0.1408048007E-32    0.9853390241E-49
    0.8100000000E+00    0.4048731538E-22    0.2795653084E-23    0.4260299385E-07   -0.1371441239E-07   -0.1103590945E-44   -0.5552597399E-30   -0.4163555961E-46
    0.8100000000E+00    0.4338294005E-22    0.2995596250E-23    0.4359534505E-07   -0.3365046307E-07   -0.2901495952E-44   -0.1459856022E-29   -0.1172946616E-45
    0.8100000000E+00    0.4648565778E-22    0.3209839213E-23    0.4461081109E-07    0.1371980453E-05    0.1267590127E-42    0.6377741382E-28    0.5490793685E-44
    0.8100000000E+00    0.4981027973E-22    0.3439404683E-23    0.4564993037E-07    0.6936172331E-05    0.6866743082E-42    0.3454926840E-27    0.3187183559E-43
    0.8100000000E+00    0.5337267633E-22    0.3685388516E-23    0.4671325384E-07   -0.1011929448E-03   -0.1073448363E-40   -0.5400938288E-26   -0.5338723589E-42
    0.8100000000E+00    0.5718985306E-22    0.3948964943E-23    0.4780134531E-07   -0.1390722162E-01   -0.1580779515E-38   -0.7953519608E-24   -0.8424178820E-40
    0.8100000000E+00    0.6128003161E-22    0.4231392172E-23    0.4891478167E-07   -0.7715290234E+00   -0.9396869420E-37   -0.4727932294E-22   -0.5365861634E-38
    0.8100000000E+00    0.6566273690E-22    0.4534018400E-23    0.5005415331E-07   -0.6962316811E+00   -0.9086250490E-37   -0.4571647770E-22   -0.5559567187E-38
    0.8100000000E+00    0.7035889022E-22    0.4858288246E-23    0.5122006431E-07    0.5957966794E+02    0.8331611337E-35    0.4191959316E-20    0.5462422395E-36
    0.8100000000E+00    0.7539090917E-22    0.5205749646E-23    0.5241313287E-07    0.3866120937E+04    0.5793037757E-33    0.2914703724E-18    0.4069702255E-34
    0.8100000000E+00    0.8078281461E-22    0.5578061244E-23    0.5363399157E-07    0.7088506784E+04    0.1138113784E-32    0.5726295294E-18    0.8567260273E-34
    0.8100000000E+00    0.8656034539E-22    0.5977000309E-23    0.5488328773E-07   -0.1106613493E+06   -0.1903824385E-31   -0.9578884617E-17   -0.1535617890E-32
    0.8100000000E+00    0.9275108115E-22    0.6404471218E-23    0.5616168372E-07   -0.6363532278E+07   -0.1173084173E-29   -0.5902244987E-15   -0.1013877425E-30
    0.8100000000E+00    0.9938457404E-22    0.6862514550E-23    0.5746985739E-07   -0.2844356637E+09   -0.5618429981E-28   -0.2826851727E-13   -0.5203208759E-29
    0.8100000000E+00    0.1064924897E-21    0.7353316823E-23    0.5880850233E-07   -0.1140970469E+11   -0.2414934345E-26   -0.1215047860E-11   -0.2396412663E-27
    0.8100000000E+00    0.1141087586E-21    0.7879220933E-23    0.6017832832E-07   -0.2158321553E+12   -0.4894936604E-25   -0.2462833931E-10   -0.5204791650E-26
    0.8100000000E+00    0.1222697377E-21    0.8442737340E-23    0.6158006166E-07   -0.2019797385E+12   -0.4908386234E-25   -0.2469600965E-10   -0.5592358538E-26
    0.8100000000E+00    0.1310143844E-21    0.9046556049E-23    0.6301444556E-07    0.4702078017E+13    0.1224392765E-23    0.6160398569E-09    0.1494779153E-24
    0.8100000000E+00    0.1403844422E-21    0.9693559452E-23    0.6448224056E-07    0.1420705933E+15    0.3964013438E-22    0.1994450099E-07    0.5185509041E-23
    0.8100000000E+00    0.1504246400E-21    0.1038683609E-22    0.6598422489E-07    0.3403007702E+16    0.1017404973E-20    0.5118962083E-06    0.1426100505E-21
    0.8100000000E+00    0.1611829057E-21    0.1112969539E-22    0.6752119493E-07    0.7354642651E+17    0.2356093385E-19    0.1185442673E-04    0.3538740998E-20
    0.8100000000E+00    0.1727105951E-21    0.1192568347E-22    0.6909396560E-07    0.3138536259E+18    0.1077353121E-18    0.5420584652E-04    0.1733861295E-19
    0.8100000000E+00    0.1850627369E-21    0.1277860007E-22    0.7070337081E-07   -0.3456678672E+16   -0.1271422621E-20   -0.6397024156E-06   -0.2192533368E-21
    0.8100000000E+00    0.1982982953E-21    0.1369251667E-22    0.7235026388E-07   -0.7974685192E+19   -0.3143000657E-17   -0.1581366479E-02   -0.5807654198E-18
    0.8100000000E+00    0.2124804516E-21    0.1467179595E-22    0.7403551802E-07   -0.1313821714E+21   -0.5548394840E-16   -0.2791614310E-01   -0.1098559634E-16
    0.8100000000E+00    0.2276769058E-21    0.1572111260E-22    0.7576002677E-07   -0.1801612943E+22   -0.8152530215E-15   -0.4101856604E+00   -0.1729612020E-15
    0.8100000000E+00    0.2439602000E-21    0.1684547565E-22    0.7752470448E-07   -0.2244848321E+23   -0.1088473665E-13   -0.5476536453E+01   -0.2474424481E-14
    0.8100000000E+00    0.2614080640E-21    0.1805025236E-22    0.7933048683E-07   -0.2575269903E+24   -0.1337992491E-12   -0.6731963196E+02   -0.3259192062E-13
    0.8100000000E+00    0.2801037871E-21    0.1934119387E-22    0.8117833125E-07   -0.2174705310E+25   -0.1210685494E-11   -0.6091431931E+03   -0.3160003885E-12
    0.8100000000E+00    0.3001366153E-21    0.2072446262E-22    0.8306921749E-07   -0.3478180367E+25   -0.2074832410E-11   -0.1043929283E+04   -0.5802822695E-12
    0.8100000000E+00    0.3216021775E-21    0.2220666179E-22    0.8500414813E-07    0.5706636107E+24    0.3647632729E-12    0.1835266599E+03    0.1093118845E-12
    0.8100000000E+00    0.3446029418E-21    0.2379486681E-22    0.8698414910E-07    0.4933699093E+26    0.3379119746E-10    0.1700167222E+05    0.1085075256E-10
    0.8100000000E+00    0.3692487048E-21    0.2549665916E-22    0.8901027021E-07    0.4562118557E+27    0.3348092832E-09    0.1684556369E+06    0.1152003421E-09
    0.8100000000E+00    0.3956571157E-21    0.2732016250E-22    0.9108358575E-07    0.3423671836E+28    0.2692297538E-08    0.1354600124E+07    0.9926115672E-09
    0.8100000000E+00    0.4239542377E-21    0.2927408154E-22    0.9320519501E-07    0.2324652072E+29    0.1958794544E-07    0.9855460969E+07    0.7738292887E-08
    0.8100000000E+00    0.4542751502E-21    0.3136774352E-22    0.9537622289E-07    0.1459508336E+30    0.1317763590E-06    0.6630183687E+08    0.5578196149E-07
    0.8100000000E+00    0.4867645933E-21    0.3361114274E-22    0.9759782052E-07    0.8525340206E+30    0.8247885866E-06    0.4149833759E+09    0.3741096582E-06
    0.8100000000E+00    0.5215776589E-21    0.3601498832E-22    0.9987116580E-07    0.4645217827E+31    0.4815451443E-05    0.2422841839E+10    0.2340417225E-05
    0.8100000000E+00    0.5588805307E-21    0.3859075526E-22    0.1021974641E-06    0.2364840554E+32    0.2626834964E-04    0.1321663344E+11    0.1368009351E-04
    0.8100000000E+00    0.5988512779E-21    0.4135073927E-22    0.1045779488E-06    0.1126191945E+33    0.1340427536E-03    0.6744214855E+11    0.7479965907E-04
    0.8100000000E+00    0.6416807053E-21    0.4430811541E-22    0.1070138822E-06    0.5020361959E+33    0.6402741290E-03    0.3221469403E+12    0.3828443408E-03
    0.8100000000E+00    0.6875732635E-21    0.4747700104E-22    0.1095065557E-06    0.2094939971E+34    0.2862875797E-02    0.1440424713E+13    0.1834251085E-02
    0.8100000000E+00    0.7367480256E-21    0.5087252317E-22    0.1120572911E-06    0.8176321982E+34    0.1197261203E-01    0.6023889077E+13    0.8219495976E-02
    0.8100000000E+00    0.7894397325E-21    0.5451089068E-22    0.1146674407E-06    0.2492108912E+35    0.3910190733E-01    0.1967369793E+14    0.2876432717E-01
    0.8100000000E+00    0.8458999137E-21    0.5840947171E-22    0.1173383885E-06    0.4742278234E+35    0.7972930067E-01    0.4011492749E+14    0.6284550675E-01
    0.8100000000E+00    0.9063980879E-21    0.6258687655E-22    0.1200715507E-06    0.6610637333E+35    0.1190897150E+00    0.5991869038E+14    0.1005843778E+00
    0.8100000000E+00    0.9712230494E-21    0.6706304648E-22    0.1228683764E-06    0.7275439860E+35    0.1404397925E+00    0.7066074886E+14    0.1271002652E+00
    0.8100000000E+00    0.1040684247E-20    0.7185934897E-22    0.1257303485E-06    0.7226030445E+35    0.1494619730E+00    0.7520016053E+14    0.1449395767E+00
    0.8100000000E+00    0.1115113261E-20    0.7699867968E-22    0.1286589846E-06    0.6787089653E+35    0.1504230914E+00    0.7568373679E+14    0.1563042503E+00
    0.8100000000E+00    0.1194865387E-20    0.8250557175E-22    0.1316558373E-06    0.5327798878E+35    0.1265256992E+00    0.6366002469E+14    0.1408753551E+00
    0.8100000000E+00    0.1280321329E-20    0.8840631292E-22    0.1347224957E-06    0.3435915574E+35    0.8743260294E-01    0.4399075996E+14    0.1043108983E+00
    0.8100000000E+00    0.1371889021E-20    0.9472907100E-22    0.1378605858E-06    0.1871092946E+35    0.5101833549E-01    0.2566931870E+14    0.6522026560E-01
    0.8100000000E+00    0.1470005571E-20    0.1015040283E-21    0.1410717713E-06    0.8700401701E+34    0.2541968875E-01    0.1278963897E+14    0.3481981876E-01
    0.8100000000E+00    0.1575139348E-20    0.1087635259E-21    0.1443577550E-06    0.3451731803E+34    0.1080607476E-01    0.5436958582E+13    0.1586076920E-01
    0.8100000000E+00    0.1687792220E-20    0.1165422177E-21    0.1477202791E-06    0.1148931512E+34    0.3854118513E-02    0.1939157667E+13    0.6061517212E-02
    0.8100000000E+00    0.1808501947E-20    0.1248772362E-21    0.1511611264E-06    0.2812516921E+33    0.1010941600E-02    0.5086442328E+12    0.1703657720E-02
    0.8100000000E+00    0.1937844750E-20    0.1338083694E-21    0.1546821213E-06    0.1090901857E+32    0.4201618385E-04    0.2113998435E+11    0.7587048888E-04
    0.8100000000E+00    0.2076438060E-20    0.1433782510E-21    0.1582851308E-06    0.5208831775E+30    0.2149667327E-05    0.1081581655E+10    0.4159369791E-05
    0.8100000000E+00    0.2224943467E-20    0.1536325639E-21    0.1619720651E-06    0.1270730516E+30    0.5619328009E-06    0.2827303560E+09    0.1165039529E-05
    0.8100000000E+00    0.2384069878E-20    0.1646202581E-21    0.1657448792E-06    0.2838637103E+29    0.1345057340E-06    0.6767509212E+08    0.2988113410E-06
    0.8100000000E+00    0.2554576900E-20    0.1763937846E-21    0.1696055734E-06    0.4416156869E+28    0.2242205512E-07    0.1128141232E+08    0.5337423869E-07
    0.8100000000E+00    0.2737278465E-20    0.1890093455E-21    0.1735561947E-06    0.8813077444E+27    0.4794667668E-08    0.2412384710E+07    0.1222967140E-07
    0.8100000000E+00    0.2933046719E-20    0.2025271626E-21    0.1775988378E-06    0.2162540934E+27    0.1260652126E-08    0.6342833590E+06    0.3445494321E-08
    0.8100000000E+00    0.3142816182E-20    0.2170117645E-21    0.1817356462E-06    0.4774006177E+26    0.2982042993E-09    0.1500382387E+06    0.8733135091E-09
    0.8100000000E+00    0.3367588212E-20    0.2325322952E-21    0.1859688132E-06    0.1119256485E+26    0.7491357855E-10    0.3769194947E+05    0.2350806166E-09
    0.8100000000E+00    0.3608435782E-20    0.2491628434E-21    0.1903005833E-06    0.1289243827E+25    0.9246257514E-11    0.4652153557E+04    0.3109011027E-10
    0.8100000000E+00    0.3866508602E-20    0.2669827968E-21    0.1947332533E-06    0.4320205287E+24    0.3319978780E-11    0.1670411090E+04    0.1196166363E-10
