    0.9840000000E+00    0.4143038610E-23    0.2860772210E-24    0.1992691735E-07    0.0000000000E+00    0.0000000000E+00    0.0000000000E+00    0.0000000000E+00
    0.9840000000E+00    0.4439345853E-23    0.3065372650E-24    0.2039107488E-07    0.0000000000E+00    0.0000000000E+00    0.0000000000E+00    0.0000000000E+00
    0.9840000000E+00    0.4756844785E-23    0.3284605973E-24    0.2086604403E-07    0.0000000000E+00    0.0000000000E+00    0.0000000000E+00    0.0000000000E+00
    0.9840000000E+00    0.5097051019E-23    0.3519518710E-24    0.2135207663E-07    0.0000000000E+00    0.0000000000E+00    0.0000000000E+00    0.0000000000E+00
    0.9840000000E+00    0.5461588566E-23    0.3771232243E-24    0.2184943039E-07    0.0000000000E+00    0.0000000000E+00    0.0000000000E+00    0.0000000000E+00
    0.9840000000E+00    0.5852197586E-23    0.4040948153E-24    0.2235836900E-07    0.0000000000E+00    0.0000000000E+00    0.0000000000E+00    0.0000000000E+00
    0.9840000000E+00    0.6270742692E-23    0.4329953957E-24    0.2287916232E-07    0.0000000000E+00    0.0000000000E+00    0.0000000000E+00    0.0000000000E+00
    0.9840000000E+00    0.6719221852E-23    0.4639629256E-24    0.2341208647E-07    0.0000000000E+00    0.0000000000E+00    0.0000000000E+00    0.0000000000E+00
    0.9840000000E+00    0.7199775931E-23    0.4971452317E-24    0.2395742402E-07    0.0000000000E+00    0.0000000000E+00    0.0000000000E+00    0.0000000000E+00
    0.9840000000E+00    0.7714698903E-23    0.5327007132E-24    0.2451546411E-07    0.0000000000E+00    0.0000000000E+00    0.0000000000E+00    0.0000000000E+00
    0.9840000000E+00    0.8266448809E-23    0.5707990981E-24    0.2508650263E-07    0.0000000000E+00    0.0000000000E+00    0.0000000000E+00    0.0000000000E+00
    0.9840000000E+00    0.8857659485E-23    0.6116222531E-24    0.2567084234E-07    0.0000000000E+00    0.0000000000E+00    0.0000000000E+00    0.0000000000E+00
    0.9840000000E+00    0.9491153137E-23    0.6553650517E-24    0.2626879307E-07    0.0000000000E+00    0.0000000000E+00    0.0000000000E+00    0.0000000000E+00
    0.9840000000E+00    0.1016995382E-22    0.7022363048E-24    0.2688067187E-07    0.0000000000E+00    0.0000000000E+00    0.0000000000E+00    0.0000000000E+00
    0.9840000000E+00    0.1089730185E-22    0.7524597575E-24    0.2750680315E-07    0.0000000000E+00    0.0000000000E+00    0.0000000000E+00    0.0000000000E+00
    0.9840000000E+00    0.1167666930E-22    0.8062751566E-24    0.2814751890E-07    0.0000000000E+00    0.0000000000E+00    0.0000000000E+00    0.0000000000E+00
    0.9840000000E+00    0.1251177658E-22    0.8639393956E-24    0.2880315884E-07    0.0000000000E+00    0.0000000000E+00    0.0000000000E+00    0.0000000000E+00
    0.9840000000E+00    0.1340661015E-22    0.9257277409E-24    0.2947407060E-07    0.0000000000E+00    0.0000000000E+00    0.0000000000E+00    0.0000000000E+00
    0.9840000000E+00    0.1436544159E-22    0.9919351458E-24    0.3016060990E-07    0.0000000000E+00    0.0000000000E+00    0.0000000000E+00    0.0000000000E+00
    0.9840000000E+00    0.1539284799E-22    0.1062877658E-23    0.3086314075E-07    0.0000000000E+00    0.0000000000E+00    0.0000000000E+00    0.0000000000E+00
    0.9840000000E+00    0.1649373379E-22    0.1138893930E-23    0.3158203565E-07    0.0000000000E+00    0.0000000000E+00    0.0000000000E+00    0.0000000000E+00
    0.9840000000E+00    0.1767335417E-22    0.1220346833E-23    0.3231767576E-07    0.0000000000E+00    0.0000000000E+00    0.0000000000E+00    0.0000000000E+00
    0.9840000000E+00    0.1893734018E-22    0.1307625190E-23    0.3307045113E-07    0.0000000000E+00    0.0000000000E+00    0.0000000000E+00    0.0000000000E+00
    0.9840000000E+00    0.2029172559E-22    0.1401145635E-23    0.3384076090E-07    0.0000000000E+00    0.0000000000E+00    0.0000000000E+00    0.0000000000E+00
    0.9840000000E+00    0.2174297571E-22    0.1501354598E-23    0.3462901348E-07    0.0000000000E+00    0.0000000000E+00    0.0000000000E+00    0.0000000000E+00
    0.9840000000E+00    0.2329801823E-22    0.1608730435E-23    0.3543562682E-07    0.0000000000E+00    0.0000000000E+00    0.0000000000E+00    0.0000000000E+00
    0.9840000000E+00    0.2496427630E-22    0.1723785718E-23    0.3626102861E-07    0.0000000000E+00    0.0000000000E+00    0.0000000000E+00    0.0000000000E+00
    0.9840000000E+00    0.2674970400E-22    0.1847069675E-23    0.3710565646E-07    0.0000000000E+00    0.0000000000E+00    0.0000000000E+00    0.0000000000E+00
    0.9840000000E+00    0.2866282424E-22    0.1979170815E-23    0.3796995823E-07    0.0000000000E+00    0.0000000000E+00    0.0000000000E+00    0.0000000000E+00
    0.9840000000E+00    0.3071276952E-22    0.2120719737E-23    0.3885439218E-07    0.0000000000E+00    0.0000000000E+00    0.0000000000E+00    0.0000000000E+00
    0.9840000000E+00    0.3290932546E-22    0.2272392139E-23    0.3975942724E-07    0.0000000000E+00    0.0000000000E+00    0.0000000000E+00    0.0000000000E+00
    0.9840000000E+00    0.3526297755E-22    0.2434912046E-23    0.4068554327E-07    0.0000000000E+00    0.0000000000E+00    0.0000000000E+00    0.0000000000E+00
    0.9840000000E+00    0.3778496121E-22    0.2609055264E-23    0.4163323131E-07    0.0000000000E+00    0.0000000000E+00    0.0000000000E+00    0.0000000000E+00
    0.9840000000E+00    0.4048731538E-22    0.2795653084E-23    0.4260299385E-07    0.6968782633E-15    0.5607739648E-52    0.2821473003E-37    0.1678253270E-53
    0.9840000000E+00    0.4338294005E-22    0.2995596250E-23    0.4359534505E-07    0.2000345543E-13    0.1724788893E-50    0.8678087075E-36    0.5531024810E-52
    0.9840000000E+00    0.4648565778E-22    0.3209839213E-23    0.4461081109E-07   -0.1662853559E-12   -0.1536331475E-49   -0.7729884146E-35   -0.5279035566E-51
    0.9840000000E+00    0.4981027973E-22    0.3439404683E-23    0.4564993037E-07   -0.9821558386E-11   -0.9723247187E-48   -0.4892145706E-33   -0.3579983182E-49
    0.9840000000E+00    0.5337267633E-22    0.3685388516E-23    0.4671325384E-07    0.1440835469E-10    0.1528429160E-47    0.7690124513E-33    0.6029967545E-49
    0.9840000000E+00    0.5718985306E-22    0.3948964943E-23    0.4780134531E-07    0.2649273421E-08    0.3011325531E-45    0.1515115576E-30    0.1272996959E-46
    0.9840000000E+00    0.6128003161E-22    0.4231392172E-23    0.4891478167E-07    0.1211261031E-08    0.1475260346E-45    0.7422611426E-31    0.6682490174E-47
    0.9840000000E+00    0.6566273690E-22    0.4534018400E-23    0.5005415331E-07   -0.6141128674E-06   -0.8014549601E-43   -0.4032433164E-28   -0.3889992651E-44
    0.9840000000E+00    0.7035889022E-22    0.4858288246E-23    0.5122006431E-07   -0.8727091843E-04   -0.1220395142E-40   -0.6140284969E-26   -0.6347023849E-42
    0.9840000000E+00    0.7539090917E-22    0.5205749646E-23    0.5241313287E-07   -0.1807934683E-02   -0.2709029037E-39   -0.1363018395E-24   -0.1509674502E-40
    0.9840000000E+00    0.8078281461E-22    0.5578061244E-23    0.5363399157E-07    0.2035647383E-02    0.3268387005E-39    0.1644453251E-24    0.1951655388E-40
    0.9840000000E+00    0.8656034539E-22    0.5977000309E-23    0.5488328773E-07    0.4932323193E+00    0.8485597934E-37    0.4269435991E-22    0.5429403392E-38
    0.9840000000E+00    0.9275108115E-22    0.6404471218E-23    0.5616168372E-07    0.2181724560E+02    0.4021896077E-35    0.2023573117E-20    0.2757404654E-36
    0.9840000000E+00    0.9938457404E-22    0.6862514550E-23    0.5746985739E-07    0.2031725190E+02    0.4013246994E-35    0.2019221426E-20    0.2948258430E-36
    0.9840000000E+00    0.1064924897E-21    0.7353316823E-23    0.5880850233E-07   -0.1231590394E+04   -0.2606737002E-33   -0.1311551274E-18   -0.2051950484E-34
    0.9840000000E+00    0.1141087586E-21    0.7879220933E-23    0.6017832832E-07   -0.7397316676E+05   -0.1677664578E-31   -0.8440986229E-17   -0.1415059804E-32
    0.9840000000E+00    0.1222697377E-21    0.8442737340E-23    0.6158006166E-07   -0.3740494009E+07   -0.9089916366E-30   -0.4573492215E-15   -0.8215415768E-31
    0.9840000000E+00    0.1310143844E-21    0.9046556049E-23    0.6301444556E-07   -0.1702757385E+09   -0.4433877565E-28   -0.2230857107E-13   -0.4293914142E-29
    0.9840000000E+00    0.1403844422E-21    0.9693559452E-23    0.6448224056E-07   -0.3379335830E+10   -0.9428927077E-27   -0.4744061754E-12   -0.9784349034E-28
    0.9840000000E+00    0.1504246400E-21    0.1038683609E-22    0.6598422489E-07   -0.2892601085E+10   -0.8648075424E-27   -0.4351184767E-12   -0.9615882070E-28
    0.9840000000E+00    0.1611829057E-21    0.1112969539E-22    0.6752119493E-07    0.9442701935E+11    0.3025012719E-25    0.1522002135E-10    0.3604100268E-26
    0.9840000000E+00    0.1727105951E-21    0.1192568347E-22    0.6909396560E-07    0.3130638711E+13    0.1074642161E-23    0.5406944748E-09    0.1371934997E-24
    0.9840000000E+00    0.1850627369E-21    0.1277860007E-22    0.7070337081E-07    0.8439179683E+14    0.3104067507E-22    0.1561777689E-07    0.4246203632E-23
    0.9840000000E+00    0.1982982953E-21    0.1369251667E-22    0.7235026388E-07    0.2058818138E+16    0.8114259816E-21    0.4082601270E-06    0.1189374353E-21
    0.9840000000E+00    0.2124804516E-21    0.1467179595E-22    0.7403551802E-07    0.1442620721E+17    0.6092325376E-20    0.3065287023E-05    0.9568695836E-21
    0.9840000000E+00    0.2276769058E-21    0.1572111260E-22    0.7576002677E-07    0.6510636633E+16    0.2946146789E-20    0.1482321604E-05    0.4958200002E-21
    0.9840000000E+00    0.2439602000E-21    0.1684547565E-22    0.7752470448E-07   -0.2902124427E+18   -0.1407171247E-18   -0.7080028555E-04   -0.2537561709E-19
    0.9840000000E+00    0.2614080640E-21    0.1805025236E-22    0.7933048683E-07   -0.5534182824E+19   -0.2875308353E-17   -0.1446680018E-02   -0.5555895721E-18
    0.9840000000E+00    0.2801037871E-21    0.1934119387E-22    0.8117833125E-07   -0.8566273024E+20   -0.4768950735E-16   -0.2399445515E-01   -0.9873985743E-17
    0.9840000000E+00    0.3001366153E-21    0.2072446262E-22    0.8306921749E-07   -0.1203640210E+22   -0.7180052369E-15   -0.3612564989E+00   -0.1592932128E-15
    0.9840000000E+00    0.3216021775E-21    0.2220666179E-22    0.8500414813E-07   -0.1557396323E+23   -0.9954743378E-14   -0.5008620488E+01   -0.2366463055E-14
    0.9840000000E+00    0.3446029418E-21    0.2379486681E-22    0.8698414910E-07   -0.1862311612E+24   -0.1275508259E-12   -0.6417580603E+02   -0.3249024117E-13
    0.9840000000E+00    0.3692487048E-21    0.2549665916E-22    0.8901027021E-07   -0.6312208759E+24   -0.4632466394E-12   -0.2330774909E+03   -0.1264392576E-12
    0.9840000000E+00    0.3956571157E-21    0.2732016250E-22    0.9108358575E-07   -0.4114084564E+24   -0.3235222379E-12   -0.1627766832E+03   -0.9461800742E-13
    0.9840000000E+00    0.4239542377E-21    0.2927408154E-22    0.9320519501E-07    0.4026594251E+25    0.3392882292E-11    0.1707091696E+04    0.1063257495E-11
    0.9840000000E+00    0.4542751502E-21    0.3136774352E-22    0.9537622289E-07    0.4760991489E+26    0.4298612815E-10    0.2162800124E+05    0.1443437516E-10
    0.9840000000E+00    0.4867645933E-21    0.3361114274E-22    0.9759782052E-07    0.4069058419E+27    0.3936632276E-09    0.1980673567E+06    0.1416428018E-09
    0.9840000000E+00    0.5215776589E-21    0.3601498832E-22    0.9987116580E-07    0.3097221954E+28    0.3210726059E-08    0.1615441776E+07    0.1237863943E-08
    0.9840000000E+00    0.5588805307E-21    0.3859075526E-22    0.1021974641E-06    0.2171679340E+29    0.2412273932E-07    0.1213709302E+08    0.9965435520E-08
    0.9840000000E+00    0.5988512779E-21    0.4135073927E-22    0.1045779488E-06    0.1414228742E+30    0.1683257597E-06    0.8469126892E+08    0.7451097443E-07
    0.9840000000E+00    0.6416807053E-21    0.4430811541E-22    0.1070138822E-06    0.8577425692E+30    0.1093925858E-05    0.5503968568E+09    0.5188687894E-06
    0.9840000000E+00    0.6875732635E-21    0.4747700104E-22    0.1095065557E-06    0.4851510598E+31    0.6629914204E-05    0.3335768975E+10    0.3369593938E-05
    0.9840000000E+00    0.7367480256E-21    0.5087252317E-22    0.1120572911E-06    0.2560669644E+32    0.3749595998E-04    0.1886568304E+11    0.2041992472E-04
    0.9840000000E+00    0.7894397325E-21    0.5451089068E-22    0.1146674407E-06    0.1261287080E+33    0.1978995792E-03    0.9957101347E+11    0.1154820622E-03
    0.9840000000E+00    0.8458999137E-21    0.5840947171E-22    0.1173383885E-06    0.5794647414E+33    0.9742220155E-03    0.4901691747E+12    0.6091546999E-03
    0.9840000000E+00    0.9063980879E-21    0.6258687655E-22    0.1200715507E-06    0.2480232654E+34    0.4468104736E-02    0.2248078135E+13    0.2993594723E-02
    0.9840000000E+00    0.9712230494E-21    0.6706304648E-22    0.1228683764E-06    0.9861335902E+34    0.1903560464E-01    0.9577556725E+13    0.1366584013E-01
    0.9840000000E+00    0.1040684247E-20    0.7185934897E-22    0.1257303485E-06    0.2731316136E+35    0.5649407399E-01    0.2842437677E+14    0.4345828205E-01
    0.9840000000E+00    0.1115113261E-20    0.7699867968E-22    0.1286589846E-06    0.4716079169E+35    0.1045230348E+00    0.5258962423E+14    0.8615523487E-01
    0.9840000000E+00    0.1194865387E-20    0.8250557175E-22    0.1316558373E-06    0.5954144712E+35    0.1414002931E+00    0.7114401426E+14    0.1248877868E+00
    0.9840000000E+00    0.1280321329E-20    0.8840631292E-22    0.1347224957E-06    0.6083461440E+35    0.1548038237E+00    0.7788785439E+14    0.1465046278E+00
    0.9840000000E+00    0.1371889021E-20    0.9472907100E-22    0.1378605858E-06    0.5912237042E+35    0.1612065791E+00    0.8110933090E+14    0.1634754049E+00
    0.9840000000E+00    0.1470005571E-20    0.1015040283E-21    0.1410717713E-06    0.5022872231E+35    0.1467516709E+00    0.7383650163E+14    0.1594603506E+00
    0.9840000000E+00    0.1575139348E-20    0.1087635259E-21    0.1443577550E-06    0.3376648658E+35    0.1057101766E+00    0.5318692166E+14    0.1230797083E+00
    0.9840000000E+00    0.1687792220E-20    0.1165422177E-21    0.1477202791E-06    0.1840495105E+35    0.6173985292E-01    0.3106373319E+14    0.7702562844E-01
    0.9840000000E+00    0.1808501947E-20    0.1248772362E-21    0.1511611264E-06    0.8138245593E+34    0.2925241430E-01    0.1471803300E+14    0.3910491763E-01
    0.9840000000E+00    0.1937844750E-20    0.1338083694E-21    0.1546821213E-06    0.2847683787E+34    0.1096787991E-01    0.5518369075E+13    0.1571058462E-01
    0.9840000000E+00    0.2076438060E-20    0.1433782510E-21    0.1582851308E-06    0.5870104728E+33    0.2422572447E-02    0.1218890887E+13    0.3718317180E-02
    0.9840000000E+00    0.2224943467E-20    0.1536325639E-21    0.1619720651E-06    0.1144721631E+31    0.5062101083E-05    0.2546940914E+10    0.8325311135E-05
    0.9840000000E+00    0.2384069878E-20    0.1646202581E-21    0.1657448792E-06    0.2225527985E+30    0.1054542248E-05    0.5305814233E+09    0.1858376237E-05
    0.9840000000E+00    0.2554576900E-20    0.1763937846E-21    0.1696055734E-06    0.4448051878E+29    0.2258399493E-06    0.1136289058E+09    0.4264522671E-06
    0.9840000000E+00    0.2737278465E-20    0.1890093455E-21    0.1735561947E-06    0.5332121724E+28    0.2900888117E-07    0.1459550197E+08    0.5869493673E-07
    0.9840000000E+00    0.2933046719E-20    0.2025271626E-21    0.1775988378E-06    0.1306270811E+28    0.7614898980E-08    0.3831353315E+07    0.1650949565E-07
    0.9840000000E+00    0.3142816182E-20    0.2170117645E-21    0.1817356462E-06    0.2864743704E+27    0.1789438172E-08    0.9003362870E+06    0.4157060617E-08
    0.9840000000E+00    0.3367588212E-20    0.2325322952E-21    0.1859688132E-06    0.6877781201E+26    0.4603406002E-09    0.2316153490E+06    0.1145905858E-08
    0.9840000000E+00    0.3608435782E-20    0.2491628434E-21    0.1903005833E-06    0.1058967458E+26    0.7594750979E-10    0.3821216068E+05    0.2025737643E-09
    0.9840000000E+00    0.3866508602E-20    0.2669827968E-21    0.1947332533E-06    0.3644527787E+25    0.2800736103E-10    0.1409159804E+05    0.8004640825E-10
