    0.9540000000E+00    0.4143038610E-23    0.2860772210E-24    0.1992691735E-07    0.0000000000E+00    0.0000000000E+00    0.0000000000E+00    0.0000000000E+00
    0.9540000000E+00    0.4439345853E-23    0.3065372650E-24    0.2039107488E-07    0.0000000000E+00    0.0000000000E+00    0.0000000000E+00    0.0000000000E+00
    0.9540000000E+00    0.4756844785E-23    0.3284605973E-24    0.2086604403E-07    0.0000000000E+00    0.0000000000E+00    0.0000000000E+00    0.0000000000E+00
    0.9540000000E+00    0.5097051019E-23    0.3519518710E-24    0.2135207663E-07    0.0000000000E+00    0.0000000000E+00    0.0000000000E+00    0.0000000000E+00
    0.9540000000E+00    0.5461588566E-23    0.3771232243E-24    0.2184943039E-07    0.0000000000E+00    0.0000000000E+00    0.0000000000E+00    0.0000000000E+00
    0.9540000000E+00    0.5852197586E-23    0.4040948153E-24    0.2235836900E-07    0.0000000000E+00    0.0000000000E+00    0.0000000000E+00    0.0000000000E+00
    0.9540000000E+00    0.6270742692E-23    0.4329953957E-24    0.2287916232E-07    0.0000000000E+00    0.0000000000E+00    0.0000000000E+00    0.0000000000E+00
    0.9540000000E+00    0.6719221852E-23    0.4639629256E-24    0.2341208647E-07    0.0000000000E+00    0.0000000000E+00    0.0000000000E+00    0.0000000000E+00
    0.9540000000E+00    0.7199775931E-23    0.4971452317E-24    0.2395742402E-07    0.0000000000E+00    0.0000000000E+00    0.0000000000E+00    0.0000000000E+00
    0.9540000000E+00    0.7714698903E-23    0.5327007132E-24    0.2451546411E-07    0.0000000000E+00    0.0000000000E+00    0.0000000000E+00    0.0000000000E+00
    0.9540000000E+00    0.8266448809E-23    0.5707990981E-24    0.2508650263E-07    0.0000000000E+00    0.0000000000E+00    0.0000000000E+00    0.0000000000E+00
    0.9540000000E+00    0.8857659485E-23    0.6116222531E-24    0.2567084234E-07    0.0000000000E+00    0.0000000000E+00    0.0000000000E+00    0.0000000000E+00
    0.9540000000E+00    0.9491153137E-23    0.6553650517E-24    0.2626879307E-07    0.0000000000E+00    0.0000000000E+00    0.0000000000E+00    0.0000000000E+00
    0.9540000000E+00    0.1016995382E-22    0.7022363048E-24    0.2688067187E-07    0.0000000000E+00    0.0000000000E+00    0.0000000000E+00    0.0000000000E+00
    0.9540000000E+00    0.1089730185E-22    0.7524597575E-24    0.2750680315E-07    0.0000000000E+00    0.0000000000E+00    0.0000000000E+00    0.0000000000E+00
    0.9540000000E+00    0.1167666930E-22    0.8062751566E-24    0.2814751890E-07    0.0000000000E+00    0.0000000000E+00    0.0000000000E+00    0.0000000000E+00
    0.9540000000E+00    0.1251177658E-22    0.8639393956E-24    0.2880315884E-07    0.0000000000E+00    0.0000000000E+00    0.0000000000E+00    0.0000000000E+00
    0.9540000000E+00    0.1340661015E-22    0.9257277409E-24    0.2947407060E-07    0.0000000000E+00    0.0000000000E+00    0.0000000000E+00    0.0000000000E+00
    0.9540000000E+00    0.1436544159E-22    0.9919351458E-24    0.3016060990E-07    0.0000000000E+00    0.0000000000E+00    0.0000000000E+00    0.0000000000E+00
    0.9540000000E+00    0.1539284799E-22    0.1062877658E-23    0.3086314075E-07    0.0000000000E+00    0.0000000000E+00    0.0000000000E+00    0.0000000000E+00
    0.9540000000E+00    0.1649373379E-22    0.1138893930E-23    0.3158203565E-07    0.0000000000E+00    0.0000000000E+00    0.0000000000E+00    0.0000000000E+00
    0.9540000000E+00    0.1767335417E-22    0.1220346833E-23    0.3231767576E-07    0.0000000000E+00    0.0000000000E+00    0.0000000000E+00    0.0000000000E+00
    0.9540000000E+00    0.1893734018E-22    0.1307625190E-23    0.3307045113E-07    0.0000000000E+00    0.0000000000E+00    0.0000000000E+00    0.0000000000E+00
    0.9540000000E+00    0.2029172559E-22    0.1401145635E-23    0.3384076090E-07    0.0000000000E+00    0.0000000000E+00    0.0000000000E+00    0.0000000000E+00
    0.9540000000E+00    0.2174297571E-22    0.1501354598E-23    0.3462901348E-07    0.0000000000E+00    0.0000000000E+00    0.0000000000E+00    0.0000000000E+00
    0.9540000000E+00    0.2329801823E-22    0.1608730435E-23    0.3543562682E-07    0.0000000000E+00    0.0000000000E+00    0.0000000000E+00    0.0000000000E+00
    0.9540000000E+00    0.2496427630E-22    0.1723785718E-23    0.3626102861E-07    0.0000000000E+00    0.0000000000E+00    0.0000000000E+00    0.0000000000E+00
    0.9540000000E+00    0.2674970400E-22    0.1847069675E-23    0.3710565646E-07    0.0000000000E+00    0.0000000000E+00    0.0000000000E+00    0.0000000000E+00
    0.9540000000E+00    0.2866282424E-22    0.1979170815E-23    0.3796995823E-07    0.0000000000E+00    0.0000000000E+00    0.0000000000E+00    0.0000000000E+00
    0.9540000000E+00    0.3071276952E-22    0.2120719737E-23    0.3885439218E-07    0.0000000000E+00    0.0000000000E+00    0.0000000000E+00    0.0000000000E+00
    0.9540000000E+00    0.3290932546E-22    0.2272392139E-23    0.3975942724E-07    0.0000000000E+00    0.0000000000E+00    0.0000000000E+00    0.0000000000E+00
    0.9540000000E+00    0.3526297755E-22    0.2434912046E-23    0.4068554327E-07   -0.1147865905E-15   -0.8044926493E-53   -0.4047716965E-38   -0.2149260404E-54
    0.9540000000E+00    0.3778496121E-22    0.2609055264E-23    0.4163323131E-07   -0.2885624590E-15   -0.2167059093E-52   -0.1090332132E-37   -0.6203513213E-54
    0.9540000000E+00    0.4048731538E-22    0.2795653084E-23    0.4260299385E-07    0.1056150978E-13    0.8498786695E-51    0.4276071773E-36    0.2606897087E-52
    0.9540000000E+00    0.4338294005E-22    0.2995596250E-23    0.4359534505E-07    0.5563160114E-13    0.4796809635E-50    0.2413462417E-35    0.1576592445E-51
    0.9540000000E+00    0.4648565778E-22    0.3209839213E-23    0.4461081109E-07   -0.2177658811E-11   -0.2011966571E-48   -0.1012299022E-33   -0.7085780880E-50
    0.9540000000E+00    0.4981027973E-22    0.3439404683E-23    0.4564993037E-07   -0.2930891797E-10   -0.2901554346E-47   -0.1459885403E-32   -0.1094958519E-48
    0.9540000000E+00    0.5337267633E-22    0.3685388516E-23    0.4671325384E-07    0.2763950020E-09    0.2931980715E-46    0.1475194098E-31    0.1185572363E-47
    0.9540000000E+00    0.5718985306E-22    0.3948964943E-23    0.4780134531E-07    0.7857620957E-08    0.8931450569E-45    0.4493761879E-30    0.3869803886E-46
    0.9540000000E+00    0.6128003161E-22    0.4231392172E-23    0.4891478167E-07   -0.2034566950E-07   -0.2478009171E-44   -0.1246783270E-29   -0.1150455612E-45
    0.9540000000E+00    0.6566273690E-22    0.4534018400E-23    0.5005415331E-07   -0.5240929028E-05   -0.6839733848E-42   -0.3441337439E-27   -0.3402562881E-43
    0.9540000000E+00    0.7035889022E-22    0.4858288246E-23    0.5122006431E-07   -0.6970196386E-03   -0.9747111597E-40   -0.4904152823E-25   -0.5195685990E-41
    0.9540000000E+00    0.7539090917E-22    0.5205749646E-23    0.5241313287E-07   -0.4196187640E-02   -0.6287613303E-39   -0.3163544012E-24   -0.3591309064E-40
    0.9540000000E+00    0.8078281461E-22    0.5578061244E-23    0.5363399157E-07    0.3083162837E-01    0.4950252896E-38    0.2490665719E-23    0.3029663146E-39
    0.9540000000E+00    0.8656034539E-22    0.5977000309E-23    0.5488328773E-07    0.3403018744E+01    0.5854573533E-36    0.2945664778E-21    0.3839389940E-37
    0.9540000000E+00    0.9275108115E-22    0.6404471218E-23    0.5616168372E-07    0.5264516774E+02    0.9704863641E-35    0.4882896225E-20    0.6819560634E-36
    0.9540000000E+00    0.9938457404E-22    0.6862514550E-23    0.5746985739E-07   -0.3312333273E+02   -0.6542819676E-35   -0.3291948314E-20   -0.4926425375E-36
    0.9540000000E+00    0.1064924897E-21    0.7353316823E-23    0.5880850233E-07   -0.7588727211E+04   -0.1606200902E-32   -0.8081424545E-18   -0.1295886075E-33
    0.9540000000E+00    0.1141087586E-21    0.7879220933E-23    0.6017832832E-07   -0.4162854548E+06   -0.9441090497E-31   -0.4750181647E-16   -0.8161859567E-32
    0.9540000000E+00    0.1222697377E-21    0.8442737340E-23    0.6158006166E-07   -0.2006099975E+08   -0.4875099638E-29   -0.2452853178E-14   -0.4515963819E-30
    0.9540000000E+00    0.1310143844E-21    0.9046556049E-23    0.6301444556E-07   -0.8724003667E+09   -0.2271677954E-27   -0.1142969970E-12   -0.2254829566E-28
    0.9540000000E+00    0.1403844422E-21    0.9693559452E-23    0.6448224056E-07   -0.6771071616E+10   -0.1889245216E-26   -0.9505531118E-12   -0.2009348600E-27
    0.9540000000E+00    0.1504246400E-21    0.1038683609E-22    0.6598422489E-07    0.3133276816E+10    0.9367629145E-27    0.4713220369E-12    0.1067570702E-27
    0.9540000000E+00    0.1611829057E-21    0.1112969539E-22    0.6752119493E-07    0.4551220115E+12    0.1458004163E-24    0.7335788826E-10    0.1780433354E-25
    0.9540000000E+00    0.1727105951E-21    0.1192568347E-22    0.6909396560E-07    0.1347924947E+14    0.4626969482E-23    0.2328009198E-08    0.6054295196E-24
    0.9540000000E+00    0.1850627369E-21    0.1277860007E-22    0.7070337081E-07    0.3466518490E+15    0.1275041865E-21    0.6415233992E-07    0.1787686672E-22
    0.9540000000E+00    0.1982982953E-21    0.1369251667E-22    0.7235026388E-07    0.7950264359E+16    0.3133375864E-20    0.1576523869E-05    0.4707382096E-21
    0.9540000000E+00    0.2124804516E-21    0.1467179595E-22    0.7403551802E-07    0.2162622715E+17    0.9132962706E-20    0.4595150511E-05    0.1470207526E-20
    0.9540000000E+00    0.2276769058E-21    0.1572111260E-22    0.7576002677E-07   -0.2499505970E+17   -0.1131058590E-19   -0.5690797853E-05   -0.1950976596E-20
    0.9540000000E+00    0.2439602000E-21    0.1684547565E-22    0.7752470448E-07   -0.1093925723E+19   -0.5304186164E-18   -0.2668743380E-03   -0.9803602995E-19
    0.9540000000E+00    0.2614080640E-21    0.1805025236E-22    0.7933048683E-07   -0.1864534713E+20   -0.9687269837E-17   -0.4874044095E-02   -0.1918528939E-17
    0.9540000000E+00    0.2801037871E-21    0.1934119387E-22    0.8117833125E-07   -0.2753575756E+21   -0.1532949871E-15   -0.7712869974E-01   -0.3253081251E-16
    0.9540000000E+00    0.3001366153E-21    0.2072446262E-22    0.8306921749E-07   -0.3718782055E+22   -0.2218358083E-14   -0.1116142659E+01   -0.5044273291E-15
    0.9540000000E+00    0.3216021775E-21    0.2220666179E-22    0.8500414813E-07   -0.4631997322E+23   -0.2960732858E-13   -0.1489660425E+02   -0.7213834608E-14
    0.9540000000E+00    0.3446029418E-21    0.2379486681E-22    0.8698414910E-07   -0.4460305067E+24   -0.3054889372E-12   -0.1537034248E+03   -0.7975583112E-13
    0.9540000000E+00    0.3692487048E-21    0.2549665916E-22    0.8901027021E-07   -0.7727030485E+24   -0.5670789800E-12   -0.2853195999E+03   -0.1586391985E-12
    0.9540000000E+00    0.3956571157E-21    0.2732016250E-22    0.9108358575E-07    0.1566818413E+24    0.1232110307E-12    0.6199228542E+02    0.3693316686E-13
    0.9540000000E+00    0.4239542377E-21    0.2927408154E-22    0.9320519501E-07    0.1227778726E+26    0.1034548911E-10    0.5205219939E+04    0.3322905461E-11
    0.9540000000E+00    0.4542751502E-21    0.3136774352E-22    0.9537622289E-07    0.1212274487E+27    0.1094540634E-09    0.5507061747E+05    0.3767027986E-10
    0.9540000000E+00    0.4867645933E-21    0.3361114274E-22    0.9759782052E-07    0.9783814351E+27    0.9465403391E-09    0.4762414414E+06    0.3490648228E-09
    0.9540000000E+00    0.5215776589E-21    0.3601498832E-22    0.9987116580E-07    0.7158357059E+28    0.7420689861E-08    0.3733639116E+07    0.2932319163E-08
    0.9540000000E+00    0.5588805307E-21    0.3859075526E-22    0.1021974641E-06    0.4844243707E+29    0.5380924614E-07    0.2707353494E+08    0.2278367963E-07
    0.9540000000E+00    0.5988512779E-21    0.4135073927E-22    0.1045779488E-06    0.3048769327E+30    0.3628736978E-06    0.1825759407E+09    0.1646351061E-06
    0.9540000000E+00    0.6416807053E-21    0.4430811541E-22    0.1070138822E-06    0.1788309715E+31    0.2280728868E-05    0.1147523839E+10    0.1108767831E-05
    0.9540000000E+00    0.6875732635E-21    0.4747700104E-22    0.1095065557E-06    0.9787261087E+31    0.1337494786E-04    0.6729459047E+10    0.6967212475E-05
    0.9540000000E+00    0.7367480256E-21    0.5087252317E-22    0.1120572911E-06    0.5000341350E+32    0.7322014364E-04    0.3683991617E+11    0.4086933150E-04
    0.9540000000E+00    0.7894397325E-21    0.5451089068E-22    0.1146674407E-06    0.2384667033E+33    0.3741611328E-03    0.1882550905E+12    0.2237822465E-03
    0.9540000000E+00    0.8458999137E-21    0.5840947171E-22    0.1173383885E-06    0.1060827751E+34    0.1783511016E-02    0.8973541028E+12    0.1142990849E-02
    0.9540000000E+00    0.9063980879E-21    0.6258687655E-22    0.1200715507E-06    0.4396131059E+34    0.7919569149E-02    0.3984644786E+13    0.5438367008E-02
    0.9540000000E+00    0.9712230494E-21    0.6706304648E-22    0.1228683764E-06    0.1600683006E+35    0.3089841900E-01    0.1554620231E+14    0.2273543226E-01
    0.9540000000E+00    0.1040684247E-20    0.7185934897E-22    0.1257303485E-06    0.3586514440E+35    0.7418284887E-01    0.3732429080E+14    0.5848849752E-01
    0.9540000000E+00    0.1115113261E-20    0.7699867968E-22    0.1286589846E-06    0.5419155604E+35    0.1201054031E+00    0.6042972280E+14    0.1014680940E+00
    0.9540000000E+00    0.1194865387E-20    0.8250557175E-22    0.1316558373E-06    0.6198890031E+35    0.1472125569E+00    0.7406839136E+14    0.1332636835E+00
    0.9540000000E+00    0.1280321329E-20    0.8840631292E-22    0.1347224957E-06    0.6178639892E+35    0.1572257981E+00    0.7910644440E+14    0.1525073467E+00
    0.9540000000E+00    0.1371889021E-20    0.9472907100E-22    0.1378605858E-06    0.5824405014E+35    0.1588116986E+00    0.7990437295E+14    0.1650628914E+00
    0.9540000000E+00    0.1470005571E-20    0.1015040283E-21    0.1410717713E-06    0.4553171528E+35    0.1330285739E+00    0.6693187512E+14    0.1481534922E+00
    0.9540000000E+00    0.1575139348E-20    0.1087635259E-21    0.1443577550E-06    0.2847138296E+35    0.8913319761E-01    0.4484639561E+14    0.1063668858E+00
    0.9540000000E+00    0.1687792220E-20    0.1165422177E-21    0.1477202791E-06    0.1453627540E+35    0.4876228699E-01    0.2453421252E+14    0.6235209120E-01
    0.9540000000E+00    0.1808501947E-20    0.1248772362E-21    0.1511611264E-06    0.6030220741E+34    0.2167525094E-01    0.1090566595E+14    0.2969826591E-01
    0.9540000000E+00    0.1937844750E-20    0.1338083694E-21    0.1546821213E-06    0.1956350203E+34    0.7534900534E-02    0.3791102970E+13    0.1106227578E-01
    0.9540000000E+00    0.2076438060E-20    0.1433782510E-21    0.1582851308E-06    0.3048775450E+33    0.1258219358E-02    0.6330593381E+12    0.1979353303E-02
    0.9540000000E+00    0.2224943467E-20    0.1536325639E-21    0.1619720651E-06    0.7351444492E+30    0.3250899968E-05    0.1635654840E+10    0.5479873886E-05
    0.9540000000E+00    0.2384069878E-20    0.1646202581E-21    0.1657448792E-06    0.1788067862E+30    0.8472565235E-06    0.4262878731E+09    0.1530318678E-05
    0.9540000000E+00    0.2554576900E-20    0.1763937846E-21    0.1696055734E-06    0.3420181547E+29    0.1736521175E-06    0.8737116772E+08    0.3360833835E-06
    0.9540000000E+00    0.2737278465E-20    0.1890093455E-21    0.1735561947E-06    0.4370955315E+28    0.2377975033E-07    0.1196452185E+08    0.4931445615E-07
    0.9540000000E+00    0.2933046719E-20    0.2025271626E-21    0.1775988378E-06    0.1070843596E+28    0.6242477241E-08    0.3140834295E+07    0.1387151594E-07
    0.9540000000E+00    0.3142816182E-20    0.2170117645E-21    0.1817356462E-06    0.2350914327E+27    0.1468478954E-08    0.7388491591E+06    0.3496509271E-08
    0.9540000000E+00    0.3367588212E-20    0.2325322952E-21    0.1859688132E-06    0.5643288201E+26    0.3777140624E-09    0.1900427082E+06    0.9636739327E-09
    0.9540000000E+00    0.3608435782E-20    0.2491628434E-21    0.1903005833E-06    0.8558119114E+25    0.6137750787E-10    0.3088142323E+05    0.1677939154E-09
    0.9540000000E+00    0.3866508602E-20    0.2669827968E-21    0.1947332533E-06    0.2911459055E+25    0.2237389578E-10    0.1125718148E+05    0.6554032161E-10
