    0.9250000000E+00    0.4143038610E-23    0.2860772210E-24    0.1992691735E-07    0.0000000000E+00    0.0000000000E+00    0.0000000000E+00    0.0000000000E+00
    0.9250000000E+00    0.4439345853E-23    0.3065372650E-24    0.2039107488E-07    0.0000000000E+00    0.0000000000E+00    0.0000000000E+00    0.0000000000E+00
    0.9250000000E+00    0.4756844785E-23    0.3284605973E-24    0.2086604403E-07    0.0000000000E+00    0.0000000000E+00    0.0000000000E+00    0.0000000000E+00
    0.9250000000E+00    0.5097051019E-23    0.3519518710E-24    0.2135207663E-07    0.0000000000E+00    0.0000000000E+00    0.0000000000E+00    0.0000000000E+00
    0.9250000000E+00    0.5461588566E-23    0.3771232243E-24    0.2184943039E-07    0.0000000000E+00    0.0000000000E+00    0.0000000000E+00    0.0000000000E+00
    0.9250000000E+00    0.5852197586E-23    0.4040948153E-24    0.2235836900E-07    0.0000000000E+00    0.0000000000E+00    0.0000000000E+00    0.0000000000E+00
    0.9250000000E+00    0.6270742692E-23    0.4329953957E-24    0.2287916232E-07    0.0000000000E+00    0.0000000000E+00    0.0000000000E+00    0.0000000000E+00
    0.9250000000E+00    0.6719221852E-23    0.4639629256E-24    0.2341208647E-07    0.0000000000E+00    0.0000000000E+00    0.0000000000E+00    0.0000000000E+00
    0.9250000000E+00    0.7199775931E-23    0.4971452317E-24    0.2395742402E-07    0.0000000000E+00    0.0000000000E+00    0.0000000000E+00    0.0000000000E+00
    0.9250000000E+00    0.7714698903E-23    0.5327007132E-24    0.2451546411E-07    0.0000000000E+00    0.0000000000E+00    0.0000000000E+00    0.0000000000E+00
    0.9250000000E+00    0.8266448809E-23    0.5707990981E-24    0.2508650263E-07    0.0000000000E+00    0.0000000000E+00    0.0000000000E+00    0.0000000000E+00
    0.9250000000E+00    0.8857659485E-23    0.6116222531E-24    0.2567084234E-07    0.0000000000E+00    0.0000000000E+00    0.0000000000E+00    0.0000000000E+00
    0.9250000000E+00    0.9491153137E-23    0.6553650517E-24    0.2626879307E-07    0.0000000000E+00    0.0000000000E+00    0.0000000000E+00    0.0000000000E+00
    0.9250000000E+00    0.1016995382E-22    0.7022363048E-24    0.2688067187E-07    0.0000000000E+00    0.0000000000E+00    0.0000000000E+00    0.0000000000E+00
    0.9250000000E+00    0.1089730185E-22    0.7524597575E-24    0.2750680315E-07    0.0000000000E+00    0.0000000000E+00    0.0000000000E+00    0.0000000000E+00
    0.9250000000E+00    0.1167666930E-22    0.8062751566E-24    0.2814751890E-07    0.0000000000E+00    0.0000000000E+00    0.0000000000E+00    0.0000000000E+00
    0.9250000000E+00    0.1251177658E-22    0.8639393956E-24    0.2880315884E-07    0.0000000000E+00    0.0000000000E+00    0.0000000000E+00    0.0000000000E+00
    0.9250000000E+00    0.1340661015E-22    0.9257277409E-24    0.2947407060E-07    0.0000000000E+00    0.0000000000E+00    0.0000000000E+00    0.0000000000E+00
    0.9250000000E+00    0.1436544159E-22    0.9919351458E-24    0.3016060990E-07    0.0000000000E+00    0.0000000000E+00    0.0000000000E+00    0.0000000000E+00
    0.9250000000E+00    0.1539284799E-22    0.1062877658E-23    0.3086314075E-07    0.0000000000E+00    0.0000000000E+00    0.0000000000E+00    0.0000000000E+00
    0.9250000000E+00    0.1649373379E-22    0.1138893930E-23    0.3158203565E-07    0.0000000000E+00    0.0000000000E+00    0.0000000000E+00    0.0000000000E+00
    0.9250000000E+00    0.1767335417E-22    0.1220346833E-23    0.3231767576E-07    0.0000000000E+00    0.0000000000E+00    0.0000000000E+00    0.0000000000E+00
    0.9250000000E+00    0.1893734018E-22    0.1307625190E-23    0.3307045113E-07    0.0000000000E+00    0.0000000000E+00    0.0000000000E+00    0.0000000000E+00
    0.9250000000E+00    0.2029172559E-22    0.1401145635E-23    0.3384076090E-07    0.0000000000E+00    0.0000000000E+00    0.0000000000E+00    0.0000000000E+00
    0.9250000000E+00    0.2174297571E-22    0.1501354598E-23    0.3462901348E-07    0.0000000000E+00    0.0000000000E+00    0.0000000000E+00    0.0000000000E+00
    0.9250000000E+00    0.2329801823E-22    0.1608730435E-23    0.3543562682E-07    0.0000000000E+00    0.0000000000E+00    0.0000000000E+00    0.0000000000E+00
    0.9250000000E+00    0.2496427630E-22    0.1723785718E-23    0.3626102861E-07    0.0000000000E+00    0.0000000000E+00    0.0000000000E+00    0.0000000000E+00
    0.9250000000E+00    0.2674970400E-22    0.1847069675E-23    0.3710565646E-07    0.0000000000E+00    0.0000000000E+00    0.0000000000E+00    0.0000000000E+00
    0.9250000000E+00    0.2866282424E-22    0.1979170815E-23    0.3796995823E-07    0.0000000000E+00    0.0000000000E+00    0.0000000000E+00    0.0000000000E+00
    0.9250000000E+00    0.3071276952E-22    0.2120719737E-23    0.3885439218E-07    0.0000000000E+00    0.0000000000E+00    0.0000000000E+00    0.0000000000E+00
    0.9250000000E+00    0.3290932546E-22    0.2272392139E-23    0.3975942724E-07   -0.1396315560E-15   -0.9133021953E-53   -0.4595180321E-38   -0.2342049270E-54
    0.9250000000E+00    0.3526297755E-22    0.2434912046E-23    0.4068554327E-07   -0.6326366663E-15   -0.4433893762E-52   -0.2230865256E-37   -0.1218335247E-53
    0.9250000000E+00    0.3778496121E-22    0.2609055264E-23    0.4163323131E-07   -0.1129195531E-14   -0.8480082443E-52   -0.4266660932E-37   -0.2496787607E-53
    0.9250000000E+00    0.4048731538E-22    0.2795653084E-23    0.4260299385E-07    0.9606903423E-13    0.7730620405E-50    0.3889577287E-35    0.2438910561E-51
    0.9250000000E+00    0.4338294005E-22    0.2995596250E-23    0.4359534505E-07    0.7766742966E-13    0.6696838978E-50    0.3369441445E-35    0.2263869467E-51
    0.9250000000E+00    0.4648565778E-22    0.3209839213E-23    0.4461081109E-07   -0.3165466615E-10   -0.2924614719E-47   -0.1471487978E-32   -0.1059376139E-48
    0.9250000000E+00    0.4981027973E-22    0.3439404683E-23    0.4564993037E-07   -0.6730535508E-10   -0.6663164630E-47   -0.3352498564E-32   -0.2586199773E-48
    0.9250000000E+00    0.5337267633E-22    0.3685388516E-23    0.4671325384E-07    0.4284127954E-08    0.4544575861E-45    0.2286553746E-30    0.1890056918E-46
    0.9250000000E+00    0.5718985306E-22    0.3948964943E-23    0.4780134531E-07    0.2245359025E-07    0.2552211828E-44    0.1284117527E-29    0.1137360765E-45
    0.9250000000E+00    0.6128003161E-22    0.4231392172E-23    0.4891478167E-07   -0.3718384410E-06   -0.4528821560E-43   -0.2278627142E-28   -0.2162552875E-44
    0.9250000000E+00    0.6566273690E-22    0.4534018400E-23    0.5005415331E-07   -0.5851407014E-04   -0.7636445065E-41   -0.3842193993E-26   -0.3907264013E-42
    0.9250000000E+00    0.7035889022E-22    0.4858288246E-23    0.5122006431E-07   -0.5101500898E-02   -0.7133930784E-39   -0.3589359417E-24   -0.3911203536E-40
    0.9250000000E+00    0.7539090917E-22    0.5205749646E-23    0.5241313287E-07   -0.6505013844E-02   -0.9747183655E-39   -0.4904189078E-24   -0.5726123026E-40
    0.9250000000E+00    0.8078281461E-22    0.5578061244E-23    0.5363399157E-07    0.3396600476E+00    0.5453500911E-37    0.2743869466E-22    0.3432866508E-38
    0.9250000000E+00    0.8656034539E-22    0.5977000309E-23    0.5488328773E-07    0.2994727669E+02    0.5152147158E-35    0.2592246614E-20    0.3475119830E-36
    0.9250000000E+00    0.9275108115E-22    0.6404471218E-23    0.5616168372E-07    0.1173683173E+03    0.2163624060E-34    0.1088603833E-19    0.1563735616E-35
    0.9250000000E+00    0.9938457404E-22    0.6862514550E-23    0.5746985739E-07   -0.7831929830E+03   -0.1547033477E-33   -0.7783730101E-19   -0.1198067362E-34
    0.9250000000E+00    0.1064924897E-21    0.7353316823E-23    0.5880850233E-07   -0.5724760054E+05   -0.1211680761E-31   -0.6096439512E-17   -0.1005471437E-32
    0.9250000000E+00    0.1141087586E-21    0.7879220933E-23    0.6017832832E-07   -0.2924958613E+07   -0.6633620908E-30   -0.3337633963E-15   -0.5898372210E-31
    0.9250000000E+00    0.1222697377E-21    0.8442737340E-23    0.6158006166E-07   -0.1336233444E+09   -0.3247231575E-28   -0.1633809128E-13   -0.3093818178E-29
    0.9250000000E+00    0.1310143844E-21    0.9046556049E-23    0.6301444556E-07   -0.5104268367E+10   -0.1329120707E-26   -0.6687325781E-12   -0.1356894086E-27
    0.9250000000E+00    0.1403844422E-21    0.9693559452E-23    0.6448224056E-07   -0.1124286781E+11   -0.3136953118E-26   -0.1578323726E-11   -0.3431543857E-27
    0.9250000000E+00    0.1504246400E-21    0.1038683609E-22    0.6598422489E-07    0.6218019549E+11    0.1859015484E-25    0.9353433519E-11    0.2179036638E-26
    0.9250000000E+00    0.1611829057E-21    0.1112969539E-22    0.6752119493E-07    0.2550369879E+13    0.8170226460E-24    0.4110760276E-09    0.1026161272E-24
    0.9250000000E+00    0.1727105951E-21    0.1192568347E-22    0.6909396560E-07    0.6974277042E+14    0.2394032925E-22    0.1204531538E-07    0.3221896941E-23
    0.9250000000E+00    0.1850627369E-21    0.1277860007E-22    0.7070337081E-07    0.1705195981E+16    0.6271988079E-21    0.3155682352E-06    0.9044545540E-22
    0.9250000000E+00    0.1982982953E-21    0.1369251667E-22    0.7235026388E-07    0.2324948612E+17    0.9163139159E-20    0.4610333464E-05    0.1415877915E-20
    0.9250000000E+00    0.2124804516E-21    0.1467179595E-22    0.7403551802E-07    0.2555771951E+17    0.1079326956E-19    0.5430515783E-05    0.1787041133E-20
    0.9250000000E+00    0.2276769058E-21    0.1572111260E-22    0.7576002677E-07   -0.2082294243E+18   -0.9422649187E-19   -0.4740903103E-04   -0.1671685394E-19
    0.9250000000E+00    0.2439602000E-21    0.1684547565E-22    0.7752470448E-07   -0.4639705137E+19   -0.2249682888E-17   -0.1131903393E-02   -0.4276641348E-18
    0.9250000000E+00    0.2614080640E-21    0.1805025236E-22    0.7933048683E-07   -0.7285785575E+20   -0.3785361053E-16   -0.1904563102E-01   -0.7710611736E-17
    0.9250000000E+00    0.2801037871E-21    0.1934119387E-22    0.8117833125E-07   -0.1024487906E+22   -0.5703451594E-15   -0.2869629424E+00   -0.1244856483E-15
    0.9250000000E+00    0.3001366153E-21    0.2072446262E-22    0.8306921749E-07   -0.1323465950E+23   -0.7894846607E-14   -0.3972205908E+01   -0.1846397578E-14
    0.9250000000E+00    0.3216021775E-21    0.2220666179E-22    0.8500414813E-07   -0.1578802077E+24   -0.1009156712E-12   -0.5077461858E+02   -0.2528949391E-13
    0.9250000000E+00    0.3446029418E-21    0.2379486681E-22    0.8698414910E-07   -0.8495265908E+24   -0.5818457964E-12   -0.2927493624E+03   -0.1562389914E-12
    0.9250000000E+00    0.3692487048E-21    0.2549665916E-22    0.8901027021E-07   -0.8228916125E+24   -0.6039118613E-12   -0.3038516621E+03   -0.1737621114E-12
    0.9250000000E+00    0.3956571157E-21    0.2732016250E-22    0.9108358575E-07    0.2629083997E+25    0.2067451763E-11    0.1040215791E+04    0.6374071211E-12
    0.9250000000E+00    0.4239542377E-21    0.2927408154E-22    0.9320519501E-07    0.3891901465E+26    0.3279387675E-10    0.1649988119E+05    0.1083363715E-10
    0.9250000000E+00    0.4542751502E-21    0.3136774352E-22    0.9537622289E-07    0.3415336284E+27    0.3083645150E-09    0.1551502403E+06    0.1091555749E-09
    0.9250000000E+00    0.4867645933E-21    0.3361114274E-22    0.9759782052E-07    0.2610849314E+28    0.2525880098E-08    0.1270869005E+07    0.9580634154E-09
    0.9250000000E+00    0.5215776589E-21    0.3601498832E-22    0.9987116580E-07    0.1830190127E+29    0.1897261230E-07    0.9545862818E+07    0.7710963683E-08
    0.9250000000E+00    0.5588805307E-21    0.3859075526E-22    0.1021974641E-06    0.1190162567E+30    0.1322017519E-06    0.6651586868E+08    0.5757298354E-07
    0.9250000000E+00    0.5988512779E-21    0.4135073927E-22    0.1045779488E-06    0.7206271483E+30    0.8577121126E-06    0.4315484886E+09    0.4002423767E-06
    0.9250000000E+00    0.6416807053E-21    0.4430811541E-22    0.1070138822E-06    0.4069526476E+31    0.5190088965E-05    0.2611336620E+10    0.2595113326E-05
    0.9250000000E+00    0.6875732635E-21    0.4747700104E-22    0.1095065557E-06    0.2145413428E+32    0.2931851157E-04    0.1475128912E+11    0.1570809228E-04
    0.9250000000E+00    0.7367480256E-21    0.5087252317E-22    0.1120572911E-06    0.1056262800E+33    0.1546688686E-03    0.7781995321E+11    0.8879416634E-04
    0.9250000000E+00    0.7894397325E-21    0.5451089068E-22    0.1146674407E-06    0.4855406846E+33    0.7618273329E-03    0.3833051082E+12    0.4686386204E-03
    0.9250000000E+00    0.8458999137E-21    0.5840947171E-22    0.1173383885E-06    0.2082021941E+34    0.3500388319E-02    0.1761182180E+13    0.2307266452E-02
    0.9250000000E+00    0.9063980879E-21    0.6258687655E-22    0.1200715507E-06    0.8315197382E+34    0.1497971279E-01    0.7536879007E+13    0.1057998403E-01
    0.9250000000E+00    0.9712230494E-21    0.6706304648E-22    0.1228683764E-06    0.2491082856E+35    0.4808604923E-01    0.2419397088E+14    0.3639155576E-01
    0.9250000000E+00    0.1040684247E-20    0.7185934897E-22    0.1257303485E-06    0.4561337084E+35    0.9434591305E-01    0.4746911649E+14    0.7650760682E-01
    0.9250000000E+00    0.1115113261E-20    0.7699867968E-22    0.1286589846E-06    0.6053554667E+35    0.1341656665E+00    0.6750399088E+14    0.1165796959E+00
    0.9250000000E+00    0.1194865387E-20    0.8250557175E-22    0.1316558373E-06    0.6346465565E+35    0.1507172120E+00    0.7583172034E+14    0.1403280135E+00
    0.9250000000E+00    0.1280321329E-20    0.8840631292E-22    0.1347224957E-06    0.6233157883E+35    0.1586130993E+00    0.7980444988E+14    0.1582415677E+00
    0.9250000000E+00    0.1371889021E-20    0.9472907100E-22    0.1378605858E-06    0.5544543214E+35    0.1511808200E+00    0.7606497964E+14    0.1616137182E+00
    0.9250000000E+00    0.1470005571E-20    0.1015040283E-21    0.1410717713E-06    0.3942706533E+35    0.1151928110E+00    0.5795800569E+14    0.1319492427E+00
    0.9250000000E+00    0.1575139348E-20    0.1087635259E-21    0.1443577550E-06    0.2283146039E+35    0.7147672009E-01    0.3596273164E+14    0.8772959834E-01
    0.9250000000E+00    0.1687792220E-20    0.1165422177E-21    0.1477202791E-06    0.1085251589E+35    0.3640502673E-01    0.1831679189E+14    0.4787875842E-01
    0.9250000000E+00    0.1808501947E-20    0.1248772362E-21    0.1511611264E-06    0.4198329141E+34    0.1509063126E-01    0.7592686426E+13    0.2126615294E-01
    0.9250000000E+00    0.1937844750E-20    0.1338083694E-21    0.1546821213E-06    0.1239399407E+34    0.4773558045E-02    0.2401763633E+13    0.7208148634E-02
    0.9250000000E+00    0.2076438060E-20    0.1433782510E-21    0.1582851308E-06    0.1252769145E+33    0.5170136061E-03    0.2601297534E+12    0.8365338091E-03
    0.9250000000E+00    0.2224943467E-20    0.1536325639E-21    0.1619720651E-06    0.5760334811E+30    0.2547291526E-05    0.1281641931E+10    0.4416316361E-05
    0.9250000000E+00    0.2384069878E-20    0.1646202581E-21    0.1657448792E-06    0.1393981529E+30    0.6605229974E-06    0.3323349374E+09    0.1227070368E-05
    0.9250000000E+00    0.2554576900E-20    0.1763937846E-21    0.1696055734E-06    0.2522767826E+29    0.1280879301E-06    0.6444604411E+08    0.2549703810E-06
    0.9250000000E+00    0.2737278465E-20    0.1890093455E-21    0.1735561947E-06    0.3491037015E+28    0.1899264180E-07    0.9555940441E+07    0.4051043467E-07
    0.9250000000E+00    0.2933046719E-20    0.2025271626E-21    0.1775988378E-06    0.8553364684E+27    0.4986179549E-08    0.2508741822E+07    0.1139592123E-07
    0.9250000000E+00    0.3142816182E-20    0.2170117645E-21    0.1817356462E-06    0.1880258602E+27    0.1174487795E-08    0.5909307160E+06    0.2876272530E-08
    0.9250000000E+00    0.3367588212E-20    0.2325322952E-21    0.1859688132E-06    0.4510391758E+26    0.3018875402E-09    0.1518914212E+06    0.7921851816E-09
    0.9250000000E+00    0.3608435782E-20    0.2491628434E-21    0.1903005833E-06    0.6690571135E+25    0.4798374235E-10    0.2414249628E+05    0.1349197855E-09
    0.9250000000E+00    0.3866508602E-20    0.2669827968E-21    0.1947332533E-06    0.2247263783E+25    0.1726970729E-10    0.8689064748E+04    0.5203151869E-10
