    0.9910000000E+00    0.4143038610E-23    0.2860772210E-24    0.1992691735E-07    0.0000000000E+00    0.0000000000E+00    0.0000000000E+00    0.0000000000E+00
    0.9910000000E+00    0.4439345853E-23    0.3065372650E-24    0.2039107488E-07    0.0000000000E+00    0.0000000000E+00    0.0000000000E+00    0.0000000000E+00
    0.9910000000E+00    0.4756844785E-23    0.3284605973E-24    0.2086604403E-07    0.0000000000E+00    0.0000000000E+00    0.0000000000E+00    0.0000000000E+00
    0.9910000000E+00    0.5097051019E-23    0.3519518710E-24    0.2135207663E-07    0.0000000000E+00    0.0000000000E+00    0.0000000000E+00    0.0000000000E+00
    0.9910000000E+00    0.5461588566E-23    0.3771232243E-24    0.2184943039E-07    0.0000000000E+00    0.0000000000E+00    0.0000000000E+00    0.0000000000E+00
    0.9910000000E+00    0.5852197586E-23    0.4040948153E-24    0.2235836900E-07    0.0000000000E+00    0.0000000000E+00    0.0000000000E+00    0.0000000000E+00
    0.9910000000E+00    0.6270742692E-23    0.4329953957E-24    0.2287916232E-07    0.0000000000E+00    0.0000000000E+00    0.0000000000E+00    0.0000000000E+00
    0.9910000000E+00    0.6719221852E-23    0.4639629256E-24    0.2341208647E-07    0.0000000000E+00    0.0000000000E+00    0.0000000000E+00    0.0000000000E+00
    0.9910000000E+00    0.7199775931E-23    0.4971452317E-24    0.2395742402E-07    0.0000000000E+00    0.0000000000E+00    0.0000000000E+00    0.0000000000E+00
    0.9910000000E+00    0.7714698903E-23    0.5327007132E-24    0.2451546411E-07    0.0000000000E+00    0.0000000000E+00    0.0000000000E+00    0.0000000000E+00
    0.9910000000E+00    0.8266448809E-23    0.5707990981E-24    0.2508650263E-07    0.0000000000E+00    0.0000000000E+00    0.0000000000E+00    0.0000000000E+00
    0.9910000000E+00    0.8857659485E-23    0.6116222531E-24    0.2567084234E-07    0.0000000000E+00    0.0000000000E+00    0.0000000000E+00    0.0000000000E+00
    0.9910000000E+00    0.9491153137E-23    0.6553650517E-24    0.2626879307E-07    0.0000000000E+00    0.0000000000E+00    0.0000000000E+00    0.0000000000E+00
    0.9910000000E+00    0.1016995382E-22    0.7022363048E-24    0.2688067187E-07    0.0000000000E+00    0.0000000000E+00    0.0000000000E+00    0.0000000000E+00
    0.9910000000E+00    0.1089730185E-22    0.7524597575E-24    0.2750680315E-07    0.0000000000E+00    0.0000000000E+00    0.0000000000E+00    0.0000000000E+00
    0.9910000000E+00    0.1167666930E-22    0.8062751566E-24    0.2814751890E-07    0.0000000000E+00    0.0000000000E+00    0.0000000000E+00    0.0000000000E+00
    0.9910000000E+00    0.1251177658E-22    0.8639393956E-24    0.2880315884E-07    0.0000000000E+00    0.0000000000E+00    0.0000000000E+00    0.0000000000E+00
    0.9910000000E+00    0.1340661015E-22    0.9257277409E-24    0.2947407060E-07    0.0000000000E+00    0.0000000000E+00    0.0000000000E+00    0.0000000000E+00
    0.9910000000E+00    0.1436544159E-22    0.9919351458E-24    0.3016060990E-07    0.0000000000E+00    0.0000000000E+00    0.0000000000E+00    0.0000000000E+00
    0.9910000000E+00    0.1539284799E-22    0.1062877658E-23    0.3086314075E-07    0.0000000000E+00    0.0000000000E+00    0.0000000000E+00    0.0000000000E+00
    0.9910000000E+00    0.1649373379E-22    0.1138893930E-23    0.3158203565E-07    0.0000000000E+00    0.0000000000E+00    0.0000000000E+00    0.0000000000E+00
    0.9910000000E+00    0.1767335417E-22    0.1220346833E-23    0.3231767576E-07    0.0000000000E+00    0.0000000000E+00    0.0000000000E+00    0.0000000000E+00
    0.9910000000E+00    0.1893734018E-22    0.1307625190E-23    0.3307045113E-07    0.0000000000E+00    0.0000000000E+00    0.0000000000E+00    0.0000000000E+00
    0.9910000000E+00    0.2029172559E-22    0.1401145635E-23    0.3384076090E-07    0.0000000000E+00    0.0000000000E+00    0.0000000000E+00    0.0000000000E+00
    0.9910000000E+00    0.2174297571E-22    0.1501354598E-23    0.3462901348E-07    0.0000000000E+00    0.0000000000E+00    0.0000000000E+00    0.0000000000E+00
    0.9910000000E+00    0.2329801823E-22    0.1608730435E-23    0.3543562682E-07    0.0000000000E+00    0.0000000000E+00    0.0000000000E+00    0.0000000000E+00
    0.9910000000E+00    0.2496427630E-22    0.1723785718E-23    0.3626102861E-07    0.0000000000E+00    0.0000000000E+00    0.0000000000E+00    0.0000000000E+00
    0.9910000000E+00    0.2674970400E-22    0.1847069675E-23    0.3710565646E-07    0.0000000000E+00    0.0000000000E+00    0.0000000000E+00    0.0000000000E+00
    0.9910000000E+00    0.2866282424E-22    0.1979170815E-23    0.3796995823E-07    0.0000000000E+00    0.0000000000E+00    0.0000000000E+00    0.0000000000E+00
    0.9910000000E+00    0.3071276952E-22    0.2120719737E-23    0.3885439218E-07    0.0000000000E+00    0.0000000000E+00    0.0000000000E+00    0.0000000000E+00
    0.9910000000E+00    0.3290932546E-22    0.2272392139E-23    0.3975942724E-07    0.0000000000E+00    0.0000000000E+00    0.0000000000E+00    0.0000000000E+00
    0.9910000000E+00    0.3526297755E-22    0.2434912046E-23    0.4068554327E-07    0.0000000000E+00    0.0000000000E+00    0.0000000000E+00    0.0000000000E+00
    0.9910000000E+00    0.3778496121E-22    0.2609055264E-23    0.4163323131E-07    0.0000000000E+00    0.0000000000E+00    0.0000000000E+00    0.0000000000E+00
    0.9910000000E+00    0.4048731538E-22    0.2795653084E-23    0.4260299385E-07    0.3766012173E-15    0.3030488521E-52    0.1524757226E-37    0.9022563531E-54
    0.9910000000E+00    0.4338294005E-22    0.2995596250E-23    0.4359534505E-07    0.1561781554E-13    0.1346639078E-50    0.6775467553E-36    0.4296041999E-52
    0.9910000000E+00    0.4648565778E-22    0.3209839213E-23    0.4461081109E-07   -0.9258858524E-13   -0.8554376722E-50   -0.4304041288E-35   -0.2924190605E-51
    0.9910000000E+00    0.4981027973E-22    0.3439404683E-23    0.4564993037E-07   -0.7700014910E-11   -0.7622939799E-48   -0.3835398965E-33   -0.2792156748E-49
    0.9910000000E+00    0.5337267633E-22    0.3685388516E-23    0.4671325384E-07    0.5560460084E-11    0.5898500919E-48    0.2967766363E-33    0.2315042439E-49
    0.9910000000E+00    0.5718985306E-22    0.3948964943E-23    0.4780134531E-07    0.2091700935E-08    0.2377554683E-45    0.1196240691E-30    0.9998798578E-47
    0.9910000000E+00    0.6128003161E-22    0.4231392172E-23    0.4891478167E-07    0.1612465858E-08    0.1963909413E-45    0.9881195878E-31    0.8849908024E-47
    0.9910000000E+00    0.6566273690E-22    0.4534018400E-23    0.5005415331E-07   -0.3890294119E-06   -0.5077072447E-43   -0.2554473592E-28   -0.2451493048E-44
    0.9910000000E+00    0.7035889022E-22    0.4858288246E-23    0.5122006431E-07   -0.5619442082E-04   -0.7858218917E-41   -0.3953777086E-26   -0.4065757097E-42
    0.9910000000E+00    0.7539090917E-22    0.5205749646E-23    0.5241313287E-07   -0.1481260479E-02   -0.2219536848E-39   -0.1116735742E-24   -0.1230494466E-40
    0.9910000000E+00    0.8078281461E-22    0.5578061244E-23    0.5363399157E-07    0.7823117130E-03    0.1256061073E-39    0.6319734208E-25    0.7461532964E-41
    0.9910000000E+00    0.8656034539E-22    0.5977000309E-23    0.5488328773E-07    0.3270512219E+00    0.5626608525E-37    0.2830966673E-22    0.3581492164E-38
    0.9910000000E+00    0.9275108115E-22    0.6404471218E-23    0.5616168372E-07    0.1781977126E+02    0.3284982414E-35    0.1652803051E-20    0.2240527890E-36
    0.9910000000E+00    0.9938457404E-22    0.6862514550E-23    0.5746985739E-07    0.2024220990E+02    0.3998424021E-35    0.2011763408E-20    0.2922174544E-36
    0.9910000000E+00    0.1064924897E-21    0.7353316823E-23    0.5880850233E-07   -0.8320079905E+03   -0.1760996209E-33   -0.8860260238E-19   -0.1379036390E-34
    0.9910000000E+00    0.1141087586E-21    0.7879220933E-23    0.6017832832E-07   -0.5128059735E+05   -0.1163011474E-31   -0.5851565304E-17   -0.9758909820E-33
    0.9910000000E+00    0.1222697377E-21    0.8442737340E-23    0.6158006166E-07   -0.2620157421E+07   -0.6367343929E-30   -0.3203659607E-15   -0.5725001622E-31
    0.9910000000E+00    0.1310143844E-21    0.9046556049E-23    0.6301444556E-07   -0.1204352550E+09   -0.3136061424E-28   -0.1577875079E-13   -0.3021355759E-29
    0.9910000000E+00    0.1403844422E-21    0.9693559452E-23    0.6448224056E-07   -0.2881047596E+10   -0.8038617366E-27   -0.4044542597E-12   -0.8298482116E-28
    0.9910000000E+00    0.1504246400E-21    0.1038683609E-22    0.6598422489E-07   -0.2937110808E+10   -0.8781147158E-27   -0.4418138358E-12   -0.9713339327E-28
    0.9910000000E+00    0.1611829057E-21    0.1112969539E-22    0.6752119493E-07    0.6693779626E+11    0.2144382895E-25    0.1078922850E-10    0.2541672790E-26
    0.9910000000E+00    0.1727105951E-21    0.1192568347E-22    0.6909396560E-07    0.2295744342E+13    0.7880512216E-24    0.3964993716E-09    0.1000856357E-24
    0.9910000000E+00    0.1850627369E-21    0.1277860007E-22    0.7070337081E-07    0.6253916432E+14    0.2300292151E-22    0.1157366891E-07    0.3130403374E-23
    0.9910000000E+00    0.1982982953E-21    0.1369251667E-22    0.7235026388E-07    0.1539419381E+16    0.6067193887E-21    0.3052642389E-06    0.8847186434E-22
    0.9910000000E+00    0.2124804516E-21    0.1467179595E-22    0.7403551802E-07    0.1287504155E+17    0.5437253269E-20    0.2735694642E-05    0.8495655011E-21
    0.9910000000E+00    0.2276769058E-21    0.1572111260E-22    0.7576002677E-07    0.8242993442E+16    0.3730060520E-20    0.1876739242E-05    0.6245010654E-21
    0.9910000000E+00    0.2439602000E-21    0.1684547565E-22    0.7752470448E-07   -0.2167256715E+18   -0.1050851337E-18   -0.5287243816E-04   -0.1885205016E-19
    0.9910000000E+00    0.2614080640E-21    0.1805025236E-22    0.7933048683E-07   -0.4272748466E+19   -0.2219924738E-17   -0.1116930904E-02   -0.4267323390E-18
    0.9910000000E+00    0.2801037871E-21    0.1934119387E-22    0.8117833125E-07   -0.6684920237E+20   -0.3721578239E-16   -0.1872471475E-01   -0.7665570090E-17
    0.9910000000E+00    0.3001366153E-21    0.2072446262E-22    0.8306921749E-07   -0.9472722373E+21   -0.5650745307E-15   -0.2843110831E+00   -0.1247162484E-15
    0.9910000000E+00    0.3216021775E-21    0.2220666179E-22    0.8500414813E-07   -0.1235591968E+23   -0.7897797611E-14   -0.3973690674E+01   -0.1867769614E-14
    0.9910000000E+00    0.3446029418E-21    0.2379486681E-22    0.8698414910E-07   -0.1489199525E+24   -0.1019961579E-12   -0.5131825371E+02   -0.2584646290E-13
    0.9910000000E+00    0.3692487048E-21    0.2549665916E-22    0.8901027021E-07   -0.5933143244E+24   -0.4354274033E-12   -0.2190805459E+03   -0.1182314628E-12
    0.9910000000E+00    0.3956571157E-21    0.2732016250E-22    0.9108358575E-07   -0.4515413989E+24   -0.3550818697E-12   -0.1786555675E+03   -0.1033108187E-12
    0.9910000000E+00    0.4239542377E-21    0.2927408154E-22    0.9320519501E-07    0.3111041059E+25    0.2621420352E-11    0.1318939041E+04    0.8172481990E-12
    0.9910000000E+00    0.4542751502E-21    0.3136774352E-22    0.9537622289E-07    0.3894339103E+26    0.3516128103E-10    0.1769101481E+05    0.1174578358E-10
    0.9910000000E+00    0.4867645933E-21    0.3361114274E-22    0.9759782052E-07    0.3375011055E+27    0.3265172451E-09    0.1642835884E+06    0.1168754858E-09
    0.9910000000E+00    0.5215776589E-21    0.3601498832E-22    0.9987116580E-07    0.2591332466E+28    0.2686297204E-08    0.1351581121E+07    0.1030318186E-08
    0.9910000000E+00    0.5588805307E-21    0.3859075526E-22    0.1021974641E-06    0.1830764342E+29    0.2033589866E-07    0.1023178547E+08    0.8357582539E-08
    0.9910000000E+00    0.5988512779E-21    0.4135073927E-22    0.1045779488E-06    0.1200866906E+30    0.1429307921E-06    0.7191406812E+08    0.6294237205E-07
    0.9910000000E+00    0.6416807053E-21    0.4430811541E-22    0.1070138822E-06    0.7335002562E+30    0.9354728633E-06    0.4706729617E+09    0.4414164352E-06
    0.9910000000E+00    0.6875732635E-21    0.4747700104E-22    0.1095065557E-06    0.4177732781E+31    0.5709151684E-05    0.2872497362E+10    0.2886615153E-05
    0.9910000000E+00    0.7367480256E-21    0.5087252317E-22    0.1120572911E-06    0.2220249762E+32    0.3251118175E-04    0.1635764628E+11    0.1761367836E-04
    0.9910000000E+00    0.7894397325E-21    0.5451089068E-22    0.1146674407E-06    0.1101090066E+33    0.1727642059E-03    0.8692442470E+11    0.1002931042E-03
    0.9910000000E+00    0.8458999137E-21    0.5840947171E-22    0.1173383885E-06    0.5093150660E+33    0.8562832468E-03    0.4308295704E+12    0.5326411954E-03
    0.9910000000E+00    0.9063980879E-21    0.6258687655E-22    0.1200715507E-06    0.2194869587E+34    0.3954027129E-02    0.1989425597E+13    0.2635463162E-02
    0.9910000000E+00    0.9712230494E-21    0.6706304648E-22    0.1228683764E-06    0.8797103931E+34    0.1698128875E-01    0.8543950105E+13    0.1212796548E-01
    0.9910000000E+00    0.1040684247E-20    0.7185934897E-22    0.1257303485E-06    0.2557963971E+35    0.5290848756E-01    0.2662032809E+14    0.4048952224E-01
    0.9910000000E+00    0.1115113261E-20    0.7699867968E-22    0.1286589846E-06    0.4554498193E+35    0.1009418960E+00    0.5078781334E+14    0.8277301286E-01
    0.9910000000E+00    0.1194865387E-20    0.8250557175E-22    0.1316558373E-06    0.5880989385E+35    0.1396629848E+00    0.7026990658E+14    0.1227152749E+00
    0.9910000000E+00    0.1280321329E-20    0.8840631292E-22    0.1347224957E-06    0.6063179408E+35    0.1542877135E+00    0.7762817920E+14    0.1452608725E+00
    0.9910000000E+00    0.1371889021E-20    0.9472907100E-22    0.1378605858E-06    0.5916761760E+35    0.1613299527E+00    0.8117140501E+14    0.1627542402E+00
    0.9910000000E+00    0.1470005571E-20    0.1015040283E-21    0.1410717713E-06    0.5107345689E+35    0.1492197053E+00    0.7507826617E+14    0.1613033857E+00
    0.9910000000E+00    0.1575139348E-20    0.1087635259E-21    0.1443577550E-06    0.3489300987E+35    0.1092368976E+00    0.5496135283E+14    0.1265280056E+00
    0.9910000000E+00    0.1687792220E-20    0.1165422177E-21    0.1477202791E-06    0.1929388978E+35    0.6472181939E-01    0.3256407707E+14    0.8032819763E-01
    0.9910000000E+00    0.1808501947E-20    0.1248772362E-21    0.1511611264E-06    0.8649323717E+34    0.3108945262E-01    0.1564231878E+14    0.4134570303E-01
    0.9910000000E+00    0.1937844750E-20    0.1338083694E-21    0.1546821213E-06    0.3073564990E+34    0.1183786341E-01    0.5956091779E+13    0.1686905017E-01
    0.9910000000E+00    0.2076438060E-20    0.1433782510E-21    0.1582851308E-06    0.6652341055E+33    0.2745398744E-02    0.1381317415E+13    0.4192014112E-02
    0.9910000000E+00    0.2224943467E-20    0.1536325639E-21    0.1619720651E-06    0.2885309449E+31    0.1275919638E-04    0.6419650410E+10    0.2087567982E-04
    0.9910000000E+00    0.2384069878E-20    0.1646202581E-21    0.1657448792E-06    0.2332935298E+30    0.1105436036E-05    0.5561880772E+09    0.1937987285E-05
    0.9910000000E+00    0.2554576900E-20    0.1763937846E-21    0.1696055734E-06    0.4679934904E+29    0.2376132947E-06    0.1195525360E+09    0.4463628497E-06
    0.9910000000E+00    0.2737278465E-20    0.1890093455E-21    0.1735561947E-06    0.5561338563E+28    0.3025591273E-07    0.1522293229E+08    0.6090144037E-07
    0.9910000000E+00    0.2933046719E-20    0.2025271626E-21    0.1775988378E-06    0.1362417732E+28    0.7942207166E-08    0.3996034857E+07    0.1713004550E-07
    0.9910000000E+00    0.3142816182E-20    0.2170117645E-21    0.1817356462E-06    0.2987257996E+27    0.1865965699E-08    0.9388402771E+06    0.4312419107E-08
    0.9910000000E+00    0.3367588212E-20    0.2325322952E-21    0.1859688132E-06    0.7171828383E+26    0.4800216358E-09    0.2415176472E+06    0.1188716026E-08
    0.9910000000E+00    0.3608435782E-20    0.2491628434E-21    0.1903005833E-06    0.1107250415E+26    0.7941028886E-10    0.3995442018E+05    0.2107143347E-09
    0.9910000000E+00    0.3866508602E-20    0.2669827968E-21    0.1947332533E-06    0.3820003797E+25    0.2935585396E-10    0.1477007754E+05    0.8346646564E-10
