    0.9880000000E+00    0.4143038610E-23    0.2860772210E-24    0.1992691735E-07    0.0000000000E+00    0.0000000000E+00    0.0000000000E+00    0.0000000000E+00
    0.9880000000E+00    0.4439345853E-23    0.3065372650E-24    0.2039107488E-07    0.0000000000E+00    0.0000000000E+00    0.0000000000E+00    0.0000000000E+00
    0.9880000000E+00    0.4756844785E-23    0.3284605973E-24    0.2086604403E-07    0.0000000000E+00    0.0000000000E+00    0.0000000000E+00    0.0000000000E+00
    0.9880000000E+00    0.5097051019E-23    0.3519518710E-24    0.2135207663E-07    0.0000000000E+00    0.0000000000E+00    0.0000000000E+00    0.0000000000E+00
    0.9880000000E+00    0.5461588566E-23    0.3771232243E-24    0.2184943039E-07    0.0000000000E+00    0.0000000000E+00    0.0000000000E+00    0.0000000000E+00
    0.9880000000E+00    0.5852197586E-23    0.4040948153E-24    0.2235836900E-07    0.0000000000E+00    0.0000000000E+00    0.0000000000E+00    0.0000000000E+00
    0.9880000000E+00    0.6270742692E-23    0.4329953957E-24    0.2287916232E-07    0.0000000000E+00    0.0000000000E+00    0.0000000000E+00    0.0000000000E+00
    0.9880000000E+00    0.6719221852E-23    0.4639629256E-24    0.2341208647E-07    0.0000000000E+00    0.0000000000E+00    0.0000000000E+00    0.0000000000E+00
    0.9880000000E+00    0.7199775931E-23    0.4971452317E-24    0.2395742402E-07    0.0000000000E+00    0.0000000000E+00    0.0000000000E+00    0.0000000000E+00
    0.9880000000E+00    0.7714698903E-23    0.5327007132E-24    0.2451546411E-07    0.0000000000E+00    0.0000000000E+00    0.0000000000E+00    0.0000000000E+00
    0.9880000000E+00    0.8266448809E-23    0.5707990981E-24    0.2508650263E-07    0.0000000000E+00    0.0000000000E+00    0.0000000000E+00    0.0000000000E+00
    0.9880000000E+00    0.8857659485E-23    0.6116222531E-24    0.2567084234E-07    0.0000000000E+00    0.0000000000E+00    0.0000000000E+00    0.0000000000E+00
    0.9880000000E+00    0.9491153137E-23    0.6553650517E-24    0.2626879307E-07    0.0000000000E+00    0.0000000000E+00    0.0000000000E+00    0.0000000000E+00
    0.9880000000E+00    0.1016995382E-22    0.7022363048E-24    0.2688067187E-07    0.0000000000E+00    0.0000000000E+00    0.0000000000E+00    0.0000000000E+00
    0.9880000000E+00    0.1089730185E-22    0.7524597575E-24    0.2750680315E-07    0.0000000000E+00    0.0000000000E+00    0.0000000000E+00    0.0000000000E+00
    0.9880000000E+00    0.1167666930E-22    0.8062751566E-24    0.2814751890E-07    0.0000000000E+00    0.0000000000E+00    0.0000000000E+00    0.0000000000E+00
    0.9880000000E+00    0.1251177658E-22    0.8639393956E-24    0.2880315884E-07    0.0000000000E+00    0.0000000000E+00    0.0000000000E+00    0.0000000000E+00
    0.9880000000E+00    0.1340661015E-22    0.9257277409E-24    0.2947407060E-07    0.0000000000E+00    0.0000000000E+00    0.0000000000E+00    0.0000000000E+00
    0.9880000000E+00    0.1436544159E-22    0.9919351458E-24    0.3016060990E-07    0.0000000000E+00    0.0000000000E+00    0.0000000000E+00    0.0000000000E+00
    0.9880000000E+00    0.1539284799E-22    0.1062877658E-23    0.3086314075E-07    0.0000000000E+00    0.0000000000E+00    0.0000000000E+00    0.0000000000E+00
    0.9880000000E+00    0.1649373379E-22    0.1138893930E-23    0.3158203565E-07    0.0000000000E+00    0.0000000000E+00    0.0000000000E+00    0.0000000000E+00
    0.9880000000E+00    0.1767335417E-22    0.1220346833E-23    0.3231767576E-07    0.0000000000E+00    0.0000000000E+00    0.0000000000E+00    0.0000000000E+00
    0.9880000000E+00    0.1893734018E-22    0.1307625190E-23    0.3307045113E-07    0.0000000000E+00    0.0000000000E+00    0.0000000000E+00    0.0000000000E+00
    0.9880000000E+00    0.2029172559E-22    0.1401145635E-23    0.3384076090E-07    0.0000000000E+00    0.0000000000E+00    0.0000000000E+00    0.0000000000E+00
    0.9880000000E+00    0.2174297571E-22    0.1501354598E-23    0.3462901348E-07    0.0000000000E+00    0.0000000000E+00    0.0000000000E+00    0.0000000000E+00
    0.9880000000E+00    0.2329801823E-22    0.1608730435E-23    0.3543562682E-07    0.0000000000E+00    0.0000000000E+00    0.0000000000E+00    0.0000000000E+00
    0.9880000000E+00    0.2496427630E-22    0.1723785718E-23    0.3626102861E-07    0.0000000000E+00    0.0000000000E+00    0.0000000000E+00    0.0000000000E+00
    0.9880000000E+00    0.2674970400E-22    0.1847069675E-23    0.3710565646E-07    0.0000000000E+00    0.0000000000E+00    0.0000000000E+00    0.0000000000E+00
    0.9880000000E+00    0.2866282424E-22    0.1979170815E-23    0.3796995823E-07    0.0000000000E+00    0.0000000000E+00    0.0000000000E+00    0.0000000000E+00
    0.9880000000E+00    0.3071276952E-22    0.2120719737E-23    0.3885439218E-07    0.0000000000E+00    0.0000000000E+00    0.0000000000E+00    0.0000000000E+00
    0.9880000000E+00    0.3290932546E-22    0.2272392139E-23    0.3975942724E-07    0.0000000000E+00    0.0000000000E+00    0.0000000000E+00    0.0000000000E+00
    0.9880000000E+00    0.3526297755E-22    0.2434912046E-23    0.4068554327E-07    0.0000000000E+00    0.0000000000E+00    0.0000000000E+00    0.0000000000E+00
    0.9880000000E+00    0.3778496121E-22    0.2609055264E-23    0.4163323131E-07    0.0000000000E+00    0.0000000000E+00    0.0000000000E+00    0.0000000000E+00
    0.9880000000E+00    0.4048731538E-22    0.2795653084E-23    0.4260299385E-07    0.4904026420E-15    0.3946242096E-52    0.1985508643E-37    0.1177486398E-53
    0.9880000000E+00    0.4338294005E-22    0.2995596250E-23    0.4359534505E-07    0.1735794230E-13    0.1496680720E-50    0.7530385700E-36    0.4785213706E-52
    0.9880000000E+00    0.4648565778E-22    0.3209839213E-23    0.4461081109E-07   -0.1190477424E-12   -0.1099897178E-49   -0.5534012612E-35   -0.3768115980E-51
    0.9880000000E+00    0.4981027973E-22    0.3439404683E-23    0.4564993037E-07   -0.8539771810E-11   -0.8454290955E-48   -0.4253684227E-33   -0.3103482950E-49
    0.9880000000E+00    0.5337267633E-22    0.3685388516E-23    0.4671325384E-07    0.8672670987E-11    0.9199914578E-48    0.4628836615E-33    0.3618728232E-49
    0.9880000000E+00    0.5718985306E-22    0.3948964943E-23    0.4780134531E-07    0.2312591732E-08    0.2628632617E-45    0.1322567813E-30    0.1107903837E-46
    0.9880000000E+00    0.6128003161E-22    0.4231392172E-23    0.4891478167E-07    0.1495084130E-08    0.1820943855E-45    0.9161880275E-31    0.8223727843E-47
    0.9880000000E+00    0.6566273690E-22    0.4534018400E-23    0.5005415331E-07   -0.4722225271E-06   -0.6162793629E-43   -0.3100742356E-28   -0.2982289495E-44
    0.9880000000E+00    0.7035889022E-22    0.4858288246E-23    0.5122006431E-07   -0.6773132891E-04   -0.9471538319E-41   -0.4765501136E-26   -0.4911257380E-42
    0.9880000000E+00    0.7539090917E-22    0.5205749646E-23    0.5241313287E-07   -0.1612758874E-02   -0.2416575478E-39   -0.1215873578E-24   -0.1342680056E-40
    0.9880000000E+00    0.8078281461E-22    0.5578061244E-23    0.5363399157E-07    0.1233816131E-02    0.1980985825E-39    0.9967113981E-25    0.1179379411E-40
    0.9880000000E+00    0.8656034539E-22    0.5977000309E-23    0.5488328773E-07    0.3893594365E+00    0.6698562728E-37    0.3370308730E-22    0.4273205733E-38
    0.9880000000E+00    0.9275108115E-22    0.6404471218E-23    0.5616168372E-07    0.1949746012E+02    0.3594255654E-35    0.1808410506E-20    0.2456864123E-36
    0.9880000000E+00    0.9938457404E-22    0.6862514550E-23    0.5746985739E-07    0.2031655833E+02    0.4013109993E-35    0.2019152495E-20    0.2939363095E-36
    0.9880000000E+00    0.1064924897E-21    0.7353316823E-23    0.5880850233E-07   -0.9829812032E+03   -0.2080540322E-33   -0.1046801157E-18   -0.1632857596E-34
    0.9880000000E+00    0.1141087586E-21    0.7879220933E-23    0.6017832832E-07   -0.5990454858E+05   -0.1358597227E-31   -0.6835633672E-17   -0.1142517596E-32
    0.9880000000E+00    0.1222697377E-21    0.8442737340E-23    0.6158006166E-07   -0.3047273962E+07   -0.7405296035E-30   -0.3725893881E-15   -0.6672899721E-31
    0.9880000000E+00    0.1310143844E-21    0.9046556049E-23    0.6301444556E-07   -0.1394939094E+09   -0.3632337293E-28   -0.1827570867E-13   -0.3507182322E-29
    0.9880000000E+00    0.1403844422E-21    0.9693559452E-23    0.6448224056E-07   -0.3084176289E+10   -0.8605381289E-27   -0.4329703679E-12   -0.8903121326E-28
    0.9880000000E+00    0.1504246400E-21    0.1038683609E-22    0.6598422489E-07   -0.2939301350E+10   -0.8787696272E-27   -0.4421433473E-12   -0.9741979511E-28
    0.9880000000E+00    0.1611829057E-21    0.1112969539E-22    0.6752119493E-07    0.7750534015E+11    0.2482918993E-25    0.1249253593E-10    0.2949407120E-26
    0.9880000000E+00    0.1727105951E-21    0.1192568347E-22    0.6909396560E-07    0.2618704225E+13    0.8989124030E-24    0.4522779651E-09    0.1144167340E-24
    0.9880000000E+00    0.1850627369E-21    0.1277860007E-22    0.7070337081E-07    0.7101776227E+14    0.2612148770E-22    0.1314274145E-07    0.3562624757E-23
    0.9880000000E+00    0.1982982953E-21    0.1369251667E-22    0.7235026388E-07    0.1741495759E+16    0.6863621803E-21    0.3453356403E-06    0.1003056783E-21
    0.9880000000E+00    0.2124804516E-21    0.1467179595E-22    0.7403551802E-07    0.1352223744E+17    0.5710570289E-20    0.2873211117E-05    0.8942349820E-21
    0.9880000000E+00    0.2276769058E-21    0.1572111260E-22    0.7576002677E-07    0.7623733722E+16    0.3449837534E-20    0.1735748105E-05    0.5788563699E-21
    0.9880000000E+00    0.2439602000E-21    0.1684547565E-22    0.7752470448E-07   -0.2454565577E+18   -0.1190160585E-18   -0.5988163091E-04   -0.2139822438E-19
    0.9880000000E+00    0.2614080640E-21    0.1805025236E-22    0.7933048683E-07   -0.4768631852E+19   -0.2477563072E-17   -0.1246558820E-02   -0.4773059992E-18
    0.9880000000E+00    0.2801037871E-21    0.1934119387E-22    0.8117833125E-07   -0.7426628719E+20   -0.4134496576E-16   -0.2080226830E-01   -0.8534828728E-17
    0.9880000000E+00    0.3001366153E-21    0.2072446262E-22    0.8306921749E-07   -0.1048600791E+22   -0.6255198628E-15   -0.3147234923E+00   -0.1383608683E-15
    0.9880000000E+00    0.3216021775E-21    0.2220666179E-22    0.8500414813E-07   -0.1363097302E+23   -0.8712800744E-14   -0.4383750605E+01   -0.2065047073E-14
    0.9880000000E+00    0.3446029418E-21    0.2379486681E-22    0.8698414910E-07   -0.1637390937E+24   -0.1121458756E-12   -0.5642497339E+02   -0.2848101615E-13
    0.9880000000E+00    0.3692487048E-21    0.2549665916E-22    0.8901027021E-07   -0.6098438389E+24   -0.4475582474E-12   -0.2251840477E+03   -0.1217928346E-12
    0.9880000000E+00    0.3956571157E-21    0.2732016250E-22    0.9108358575E-07   -0.4367814300E+24   -0.3434749664E-12   -0.1728156808E+03   -0.1001537612E-12
    0.9880000000E+00    0.4239542377E-21    0.2927408154E-22    0.9320519501E-07    0.3475429427E+25    0.2928460685E-11    0.1473423033E+04    0.9149799380E-12
    0.9880000000E+00    0.4542751502E-21    0.3136774352E-22    0.9537622289E-07    0.4241456489E+26    0.3829534091E-10    0.1926788284E+05    0.1282088822E-10
    0.9880000000E+00    0.4867645933E-21    0.3361114274E-22    0.9759782052E-07    0.3653847139E+27    0.3534933909E-09    0.1778563417E+06    0.1268099911E-09
    0.9880000000E+00    0.5215776589E-21    0.3601498832E-22    0.9987116580E-07    0.2795068572E+28    0.2897499641E-08    0.1457845322E+07    0.1113770126E-08
    0.9880000000E+00    0.5588805307E-21    0.3859075526E-22    0.1021974641E-06    0.1968370081E+29    0.2186440580E-07    0.1100083716E+08    0.9005541937E-08
    0.9880000000E+00    0.5988512779E-21    0.4135073927E-22    0.1045779488E-06    0.1287175924E+30    0.1532035511E-06    0.7708269473E+08    0.6761468136E-07
    0.9880000000E+00    0.6416807053E-21    0.4430811541E-22    0.1070138822E-06    0.7838665925E+30    0.9997077977E-06    0.5029920679E+09    0.4727649306E-06
    0.9880000000E+00    0.6875732635E-21    0.4747700104E-22    0.1095065557E-06    0.4451452251E+31    0.6083207675E-05    0.3060699551E+10    0.3082512291E-05
    0.9880000000E+00    0.7367480256E-21    0.5087252317E-22    0.1120572911E-06    0.2358833502E+32    0.3454046748E-04    0.1737865925E+11    0.1875427954E-04
    0.9880000000E+00    0.7894397325E-21    0.5451089068E-22    0.1146674407E-06    0.1166441419E+33    0.1830180217E-03    0.9208352019E+11    0.1064795067E-03
    0.9880000000E+00    0.8458999137E-21    0.5840947171E-22    0.1173383885E-06    0.5379917099E+33    0.9044957019E-03    0.4550871410E+12    0.5638696003E-03
    0.9880000000E+00    0.9063980879E-21    0.6258687655E-22    0.1200715507E-06    0.2311768045E+34    0.4164618080E-02    0.2095382136E+13    0.2781937406E-02
    0.9880000000E+00    0.9712230494E-21    0.6706304648E-22    0.1228683764E-06    0.9238025234E+34    0.1783241112E-01    0.8972183038E+13    0.1276386617E-01
    0.9880000000E+00    0.1040684247E-20    0.7185934897E-22    0.1257303485E-06    0.2631079506E+35    0.5442079674E-01    0.2738122995E+14    0.4173852232E-01
    0.9880000000E+00    0.1115113261E-20    0.7699867968E-22    0.1286589846E-06    0.4623466035E+35    0.1024704387E+00    0.5155688290E+14    0.8421137708E-01
    0.9880000000E+00    0.1194865387E-20    0.8250557175E-22    0.1316558373E-06    0.5913048206E+35    0.1404243245E+00    0.7065296633E+14    0.1236558073E+00
    0.9880000000E+00    0.1280321329E-20    0.8840631292E-22    0.1347224957E-06    0.6071774208E+35    0.1545064225E+00    0.7773822026E+14    0.1457869703E+00
    0.9880000000E+00    0.1371889021E-20    0.9472907100E-22    0.1378605858E-06    0.5915296228E+35    0.1612899926E+00    0.8115129953E+14    0.1630720744E+00
    0.9880000000E+00    0.1470005571E-20    0.1015040283E-21    0.1410717713E-06    0.5072235750E+35    0.1481939093E+00    0.7456214811E+14    0.1605471234E+00
    0.9880000000E+00    0.1575139348E-20    0.1087635259E-21    0.1443577550E-06    0.3441578110E+35    0.1077428737E+00    0.5420965102E+14    0.1250721826E+00
    0.9880000000E+00    0.1687792220E-20    0.1165422177E-21    0.1477202791E-06    0.1891401848E+35    0.6344753193E-01    0.3192293324E+14    0.7891996914E-01
    0.9880000000E+00    0.1808501947E-20    0.1248772362E-21    0.1511611264E-06    0.8429671187E+34    0.3029992535E-01    0.1524507676E+14    0.4038440906E-01
    0.9880000000E+00    0.1937844750E-20    0.1338083694E-21    0.1546821213E-06    0.2976033023E+34    0.1146221815E-01    0.5767089969E+13    0.1636970465E-01
    0.9880000000E+00    0.2076438060E-20    0.1433782510E-21    0.1582851308E-06    0.6312875887E+33    0.2605302613E-02    0.1310829576E+13    0.3986854155E-02
    0.9880000000E+00    0.2224943467E-20    0.1536325639E-21    0.1619720651E-06    0.1936441034E+31    0.8563182521E-05    0.4308471829E+10    0.1404130182E-04
    0.9880000000E+00    0.2384069878E-20    0.1646202581E-21    0.1657448792E-06    0.2286769777E+30    0.1083561006E-05    0.5451818945E+09    0.1903818495E-05
    0.9880000000E+00    0.2554576900E-20    0.1763937846E-21    0.1696055734E-06    0.4580100010E+29    0.2325443998E-06    0.1170021768E+09    0.4378023204E-06
    0.9880000000E+00    0.2737278465E-20    0.1890093455E-21    0.1735561947E-06    0.5462931331E+28    0.2972053790E-07    0.1495356429E+08    0.5995547377E-07
    0.9880000000E+00    0.2933046719E-20    0.2025271626E-21    0.1775988378E-06    0.1338312651E+28    0.7801686724E-08    0.3925333530E+07    0.1686400340E-07
    0.9880000000E+00    0.3142816182E-20    0.2170117645E-21    0.1817356462E-06    0.2934660946E+27    0.1833111392E-08    0.9223099910E+06    0.4245814640E-08
    0.9880000000E+00    0.3367588212E-20    0.2325322952E-21    0.1859688132E-06    0.7045602662E+26    0.4715731518E-09    0.2372668847E+06    0.1170364783E-08
    0.9880000000E+00    0.3608435782E-20    0.2491628434E-21    0.1903005833E-06    0.1086529763E+26    0.7792423570E-10    0.3920672875E+05    0.2072262295E-09
    0.9880000000E+00    0.3866508602E-20    0.2669827968E-21    0.1947332533E-06    0.3744646418E+25    0.2877674977E-10    0.1447870759E+05    0.8200001166E-10
