    0.9920000000E+00    0.4143038610E-23    0.2860772210E-24    0.1992691735E-07    0.0000000000E+00    0.0000000000E+00    0.0000000000E+00    0.0000000000E+00
    0.9920000000E+00    0.4439345853E-23    0.3065372650E-24    0.2039107488E-07    0.0000000000E+00    0.0000000000E+00    0.0000000000E+00    0.0000000000E+00
    0.9920000000E+00    0.4756844785E-23    0.3284605973E-24    0.2086604403E-07    0.0000000000E+00    0.0000000000E+00    0.0000000000E+00    0.0000000000E+00
    0.9920000000E+00    0.5097051019E-23    0.3519518710E-24    0.2135207663E-07    0.0000000000E+00    0.0000000000E+00    0.0000000000E+00    0.0000000000E+00
    0.9920000000E+00    0.5461588566E-23    0.3771232243E-24    0.2184943039E-07    0.0000000000E+00    0.0000000000E+00    0.0000000000E+00    0.0000000000E+00
    0.9920000000E+00    0.5852197586E-23    0.4040948153E-24    0.2235836900E-07    0.0000000000E+00    0.0000000000E+00    0.0000000000E+00    0.0000000000E+00
    0.9920000000E+00    0.6270742692E-23    0.4329953957E-24    0.2287916232E-07    0.0000000000E+00    0.0000000000E+00    0.0000000000E+00    0.0000000000E+00
    0.9920000000E+00    0.6719221852E-23    0.4639629256E-24    0.2341208647E-07    0.0000000000E+00    0.0000000000E+00    0.0000000000E+00    0.0000000000E+00
    0.9920000000E+00    0.7199775931E-23    0.4971452317E-24    0.2395742402E-07    0.0000000000E+00    0.0000000000E+00    0.0000000000E+00    0.0000000000E+00
    0.9920000000E+00    0.7714698903E-23    0.5327007132E-24    0.2451546411E-07    0.0000000000E+00    0.0000000000E+00    0.0000000000E+00    0.0000000000E+00
    0.9920000000E+00    0.8266448809E-23    0.5707990981E-24    0.2508650263E-07    0.0000000000E+00    0.0000000000E+00    0.0000000000E+00    0.0000000000E+00
    0.9920000000E+00    0.8857659485E-23    0.6116222531E-24    0.2567084234E-07    0.0000000000E+00    0.0000000000E+00    0.0000000000E+00    0.0000000000E+00
    0.9920000000E+00    0.9491153137E-23    0.6553650517E-24    0.2626879307E-07    0.0000000000E+00    0.0000000000E+00    0.0000000000E+00    0.0000000000E+00
    0.9920000000E+00    0.1016995382E-22    0.7022363048E-24    0.2688067187E-07    0.0000000000E+00    0.0000000000E+00    0.0000000000E+00    0.0000000000E+00
    0.9920000000E+00    0.1089730185E-22    0.7524597575E-24    0.2750680315E-07    0.0000000000E+00    0.0000000000E+00    0.0000000000E+00    0.0000000000E+00
    0.9920000000E+00    0.1167666930E-22    0.8062751566E-24    0.2814751890E-07    0.0000000000E+00    0.0000000000E+00    0.0000000000E+00    0.0000000000E+00
    0.9920000000E+00    0.1251177658E-22    0.8639393956E-24    0.2880315884E-07    0.0000000000E+00    0.0000000000E+00    0.0000000000E+00    0.0000000000E+00
    0.9920000000E+00    0.1340661015E-22    0.9257277409E-24    0.2947407060E-07    0.0000000000E+00    0.0000000000E+00    0.0000000000E+00    0.0000000000E+00
    0.9920000000E+00    0.1436544159E-22    0.9919351458E-24    0.3016060990E-07    0.0000000000E+00    0.0000000000E+00    0.0000000000E+00    0.0000000000E+00
    0.9920000000E+00    0.1539284799E-22    0.1062877658E-23    0.3086314075E-07    0.0000000000E+00    0.0000000000E+00    0.0000000000E+00    0.0000000000E+00
    0.9920000000E+00    0.1649373379E-22    0.1138893930E-23    0.3158203565E-07    0.0000000000E+00    0.0000000000E+00    0.0000000000E+00    0.0000000000E+00
    0.9920000000E+00    0.1767335417E-22    0.1220346833E-23    0.3231767576E-07    0.0000000000E+00    0.0000000000E+00    0.0000000000E+00    0.0000000000E+00
    0.9920000000E+00    0.1893734018E-22    0.1307625190E-23    0.3307045113E-07    0.0000000000E+00    0.0000000000E+00    0.0000000000E+00    0.0000000000E+00
    0.9920000000E+00    0.2029172559E-22    0.1401145635E-23    0.3384076090E-07    0.0000000000E+00    0.0000000000E+00    0.0000000000E+00    0.0000000000E+00
    0.9920000000E+00    0.2174297571E-22    0.1501354598E-23    0.3462901348E-07    0.0000000000E+00    0.0000000000E+00    0.0000000000E+00    0.0000000000E+00
    0.9920000000E+00    0.2329801823E-22    0.1608730435E-23    0.3543562682E-07    0.0000000000E+00    0.0000000000E+00    0.0000000000E+00    0.0000000000E+00
    0.9920000000E+00    0.2496427630E-22    0.1723785718E-23    0.3626102861E-07    0.0000000000E+00    0.0000000000E+00    0.0000000000E+00    0.0000000000E+00
    0.9920000000E+00    0.2674970400E-22    0.1847069675E-23    0.3710565646E-07    0.0000000000E+00    0.0000000000E+00    0.0000000000E+00    0.0000000000E+00
    0.9920000000E+00    0.2866282424E-22    0.1979170815E-23    0.3796995823E-07    0.0000000000E+00    0.0000000000E+00    0.0000000000E+00    0.0000000000E+00
    0.9920000000E+00    0.3071276952E-22    0.2120719737E-23    0.3885439218E-07    0.0000000000E+00    0.0000000000E+00    0.0000000000E+00    0.0000000000E+00
    0.9920000000E+00    0.3290932546E-22    0.2272392139E-23    0.3975942724E-07    0.0000000000E+00    0.0000000000E+00    0.0000000000E+00    0.0000000000E+00
    0.9920000000E+00    0.3526297755E-22    0.2434912046E-23    0.4068554327E-07    0.0000000000E+00    0.0000000000E+00    0.0000000000E+00    0.0000000000E+00
    0.9920000000E+00    0.3778496121E-22    0.2609055264E-23    0.4163323131E-07    0.0000000000E+00    0.0000000000E+00    0.0000000000E+00    0.0000000000E+00
    0.9920000000E+00    0.4048731538E-22    0.2795653084E-23    0.4260299385E-07    0.3447951244E-15    0.2774546705E-52    0.1395982894E-37    0.8254571045E-54
    0.9920000000E+00    0.4338294005E-22    0.2995596250E-23    0.4359534505E-07    0.1508001227E-13    0.1300267234E-50    0.6542152681E-36    0.4145100728E-52
    0.9920000000E+00    0.4648565778E-22    0.3209839213E-23    0.4461081109E-07   -0.8512418425E-13   -0.7864731255E-50   -0.3957053698E-35   -0.2686496981E-51
    0.9920000000E+00    0.4981027973E-22    0.3439404683E-23    0.4564993037E-07   -0.7440864304E-11   -0.7366383222E-48   -0.3706315324E-33   -0.2696229017E-49
    0.9920000000E+00    0.5337267633E-22    0.3685388516E-23    0.4671325384E-07    0.4701870210E-11    0.4987714206E-48    0.2509513969E-33    0.1956158452E-49
    0.9920000000E+00    0.5718985306E-22    0.3948964943E-23    0.4780134531E-07    0.2023461284E-08    0.2299989339E-45    0.1157214535E-30    0.9665588304E-47
    0.9920000000E+00    0.6128003161E-22    0.4231392172E-23    0.4891478167E-07    0.1637730397E-08    0.1994680461E-45    0.1003601705E-30    0.8982056932E-47
    0.9920000000E+00    0.6566273690E-22    0.4534018400E-23    0.5005415331E-07   -0.3649144422E-06   -0.4762357301E-43   -0.2396128101E-28   -0.2297864658E-44
    0.9920000000E+00    0.7035889022E-22    0.4858288246E-23    0.5122006431E-07   -0.5283666113E-04   -0.7388670333E-41   -0.3717528840E-26   -0.3820047468E-42
    0.9920000000E+00    0.7539090917E-22    0.5205749646E-23    0.5241313287E-07   -0.1440052700E-02   -0.2157790663E-39   -0.1085668823E-24   -0.1195395948E-40
    0.9920000000E+00    0.8078281461E-22    0.5578061244E-23    0.5363399157E-07    0.6550080918E-03    0.1051665408E-39    0.5291339725E-25    0.6242809160E-41
    0.9920000000E+00    0.8656034539E-22    0.5977000309E-23    0.5488328773E-07    0.3087535377E+00    0.5311814086E-37    0.2672581286E-22    0.3378666581E-38
    0.9920000000E+00    0.9275108115E-22    0.6404471218E-23    0.5616168372E-07    0.1726550941E+02    0.3182807117E-35    0.1601394665E-20    0.2169265905E-36
    0.9920000000E+00    0.9938457404E-22    0.6862514550E-23    0.5746985739E-07    0.2021773946E+02    0.3993590398E-35    0.2009331424E-20    0.2916526919E-36
    0.9920000000E+00    0.1064924897E-21    0.7353316823E-23    0.5880850233E-07   -0.7873648440E+03   -0.1666506237E-33   -0.8384844256E-19   -0.1304095551E-34
    0.9920000000E+00    0.1141087586E-21    0.7879220933E-23    0.6017832832E-07   -0.4871654785E+05   -0.1104860455E-31   -0.5558984798E-17   -0.9264242177E-33
    0.9920000000E+00    0.1222697377E-21    0.8442737340E-23    0.6158006166E-07   -0.2492797591E+07   -0.6057841975E-30   -0.3047937076E-15   -0.5442775359E-31
    0.9920000000E+00    0.1310143844E-21    0.9046556049E-23    0.6301444556E-07   -0.1147364379E+09   -0.2987667664E-28   -0.1503212378E-13   -0.2876303809E-29
    0.9920000000E+00    0.1403844422E-21    0.9693559452E-23    0.6448224056E-07   -0.2814801647E+10   -0.7853779797E-27   -0.3951543591E-12   -0.8101793885E-28
    0.9920000000E+00    0.1504246400E-21    0.1038683609E-22    0.6598422489E-07   -0.2934052834E+10   -0.8772004664E-27   -0.4413538412E-12   -0.9696194615E-28
    0.9920000000E+00    0.1611829057E-21    0.1112969539E-22    0.6752119493E-07    0.6376471682E+11    0.2042731844E-25    0.1027778234E-10    0.2419434276E-26
    0.9920000000E+00    0.1727105951E-21    0.1192568347E-22    0.6909396560E-07    0.2198143133E+13    0.7545480344E-24    0.3796426086E-09    0.9576115199E-25
    0.9920000000E+00    0.1850627369E-21    0.1277860007E-22    0.7070337081E-07    0.5996968555E+14    0.2205782544E-22    0.1109815414E-07    0.2999612574E-23
    0.9920000000E+00    0.1982982953E-21    0.1369251667E-22    0.7235026388E-07    0.1478022598E+16    0.5825215523E-21    0.2930893616E-06    0.8488177798E-22
    0.9920000000E+00    0.2124804516E-21    0.1467179595E-22    0.7403551802E-07    0.1266538612E+17    0.5348713775E-20    0.2691146962E-05    0.8351256601E-21
    0.9920000000E+00    0.2276769058E-21    0.1572111260E-22    0.7576002677E-07    0.8414325248E+16    0.3807590365E-20    0.1915747537E-05    0.6370194445E-21
    0.9920000000E+00    0.2439602000E-21    0.1684547565E-22    0.7752470448E-07   -0.2079584768E+18   -0.1008341291E-18   -0.5073359159E-04   -0.1807632003E-19
    0.9920000000E+00    0.2614080640E-21    0.1805025236E-22    0.7933048683E-07   -0.4120625795E+19   -0.2140888754E-17   -0.1077164811E-02   -0.4112411554E-18
    0.9920000000E+00    0.2801037871E-21    0.1934119387E-22    0.8117833125E-07   -0.6456769543E+20   -0.3594563910E-16   -0.1808565601E-01   -0.7398585202E-17
    0.9920000000E+00    0.3001366153E-21    0.2072446262E-22    0.8306921749E-07   -0.9160289741E+21   -0.5464370456E-15   -0.2749338358E+00   -0.1205154161E-15
    0.9920000000E+00    0.3216021775E-21    0.2220666179E-22    0.8500414813E-07   -0.1196186618E+23   -0.7645922001E-14   -0.3846962210E+01   -0.1806892575E-14
    0.9920000000E+00    0.3446029418E-21    0.2379486681E-22    0.8698414910E-07   -0.1443297306E+24   -0.9885228778E-13   -0.4973644975E+02   -0.2503163368E-13
    0.9920000000E+00    0.3692487048E-21    0.2549665916E-22    0.8901027021E-07   -0.5877482912E+24   -0.4313425476E-12   -0.2170252953E+03   -0.1170374279E-12
    0.9920000000E+00    0.3956571157E-21    0.2732016250E-22    0.9108358575E-07   -0.4557328607E+24   -0.3583779398E-12   -0.1803139492E+03   -0.1041942465E-12
    0.9920000000E+00    0.4239542377E-21    0.2927408154E-22    0.9320519501E-07    0.2997979227E+25    0.2526152375E-11    0.1271005998E+04    0.7869769511E-12
    0.9920000000E+00    0.4542751502E-21    0.3136774352E-22    0.9537622289E-07    0.3785969247E+26    0.3418282926E-10    0.1719871748E+05    0.1141065240E-10
    0.9920000000E+00    0.4867645933E-21    0.3361114274E-22    0.9759782052E-07    0.3287704099E+27    0.3180706871E-09    0.1600337949E+06    0.1137695701E-09
    0.9920000000E+00    0.5215776589E-21    0.3601498832E-22    0.9987116580E-07    0.2527393220E+28    0.2620014772E-08    0.1318231839E+07    0.1004167612E-08
    0.9920000000E+00    0.5588805307E-21    0.3859075526E-22    0.1021974641E-06    0.1787486620E+29    0.1985517520E-07    0.9989914707E+07    0.8154103006E-08
    0.9920000000E+00    0.5988512779E-21    0.4135073927E-22    0.1045779488E-06    0.1173665869E+30    0.1396932428E-06    0.7028513055E+08    0.6147207442E-07
    0.9920000000E+00    0.6416807053E-21    0.4430811541E-22    0.1070138822E-06    0.7175944609E+30    0.9151873355E-06    0.4604665198E+09    0.4315314688E-06
    0.9920000000E+00    0.6875732635E-21    0.4747700104E-22    0.1095065557E-06    0.4091117414E+31    0.5590785984E-05    0.2812942952E+10    0.2824719562E-05
    0.9920000000E+00    0.7367480256E-21    0.5087252317E-22    0.1120572911E-06    0.2176309006E+32    0.3186775599E-04    0.1603391363E+11    0.1725257615E-04
    0.9920000000E+00    0.7894397325E-21    0.5451089068E-22    0.1146674407E-06    0.1080327954E+33    0.1695065707E-03    0.8528538111E+11    0.9833067210E-04
    0.9920000000E+00    0.8458999137E-21    0.5840947171E-22    0.1173383885E-06    0.5001863934E+33    0.8409357144E-03    0.4231076270E+12    0.5227153662E-03
    0.9920000000E+00    0.9063980879E-21    0.6258687655E-22    0.1200715507E-06    0.2157582622E+34    0.3886855178E-02    0.1955628763E+13    0.2588813885E-02
    0.9920000000E+00    0.9712230494E-21    0.6706304648E-22    0.1228683764E-06    0.8655956581E+34    0.1670882818E-01    0.8406864546E+13    0.1192472749E-01
    0.9920000000E+00    0.1040684247E-20    0.7185934897E-22    0.1257303485E-06    0.2533895299E+35    0.5241065530E-01    0.2636984922E+14    0.4007947828E-01
    0.9920000000E+00    0.1115113261E-20    0.7699867968E-22    0.1286589846E-06    0.4531611756E+35    0.1004346612E+00    0.5053260365E+14    0.8229739502E-01
    0.9920000000E+00    0.1194865387E-20    0.8250557175E-22    0.1316558373E-06    0.5870072554E+35    0.1394037296E+00    0.7013946514E+14    0.1223987163E+00
    0.9920000000E+00    0.1280321329E-20    0.8840631292E-22    0.1347224957E-06    0.6060346380E+35    0.1542156224E+00    0.7759190735E+14    0.1450877818E+00
    0.9920000000E+00    0.1371889021E-20    0.9472907100E-22    0.1378605858E-06    0.5917107112E+35    0.1613393693E+00    0.8117614285E+14    0.1626457894E+00
    0.9920000000E+00    0.1470005571E-20    0.1015040283E-21    0.1410717713E-06    0.5118693638E+35    0.1495512547E+00    0.7524508165E+14    0.1615446318E+00
    0.9920000000E+00    0.1575139348E-20    0.1087635259E-21    0.1443577550E-06    0.3505020406E+35    0.1097290135E+00    0.5520895558E+14    0.1270059141E+00
    0.9920000000E+00    0.1687792220E-20    0.1165422177E-21    0.1477202791E-06    0.1942011262E+35    0.6514523694E-01    0.3277711499E+14    0.8079512140E-01
    0.9920000000E+00    0.1808501947E-20    0.1248772362E-21    0.1511611264E-06    0.8722727225E+34    0.3135329693E-01    0.1577506917E+14    0.4166637184E-01
    0.9920000000E+00    0.1937844750E-20    0.1338083694E-21    0.1546821213E-06    0.3106309426E+34    0.1196397890E-01    0.6019545413E+13    0.1703641098E-01
    0.9920000000E+00    0.2076438060E-20    0.1433782510E-21    0.1582851308E-06    0.6766877867E+33    0.2792667700E-02    0.1405100275E+13    0.4261100054E-02
    0.9920000000E+00    0.2224943467E-20    0.1536325639E-21    0.1619720651E-06    0.3269641982E+31    0.1445876253E-04    0.7274768569E+10    0.2363924462E-04
    0.9920000000E+00    0.2384069878E-20    0.1646202581E-21    0.1657448792E-06    0.2348366086E+30    0.1112747747E-05    0.5598668849E+09    0.1949392064E-05
    0.9920000000E+00    0.2554576900E-20    0.1763937846E-21    0.1696055734E-06    0.4713360613E+29    0.2393104108E-06    0.1204064214E+09    0.4492251497E-06
    0.9920000000E+00    0.2737278465E-20    0.1890093455E-21    0.1735561947E-06    0.5594193735E+28    0.3043465804E-07    0.1531286604E+08    0.6121683840E-07
    0.9920000000E+00    0.2933046719E-20    0.2025271626E-21    0.1775988378E-06    0.1370465721E+28    0.7989122881E-08    0.4019639987E+07    0.1721874803E-07
    0.9920000000E+00    0.3142816182E-20    0.2170117645E-21    0.1817356462E-06    0.3004818331E+27    0.1876934615E-08    0.9443591674E+06    0.4334625821E-08
    0.9920000000E+00    0.3367588212E-20    0.2325322952E-21    0.1859688132E-06    0.7213966613E+26    0.4828420131E-09    0.2429366893E+06    0.1194833861E-08
    0.9920000000E+00    0.3608435782E-20    0.2491628434E-21    0.1903005833E-06    0.1114165662E+26    0.7990623964E-10    0.4020395240E+05    0.2118766820E-09
    0.9920000000E+00    0.3866508602E-20    0.2669827968E-21    0.1947332533E-06    0.3845170165E+25    0.2954925173E-10    0.1486738352E+05    0.8395546236E-10
