    0.9500000000E+00    0.4143038610E-23    0.2860772210E-24    0.1992691735E-07    0.0000000000E+00    0.0000000000E+00    0.0000000000E+00    0.0000000000E+00
    0.9500000000E+00    0.4439345853E-23    0.3065372650E-24    0.2039107488E-07    0.0000000000E+00    0.0000000000E+00    0.0000000000E+00    0.0000000000E+00
    0.9500000000E+00    0.4756844785E-23    0.3284605973E-24    0.2086604403E-07    0.0000000000E+00    0.0000000000E+00    0.0000000000E+00    0.0000000000E+00
    0.9500000000E+00    0.5097051019E-23    0.3519518710E-24    0.2135207663E-07    0.0000000000E+00    0.0000000000E+00    0.0000000000E+00    0.0000000000E+00
    0.9500000000E+00    0.5461588566E-23    0.3771232243E-24    0.2184943039E-07    0.0000000000E+00    0.0000000000E+00    0.0000000000E+00    0.0000000000E+00
    0.9500000000E+00    0.5852197586E-23    0.4040948153E-24    0.2235836900E-07    0.0000000000E+00    0.0000000000E+00    0.0000000000E+00    0.0000000000E+00
    0.9500000000E+00    0.6270742692E-23    0.4329953957E-24    0.2287916232E-07    0.0000000000E+00    0.0000000000E+00    0.0000000000E+00    0.0000000000E+00
    0.9500000000E+00    0.6719221852E-23    0.4639629256E-24    0.2341208647E-07    0.0000000000E+00    0.0000000000E+00    0.0000000000E+00    0.0000000000E+00
    0.9500000000E+00    0.7199775931E-23    0.4971452317E-24    0.2395742402E-07    0.0000000000E+00    0.0000000000E+00    0.0000000000E+00    0.0000000000E+00
    0.9500000000E+00    0.7714698903E-23    0.5327007132E-24    0.2451546411E-07    0.0000000000E+00    0.0000000000E+00    0.0000000000E+00    0.0000000000E+00
    0.9500000000E+00    0.8266448809E-23    0.5707990981E-24    0.2508650263E-07    0.0000000000E+00    0.0000000000E+00    0.0000000000E+00    0.0000000000E+00
    0.9500000000E+00    0.8857659485E-23    0.6116222531E-24    0.2567084234E-07    0.0000000000E+00    0.0000000000E+00    0.0000000000E+00    0.0000000000E+00
    0.9500000000E+00    0.9491153137E-23    0.6553650517E-24    0.2626879307E-07    0.0000000000E+00    0.0000000000E+00    0.0000000000E+00    0.0000000000E+00
    0.9500000000E+00    0.1016995382E-22    0.7022363048E-24    0.2688067187E-07    0.0000000000E+00    0.0000000000E+00    0.0000000000E+00    0.0000000000E+00
    0.9500000000E+00    0.1089730185E-22    0.7524597575E-24    0.2750680315E-07    0.0000000000E+00    0.0000000000E+00    0.0000000000E+00    0.0000000000E+00
    0.9500000000E+00    0.1167666930E-22    0.8062751566E-24    0.2814751890E-07    0.0000000000E+00    0.0000000000E+00    0.0000000000E+00    0.0000000000E+00
    0.9500000000E+00    0.1251177658E-22    0.8639393956E-24    0.2880315884E-07    0.0000000000E+00    0.0000000000E+00    0.0000000000E+00    0.0000000000E+00
    0.9500000000E+00    0.1340661015E-22    0.9257277409E-24    0.2947407060E-07    0.0000000000E+00    0.0000000000E+00    0.0000000000E+00    0.0000000000E+00
    0.9500000000E+00    0.1436544159E-22    0.9919351458E-24    0.3016060990E-07    0.0000000000E+00    0.0000000000E+00    0.0000000000E+00    0.0000000000E+00
    0.9500000000E+00    0.1539284799E-22    0.1062877658E-23    0.3086314075E-07    0.0000000000E+00    0.0000000000E+00    0.0000000000E+00    0.0000000000E+00
    0.9500000000E+00    0.1649373379E-22    0.1138893930E-23    0.3158203565E-07    0.0000000000E+00    0.0000000000E+00    0.0000000000E+00    0.0000000000E+00
    0.9500000000E+00    0.1767335417E-22    0.1220346833E-23    0.3231767576E-07    0.0000000000E+00    0.0000000000E+00    0.0000000000E+00    0.0000000000E+00
    0.9500000000E+00    0.1893734018E-22    0.1307625190E-23    0.3307045113E-07    0.0000000000E+00    0.0000000000E+00    0.0000000000E+00    0.0000000000E+00
    0.9500000000E+00    0.2029172559E-22    0.1401145635E-23    0.3384076090E-07    0.0000000000E+00    0.0000000000E+00    0.0000000000E+00    0.0000000000E+00
    0.9500000000E+00    0.2174297571E-22    0.1501354598E-23    0.3462901348E-07    0.0000000000E+00    0.0000000000E+00    0.0000000000E+00    0.0000000000E+00
    0.9500000000E+00    0.2329801823E-22    0.1608730435E-23    0.3543562682E-07    0.0000000000E+00    0.0000000000E+00    0.0000000000E+00    0.0000000000E+00
    0.9500000000E+00    0.2496427630E-22    0.1723785718E-23    0.3626102861E-07    0.0000000000E+00    0.0000000000E+00    0.0000000000E+00    0.0000000000E+00
    0.9500000000E+00    0.2674970400E-22    0.1847069675E-23    0.3710565646E-07    0.0000000000E+00    0.0000000000E+00    0.0000000000E+00    0.0000000000E+00
    0.9500000000E+00    0.2866282424E-22    0.1979170815E-23    0.3796995823E-07    0.0000000000E+00    0.0000000000E+00    0.0000000000E+00    0.0000000000E+00
    0.9500000000E+00    0.3071276952E-22    0.2120719737E-23    0.3885439218E-07    0.0000000000E+00    0.0000000000E+00    0.0000000000E+00    0.0000000000E+00
    0.9500000000E+00    0.3290932546E-22    0.2272392139E-23    0.3975942724E-07    0.0000000000E+00    0.0000000000E+00    0.0000000000E+00    0.0000000000E+00
    0.9500000000E+00    0.3526297755E-22    0.2434912046E-23    0.4068554327E-07   -0.1444700090E-15   -0.1012531688E-52   -0.5094442683E-38   -0.2714828600E-54
    0.9500000000E+00    0.3778496121E-22    0.2609055264E-23    0.4163323131E-07   -0.3522763981E-15   -0.2645540845E-52   -0.1331075004E-37   -0.7600606751E-54
    0.9500000000E+00    0.4048731538E-22    0.2795653084E-23    0.4260299385E-07    0.1548138234E-13    0.1245778009E-50    0.6267996092E-36    0.3835080216E-52
    0.9500000000E+00    0.4338294005E-22    0.2995596250E-23    0.4359534505E-07    0.6175189015E-13    0.5324528785E-50    0.2678978548E-35    0.1756365797E-51
    0.9500000000E+00    0.4648565778E-22    0.3209839213E-23    0.4461081109E-07   -0.3124995299E-11   -0.2887222758E-48   -0.1452674620E-33   -0.1020502527E-49
    0.9500000000E+00    0.4981027973E-22    0.3439404683E-23    0.4564993037E-07   -0.3387566912E-10   -0.3353658264E-47   -0.1687356555E-32   -0.1270142939E-48
    0.9500000000E+00    0.5337267633E-22    0.3685388516E-23    0.4671325384E-07    0.3993991809E-09    0.4236801271E-46    0.2131700321E-31    0.1719380060E-47
    0.9500000000E+00    0.5718985306E-22    0.3948964943E-23    0.4780134531E-07    0.9142418477E-08    0.1039182968E-44    0.5228535693E-30    0.4518828013E-46
    0.9500000000E+00    0.6128003161E-22    0.4231392172E-23    0.4891478167E-07   -0.3117617533E-07   -0.3797115076E-44   -0.1910477010E-29   -0.1769243266E-45
    0.9500000000E+00    0.6566273690E-22    0.4534018400E-23    0.5005415331E-07   -0.7154811138E-05   -0.9337467394E-42   -0.4698044813E-27   -0.4661899322E-43
    0.9500000000E+00    0.7035889022E-22    0.4858288246E-23    0.5122006431E-07   -0.9432857579E-03   -0.1319089311E-39   -0.6636853908E-25   -0.7056802993E-41
    0.9500000000E+00    0.7539090917E-22    0.5205749646E-23    0.5241313287E-07   -0.4623005023E-02   -0.6927161121E-39   -0.3485325517E-24   -0.3970901197E-40
    0.9500000000E+00    0.8078281461E-22    0.5578061244E-23    0.5363399157E-07    0.4272269781E-01    0.6859454713E-38    0.3451259777E-23    0.4213309720E-39
    0.9500000000E+00    0.8656034539E-22    0.5977000309E-23    0.5488328773E-07    0.4505086860E+01    0.7750578025E-36    0.3899618746E-21    0.5101147539E-37
    0.9500000000E+00    0.9275108115E-22    0.6404471218E-23    0.5616168372E-07    0.5937609108E+02    0.1094567445E-34    0.5507196643E-20    0.7719271554E-36
    0.9500000000E+00    0.9938457404E-22    0.6862514550E-23    0.5746985739E-07   -0.6043707012E+02   -0.1193807564E-34   -0.6006512469E-20   -0.9021279080E-36
    0.9500000000E+00    0.1064924897E-21    0.7353316823E-23    0.5880850233E-07   -0.9859323082E+04   -0.2086786518E-32   -0.1049943862E-17   -0.1689708599E-33
    0.9500000000E+00    0.1141087586E-21    0.7879220933E-23    0.6017832832E-07   -0.5352572656E+06   -0.1213929583E-30   -0.6107754211E-16   -0.1053239861E-31
    0.9500000000E+00    0.1222697377E-21    0.8442737340E-23    0.6158006166E-07   -0.2561651201E+08   -0.6225165746E-29   -0.3132124205E-14   -0.5787416139E-30
    0.9500000000E+00    0.1310143844E-21    0.9046556049E-23    0.6301444556E-07   -0.1106590554E+10   -0.2881495081E-27   -0.1449792802E-12   -0.2870461158E-28
    0.9500000000E+00    0.1403844422E-21    0.9693559452E-23    0.6448224056E-07   -0.7397608903E+10   -0.2064059875E-26   -0.1038509199E-11   -0.2203210959E-27
    0.9500000000E+00    0.1504246400E-21    0.1038683609E-22    0.6598422489E-07    0.5786658366E+10    0.1730050447E-26    0.8704560013E-12    0.1978757432E-27
    0.9500000000E+00    0.1611829057E-21    0.1112969539E-22    0.6752119493E-07    0.5695481902E+12    0.1824573656E-24    0.9180143223E-10    0.2236120443E-25
    0.9500000000E+00    0.1727105951E-21    0.1192568347E-22    0.6909396560E-07    0.1666431305E+14    0.5720293857E-23    0.2878103425E-08    0.7511940365E-24
    0.9500000000E+00    0.1850627369E-21    0.1277860007E-22    0.7070337081E-07    0.4257363205E+15    0.1565927411E-21    0.7878792866E-07    0.2203461254E-22
    0.9500000000E+00    0.1982982953E-21    0.1369251667E-22    0.7235026388E-07    0.9415147066E+16    0.3710718693E-20    0.1867007613E-05    0.5594893500E-21
    0.9500000000E+00    0.2124804516E-21    0.1467179595E-22    0.7403551802E-07    0.2247322969E+17    0.9490659984E-20    0.4775121993E-05    0.1533310842E-20
    0.9500000000E+00    0.2276769058E-21    0.1572111260E-22    0.7576002677E-07   -0.3543293491E+17   -0.1603385864E-19   -0.8067260986E-05   -0.2775695635E-20
    0.9500000000E+00    0.2439602000E-21    0.1684547565E-22    0.7752470448E-07   -0.1320822589E+19   -0.6404355209E-18   -0.3222281428E-03   -0.1187980203E-18
    0.9500000000E+00    0.2614080640E-21    0.1805025236E-22    0.7933048683E-07   -0.2223653015E+20   -0.1155308434E-16   -0.5812808297E-02   -0.2296316443E-17
    0.9500000000E+00    0.2801037871E-21    0.1934119387E-22    0.8117833125E-07   -0.3262655203E+21   -0.1816360731E-15   -0.9138820784E-01   -0.3868440273E-16
    0.9500000000E+00    0.3001366153E-21    0.2072446262E-22    0.8306921749E-07   -0.4381098567E+22   -0.2613448510E-14   -0.1314928095E+01   -0.5964138773E-15
    0.9500000000E+00    0.3216021775E-21    0.2220666179E-22    0.8500414813E-07   -0.5426734983E+23   -0.3468722337E-13   -0.1745249787E+02   -0.8482098843E-14
    0.9500000000E+00    0.3446029418E-21    0.2379486681E-22    0.8698414910E-07   -0.4940781269E+24   -0.3383970371E-12   -0.1702607760E+03   -0.8866665889E-13
    0.9500000000E+00    0.3692487048E-21    0.2549665916E-22    0.8901027021E-07   -0.7867021736E+24   -0.5773527969E-12   -0.2904887587E+03   -0.1620970331E-12
    0.9500000000E+00    0.3956571157E-21    0.2732016250E-22    0.9108358575E-07    0.3227077589E+24    0.2537700301E-12    0.1276816211E+03    0.7634386155E-13
    0.9500000000E+00    0.4239542377E-21    0.2927408154E-22    0.9320519501E-07    0.1430980280E+26    0.1205770274E-10    0.6066701539E+04    0.3886855228E-11
    0.9500000000E+00    0.4542751502E-21    0.3136774352E-22    0.9537622289E-07    0.1386839875E+27    0.1252152555E-09    0.6300068926E+05    0.4325049040E-10
    0.9500000000E+00    0.4867645933E-21    0.3361114274E-22    0.9759782052E-07    0.1110923747E+28    0.1074769106E-08    0.5407583461E+06    0.3977855166E-09
    0.9500000000E+00    0.5215776589E-21    0.3601498832E-22    0.9987116580E-07    0.8082678577E+28    0.8378885053E-08    0.4215744570E+07    0.3322921063E-08
    0.9500000000E+00    0.5588805307E-21    0.3859075526E-22    0.1021974641E-06    0.5441689626E+29    0.6044559981E-07    0.3041254386E+08    0.2568611860E-07
    0.9500000000E+00    0.5988512779E-21    0.4135073927E-22    0.1045779488E-06    0.3407776868E+30    0.4056038554E-06    0.2040751532E+09    0.1846868043E-06
    0.9500000000E+00    0.6416807053E-21    0.4430811541E-22    0.1070138822E-06    0.1989160381E+31    0.2536884672E-05    0.1276405836E+10    0.1237754507E-05
    0.9500000000E+00    0.6875732635E-21    0.4747700104E-22    0.1095065557E-06    0.1083426559E+32    0.1480574965E-04    0.7449351349E+10    0.7740414067E-05
    0.9500000000E+00    0.7367480256E-21    0.5087252317E-22    0.1120572911E-06    0.5508993536E+32    0.8066835237E-04    0.4058740111E+11    0.4518944200E-04
    0.9500000000E+00    0.7894397325E-21    0.5451089068E-22    0.1146674407E-06    0.2614863242E+33    0.4102795816E-03    0.2064276938E+12    0.2462712394E-03
    0.9500000000E+00    0.8458999137E-21    0.5840947171E-22    0.1173383885E-06    0.1157759695E+34    0.1946477331E-02    0.9793488260E+12    0.1251938924E-02
    0.9500000000E+00    0.9063980879E-21    0.6258687655E-22    0.1200715507E-06    0.4775161172E+34    0.8602386643E-02    0.4328196956E+13    0.5928608202E-02
    0.9500000000E+00    0.9712230494E-21    0.6706304648E-22    0.1228683764E-06    0.1705179633E+35    0.3291554578E-01    0.1656109763E+14    0.2430719542E-01
    0.9500000000E+00    0.1040684247E-20    0.7185934897E-22    0.1257303485E-06    0.3713575536E+35    0.7681095875E-01    0.3864659560E+14    0.6077947970E-01
    0.9500000000E+00    0.1115113261E-20    0.7699867968E-22    0.1286589846E-06    0.5511519968E+35    0.1221524857E+00    0.6145969007E+14    0.1035705067E+00
    0.9500000000E+00    0.1194865387E-20    0.8250557175E-22    0.1316558373E-06    0.6223881917E+35    0.1478060695E+00    0.7436701076E+14    0.1342845538E+00
    0.9500000000E+00    0.1280321329E-20    0.8840631292E-22    0.1347224957E-06    0.6189978981E+35    0.1575143401E+00    0.7925162118E+14    0.1533394461E+00
    0.9500000000E+00    0.1371889021E-20    0.9472907100E-22    0.1378605858E-06    0.5800449398E+35    0.1581585105E+00    0.7957572848E+14    0.1649781230E+00
    0.9500000000E+00    0.1470005571E-20    0.1015040283E-21    0.1410717713E-06    0.4477230129E+35    0.1308098180E+00    0.6581553233E+14    0.1462090090E+00
    0.9500000000E+00    0.1575139348E-20    0.1087635259E-21    0.1443577550E-06    0.2771720730E+35    0.8677215710E-01    0.4365846384E+14    0.1039236008E+00
    0.9500000000E+00    0.1687792220E-20    0.1165422177E-21    0.1477202791E-06    0.1402009831E+35    0.4703075848E-01    0.2366301285E+14    0.6035535029E-01
    0.9500000000E+00    0.1808501947E-20    0.1248772362E-21    0.1511611264E-06    0.5763078923E+34    0.2071502639E-01    0.1042253945E+14    0.2848520065E-01
    0.9500000000E+00    0.1937844750E-20    0.1338083694E-21    0.1546821213E-06    0.1848293066E+34    0.7118717490E-02    0.3581705014E+13    0.1048903538E-01
    0.9500000000E+00    0.2076438060E-20    0.1433782510E-21    0.1582851308E-06    0.2747327452E+33    0.1133812784E-02    0.5704655284E+12    0.1790091134E-02
    0.9500000000E+00    0.2224943467E-20    0.1536325639E-21    0.1619720651E-06    0.7124221164E+30    0.3150418994E-05    0.1585098934E+10    0.5329691964E-05
    0.9500000000E+00    0.2384069878E-20    0.1646202581E-21    0.1657448792E-06    0.1731849218E+30    0.8206179301E-06    0.4128849556E+09    0.1487561035E-05
    0.9500000000E+00    0.2554576900E-20    0.1763937846E-21    0.1696055734E-06    0.3289528783E+29    0.1670185137E-06    0.8403354239E+08    0.3244131177E-06
    0.9500000000E+00    0.2737278465E-20    0.1890093455E-21    0.1735561947E-06    0.4246204079E+28    0.2310105356E-07    0.1162304298E+08    0.4808012400E-07
    0.9500000000E+00    0.2933046719E-20    0.2025271626E-21    0.1775988378E-06    0.1040288663E+28    0.6064357415E-08    0.3051215249E+07    0.1352441789E-07
    0.9500000000E+00    0.3142816182E-20    0.2170117645E-21    0.1817356462E-06    0.2284206737E+27    0.1426810616E-08    0.7178841896E+06    0.3409574026E-08
    0.9500000000E+00    0.3367588212E-20    0.2325322952E-21    0.1859688132E-06    0.5482854842E+26    0.3669760080E-09    0.1846399733E+06    0.9396615667E-09
    0.9500000000E+00    0.3608435782E-20    0.2491628434E-21    0.1903005833E-06    0.8293699585E+25    0.5948113187E-10    0.2992728234E+05    0.1631973176E-09
    0.9500000000E+00    0.3866508602E-20    0.2669827968E-21    0.1947332533E-06    0.2816775859E+25    0.2164627711E-10    0.1089108809E+05    0.6363807087E-10
