    0.9260000000E+00    0.4143038610E-23    0.2860772210E-24    0.1992691735E-07    0.0000000000E+00    0.0000000000E+00    0.0000000000E+00    0.0000000000E+00
    0.9260000000E+00    0.4439345853E-23    0.3065372650E-24    0.2039107488E-07    0.0000000000E+00    0.0000000000E+00    0.0000000000E+00    0.0000000000E+00
    0.9260000000E+00    0.4756844785E-23    0.3284605973E-24    0.2086604403E-07    0.0000000000E+00    0.0000000000E+00    0.0000000000E+00    0.0000000000E+00
    0.9260000000E+00    0.5097051019E-23    0.3519518710E-24    0.2135207663E-07    0.0000000000E+00    0.0000000000E+00    0.0000000000E+00    0.0000000000E+00
    0.9260000000E+00    0.5461588566E-23    0.3771232243E-24    0.2184943039E-07    0.0000000000E+00    0.0000000000E+00    0.0000000000E+00    0.0000000000E+00
    0.9260000000E+00    0.5852197586E-23    0.4040948153E-24    0.2235836900E-07    0.0000000000E+00    0.0000000000E+00    0.0000000000E+00    0.0000000000E+00
    0.9260000000E+00    0.6270742692E-23    0.4329953957E-24    0.2287916232E-07    0.0000000000E+00    0.0000000000E+00    0.0000000000E+00    0.0000000000E+00
    0.9260000000E+00    0.6719221852E-23    0.4639629256E-24    0.2341208647E-07    0.0000000000E+00    0.0000000000E+00    0.0000000000E+00    0.0000000000E+00
    0.9260000000E+00    0.7199775931E-23    0.4971452317E-24    0.2395742402E-07    0.0000000000E+00    0.0000000000E+00    0.0000000000E+00    0.0000000000E+00
    0.9260000000E+00    0.7714698903E-23    0.5327007132E-24    0.2451546411E-07    0.0000000000E+00    0.0000000000E+00    0.0000000000E+00    0.0000000000E+00
    0.9260000000E+00    0.8266448809E-23    0.5707990981E-24    0.2508650263E-07    0.0000000000E+00    0.0000000000E+00    0.0000000000E+00    0.0000000000E+00
    0.9260000000E+00    0.8857659485E-23    0.6116222531E-24    0.2567084234E-07    0.0000000000E+00    0.0000000000E+00    0.0000000000E+00    0.0000000000E+00
    0.9260000000E+00    0.9491153137E-23    0.6553650517E-24    0.2626879307E-07    0.0000000000E+00    0.0000000000E+00    0.0000000000E+00    0.0000000000E+00
    0.9260000000E+00    0.1016995382E-22    0.7022363048E-24    0.2688067187E-07    0.0000000000E+00    0.0000000000E+00    0.0000000000E+00    0.0000000000E+00
    0.9260000000E+00    0.1089730185E-22    0.7524597575E-24    0.2750680315E-07    0.0000000000E+00    0.0000000000E+00    0.0000000000E+00    0.0000000000E+00
    0.9260000000E+00    0.1167666930E-22    0.8062751566E-24    0.2814751890E-07    0.0000000000E+00    0.0000000000E+00    0.0000000000E+00    0.0000000000E+00
    0.9260000000E+00    0.1251177658E-22    0.8639393956E-24    0.2880315884E-07    0.0000000000E+00    0.0000000000E+00    0.0000000000E+00    0.0000000000E+00
    0.9260000000E+00    0.1340661015E-22    0.9257277409E-24    0.2947407060E-07    0.0000000000E+00    0.0000000000E+00    0.0000000000E+00    0.0000000000E+00
    0.9260000000E+00    0.1436544159E-22    0.9919351458E-24    0.3016060990E-07    0.0000000000E+00    0.0000000000E+00    0.0000000000E+00    0.0000000000E+00
    0.9260000000E+00    0.1539284799E-22    0.1062877658E-23    0.3086314075E-07    0.0000000000E+00    0.0000000000E+00    0.0000000000E+00    0.0000000000E+00
    0.9260000000E+00    0.1649373379E-22    0.1138893930E-23    0.3158203565E-07    0.0000000000E+00    0.0000000000E+00    0.0000000000E+00    0.0000000000E+00
    0.9260000000E+00    0.1767335417E-22    0.1220346833E-23    0.3231767576E-07    0.0000000000E+00    0.0000000000E+00    0.0000000000E+00    0.0000000000E+00
    0.9260000000E+00    0.1893734018E-22    0.1307625190E-23    0.3307045113E-07    0.0000000000E+00    0.0000000000E+00    0.0000000000E+00    0.0000000000E+00
    0.9260000000E+00    0.2029172559E-22    0.1401145635E-23    0.3384076090E-07    0.0000000000E+00    0.0000000000E+00    0.0000000000E+00    0.0000000000E+00
    0.9260000000E+00    0.2174297571E-22    0.1501354598E-23    0.3462901348E-07    0.0000000000E+00    0.0000000000E+00    0.0000000000E+00    0.0000000000E+00
    0.9260000000E+00    0.2329801823E-22    0.1608730435E-23    0.3543562682E-07    0.0000000000E+00    0.0000000000E+00    0.0000000000E+00    0.0000000000E+00
    0.9260000000E+00    0.2496427630E-22    0.1723785718E-23    0.3626102861E-07    0.0000000000E+00    0.0000000000E+00    0.0000000000E+00    0.0000000000E+00
    0.9260000000E+00    0.2674970400E-22    0.1847069675E-23    0.3710565646E-07    0.0000000000E+00    0.0000000000E+00    0.0000000000E+00    0.0000000000E+00
    0.9260000000E+00    0.2866282424E-22    0.1979170815E-23    0.3796995823E-07    0.0000000000E+00    0.0000000000E+00    0.0000000000E+00    0.0000000000E+00
    0.9260000000E+00    0.3071276952E-22    0.2120719737E-23    0.3885439218E-07    0.0000000000E+00    0.0000000000E+00    0.0000000000E+00    0.0000000000E+00
    0.9260000000E+00    0.3290932546E-22    0.2272392139E-23    0.3975942724E-07   -0.1301349282E-15   -0.8511866444E-53   -0.4282652706E-38   -0.2180470701E-54
    0.9260000000E+00    0.3526297755E-22    0.2434912046E-23    0.4068554327E-07   -0.5949365506E-15   -0.4169668944E-52   -0.2097923423E-37   -0.1144529602E-53
    0.9260000000E+00    0.3778496121E-22    0.2609055264E-23    0.4163323131E-07   -0.1086066525E-14   -0.8156190331E-52   -0.4103698151E-37   -0.2398903657E-53
    0.9260000000E+00    0.4048731538E-22    0.2795653084E-23    0.4260299385E-07    0.9098721462E-13    0.7321689279E-50    0.3683828054E-35    0.2307473642E-51
    0.9260000000E+00    0.4338294005E-22    0.2995596250E-23    0.4359534505E-07    0.7903163007E-13    0.6814466541E-50    0.3428624469E-35    0.2301215646E-51
    0.9260000000E+00    0.4648565778E-22    0.3209839213E-23    0.4461081109E-07   -0.2922375402E-10   -0.2700019667E-47   -0.1358485428E-32   -0.9769950927E-49
    0.9260000000E+00    0.4981027973E-22    0.3439404683E-23    0.4564993037E-07   -0.6624839015E-10   -0.6558526130E-47   -0.3299850845E-32   -0.2542914205E-48
    0.9260000000E+00    0.5337267633E-22    0.3685388516E-23    0.4671325384E-07    0.3881296584E-08    0.4117254889E-45    0.2071551863E-30    0.1710539899E-46
    0.9260000000E+00    0.5718985306E-22    0.3948964943E-23    0.4780134531E-07    0.2177775808E-07    0.2475392627E-44    0.1245466785E-29    0.1101969432E-45
    0.9260000000E+00    0.6128003161E-22    0.4231392172E-23    0.4891478167E-07   -0.3370293970E-06   -0.4104863380E-43   -0.2065317210E-28   -0.1958051733E-44
    0.9260000000E+00    0.6566273690E-22    0.4534018400E-23    0.5005415331E-07   -0.5350058488E-04   -0.6982154486E-41   -0.3512994829E-26   -0.3568739998E-42
    0.9260000000E+00    0.7035889022E-22    0.4858288246E-23    0.5122006431E-07   -0.4828546510E-02   -0.6752231800E-39   -0.3397311738E-24   -0.3698050160E-40
    0.9260000000E+00    0.7539090917E-22    0.5205749646E-23    0.5241313287E-07   -0.6484407547E-02   -0.9716306956E-39   -0.4888653804E-24   -0.5701993018E-40
    0.9260000000E+00    0.8078281461E-22    0.5578061244E-23    0.5363399157E-07    0.3117461376E+00    0.5005321814E-37    0.2518373044E-22    0.3147440001E-38
    0.9260000000E+00    0.8656034539E-22    0.5977000309E-23    0.5488328773E-07    0.2762428509E+02    0.4752498311E-35    0.2391167658E-20    0.3202192426E-36
    0.9260000000E+00    0.9275108115E-22    0.6404471218E-23    0.5616168372E-07    0.1149076468E+03    0.2118262875E-34    0.1065780848E-19    0.1529344443E-35
    0.9260000000E+00    0.9938457404E-22    0.6862514550E-23    0.5746985739E-07   -0.7157153309E+03   -0.1413745527E-33   -0.7113106329E-19   -0.1093696189E-34
    0.9260000000E+00    0.1064924897E-21    0.7353316823E-23    0.5880850233E-07   -0.5312359297E+05   -0.1124393599E-31   -0.5657263679E-17   -0.9320598900E-33
    0.9260000000E+00    0.1141087586E-21    0.7879220933E-23    0.6017832832E-07   -0.2720653270E+07   -0.6170269329E-30   -0.3104503672E-15   -0.5480618544E-31
    0.9260000000E+00    0.1222697377E-21    0.8442737340E-23    0.6158006166E-07   -0.1245359902E+09   -0.3026396334E-28   -0.1522698286E-13   -0.2880389751E-29
    0.9260000000E+00    0.1310143844E-21    0.9046556049E-23    0.6301444556E-07   -0.4834524988E+10   -0.1258881157E-26   -0.6333923153E-12   -0.1283837887E-27
    0.9260000000E+00    0.1403844422E-21    0.9693559452E-23    0.6448224056E-07   -0.1111556007E+11   -0.3101432073E-26   -0.1560451699E-11   -0.3389126103E-27
    0.9260000000E+00    0.1504246400E-21    0.1038683609E-22    0.6598422489E-07    0.5740039300E+11    0.1716112639E-25    0.8634433450E-11    0.2009422424E-26
    0.9260000000E+00    0.1611829057E-21    0.1112969539E-22    0.6752119493E-07    0.2393430524E+13    0.7667464064E-24    0.3857800864E-09    0.9620047223E-25
    0.9260000000E+00    0.1727105951E-21    0.1192568347E-22    0.6909396560E-07    0.6561649616E+14    0.2252391915E-22    0.1133266410E-07    0.3028094431E-23
    0.9260000000E+00    0.1850627369E-21    0.1277860007E-22    0.7070337081E-07    0.1607285289E+16    0.5911856635E-21    0.2974486146E-06    0.8516268558E-22
    0.9260000000E+00    0.1982982953E-21    0.1369251667E-22    0.7235026388E-07    0.2256188463E+17    0.8892140129E-20    0.4473983260E-05    0.1372561310E-20
    0.9260000000E+00    0.2124804516E-21    0.1467179595E-22    0.7403551802E-07    0.2552444006E+17    0.1077921532E-19    0.5423444549E-05    0.1782840955E-20
    0.9260000000E+00    0.2276769058E-21    0.1572111260E-22    0.7576002677E-07   -0.1950062250E+18   -0.8824282416E-19   -0.4439841392E-04   -0.1563885142E-19
    0.9260000000E+00    0.2439602000E-21    0.1684547565E-22    0.7752470448E-07   -0.4399775080E+19   -0.2133346499E-17   -0.1073370008E-02   -0.4051229572E-18
    0.9260000000E+00    0.2614080640E-21    0.1805025236E-22    0.7933048683E-07   -0.6927035260E+20   -0.3598970793E-16   -0.1810782876E-01   -0.7323248593E-17
    0.9260000000E+00    0.2801037871E-21    0.1934119387E-22    0.8117833125E-07   -0.9757732733E+21   -0.5432251173E-15   -0.2733177892E+00   -0.1184418813E-15
    0.9260000000E+00    0.3001366153E-21    0.2072446262E-22    0.8306921749E-07   -0.1262615064E+23   -0.7531853955E-14   -0.3789570117E+01   -0.1759654259E-14
    0.9260000000E+00    0.3216021775E-21    0.2220666179E-22    0.8500414813E-07   -0.1508635325E+24   -0.9643067274E-13   -0.4851804057E+02   -0.2414018818E-13
    0.9260000000E+00    0.3446029418E-21    0.2379486681E-22    0.8698414910E-07   -0.8354476989E+24   -0.5722030799E-12   -0.2878977348E+03   -0.1534884307E-12
    0.9260000000E+00    0.3692487048E-21    0.2549665916E-22    0.8901027021E-07   -0.8229569148E+24   -0.6039597860E-12   -0.3038757749E+03   -0.1735935071E-12
    0.9260000000E+00    0.3956571157E-21    0.2732016250E-22    0.9108358575E-07    0.2468908705E+25    0.1941493563E-11    0.9768412972E+03    0.5979452353E-12
    0.9260000000E+00    0.4239542377E-21    0.2927408154E-22    0.9320519501E-07    0.3733000435E+26    0.3145494749E-10    0.1582621354E+05    0.1038040789E-10
    0.9260000000E+00    0.4542751502E-21    0.3136774352E-22    0.9537622289E-07    0.3287391430E+27    0.2968126064E-09    0.1493380236E+06    0.1049561272E-09
    0.9260000000E+00    0.4867645933E-21    0.3361114274E-22    0.9759782052E-07    0.2517780848E+28    0.2435840514E-08    0.1225566571E+07    0.9229417760E-09
    0.9260000000E+00    0.5215776589E-21    0.3601498832E-22    0.9987116580E-07    0.1767717997E+29    0.1832499679E-07    0.9220022142E+07    0.7439938780E-08
    0.9260000000E+00    0.5588805307E-21    0.3859075526E-22    0.1021974641E-06    0.1151237740E+30    0.1278780315E-06    0.6434043592E+08    0.5563158030E-07
    0.9260000000E+00    0.5988512779E-21    0.4135073927E-22    0.1045779488E-06    0.6980627538E+30    0.8308552915E-06    0.4180357722E+09    0.3873029856E-06
    0.9260000000E+00    0.6416807053E-21    0.4430811541E-22    0.1070138822E-06    0.3947679167E+31    0.5034690448E-05    0.2533149552E+10    0.2514769754E-05
    0.9260000000E+00    0.6875732635E-21    0.4747700104E-22    0.1095065557E-06    0.2084081058E+32    0.2848036365E-04    0.1432958414E+11    0.1524301879E-04
    0.9260000000E+00    0.7367480256E-21    0.5087252317E-22    0.1120572911E-06    0.1027483832E+33    0.1504547560E-03    0.7569966847E+11    0.8628421959E-04
    0.9260000000E+00    0.7894397325E-21    0.5451089068E-22    0.1146674407E-06    0.4729601575E+33    0.7420881232E-03    0.3733735402E+12    0.4560168976E-03
    0.9260000000E+00    0.8458999137E-21    0.5840947171E-22    0.1173383885E-06    0.2030860166E+34    0.3414372856E-02    0.1717904439E+13    0.2248207539E-02
    0.9260000000E+00    0.9063980879E-21    0.6258687655E-22    0.1200715507E-06    0.8122070116E+34    0.1463179670E-01    0.7361828823E+13    0.1032340850E-01
    0.9260000000E+00    0.9712230494E-21    0.6706304648E-22    0.1228683764E-06    0.2455474159E+35    0.4739868488E-01    0.2384813100E+14    0.3583370768E-01
    0.9260000000E+00    0.1040684247E-20    0.7185934897E-22    0.1257303485E-06    0.4526037940E+35    0.9361579162E-01    0.4710176386E+14    0.7583585172E-01
    0.9260000000E+00    0.1115113261E-20    0.7699867968E-22    0.1286589846E-06    0.6034107460E+35    0.1337346557E+00    0.6728713250E+14    0.1160832126E+00
    0.9260000000E+00    0.1194865387E-20    0.8250557175E-22    0.1316558373E-06    0.6342144367E+35    0.1506145913E+00    0.7578008784E+14    0.1400852799E+00
    0.9260000000E+00    0.1280321329E-20    0.8840631292E-22    0.1347224957E-06    0.6232428424E+35    0.1585945370E+00    0.7979511046E+14    0.1580569795E+00
    0.9260000000E+00    0.1371889021E-20    0.9472907100E-22    0.1378605858E-06    0.5559063705E+35    0.1515767444E+00    0.7626418467E+14    0.1618668926E+00
    0.9260000000E+00    0.1470005571E-20    0.1015040283E-21    0.1410717713E-06    0.3965860524E+35    0.1158692939E+00    0.5829837065E+14    0.1325848236E+00
    0.9260000000E+00    0.1575139348E-20    0.1087635259E-21    0.1443577550E-06    0.2303147154E+35    0.7210287982E-01    0.3627777707E+14    0.8840525184E-01
    0.9260000000E+00    0.1687792220E-20    0.1165422177E-21    0.1477202791E-06    0.1097615504E+35    0.3681977725E-01    0.1852546908E+14    0.4837339977E-01
    0.9260000000E+00    0.1808501947E-20    0.1248772362E-21    0.1511611264E-06    0.4256976489E+34    0.1530143548E-01    0.7698750268E+13    0.2154059177E-01
    0.9260000000E+00    0.1937844750E-20    0.1338083694E-21    0.1546821213E-06    0.1261450110E+34    0.4858486530E-02    0.2444494474E+13    0.7328691790E-02
    0.9260000000E+00    0.2076438060E-20    0.1433782510E-21    0.1582851308E-06    0.1300040454E+33    0.5365223158E-03    0.2699453477E+12    0.8671879712E-03
    0.9260000000E+00    0.2224943467E-20    0.1536325639E-21    0.1619720651E-06    0.5812845990E+30    0.2570512620E-05    0.1293325371E+10    0.4451897895E-05
    0.9260000000E+00    0.2384069878E-20    0.1646202581E-21    0.1657448792E-06    0.1407002562E+30    0.6666928726E-06    0.3354392428E+09    0.1237232350E-05
    0.9260000000E+00    0.2554576900E-20    0.1763937846E-21    0.1696055734E-06    0.2551651973E+29    0.1295544585E-06    0.6518391186E+08    0.2576189572E-06
    0.9260000000E+00    0.2737278465E-20    0.1890093455E-21    0.1735561947E-06    0.3520330374E+28    0.1915200942E-07    0.9636124520E+07    0.4080748234E-07
    0.9260000000E+00    0.2933046719E-20    0.2025271626E-21    0.1775988378E-06    0.8625105806E+27    0.5028000998E-08    0.2529783828E+07    0.1147944284E-07
    0.9260000000E+00    0.3142816182E-20    0.2170117645E-21    0.1817356462E-06    0.1895933740E+27    0.1184279139E-08    0.5958571238E+06    0.2897207053E-08
    0.9260000000E+00    0.3367588212E-20    0.2325322952E-21    0.1859688132E-06    0.4548161007E+26    0.3044154948E-09    0.1531633339E+06    0.7979803719E-09
    0.9260000000E+00    0.3608435782E-20    0.2491628434E-21    0.1903005833E-06    0.6752808409E+25    0.4843009846E-10    0.2436707549E+05    0.1360319133E-09
    0.9260000000E+00    0.3866508602E-20    0.2669827968E-21    0.1947332533E-06    0.2269210870E+25    0.1743836563E-10    0.8773923348E+04    0.5248452050E-10
