    0.9950000000E+00    0.4143038610E-23    0.2860772210E-24    0.1992691735E-07    0.0000000000E+00    0.0000000000E+00    0.0000000000E+00    0.0000000000E+00
    0.9950000000E+00    0.4439345853E-23    0.3065372650E-24    0.2039107488E-07    0.0000000000E+00    0.0000000000E+00    0.0000000000E+00    0.0000000000E+00
    0.9950000000E+00    0.4756844785E-23    0.3284605973E-24    0.2086604403E-07    0.0000000000E+00    0.0000000000E+00    0.0000000000E+00    0.0000000000E+00
    0.9950000000E+00    0.5097051019E-23    0.3519518710E-24    0.2135207663E-07    0.0000000000E+00    0.0000000000E+00    0.0000000000E+00    0.0000000000E+00
    0.9950000000E+00    0.5461588566E-23    0.3771232243E-24    0.2184943039E-07    0.0000000000E+00    0.0000000000E+00    0.0000000000E+00    0.0000000000E+00
    0.9950000000E+00    0.5852197586E-23    0.4040948153E-24    0.2235836900E-07    0.0000000000E+00    0.0000000000E+00    0.0000000000E+00    0.0000000000E+00
    0.9950000000E+00    0.6270742692E-23    0.4329953957E-24    0.2287916232E-07    0.0000000000E+00    0.0000000000E+00    0.0000000000E+00    0.0000000000E+00
    0.9950000000E+00    0.6719221852E-23    0.4639629256E-24    0.2341208647E-07    0.0000000000E+00    0.0000000000E+00    0.0000000000E+00    0.0000000000E+00
    0.9950000000E+00    0.7199775931E-23    0.4971452317E-24    0.2395742402E-07    0.0000000000E+00    0.0000000000E+00    0.0000000000E+00    0.0000000000E+00
    0.9950000000E+00    0.7714698903E-23    0.5327007132E-24    0.2451546411E-07    0.0000000000E+00    0.0000000000E+00    0.0000000000E+00    0.0000000000E+00
    0.9950000000E+00    0.8266448809E-23    0.5707990981E-24    0.2508650263E-07    0.0000000000E+00    0.0000000000E+00    0.0000000000E+00    0.0000000000E+00
    0.9950000000E+00    0.8857659485E-23    0.6116222531E-24    0.2567084234E-07    0.0000000000E+00    0.0000000000E+00    0.0000000000E+00    0.0000000000E+00
    0.9950000000E+00    0.9491153137E-23    0.6553650517E-24    0.2626879307E-07    0.0000000000E+00    0.0000000000E+00    0.0000000000E+00    0.0000000000E+00
    0.9950000000E+00    0.1016995382E-22    0.7022363048E-24    0.2688067187E-07    0.0000000000E+00    0.0000000000E+00    0.0000000000E+00    0.0000000000E+00
    0.9950000000E+00    0.1089730185E-22    0.7524597575E-24    0.2750680315E-07    0.0000000000E+00    0.0000000000E+00    0.0000000000E+00    0.0000000000E+00
    0.9950000000E+00    0.1167666930E-22    0.8062751566E-24    0.2814751890E-07    0.0000000000E+00    0.0000000000E+00    0.0000000000E+00    0.0000000000E+00
    0.9950000000E+00    0.1251177658E-22    0.8639393956E-24    0.2880315884E-07    0.0000000000E+00    0.0000000000E+00    0.0000000000E+00    0.0000000000E+00
    0.9950000000E+00    0.1340661015E-22    0.9257277409E-24    0.2947407060E-07    0.0000000000E+00    0.0000000000E+00    0.0000000000E+00    0.0000000000E+00
    0.9950000000E+00    0.1436544159E-22    0.9919351458E-24    0.3016060990E-07    0.0000000000E+00    0.0000000000E+00    0.0000000000E+00    0.0000000000E+00
    0.9950000000E+00    0.1539284799E-22    0.1062877658E-23    0.3086314075E-07    0.0000000000E+00    0.0000000000E+00    0.0000000000E+00    0.0000000000E+00
    0.9950000000E+00    0.1649373379E-22    0.1138893930E-23    0.3158203565E-07    0.0000000000E+00    0.0000000000E+00    0.0000000000E+00    0.0000000000E+00
    0.9950000000E+00    0.1767335417E-22    0.1220346833E-23    0.3231767576E-07    0.0000000000E+00    0.0000000000E+00    0.0000000000E+00    0.0000000000E+00
    0.9950000000E+00    0.1893734018E-22    0.1307625190E-23    0.3307045113E-07    0.0000000000E+00    0.0000000000E+00    0.0000000000E+00    0.0000000000E+00
    0.9950000000E+00    0.2029172559E-22    0.1401145635E-23    0.3384076090E-07    0.0000000000E+00    0.0000000000E+00    0.0000000000E+00    0.0000000000E+00
    0.9950000000E+00    0.2174297571E-22    0.1501354598E-23    0.3462901348E-07    0.0000000000E+00    0.0000000000E+00    0.0000000000E+00    0.0000000000E+00
    0.9950000000E+00    0.2329801823E-22    0.1608730435E-23    0.3543562682E-07    0.0000000000E+00    0.0000000000E+00    0.0000000000E+00    0.0000000000E+00
    0.9950000000E+00    0.2496427630E-22    0.1723785718E-23    0.3626102861E-07    0.0000000000E+00    0.0000000000E+00    0.0000000000E+00    0.0000000000E+00
    0.9950000000E+00    0.2674970400E-22    0.1847069675E-23    0.3710565646E-07    0.0000000000E+00    0.0000000000E+00    0.0000000000E+00    0.0000000000E+00
    0.9950000000E+00    0.2866282424E-22    0.1979170815E-23    0.3796995823E-07    0.0000000000E+00    0.0000000000E+00    0.0000000000E+00    0.0000000000E+00
    0.9950000000E+00    0.3071276952E-22    0.2120719737E-23    0.3885439218E-07    0.0000000000E+00    0.0000000000E+00    0.0000000000E+00    0.0000000000E+00
    0.9950000000E+00    0.3290932546E-22    0.2272392139E-23    0.3975942724E-07    0.0000000000E+00    0.0000000000E+00    0.0000000000E+00    0.0000000000E+00
    0.9950000000E+00    0.3526297755E-22    0.2434912046E-23    0.4068554327E-07    0.0000000000E+00    0.0000000000E+00    0.0000000000E+00    0.0000000000E+00
    0.9950000000E+00    0.3778496121E-22    0.2609055264E-23    0.4163323131E-07    0.0000000000E+00    0.0000000000E+00    0.0000000000E+00    0.0000000000E+00
    0.9950000000E+00    0.4048731538E-22    0.2795653084E-23    0.4260299385E-07    0.2643282936E-15    0.2127034707E-52    0.1070194299E-37    0.6314554993E-54
    0.9950000000E+00    0.4338294005E-22    0.2995596250E-23    0.4359534505E-07    0.1358292014E-13    0.1171181143E-50    0.5892670102E-36    0.3725565857E-52
    0.9950000000E+00    0.4648565778E-22    0.3209839213E-23    0.4461081109E-07   -0.6607145339E-13   -0.6104425307E-50   -0.3071374971E-35   -0.2080716723E-51
    0.9950000000E+00    0.4981027973E-22    0.3439404683E-23    0.4564993037E-07   -0.6720095544E-11   -0.6652829166E-48   -0.3347298388E-33   -0.2429822477E-49
    0.9950000000E+00    0.5337267633E-22    0.3685388516E-23    0.4671325384E-07    0.2564194226E-11    0.2720081031E-48    0.1368579085E-33    0.1064510661E-49
    0.9950000000E+00    0.5718985306E-22    0.3948964943E-23    0.4780134531E-07    0.1833439703E-08    0.2083999237E-45    0.1048541472E-30    0.8739080285E-47
    0.9950000000E+00    0.6128003161E-22    0.4231392172E-23    0.4891478167E-07    0.1680759127E-08    0.2047087480E-45    0.1029969724E-30    0.9198236583E-47
    0.9950000000E+00    0.6566273690E-22    0.4534018400E-23    0.5005415331E-07   -0.3017119839E-06   -0.3937526453E-43   -0.1981123462E-28   -0.1895796242E-44
    0.9950000000E+00    0.7035889022E-22    0.4858288246E-23    0.5122006431E-07   -0.4400208448E-04   -0.6153244532E-41   -0.3095937832E-26   -0.3174478192E-42
    0.9950000000E+00    0.7539090917E-22    0.5205749646E-23    0.5241313287E-07   -0.1323777920E-02   -0.1983563266E-39   -0.9980082091E-25   -0.1096514125E-40
    0.9950000000E+00    0.8078281461E-22    0.5578061244E-23    0.5363399157E-07    0.3313482967E-03    0.5320049416E-40    0.2676724802E-25    0.3151257120E-41
    0.9950000000E+00    0.8656034539E-22    0.5977000309E-23    0.5488328773E-07    0.2602026429E+00    0.4476541627E-37    0.2252323064E-22    0.2841258846E-38
    0.9950000000E+00    0.9275108115E-22    0.6404471218E-23    0.5616168372E-07    0.1562482149E+02    0.2880354808E-35    0.1449219086E-20    0.1958908550E-36
    0.9950000000E+00    0.9938457404E-22    0.6862514550E-23    0.5746985739E-07    0.2013915378E+02    0.3978067445E-35    0.2001521219E-20    0.2898947267E-36
    0.9950000000E+00    0.1064924897E-21    0.7353316823E-23    0.5880850233E-07   -0.6681243874E+03   -0.1414126459E-33   -0.7115022946E-19   -0.1104222067E-34
    0.9950000000E+00    0.1141087586E-21    0.7879220933E-23    0.6017832832E-07   -0.4183254945E+05   -0.9487357307E-32   -0.4773460287E-17   -0.7938042697E-33
    0.9950000000E+00    0.1222697377E-21    0.8442737340E-23    0.6158006166E-07   -0.2149907392E+07   -0.5224571497E-30   -0.2628686129E-15   -0.4684021181E-31
    0.9950000000E+00    0.1310143844E-21    0.9046556049E-23    0.6301444556E-07   -0.9935287391E+08   -0.2587088932E-28   -0.1301665562E-13   -0.2485304073E-29
    0.9950000000E+00    0.1403844422E-21    0.9693559452E-23    0.6448224056E-07   -0.2617052974E+10   -0.7302027051E-27   -0.3673935219E-12   -0.7516429892E-28
    0.9950000000E+00    0.1504246400E-21    0.1038683609E-22    0.6598422489E-07   -0.2924990831E+10   -0.8744911787E-27   -0.4399906926E-12   -0.9645474706E-28
    0.9950000000E+00    0.1611829057E-21    0.1112969539E-22    0.6752119493E-07    0.5516788740E+11    0.1767328485E-25    0.8892120391E-11    0.2088745132E-26
    0.9950000000E+00    0.1727105951E-21    0.1192568347E-22    0.6909396560E-07    0.1931993865E+13    0.6631880115E-24    0.3336758102E-09    0.8398560216E-25
    0.9950000000E+00    0.1850627369E-21    0.1277860007E-22    0.7070337081E-07    0.5294406248E+14    0.1947368704E-22    0.9797973105E-08    0.2642508298E-23
    0.9950000000E+00    0.1982982953E-21    0.1369251667E-22    0.7235026388E-07    0.1309736567E+16    0.5161962874E-21    0.2597185284E-06    0.7505559120E-22
    0.9950000000E+00    0.2124804516E-21    0.1467179595E-22    0.7403551802E-07    0.1205492418E+17    0.5090909856E-20    0.2561435733E-05    0.7931650709E-21
    0.9950000000E+00    0.2276769058E-21    0.1572111260E-22    0.7576002677E-07    0.8836532094E+16    0.3998644391E-20    0.2011874285E-05    0.6675456290E-21
    0.9950000000E+00    0.2439602000E-21    0.1684547565E-22    0.7752470448E-07   -0.1838326079E+18   -0.8913606795E-19   -0.4484783979E-04   -0.1594489434E-19
    0.9950000000E+00    0.2614080640E-21    0.1805025236E-22    0.7933048683E-07   -0.3699797753E+19   -0.1922245745E-17   -0.9671569677E-03   -0.3684487451E-18
    0.9950000000E+00    0.2801037871E-21    0.1934119387E-22    0.8117833125E-07   -0.5823967746E+20   -0.3242275279E-16   -0.1631315422E-01   -0.6659138668E-17
    0.9950000000E+00    0.3001366153E-21    0.2072446262E-22    0.8306921749E-07   -0.8291729144E+21   -0.4946249632E-15   -0.2488651521E+00   -0.1088539529E-15
    0.9950000000E+00    0.3216021775E-21    0.2220666179E-22    0.8500414813E-07   -0.1086396210E+23   -0.6944151158E-14   -0.3493873869E+01   -0.1637522739E-14
    0.9950000000E+00    0.3446029418E-21    0.2379486681E-22    0.8698414910E-07   -0.1315125901E+24   -0.9007375231E-13   -0.4531962544E+02   -0.2275969451E-13
    0.9950000000E+00    0.3692487048E-21    0.2549665916E-22    0.8901027021E-07   -0.5709652658E+24   -0.4190256544E-12   -0.2108281849E+03   -0.1134511197E-12
    0.9950000000E+00    0.3956571157E-21    0.2732016250E-22    0.9108358575E-07   -0.4663245569E+24   -0.3667070084E-12   -0.1845046291E+03   -0.1063867112E-12
    0.9950000000E+00    0.4239542377E-21    0.2927408154E-22    0.9320519501E-07    0.2681830911E+25    0.2259759996E-11    0.1136973580E+04    0.7024743799E-12
    0.9950000000E+00    0.4542751502E-21    0.3136774352E-22    0.9537622289E-07    0.3481070480E+26    0.3142995363E-10    0.1581363815E+05    0.1046916185E-10
    0.9950000000E+00    0.4867645933E-21    0.3361114274E-22    0.9759782052E-07    0.3041365749E+27    0.2942385520E-09    0.1480429162E+06    0.1050189685E-09
    0.9950000000E+00    0.5215776589E-21    0.3601498832E-22    0.9987116580E-07    0.2346583940E+28    0.2432579362E-08    0.1223925758E+07    0.9303260706E-09
    0.9950000000E+00    0.5588805307E-21    0.3859075526E-22    0.1021974641E-06    0.1664850771E+29    0.1849295170E-07    0.9304526821E+07    0.7578345637E-08
    0.9950000000E+00    0.5988512779E-21    0.4135073927E-22    0.1045779488E-06    0.1096431172E+30    0.1305005368E-06    0.6565992087E+08    0.5730341067E-07
    0.9950000000E+00    0.6416807053E-21    0.4430811541E-22    0.1070138822E-06    0.6723420653E+30    0.8574744884E-06    0.4314289307E+09    0.4034496856E-06
    0.9950000000E+00    0.6875732635E-21    0.4747700104E-22    0.1095065557E-06    0.3844212527E+31    0.5253373917E-05    0.2643177753E+10    0.2648539699E-05
    0.9950000000E+00    0.7367480256E-21    0.5087252317E-22    0.1120572911E-06    0.2050809126E+32    0.3003005760E-04    0.1510929574E+11    0.1622274489E-04
    0.9950000000E+00    0.7894397325E-21    0.5451089068E-22    0.1146674407E-06    0.1020914516E+33    0.1601844310E-03    0.8059504828E+11    0.9272321393E-04
    0.9950000000E+00    0.8458999137E-21    0.5840947171E-22    0.1173383885E-06    0.4740130461E+33    0.7969319135E-03    0.4009675948E+12    0.4942986134E-03
    0.9950000000E+00    0.9063980879E-21    0.6258687655E-22    0.1200715507E-06    0.2050466714E+34    0.3693887355E-02    0.1858539109E+13    0.2455001835E-02
    0.9950000000E+00    0.9712230494E-21    0.6706304648E-22    0.1228683764E-06    0.8249673897E+34    0.1592456968E-01    0.8012273438E+13    0.1134059599E-01
    0.9950000000E+00    0.1040684247E-20    0.7185934897E-22    0.1257303485E-06    0.2462586091E+35    0.5093570788E-01    0.2562774552E+14    0.3886785015E-01
    0.9950000000E+00    0.1115113261E-20    0.7699867968E-22    0.1286589846E-06    0.4463277497E+35    0.9892016069E-01    0.4977059927E+14    0.8088220580E-01
    0.9950000000E+00    0.1194865387E-20    0.8250557175E-22    0.1316558373E-06    0.5836644690E+35    0.1386098776E+00    0.6974004717E+14    0.1214401664E+00
    0.9950000000E+00    0.1280321329E-20    0.8840631292E-22    0.1347224957E-06    0.6051941494E+35    0.1540017460E+00    0.7748429779E+14    0.1445752055E+00
    0.9950000000E+00    0.1371889021E-20    0.9472907100E-22    0.1378605858E-06    0.5917748654E+35    0.1613568620E+00    0.8118494409E+14    0.1623138626E+00
    0.9950000000E+00    0.1470005571E-20    0.1015040283E-21    0.1410717713E-06    0.5151696047E+35    0.1505154757E+00    0.7573021890E+14    0.1622367841E+00
    0.9950000000E+00    0.1575139348E-20    0.1087635259E-21    0.1443577550E-06    0.3551608216E+35    0.1111875027E+00    0.5594277851E+14    0.1284174818E+00
    0.9950000000E+00    0.1687792220E-20    0.1165422177E-21    0.1477202791E-06    0.1979749319E+35    0.6641116918E-01    0.3341405498E+14    0.8218816794E-01
    0.9950000000E+00    0.1808501947E-20    0.1248772362E-21    0.1511611264E-06    0.8943443049E+34    0.3214664614E-01    0.1617423417E+14    0.4262887222E-01
    0.9950000000E+00    0.1937844750E-20    0.1338083694E-21    0.1546821213E-06    0.3205222603E+34    0.1234494390E-01    0.6211223793E+13    0.1754111897E-01
    0.9950000000E+00    0.2076438060E-20    0.1433782510E-21    0.1582851308E-06    0.7114565720E+33    0.2936157306E-02    0.1477295504E+13    0.4470411410E-02
    0.9950000000E+00    0.2224943467E-20    0.1536325639E-21    0.1619720651E-06    0.4627675005E+31    0.2046415306E-04    0.1029631527E+11    0.3338581242E-04
    0.9950000000E+00    0.2384069878E-20    0.1646202581E-21    0.1657448792E-06    0.2394779238E+30    0.1134740115E-05    0.5709321047E+09    0.1983647877E-05
    0.9950000000E+00    0.2554576900E-20    0.1763937846E-21    0.1696055734E-06    0.4814067507E+29    0.2444235795E-06    0.1229790565E+09    0.4578374072E-06
    0.9950000000E+00    0.2737278465E-20    0.1890093455E-21    0.1735561947E-06    0.5692906134E+28    0.3097169309E-07    0.1558306936E+08    0.6216316533E-07
    0.9950000000E+00    0.2933046719E-20    0.2025271626E-21    0.1775988378E-06    0.1394645785E+28    0.8130080441E-08    0.4090561245E+07    0.1748489450E-07
    0.9950000000E+00    0.3142816182E-20    0.2170117645E-21    0.1817356462E-06    0.3057577248E+27    0.1909890032E-08    0.9609403255E+06    0.4401255042E-08
    0.9950000000E+00    0.3367588212E-20    0.2325322952E-21    0.1859688132E-06    0.7340555962E+26    0.4913148352E-09    0.2471996973E+06    0.1213187848E-08
    0.9950000000E+00    0.3608435782E-20    0.2491628434E-21    0.1903005833E-06    0.1134934016E+26    0.8139571392E-10    0.4095336513E+05    0.2153623146E-09
    0.9950000000E+00    0.3866508602E-20    0.2669827968E-21    0.1947332533E-06    0.3920800950E+25    0.3013045699E-10    0.1515981060E+05    0.8542281760E-10
