    0.9660000000E+00    0.4143038610E-23    0.2860772210E-24    0.1992691735E-07    0.0000000000E+00    0.0000000000E+00    0.0000000000E+00    0.0000000000E+00
    0.9660000000E+00    0.4439345853E-23    0.3065372650E-24    0.2039107488E-07    0.0000000000E+00    0.0000000000E+00    0.0000000000E+00    0.0000000000E+00
    0.9660000000E+00    0.4756844785E-23    0.3284605973E-24    0.2086604403E-07    0.0000000000E+00    0.0000000000E+00    0.0000000000E+00    0.0000000000E+00
    0.9660000000E+00    0.5097051019E-23    0.3519518710E-24    0.2135207663E-07    0.0000000000E+00    0.0000000000E+00    0.0000000000E+00    0.0000000000E+00
    0.9660000000E+00    0.5461588566E-23    0.3771232243E-24    0.2184943039E-07    0.0000000000E+00    0.0000000000E+00    0.0000000000E+00    0.0000000000E+00
    0.9660000000E+00    0.5852197586E-23    0.4040948153E-24    0.2235836900E-07    0.0000000000E+00    0.0000000000E+00    0.0000000000E+00    0.0000000000E+00
    0.9660000000E+00    0.6270742692E-23    0.4329953957E-24    0.2287916232E-07    0.0000000000E+00    0.0000000000E+00    0.0000000000E+00    0.0000000000E+00
    0.9660000000E+00    0.6719221852E-23    0.4639629256E-24    0.2341208647E-07    0.0000000000E+00    0.0000000000E+00    0.0000000000E+00    0.0000000000E+00
    0.9660000000E+00    0.7199775931E-23    0.4971452317E-24    0.2395742402E-07    0.0000000000E+00    0.0000000000E+00    0.0000000000E+00    0.0000000000E+00
    0.9660000000E+00    0.7714698903E-23    0.5327007132E-24    0.2451546411E-07    0.0000000000E+00    0.0000000000E+00    0.0000000000E+00    0.0000000000E+00
    0.9660000000E+00    0.8266448809E-23    0.5707990981E-24    0.2508650263E-07    0.0000000000E+00    0.0000000000E+00    0.0000000000E+00    0.0000000000E+00
    0.9660000000E+00    0.8857659485E-23    0.6116222531E-24    0.2567084234E-07    0.0000000000E+00    0.0000000000E+00    0.0000000000E+00    0.0000000000E+00
    0.9660000000E+00    0.9491153137E-23    0.6553650517E-24    0.2626879307E-07    0.0000000000E+00    0.0000000000E+00    0.0000000000E+00    0.0000000000E+00
    0.9660000000E+00    0.1016995382E-22    0.7022363048E-24    0.2688067187E-07    0.0000000000E+00    0.0000000000E+00    0.0000000000E+00    0.0000000000E+00
    0.9660000000E+00    0.1089730185E-22    0.7524597575E-24    0.2750680315E-07    0.0000000000E+00    0.0000000000E+00    0.0000000000E+00    0.0000000000E+00
    0.9660000000E+00    0.1167666930E-22    0.8062751566E-24    0.2814751890E-07    0.0000000000E+00    0.0000000000E+00    0.0000000000E+00    0.0000000000E+00
    0.9660000000E+00    0.1251177658E-22    0.8639393956E-24    0.2880315884E-07    0.0000000000E+00    0.0000000000E+00    0.0000000000E+00    0.0000000000E+00
    0.9660000000E+00    0.1340661015E-22    0.9257277409E-24    0.2947407060E-07    0.0000000000E+00    0.0000000000E+00    0.0000000000E+00    0.0000000000E+00
    0.9660000000E+00    0.1436544159E-22    0.9919351458E-24    0.3016060990E-07    0.0000000000E+00    0.0000000000E+00    0.0000000000E+00    0.0000000000E+00
    0.9660000000E+00    0.1539284799E-22    0.1062877658E-23    0.3086314075E-07    0.0000000000E+00    0.0000000000E+00    0.0000000000E+00    0.0000000000E+00
    0.9660000000E+00    0.1649373379E-22    0.1138893930E-23    0.3158203565E-07    0.0000000000E+00    0.0000000000E+00    0.0000000000E+00    0.0000000000E+00
    0.9660000000E+00    0.1767335417E-22    0.1220346833E-23    0.3231767576E-07    0.0000000000E+00    0.0000000000E+00    0.0000000000E+00    0.0000000000E+00
    0.9660000000E+00    0.1893734018E-22    0.1307625190E-23    0.3307045113E-07    0.0000000000E+00    0.0000000000E+00    0.0000000000E+00    0.0000000000E+00
    0.9660000000E+00    0.2029172559E-22    0.1401145635E-23    0.3384076090E-07    0.0000000000E+00    0.0000000000E+00    0.0000000000E+00    0.0000000000E+00
    0.9660000000E+00    0.2174297571E-22    0.1501354598E-23    0.3462901348E-07    0.0000000000E+00    0.0000000000E+00    0.0000000000E+00    0.0000000000E+00
    0.9660000000E+00    0.2329801823E-22    0.1608730435E-23    0.3543562682E-07    0.0000000000E+00    0.0000000000E+00    0.0000000000E+00    0.0000000000E+00
    0.9660000000E+00    0.2496427630E-22    0.1723785718E-23    0.3626102861E-07    0.0000000000E+00    0.0000000000E+00    0.0000000000E+00    0.0000000000E+00
    0.9660000000E+00    0.2674970400E-22    0.1847069675E-23    0.3710565646E-07    0.0000000000E+00    0.0000000000E+00    0.0000000000E+00    0.0000000000E+00
    0.9660000000E+00    0.2866282424E-22    0.1979170815E-23    0.3796995823E-07    0.0000000000E+00    0.0000000000E+00    0.0000000000E+00    0.0000000000E+00
    0.9660000000E+00    0.3071276952E-22    0.2120719737E-23    0.3885439218E-07    0.0000000000E+00    0.0000000000E+00    0.0000000000E+00    0.0000000000E+00
    0.9660000000E+00    0.3290932546E-22    0.2272392139E-23    0.3975942724E-07    0.0000000000E+00    0.0000000000E+00    0.0000000000E+00    0.0000000000E+00
    0.9660000000E+00    0.3526297755E-22    0.2434912046E-23    0.4068554327E-07    0.0000000000E+00    0.0000000000E+00    0.0000000000E+00    0.0000000000E+00
    0.9660000000E+00    0.3778496121E-22    0.2609055264E-23    0.4163323131E-07   -0.1583987545E-15   -0.1189549959E-52   -0.5985090793E-38   -0.3370198501E-54
    0.9660000000E+00    0.4048731538E-22    0.2795653084E-23    0.4260299385E-07    0.3463961020E-14    0.2787429681E-51    0.1402464823E-36    0.8462071976E-53
    0.9660000000E+00    0.4338294005E-22    0.2995596250E-23    0.4359534505E-07    0.3786371464E-13    0.3264781662E-50    0.1642639262E-35    0.1062005919E-51
    0.9660000000E+00    0.4648565778E-22    0.3209839213E-23    0.4461081109E-07   -0.7600355031E-12   -0.7022064327E-49   -0.3533075030E-34   -0.2447583960E-50
    0.9660000000E+00    0.4981027973E-22    0.3439404683E-23    0.4564993037E-07   -0.1883173626E-10   -0.1864323556E-47   -0.9380140507E-33   -0.6962962912E-49
    0.9660000000E+00    0.5337267633E-22    0.3685388516E-23    0.4671325384E-07    0.9100557200E-10    0.9653813568E-47    0.4857210938E-32    0.3863418032E-48
    0.9660000000E+00    0.5718985306E-22    0.3948964943E-23    0.4780134531E-07    0.5022022925E-08    0.5708337136E-45    0.2872087531E-30    0.2447836519E-46
    0.9660000000E+00    0.6128003161E-22    0.4231392172E-23    0.4891478167E-07   -0.4468445132E-08   -0.5442361096E-45   -0.2738264589E-30   -0.2500691675E-46
    0.9660000000E+00    0.6566273690E-22    0.4534018400E-23    0.5005415331E-07   -0.2138420994E-05   -0.2790770563E-42   -0.1404145751E-27   -0.1374032256E-43
    0.9660000000E+00    0.7035889022E-22    0.4858288246E-23    0.5122006431E-07   -0.2919338252E-03   -0.4082397992E-40   -0.2054013996E-25   -0.2153714523E-41
    0.9660000000E+00    0.7539090917E-22    0.5205749646E-23    0.5241313287E-07   -0.3031664742E-02   -0.4542679498E-39   -0.2285599612E-24   -0.2567940116E-40
    0.9660000000E+00    0.8078281461E-22    0.5578061244E-23    0.5363399157E-07    0.1137887912E-01    0.1826965759E-38    0.9192178827E-24    0.1106631945E-39
    0.9660000000E+00    0.8656034539E-22    0.5977000309E-23    0.5488328773E-07    0.1517239951E+01    0.2610268567E-36    0.1313328142E-21    0.1694173906E-37
    0.9660000000E+00    0.9275108115E-22    0.6404471218E-23    0.5616168372E-07    0.3673892668E+02    0.6772630597E-35    0.3407575170E-20    0.4710100601E-36
    0.9660000000E+00    0.9938457404E-22    0.6862514550E-23    0.5746985739E-07    0.7724399451E+01    0.1525793106E-35    0.7676861491E-21    0.1137020888E-36
    0.9660000000E+00    0.1064924897E-21    0.7353316823E-23    0.5880850233E-07   -0.3561686870E+04   -0.7538529857E-33   -0.3792929024E-18   -0.6019486629E-34
    0.9660000000E+00    0.1141087586E-21    0.7879220933E-23    0.6017832832E-07   -0.2019548019E+06   -0.4580207018E-31   -0.2304481174E-16   -0.3918843343E-32
    0.9660000000E+00    0.1222697377E-21    0.8442737340E-23    0.6158006166E-07   -0.9928858013E+07   -0.2412849445E-29   -0.1213998865E-14   -0.2212091153E-30
    0.9660000000E+00    0.1310143844E-21    0.9046556049E-23    0.6301444556E-07   -0.4401361041E+09   -0.1146087877E-27   -0.5766416075E-13   -0.1125876395E-28
    0.9660000000E+00    0.1403844422E-21    0.9693559452E-23    0.6448224056E-07   -0.5136599308E+10   -0.1433199384E-26   -0.7210986286E-12   -0.1508618426E-27
    0.9660000000E+00    0.1504246400E-21    0.1038683609E-22    0.6598422489E-07   -0.1203142522E+10   -0.3597062633E-27   -0.1809822807E-12   -0.4057147479E-28
    0.9660000000E+00    0.1611829057E-21    0.1112969539E-22    0.6752119493E-07    0.2374316230E+12    0.7606230550E-25    0.3826991889E-10    0.9192682909E-26
    0.9660000000E+00    0.1727105951E-21    0.1192568347E-22    0.6909396560E-07    0.7318466773E+13    0.2512181594E-23    0.1263976752E-08    0.3253297835E-24
    0.9660000000E+00    0.1850627369E-21    0.1277860007E-22    0.7070337081E-07    0.1918825110E+15    0.7057750754E-22    0.3551030266E-07    0.9793526706E-23
    0.9660000000E+00    0.1982982953E-21    0.1369251667E-22    0.7235026388E-07    0.4567790902E+16    0.1800267905E-20    0.9057851489E-06    0.2676763082E-21
    0.9660000000E+00    0.2124804516E-21    0.1467179595E-22    0.7403551802E-07    0.1887330058E+17    0.7970375465E-20    0.4010207429E-05    0.1269847521E-20
    0.9660000000E+00    0.2276769058E-21    0.1572111260E-22    0.7576002677E-07   -0.5269028297E+16   -0.2384303053E-20   -0.1199636059E-05   -0.4070373383E-21
    0.9660000000E+00    0.2439602000E-21    0.1684547565E-22    0.7752470448E-07   -0.6325893800E+18   -0.3067275746E-18   -0.1543266316E-03   -0.5610810686E-19
    0.9660000000E+00    0.2614080640E-21    0.1805025236E-22    0.7933048683E-07   -0.1122314622E+20   -0.5831033613E-17   -0.2933820924E-02   -0.1142926598E-17
    0.9660000000E+00    0.2801037871E-21    0.1934119387E-22    0.8117833125E-07   -0.1689432445E+21   -0.9405280541E-16   -0.4732164258E-01   -0.1975352239E-16
    0.9660000000E+00    0.3001366153E-21    0.2072446262E-22    0.8306921749E-07   -0.2319674774E+22   -0.1383751242E-14   -0.6962193355E+00   -0.3114087552E-15
    0.9660000000E+00    0.3216021775E-21    0.2220666179E-22    0.8500414813E-07   -0.2935797426E+23   -0.1876536470E-13   -0.9441588451E+01   -0.4525116912E-14
    0.9660000000E+00    0.3446029418E-21    0.2379486681E-22    0.8698414910E-07   -0.3222704201E+24   -0.2207249205E-12   -0.1110553348E+03   -0.5703273045E-13
    0.9660000000E+00    0.3692487048E-21    0.2549665916E-22    0.8901027021E-07   -0.7211672247E+24   -0.5292573583E-12   -0.2662900637E+03   -0.1465344369E-12
    0.9660000000E+00    0.3956571157E-21    0.2732016250E-22    0.9108358575E-07   -0.1798818966E+24   -0.1414550257E-12   -0.7117155237E+02   -0.4196538161E-13
    0.9660000000E+00    0.4239542377E-21    0.2927408154E-22    0.9320519501E-07    0.7818712311E+25    0.6588190637E-11    0.3314776217E+04    0.2094300287E-11
    0.9660000000E+00    0.4542751502E-21    0.3136774352E-22    0.9537622289E-07    0.8215884237E+26    0.7417972778E-10    0.3732272046E+05    0.2526725307E-10
    0.9660000000E+00    0.4867645933E-21    0.3361114274E-22    0.9759782052E-07    0.6782264810E+27    0.6561538274E-09    0.3301366372E+06    0.2394850797E-09
    0.9660000000E+00    0.5215776589E-21    0.3601498832E-22    0.9987116580E-07    0.5043891016E+28    0.5228734836E-08    0.2630780868E+07    0.2044887466E-08
    0.9660000000E+00    0.5588805307E-21    0.3859075526E-22    0.1021974641E-06    0.3464309087E+29    0.3848110699E-07    0.1936134901E+08    0.1612576594E-07
    0.9660000000E+00    0.5988512779E-21    0.4135073927E-22    0.1045779488E-06    0.2211708524E+30    0.2632442026E-06    0.1324484476E+09    0.1182038468E-06
    0.9660000000E+00    0.6416807053E-21    0.4430811541E-22    0.1070138822E-06    0.1315633988E+31    0.1677899747E-05    0.8442169456E+09    0.8073071584E-06
    0.9660000000E+00    0.6875732635E-21    0.4747700104E-22    0.1095065557E-06    0.7300503979E+31    0.9976627701E-05    0.5019631346E+10    0.5143474142E-05
    0.9660000000E+00    0.7367480256E-21    0.5087252317E-22    0.1120572911E-06    0.3781144126E+32    0.5536740327E-04    0.2785750469E+11    0.3058630046E-04
    0.9660000000E+00    0.7894397325E-21    0.5451089068E-22    0.1146674407E-06    0.1827849668E+33    0.2867948828E-03    0.1442977153E+12    0.1697634502E-03
    0.9660000000E+00    0.8458999137E-21    0.5840947171E-22    0.1173383885E-06    0.8242022290E+33    0.1385685615E-02    0.6971925944E+12    0.8788960315E-03
    0.9660000000E+00    0.9063980879E-21    0.6258687655E-22    0.1200715507E-06    0.3462238999E+34    0.6237175552E-02    0.3138166809E+13    0.4238974098E-02
    0.9660000000E+00    0.9712230494E-21    0.6706304648E-22    0.1228683764E-06    0.1320892062E+35    0.2549753838E-01    0.1282880816E+14    0.1856825317E-01
    0.9660000000E+00    0.1040684247E-20    0.7185934897E-22    0.1257303485E-06    0.3222975855E+35    0.6666347918E-01    0.3354100201E+14    0.5201885286E-01
    0.9660000000E+00    0.1115113261E-20    0.7699867968E-22    0.1286589846E-06    0.5138308383E+35    0.1138809521E+00    0.5729795819E+14    0.9521905879E-01
    0.9660000000E+00    0.1194865387E-20    0.8250557175E-22    0.1316558373E-06    0.6114527942E+35    0.1452091081E+00    0.7306037797E+14    0.1300968115E+00
    0.9660000000E+00    0.1280321329E-20    0.8840631292E-22    0.1347224957E-06    0.6139466439E+35    0.1562289643E+00    0.7860489833E+14    0.1499803451E+00
    0.9660000000E+00    0.1371889021E-20    0.9472907100E-22    0.1378605858E-06    0.5876988442E+35    0.1602454697E+00    0.8062575922E+14    0.1648384626E+00
    0.9660000000E+00    0.1470005571E-20    0.1015040283E-21    0.1410717713E-06    0.4762468578E+35    0.1391435397E+00    0.7000855342E+14    0.1533683842E+00
    0.9660000000E+00    0.1575139348E-20    0.1087635259E-21    0.1443577550E-06    0.3067224102E+35    0.9602325686E-01    0.4831305372E+14    0.1134094455E+00
    0.9660000000E+00    0.1687792220E-20    0.1165422177E-21    0.1477202791E-06    0.1608877692E+35    0.5397019086E-01    0.2715451252E+14    0.6830095070E-01
    0.9660000000E+00    0.1808501947E-20    0.1248772362E-21    0.1511611264E-06    0.6853745592E+34    0.2463535946E-01    0.1239501225E+14    0.3340655549E-01
    0.9660000000E+00    0.1937844750E-20    0.1338083694E-21    0.1546821213E-06    0.2296579339E+34    0.8845296134E-02    0.4450414215E+13    0.1285242778E-01
    0.9660000000E+00    0.2076438060E-20    0.1433782510E-21    0.1582851308E-06    0.4059020709E+33    0.1675144173E-02    0.8428305086E+12    0.2608104484E-02
    0.9660000000E+00    0.2224943467E-20    0.1536325639E-21    0.1619720651E-06    0.8045853842E+30    0.3557976399E-05    0.1790156995E+10    0.5935753508E-05
    0.9660000000E+00    0.2384069878E-20    0.1646202581E-21    0.1657448792E-06    0.1959748277E+30    0.9286054223E-06    0.4672176837E+09    0.1659984413E-05
    0.9660000000E+00    0.2554576900E-20    0.1763937846E-21    0.1696055734E-06    0.3823683578E+29    0.1941390364E-06    0.9767893739E+08    0.3718653084E-06
    0.9660000000E+00    0.2737278465E-20    0.1890093455E-21    0.1735561947E-06    0.4750523142E+28    0.2584475157E-07    0.1300350469E+08    0.5304508587E-07
    0.9660000000E+00    0.2933046719E-20    0.2025271626E-21    0.1775988378E-06    0.1163812210E+28    0.6784437299E-08    0.3413515584E+07    0.1492061169E-07
    0.9660000000E+00    0.3142816182E-20    0.2170117645E-21    0.1817356462E-06    0.2553850711E+27    0.1595241467E-08    0.8026283343E+06    0.3759232833E-08
    0.9660000000E+00    0.3367588212E-20    0.2325322952E-21    0.1859688132E-06    0.6131108446E+26    0.4103646306E-09    0.2064704853E+06    0.1036197921E-08
    0.9660000000E+00    0.3608435782E-20    0.2491628434E-21    0.1903005833E-06    0.9361659453E+25    0.6714037503E-10    0.3378094695E+05    0.1816588488E-09
    0.9660000000E+00    0.3866508602E-20    0.2669827968E-21    0.1947332533E-06    0.3200294051E+25    0.2459352654E-10    0.1237396448E+05    0.7130066870E-10
