    0.9340000000E+00    0.4143038610E-23    0.2860772210E-24    0.1992691735E-07    0.0000000000E+00    0.0000000000E+00    0.0000000000E+00    0.0000000000E+00
    0.9340000000E+00    0.4439345853E-23    0.3065372650E-24    0.2039107488E-07    0.0000000000E+00    0.0000000000E+00    0.0000000000E+00    0.0000000000E+00
    0.9340000000E+00    0.4756844785E-23    0.3284605973E-24    0.2086604403E-07    0.0000000000E+00    0.0000000000E+00    0.0000000000E+00    0.0000000000E+00
    0.9340000000E+00    0.5097051019E-23    0.3519518710E-24    0.2135207663E-07    0.0000000000E+00    0.0000000000E+00    0.0000000000E+00    0.0000000000E+00
    0.9340000000E+00    0.5461588566E-23    0.3771232243E-24    0.2184943039E-07    0.0000000000E+00    0.0000000000E+00    0.0000000000E+00    0.0000000000E+00
    0.9340000000E+00    0.5852197586E-23    0.4040948153E-24    0.2235836900E-07    0.0000000000E+00    0.0000000000E+00    0.0000000000E+00    0.0000000000E+00
    0.9340000000E+00    0.6270742692E-23    0.4329953957E-24    0.2287916232E-07    0.0000000000E+00    0.0000000000E+00    0.0000000000E+00    0.0000000000E+00
    0.9340000000E+00    0.6719221852E-23    0.4639629256E-24    0.2341208647E-07    0.0000000000E+00    0.0000000000E+00    0.0000000000E+00    0.0000000000E+00
    0.9340000000E+00    0.7199775931E-23    0.4971452317E-24    0.2395742402E-07    0.0000000000E+00    0.0000000000E+00    0.0000000000E+00    0.0000000000E+00
    0.9340000000E+00    0.7714698903E-23    0.5327007132E-24    0.2451546411E-07    0.0000000000E+00    0.0000000000E+00    0.0000000000E+00    0.0000000000E+00
    0.9340000000E+00    0.8266448809E-23    0.5707990981E-24    0.2508650263E-07    0.0000000000E+00    0.0000000000E+00    0.0000000000E+00    0.0000000000E+00
    0.9340000000E+00    0.8857659485E-23    0.6116222531E-24    0.2567084234E-07    0.0000000000E+00    0.0000000000E+00    0.0000000000E+00    0.0000000000E+00
    0.9340000000E+00    0.9491153137E-23    0.6553650517E-24    0.2626879307E-07    0.0000000000E+00    0.0000000000E+00    0.0000000000E+00    0.0000000000E+00
    0.9340000000E+00    0.1016995382E-22    0.7022363048E-24    0.2688067187E-07    0.0000000000E+00    0.0000000000E+00    0.0000000000E+00    0.0000000000E+00
    0.9340000000E+00    0.1089730185E-22    0.7524597575E-24    0.2750680315E-07    0.0000000000E+00    0.0000000000E+00    0.0000000000E+00    0.0000000000E+00
    0.9340000000E+00    0.1167666930E-22    0.8062751566E-24    0.2814751890E-07    0.0000000000E+00    0.0000000000E+00    0.0000000000E+00    0.0000000000E+00
    0.9340000000E+00    0.1251177658E-22    0.8639393956E-24    0.2880315884E-07    0.0000000000E+00    0.0000000000E+00    0.0000000000E+00    0.0000000000E+00
    0.9340000000E+00    0.1340661015E-22    0.9257277409E-24    0.2947407060E-07    0.0000000000E+00    0.0000000000E+00    0.0000000000E+00    0.0000000000E+00
    0.9340000000E+00    0.1436544159E-22    0.9919351458E-24    0.3016060990E-07    0.0000000000E+00    0.0000000000E+00    0.0000000000E+00    0.0000000000E+00
    0.9340000000E+00    0.1539284799E-22    0.1062877658E-23    0.3086314075E-07    0.0000000000E+00    0.0000000000E+00    0.0000000000E+00    0.0000000000E+00
    0.9340000000E+00    0.1649373379E-22    0.1138893930E-23    0.3158203565E-07    0.0000000000E+00    0.0000000000E+00    0.0000000000E+00    0.0000000000E+00
    0.9340000000E+00    0.1767335417E-22    0.1220346833E-23    0.3231767576E-07    0.0000000000E+00    0.0000000000E+00    0.0000000000E+00    0.0000000000E+00
    0.9340000000E+00    0.1893734018E-22    0.1307625190E-23    0.3307045113E-07    0.0000000000E+00    0.0000000000E+00    0.0000000000E+00    0.0000000000E+00
    0.9340000000E+00    0.2029172559E-22    0.1401145635E-23    0.3384076090E-07    0.0000000000E+00    0.0000000000E+00    0.0000000000E+00    0.0000000000E+00
    0.9340000000E+00    0.2174297571E-22    0.1501354598E-23    0.3462901348E-07    0.0000000000E+00    0.0000000000E+00    0.0000000000E+00    0.0000000000E+00
    0.9340000000E+00    0.2329801823E-22    0.1608730435E-23    0.3543562682E-07    0.0000000000E+00    0.0000000000E+00    0.0000000000E+00    0.0000000000E+00
    0.9340000000E+00    0.2496427630E-22    0.1723785718E-23    0.3626102861E-07    0.0000000000E+00    0.0000000000E+00    0.0000000000E+00    0.0000000000E+00
    0.9340000000E+00    0.2674970400E-22    0.1847069675E-23    0.3710565646E-07    0.0000000000E+00    0.0000000000E+00    0.0000000000E+00    0.0000000000E+00
    0.9340000000E+00    0.2866282424E-22    0.1979170815E-23    0.3796995823E-07    0.0000000000E+00    0.0000000000E+00    0.0000000000E+00    0.0000000000E+00
    0.9340000000E+00    0.3071276952E-22    0.2120719737E-23    0.3885439218E-07    0.0000000000E+00    0.0000000000E+00    0.0000000000E+00    0.0000000000E+00
    0.9340000000E+00    0.3290932546E-22    0.2272392139E-23    0.3975942724E-07    0.0000000000E+00    0.0000000000E+00    0.0000000000E+00    0.0000000000E+00
    0.9340000000E+00    0.3526297755E-22    0.2434912046E-23    0.4068554327E-07   -0.3675323359E-15   -0.2575885051E-52   -0.1296028451E-37   -0.7012897895E-54
    0.9340000000E+00    0.3778496121E-22    0.2609055264E-23    0.4163323131E-07   -0.7666294126E-15   -0.5757267404E-52   -0.2896706262E-37   -0.1679528734E-53
    0.9340000000E+00    0.4048731538E-22    0.2795653084E-23    0.4260299385E-07    0.5629471151E-13    0.4530003335E-50    0.2279221739E-35    0.1416020559E-51
    0.9340000000E+00    0.4338294005E-22    0.2995596250E-23    0.4359534505E-07    0.7909889571E-13    0.6820266491E-50    0.3431542650E-35    0.2284401209E-51
    0.9340000000E+00    0.4648565778E-22    0.3209839213E-23    0.4461081109E-07   -0.1412646126E-10   -0.1305161657E-47   -0.6566778438E-33   -0.4684199073E-49
    0.9340000000E+00    0.4981027973E-22    0.3439404683E-23    0.4564993037E-07   -0.5640872684E-10   -0.5584409042E-47   -0.2809734463E-32   -0.2147574599E-48
    0.9340000000E+00    0.5337267633E-22    0.3685388516E-23    0.4671325384E-07    0.1785949626E-08    0.1894524078E-45    0.9532091134E-31    0.7806766075E-47
    0.9340000000E+00    0.5718985306E-22    0.3948964943E-23    0.4780134531E-07    0.1661882852E-07    0.1888997271E-44    0.9504283608E-30    0.8340697442E-46
    0.9340000000E+00    0.6128003161E-22    0.4231392172E-23    0.4891478167E-07   -0.1540628244E-06   -0.1876414496E-43   -0.9440974752E-29   -0.8877686743E-45
    0.9340000000E+00    0.6566273690E-22    0.4534018400E-23    0.5005415331E-07   -0.2658290282E-04   -0.3469231871E-41   -0.1745506154E-26   -0.1758751029E-42
    0.9340000000E+00    0.7035889022E-22    0.4858288246E-23    0.5122006431E-07   -0.3018295579E-02   -0.4220779761E-39   -0.2123639273E-24   -0.2292787094E-40
    0.9340000000E+00    0.7539090917E-22    0.5205749646E-23    0.5241313287E-07   -0.6075396847E-02   -0.9103440864E-39   -0.4580296918E-24   -0.5298788833E-40
    0.9340000000E+00    0.8078281461E-22    0.5578061244E-23    0.5363399157E-07    0.1587205207E+00    0.2548378916E-37    0.1282189040E-22    0.1589406704E-38
    0.9340000000E+00    0.8656034539E-22    0.5977000309E-23    0.5488328773E-07    0.1470552257E+02    0.2529946782E-35    0.1272915112E-20    0.1690761784E-36
    0.9340000000E+00    0.9275108115E-22    0.6404471218E-23    0.5616168372E-07    0.9434806750E+02    0.1739257693E-34    0.8750885265E-20    0.1245474872E-35
    0.9340000000E+00    0.9938457404E-22    0.6862514550E-23    0.5746985739E-07   -0.3423062394E+03   -0.6761541832E-34   -0.3401995979E-19   -0.5188200800E-35
    0.9340000000E+00    0.1064924897E-21    0.7353316823E-23    0.5880850233E-07   -0.2961583086E+05   -0.6268373197E-32   -0.3153863563E-17   -0.5153780073E-33
    0.9340000000E+00    0.1141087586E-21    0.7879220933E-23    0.6017832832E-07   -0.1545753626E+07   -0.3505671337E-30   -0.1763840273E-15   -0.3088461805E-31
    0.9340000000E+00    0.1222697377E-21    0.8442737340E-23    0.6158006166E-07   -0.7185769174E+08   -0.1746241022E-28   -0.8786021123E-14   -0.1648447891E-29
    0.9340000000E+00    0.1310143844E-21    0.9046556049E-23    0.6301444556E-07   -0.3016266837E+10   -0.7854176980E-27   -0.3951743429E-12   -0.7944594223E-28
    0.9340000000E+00    0.1403844422E-21    0.9693559452E-23    0.6448224056E-07   -0.1000123102E+11   -0.2790515139E-26   -0.1404017238E-11   -0.3024512753E-27
    0.9340000000E+00    0.1504246400E-21    0.1038683609E-22    0.6598422489E-07    0.2964145025E+11    0.8861971972E-26    0.4458804481E-11    0.1029203867E-26
    0.9340000000E+00    0.1611829057E-21    0.1112969539E-22    0.6752119493E-07    0.1456194115E+13    0.4664984397E-24    0.2347135987E-09    0.5805254083E-25
    0.9340000000E+00    0.1727105951E-21    0.1192568347E-22    0.6909396560E-07    0.4075197510E+14    0.1398877182E-22    0.7038297872E-08    0.1865308302E-23
    0.9340000000E+00    0.1850627369E-21    0.1277860007E-22    0.7070337081E-07    0.1012823844E+16    0.3725330781E-21    0.1874359525E-06    0.5322747663E-22
    0.9340000000E+00    0.1982982953E-21    0.1369251667E-22    0.7235026388E-07    0.1727181744E+17    0.6807207088E-20    0.3424971955E-05    0.1042173438E-20
    0.9340000000E+00    0.2124804516E-21    0.1467179595E-22    0.7403551802E-07    0.2508200644E+17    0.1059237137E-19    0.5329436055E-05    0.1737657727E-20
    0.9340000000E+00    0.2276769058E-21    0.1572111260E-22    0.7576002677E-07   -0.1145738950E+18   -0.5184616065E-19   -0.2608582990E-04   -0.9113551210E-20
    0.9340000000E+00    0.2439602000E-21    0.1684547565E-22    0.7752470448E-07   -0.2902902390E+19   -0.1407548463E-17   -0.7081926475E-03   -0.2651150570E-18
    0.9340000000E+00    0.2614080640E-21    0.1805025236E-22    0.7933048683E-07   -0.4668653052E+20   -0.2425618659E-16   -0.1220423556E-01   -0.4895460625E-17
    0.9340000000E+00    0.2801037871E-21    0.1934119387E-22    0.8117833125E-07   -0.6668949590E+21   -0.3712687181E-15   -0.1867998036E+00   -0.8028961873E-16
    0.9340000000E+00    0.3001366153E-21    0.2072446262E-22    0.8306921749E-07   -0.8741202816E+22   -0.5214373318E-14   -0.2623555027E+01   -0.1208295500E-14
    0.9340000000E+00    0.3216021775E-21    0.2220666179E-22    0.8500414813E-07   -0.1057626206E+24   -0.6760255767E-13   -0.3401348910E+02   -0.1678549544E-13
    0.9340000000E+00    0.3446029418E-21    0.2379486681E-22    0.8698414910E-07   -0.7200321026E+24   -0.4931542540E-12   -0.2481251808E+03   -0.1312060378E-12
    0.9340000000E+00    0.3692487048E-21    0.2549665916E-22    0.8901027021E-07   -0.8164338416E+24   -0.5991725684E-12   -0.3014671386E+03   -0.1708138019E-12
    0.9340000000E+00    0.3956571157E-21    0.2732016250E-22    0.9108358575E-07    0.1448753139E+25    0.1139266465E-11    0.5732094882E+03    0.3480137080E-12
    0.9340000000E+00    0.4239542377E-21    0.2927408154E-22    0.9320519501E-07    0.2688708164E+26    0.2265554895E-10    0.1139889220E+05    0.7415588577E-11
    0.9340000000E+00    0.4542751502E-21    0.3136774352E-22    0.9537622289E-07    0.2438225937E+27    0.2201429951E-09    0.1107625454E+06    0.7721041875E-10
    0.9340000000E+00    0.4867645933E-21    0.3361114274E-22    0.9759782052E-07    0.1895647888E+28    0.1833954663E-08    0.9227342734E+06    0.6892227945E-09
    0.9340000000E+00    0.5215776589E-21    0.3601498832E-22    0.9987116580E-07    0.1347377064E+29    0.1396754483E-07    0.7027617745E+07    0.5624593117E-08
    0.9340000000E+00    0.5588805307E-21    0.3859075526E-22    0.1021974641E-06    0.8876759094E+29    0.9860191680E-07    0.4961047833E+08    0.4254577066E-07
    0.9340000000E+00    0.5988512779E-21    0.4135073927E-22    0.1045779488E-06    0.5443282591E+30    0.6478758706E-06    0.3259716736E+09    0.2995455295E-06
    0.9340000000E+00    0.6416807053E-21    0.4430811541E-22    0.1070138822E-06    0.3112420574E+31    0.3969439630E-05    0.1997180229E+10    0.1966528471E-05
    0.9340000000E+00    0.6875732635E-21    0.4747700104E-22    0.1095065557E-06    0.1661094428E+32    0.2269996802E-04    0.1142124117E+11    0.1205025625E-04
    0.9340000000E+00    0.7367480256E-21    0.5087252317E-22    0.1120572911E-06    0.8278062223E+32    0.1212159056E-03    0.6098845998E+11    0.6894942479E-04
    0.9340000000E+00    0.7894397325E-21    0.5451089068E-22    0.1146674407E-06    0.3851448409E+33    0.6043033596E-03    0.3040486402E+12    0.3683206308E-03
    0.9340000000E+00    0.8458999137E-21    0.5840947171E-22    0.1173383885E-06    0.1671563944E+34    0.2810307993E-02    0.1413975796E+13    0.1835375608E-02
    0.9340000000E+00    0.9063980879E-21    0.6258687655E-22    0.1200715507E-06    0.6757405383E+34    0.1217337210E-01    0.6124899318E+13    0.8518868892E-02
    0.9340000000E+00    0.9712230494E-21    0.6706304648E-22    0.1228683764E-06    0.2182305440E+35    0.4212563487E-01    0.2119505344E+14    0.3158766301E-01
    0.9340000000E+00    0.1040684247E-20    0.7185934897E-22    0.1257303485E-06    0.4247069081E+35    0.8784564763E-01    0.4419857889E+14    0.7058156538E-01
    0.9340000000E+00    0.1115113261E-20    0.7699867968E-22    0.1286589846E-06    0.5868649690E+35    0.1300675951E+00    0.6544209096E+14    0.1119799186E+00
    0.9340000000E+00    0.1194865387E-20    0.8250557175E-22    0.1316558373E-06    0.6308105747E+35    0.1498062349E+00    0.7537337216E+14    0.1381977353E+00
    0.9340000000E+00    0.1280321329E-20    0.8840631292E-22    0.1347224957E-06    0.6223286288E+35    0.1583619001E+00    0.7967806173E+14    0.1565387066E+00
    0.9340000000E+00    0.1371889021E-20    0.9472907100E-22    0.1378605858E-06    0.5662105807E+35    0.1543863517E+00    0.7767780795E+14    0.1635234125E+00
    0.9340000000E+00    0.1470005571E-20    0.1015040283E-21    0.1410717713E-06    0.4145249941E+35    0.1211104578E+00    0.6093540507E+14    0.1374525125E+00
    0.9340000000E+00    0.1575139348E-20    0.1087635259E-21    0.1443577550E-06    0.2461942428E+35    0.7707416293E-01    0.3877902391E+14    0.9373026692E-01
    0.9340000000E+00    0.1687792220E-20    0.1165422177E-21    0.1477202791E-06    0.1197656415E+35    0.4017567379E-01    0.2021395180E+14    0.5235211192E-01
    0.9340000000E+00    0.1808501947E-20    0.1248772362E-21    0.1511611264E-06    0.4738755567E+34    0.1703316022E-01    0.8570048669E+13    0.2378297989E-01
    0.9340000000E+00    0.1937844750E-20    0.1338083694E-21    0.1546821213E-06    0.1444925676E+34    0.5565144331E-02    0.2800041634E+13    0.8326212090E-02
    0.9340000000E+00    0.2076438060E-20    0.1433782510E-21    0.1582851308E-06    0.1714965131E+33    0.7077603322E-03    0.3561018869E+12    0.1134637819E-02
    0.9340000000E+00    0.2224943467E-20    0.1536325639E-21    0.1619720651E-06    0.6239376858E+30    0.2759129863E-05    0.1388226078E+10    0.4739616239E-05
    0.9340000000E+00    0.2384069878E-20    0.1646202581E-21    0.1657448792E-06    0.1512731718E+30    0.7167914840E-06    0.3606458123E+09    0.1319361704E-05
    0.9340000000E+00    0.2554576900E-20    0.1763937846E-21    0.1696055734E-06    0.2788314682E+29    0.1415704816E-06    0.7122964277E+08    0.2792182151E-06
    0.9340000000E+00    0.2737278465E-20    0.1890093455E-21    0.1735561947E-06    0.3757590865E+28    0.2044280167E-07    0.1028557256E+08    0.4320275601E-07
    0.9340000000E+00    0.2933046719E-20    0.2025271626E-21    0.1775988378E-06    0.9206179235E+27    0.5366737456E-08    0.2700215380E+07    0.1215294093E-07
    0.9340000000E+00    0.3142816182E-20    0.2170117645E-21    0.1817356462E-06    0.2022874430E+27    0.1263571578E-08    0.6357522494E+06    0.3065991071E-08
    0.9340000000E+00    0.3367588212E-20    0.2325322952E-21    0.1859688132E-06    0.4853922477E+26    0.3248805859E-09    0.1634601212E+06    0.8446850288E-09
    0.9340000000E+00    0.3608435782E-20    0.2491628434E-21    0.1903005833E-06    0.7256804174E+25    0.5204467821E-10    0.2618571184E+05    0.1449931098E-09
    0.9340000000E+00    0.3866508602E-20    0.2669827968E-21    0.1947332533E-06    0.2447454473E+25    0.1880812688E-10    0.9463103772E+04    0.5614571061E-10
