    0.9110000000E+00    0.4143038610E-23    0.2860772210E-24    0.1992691735E-07    0.0000000000E+00    0.0000000000E+00    0.0000000000E+00    0.0000000000E+00
    0.9110000000E+00    0.4439345853E-23    0.3065372650E-24    0.2039107488E-07    0.0000000000E+00    0.0000000000E+00    0.0000000000E+00    0.0000000000E+00
    0.9110000000E+00    0.4756844785E-23    0.3284605973E-24    0.2086604403E-07    0.0000000000E+00    0.0000000000E+00    0.0000000000E+00    0.0000000000E+00
    0.9110000000E+00    0.5097051019E-23    0.3519518710E-24    0.2135207663E-07    0.0000000000E+00    0.0000000000E+00    0.0000000000E+00    0.0000000000E+00
    0.9110000000E+00    0.5461588566E-23    0.3771232243E-24    0.2184943039E-07    0.0000000000E+00    0.0000000000E+00    0.0000000000E+00    0.0000000000E+00
    0.9110000000E+00    0.5852197586E-23    0.4040948153E-24    0.2235836900E-07    0.0000000000E+00    0.0000000000E+00    0.0000000000E+00    0.0000000000E+00
    0.9110000000E+00    0.6270742692E-23    0.4329953957E-24    0.2287916232E-07    0.0000000000E+00    0.0000000000E+00    0.0000000000E+00    0.0000000000E+00
    0.9110000000E+00    0.6719221852E-23    0.4639629256E-24    0.2341208647E-07    0.0000000000E+00    0.0000000000E+00    0.0000000000E+00    0.0000000000E+00
    0.9110000000E+00    0.7199775931E-23    0.4971452317E-24    0.2395742402E-07    0.0000000000E+00    0.0000000000E+00    0.0000000000E+00    0.0000000000E+00
    0.9110000000E+00    0.7714698903E-23    0.5327007132E-24    0.2451546411E-07    0.0000000000E+00    0.0000000000E+00    0.0000000000E+00    0.0000000000E+00
    0.9110000000E+00    0.8266448809E-23    0.5707990981E-24    0.2508650263E-07    0.0000000000E+00    0.0000000000E+00    0.0000000000E+00    0.0000000000E+00
    0.9110000000E+00    0.8857659485E-23    0.6116222531E-24    0.2567084234E-07    0.0000000000E+00    0.0000000000E+00    0.0000000000E+00    0.0000000000E+00
    0.9110000000E+00    0.9491153137E-23    0.6553650517E-24    0.2626879307E-07    0.0000000000E+00    0.0000000000E+00    0.0000000000E+00    0.0000000000E+00
    0.9110000000E+00    0.1016995382E-22    0.7022363048E-24    0.2688067187E-07    0.0000000000E+00    0.0000000000E+00    0.0000000000E+00    0.0000000000E+00
    0.9110000000E+00    0.1089730185E-22    0.7524597575E-24    0.2750680315E-07    0.0000000000E+00    0.0000000000E+00    0.0000000000E+00    0.0000000000E+00
    0.9110000000E+00    0.1167666930E-22    0.8062751566E-24    0.2814751890E-07    0.0000000000E+00    0.0000000000E+00    0.0000000000E+00    0.0000000000E+00
    0.9110000000E+00    0.1251177658E-22    0.8639393956E-24    0.2880315884E-07    0.0000000000E+00    0.0000000000E+00    0.0000000000E+00    0.0000000000E+00
    0.9110000000E+00    0.1340661015E-22    0.9257277409E-24    0.2947407060E-07    0.0000000000E+00    0.0000000000E+00    0.0000000000E+00    0.0000000000E+00
    0.9110000000E+00    0.1436544159E-22    0.9919351458E-24    0.3016060990E-07    0.0000000000E+00    0.0000000000E+00    0.0000000000E+00    0.0000000000E+00
    0.9110000000E+00    0.1539284799E-22    0.1062877658E-23    0.3086314075E-07    0.0000000000E+00    0.0000000000E+00    0.0000000000E+00    0.0000000000E+00
    0.9110000000E+00    0.1649373379E-22    0.1138893930E-23    0.3158203565E-07    0.0000000000E+00    0.0000000000E+00    0.0000000000E+00    0.0000000000E+00
    0.9110000000E+00    0.1767335417E-22    0.1220346833E-23    0.3231767576E-07    0.0000000000E+00    0.0000000000E+00    0.0000000000E+00    0.0000000000E+00
    0.9110000000E+00    0.1893734018E-22    0.1307625190E-23    0.3307045113E-07    0.0000000000E+00    0.0000000000E+00    0.0000000000E+00    0.0000000000E+00
    0.9110000000E+00    0.2029172559E-22    0.1401145635E-23    0.3384076090E-07    0.0000000000E+00    0.0000000000E+00    0.0000000000E+00    0.0000000000E+00
    0.9110000000E+00    0.2174297571E-22    0.1501354598E-23    0.3462901348E-07    0.0000000000E+00    0.0000000000E+00    0.0000000000E+00    0.0000000000E+00
    0.9110000000E+00    0.2329801823E-22    0.1608730435E-23    0.3543562682E-07    0.0000000000E+00    0.0000000000E+00    0.0000000000E+00    0.0000000000E+00
    0.9110000000E+00    0.2496427630E-22    0.1723785718E-23    0.3626102861E-07    0.0000000000E+00    0.0000000000E+00    0.0000000000E+00    0.0000000000E+00
    0.9110000000E+00    0.2674970400E-22    0.1847069675E-23    0.3710565646E-07    0.0000000000E+00    0.0000000000E+00    0.0000000000E+00    0.0000000000E+00
    0.9110000000E+00    0.2866282424E-22    0.1979170815E-23    0.3796995823E-07    0.0000000000E+00    0.0000000000E+00    0.0000000000E+00    0.0000000000E+00
    0.9110000000E+00    0.3071276952E-22    0.2120719737E-23    0.3885439218E-07    0.0000000000E+00    0.0000000000E+00    0.0000000000E+00    0.0000000000E+00
    0.9110000000E+00    0.3290932546E-22    0.2272392139E-23    0.3975942724E-07   -0.3783045144E-15   -0.2474414476E-52   -0.1244974639E-37   -0.6443675528E-54
    0.9110000000E+00    0.3526297755E-22    0.2434912046E-23    0.4068554327E-07   -0.1691638033E-14   -0.1185600475E-51   -0.5965219397E-37   -0.3308259591E-53
    0.9110000000E+00    0.3778496121E-22    0.2609055264E-23    0.4163323131E-07   -0.1184260140E-14   -0.8893609080E-52   -0.4474722347E-37   -0.2659128053E-53
    0.9110000000E+00    0.4048731538E-22    0.2795653084E-23    0.4260299385E-07    0.2115422171E-12    0.1702268158E-49    0.8564776459E-35    0.5453674217E-51
    0.9110000000E+00    0.4338294005E-22    0.2995596250E-23    0.4359534505E-07   -0.1096051898E-12   -0.9450657898E-50   -0.4754995380E-35   -0.3244316820E-51
    0.9110000000E+00    0.4648565778E-22    0.3209839213E-23    0.4461081109E-07   -0.8073457162E-10   -0.7459169381E-47   -0.3752999667E-32   -0.2743795154E-48
    0.9110000000E+00    0.4981027973E-22    0.3439404683E-23    0.4564993037E-07   -0.7324820905E-10   -0.7251501387E-47   -0.3648513782E-32   -0.2858177197E-48
    0.9110000000E+00    0.5337267633E-22    0.3685388516E-23    0.4671325384E-07    0.1569267985E-07    0.1664669562E-44    0.8375603225E-30    0.7030549241E-46
    0.9110000000E+00    0.5718985306E-22    0.3948964943E-23    0.4780134531E-07    0.3037340489E-07    0.3452426197E-44    0.1737050562E-29    0.1562376216E-45
    0.9110000000E+00    0.6128003161E-22    0.4231392172E-23    0.4891478167E-07   -0.1509960256E-05   -0.1839062294E-42   -0.9253041224E-28   -0.8917798516E-44
    0.9110000000E+00    0.6566273690E-22    0.4534018400E-23    0.5005415331E-07   -0.2162052635E-03   -0.2821611304E-40   -0.1419662933E-25   -0.1466082474E-41
    0.9110000000E+00    0.7035889022E-22    0.4858288246E-23    0.5122006431E-07   -0.9803837898E-02   -0.1370967140E-38   -0.6897871544E-24   -0.7632876952E-40
    0.9110000000E+00    0.7539090917E-22    0.5205749646E-23    0.5241313287E-07   -0.5165141558E-02   -0.7739504416E-39   -0.3894047180E-24   -0.4617154083E-40
    0.9110000000E+00    0.8078281461E-22    0.5578061244E-23    0.5363399157E-07    0.1173727586E+01    0.1884509086E-36    0.9481701798E-22    0.1204646023E-37
    0.9110000000E+00    0.8656034539E-22    0.5977000309E-23    0.5488328773E-07    0.8204319612E+02    0.1411475989E-34    0.7101687393E-20    0.9667957001E-36
    0.9110000000E+00    0.9275108115E-22    0.6404471218E-23    0.5616168372E-07    0.1455766955E+03    0.2683630882E-34    0.1350239590E-19    0.1969627034E-35
    0.9110000000E+00    0.9938457404E-22    0.6862514550E-23    0.5746985739E-07   -0.2724613761E+04   -0.5381903044E-33   -0.2707845780E-18   -0.4232501155E-34
    0.9110000000E+00    0.1064924897E-21    0.7353316823E-23    0.5880850233E-07   -0.1701937595E+06   -0.3602255852E-31   -0.1812435718E-16   -0.3035538680E-32
    0.9110000000E+00    0.1141087586E-21    0.7879220933E-23    0.6017832832E-07   -0.8412520553E+07   -0.1907906388E-29   -0.9599422770E-15   -0.1722734209E-30
    0.9110000000E+00    0.1222697377E-21    0.8442737340E-23    0.6158006166E-07   -0.3733872582E+09   -0.9073825384E-28   -0.4565396213E-13   -0.8779133094E-29
    0.9110000000E+00    0.1310143844E-21    0.9046556049E-23    0.6301444556E-07   -0.1012865473E+11   -0.2637440621E-26   -0.1326999464E-11   -0.2734285796E-27
    0.9110000000E+00    0.1403844422E-21    0.9693559452E-23    0.6448224056E-07   -0.1237758739E+11   -0.3453559362E-26   -0.1737620702E-11   -0.3836437619E-27
    0.9110000000E+00    0.1504246400E-21    0.1038683609E-22    0.6598422489E-07    0.1863307100E+12    0.5570771726E-25    0.2802872996E-10    0.6630962598E-26
    0.9110000000E+00    0.1611829057E-21    0.1112969539E-22    0.6752119493E-07    0.6425564702E+13    0.2058459018E-23    0.1035691189E-08    0.2625448118E-24
    0.9110000000E+00    0.1727105951E-21    0.1192568347E-22    0.6909396560E-07    0.1697229383E+15    0.5826013221E-22    0.2931294969E-07    0.7962192651E-23
    0.9110000000E+00    0.1850627369E-21    0.1277860007E-22    0.7070337081E-07    0.4039475855E+16    0.1485784901E-20    0.7475564574E-06    0.2175790901E-21
    0.9110000000E+00    0.1982982953E-21    0.1369251667E-22    0.7235026388E-07    0.3378629891E+17    0.1331593124E-19    0.6699765477E-05    0.2089453736E-20
    0.9110000000E+00    0.2124804516E-21    0.1467179595E-22    0.7403551802E-07    0.2301825268E+17    0.9720828411E-20    0.4890928725E-05    0.1634423104E-20
    0.9110000000E+00    0.2276769058E-21    0.1572111260E-22    0.7576002677E-07   -0.5196150262E+18   -0.2351324805E-18   -0.1183043414E-03   -0.4236174494E-19
    0.9110000000E+00    0.2439602000E-21    0.1684547565E-22    0.7752470448E-07   -0.1003155218E+20   -0.4864061536E-17   -0.2447299477E-02   -0.9389885061E-18
    0.9110000000E+00    0.2614080640E-21    0.1805025236E-22    0.7933048683E-07   -0.1520548535E+21   -0.7900074940E-16   -0.3974836487E-01   -0.1634151913E-16
    0.9110000000E+00    0.2801037871E-21    0.1934119387E-22    0.8117833125E-07   -0.2083982524E+22   -0.1160178991E-14   -0.5837313973E+00   -0.2571498127E-15
    0.9110000000E+00    0.3001366153E-21    0.2072446262E-22    0.8306921749E-07   -0.2628142982E+23   -0.1567761203E-13   -0.7888019394E+01   -0.3723412296E-14
    0.9110000000E+00    0.3216021775E-21    0.2220666179E-22    0.8500414813E-07   -0.3062360231E+24   -0.1957434327E-12   -0.9848617187E+02   -0.4981365582E-13
    0.9110000000E+00    0.3446029418E-21    0.2379486681E-22    0.8698414910E-07   -0.1048082030E+25   -0.7178375931E-12   -0.3611721507E+03   -0.1957435292E-12
    0.9110000000E+00    0.3692487048E-21    0.2549665916E-22    0.8901027021E-07   -0.7223736700E+24   -0.5301427564E-12   -0.2667355421E+03   -0.1549009379E-12
    0.9110000000E+00    0.3956571157E-21    0.2732016250E-22    0.9108358575E-07    0.6008269910E+25    0.4724766585E-11    0.2377214743E+04    0.1479249986E-11
    0.9110000000E+00    0.4239542377E-21    0.2927408154E-22    0.9320519501E-07    0.7097562805E+26    0.5980536814E-10    0.3009041828E+05    0.2006325457E-10
    0.9110000000E+00    0.4542751502E-21    0.3136774352E-22    0.9537622289E-07    0.5948951707E+27    0.5371200537E-09    0.2702460931E+06    0.1930779073E-09
    0.9110000000E+00    0.4867645933E-21    0.3361114274E-22    0.9759782052E-07    0.4427925597E+28    0.4283820242E-08    0.2155357403E+07    0.1650032332E-08
    0.9110000000E+00    0.5215776589E-21    0.3601498832E-22    0.9987116580E-07    0.3034190957E+29    0.3145385161E-07    0.1582566216E+08    0.1298180404E-07
    0.9110000000E+00    0.5588805307E-21    0.3859075526E-22    0.1021974641E-06    0.1931020318E+30    0.2144952935E-06    0.1079209660E+09    0.9485909631E-07
    0.9110000000E+00    0.5988512779E-21    0.4135073927E-22    0.1045779488E-06    0.1144872886E+31    0.1362662153E-05    0.6856085907E+09    0.6457276891E-06
    0.9110000000E+00    0.6416807053E-21    0.4430811541E-22    0.1070138822E-06    0.6333060237E+31    0.8076896965E-05    0.4063802559E+10    0.4101150986E-05
    0.9110000000E+00    0.6875732635E-21    0.4747700104E-22    0.1095065557E-06    0.3271342985E+32    0.4470509315E-04    0.2249287972E+11    0.2432306048E-04
    0.9110000000E+00    0.7367480256E-21    0.5087252317E-22    0.1120572911E-06    0.1578415814E+33    0.2311278862E-03    0.1162894735E+12    0.1347452806E-03
    0.9110000000E+00    0.7894397325E-21    0.5451089068E-22    0.1146674407E-06    0.7111429354E+33    0.1115803769E-02    0.5614044887E+12    0.6970260986E-03
    0.9110000000E+00    0.8458999137E-21    0.5840947171E-22    0.1173383885E-06    0.2988790936E+34    0.5024888870E-02    0.2528217995E+13    0.3363470918E-02
    0.9110000000E+00    0.9063980879E-21    0.6258687655E-22    0.1200715507E-06    0.1160384467E+35    0.2090416528E-01    0.1051770262E+14    0.1499319005E-01
    0.9110000000E+00    0.9712230494E-21    0.6706304648E-22    0.1228683764E-06    0.3023630586E+35    0.5836596277E-01    0.2936619718E+14    0.4485603370E-01
    0.9110000000E+00    0.1040684247E-20    0.7185934897E-22    0.1257303485E-06    0.5061773883E+35    0.1046968619E+00    0.5267708342E+14    0.8621739170E-01
    0.9110000000E+00    0.1115113261E-20    0.7699867968E-22    0.1286589846E-06    0.6294199789E+35    0.1394991136E+00    0.7018745655E+14    0.1230928037E+00
    0.9110000000E+00    0.1194865387E-20    0.8250557175E-22    0.1316558373E-06    0.6409883579E+35    0.1522232765E+00    0.7658948024E+14    0.1439270027E+00
    0.9110000000E+00    0.1280321329E-20    0.8840631292E-22    0.1347224957E-06    0.6229119655E+35    0.1585103399E+00    0.7975274758E+14    0.1605901164E+00
    0.9110000000E+00    0.1371889021E-20    0.9472907100E-22    0.1378605858E-06    0.5303044880E+35    0.1445959825E+00    0.7275189051E+14    0.1569702833E+00
    0.9110000000E+00    0.1470005571E-20    0.1015040283E-21    0.1410717713E-06    0.3599186925E+35    0.1051563072E+00    0.5290824832E+14    0.1223197380E+00
    0.9110000000E+00    0.1575139348E-20    0.1087635259E-21    0.1443577550E-06    0.2001123512E+35    0.6264765489E-01    0.3152048384E+14    0.7808471584E-01
    0.9110000000E+00    0.1687792220E-20    0.1165422177E-21    0.1477202791E-06    0.9162995280E+34    0.3073748903E-01    0.1546523215E+14    0.4105155404E-01
    0.9110000000E+00    0.1808501947E-20    0.1248772362E-21    0.1511611264E-06    0.3416846730E+34    0.1228164166E-01    0.6179373964E+13    0.1757590261E-01
    0.9110000000E+00    0.1937844750E-20    0.1338083694E-21    0.1546821213E-06    0.9517493126E+33    0.3665671101E-02    0.1844342409E+13    0.5621014574E-02
    0.9110000000E+00    0.2076438060E-20    0.1433782510E-21    0.1582851308E-06    0.6939219477E+32    0.2863792502E-03    0.1440885943E+12    0.4705467340E-03
    0.9110000000E+00    0.2224943467E-20    0.1536325639E-21    0.1619720651E-06    0.5045219750E+30    0.2231058773E-05    0.1122532872E+10    0.3928006762E-05
    0.9110000000E+00    0.2384069878E-20    0.1646202581E-21    0.1657448792E-06    0.1216568118E+30    0.5764575810E-06    0.2900383406E+09    0.1087498260E-05
    0.9110000000E+00    0.2554576900E-20    0.1763937846E-21    0.1696055734E-06    0.2135608174E+29    0.1084307591E-06    0.5455575307E+08    0.2191864556E-06
    0.9110000000E+00    0.2737278465E-20    0.1890093455E-21    0.1735561947E-06    0.3090148412E+28    0.1681164698E-07    0.8458596702E+07    0.3641425906E-07
    0.9110000000E+00    0.2933046719E-20    0.2025271626E-21    0.1775988378E-06    0.7571590205E+27    0.4413854620E-08    0.2220782781E+07    0.1024422811E-07
    0.9110000000E+00    0.3142816182E-20    0.2170117645E-21    0.1817356462E-06    0.1665674831E+27    0.1040449839E-08    0.5234909812E+06    0.2587511942E-08
    0.9110000000E+00    0.3367588212E-20    0.2325322952E-21    0.1859688132E-06    0.3993058224E+26    0.2672616016E-09    0.1344697581E+06    0.7121931338E-09
    0.9110000000E+00    0.3608435782E-20    0.2491628434E-21    0.1903005833E-06    0.5838894362E+25    0.4187564813E-10    0.2106927534E+05    0.1195701454E-09
    0.9110000000E+00    0.3866508602E-20    0.2669827968E-21    0.1947332533E-06    0.1948484665E+25    0.1497365823E-10    0.7533832719E+04    0.4581304219E-10
