    0.9280000000E+00    0.4143038610E-23    0.2860772210E-24    0.1992691735E-07    0.0000000000E+00    0.0000000000E+00    0.0000000000E+00    0.0000000000E+00
    0.9280000000E+00    0.4439345853E-23    0.3065372650E-24    0.2039107488E-07    0.0000000000E+00    0.0000000000E+00    0.0000000000E+00    0.0000000000E+00
    0.9280000000E+00    0.4756844785E-23    0.3284605973E-24    0.2086604403E-07    0.0000000000E+00    0.0000000000E+00    0.0000000000E+00    0.0000000000E+00
    0.9280000000E+00    0.5097051019E-23    0.3519518710E-24    0.2135207663E-07    0.0000000000E+00    0.0000000000E+00    0.0000000000E+00    0.0000000000E+00
    0.9280000000E+00    0.5461588566E-23    0.3771232243E-24    0.2184943039E-07    0.0000000000E+00    0.0000000000E+00    0.0000000000E+00    0.0000000000E+00
    0.9280000000E+00    0.5852197586E-23    0.4040948153E-24    0.2235836900E-07    0.0000000000E+00    0.0000000000E+00    0.0000000000E+00    0.0000000000E+00
    0.9280000000E+00    0.6270742692E-23    0.4329953957E-24    0.2287916232E-07    0.0000000000E+00    0.0000000000E+00    0.0000000000E+00    0.0000000000E+00
    0.9280000000E+00    0.6719221852E-23    0.4639629256E-24    0.2341208647E-07    0.0000000000E+00    0.0000000000E+00    0.0000000000E+00    0.0000000000E+00
    0.9280000000E+00    0.7199775931E-23    0.4971452317E-24    0.2395742402E-07    0.0000000000E+00    0.0000000000E+00    0.0000000000E+00    0.0000000000E+00
    0.9280000000E+00    0.7714698903E-23    0.5327007132E-24    0.2451546411E-07    0.0000000000E+00    0.0000000000E+00    0.0000000000E+00    0.0000000000E+00
    0.9280000000E+00    0.8266448809E-23    0.5707990981E-24    0.2508650263E-07    0.0000000000E+00    0.0000000000E+00    0.0000000000E+00    0.0000000000E+00
    0.9280000000E+00    0.8857659485E-23    0.6116222531E-24    0.2567084234E-07    0.0000000000E+00    0.0000000000E+00    0.0000000000E+00    0.0000000000E+00
    0.9280000000E+00    0.9491153137E-23    0.6553650517E-24    0.2626879307E-07    0.0000000000E+00    0.0000000000E+00    0.0000000000E+00    0.0000000000E+00
    0.9280000000E+00    0.1016995382E-22    0.7022363048E-24    0.2688067187E-07    0.0000000000E+00    0.0000000000E+00    0.0000000000E+00    0.0000000000E+00
    0.9280000000E+00    0.1089730185E-22    0.7524597575E-24    0.2750680315E-07    0.0000000000E+00    0.0000000000E+00    0.0000000000E+00    0.0000000000E+00
    0.9280000000E+00    0.1167666930E-22    0.8062751566E-24    0.2814751890E-07    0.0000000000E+00    0.0000000000E+00    0.0000000000E+00    0.0000000000E+00
    0.9280000000E+00    0.1251177658E-22    0.8639393956E-24    0.2880315884E-07    0.0000000000E+00    0.0000000000E+00    0.0000000000E+00    0.0000000000E+00
    0.9280000000E+00    0.1340661015E-22    0.9257277409E-24    0.2947407060E-07    0.0000000000E+00    0.0000000000E+00    0.0000000000E+00    0.0000000000E+00
    0.9280000000E+00    0.1436544159E-22    0.9919351458E-24    0.3016060990E-07    0.0000000000E+00    0.0000000000E+00    0.0000000000E+00    0.0000000000E+00
    0.9280000000E+00    0.1539284799E-22    0.1062877658E-23    0.3086314075E-07    0.0000000000E+00    0.0000000000E+00    0.0000000000E+00    0.0000000000E+00
    0.9280000000E+00    0.1649373379E-22    0.1138893930E-23    0.3158203565E-07    0.0000000000E+00    0.0000000000E+00    0.0000000000E+00    0.0000000000E+00
    0.9280000000E+00    0.1767335417E-22    0.1220346833E-23    0.3231767576E-07    0.0000000000E+00    0.0000000000E+00    0.0000000000E+00    0.0000000000E+00
    0.9280000000E+00    0.1893734018E-22    0.1307625190E-23    0.3307045113E-07    0.0000000000E+00    0.0000000000E+00    0.0000000000E+00    0.0000000000E+00
    0.9280000000E+00    0.2029172559E-22    0.1401145635E-23    0.3384076090E-07    0.0000000000E+00    0.0000000000E+00    0.0000000000E+00    0.0000000000E+00
    0.9280000000E+00    0.2174297571E-22    0.1501354598E-23    0.3462901348E-07    0.0000000000E+00    0.0000000000E+00    0.0000000000E+00    0.0000000000E+00
    0.9280000000E+00    0.2329801823E-22    0.1608730435E-23    0.3543562682E-07    0.0000000000E+00    0.0000000000E+00    0.0000000000E+00    0.0000000000E+00
    0.9280000000E+00    0.2496427630E-22    0.1723785718E-23    0.3626102861E-07    0.0000000000E+00    0.0000000000E+00    0.0000000000E+00    0.0000000000E+00
    0.9280000000E+00    0.2674970400E-22    0.1847069675E-23    0.3710565646E-07    0.0000000000E+00    0.0000000000E+00    0.0000000000E+00    0.0000000000E+00
    0.9280000000E+00    0.2866282424E-22    0.1979170815E-23    0.3796995823E-07    0.0000000000E+00    0.0000000000E+00    0.0000000000E+00    0.0000000000E+00
    0.9280000000E+00    0.3071276952E-22    0.2120719737E-23    0.3885439218E-07    0.0000000000E+00    0.0000000000E+00    0.0000000000E+00    0.0000000000E+00
    0.9280000000E+00    0.3290932546E-22    0.2272392139E-23    0.3975942724E-07   -0.1130717723E-15   -0.7395799402E-53   -0.3721115754E-38   -0.1890629842E-54
    0.9280000000E+00    0.3526297755E-22    0.2434912046E-23    0.4068554327E-07   -0.5266694185E-15   -0.3691212308E-52   -0.1857193188E-37   -0.1011091386E-53
    0.9280000000E+00    0.3778496121E-22    0.2609055264E-23    0.4163323131E-07   -0.1000808234E-14   -0.7515913857E-52   -0.3781550031E-37   -0.2205988170E-53
    0.9280000000E+00    0.4048731538E-22    0.2795653084E-23    0.4260299385E-07    0.8168235924E-13    0.6572932872E-50    0.3307099440E-35    0.2067190889E-51
    0.9280000000E+00    0.4338294005E-22    0.2995596250E-23    0.4359534505E-07    0.7999076152E-13    0.6897167216E-50    0.3470234411E-35    0.2324299777E-51
    0.9280000000E+00    0.4648565778E-22    0.3209839213E-23    0.4461081109E-07   -0.2474951517E-10   -0.2286639070E-47   -0.1150497492E-32   -0.8256937648E-49
    0.9280000000E+00    0.4981027973E-22    0.3439404683E-23    0.4564993037E-07   -0.6398887971E-10   -0.6334836797E-47   -0.3187303998E-32   -0.2451076217E-48
    0.9280000000E+00    0.5337267633E-22    0.3685388516E-23    0.4671325384E-07    0.3189581197E-08    0.3383487577E-45    0.1702364848E-30    0.1402768392E-46
    0.9280000000E+00    0.5718985306E-22    0.3948964943E-23    0.4780134531E-07    0.2043226749E-07    0.2322455971E-44    0.1168518375E-29    0.1031736689E-45
    0.9280000000E+00    0.6128003161E-22    0.4231392172E-23    0.4891478167E-07   -0.2769993328E-06   -0.3373724748E-43   -0.1697452787E-28   -0.1605946348E-44
    0.9280000000E+00    0.6566273690E-22    0.4534018400E-23    0.5005415331E-07   -0.4479044159E-04   -0.5845427361E-41   -0.2941062982E-26   -0.2981519495E-42
    0.9280000000E+00    0.7035889022E-22    0.4858288246E-23    0.5122006431E-07   -0.4315873346E-02   -0.6035310458E-39   -0.3036600589E-24   -0.3298534270E-40
    0.9280000000E+00    0.7539090917E-22    0.5205749646E-23    0.5241313287E-07   -0.6419118742E-02   -0.9618477497E-39   -0.4839431980E-24   -0.5632843934E-40
    0.9280000000E+00    0.8078281461E-22    0.5578061244E-23    0.5363399157E-07    0.2628701335E+00    0.4220580320E-37    0.2123538926E-22    0.2648460834E-38
    0.9280000000E+00    0.8656034539E-22    0.5977000309E-23    0.5488328773E-07    0.2353565041E+02    0.4049087188E-35    0.2037254028E-20    0.2722566609E-36
    0.9280000000E+00    0.9275108115E-22    0.6404471218E-23    0.5616168372E-07    0.1098348133E+03    0.2024747820E-34    0.1018729768E-19    0.1458788481E-35
    0.9280000000E+00    0.9938457404E-22    0.6862514550E-23    0.5746985739E-07   -0.5970560275E+03   -0.1179358960E-33   -0.5933815897E-19   -0.9104736813E-35
    0.9280000000E+00    0.1064924897E-21    0.7353316823E-23    0.5880850233E-07   -0.4579895558E+05   -0.9693631322E-32   -0.4877244806E-17   -0.8018772337E-33
    0.9280000000E+00    0.1141087586E-21    0.7879220933E-23    0.6017832832E-07   -0.2356623346E+07   -0.5344672514E-30   -0.2689113645E-15   -0.4737426499E-31
    0.9280000000E+00    0.1222697377E-21    0.8442737340E-23    0.6158006166E-07   -0.1082969741E+09   -0.2631765843E-28   -0.1324144262E-13   -0.2499589153E-29
    0.9280000000E+00    0.1310143844E-21    0.9046556049E-23    0.6301444556E-07   -0.4325159754E+10   -0.1126245522E-26   -0.5666581427E-12   -0.1146184319E-27
    0.9280000000E+00    0.1403844422E-21    0.9693559452E-23    0.6448224056E-07   -0.1085086234E+11   -0.3027576864E-26   -0.1523292257E-11   -0.3301539999E-27
    0.9280000000E+00    0.1504246400E-21    0.1038683609E-22    0.6598422489E-07    0.4884829347E+11    0.1460428569E-25    0.7347986957E-11    0.1706481975E-26
    0.9280000000E+00    0.1611829057E-21    0.1112969539E-22    0.6752119493E-07    0.2109931199E+13    0.6759261020E-24    0.3400848414E-09    0.8462927164E-25
    0.9280000000E+00    0.1727105951E-21    0.1192568347E-22    0.6909396560E-07    0.5813866665E+14    0.1995703373E-22    0.1004116372E-07    0.2677425385E-23
    0.9280000000E+00    0.1850627369E-21    0.1277860007E-22    0.7070337081E-07    0.1429365502E+16    0.5257438728E-21    0.2645222918E-06    0.7557803657E-22
    0.9280000000E+00    0.1982982953E-21    0.1369251667E-22    0.7235026388E-07    0.2118513614E+17    0.8349532955E-20    0.4200976382E-05    0.1286126150E-20
    0.9280000000E+00    0.2124804516E-21    0.1467179595E-22    0.7403551802E-07    0.2545855578E+17    0.1075139176E-19    0.5409445428E-05    0.1774541141E-20
    0.9280000000E+00    0.2276769058E-21    0.1572111260E-22    0.7576002677E-07   -0.1709596193E+18   -0.7736142592E-19   -0.3892355715E-04   -0.1368188234E-19
    0.9280000000E+00    0.2439602000E-21    0.1684547565E-22    0.7752470448E-07   -0.3959491201E+19   -0.1919863297E-17   -0.9659582651E-03   -0.3638242908E-18
    0.9280000000E+00    0.2614080640E-21    0.1805025236E-22    0.7933048683E-07   -0.6266623719E+20   -0.3255851152E-16   -0.1638145974E-01   -0.6611285734E-17
    0.9280000000E+00    0.2801037871E-21    0.1934119387E-22    0.8117833125E-07   -0.8858666083E+21   -0.4931729587E-15   -0.2481345919E+00   -0.1073051685E-15
    0.9280000000E+00    0.3001366153E-21    0.2072446262E-22    0.8306921749E-07   -0.1150034818E+23   -0.6860281127E-14   -0.3451675578E+01   -0.1599422858E-14
    0.9280000000E+00    0.3216021775E-21    0.2220666179E-22    0.8500414813E-07   -0.1378507991E+24   -0.8811304542E-13   -0.4433311716E+02   -0.2201210609E-13
    0.9280000000E+00    0.3446029418E-21    0.2379486681E-22    0.8698414910E-07   -0.8074627479E+24   -0.5530360211E-12   -0.2782540384E+03   -0.1480385439E-12
    0.9280000000E+00    0.3692487048E-21    0.2549665916E-22    0.8901027021E-07   -0.8215020234E+24   -0.6028920559E-12   -0.3033385582E+03   -0.1729262592E-12
    0.9280000000E+00    0.3956571157E-21    0.2732016250E-22    0.9108358575E-07    0.2172350365E+25    0.1708286839E-11    0.8595058795E+03    0.5250276558E-12
    0.9280000000E+00    0.4239542377E-21    0.2927408154E-22    0.9320519501E-07    0.3435957158E+26    0.2895200626E-10    0.1456688598E+05    0.9534546681E-11
    0.9280000000E+00    0.4542751502E-21    0.3136774352E-22    0.9537622289E-07    0.3047407868E+27    0.2751449261E-09    0.1384361667E+06    0.9709187627E-10
    0.9280000000E+00    0.4867645933E-21    0.3361114274E-22    0.9759782052E-07    0.2342775569E+28    0.2266530723E-08    0.1140380197E+07    0.8570042896E-09
    0.9280000000E+00    0.5215776589E-21    0.3601498832E-22    0.9987116580E-07    0.1649976674E+29    0.1710443482E-07    0.8605909709E+07    0.6929950202E-08
    0.9280000000E+00    0.5588805307E-21    0.3859075526E-22    0.1021974641E-06    0.1077713683E+30    0.1197110722E-06    0.6023131951E+08    0.5197035771E-07
    0.9280000000E+00    0.5988512779E-21    0.4135073927E-22    0.1045779488E-06    0.6553489364E+30    0.7800160209E-06    0.3924565481E+09    0.3628481458E-06
    0.9280000000E+00    0.6416807053E-21    0.4430811541E-22    0.1070138822E-06    0.3716531655E+31    0.4739895425E-05    0.2384826654E+10    0.2362599705E-05
    0.9280000000E+00    0.6875732635E-21    0.4747700104E-22    0.1095065557E-06    0.1967485658E+32    0.2688700941E-04    0.1352790535E+11    0.1436031229E-04
    0.9280000000E+00    0.7367480256E-21    0.5087252317E-22    0.1120572911E-06    0.9726587941E+32    0.1424267098E-03    0.7166044462E+11    0.8151036295E-04
    0.9280000000E+00    0.7894397325E-21    0.5451089068E-22    0.1146674407E-06    0.4489434503E+33    0.7044052172E-03    0.3544137974E+12    0.4319604145E-03
    0.9280000000E+00    0.8458999137E-21    0.5840947171E-22    0.1173383885E-06    0.1932984130E+34    0.3249819292E-02    0.1635111109E+13    0.2135406684E-02
    0.9280000000E+00    0.9063980879E-21    0.6258687655E-22    0.1200715507E-06    0.7751813201E+34    0.1396478400E-01    0.7026228663E+13    0.9832311022E-02
    0.9280000000E+00    0.9712230494E-21    0.6706304648E-22    0.1228683764E-06    0.2385186238E+35    0.4604189803E-01    0.2316547851E+14    0.3473558393E-01
    0.9280000000E+00    0.1040684247E-20    0.7185934897E-22    0.1257303485E-06    0.4455698709E+35    0.9216090705E-01    0.4636975457E+14    0.7450203333E-01
    0.9280000000E+00    0.1115113261E-20    0.7699867968E-22    0.1286589846E-06    0.5994339855E+35    0.1328532815E+00    0.6684367865E+14    0.1150783619E+00
    0.9280000000E+00    0.1194865387E-20    0.8250557175E-22    0.1316558373E-06    0.6333581691E+35    0.1504112430E+00    0.7567777540E+14    0.1396052291E+00
    0.9280000000E+00    0.1280321329E-20    0.8840631292E-22    0.1347224957E-06    0.6230666940E+35    0.1585497131E+00    0.7977255780E+14    0.1576837160E+00
    0.9280000000E+00    0.1371889021E-20    0.9472907100E-22    0.1378605858E-06    0.5587093369E+35    0.1523410179E+00    0.7664872055E+14    0.1623447461E+00
    0.9280000000E+00    0.1470005571E-20    0.1015040283E-21    0.1410717713E-06    0.4011585128E+35    0.1172052152E+00    0.5897052487E+14    0.1338345743E+00
    0.9280000000E+00    0.1575139348E-20    0.1087635259E-21    0.1443577550E-06    0.2343057190E+35    0.7335231301E-01    0.3690641575E+14    0.8975015314E-01
    0.9280000000E+00    0.1687792220E-20    0.1165422177E-21    0.1477202791E-06    0.1122444052E+35    0.3765265688E-01    0.1894452338E+14    0.4936475797E-01
    0.9280000000E+00    0.1808501947E-20    0.1248772362E-21    0.1511611264E-06    0.4375343366E+34    0.1572689781E-01    0.7912816997E+13    0.2209349639E-01
    0.9280000000E+00    0.1937844750E-20    0.1338083694E-21    0.1546821213E-06    0.1306144669E+34    0.5030628029E-02    0.2531105590E+13    0.7572575143E-02
    0.9280000000E+00    0.2076438060E-20    0.1433782510E-21    0.1582851308E-06    0.1397617393E+33    0.5767919899E-03    0.2902065948E+12    0.9303376694E-03
    0.9280000000E+00    0.2224943467E-20    0.1536325639E-21    0.1619720651E-06    0.5918414625E+30    0.2617196381E-05    0.1316813796E+10    0.4523323995E-05
    0.9280000000E+00    0.2384069878E-20    0.1646202581E-21    0.1657448792E-06    0.1433177176E+30    0.6790954286E-06    0.3416794535E+09    0.1257627984E-05
    0.9280000000E+00    0.2554576900E-20    0.1763937846E-21    0.1696055734E-06    0.2609893075E+29    0.1325115210E-06    0.6667172561E+08    0.2629511196E-06
    0.9280000000E+00    0.2737278465E-20    0.1890093455E-21    0.1735561947E-06    0.3579165294E+28    0.1947209499E-07    0.9797172080E+07    0.4140321490E-07
    0.9280000000E+00    0.2933046719E-20    0.2025271626E-21    0.1775988378E-06    0.8769196643E+27    0.5111998678E-08    0.2572046344E+07    0.1164694751E-07
    0.9280000000E+00    0.3142816182E-20    0.2170117645E-21    0.1817356462E-06    0.1927415149E+27    0.1203943738E-08    0.6057511521E+06    0.2939189432E-08
    0.9280000000E+00    0.3367588212E-20    0.2325322952E-21    0.1859688132E-06    0.4624006971E+26    0.3094919832E-09    0.1557175137E+06    0.8096005403E-09
    0.9280000000E+00    0.3608435782E-20    0.2491628434E-21    0.1903005833E-06    0.6877804831E+25    0.4932655348E-10    0.2481811705E+05    0.1382617842E-09
    0.9280000000E+00    0.3866508602E-20    0.2669827968E-21    0.1947332533E-06    0.2313332516E+25    0.1777743036E-10    0.8944520070E+04    0.5339374357E-10
