    0.9400000000E+00    0.4143038610E-23    0.2860772210E-24    0.1992691735E-07    0.0000000000E+00    0.0000000000E+00    0.0000000000E+00    0.0000000000E+00
    0.9400000000E+00    0.4439345853E-23    0.3065372650E-24    0.2039107488E-07    0.0000000000E+00    0.0000000000E+00    0.0000000000E+00    0.0000000000E+00
    0.9400000000E+00    0.4756844785E-23    0.3284605973E-24    0.2086604403E-07    0.0000000000E+00    0.0000000000E+00    0.0000000000E+00    0.0000000000E+00
    0.9400000000E+00    0.5097051019E-23    0.3519518710E-24    0.2135207663E-07    0.0000000000E+00    0.0000000000E+00    0.0000000000E+00    0.0000000000E+00
    0.9400000000E+00    0.5461588566E-23    0.3771232243E-24    0.2184943039E-07    0.0000000000E+00    0.0000000000E+00    0.0000000000E+00    0.0000000000E+00
    0.9400000000E+00    0.5852197586E-23    0.4040948153E-24    0.2235836900E-07    0.0000000000E+00    0.0000000000E+00    0.0000000000E+00    0.0000000000E+00
    0.9400000000E+00    0.6270742692E-23    0.4329953957E-24    0.2287916232E-07    0.0000000000E+00    0.0000000000E+00    0.0000000000E+00    0.0000000000E+00
    0.9400000000E+00    0.6719221852E-23    0.4639629256E-24    0.2341208647E-07    0.0000000000E+00    0.0000000000E+00    0.0000000000E+00    0.0000000000E+00
    0.9400000000E+00    0.7199775931E-23    0.4971452317E-24    0.2395742402E-07    0.0000000000E+00    0.0000000000E+00    0.0000000000E+00    0.0000000000E+00
    0.9400000000E+00    0.7714698903E-23    0.5327007132E-24    0.2451546411E-07    0.0000000000E+00    0.0000000000E+00    0.0000000000E+00    0.0000000000E+00
    0.9400000000E+00    0.8266448809E-23    0.5707990981E-24    0.2508650263E-07    0.0000000000E+00    0.0000000000E+00    0.0000000000E+00    0.0000000000E+00
    0.9400000000E+00    0.8857659485E-23    0.6116222531E-24    0.2567084234E-07    0.0000000000E+00    0.0000000000E+00    0.0000000000E+00    0.0000000000E+00
    0.9400000000E+00    0.9491153137E-23    0.6553650517E-24    0.2626879307E-07    0.0000000000E+00    0.0000000000E+00    0.0000000000E+00    0.0000000000E+00
    0.9400000000E+00    0.1016995382E-22    0.7022363048E-24    0.2688067187E-07    0.0000000000E+00    0.0000000000E+00    0.0000000000E+00    0.0000000000E+00
    0.9400000000E+00    0.1089730185E-22    0.7524597575E-24    0.2750680315E-07    0.0000000000E+00    0.0000000000E+00    0.0000000000E+00    0.0000000000E+00
    0.9400000000E+00    0.1167666930E-22    0.8062751566E-24    0.2814751890E-07    0.0000000000E+00    0.0000000000E+00    0.0000000000E+00    0.0000000000E+00
    0.9400000000E+00    0.1251177658E-22    0.8639393956E-24    0.2880315884E-07    0.0000000000E+00    0.0000000000E+00    0.0000000000E+00    0.0000000000E+00
    0.9400000000E+00    0.1340661015E-22    0.9257277409E-24    0.2947407060E-07    0.0000000000E+00    0.0000000000E+00    0.0000000000E+00    0.0000000000E+00
    0.9400000000E+00    0.1436544159E-22    0.9919351458E-24    0.3016060990E-07    0.0000000000E+00    0.0000000000E+00    0.0000000000E+00    0.0000000000E+00
    0.9400000000E+00    0.1539284799E-22    0.1062877658E-23    0.3086314075E-07    0.0000000000E+00    0.0000000000E+00    0.0000000000E+00    0.0000000000E+00
    0.9400000000E+00    0.1649373379E-22    0.1138893930E-23    0.3158203565E-07    0.0000000000E+00    0.0000000000E+00    0.0000000000E+00    0.0000000000E+00
    0.9400000000E+00    0.1767335417E-22    0.1220346833E-23    0.3231767576E-07    0.0000000000E+00    0.0000000000E+00    0.0000000000E+00    0.0000000000E+00
    0.9400000000E+00    0.1893734018E-22    0.1307625190E-23    0.3307045113E-07    0.0000000000E+00    0.0000000000E+00    0.0000000000E+00    0.0000000000E+00
    0.9400000000E+00    0.2029172559E-22    0.1401145635E-23    0.3384076090E-07    0.0000000000E+00    0.0000000000E+00    0.0000000000E+00    0.0000000000E+00
    0.9400000000E+00    0.2174297571E-22    0.1501354598E-23    0.3462901348E-07    0.0000000000E+00    0.0000000000E+00    0.0000000000E+00    0.0000000000E+00
    0.9400000000E+00    0.2329801823E-22    0.1608730435E-23    0.3543562682E-07    0.0000000000E+00    0.0000000000E+00    0.0000000000E+00    0.0000000000E+00
    0.9400000000E+00    0.2496427630E-22    0.1723785718E-23    0.3626102861E-07    0.0000000000E+00    0.0000000000E+00    0.0000000000E+00    0.0000000000E+00
    0.9400000000E+00    0.2674970400E-22    0.1847069675E-23    0.3710565646E-07    0.0000000000E+00    0.0000000000E+00    0.0000000000E+00    0.0000000000E+00
    0.9400000000E+00    0.2866282424E-22    0.1979170815E-23    0.3796995823E-07    0.0000000000E+00    0.0000000000E+00    0.0000000000E+00    0.0000000000E+00
    0.9400000000E+00    0.3071276952E-22    0.2120719737E-23    0.3885439218E-07    0.0000000000E+00    0.0000000000E+00    0.0000000000E+00    0.0000000000E+00
    0.9400000000E+00    0.3290932546E-22    0.2272392139E-23    0.3975942724E-07    0.0000000000E+00    0.0000000000E+00    0.0000000000E+00    0.0000000000E+00
    0.9400000000E+00    0.3526297755E-22    0.2434912046E-23    0.4068554327E-07   -0.2580685690E-15   -0.1808697913E-52   -0.9100266156E-38   -0.4895268534E-54
    0.9400000000E+00    0.3778496121E-22    0.2609055264E-23    0.4163323131E-07   -0.5765083503E-15   -0.4329487858E-52   -0.2178334565E-37   -0.1255587573E-53
    0.9400000000E+00    0.4048731538E-22    0.2795653084E-23    0.4260299385E-07    0.3660695858E-13    0.2945741083E-50    0.1482117477E-35    0.9153876619E-52
    0.9400000000E+00    0.4338294005E-22    0.2995596250E-23    0.4359534505E-07    0.7451191518E-13    0.6424756170E-50    0.3232545949E-35    0.2139277547E-51
    0.9400000000E+00    0.4648565778E-22    0.3209839213E-23    0.4461081109E-07   -0.7919403849E-11   -0.7316837573E-48   -0.3681386971E-33   -0.2610561308E-49
    0.9400000000E+00    0.4981027973E-22    0.3439404683E-23    0.4564993037E-07   -0.4758300625E-10   -0.4710671296E-47   -0.2370122852E-32   -0.1800915283E-48
    0.9400000000E+00    0.5337267633E-22    0.3685388516E-23    0.4671325384E-07    0.1011501755E-08    0.1072994670E-45    0.5398655577E-31    0.4395497600E-47
    0.9400000000E+00    0.5718985306E-22    0.3948964943E-23    0.4780134531E-07    0.1333662093E-07    0.1515921565E-44    0.7627193914E-30    0.6654067683E-46
    0.9400000000E+00    0.6128003161E-22    0.4231392172E-23    0.4891478167E-07   -0.8552920554E-07   -0.1041706471E-43   -0.5241232419E-29   -0.4899546059E-45
    0.9400000000E+00    0.6566273690E-22    0.4534018400E-23    0.5005415331E-07   -0.1603922332E-04   -0.2093217024E-41   -0.1053179301E-26   -0.1054932667E-42
    0.9400000000E+00    0.7035889022E-22    0.4858288246E-23    0.5122006431E-07   -0.2026252382E-02   -0.2833508125E-39   -0.1425648689E-24   -0.1530153307E-40
    0.9400000000E+00    0.7539090917E-22    0.5205749646E-23    0.5241313287E-07   -0.5592342068E-02   -0.8379626318E-39   -0.4216117529E-24   -0.4848809645E-40
    0.9400000000E+00    0.8078281461E-22    0.5578061244E-23    0.5363399157E-07    0.9665667119E-01    0.1551896516E-37    0.7808197950E-23    0.9622174770E-39
    0.9400000000E+00    0.8656034539E-22    0.5977000309E-23    0.5488328773E-07    0.9326018499E+01    0.1604453727E-35    0.8072633824E-21    0.1065952075E-36
    0.9400000000E+00    0.9275108115E-22    0.6404471218E-23    0.5616168372E-07    0.7978498996E+02    0.1470794911E-34    0.7400144078E-20    0.1047038380E-35
    0.9400000000E+00    0.9938457404E-22    0.6862514550E-23    0.5746985739E-07   -0.1901364532E+03   -0.3755746855E-34   -0.1889663041E-19   -0.2864882371E-35
    0.9400000000E+00    0.1064924897E-21    0.7353316823E-23    0.5880850233E-07   -0.1940497737E+05   -0.4107183101E-32   -0.2066484353E-17   -0.3357024781E-33
    0.9400000000E+00    0.1141087586E-21    0.7879220933E-23    0.6017832832E-07   -0.1027556857E+07   -0.2330433881E-30   -0.1172532373E-15   -0.2041020038E-31
    0.9400000000E+00    0.1222697377E-21    0.8442737340E-23    0.6158006166E-07   -0.4830503312E+08   -0.1173878932E-28   -0.5906243731E-14   -0.1101625020E-29
    0.9400000000E+00    0.1310143844E-21    0.9046556049E-23    0.6301444556E-07   -0.2050862936E+10   -0.5340323430E-27   -0.2686925451E-12   -0.5370046460E-28
    0.9400000000E+00    0.1403844422E-21    0.9693559452E-23    0.6448224056E-07   -0.9060630446E+10   -0.2528071433E-26   -0.1271971551E-11   -0.2723954343E-27
    0.9400000000E+00    0.1504246400E-21    0.1038683609E-22    0.6598422489E-07    0.1730239256E+11    0.5172935758E-26    0.2602706171E-11    0.5972381861E-27
    0.9400000000E+00    0.1611829057E-21    0.1112969539E-22    0.6752119493E-07    0.1015721517E+13    0.3253910298E-24    0.1637169455E-09    0.4025465039E-25
    0.9400000000E+00    0.1727105951E-21    0.1192568347E-22    0.6909396560E-07    0.2888492410E+14    0.9915215430E-23    0.4988732432E-08    0.1314354866E-23
    0.9400000000E+00    0.1850627369E-21    0.1277860007E-22    0.7070337081E-07    0.7255023814E+15    0.2668515724E-21    0.1342634563E-06    0.3790358156E-22
    0.9400000000E+00    0.1982982953E-21    0.1369251667E-22    0.7235026388E-07    0.1391308800E+17    0.5483457174E-20    0.2758941632E-05    0.8345741691E-21
    0.9400000000E+00    0.2124804516E-21    0.1467179595E-22    0.7403551802E-07    0.2431039407E+17    0.1026651209E-19    0.5165483510E-05    0.1674300495E-20
    0.9400000000E+00    0.2276769058E-21    0.1572111260E-22    0.7576002677E-07   -0.7568537912E+17   -0.3424860720E-19   -0.1723181294E-04   -0.5984851755E-20
    0.9400000000E+00    0.2439602000E-21    0.1684547565E-22    0.7752470448E-07   -0.2146442408E+19   -0.1040758974E-17   -0.5236465191E-03   -0.1948770277E-18
    0.9400000000E+00    0.2614080640E-21    0.1805025236E-22    0.7933048683E-07   -0.3509748738E+20   -0.1823504966E-16   -0.9174766226E-02   -0.3658621087E-17
    0.9400000000E+00    0.2801037871E-21    0.1934119387E-22    0.8117833125E-07   -0.5064973968E+21   -0.2819734003E-15   -0.1418718390E+00   -0.6062037579E-16
    0.9400000000E+00    0.3001366153E-21    0.2072446262E-22    0.8306921749E-07   -0.6700866016E+22   -0.3997255034E-14   -0.2011175246E+01   -0.9208149060E-15
    0.9400000000E+00    0.3216021775E-21    0.2220666179E-22    0.8500414813E-07   -0.8181271380E+23   -0.5229398316E-13   -0.2631114691E+02   -0.1290809656E-13
    0.9400000000E+00    0.3446029418E-21    0.2379486681E-22    0.8698414910E-07   -0.6298148220E+24   -0.4313639039E-12   -0.2170360405E+03   -0.1140917611E-12
    0.9400000000E+00    0.3692487048E-21    0.2549665916E-22    0.8901027021E-07   -0.8107113890E+24   -0.5949729180E-12   -0.2993541304E+03   -0.1686194548E-12
    0.9400000000E+00    0.3956571157E-21    0.2732016250E-22    0.9108358575E-07    0.9177498422E+24    0.7216975690E-12    0.3631142555E+03    0.2191622373E-12
    0.9400000000E+00    0.4239542377E-21    0.2927408154E-22    0.9320519501E-07    0.2114515718E+26    0.1781729791E-10    0.8964578991E+04    0.5797654413E-11
    0.9400000000E+00    0.4542751502E-21    0.3136774352E-22    0.9537622289E-07    0.1963295976E+27    0.1772624307E-09    0.8918765744E+05    0.6180550839E-10
    0.9400000000E+00    0.4867645933E-21    0.3361114274E-22    0.9759782052E-07    0.1543608695E+28    0.1493372467E-08    0.7513740585E+06    0.5579285980E-09
    0.9400000000E+00    0.5215776589E-21    0.3601498832E-22    0.9987116580E-07    0.1107006973E+29    0.1147575534E-07    0.5773901054E+07    0.4594008170E-08
    0.9400000000E+00    0.5588805307E-21    0.3859075526E-22    0.1021974641E-06    0.7354244588E+29    0.8169001832E-07    0.4110144118E+08    0.3504124082E-07
    0.9400000000E+00    0.5988512779E-21    0.4135073927E-22    0.1045779488E-06    0.4546349017E+30    0.5411201381E-06    0.2722586919E+09    0.2487162606E-06
    0.9400000000E+00    0.6416807053E-21    0.4430811541E-22    0.1070138822E-06    0.2620319101E+31    0.3341835796E-05    0.1681408209E+10    0.1645870228E-05
    0.9400000000E+00    0.6875732635E-21    0.4747700104E-22    0.1095065557E-06    0.1409468899E+32    0.1926133662E-04    0.9691131307E+10    0.1016475473E-04
    0.9400000000E+00    0.7367480256E-21    0.5087252317E-22    0.1120572911E-06    0.7078787630E+32    0.1036548929E-03    0.5215282810E+11    0.5861385559E-04
    0.9400000000E+00    0.7894397325E-21    0.5451089068E-22    0.1146674407E-06    0.3318959593E+33    0.5207543290E-03    0.2620118573E+12    0.3155319720E-03
    0.9400000000E+00    0.8458999137E-21    0.5840947171E-22    0.1173383885E-06    0.1451594632E+34    0.2440485757E-02    0.1227903774E+13    0.1584479995E-02
    0.9400000000E+00    0.9063980879E-21    0.6258687655E-22    0.1200715507E-06    0.5913767665E+34    0.1065357045E-01    0.5360227703E+13    0.7411492355E-02
    0.9400000000E+00    0.9712230494E-21    0.6706304648E-22    0.1228683764E-06    0.1992250097E+35    0.3845694494E-01    0.1934919214E+14    0.2866719914E-01
    0.9400000000E+00    0.1040684247E-20    0.7185934897E-22    0.1257303485E-06    0.4042696512E+35    0.8361844052E-01    0.4207170576E+14    0.6679016964E-01
    0.9400000000E+00    0.1115113261E-20    0.7699867968E-22    0.1286589846E-06    0.5737574075E+35    0.1271625503E+00    0.6398044940E+14    0.1088352833E+00
    0.9400000000E+00    0.1194865387E-20    0.8250557175E-22    0.1316558373E-06    0.6279595669E+35    0.1491291715E+00    0.7503271510E+14    0.1367644074E+00
    0.9400000000E+00    0.1280321329E-20    0.8840631292E-22    0.1347224957E-06    0.6213089956E+35    0.1581024375E+00    0.7954751593E+14    0.1553635186E+00
    0.9400000000E+00    0.1371889021E-20    0.9472907100E-22    0.1378605858E-06    0.5723176462E+35    0.1560515406E+00    0.7851562956E+14    0.1643155040E+00
    0.9400000000E+00    0.1470005571E-20    0.1015040283E-21    0.1410717713E-06    0.4274582080E+35    0.1248891140E+00    0.6283659472E+14    0.1409078108E+00
    0.9400000000E+00    0.1575139348E-20    0.1087635259E-21    0.1443577550E-06    0.2579456084E+35    0.8075307376E-01    0.4063002775E+14    0.9762691030E-01
    0.9400000000E+00    0.1687792220E-20    0.1165422177E-21    0.1477202791E-06    0.1273765192E+35    0.4272876108E-01    0.2149850981E+14    0.5535167701E-01
    0.9400000000E+00    0.1808501947E-20    0.1248772362E-21    0.1511611264E-06    0.5113971832E+34    0.1838185159E-01    0.9248628015E+13    0.2551524473E-01
    0.9400000000E+00    0.1937844750E-20    0.1338083694E-21    0.1546821213E-06    0.1590624999E+34    0.6126306596E-02    0.3082384303E+13    0.9111905571E-02
    0.9400000000E+00    0.2076438060E-20    0.1433782510E-21    0.1582851308E-06    0.2069957078E+33    0.8542643131E-03    0.4298137660E+12    0.1361453294E-02
    0.9400000000E+00    0.2224943467E-20    0.1536325639E-21    0.1619720651E-06    0.6566454536E+30    0.2903767670E-05    0.1460999012E+10    0.4958751540E-05
    0.9400000000E+00    0.2384069878E-20    0.1646202581E-21    0.1657448792E-06    0.1593762552E+30    0.7551870641E-06    0.3799641294E+09    0.1381863116E-05
    0.9400000000E+00    0.2554576900E-20    0.1763937846E-21    0.1696055734E-06    0.2972083287E+29    0.1509009241E-06    0.7592415308E+08    0.2958709881E-06
    0.9400000000E+00    0.2737278465E-20    0.1890093455E-21    0.1735561947E-06    0.3938745739E+28    0.2142835686E-07    0.1078144389E+08    0.4501936376E-07
    0.9400000000E+00    0.2933046719E-20    0.2025271626E-21    0.1775988378E-06    0.9649855000E+27    0.5625378015E-08    0.2830347554E+07    0.1266374609E-07
    0.9400000000E+00    0.3142816182E-20    0.2170117645E-21    0.1817356462E-06    0.2119776510E+27    0.1324100651E-08    0.6662067919E+06    0.3193974775E-08
    0.9400000000E+00    0.3367588212E-20    0.2325322952E-21    0.1859688132E-06    0.5087212156E+26    0.3404950272E-09    0.1713163569E+06    0.8800781858E-09
    0.9400000000E+00    0.3608435782E-20    0.2491628434E-21    0.1903005833E-06    0.7641436933E+25    0.5480320492E-10    0.2757363445E+05    0.1517806610E-09
    0.9400000000E+00    0.3866508602E-20    0.2669827968E-21    0.1947332533E-06    0.2584065732E+25    0.1985795310E-10    0.9991312380E+04    0.5893115642E-10
