    0.9070000000E+00    0.4143038610E-23    0.2860772210E-24    0.1992691735E-07    0.0000000000E+00    0.0000000000E+00    0.0000000000E+00    0.0000000000E+00
    0.9070000000E+00    0.4439345853E-23    0.3065372650E-24    0.2039107488E-07    0.0000000000E+00    0.0000000000E+00    0.0000000000E+00    0.0000000000E+00
    0.9070000000E+00    0.4756844785E-23    0.3284605973E-24    0.2086604403E-07    0.0000000000E+00    0.0000000000E+00    0.0000000000E+00    0.0000000000E+00
    0.9070000000E+00    0.5097051019E-23    0.3519518710E-24    0.2135207663E-07    0.0000000000E+00    0.0000000000E+00    0.0000000000E+00    0.0000000000E+00
    0.9070000000E+00    0.5461588566E-23    0.3771232243E-24    0.2184943039E-07    0.0000000000E+00    0.0000000000E+00    0.0000000000E+00    0.0000000000E+00
    0.9070000000E+00    0.5852197586E-23    0.4040948153E-24    0.2235836900E-07    0.0000000000E+00    0.0000000000E+00    0.0000000000E+00    0.0000000000E+00
    0.9070000000E+00    0.6270742692E-23    0.4329953957E-24    0.2287916232E-07    0.0000000000E+00    0.0000000000E+00    0.0000000000E+00    0.0000000000E+00
    0.9070000000E+00    0.6719221852E-23    0.4639629256E-24    0.2341208647E-07    0.0000000000E+00    0.0000000000E+00    0.0000000000E+00    0.0000000000E+00
    0.9070000000E+00    0.7199775931E-23    0.4971452317E-24    0.2395742402E-07    0.0000000000E+00    0.0000000000E+00    0.0000000000E+00    0.0000000000E+00
    0.9070000000E+00    0.7714698903E-23    0.5327007132E-24    0.2451546411E-07    0.0000000000E+00    0.0000000000E+00    0.0000000000E+00    0.0000000000E+00
    0.9070000000E+00    0.8266448809E-23    0.5707990981E-24    0.2508650263E-07    0.0000000000E+00    0.0000000000E+00    0.0000000000E+00    0.0000000000E+00
    0.9070000000E+00    0.8857659485E-23    0.6116222531E-24    0.2567084234E-07    0.0000000000E+00    0.0000000000E+00    0.0000000000E+00    0.0000000000E+00
    0.9070000000E+00    0.9491153137E-23    0.6553650517E-24    0.2626879307E-07    0.0000000000E+00    0.0000000000E+00    0.0000000000E+00    0.0000000000E+00
    0.9070000000E+00    0.1016995382E-22    0.7022363048E-24    0.2688067187E-07    0.0000000000E+00    0.0000000000E+00    0.0000000000E+00    0.0000000000E+00
    0.9070000000E+00    0.1089730185E-22    0.7524597575E-24    0.2750680315E-07    0.0000000000E+00    0.0000000000E+00    0.0000000000E+00    0.0000000000E+00
    0.9070000000E+00    0.1167666930E-22    0.8062751566E-24    0.2814751890E-07    0.0000000000E+00    0.0000000000E+00    0.0000000000E+00    0.0000000000E+00
    0.9070000000E+00    0.1251177658E-22    0.8639393956E-24    0.2880315884E-07    0.0000000000E+00    0.0000000000E+00    0.0000000000E+00    0.0000000000E+00
    0.9070000000E+00    0.1340661015E-22    0.9257277409E-24    0.2947407060E-07    0.0000000000E+00    0.0000000000E+00    0.0000000000E+00    0.0000000000E+00
    0.9070000000E+00    0.1436544159E-22    0.9919351458E-24    0.3016060990E-07    0.0000000000E+00    0.0000000000E+00    0.0000000000E+00    0.0000000000E+00
    0.9070000000E+00    0.1539284799E-22    0.1062877658E-23    0.3086314075E-07    0.0000000000E+00    0.0000000000E+00    0.0000000000E+00    0.0000000000E+00
    0.9070000000E+00    0.1649373379E-22    0.1138893930E-23    0.3158203565E-07    0.0000000000E+00    0.0000000000E+00    0.0000000000E+00    0.0000000000E+00
    0.9070000000E+00    0.1767335417E-22    0.1220346833E-23    0.3231767576E-07    0.0000000000E+00    0.0000000000E+00    0.0000000000E+00    0.0000000000E+00
    0.9070000000E+00    0.1893734018E-22    0.1307625190E-23    0.3307045113E-07    0.0000000000E+00    0.0000000000E+00    0.0000000000E+00    0.0000000000E+00
    0.9070000000E+00    0.2029172559E-22    0.1401145635E-23    0.3384076090E-07    0.0000000000E+00    0.0000000000E+00    0.0000000000E+00    0.0000000000E+00
    0.9070000000E+00    0.2174297571E-22    0.1501354598E-23    0.3462901348E-07    0.0000000000E+00    0.0000000000E+00    0.0000000000E+00    0.0000000000E+00
    0.9070000000E+00    0.2329801823E-22    0.1608730435E-23    0.3543562682E-07    0.0000000000E+00    0.0000000000E+00    0.0000000000E+00    0.0000000000E+00
    0.9070000000E+00    0.2496427630E-22    0.1723785718E-23    0.3626102861E-07    0.0000000000E+00    0.0000000000E+00    0.0000000000E+00    0.0000000000E+00
    0.9070000000E+00    0.2674970400E-22    0.1847069675E-23    0.3710565646E-07    0.0000000000E+00    0.0000000000E+00    0.0000000000E+00    0.0000000000E+00
    0.9070000000E+00    0.2866282424E-22    0.1979170815E-23    0.3796995823E-07    0.0000000000E+00    0.0000000000E+00    0.0000000000E+00    0.0000000000E+00
    0.9070000000E+00    0.3071276952E-22    0.2120719737E-23    0.3885439218E-07    0.0000000000E+00    0.0000000000E+00    0.0000000000E+00    0.0000000000E+00
    0.9070000000E+00    0.3290932546E-22    0.2272392139E-23    0.3975942724E-07   -0.4968496158E-15   -0.3249794372E-52   -0.1635098571E-37   -0.8502195955E-54
    0.9070000000E+00    0.3526297755E-22    0.2434912046E-23    0.4068554327E-07   -0.2467655517E-14   -0.1729479650E-51   -0.8701688111E-37   -0.4848313388E-53
    0.9070000000E+00    0.3778496121E-22    0.2609055264E-23    0.4163323131E-07   -0.2260610260E-15   -0.1697683072E-52   -0.8541707096E-38   -0.5099549904E-54
    0.9070000000E+00    0.4048731538E-22    0.2795653084E-23    0.4260299385E-07    0.2673284318E-12    0.2151176648E-49    0.1082341053E-34    0.6923908223E-51
    0.9070000000E+00    0.4338294005E-22    0.2995596250E-23    0.4359534505E-07   -0.3075218751E-12   -0.2651593453E-49   -0.1334120307E-34   -0.9144967490E-51
    0.9070000000E+00    0.4648565778E-22    0.3209839213E-23    0.4461081109E-07   -0.1008032982E-09   -0.9313344462E-47   -0.4685907623E-32   -0.3441762465E-48
    0.9070000000E+00    0.4981027973E-22    0.3439404683E-23    0.4564993037E-07   -0.6532526720E-10   -0.6467137857E-47   -0.3253869832E-32   -0.2560868904E-48
    0.9070000000E+00    0.5337267633E-22    0.3685388516E-23    0.4671325384E-07    0.2117111474E-07    0.2245818473E-44    0.1129959055E-29    0.9529055968E-46
    0.9070000000E+00    0.5718985306E-22    0.3948964943E-23    0.4780134531E-07    0.3174002285E-07    0.3607764319E-44    0.1815207243E-29    0.1640262617E-45
    0.9070000000E+00    0.6128003161E-22    0.4231392172E-23    0.4891478167E-07   -0.2281740244E-05   -0.2779054899E-42   -0.1398251143E-27   -0.1353855626E-43
    0.9070000000E+00    0.6566273690E-22    0.4534018400E-23    0.5005415331E-07   -0.3200986028E-03   -0.4177483108E-40   -0.2101855034E-25   -0.2180669907E-41
    0.9070000000E+00    0.7035889022E-22    0.4858288246E-23    0.5122006431E-07   -0.1178959598E-01   -0.1648655236E-38   -0.8295028891E-24   -0.9221574392E-40
    0.9070000000E+00    0.7539090917E-22    0.5205749646E-23    0.5241313287E-07   -0.2728337372E-02   -0.4088170460E-39   -0.2056918350E-24   -0.2450215167E-40
    0.9070000000E+00    0.8078281461E-22    0.5578061244E-23    0.5363399157E-07    0.1697664192E+01    0.2725729236E-36    0.1371420917E-21    0.1750483173E-37
    0.9070000000E+00    0.8656034539E-22    0.5977000309E-23    0.5488328773E-07    0.1043320868E+03    0.1794935380E-34    0.9031021471E-20    0.1235162353E-35
    0.9070000000E+00    0.9275108115E-22    0.6404471218E-23    0.5616168372E-07    0.1503429772E+03    0.2771494813E-34    0.1394447368E-19    0.2043568963E-35
    0.9070000000E+00    0.9938457404E-22    0.6862514550E-23    0.5746985739E-07   -0.3898707270E+04   -0.7701078526E-33   -0.3874713613E-18   -0.6084526399E-34
    0.9070000000E+00    0.1064924897E-21    0.7353316823E-23    0.5880850233E-07   -0.2359626407E+06   -0.4994294774E-31   -0.2512824909E-16   -0.4228140396E-32
    0.9070000000E+00    0.1141087586E-21    0.7879220933E-23    0.6017832832E-07   -0.1155200946E+08   -0.2619922592E-29   -0.1318185459E-14   -0.2376641563E-30
    0.9070000000E+00    0.1222697377E-21    0.8442737340E-23    0.6158006166E-07   -0.5083110588E+09   -0.1235265984E-27   -0.6215105984E-13   -0.1200703316E-28
    0.9070000000E+00    0.1310143844E-21    0.9046556049E-23    0.6301444556E-07   -0.1193192802E+11   -0.3107002115E-26   -0.1563254205E-11   -0.3236061576E-27
    0.9070000000E+00    0.1403844422E-21    0.9693559452E-23    0.6448224056E-07   -0.1246007941E+11   -0.3476576050E-26   -0.1749201297E-11   -0.3879957442E-27
    0.9070000000E+00    0.1504246400E-21    0.1038683609E-22    0.6598422489E-07    0.2548206716E+12    0.7618431726E-25    0.3833130778E-10    0.9110470534E-26
    0.9070000000E+00    0.1611829057E-21    0.1112969539E-22    0.6752119493E-07    0.8473155890E+13    0.2714414213E-23    0.1365727887E-08    0.3478174354E-24
    0.9070000000E+00    0.1727105951E-21    0.1192568347E-22    0.6909396560E-07    0.2216259410E+15    0.7607667383E-22    0.3827714816E-07    0.1044544013E-22
    0.9070000000E+00    0.1850627369E-21    0.1277860007E-22    0.7070337081E-07    0.5232508054E+16    0.1924601542E-20    0.9683422613E-06    0.2831496684E-21
    0.9070000000E+00    0.1982982953E-21    0.1369251667E-22    0.7235026388E-07    0.3740761310E+17    0.1474317164E-19    0.7417865907E-05    0.2324160680E-20
    0.9070000000E+00    0.2124804516E-21    0.1467179595E-22    0.7403551802E-07    0.1950454152E+17    0.8236954555E-20    0.4144333789E-05    0.1391367638E-20
    0.9070000000E+00    0.2276769058E-21    0.1572111260E-22    0.7576002677E-07   -0.6753540369E+18   -0.3056063853E-18   -0.1537625175E-03   -0.5531432945E-19
    0.9070000000E+00    0.2439602000E-21    0.1684547565E-22    0.7752470448E-07   -0.1263007248E+20   -0.6124022345E-17   -0.3081235007E-02   -0.1187714325E-17
    0.9070000000E+00    0.2614080640E-21    0.1805025236E-22    0.7933048683E-07   -0.1895714954E+21   -0.9849268115E-16   -0.4955551760E-01   -0.2046817813E-16
    0.9070000000E+00    0.2801037871E-21    0.1934119387E-22    0.8117833125E-07   -0.2578436906E+22   -0.1435447895E-14   -0.7222299422E+00   -0.3196411324E-15
    0.9070000000E+00    0.3001366153E-21    0.2072446262E-22    0.8306921749E-07   -0.3228285683E+23   -0.1925763203E-13   -0.9689267384E+01   -0.4594921666E-14
    0.9070000000E+00    0.3216021775E-21    0.2220666179E-22    0.8500414813E-07   -0.3717946537E+24   -0.2376479456E-12   -0.1195699702E+03   -0.6075881461E-13
    0.9070000000E+00    0.3446029418E-21    0.2379486681E-22    0.8698414910E-07   -0.1099755080E+25   -0.7532287713E-12   -0.3789788358E+03   -0.2063488859E-12
    0.9070000000E+00    0.3692487048E-21    0.2549665916E-22    0.8901027021E-07   -0.6436519716E+24   -0.4723696952E-12   -0.2376676569E+03   -0.1386619348E-12
    0.9070000000E+00    0.3956571157E-21    0.2732016250E-22    0.9108358575E-07    0.7526198121E+25    0.5918430751E-11    0.2977793841E+04    0.1861580403E-11
    0.9070000000E+00    0.4239542377E-21    0.2927408154E-22    0.9320519501E-07    0.8481214268E+26    0.7146426957E-10    0.3595646729E+05    0.2408597255E-10
    0.9070000000E+00    0.4542751502E-21    0.3136774352E-22    0.9537622289E-07    0.7022189117E+27    0.6340207117E-09    0.3190006016E+06    0.2289700470E-09
    0.9070000000E+00    0.4867645933E-21    0.3361114274E-22    0.9759782052E-07    0.5186345618E+28    0.5017557738E-08    0.2524529416E+07    0.1941635065E-08
    0.9070000000E+00    0.5215776589E-21    0.3601498832E-22    0.9987116580E-07    0.3529868836E+29    0.3659228181E-07    0.1841100724E+08    0.1517276460E-07
    0.9070000000E+00    0.5588805307E-21    0.3859075526E-22    0.1021974641E-06    0.2231978686E+30    0.2479253683E-06    0.1247409433E+09    0.1101529658E-06
    0.9070000000E+00    0.5988512779E-21    0.4135073927E-22    0.1045779488E-06    0.1314962645E+31    0.1565108102E-05    0.7874670606E+09    0.7451085856E-06
    0.9070000000E+00    0.6416807053E-21    0.4430811541E-22    0.1070138822E-06    0.7228842380E+31    0.9219336765E-05    0.4638608676E+10    0.4702999225E-05
    0.9070000000E+00    0.6875732635E-21    0.4747700104E-22    0.1095065557E-06    0.3711217151E+32    0.5071626828E-04    0.2551733688E+11    0.2772186973E-04
    0.9070000000E+00    0.7367480256E-21    0.5087252317E-22    0.1120572911E-06    0.1779806563E+33    0.2606175920E-03    0.1311268971E+12    0.1526437250E-03
    0.9070000000E+00    0.7894397325E-21    0.5451089068E-22    0.1146674407E-06    0.7970441174E+33    0.1250585200E-02    0.6292182948E+12    0.7848533434E-03
    0.9070000000E+00    0.8458999137E-21    0.5840947171E-22    0.1173383885E-06    0.3329602625E+34    0.5597876710E-02    0.2816510573E+13    0.3764424204E-02
    0.9070000000E+00    0.9063980879E-21    0.6258687655E-22    0.1200715507E-06    0.1274144948E+35    0.2295354458E-01    0.1154882545E+14    0.1653959948E-01
    0.9070000000E+00    0.9712230494E-21    0.6706304648E-22    0.1228683764E-06    0.3189128552E+35    0.6156061497E-01    0.3097355157E+14    0.4753113419E-01
    0.9070000000E+00    0.1040684247E-20    0.7185934897E-22    0.1257303485E-06    0.5205435037E+35    0.1076683245E+00    0.5417214243E+14    0.8907650788E-01
    0.9070000000E+00    0.1115113261E-20    0.7699867968E-22    0.1286589846E-06    0.6351847794E+35    0.1407767733E+00    0.7083029709E+14    0.1247976003E+00
    0.9070000000E+00    0.1194865387E-20    0.8250557175E-22    0.1316558373E-06    0.6429057670E+35    0.1526786269E+00    0.7681858481E+14    0.1450285395E+00
    0.9070000000E+00    0.1280321329E-20    0.8840631292E-22    0.1347224957E-06    0.6221259250E+35    0.1583103188E+00    0.7965210914E+14    0.1611329846E+00
    0.9070000000E+00    0.1371889021E-20    0.9472907100E-22    0.1378605858E-06    0.5220040091E+35    0.1423327244E+00    0.7161315693E+14    0.1552315487E+00
    0.9070000000E+00    0.1470005571E-20    0.1015040283E-21    0.1410717713E-06    0.3494947433E+35    0.1021107749E+00    0.5137592197E+14    0.1193292194E+00
    0.9070000000E+00    0.1575139348E-20    0.1087635259E-21    0.1443577550E-06    0.1920341990E+35    0.6011868911E-01    0.3024806231E+14    0.7528088746E-01
    0.9070000000E+00    0.1687792220E-20    0.1165422177E-21    0.1477202791E-06    0.8696822766E+34    0.2917370207E-01    0.1467842980E+14    0.3914414139E-01
    0.9070000000E+00    0.1808501947E-20    0.1248772362E-21    0.1511611264E-06    0.3207870779E+34    0.1153049069E-01    0.5801440550E+13    0.1657765195E-01
    0.9070000000E+00    0.1937844750E-20    0.1338083694E-21    0.1546821213E-06    0.8768624948E+33    0.3377243844E-02    0.1699223382E+13    0.5202806171E-02
    0.9070000000E+00    0.2076438060E-20    0.1433782510E-21    0.1582851308E-06    0.5681641863E+32    0.2344794457E-03    0.1179757741E+12    0.3870615280E-03
    0.9070000000E+00    0.2224943467E-20    0.1536325639E-21    0.1619720651E-06    0.4848117781E+30    0.2143897837E-05    0.1078678799E+10    0.3792095918E-05
    0.9070000000E+00    0.2384069878E-20    0.1646202581E-21    0.1657448792E-06    0.1167643391E+30    0.5532751306E-06    0.2783743437E+09    0.1048615752E-05
    0.9070000000E+00    0.2554576900E-20    0.1763937846E-21    0.1696055734E-06    0.2031140926E+29    0.1031266668E-06    0.5188705690E+08    0.2094335281E-06
    0.9070000000E+00    0.2737278465E-20    0.1890093455E-21    0.1735561947E-06    0.2978970917E+28    0.1620679681E-07    0.8154272939E+07    0.3526731649E-07
    0.9070000000E+00    0.2933046719E-20    0.2025271626E-21    0.1775988378E-06    0.7299325310E+27    0.4255137940E-08    0.2140926215E+07    0.9921763510E-08
    0.9070000000E+00    0.3142816182E-20    0.2170117645E-21    0.1817356462E-06    0.1606139786E+27    0.1003261771E-08    0.5047802109E+06    0.2506625722E-08
    0.9070000000E+00    0.3367588212E-20    0.2325322952E-21    0.1859688132E-06    0.3849426008E+26    0.2576480739E-09    0.1296328165E+06    0.6897665475E-09
    0.9070000000E+00    0.3608435782E-20    0.2491628434E-21    0.1903005833E-06    0.5602826976E+25    0.4018260932E-10    0.2021744134E+05    0.1152692222E-09
    0.9070000000E+00    0.3866508602E-20    0.2669827968E-21    0.1947332533E-06    0.1866224698E+25    0.1434150922E-10    0.7215773846E+04    0.4408289264E-10
