    0.9960000000E+00    0.4143038610E-23    0.2860772210E-24    0.1992691735E-07    0.0000000000E+00    0.0000000000E+00    0.0000000000E+00    0.0000000000E+00
    0.9960000000E+00    0.4439345853E-23    0.3065372650E-24    0.2039107488E-07    0.0000000000E+00    0.0000000000E+00    0.0000000000E+00    0.0000000000E+00
    0.9960000000E+00    0.4756844785E-23    0.3284605973E-24    0.2086604403E-07    0.0000000000E+00    0.0000000000E+00    0.0000000000E+00    0.0000000000E+00
    0.9960000000E+00    0.5097051019E-23    0.3519518710E-24    0.2135207663E-07    0.0000000000E+00    0.0000000000E+00    0.0000000000E+00    0.0000000000E+00
    0.9960000000E+00    0.5461588566E-23    0.3771232243E-24    0.2184943039E-07    0.0000000000E+00    0.0000000000E+00    0.0000000000E+00    0.0000000000E+00
    0.9960000000E+00    0.5852197586E-23    0.4040948153E-24    0.2235836900E-07    0.0000000000E+00    0.0000000000E+00    0.0000000000E+00    0.0000000000E+00
    0.9960000000E+00    0.6270742692E-23    0.4329953957E-24    0.2287916232E-07    0.0000000000E+00    0.0000000000E+00    0.0000000000E+00    0.0000000000E+00
    0.9960000000E+00    0.6719221852E-23    0.4639629256E-24    0.2341208647E-07    0.0000000000E+00    0.0000000000E+00    0.0000000000E+00    0.0000000000E+00
    0.9960000000E+00    0.7199775931E-23    0.4971452317E-24    0.2395742402E-07    0.0000000000E+00    0.0000000000E+00    0.0000000000E+00    0.0000000000E+00
    0.9960000000E+00    0.7714698903E-23    0.5327007132E-24    0.2451546411E-07    0.0000000000E+00    0.0000000000E+00    0.0000000000E+00    0.0000000000E+00
    0.9960000000E+00    0.8266448809E-23    0.5707990981E-24    0.2508650263E-07    0.0000000000E+00    0.0000000000E+00    0.0000000000E+00    0.0000000000E+00
    0.9960000000E+00    0.8857659485E-23    0.6116222531E-24    0.2567084234E-07    0.0000000000E+00    0.0000000000E+00    0.0000000000E+00    0.0000000000E+00
    0.9960000000E+00    0.9491153137E-23    0.6553650517E-24    0.2626879307E-07    0.0000000000E+00    0.0000000000E+00    0.0000000000E+00    0.0000000000E+00
    0.9960000000E+00    0.1016995382E-22    0.7022363048E-24    0.2688067187E-07    0.0000000000E+00    0.0000000000E+00    0.0000000000E+00    0.0000000000E+00
    0.9960000000E+00    0.1089730185E-22    0.7524597575E-24    0.2750680315E-07    0.0000000000E+00    0.0000000000E+00    0.0000000000E+00    0.0000000000E+00
    0.9960000000E+00    0.1167666930E-22    0.8062751566E-24    0.2814751890E-07    0.0000000000E+00    0.0000000000E+00    0.0000000000E+00    0.0000000000E+00
    0.9960000000E+00    0.1251177658E-22    0.8639393956E-24    0.2880315884E-07    0.0000000000E+00    0.0000000000E+00    0.0000000000E+00    0.0000000000E+00
    0.9960000000E+00    0.1340661015E-22    0.9257277409E-24    0.2947407060E-07    0.0000000000E+00    0.0000000000E+00    0.0000000000E+00    0.0000000000E+00
    0.9960000000E+00    0.1436544159E-22    0.9919351458E-24    0.3016060990E-07    0.0000000000E+00    0.0000000000E+00    0.0000000000E+00    0.0000000000E+00
    0.9960000000E+00    0.1539284799E-22    0.1062877658E-23    0.3086314075E-07    0.0000000000E+00    0.0000000000E+00    0.0000000000E+00    0.0000000000E+00
    0.9960000000E+00    0.1649373379E-22    0.1138893930E-23    0.3158203565E-07    0.0000000000E+00    0.0000000000E+00    0.0000000000E+00    0.0000000000E+00
    0.9960000000E+00    0.1767335417E-22    0.1220346833E-23    0.3231767576E-07    0.0000000000E+00    0.0000000000E+00    0.0000000000E+00    0.0000000000E+00
    0.9960000000E+00    0.1893734018E-22    0.1307625190E-23    0.3307045113E-07    0.0000000000E+00    0.0000000000E+00    0.0000000000E+00    0.0000000000E+00
    0.9960000000E+00    0.2029172559E-22    0.1401145635E-23    0.3384076090E-07    0.0000000000E+00    0.0000000000E+00    0.0000000000E+00    0.0000000000E+00
    0.9960000000E+00    0.2174297571E-22    0.1501354598E-23    0.3462901348E-07    0.0000000000E+00    0.0000000000E+00    0.0000000000E+00    0.0000000000E+00
    0.9960000000E+00    0.2329801823E-22    0.1608730435E-23    0.3543562682E-07    0.0000000000E+00    0.0000000000E+00    0.0000000000E+00    0.0000000000E+00
    0.9960000000E+00    0.2496427630E-22    0.1723785718E-23    0.3626102861E-07    0.0000000000E+00    0.0000000000E+00    0.0000000000E+00    0.0000000000E+00
    0.9960000000E+00    0.2674970400E-22    0.1847069675E-23    0.3710565646E-07    0.0000000000E+00    0.0000000000E+00    0.0000000000E+00    0.0000000000E+00
    0.9960000000E+00    0.2866282424E-22    0.1979170815E-23    0.3796995823E-07    0.0000000000E+00    0.0000000000E+00    0.0000000000E+00    0.0000000000E+00
    0.9960000000E+00    0.3071276952E-22    0.2120719737E-23    0.3885439218E-07    0.0000000000E+00    0.0000000000E+00    0.0000000000E+00    0.0000000000E+00
    0.9960000000E+00    0.3290932546E-22    0.2272392139E-23    0.3975942724E-07    0.0000000000E+00    0.0000000000E+00    0.0000000000E+00    0.0000000000E+00
    0.9960000000E+00    0.3526297755E-22    0.2434912046E-23    0.4068554327E-07    0.0000000000E+00    0.0000000000E+00    0.0000000000E+00    0.0000000000E+00
    0.9960000000E+00    0.3778496121E-22    0.2609055264E-23    0.4163323131E-07    0.0000000000E+00    0.0000000000E+00    0.0000000000E+00    0.0000000000E+00
    0.9960000000E+00    0.4048731538E-22    0.2795653084E-23    0.4260299385E-07    0.2418108638E-15    0.1945838233E-52    0.9790272704E-38    0.5772538459E-54
    0.9960000000E+00    0.4338294005E-22    0.2995596250E-23    0.4359534505E-07    0.1312032250E-13    0.1131293870E-50    0.5691981642E-36    0.3596131272E-52
    0.9960000000E+00    0.4648565778E-22    0.3209839213E-23    0.4461081109E-07   -0.6068917590E-13   -0.5607149869E-50   -0.2821176262E-35   -0.1909863227E-51
    0.9960000000E+00    0.4981027973E-22    0.3439404683E-23    0.4564993037E-07   -0.6497499392E-11   -0.6432461143E-48   -0.3236422622E-33   -0.2347671210E-49
    0.9960000000E+00    0.5337267633E-22    0.3685388516E-23    0.4671325384E-07    0.1978013159E-11    0.2098263859E-48    0.1055718561E-33    0.8205786308E-50
    0.9960000000E+00    0.5718985306E-22    0.3948964943E-23    0.4780134531E-07    0.1774676226E-08    0.2017205090E-45    0.1014934726E-30    0.8452986161E-47
    0.9960000000E+00    0.6128003161E-22    0.4231392172E-23    0.4891478167E-07    0.1685929203E-08    0.2053384395E-45    0.1033137948E-30    0.9219988088E-47
    0.9960000000E+00    0.6566273690E-22    0.4534018400E-23    0.5005415331E-07   -0.2833445523E-06   -0.3697820204E-43   -0.1860517879E-28   -0.1779122670E-44
    0.9960000000E+00    0.7035889022E-22    0.4858288246E-23    0.5122006431E-07   -0.4142415332E-04   -0.5792747046E-41   -0.2914557456E-26   -0.2986377241E-42
    0.9960000000E+00    0.7539090917E-22    0.5205749646E-23    0.5241313287E-07   -0.1287348772E-02   -0.1928977433E-39   -0.9705439430E-25   -0.1065582917E-40
    0.9960000000E+00    0.8078281461E-22    0.5578061244E-23    0.5363399157E-07    0.2405634292E-03    0.3862429184E-40    0.1943339091E-25    0.2286233755E-41
    0.9960000000E+00    0.8656034539E-22    0.5977000309E-23    0.5488328773E-07    0.2459116918E+00    0.4230679261E-37    0.2128620098E-22    0.2683306016E-38
    0.9960000000E+00    0.9275108115E-22    0.6404471218E-23    0.5616168372E-07    0.1509943787E+02    0.2783503061E-35    0.1400489187E-20    0.1891698006E-36
    0.9960000000E+00    0.9938457404E-22    0.6862514550E-23    0.5746985739E-07    0.2009846136E+02    0.3970029511E-35    0.1997477021E-20    0.2891038251E-36
    0.9960000000E+00    0.1064924897E-21    0.7353316823E-23    0.5880850233E-07   -0.6327855108E+03   -0.1339329548E-33   -0.6738690451E-19   -0.1045075227E-34
    0.9960000000E+00    0.1141087586E-21    0.7879220933E-23    0.6017832832E-07   -0.3978144517E+05   -0.9022179845E-32   -0.4539411324E-17   -0.7543477210E-33
    0.9960000000E+00    0.1222697377E-21    0.8442737340E-23    0.6158006166E-07   -0.2047449169E+07   -0.4975583883E-30   -0.2503410729E-15   -0.4457631411E-31
    0.9960000000E+00    0.1310143844E-21    0.9046556049E-23    0.6301444556E-07   -0.9474362596E+08   -0.2467066895E-28   -0.1241277783E-13   -0.2368323522E-29
    0.9960000000E+00    0.1403844422E-21    0.9693559452E-23    0.6448224056E-07   -0.2551505190E+10   -0.7119137483E-27   -0.3581916329E-12   -0.7322973841E-28
    0.9960000000E+00    0.1504246400E-21    0.1038683609E-22    0.6598422489E-07   -0.2922006990E+10   -0.8735990929E-27   -0.4395418494E-12   -0.9628802463E-28
    0.9960000000E+00    0.1611829057E-21    0.1112969539E-22    0.6752119493E-07    0.5258242243E+11    0.1684501933E-25    0.8475387636E-11    0.1989443531E-26
    0.9960000000E+00    0.1727105951E-21    0.1192568347E-22    0.6909396560E-07    0.1851418700E+13    0.6355292885E-24    0.3197596255E-09    0.8042585242E-25
    0.9960000000E+00    0.1850627369E-21    0.1277860007E-22    0.7070337081E-07    0.5081119864E+14    0.1868918504E-22    0.9403259486E-08    0.2534255903E-23
    0.9960000000E+00    0.1982982953E-21    0.1369251667E-22    0.7235026388E-07    0.1258519720E+16    0.4960105900E-21    0.2495623151E-06    0.7206942410E-22
    0.9960000000E+00    0.2124804516E-21    0.1467179595E-22    0.7403551802E-07    0.1185763048E+17    0.5007590837E-20    0.2519514678E-05    0.7796307117E-21
    0.9960000000E+00    0.2276769058E-21    0.1572111260E-22    0.7576002677E-07    0.8949546274E+16    0.4049784761E-20    0.2037605004E-05    0.6756037391E-21
    0.9960000000E+00    0.2439602000E-21    0.1684547565E-22    0.7752470448E-07   -0.1764613867E+18   -0.8556193778E-19   -0.4304955520E-04   -0.1529469125E-19
    0.9960000000E+00    0.2614080640E-21    0.1805025236E-22    0.7933048683E-07   -0.3570511355E+19   -0.1855074444E-17   -0.9333604608E-03   -0.3553214660E-18
    0.9960000000E+00    0.2801037871E-21    0.1934119387E-22    0.8117833125E-07   -0.5629038854E+20   -0.3133755941E-16   -0.1576715101E-01   -0.6431692506E-17
    0.9960000000E+00    0.3001366153E-21    0.2072446262E-22    0.8306921749E-07   -0.8023550461E+21   -0.4786273505E-15   -0.2408161278E+00   -0.1052586062E-15
    0.9960000000E+00    0.3216021775E-21    0.2220666179E-22    0.8500414813E-07   -0.1052420387E+23   -0.6726980617E-14   -0.3384606882E+01   -0.1585186186E-14
    0.9960000000E+00    0.3446029418E-21    0.2379486681E-22    0.8698414910E-07   -0.1275373815E+24   -0.8735110841E-13   -0.4394975687E+02   -0.2205608988E-13
    0.9960000000E+00    0.3692487048E-21    0.2549665916E-22    0.8901027021E-07   -0.5653599565E+24   -0.4149119744E-12   -0.2087584317E+03   -0.1122576823E-12
    0.9960000000E+00    0.3956571157E-21    0.2732016250E-22    0.9108358575E-07   -0.4692393209E+24   -0.3689991124E-12   -0.1856578763E+03   -0.1069757708E-12
    0.9960000000E+00    0.4239542377E-21    0.2927408154E-22    0.9320519501E-07    0.2583653844E+25    0.2177034195E-11    0.1095350996E+04    0.6762781459E-12
    0.9960000000E+00    0.4542751502E-21    0.3136774352E-22    0.9537622289E-07    0.3385779811E+26    0.3056959148E-10    0.1538075632E+05    0.1017535893E-10
    0.9960000000E+00    0.4867645933E-21    0.3361114274E-22    0.9759782052E-07    0.2964153669E+27    0.2867686281E-09    0.1442845055E+06    0.1022802407E-09
    0.9960000000E+00    0.5215776589E-21    0.3601498832E-22    0.9987116580E-07    0.2289782834E+28    0.2373696662E-08    0.1194299570E+07    0.9071629859E-09
    0.9960000000E+00    0.5588805307E-21    0.3859075526E-22    0.1021974641E-06    0.1626244007E+29    0.1806411265E-07    0.9088761136E+07    0.7397359678E-08
    0.9960000000E+00    0.5988512779E-21    0.4135073927E-22    0.1045779488E-06    0.1072067588E+30    0.1276007098E-06    0.6420090454E+08    0.5599035137E-07
    0.9960000000E+00    0.6416807053E-21    0.4430811541E-22    0.1070138822E-06    0.6580387232E+30    0.8392326565E-06    0.4222507520E+09    0.3945867317E-06
    0.9960000000E+00    0.6875732635E-21    0.4747700104E-22    0.1095065557E-06    0.3766017071E+31    0.5146514589E-05    0.2589412648E+10    0.2592825630E-05
    0.9960000000E+00    0.7367480256E-21    0.5087252317E-22    0.1120572911E-06    0.2010985309E+32    0.2944691630E-04    0.1481589456E+11    0.1589644181E-04
    0.9960000000E+00    0.7894397325E-21    0.5451089068E-22    0.1146674407E-06    0.1002024703E+33    0.1572205648E-03    0.7910381134E+11    0.9094303737E-04
    0.9960000000E+00    0.8458999137E-21    0.5840947171E-22    0.1173383885E-06    0.4656753476E+33    0.7829142022E-03    0.3939147364E+12    0.4852597544E-03
    0.9960000000E+00    0.9063980879E-21    0.6258687655E-22    0.1200715507E-06    0.2016277348E+34    0.3632295686E-02    0.1827549933E+13    0.2412355439E-02
    0.9960000000E+00    0.9712230494E-21    0.6706304648E-22    0.1228683764E-06    0.8119738256E+34    0.1567375138E-01    0.7886076949E+13    0.1115406206E-01
    0.9960000000E+00    0.1040684247E-20    0.7185934897E-22    0.1257303485E-06    0.2439126056E+35    0.5045046453E-01    0.2538360063E+14    0.3847027335E-01
    0.9960000000E+00    0.1115113261E-20    0.7699867968E-22    0.1286589846E-06    0.4440611743E+35    0.9841781683E-01    0.4951785044E+14    0.8041440071E-01
    0.9960000000E+00    0.1194865387E-20    0.8250557175E-22    0.1316558373E-06    0.5825279707E+35    0.1383399796E+00    0.6960425092E+14    0.1211177543E+00
    0.9960000000E+00    0.1280321329E-20    0.8840631292E-22    0.1347224957E-06    0.6049170908E+35    0.1539312439E+00    0.7744882539E+14    0.1444065463E+00
    0.9960000000E+00    0.1371889021E-20    0.9472907100E-22    0.1378605858E-06    0.5917838744E+35    0.1613593184E+00    0.8118618004E+14    0.1622012338E+00
    0.9960000000E+00    0.1470005571E-20    0.1015040283E-21    0.1410717713E-06    0.5162355723E+35    0.1508269160E+00    0.7588691673E+14    0.1624571963E+00
    0.9960000000E+00    0.1575139348E-20    0.1087635259E-21    0.1443577550E-06    0.3566946140E+35    0.1116676754E+00    0.5618437219E+14    0.1288806086E+00
    0.9960000000E+00    0.1687792220E-20    0.1165422177E-21    0.1477202791E-06    0.1992283762E+35    0.6683164009E-01    0.3362561033E+14    0.8264987895E-01
    0.9960000000E+00    0.1808501947E-20    0.1248772362E-21    0.1511611264E-06    0.9017171005E+34    0.3241165666E-01    0.1630757132E+14    0.4294981846E-01
    0.9960000000E+00    0.1937844750E-20    0.1338083694E-21    0.1546821213E-06    0.3238415156E+34    0.1247278531E-01    0.6275545807E+13    0.1771020343E-01
    0.9960000000E+00    0.2076438060E-20    0.1433782510E-21    0.1582851308E-06    0.7231804396E+33    0.2984541313E-02    0.1501639389E+13    0.4540855664E-02
    0.9960000000E+00    0.2224943467E-20    0.1536325639E-21    0.1619720651E-06    0.5148885109E+31    0.2276900881E-04    0.1145597829E+11    0.3711968036E-04
    0.9960000000E+00    0.2384069878E-20    0.1646202581E-21    0.1657448792E-06    0.2410289117E+30    0.1142089303E-05    0.5746297682E+09    0.1995079318E-05
    0.9960000000E+00    0.2554576900E-20    0.1763937846E-21    0.1696055734E-06    0.4847776756E+29    0.2461350917E-06    0.1238401852E+09    0.4607163646E-06
    0.9960000000E+00    0.2737278465E-20    0.1890093455E-21    0.1735561947E-06    0.5725856537E+28    0.3115095650E-07    0.1567326379E+08    0.6247862871E-07
    0.9960000000E+00    0.2933046719E-20    0.2025271626E-21    0.1775988378E-06    0.1402717179E+28    0.8177132587E-08    0.4114235019E+07    0.1757361640E-07
    0.9960000000E+00    0.3142816182E-20    0.2170117645E-21    0.1817356462E-06    0.3075188099E+27    0.1920890502E-08    0.9664750923E+06    0.4423466188E-08
    0.9960000000E+00    0.3367588212E-20    0.2325322952E-21    0.1859688132E-06    0.7382807251E+26    0.4941427798E-09    0.2486225467E+06    0.1219305567E-08
    0.9960000000E+00    0.3608435782E-20    0.2491628434E-21    0.1903005833E-06    0.1141863758E+26    0.8189270427E-10    0.4120342040E+05    0.2165236380E-09
    0.9960000000E+00    0.3866508602E-20    0.2669827968E-21    0.1947332533E-06    0.3946052738E+25    0.3032451119E-10    0.1525744685E+05    0.8591201630E-10
