    0.9680000000E+00    0.4143038610E-23    0.2860772210E-24    0.1992691735E-07    0.0000000000E+00    0.0000000000E+00    0.0000000000E+00    0.0000000000E+00
    0.9680000000E+00    0.4439345853E-23    0.3065372650E-24    0.2039107488E-07    0.0000000000E+00    0.0000000000E+00    0.0000000000E+00    0.0000000000E+00
    0.9680000000E+00    0.4756844785E-23    0.3284605973E-24    0.2086604403E-07    0.0000000000E+00    0.0000000000E+00    0.0000000000E+00    0.0000000000E+00
    0.9680000000E+00    0.5097051019E-23    0.3519518710E-24    0.2135207663E-07    0.0000000000E+00    0.0000000000E+00    0.0000000000E+00    0.0000000000E+00
    0.9680000000E+00    0.5461588566E-23    0.3771232243E-24    0.2184943039E-07    0.0000000000E+00    0.0000000000E+00    0.0000000000E+00    0.0000000000E+00
    0.9680000000E+00    0.5852197586E-23    0.4040948153E-24    0.2235836900E-07    0.0000000000E+00    0.0000000000E+00    0.0000000000E+00    0.0000000000E+00
    0.9680000000E+00    0.6270742692E-23    0.4329953957E-24    0.2287916232E-07    0.0000000000E+00    0.0000000000E+00    0.0000000000E+00    0.0000000000E+00
    0.9680000000E+00    0.6719221852E-23    0.4639629256E-24    0.2341208647E-07    0.0000000000E+00    0.0000000000E+00    0.0000000000E+00    0.0000000000E+00
    0.9680000000E+00    0.7199775931E-23    0.4971452317E-24    0.2395742402E-07    0.0000000000E+00    0.0000000000E+00    0.0000000000E+00    0.0000000000E+00
    0.9680000000E+00    0.7714698903E-23    0.5327007132E-24    0.2451546411E-07    0.0000000000E+00    0.0000000000E+00    0.0000000000E+00    0.0000000000E+00
    0.9680000000E+00    0.8266448809E-23    0.5707990981E-24    0.2508650263E-07    0.0000000000E+00    0.0000000000E+00    0.0000000000E+00    0.0000000000E+00
    0.9680000000E+00    0.8857659485E-23    0.6116222531E-24    0.2567084234E-07    0.0000000000E+00    0.0000000000E+00    0.0000000000E+00    0.0000000000E+00
    0.9680000000E+00    0.9491153137E-23    0.6553650517E-24    0.2626879307E-07    0.0000000000E+00    0.0000000000E+00    0.0000000000E+00    0.0000000000E+00
    0.9680000000E+00    0.1016995382E-22    0.7022363048E-24    0.2688067187E-07    0.0000000000E+00    0.0000000000E+00    0.0000000000E+00    0.0000000000E+00
    0.9680000000E+00    0.1089730185E-22    0.7524597575E-24    0.2750680315E-07    0.0000000000E+00    0.0000000000E+00    0.0000000000E+00    0.0000000000E+00
    0.9680000000E+00    0.1167666930E-22    0.8062751566E-24    0.2814751890E-07    0.0000000000E+00    0.0000000000E+00    0.0000000000E+00    0.0000000000E+00
    0.9680000000E+00    0.1251177658E-22    0.8639393956E-24    0.2880315884E-07    0.0000000000E+00    0.0000000000E+00    0.0000000000E+00    0.0000000000E+00
    0.9680000000E+00    0.1340661015E-22    0.9257277409E-24    0.2947407060E-07    0.0000000000E+00    0.0000000000E+00    0.0000000000E+00    0.0000000000E+00
    0.9680000000E+00    0.1436544159E-22    0.9919351458E-24    0.3016060990E-07    0.0000000000E+00    0.0000000000E+00    0.0000000000E+00    0.0000000000E+00
    0.9680000000E+00    0.1539284799E-22    0.1062877658E-23    0.3086314075E-07    0.0000000000E+00    0.0000000000E+00    0.0000000000E+00    0.0000000000E+00
    0.9680000000E+00    0.1649373379E-22    0.1138893930E-23    0.3158203565E-07    0.0000000000E+00    0.0000000000E+00    0.0000000000E+00    0.0000000000E+00
    0.9680000000E+00    0.1767335417E-22    0.1220346833E-23    0.3231767576E-07    0.0000000000E+00    0.0000000000E+00    0.0000000000E+00    0.0000000000E+00
    0.9680000000E+00    0.1893734018E-22    0.1307625190E-23    0.3307045113E-07    0.0000000000E+00    0.0000000000E+00    0.0000000000E+00    0.0000000000E+00
    0.9680000000E+00    0.2029172559E-22    0.1401145635E-23    0.3384076090E-07    0.0000000000E+00    0.0000000000E+00    0.0000000000E+00    0.0000000000E+00
    0.9680000000E+00    0.2174297571E-22    0.1501354598E-23    0.3462901348E-07    0.0000000000E+00    0.0000000000E+00    0.0000000000E+00    0.0000000000E+00
    0.9680000000E+00    0.2329801823E-22    0.1608730435E-23    0.3543562682E-07    0.0000000000E+00    0.0000000000E+00    0.0000000000E+00    0.0000000000E+00
    0.9680000000E+00    0.2496427630E-22    0.1723785718E-23    0.3626102861E-07    0.0000000000E+00    0.0000000000E+00    0.0000000000E+00    0.0000000000E+00
    0.9680000000E+00    0.2674970400E-22    0.1847069675E-23    0.3710565646E-07    0.0000000000E+00    0.0000000000E+00    0.0000000000E+00    0.0000000000E+00
    0.9680000000E+00    0.2866282424E-22    0.1979170815E-23    0.3796995823E-07    0.0000000000E+00    0.0000000000E+00    0.0000000000E+00    0.0000000000E+00
    0.9680000000E+00    0.3071276952E-22    0.2120719737E-23    0.3885439218E-07    0.0000000000E+00    0.0000000000E+00    0.0000000000E+00    0.0000000000E+00
    0.9680000000E+00    0.3290932546E-22    0.2272392139E-23    0.3975942724E-07    0.0000000000E+00    0.0000000000E+00    0.0000000000E+00    0.0000000000E+00
    0.9680000000E+00    0.3526297755E-22    0.2434912046E-23    0.4068554327E-07    0.0000000000E+00    0.0000000000E+00    0.0000000000E+00    0.0000000000E+00
    0.9680000000E+00    0.3778496121E-22    0.2609055264E-23    0.4163323131E-07   -0.1433478859E-15   -0.1076520281E-52   -0.5416394308E-38   -0.3044913073E-54
    0.9680000000E+00    0.4048731538E-22    0.2795653084E-23    0.4260299385E-07    0.2888389159E-14    0.2324270286E-51    0.1169431228E-36    0.7044323834E-53
    0.9680000000E+00    0.4338294005E-22    0.2995596250E-23    0.4359534505E-07    0.3532452198E-13    0.3045840923E-50    0.1532481619E-35    0.9891448631E-52
    0.9680000000E+00    0.4648565778E-22    0.3209839213E-23    0.4461081109E-07   -0.6401873593E-12   -0.5914772139E-49   -0.2975953050E-34   -0.2058214820E-50
    0.9680000000E+00    0.4981027973E-22    0.3439404683E-23    0.4564993037E-07   -0.1749457075E-10   -0.1731945473E-47   -0.8714094628E-33   -0.6457834300E-49
    0.9680000000E+00    0.5337267633E-22    0.3685388516E-23    0.4671325384E-07    0.7533703382E-10    0.7991704939E-47    0.4020939121E-32    0.3192950042E-48
    0.9680000000E+00    0.5718985306E-22    0.3948964943E-23    0.4780134531E-07    0.4667679704E-08    0.5305569050E-45    0.2669439164E-30    0.2271353097E-46
    0.9680000000E+00    0.6128003161E-22    0.4231392172E-23    0.4891478167E-07   -0.3200446379E-08   -0.3897996808E-45   -0.1961234553E-30   -0.1788109711E-46
    0.9680000000E+00    0.6566273690E-22    0.4534018400E-23    0.5005415331E-07   -0.1851301649E-05   -0.2416062207E-42   -0.1215615331E-27   -0.1187574310E-43
    0.9680000000E+00    0.7035889022E-22    0.4858288246E-23    0.5122006431E-07   -0.2538456635E-03   -0.3549773742E-40   -0.1786029917E-25   -0.1869620042E-41
    0.9680000000E+00    0.7539090917E-22    0.5205749646E-23    0.5241313287E-07   -0.2864225480E-02   -0.4291786682E-39   -0.2159365630E-24   -0.2422092976E-40
    0.9680000000E+00    0.8078281461E-22    0.5578061244E-23    0.5363399157E-07    0.9582464717E-02    0.1538537736E-38    0.7740984708E-24    0.9303810053E-40
    0.9680000000E+00    0.8656034539E-22    0.5977000309E-23    0.5488328773E-07    0.1332422313E+01    0.2292307211E-36    0.1153349356E-21    0.1485338722E-37
    0.9680000000E+00    0.9275108115E-22    0.6404471218E-23    0.5616168372E-07    0.3462499220E+02    0.6382937738E-35    0.3211505462E-20    0.4431729972E-36
    0.9680000000E+00    0.9938457404E-22    0.6862514550E-23    0.5746985739E-07    0.1091978444E+02    0.2156974393E-35    0.1085258125E-20    0.1604714111E-36
    0.9680000000E+00    0.1064924897E-21    0.7353316823E-23    0.5880850233E-07   -0.3152311323E+04   -0.6672061271E-33   -0.3356974812E-18   -0.5318788344E-34
    0.9680000000E+00    0.1141087586E-21    0.7879220933E-23    0.6017832832E-07   -0.1797940553E+06   -0.4077615317E-31   -0.2051607645E-16   -0.3483043789E-32
    0.9680000000E+00    0.1222697377E-21    0.8442737340E-23    0.6158006166E-07   -0.8867942715E+07   -0.2155032395E-29   -0.1084281030E-14   -0.1972452191E-30
    0.9680000000E+00    0.1310143844E-21    0.9046556049E-23    0.6301444556E-07   -0.3943183050E+09   -0.1026781091E-27   -0.5166137000E-13   -0.1007002491E-28
    0.9680000000E+00    0.1403844422E-21    0.9693559452E-23    0.6448224056E-07   -0.4902074282E+10   -0.1367762876E-26   -0.6881749636E-12   -0.1437353180E-27
    0.9680000000E+00    0.1504246400E-21    0.1038683609E-22    0.6598422489E-07   -0.1583106098E+10   -0.4733048400E-27   -0.2381381647E-12   -0.5329587884E-28
    0.9680000000E+00    0.1611829057E-21    0.1112969539E-22    0.6752119493E-07    0.2136702775E+12    0.6845024990E-25    0.3443999619E-10    0.8259004837E-26
    0.9680000000E+00    0.1727105951E-21    0.1192568347E-22    0.6909396560E-07    0.6633949158E+13    0.2277209897E-23    0.1145753307E-08    0.2944121611E-24
    0.9680000000E+00    0.1850627369E-21    0.1277860007E-22    0.7070337081E-07    0.1744836151E+15    0.6417791072E-22    0.3229041536E-07    0.8890747109E-23
    0.9680000000E+00    0.1982982953E-21    0.1369251667E-22    0.7235026388E-07    0.4165406587E+16    0.1641679305E-20    0.8259930253E-06    0.2436918505E-21
    0.9680000000E+00    0.2124804516E-21    0.1467179595E-22    0.7403551802E-07    0.1837299163E+17    0.7759090208E-20    0.3903901558E-05    0.1234137314E-20
    0.9680000000E+00    0.2276769058E-21    0.1572111260E-22    0.7576002677E-07   -0.3174079919E+16   -0.1436311975E-20   -0.7226646949E-06   -0.2447943918E-21
    0.9680000000E+00    0.2439602000E-21    0.1684547565E-22    0.7752470448E-07   -0.5787779685E+18   -0.2806356985E-18   -0.1411987889E-03   -0.5125020389E-19
    0.9680000000E+00    0.2614080640E-21    0.1805025236E-22    0.7933048683E-07   -0.1034282474E+20   -0.5373658826E-17   -0.2703697792E-02   -0.1051532674E-17
    0.9680000000E+00    0.2801037871E-21    0.1934119387E-22    0.8117833125E-07   -0.1561808513E+21   -0.8694782242E-16   -0.4374684793E-01   -0.1823103783E-16
    0.9680000000E+00    0.3001366153E-21    0.2072446262E-22    0.8306921749E-07   -0.2150157953E+22   -0.1282629690E-14   -0.6453411304E+00   -0.2881734535E-15
    0.9680000000E+00    0.3216021775E-21    0.2220666179E-22    0.8500414813E-07   -0.2728236146E+23   -0.1743865085E-13   -0.8774066853E+01   -0.4198223592E-14
    0.9680000000E+00    0.3446029418E-21    0.2379486681E-22    0.8698414910E-07   -0.3044201395E+24   -0.2084991575E-12   -0.1049040756E+03   -0.5378448159E-13
    0.9680000000E+00    0.3692487048E-21    0.2549665916E-22    0.8901027021E-07   -0.7116323908E+24   -0.5222598398E-12   -0.2627693386E+03   -0.1443574872E-12
    0.9680000000E+00    0.3956571157E-21    0.2732016250E-22    0.9108358575E-07   -0.2183332646E+24   -0.1716923055E-12   -0.8638510973E+02   -0.5085147035E-13
    0.9680000000E+00    0.4239542377E-21    0.2927408154E-22    0.9320519501E-07    0.7259085505E+25    0.6116638809E-11    0.3077520062E+04    0.1941178705E-11
    0.9680000000E+00    0.4542751502E-21    0.3136774352E-22    0.9537622289E-07    0.7715820333E+26    0.6966474154E-10    0.3505105441E+05    0.2369003556E-10
    0.9680000000E+00    0.4867645933E-21    0.3361114274E-22    0.9759782052E-07    0.6393698500E+27    0.6185617725E-09    0.3112226050E+06    0.2253905790E-09
    0.9680000000E+00    0.5215776589E-21    0.3601498832E-22    0.9987116580E-07    0.4767540787E+28    0.4942257181E-08    0.2486642762E+07    0.1929647688E-08
    0.9680000000E+00    0.5588805307E-21    0.3859075526E-22    0.1021974641E-06    0.3282324613E+29    0.3645964648E-07    0.1834427322E+08    0.1525334649E-07
    0.9680000000E+00    0.5988512779E-21    0.4135073927E-22    0.1045779488E-06    0.2100343391E+30    0.2499891895E-06    0.1257793324E+09    0.1120660103E-06
    0.9680000000E+00    0.6416807053E-21    0.4430811541E-22    0.1070138822E-06    0.1252202534E+31    0.1597002156E-05    0.8035142054E+09    0.7671109548E-06
    0.9680000000E+00    0.6875732635E-21    0.4747700104E-22    0.1095065557E-06    0.6963936884E+31    0.9516686221E-05    0.4788216810E+10    0.4898221641E-05
    0.9680000000E+00    0.7367480256E-21    0.5087252317E-22    0.1120572911E-06    0.3614737243E+32    0.5293070245E-04    0.2663150527E+11    0.2919176405E-04
    0.9680000000E+00    0.7894397325E-21    0.5451089068E-22    0.1146674407E-06    0.1751210738E+33    0.2747700137E-03    0.1382475337E+12    0.1623760670E-03
    0.9680000000E+00    0.8458999137E-21    0.5840947171E-22    0.1173383885E-06    0.7913593973E+33    0.1330468779E-02    0.6694108459E+12    0.8424756751E-03
    0.9680000000E+00    0.9063980879E-21    0.6258687655E-22    0.1200715507E-06    0.3331517326E+34    0.6001682270E-02    0.3019680934E+13    0.4072167960E-02
    0.9680000000E+00    0.9712230494E-21    0.6706304648E-22    0.1228683764E-06    0.1278923718E+35    0.2468741204E-01    0.1242120194E+14    0.1794850366E-01
    0.9680000000E+00    0.1040684247E-20    0.7185934897E-22    0.1257303485E-06    0.3165098430E+35    0.6546635247E-01    0.3293868077E+14    0.5100007643E-01
    0.9680000000E+00    0.1115113261E-20    0.7699867968E-22    0.1286589846E-06    0.5091228029E+35    0.1128375045E+00    0.5677295892E+14    0.9419029461E-01
    0.9680000000E+00    0.1194865387E-20    0.8250557175E-22    0.1316558373E-06    0.6098755482E+35    0.1448345404E+00    0.7287191830E+14    0.1295462446E+00
    0.9680000000E+00    0.1280321329E-20    0.8840631292E-22    0.1347224957E-06    0.6132954625E+35    0.1560632603E+00    0.7852152619E+14    0.1495730529E+00
    0.9680000000E+00    0.1371889021E-20    0.9472907100E-22    0.1378605858E-06    0.5883109528E+35    0.1604123709E+00    0.8070973373E+14    0.1647367676E+00
    0.9680000000E+00    0.1470005571E-20    0.1015040283E-21    0.1410717713E-06    0.4794588503E+35    0.1400819774E+00    0.7048071810E+14    0.1541469535E+00
    0.9680000000E+00    0.1575139348E-20    0.1087635259E-21    0.1443577550E-06    0.3102907943E+35    0.9714038381E-01    0.4887512395E+14    0.1145387654E+00
    0.9680000000E+00    0.1687792220E-20    0.1165422177E-21    0.1477202791E-06    0.1634743328E+35    0.5483785986E-01    0.2759107071E+14    0.6928403619E-01
    0.9680000000E+00    0.1808501947E-20    0.1248772362E-21    0.1511611264E-06    0.6993862848E+34    0.2513900216E-01    0.1264841458E+14    0.3403303793E-01
    0.9680000000E+00    0.1937844750E-20    0.1338083694E-21    0.1546821213E-06    0.2355509383E+34    0.9072265733E-02    0.4564611492E+13    0.1316038047E-01
    0.9680000000E+00    0.2076438060E-20    0.1433782510E-21    0.1582851308E-06    0.4242893547E+33    0.1751027874E-02    0.8810105646E+12    0.2721734398E-02
    0.9680000000E+00    0.2224943467E-20    0.1536325639E-21    0.1619720651E-06    0.8163307495E+30    0.3609915862E-05    0.1816289768E+10    0.6012426249E-05
    0.9680000000E+00    0.2384069878E-20    0.1646202581E-21    0.1657448792E-06    0.1988767646E+30    0.9423559346E-06    0.4741361039E+09    0.1681774071E-05
    0.9680000000E+00    0.2554576900E-20    0.1763937846E-21    0.1696055734E-06    0.3892510119E+29    0.1976335511E-06    0.9943716433E+08    0.3779317310E-06
    0.9680000000E+00    0.2737278465E-20    0.1890093455E-21    0.1735561947E-06    0.4814484721E+28    0.2619272822E-07    0.1317858535E+08    0.5367022540E-07
    0.9680000000E+00    0.2933046719E-20    0.2025271626E-21    0.1775988378E-06    0.1179478818E+28    0.6875765708E-08    0.3459466476E+07    0.1509641243E-07
    0.9680000000E+00    0.3142816182E-20    0.2170117645E-21    0.1817356462E-06    0.2588044348E+27    0.1616600236E-08    0.8133747659E+06    0.3803253910E-08
    0.9680000000E+00    0.3367588212E-20    0.2325322952E-21    0.1859688132E-06    0.6213268663E+26    0.4158637418E-09    0.2092373031E+06    0.1048343820E-08
    0.9680000000E+00    0.3608435782E-20    0.2491628434E-21    0.1903005833E-06    0.9496908711E+25    0.6811036181E-10    0.3426898521E+05    0.1839779900E-09
    0.9680000000E+00    0.3866508602E-20    0.2669827968E-21    0.1947332533E-06    0.3249062112E+25    0.2496829792E-10    0.1256252660E+05    0.7226726521E-10
