    0.9170000000E+00    0.4143038610E-23    0.2860772210E-24    0.1992691735E-07    0.0000000000E+00    0.0000000000E+00    0.0000000000E+00    0.0000000000E+00
    0.9170000000E+00    0.4439345853E-23    0.3065372650E-24    0.2039107488E-07    0.0000000000E+00    0.0000000000E+00    0.0000000000E+00    0.0000000000E+00
    0.9170000000E+00    0.4756844785E-23    0.3284605973E-24    0.2086604403E-07    0.0000000000E+00    0.0000000000E+00    0.0000000000E+00    0.0000000000E+00
    0.9170000000E+00    0.5097051019E-23    0.3519518710E-24    0.2135207663E-07    0.0000000000E+00    0.0000000000E+00    0.0000000000E+00    0.0000000000E+00
    0.9170000000E+00    0.5461588566E-23    0.3771232243E-24    0.2184943039E-07    0.0000000000E+00    0.0000000000E+00    0.0000000000E+00    0.0000000000E+00
    0.9170000000E+00    0.5852197586E-23    0.4040948153E-24    0.2235836900E-07    0.0000000000E+00    0.0000000000E+00    0.0000000000E+00    0.0000000000E+00
    0.9170000000E+00    0.6270742692E-23    0.4329953957E-24    0.2287916232E-07    0.0000000000E+00    0.0000000000E+00    0.0000000000E+00    0.0000000000E+00
    0.9170000000E+00    0.6719221852E-23    0.4639629256E-24    0.2341208647E-07    0.0000000000E+00    0.0000000000E+00    0.0000000000E+00    0.0000000000E+00
    0.9170000000E+00    0.7199775931E-23    0.4971452317E-24    0.2395742402E-07    0.0000000000E+00    0.0000000000E+00    0.0000000000E+00    0.0000000000E+00
    0.9170000000E+00    0.7714698903E-23    0.5327007132E-24    0.2451546411E-07    0.0000000000E+00    0.0000000000E+00    0.0000000000E+00    0.0000000000E+00
    0.9170000000E+00    0.8266448809E-23    0.5707990981E-24    0.2508650263E-07    0.0000000000E+00    0.0000000000E+00    0.0000000000E+00    0.0000000000E+00
    0.9170000000E+00    0.8857659485E-23    0.6116222531E-24    0.2567084234E-07    0.0000000000E+00    0.0000000000E+00    0.0000000000E+00    0.0000000000E+00
    0.9170000000E+00    0.9491153137E-23    0.6553650517E-24    0.2626879307E-07    0.0000000000E+00    0.0000000000E+00    0.0000000000E+00    0.0000000000E+00
    0.9170000000E+00    0.1016995382E-22    0.7022363048E-24    0.2688067187E-07    0.0000000000E+00    0.0000000000E+00    0.0000000000E+00    0.0000000000E+00
    0.9170000000E+00    0.1089730185E-22    0.7524597575E-24    0.2750680315E-07    0.0000000000E+00    0.0000000000E+00    0.0000000000E+00    0.0000000000E+00
    0.9170000000E+00    0.1167666930E-22    0.8062751566E-24    0.2814751890E-07    0.0000000000E+00    0.0000000000E+00    0.0000000000E+00    0.0000000000E+00
    0.9170000000E+00    0.1251177658E-22    0.8639393956E-24    0.2880315884E-07    0.0000000000E+00    0.0000000000E+00    0.0000000000E+00    0.0000000000E+00
    0.9170000000E+00    0.1340661015E-22    0.9257277409E-24    0.2947407060E-07    0.0000000000E+00    0.0000000000E+00    0.0000000000E+00    0.0000000000E+00
    0.9170000000E+00    0.1436544159E-22    0.9919351458E-24    0.3016060990E-07    0.0000000000E+00    0.0000000000E+00    0.0000000000E+00    0.0000000000E+00
    0.9170000000E+00    0.1539284799E-22    0.1062877658E-23    0.3086314075E-07    0.0000000000E+00    0.0000000000E+00    0.0000000000E+00    0.0000000000E+00
    0.9170000000E+00    0.1649373379E-22    0.1138893930E-23    0.3158203565E-07    0.0000000000E+00    0.0000000000E+00    0.0000000000E+00    0.0000000000E+00
    0.9170000000E+00    0.1767335417E-22    0.1220346833E-23    0.3231767576E-07    0.0000000000E+00    0.0000000000E+00    0.0000000000E+00    0.0000000000E+00
    0.9170000000E+00    0.1893734018E-22    0.1307625190E-23    0.3307045113E-07    0.0000000000E+00    0.0000000000E+00    0.0000000000E+00    0.0000000000E+00
    0.9170000000E+00    0.2029172559E-22    0.1401145635E-23    0.3384076090E-07    0.0000000000E+00    0.0000000000E+00    0.0000000000E+00    0.0000000000E+00
    0.9170000000E+00    0.2174297571E-22    0.1501354598E-23    0.3462901348E-07    0.0000000000E+00    0.0000000000E+00    0.0000000000E+00    0.0000000000E+00
    0.9170000000E+00    0.2329801823E-22    0.1608730435E-23    0.3543562682E-07    0.0000000000E+00    0.0000000000E+00    0.0000000000E+00    0.0000000000E+00
    0.9170000000E+00    0.2496427630E-22    0.1723785718E-23    0.3626102861E-07    0.0000000000E+00    0.0000000000E+00    0.0000000000E+00    0.0000000000E+00
    0.9170000000E+00    0.2674970400E-22    0.1847069675E-23    0.3710565646E-07    0.0000000000E+00    0.0000000000E+00    0.0000000000E+00    0.0000000000E+00
    0.9170000000E+00    0.2866282424E-22    0.1979170815E-23    0.3796995823E-07    0.0000000000E+00    0.0000000000E+00    0.0000000000E+00    0.0000000000E+00
    0.9170000000E+00    0.3071276952E-22    0.2120719737E-23    0.3885439218E-07    0.0000000000E+00    0.0000000000E+00    0.0000000000E+00    0.0000000000E+00
    0.9170000000E+00    0.3290932546E-22    0.2272392139E-23    0.3975942724E-07   -0.2465095062E-15   -0.1612369579E-52   -0.8112461569E-38   -0.4170561515E-54
    0.9170000000E+00    0.3526297755E-22    0.2434912046E-23    0.4068554327E-07   -0.1057450773E-14   -0.7411243509E-52   -0.3728886288E-37   -0.2054097333E-53
    0.9170000000E+00    0.3778496121E-22    0.2609055264E-23    0.4163323131E-07   -0.1414111717E-14   -0.1061975859E-51   -0.5343215636E-37   -0.3153875752E-53
    0.9170000000E+00    0.4048731538E-22    0.2795653084E-23    0.4260299385E-07    0.1498744817E-12    0.1206031408E-49    0.6068015409E-35    0.3837854925E-51
    0.9170000000E+00    0.4338294005E-22    0.2995596250E-23    0.4359534505E-07    0.2749289488E-13    0.2370562420E-50    0.1192722610E-35    0.8083162897E-52
    0.9170000000E+00    0.4648565778E-22    0.3209839213E-23    0.4461081109E-07   -0.5659915339E-10   -0.5229267506E-47   -0.2631048875E-32   -0.1910604493E-48
    0.9170000000E+00    0.4981027973E-22    0.3439404683E-23    0.4564993037E-07   -0.7284301940E-10   -0.7211388006E-47   -0.3628331173E-32   -0.2823246503E-48
    0.9170000000E+00    0.5337267633E-22    0.3685388516E-23    0.4671325384E-07    0.9454176697E-08    0.1002893090E-44    0.5045947128E-30    0.4207116851E-46
    0.9170000000E+00    0.5718985306E-22    0.3948964943E-23    0.4780134531E-07    0.2739313831E-07    0.3113670945E-44    0.1566609554E-29    0.1399595862E-45
    0.9170000000E+00    0.6128003161E-22    0.4231392172E-23    0.4891478167E-07   -0.8224039816E-06   -0.1001650306E-42   -0.5039694199E-28   -0.4824430605E-44
    0.9170000000E+00    0.6566273690E-22    0.4534018400E-23    0.5005415331E-07   -0.1219664721E-03   -0.1591737273E-40   -0.8008652370E-26   -0.8214881850E-42
    0.9170000000E+00    0.7035889022E-22    0.4858288246E-23    0.5122006431E-07   -0.7469372322E-02   -0.1044515844E-38   -0.5255367472E-24   -0.5776236514E-40
    0.9170000000E+00    0.7539090917E-22    0.5205749646E-23    0.5241313287E-07   -0.6491244955E-02   -0.9726552201E-39   -0.4893808588E-24   -0.5763533975E-40
    0.9170000000E+00    0.8078281461E-22    0.5578061244E-23    0.5363399157E-07    0.6834138641E+00    0.1097273040E-36    0.5520809549E-22    0.6966981293E-38
    0.9170000000E+00    0.8656034539E-22    0.5977000309E-23    0.5488328773E-07    0.5533543173E+02    0.9519940337E-35    0.4789854083E-20    0.6476854819E-36
    0.9170000000E+00    0.9275108115E-22    0.6404471218E-23    0.5616168372E-07    0.1349222756E+03    0.2487222177E-34    0.1251418693E-19    0.1813195017E-35
    0.9170000000E+00    0.9938457404E-22    0.6862514550E-23    0.5746985739E-07   -0.1598134563E+04   -0.3156779649E-33   -0.1588299228E-18   -0.2465892864E-34
    0.9170000000E+00    0.1064924897E-21    0.7353316823E-23    0.5880850233E-07   -0.1056318111E+06   -0.2235762410E-31   -0.1124899456E-16   -0.1871352431E-32
    0.9170000000E+00    0.1141087586E-21    0.7879220933E-23    0.6017832832E-07   -0.5296226072E+07   -0.1201150534E-29   -0.6043457823E-15   -0.1077276967E-30
    0.9170000000E+00    0.1222697377E-21    0.8442737340E-23    0.6158006166E-07   -0.2380604590E+09   -0.5785197509E-28   -0.2910758989E-13   -0.5559658630E-29
    0.9170000000E+00    0.1310143844E-21    0.9046556049E-23    0.6301444556E-07   -0.7666416721E+10   -0.1996288690E-26   -0.1004410867E-11   -0.2055669451E-27
    0.9170000000E+00    0.1403844422E-21    0.9693559452E-23    0.6448224056E-07   -0.1208071440E+11   -0.3370726700E-26   -0.1695944352E-11   -0.3719233773E-27
    0.9170000000E+00    0.1504246400E-21    0.1038683609E-22    0.6598422489E-07    0.1167138027E+12    0.3489419175E-25    0.1755663176E-10    0.4125561627E-26
    0.9170000000E+00    0.1611829057E-21    0.1112969539E-22    0.6752119493E-07    0.4289136885E+13    0.1374044603E-23    0.6913355461E-09    0.1740727403E-24
    0.9170000000E+00    0.1727105951E-21    0.1192568347E-22    0.6909396560E-07    0.1149763146E+15    0.3946747185E-22    0.1985762772E-07    0.5357587140E-23
    0.9170000000E+00    0.1850627369E-21    0.1277860007E-22    0.7070337081E-07    0.2768872228E+16    0.1018436227E-20    0.5124150727E-06    0.1481370783E-21
    0.9170000000E+00    0.1982982953E-21    0.1369251667E-22    0.7235026388E-07    0.2888728763E+17    0.1138512202E-19    0.5728299891E-05    0.1774465766E-20
    0.9170000000E+00    0.2124804516E-21    0.1467179595E-22    0.7403551802E-07    0.2538575587E+17    0.1072064767E-19    0.5393976871E-05    0.1790403668E-20
    0.9170000000E+00    0.2276769058E-21    0.1572111260E-22    0.7576002677E-07   -0.3512520549E+18   -0.1589460712E-18   -0.7997198104E-04   -0.2844328371E-19
    0.9170000000E+00    0.2439602000E-21    0.1684547565E-22    0.7752470448E-07   -0.7161885755E+19   -0.3472628401E-17   -0.1747215081E-02   -0.6658681598E-18
    0.9170000000E+00    0.2614080640E-21    0.1805025236E-22    0.7933048683E-07   -0.1101899275E+21   -0.5724964804E-16   -0.2880453561E-01   -0.1176258451E-16
    0.9170000000E+00    0.2801037871E-21    0.1934119387E-22    0.8117833125E-07   -0.1527179842E+22   -0.8502000121E-15   -0.4277688573E+00   -0.1871763795E-15
    0.9170000000E+00    0.3001366153E-21    0.2072446262E-22    0.8306921749E-07   -0.1946362375E+23   -0.1161059897E-13   -0.5841746155E+01   -0.2738952876E-14
    0.9170000000E+00    0.3216021775E-21    0.2220666179E-22    0.8500414813E-07   -0.2291427928E+24   -0.1464661028E-12   -0.7369282112E+02   -0.3702261250E-13
    0.9170000000E+00    0.3446029418E-21    0.2379486681E-22    0.8698414910E-07   -0.9643971176E+24   -0.6605213009E-12   -0.3323340838E+03   -0.1789026457E-12
    0.9170000000E+00    0.3692487048E-21    0.2549665916E-22    0.8901027021E-07   -0.7926473736E+24   -0.5817159192E-12   -0.2926840161E+03   -0.1688266040E-12
    0.9170000000E+00    0.3956571157E-21    0.2732016250E-22    0.9108358575E-07    0.4256448697E+25    0.3347174291E-11    0.1684094214E+04    0.1040898212E-11
    0.9170000000E+00    0.4239542377E-21    0.2927408154E-22    0.9320519501E-07    0.5463746622E+26    0.4603853283E-10    0.2316378534E+05    0.1534092019E-10
    0.9170000000E+00    0.4542751502E-21    0.3136774352E-22    0.9537622289E-07    0.4667504676E+27    0.4214205268E-09    0.2120331388E+06    0.1504685103E-09
    0.9170000000E+00    0.4867645933E-21    0.3361114274E-22    0.9759782052E-07    0.3514359978E+28    0.3399986310E-08    0.1710666006E+07    0.1300789744E-08
    0.9170000000E+00    0.5215776589E-21    0.3601498832E-22    0.9987116580E-07    0.2432205384E+29    0.2521338581E-07    0.1268583990E+08    0.1033620478E-07
    0.9170000000E+00    0.5588805307E-21    0.3859075526E-22    0.1021974641E-06    0.1562596457E+30    0.1735712372E-06    0.8733047368E+08    0.7624435498E-07
    0.9170000000E+00    0.5988512779E-21    0.4135073927E-22    0.1045779488E-06    0.9350204614E+30    0.1112889484E-05    0.5599381982E+09    0.5238198771E-06
    0.9170000000E+00    0.6416807053E-21    0.4430811541E-22    0.1070138822E-06    0.5219312278E+31    0.6656473477E-05    0.3349131983E+10    0.3357176246E-05
    0.9170000000E+00    0.6875732635E-21    0.4747700104E-22    0.1095065557E-06    0.2720247121E+32    0.3717399902E-04    0.1870369190E+11    0.2008950421E-04
    0.9170000000E+00    0.7367480256E-21    0.5087252317E-22    0.1120572911E-06    0.1324182398E+33    0.1939004133E-03    0.9755887676E+11    0.1122816201E-03
    0.9170000000E+00    0.7894397325E-21    0.5451089068E-22    0.1146674407E-06    0.6018764879E+33    0.9443615623E-03    0.4751452136E+12    0.5859603607E-03
    0.9170000000E+00    0.8458999137E-21    0.5840947171E-22    0.1173383885E-06    0.2551951892E+34    0.4290455551E-02    0.2158695886E+13    0.2852550507E-02
    0.9170000000E+00    0.9063980879E-21    0.6258687655E-22    0.1200715507E-06    0.1006595587E+35    0.1813367993E-01    0.9123763150E+13    0.1291861280E-01
    0.9170000000E+00    0.9712230494E-21    0.6706304648E-22    0.1228683764E-06    0.2786665546E+35    0.5379176221E-01    0.2706473809E+14    0.4106253032E-01
    0.9170000000E+00    0.1040684247E-20    0.7185934897E-22    0.1257303485E-06    0.4846277560E+35    0.1002395729E+00    0.5043444713E+14    0.8199155883E-01
    0.9170000000E+00    0.1115113261E-20    0.7699867968E-22    0.1286589846E-06    0.6198400035E+35    0.1373758920E+00    0.6911918078E+14    0.1204038741E+00
    0.9170000000E+00    0.1194865387E-20    0.8250557175E-22    0.1316558373E-06    0.6382020400E+35    0.1515615758E+00    0.7625655276E+14    0.1423374063E+00
    0.9170000000E+00    0.1280321329E-20    0.8840631292E-22    0.1347224957E-06    0.6234612409E+35    0.1586501122E+00    0.7982307248E+14    0.1596505133E+00
    0.9170000000E+00    0.1371889021E-20    0.9472907100E-22    0.1378605858E-06    0.5415597181E+35    0.1476649006E+00    0.7429598317E+14    0.1592235172E+00
    0.9170000000E+00    0.1470005571E-20    0.1015040283E-21    0.1410717713E-06    0.3750684281E+35    0.1095825576E+00    0.5513526788E+14    0.1266109793E+00
    0.9170000000E+00    0.1575139348E-20    0.1087635259E-21    0.1443577550E-06    0.2122298090E+35    0.6644117542E-01    0.3342915230E+14    0.8225593488E-01
    0.9170000000E+00    0.1687792220E-20    0.1165422177E-21    0.1477202791E-06    0.9876862272E+34    0.3313217310E-01    0.1667009130E+14    0.4395212299E-01
    0.9170000000E+00    0.1808501947E-20    0.1248772362E-21    0.1511611264E-06    0.3742480481E+34    0.1345211179E-01    0.6768283237E+13    0.1912143157E-01
    0.9170000000E+00    0.1937844750E-20    0.1338083694E-21    0.1546821213E-06    0.1070183877E+34    0.4121822900E-02    0.2073850208E+13    0.6277970396E-02
    0.9170000000E+00    0.2076438060E-20    0.1433782510E-21    0.1582851308E-06    0.9103130854E+32    0.3756831438E-03    0.1890208737E+12    0.6131286994E-03
    0.9170000000E+00    0.2224943467E-20    0.1536325639E-21    0.1619720651E-06    0.5347006401E+30    0.2364512574E-05    0.1189678696E+10    0.4134962388E-05
    0.9170000000E+00    0.2384069878E-20    0.1646202581E-21    0.1657448792E-06    0.1291457696E+30    0.6119431933E-06    0.3078925392E+09    0.1146676848E-05
    0.9170000000E+00    0.2554576900E-20    0.1763937846E-21    0.1696055734E-06    0.2297518623E+29    0.1166514024E-06    0.5869188001E+08    0.2342178014E-06
    0.9170000000E+00    0.2737278465E-20    0.1890093455E-21    0.1735561947E-06    0.3259786744E+28    0.1773454756E-07    0.8922944055E+07    0.3815487622E-07
    0.9170000000E+00    0.2933046719E-20    0.2025271626E-21    0.1775988378E-06    0.7987028064E+27    0.4656033907E-08    0.2342632646E+07    0.1073361639E-07
    0.9170000000E+00    0.3142816182E-20    0.2170117645E-21    0.1817356462E-06    0.1756493049E+27    0.1097178679E-08    0.5520334779E+06    0.2710237157E-08
    0.9170000000E+00    0.3367588212E-20    0.2325322952E-21    0.1859688132E-06    0.4212077302E+26    0.2819208894E-09    0.1418454187E+06    0.7462033468E-09
    0.9170000000E+00    0.3608435782E-20    0.2491628434E-21    0.1903005833E-06    0.6199240572E+25    0.4445999547E-10    0.2236956150E+05    0.1260954308E-09
    0.9170000000E+00    0.3866508602E-20    0.2669827968E-21    0.1947332533E-06    0.2074531852E+25    0.1594230198E-10    0.8021195251E+04    0.4844857044E-10
