    0.9640000000E+00    0.4143038610E-23    0.2860772210E-24    0.1992691735E-07    0.0000000000E+00    0.0000000000E+00    0.0000000000E+00    0.0000000000E+00
    0.9640000000E+00    0.4439345853E-23    0.3065372650E-24    0.2039107488E-07    0.0000000000E+00    0.0000000000E+00    0.0000000000E+00    0.0000000000E+00
    0.9640000000E+00    0.4756844785E-23    0.3284605973E-24    0.2086604403E-07    0.0000000000E+00    0.0000000000E+00    0.0000000000E+00    0.0000000000E+00
    0.9640000000E+00    0.5097051019E-23    0.3519518710E-24    0.2135207663E-07    0.0000000000E+00    0.0000000000E+00    0.0000000000E+00    0.0000000000E+00
    0.9640000000E+00    0.5461588566E-23    0.3771232243E-24    0.2184943039E-07    0.0000000000E+00    0.0000000000E+00    0.0000000000E+00    0.0000000000E+00
    0.9640000000E+00    0.5852197586E-23    0.4040948153E-24    0.2235836900E-07    0.0000000000E+00    0.0000000000E+00    0.0000000000E+00    0.0000000000E+00
    0.9640000000E+00    0.6270742692E-23    0.4329953957E-24    0.2287916232E-07    0.0000000000E+00    0.0000000000E+00    0.0000000000E+00    0.0000000000E+00
    0.9640000000E+00    0.6719221852E-23    0.4639629256E-24    0.2341208647E-07    0.0000000000E+00    0.0000000000E+00    0.0000000000E+00    0.0000000000E+00
    0.9640000000E+00    0.7199775931E-23    0.4971452317E-24    0.2395742402E-07    0.0000000000E+00    0.0000000000E+00    0.0000000000E+00    0.0000000000E+00
    0.9640000000E+00    0.7714698903E-23    0.5327007132E-24    0.2451546411E-07    0.0000000000E+00    0.0000000000E+00    0.0000000000E+00    0.0000000000E+00
    0.9640000000E+00    0.8266448809E-23    0.5707990981E-24    0.2508650263E-07    0.0000000000E+00    0.0000000000E+00    0.0000000000E+00    0.0000000000E+00
    0.9640000000E+00    0.8857659485E-23    0.6116222531E-24    0.2567084234E-07    0.0000000000E+00    0.0000000000E+00    0.0000000000E+00    0.0000000000E+00
    0.9640000000E+00    0.9491153137E-23    0.6553650517E-24    0.2626879307E-07    0.0000000000E+00    0.0000000000E+00    0.0000000000E+00    0.0000000000E+00
    0.9640000000E+00    0.1016995382E-22    0.7022363048E-24    0.2688067187E-07    0.0000000000E+00    0.0000000000E+00    0.0000000000E+00    0.0000000000E+00
    0.9640000000E+00    0.1089730185E-22    0.7524597575E-24    0.2750680315E-07    0.0000000000E+00    0.0000000000E+00    0.0000000000E+00    0.0000000000E+00
    0.9640000000E+00    0.1167666930E-22    0.8062751566E-24    0.2814751890E-07    0.0000000000E+00    0.0000000000E+00    0.0000000000E+00    0.0000000000E+00
    0.9640000000E+00    0.1251177658E-22    0.8639393956E-24    0.2880315884E-07    0.0000000000E+00    0.0000000000E+00    0.0000000000E+00    0.0000000000E+00
    0.9640000000E+00    0.1340661015E-22    0.9257277409E-24    0.2947407060E-07    0.0000000000E+00    0.0000000000E+00    0.0000000000E+00    0.0000000000E+00
    0.9640000000E+00    0.1436544159E-22    0.9919351458E-24    0.3016060990E-07    0.0000000000E+00    0.0000000000E+00    0.0000000000E+00    0.0000000000E+00
    0.9640000000E+00    0.1539284799E-22    0.1062877658E-23    0.3086314075E-07    0.0000000000E+00    0.0000000000E+00    0.0000000000E+00    0.0000000000E+00
    0.9640000000E+00    0.1649373379E-22    0.1138893930E-23    0.3158203565E-07    0.0000000000E+00    0.0000000000E+00    0.0000000000E+00    0.0000000000E+00
    0.9640000000E+00    0.1767335417E-22    0.1220346833E-23    0.3231767576E-07    0.0000000000E+00    0.0000000000E+00    0.0000000000E+00    0.0000000000E+00
    0.9640000000E+00    0.1893734018E-22    0.1307625190E-23    0.3307045113E-07    0.0000000000E+00    0.0000000000E+00    0.0000000000E+00    0.0000000000E+00
    0.9640000000E+00    0.2029172559E-22    0.1401145635E-23    0.3384076090E-07    0.0000000000E+00    0.0000000000E+00    0.0000000000E+00    0.0000000000E+00
    0.9640000000E+00    0.2174297571E-22    0.1501354598E-23    0.3462901348E-07    0.0000000000E+00    0.0000000000E+00    0.0000000000E+00    0.0000000000E+00
    0.9640000000E+00    0.2329801823E-22    0.1608730435E-23    0.3543562682E-07    0.0000000000E+00    0.0000000000E+00    0.0000000000E+00    0.0000000000E+00
    0.9640000000E+00    0.2496427630E-22    0.1723785718E-23    0.3626102861E-07    0.0000000000E+00    0.0000000000E+00    0.0000000000E+00    0.0000000000E+00
    0.9640000000E+00    0.2674970400E-22    0.1847069675E-23    0.3710565646E-07    0.0000000000E+00    0.0000000000E+00    0.0000000000E+00    0.0000000000E+00
    0.9640000000E+00    0.2866282424E-22    0.1979170815E-23    0.3796995823E-07    0.0000000000E+00    0.0000000000E+00    0.0000000000E+00    0.0000000000E+00
    0.9640000000E+00    0.3071276952E-22    0.2120719737E-23    0.3885439218E-07    0.0000000000E+00    0.0000000000E+00    0.0000000000E+00    0.0000000000E+00
    0.9640000000E+00    0.3290932546E-22    0.2272392139E-23    0.3975942724E-07    0.0000000000E+00    0.0000000000E+00    0.0000000000E+00    0.0000000000E+00
    0.9640000000E+00    0.3526297755E-22    0.2434912046E-23    0.4068554327E-07    0.0000000000E+00    0.0000000000E+00    0.0000000000E+00    0.0000000000E+00
    0.9640000000E+00    0.3778496121E-22    0.2609055264E-23    0.4163323131E-07   -0.1750437838E-15   -0.1314551535E-52   -0.6614022580E-38   -0.3730599275E-54
    0.9640000000E+00    0.4048731538E-22    0.2795653084E-23    0.4260299385E-07    0.4158635030E-14    0.3346429896E-51    0.1683719680E-36    0.1017613164E-52
    0.9640000000E+00    0.4338294005E-22    0.2995596250E-23    0.4359534505E-07    0.4054666479E-13    0.3496117824E-50    0.1759033528E-35    0.1139166082E-51
    0.9640000000E+00    0.4648565778E-22    0.3209839213E-23    0.4461081109E-07   -0.9032050800E-12   -0.8344826191E-49   -0.4198608225E-34   -0.2913521857E-50
    0.9640000000E+00    0.4981027973E-22    0.3439404683E-23    0.4564993037E-07   -0.2027445777E-10   -0.2007151582E-47   -0.1009876413E-32   -0.7508983620E-49
    0.9640000000E+00    0.5337267633E-22    0.3685388516E-23    0.4671325384E-07    0.1097514186E-09    0.1164236113E-46    0.5857726941E-32    0.4667045676E-48
    0.9640000000E+00    0.5718985306E-22    0.3948964943E-23    0.4780134531E-07    0.5405784884E-08    0.6144544354E-45    0.3091560432E-30    0.2639311612E-46
    0.9640000000E+00    0.6128003161E-22    0.4231392172E-23    0.4891478167E-07   -0.6014074591E-08   -0.7324866842E-45   -0.3685426810E-30   -0.3371325761E-46
    0.9640000000E+00    0.6566273690E-22    0.4534018400E-23    0.5005415331E-07   -0.2473671889E-05   -0.3228293544E-42   -0.1624280664E-27   -0.1592113418E-43
    0.9640000000E+00    0.7035889022E-22    0.4858288246E-23    0.5122006431E-07   -0.3362300099E-03   -0.4701835139E-40   -0.2365677036E-25   -0.2484668089E-41
    0.9640000000E+00    0.7539090917E-22    0.5205749646E-23    0.5241313287E-07   -0.3207366513E-02   -0.4805952947E-39   -0.2418062775E-24   -0.2721325552E-40
    0.9640000000E+00    0.8078281461E-22    0.5578061244E-23    0.5363399157E-07    0.1348184234E-01    0.2164612529E-38    0.1089101170E-23    0.1313352040E-39
    0.9640000000E+00    0.8656034539E-22    0.5977000309E-23    0.5488328773E-07    0.1729976931E+01    0.2976262523E-36    0.1497474006E-21    0.1934961021E-37
    0.9640000000E+00    0.9275108115E-22    0.6404471218E-23    0.5616168372E-07    0.3899214867E+02    0.7188000383E-35    0.3616563945E-20    0.5007363007E-36
    0.9640000000E+00    0.9938457404E-22    0.6862514550E-23    0.5746985739E-07    0.3774259920E+01    0.7455258888E-36    0.3751032145E-21    0.5564981362E-37
    0.9640000000E+00    0.1064924897E-21    0.7353316823E-23    0.5880850233E-07   -0.4028650287E+04   -0.8526886719E-33   -0.4290209993E-18   -0.6820111554E-34
    0.9640000000E+00    0.1141087586E-21    0.7879220933E-23    0.6017832832E-07   -0.2271214064E+06   -0.5150969669E-31   -0.2591654173E-16   -0.4414585959E-32
    0.9640000000E+00    0.1222697377E-21    0.8442737340E-23    0.6158006166E-07   -0.1112982656E+08   -0.2704701367E-29   -0.1360840975E-14   -0.2483821063E-30
    0.9640000000E+00    0.1310143844E-21    0.9046556049E-23    0.6301444556E-07   -0.4918418394E+09   -0.1280726495E-27   -0.6443835583E-13   -0.1260251952E-28
    0.9640000000E+00    0.1403844422E-21    0.9693559452E-23    0.6448224056E-07   -0.5381877706E+10   -0.1501636268E-26   -0.7555318997E-12   -0.1583309195E-27
    0.9640000000E+00    0.1504246400E-21    0.1038683609E-22    0.6598422489E-07   -0.7479287257E+09   -0.2236099566E-27   -0.1125069093E-12   -0.2526341885E-28
    0.9640000000E+00    0.1611829057E-21    0.1112969539E-22    0.6752119493E-07    0.2640522327E+12    0.8459033948E-25    0.4256070612E-10    0.1024051394E-25
    0.9640000000E+00    0.1727105951E-21    0.1192568347E-22    0.6909396560E-07    0.8081725616E+13    0.2774182485E-23    0.1395799641E-08    0.3598620175E-24
    0.9640000000E+00    0.1850627369E-21    0.1277860007E-22    0.7070337081E-07    0.2112243519E+15    0.7769175109E-22    0.3908975666E-07    0.1079880988E-22
    0.9640000000E+00    0.1982982953E-21    0.1369251667E-22    0.7235026388E-07    0.5013835162E+16    0.1976063861E-20    0.9942349653E-06    0.2943079276E-21
    0.9640000000E+00    0.2124804516E-21    0.1467179595E-22    0.7403551802E-07    0.1936450353E+17    0.8177815172E-20    0.4114578453E-05    0.1305083430E-20
    0.9640000000E+00    0.2276769058E-21    0.1572111260E-22    0.7576002677E-07   -0.7642634716E+16   -0.3458390477E-20   -0.1740051425E-05   -0.5913914093E-21
    0.9640000000E+00    0.2439602000E-21    0.1684547565E-22    0.7752470448E-07   -0.6918514286E+18   -0.3354623353E-18   -0.1687842129E-03   -0.6146738692E-19
    0.9640000000E+00    0.2614080640E-21    0.1805025236E-22    0.7933048683E-07   -0.1218833362E+20   -0.6332500853E-17   -0.3186128693E-02   -0.1243300883E-17
    0.9640000000E+00    0.2801037871E-21    0.1934119387E-22    0.8117833125E-07   -0.1828953877E+21   -0.1018201371E-15   -0.5122969073E-01   -0.2142074949E-16
    0.9640000000E+00    0.3001366153E-21    0.2072446262E-22    0.8306921749E-07   -0.2504501867E+22   -0.1494005801E-14   -0.7516927136E+00   -0.3367854098E-15
    0.9640000000E+00    0.3216021775E-21    0.2220666179E-22    0.8500414813E-07   -0.3161519268E+23   -0.2020815931E-13   -0.1016751481E+02   -0.4881212805E-14
    0.9640000000E+00    0.3446029418E-21    0.2379486681E-22    0.8698414910E-07   -0.3408788004E+24   -0.2334699104E-12   -0.1174678374E+03   -0.6042712080E-13
    0.9640000000E+00    0.3692487048E-21    0.2549665916E-22    0.8901027021E-07   -0.7304943513E+24   -0.5361024426E-12   -0.2697340931E+03   -0.1486787054E-12
    0.9640000000E+00    0.3956571157E-21    0.2732016250E-22    0.9108358575E-07   -0.1371680639E+24   -0.1078658407E-12   -0.5427152053E+02   -0.3205419817E-13
    0.9640000000E+00    0.4239542377E-21    0.2927408154E-22    0.9320519501E-07    0.8423408604E+25    0.7097718843E-11    0.3571139774E+04    0.2260059001E-11
    0.9640000000E+00    0.4542751502E-21    0.3136774352E-22    0.9537622289E-07    0.8753337912E+26    0.7903229947E-10    0.3976423895E+05    0.2696532153E-10
    0.9640000000E+00    0.4867645933E-21    0.3361114274E-22    0.9759782052E-07    0.7198620580E+27    0.6964343885E-09    0.3504033619E+06    0.2546133626E-09
    0.9640000000E+00    0.5215776589E-21    0.3601498832E-22    0.9987116580E-07    0.5339256010E+28    0.5534924090E-08    0.2784836650E+07    0.2168266470E-08
    0.9640000000E+00    0.5588805307E-21    0.3859075526E-22    0.1021974641E-06    0.3658349787E+29    0.4063648653E-07    0.2044580470E+08    0.1705756898E-07
    0.9640000000E+00    0.5988512779E-21    0.4135073927E-22    0.1045779488E-06    0.2330174128E+30    0.2773443352E-06    0.1395427754E+09    0.1247441778E-06
    0.9640000000E+00    0.6416807053E-21    0.4430811541E-22    0.1070138822E-06    0.1382954651E+31    0.1763757458E-05    0.8874153157E+09    0.8500409501E-06
    0.9640000000E+00    0.6875732635E-21    0.4747700104E-22    0.1095065557E-06    0.7656896170E+31    0.1046366150E-04    0.5264677088E+10    0.5403618338E-05
    0.9640000000E+00    0.7367480256E-21    0.5087252317E-22    0.1120572911E-06    0.3956956324E+32    0.5794182639E-04    0.2915279759E+11    0.3206218868E-04
    0.9640000000E+00    0.7894397325E-21    0.5451089068E-22    0.1146674407E-06    0.1908638614E+33    0.2994709014E-03    0.1506755157E+12    0.1775642841E-03
    0.9640000000E+00    0.8458999137E-21    0.5840947171E-22    0.1173383885E-06    0.8587456611E+33    0.1443761577E-02    0.7264128807E+12    0.9172684684E-03
    0.9640000000E+00    0.9063980879E-21    0.6258687655E-22    0.1200715507E-06    0.3599417279E+34    0.6484300322E-02    0.3262504939E+13    0.4414322983E-02
    0.9640000000E+00    0.9712230494E-21    0.6706304648E-22    0.1228683764E-06    0.1364149081E+35    0.2633254037E-01    0.1324893030E+14    0.1920851290E-01
    0.9640000000E+00    0.1040684247E-20    0.7185934897E-22    0.1257303485E-06    0.3281646097E+35    0.6787700440E-01    0.3415157397E+14    0.5305467426E-01
    0.9640000000E+00    0.1115113261E-20    0.7699867968E-22    0.1286589846E-06    0.5185353585E+35    0.1149236206E+00    0.5782256548E+14    0.9625211578E-01
    0.9640000000E+00    0.1194865387E-20    0.8250557175E-22    0.1316558373E-06    0.6129777282E+35    0.1455712526E+00    0.7324258705E+14    0.1306401301E+00
    0.9640000000E+00    0.1280321329E-20    0.8840631292E-22    0.1347224957E-06    0.6146054020E+35    0.1563965962E+00    0.7868924054E+14    0.1503932283E+00
    0.9640000000E+00    0.1371889021E-20    0.9472907100E-22    0.1378605858E-06    0.5870169720E+35    0.1600595464E+00    0.8053221393E+14    0.1649235091E+00
    0.9640000000E+00    0.1470005571E-20    0.1015040283E-21    0.1410717713E-06    0.4729547218E+35    0.1381816867E+00    0.6952460760E+14    0.1525637920E+00
    0.9640000000E+00    0.1575139348E-20    0.1087635259E-21    0.1443577550E-06    0.3031240723E+35    0.9489675255E-01    0.4774626537E+14    0.1122670564E+00
    0.9640000000E+00    0.1687792220E-20    0.1165422177E-21    0.1477202791E-06    0.1582998995E+35    0.5310208370E-01    0.2671773388E+14    0.6731510816E-01
    0.9640000000E+00    0.1808501947E-20    0.1248772362E-21    0.1511611264E-06    0.6714389783E+34    0.2413445372E-01    0.1214298700E+14    0.3278222737E-01
    0.9640000000E+00    0.1937844750E-20    0.1338083694E-21    0.1546821213E-06    0.2238265865E+34    0.8620701259E-02    0.4337411755E+13    0.1254710639E-01
    0.9640000000E+00    0.2076438060E-20    0.1433782510E-21    0.1582851308E-06    0.3879578451E+33    0.1601088958E-02    0.8055704353E+12    0.2496987954E-02
    0.9640000000E+00    0.2224943467E-20    0.1536325639E-21    0.1619720651E-06    0.7928869204E+30    0.3506244340E-05    0.1764128574E+10    0.5859265298E-05
    0.9640000000E+00    0.2384069878E-20    0.1646202581E-21    0.1657448792E-06    0.1930839346E+30    0.9149072393E-06    0.4603255924E+09    0.1638241974E-05
    0.9640000000E+00    0.2554576900E-20    0.1763937846E-21    0.1696055734E-06    0.3755290329E+29    0.1906665212E-06    0.9593177925E+08    0.3658267238E-06
    0.9640000000E+00    0.2737278465E-20    0.1890093455E-21    0.1735561947E-06    0.4686749857E+28    0.2549779932E-07    0.1282893945E+08    0.5242080473E-07
    0.9640000000E+00    0.2933046719E-20    0.2025271626E-21    0.1775988378E-06    0.1148191812E+28    0.6693378270E-08    0.3367700227E+07    0.1474505356E-07
    0.9640000000E+00    0.3142816182E-20    0.2170117645E-21    0.1817356462E-06    0.2519756827E+27    0.1573945008E-08    0.7919132532E+06    0.3715271358E-08
    0.9640000000E+00    0.3367588212E-20    0.2325322952E-21    0.1859688132E-06    0.6049178217E+26    0.4048809129E-09    0.2037114126E+06    0.1024066804E-08
    0.9640000000E+00    0.3608435782E-20    0.2491628434E-21    0.1903005833E-06    0.9226761874E+25    0.6617291043E-10    0.3329417769E+05    0.1793416749E-09
    0.9640000000E+00    0.3866508602E-20    0.2669827968E-21    0.1947332533E-06    0.3151694851E+25    0.2422005283E-10    0.1218605525E+05    0.7033574162E-10
