    0.9620000000E+00    0.4143038610E-23    0.2860772210E-24    0.1992691735E-07    0.0000000000E+00    0.0000000000E+00    0.0000000000E+00    0.0000000000E+00
    0.9620000000E+00    0.4439345853E-23    0.3065372650E-24    0.2039107488E-07    0.0000000000E+00    0.0000000000E+00    0.0000000000E+00    0.0000000000E+00
    0.9620000000E+00    0.4756844785E-23    0.3284605973E-24    0.2086604403E-07    0.0000000000E+00    0.0000000000E+00    0.0000000000E+00    0.0000000000E+00
    0.9620000000E+00    0.5097051019E-23    0.3519518710E-24    0.2135207663E-07    0.0000000000E+00    0.0000000000E+00    0.0000000000E+00    0.0000000000E+00
    0.9620000000E+00    0.5461588566E-23    0.3771232243E-24    0.2184943039E-07    0.0000000000E+00    0.0000000000E+00    0.0000000000E+00    0.0000000000E+00
    0.9620000000E+00    0.5852197586E-23    0.4040948153E-24    0.2235836900E-07    0.0000000000E+00    0.0000000000E+00    0.0000000000E+00    0.0000000000E+00
    0.9620000000E+00    0.6270742692E-23    0.4329953957E-24    0.2287916232E-07    0.0000000000E+00    0.0000000000E+00    0.0000000000E+00    0.0000000000E+00
    0.9620000000E+00    0.6719221852E-23    0.4639629256E-24    0.2341208647E-07    0.0000000000E+00    0.0000000000E+00    0.0000000000E+00    0.0000000000E+00
    0.9620000000E+00    0.7199775931E-23    0.4971452317E-24    0.2395742402E-07    0.0000000000E+00    0.0000000000E+00    0.0000000000E+00    0.0000000000E+00
    0.9620000000E+00    0.7714698903E-23    0.5327007132E-24    0.2451546411E-07    0.0000000000E+00    0.0000000000E+00    0.0000000000E+00    0.0000000000E+00
    0.9620000000E+00    0.8266448809E-23    0.5707990981E-24    0.2508650263E-07    0.0000000000E+00    0.0000000000E+00    0.0000000000E+00    0.0000000000E+00
    0.9620000000E+00    0.8857659485E-23    0.6116222531E-24    0.2567084234E-07    0.0000000000E+00    0.0000000000E+00    0.0000000000E+00    0.0000000000E+00
    0.9620000000E+00    0.9491153137E-23    0.6553650517E-24    0.2626879307E-07    0.0000000000E+00    0.0000000000E+00    0.0000000000E+00    0.0000000000E+00
    0.9620000000E+00    0.1016995382E-22    0.7022363048E-24    0.2688067187E-07    0.0000000000E+00    0.0000000000E+00    0.0000000000E+00    0.0000000000E+00
    0.9620000000E+00    0.1089730185E-22    0.7524597575E-24    0.2750680315E-07    0.0000000000E+00    0.0000000000E+00    0.0000000000E+00    0.0000000000E+00
    0.9620000000E+00    0.1167666930E-22    0.8062751566E-24    0.2814751890E-07    0.0000000000E+00    0.0000000000E+00    0.0000000000E+00    0.0000000000E+00
    0.9620000000E+00    0.1251177658E-22    0.8639393956E-24    0.2880315884E-07    0.0000000000E+00    0.0000000000E+00    0.0000000000E+00    0.0000000000E+00
    0.9620000000E+00    0.1340661015E-22    0.9257277409E-24    0.2947407060E-07    0.0000000000E+00    0.0000000000E+00    0.0000000000E+00    0.0000000000E+00
    0.9620000000E+00    0.1436544159E-22    0.9919351458E-24    0.3016060990E-07    0.0000000000E+00    0.0000000000E+00    0.0000000000E+00    0.0000000000E+00
    0.9620000000E+00    0.1539284799E-22    0.1062877658E-23    0.3086314075E-07    0.0000000000E+00    0.0000000000E+00    0.0000000000E+00    0.0000000000E+00
    0.9620000000E+00    0.1649373379E-22    0.1138893930E-23    0.3158203565E-07    0.0000000000E+00    0.0000000000E+00    0.0000000000E+00    0.0000000000E+00
    0.9620000000E+00    0.1767335417E-22    0.1220346833E-23    0.3231767576E-07    0.0000000000E+00    0.0000000000E+00    0.0000000000E+00    0.0000000000E+00
    0.9620000000E+00    0.1893734018E-22    0.1307625190E-23    0.3307045113E-07    0.0000000000E+00    0.0000000000E+00    0.0000000000E+00    0.0000000000E+00
    0.9620000000E+00    0.2029172559E-22    0.1401145635E-23    0.3384076090E-07    0.0000000000E+00    0.0000000000E+00    0.0000000000E+00    0.0000000000E+00
    0.9620000000E+00    0.2174297571E-22    0.1501354598E-23    0.3462901348E-07    0.0000000000E+00    0.0000000000E+00    0.0000000000E+00    0.0000000000E+00
    0.9620000000E+00    0.2329801823E-22    0.1608730435E-23    0.3543562682E-07    0.0000000000E+00    0.0000000000E+00    0.0000000000E+00    0.0000000000E+00
    0.9620000000E+00    0.2496427630E-22    0.1723785718E-23    0.3626102861E-07    0.0000000000E+00    0.0000000000E+00    0.0000000000E+00    0.0000000000E+00
    0.9620000000E+00    0.2674970400E-22    0.1847069675E-23    0.3710565646E-07    0.0000000000E+00    0.0000000000E+00    0.0000000000E+00    0.0000000000E+00
    0.9620000000E+00    0.2866282424E-22    0.1979170815E-23    0.3796995823E-07    0.0000000000E+00    0.0000000000E+00    0.0000000000E+00    0.0000000000E+00
    0.9620000000E+00    0.3071276952E-22    0.2120719737E-23    0.3885439218E-07    0.0000000000E+00    0.0000000000E+00    0.0000000000E+00    0.0000000000E+00
    0.9620000000E+00    0.3290932546E-22    0.2272392139E-23    0.3975942724E-07    0.0000000000E+00    0.0000000000E+00    0.0000000000E+00    0.0000000000E+00
    0.9620000000E+00    0.3526297755E-22    0.2434912046E-23    0.4068554327E-07    0.0000000000E+00    0.0000000000E+00    0.0000000000E+00    0.0000000000E+00
    0.9620000000E+00    0.3778496121E-22    0.2609055264E-23    0.4163323131E-07   -0.1934457662E-15   -0.1452747554E-52   -0.7309340770E-38   -0.4129785702E-54
    0.9620000000E+00    0.4048731538E-22    0.2795653084E-23    0.4260299385E-07    0.4998245506E-14    0.4022059658E-51    0.2023655421E-36    0.1225140429E-52
    0.9620000000E+00    0.4338294005E-22    0.2995596250E-23    0.4359534505E-07    0.4336658053E-13    0.3739263783E-50    0.1881369763E-35    0.1220459765E-51
    0.9620000000E+00    0.4648565778E-22    0.3209839213E-23    0.4461081109E-07   -0.1074474914E-11   -0.9927209888E-49   -0.4994767313E-34   -0.3471878893E-50
    0.9620000000E+00    0.4981027973E-22    0.3439404683E-23    0.4564993037E-07   -0.2182971890E-10   -0.2161120919E-47   -0.1087344405E-32   -0.8098720868E-49
    0.9620000000E+00    0.5337267633E-22    0.3685388516E-23    0.4671325384E-07    0.1321916655E-09    0.1402280834E-46    0.7055422973E-32    0.5630829297E-48
    0.9620000000E+00    0.5718985306E-22    0.3948964943E-23    0.4780134531E-07    0.5821422400E-08    0.6616983270E-45    0.3329262916E-30    0.2847065115E-46
    0.9620000000E+00    0.6128003161E-22    0.4231392172E-23    0.4891478167E-07   -0.7893819083E-08   -0.9614309366E-45   -0.4837334830E-30   -0.4432568502E-46
    0.9620000000E+00    0.6566273690E-22    0.4534018400E-23    0.5005415331E-07   -0.2865715888E-05   -0.3739935010E-42   -0.1881707484E-27   -0.1847572200E-43
    0.9620000000E+00    0.7035889022E-22    0.4858288246E-23    0.5122006431E-07   -0.3878233889E-03   -0.5423316134E-40   -0.2728682324E-25   -0.2870795682E-41
    0.9620000000E+00    0.7539090917E-22    0.5205749646E-23    0.5241313287E-07   -0.3391163359E-02   -0.5081356145E-39   -0.2556628888E-24   -0.2882152779E-40
    0.9620000000E+00    0.8078281461E-22    0.5578061244E-23    0.5363399157E-07    0.1594448610E-01    0.2560008753E-38    0.1288040465E-23    0.1555889728E-39
    0.9620000000E+00    0.8656034539E-22    0.5977000309E-23    0.5488328773E-07    0.1975186754E+01    0.3398122951E-36    0.1709728477E-21    0.2212974715E-37
    0.9620000000E+00    0.9275108115E-22    0.6404471218E-23    0.5616168372E-07    0.4139305607E+02    0.7630595212E-35    0.3839250703E-20    0.5324707785E-36
    0.9620000000E+00    0.9938457404E-22    0.6862514550E-23    0.5746985739E-07   -0.1069413652E+01   -0.2112402379E-36   -0.1062832203E-21   -0.1579479565E-37
    0.9620000000E+00    0.1064924897E-21    0.7353316823E-23    0.5880850233E-07   -0.4561945151E+04   -0.9655638179E-33   -0.4858128971E-18   -0.7736033589E-34
    0.9620000000E+00    0.1141087586E-21    0.7879220933E-23    0.6017832832E-07   -0.2557370702E+06   -0.5799954803E-31   -0.2918183960E-16   -0.4979227536E-32
    0.9620000000E+00    0.1222697377E-21    0.8442737340E-23    0.6158006166E-07   -0.1249098237E+08   -0.3035481002E-29   -0.1527269138E-14   -0.2792318043E-30
    0.9620000000E+00    0.1310143844E-21    0.9046556049E-23    0.6301444556E-07   -0.5502608286E+09   -0.1432846020E-27   -0.7209208374E-13   -0.1412332279E-28
    0.9620000000E+00    0.1403844422E-21    0.9693559452E-23    0.6448224056E-07   -0.5638055921E+10   -0.1573114387E-26   -0.7914953355E-12   -0.1661489750E-27
    0.9620000000E+00    0.1504246400E-21    0.1038683609E-22    0.6598422489E-07   -0.2057887162E+09   -0.6152512176E-28   -0.3095569355E-13   -0.6962894987E-29
    0.9620000000E+00    0.1611829057E-21    0.1112969539E-22    0.6752119493E-07    0.2939052628E+12    0.9415389411E-25    0.4737250426E-10    0.1141762172E-25
    0.9620000000E+00    0.1727105951E-21    0.1192568347E-22    0.6909396560E-07    0.8933667608E+13    0.3066625295E-23    0.1542939049E-08    0.3984722454E-24
    0.9620000000E+00    0.1850627369E-21    0.1277860007E-22    0.7070337081E-07    0.2327478837E+15    0.8560845606E-22    0.4307296036E-07    0.1191938995E-22
    0.9620000000E+00    0.1982982953E-21    0.1369251667E-22    0.7235026388E-07    0.5508762304E+16    0.2171125646E-20    0.1092378174E-05    0.3239084821E-21
    0.9620000000E+00    0.2124804516E-21    0.1467179595E-22    0.7403551802E-07    0.1984157127E+17    0.8379285445E-20    0.4215946023E-05    0.1339505029E-20
    0.9620000000E+00    0.2276769058E-21    0.1572111260E-22    0.7576002677E-07   -0.1032765020E+17   -0.4673394507E-20   -0.2351367442E-05   -0.8005156139E-21
    0.9620000000E+00    0.2439602000E-21    0.1684547565E-22    0.7752470448E-07   -0.7571702780E+18   -0.3671338949E-18   -0.1847194124E-03   -0.6738478471E-19
    0.9620000000E+00    0.2614080640E-21    0.1805025236E-22    0.7933048683E-07   -0.1324746930E+20   -0.6882779327E-17   -0.3462995302E-02   -0.1353633859E-17
    0.9620000000E+00    0.2801037871E-21    0.1934119387E-22    0.8117833125E-07   -0.1981608323E+21   -0.1103186000E-15   -0.5550559959E-01   -0.2324802720E-16
    0.9620000000E+00    0.3001366153E-21    0.2072446262E-22    0.8306921749E-07   -0.2706183432E+22   -0.1614314526E-14   -0.8122247358E+00   -0.3645234888E-15
    0.9620000000E+00    0.3216021775E-21    0.2220666179E-22    0.8500414813E-07   -0.3407180371E+23   -0.2177840395E-13   -0.1095756626E+02   -0.5269427242E-14
    0.9620000000E+00    0.3446029418E-21    0.2379486681E-22    0.8698414910E-07   -0.3602673459E+24   -0.2467492402E-12   -0.1241491872E+03   -0.6397248004E-13
    0.9620000000E+00    0.3692487048E-21    0.2549665916E-22    0.8901027021E-07   -0.7395789972E+24   -0.5427695726E-12   -0.2730885868E+03   -0.1507831656E-12
    0.9620000000E+00    0.3956571157E-21    0.2732016250E-22    0.9108358575E-07   -0.8977239976E+23   -0.7059497010E-13   -0.3551908875E+02   -0.2101411584E-13
    0.9620000000E+00    0.4239542377E-21    0.2927408154E-22    0.9320519501E-07    0.9077181338E+25    0.7648599759E-11    0.3848309494E+04    0.2439603788E-11
    0.9620000000E+00    0.4542751502E-21    0.3136774352E-22    0.9537622289E-07    0.9331333800E+26    0.8425091946E-10    0.4238993064E+05    0.2879466383E-10
    0.9620000000E+00    0.4867645933E-21    0.3361114274E-22    0.9759782052E-07    0.7645022854E+27    0.7396218147E-09    0.3721326441E+06    0.2708613729E-09
    0.9620000000E+00    0.5215776589E-21    0.3601498832E-22    0.9987116580E-07    0.5655127592E+28    0.5862371440E-08    0.2949588210E+07    0.2300438860E-08
    0.9620000000E+00    0.5588805307E-21    0.3859075526E-22    0.1021974641E-06    0.3865360472E+29    0.4293593502E-07    0.2160274712E+08    0.1805337023E-07
    0.9620000000E+00    0.5988512779E-21    0.4135073927E-22    0.1045779488E-06    0.2456259810E+30    0.2923514324E-06    0.1470934326E+09    0.1317172302E-06
    0.9620000000E+00    0.6416807053E-21    0.4430811541E-22    0.1070138822E-06    0.1454439117E+31    0.1854925494E-05    0.9332855181E+09    0.8954963779E-06
    0.9620000000E+00    0.6875732635E-21    0.4747700104E-22    0.1095065557E-06    0.8034462700E+31    0.1097963146E-04    0.5524281739E+10    0.5679696459E-05
    0.9620000000E+00    0.7367480256E-21    0.5087252317E-22    0.1120572911E-06    0.4142790140E+32    0.6066299635E-04    0.3052192456E+11    0.3362491702E-04
    0.9620000000E+00    0.7894397325E-21    0.5451089068E-22    0.1146674407E-06    0.1993839021E+33    0.3128390909E-03    0.1574015744E+12    0.1858054201E-03
    0.9620000000E+00    0.8458999137E-21    0.5840947171E-22    0.1173383885E-06    0.8950924984E+33    0.1504869504E-02    0.7571586672E+12    0.9577148131E-03
    0.9620000000E+00    0.9063980879E-21    0.6258687655E-22    0.1200715507E-06    0.3743425780E+34    0.6743729639E-02    0.3393033969E+13    0.4598725787E-02
    0.9620000000E+00    0.9712230494E-21    0.6706304648E-22    0.1228683764E-06    0.1408722064E+35    0.2719294476E-01    0.1368183338E+14    0.1986980495E-01
    0.9620000000E+00    0.1040684247E-20    0.7185934897E-22    0.1257303485E-06    0.3341099853E+35    0.6910673568E-01    0.3477029985E+14    0.5410753420E-01
    0.9620000000E+00    0.1115113261E-20    0.7699867968E-22    0.1286589846E-06    0.5232338554E+35    0.1159649542E+00    0.5834650109E+14    0.9728908619E-01
    0.9620000000E+00    0.1194865387E-20    0.8250557175E-22    0.1316558373E-06    0.6144501694E+35    0.1459209311E+00    0.7341852395E+14    0.1311761728E+00
    0.9620000000E+00    0.1280321329E-20    0.8840631292E-22    0.1347224957E-06    0.6152718476E+35    0.1565661845E+00    0.7877456699E+14    0.1508118027E+00
    0.9620000000E+00    0.1371889021E-20    0.9472907100E-22    0.1378605858E-06    0.5862599454E+35    0.1598531310E+00    0.8042835828E+14    0.1649903374E+00
    0.9620000000E+00    0.1470005571E-20    0.1015040283E-21    0.1410717713E-06    0.4695830107E+35    0.1371965845E+00    0.6902896419E+14    0.1517332162E+00
    0.9620000000E+00    0.1575139348E-20    0.1087635259E-21    0.1443577550E-06    0.2994966435E+35    0.9376114093E-01    0.4717489478E+14    0.1111118163E+00
    0.9620000000E+00    0.1687792220E-20    0.1165422177E-21    0.1477202791E-06    0.1557113349E+35    0.5223374347E-01    0.2628083796E+14    0.6632671912E-01
    0.9620000000E+00    0.1808501947E-20    0.1248772362E-21    0.1511611264E-06    0.6575829173E+34    0.2363640629E-01    0.1189239986E+14    0.3216020511E-01
    0.9620000000E+00    0.1937844750E-20    0.1338083694E-21    0.1546821213E-06    0.2180580697E+34    0.8398526311E-02    0.4225626854E+13    0.1224448294E-01
    0.9620000000E+00    0.2076438060E-20    0.1433782510E-21    0.1582851308E-06    0.3704567471E+33    0.1528862516E-02    0.7692304893E+12    0.2388393037E-02
    0.9620000000E+00    0.2224943467E-20    0.1536325639E-21    0.1619720651E-06    0.7812366806E+30    0.3454725535E-05    0.1738207449E+10    0.5782969655E-05
    0.9620000000E+00    0.2384069878E-20    0.1646202581E-21    0.1657448792E-06    0.1902044176E+30    0.9012629608E-06    0.4534606226E+09    0.1616549050E-05
    0.9620000000E+00    0.2554576900E-20    0.1763937846E-21    0.1696055734E-06    0.3687340606E+29    0.1872165250E-06    0.9419595134E+08    0.3598168882E-06
    0.9620000000E+00    0.2737278465E-20    0.1890093455E-21    0.1735561947E-06    0.4623171910E+28    0.2515190979E-07    0.1265490891E+08    0.5179744407E-07
    0.9620000000E+00    0.2933046719E-20    0.2025271626E-21    0.1775988378E-06    0.1132619349E+28    0.6602598678E-08    0.3322025466E+07    0.1456975551E-07
    0.9620000000E+00    0.3142816182E-20    0.2170117645E-21    0.1817356462E-06    0.2485766415E+27    0.1552713181E-08    0.7812306914E+06    0.3671373791E-08
    0.9620000000E+00    0.3367588212E-20    0.2325322952E-21    0.1859688132E-06    0.5967486834E+26    0.3994131815E-09    0.2009603832E+06    0.1011951636E-08
    0.9620000000E+00    0.3608435782E-20    0.2491628434E-21    0.1903005833E-06    0.9092232116E+25    0.6520808379E-10    0.3280873570E+05    0.1770267114E-09
    0.9620000000E+00    0.3866508602E-20    0.2669827968E-21    0.1947332533E-06    0.3103270961E+25    0.2384792633E-10    0.1199882386E+05    0.6937260211E-10
