    0.9330000000E+00    0.4143038610E-23    0.2860772210E-24    0.1992691735E-07    0.0000000000E+00    0.0000000000E+00    0.0000000000E+00    0.0000000000E+00
    0.9330000000E+00    0.4439345853E-23    0.3065372650E-24    0.2039107488E-07    0.0000000000E+00    0.0000000000E+00    0.0000000000E+00    0.0000000000E+00
    0.9330000000E+00    0.4756844785E-23    0.3284605973E-24    0.2086604403E-07    0.0000000000E+00    0.0000000000E+00    0.0000000000E+00    0.0000000000E+00
    0.9330000000E+00    0.5097051019E-23    0.3519518710E-24    0.2135207663E-07    0.0000000000E+00    0.0000000000E+00    0.0000000000E+00    0.0000000000E+00
    0.9330000000E+00    0.5461588566E-23    0.3771232243E-24    0.2184943039E-07    0.0000000000E+00    0.0000000000E+00    0.0000000000E+00    0.0000000000E+00
    0.9330000000E+00    0.5852197586E-23    0.4040948153E-24    0.2235836900E-07    0.0000000000E+00    0.0000000000E+00    0.0000000000E+00    0.0000000000E+00
    0.9330000000E+00    0.6270742692E-23    0.4329953957E-24    0.2287916232E-07    0.0000000000E+00    0.0000000000E+00    0.0000000000E+00    0.0000000000E+00
    0.9330000000E+00    0.6719221852E-23    0.4639629256E-24    0.2341208647E-07    0.0000000000E+00    0.0000000000E+00    0.0000000000E+00    0.0000000000E+00
    0.9330000000E+00    0.7199775931E-23    0.4971452317E-24    0.2395742402E-07    0.0000000000E+00    0.0000000000E+00    0.0000000000E+00    0.0000000000E+00
    0.9330000000E+00    0.7714698903E-23    0.5327007132E-24    0.2451546411E-07    0.0000000000E+00    0.0000000000E+00    0.0000000000E+00    0.0000000000E+00
    0.9330000000E+00    0.8266448809E-23    0.5707990981E-24    0.2508650263E-07    0.0000000000E+00    0.0000000000E+00    0.0000000000E+00    0.0000000000E+00
    0.9330000000E+00    0.8857659485E-23    0.6116222531E-24    0.2567084234E-07    0.0000000000E+00    0.0000000000E+00    0.0000000000E+00    0.0000000000E+00
    0.9330000000E+00    0.9491153137E-23    0.6553650517E-24    0.2626879307E-07    0.0000000000E+00    0.0000000000E+00    0.0000000000E+00    0.0000000000E+00
    0.9330000000E+00    0.1016995382E-22    0.7022363048E-24    0.2688067187E-07    0.0000000000E+00    0.0000000000E+00    0.0000000000E+00    0.0000000000E+00
    0.9330000000E+00    0.1089730185E-22    0.7524597575E-24    0.2750680315E-07    0.0000000000E+00    0.0000000000E+00    0.0000000000E+00    0.0000000000E+00
    0.9330000000E+00    0.1167666930E-22    0.8062751566E-24    0.2814751890E-07    0.0000000000E+00    0.0000000000E+00    0.0000000000E+00    0.0000000000E+00
    0.9330000000E+00    0.1251177658E-22    0.8639393956E-24    0.2880315884E-07    0.0000000000E+00    0.0000000000E+00    0.0000000000E+00    0.0000000000E+00
    0.9330000000E+00    0.1340661015E-22    0.9257277409E-24    0.2947407060E-07    0.0000000000E+00    0.0000000000E+00    0.0000000000E+00    0.0000000000E+00
    0.9330000000E+00    0.1436544159E-22    0.9919351458E-24    0.3016060990E-07    0.0000000000E+00    0.0000000000E+00    0.0000000000E+00    0.0000000000E+00
    0.9330000000E+00    0.1539284799E-22    0.1062877658E-23    0.3086314075E-07    0.0000000000E+00    0.0000000000E+00    0.0000000000E+00    0.0000000000E+00
    0.9330000000E+00    0.1649373379E-22    0.1138893930E-23    0.3158203565E-07    0.0000000000E+00    0.0000000000E+00    0.0000000000E+00    0.0000000000E+00
    0.9330000000E+00    0.1767335417E-22    0.1220346833E-23    0.3231767576E-07    0.0000000000E+00    0.0000000000E+00    0.0000000000E+00    0.0000000000E+00
    0.9330000000E+00    0.1893734018E-22    0.1307625190E-23    0.3307045113E-07    0.0000000000E+00    0.0000000000E+00    0.0000000000E+00    0.0000000000E+00
    0.9330000000E+00    0.2029172559E-22    0.1401145635E-23    0.3384076090E-07    0.0000000000E+00    0.0000000000E+00    0.0000000000E+00    0.0000000000E+00
    0.9330000000E+00    0.2174297571E-22    0.1501354598E-23    0.3462901348E-07    0.0000000000E+00    0.0000000000E+00    0.0000000000E+00    0.0000000000E+00
    0.9330000000E+00    0.2329801823E-22    0.1608730435E-23    0.3543562682E-07    0.0000000000E+00    0.0000000000E+00    0.0000000000E+00    0.0000000000E+00
    0.9330000000E+00    0.2496427630E-22    0.1723785718E-23    0.3626102861E-07    0.0000000000E+00    0.0000000000E+00    0.0000000000E+00    0.0000000000E+00
    0.9330000000E+00    0.2674970400E-22    0.1847069675E-23    0.3710565646E-07    0.0000000000E+00    0.0000000000E+00    0.0000000000E+00    0.0000000000E+00
    0.9330000000E+00    0.2866282424E-22    0.1979170815E-23    0.3796995823E-07    0.0000000000E+00    0.0000000000E+00    0.0000000000E+00    0.0000000000E+00
    0.9330000000E+00    0.3071276952E-22    0.2120719737E-23    0.3885439218E-07    0.0000000000E+00    0.0000000000E+00    0.0000000000E+00    0.0000000000E+00
    0.9330000000E+00    0.3290932546E-22    0.2272392139E-23    0.3975942724E-07    0.0000000000E+00    0.0000000000E+00    0.0000000000E+00    0.0000000000E+00
    0.9330000000E+00    0.3526297755E-22    0.2434912046E-23    0.4068554327E-07   -0.3900504358E-15   -0.2733705279E-52   -0.1375433976E-37   -0.7450032428E-54
    0.9330000000E+00    0.3778496121E-22    0.2609055264E-23    0.4163323131E-07   -0.8027740006E-15   -0.6028707627E-52   -0.3033278447E-37   -0.1760478373E-53
    0.9330000000E+00    0.4048731538E-22    0.2795653084E-23    0.4260299385E-07    0.6021980208E-13    0.4845853135E-50    0.2438138119E-35    0.1516270618E-51
    0.9330000000E+00    0.4338294005E-22    0.2995596250E-23    0.4359534505E-07    0.7945128924E-13    0.6850651463E-50    0.3446830518E-35    0.2296880203E-51
    0.9330000000E+00    0.4648565778E-22    0.3209839213E-23    0.4461081109E-07   -0.1558266662E-10   -0.1439702316E-47   -0.7243705079E-33   -0.5172246032E-49
    0.9330000000E+00    0.4981027973E-22    0.3439404683E-23    0.4564993037E-07   -0.5777243187E-10   -0.5719414512E-47   -0.2877660992E-32   -0.2201699505E-48
    0.9330000000E+00    0.5337267633E-22    0.3685388516E-23    0.4671325384E-07    0.1965505061E-08    0.2084995348E-45    0.1049042654E-30    0.8600259628E-47
    0.9330000000E+00    0.5718985306E-22    0.3948964943E-23    0.4780134531E-07    0.1722169427E-07    0.1957522664E-44    0.9849061645E-30    0.8651935452E-46
    0.9330000000E+00    0.6128003161E-22    0.4231392172E-23    0.4891478167E-07   -0.1698795577E-06   -0.2069055049E-43   -0.1041022467E-28   -0.9798926888E-45
    0.9330000000E+00    0.6566273690E-22    0.4534018400E-23    0.5005415331E-07   -0.2896412923E-04   -0.3779996524E-41   -0.1901863997E-26   -0.1918217604E-42
    0.9330000000E+00    0.7035889022E-22    0.4858288246E-23    0.5122006431E-07   -0.3211501611E-02   -0.4490958771E-39   -0.2259576893E-24   -0.2441999327E-40
    0.9330000000E+00    0.7539090917E-22    0.5205749646E-23    0.5241313287E-07   -0.6144896845E-02   -0.9207580419E-39   -0.4632693599E-24   -0.5364780931E-40
    0.9330000000E+00    0.8078281461E-22    0.5578061244E-23    0.5363399157E-07    0.1725284482E+00    0.2770075715E-37    0.1393733364E-22    0.1729410581E-38
    0.9330000000E+00    0.8656034539E-22    0.5977000309E-23    0.5488328773E-07    0.1588786124E+02    0.2733357026E-35    0.1375258756E-20    0.1828533132E-36
    0.9330000000E+00    0.9275108115E-22    0.6404471218E-23    0.5616168372E-07    0.9689943792E+02    0.1786290883E-34    0.8987527630E-20    0.1280438292E-35
    0.9330000000E+00    0.9938457404E-22    0.6862514550E-23    0.5746985739E-07   -0.3761906820E+03   -0.7430857929E-34   -0.3738755069E-19   -0.5707493556E-35
    0.9330000000E+00    0.1064924897E-21    0.7353316823E-23    0.5880850233E-07   -0.3181809542E+05   -0.6734496070E-32   -0.3388388200E-17   -0.5542574963E-33
    0.9330000000E+00    0.1141087586E-21    0.7879220933E-23    0.6017832832E-07   -0.1656742966E+07   -0.3757388132E-30   -0.1890488832E-15   -0.3313542392E-31
    0.9330000000E+00    0.1222697377E-21    0.8442737340E-23    0.6158006166E-07   -0.7687135245E+08   -0.1868079893E-28   -0.9399040103E-14   -0.1765232512E-29
    0.9330000000E+00    0.1310143844E-21    0.9046556049E-23    0.6301444556E-07   -0.3213274458E+10   -0.8367172947E-27   -0.4209851752E-12   -0.8471985769E-28
    0.9330000000E+00    0.1403844422E-21    0.9693559452E-23    0.6448224056E-07   -0.1014682701E+11   -0.2831138920E-26   -0.1424456649E-11   -0.3071621168E-27
    0.9330000000E+00    0.1504246400E-21    0.1038683609E-22    0.6598422489E-07    0.3228173639E+11    0.9651344341E-26    0.4855968573E-11    0.1122003683E-26
    0.9330000000E+00    0.1611829057E-21    0.1112969539E-22    0.6752119493E-07    0.1547867367E+13    0.4958663849E-24    0.2494897598E-09    0.6176908100E-25
    0.9330000000E+00    0.1727105951E-21    0.1192568347E-22    0.6909396560E-07    0.4320428379E+14    0.1483056627E-22    0.7461837565E-08    0.1979539653E-23
    0.9330000000E+00    0.1850627369E-21    0.1277860007E-22    0.7070337081E-07    0.1071856056E+16    0.3942460854E-21    0.1983606152E-06    0.5638633426E-22
    0.9330000000E+00    0.1982982953E-21    0.1369251667E-22    0.7235026388E-07    0.1788483993E+17    0.7048812874E-20    0.3546533269E-05    0.1080245469E-20
    0.9330000000E+00    0.2124804516E-21    0.1467179595E-22    0.7403551802E-07    0.2517567618E+17    0.1063192900E-19    0.5349339044E-05    0.1745896682E-20
    0.9330000000E+00    0.2276769058E-21    0.1572111260E-22    0.7576002677E-07   -0.1225697159E+18   -0.5546437243E-19   -0.2790629367E-04   -0.9759342849E-20
    0.9330000000E+00    0.2439602000E-21    0.1684547565E-22    0.7752470448E-07   -0.3055190319E+19   -0.1481389265E-17   -0.7453448412E-03   -0.2793030414E-18
    0.9330000000E+00    0.2614080640E-21    0.1805025236E-22    0.7933048683E-07   -0.4900289525E+20   -0.2545966379E-16   -0.1280975198E-01   -0.5143504641E-17
    0.9330000000E+00    0.2801037871E-21    0.1934119387E-22    0.8117833125E-07   -0.6987780826E+21   -0.3890184495E-15   -0.1957303873E+00   -0.8421252133E-16
    0.9330000000E+00    0.3001366153E-21    0.2072446262E-22    0.8306921749E-07   -0.9144650865E+22   -0.5455041426E-14   -0.2744644559E+01   -0.1265332097E-14
    0.9330000000E+00    0.3216021775E-21    0.2220666179E-22    0.8500414813E-07   -0.1104740990E+24   -0.7061409414E-13   -0.3552871081E+02   -0.1755083826E-13
    0.9330000000E+00    0.3446029418E-21    0.2379486681E-22    0.8698414910E-07   -0.7349282374E+24   -0.5033567050E-12   -0.2532584327E+03   -0.1340547879E-12
    0.9330000000E+00    0.3692487048E-21    0.2549665916E-22    0.8901027021E-07   -0.8172648935E+24   -0.5997824690E-12   -0.3017740034E+03   -0.1711591967E-12
    0.9330000000E+00    0.3956571157E-21    0.2732016250E-22    0.9108358575E-07    0.1554204898E+25    0.1222191326E-11    0.6149322273E+03    0.3737194225E-12
    0.9330000000E+00    0.4239542377E-21    0.2927408154E-22    0.9320519501E-07    0.2799878638E+26    0.2359229179E-10    0.1187020413E+05    0.7729948539E-11
    0.9330000000E+00    0.4542751502E-21    0.3136774352E-22    0.9537622289E-07    0.2529422577E+27    0.2283769741E-09    0.1149053821E+06    0.8017865862E-10
    0.9330000000E+00    0.4867645933E-21    0.3361114274E-22    0.9759782052E-07    0.1962874797E+28    0.1898993694E-08    0.9554579524E+06    0.7143811630E-09
    0.9330000000E+00    0.5215776589E-21    0.3601498832E-22    0.9987116580E-07    0.1393051981E+29    0.1444103252E-07    0.7265847907E+07    0.5821095412E-08
    0.9330000000E+00    0.5588805307E-21    0.3859075526E-22    0.1021974641E-06    0.9164686444E+29    0.1018001774E-06    0.5121964823E+08    0.4396985227E-07
    0.9330000000E+00    0.5988512779E-21    0.4135073927E-22    0.1045779488E-06    0.5612110998E+30    0.6679703355E-06    0.3360819843E+09    0.3091460115E-06
    0.9330000000E+00    0.6416807053E-21    0.4430811541E-22    0.1070138822E-06    0.3204620657E+31    0.4087027423E-05    0.2056343243E+10    0.2026814598E-05
    0.9330000000E+00    0.6875732635E-21    0.4747700104E-22    0.1095065557E-06    0.1708023661E+32    0.2334128742E-04    0.1174391403E+11    0.1240312950E-04
    0.9330000000E+00    0.7367480256E-21    0.5087252317E-22    0.1120572911E-06    0.8500717077E+32    0.1244762471E-03    0.6262886523E+11    0.7087498138E-04
    0.9330000000E+00    0.7894397325E-21    0.5451089068E-22    0.1146674407E-06    0.3949861022E+33    0.6197445823E-03    0.3118177229E+12    0.3781109118E-03
    0.9330000000E+00    0.8458999137E-21    0.5840947171E-22    0.1173383885E-06    0.1712032491E+34    0.2878345522E-02    0.1448208136E+13    0.1881695724E-02
    0.9330000000E+00    0.9063980879E-21    0.6258687655E-22    0.1200715507E-06    0.6911895083E+34    0.1245168316E-01    0.6264928487E+13    0.8722370554E-02
    0.9330000000E+00    0.9712230494E-21    0.6706304648E-22    0.1228683764E-06    0.2215251537E+35    0.4276160234E-01    0.2151503353E+14    0.3209670438E-01
    0.9330000000E+00    0.1040684247E-20    0.7185934897E-22    0.1257303485E-06    0.4281566918E+35    0.8855919497E-01    0.4455759244E+14    0.7122625854E-01
    0.9330000000E+00    0.1115113261E-20    0.7699867968E-22    0.1286589846E-06    0.5890082697E+35    0.1305426174E+00    0.6568109326E+14    0.1125016230E+00
    0.9330000000E+00    0.1194865387E-20    0.8250557175E-22    0.1316558373E-06    0.6312484086E+35    0.1499102126E+00    0.7542568741E+14    0.1384323820E+00
    0.9330000000E+00    0.1280321329E-20    0.8840631292E-22    0.1347224957E-06    0.6224715114E+35    0.1583982590E+00    0.7969635530E+14    0.1567317113E+00
    0.9330000000E+00    0.1371889021E-20    0.9472907100E-22    0.1378605858E-06    0.5650640108E+35    0.1540737211E+00    0.7752051128E+14    0.1633559823E+00
    0.9330000000E+00    0.1470005571E-20    0.1015040283E-21    0.1410717713E-06    0.4123234858E+35    0.1204672500E+00    0.6061178212E+14    0.1368596637E+00
    0.9330000000E+00    0.1575139348E-20    0.1087635259E-21    0.1443577550E-06    0.2442220112E+35    0.7645673135E-01    0.3846836995E+14    0.9307267562E-01
    0.9330000000E+00    0.1687792220E-20    0.1165422177E-21    0.1477202791E-06    0.1185052219E+35    0.3975286298E-01    0.2000121916E+14    0.5185311887E-01
    0.9330000000E+00    0.1808501947E-20    0.1248772362E-21    0.1511611264E-06    0.4677343377E+34    0.1681241795E-01    0.8458984604E+13    0.2349831112E-01
    0.9330000000E+00    0.1937844750E-20    0.1338083694E-21    0.1546821213E-06    0.1421310378E+34    0.5474189800E-02    0.2754278854E+13    0.8198347505E-02
    0.9330000000E+00    0.2076438060E-20    0.1433782510E-21    0.1582851308E-06    0.1659483329E+33    0.6848631794E-03    0.3445814343E+12    0.1099031878E-02
    0.9330000000E+00    0.2224943467E-20    0.1536325639E-21    0.1619720651E-06    0.6185449079E+30    0.2735282329E-05    0.1376227452E+10    0.4703364443E-05
    0.9330000000E+00    0.2384069878E-20    0.1646202581E-21    0.1657448792E-06    0.1499367678E+30    0.7104590786E-06    0.3574597317E+09    0.1309017764E-05
    0.9330000000E+00    0.2554576900E-20    0.1763937846E-21    0.1696055734E-06    0.2758199408E+29    0.1400414455E-06    0.7046032491E+08    0.2764795771E-06
    0.9330000000E+00    0.2737278465E-20    0.1890093455E-21    0.1735561947E-06    0.3727658452E+28    0.2027995734E-07    0.1020363920E+08    0.4290160192E-07
    0.9330000000E+00    0.2933046719E-20    0.2025271626E-21    0.1775988378E-06    0.9132871064E+27    0.5324002495E-08    0.2678713751E+07    0.1206826178E-07
    0.9330000000E+00    0.3142816182E-20    0.2170117645E-21    0.1817356462E-06    0.2006861580E+27    0.1253569286E-08    0.6307197050E+06    0.3044772262E-08
    0.9330000000E+00    0.3367588212E-20    0.2325322952E-21    0.1859688132E-06    0.4815362226E+26    0.3222996883E-09    0.1621615707E+06    0.8388153269E-09
    0.9330000000E+00    0.3608435782E-20    0.2491628434E-21    0.1903005833E-06    0.7193233210E+25    0.5158875707E-10    0.2595632010E+05    0.1438671155E-09
    0.9330000000E+00    0.3866508602E-20    0.2669827968E-21    0.1947332533E-06    0.2424922874E+25    0.1863497670E-10    0.9375985149E+04    0.5568462839E-10
