    0.9470000000E+00    0.4143038610E-23    0.2860772210E-24    0.1992691735E-07    0.0000000000E+00    0.0000000000E+00    0.0000000000E+00    0.0000000000E+00
    0.9470000000E+00    0.4439345853E-23    0.3065372650E-24    0.2039107488E-07    0.0000000000E+00    0.0000000000E+00    0.0000000000E+00    0.0000000000E+00
    0.9470000000E+00    0.4756844785E-23    0.3284605973E-24    0.2086604403E-07    0.0000000000E+00    0.0000000000E+00    0.0000000000E+00    0.0000000000E+00
    0.9470000000E+00    0.5097051019E-23    0.3519518710E-24    0.2135207663E-07    0.0000000000E+00    0.0000000000E+00    0.0000000000E+00    0.0000000000E+00
    0.9470000000E+00    0.5461588566E-23    0.3771232243E-24    0.2184943039E-07    0.0000000000E+00    0.0000000000E+00    0.0000000000E+00    0.0000000000E+00
    0.9470000000E+00    0.5852197586E-23    0.4040948153E-24    0.2235836900E-07    0.0000000000E+00    0.0000000000E+00    0.0000000000E+00    0.0000000000E+00
    0.9470000000E+00    0.6270742692E-23    0.4329953957E-24    0.2287916232E-07    0.0000000000E+00    0.0000000000E+00    0.0000000000E+00    0.0000000000E+00
    0.9470000000E+00    0.6719221852E-23    0.4639629256E-24    0.2341208647E-07    0.0000000000E+00    0.0000000000E+00    0.0000000000E+00    0.0000000000E+00
    0.9470000000E+00    0.7199775931E-23    0.4971452317E-24    0.2395742402E-07    0.0000000000E+00    0.0000000000E+00    0.0000000000E+00    0.0000000000E+00
    0.9470000000E+00    0.7714698903E-23    0.5327007132E-24    0.2451546411E-07    0.0000000000E+00    0.0000000000E+00    0.0000000000E+00    0.0000000000E+00
    0.9470000000E+00    0.8266448809E-23    0.5707990981E-24    0.2508650263E-07    0.0000000000E+00    0.0000000000E+00    0.0000000000E+00    0.0000000000E+00
    0.9470000000E+00    0.8857659485E-23    0.6116222531E-24    0.2567084234E-07    0.0000000000E+00    0.0000000000E+00    0.0000000000E+00    0.0000000000E+00
    0.9470000000E+00    0.9491153137E-23    0.6553650517E-24    0.2626879307E-07    0.0000000000E+00    0.0000000000E+00    0.0000000000E+00    0.0000000000E+00
    0.9470000000E+00    0.1016995382E-22    0.7022363048E-24    0.2688067187E-07    0.0000000000E+00    0.0000000000E+00    0.0000000000E+00    0.0000000000E+00
    0.9470000000E+00    0.1089730185E-22    0.7524597575E-24    0.2750680315E-07    0.0000000000E+00    0.0000000000E+00    0.0000000000E+00    0.0000000000E+00
    0.9470000000E+00    0.1167666930E-22    0.8062751566E-24    0.2814751890E-07    0.0000000000E+00    0.0000000000E+00    0.0000000000E+00    0.0000000000E+00
    0.9470000000E+00    0.1251177658E-22    0.8639393956E-24    0.2880315884E-07    0.0000000000E+00    0.0000000000E+00    0.0000000000E+00    0.0000000000E+00
    0.9470000000E+00    0.1340661015E-22    0.9257277409E-24    0.2947407060E-07    0.0000000000E+00    0.0000000000E+00    0.0000000000E+00    0.0000000000E+00
    0.9470000000E+00    0.1436544159E-22    0.9919351458E-24    0.3016060990E-07    0.0000000000E+00    0.0000000000E+00    0.0000000000E+00    0.0000000000E+00
    0.9470000000E+00    0.1539284799E-22    0.1062877658E-23    0.3086314075E-07    0.0000000000E+00    0.0000000000E+00    0.0000000000E+00    0.0000000000E+00
    0.9470000000E+00    0.1649373379E-22    0.1138893930E-23    0.3158203565E-07    0.0000000000E+00    0.0000000000E+00    0.0000000000E+00    0.0000000000E+00
    0.9470000000E+00    0.1767335417E-22    0.1220346833E-23    0.3231767576E-07    0.0000000000E+00    0.0000000000E+00    0.0000000000E+00    0.0000000000E+00
    0.9470000000E+00    0.1893734018E-22    0.1307625190E-23    0.3307045113E-07    0.0000000000E+00    0.0000000000E+00    0.0000000000E+00    0.0000000000E+00
    0.9470000000E+00    0.2029172559E-22    0.1401145635E-23    0.3384076090E-07    0.0000000000E+00    0.0000000000E+00    0.0000000000E+00    0.0000000000E+00
    0.9470000000E+00    0.2174297571E-22    0.1501354598E-23    0.3462901348E-07    0.0000000000E+00    0.0000000000E+00    0.0000000000E+00    0.0000000000E+00
    0.9470000000E+00    0.2329801823E-22    0.1608730435E-23    0.3543562682E-07    0.0000000000E+00    0.0000000000E+00    0.0000000000E+00    0.0000000000E+00
    0.9470000000E+00    0.2496427630E-22    0.1723785718E-23    0.3626102861E-07    0.0000000000E+00    0.0000000000E+00    0.0000000000E+00    0.0000000000E+00
    0.9470000000E+00    0.2674970400E-22    0.1847069675E-23    0.3710565646E-07    0.0000000000E+00    0.0000000000E+00    0.0000000000E+00    0.0000000000E+00
    0.9470000000E+00    0.2866282424E-22    0.1979170815E-23    0.3796995823E-07    0.0000000000E+00    0.0000000000E+00    0.0000000000E+00    0.0000000000E+00
    0.9470000000E+00    0.3071276952E-22    0.2120719737E-23    0.3885439218E-07    0.0000000000E+00    0.0000000000E+00    0.0000000000E+00    0.0000000000E+00
    0.9470000000E+00    0.3290932546E-22    0.2272392139E-23    0.3975942724E-07    0.0000000000E+00    0.0000000000E+00    0.0000000000E+00    0.0000000000E+00
    0.9470000000E+00    0.3526297755E-22    0.2434912046E-23    0.4068554327E-07   -0.1717751851E-15   -0.1203902591E-52   -0.6057304497E-38   -0.3236859319E-54
    0.9470000000E+00    0.3778496121E-22    0.2609055264E-23    0.4163323131E-07   -0.4088910258E-15   -0.3070707875E-52   -0.1544993155E-37   -0.8846489737E-54
    0.9470000000E+00    0.4048731538E-22    0.2795653084E-23    0.4260299385E-07    0.2054125772E-13    0.1652943296E-50    0.8316603795E-36    0.5102587144E-52
    0.9470000000E+00    0.4338294005E-22    0.2995596250E-23    0.4359534505E-07    0.6593534175E-13    0.5685245007E-50    0.2860468978E-35    0.1880536039E-51
    0.9470000000E+00    0.4648565778E-22    0.3209839213E-23    0.4461081109E-07   -0.4113101834E-11   -0.3800146907E-48   -0.1912002443E-33   -0.1346892272E-49
    0.9470000000E+00    0.4981027973E-22    0.3439404683E-23    0.4564993037E-07   -0.3767283256E-10   -0.3729573748E-47   -0.1876494328E-32   -0.1416418774E-48
    0.9470000000E+00    0.5337267633E-22    0.3685388516E-23    0.4671325384E-07    0.5268787157E-09    0.5589096121E-46    0.2812092716E-31    0.2274437744E-47
    0.9470000000E+00    0.5718985306E-22    0.3948964943E-23    0.4780134531E-07    0.1024394136E-07    0.1164388768E-44    0.5858495009E-30    0.5077272615E-46
    0.9470000000E+00    0.6128003161E-22    0.4231392172E-23    0.4891478167E-07   -0.4247050101E-07   -0.5172712109E-44   -0.2602593644E-29   -0.2416856045E-45
    0.9470000000E+00    0.6566273690E-22    0.4534018400E-23    0.5005415331E-07   -0.9075083489E-05   -0.1184354060E-41   -0.5958948194E-27   -0.5929444771E-43
    0.9470000000E+00    0.7035889022E-22    0.4858288246E-23    0.5122006431E-07   -0.1188614112E-02   -0.1662156094E-39   -0.8362956984E-25   -0.8916702592E-41
    0.9470000000E+00    0.7539090917E-22    0.5205749646E-23    0.5241313287E-07   -0.4937810062E-02   -0.7398868424E-39   -0.3722659899E-24   -0.4253023471E-40
    0.9470000000E+00    0.8078281461E-22    0.5578061244E-23    0.5363399157E-07    0.5454780884E-01    0.8758066406E-38    0.4406525529E-23    0.5394369722E-39
    0.9470000000E+00    0.8656034539E-22    0.5977000309E-23    0.5488328773E-07    0.5581663072E+01    0.9602726095E-36    0.4831506834E-21    0.6337631981E-37
    0.9470000000E+00    0.9275108115E-22    0.6404471218E-23    0.5616168372E-07    0.6495353893E+02    0.1197384803E-34    0.6024510960E-20    0.8467714704E-36
    0.9470000000E+00    0.9938457404E-22    0.6862514550E-23    0.5746985739E-07   -0.8831609750E+02   -0.1744499279E-34   -0.8777257731E-20   -0.1321914205E-35
    0.9470000000E+00    0.1064924897E-21    0.7353316823E-23    0.5880850233E-07   -0.1203804348E+05   -0.2547926123E-32   -0.1281961221E-17   -0.2068803807E-33
    0.9470000000E+00    0.1141087586E-21    0.7879220933E-23    0.6017832832E-07   -0.6485818636E+06   -0.1470942595E-30   -0.7400887131E-16   -0.1279759021E-31
    0.9470000000E+00    0.1222697377E-21    0.8442737340E-23    0.6158006166E-07   -0.3087671049E+08   -0.7503466530E-29   -0.3775287294E-14   -0.6995108013E-30
    0.9470000000E+00    0.1310143844E-21    0.9046556049E-23    0.6301444556E-07   -0.1327040412E+10   -0.3455533221E-27   -0.1738613828E-12   -0.3451815287E-28
    0.9470000000E+00    0.1403844422E-21    0.9693559452E-23    0.6448224056E-07   -0.7888070124E+10   -0.2200906974E-26   -0.1107362324E-11   -0.2355776916E-27
    0.9470000000E+00    0.1504246400E-21    0.1038683609E-22    0.6598422489E-07    0.8385609529E+10    0.2507064803E-26    0.1261402294E-11    0.2875398455E-27
    0.9470000000E+00    0.1611829057E-21    0.1112969539E-22    0.6752119493E-07    0.6756370525E+12    0.2164434175E-24    0.1089011433E-09    0.2659970730E-25
    0.9470000000E+00    0.1727105951E-21    0.1192568347E-22    0.6909396560E-07    0.1959502857E+14    0.6726309160E-23    0.3384269045E-08    0.8857462046E-24
    0.9470000000E+00    0.1850627369E-21    0.1277860007E-22    0.7070337081E-07    0.4980976458E+15    0.1832084131E-21    0.9217931357E-07    0.2585103218E-22
    0.9470000000E+00    0.1982982953E-21    0.1369251667E-22    0.7235026388E-07    0.1063248916E+17    0.4190500267E-20    0.2108404476E-05    0.6335754605E-21
    0.9470000000E+00    0.2124804516E-21    0.1467179595E-22    0.7403551802E-07    0.2307547463E+17    0.9744993788E-20    0.4903087270E-05    0.1578752466E-20
    0.9470000000E+00    0.2276769058E-21    0.1572111260E-22    0.7576002677E-07   -0.4507948040E+17   -0.2039904451E-19   -0.1026355661E-04   -0.3541133507E-20
    0.9470000000E+00    0.2439602000E-21    0.1684547565E-22    0.7752470448E-07   -0.1524570761E+19   -0.7392281733E-18   -0.3719345877E-03   -0.1375026238E-18
    0.9470000000E+00    0.2614080640E-21    0.1805025236E-22    0.7933048683E-07   -0.2543716438E+20   -0.1321598754E-16   -0.6649479894E-02   -0.2634099013E-17
    0.9470000000E+00    0.2801037871E-21    0.1934119387E-22    0.8117833125E-07   -0.3713940978E+21   -0.2067597134E-15   -0.1040288933E+00   -0.4415688173E-16
    0.9470000000E+00    0.3001366153E-21    0.2072446262E-22    0.8306921749E-07   -0.4965286380E+22   -0.2961932970E-14   -0.1490264248E+01   -0.6778095777E-15
    0.9470000000E+00    0.3216021775E-21    0.2220666179E-22    0.8500414813E-07   -0.6124295187E+23   -0.3914596821E-13   -0.1969586668E+02   -0.9598856836E-14
    0.9470000000E+00    0.3446029418E-21    0.2379486681E-22    0.8698414910E-07   -0.5324527803E+24   -0.3646800646E-12   -0.1834847945E+03   -0.9581742562E-13
    0.9470000000E+00    0.3692487048E-21    0.2549665916E-22    0.8901027021E-07   -0.7957396922E+24   -0.5839853407E-12   -0.2938258507E+03   -0.1644123439E-12
    0.9470000000E+00    0.3956571157E-21    0.2732016250E-22    0.9108358575E-07    0.4710350529E+24    0.3704112351E-12    0.1863683704E+03    0.1117420479E-12
    0.9470000000E+00    0.4239542377E-21    0.2927408154E-22    0.9320519501E-07    0.1606891096E+26    0.1353995959E-10    0.6812482894E+04    0.4376730881E-11
    0.9470000000E+00    0.4542751502E-21    0.3136774352E-22    0.9537622289E-07    0.1536625734E+27    0.1387391489E-09    0.6980508862E+05    0.4805421656E-10
    0.9470000000E+00    0.4867645933E-21    0.3361114274E-22    0.9759782052E-07    0.1224031968E+28    0.1184196258E-08    0.5958154232E+06    0.4394972476E-09
    0.9470000000E+00    0.5215776589E-21    0.3601498832E-22    0.9987116580E-07    0.8867740448E+28    0.9192717139E-08    0.4625215302E+07    0.3655749020E-08
    0.9470000000E+00    0.5588805307E-21    0.3859075526E-22    0.1021974641E-06    0.5946830249E+29    0.6605663793E-07    0.3323567645E+08    0.2814809065E-07
    0.9470000000E+00    0.5988512779E-21    0.4135073927E-22    0.1045779488E-06    0.3709975859E+30    0.4415724885E-06    0.2221723784E+09    0.2016204050E-06
    0.9470000000E+00    0.6416807053E-21    0.4430811541E-22    0.1070138822E-06    0.2157492670E+31    0.2751568018E-05    0.1384421418E+10    0.1346209739E-05
    0.9470000000E+00    0.6875732635E-21    0.4747700104E-22    0.1095065557E-06    0.1170797976E+32    0.1599973858E-04    0.8050093850E+10    0.8387747765E-05
    0.9470000000E+00    0.7367480256E-21    0.5087252317E-22    0.1120572911E-06    0.5931645674E+32    0.8685725991E-04    0.4370128239E+11    0.4879087422E-04
    0.9470000000E+00    0.7894397325E-21    0.5451089068E-22    0.1146674407E-06    0.2805324539E+33    0.4401635083E-03    0.2214634654E+12    0.2649393764E-03
    0.9470000000E+00    0.8458999137E-21    0.5840947171E-22    0.1173383885E-06    0.1237617062E+34    0.2080737105E-02    0.1046900166E+13    0.1341991259E-02
    0.9470000000E+00    0.9063980879E-21    0.6258687655E-22    0.1200715507E-06    0.5086075156E+34    0.9162493874E-02    0.4610008796E+13    0.6332076783E-02
    0.9470000000E+00    0.9712230494E-21    0.6706304648E-22    0.1228683764E-06    0.1787396494E+35    0.3450260019E-01    0.1735960674E+14    0.2554961151E-01
    0.9470000000E+00    0.1040684247E-20    0.7185934897E-22    0.1257303485E-06    0.3810658779E+35    0.7881901189E-01    0.3965692563E+14    0.6254080417E-01
    0.9470000000E+00    0.1115113261E-20    0.7699867968E-22    0.1286589846E-06    0.5580155148E+35    0.1236736556E+00    0.6222505006E+14    0.1051500959E+00
    0.9470000000E+00    0.1194865387E-20    0.8250557175E-22    0.1316558373E-06    0.6241633964E+35    0.1482276489E+00    0.7457912382E+14    0.1350397718E+00
    0.9470000000E+00    0.1280321329E-20    0.8840631292E-22    0.1347224957E-06    0.6197705309E+35    0.1577109494E+00    0.7935054300E+14    0.1539551855E+00
    0.9470000000E+00    0.1371889021E-20    0.9472907100E-22    0.1378605858E-06    0.5780060304E+35    0.1576025693E+00    0.7929601274E+14    0.1648525877E+00
    0.9470000000E+00    0.1470005571E-20    0.1015040283E-21    0.1410717713E-06    0.4418302352E+35    0.1290881438E+00    0.6494929072E+14    0.1446834417E+00
    0.9470000000E+00    0.1575139348E-20    0.1087635259E-21    0.1443577550E-06    0.2714567390E+35    0.8498290087E-01    0.4275821909E+14    0.1020619888E+00
    0.9470000000E+00    0.1687792220E-20    0.1165422177E-21    0.1477202791E-06    0.1363395171E+35    0.4573542038E-01    0.2301127762E+14    0.5885524210E-01
    0.9470000000E+00    0.1808501947E-20    0.1248772362E-21    0.1511611264E-06    0.5565427702E+34    0.2000458145E-01    0.1006508683E+14    0.2758429854E-01
    0.9470000000E+00    0.1937844750E-20    0.1338083694E-21    0.1546821213E-06    0.1769092885E+34    0.6813677274E-02    0.3428227358E+13    0.1006732374E-01
    0.9470000000E+00    0.2076438060E-20    0.1433782510E-21    0.1582851308E-06    0.2532733816E+33    0.1045250714E-02    0.5259064891E+12    0.1654828333E-02
    0.9470000000E+00    0.2224943467E-20    0.1536325639E-21    0.1619720651E-06    0.6955307055E+30    0.3075723079E-05    0.1547516500E+10    0.5217707227E-05
    0.9470000000E+00    0.2384069878E-20    0.1646202581E-21    0.1657448792E-06    0.1690043933E+30    0.8008089497E-06    0.4029182833E+09    0.1455664844E-05
    0.9470000000E+00    0.2554576900E-20    0.1763937846E-21    0.1696055734E-06    0.3192886343E+29    0.1621117086E-06    0.8156473695E+08    0.3157525440E-06
    0.9470000000E+00    0.2737278465E-20    0.1890093455E-21    0.1735561947E-06    0.4153281496E+28    0.2259551743E-07    0.1136868800E+08    0.4715793356E-07
    0.9470000000E+00    0.2933046719E-20    0.2025271626E-21    0.1775988378E-06    0.1017529671E+28    0.5931683988E-08    0.2984462062E+07    0.1326509856E-07
    0.9470000000E+00    0.3142816182E-20    0.2170117645E-21    0.1817356462E-06    0.2234515208E+27    0.1395771219E-08    0.7022670556E+06    0.3344619473E-08
    0.9470000000E+00    0.3367588212E-20    0.2325322952E-21    0.1859688132E-06    0.5363318043E+26    0.3589752240E-09    0.1806144662E+06    0.9217156263E-09
    0.9470000000E+00    0.3608435782E-20    0.2491628434E-21    0.1903005833E-06    0.8096649866E+25    0.5806792174E-10    0.2921624109E+05    0.1597602598E-09
    0.9470000000E+00    0.3866508602E-20    0.2669827968E-21    0.1947332533E-06    0.2746342350E+25    0.2110501173E-10    0.1061875632E+05    0.6221829033E-10
