    0.9830000000E+00    0.4143038610E-23    0.2860772210E-24    0.1992691735E-07    0.0000000000E+00    0.0000000000E+00    0.0000000000E+00    0.0000000000E+00
    0.9830000000E+00    0.4439345853E-23    0.3065372650E-24    0.2039107488E-07    0.0000000000E+00    0.0000000000E+00    0.0000000000E+00    0.0000000000E+00
    0.9830000000E+00    0.4756844785E-23    0.3284605973E-24    0.2086604403E-07    0.0000000000E+00    0.0000000000E+00    0.0000000000E+00    0.0000000000E+00
    0.9830000000E+00    0.5097051019E-23    0.3519518710E-24    0.2135207663E-07    0.0000000000E+00    0.0000000000E+00    0.0000000000E+00    0.0000000000E+00
    0.9830000000E+00    0.5461588566E-23    0.3771232243E-24    0.2184943039E-07    0.0000000000E+00    0.0000000000E+00    0.0000000000E+00    0.0000000000E+00
    0.9830000000E+00    0.5852197586E-23    0.4040948153E-24    0.2235836900E-07    0.0000000000E+00    0.0000000000E+00    0.0000000000E+00    0.0000000000E+00
    0.9830000000E+00    0.6270742692E-23    0.4329953957E-24    0.2287916232E-07    0.0000000000E+00    0.0000000000E+00    0.0000000000E+00    0.0000000000E+00
    0.9830000000E+00    0.6719221852E-23    0.4639629256E-24    0.2341208647E-07    0.0000000000E+00    0.0000000000E+00    0.0000000000E+00    0.0000000000E+00
    0.9830000000E+00    0.7199775931E-23    0.4971452317E-24    0.2395742402E-07    0.0000000000E+00    0.0000000000E+00    0.0000000000E+00    0.0000000000E+00
    0.9830000000E+00    0.7714698903E-23    0.5327007132E-24    0.2451546411E-07    0.0000000000E+00    0.0000000000E+00    0.0000000000E+00    0.0000000000E+00
    0.9830000000E+00    0.8266448809E-23    0.5707990981E-24    0.2508650263E-07    0.0000000000E+00    0.0000000000E+00    0.0000000000E+00    0.0000000000E+00
    0.9830000000E+00    0.8857659485E-23    0.6116222531E-24    0.2567084234E-07    0.0000000000E+00    0.0000000000E+00    0.0000000000E+00    0.0000000000E+00
    0.9830000000E+00    0.9491153137E-23    0.6553650517E-24    0.2626879307E-07    0.0000000000E+00    0.0000000000E+00    0.0000000000E+00    0.0000000000E+00
    0.9830000000E+00    0.1016995382E-22    0.7022363048E-24    0.2688067187E-07    0.0000000000E+00    0.0000000000E+00    0.0000000000E+00    0.0000000000E+00
    0.9830000000E+00    0.1089730185E-22    0.7524597575E-24    0.2750680315E-07    0.0000000000E+00    0.0000000000E+00    0.0000000000E+00    0.0000000000E+00
    0.9830000000E+00    0.1167666930E-22    0.8062751566E-24    0.2814751890E-07    0.0000000000E+00    0.0000000000E+00    0.0000000000E+00    0.0000000000E+00
    0.9830000000E+00    0.1251177658E-22    0.8639393956E-24    0.2880315884E-07    0.0000000000E+00    0.0000000000E+00    0.0000000000E+00    0.0000000000E+00
    0.9830000000E+00    0.1340661015E-22    0.9257277409E-24    0.2947407060E-07    0.0000000000E+00    0.0000000000E+00    0.0000000000E+00    0.0000000000E+00
    0.9830000000E+00    0.1436544159E-22    0.9919351458E-24    0.3016060990E-07    0.0000000000E+00    0.0000000000E+00    0.0000000000E+00    0.0000000000E+00
    0.9830000000E+00    0.1539284799E-22    0.1062877658E-23    0.3086314075E-07    0.0000000000E+00    0.0000000000E+00    0.0000000000E+00    0.0000000000E+00
    0.9830000000E+00    0.1649373379E-22    0.1138893930E-23    0.3158203565E-07    0.0000000000E+00    0.0000000000E+00    0.0000000000E+00    0.0000000000E+00
    0.9830000000E+00    0.1767335417E-22    0.1220346833E-23    0.3231767576E-07    0.0000000000E+00    0.0000000000E+00    0.0000000000E+00    0.0000000000E+00
    0.9830000000E+00    0.1893734018E-22    0.1307625190E-23    0.3307045113E-07    0.0000000000E+00    0.0000000000E+00    0.0000000000E+00    0.0000000000E+00
    0.9830000000E+00    0.2029172559E-22    0.1401145635E-23    0.3384076090E-07    0.0000000000E+00    0.0000000000E+00    0.0000000000E+00    0.0000000000E+00
    0.9830000000E+00    0.2174297571E-22    0.1501354598E-23    0.3462901348E-07    0.0000000000E+00    0.0000000000E+00    0.0000000000E+00    0.0000000000E+00
    0.9830000000E+00    0.2329801823E-22    0.1608730435E-23    0.3543562682E-07    0.0000000000E+00    0.0000000000E+00    0.0000000000E+00    0.0000000000E+00
    0.9830000000E+00    0.2496427630E-22    0.1723785718E-23    0.3626102861E-07    0.0000000000E+00    0.0000000000E+00    0.0000000000E+00    0.0000000000E+00
    0.9830000000E+00    0.2674970400E-22    0.1847069675E-23    0.3710565646E-07    0.0000000000E+00    0.0000000000E+00    0.0000000000E+00    0.0000000000E+00
    0.9830000000E+00    0.2866282424E-22    0.1979170815E-23    0.3796995823E-07    0.0000000000E+00    0.0000000000E+00    0.0000000000E+00    0.0000000000E+00
    0.9830000000E+00    0.3071276952E-22    0.2120719737E-23    0.3885439218E-07    0.0000000000E+00    0.0000000000E+00    0.0000000000E+00    0.0000000000E+00
    0.9830000000E+00    0.3290932546E-22    0.2272392139E-23    0.3975942724E-07    0.0000000000E+00    0.0000000000E+00    0.0000000000E+00    0.0000000000E+00
    0.9830000000E+00    0.3526297755E-22    0.2434912046E-23    0.4068554327E-07    0.0000000000E+00    0.0000000000E+00    0.0000000000E+00    0.0000000000E+00
    0.9830000000E+00    0.3778496121E-22    0.2609055264E-23    0.4163323131E-07    0.0000000000E+00    0.0000000000E+00    0.0000000000E+00    0.0000000000E+00
    0.9830000000E+00    0.4048731538E-22    0.2795653084E-23    0.4260299385E-07    0.7608852551E-15    0.6122800261E-52    0.3080620129E-37    0.1833785516E-53
    0.9830000000E+00    0.4338294005E-22    0.2995596250E-23    0.4359534505E-07    0.2072846980E-13    0.1787302929E-50    0.8992619628E-36    0.5735834517E-52
    0.9830000000E+00    0.4648565778E-22    0.3209839213E-23    0.4461081109E-07   -0.1807694022E-12   -0.1670151415E-49   -0.8403184567E-35   -0.5743204647E-51
    0.9830000000E+00    0.4981027973E-22    0.3439404683E-23    0.4564993037E-07   -0.1017421476E-10   -0.1007237356E-47   -0.5067804830E-33   -0.3711335966E-49
    0.9830000000E+00    0.5337267633E-22    0.3685388516E-23    0.4671325384E-07    0.1619828324E-10    0.1718303649E-47    0.8645457282E-33    0.6784195563E-49
    0.9830000000E+00    0.5718985306E-22    0.3948964943E-23    0.4780134531E-07    0.2741842730E-08    0.3116545447E-45    0.1568055828E-30    0.1318475033E-46
    0.9830000000E+00    0.6128003161E-22    0.4231392172E-23    0.4891478167E-07    0.1110942149E-08    0.1353076551E-45    0.6807856998E-31    0.6133675752E-47
    0.9830000000E+00    0.6566273690E-22    0.4534018400E-23    0.5005415331E-07   -0.6563216502E-06   -0.8565400107E-43   -0.4309587584E-28   -0.4160505501E-44
    0.9830000000E+00    0.7035889022E-22    0.4858288246E-23    0.5122006431E-07   -0.9305585267E-04   -0.1301291571E-40   -0.6547306522E-26   -0.6772875038E-42
    0.9830000000E+00    0.7539090917E-22    0.5205749646E-23    0.5241313287E-07   -0.1860541952E-02   -0.2787856343E-39   -0.1402679493E-24   -0.1554779612E-40
    0.9830000000E+00    0.8078281461E-22    0.5578061244E-23    0.5363399157E-07    0.2279745386E-02    0.3660304951E-39    0.1841642489E-24    0.2187337080E-40
    0.9830000000E+00    0.8656034539E-22    0.5977000309E-23    0.5488328773E-07    0.5236486520E+00    0.9008882318E-37    0.4532720818E-22    0.5768585843E-38
    0.9830000000E+00    0.9275108115E-22    0.6404471218E-23    0.5616168372E-07    0.2243997126E+02    0.4136692322E-35    0.2081331595E-20    0.2838256664E-36
    0.9830000000E+00    0.9938457404E-22    0.6862514550E-23    0.5746985739E-07    0.2023889623E+02    0.3997769475E-35    0.2011434081E-20    0.2939112390E-36
    0.9830000000E+00    0.1064924897E-21    0.7353316823E-23    0.5880850233E-07   -0.1303738423E+04   -0.2759442755E-33   -0.1388383506E-18   -0.2173801254E-34
    0.9830000000E+00    0.1141087586E-21    0.7879220933E-23    0.6017832832E-07   -0.7803136521E+05   -0.1769701949E-31   -0.8904062216E-17   -0.1493821051E-32
    0.9830000000E+00    0.1222697377E-21    0.8442737340E-23    0.6158006166E-07   -0.3939749156E+07   -0.9574133856E-30   -0.4817120960E-15   -0.8659602179E-31
    0.9830000000E+00    0.1310143844E-21    0.9046556049E-23    0.6301444556E-07   -0.1790933814E+09   -0.4663483667E-28   -0.2346380911E-13   -0.4519692685E-29
    0.9830000000E+00    0.1403844422E-21    0.9693559452E-23    0.6448224056E-07   -0.3457905427E+10   -0.9648149740E-27   -0.4854361245E-12   -0.1001941767E-27
    0.9830000000E+00    0.1504246400E-21    0.1038683609E-22    0.6598422489E-07   -0.2869624029E+10   -0.8579380397E-27   -0.4316621614E-12   -0.9546724068E-28
    0.9830000000E+00    0.1611829057E-21    0.1112969539E-22    0.6752119493E-07    0.9924373633E+11    0.3179318449E-25    0.1599639379E-10    0.3790814002E-26
    0.9830000000E+00    0.1727105951E-21    0.1192568347E-22    0.6909396560E-07    0.3275374546E+13    0.1124325067E-23    0.5656918871E-09    0.1436449424E-24
    0.9830000000E+00    0.1850627369E-21    0.1277860007E-22    0.7070337081E-07    0.8816005125E+14    0.3242670032E-22    0.1631514037E-07    0.4439164144E-23
    0.9830000000E+00    0.1982982953E-21    0.1369251667E-22    0.7235026388E-07    0.2147945062E+16    0.8465528830E-21    0.4259338441E-06    0.1241802526E-21
    0.9830000000E+00    0.2124804516E-21    0.1467179595E-22    0.7403551802E-07    0.1465912539E+17    0.6190688949E-20    0.3114777582E-05    0.9730550916E-21
    0.9830000000E+00    0.2276769058E-21    0.1572111260E-22    0.7576002677E-07    0.6172596889E+16    0.2793179458E-20    0.1405357761E-05    0.4704324653E-21
    0.9830000000E+00    0.2439602000E-21    0.1684547565E-22    0.7752470448E-07   -0.3027093435E+18   -0.1467765753E-18   -0.7384903197E-04   -0.2648836768E-19
    0.9830000000E+00    0.2614080640E-21    0.1805025236E-22    0.7933048683E-07   -0.5746642986E+19   -0.2985692939E-17   -0.1502218817E-02   -0.5773558719E-18
    0.9830000000E+00    0.2801037871E-21    0.1934119387E-22    0.8117833125E-07   -0.8881505328E+20   -0.4944444479E-16   -0.2487743277E-01   -0.1024509407E-16
    0.9830000000E+00    0.3001366153E-21    0.2072446262E-22    0.8306921749E-07   -0.1246398208E+22   -0.7435115847E-15   -0.3740897394E+00   -0.1650768548E-15
    0.9830000000E+00    0.3216021775E-21    0.2220666179E-22    0.8500414813E-07   -0.1610827957E+23   -0.1029627379E-13   -0.5180457788E+01   -0.2449506118E-14
    0.9830000000E+00    0.3446029418E-21    0.2379486681E-22    0.8698414910E-07   -0.1923989772E+24   -0.1317751996E-12   -0.6630125355E+02   -0.3359171128E-13
    0.9830000000E+00    0.3692487048E-21    0.2549665916E-22    0.8901027021E-07   -0.6363911148E+24   -0.4670410257E-12   -0.2349865949E+03   -0.1275714458E-12
    0.9830000000E+00    0.3956571157E-21    0.2732016250E-22    0.9108358575E-07   -0.4039346342E+24   -0.3176449945E-12   -0.1598196123E+03   -0.9296949287E-13
    0.9830000000E+00    0.4239542377E-21    0.2927408154E-22    0.9320519501E-07    0.4177330761E+25    0.3519895644E-11    0.1770997078E+04    0.1103896189E-11
    0.9830000000E+00    0.4542751502E-21    0.3136774352E-22    0.9537622289E-07    0.4902051830E+26    0.4425973637E-10    0.2226880332E+05    0.1487329763E-10
    0.9830000000E+00    0.4867645933E-21    0.3361114274E-22    0.9759782052E-07    0.4181389846E+27    0.4045307914E-09    0.2035352528E+06    0.1456632616E-09
    0.9830000000E+00    0.5215776589E-21    0.3601498832E-22    0.9987116580E-07    0.3178732544E+28    0.3295223773E-08    0.1657955879E+07    0.1271403370E-08
    0.9830000000E+00    0.5588805307E-21    0.3859075526E-22    0.1021974641E-06    0.2226378558E+29    0.2473033131E-07    0.1244279630E+08    0.1022417750E-07
    0.9830000000E+00    0.5988512779E-21    0.4135073927E-22    0.1045779488E-06    0.1448322676E+30    0.1723837223E-06    0.8673298854E+08    0.7636506052E-07
    0.9830000000E+00    0.6416807053E-21    0.4430811541E-22    0.1070138822E-06    0.8775160589E+30    0.1119144067E-05    0.5630851235E+09    0.5312322630E-06
    0.9830000000E+00    0.6875732635E-21    0.4747700104E-22    0.1095065557E-06    0.4958318673E+31    0.6775874592E-05    0.3409207351E+10    0.3446385112E-05
    0.9830000000E+00    0.7367480256E-21    0.5087252317E-22    0.1120572911E-06    0.2614421029E+32    0.3828304307E-04    0.1926169531E+11    0.2086435186E-04
    0.9830000000E+00    0.7894397325E-21    0.5451089068E-22    0.1146674407E-06    0.1286482549E+33    0.2018528210E-03    0.1015600439E+12    0.1178781386E-03
    0.9830000000E+00    0.8458999137E-21    0.5840947171E-22    0.1173383885E-06    0.5904543688E+33    0.9926982682E-03    0.4994652996E+12    0.6211774910E-03
    0.9830000000E+00    0.9063980879E-21    0.6258687655E-22    0.1200715507E-06    0.2524760169E+34    0.4548320437E-02    0.2288437789E+13    0.3049646492E-02
    0.9830000000E+00    0.9712230494E-21    0.6706304648E-22    0.1228683764E-06    0.1002350266E+35    0.1934863954E-01    0.9735056820E+13    0.1390109079E-01
    0.9830000000E+00    0.1040684247E-20    0.7185934897E-22    0.1257303485E-06    0.2756888655E+35    0.5702301156E-01    0.2869050594E+14    0.4389839035E-01
    0.9830000000E+00    0.1115113261E-20    0.7699867968E-22    0.1286589846E-06    0.4739335646E+35    0.1050384709E+00    0.5284896030E+14    0.8664566456E-01
    0.9830000000E+00    0.1194865387E-20    0.8250557175E-22    0.1316558373E-06    0.5964118783E+35    0.1416371594E+00    0.7126319099E+14    0.1251917339E+00
    0.9830000000E+00    0.1280321329E-20    0.8840631292E-22    0.1347224957E-06    0.6086424631E+35    0.1548792270E+00    0.7792579275E+14    0.1466869972E+00
    0.9830000000E+00    0.1371889021E-20    0.9472907100E-22    0.1378605858E-06    0.5911254932E+35    0.1611798003E+00    0.8109585744E+14    0.1635720359E+00
    0.9830000000E+00    0.1470005571E-20    0.1015040283E-21    0.1410717713E-06    0.5010065313E+35    0.1463774953E+00    0.7364823922E+14    0.1591742299E+00
    0.9830000000E+00    0.1575139348E-20    0.1087635259E-21    0.1443577550E-06    0.3360188083E+35    0.1051948579E+00    0.5292764467E+14    0.1225724755E+00
    0.9830000000E+00    0.1687792220E-20    0.1165422177E-21    0.1477202791E-06    0.1827726764E+35    0.6131153585E-01    0.3084823013E+14    0.7654919735E-01
    0.9830000000E+00    0.1808501947E-20    0.1248772362E-21    0.1511611264E-06    0.8065672843E+34    0.2899155609E-01    0.1458678504E+14    0.3878555159E-01
    0.9830000000E+00    0.1937844750E-20    0.1338083694E-21    0.1546821213E-06    0.2815908971E+34    0.1084549892E-01    0.5456794416E+13    0.1554704950E-01
    0.9830000000E+00    0.2076438060E-20    0.1433782510E-21    0.1582851308E-06    0.5761201616E+33    0.2377628499E-02    0.1196277831E+13    0.3652098176E-02
    0.9830000000E+00    0.2224943467E-20    0.1536325639E-21    0.1619720651E-06    0.1030756811E+31    0.4558134509E-05    0.2293375632E+10    0.7502147230E-05
    0.9830000000E+00    0.2384069878E-20    0.1646202581E-21    0.1657448792E-06    0.2210276212E+30    0.1047315361E-05    0.5269452940E+09    0.1847038379E-05
    0.9830000000E+00    0.2554576900E-20    0.1763937846E-21    0.1696055734E-06    0.4415235946E+29    0.2241737933E-06    0.1127905976E+09    0.4236266630E-06
    0.9830000000E+00    0.2737278465E-20    0.1890093455E-21    0.1735561947E-06    0.5299496286E+28    0.2883138570E-07    0.1450619706E+08    0.5837998271E-07
    0.9830000000E+00    0.2933046719E-20    0.2025271626E-21    0.1775988378E-06    0.1298279253E+28    0.7568312237E-08    0.3807913704E+07    0.1642092006E-07
    0.9830000000E+00    0.3142816182E-20    0.2170117645E-21    0.1817356462E-06    0.2847305206E+27    0.1778545361E-08    0.8948556879E+06    0.4134884588E-08
    0.9830000000E+00    0.3367588212E-20    0.2325322952E-21    0.1859688132E-06    0.6835918404E+26    0.4575386580E-09    0.2302055824E+06    0.1139793668E-08
    0.9830000000E+00    0.3608435782E-20    0.2491628434E-21    0.1903005833E-06    0.1052089741E+26    0.7545425053E-10    0.3796398267E+05    0.2014105223E-09
    0.9830000000E+00    0.3866508602E-20    0.2669827968E-21    0.1947332533E-06    0.3619566943E+25    0.2781554266E-10    0.1399508672E+05    0.7955838950E-10
