    0.9060000000E+00    0.4143038610E-23    0.2860772210E-24    0.1992691735E-07    0.0000000000E+00    0.0000000000E+00    0.0000000000E+00    0.0000000000E+00
    0.9060000000E+00    0.4439345853E-23    0.3065372650E-24    0.2039107488E-07    0.0000000000E+00    0.0000000000E+00    0.0000000000E+00    0.0000000000E+00
    0.9060000000E+00    0.4756844785E-23    0.3284605973E-24    0.2086604403E-07    0.0000000000E+00    0.0000000000E+00    0.0000000000E+00    0.0000000000E+00
    0.9060000000E+00    0.5097051019E-23    0.3519518710E-24    0.2135207663E-07    0.0000000000E+00    0.0000000000E+00    0.0000000000E+00    0.0000000000E+00
    0.9060000000E+00    0.5461588566E-23    0.3771232243E-24    0.2184943039E-07    0.0000000000E+00    0.0000000000E+00    0.0000000000E+00    0.0000000000E+00
    0.9060000000E+00    0.5852197586E-23    0.4040948153E-24    0.2235836900E-07    0.0000000000E+00    0.0000000000E+00    0.0000000000E+00    0.0000000000E+00
    0.9060000000E+00    0.6270742692E-23    0.4329953957E-24    0.2287916232E-07    0.0000000000E+00    0.0000000000E+00    0.0000000000E+00    0.0000000000E+00
    0.9060000000E+00    0.6719221852E-23    0.4639629256E-24    0.2341208647E-07    0.0000000000E+00    0.0000000000E+00    0.0000000000E+00    0.0000000000E+00
    0.9060000000E+00    0.7199775931E-23    0.4971452317E-24    0.2395742402E-07    0.0000000000E+00    0.0000000000E+00    0.0000000000E+00    0.0000000000E+00
    0.9060000000E+00    0.7714698903E-23    0.5327007132E-24    0.2451546411E-07    0.0000000000E+00    0.0000000000E+00    0.0000000000E+00    0.0000000000E+00
    0.9060000000E+00    0.8266448809E-23    0.5707990981E-24    0.2508650263E-07    0.0000000000E+00    0.0000000000E+00    0.0000000000E+00    0.0000000000E+00
    0.9060000000E+00    0.8857659485E-23    0.6116222531E-24    0.2567084234E-07    0.0000000000E+00    0.0000000000E+00    0.0000000000E+00    0.0000000000E+00
    0.9060000000E+00    0.9491153137E-23    0.6553650517E-24    0.2626879307E-07    0.0000000000E+00    0.0000000000E+00    0.0000000000E+00    0.0000000000E+00
    0.9060000000E+00    0.1016995382E-22    0.7022363048E-24    0.2688067187E-07    0.0000000000E+00    0.0000000000E+00    0.0000000000E+00    0.0000000000E+00
    0.9060000000E+00    0.1089730185E-22    0.7524597575E-24    0.2750680315E-07    0.0000000000E+00    0.0000000000E+00    0.0000000000E+00    0.0000000000E+00
    0.9060000000E+00    0.1167666930E-22    0.8062751566E-24    0.2814751890E-07    0.0000000000E+00    0.0000000000E+00    0.0000000000E+00    0.0000000000E+00
    0.9060000000E+00    0.1251177658E-22    0.8639393956E-24    0.2880315884E-07    0.0000000000E+00    0.0000000000E+00    0.0000000000E+00    0.0000000000E+00
    0.9060000000E+00    0.1340661015E-22    0.9257277409E-24    0.2947407060E-07    0.0000000000E+00    0.0000000000E+00    0.0000000000E+00    0.0000000000E+00
    0.9060000000E+00    0.1436544159E-22    0.9919351458E-24    0.3016060990E-07    0.0000000000E+00    0.0000000000E+00    0.0000000000E+00    0.0000000000E+00
    0.9060000000E+00    0.1539284799E-22    0.1062877658E-23    0.3086314075E-07    0.0000000000E+00    0.0000000000E+00    0.0000000000E+00    0.0000000000E+00
    0.9060000000E+00    0.1649373379E-22    0.1138893930E-23    0.3158203565E-07    0.0000000000E+00    0.0000000000E+00    0.0000000000E+00    0.0000000000E+00
    0.9060000000E+00    0.1767335417E-22    0.1220346833E-23    0.3231767576E-07    0.0000000000E+00    0.0000000000E+00    0.0000000000E+00    0.0000000000E+00
    0.9060000000E+00    0.1893734018E-22    0.1307625190E-23    0.3307045113E-07    0.0000000000E+00    0.0000000000E+00    0.0000000000E+00    0.0000000000E+00
    0.9060000000E+00    0.2029172559E-22    0.1401145635E-23    0.3384076090E-07    0.0000000000E+00    0.0000000000E+00    0.0000000000E+00    0.0000000000E+00
    0.9060000000E+00    0.2174297571E-22    0.1501354598E-23    0.3462901348E-07    0.0000000000E+00    0.0000000000E+00    0.0000000000E+00    0.0000000000E+00
    0.9060000000E+00    0.2329801823E-22    0.1608730435E-23    0.3543562682E-07    0.0000000000E+00    0.0000000000E+00    0.0000000000E+00    0.0000000000E+00
    0.9060000000E+00    0.2496427630E-22    0.1723785718E-23    0.3626102861E-07    0.0000000000E+00    0.0000000000E+00    0.0000000000E+00    0.0000000000E+00
    0.9060000000E+00    0.2674970400E-22    0.1847069675E-23    0.3710565646E-07    0.0000000000E+00    0.0000000000E+00    0.0000000000E+00    0.0000000000E+00
    0.9060000000E+00    0.2866282424E-22    0.1979170815E-23    0.3796995823E-07    0.0000000000E+00    0.0000000000E+00    0.0000000000E+00    0.0000000000E+00
    0.9060000000E+00    0.3071276952E-22    0.2120719737E-23    0.3885439218E-07    0.0000000000E+00    0.0000000000E+00    0.0000000000E+00    0.0000000000E+00
    0.9060000000E+00    0.3290932546E-22    0.2272392139E-23    0.3975942724E-07   -0.5268360881E-15   -0.3445929914E-52   -0.1733782029E-37   -0.9025949076E-54
    0.9060000000E+00    0.3526297755E-22    0.2434912046E-23    0.4068554327E-07   -0.2726795439E-14   -0.1911100310E-51   -0.9615492636E-37   -0.5363767217E-53
    0.9060000000E+00    0.3778496121E-22    0.2609055264E-23    0.4163323131E-07    0.2020032827E-15    0.1517013170E-52    0.7632686202E-38    0.4562215438E-54
    0.9060000000E+00    0.4048731538E-22    0.2795653084E-23    0.4260299385E-07    0.2835523282E-12    0.2281729417E-49    0.1148027254E-34    0.7352763213E-51
    0.9060000000E+00    0.4338294005E-22    0.2995596250E-23    0.4359534505E-07   -0.3785313504E-12   -0.3263869440E-49   -0.1642180288E-34   -0.1126987805E-50
    0.9060000000E+00    0.4648565778E-22    0.3209839213E-23    0.4461081109E-07   -0.1066268457E-09   -0.9851389396E-47   -0.4956619060E-32   -0.3644885789E-48
    0.9060000000E+00    0.4981027973E-22    0.3439404683E-23    0.4564993037E-07   -0.6110590227E-10   -0.6049424837E-47   -0.3043702085E-32   -0.2398283523E-48
    0.9060000000E+00    0.5337267633E-22    0.3685388516E-23    0.4671325384E-07    0.2273413036E-07    0.2411622183E-44    0.1213381381E-29    0.1024461657E-45
    0.9060000000E+00    0.5718985306E-22    0.3948964943E-23    0.4780134531E-07    0.3196177185E-07    0.3632969660E-44    0.1827889035E-29    0.1653667571E-45
    0.9060000000E+00    0.6128003161E-22    0.4231392172E-23    0.4891478167E-07   -0.2532616506E-05   -0.3084610673E-42   -0.1551988196E-27   -0.1504481306E-43
    0.9060000000E+00    0.6566273690E-22    0.4534018400E-23    0.5005415331E-07   -0.3535794194E-03   -0.4614428301E-40   -0.2321699239E-25   -0.2411594813E-41
    0.9060000000E+00    0.7035889022E-22    0.4858288246E-23    0.5122006431E-07   -0.1235012839E-01   -0.1727040000E-38   -0.8689413276E-24   -0.9671388629E-40
    0.9060000000E+00    0.7539090917E-22    0.5205749646E-23    0.5241313287E-07   -0.1816214476E-02   -0.2721435569E-39   -0.1369260606E-24   -0.1632993648E-40
    0.9060000000E+00    0.8078281461E-22    0.5578061244E-23    0.5363399157E-07    0.1863838623E+01    0.2992534948E-36    0.1505661299E-21    0.1924091272E-37
    0.9060000000E+00    0.8656034539E-22    0.5977000309E-23    0.5488328773E-07    0.1105402798E+03    0.1901741498E-34    0.9568404796E-20    0.1310200986E-35
    0.9060000000E+00    0.9275108115E-22    0.6404471218E-23    0.5616168372E-07    0.1511169579E+03    0.2785762746E-34    0.1401626123E-19    0.2056508765E-35
    0.9060000000E+00    0.9938457404E-22    0.6862514550E-23    0.5746985739E-07   -0.4266342546E+04   -0.8427264909E-33   -0.4240086366E-18   -0.6666119346E-34
    0.9060000000E+00    0.1064924897E-21    0.7353316823E-23    0.5880850233E-07   -0.2563341810E+06   -0.5425470984E-31   -0.2729766514E-16   -0.4598581458E-32
    0.9060000000E+00    0.1141087586E-21    0.7879220933E-23    0.6017832832E-07   -0.1251907482E+08   -0.2839246890E-29   -0.1428536086E-14   -0.2578633364E-30
    0.9060000000E+00    0.1222697377E-21    0.8442737340E-23    0.6158006166E-07   -0.5496555888E+09   -0.1335738894E-27   -0.6720624468E-13   -0.1299894214E-28
    0.9060000000E+00    0.1310143844E-21    0.9046556049E-23    0.6301444556E-07   -0.1238436611E+11   -0.3224814265E-26   -0.1622530103E-11   -0.3362723392E-27
    0.9060000000E+00    0.1403844422E-21    0.9693559452E-23    0.6448224056E-07   -0.1248108199E+11   -0.3482436130E-26   -0.1752149732E-11   -0.3891074971E-27
    0.9060000000E+00    0.1504246400E-21    0.1038683609E-22    0.6598422489E-07    0.2756643523E+12    0.8241600001E-25    0.4146671094E-10    0.9867291795E-26
    0.9060000000E+00    0.1611829057E-21    0.1112969539E-22    0.6752119493E-07    0.9088200727E+13    0.2911446637E-23    0.1464862601E-08    0.3735040137E-24
    0.9060000000E+00    0.1727105951E-21    0.1192568347E-22    0.6909396560E-07    0.2371325818E+15    0.8139957804E-22    0.4095530932E-07    0.1118944619E-22
    0.9060000000E+00    0.1850627369E-21    0.1277860007E-22    0.7070337081E-07    0.5587213547E+16    0.2055067990E-20    0.1033985031E-05    0.3027001480E-21
    0.9060000000E+00    0.1982982953E-21    0.1369251667E-22    0.7235026388E-07    0.3835321619E+17    0.1511585483E-19    0.7605377389E-05    0.2385718241E-20
    0.9060000000E+00    0.2124804516E-21    0.1467179595E-22    0.7403551802E-07    0.1829768706E+17    0.7727288367E-20    0.3887900809E-05    0.1306813337E-20
    0.9060000000E+00    0.2276769058E-21    0.1572111260E-22    0.7576002677E-07   -0.7212663136E+18   -0.3263822809E-18   -0.1642156826E-03   -0.5914431575E-19
    0.9060000000E+00    0.2439602000E-21    0.1684547565E-22    0.7752470448E-07   -0.1338858909E+20   -0.6491809047E-17   -0.3266282872E-02   -0.1260527067E-17
    0.9060000000E+00    0.2614080640E-21    0.1805025236E-22    0.7933048683E-07   -0.2004661035E+21   -0.1041530214E-15   -0.5240345602E-01   -0.2166997008E-16
    0.9060000000E+00    0.2801037871E-21    0.1934119387E-22    0.8117833125E-07   -0.2721367158E+22   -0.1515018944E-14   -0.7622652471E+00   -0.3377571116E-15
    0.9060000000E+00    0.3001366153E-21    0.2072446262E-22    0.8306921749E-07   -0.3400999104E+23   -0.2028791616E-13   -0.1020764360E+02   -0.4846451602E-14
    0.9060000000E+00    0.3216021775E-21    0.2220666179E-22    0.8500414813E-07   -0.3895611091E+24   -0.2490041112E-12   -0.1252837010E+03   -0.6373719640E-13
    0.9060000000E+00    0.3446029418E-21    0.2379486681E-22    0.8698414910E-07   -0.1112488566E+25   -0.7619500116E-12   -0.3833668326E+03   -0.2089839429E-12
    0.9060000000E+00    0.3692487048E-21    0.2549665916E-22    0.8901027021E-07   -0.6190469317E+24   -0.4543123045E-12   -0.2285822778E+03   -0.1335183442E-12
    0.9060000000E+00    0.3956571157E-21    0.2732016250E-22    0.9108358575E-07    0.7959205414E+25    0.6258937822E-11    0.3149116257E+04    0.1971002050E-11
    0.9060000000E+00    0.4239542377E-21    0.2927408154E-22    0.9320519501E-07    0.8871647100E+26    0.7475412834E-10    0.3761172383E+05    0.2522444506E-10
    0.9060000000E+00    0.4542751502E-21    0.3136774352E-22    0.9537622289E-07    0.7323363971E+27    0.6612132427E-09    0.3326822268E+06    0.2390715965E-09
    0.9060000000E+00    0.4867645933E-21    0.3361114274E-22    0.9759782052E-07    0.5398234021E+28    0.5222550303E-08    0.2627669188E+07    0.2023340947E-08
    0.9060000000E+00    0.5215776589E-21    0.3601498832E-22    0.9987116580E-07    0.3667779593E+29    0.3802192963E-07    0.1913031893E+08    0.1578412794E-07
    0.9060000000E+00    0.5588805307E-21    0.3859075526E-22    0.1021974641E-06    0.2315376595E+30    0.2571891025E-06    0.1294018900E+09    0.1144034184E-06
    0.9060000000E+00    0.5988512779E-21    0.4135073927E-22    0.1045779488E-06    0.1361909503E+31    0.1620985665E-05    0.8155812464E+09    0.7726194074E-06
    0.9060000000E+00    0.6416807053E-21    0.4430811541E-22    0.1070138822E-06    0.7475124506E+31    0.9533433786E-05    0.4796643165E+10    0.4868955365E-05
    0.9060000000E+00    0.6875732635E-21    0.4747700104E-22    0.1095065557E-06    0.3831686864E+32    0.5236256760E-04    0.2634565442E+11    0.2865545922E-04
    0.9060000000E+00    0.7367480256E-21    0.5087252317E-22    0.1120572911E-06    0.1834750154E+33    0.2686629981E-03    0.1351748554E+12    0.1575412531E-03
    0.9060000000E+00    0.7894397325E-21    0.5451089068E-22    0.1146674407E-06    0.8203896454E+33    0.1287215006E-02    0.6476481822E+12    0.8087932775E-03
    0.9060000000E+00    0.8458999137E-21    0.5840947171E-22    0.1173383885E-06    0.3421866636E+34    0.5752995087E-02    0.2894556692E+13    0.3873293811E-02
    0.9060000000E+00    0.9063980879E-21    0.6258687655E-22    0.1200715507E-06    0.1304064576E+35    0.2349254253E-01    0.1182001638E+14    0.1694792215E-01
    0.9060000000E+00    0.9712230494E-21    0.6706304648E-22    0.1228683764E-06    0.3231416913E+35    0.6237691869E-01    0.3138426588E+14    0.4821812920E-01
    0.9060000000E+00    0.1040684247E-20    0.7185934897E-22    0.1257303485E-06    0.5241277670E+35    0.1084096874E+00    0.5454515106E+14    0.8979549126E-01
    0.9060000000E+00    0.1115113261E-20    0.7699867968E-22    0.1286589846E-06    0.6365479628E+35    0.1410788973E+00    0.7098230749E+14    0.1252127331E+00
    0.9060000000E+00    0.1194865387E-20    0.8250557175E-22    0.1316558373E-06    0.6433928323E+35    0.1527942961E+00    0.7687678256E+14    0.1453093570E+00
    0.9060000000E+00    0.1280321329E-20    0.8840631292E-22    0.1347224957E-06    0.6218667152E+35    0.1582443585E+00    0.7961892195E+14    0.1612555515E+00
    0.9060000000E+00    0.1371889021E-20    0.9472907100E-22    0.1378605858E-06    0.5198272329E+35    0.1417391917E+00    0.7131452739E+14    0.1547662966E+00
    0.9060000000E+00    0.1470005571E-20    0.1015040283E-21    0.1410717713E-06    0.3468511947E+35    0.1013384176E+00    0.5098731885E+14    0.1185661061E+00
    0.9060000000E+00    0.1575139348E-20    0.1087635259E-21    0.1443577550E-06    0.1900166786E+35    0.5948707930E-01    0.2993027472E+14    0.7457771711E-01
    0.9060000000E+00    0.1687792220E-20    0.1165422177E-21    0.1477202791E-06    0.8581589710E+34    0.2878715000E-01    0.1448394035E+14    0.3867097389E-01
    0.9060000000E+00    0.1808501947E-20    0.1248772362E-21    0.1511611264E-06    0.3156667217E+34    0.1134644269E-01    0.5708838808E+13    0.1633225540E-01
    0.9060000000E+00    0.1937844750E-20    0.1338083694E-21    0.1546821213E-06    0.8586505769E+33    0.3307100477E-02    0.1663931512E+13    0.5100747539E-02
    0.9060000000E+00    0.2076438060E-20    0.1433782510E-21    0.1582851308E-06    0.5389749793E+32    0.2224331583E-03    0.1119148160E+12    0.3676088575E-03
    0.9060000000E+00    0.2224943467E-20    0.1536325639E-21    0.1619720651E-06    0.4799366809E+30    0.2122339552E-05    0.1067831983E+10    0.3758385348E-05
    0.9060000000E+00    0.2384069878E-20    0.1646202581E-21    0.1657448792E-06    0.1155540994E+30    0.5475405414E-06    0.2754890477E+09    0.1038969311E-05
    0.9060000000E+00    0.2554576900E-20    0.1763937846E-21    0.1696055734E-06    0.2005467500E+29    0.1018231556E-06    0.5123120948E+08    0.2070298611E-06
    0.9060000000E+00    0.2737278465E-20    0.1890093455E-21    0.1735561947E-06    0.2951423833E+28    0.1605692962E-07    0.8078868900E+07    0.3498234694E-07
    0.9060000000E+00    0.2933046719E-20    0.2025271626E-21    0.1775988378E-06    0.7231865242E+27    0.4215812127E-08    0.2121139862E+07    0.9841644821E-08
    0.9060000000E+00    0.3142816182E-20    0.2170117645E-21    0.1817356462E-06    0.1591386485E+27    0.9940462456E-09    0.5001435198E+06    0.2486526134E-08
    0.9060000000E+00    0.3367588212E-20    0.2325322952E-21    0.1859688132E-06    0.3813825671E+26    0.2552652879E-09    0.1284339437E+06    0.6841923283E-09
    0.9060000000E+00    0.3608435782E-20    0.2491628434E-21    0.1903005833E-06    0.5544352180E+25    0.3976323712E-10    0.2000643879E+05    0.1142005437E-09
    0.9060000000E+00    0.3866508602E-20    0.2669827968E-21    0.1947332533E-06    0.1845889022E+25    0.1418523421E-10    0.7137145781E+04    0.4365388998E-10
