    0.9270000000E+00    0.4143038610E-23    0.2860772210E-24    0.1992691735E-07    0.0000000000E+00    0.0000000000E+00    0.0000000000E+00    0.0000000000E+00
    0.9270000000E+00    0.4439345853E-23    0.3065372650E-24    0.2039107488E-07    0.0000000000E+00    0.0000000000E+00    0.0000000000E+00    0.0000000000E+00
    0.9270000000E+00    0.4756844785E-23    0.3284605973E-24    0.2086604403E-07    0.0000000000E+00    0.0000000000E+00    0.0000000000E+00    0.0000000000E+00
    0.9270000000E+00    0.5097051019E-23    0.3519518710E-24    0.2135207663E-07    0.0000000000E+00    0.0000000000E+00    0.0000000000E+00    0.0000000000E+00
    0.9270000000E+00    0.5461588566E-23    0.3771232243E-24    0.2184943039E-07    0.0000000000E+00    0.0000000000E+00    0.0000000000E+00    0.0000000000E+00
    0.9270000000E+00    0.5852197586E-23    0.4040948153E-24    0.2235836900E-07    0.0000000000E+00    0.0000000000E+00    0.0000000000E+00    0.0000000000E+00
    0.9270000000E+00    0.6270742692E-23    0.4329953957E-24    0.2287916232E-07    0.0000000000E+00    0.0000000000E+00    0.0000000000E+00    0.0000000000E+00
    0.9270000000E+00    0.6719221852E-23    0.4639629256E-24    0.2341208647E-07    0.0000000000E+00    0.0000000000E+00    0.0000000000E+00    0.0000000000E+00
    0.9270000000E+00    0.7199775931E-23    0.4971452317E-24    0.2395742402E-07    0.0000000000E+00    0.0000000000E+00    0.0000000000E+00    0.0000000000E+00
    0.9270000000E+00    0.7714698903E-23    0.5327007132E-24    0.2451546411E-07    0.0000000000E+00    0.0000000000E+00    0.0000000000E+00    0.0000000000E+00
    0.9270000000E+00    0.8266448809E-23    0.5707990981E-24    0.2508650263E-07    0.0000000000E+00    0.0000000000E+00    0.0000000000E+00    0.0000000000E+00
    0.9270000000E+00    0.8857659485E-23    0.6116222531E-24    0.2567084234E-07    0.0000000000E+00    0.0000000000E+00    0.0000000000E+00    0.0000000000E+00
    0.9270000000E+00    0.9491153137E-23    0.6553650517E-24    0.2626879307E-07    0.0000000000E+00    0.0000000000E+00    0.0000000000E+00    0.0000000000E+00
    0.9270000000E+00    0.1016995382E-22    0.7022363048E-24    0.2688067187E-07    0.0000000000E+00    0.0000000000E+00    0.0000000000E+00    0.0000000000E+00
    0.9270000000E+00    0.1089730185E-22    0.7524597575E-24    0.2750680315E-07    0.0000000000E+00    0.0000000000E+00    0.0000000000E+00    0.0000000000E+00
    0.9270000000E+00    0.1167666930E-22    0.8062751566E-24    0.2814751890E-07    0.0000000000E+00    0.0000000000E+00    0.0000000000E+00    0.0000000000E+00
    0.9270000000E+00    0.1251177658E-22    0.8639393956E-24    0.2880315884E-07    0.0000000000E+00    0.0000000000E+00    0.0000000000E+00    0.0000000000E+00
    0.9270000000E+00    0.1340661015E-22    0.9257277409E-24    0.2947407060E-07    0.0000000000E+00    0.0000000000E+00    0.0000000000E+00    0.0000000000E+00
    0.9270000000E+00    0.1436544159E-22    0.9919351458E-24    0.3016060990E-07    0.0000000000E+00    0.0000000000E+00    0.0000000000E+00    0.0000000000E+00
    0.9270000000E+00    0.1539284799E-22    0.1062877658E-23    0.3086314075E-07    0.0000000000E+00    0.0000000000E+00    0.0000000000E+00    0.0000000000E+00
    0.9270000000E+00    0.1649373379E-22    0.1138893930E-23    0.3158203565E-07    0.0000000000E+00    0.0000000000E+00    0.0000000000E+00    0.0000000000E+00
    0.9270000000E+00    0.1767335417E-22    0.1220346833E-23    0.3231767576E-07    0.0000000000E+00    0.0000000000E+00    0.0000000000E+00    0.0000000000E+00
    0.9270000000E+00    0.1893734018E-22    0.1307625190E-23    0.3307045113E-07    0.0000000000E+00    0.0000000000E+00    0.0000000000E+00    0.0000000000E+00
    0.9270000000E+00    0.2029172559E-22    0.1401145635E-23    0.3384076090E-07    0.0000000000E+00    0.0000000000E+00    0.0000000000E+00    0.0000000000E+00
    0.9270000000E+00    0.2174297571E-22    0.1501354598E-23    0.3462901348E-07    0.0000000000E+00    0.0000000000E+00    0.0000000000E+00    0.0000000000E+00
    0.9270000000E+00    0.2329801823E-22    0.1608730435E-23    0.3543562682E-07    0.0000000000E+00    0.0000000000E+00    0.0000000000E+00    0.0000000000E+00
    0.9270000000E+00    0.2496427630E-22    0.1723785718E-23    0.3626102861E-07    0.0000000000E+00    0.0000000000E+00    0.0000000000E+00    0.0000000000E+00
    0.9270000000E+00    0.2674970400E-22    0.1847069675E-23    0.3710565646E-07    0.0000000000E+00    0.0000000000E+00    0.0000000000E+00    0.0000000000E+00
    0.9270000000E+00    0.2866282424E-22    0.1979170815E-23    0.3796995823E-07    0.0000000000E+00    0.0000000000E+00    0.0000000000E+00    0.0000000000E+00
    0.9270000000E+00    0.3071276952E-22    0.2120719737E-23    0.3885439218E-07    0.0000000000E+00    0.0000000000E+00    0.0000000000E+00    0.0000000000E+00
    0.9270000000E+00    0.3290932546E-22    0.2272392139E-23    0.3975942724E-07   -0.1212978202E-15   -0.7933848815E-53   -0.3991829444E-38   -0.2030280313E-54
    0.9270000000E+00    0.3526297755E-22    0.2434912046E-23    0.4068554327E-07   -0.5596773398E-15   -0.3922551439E-52   -0.1973588947E-37   -0.1075575077E-53
    0.9270000000E+00    0.3778496121E-22    0.2609055264E-23    0.4163323131E-07   -0.1043178456E-14   -0.7834107622E-52   -0.3941645751E-37   -0.2301768362E-53
    0.9270000000E+00    0.4048731538E-22    0.2795653084E-23    0.4260299385E-07    0.8619816725E-13    0.6936317368E-50    0.3489932383E-35    0.2183740551E-51
    0.9270000000E+00    0.4338294005E-22    0.2995596250E-23    0.4359534505E-07    0.7977823769E-13    0.6878842445E-50    0.3461014503E-35    0.2320531378E-51
    0.9270000000E+00    0.4648565778E-22    0.3209839213E-23    0.4461081109E-07   -0.2692400703E-10   -0.2487543128E-47   -0.1251580177E-32   -0.8991718496E-49
    0.9270000000E+00    0.4981027973E-22    0.3439404683E-23    0.4564993037E-07   -0.6514050151E-10   -0.6448846233E-47   -0.3244666602E-32   -0.2497779544E-48
    0.9270000000E+00    0.5337267633E-22    0.3685388516E-23    0.4671325384E-07    0.3517781238E-08    0.3731640108E-45    0.1877533994E-30    0.1548716178E-46
    0.9270000000E+00    0.5718985306E-22    0.3948964943E-23    0.4780134531E-07    0.2110290913E-07    0.2398685185E-44    0.1206872272E-29    0.1066707468E-45
    0.9270000000E+00    0.6128003161E-22    0.4231392172E-23    0.4891478167E-07   -0.3055241114E-06   -0.3721143460E-43   -0.1872252720E-28   -0.1773162330E-44
    0.9270000000E+00    0.6566273690E-22    0.4534018400E-23    0.5005415331E-07   -0.4894038419E-04   -0.6387020326E-41   -0.3213559571E-26   -0.3261147041E-42
    0.9270000000E+00    0.7035889022E-22    0.4858288246E-23    0.5122006431E-07   -0.4566791670E-02   -0.6386194246E-39   -0.3213143938E-24   -0.3493930058E-40
    0.9270000000E+00    0.7539090917E-22    0.5205749646E-23    0.5241313287E-07   -0.6455545358E-02   -0.9673059537E-39   -0.4866894337E-24   -0.5670690488E-40
    0.9270000000E+00    0.8078281461E-22    0.5578061244E-23    0.5363399157E-07    0.2862210186E+00    0.4595496576E-37    0.2312173948E-22    0.2886719127E-38
    0.9270000000E+00    0.8656034539E-22    0.5977000309E-23    0.5488328773E-07    0.2549261810E+02    0.4385765065E-35    0.2206649828E-20    0.2952007434E-36
    0.9270000000E+00    0.9275108115E-22    0.6404471218E-23    0.5616168372E-07    0.1123910346E+03    0.2071870434E-34    0.1042438997E-19    0.1494289263E-35
    0.9270000000E+00    0.9938457404E-22    0.6862514550E-23    0.5746985739E-07   -0.6538263560E+03   -0.1291496838E-33   -0.6498025388E-19   -0.9980801766E-35
    0.9270000000E+00    0.1064924897E-21    0.7353316823E-23    0.5880850233E-07   -0.4931594177E+05   -0.1043802313E-31   -0.5251777422E-17   -0.8643513962E-33
    0.9270000000E+00    0.1141087586E-21    0.7879220933E-23    0.6017832832E-07   -0.2531611512E+07   -0.5741534593E-30   -0.2888790469E-15   -0.5094482429E-31
    0.9270000000E+00    0.1222697377E-21    0.8442737340E-23    0.6158006166E-07   -0.1161109668E+09   -0.2821656644E-28   -0.1419685746E-13   -0.2682725566E-29
    0.9270000000E+00    0.1310143844E-21    0.9046556049E-23    0.6301444556E-07   -0.4574926304E+10   -0.1191283225E-26   -0.5993811535E-12   -0.1213632252E-27
    0.9270000000E+00    0.1403844422E-21    0.9693559452E-23    0.6448224056E-07   -0.1098476251E+11   -0.3064937310E-26   -0.1542089758E-11   -0.3345751481E-27
    0.9270000000E+00    0.1504246400E-21    0.1038683609E-22    0.6598422489E-07    0.5296496192E+11    0.1583505544E-25    0.7967235326E-11    0.1852216169E-26
    0.9270000000E+00    0.1611829057E-21    0.1112969539E-22    0.6752119493E-07    0.2246861365E+13    0.7197923066E-24    0.3621556435E-09    0.9021511007E-25
    0.9270000000E+00    0.1727105951E-21    0.1192568347E-22    0.6909396560E-07    0.6175450469E+14    0.2119822838E-22    0.1066565726E-07    0.2846896310E-23
    0.9270000000E+00    0.1850627369E-21    0.1277860007E-22    0.7070337081E-07    0.1515477887E+16    0.5574174081E-21    0.2804584854E-06    0.8021445007E-22
    0.9270000000E+00    0.1982982953E-21    0.1369251667E-22    0.7235026388E-07    0.2187365117E+17    0.8620892026E-20    0.4337507737E-05    0.1329303930E-20
    0.9270000000E+00    0.2124804516E-21    0.1467179595E-22    0.7403551802E-07    0.2549138614E+17    0.1076525634E-19    0.5416421239E-05    0.1778674417E-20
    0.9270000000E+00    0.2276769058E-21    0.1572111260E-22    0.7576002677E-07   -0.1826010616E+18   -0.8262932824E-19   -0.4157404471E-04   -0.1462871924E-19
    0.9270000000E+00    0.2439602000E-21    0.1684547565E-22    0.7752470448E-07   -0.4173307895E+19   -0.2023537937E-17   -0.1018121029E-02   -0.3838693468E-18
    0.9270000000E+00    0.2614080640E-21    0.1805025236E-22    0.7933048683E-07   -0.6587693691E+20   -0.3422664429E-16   -0.1722076254E-01   -0.6957230693E-17
    0.9270000000E+00    0.2801037871E-21    0.1934119387E-22    0.8117833125E-07   -0.9296147169E+21   -0.5175280749E-15   -0.2603886027E+00   -0.1127213022E-15
    0.9270000000E+00    0.3001366153E-21    0.2072446262E-22    0.8306921749E-07   -0.1204861892E+23   -0.7187340043E-14   -0.3616231702E+01   -0.1677414046E-14
    0.9270000000E+00    0.3216021775E-21    0.2220666179E-22    0.8500414813E-07   -0.1441932817E+24   -0.9216710575E-13   -0.4637287337E+02   -0.2304878479E-13
    0.9270000000E+00    0.3446029418E-21    0.2379486681E-22    0.8698414910E-07   -0.8214828254E+24   -0.5626384552E-12   -0.2830853983E+03   -0.1507653343E-12
    0.9270000000E+00    0.3692487048E-21    0.2549665916E-22    0.8901027021E-07   -0.8223661496E+24   -0.6035262294E-12   -0.3036576356E+03   -0.1732878974E-12
    0.9270000000E+00    0.3956571157E-21    0.2732016250E-22    0.9108358575E-07    0.2316748828E+25    0.1821838501E-11    0.9166381588E+03    0.5605081847E-12
    0.9270000000E+00    0.4239542377E-21    0.2927408154E-22    0.9320519501E-07    0.3581131893E+26    0.3017527525E-10    0.1518236042E+05    0.9947714743E-11
    0.9270000000E+00    0.4542751502E-21    0.3136774352E-22    0.9537622289E-07    0.3164831881E+27    0.2857469271E-09    0.1437704478E+06    0.1009377574E-09
    0.9270000000E+00    0.4867645933E-21    0.3361114274E-22    0.9759782052E-07    0.2428479184E+28    0.2349445143E-08    0.1182097683E+07    0.8892776799E-09
    0.9270000000E+00    0.5215776589E-21    0.3601498832E-22    0.9987116580E-07    0.1707682017E+29    0.1770263556E-07    0.8906887883E+07    0.7179761398E-08
    0.9270000000E+00    0.5588805307E-21    0.3859075526E-22    0.1021974641E-06    0.1113775181E+30    0.1237167377E-06    0.6224672639E+08    0.5376511048E-07
    0.9270000000E+00    0.5988512779E-21    0.4135073927E-22    0.1045779488E-06    0.6763143438E+30    0.8049696795E-06    0.4050117091E+09    0.3748448989E-06
    0.9270000000E+00    0.6416807053E-21    0.4430811541E-22    0.1070138822E-06    0.3830069309E+31    0.4884696184E-05    0.2457681575E+10    0.2437303655E-05
    0.9270000000E+00    0.6875732635E-21    0.4747700104E-22    0.1095065557E-06    0.2024797468E+32    0.2767021368E-04    0.1392196603E+11    0.1479396531E-04
    0.9270000000E+00    0.7367480256E-21    0.5087252317E-22    0.1120572911E-06    0.9996269480E+32    0.1463756644E-03    0.7364731803E+11    0.8385731681E-04
    0.9270000000E+00    0.7894397325E-21    0.5451089068E-22    0.1146674407E-06    0.4607655499E+33    0.7229544321E-03    0.3637466324E+12    0.4437956156E-03
    0.9270000000E+00    0.8458999137E-21    0.5840947171E-22    0.1173383885E-06    0.1981197542E+34    0.3330877833E-02    0.1675894830E+13    0.2190941528E-02
    0.9270000000E+00    0.9063980879E-21    0.6258687655E-22    0.1200715507E-06    0.7934332584E+34    0.1429359014E-01    0.7191663883E+13    0.1007426586E-01
    0.9270000000E+00    0.9712230494E-21    0.6706304648E-22    0.1228683764E-06    0.2420172296E+35    0.4671724343E-01    0.2350527118E+14    0.3528168288E-01
    0.9270000000E+00    0.1040684247E-20    0.7185934897E-22    0.1257303485E-06    0.4490823704E+35    0.9288742640E-01    0.4673529485E+14    0.7516731079E-01
    0.9270000000E+00    0.1115113261E-20    0.7699867968E-22    0.1286589846E-06    0.6014368514E+35    0.1332971791E+00    0.6706702089E+14    0.1155827549E+00
    0.9270000000E+00    0.1194865387E-20    0.8250557175E-22    0.1316558373E-06    0.6337849813E+35    0.1505126033E+00    0.7572877370E+14    0.1398443583E+00
    0.9270000000E+00    0.1280321329E-20    0.8840631292E-22    0.1347224957E-06    0.6231596434E+35    0.1585733657E+00    0.7978445831E+14    0.1578709880E+00
    0.9270000000E+00    0.1371889021E-20    0.9472907100E-22    0.1378605858E-06    0.5573245405E+35    0.1519634310E+00    0.7645874185E+14    0.1621105105E+00
    0.9270000000E+00    0.1470005571E-20    0.1015040283E-21    0.1410717713E-06    0.3988820490E+35    0.1165401079E+00    0.5863588343E+14    0.1332132730E+00
    0.9270000000E+00    0.1575139348E-20    0.1087635259E-21    0.1443577550E-06    0.2323118196E+35    0.7272809806E-01    0.3659234881E+14    0.8907879083E-01
    0.9270000000E+00    0.1687792220E-20    0.1165422177E-21    0.1477202791E-06    0.1110013339E+35    0.3723566563E-01    0.1873471878E+14    0.4886874709E-01
    0.9270000000E+00    0.1808501947E-20    0.1248772362E-21    0.1511611264E-06    0.4315982434E+34    0.1551352866E-01    0.7805462635E+13    0.2181637928E-01
    0.9270000000E+00    0.1937844750E-20    0.1338083694E-21    0.1546821213E-06    0.1283698738E+34    0.4944177319E-02    0.2487608859E+13    0.7450168939E-02
    0.9270000000E+00    0.2076438060E-20    0.1433782510E-21    0.1582851308E-06    0.1348321544E+33    0.5564477591E-03    0.2799706171E+12    0.8984553119E-03
    0.9270000000E+00    0.2224943467E-20    0.1536325639E-21    0.1619720651E-06    0.5865539785E+30    0.2593814470E-05    0.1305049443E+10    0.4487567475E-05
    0.9270000000E+00    0.2384069878E-20    0.1646202581E-21    0.1657448792E-06    0.1420067915E+30    0.6728837478E-06    0.3385541141E+09    0.1247418331E-05
    0.9270000000E+00    0.2554576900E-20    0.1763937846E-21    0.1696055734E-06    0.2580694108E+29    0.1310290083E-06    0.6592581554E+08    0.2602792443E-06
    0.9270000000E+00    0.2737278465E-20    0.1890093455E-21    0.1735561947E-06    0.3549706766E+28    0.1931182878E-07    0.9716535886E+07    0.4110507880E-07
    0.9270000000E+00    0.2933046719E-20    0.2025271626E-21    0.1775988378E-06    0.8697050525E+27    0.5069941135E-08    0.2550885551E+07    0.1156311913E-07
    0.9270000000E+00    0.3142816182E-20    0.2170117645E-21    0.1817356462E-06    0.1911652746E+27    0.1194097884E-08    0.6007973185E+06    0.2918179564E-08
    0.9270000000E+00    0.3367588212E-20    0.2325322952E-21    0.1859688132E-06    0.4586033124E+26    0.3069503346E-09    0.1544387109E+06    0.8037855492E-09
    0.9270000000E+00    0.3608435782E-20    0.2491628434E-21    0.1903005833E-06    0.6815220407E+25    0.4887770766E-10    0.2459228518E+05    0.1371459264E-09
    0.9270000000E+00    0.3866508602E-20    0.2669827968E-21    0.1947332533E-06    0.2291234071E+25    0.1760760888E-10    0.8859076245E+04    0.5293860167E-10
