    0.9080000000E+00    0.4143038610E-23    0.2860772210E-24    0.1992691735E-07    0.0000000000E+00    0.0000000000E+00    0.0000000000E+00    0.0000000000E+00
    0.9080000000E+00    0.4439345853E-23    0.3065372650E-24    0.2039107488E-07    0.0000000000E+00    0.0000000000E+00    0.0000000000E+00    0.0000000000E+00
    0.9080000000E+00    0.4756844785E-23    0.3284605973E-24    0.2086604403E-07    0.0000000000E+00    0.0000000000E+00    0.0000000000E+00    0.0000000000E+00
    0.9080000000E+00    0.5097051019E-23    0.3519518710E-24    0.2135207663E-07    0.0000000000E+00    0.0000000000E+00    0.0000000000E+00    0.0000000000E+00
    0.9080000000E+00    0.5461588566E-23    0.3771232243E-24    0.2184943039E-07    0.0000000000E+00    0.0000000000E+00    0.0000000000E+00    0.0000000000E+00
    0.9080000000E+00    0.5852197586E-23    0.4040948153E-24    0.2235836900E-07    0.0000000000E+00    0.0000000000E+00    0.0000000000E+00    0.0000000000E+00
    0.9080000000E+00    0.6270742692E-23    0.4329953957E-24    0.2287916232E-07    0.0000000000E+00    0.0000000000E+00    0.0000000000E+00    0.0000000000E+00
    0.9080000000E+00    0.6719221852E-23    0.4639629256E-24    0.2341208647E-07    0.0000000000E+00    0.0000000000E+00    0.0000000000E+00    0.0000000000E+00
    0.9080000000E+00    0.7199775931E-23    0.4971452317E-24    0.2395742402E-07    0.0000000000E+00    0.0000000000E+00    0.0000000000E+00    0.0000000000E+00
    0.9080000000E+00    0.7714698903E-23    0.5327007132E-24    0.2451546411E-07    0.0000000000E+00    0.0000000000E+00    0.0000000000E+00    0.0000000000E+00
    0.9080000000E+00    0.8266448809E-23    0.5707990981E-24    0.2508650263E-07    0.0000000000E+00    0.0000000000E+00    0.0000000000E+00    0.0000000000E+00
    0.9080000000E+00    0.8857659485E-23    0.6116222531E-24    0.2567084234E-07    0.0000000000E+00    0.0000000000E+00    0.0000000000E+00    0.0000000000E+00
    0.9080000000E+00    0.9491153137E-23    0.6553650517E-24    0.2626879307E-07    0.0000000000E+00    0.0000000000E+00    0.0000000000E+00    0.0000000000E+00
    0.9080000000E+00    0.1016995382E-22    0.7022363048E-24    0.2688067187E-07    0.0000000000E+00    0.0000000000E+00    0.0000000000E+00    0.0000000000E+00
    0.9080000000E+00    0.1089730185E-22    0.7524597575E-24    0.2750680315E-07    0.0000000000E+00    0.0000000000E+00    0.0000000000E+00    0.0000000000E+00
    0.9080000000E+00    0.1167666930E-22    0.8062751566E-24    0.2814751890E-07    0.0000000000E+00    0.0000000000E+00    0.0000000000E+00    0.0000000000E+00
    0.9080000000E+00    0.1251177658E-22    0.8639393956E-24    0.2880315884E-07    0.0000000000E+00    0.0000000000E+00    0.0000000000E+00    0.0000000000E+00
    0.9080000000E+00    0.1340661015E-22    0.9257277409E-24    0.2947407060E-07    0.0000000000E+00    0.0000000000E+00    0.0000000000E+00    0.0000000000E+00
    0.9080000000E+00    0.1436544159E-22    0.9919351458E-24    0.3016060990E-07    0.0000000000E+00    0.0000000000E+00    0.0000000000E+00    0.0000000000E+00
    0.9080000000E+00    0.1539284799E-22    0.1062877658E-23    0.3086314075E-07    0.0000000000E+00    0.0000000000E+00    0.0000000000E+00    0.0000000000E+00
    0.9080000000E+00    0.1649373379E-22    0.1138893930E-23    0.3158203565E-07    0.0000000000E+00    0.0000000000E+00    0.0000000000E+00    0.0000000000E+00
    0.9080000000E+00    0.1767335417E-22    0.1220346833E-23    0.3231767576E-07    0.0000000000E+00    0.0000000000E+00    0.0000000000E+00    0.0000000000E+00
    0.9080000000E+00    0.1893734018E-22    0.1307625190E-23    0.3307045113E-07    0.0000000000E+00    0.0000000000E+00    0.0000000000E+00    0.0000000000E+00
    0.9080000000E+00    0.2029172559E-22    0.1401145635E-23    0.3384076090E-07    0.0000000000E+00    0.0000000000E+00    0.0000000000E+00    0.0000000000E+00
    0.9080000000E+00    0.2174297571E-22    0.1501354598E-23    0.3462901348E-07    0.0000000000E+00    0.0000000000E+00    0.0000000000E+00    0.0000000000E+00
    0.9080000000E+00    0.2329801823E-22    0.1608730435E-23    0.3543562682E-07    0.0000000000E+00    0.0000000000E+00    0.0000000000E+00    0.0000000000E+00
    0.9080000000E+00    0.2496427630E-22    0.1723785718E-23    0.3626102861E-07    0.0000000000E+00    0.0000000000E+00    0.0000000000E+00    0.0000000000E+00
    0.9080000000E+00    0.2674970400E-22    0.1847069675E-23    0.3710565646E-07    0.0000000000E+00    0.0000000000E+00    0.0000000000E+00    0.0000000000E+00
    0.9080000000E+00    0.2866282424E-22    0.1979170815E-23    0.3796995823E-07    0.0000000000E+00    0.0000000000E+00    0.0000000000E+00    0.0000000000E+00
    0.9080000000E+00    0.3071276952E-22    0.2120719737E-23    0.3885439218E-07    0.0000000000E+00    0.0000000000E+00    0.0000000000E+00    0.0000000000E+00
    0.9080000000E+00    0.3290932546E-22    0.2272392139E-23    0.3975942724E-07   -0.4656619575E-15   -0.3045802111E-52   -0.1532462091E-37   -0.7959188842E-54
    0.9080000000E+00    0.3526297755E-22    0.2434912046E-23    0.4068554327E-07   -0.2239274454E-14   -0.1569416628E-51   -0.7896348481E-37   -0.4394458578E-53
    0.9080000000E+00    0.3778496121E-22    0.2609055264E-23    0.4163323131E-07   -0.5643175535E-15   -0.4237936874E-52   -0.2132271687E-37   -0.1271515355E-53
    0.9080000000E+00    0.4048731538E-22    0.2795653084E-23    0.4260299385E-07    0.2520691707E-12    0.2028386243E-49    0.1020560401E-34    0.6521053782E-51
    0.9080000000E+00    0.4338294005E-22    0.2995596250E-23    0.4359534505E-07   -0.2463103104E-12   -0.2123799506E-49   -0.1068566543E-34   -0.7316116984E-51
    0.9080000000E+00    0.4648565778E-22    0.3209839213E-23    0.4461081109E-07   -0.9532294352E-10   -0.8807007548E-47   -0.4431149731E-32   -0.3250839247E-48
    0.9080000000E+00    0.4981027973E-22    0.3439404683E-23    0.4564993037E-07   -0.6850676523E-10   -0.6782103064E-47   -0.3412341139E-32   -0.2682449230E-48
    0.9080000000E+00    0.5337267633E-22    0.3685388516E-23    0.4671325384E-07    0.1968878084E-07    0.2088573429E-44    0.1050842927E-29    0.8851500012E-46
    0.9080000000E+00    0.5718985306E-22    0.3948964943E-23    0.4780134531E-07    0.3146484423E-07    0.3576485840E-44    0.1799469818E-29    0.1624140648E-45
    0.9080000000E+00    0.6128003161E-22    0.4231392172E-23    0.4891478167E-07   -0.2056647257E-05   -0.2504901972E-42   -0.1260314089E-27   -0.1218871326E-43
    0.9080000000E+00    0.6566273690E-22    0.4534018400E-23    0.5005415331E-07   -0.2899491378E-03   -0.3784014097E-40   -0.1903885395E-25   -0.1972967227E-41
    0.9080000000E+00    0.7035889022E-22    0.4858288246E-23    0.5122006431E-07   -0.1125594639E-01   -0.1574029762E-38   -0.7919558963E-24   -0.8793870493E-40
    0.9080000000E+00    0.7539090917E-22    0.5205749646E-23    0.5241313287E-07   -0.3504088378E-02   -0.5250564223E-39   -0.2641764086E-24   -0.3143207852E-40
    0.9080000000E+00    0.8078281461E-22    0.5578061244E-23    0.5363399157E-07    0.1547005830E+01    0.2483835753E-36    0.1249714851E-21    0.1593272278E-37
    0.9080000000E+00    0.8656034539E-22    0.5977000309E-23    0.5488328773E-07    0.9838676994E+02    0.1692651797E-34    0.8516392788E-20    0.1163415250E-35
    0.9080000000E+00    0.9275108115E-22    0.6404471218E-23    0.5616168372E-07    0.1493861813E+03    0.2753856776E-34    0.1385572982E-19    0.2028189244E-35
    0.9080000000E+00    0.9938457404E-22    0.6862514550E-23    0.5746985739E-07   -0.3563580292E+04   -0.7039105467E-33   -0.3541649093E-18   -0.5555006839E-34
    0.9080000000E+00    0.1064924897E-21    0.7353316823E-23    0.5880850233E-07   -0.2173085377E+06   -0.4599469183E-31   -0.2314172722E-16   -0.3889330408E-32
    0.9080000000E+00    0.1141087586E-21    0.7879220933E-23    0.6017832832E-07   -0.1066441210E+08   -0.2418621132E-29   -0.1216902826E-14   -0.2191467169E-30
    0.9080000000E+00    0.1222697377E-21    0.8442737340E-23    0.6158006166E-07   -0.4702807441E+09   -0.1142847074E-27   -0.5750110324E-13   -0.1109571380E-28
    0.9080000000E+00    0.1310143844E-21    0.9046556049E-23    0.6301444556E-07   -0.1147991566E+11   -0.2989300820E-26   -0.1504034083E-11   -0.3109830703E-27
    0.9080000000E+00    0.1403844422E-21    0.9693559452E-23    0.6448224056E-07   -0.1243923014E+11   -0.3470758745E-26   -0.1746274384E-11   -0.3868936059E-27
    0.9080000000E+00    0.1504246400E-21    0.1038683609E-22    0.6598422489E-07    0.2355925763E+12    0.7043564977E-25    0.3543892847E-10    0.8413169738E-26
    0.9080000000E+00    0.1611829057E-21    0.1112969539E-22    0.6752119493E-07    0.7902661157E+13    0.2531653618E-23    0.1273773888E-08    0.3240196963E-24
    0.9080000000E+00    0.1727105951E-21    0.1192568347E-22    0.6909396560E-07    0.2072102880E+15    0.7112826877E-22    0.3578741216E-07    0.9754597725E-23
    0.9080000000E+00    0.1850627369E-21    0.1277860007E-22    0.7070337081E-07    0.4902089757E+16    0.1803068320E-20    0.9071941469E-06    0.2649593858E-21
    0.9080000000E+00    0.1982982953E-21    0.1369251667E-22    0.7235026388E-07    0.3647739991E+17    0.1437655395E-19    0.7233406218E-05    0.2263715915E-20
    0.9080000000E+00    0.2124804516E-21    0.1467179595E-22    0.7403551802E-07    0.2056887518E+17    0.8686432850E-20    0.4370483887E-05    0.1465576837E-20
    0.9080000000E+00    0.2276769058E-21    0.1572111260E-22    0.7576002677E-07   -0.6324298551E+18   -0.2861826411E-18   -0.1439896726E-03   -0.5173809251E-19
    0.9080000000E+00    0.2439602000E-21    0.1684547565E-22    0.7752470448E-07   -0.1191806588E+20   -0.5778787249E-17   -0.2907533736E-02   -0.1119447760E-17
    0.9080000000E+00    0.2614080640E-21    0.1805025236E-22    0.7933048683E-07   -0.1793229611E+21   -0.9316801130E-16   -0.4687646808E-01   -0.1933899723E-16
    0.9080000000E+00    0.2801037871E-21    0.1934119387E-22    0.8117833125E-07   -0.2443727213E+22   -0.1360453333E-14   -0.6844972470E+00   -0.3025873547E-15
    0.9080000000E+00    0.3001366153E-21    0.2072446262E-22    0.8306921749E-07   -0.3065206451E+23   -0.1828481854E-13   -0.9199806895E+01   -0.4357704535E-14
    0.9080000000E+00    0.3216021775E-21    0.2220666179E-22    0.8500414813E-07   -0.3545695427E+24   -0.2266378028E-12   -0.1140303370E+03   -0.5787612912E-13
    0.9080000000E+00    0.3446029418E-21    0.2379486681E-22    0.8698414910E-07   -0.1086954616E+25   -0.7444616578E-12   -0.3745677583E+03   -0.2037086454E-12
    0.9080000000E+00    0.3692487048E-21    0.2549665916E-22    0.8901027021E-07   -0.6661621738E+24   -0.4888897058E-12   -0.2459795199E+03   -0.1433435046E-12
    0.9080000000E+00    0.3956571157E-21    0.2732016250E-22    0.9108358575E-07    0.7115812736E+25    0.5595713033E-11    0.2815421943E+04    0.1758014934E-11
    0.9080000000E+00    0.4239542377E-21    0.2927408154E-22    0.9320519501E-07    0.8109542546E+26    0.6833249536E-10    0.3438074928E+05    0.2300352579E-10
    0.9080000000E+00    0.4542751502E-21    0.3136774352E-22    0.9537622289E-07    0.6734836971E+27    0.6080762079E-09    0.3059469077E+06    0.2193436857E-09
    0.9080000000E+00    0.4867645933E-21    0.3361114274E-22    0.9759782052E-07    0.4983813270E+28    0.4821616737E-08    0.2425943840E+07    0.1863630510E-08
    0.9080000000E+00    0.5215776589E-21    0.3601498832E-22    0.9987116580E-07    0.3397822930E+29    0.3522343179E-07    0.1772228529E+08    0.1458810204E-07
    0.9080000000E+00    0.5588805307E-21    0.3859075526E-22    0.1021974641E-06    0.2151995069E+30    0.2390408892E-06    0.1202708146E+09    0.1060814192E-06
    0.9080000000E+00    0.5988512779E-21    0.4135073927E-22    0.1045779488E-06    0.1269864483E+31    0.1511430913E-05    0.7604599685E+09    0.7187128771E-06
    0.9080000000E+00    0.6416807053E-21    0.4430811541E-22    0.1070138822E-06    0.6991878663E+31    0.8917124019E-05    0.4486553631E+10    0.4543514648E-05
    0.9080000000E+00    0.6875732635E-21    0.4747700104E-22    0.1095065557E-06    0.3595121471E+32    0.4912974304E-04    0.2471909402E+11    0.2682326365E-04
    0.9080000000E+00    0.7367480256E-21    0.5087252317E-22    0.1120572911E-06    0.1726774297E+33    0.2528520619E-03    0.1272197554E+12    0.1479222912E-03
    0.9080000000E+00    0.7894397325E-21    0.5451089068E-22    0.1146674407E-06    0.7744751467E+33    0.1215173834E-02    0.6114014526E+12    0.7617378489E-03
    0.9080000000E+00    0.8458999137E-21    0.5840947171E-22    0.1173383885E-06    0.3240265812E+34    0.5447679669E-02    0.2740940571E+13    0.3659137154E-02
    0.9080000000E+00    0.9063980879E-21    0.6258687655E-22    0.1200715507E-06    0.1244825045E+35    0.2242535058E-01    0.1128307040E+14    0.1614010541E-01
    0.9080000000E+00    0.9712230494E-21    0.6706304648E-22    0.1228683764E-06    0.3147202261E+35    0.6075130039E-01    0.3056635377E+14    0.4685141416E-01
    0.9080000000E+00    0.1040684247E-20    0.7185934897E-22    0.1257303485E-06    0.5169555167E+35    0.1069261915E+00    0.5379874627E+14    0.8835908784E-01
    0.9080000000E+00    0.1115113261E-20    0.7699867968E-22    0.1286589846E-06    0.6337903874E+35    0.1404677325E+00    0.7067480659E+14    0.1243780368E+00
    0.9080000000E+00    0.1194865387E-20    0.8250557175E-22    0.1316558373E-06    0.6424218126E+35    0.1525636963E+00    0.7676075878E+14    0.1447499185E+00
    0.9080000000E+00    0.1280321329E-20    0.8840631292E-22    0.1347224957E-06    0.6223588115E+35    0.1583695806E+00    0.7968192610E+14    0.1610048254E+00
    0.9080000000E+00    0.1371889021E-20    0.9472907100E-22    0.1378605858E-06    0.5241399862E+35    0.1429151327E+00    0.7190618928E+14    0.1556844879E+00
    0.9080000000E+00    0.1470005571E-20    0.1015040283E-21    0.1410717713E-06    0.3521236134E+35    0.1028788436E+00    0.5176236735E+14    0.1200862269E+00
    0.9080000000E+00    0.1575139348E-20    0.1087635259E-21    0.1443577550E-06    0.1940527451E+35    0.6075062001E-01    0.3056601145E+14    0.7598324560E-01
    0.9080000000E+00    0.1687792220E-20    0.1165422177E-21    0.1477202791E-06    0.8812589910E+34    0.2956204575E-01    0.1487382069E+14    0.3961882675E-01
    0.9080000000E+00    0.1808501947E-20    0.1248772362E-21    0.1511611264E-06    0.3259493248E+34    0.1171604442E-01    0.5894799886E+13    0.1682473124E-01
    0.9080000000E+00    0.1937844750E-20    0.1338083694E-21    0.1546821213E-06    0.8952783710E+33    0.3448172758E-02    0.1734910491E+13    0.5305864344E-02
    0.9080000000E+00    0.2076438060E-20    0.1433782510E-21    0.1582851308E-06    0.5982464280E+32    0.2468942855E-03    0.1242221652E+12    0.4070784983E-03
    0.9080000000E+00    0.2224943467E-20    0.1536325639E-21    0.1619720651E-06    0.4897080001E+30    0.2165549538E-05    0.1089572616E+10    0.3825914396E-05
    0.9080000000E+00    0.2384069878E-20    0.1646202581E-21    0.1657448792E-06    0.1179797688E+30    0.5590343123E-06    0.2812720131E+09    0.1058292188E-05
    0.9080000000E+00    0.2554576900E-20    0.1763937846E-21    0.1696055734E-06    0.2056992691E+29    0.1044392327E-06    0.5254746011E+08    0.2118511365E-06
    0.9080000000E+00    0.2737278465E-20    0.1890093455E-21    0.1735561947E-06    0.3006617778E+28    0.1635720682E-07    0.8229950095E+07    0.3555300146E-07
    0.9080000000E+00    0.2933046719E-20    0.2025271626E-21    0.1775988378E-06    0.7367029946E+27    0.4294606322E-08    0.2160784301E+07    0.1000208371E-07
    0.9080000000E+00    0.3142816182E-20    0.2170117645E-21    0.1817356462E-06    0.1620945720E+27    0.1012510174E-08    0.5094334440E+06    0.2526774711E-08
    0.9080000000E+00    0.3367588212E-20    0.2325322952E-21    0.1859688132E-06    0.3885150532E+26    0.2600391719E-09    0.1308358714E+06    0.6953539083E-09
    0.9080000000E+00    0.3608435782E-20    0.2491628434E-21    0.1903005833E-06    0.5661520955E+25    0.4060355346E-10    0.2042923479E+05    0.1163405650E-09
    0.9080000000E+00    0.3866508602E-20    0.2669827968E-21    0.1947332533E-06    0.1886652955E+25    0.1449849570E-10    0.7294759880E+04    0.4451332848E-10
