    0.9160000000E+00    0.4143038610E-23    0.2860772210E-24    0.1992691735E-07    0.0000000000E+00    0.0000000000E+00    0.0000000000E+00    0.0000000000E+00
    0.9160000000E+00    0.4439345853E-23    0.3065372650E-24    0.2039107488E-07    0.0000000000E+00    0.0000000000E+00    0.0000000000E+00    0.0000000000E+00
    0.9160000000E+00    0.4756844785E-23    0.3284605973E-24    0.2086604403E-07    0.0000000000E+00    0.0000000000E+00    0.0000000000E+00    0.0000000000E+00
    0.9160000000E+00    0.5097051019E-23    0.3519518710E-24    0.2135207663E-07    0.0000000000E+00    0.0000000000E+00    0.0000000000E+00    0.0000000000E+00
    0.9160000000E+00    0.5461588566E-23    0.3771232243E-24    0.2184943039E-07    0.0000000000E+00    0.0000000000E+00    0.0000000000E+00    0.0000000000E+00
    0.9160000000E+00    0.5852197586E-23    0.4040948153E-24    0.2235836900E-07    0.0000000000E+00    0.0000000000E+00    0.0000000000E+00    0.0000000000E+00
    0.9160000000E+00    0.6270742692E-23    0.4329953957E-24    0.2287916232E-07    0.0000000000E+00    0.0000000000E+00    0.0000000000E+00    0.0000000000E+00
    0.9160000000E+00    0.6719221852E-23    0.4639629256E-24    0.2341208647E-07    0.0000000000E+00    0.0000000000E+00    0.0000000000E+00    0.0000000000E+00
    0.9160000000E+00    0.7199775931E-23    0.4971452317E-24    0.2395742402E-07    0.0000000000E+00    0.0000000000E+00    0.0000000000E+00    0.0000000000E+00
    0.9160000000E+00    0.7714698903E-23    0.5327007132E-24    0.2451546411E-07    0.0000000000E+00    0.0000000000E+00    0.0000000000E+00    0.0000000000E+00
    0.9160000000E+00    0.8266448809E-23    0.5707990981E-24    0.2508650263E-07    0.0000000000E+00    0.0000000000E+00    0.0000000000E+00    0.0000000000E+00
    0.9160000000E+00    0.8857659485E-23    0.6116222531E-24    0.2567084234E-07    0.0000000000E+00    0.0000000000E+00    0.0000000000E+00    0.0000000000E+00
    0.9160000000E+00    0.9491153137E-23    0.6553650517E-24    0.2626879307E-07    0.0000000000E+00    0.0000000000E+00    0.0000000000E+00    0.0000000000E+00
    0.9160000000E+00    0.1016995382E-22    0.7022363048E-24    0.2688067187E-07    0.0000000000E+00    0.0000000000E+00    0.0000000000E+00    0.0000000000E+00
    0.9160000000E+00    0.1089730185E-22    0.7524597575E-24    0.2750680315E-07    0.0000000000E+00    0.0000000000E+00    0.0000000000E+00    0.0000000000E+00
    0.9160000000E+00    0.1167666930E-22    0.8062751566E-24    0.2814751890E-07    0.0000000000E+00    0.0000000000E+00    0.0000000000E+00    0.0000000000E+00
    0.9160000000E+00    0.1251177658E-22    0.8639393956E-24    0.2880315884E-07    0.0000000000E+00    0.0000000000E+00    0.0000000000E+00    0.0000000000E+00
    0.9160000000E+00    0.1340661015E-22    0.9257277409E-24    0.2947407060E-07    0.0000000000E+00    0.0000000000E+00    0.0000000000E+00    0.0000000000E+00
    0.9160000000E+00    0.1436544159E-22    0.9919351458E-24    0.3016060990E-07    0.0000000000E+00    0.0000000000E+00    0.0000000000E+00    0.0000000000E+00
    0.9160000000E+00    0.1539284799E-22    0.1062877658E-23    0.3086314075E-07    0.0000000000E+00    0.0000000000E+00    0.0000000000E+00    0.0000000000E+00
    0.9160000000E+00    0.1649373379E-22    0.1138893930E-23    0.3158203565E-07    0.0000000000E+00    0.0000000000E+00    0.0000000000E+00    0.0000000000E+00
    0.9160000000E+00    0.1767335417E-22    0.1220346833E-23    0.3231767576E-07    0.0000000000E+00    0.0000000000E+00    0.0000000000E+00    0.0000000000E+00
    0.9160000000E+00    0.1893734018E-22    0.1307625190E-23    0.3307045113E-07    0.0000000000E+00    0.0000000000E+00    0.0000000000E+00    0.0000000000E+00
    0.9160000000E+00    0.2029172559E-22    0.1401145635E-23    0.3384076090E-07    0.0000000000E+00    0.0000000000E+00    0.0000000000E+00    0.0000000000E+00
    0.9160000000E+00    0.2174297571E-22    0.1501354598E-23    0.3462901348E-07    0.0000000000E+00    0.0000000000E+00    0.0000000000E+00    0.0000000000E+00
    0.9160000000E+00    0.2329801823E-22    0.1608730435E-23    0.3543562682E-07    0.0000000000E+00    0.0000000000E+00    0.0000000000E+00    0.0000000000E+00
    0.9160000000E+00    0.2496427630E-22    0.1723785718E-23    0.3626102861E-07    0.0000000000E+00    0.0000000000E+00    0.0000000000E+00    0.0000000000E+00
    0.9160000000E+00    0.2674970400E-22    0.1847069675E-23    0.3710565646E-07    0.0000000000E+00    0.0000000000E+00    0.0000000000E+00    0.0000000000E+00
    0.9160000000E+00    0.2866282424E-22    0.1979170815E-23    0.3796995823E-07    0.0000000000E+00    0.0000000000E+00    0.0000000000E+00    0.0000000000E+00
    0.9160000000E+00    0.3071276952E-22    0.2120719737E-23    0.3885439218E-07    0.0000000000E+00    0.0000000000E+00    0.0000000000E+00    0.0000000000E+00
    0.9160000000E+00    0.3290932546E-22    0.2272392139E-23    0.3975942724E-07   -0.2648034024E-15   -0.1732026311E-52   -0.8714501354E-38   -0.4485033315E-54
    0.9160000000E+00    0.3526297755E-22    0.2434912046E-23    0.4068554327E-07   -0.1133475150E-14   -0.7944067523E-52   -0.3996970875E-37   -0.2204215822E-53
    0.9160000000E+00    0.3778496121E-22    0.2609055264E-23    0.4163323131E-07   -0.1425524542E-14   -0.1070546713E-51   -0.5386338952E-37   -0.3182854684E-53
    0.9160000000E+00    0.4048731538E-22    0.2795653084E-23    0.4260299385E-07    0.1586357006E-12    0.1276532437E-49    0.6422733640E-35    0.4066708498E-51
    0.9160000000E+00    0.4338294005E-22    0.2995596250E-23    0.4359534505E-07    0.1318835851E-13    0.1137160245E-50    0.5721497667E-36    0.3881797329E-52
    0.9160000000E+00    0.4648565778E-22    0.3209839213E-23    0.4461081109E-07   -0.6048350948E-10   -0.5588148087E-47   -0.2811615723E-32   -0.2043991545E-48
    0.9160000000E+00    0.4981027973E-22    0.3439404683E-23    0.4564993037E-07   -0.7302674749E-10   -0.7229576908E-47   -0.3637482720E-32   -0.2833505569E-48
    0.9160000000E+00    0.5337267633E-22    0.3685388516E-23    0.4671325384E-07    0.1035053439E-07    0.1097978147E-44    0.5524357219E-30    0.4611103655E-46
    0.9160000000E+00    0.5718985306E-22    0.3948964943E-23    0.4780134531E-07    0.2793903317E-07    0.3175720680E-44    0.1597829201E-29    0.1429069945E-45
    0.9160000000E+00    0.6128003161E-22    0.4231392172E-23    0.4891478167E-07   -0.9092683774E-06   -0.1107447154E-42   -0.5571999491E-28   -0.5339913226E-44
    0.9160000000E+00    0.6566273690E-22    0.4534018400E-23    0.5005415331E-07   -0.1340007174E-03   -0.1748791555E-40   -0.8798853850E-26   -0.9035438532E-42
    0.9160000000E+00    0.7035889022E-22    0.4858288246E-23    0.5122006431E-07   -0.7812395032E-02   -0.1092484085E-38   -0.5496714444E-24   -0.6048202279E-40
    0.9160000000E+00    0.7539090917E-22    0.5205749646E-23    0.5241313287E-07   -0.6398381441E-02   -0.9587404499E-39   -0.4823797940E-24   -0.5687379908E-40
    0.9160000000E+00    0.8078281461E-22    0.5578061244E-23    0.5363399157E-07    0.7471171020E+00    0.1199553443E-36    0.6035422235E-22    0.7624840971E-38
    0.9160000000E+00    0.8656034539E-22    0.5977000309E-23    0.5488328773E-07    0.5928544148E+02    0.1019950235E-34    0.5131768291E-20    0.6946885977E-36
    0.9160000000E+00    0.9275108115E-22    0.6404471218E-23    0.5616168372E-07    0.1369033768E+03    0.2523742750E-34    0.1269793621E-19    0.1841858543E-35
    0.9160000000E+00    0.9938457404E-22    0.6862514550E-23    0.5746985739E-07   -0.1746481865E+04   -0.3449808629E-33   -0.1735733562E-18   -0.2697777900E-34
    0.9160000000E+00    0.1064924897E-21    0.7353316823E-23    0.5880850233E-07   -0.1142497600E+06   -0.2418166612E-31   -0.1216674140E-16   -0.2026270441E-32
    0.9160000000E+00    0.1141087586E-21    0.7879220933E-23    0.6017832832E-07   -0.5714781701E+07   -0.1296076300E-29   -0.6521066456E-15   -0.1163701938E-30
    0.9160000000E+00    0.1222697377E-21    0.8442737340E-23    0.6158006166E-07   -0.2563411921E+09   -0.6229444537E-28   -0.3134277032E-13   -0.5993224026E-29
    0.9160000000E+00    0.1310143844E-21    0.9046556049E-23    0.6301444556E-07   -0.8042207788E+10   -0.2094142418E-26   -0.1053644903E-11   -0.2158824818E-27
    0.9160000000E+00    0.1403844422E-21    0.9693559452E-23    0.6448224056E-07   -0.1215480441E+11   -0.3391399086E-26   -0.1706345437E-11   -0.3746192475E-27
    0.9160000000E+00    0.1504246400E-21    0.1038683609E-22    0.6598422489E-07    0.1261826205E+12    0.3772510577E-25    0.1898097525E-10    0.4465207593E-26
    0.9160000000E+00    0.1611829057E-21    0.1112969539E-22    0.6752119493E-07    0.4584031759E+13    0.1468515523E-23    0.7388675587E-09    0.1862471905E-24
    0.9160000000E+00    0.1727105951E-21    0.1192568347E-22    0.6909396560E-07    0.1225785248E+15    0.4207705295E-22    0.2117060998E-07    0.5718162630E-23
    0.9160000000E+00    0.1850627369E-21    0.1277860007E-22    0.7070337081E-07    0.2946238947E+16    0.1083674590E-20    0.5452390430E-06    0.1578011190E-21
    0.9160000000E+00    0.1982982953E-21    0.1369251667E-22    0.7235026388E-07    0.2965784801E+17    0.1168881699E-19    0.5881100701E-05    0.1823819049E-20
    0.9160000000E+00    0.2124804516E-21    0.1467179595E-22    0.7403551802E-07    0.2517498607E+17    0.1063163756E-19    0.5349192409E-05    0.1777507129E-20
    0.9160000000E+00    0.2276769058E-21    0.1572111260E-22    0.7576002677E-07   -0.3749218699E+18   -0.1696569668E-18   -0.8536105128E-04   -0.3039365201E-19
    0.9160000000E+00    0.2439602000E-21    0.1684547565E-22    0.7752470448E-07   -0.7570348120E+19   -0.3670682107E-17   -0.1846863641E-02   -0.7046248627E-18
    0.9160000000E+00    0.2614080640E-21    0.1805025236E-22    0.7933048683E-07   -0.1161826601E+21   -0.6036319789E-16   -0.3037108423E-01   -0.1241604929E-16
    0.9160000000E+00    0.2801037871E-21    0.1934119387E-22    0.8117833125E-07   -0.1607272051E+22   -0.8947883413E-15   -0.4502029885E+00   -0.1972111680E-15
    0.9160000000E+00    0.3001366153E-21    0.2072446262E-22    0.8306921749E-07   -0.2044892274E+23   -0.1219835752E-13   -0.6137470459E+01   -0.2880796273E-14
    0.9160000000E+00    0.3216021775E-21    0.2220666179E-22    0.8500414813E-07   -0.2403354142E+24   -0.1536203302E-12   -0.7729239256E+02   -0.3887405838E-13
    0.9160000000E+00    0.3446029418E-21    0.2379486681E-22    0.8698414910E-07   -0.9787202536E+24   -0.6703313017E-12   -0.3372698787E+03   -0.1817609936E-12
    0.9160000000E+00    0.3692487048E-21    0.2549665916E-22    0.8901027021E-07   -0.7842842314E+24   -0.5755782935E-12   -0.2895959367E+03   -0.1672305413E-12
    0.9160000000E+00    0.3956571157E-21    0.2732016250E-22    0.9108358575E-07    0.4511536326E+25    0.3547769391E-11    0.1785021450E+04    0.1104502163E-11
    0.9160000000E+00    0.4239542377E-21    0.2927408154E-22    0.9320519501E-07    0.5704713126E+26    0.4806896086E-10    0.2418537305E+05    0.1603525690E-10
    0.9160000000E+00    0.4542751502E-21    0.3136774352E-22    0.9537622289E-07    0.4857628143E+27    0.4385864295E-09    0.2206699754E+06    0.1567712345E-09
    0.9160000000E+00    0.4867645933E-21    0.3361114274E-22    0.9759782052E-07    0.3650532886E+28    0.3531727516E-08    0.1776950156E+07    0.1352690305E-08
    0.9160000000E+00    0.5215776589E-21    0.3601498832E-22    0.9987116580E-07    0.2522320932E+29    0.2614756600E-07    0.1315586247E+08    0.1073105588E-07
    0.9160000000E+00    0.5588805307E-21    0.3859075526E-22    0.1021974641E-06    0.1617977962E+30    0.1797229447E-06    0.9042563819E+08    0.7903413677E-07
    0.9160000000E+00    0.5988512779E-21    0.4135073927E-22    0.1045779488E-06    0.9666941356E+30    0.1150588444E-05    0.5789060185E+09    0.5421646485E-06
    0.9160000000E+00    0.6416807053E-21    0.4430811541E-22    0.1070138822E-06    0.5388088378E+31    0.6871722839E-05    0.3457432351E+10    0.3469579339E-05
    0.9160000000E+00    0.6875732635E-21    0.4747700104E-22    0.1095065557E-06    0.2804090521E+32    0.3831977524E-04    0.1928017670E+11    0.2073166305E-04
    0.9160000000E+00    0.7367480256E-21    0.5087252317E-22    0.1120572911E-06    0.1363013333E+33    0.1995864382E-03    0.1004197382E+12    0.1157023597E-03
    0.9160000000E+00    0.7894397325E-21    0.5451089068E-22    0.1146674407E-06    0.6186309875E+33    0.9706498552E-03    0.4883718813E+12    0.6029395640E-03
    0.9160000000E+00    0.8458999137E-21    0.5840947171E-22    0.1173383885E-06    0.2619199055E+34    0.4403514485E-02    0.2215580254E+13    0.2930964901E-02
    0.9160000000E+00    0.9063980879E-21    0.6258687655E-22    0.1200715507E-06    0.1030886022E+35    0.1857126875E-01    0.9343931188E+13    0.1324502441E-01
    0.9160000000E+00    0.9712230494E-21    0.6706304648E-22    0.1228683764E-06    0.2825202956E+35    0.5453566031E-01    0.2743902230E+14    0.4167655035E-01
    0.9160000000E+00    0.1040684247E-20    0.7185934897E-22    0.1257303485E-06    0.4882137347E+35    0.1009812906E+00    0.5080763429E+14    0.8268983121E-01
    0.9160000000E+00    0.1115113261E-20    0.7699867968E-22    0.1286589846E-06    0.6215139294E+35    0.1377468862E+00    0.6930584248E+14    0.1208628912E+00
    0.9160000000E+00    0.1194865387E-20    0.8250557175E-22    0.1316558373E-06    0.6386591265E+35    0.1516701257E+00    0.7631116844E+14    0.1425972778E+00
    0.9160000000E+00    0.1280321329E-20    0.8840631292E-22    0.1347224957E-06    0.6234148029E+35    0.1586382952E+00    0.7981712692E+14    0.1598156195E+00
    0.9160000000E+00    0.1371889021E-20    0.9472907100E-22    0.1378605858E-06    0.5397811933E+35    0.1471799574E+00    0.7405198930E+14    0.1588765723E+00
    0.9160000000E+00    0.1470005571E-20    0.1015040283E-21    0.1410717713E-06    0.3725861957E+35    0.1088573316E+00    0.5477037835E+14    0.1259125074E+00
    0.9160000000E+00    0.1575139348E-20    0.1087635259E-21    0.1443577550E-06    0.2102118408E+35    0.6580942545E-01    0.3311129419E+14    0.8156414492E-01
    0.9160000000E+00    0.1687792220E-20    0.1165422177E-21    0.1477202791E-06    0.9756743422E+34    0.3272923152E-01    0.1646735564E+14    0.4346573187E-01
    0.9160000000E+00    0.1808501947E-20    0.1248772362E-21    0.1511611264E-06    0.3687216565E+34    0.1325346911E-01    0.6668338338E+13    0.1885995962E-01
    0.9160000000E+00    0.1937844750E-20    0.1338083694E-21    0.1546821213E-06    0.1049937602E+34    0.4043844189E-02    0.2034616070E+13    0.6166029556E-02
    0.9160000000E+00    0.2076438060E-20    0.1433782510E-21    0.1582851308E-06    0.8718857043E+32    0.3598242930E-03    0.1810416660E+12    0.5878975756E-03
    0.9160000000E+00    0.2224943467E-20    0.1536325639E-21    0.1619720651E-06    0.5296208589E+30    0.2342049152E-05    0.1178376470E+10    0.4100220320E-05
    0.9160000000E+00    0.2384069878E-20    0.1646202581E-21    0.1657448792E-06    0.1278853850E+30    0.6059709979E-06    0.3048876942E+09    0.1136744934E-05
    0.9160000000E+00    0.2554576900E-20    0.1763937846E-21    0.1696055734E-06    0.2270107194E+29    0.1152596480E-06    0.5799163397E+08    0.2316799641E-06
    0.9160000000E+00    0.2737278465E-20    0.1890093455E-21    0.1735561947E-06    0.3231280903E+28    0.1757946435E-07    0.8844915629E+07    0.3786315734E-07
    0.9160000000E+00    0.2933046719E-20    0.2025271626E-21    0.1775988378E-06    0.7917217748E+27    0.4615338019E-08    0.2322156954E+07    0.1065159639E-07
    0.9160000000E+00    0.3142816182E-20    0.2170117645E-21    0.1817356462E-06    0.1741233804E+27    0.1087647119E-08    0.5472377777E+06    0.2689671259E-08
    0.9160000000E+00    0.3367588212E-20    0.2325322952E-21    0.1859688132E-06    0.4175284921E+26    0.2794583181E-09    0.1406064028E+06    0.7405053991E-09
    0.9160000000E+00    0.3608435782E-20    0.2491628434E-21    0.1903005833E-06    0.6138680095E+25    0.4402566508E-10    0.2215103291E+05    0.1250020438E-09
    0.9160000000E+00    0.3866508602E-20    0.2669827968E-21    0.1947332533E-06    0.2053309031E+25    0.1577920946E-10    0.7939137028E+04    0.4800610045E-10
