    0.9930000000E+00    0.4143038610E-23    0.2860772210E-24    0.1992691735E-07    0.0000000000E+00    0.0000000000E+00    0.0000000000E+00    0.0000000000E+00
    0.9930000000E+00    0.4439345853E-23    0.3065372650E-24    0.2039107488E-07    0.0000000000E+00    0.0000000000E+00    0.0000000000E+00    0.0000000000E+00
    0.9930000000E+00    0.4756844785E-23    0.3284605973E-24    0.2086604403E-07    0.0000000000E+00    0.0000000000E+00    0.0000000000E+00    0.0000000000E+00
    0.9930000000E+00    0.5097051019E-23    0.3519518710E-24    0.2135207663E-07    0.0000000000E+00    0.0000000000E+00    0.0000000000E+00    0.0000000000E+00
    0.9930000000E+00    0.5461588566E-23    0.3771232243E-24    0.2184943039E-07    0.0000000000E+00    0.0000000000E+00    0.0000000000E+00    0.0000000000E+00
    0.9930000000E+00    0.5852197586E-23    0.4040948153E-24    0.2235836900E-07    0.0000000000E+00    0.0000000000E+00    0.0000000000E+00    0.0000000000E+00
    0.9930000000E+00    0.6270742692E-23    0.4329953957E-24    0.2287916232E-07    0.0000000000E+00    0.0000000000E+00    0.0000000000E+00    0.0000000000E+00
    0.9930000000E+00    0.6719221852E-23    0.4639629256E-24    0.2341208647E-07    0.0000000000E+00    0.0000000000E+00    0.0000000000E+00    0.0000000000E+00
    0.9930000000E+00    0.7199775931E-23    0.4971452317E-24    0.2395742402E-07    0.0000000000E+00    0.0000000000E+00    0.0000000000E+00    0.0000000000E+00
    0.9930000000E+00    0.7714698903E-23    0.5327007132E-24    0.2451546411E-07    0.0000000000E+00    0.0000000000E+00    0.0000000000E+00    0.0000000000E+00
    0.9930000000E+00    0.8266448809E-23    0.5707990981E-24    0.2508650263E-07    0.0000000000E+00    0.0000000000E+00    0.0000000000E+00    0.0000000000E+00
    0.9930000000E+00    0.8857659485E-23    0.6116222531E-24    0.2567084234E-07    0.0000000000E+00    0.0000000000E+00    0.0000000000E+00    0.0000000000E+00
    0.9930000000E+00    0.9491153137E-23    0.6553650517E-24    0.2626879307E-07    0.0000000000E+00    0.0000000000E+00    0.0000000000E+00    0.0000000000E+00
    0.9930000000E+00    0.1016995382E-22    0.7022363048E-24    0.2688067187E-07    0.0000000000E+00    0.0000000000E+00    0.0000000000E+00    0.0000000000E+00
    0.9930000000E+00    0.1089730185E-22    0.7524597575E-24    0.2750680315E-07    0.0000000000E+00    0.0000000000E+00    0.0000000000E+00    0.0000000000E+00
    0.9930000000E+00    0.1167666930E-22    0.8062751566E-24    0.2814751890E-07    0.0000000000E+00    0.0000000000E+00    0.0000000000E+00    0.0000000000E+00
    0.9930000000E+00    0.1251177658E-22    0.8639393956E-24    0.2880315884E-07    0.0000000000E+00    0.0000000000E+00    0.0000000000E+00    0.0000000000E+00
    0.9930000000E+00    0.1340661015E-22    0.9257277409E-24    0.2947407060E-07    0.0000000000E+00    0.0000000000E+00    0.0000000000E+00    0.0000000000E+00
    0.9930000000E+00    0.1436544159E-22    0.9919351458E-24    0.3016060990E-07    0.0000000000E+00    0.0000000000E+00    0.0000000000E+00    0.0000000000E+00
    0.9930000000E+00    0.1539284799E-22    0.1062877658E-23    0.3086314075E-07    0.0000000000E+00    0.0000000000E+00    0.0000000000E+00    0.0000000000E+00
    0.9930000000E+00    0.1649373379E-22    0.1138893930E-23    0.3158203565E-07    0.0000000000E+00    0.0000000000E+00    0.0000000000E+00    0.0000000000E+00
    0.9930000000E+00    0.1767335417E-22    0.1220346833E-23    0.3231767576E-07    0.0000000000E+00    0.0000000000E+00    0.0000000000E+00    0.0000000000E+00
    0.9930000000E+00    0.1893734018E-22    0.1307625190E-23    0.3307045113E-07    0.0000000000E+00    0.0000000000E+00    0.0000000000E+00    0.0000000000E+00
    0.9930000000E+00    0.2029172559E-22    0.1401145635E-23    0.3384076090E-07    0.0000000000E+00    0.0000000000E+00    0.0000000000E+00    0.0000000000E+00
    0.9930000000E+00    0.2174297571E-22    0.1501354598E-23    0.3462901348E-07    0.0000000000E+00    0.0000000000E+00    0.0000000000E+00    0.0000000000E+00
    0.9930000000E+00    0.2329801823E-22    0.1608730435E-23    0.3543562682E-07    0.0000000000E+00    0.0000000000E+00    0.0000000000E+00    0.0000000000E+00
    0.9930000000E+00    0.2496427630E-22    0.1723785718E-23    0.3626102861E-07    0.0000000000E+00    0.0000000000E+00    0.0000000000E+00    0.0000000000E+00
    0.9930000000E+00    0.2674970400E-22    0.1847069675E-23    0.3710565646E-07    0.0000000000E+00    0.0000000000E+00    0.0000000000E+00    0.0000000000E+00
    0.9930000000E+00    0.2866282424E-22    0.1979170815E-23    0.3796995823E-07    0.0000000000E+00    0.0000000000E+00    0.0000000000E+00    0.0000000000E+00
    0.9930000000E+00    0.3071276952E-22    0.2120719737E-23    0.3885439218E-07    0.0000000000E+00    0.0000000000E+00    0.0000000000E+00    0.0000000000E+00
    0.9930000000E+00    0.3290932546E-22    0.2272392139E-23    0.3975942724E-07    0.0000000000E+00    0.0000000000E+00    0.0000000000E+00    0.0000000000E+00
    0.9930000000E+00    0.3526297755E-22    0.2434912046E-23    0.4068554327E-07    0.0000000000E+00    0.0000000000E+00    0.0000000000E+00    0.0000000000E+00
    0.9930000000E+00    0.3778496121E-22    0.2609055264E-23    0.4163323131E-07    0.0000000000E+00    0.0000000000E+00    0.0000000000E+00    0.0000000000E+00
    0.9930000000E+00    0.4048731538E-22    0.2795653084E-23    0.4260299385E-07    0.3156261077E-15    0.2539825291E-52    0.1277885376E-37    0.7550803841E-54
    0.9930000000E+00    0.4338294005E-22    0.2995596250E-23    0.4359534505E-07    0.1456207359E-13    0.1255608206E-50    0.6317455657E-36    0.3999848020E-52
    0.9930000000E+00    0.4648565778E-22    0.3209839213E-23    0.4461081109E-07   -0.7824740283E-13   -0.7229376705E-50   -0.3637381990E-35   -0.2467687720E-51
    0.9930000000E+00    0.4981027973E-22    0.3439404683E-23    0.4564993037E-07   -0.7191415279E-11   -0.7119431116E-48   -0.3582064067E-33   -0.2603961968E-49
    0.9930000000E+00    0.5337267633E-22    0.3685388516E-23    0.4671325384E-07    0.3920483980E-11    0.4158824631E-48    0.2092467225E-33    0.1629896218E-49
    0.9930000000E+00    0.5718985306E-22    0.3948964943E-23    0.4780134531E-07    0.1957737692E-08    0.2225283902E-45    0.1119627309E-30    0.9344902417E-47
    0.9930000000E+00    0.6128003161E-22    0.4231392172E-23    0.4891478167E-07    0.1657160298E-08    0.2018345189E-45    0.1015508354E-30    0.9082068817E-47
    0.9930000000E+00    0.6566273690E-22    0.4534018400E-23    0.5005415331E-07   -0.3423967465E-06   -0.4468487560E-43   -0.2248270748E-28   -0.2154516864E-44
    0.9930000000E+00    0.7035889022E-22    0.4858288246E-23    0.5122006431E-07   -0.4969506994E-04   -0.6949350717E-41   -0.3496489970E-26   -0.3590323441E-42
    0.9930000000E+00    0.7539090917E-22    0.5205749646E-23    0.5241313287E-07   -0.1400094149E-02   -0.2097916335E-39   -0.1055543708E-24   -0.1161388467E-40
    0.9930000000E+00    0.8078281461E-22    0.5578061244E-23    0.5363399157E-07    0.5379026873E-03    0.8636437568E-40    0.4345329307E-25    0.5122995595E-41
    0.9930000000E+00    0.8656034539E-22    0.5977000309E-23    0.5488328773E-07    0.2915595210E+00    0.5016007208E-37    0.2523749284E-22    0.3188214234E-38
    0.9930000000E+00    0.9275108115E-22    0.6404471218E-23    0.5616168372E-07    0.1671380724E+02    0.3081103682E-35    0.1550223691E-20    0.2098435658E-36
    0.9930000000E+00    0.9938457404E-22    0.6862514550E-23    0.5746985739E-07    0.2019342311E+02    0.3988787213E-35    0.2006914754E-20    0.2910919621E-36
    0.9930000000E+00    0.1064924897E-21    0.7353316823E-23    0.5880850233E-07   -0.7452726342E+03   -0.1577415480E-33   -0.7936593834E-19   -0.1233489461E-34
    0.9930000000E+00    0.1141087586E-21    0.7879220933E-23    0.6017832832E-07   -0.4629260710E+05   -0.1049887014E-31   -0.5282391928E-17   -0.8796945642E-33
    0.9930000000E+00    0.1222697377E-21    0.8442737340E-23    0.6158006166E-07   -0.2372225958E+07   -0.5764836278E-30   -0.2900514458E-15   -0.5175786129E-31
    0.9930000000E+00    0.1310143844E-21    0.9046556049E-23    0.6301444556E-07   -0.1093340639E+09   -0.2846993101E-28   -0.1432433508E-13   -0.2738897372E-29
    0.9930000000E+00    0.1403844422E-21    0.9693559452E-23    0.6448224056E-07   -0.2748712366E+10   -0.7669379356E-27   -0.3858764522E-12   -0.7905868105E-28
    0.9930000000E+00    0.1504246400E-21    0.1038683609E-22    0.6598422489E-07   -0.2931013610E+10   -0.8762918226E-27   -0.4408966670E-12   -0.9679169685E-28
    0.9930000000E+00    0.1611829057E-21    0.1112969539E-22    0.6752119493E-07    0.6075108557E+11    0.1946188790E-25    0.9792036496E-11    0.2303426247E-26
    0.9930000000E+00    0.1727105951E-21    0.1192568347E-22    0.6909396560E-07    0.2105139377E+13    0.7226229974E-24    0.3635798746E-09    0.9164338524E-25
    0.9930000000E+00    0.1850627369E-21    0.1277860007E-22    0.7070337081E-07    0.5751788322E+14    0.2115601268E-22    0.1064441689E-07    0.2874902782E-23
    0.9930000000E+00    0.1982982953E-21    0.1369251667E-22    0.7235026388E-07    0.1419364578E+16    0.5594031228E-21    0.2814575761E-06    0.8145434035E-22
    0.9930000000E+00    0.2124804516E-21    0.1467179595E-22    0.7403551802E-07    0.1245880692E+17    0.5261473403E-20    0.2647252921E-05    0.8209122263E-21
    0.9930000000E+00    0.2276769058E-21    0.1572111260E-22    0.7576002677E-07    0.8569760329E+16    0.3877926737E-20    0.1951136515E-05    0.6483192913E-21
    0.9930000000E+00    0.2439602000E-21    0.1684547565E-22    0.7752470448E-07   -0.1995652186E+18   -0.9676443741E-19   -0.4868597063E-04   -0.1733425258E-19
    0.9930000000E+00    0.2614080640E-21    0.1805025236E-22    0.7933048683E-07   -0.3974604216E+19   -0.2065022618E-17   -0.1038993593E-02   -0.3963822124E-18
    0.9930000000E+00    0.2801037871E-21    0.1934119387E-22    0.8117833125E-07   -0.6237478327E+20   -0.3472481763E-16   -0.1747141301E-01   -0.7142155773E-17
    0.9930000000E+00    0.3001366153E-21    0.2072446262E-22    0.8306921749E-07   -0.8859638573E+21   -0.5285023578E-15   -0.2659101934E+00   -0.1164759533E-15
    0.9930000000E+00    0.3216021775E-21    0.2220666179E-22    0.8500414813E-07   -0.1158224343E+23   -0.7403270404E-14   -0.3724874707E+01   -0.1748287920E-14
    0.9930000000E+00    0.3446029418E-21    0.2379486681E-22    0.8698414910E-07   -0.1399027019E+24   -0.9582018959E-13   -0.4821088264E+02   -0.2424635002E-13
    0.9930000000E+00    0.3692487048E-21    0.2549665916E-22    0.8901027021E-07   -0.5821644536E+24   -0.4272446255E-12   -0.2149634705E+03   -0.1158419749E-12
    0.9930000000E+00    0.3956571157E-21    0.2732016250E-22    0.9108358575E-07   -0.4595846202E+24   -0.3614068757E-12   -0.1818379252E+03   -0.1049991432E-12
    0.9930000000E+00    0.4239542377E-21    0.2927408154E-22    0.9320519501E-07    0.2888854617E+25    0.2434201973E-11    0.1224742157E+04    0.7577849133E-12
    0.9930000000E+00    0.4542751502E-21    0.3136774352E-22    0.9537622289E-07    0.3681049174E+26    0.3323552497E-10    0.1672209166E+05    0.1108643430E-10
    0.9930000000E+00    0.4867645933E-21    0.3361114274E-22    0.9759782052E-07    0.3203054636E+27    0.3098812296E-09    0.1559133587E+06    0.1107604254E-09
    0.9930000000E+00    0.5215776589E-21    0.3601498832E-22    0.9987116580E-07    0.2465330020E+28    0.2555677138E-08    0.1285861060E+07    0.9788030919E-09
    0.9930000000E+00    0.5588805307E-21    0.3859075526E-22    0.1021974641E-06    0.1745434600E+29    0.1938806669E-07    0.9754894157E+07    0.7956532651E-08
    0.9930000000E+00    0.5988512779E-21    0.4135073927E-22    0.1045779488E-06    0.1147208264E+30    0.1365441791E-06    0.6870071352E+08    0.6004302103E-07
    0.9930000000E+00    0.6416807053E-21    0.4430811541E-22    0.1070138822E-06    0.7021078833E+30    0.8954364588E-06    0.4505290817E+09    0.4219141762E-06
    0.9930000000E+00    0.6875732635E-21    0.4747700104E-22    0.1095065557E-06    0.4006701468E+31    0.5475425939E-05    0.2754900804E+10    0.2764440542E-05
    0.9930000000E+00    0.7367480256E-21    0.5087252317E-22    0.1120572911E-06    0.2133442053E+32    0.3124005396E-04    0.1571809220E+11    0.1690056096E-04
    0.9930000000E+00    0.7894397325E-21    0.5451089068E-22    0.1146674407E-06    0.1060053453E+33    0.1663254430E-03    0.8368483145E+11    0.9641576101E-04
    0.9930000000E+00    0.8458999137E-21    0.5840947171E-22    0.1173383885E-06    0.4912634060E+33    0.8259339893E-03    0.4155596727E+12    0.5130204572E-03
    0.9930000000E+00    0.9063980879E-21    0.6258687655E-22    0.1200715507E-06    0.2121099919E+34    0.3821132094E-02    0.1922560910E+13    0.2543205158E-02
    0.9930000000E+00    0.9712230494E-21    0.6706304648E-22    0.1228683764E-06    0.8517715649E+34    0.1644197796E-01    0.8272601767E+13    0.1172582494E-01
    0.9930000000E+00    0.1040684247E-20    0.7185934897E-22    0.1257303485E-06    0.2509973823E+35    0.5191586758E-01    0.2612090218E+14    0.3967249011E-01
    0.9930000000E+00    0.1115113261E-20    0.7699867968E-22    0.1286589846E-06    0.4508778707E+35    0.9992860953E-01    0.5027798929E+14    0.8182371411E-01
    0.9930000000E+00    0.1194865387E-20    0.8250557175E-22    0.1316558373E-06    0.5859042143E+35    0.1391417771E+00    0.7000766658E+14    0.1220806661E+00
    0.9930000000E+00    0.1280321329E-20    0.8840631292E-22    0.1347224957E-06    0.6057529124E+35    0.1541439326E+00    0.7755583741E+14    0.1449158136E+00
    0.9930000000E+00    0.1371889021E-20    0.9472907100E-22    0.1378605858E-06    0.5917385120E+35    0.1613469496E+00    0.8117995681E+14    0.1625362006E+00
    0.9930000000E+00    0.1470005571E-20    0.1015040283E-21    0.1410717713E-06    0.5129866820E+35    0.1498776980E+00    0.7540932804E+14    0.1617805690E+00
    0.9930000000E+00    0.1575139348E-20    0.1087635259E-21    0.1443577550E-06    0.3520645004E+35    0.1102181609E+00    0.5545506477E+14    0.1274801320E+00
    0.9930000000E+00    0.1687792220E-20    0.1165422177E-21    0.1477202791E-06    0.1954612479E+35    0.6556794782E-01    0.3298979736E+14    0.8126077045E-01
    0.9930000000E+00    0.1808501947E-20    0.1248772362E-21    0.1511611264E-06    0.8796217444E+34    0.3161745292E-01    0.1590797637E+14    0.4198713341E-01
    0.9930000000E+00    0.1937844750E-20    0.1338083694E-21    0.1546821213E-06    0.3139168198E+34    0.1209053476E-01    0.6083220612E+13    0.1720421473E-01
    0.9930000000E+00    0.2076438060E-20    0.1433782510E-21    0.1582851308E-06    0.6882097513E+33    0.2840218460E-02    0.1429024921E+13    0.4330530386E-02
    0.9930000000E+00    0.2224943467E-20    0.1536325639E-21    0.1619720651E-06    0.3688107507E+31    0.1630926901E-04    0.8205830706E+10    0.2664549794E-04
    0.9930000000E+00    0.2384069878E-20    0.1646202581E-21    0.1657448792E-06    0.2363817293E+30    0.1120069134E-05    0.5635505606E+09    0.1960803954E-05
    0.9930000000E+00    0.2554576900E-20    0.1763937846E-21    0.1696055734E-06    0.4746858544E+29    0.2410111938E-06    0.1212621518E+09    0.4520917255E-06
    0.9930000000E+00    0.2737278465E-20    0.1890093455E-21    0.1735561947E-06    0.5627073927E+28    0.3061353947E-07    0.1540286828E+08    0.6153226323E-07
    0.9930000000E+00    0.2933046719E-20    0.2025271626E-21    0.1775988378E-06    0.1378519859E+28    0.8036074436E-08    0.4043263149E+07    0.1730745836E-07
    0.9930000000E+00    0.3142816182E-20    0.2170117645E-21    0.1817356462E-06    0.3022391937E+27    0.1887911821E-08    0.9498822289E+06    0.4356834374E-08
    0.9930000000E+00    0.3367588212E-20    0.2325322952E-21    0.1859688132E-06    0.7256134631E+26    0.4856643841E-09    0.2443567345E+06    0.1200951864E-08
    0.9930000000E+00    0.3608435782E-20    0.2491628434E-21    0.1903005833E-06    0.1121084794E+26    0.8040246913E-10    0.4045362485E+05    0.2130388114E-09
    0.9930000000E+00    0.3866508602E-20    0.2669827968E-21    0.1947332533E-06    0.3870358956E+25    0.2974282182E-10    0.1496477619E+05    0.8444452825E-10
