    0.9200000000E+00    0.4143038610E-23    0.2860772210E-24    0.1992691735E-07    0.0000000000E+00    0.0000000000E+00    0.0000000000E+00    0.0000000000E+00
    0.9200000000E+00    0.4439345853E-23    0.3065372650E-24    0.2039107488E-07    0.0000000000E+00    0.0000000000E+00    0.0000000000E+00    0.0000000000E+00
    0.9200000000E+00    0.4756844785E-23    0.3284605973E-24    0.2086604403E-07    0.0000000000E+00    0.0000000000E+00    0.0000000000E+00    0.0000000000E+00
    0.9200000000E+00    0.5097051019E-23    0.3519518710E-24    0.2135207663E-07    0.0000000000E+00    0.0000000000E+00    0.0000000000E+00    0.0000000000E+00
    0.9200000000E+00    0.5461588566E-23    0.3771232243E-24    0.2184943039E-07    0.0000000000E+00    0.0000000000E+00    0.0000000000E+00    0.0000000000E+00
    0.9200000000E+00    0.5852197586E-23    0.4040948153E-24    0.2235836900E-07    0.0000000000E+00    0.0000000000E+00    0.0000000000E+00    0.0000000000E+00
    0.9200000000E+00    0.6270742692E-23    0.4329953957E-24    0.2287916232E-07    0.0000000000E+00    0.0000000000E+00    0.0000000000E+00    0.0000000000E+00
    0.9200000000E+00    0.6719221852E-23    0.4639629256E-24    0.2341208647E-07    0.0000000000E+00    0.0000000000E+00    0.0000000000E+00    0.0000000000E+00
    0.9200000000E+00    0.7199775931E-23    0.4971452317E-24    0.2395742402E-07    0.0000000000E+00    0.0000000000E+00    0.0000000000E+00    0.0000000000E+00
    0.9200000000E+00    0.7714698903E-23    0.5327007132E-24    0.2451546411E-07    0.0000000000E+00    0.0000000000E+00    0.0000000000E+00    0.0000000000E+00
    0.9200000000E+00    0.8266448809E-23    0.5707990981E-24    0.2508650263E-07    0.0000000000E+00    0.0000000000E+00    0.0000000000E+00    0.0000000000E+00
    0.9200000000E+00    0.8857659485E-23    0.6116222531E-24    0.2567084234E-07    0.0000000000E+00    0.0000000000E+00    0.0000000000E+00    0.0000000000E+00
    0.9200000000E+00    0.9491153137E-23    0.6553650517E-24    0.2626879307E-07    0.0000000000E+00    0.0000000000E+00    0.0000000000E+00    0.0000000000E+00
    0.9200000000E+00    0.1016995382E-22    0.7022363048E-24    0.2688067187E-07    0.0000000000E+00    0.0000000000E+00    0.0000000000E+00    0.0000000000E+00
    0.9200000000E+00    0.1089730185E-22    0.7524597575E-24    0.2750680315E-07    0.0000000000E+00    0.0000000000E+00    0.0000000000E+00    0.0000000000E+00
    0.9200000000E+00    0.1167666930E-22    0.8062751566E-24    0.2814751890E-07    0.0000000000E+00    0.0000000000E+00    0.0000000000E+00    0.0000000000E+00
    0.9200000000E+00    0.1251177658E-22    0.8639393956E-24    0.2880315884E-07    0.0000000000E+00    0.0000000000E+00    0.0000000000E+00    0.0000000000E+00
    0.9200000000E+00    0.1340661015E-22    0.9257277409E-24    0.2947407060E-07    0.0000000000E+00    0.0000000000E+00    0.0000000000E+00    0.0000000000E+00
    0.9200000000E+00    0.1436544159E-22    0.9919351458E-24    0.3016060990E-07    0.0000000000E+00    0.0000000000E+00    0.0000000000E+00    0.0000000000E+00
    0.9200000000E+00    0.1539284799E-22    0.1062877658E-23    0.3086314075E-07    0.0000000000E+00    0.0000000000E+00    0.0000000000E+00    0.0000000000E+00
    0.9200000000E+00    0.1649373379E-22    0.1138893930E-23    0.3158203565E-07    0.0000000000E+00    0.0000000000E+00    0.0000000000E+00    0.0000000000E+00
    0.9200000000E+00    0.1767335417E-22    0.1220346833E-23    0.3231767576E-07    0.0000000000E+00    0.0000000000E+00    0.0000000000E+00    0.0000000000E+00
    0.9200000000E+00    0.1893734018E-22    0.1307625190E-23    0.3307045113E-07    0.0000000000E+00    0.0000000000E+00    0.0000000000E+00    0.0000000000E+00
    0.9200000000E+00    0.2029172559E-22    0.1401145635E-23    0.3384076090E-07    0.0000000000E+00    0.0000000000E+00    0.0000000000E+00    0.0000000000E+00
    0.9200000000E+00    0.2174297571E-22    0.1501354598E-23    0.3462901348E-07    0.0000000000E+00    0.0000000000E+00    0.0000000000E+00    0.0000000000E+00
    0.9200000000E+00    0.2329801823E-22    0.1608730435E-23    0.3543562682E-07    0.0000000000E+00    0.0000000000E+00    0.0000000000E+00    0.0000000000E+00
    0.9200000000E+00    0.2496427630E-22    0.1723785718E-23    0.3626102861E-07    0.0000000000E+00    0.0000000000E+00    0.0000000000E+00    0.0000000000E+00
    0.9200000000E+00    0.2674970400E-22    0.1847069675E-23    0.3710565646E-07    0.0000000000E+00    0.0000000000E+00    0.0000000000E+00    0.0000000000E+00
    0.9200000000E+00    0.2866282424E-22    0.1979170815E-23    0.3796995823E-07    0.0000000000E+00    0.0000000000E+00    0.0000000000E+00    0.0000000000E+00
    0.9200000000E+00    0.3071276952E-22    0.2120719737E-23    0.3885439218E-07    0.0000000000E+00    0.0000000000E+00    0.0000000000E+00    0.0000000000E+00
    0.9200000000E+00    0.3290932546E-22    0.2272392139E-23    0.3975942724E-07   -0.1989833069E-15   -0.1301510176E-52   -0.6548406408E-38   -0.3355450372E-54
    0.9200000000E+00    0.3526297755E-22    0.2434912046E-23    0.4068554327E-07   -0.8665794182E-15   -0.6073503610E-52   -0.3055817057E-37   -0.1677809101E-53
    0.9200000000E+00    0.3778496121E-22    0.2609055264E-23    0.4163323131E-07   -0.1332437448E-14   -0.1000639756E-51   -0.5034609727E-37   -0.2961972388E-53
    0.9200000000E+00    0.4048731538E-22    0.2795653084E-23    0.4260299385E-07    0.1265917308E-12    0.1018676439E-49    0.5125359329E-35    0.3231019012E-51
    0.9200000000E+00    0.4338294005E-22    0.2995596250E-23    0.4359534505E-07    0.5717927606E-13    0.4930257204E-50    0.2480605105E-35    0.1675609555E-51
    0.9200000000E+00    0.4648565778E-22    0.3209839213E-23    0.4461081109E-07   -0.4599753519E-10   -0.4249770566E-47   -0.2138225679E-32   -0.1547635689E-48
    0.9200000000E+00    0.4981027973E-22    0.3439404683E-23    0.4564993037E-07   -0.7152953419E-10   -0.7081354249E-47   -0.3562906107E-32   -0.2763246144E-48
    0.9200000000E+00    0.5337267633E-22    0.3685388516E-23    0.4671325384E-07    0.7065010732E-08    0.7494518739E-45    0.3770785311E-30    0.3133624844E-46
    0.9200000000E+00    0.5718985306E-22    0.3948964943E-23    0.4780134531E-07    0.2568667334E-07    0.2919703743E-44    0.1469017074E-29    0.1308103292E-45
    0.9200000000E+00    0.6128003161E-22    0.4231392172E-23    0.4891478167E-07   -0.6095750107E-06   -0.7424343872E-43   -0.3735477592E-28   -0.3564193967E-44
    0.9200000000E+00    0.6566273690E-22    0.4534018400E-23    0.5005415331E-07   -0.9225326803E-04   -0.1203961734E-40   -0.6057602067E-26   -0.6193211842E-42
    0.9200000000E+00    0.7035889022E-22    0.4858288246E-23    0.5122006431E-07   -0.6535050759E-02   -0.9138604642E-39   -0.4597989190E-24   -0.5037129786E-40
    0.9200000000E+00    0.7539090917E-22    0.5205749646E-23    0.5241313287E-07   -0.6568769382E-02   -0.9842715648E-39   -0.4952254958E-24   -0.5813239161E-40
    0.9200000000E+00    0.8078281461E-22    0.5578061244E-23    0.5363399157E-07    0.5243031469E+00    0.8418086583E-37    0.4235468392E-22    0.5327416362E-38
    0.9200000000E+00    0.8656034539E-22    0.5977000309E-23    0.5488328773E-07    0.4455648270E+02    0.7665523583E-35    0.3856824532E-20    0.5198105336E-36
    0.9200000000E+00    0.9275108115E-22    0.6404471218E-23    0.5616168372E-07    0.1286515866E+03    0.2371625276E-34    0.1193257374E-19    0.1723254107E-35
    0.9200000000E+00    0.9938457404E-22    0.6862514550E-23    0.5746985739E-07   -0.1224307315E+04   -0.2418362324E-33   -0.1216772610E-18   -0.1882888575E-34
    0.9200000000E+00    0.1064924897E-21    0.7353316823E-23    0.5880850233E-07   -0.8369540268E+05   -0.1771464800E-31   -0.8912931810E-17   -0.1477868454E-32
    0.9200000000E+00    0.1141087586E-21    0.7879220933E-23    0.6017832832E-07   -0.4226189415E+07   -0.9584729966E-30   -0.4822452278E-15   -0.8568072520E-31
    0.9200000000E+00    0.1222697377E-21    0.8442737340E-23    0.6158006166E-07   -0.1911376662E+09   -0.4644908923E-28   -0.2337035231E-13   -0.4449184900E-29
    0.9200000000E+00    0.1310143844E-21    0.9046556049E-23    0.6301444556E-07   -0.6616434041E+10   -0.1722879531E-26   -0.8668480330E-12   -0.1768309024E-27
    0.9200000000E+00    0.1403844422E-21    0.9693559452E-23    0.6448224056E-07   -0.1181175304E+11   -0.3295681863E-26   -0.1658186361E-11   -0.3624503586E-27
    0.9200000000E+00    0.1504246400E-21    0.1038683609E-22    0.6598422489E-07    0.9230615931E+11    0.2759698294E-25    0.1388512078E-10    0.3252107230E-26
    0.9200000000E+00    0.1611829057E-21    0.1112969539E-22    0.6752119493E-07    0.3520666060E+13    0.1127861462E-23    0.5674711856E-09    0.1424160740E-24
    0.9200000000E+00    0.1727105951E-21    0.1192568347E-22    0.6909396560E-07    0.9508022662E+14    0.3263781919E-22    0.1642136252E-07    0.4415952405E-23
    0.9200000000E+00    0.1850627369E-21    0.1277860007E-22    0.7070337081E-07    0.2302940225E+16    0.8470588600E-21    0.4261884209E-06    0.1228052239E-21
    0.9200000000E+00    0.1982982953E-21    0.1369251667E-22    0.7235026388E-07    0.2668542313E+17    0.1051731829E-19    0.5291673916E-05    0.1633835278E-20
    0.9200000000E+00    0.2124804516E-21    0.1467179595E-22    0.7403551802E-07    0.2568442529E+17    0.1084677862E-19    0.5457438284E-05    0.1805527170E-20
    0.9200000000E+00    0.2276769058E-21    0.1572111260E-22    0.7576002677E-07   -0.2888053853E+18   -0.1306881503E-18   -0.6575431652E-04   -0.2330984915E-19
    0.9200000000E+00    0.2439602000E-21    0.1684547565E-22    0.7752470448E-07   -0.6073893221E+19   -0.2945086647E-17   -0.1481788205E-02   -0.5628612211E-18
    0.9200000000E+00    0.2614080640E-21    0.1805025236E-22    0.7933048683E-07   -0.9416150495E+20   -0.4892201258E-16   -0.2461457671E-01   -0.1001861221E-16
    0.9200000000E+00    0.2801037871E-21    0.1934119387E-22    0.8117833125E-07   -0.1312205617E+22   -0.7305211876E-15   -0.3675537629E+00   -0.1603009397E-15
    0.9200000000E+00    0.3001366153E-21    0.2072446262E-22    0.8306921749E-07   -0.1681000908E+23   -0.1002764319E-13   -0.5045299231E+01   -0.2357773727E-14
    0.9200000000E+00    0.3216021775E-21    0.2220666179E-22    0.8500414813E-07   -0.1988981860E+24   -0.1271340102E-12   -0.6396608972E+02   -0.3203059440E-13
    0.9200000000E+00    0.3446029418E-21    0.2379486681E-22    0.8698414910E-07   -0.9211373671E+24   -0.6308924415E-12   -0.3174266466E+03   -0.1703172264E-12
    0.9200000000E+00    0.3692487048E-21    0.2549665916E-22    0.8901027021E-07   -0.8110065186E+24   -0.5951895107E-12   -0.2994631066E+03   -0.1721704128E-12
    0.9200000000E+00    0.3956571157E-21    0.2732016250E-22    0.9108358575E-07    0.3566183159E+25    0.2804365196E-11    0.1410985743E+04    0.8692362320E-12
    0.9200000000E+00    0.4239542377E-21    0.2927408154E-22    0.9320519501E-07    0.4805149209E+26    0.4048907002E-10    0.2037163370E+05    0.1344748454E-10
    0.9200000000E+00    0.4542751502E-21    0.3136774352E-22    0.9537622289E-07    0.4145557211E+27    0.3742948374E-09    0.1883223625E+06    0.1332039455E-09
    0.9200000000E+00    0.4867645933E-21    0.3361114274E-22    0.9759782052E-07    0.3139236646E+28    0.3037071241E-08    0.1528069250E+07    0.1158132452E-08
    0.9200000000E+00    0.5215776589E-21    0.3601498832E-22    0.9987116580E-07    0.2183170583E+29    0.2263177385E-07    0.1138693002E+08    0.9247446910E-08
    0.9200000000E+00    0.5588805307E-21    0.3859075526E-22    0.1021974641E-06    0.1409078257E+30    0.1565186298E-06    0.7875064041E+08    0.6852819444E-07
    0.9200000000E+00    0.5988512779E-21    0.4135073927E-22    0.1045779488E-06    0.8469552440E+30    0.1008071613E-05    0.5072002302E+09    0.4729275749E-06
    0.9200000000E+00    0.6416807053E-21    0.4430811541E-22    0.1070138822E-06    0.4748649475E+31    0.6056211547E-05    0.3047116744E+10    0.3044418054E-05
    0.9200000000E+00    0.6875732635E-21    0.4747700104E-22    0.1095065557E-06    0.2485744752E+32    0.3396936708E-04    0.1709131632E+11    0.1829745581E-04
    0.9200000000E+00    0.7367480256E-21    0.5087252317E-22    0.1120572911E-06    0.1215257384E+33    0.1779504917E-03    0.8953384780E+11    0.1027075676E-03
    0.9200000000E+00    0.7894397325E-21    0.5451089068E-22    0.1146674407E-06    0.5547405489E+33    0.8704039150E-03    0.4379342305E+12    0.5382996379E-03
    0.9200000000E+00    0.8458999137E-21    0.5840947171E-22    0.1173383885E-06    0.2362205159E+34    0.3971444864E-02    0.1998189140E+13    0.2631793375E-02
    0.9200000000E+00    0.9063980879E-21    0.6258687655E-22    0.1200715507E-06    0.9367881955E+34    0.1687610945E-01    0.8491030291E+13    0.1198327664E-01
    0.9200000000E+00    0.9712230494E-21    0.6706304648E-22    0.1228683764E-06    0.2673375109E+35    0.5160488612E-01    0.2596443525E+14    0.3926395794E-01
    0.9200000000E+00    0.1040684247E-20    0.7185934897E-22    0.1257303485E-06    0.4738961164E+35    0.9801985903E-01    0.4931762231E+14    0.7991297988E-01
    0.9200000000E+00    0.1115113261E-20    0.7699867968E-22    0.1286589846E-06    0.6146345953E+35    0.1362222111E+00    0.6853871881E+14    0.1190011551E+00
    0.9200000000E+00    0.1194865387E-20    0.8250557175E-22    0.1316558373E-06    0.6368478757E+35    0.1512399860E+00    0.7609474835E+14    0.1415695593E+00
    0.9200000000E+00    0.1280321329E-20    0.8840631292E-22    0.1347224957E-06    0.6235073453E+35    0.1586618442E+00    0.7982897533E+14    0.1591386794E+00
    0.9200000000E+00    0.1371889021E-20    0.9472907100E-22    0.1378605858E-06    0.5466685860E+35    0.1490579150E+00    0.7499686314E+14    0.1601984441E+00
    0.9200000000E+00    0.1470005571E-20    0.1015040283E-21    0.1410717713E-06    0.3824079842E+35    0.1117269325E+00    0.5621418672E+14    0.1286652082E+00
    0.9200000000E+00    0.1575139348E-20    0.1087635259E-21    0.1443577550E-06    0.2182759919E+35    0.6833400801E-01    0.3438151036E+14    0.8432185385E-01
    0.9200000000E+00    0.1687792220E-20    0.1165422177E-21    0.1477202791E-06    0.1023977263E+35    0.3434956467E-01    0.1728260858E+14    0.4541763223E-01
    0.9200000000E+00    0.1808501947E-20    0.1248772362E-21    0.1511611264E-06    0.3910595086E+34    0.1405638922E-01    0.7072318828E+13    0.1991484938E-01
    0.9200000000E+00    0.1937844750E-20    0.1338083694E-21    0.1546821213E-06    0.1132134413E+34    0.4360425949E-02    0.2193900728E+13    0.6619606402E-02
    0.9200000000E+00    0.2076438060E-20    0.1433782510E-21    0.1582851308E-06    0.1031376504E+33    0.4256456089E-03    0.2141589428E+12    0.6923909924E-03
    0.9200000000E+00    0.2224943467E-20    0.1536325639E-21    0.1619720651E-06    0.5500572803E+30    0.2432421543E-05    0.1223846353E+10    0.4239768003E-05
    0.9200000000E+00    0.2384069878E-20    0.1646202581E-21    0.1657448792E-06    0.1329555448E+30    0.6299953991E-06    0.3169753095E+09    0.1176631930E-05
    0.9200000000E+00    0.2554576900E-20    0.1763937846E-21    0.1696055734E-06    0.2380756898E+29    0.1208776408E-06    0.6081826575E+08    0.2419074408E-06
    0.9200000000E+00    0.2737278465E-20    0.1890093455E-21    0.1735561947E-06    0.3345847081E+28    0.1820275031E-07    0.9158515161E+07    0.3903374888E-07
    0.9200000000E+00    0.2933046719E-20    0.2025271626E-21    0.1775988378E-06    0.8197789783E+27    0.4778897342E-08    0.2404450042E+07    0.1098072343E-07
    0.9200000000E+00    0.3142816182E-20    0.2170117645E-21    0.1817356462E-06    0.1802557373E+27    0.1125952373E-08    0.5665106480E+06    0.2772191785E-08
    0.9200000000E+00    0.3367588212E-20    0.2325322952E-21    0.1859688132E-06    0.4323128315E+26    0.2893537065E-09    0.1455851595E+06    0.7633651019E-09
    0.9200000000E+00    0.3608435782E-20    0.2491628434E-21    0.1903005833E-06    0.6382086455E+25    0.4577133789E-10    0.2302934912E+05    0.1293888518E-09
    0.9200000000E+00    0.3866508602E-20    0.2669827968E-21    0.1947332533E-06    0.2138700588E+25    0.1643542401E-10    0.8269304221E+04    0.4978335539E-10
