    0.9420000000E+00    0.4143038610E-23    0.2860772210E-24    0.1992691735E-07    0.0000000000E+00    0.0000000000E+00    0.0000000000E+00    0.0000000000E+00
    0.9420000000E+00    0.4439345853E-23    0.3065372650E-24    0.2039107488E-07    0.0000000000E+00    0.0000000000E+00    0.0000000000E+00    0.0000000000E+00
    0.9420000000E+00    0.4756844785E-23    0.3284605973E-24    0.2086604403E-07    0.0000000000E+00    0.0000000000E+00    0.0000000000E+00    0.0000000000E+00
    0.9420000000E+00    0.5097051019E-23    0.3519518710E-24    0.2135207663E-07    0.0000000000E+00    0.0000000000E+00    0.0000000000E+00    0.0000000000E+00
    0.9420000000E+00    0.5461588566E-23    0.3771232243E-24    0.2184943039E-07    0.0000000000E+00    0.0000000000E+00    0.0000000000E+00    0.0000000000E+00
    0.9420000000E+00    0.5852197586E-23    0.4040948153E-24    0.2235836900E-07    0.0000000000E+00    0.0000000000E+00    0.0000000000E+00    0.0000000000E+00
    0.9420000000E+00    0.6270742692E-23    0.4329953957E-24    0.2287916232E-07    0.0000000000E+00    0.0000000000E+00    0.0000000000E+00    0.0000000000E+00
    0.9420000000E+00    0.6719221852E-23    0.4639629256E-24    0.2341208647E-07    0.0000000000E+00    0.0000000000E+00    0.0000000000E+00    0.0000000000E+00
    0.9420000000E+00    0.7199775931E-23    0.4971452317E-24    0.2395742402E-07    0.0000000000E+00    0.0000000000E+00    0.0000000000E+00    0.0000000000E+00
    0.9420000000E+00    0.7714698903E-23    0.5327007132E-24    0.2451546411E-07    0.0000000000E+00    0.0000000000E+00    0.0000000000E+00    0.0000000000E+00
    0.9420000000E+00    0.8266448809E-23    0.5707990981E-24    0.2508650263E-07    0.0000000000E+00    0.0000000000E+00    0.0000000000E+00    0.0000000000E+00
    0.9420000000E+00    0.8857659485E-23    0.6116222531E-24    0.2567084234E-07    0.0000000000E+00    0.0000000000E+00    0.0000000000E+00    0.0000000000E+00
    0.9420000000E+00    0.9491153137E-23    0.6553650517E-24    0.2626879307E-07    0.0000000000E+00    0.0000000000E+00    0.0000000000E+00    0.0000000000E+00
    0.9420000000E+00    0.1016995382E-22    0.7022363048E-24    0.2688067187E-07    0.0000000000E+00    0.0000000000E+00    0.0000000000E+00    0.0000000000E+00
    0.9420000000E+00    0.1089730185E-22    0.7524597575E-24    0.2750680315E-07    0.0000000000E+00    0.0000000000E+00    0.0000000000E+00    0.0000000000E+00
    0.9420000000E+00    0.1167666930E-22    0.8062751566E-24    0.2814751890E-07    0.0000000000E+00    0.0000000000E+00    0.0000000000E+00    0.0000000000E+00
    0.9420000000E+00    0.1251177658E-22    0.8639393956E-24    0.2880315884E-07    0.0000000000E+00    0.0000000000E+00    0.0000000000E+00    0.0000000000E+00
    0.9420000000E+00    0.1340661015E-22    0.9257277409E-24    0.2947407060E-07    0.0000000000E+00    0.0000000000E+00    0.0000000000E+00    0.0000000000E+00
    0.9420000000E+00    0.1436544159E-22    0.9919351458E-24    0.3016060990E-07    0.0000000000E+00    0.0000000000E+00    0.0000000000E+00    0.0000000000E+00
    0.9420000000E+00    0.1539284799E-22    0.1062877658E-23    0.3086314075E-07    0.0000000000E+00    0.0000000000E+00    0.0000000000E+00    0.0000000000E+00
    0.9420000000E+00    0.1649373379E-22    0.1138893930E-23    0.3158203565E-07    0.0000000000E+00    0.0000000000E+00    0.0000000000E+00    0.0000000000E+00
    0.9420000000E+00    0.1767335417E-22    0.1220346833E-23    0.3231767576E-07    0.0000000000E+00    0.0000000000E+00    0.0000000000E+00    0.0000000000E+00
    0.9420000000E+00    0.1893734018E-22    0.1307625190E-23    0.3307045113E-07    0.0000000000E+00    0.0000000000E+00    0.0000000000E+00    0.0000000000E+00
    0.9420000000E+00    0.2029172559E-22    0.1401145635E-23    0.3384076090E-07    0.0000000000E+00    0.0000000000E+00    0.0000000000E+00    0.0000000000E+00
    0.9420000000E+00    0.2174297571E-22    0.1501354598E-23    0.3462901348E-07    0.0000000000E+00    0.0000000000E+00    0.0000000000E+00    0.0000000000E+00
    0.9420000000E+00    0.2329801823E-22    0.1608730435E-23    0.3543562682E-07    0.0000000000E+00    0.0000000000E+00    0.0000000000E+00    0.0000000000E+00
    0.9420000000E+00    0.2496427630E-22    0.1723785718E-23    0.3626102861E-07    0.0000000000E+00    0.0000000000E+00    0.0000000000E+00    0.0000000000E+00
    0.9420000000E+00    0.2674970400E-22    0.1847069675E-23    0.3710565646E-07    0.0000000000E+00    0.0000000000E+00    0.0000000000E+00    0.0000000000E+00
    0.9420000000E+00    0.2866282424E-22    0.1979170815E-23    0.3796995823E-07    0.0000000000E+00    0.0000000000E+00    0.0000000000E+00    0.0000000000E+00
    0.9420000000E+00    0.3071276952E-22    0.2120719737E-23    0.3885439218E-07    0.0000000000E+00    0.0000000000E+00    0.0000000000E+00    0.0000000000E+00
    0.9420000000E+00    0.3290932546E-22    0.2272392139E-23    0.3975942724E-07    0.0000000000E+00    0.0000000000E+00    0.0000000000E+00    0.0000000000E+00
    0.9420000000E+00    0.3526297755E-22    0.2434912046E-23    0.4068554327E-07   -0.2296156358E-15   -0.1609282847E-52   -0.8096931010E-38   -0.4347191600E-54
    0.9420000000E+00    0.3778496121E-22    0.2609055264E-23    0.4163323131E-07   -0.5230503211E-15   -0.3928026391E-52   -0.1976343609E-37   -0.1136974689E-53
    0.9420000000E+00    0.4048731538E-22    0.2795653084E-23    0.4260299385E-07    0.3134290911E-13    0.2522146024E-50    0.1268990246E-35    0.7822519005E-52
    0.9420000000E+00    0.4338294005E-22    0.2995596250E-23    0.4359534505E-07    0.7230428681E-13    0.6234404413E-50    0.3136772540E-35    0.2071912308E-51
    0.9420000000E+00    0.4648565778E-22    0.3209839213E-23    0.4461081109E-07   -0.6553663086E-11   -0.6055012375E-48   -0.3046513394E-33   -0.2156211881E-49
    0.9420000000E+00    0.4981027973E-22    0.3439404683E-23    0.4564993037E-07   -0.4463446521E-10   -0.4418768603E-47   -0.2223255198E-32   -0.1686077990E-48
    0.9420000000E+00    0.5337267633E-22    0.3685388516E-23    0.4671325384E-07    0.8386573744E-09    0.8896424430E-46    0.4476138859E-31    0.3637406963E-47
    0.9420000000E+00    0.5718985306E-22    0.3948964943E-23    0.4780134531E-07    0.1237396592E-07    0.1406500334E-44    0.7076652928E-30    0.6161922607E-46
    0.9420000000E+00    0.6128003161E-22    0.4231392172E-23    0.4891478167E-07   -0.7017394403E-07   -0.8546864328E-44   -0.4300261509E-29   -0.4012205878E-45
    0.9420000000E+00    0.6566273690E-22    0.4534018400E-23    0.5005415331E-07   -0.1360139932E-04   -0.1775066038E-41   -0.8931051047E-27   -0.8928755171E-43
    0.9420000000E+00    0.7035889022E-22    0.4858288246E-23    0.5122006431E-07   -0.1752365611E-02   -0.2450505298E-39   -0.1232944997E-24   -0.1320784749E-40
    0.9420000000E+00    0.7539090917E-22    0.5205749646E-23    0.5241313287E-07   -0.5414357674E-02   -0.8112932561E-39   -0.4081933476E-24   -0.4685481912E-40
    0.9420000000E+00    0.8078281461E-22    0.5578061244E-23    0.5363399157E-07    0.8204029787E-01    0.1317219503E-37    0.6627446173E-23    0.8151444054E-39
    0.9420000000E+00    0.8656034539E-22    0.5977000309E-23    0.5488328773E-07    0.8038190240E+01    0.1382894993E-35    0.6957885235E-21    0.9169921209E-37
    0.9420000000E+00    0.9275108115E-22    0.6404471218E-23    0.5616168372E-07    0.7529061207E+02    0.1387943386E-34    0.6983285670E-20    0.9861617448E-36
    0.9420000000E+00    0.9938457404E-22    0.6862514550E-23    0.5746985739E-07   -0.1545241228E+03   -0.3052299958E-34   -0.1535731412E-19   -0.2323826021E-35
    0.9420000000E+00    0.1064924897E-21    0.7353316823E-23    0.5880850233E-07   -0.1690176038E+05   -0.3577361792E-32   -0.1799910543E-17   -0.2918362687E-33
    0.9420000000E+00    0.1141087586E-21    0.7879220933E-23    0.6017832832E-07   -0.8993884956E+06   -0.2039756153E-30   -0.1026281047E-15   -0.1783013583E-31
    0.9420000000E+00    0.1222697377E-21    0.8442737340E-23    0.6158006166E-07   -0.4243449703E+08   -0.1031216807E-28   -0.5188454823E-14   -0.9658871372E-30
    0.9420000000E+00    0.1310143844E-21    0.9046556049E-23    0.6301444556E-07   -0.1808010608E+10   -0.4707950609E-27   -0.2368753968E-12   -0.4725070555E-28
    0.9420000000E+00    0.1403844422E-21    0.9693559452E-23    0.6448224056E-07   -0.8726363755E+10   -0.2434805288E-26   -0.1225045708E-11   -0.2618427998E-27
    0.9420000000E+00    0.1504246400E-21    0.1038683609E-22    0.6598422489E-07    0.1426423085E+11    0.4264609623E-26    0.2145691789E-11    0.4914232302E-27
    0.9420000000E+00    0.1611829057E-21    0.1112969539E-22    0.6752119493E-07    0.9028230339E+12    0.2892234849E-24    0.1455196399E-09    0.3571165312E-25
    0.9420000000E+00    0.1727105951E-21    0.1192568347E-22    0.6909396560E-07    0.2581593982E+14    0.8861737146E-23    0.4458686331E-08    0.1172452518E-23
    0.9420000000E+00    0.1850627369E-21    0.1277860007E-22    0.7070337081E-07    0.6506641874E+15    0.2393248678E-21    0.1204136953E-06    0.3392846623E-22
    0.9420000000E+00    0.1982982953E-21    0.1369251667E-22    0.7235026388E-07    0.1290923214E+17    0.5087815272E-20    0.2559878727E-05    0.7728722858E-21
    0.9420000000E+00    0.2124804516E-21    0.1467179595E-22    0.7403551802E-07    0.2398755077E+17    0.1013017227E-19    0.5096885619E-05    0.1648895871E-20
    0.9420000000E+00    0.2276769058E-21    0.1572111260E-22    0.7576002677E-07   -0.6558256604E+17   -0.2967695438E-19   -0.1493163571E-04   -0.5176017415E-20
    0.9420000000E+00    0.2439602000E-21    0.1684547565E-22    0.7752470448E-07   -0.1944465619E+19   -0.9428252231E-18   -0.4743722213E-03   -0.1762006849E-18
    0.9420000000E+00    0.2614080640E-21    0.1805025236E-22    0.7933048683E-07   -0.3197547440E+20   -0.1661299447E-16   -0.8358646858E-02   -0.3326781826E-17
    0.9420000000E+00    0.2801037871E-21    0.1934119387E-22    0.8117833125E-07   -0.4629955974E+21   -0.2577554075E-15   -0.1296868202E+00   -0.5530751999E-16
    0.9420000000E+00    0.3001366153E-21    0.2072446262E-22    0.8306921749E-07   -0.6143970783E+22   -0.3665051366E-14   -0.1844030595E+01   -0.8426679289E-15
    0.9420000000E+00    0.3216021775E-21    0.2220666179E-22    0.8500414813E-07   -0.7523498825E+23   -0.4808955755E-13   -0.2419573605E+02   -0.1184751265E-13
    0.9420000000E+00    0.3446029418E-21    0.2379486681E-22    0.8698414910E-07   -0.6008915983E+24   -0.4115542166E-12   -0.2070690125E+03   -0.1086434268E-12
    0.9420000000E+00    0.3692487048E-21    0.2549665916E-22    0.8901027021E-07   -0.8074172214E+24   -0.5925553617E-12   -0.2981377633E+03   -0.1676120863E-12
    0.9420000000E+00    0.3956571157E-21    0.2732016250E-22    0.9108358575E-07    0.7737020995E+24    0.6084217056E-12    0.3061207411E+03    0.1844085695E-12
    0.9420000000E+00    0.4239542377E-21    0.2927408154E-22    0.9320519501E-07    0.1953823092E+26    0.1646327233E-10    0.8283315796E+04    0.5346783041E-11
    0.9420000000E+00    0.4542751502E-21    0.3136774352E-22    0.9537622289E-07    0.1829022344E+27    0.1651391082E-09    0.8308794001E+05    0.5746803329E-10
    0.9420000000E+00    0.4867645933E-21    0.3361114274E-22    0.9759782052E-07    0.1443415536E+28    0.1396440061E-08    0.7026035765E+06    0.5207133343E-09
    0.9420000000E+00    0.5215776589E-21    0.3601498832E-22    0.9987116580E-07    0.1038189580E+29    0.1076236185E-07    0.5414964907E+07    0.4300153805E-08
    0.9420000000E+00    0.5588805307E-21    0.3859075526E-22    0.1021974641E-06    0.6915868068E+29    0.7682058740E-07    0.3865144016E+08    0.3288925404E-07
    0.9420000000E+00    0.5988512779E-21    0.4135073927E-22    0.1045779488E-06    0.4286655444E+30    0.5102106278E-06    0.2567069091E+09    0.2340592993E-06
    0.9420000000E+00    0.6416807053E-21    0.4430811541E-22    0.1070138822E-06    0.2477056533E+31    0.3159125233E-05    0.1589479383E+10    0.1552899114E-05
    0.9420000000E+00    0.6875732635E-21    0.4747700104E-22    0.1095065557E-06    0.1335817587E+32    0.1825484210E-04    0.9184724577E+10    0.9615114949E-05
    0.9420000000E+00    0.7367480256E-21    0.5087252317E-22    0.1120572911E-06    0.6725870910E+32    0.9848712311E-04    0.4955272113E+11    0.5558477490E-04
    0.9420000000E+00    0.7894397325E-21    0.5451089068E-22    0.1146674407E-06    0.3161421875E+33    0.4960362069E-03    0.2495752039E+12    0.2999782572E-03
    0.9420000000E+00    0.8458999137E-21    0.5840947171E-22    0.1173383885E-06    0.1386166444E+34    0.2330484964E-02    0.1172558076E+13    0.1510159104E-02
    0.9420000000E+00    0.9063980879E-21    0.6258687655E-22    0.1200715507E-06    0.5661469572E+34    0.1019905894E-01    0.5131545194E+13    0.7081683306E-02
    0.9420000000E+00    0.9712230494E-21    0.6706304648E-22    0.1228683764E-06    0.1931854932E+35    0.3729112066E-01    0.1876262038E+14    0.2774481508E-01
    0.9420000000E+00    0.1040684247E-20    0.7185934897E-22    0.1257303485E-06    0.3975652916E+35    0.8223172229E-01    0.4137399362E+14    0.6555650410E-01
    0.9420000000E+00    0.1115113261E-20    0.7699867968E-22    0.1286589846E-06    0.5693038159E+35    0.1261754954E+00    0.6348382349E+14    0.1077832857E+00
    0.9420000000E+00    0.1194865387E-20    0.8250557175E-22    0.1316558373E-06    0.6269255466E+35    0.1488836102E+00    0.7490916359E+14    0.1362772280E+00
    0.9420000000E+00    0.1280321329E-20    0.8840631292E-22    0.1347224957E-06    0.6209075365E+35    0.1580002795E+00    0.7949611626E+14    0.1549652264E+00
    0.9420000000E+00    0.1371889021E-20    0.9472907100E-22    0.1378605858E-06    0.5740872722E+35    0.1565340574E+00    0.7875840261E+14    0.1645073256E+00
    0.9420000000E+00    0.1470005571E-20    0.1015040283E-21    0.1410717713E-06    0.4316493402E+35    0.1261136239E+00    0.6345269349E+14    0.1420163691E+00
    0.9420000000E+00    0.1575139348E-20    0.1087635259E-21    0.1443577550E-06    0.2618292852E+35    0.8196890698E-01    0.4124176097E+14    0.9890666169E-01
    0.9420000000E+00    0.1687792220E-20    0.1165422177E-21    0.1477202791E-06    0.1299294528E+35    0.4358514882E-01    0.2192939196E+14    0.5635272647E-01
    0.9420000000E+00    0.1808501947E-20    0.1248772362E-21    0.1511611264E-06    0.5241510978E+34    0.1884028307E-01    0.9479282810E+13    0.2610140128E-01
    0.9420000000E+00    0.1937844750E-20    0.1338083694E-21    0.1546821213E-06    0.1640696585E+34    0.6319157765E-02    0.3179415264E+13    0.9380707576E-02
    0.9420000000E+00    0.2076438060E-20    0.1433782510E-21    0.1582851308E-06    0.2196793987E+33    0.9066094780E-03    0.4561506644E+12    0.1442104243E-02
    0.9420000000E+00    0.2224943467E-20    0.1536325639E-21    0.1619720651E-06    0.6676779015E+30    0.2952554523E-05    0.1485545585E+10    0.5032390410E-05
    0.9420000000E+00    0.2384069878E-20    0.1646202581E-21    0.1657448792E-06    0.1621085305E+30    0.7681336537E-06    0.3864780647E+09    0.1402856319E-05
    0.9420000000E+00    0.2554576900E-20    0.1763937846E-21    0.1696055734E-06    0.3034482356E+29    0.1540690982E-06    0.7751818529E+08    0.3015032100E-06
    0.9420000000E+00    0.2737278465E-20    0.1890093455E-21    0.1735561947E-06    0.3999703377E+28    0.2175999086E-07    0.1094830192E+08    0.4562838616E-07
    0.9420000000E+00    0.2933046719E-20    0.2025271626E-21    0.1775988378E-06    0.9799151452E+27    0.5712410304E-08    0.2874136901E+07    0.1283499765E-07
    0.9420000000E+00    0.3142816182E-20    0.2170117645E-21    0.1817356462E-06    0.2152380046E+27    0.1344466177E-08    0.6764534838E+06    0.3236877626E-08
    0.9420000000E+00    0.3367588212E-20    0.2325322952E-21    0.1859688132E-06    0.5165682433E+26    0.3457471650E-09    0.1739589127E+06    0.8919387406E-09
    0.9420000000E+00    0.3608435782E-20    0.2491628434E-21    0.1903005833E-06    0.7770815802E+25    0.5573109018E-10    0.2804048979E+05    0.1540543402E-09
    0.9420000000E+00    0.3866508602E-20    0.2669827968E-21    0.1947332533E-06    0.2630123627E+25    0.2021189747E-10    0.1016939563E+05    0.5986644730E-10
