    0.9530000000E+00    0.4143038610E-23    0.2860772210E-24    0.1992691735E-07    0.0000000000E+00    0.0000000000E+00    0.0000000000E+00    0.0000000000E+00
    0.9530000000E+00    0.4439345853E-23    0.3065372650E-24    0.2039107488E-07    0.0000000000E+00    0.0000000000E+00    0.0000000000E+00    0.0000000000E+00
    0.9530000000E+00    0.4756844785E-23    0.3284605973E-24    0.2086604403E-07    0.0000000000E+00    0.0000000000E+00    0.0000000000E+00    0.0000000000E+00
    0.9530000000E+00    0.5097051019E-23    0.3519518710E-24    0.2135207663E-07    0.0000000000E+00    0.0000000000E+00    0.0000000000E+00    0.0000000000E+00
    0.9530000000E+00    0.5461588566E-23    0.3771232243E-24    0.2184943039E-07    0.0000000000E+00    0.0000000000E+00    0.0000000000E+00    0.0000000000E+00
    0.9530000000E+00    0.5852197586E-23    0.4040948153E-24    0.2235836900E-07    0.0000000000E+00    0.0000000000E+00    0.0000000000E+00    0.0000000000E+00
    0.9530000000E+00    0.6270742692E-23    0.4329953957E-24    0.2287916232E-07    0.0000000000E+00    0.0000000000E+00    0.0000000000E+00    0.0000000000E+00
    0.9530000000E+00    0.6719221852E-23    0.4639629256E-24    0.2341208647E-07    0.0000000000E+00    0.0000000000E+00    0.0000000000E+00    0.0000000000E+00
    0.9530000000E+00    0.7199775931E-23    0.4971452317E-24    0.2395742402E-07    0.0000000000E+00    0.0000000000E+00    0.0000000000E+00    0.0000000000E+00
    0.9530000000E+00    0.7714698903E-23    0.5327007132E-24    0.2451546411E-07    0.0000000000E+00    0.0000000000E+00    0.0000000000E+00    0.0000000000E+00
    0.9530000000E+00    0.8266448809E-23    0.5707990981E-24    0.2508650263E-07    0.0000000000E+00    0.0000000000E+00    0.0000000000E+00    0.0000000000E+00
    0.9530000000E+00    0.8857659485E-23    0.6116222531E-24    0.2567084234E-07    0.0000000000E+00    0.0000000000E+00    0.0000000000E+00    0.0000000000E+00
    0.9530000000E+00    0.9491153137E-23    0.6553650517E-24    0.2626879307E-07    0.0000000000E+00    0.0000000000E+00    0.0000000000E+00    0.0000000000E+00
    0.9530000000E+00    0.1016995382E-22    0.7022363048E-24    0.2688067187E-07    0.0000000000E+00    0.0000000000E+00    0.0000000000E+00    0.0000000000E+00
    0.9530000000E+00    0.1089730185E-22    0.7524597575E-24    0.2750680315E-07    0.0000000000E+00    0.0000000000E+00    0.0000000000E+00    0.0000000000E+00
    0.9530000000E+00    0.1167666930E-22    0.8062751566E-24    0.2814751890E-07    0.0000000000E+00    0.0000000000E+00    0.0000000000E+00    0.0000000000E+00
    0.9530000000E+00    0.1251177658E-22    0.8639393956E-24    0.2880315884E-07    0.0000000000E+00    0.0000000000E+00    0.0000000000E+00    0.0000000000E+00
    0.9530000000E+00    0.1340661015E-22    0.9257277409E-24    0.2947407060E-07    0.0000000000E+00    0.0000000000E+00    0.0000000000E+00    0.0000000000E+00
    0.9530000000E+00    0.1436544159E-22    0.9919351458E-24    0.3016060990E-07    0.0000000000E+00    0.0000000000E+00    0.0000000000E+00    0.0000000000E+00
    0.9530000000E+00    0.1539284799E-22    0.1062877658E-23    0.3086314075E-07    0.0000000000E+00    0.0000000000E+00    0.0000000000E+00    0.0000000000E+00
    0.9530000000E+00    0.1649373379E-22    0.1138893930E-23    0.3158203565E-07    0.0000000000E+00    0.0000000000E+00    0.0000000000E+00    0.0000000000E+00
    0.9530000000E+00    0.1767335417E-22    0.1220346833E-23    0.3231767576E-07    0.0000000000E+00    0.0000000000E+00    0.0000000000E+00    0.0000000000E+00
    0.9530000000E+00    0.1893734018E-22    0.1307625190E-23    0.3307045113E-07    0.0000000000E+00    0.0000000000E+00    0.0000000000E+00    0.0000000000E+00
    0.9530000000E+00    0.2029172559E-22    0.1401145635E-23    0.3384076090E-07    0.0000000000E+00    0.0000000000E+00    0.0000000000E+00    0.0000000000E+00
    0.9530000000E+00    0.2174297571E-22    0.1501354598E-23    0.3462901348E-07    0.0000000000E+00    0.0000000000E+00    0.0000000000E+00    0.0000000000E+00
    0.9530000000E+00    0.2329801823E-22    0.1608730435E-23    0.3543562682E-07    0.0000000000E+00    0.0000000000E+00    0.0000000000E+00    0.0000000000E+00
    0.9530000000E+00    0.2496427630E-22    0.1723785718E-23    0.3626102861E-07    0.0000000000E+00    0.0000000000E+00    0.0000000000E+00    0.0000000000E+00
    0.9530000000E+00    0.2674970400E-22    0.1847069675E-23    0.3710565646E-07    0.0000000000E+00    0.0000000000E+00    0.0000000000E+00    0.0000000000E+00
    0.9530000000E+00    0.2866282424E-22    0.1979170815E-23    0.3796995823E-07    0.0000000000E+00    0.0000000000E+00    0.0000000000E+00    0.0000000000E+00
    0.9530000000E+00    0.3071276952E-22    0.2120719737E-23    0.3885439218E-07    0.0000000000E+00    0.0000000000E+00    0.0000000000E+00    0.0000000000E+00
    0.9530000000E+00    0.3290932546E-22    0.2272392139E-23    0.3975942724E-07    0.0000000000E+00    0.0000000000E+00    0.0000000000E+00    0.0000000000E+00
    0.9530000000E+00    0.3526297755E-22    0.2434912046E-23    0.4068554327E-07   -0.1215721187E-15   -0.8520496640E-53   -0.4286994894E-38   -0.2278349030E-54
    0.9530000000E+00    0.3778496121E-22    0.2609055264E-23    0.4163323131E-07   -0.3033369582E-15   -0.2278013279E-52   -0.1146157520E-37   -0.6526969723E-54
    0.9530000000E+00    0.4048731538E-22    0.2795653084E-23    0.4260299385E-07    0.1161464571E-13    0.9346239171E-51    0.4702458237E-36    0.2869407554E-52
    0.9530000000E+00    0.4338294005E-22    0.2995596250E-23    0.4359534505E-07    0.5719960325E-13    0.4932009908E-50    0.2481486959E-35    0.1622479758E-51
    0.9530000000E+00    0.4648565778E-22    0.3209839213E-23    0.4461081109E-07   -0.2382178259E-11   -0.2200924681E-48   -0.1107371233E-33   -0.7758192072E-50
    0.9530000000E+00    0.4981027973E-22    0.3439404683E-23    0.4564993037E-07   -0.3039700714E-10   -0.3009274115E-47   -0.1514083429E-32   -0.1136624718E-48
    0.9530000000E+00    0.5337267633E-22    0.3685388516E-23    0.4671325384E-07    0.3030184478E-09    0.3214400546E-46    0.1617290554E-31    0.1300934227E-47
    0.9530000000E+00    0.5718985306E-22    0.3948964943E-23    0.4780134531E-07    0.8160351668E-08    0.9275552734E-45    0.4666893128E-30    0.4022491598E-46
    0.9530000000E+00    0.6128003161E-22    0.4231392172E-23    0.4891478167E-07   -0.2268064623E-07   -0.2762398621E-44   -0.1389870718E-29   -0.1283635429E-45
    0.9530000000E+00    0.6566273690E-22    0.4534018400E-23    0.5005415331E-07   -0.5661660385E-05   -0.7388814076E-42   -0.3717601163E-27   -0.3679002520E-43
    0.9530000000E+00    0.7035889022E-22    0.4858288246E-23    0.5122006431E-07   -0.7513353885E-03   -0.1050666219E-39   -0.5286312412E-25   -0.5605574329E-41
    0.9530000000E+00    0.7539090917E-22    0.5205749646E-23    0.5241313287E-07   -0.4302445192E-02   -0.6446830776E-39   -0.3243652546E-24   -0.3685544143E-40
    0.9530000000E+00    0.8078281461E-22    0.5578061244E-23    0.5363399157E-07    0.3345470964E-01    0.5371408583E-38    0.2702565607E-23    0.3290360899E-39
    0.9530000000E+00    0.8656034539E-22    0.5977000309E-23    0.5488328773E-07    0.3648272069E+01    0.6276508802E-36    0.3157956904E-21    0.4119774916E-37
    0.9530000000E+00    0.9275108115E-22    0.6404471218E-23    0.5616168372E-07    0.5425451650E+02    0.1000153874E-34    0.5032165063E-20    0.7034320764E-36
    0.9530000000E+00    0.9938457404E-22    0.6862514550E-23    0.5746985739E-07   -0.3906225483E+02   -0.7715929178E-35   -0.3882185557E-20   -0.5814917795E-36
    0.9530000000E+00    0.1064924897E-21    0.7353316823E-23    0.5880850233E-07   -0.8098134539E+04   -0.1714020104E-32   -0.8623905091E-18   -0.1384112078E-33
    0.9530000000E+00    0.1141087586E-21    0.7879220933E-23    0.6017832832E-07   -0.4430667914E+06   -0.1004847425E-30   -0.5055780154E-16   -0.8694717399E-32
    0.9530000000E+00    0.1222697377E-21    0.8442737340E-23    0.6158006166E-07   -0.2131497929E+08   -0.5179833963E-29   -0.2606176928E-14   -0.4802542156E-30
    0.9530000000E+00    0.1310143844E-21    0.9046556049E-23    0.6301444556E-07   -0.9254010115E+09   -0.2409688438E-27   -0.1212408439E-12   -0.2393956422E-28
    0.9530000000E+00    0.1403844422E-21    0.9693559452E-23    0.6448224056E-07   -0.6924315996E+10   -0.1932003029E-26   -0.9720662386E-12   -0.2056663069E-27
    0.9530000000E+00    0.1504246400E-21    0.1038683609E-22    0.6598422489E-07    0.3721471785E+10    0.1112616906E-26    0.5598010533E-12    0.1269115070E-27
    0.9530000000E+00    0.1611829057E-21    0.1112969539E-22    0.6752119493E-07    0.4811943458E+12    0.1541528078E-24    0.7756030285E-10    0.1884112306E-25
    0.9530000000E+00    0.1727105951E-21    0.1192568347E-22    0.6909396560E-07    0.1420749346E+14    0.4876950963E-23    0.2453784651E-08    0.6387100292E-24
    0.9530000000E+00    0.1850627369E-21    0.1277860007E-22    0.7070337081E-07    0.3647796684E+15    0.1341718933E-21    0.6750712381E-07    0.1882855082E-22
    0.9530000000E+00    0.1982982953E-21    0.1369251667E-22    0.7235026388E-07    0.8300331014E+16    0.3271344912E-20    0.1645941490E-05    0.4919055051E-21
    0.9530000000E+00    0.2124804516E-21    0.1467179595E-22    0.7403551802E-07    0.2184175135E+17    0.9223980635E-20    0.4640945189E-05    0.1486187928E-20
    0.9530000000E+00    0.2276769058E-21    0.1572111260E-22    0.7576002677E-07   -0.2737484444E+17   -0.1238746909E-19   -0.6232619880E-05   -0.2138641208E-20
    0.9530000000E+00    0.2439602000E-21    0.1684547565E-22    0.7752470448E-07   -0.1146370312E+19   -0.5558477530E-18   -0.2796687306E-03   -0.1028279556E-18
    0.9530000000E+00    0.2614080640E-21    0.1805025236E-22    0.7933048683E-07   -0.1947822920E+20   -0.1011999728E-16   -0.5091766184E-02   -0.2006022235E-17
    0.9530000000E+00    0.2801037871E-21    0.1934119387E-22    0.8117833125E-07   -0.2871926467E+21   -0.1598837184E-15   -0.8044374797E-01   -0.3395936702E-16
    0.9530000000E+00    0.3001366153E-21    0.2072446262E-22    0.8306921749E-07   -0.3873100647E+22   -0.2310413464E-14   -0.1162459319E+01   -0.5258296287E-15
    0.9530000000E+00    0.3216021775E-21    0.2220666179E-22    0.8500414813E-07   -0.4817572520E+23   -0.3079350929E-13   -0.1549341813E+02   -0.7509560692E-14
    0.9530000000E+00    0.3446029418E-21    0.2379486681E-22    0.8698414910E-07   -0.4577115090E+24   -0.3134893249E-12   -0.1577287325E+03   -0.8191776664E-13
    0.9530000000E+00    0.3692487048E-21    0.2549665916E-22    0.8901027021E-07   -0.7763908498E+24   -0.5697854203E-12   -0.2866813157E+03   -0.1595389315E-12
    0.9530000000E+00    0.3956571157E-21    0.2732016250E-22    0.9108358575E-07    0.1951124388E+24    0.1534319771E-12    0.7719762477E+02    0.4603320659E-13
    0.9530000000E+00    0.4239542377E-21    0.2927408154E-22    0.9320519501E-07    0.1275513524E+26    0.1074771129E-10    0.5407593637E+04    0.3455185260E-11
    0.9530000000E+00    0.4542751502E-21    0.3136774352E-22    0.9537622289E-07    0.1253445487E+27    0.1131713183E-09    0.5694091371E+05    0.3898447786E-10
    0.9530000000E+00    0.4867645933E-21    0.3361114274E-22    0.9759782052E-07    0.1009717033E+28    0.9768561307E-09    0.4914945011E+06    0.3605669807E-09
    0.9530000000E+00    0.5215776589E-21    0.3601498832E-22    0.9987116580E-07    0.7377340841E+28    0.7647698756E-08    0.3847856164E+07    0.3024726557E-08
    0.9530000000E+00    0.5588805307E-21    0.3859075526E-22    0.1021974641E-06    0.4986067957E+29    0.5538461196E-07    0.2786616306E+08    0.2347169559E-07
    0.9530000000E+00    0.5988512779E-21    0.4135073927E-22    0.1045779488E-06    0.3134157633E+30    0.3730368709E-06    0.1876894304E+09    0.1693975428E-06
    0.9530000000E+00    0.6416807053E-21    0.4430811541E-22    0.1070138822E-06    0.1836172423E+31    0.2341770789E-05    0.1178236415E+10    0.1139461698E-05
    0.9530000000E+00    0.6875732635E-21    0.4747700104E-22    0.1095065557E-06    0.1003723292E+32    0.1371655112E-04    0.6901332996E+10    0.7151551543E-05
    0.9530000000E+00    0.7367480256E-21    0.5087252317E-22    0.1120572911E-06    0.5122008843E+32    0.7500172427E-04    0.3773629902E+11    0.4190121291E-04
    0.9530000000E+00    0.7894397325E-21    0.5451089068E-22    0.1146674407E-06    0.2439831531E+33    0.3828166015E-03    0.1926099951E+12    0.2291638502E-03
    0.9530000000E+00    0.8458999137E-21    0.5840947171E-22    0.1173383885E-06    0.1084099993E+34    0.1822637348E-02    0.9170400902E+12    0.1169110638E-02
    0.9530000000E+00    0.9063980879E-21    0.6258687655E-22    0.1200715507E-06    0.4487303341E+34    0.8083814752E-02    0.4067283168E+13    0.5556121056E-02
    0.9530000000E+00    0.9712230494E-21    0.6706304648E-22    0.1228683764E-06    0.1626263704E+35    0.3139221015E-01    0.1579464793E+14    0.2311943624E-01
    0.9530000000E+00    0.1040684247E-20    0.7185934897E-22    0.1257303485E-06    0.3618017028E+35    0.7483444299E-01    0.3765213327E+14    0.5905502766E-01
    0.9530000000E+00    0.1115113261E-20    0.7699867968E-22    0.1286589846E-06    0.5442327201E+35    0.1206189581E+00    0.6068811235E+14    0.1019931299E+00
    0.9530000000E+00    0.1194865387E-20    0.8250557175E-22    0.1316558373E-06    0.6205276708E+35    0.1473642290E+00    0.7414470356E+14    0.1335203380E+00
    0.9530000000E+00    0.1280321329E-20    0.8840631292E-22    0.1347224957E-06    0.6181584719E+35    0.1573007342E+00    0.7914414766E+14    0.1527165472E+00
    0.9530000000E+00    0.1371889021E-20    0.9472907100E-22    0.1378605858E-06    0.5818742355E+35    0.1586572972E+00    0.7982668755E+14    0.1650499505E+00
    0.9530000000E+00    0.1470005571E-20    0.1015040283E-21    0.1410717713E-06    0.4534471761E+35    0.1324822287E+00    0.6665698751E+14    0.1476770378E+00
    0.9530000000E+00    0.1575139348E-20    0.1087635259E-21    0.1443577550E-06    0.2828372162E+35    0.8854570047E-01    0.4455080283E+14    0.1057603367E+00
    0.9530000000E+00    0.1687792220E-20    0.1165422177E-21    0.1477202791E-06    0.1440711565E+35    0.4832901749E-01    0.2431621770E+14    0.6185336236E-01
    0.9530000000E+00    0.1808501947E-20    0.1248772362E-21    0.1511611264E-06    0.5963061907E+34    0.2143385271E-01    0.1078420907E+14    0.2939379012E-01
    0.9530000000E+00    0.1937844750E-20    0.1338083694E-21    0.1546821213E-06    0.1929076392E+34    0.7429855204E-02    0.3738250559E+13    0.1091781414E-01
    0.9530000000E+00    0.2076438060E-20    0.1433782510E-21    0.1582851308E-06    0.2971766273E+33    0.1226437930E-02    0.6170688595E+12    0.1931082910E-02
    0.9530000000E+00    0.2224943467E-20    0.1536325639E-21    0.1619720651E-06    0.7294428847E+30    0.3225686943E-05    0.1622969181E+10    0.5442238409E-05
    0.9530000000E+00    0.2384069878E-20    0.1646202581E-21    0.1657448792E-06    0.1773963219E+30    0.8405731916E-06    0.4229252276E+09    0.1519605587E-05
    0.9530000000E+00    0.2554576900E-20    0.1763937846E-21    0.1696055734E-06    0.3387329707E+29    0.1719841383E-06    0.8653194221E+08    0.3331530101E-06
    0.9530000000E+00    0.2737278465E-20    0.1890093455E-21    0.1735561947E-06    0.4339678657E+28    0.2360959276E-07    0.1187890893E+08    0.4900538922E-07
    0.9530000000E+00    0.2933046719E-20    0.2025271626E-21    0.1775988378E-06    0.1063183066E+28    0.6197820220E-08    0.3118365603E+07    0.1378460486E-07
    0.9530000000E+00    0.3142816182E-20    0.2170117645E-21    0.1817356462E-06    0.2334190401E+27    0.1458032493E-08    0.7335931364E+06    0.3474741885E-08
    0.9530000000E+00    0.3367588212E-20    0.2325322952E-21    0.1859688132E-06    0.5603070661E+26    0.3750222399E-09    0.1886883471E+06    0.9576622540E-09
    0.9530000000E+00    0.3608435782E-20    0.2491628434E-21    0.1903005833E-06    0.8491839940E+25    0.6090216388E-10    0.3064225909E+05    0.1666433818E-09
    0.9530000000E+00    0.3866508602E-20    0.2669827968E-21    0.1947332533E-06    0.2887708083E+25    0.2219137500E-10    0.1116534814E+05    0.6506382021E-10
