    0.9460000000E+00    0.4143038610E-23    0.2860772210E-24    0.1992691735E-07    0.0000000000E+00    0.0000000000E+00    0.0000000000E+00    0.0000000000E+00
    0.9460000000E+00    0.4439345853E-23    0.3065372650E-24    0.2039107488E-07    0.0000000000E+00    0.0000000000E+00    0.0000000000E+00    0.0000000000E+00
    0.9460000000E+00    0.4756844785E-23    0.3284605973E-24    0.2086604403E-07    0.0000000000E+00    0.0000000000E+00    0.0000000000E+00    0.0000000000E+00
    0.9460000000E+00    0.5097051019E-23    0.3519518710E-24    0.2135207663E-07    0.0000000000E+00    0.0000000000E+00    0.0000000000E+00    0.0000000000E+00
    0.9460000000E+00    0.5461588566E-23    0.3771232243E-24    0.2184943039E-07    0.0000000000E+00    0.0000000000E+00    0.0000000000E+00    0.0000000000E+00
    0.9460000000E+00    0.5852197586E-23    0.4040948153E-24    0.2235836900E-07    0.0000000000E+00    0.0000000000E+00    0.0000000000E+00    0.0000000000E+00
    0.9460000000E+00    0.6270742692E-23    0.4329953957E-24    0.2287916232E-07    0.0000000000E+00    0.0000000000E+00    0.0000000000E+00    0.0000000000E+00
    0.9460000000E+00    0.6719221852E-23    0.4639629256E-24    0.2341208647E-07    0.0000000000E+00    0.0000000000E+00    0.0000000000E+00    0.0000000000E+00
    0.9460000000E+00    0.7199775931E-23    0.4971452317E-24    0.2395742402E-07    0.0000000000E+00    0.0000000000E+00    0.0000000000E+00    0.0000000000E+00
    0.9460000000E+00    0.7714698903E-23    0.5327007132E-24    0.2451546411E-07    0.0000000000E+00    0.0000000000E+00    0.0000000000E+00    0.0000000000E+00
    0.9460000000E+00    0.8266448809E-23    0.5707990981E-24    0.2508650263E-07    0.0000000000E+00    0.0000000000E+00    0.0000000000E+00    0.0000000000E+00
    0.9460000000E+00    0.8857659485E-23    0.6116222531E-24    0.2567084234E-07    0.0000000000E+00    0.0000000000E+00    0.0000000000E+00    0.0000000000E+00
    0.9460000000E+00    0.9491153137E-23    0.6553650517E-24    0.2626879307E-07    0.0000000000E+00    0.0000000000E+00    0.0000000000E+00    0.0000000000E+00
    0.9460000000E+00    0.1016995382E-22    0.7022363048E-24    0.2688067187E-07    0.0000000000E+00    0.0000000000E+00    0.0000000000E+00    0.0000000000E+00
    0.9460000000E+00    0.1089730185E-22    0.7524597575E-24    0.2750680315E-07    0.0000000000E+00    0.0000000000E+00    0.0000000000E+00    0.0000000000E+00
    0.9460000000E+00    0.1167666930E-22    0.8062751566E-24    0.2814751890E-07    0.0000000000E+00    0.0000000000E+00    0.0000000000E+00    0.0000000000E+00
    0.9460000000E+00    0.1251177658E-22    0.8639393956E-24    0.2880315884E-07    0.0000000000E+00    0.0000000000E+00    0.0000000000E+00    0.0000000000E+00
    0.9460000000E+00    0.1340661015E-22    0.9257277409E-24    0.2947407060E-07    0.0000000000E+00    0.0000000000E+00    0.0000000000E+00    0.0000000000E+00
    0.9460000000E+00    0.1436544159E-22    0.9919351458E-24    0.3016060990E-07    0.0000000000E+00    0.0000000000E+00    0.0000000000E+00    0.0000000000E+00
    0.9460000000E+00    0.1539284799E-22    0.1062877658E-23    0.3086314075E-07    0.0000000000E+00    0.0000000000E+00    0.0000000000E+00    0.0000000000E+00
    0.9460000000E+00    0.1649373379E-22    0.1138893930E-23    0.3158203565E-07    0.0000000000E+00    0.0000000000E+00    0.0000000000E+00    0.0000000000E+00
    0.9460000000E+00    0.1767335417E-22    0.1220346833E-23    0.3231767576E-07    0.0000000000E+00    0.0000000000E+00    0.0000000000E+00    0.0000000000E+00
    0.9460000000E+00    0.1893734018E-22    0.1307625190E-23    0.3307045113E-07    0.0000000000E+00    0.0000000000E+00    0.0000000000E+00    0.0000000000E+00
    0.9460000000E+00    0.2029172559E-22    0.1401145635E-23    0.3384076090E-07    0.0000000000E+00    0.0000000000E+00    0.0000000000E+00    0.0000000000E+00
    0.9460000000E+00    0.2174297571E-22    0.1501354598E-23    0.3462901348E-07    0.0000000000E+00    0.0000000000E+00    0.0000000000E+00    0.0000000000E+00
    0.9460000000E+00    0.2329801823E-22    0.1608730435E-23    0.3543562682E-07    0.0000000000E+00    0.0000000000E+00    0.0000000000E+00    0.0000000000E+00
    0.9460000000E+00    0.2496427630E-22    0.1723785718E-23    0.3626102861E-07    0.0000000000E+00    0.0000000000E+00    0.0000000000E+00    0.0000000000E+00
    0.9460000000E+00    0.2674970400E-22    0.1847069675E-23    0.3710565646E-07    0.0000000000E+00    0.0000000000E+00    0.0000000000E+00    0.0000000000E+00
    0.9460000000E+00    0.2866282424E-22    0.1979170815E-23    0.3796995823E-07    0.0000000000E+00    0.0000000000E+00    0.0000000000E+00    0.0000000000E+00
    0.9460000000E+00    0.3071276952E-22    0.2120719737E-23    0.3885439218E-07    0.0000000000E+00    0.0000000000E+00    0.0000000000E+00    0.0000000000E+00
    0.9460000000E+00    0.3290932546E-22    0.2272392139E-23    0.3975942724E-07    0.0000000000E+00    0.0000000000E+00    0.0000000000E+00    0.0000000000E+00
    0.9460000000E+00    0.3526297755E-22    0.2434912046E-23    0.4068554327E-07   -0.1820069496E-15   -0.1275612878E-52   -0.6418106977E-38   -0.3432855326E-54
    0.9460000000E+00    0.3778496121E-22    0.2609055264E-23    0.4163323131E-07   -0.4296417322E-15   -0.3226542446E-52   -0.1623399618E-37   -0.9304091844E-54
    0.9460000000E+00    0.4048731538E-22    0.2795653084E-23    0.4260299385E-07    0.2245454038E-13    0.1806904061E-50    0.9091240581E-36    0.5583052349E-52
    0.9460000000E+00    0.4338294005E-22    0.2995596250E-23    0.4359534505E-07    0.6728036305E-13    0.5801218859E-50    0.2918819956E-35    0.1920683725E-51
    0.9460000000E+00    0.4648565778E-22    0.3209839213E-23    0.4461081109E-07   -0.4511061679E-11   -0.4167827051E-48   -0.2096996694E-33   -0.1478584997E-49
    0.9460000000E+00    0.4981027973E-22    0.3439404683E-23    0.4564993037E-07   -0.3900629202E-10   -0.3861584937E-47   -0.1942914317E-32   -0.1467919358E-48
    0.9460000000E+00    0.5337267633E-22    0.3685388516E-23    0.4671325384E-07    0.5780028304E-09    0.6131417499E-46    0.3084955798E-31    0.2497453984E-47
    0.9460000000E+00    0.5718985306E-22    0.3948964943E-23    0.4780134531E-07    0.1063954655E-07    0.1209355664E-44    0.6084741040E-30    0.5278258421E-46
    0.9460000000E+00    0.6128003161E-22    0.4231392172E-23    0.4891478167E-07   -0.4700925746E-07   -0.5725511814E-44   -0.2880728783E-29   -0.2677632195E-45
    0.9460000000E+00    0.6566273690E-22    0.4534018400E-23    0.5005415331E-07   -0.9831713237E-05   -0.1283098883E-41   -0.6455771995E-27   -0.6429789171E-43
    0.9460000000E+00    0.7035889022E-22    0.4858288246E-23    0.5122006431E-07   -0.1284887327E-02   -0.1796784405E-39   -0.9040324640E-25   -0.9647895164E-41
    0.9460000000E+00    0.7539090917E-22    0.5205749646E-23    0.5241313287E-07   -0.5039014882E-02   -0.7550514829E-39   -0.3798959132E-24   -0.4344233607E-40
    0.9460000000E+00    0.8078281461E-22    0.5578061244E-23    0.5363399157E-07    0.5917926847E-01    0.9501682544E-38    0.4780667874E-23    0.5857834836E-39
    0.9460000000E+00    0.8656034539E-22    0.5977000309E-23    0.5488328773E-07    0.5999431082E+01    0.1032145665E-35    0.5193128266E-21    0.6818323437E-37
    0.9460000000E+00    0.9275108115E-22    0.6404471218E-23    0.5616168372E-07    0.6691649874E+02    0.1233570950E-34    0.6206577605E-20    0.8731738872E-36
    0.9460000000E+00    0.9938457404E-22    0.6862514550E-23    0.5746985739E-07   -0.9936156981E+02   -0.1962679418E-34   -0.9875007291E-20   -0.1488627283E-35
    0.9460000000E+00    0.1064924897E-21    0.7353316823E-23    0.5880850233E-07   -0.1287483436E+05   -0.2725038071E-32   -0.1371073165E-17   -0.2214670803E-33
    0.9460000000E+00    0.1141087586E-21    0.7879220933E-23    0.6017832832E-07   -0.6919278872E+06   -0.1569248631E-30   -0.7895503225E-16   -0.1366558930E-31
    0.9460000000E+00    0.1222697377E-21    0.8442737340E-23    0.6158006166E-07   -0.3288181966E+08   -0.7990735713E-29   -0.4020451466E-14   -0.7456299996E-30
    0.9460000000E+00    0.1310143844E-21    0.9046556049E-23    0.6301444556E-07   -0.1410791865E+10   -0.3673616953E-27   -0.1848340277E-12   -0.3673080755E-28
    0.9460000000E+00    0.1403844422E-21    0.9693559452E-23    0.6448224056E-07   -0.8054426197E+10   -0.2247323175E-26   -0.1130716129E-11   -0.2407698690E-27
    0.9460000000E+00    0.1504246400E-21    0.1038683609E-22    0.6598422489E-07    0.9391802582E+10    0.2807888634E-26    0.1412758522E-11    0.3223416948E-27
    0.9460000000E+00    0.1611829057E-21    0.1112969539E-22    0.6752119493E-07    0.7155878597E+12    0.2292418411E-24    0.1153405305E-09    0.2819879134E-25
    0.9460000000E+00    0.1727105951E-21    0.1192568347E-22    0.6909396560E-07    0.2069399539E+14    0.7103547224E-23    0.3574072260E-08    0.9362932190E-24
    0.9460000000E+00    0.1850627369E-21    0.1277860007E-22    0.7070337081E-07    0.5251446879E+15    0.1931567550E-21    0.9718471320E-07    0.2728013447E-22
    0.9460000000E+00    0.1982982953E-21    0.1369251667E-22    0.7235026388E-07    0.1106232021E+17    0.4359906236E-20    0.2193639240E-05    0.6598021943E-21
    0.9460000000E+00    0.2124804516E-21    0.1467179595E-22    0.7403551802E-07    0.2326811029E+17    0.9826345669E-20    0.4944018581E-05    0.1593414055E-20
    0.9460000000E+00    0.2276769058E-21    0.1572111260E-22    0.7576002677E-07   -0.4870116735E+17   -0.2203790442E-19   -0.1108813109E-04   -0.3829189869E-20
    0.9460000000E+00    0.2439602000E-21    0.1684547565E-22    0.7752470448E-07   -0.1599904530E+19   -0.7757557300E-18   -0.3903130292E-03   -0.1444313924E-18
    0.9460000000E+00    0.2614080640E-21    0.1805025236E-22    0.7933048683E-07   -0.2661554679E+20   -0.1382822116E-16   -0.6957518557E-02   -0.2758690140E-17
    0.9460000000E+00    0.2801037871E-21    0.1934119387E-22    0.8117833125E-07   -0.3879581208E+21   -0.2159811111E-15   -0.1086685389E+00   -0.4616920294E-16
    0.9460000000E+00    0.3001366153E-21    0.2072446262E-22    0.8306921749E-07   -0.5179089642E+22   -0.3089472629E-14   -0.1554434436E+01   -0.7076539872E-15
    0.9460000000E+00    0.3216021775E-21    0.2220666179E-22    0.8500414813E-07   -0.6378872168E+23   -0.4077320238E-13   -0.2051459179E+02   -0.1000717349E-13
    0.9460000000E+00    0.3446029418E-21    0.2379486681E-22    0.8698414910E-07   -0.5456932248E+24   -0.3737485235E-12   -0.1880474906E+03   -0.9829152918E-13
    0.9460000000E+00    0.3692487048E-21    0.2549665916E-22    0.8901027021E-07   -0.7984348270E+24   -0.5859632729E-12   -0.2948210258E+03   -0.1651227840E-12
    0.9460000000E+00    0.3956571157E-21    0.2732016250E-22    0.9108358575E-07    0.5256483218E+24    0.4133578657E-12    0.2079764989E+03    0.1248138594E-12
    0.9460000000E+00    0.4239542377E-21    0.2927408154E-22    0.9320519501E-07    0.1670573729E+26    0.1407656115E-10    0.7082468117E+04    0.4554421044E-11
    0.9460000000E+00    0.4542751502E-21    0.3136774352E-22    0.9537622289E-07    0.1590580101E+27    0.1436105908E-09    0.7225610143E+05    0.4978781589E-10
    0.9460000000E+00    0.4867645933E-21    0.3361114274E-22    0.9759782052E-07    0.1264647695E+28    0.1223490159E-08    0.6155857210E+06    0.4545033481E-09
    0.9460000000E+00    0.5215776589E-21    0.3601498832E-22    0.9987116580E-07    0.9148878760E+28    0.9484158347E-08    0.4771850765E+07    0.3775160345E-08
    0.9460000000E+00    0.5588805307E-21    0.3859075526E-22    0.1021974641E-06    0.6127254670E+29    0.6806076957E-07    0.3424403342E+08    0.2902909265E-07
    0.9460000000E+00    0.5988512779E-21    0.4135073927E-22    0.1045779488E-06    0.3817638979E+30    0.4543868770E-06    0.2286197981E+09    0.2076645600E-06
    0.9460000000E+00    0.6416807053E-21    0.4430811541E-22    0.1070138822E-06    0.2217312979E+31    0.2827860118E-05    0.1422806956E+10    0.1384823833E-05
    0.9460000000E+00    0.6875732635E-21    0.4747700104E-22    0.1095065557E-06    0.1201770044E+32    0.1642299264E-04    0.8263049511E+10    0.8617651047E-05
    0.9460000000E+00    0.7367480256E-21    0.5087252317E-22    0.1120572911E-06    0.6081101081E+32    0.8904573978E-04    0.4480239215E+11    0.5006679053E-04
    0.9460000000E+00    0.7894397325E-21    0.5451089068E-22    0.1146674407E-06    0.2872508496E+33    0.4507048649E-03    0.2267672339E+12    0.2715368977E-03
    0.9460000000E+00    0.8458999137E-21    0.5840947171E-22    0.1173383885E-06    0.1265716631E+34    0.2127979356E-02    0.1070669589E+13    0.1373738332E-02
    0.9460000000E+00    0.9063980879E-21    0.6258687655E-22    0.1200715507E-06    0.5195203640E+34    0.9359087325E-02    0.4708922646E+13    0.6473961399E-02
    0.9460000000E+00    0.9712230494E-21    0.6706304648E-22    0.1228683764E-06    0.1815542771E+35    0.3504591543E-01    0.1763296987E+14    0.2597610402E-01
    0.9460000000E+00    0.1040684247E-20    0.7185934897E-22    0.1257303485E-06    0.3843346409E+35    0.7949511721E-01    0.3999710064E+14    0.6313599950E-01
    0.9460000000E+00    0.1115113261E-20    0.7699867968E-22    0.1286589846E-06    0.5602892661E+35    0.1241775898E+00    0.6247859909E+14    0.1056768434E+00
    0.9460000000E+00    0.1194865387E-20    0.8250557175E-22    0.1316558373E-06    0.6247357223E+35    0.1483635661E+00    0.7464750907E+14    0.1352894308E+00
    0.9460000000E+00    0.1280321329E-20    0.8840631292E-22    0.1347224957E-06    0.6200130786E+35    0.1577726698E+00    0.7938159691E+14    0.1541588212E+00
    0.9460000000E+00    0.1371889021E-20    0.9472907100E-22    0.1378605858E-06    0.5772764728E+35    0.1574036438E+00    0.7919592553E+14    0.1647977917E+00
    0.9460000000E+00    0.1470005571E-20    0.1015040283E-21    0.1410717713E-06    0.4398293370E+35    0.1285035477E+00    0.6465515758E+14    0.1441623071E+00
    0.9460000000E+00    0.1575139348E-20    0.1087635259E-21    0.1443577550E-06    0.2695410907E+35    0.8438318341E-01    0.4245647780E+14    0.1014360926E+00
    0.9460000000E+00    0.1687792220E-20    0.1165422177E-21    0.1477202791E-06    0.1350546979E+35    0.4530442469E-01    0.2279442684E+14    0.5835488612E-01
    0.9460000000E+00    0.1808501947E-20    0.1248772362E-21    0.1511611264E-06    0.5500082505E+34    0.1976970224E-01    0.9946909920E+13    0.2728580269E-01
    0.9460000000E+00    0.1937844750E-20    0.1338083694E-21    0.1546821213E-06    0.1743050208E+34    0.6713373670E-02    0.3377760695E+13    0.9928357962E-02
    0.9460000000E+00    0.2076438060E-20    0.1433782510E-21    0.1582851308E-06    0.2463380742E+33    0.1016628934E-02    0.5115057530E+12    0.1611013100E-02
    0.9460000000E+00    0.2224943467E-20    0.1536325639E-21    0.1619720651E-06    0.6899297512E+30    0.3050954964E-05    0.1535054693E+10    0.5180508648E-05
    0.9460000000E+00    0.2384069878E-20    0.1646202581E-21    0.1657448792E-06    0.1676179402E+30    0.7942393925E-06    0.3996128822E+09    0.1445067153E-05
    0.9460000000E+00    0.2554576900E-20    0.1763937846E-21    0.1696055734E-06    0.3160935525E+29    0.1604894769E-06    0.8074852875E+08    0.3128838648E-06
    0.9460000000E+00    0.2737278465E-20    0.1890093455E-21    0.1735561947E-06    0.4122434176E+28    0.2242769564E-07    0.1128425029E+08    0.4685125835E-07
    0.9460000000E+00    0.2933046719E-20    0.2025271626E-21    0.1775988378E-06    0.1009974462E+28    0.5887640940E-08    0.2962302283E+07    0.1317886237E-07
    0.9460000000E+00    0.3142816182E-20    0.2170117645E-21    0.1817356462E-06    0.2218018501E+27    0.1385466689E-08    0.6970824439E+06    0.3323018005E-08
    0.9460000000E+00    0.3367588212E-20    0.2325322952E-21    0.1859688132E-06    0.5323628642E+26    0.3563187506E-09    0.1792778906E+06    0.9157465328E-09
    0.9460000000E+00    0.3608435782E-20    0.2491628434E-21    0.1903005833E-06    0.8031219041E+25    0.5759866197E-10    0.2898013816E+05    0.1586167331E-09
    0.9460000000E+00    0.3866508602E-20    0.2669827968E-21    0.1947332533E-06    0.2722979289E+25    0.2092547196E-10    0.1052842284E+05    0.6174643214E-10
