    0.9670000000E+00    0.4143038610E-23    0.2860772210E-24    0.1992691735E-07    0.0000000000E+00    0.0000000000E+00    0.0000000000E+00    0.0000000000E+00
    0.9670000000E+00    0.4439345853E-23    0.3065372650E-24    0.2039107488E-07    0.0000000000E+00    0.0000000000E+00    0.0000000000E+00    0.0000000000E+00
    0.9670000000E+00    0.4756844785E-23    0.3284605973E-24    0.2086604403E-07    0.0000000000E+00    0.0000000000E+00    0.0000000000E+00    0.0000000000E+00
    0.9670000000E+00    0.5097051019E-23    0.3519518710E-24    0.2135207663E-07    0.0000000000E+00    0.0000000000E+00    0.0000000000E+00    0.0000000000E+00
    0.9670000000E+00    0.5461588566E-23    0.3771232243E-24    0.2184943039E-07    0.0000000000E+00    0.0000000000E+00    0.0000000000E+00    0.0000000000E+00
    0.9670000000E+00    0.5852197586E-23    0.4040948153E-24    0.2235836900E-07    0.0000000000E+00    0.0000000000E+00    0.0000000000E+00    0.0000000000E+00
    0.9670000000E+00    0.6270742692E-23    0.4329953957E-24    0.2287916232E-07    0.0000000000E+00    0.0000000000E+00    0.0000000000E+00    0.0000000000E+00
    0.9670000000E+00    0.6719221852E-23    0.4639629256E-24    0.2341208647E-07    0.0000000000E+00    0.0000000000E+00    0.0000000000E+00    0.0000000000E+00
    0.9670000000E+00    0.7199775931E-23    0.4971452317E-24    0.2395742402E-07    0.0000000000E+00    0.0000000000E+00    0.0000000000E+00    0.0000000000E+00
    0.9670000000E+00    0.7714698903E-23    0.5327007132E-24    0.2451546411E-07    0.0000000000E+00    0.0000000000E+00    0.0000000000E+00    0.0000000000E+00
    0.9670000000E+00    0.8266448809E-23    0.5707990981E-24    0.2508650263E-07    0.0000000000E+00    0.0000000000E+00    0.0000000000E+00    0.0000000000E+00
    0.9670000000E+00    0.8857659485E-23    0.6116222531E-24    0.2567084234E-07    0.0000000000E+00    0.0000000000E+00    0.0000000000E+00    0.0000000000E+00
    0.9670000000E+00    0.9491153137E-23    0.6553650517E-24    0.2626879307E-07    0.0000000000E+00    0.0000000000E+00    0.0000000000E+00    0.0000000000E+00
    0.9670000000E+00    0.1016995382E-22    0.7022363048E-24    0.2688067187E-07    0.0000000000E+00    0.0000000000E+00    0.0000000000E+00    0.0000000000E+00
    0.9670000000E+00    0.1089730185E-22    0.7524597575E-24    0.2750680315E-07    0.0000000000E+00    0.0000000000E+00    0.0000000000E+00    0.0000000000E+00
    0.9670000000E+00    0.1167666930E-22    0.8062751566E-24    0.2814751890E-07    0.0000000000E+00    0.0000000000E+00    0.0000000000E+00    0.0000000000E+00
    0.9670000000E+00    0.1251177658E-22    0.8639393956E-24    0.2880315884E-07    0.0000000000E+00    0.0000000000E+00    0.0000000000E+00    0.0000000000E+00
    0.9670000000E+00    0.1340661015E-22    0.9257277409E-24    0.2947407060E-07    0.0000000000E+00    0.0000000000E+00    0.0000000000E+00    0.0000000000E+00
    0.9670000000E+00    0.1436544159E-22    0.9919351458E-24    0.3016060990E-07    0.0000000000E+00    0.0000000000E+00    0.0000000000E+00    0.0000000000E+00
    0.9670000000E+00    0.1539284799E-22    0.1062877658E-23    0.3086314075E-07    0.0000000000E+00    0.0000000000E+00    0.0000000000E+00    0.0000000000E+00
    0.9670000000E+00    0.1649373379E-22    0.1138893930E-23    0.3158203565E-07    0.0000000000E+00    0.0000000000E+00    0.0000000000E+00    0.0000000000E+00
    0.9670000000E+00    0.1767335417E-22    0.1220346833E-23    0.3231767576E-07    0.0000000000E+00    0.0000000000E+00    0.0000000000E+00    0.0000000000E+00
    0.9670000000E+00    0.1893734018E-22    0.1307625190E-23    0.3307045113E-07    0.0000000000E+00    0.0000000000E+00    0.0000000000E+00    0.0000000000E+00
    0.9670000000E+00    0.2029172559E-22    0.1401145635E-23    0.3384076090E-07    0.0000000000E+00    0.0000000000E+00    0.0000000000E+00    0.0000000000E+00
    0.9670000000E+00    0.2174297571E-22    0.1501354598E-23    0.3462901348E-07    0.0000000000E+00    0.0000000000E+00    0.0000000000E+00    0.0000000000E+00
    0.9670000000E+00    0.2329801823E-22    0.1608730435E-23    0.3543562682E-07    0.0000000000E+00    0.0000000000E+00    0.0000000000E+00    0.0000000000E+00
    0.9670000000E+00    0.2496427630E-22    0.1723785718E-23    0.3626102861E-07    0.0000000000E+00    0.0000000000E+00    0.0000000000E+00    0.0000000000E+00
    0.9670000000E+00    0.2674970400E-22    0.1847069675E-23    0.3710565646E-07    0.0000000000E+00    0.0000000000E+00    0.0000000000E+00    0.0000000000E+00
    0.9670000000E+00    0.2866282424E-22    0.1979170815E-23    0.3796995823E-07    0.0000000000E+00    0.0000000000E+00    0.0000000000E+00    0.0000000000E+00
    0.9670000000E+00    0.3071276952E-22    0.2120719737E-23    0.3885439218E-07    0.0000000000E+00    0.0000000000E+00    0.0000000000E+00    0.0000000000E+00
    0.9670000000E+00    0.3290932546E-22    0.2272392139E-23    0.3975942724E-07    0.0000000000E+00    0.0000000000E+00    0.0000000000E+00    0.0000000000E+00
    0.9670000000E+00    0.3526297755E-22    0.2434912046E-23    0.4068554327E-07    0.0000000000E+00    0.0000000000E+00    0.0000000000E+00    0.0000000000E+00
    0.9670000000E+00    0.3778496121E-22    0.2609055264E-23    0.4163323131E-07   -0.1506820369E-15   -0.1131598612E-52   -0.5693514919E-38   -0.3203348152E-54
    0.9670000000E+00    0.4048731538E-22    0.2795653084E-23    0.4260299385E-07    0.3162702799E-14    0.2545008908E-51    0.1280493457E-36    0.7719711009E-53
    0.9670000000E+00    0.4338294005E-22    0.2995596250E-23    0.4359534505E-07    0.3657590826E-13    0.3153741139E-50    0.1586770435E-35    0.1025032839E-51
    0.9670000000E+00    0.4648565778E-22    0.3209839213E-23    0.4461081109E-07   -0.6974600335E-12   -0.6443921634E-49   -0.3242188843E-34   -0.2244202212E-50
    0.9670000000E+00    0.4981027973E-22    0.3439404683E-23    0.4564993037E-07   -0.1815039360E-10   -0.1796871297E-47   -0.9040761825E-33   -0.6705462023E-49
    0.9670000000E+00    0.5337267633E-22    0.3685388516E-23    0.4671325384E-07    0.8282082913E-10    0.8785581216E-47    0.4420369306E-32    0.3513033035E-48
    0.9670000000E+00    0.5718985306E-22    0.3948964943E-23    0.4780134531E-07    0.4841321010E-08    0.5502940334E-45    0.2768744371E-30    0.2357797700E-46
    0.9670000000E+00    0.6128003161E-22    0.4231392172E-23    0.4891478167E-07   -0.3802876776E-08   -0.4631729384E-45   -0.2330404091E-30   -0.2126448715E-46
    0.9670000000E+00    0.6566273690E-22    0.4534018400E-23    0.5005415331E-07   -0.1989329247E-05   -0.2596196688E-42   -0.1306248029E-27   -0.1277171820E-43
    0.9670000000E+00    0.7035889022E-22    0.4858288246E-23    0.5122006431E-07   -0.2721747985E-03   -0.3806088075E-40   -0.1914991677E-25   -0.2006275500E-41
    0.9670000000E+00    0.7539090917E-22    0.5205749646E-23    0.5241313287E-07   -0.2946907888E-02   -0.4415678904E-39   -0.2221700649E-24   -0.2494073345E-40
    0.9670000000E+00    0.8078281461E-22    0.5578061244E-23    0.5363399157E-07    0.1044534231E-01    0.1677079309E-38    0.8438041511E-24    0.1014998351E-39
    0.9670000000E+00    0.8656034539E-22    0.5977000309E-23    0.5488328773E-07    0.1421598247E+01    0.2445726015E-36    0.1230540353E-21    0.1586059732E-37
    0.9670000000E+00    0.9275108115E-22    0.6404471218E-23    0.5616168372E-07    0.3566506456E+02    0.6574669683E-35    0.3307973297E-20    0.4568626707E-36
    0.9670000000E+00    0.9938457404E-22    0.6862514550E-23    0.5746985739E-07    0.9408622079E+01    0.1858475962E-35    0.9350718975E-21    0.1383785209E-36
    0.9670000000E+00    0.1064924897E-21    0.7353316823E-23    0.5880850233E-07   -0.3350297385E+04   -0.7091110979E-33   -0.3567815099E-18   -0.5657518961E-34
    0.9670000000E+00    0.1141087586E-21    0.7879220933E-23    0.6017832832E-07   -0.1905239348E+06   -0.4320962191E-31   -0.2174044969E-16   -0.3693960116E-32
    0.9670000000E+00    0.1222697377E-21    0.8442737340E-23    0.6158006166E-07   -0.9382042649E+07   -0.2279965770E-29   -0.1147139894E-14   -0.2088526848E-30
    0.9670000000E+00    0.1310143844E-21    0.9046556049E-23    0.6301444556E-07   -0.4165384054E+09   -0.1084640893E-27   -0.5457252278E-13   -0.1064627573E-28
    0.9670000000E+00    0.1403844422E-21    0.9693559452E-23    0.6448224056E-07   -0.5018004639E+10   -0.1400109435E-26   -0.7044497821E-12   -0.1472562437E-27
    0.9670000000E+00    0.1504246400E-21    0.1038683609E-22    0.6598422489E-07   -0.1401863060E+10   -0.4191181957E-27   -0.2108747460E-12   -0.4723329593E-28
    0.9670000000E+00    0.1611829057E-21    0.1112969539E-22    0.6752119493E-07    0.2252150045E+12    0.7214865594E-25    0.3630080883E-10    0.8712443622E-26
    0.9670000000E+00    0.1727105951E-21    0.1192568347E-22    0.6909396560E-07    0.6966938375E+13    0.2391513809E-23    0.1203264073E-08    0.3094458258E-24
    0.9670000000E+00    0.1850627369E-21    0.1277860007E-22    0.7070337081E-07    0.1829539833E+15    0.6729344985E-22    0.3385796487E-07    0.9330061987E-23
    0.9670000000E+00    0.1982982953E-21    0.1369251667E-22    0.7235026388E-07    0.4361443461E+16    0.1718941793E-20    0.8648668031E-06    0.2553717818E-21
    0.9670000000E+00    0.2124804516E-21    0.1467179595E-22    0.7403551802E-07    0.1862400300E+17    0.7865094714E-20    0.3957236568E-05    0.1252032761E-20
    0.9670000000E+00    0.2276769058E-21    0.1572111260E-22    0.7576002677E-07   -0.4188631851E+16   -0.1895409769E-20   -0.9536547395E-06   -0.3233068085E-21
    0.9670000000E+00    0.2439602000E-21    0.1684547565E-22    0.7752470448E-07   -0.6050375894E+18   -0.2933683653E-18   -0.1476050913E-03   -0.5361977865E-19
    0.9670000000E+00    0.2614080640E-21    0.1805025236E-22    0.7933048683E-07   -0.1077290668E+20   -0.5597109735E-17   -0.2816124678E-02   -0.1096164057E-17
    0.9670000000E+00    0.2801037871E-21    0.1934119387E-22    0.8117833125E-07   -0.1624205445E+21   -0.9042153723E-16   -0.4549460963E-01   -0.1897508028E-16
    0.9670000000E+00    0.3001366153E-21    0.2072446262E-22    0.8306921749E-07   -0.2233092920E+22   -0.1332102730E-14   -0.6702329507E+00   -0.2995362955E-15
    0.9670000000E+00    0.3216021775E-21    0.2220666179E-22    0.8500414813E-07   -0.2829850955E+23   -0.1808816397E-13   -0.9100862292E+01   -0.4358190624E-14
    0.9670000000E+00    0.3446029418E-21    0.2379486681E-22    0.8698414910E-07   -0.3132519205E+24   -0.2145480967E-12   -0.1079475333E+03   -0.5539064240E-13
    0.9670000000E+00    0.3692487048E-21    0.2549665916E-22    0.8901027021E-07   -0.7164236966E+24   -0.5257761309E-12   -0.2645385221E+03   -0.1454496237E-12
    0.9670000000E+00    0.3956571157E-21    0.2732016250E-22    0.9108358575E-07   -0.1996157801E+24   -0.1569733021E-12   -0.7897940380E+02   -0.4653047972E-13
    0.9670000000E+00    0.4239542377E-21    0.2927408154E-22    0.9320519501E-07    0.7533501407E+25    0.6347866689E-11    0.3193859846E+04    0.2016227498E-11
    0.9670000000E+00    0.4542751502E-21    0.3136774352E-22    0.9537622289E-07    0.7961364853E+26    0.7188171845E-10    0.3616650214E+05    0.2446415315E-10
    0.9670000000E+00    0.4867645933E-21    0.3361114274E-22    0.9759782052E-07    0.6584641584E+27    0.6370346630E-09    0.3205170383E+06    0.2323136884E-09
    0.9670000000E+00    0.5215776589E-21    0.3601498832E-22    0.9987116580E-07    0.4903427515E+28    0.5083123759E-08    0.2557518244E+07    0.1986288917E-08
    0.9670000000E+00    0.5588805307E-21    0.3859075526E-22    0.1021974641E-06    0.3371864092E+29    0.3745423968E-07    0.1884469193E+08    0.1568240701E-07
    0.9670000000E+00    0.5988512779E-21    0.4135073927E-22    0.1045779488E-06    0.2155169309E+30    0.2565147351E-06    0.1290625895E+09    0.1150864128E-06
    0.9670000000E+00    0.6416807053E-21    0.4430811541E-22    0.1070138822E-06    0.1283448471E+31    0.1636851802E-05    0.8235641202E+09    0.7869028110E-06
    0.9670000000E+00    0.6875732635E-21    0.4747700104E-22    0.1095065557E-06    0.7129822812E+31    0.9743380453E-05    0.4902275539E+10    0.5019048551E-05
    0.9670000000E+00    0.7367480256E-21    0.5087252317E-22    0.1120572911E-06    0.3696801856E+32    0.5413237697E-04    0.2723611469E+11    0.2987919092E-04
    0.9670000000E+00    0.7894397325E-21    0.5451089068E-22    0.1146674407E-06    0.1789027102E+33    0.2807035103E-03    0.1412329077E+12    0.1660196827E-03
    0.9670000000E+00    0.8458999137E-21    0.5840947171E-22    0.1173383885E-06    0.8075744024E+33    0.1357730170E-02    0.6831271173E+12    0.8604491391E-03
    0.9670000000E+00    0.9063980879E-21    0.6258687655E-22    0.1200715507E-06    0.3396093526E+34    0.6118015399E-02    0.3078212678E+13    0.4154533848E-02
    0.9670000000E+00    0.9712230494E-21    0.6706304648E-22    0.1228683764E-06    0.1299748541E+35    0.2508939925E-01    0.1262345741E+14    0.1825584746E-01
    0.9670000000E+00    0.1040684247E-20    0.7185934897E-22    0.1257303485E-06    0.3193937512E+35    0.6606285509E-01    0.3323880455E+14    0.5150733439E-01
    0.9670000000E+00    0.1115113261E-20    0.7699867968E-22    0.1286589846E-06    0.5114771062E+35    0.1133592916E+00    0.5703549040E+14    0.9470411698E-01
    0.9670000000E+00    0.1194865387E-20    0.8250557175E-22    0.1316558373E-06    0.6106706965E+35    0.1450233739E+00    0.7296692782E+14    0.1298224319E+00
    0.9670000000E+00    0.1280321329E-20    0.8840631292E-22    0.1347224957E-06    0.6136201129E+35    0.1561458730E+00    0.7856309188E+14    0.1497760062E+00
    0.9670000000E+00    0.1371889021E-20    0.9472907100E-22    0.1378605858E-06    0.5880132982E+35    0.1603312106E+00    0.8066889882E+14    0.1647896031E+00
    0.9670000000E+00    0.1470005571E-20    0.1015040283E-21    0.1410717713E-06    0.4778628950E+35    0.1396156922E+00    0.7024611179E+14    0.1537609203E+00
    0.9670000000E+00    0.1575139348E-20    0.1087635259E-21    0.1443577550E-06    0.3085103997E+35    0.9658300918E-01    0.4859468699E+14    0.1139757525E+00
    0.9670000000E+00    0.1687792220E-20    0.1165422177E-21    0.1477202791E-06    0.1621812521E+35    0.5440409281E-01    0.2737282555E+14    0.6879285104E-01
    0.9670000000E+00    0.1808501947E-20    0.1248772362E-21    0.1511611264E-06    0.6923711140E+34    0.2488684624E-01    0.1252154508E+14    0.3371953681E-01
    0.9670000000E+00    0.1937844750E-20    0.1338083694E-21    0.1546821213E-06    0.2325968031E+34    0.8958486948E-02    0.4507364938E+13    0.1300607940E-01
    0.9670000000E+00    0.2076438060E-20    0.1433782510E-21    0.1582851308E-06    0.4150403431E+33    0.1712857515E-02    0.8618055649E+12    0.2664605826E-02
    0.9670000000E+00    0.2224943467E-20    0.1536325639E-21    0.1619720651E-06    0.8104522868E+30    0.3583920570E-05    0.1803210521E+10    0.5974067313E-05
    0.9670000000E+00    0.2384069878E-20    0.1646202581E-21    0.1657448792E-06    0.1974244364E+30    0.9354742356E-06    0.4706736521E+09    0.1670873483E-05
    0.9670000000E+00    0.2554576900E-20    0.1763937846E-21    0.1696055734E-06    0.3858043326E+29    0.1958835763E-06    0.9855668360E+08    0.3748950967E-06
    0.9670000000E+00    0.2737278465E-20    0.1890093455E-21    0.1735561947E-06    0.4782480834E+28    0.2601861424E-07    0.1309098179E+08    0.5335755220E-07
    0.9670000000E+00    0.2933046719E-20    0.2025271626E-21    0.1775988378E-06    0.1171639845E+28    0.6830068458E-08    0.3436474404E+07    0.1500848282E-07
    0.9670000000E+00    0.3142816182E-20    0.2170117645E-21    0.1817356462E-06    0.2570935293E+27    0.1605913208E-08    0.8079977041E+06    0.3781236190E-08
    0.9670000000E+00    0.3367588212E-20    0.2325322952E-21    0.1859688132E-06    0.6172160358E+26    0.4131122990E-09    0.2078529446E+06    0.1042269095E-08
    0.9670000000E+00    0.3608435782E-20    0.2491628434E-21    0.1903005833E-06    0.9429241126E+25    0.6762506034E-10    0.3402481107E+05    0.1828181886E-09
    0.9670000000E+00    0.3866508602E-20    0.2669827968E-21    0.1947332533E-06    0.3224657375E+25    0.2478075311E-10    0.1246816548E+05    0.7178376561E-10
