    0.9770000000E+00    0.4143038610E-23    0.2860772210E-24    0.1992691735E-07    0.0000000000E+00    0.0000000000E+00    0.0000000000E+00    0.0000000000E+00
    0.9770000000E+00    0.4439345853E-23    0.3065372650E-24    0.2039107488E-07    0.0000000000E+00    0.0000000000E+00    0.0000000000E+00    0.0000000000E+00
    0.9770000000E+00    0.4756844785E-23    0.3284605973E-24    0.2086604403E-07    0.0000000000E+00    0.0000000000E+00    0.0000000000E+00    0.0000000000E+00
    0.9770000000E+00    0.5097051019E-23    0.3519518710E-24    0.2135207663E-07    0.0000000000E+00    0.0000000000E+00    0.0000000000E+00    0.0000000000E+00
    0.9770000000E+00    0.5461588566E-23    0.3771232243E-24    0.2184943039E-07    0.0000000000E+00    0.0000000000E+00    0.0000000000E+00    0.0000000000E+00
    0.9770000000E+00    0.5852197586E-23    0.4040948153E-24    0.2235836900E-07    0.0000000000E+00    0.0000000000E+00    0.0000000000E+00    0.0000000000E+00
    0.9770000000E+00    0.6270742692E-23    0.4329953957E-24    0.2287916232E-07    0.0000000000E+00    0.0000000000E+00    0.0000000000E+00    0.0000000000E+00
    0.9770000000E+00    0.6719221852E-23    0.4639629256E-24    0.2341208647E-07    0.0000000000E+00    0.0000000000E+00    0.0000000000E+00    0.0000000000E+00
    0.9770000000E+00    0.7199775931E-23    0.4971452317E-24    0.2395742402E-07    0.0000000000E+00    0.0000000000E+00    0.0000000000E+00    0.0000000000E+00
    0.9770000000E+00    0.7714698903E-23    0.5327007132E-24    0.2451546411E-07    0.0000000000E+00    0.0000000000E+00    0.0000000000E+00    0.0000000000E+00
    0.9770000000E+00    0.8266448809E-23    0.5707990981E-24    0.2508650263E-07    0.0000000000E+00    0.0000000000E+00    0.0000000000E+00    0.0000000000E+00
    0.9770000000E+00    0.8857659485E-23    0.6116222531E-24    0.2567084234E-07    0.0000000000E+00    0.0000000000E+00    0.0000000000E+00    0.0000000000E+00
    0.9770000000E+00    0.9491153137E-23    0.6553650517E-24    0.2626879307E-07    0.0000000000E+00    0.0000000000E+00    0.0000000000E+00    0.0000000000E+00
    0.9770000000E+00    0.1016995382E-22    0.7022363048E-24    0.2688067187E-07    0.0000000000E+00    0.0000000000E+00    0.0000000000E+00    0.0000000000E+00
    0.9770000000E+00    0.1089730185E-22    0.7524597575E-24    0.2750680315E-07    0.0000000000E+00    0.0000000000E+00    0.0000000000E+00    0.0000000000E+00
    0.9770000000E+00    0.1167666930E-22    0.8062751566E-24    0.2814751890E-07    0.0000000000E+00    0.0000000000E+00    0.0000000000E+00    0.0000000000E+00
    0.9770000000E+00    0.1251177658E-22    0.8639393956E-24    0.2880315884E-07    0.0000000000E+00    0.0000000000E+00    0.0000000000E+00    0.0000000000E+00
    0.9770000000E+00    0.1340661015E-22    0.9257277409E-24    0.2947407060E-07    0.0000000000E+00    0.0000000000E+00    0.0000000000E+00    0.0000000000E+00
    0.9770000000E+00    0.1436544159E-22    0.9919351458E-24    0.3016060990E-07    0.0000000000E+00    0.0000000000E+00    0.0000000000E+00    0.0000000000E+00
    0.9770000000E+00    0.1539284799E-22    0.1062877658E-23    0.3086314075E-07    0.0000000000E+00    0.0000000000E+00    0.0000000000E+00    0.0000000000E+00
    0.9770000000E+00    0.1649373379E-22    0.1138893930E-23    0.3158203565E-07    0.0000000000E+00    0.0000000000E+00    0.0000000000E+00    0.0000000000E+00
    0.9770000000E+00    0.1767335417E-22    0.1220346833E-23    0.3231767576E-07    0.0000000000E+00    0.0000000000E+00    0.0000000000E+00    0.0000000000E+00
    0.9770000000E+00    0.1893734018E-22    0.1307625190E-23    0.3307045113E-07    0.0000000000E+00    0.0000000000E+00    0.0000000000E+00    0.0000000000E+00
    0.9770000000E+00    0.2029172559E-22    0.1401145635E-23    0.3384076090E-07    0.0000000000E+00    0.0000000000E+00    0.0000000000E+00    0.0000000000E+00
    0.9770000000E+00    0.2174297571E-22    0.1501354598E-23    0.3462901348E-07    0.0000000000E+00    0.0000000000E+00    0.0000000000E+00    0.0000000000E+00
    0.9770000000E+00    0.2329801823E-22    0.1608730435E-23    0.3543562682E-07    0.0000000000E+00    0.0000000000E+00    0.0000000000E+00    0.0000000000E+00
    0.9770000000E+00    0.2496427630E-22    0.1723785718E-23    0.3626102861E-07    0.0000000000E+00    0.0000000000E+00    0.0000000000E+00    0.0000000000E+00
    0.9770000000E+00    0.2674970400E-22    0.1847069675E-23    0.3710565646E-07    0.0000000000E+00    0.0000000000E+00    0.0000000000E+00    0.0000000000E+00
    0.9770000000E+00    0.2866282424E-22    0.1979170815E-23    0.3796995823E-07    0.0000000000E+00    0.0000000000E+00    0.0000000000E+00    0.0000000000E+00
    0.9770000000E+00    0.3071276952E-22    0.2120719737E-23    0.3885439218E-07    0.0000000000E+00    0.0000000000E+00    0.0000000000E+00    0.0000000000E+00
    0.9770000000E+00    0.3290932546E-22    0.2272392139E-23    0.3975942724E-07    0.0000000000E+00    0.0000000000E+00    0.0000000000E+00    0.0000000000E+00
    0.9770000000E+00    0.3526297755E-22    0.2434912046E-23    0.4068554327E-07    0.0000000000E+00    0.0000000000E+00    0.0000000000E+00    0.0000000000E+00
    0.9770000000E+00    0.3778496121E-22    0.2609055264E-23    0.4163323131E-07    0.0000000000E+00    0.0000000000E+00    0.0000000000E+00    0.0000000000E+00
    0.9770000000E+00    0.4048731538E-22    0.2795653084E-23    0.4260299385E-07    0.1291315593E-14    0.1039114294E-51    0.5228190167E-37    0.3126601635E-53
    0.9770000000E+00    0.4338294005E-22    0.2995596250E-23    0.4359534505E-07    0.2567953667E-13    0.2214206429E-50    0.1114053800E-35    0.7138834912E-52
    0.9770000000E+00    0.4648565778E-22    0.3209839213E-23    0.4461081109E-07   -0.2987104247E-12   -0.2759823467E-49   -0.1388575058E-34   -0.9534337794E-51
    0.9770000000E+00    0.4981027973E-22    0.3439404683E-23    0.4564993037E-07   -0.1260369130E-10   -0.1247753169E-47   -0.6277933892E-33   -0.4618893119E-49
    0.9770000000E+00    0.5337267633E-22    0.3685388516E-23    0.4671325384E-07    0.3107970045E-10    0.3296914983E-47    0.1658806792E-32    0.1307726666E-48
    0.9770000000E+00    0.5718985306E-22    0.3948964943E-23    0.4780134531E-07    0.3379479610E-08    0.3841322361E-45    0.1932719423E-30    0.1632638320E-46
    0.9770000000E+00    0.6128003161E-22    0.4231392172E-23    0.4891478167E-07    0.1568241939E-09    0.1910046709E-46    0.9610191559E-32    0.8698677286E-48
    0.9770000000E+00    0.6566273690E-22    0.4534018400E-23    0.5005415331E-07   -0.9846740735E-06   -0.1285060063E-42   -0.6465639462E-28   -0.6270940186E-44
    0.9770000000E+00    0.7035889022E-22    0.4858288246E-23    0.5122006431E-07   -0.1377307907E-03   -0.1926025199E-40   -0.9690585586E-26   -0.1007096754E-41
    0.9770000000E+00    0.7539090917E-22    0.5205749646E-23    0.5241313287E-07   -0.2211376333E-02   -0.3313550403E-39   -0.1667176722E-24   -0.1856533595E-40
    0.9770000000E+00    0.8078281461E-22    0.5578061244E-23    0.5363399157E-07    0.4232031045E-02    0.6794848356E-39    0.3418753793E-24    0.4079331512E-40
    0.9770000000E+00    0.8656034539E-22    0.5977000309E-23    0.5488328773E-07    0.7545226417E+00    0.1298085206E-36    0.6531174047E-22    0.8350499069E-38
    0.9770000000E+00    0.9275108115E-22    0.6404471218E-23    0.5616168372E-07    0.2662458431E+02    0.4908104036E-35    0.2469458980E-20    0.3383163535E-36
    0.9770000000E+00    0.9938457404E-22    0.6862514550E-23    0.5746985739E-07    0.1873119115E+02    0.3699953959E-35    0.1861591454E-20    0.2732785541E-36
    0.9770000000E+00    0.1064924897E-21    0.7353316823E-23    0.5880850233E-07   -0.1843580872E+04   -0.3902052582E-33   -0.1963275171E-18   -0.3088178171E-34
    0.9770000000E+00    0.1141087586E-21    0.7879220933E-23    0.6017832832E-07   -0.1081292236E+06   -0.2452302318E-31   -0.1233849148E-16   -0.2079616431E-32
    0.9770000000E+00    0.1222697377E-21    0.8442737340E-23    0.6158006166E-07   -0.5409486222E+07   -0.1314579765E-29   -0.6614164617E-15   -0.1194527560E-30
    0.9770000000E+00    0.1310143844E-21    0.9046556049E-23    0.6301444556E-07   -0.2437935950E+09   -0.6348238220E-28   -0.3194046778E-13   -0.6181052706E-29
    0.9770000000E+00    0.1403844422E-21    0.9693559452E-23    0.6448224056E-07   -0.3972975492E+10   -0.1108528364E-26   -0.5577439483E-12   -0.1156527706E-27
    0.9770000000E+00    0.1504246400E-21    0.1038683609E-22    0.6598422489E-07   -0.2604681287E+10   -0.7787275040E-27   -0.3918082448E-12   -0.8705520555E-28
    0.9770000000E+00    0.1611829057E-21    0.1112969539E-22    0.6752119493E-07    0.1342244858E+12    0.4299942744E-25    0.2163469264E-10    0.5150766996E-26
    0.9770000000E+00    0.1727105951E-21    0.1192568347E-22    0.6909396560E-07    0.4316229057E+13    0.1481615143E-23    0.7454584892E-09    0.1901711529E-24
    0.9770000000E+00    0.1850627369E-21    0.1277860007E-22    0.7070337081E-07    0.1151191592E+15    0.4234269858E-22    0.2130426667E-07    0.5823549407E-23
    0.9770000000E+00    0.1982982953E-21    0.1369251667E-22    0.7235026388E-07    0.2782531673E+16    0.1096657569E-20    0.5517712874E-06    0.1616144810E-21
    0.9770000000E+00    0.2124804516E-21    0.1467179595E-22    0.7403551802E-07    0.1610699062E+17    0.6802136296E-20    0.3422420641E-05    0.1074124348E-20
    0.9770000000E+00    0.2276769058E-21    0.1572111260E-22    0.7576002677E-07    0.3524117942E+16    0.1594708681E-20    0.8023602689E-06    0.2698302215E-21
    0.9770000000E+00    0.2439602000E-21    0.1684547565E-22    0.7752470448E-07   -0.3908532646E+18   -0.1895154703E-18   -0.9535264058E-04   -0.3436005885E-19
    0.9770000000E+00    0.2614080640E-21    0.1805025236E-22    0.7933048683E-07   -0.7232069363E+19   -0.3757452565E-17   -0.1890521251E-02   -0.7299661780E-18
    0.9770000000E+00    0.2801037871E-21    0.1934119387E-22    0.8117833125E-07   -0.1107453009E+21   -0.6165328640E-16   -0.3102017819E-01   -0.1283410130E-16
    0.9770000000E+00    0.3001366153E-21    0.2072446262E-22    0.8306921749E-07   -0.1542536336E+22   -0.9201663071E-15   -0.4629716350E+00   -0.2052464048E-15
    0.9770000000E+00    0.3216021775E-21    0.2220666179E-22    0.8500414813E-07   -0.1979295434E+23   -0.1265148621E-13   -0.6365457215E+01   -0.3023784093E-14
    0.9770000000E+00    0.3446029418E-21    0.2379486681E-22    0.8698414910E-07   -0.2328629600E+24   -0.1594892213E-12   -0.8024526106E+02   -0.4084515693E-13
    0.9770000000E+00    0.3692487048E-21    0.2549665916E-22    0.8901027021E-07   -0.6669667457E+24   -0.4894801730E-12   -0.2462766070E+03   -0.1343211299E-12
    0.9770000000E+00    0.3956571157E-21    0.2732016250E-22    0.9108358575E-07   -0.3480014692E+24   -0.2736604277E-12   -0.1376892575E+03   -0.8046763416E-13
    0.9770000000E+00    0.4239542377E-21    0.2927408154E-22    0.9320519501E-07    0.5207741899E+25    0.4388139000E-11    0.2207844247E+04    0.1382577890E-11
    0.9770000000E+00    0.4542751502E-21    0.3136774352E-22    0.9537622289E-07    0.5856317944E+26    0.5287563193E-10    0.2660379714E+05    0.1785109257E-10
    0.9770000000E+00    0.4867645933E-21    0.3361114274E-22    0.9759782052E-07    0.4937302649E+27    0.4776619789E-09    0.2403304116E+06    0.1727944960E-09
    0.9770000000E+00    0.5215776589E-21    0.3601498832E-22    0.9987116580E-07    0.3724914051E+28    0.3861421231E-08    0.1942831950E+07    0.1496774624E-08
    0.9770000000E+00    0.5588805307E-21    0.3859075526E-22    0.1021974641E-06    0.2591449597E+29    0.2878549422E-07    0.1448310726E+08    0.1195591783E-07
    0.9770000000E+00    0.5988512779E-21    0.4135073927E-22    0.1045779488E-06    0.1674992985E+30    0.1993627044E-06    0.1003071689E+09    0.8872645864E-07
    0.9770000000E+00    0.6416807053E-21    0.4430811541E-22    0.1070138822E-06    0.1008479905E+31    0.1286169399E-05    0.6471220965E+09    0.6133486363E-06
    0.9770000000E+00    0.6875732635E-21    0.4747700104E-22    0.1095065557E-06    0.5663084367E+31    0.7738984120E-05    0.3893785399E+10    0.3954514634E-05
    0.9770000000E+00    0.7367480256E-21    0.5087252317E-22    0.1120572911E-06    0.2967782144E+32    0.4345732014E-04    0.2186507635E+11    0.2379425836E-04
    0.9770000000E+00    0.7894397325E-21    0.5451089068E-22    0.1146674407E-06    0.1451506990E+33    0.2277456316E-03    0.1145877290E+12    0.1336162525E-03
    0.9770000000E+00    0.8458999137E-21    0.5840947171E-22    0.1173383885E-06    0.6621684335E+33    0.1113267158E-02    0.5601282208E+12    0.6998559010E-03
    0.9770000000E+00    0.9063980879E-21    0.6258687655E-22    0.1200715507E-06    0.2814249798E+34    0.5069831992E-02    0.2550830636E+13    0.3415095077E-02
    0.9770000000E+00    0.9712230494E-21    0.6706304648E-22    0.1228683764E-06    0.1105252201E+35    0.2133498355E-01    0.1073446413E+14    0.1539932000E-01
    0.9770000000E+00    0.1040684247E-20    0.7185934897E-22    0.1257303485E-06    0.2914644656E+35    0.6028600962E-01    0.3033224780E+14    0.4662574347E-01
    0.9770000000E+00    0.1115113261E-20    0.7699867968E-22    0.1286589846E-06    0.4879565921E+35    0.1081464115E+00    0.5441268668E+14    0.8962338541E-01
    0.9770000000E+00    0.1194865387E-20    0.8250557175E-22    0.1316558373E-06    0.6021383357E+35    0.1429970907E+00    0.7194742556E+14    0.1269803247E+00
    0.9770000000E+00    0.1280321329E-20    0.8840631292E-22    0.1347224957E-06    0.6104560413E+35    0.1553407222E+00    0.7815798904E+14    0.1478068465E+00
    0.9770000000E+00    0.1371889021E-20    0.9472907100E-22    0.1378605858E-06    0.5903274428E+35    0.1609621991E+00    0.8098637378E+14    0.1641092755E+00
    0.9770000000E+00    0.1470005571E-20    0.1015040283E-21    0.1410717713E-06    0.4929199749E+35    0.1440148716E+00    0.7245951092E+14    0.1573318223E+00
    0.9770000000E+00    0.1575139348E-20    0.1087635259E-21    0.1443577550E-06    0.3259558815E+35    0.1020445338E+00    0.5134259348E+14    0.1194535270E+00
    0.9770000000E+00    0.1687792220E-20    0.1165422177E-21    0.1477202791E-06    0.1750817921E+35    0.5873161012E-01    0.2955016865E+14    0.7366838321E-01
    0.9770000000E+00    0.1808501947E-20    0.1248772362E-21    0.1511611264E-06    0.7632920705E+34    0.2743605562E-01    0.1380415196E+14    0.3687490465E-01
    0.9770000000E+00    0.1937844750E-20    0.1338083694E-21    0.1546821213E-06    0.2628000994E+34    0.1012176964E-01    0.5092657929E+13    0.1457691698E-01
    0.9770000000E+00    0.2076438060E-20    0.1433782510E-21    0.1582851308E-06    0.5125025956E+33    0.2115080947E-02    0.1064179895E+13    0.3263895343E-02
    0.9770000000E+00    0.2224943467E-20    0.1536325639E-21    0.1619720651E-06    0.8697299323E+30    0.3846053674E-05    0.1935099931E+10    0.6359523437E-05
    0.9770000000E+00    0.2384069878E-20    0.1646202581E-21    0.1657448792E-06    0.2120632812E+30    0.1004838810E-05    0.5055736810E+09    0.1780350997E-05
    0.9770000000E+00    0.2554576900E-20    0.1763937846E-21    0.1696055734E-06    0.4207317502E+29    0.2136171964E-06    0.1074791610E+09    0.4055509680E-06
    0.9770000000E+00    0.2737278465E-20    0.1890093455E-21    0.1735561947E-06    0.5104454750E+28    0.2777028150E-07    0.1397231406E+08    0.5649233340E-07
    0.9770000000E+00    0.2933046719E-20    0.2025271626E-21    0.1775988378E-06    0.1250504521E+28    0.7289809683E-08    0.3667788183E+07    0.1589005578E-07
    0.9770000000E+00    0.3142816182E-20    0.2170117645E-21    0.1817356462E-06    0.2743051243E+27    0.1713423996E-08    0.8620905837E+06    0.4001972280E-08
    0.9770000000E+00    0.3367588212E-20    0.2325322952E-21    0.1859688132E-06    0.6585600338E+26    0.4407844803E-09    0.2217759007E+06    0.1103152431E-08
    0.9770000000E+00    0.3608435782E-20    0.2491628434E-21    0.1903005833E-06    0.1010945692E+26    0.7250346288E-10    0.3647932607E+05    0.1944321064E-09
    0.9770000000E+00    0.3866508602E-20    0.2669827968E-21    0.1947332533E-06    0.3470437538E+25    0.2666951735E-10    0.1341847659E+05    0.7663451047E-10
