    0.9450000000E+00    0.4143038610E-23    0.2860772210E-24    0.1992691735E-07    0.0000000000E+00    0.0000000000E+00    0.0000000000E+00    0.0000000000E+00
    0.9450000000E+00    0.4439345853E-23    0.3065372650E-24    0.2039107488E-07    0.0000000000E+00    0.0000000000E+00    0.0000000000E+00    0.0000000000E+00
    0.9450000000E+00    0.4756844785E-23    0.3284605973E-24    0.2086604403E-07    0.0000000000E+00    0.0000000000E+00    0.0000000000E+00    0.0000000000E+00
    0.9450000000E+00    0.5097051019E-23    0.3519518710E-24    0.2135207663E-07    0.0000000000E+00    0.0000000000E+00    0.0000000000E+00    0.0000000000E+00
    0.9450000000E+00    0.5461588566E-23    0.3771232243E-24    0.2184943039E-07    0.0000000000E+00    0.0000000000E+00    0.0000000000E+00    0.0000000000E+00
    0.9450000000E+00    0.5852197586E-23    0.4040948153E-24    0.2235836900E-07    0.0000000000E+00    0.0000000000E+00    0.0000000000E+00    0.0000000000E+00
    0.9450000000E+00    0.6270742692E-23    0.4329953957E-24    0.2287916232E-07    0.0000000000E+00    0.0000000000E+00    0.0000000000E+00    0.0000000000E+00
    0.9450000000E+00    0.6719221852E-23    0.4639629256E-24    0.2341208647E-07    0.0000000000E+00    0.0000000000E+00    0.0000000000E+00    0.0000000000E+00
    0.9450000000E+00    0.7199775931E-23    0.4971452317E-24    0.2395742402E-07    0.0000000000E+00    0.0000000000E+00    0.0000000000E+00    0.0000000000E+00
    0.9450000000E+00    0.7714698903E-23    0.5327007132E-24    0.2451546411E-07    0.0000000000E+00    0.0000000000E+00    0.0000000000E+00    0.0000000000E+00
    0.9450000000E+00    0.8266448809E-23    0.5707990981E-24    0.2508650263E-07    0.0000000000E+00    0.0000000000E+00    0.0000000000E+00    0.0000000000E+00
    0.9450000000E+00    0.8857659485E-23    0.6116222531E-24    0.2567084234E-07    0.0000000000E+00    0.0000000000E+00    0.0000000000E+00    0.0000000000E+00
    0.9450000000E+00    0.9491153137E-23    0.6553650517E-24    0.2626879307E-07    0.0000000000E+00    0.0000000000E+00    0.0000000000E+00    0.0000000000E+00
    0.9450000000E+00    0.1016995382E-22    0.7022363048E-24    0.2688067187E-07    0.0000000000E+00    0.0000000000E+00    0.0000000000E+00    0.0000000000E+00
    0.9450000000E+00    0.1089730185E-22    0.7524597575E-24    0.2750680315E-07    0.0000000000E+00    0.0000000000E+00    0.0000000000E+00    0.0000000000E+00
    0.9450000000E+00    0.1167666930E-22    0.8062751566E-24    0.2814751890E-07    0.0000000000E+00    0.0000000000E+00    0.0000000000E+00    0.0000000000E+00
    0.9450000000E+00    0.1251177658E-22    0.8639393956E-24    0.2880315884E-07    0.0000000000E+00    0.0000000000E+00    0.0000000000E+00    0.0000000000E+00
    0.9450000000E+00    0.1340661015E-22    0.9257277409E-24    0.2947407060E-07    0.0000000000E+00    0.0000000000E+00    0.0000000000E+00    0.0000000000E+00
    0.9450000000E+00    0.1436544159E-22    0.9919351458E-24    0.3016060990E-07    0.0000000000E+00    0.0000000000E+00    0.0000000000E+00    0.0000000000E+00
    0.9450000000E+00    0.1539284799E-22    0.1062877658E-23    0.3086314075E-07    0.0000000000E+00    0.0000000000E+00    0.0000000000E+00    0.0000000000E+00
    0.9450000000E+00    0.1649373379E-22    0.1138893930E-23    0.3158203565E-07    0.0000000000E+00    0.0000000000E+00    0.0000000000E+00    0.0000000000E+00
    0.9450000000E+00    0.1767335417E-22    0.1220346833E-23    0.3231767576E-07    0.0000000000E+00    0.0000000000E+00    0.0000000000E+00    0.0000000000E+00
    0.9450000000E+00    0.1893734018E-22    0.1307625190E-23    0.3307045113E-07    0.0000000000E+00    0.0000000000E+00    0.0000000000E+00    0.0000000000E+00
    0.9450000000E+00    0.2029172559E-22    0.1401145635E-23    0.3384076090E-07    0.0000000000E+00    0.0000000000E+00    0.0000000000E+00    0.0000000000E+00
    0.9450000000E+00    0.2174297571E-22    0.1501354598E-23    0.3462901348E-07    0.0000000000E+00    0.0000000000E+00    0.0000000000E+00    0.0000000000E+00
    0.9450000000E+00    0.2329801823E-22    0.1608730435E-23    0.3543562682E-07    0.0000000000E+00    0.0000000000E+00    0.0000000000E+00    0.0000000000E+00
    0.9450000000E+00    0.2496427630E-22    0.1723785718E-23    0.3626102861E-07    0.0000000000E+00    0.0000000000E+00    0.0000000000E+00    0.0000000000E+00
    0.9450000000E+00    0.2674970400E-22    0.1847069675E-23    0.3710565646E-07    0.0000000000E+00    0.0000000000E+00    0.0000000000E+00    0.0000000000E+00
    0.9450000000E+00    0.2866282424E-22    0.1979170815E-23    0.3796995823E-07    0.0000000000E+00    0.0000000000E+00    0.0000000000E+00    0.0000000000E+00
    0.9450000000E+00    0.3071276952E-22    0.2120719737E-23    0.3885439218E-07    0.0000000000E+00    0.0000000000E+00    0.0000000000E+00    0.0000000000E+00
    0.9450000000E+00    0.3290932546E-22    0.2272392139E-23    0.3975942724E-07    0.0000000000E+00    0.0000000000E+00    0.0000000000E+00    0.0000000000E+00
    0.9450000000E+00    0.3526297755E-22    0.2434912046E-23    0.4068554327E-07   -0.1928649506E-15   -0.1351712202E-52   -0.6800992425E-38   -0.3641055362E-54
    0.9450000000E+00    0.3778496121E-22    0.2609055264E-23    0.4163323131E-07   -0.4513953545E-15   -0.3389908759E-52   -0.1705595596E-37   -0.9784329219E-54
    0.9450000000E+00    0.4048731538E-22    0.2795653084E-23    0.4260299385E-07    0.2448602882E-13    0.1970376777E-50    0.9913735711E-36    0.6093857976E-52
    0.9450000000E+00    0.4338294005E-22    0.2995596250E-23    0.4359534505E-07    0.6859555633E-13    0.5914620805E-50    0.2975876908E-35    0.1960062657E-51
    0.9450000000E+00    0.4648565778E-22    0.3209839213E-23    0.4461081109E-07   -0.4949503327E-11   -0.4572908845E-48   -0.2300809178E-33   -0.1623811424E-49
    0.9450000000E+00    0.4981027973E-22    0.3439404683E-23    0.4564993037E-07   -0.4037142498E-10   -0.3996731770E-47   -0.2010911971E-32   -0.1520715774E-48
    0.9450000000E+00    0.5337267633E-22    0.3685388516E-23    0.4671325384E-07    0.6341914497E-09    0.6727462822E-46    0.3384849497E-31    0.2742801350E-47
    0.9450000000E+00    0.5718985306E-22    0.3948964943E-23    0.4780134531E-07    0.1105000747E-07    0.1256011152E-44    0.6319483034E-30    0.5487020005E-46
    0.9450000000E+00    0.6128003161E-22    0.4231392172E-23    0.4891478167E-07   -0.5200083172E-07   -0.6333462651E-44   -0.3186612611E-29   -0.2964723951E-45
    0.9450000000E+00    0.6566273690E-22    0.4534018400E-23    0.5005415331E-07   -0.1065590834E-04   -0.1390661399E-41   -0.6996961055E-27   -0.6975325009E-43
    0.9450000000E+00    0.7035889022E-22    0.4858288246E-23    0.5122006431E-07   -0.1389537609E-02   -0.1943127193E-39   -0.9776632406E-25   -0.1044345687E-40
    0.9450000000E+00    0.7539090917E-22    0.5205749646E-23    0.5241313287E-07   -0.5137227167E-02   -0.7697677189E-39   -0.3873002268E-24   -0.4433051152E-40
    0.9450000000E+00    0.8078281461E-22    0.5578061244E-23    0.5363399157E-07    0.6420720934E-01    0.1030895677E-37    0.5186839089E-23    0.6361474145E-39
    0.9450000000E+00    0.8656034539E-22    0.5977000309E-23    0.5488328773E-07    0.6450919052E+01    0.1109819921E-35    0.5583937812E-21    0.7338301722E-37
    0.9450000000E+00    0.9275108115E-22    0.6404471218E-23    0.5616168372E-07    0.6893180257E+02    0.1270722031E-34    0.6393499214E-20    0.9003131789E-36
    0.9450000000E+00    0.9938457404E-22    0.6862514550E-23    0.5746985739E-07   -0.1114128672E+03   -0.2200727523E-34   -0.1107272035E-19   -0.1670741741E-35
    0.9450000000E+00    0.1064924897E-21    0.7353316823E-23    0.5880850233E-07   -0.1377434226E+05   -0.2915424466E-32   -0.1466864002E-17   -0.2371618569E-33
    0.9450000000E+00    0.1141087586E-21    0.7879220933E-23    0.6017832832E-07   -0.7384245440E+06   -0.1674700104E-30   -0.8426070804E-16   -0.1459755417E-31
    0.9450000000E+00    0.1222697377E-21    0.8442737340E-23    0.6158006166E-07   -0.3502886868E+08   -0.8512498241E-29   -0.4282970587E-14   -0.7950603275E-30
    0.9450000000E+00    0.1310143844E-21    0.9046556049E-23    0.6301444556E-07   -0.1500317286E+10   -0.3906735751E-27   -0.1965631456E-12   -0.3909822891E-28
    0.9450000000E+00    0.1403844422E-21    0.9693559452E-23    0.6448224056E-07   -0.8221775516E+10   -0.2294016507E-26   -0.1154209370E-11   -0.2460025375E-27
    0.9450000000E+00    0.1504246400E-21    0.1038683609E-22    0.6598422489E-07    0.1047668835E+11    0.3132239407E-26    0.1575952073E-11    0.3599133843E-27
    0.9450000000E+00    0.1611829057E-21    0.1112969539E-22    0.6752119493E-07    0.7580981064E+12    0.2428601930E-24    0.1221924556E-09    0.2990194125E-25
    0.9450000000E+00    0.1727105951E-21    0.1192568347E-22    0.6909396560E-07    0.2186084544E+14    0.7504087297E-23    0.3775599626E-08    0.9900130646E-24
    0.9450000000E+00    0.1850627369E-21    0.1277860007E-22    0.7070337081E-07    0.5538149624E+15    0.2037021481E-21    0.1024905127E-06    0.2879643046E-22
    0.9450000000E+00    0.1982982953E-21    0.1369251667E-22    0.7235026388E-07    0.1150463429E+17    0.4534232041E-20    0.2281349366E-05    0.6868260989E-21
    0.9450000000E+00    0.2124804516E-21    0.1467179595E-22    0.7403551802E-07    0.2345605446E+17    0.9905716291E-20    0.4983953044E-05    0.1607788557E-20
    0.9450000000E+00    0.2276769058E-21    0.1572111260E-22    0.7576002677E-07   -0.5254753800E+17   -0.2377843659E-19   -0.1196386086E-04   -0.4135484000E-20
    0.9450000000E+00    0.2439602000E-21    0.1684547565E-22    0.7752470448E-07   -0.1679312782E+19   -0.8142589060E-18   -0.4096854820E-03   -0.1517419167E-18
    0.9450000000E+00    0.2614080640E-21    0.1805025236E-22    0.7933048683E-07   -0.2785498378E+20   -0.1447217595E-16   -0.7281517383E-02   -0.2889860520E-17
    0.9450000000E+00    0.2801037871E-21    0.1934119387E-22    0.8117833125E-07   -0.4053529492E+21   -0.2256650283E-15   -0.1135408962E+00   -0.4828445226E-16
    0.9450000000E+00    0.3001366153E-21    0.2072446262E-22    0.8306921749E-07   -0.5403285059E+22   -0.3223211500E-14   -0.1621723689E+01   -0.7389785832E-15
    0.9450000000E+00    0.3216021775E-21    0.2220666179E-22    0.8500414813E-07   -0.6645437752E+23   -0.4247706668E-13   -0.2137187252E+02   -0.1043512285E-13
    0.9450000000E+00    0.3446029418E-21    0.2379486681E-22    0.8698414910E-07   -0.5591580748E+24   -0.3829706790E-12   -0.1926875175E+03   -0.1008111509E-12
    0.9450000000E+00    0.3692487048E-21    0.2549665916E-22    0.8901027021E-07   -0.8009583305E+24   -0.5878152467E-12   -0.2957528261E+03   -0.1657997589E-12
    0.9450000000E+00    0.3956571157E-21    0.2732016250E-22    0.9108358575E-07    0.5830713254E+24    0.4585140076E-12    0.2306963188E+03    0.1385784361E-12
    0.9450000000E+00    0.4239542377E-21    0.2927408154E-22    0.9320519501E-07    0.1736977106E+26    0.1463608821E-10    0.7363988048E+04    0.4739887853E-11
    0.9450000000E+00    0.4542751502E-21    0.3136774352E-22    0.9537622289E-07    0.1646697682E+27    0.1486773453E-09    0.7480538368E+05    0.5159265126E-10
    0.9450000000E+00    0.4867645933E-21    0.3361114274E-22    0.9759782052E-07    0.1306824841E+28    0.1264294664E-08    0.6361160621E+06    0.4701011928E-09
    0.9450000000E+00    0.5215776589E-21    0.3601498832E-22    0.9987116580E-07    0.9440419263E+28    0.9786382954E-08    0.4923911778E+07    0.3899107907E-08
    0.9450000000E+00    0.5588805307E-21    0.3859075526E-22    0.1021974641E-06    0.6314105813E+29    0.7013628842E-07    0.3528830807E+08    0.2994234621E-07
    0.9450000000E+00    0.5988512779E-21    0.4135073927E-22    0.1045779488E-06    0.3928991839E+30    0.4676404294E-06    0.2352881784E+09    0.2139218269E-06
    0.9450000000E+00    0.6416807053E-21    0.4430811541E-22    0.1070138822E-06    0.2279104029E+31    0.2906665613E-05    0.1462457081E+10    0.1424748213E-05
    0.9450000000E+00    0.6875732635E-21    0.4747700104E-22    0.1095065557E-06    0.1233721906E+32    0.1685963623E-04    0.8482741968E+10    0.8855054694E-05
    0.9450000000E+00    0.7367480256E-21    0.5087252317E-22    0.1120572911E-06    0.6235090526E+32    0.9130061169E-04    0.4593690635E+11    0.5138267799E-04
    0.9450000000E+00    0.7894397325E-21    0.5451089068E-22    0.1146674407E-06    0.2941643779E+33    0.4615523901E-03    0.2322250478E+12    0.2783325845E-03
    0.9450000000E+00    0.8458999137E-21    0.5840947171E-22    0.1173383885E-06    0.1294595925E+34    0.2176532515E-02    0.1095098581E+13    0.1406397894E-02
    0.9450000000E+00    0.9063980879E-21    0.6258687655E-22    0.1200715507E-06    0.5307217423E+34    0.9560878602E-02    0.4810451724E+13    0.6619738776E-02
    0.9450000000E+00    0.9712230494E-21    0.6706304648E-22    0.1228683764E-06    0.1844061183E+35    0.3559641408E-01    0.1790994725E+14    0.2640883835E-01
    0.9450000000E+00    0.1040684247E-20    0.7185934897E-22    0.1257303485E-06    0.3876192625E+35    0.8017450269E-01    0.4033892603E+14    0.6373519558E-01
    0.9450000000E+00    0.1115113261E-20    0.7699867968E-22    0.1286589846E-06    0.5625553529E+35    0.1246798254E+00    0.6273129343E+14    0.1062035988E+00
    0.9450000000E+00    0.1194865387E-20    0.8250557175E-22    0.1316558373E-06    0.6252981890E+35    0.1484971419E+00    0.7471471627E+14    0.1355380218E+00
    0.9450000000E+00    0.1280321329E-20    0.8840631292E-22    0.1347224957E-06    0.6202480789E+35    0.1578324695E+00    0.7941168450E+14    0.1543616456E+00
    0.9450000000E+00    0.1371889021E-20    0.9472907100E-22    0.1378605858E-06    0.5765206611E+35    0.1571975597E+00    0.7909223656E+14    0.1647361257E+00
    0.9450000000E+00    0.1470005571E-20    0.1015040283E-21    0.1410717713E-06    0.4378105055E+35    0.1279137121E+00    0.6435838822E+14    0.1436349576E+00
    0.9450000000E+00    0.1575139348E-20    0.1087635259E-21    0.1443577550E-06    0.2676203928E+35    0.8378188509E-01    0.4215394111E+14    0.1008075769E+00
    0.9450000000E+00    0.1687792220E-20    0.1165422177E-21    0.1477202791E-06    0.1337711926E+35    0.4487386973E-01    0.2257779782E+14    0.5785442358E-01
    0.9450000000E+00    0.1808501947E-20    0.1248772362E-21    0.1511611264E-06    0.5435013866E+34    0.1953581709E-01    0.9829233160E+13    0.2698824403E-01
    0.9450000000E+00    0.1937844750E-20    0.1338083694E-21    0.1546821213E-06    0.1717188139E+34    0.6613765676E-02    0.3327644020E+13    0.9790206495E-02
    0.9450000000E+00    0.2076438060E-20    0.1433782510E-21    0.1582851308E-06    0.2395112833E+33    0.9884549978E-03    0.4973303445E+12    0.1567833536E-02
    0.9450000000E+00    0.2224943467E-20    0.1536325639E-21    0.1619720651E-06    0.6843438293E+30    0.3026253324E-05    0.1522626332E+10    0.5143376634E-05
    0.9450000000E+00    0.2384069878E-20    0.1646202581E-21    0.1657448792E-06    0.1662350853E+30    0.7876868852E-06    0.3963160597E+09    0.1434487152E-05
    0.9450000000E+00    0.2554576900E-20    0.1763937846E-21    0.1696055734E-06    0.3129118467E+29    0.1588740364E-06    0.7993573752E+08    0.3100244728E-06
    0.9450000000E+00    0.2737278465E-20    0.1890093455E-21    0.1735561947E-06    0.4091651800E+28    0.2226022716E-07    0.1119999036E+08    0.4654495771E-07
    0.9450000000E+00    0.2933046719E-20    0.2025271626E-21    0.1775988378E-06    0.1002435184E+28    0.5843690756E-08    0.2940189228E+07    0.1309273186E-07
    0.9450000000E+00    0.3142816182E-20    0.2170117645E-21    0.1817356462E-06    0.2201556156E+27    0.1375183622E-08    0.6919086312E+06    0.3301442514E-08
    0.9450000000E+00    0.3367588212E-20    0.2325322952E-21    0.1859688132E-06    0.5284019240E+26    0.3536676317E-09    0.1779440091E+06    0.9097841413E-09
    0.9450000000E+00    0.3608435782E-20    0.2491628434E-21    0.1903005833E-06    0.7965918037E+25    0.5713033326E-10    0.2874450368E+05    0.1574743432E-09
    0.9450000000E+00    0.3866508602E-20    0.2669827968E-21    0.1947332533E-06    0.2699675032E+25    0.2074638408E-10    0.1043831673E+05    0.6127530221E-10
