    0.9390000000E+00    0.4143038610E-23    0.2860772210E-24    0.1992691735E-07    0.0000000000E+00    0.0000000000E+00    0.0000000000E+00    0.0000000000E+00
    0.9390000000E+00    0.4439345853E-23    0.3065372650E-24    0.2039107488E-07    0.0000000000E+00    0.0000000000E+00    0.0000000000E+00    0.0000000000E+00
    0.9390000000E+00    0.4756844785E-23    0.3284605973E-24    0.2086604403E-07    0.0000000000E+00    0.0000000000E+00    0.0000000000E+00    0.0000000000E+00
    0.9390000000E+00    0.5097051019E-23    0.3519518710E-24    0.2135207663E-07    0.0000000000E+00    0.0000000000E+00    0.0000000000E+00    0.0000000000E+00
    0.9390000000E+00    0.5461588566E-23    0.3771232243E-24    0.2184943039E-07    0.0000000000E+00    0.0000000000E+00    0.0000000000E+00    0.0000000000E+00
    0.9390000000E+00    0.5852197586E-23    0.4040948153E-24    0.2235836900E-07    0.0000000000E+00    0.0000000000E+00    0.0000000000E+00    0.0000000000E+00
    0.9390000000E+00    0.6270742692E-23    0.4329953957E-24    0.2287916232E-07    0.0000000000E+00    0.0000000000E+00    0.0000000000E+00    0.0000000000E+00
    0.9390000000E+00    0.6719221852E-23    0.4639629256E-24    0.2341208647E-07    0.0000000000E+00    0.0000000000E+00    0.0000000000E+00    0.0000000000E+00
    0.9390000000E+00    0.7199775931E-23    0.4971452317E-24    0.2395742402E-07    0.0000000000E+00    0.0000000000E+00    0.0000000000E+00    0.0000000000E+00
    0.9390000000E+00    0.7714698903E-23    0.5327007132E-24    0.2451546411E-07    0.0000000000E+00    0.0000000000E+00    0.0000000000E+00    0.0000000000E+00
    0.9390000000E+00    0.8266448809E-23    0.5707990981E-24    0.2508650263E-07    0.0000000000E+00    0.0000000000E+00    0.0000000000E+00    0.0000000000E+00
    0.9390000000E+00    0.8857659485E-23    0.6116222531E-24    0.2567084234E-07    0.0000000000E+00    0.0000000000E+00    0.0000000000E+00    0.0000000000E+00
    0.9390000000E+00    0.9491153137E-23    0.6553650517E-24    0.2626879307E-07    0.0000000000E+00    0.0000000000E+00    0.0000000000E+00    0.0000000000E+00
    0.9390000000E+00    0.1016995382E-22    0.7022363048E-24    0.2688067187E-07    0.0000000000E+00    0.0000000000E+00    0.0000000000E+00    0.0000000000E+00
    0.9390000000E+00    0.1089730185E-22    0.7524597575E-24    0.2750680315E-07    0.0000000000E+00    0.0000000000E+00    0.0000000000E+00    0.0000000000E+00
    0.9390000000E+00    0.1167666930E-22    0.8062751566E-24    0.2814751890E-07    0.0000000000E+00    0.0000000000E+00    0.0000000000E+00    0.0000000000E+00
    0.9390000000E+00    0.1251177658E-22    0.8639393956E-24    0.2880315884E-07    0.0000000000E+00    0.0000000000E+00    0.0000000000E+00    0.0000000000E+00
    0.9390000000E+00    0.1340661015E-22    0.9257277409E-24    0.2947407060E-07    0.0000000000E+00    0.0000000000E+00    0.0000000000E+00    0.0000000000E+00
    0.9390000000E+00    0.1436544159E-22    0.9919351458E-24    0.3016060990E-07    0.0000000000E+00    0.0000000000E+00    0.0000000000E+00    0.0000000000E+00
    0.9390000000E+00    0.1539284799E-22    0.1062877658E-23    0.3086314075E-07    0.0000000000E+00    0.0000000000E+00    0.0000000000E+00    0.0000000000E+00
    0.9390000000E+00    0.1649373379E-22    0.1138893930E-23    0.3158203565E-07    0.0000000000E+00    0.0000000000E+00    0.0000000000E+00    0.0000000000E+00
    0.9390000000E+00    0.1767335417E-22    0.1220346833E-23    0.3231767576E-07    0.0000000000E+00    0.0000000000E+00    0.0000000000E+00    0.0000000000E+00
    0.9390000000E+00    0.1893734018E-22    0.1307625190E-23    0.3307045113E-07    0.0000000000E+00    0.0000000000E+00    0.0000000000E+00    0.0000000000E+00
    0.9390000000E+00    0.2029172559E-22    0.1401145635E-23    0.3384076090E-07    0.0000000000E+00    0.0000000000E+00    0.0000000000E+00    0.0000000000E+00
    0.9390000000E+00    0.2174297571E-22    0.1501354598E-23    0.3462901348E-07    0.0000000000E+00    0.0000000000E+00    0.0000000000E+00    0.0000000000E+00
    0.9390000000E+00    0.2329801823E-22    0.1608730435E-23    0.3543562682E-07    0.0000000000E+00    0.0000000000E+00    0.0000000000E+00    0.0000000000E+00
    0.9390000000E+00    0.2496427630E-22    0.1723785718E-23    0.3626102861E-07    0.0000000000E+00    0.0000000000E+00    0.0000000000E+00    0.0000000000E+00
    0.9390000000E+00    0.2674970400E-22    0.1847069675E-23    0.3710565646E-07    0.0000000000E+00    0.0000000000E+00    0.0000000000E+00    0.0000000000E+00
    0.9390000000E+00    0.2866282424E-22    0.1979170815E-23    0.3796995823E-07    0.0000000000E+00    0.0000000000E+00    0.0000000000E+00    0.0000000000E+00
    0.9390000000E+00    0.3071276952E-22    0.2120719737E-23    0.3885439218E-07    0.0000000000E+00    0.0000000000E+00    0.0000000000E+00    0.0000000000E+00
    0.9390000000E+00    0.3290932546E-22    0.2272392139E-23    0.3975942724E-07    0.0000000000E+00    0.0000000000E+00    0.0000000000E+00    0.0000000000E+00
    0.9390000000E+00    0.3526297755E-22    0.2434912046E-23    0.4068554327E-07   -0.2736402013E-15   -0.1917833167E-52   -0.9649368274E-38   -0.5195674704E-54
    0.9390000000E+00    0.3778496121E-22    0.2609055264E-23    0.4163323131E-07   -0.6050418402E-15   -0.4543769920E-52   -0.2286148246E-37   -0.1319008091E-53
    0.9390000000E+00    0.4048731538E-22    0.2795653084E-23    0.4260299385E-07    0.3946534267E-13    0.3175753621E-50    0.1597845775E-35    0.9878202603E-52
    0.9390000000E+00    0.4338294005E-22    0.2995596250E-23    0.4359534505E-07    0.7551284758E-13    0.6511061113E-50    0.3275969339E-35    0.2170115751E-51
    0.9390000000E+00    0.4648565778E-22    0.3209839213E-23    0.4461081109E-07   -0.8711320337E-11   -0.8048499252E-48   -0.4049514560E-33   -0.2874392264E-49
    0.9390000000E+00    0.4981027973E-22    0.3439404683E-23    0.4564993037E-07   -0.4907521165E-10   -0.4858398177E-47   -0.2444450020E-32   -0.1859191960E-48
    0.9390000000E+00    0.5337267633E-22    0.3685388516E-23    0.4671325384E-07    0.1111262898E-08    0.1178820659E-45    0.5931107495E-31    0.4833690797E-47
    0.9390000000E+00    0.5718985306E-22    0.3948964943E-23    0.4780134531E-07    0.1384257340E-07    0.1573431204E-44    0.7916547384E-30    0.6913196258E-46
    0.9390000000E+00    0.6128003161E-22    0.4231392172E-23    0.4891478167E-07   -0.9438412674E-07   -0.1149555347E-43   -0.5783862271E-29   -0.5412040194E-45
    0.9390000000E+00    0.6566273690E-22    0.4534018400E-23    0.5005415331E-07   -0.1742884185E-04   -0.2274570766E-41   -0.1144425457E-26   -0.1147441572E-42
    0.9390000000E+00    0.7035889022E-22    0.4858288246E-23    0.5122006431E-07   -0.2173156694E-02   -0.3038938883E-39   -0.1529008933E-24   -0.1642680468E-40
    0.9390000000E+00    0.7539090917E-22    0.5205749646E-23    0.5241313287E-07   -0.5678919149E-02   -0.8509354359E-39   -0.4281388777E-24   -0.4928647259E-40
    0.9390000000E+00    0.8078281461E-22    0.5578061244E-23    0.5363399157E-07    0.1049371087E+00    0.1684845250E-37    0.8477114999E-23    0.1045661566E-38
    0.9390000000E+00    0.8656034539E-22    0.5977000309E-23    0.5488328773E-07    0.1005131515E+02    0.1729234190E-35    0.8700453106E-21    0.1149965844E-36
    0.9390000000E+00    0.9275108115E-22    0.6404471218E-23    0.5616168372E-07    0.8210541205E+02    0.1513570689E-34    0.7615365736E-20    0.1078533990E-35
    0.9390000000E+00    0.9938457404E-22    0.6862514550E-23    0.5746985739E-07   -0.2103785214E+03   -0.4155586458E-34   -0.2090837973E-19   -0.3172951617E-35
    0.9390000000E+00    0.1064924897E-21    0.7353316823E-23    0.5880850233E-07   -0.2080317921E+05   -0.4403121142E-32   -0.2215382349E-17   -0.3602398571E-33
    0.9390000000E+00    0.1141087586E-21    0.7879220933E-23    0.6017832832E-07   -0.1098923536E+07   -0.2492288989E-30   -0.1253968005E-15   -0.2184889745E-31
    0.9390000000E+00    0.1222697377E-21    0.8442737340E-23    0.6158006166E-07   -0.5156504119E+08   -0.1253101624E-28   -0.6304844062E-14   -0.1177111006E-29
    0.9390000000E+00    0.1310143844E-21    0.9046556049E-23    0.6301444556E-07   -0.2185367199E+10   -0.5690564421E-27   -0.2863145383E-12   -0.5727781885E-28
    0.9390000000E+00    0.1403844422E-21    0.9693559452E-23    0.6448224056E-07   -0.9225564265E+10   -0.2574090800E-26   -0.1295125693E-11   -0.2776227104E-27
    0.9390000000E+00    0.1504246400E-21    0.1038683609E-22    0.6598422489E-07    0.1899895231E+11    0.5680160096E-26    0.2857910561E-11    0.6564349624E-27
    0.9390000000E+00    0.1611829057E-21    0.1112969539E-22    0.6752119493E-07    0.1077805885E+13    0.3452800409E-24    0.1737238843E-09    0.4275654477E-25
    0.9390000000E+00    0.1727105951E-21    0.1192568347E-22    0.6909396560E-07    0.3056723786E+14    0.1049269672E-22    0.5279285842E-08    0.1392253274E-23
    0.9390000000E+00    0.1850627369E-21    0.1277860007E-22    0.7070337081E-07    0.7664226788E+15    0.2819027231E-21    0.1418362785E-06    0.4008024786E-22
    0.9390000000E+00    0.1982982953E-21    0.1369251667E-22    0.7235026388E-07    0.1443606592E+17    0.5689574394E-20    0.2862647262E-05    0.8667840435E-21
    0.9390000000E+00    0.2124804516E-21    0.1467179595E-22    0.7403551802E-07    0.2446089529E+17    0.1033007019E-19    0.5197462077E-05    0.1686298291E-20
    0.9390000000E+00    0.2276769058E-21    0.1572111260E-22    0.7576002677E-07   -0.8121667005E+17   -0.3675158747E-19   -0.1849116014E-04   -0.6428464211E-20
    0.9390000000E+00    0.2439602000E-21    0.1684547565E-22    0.7752470448E-07   -0.2255919478E+19   -0.1093841806E-17   -0.5503545671E-03   -0.2050150037E-18
    0.9390000000E+00    0.2614080640E-21    0.1805025236E-22    0.7933048683E-07   -0.3678429755E+20   -0.1911143910E-16   -0.9615712007E-02   -0.3838172755E-17
    0.9390000000E+00    0.2801037871E-21    0.1934119387E-22    0.8117833125E-07   -0.5299448942E+21   -0.2950269138E-15   -0.1484395718E+00   -0.6348816336E-16
    0.9390000000E+00    0.3001366153E-21    0.2072446262E-22    0.8306921749E-07   -0.7000353151E+22   -0.4175907533E-14   -0.2101062301E+01   -0.9629018054E-15
    0.9390000000E+00    0.3216021775E-21    0.2220666179E-22    0.8500414813E-07   -0.8534224406E+23   -0.5455002855E-13   -0.2744625153E+02   -0.1347802041E-13
    0.9390000000E+00    0.3446029418E-21    0.2379486681E-22    0.8698414910E-07   -0.6445996529E+24   -0.4414901222E-12   -0.2221309367E+03   -0.1168832069E-12
    0.9390000000E+00    0.3692487048E-21    0.2549665916E-22    0.8901027021E-07   -0.8120282752E+24   -0.5959393676E-12   -0.2998403889E+03   -0.1690570176E-12
    0.9390000000E+00    0.3956571157E-21    0.2732016250E-22    0.9108358575E-07    0.9954111995E+24    0.7827686912E-12    0.3938415241E+03    0.2379384204E-12
    0.9390000000E+00    0.4239542377E-21    0.2927408154E-22    0.9320519501E-07    0.2200169695E+26    0.1853903406E-10    0.9327712660E+04    0.6038349270E-11
    0.9390000000E+00    0.4542751502E-21    0.3136774352E-22    0.9537622289E-07    0.2034602824E+27    0.1837005967E-09    0.9242695036E+05    0.6411234975E-10
    0.9390000000E+00    0.4867645933E-21    0.3361114274E-22    0.9759782052E-07    0.1596689355E+28    0.1544725635E-08    0.7772118447E+06    0.5776735478E-09
    0.9390000000E+00    0.5215776589E-21    0.3601498832E-22    0.9987116580E-07    0.1143387633E+29    0.1185289438E-07    0.5963654447E+07    0.4749583660E-08
    0.9390000000E+00    0.5588805307E-21    0.3859075526E-22    0.1021974641E-06    0.7585520481E+29    0.8425900168E-07    0.4239399712E+08    0.3617824010E-07
    0.9390000000E+00    0.5988512779E-21    0.4135073927E-22    0.1045779488E-06    0.4683082000E+30    0.5573945091E-06    0.2804469640E+09    0.2564447507E-06
    0.9390000000E+00    0.6416807053E-21    0.4430811541E-22    0.1070138822E-06    0.2695600312E+31    0.3437846028E-05    0.1729714710E+10    0.1694796464E-05
    0.9390000000E+00    0.6875732635E-21    0.4747700104E-22    0.1095065557E-06    0.1448095443E+32    0.1978919421E-04    0.9956717096E+10    0.1045344018E-04
    0.9390000000E+00    0.7367480256E-21    0.5087252317E-22    0.1120572911E-06    0.7263516777E+32    0.1063598872E-03    0.5351381644E+11    0.6020173328E-04
    0.9390000000E+00    0.7894397325E-21    0.5451089068E-22    0.1146674407E-06    0.3401261026E+33    0.5336676611E-03    0.2685090594E+12    0.3236696766E-03
    0.9390000000E+00    0.8458999137E-21    0.5840947171E-22    0.1173383885E-06    0.1485709492E+34    0.2497841184E-02    0.1256761531E+13    0.1623289387E-02
    0.9390000000E+00    0.9063980879E-21    0.6258687655E-22    0.1200715507E-06    0.6045059629E+34    0.1089009111E-01    0.5479230489E+13    0.7583376885E-02
    0.9390000000E+00    0.9712230494E-21    0.6706304648E-22    0.1228683764E-06    0.2023005941E+35    0.3905063335E-01    0.1964789999E+14    0.2913796447E-01
    0.9390000000E+00    0.1040684247E-20    0.7185934897E-22    0.1257303485E-06    0.4076429538E+35    0.8431616862E-01    0.4242276004E+14    0.6741274182E-01
    0.9390000000E+00    0.1115113261E-20    0.7699867968E-22    0.1286589846E-06    0.5759693993E+35    0.1276527968E+00    0.6422711153E+14    0.1093607454E+00
    0.9390000000E+00    0.1194865387E-20    0.8250557175E-22    0.1316558373E-06    0.6284610695E+35    0.1492482694E+00    0.7509263791E+14    0.1370062664E+00
    0.9390000000E+00    0.1280321329E-20    0.8840631292E-22    0.1347224957E-06    0.6214982135E+35    0.1581505871E+00    0.7957174189E+14    0.1555614333E+00
    0.9390000000E+00    0.1371889021E-20    0.9472907100E-22    0.1378605858E-06    0.5713856935E+35    0.1557974288E+00    0.7838777600E+14    0.1642069043E+00
    0.9390000000E+00    0.1470005571E-20    0.1015040283E-21    0.1410717713E-06    0.4253387973E+35    0.1242698925E+00    0.6252504016E+14    0.1403450340E+00
    0.9390000000E+00    0.1575139348E-20    0.1087635259E-21    0.1443577550E-06    0.2559972418E+35    0.8014311340E-01    0.4032313285E+14    0.9698338482E-01
    0.9390000000E+00    0.1687792220E-20    0.1165422177E-21    0.1477202791E-06    0.1261028012E+35    0.4230148931E-01    0.2128353268E+14    0.5485128236E-01
    0.9390000000E+00    0.1808501947E-20    0.1248772362E-21    0.1511611264E-06    0.5050654114E+34    0.1815426002E-01    0.9134117799E+13    0.2522375148E-01
    0.9390000000E+00    0.1937844750E-20    0.1338083694E-21    0.1546821213E-06    0.1565869075E+34    0.6030958931E-02    0.3034411166E+13    0.8978783473E-02
    0.9390000000E+00    0.2076438060E-20    0.1433782510E-21    0.1582851308E-06    0.2008142110E+33    0.8287534840E-03    0.4169782707E+12    0.1322076223E-02
    0.9390000000E+00    0.2224943467E-20    0.1536325639E-21    0.1619720651E-06    0.6511531713E+30    0.2879480116E-05    0.1448778995E+10    0.4922040823E-05
    0.9390000000E+00    0.2384069878E-20    0.1646202581E-21    0.1657448792E-06    0.1580158718E+30    0.7487410351E-06    0.3767208803E+09    0.1371395635E-05
    0.9390000000E+00    0.2554576900E-20    0.1763937846E-21    0.1696055734E-06    0.2941094970E+29    0.1493275612E-06    0.7513253271E+08    0.2930698215E-06
    0.9390000000E+00    0.2737278465E-20    0.1890093455E-21    0.1735561947E-06    0.3908372031E+28    0.2126311170E-07    0.1069830259E+08    0.4471548525E-07
    0.9390000000E+00    0.2933046719E-20    0.2025271626E-21    0.1775988378E-06    0.9575464574E+27    0.5582012154E-08    0.2808528495E+07    0.1257829874E-07
    0.9390000000E+00    0.3142816182E-20    0.2170117645E-21    0.1817356462E-06    0.2103530334E+27    0.1313952613E-08    0.6611009172E+06    0.3172567203E-08
    0.9390000000E+00    0.3367588212E-20    0.2325322952E-21    0.1859688132E-06    0.5048106727E+26    0.3378776400E-09    0.1699994471E+06    0.8741592943E-09
    0.9390000000E+00    0.3608435782E-20    0.2491628434E-21    0.1903005833E-06    0.7576960916E+25    0.5434079289E-10    0.2734097688E+05    0.1506458244E-09
    0.9390000000E+00    0.3866508602E-20    0.2669827968E-21    0.1947332533E-06    0.2561132277E+25    0.1968171475E-10    0.9902639978E+04    0.5846474512E-10
