    0.9490000000E+00    0.4143038610E-23    0.2860772210E-24    0.1992691735E-07    0.0000000000E+00    0.0000000000E+00    0.0000000000E+00    0.0000000000E+00
    0.9490000000E+00    0.4439345853E-23    0.3065372650E-24    0.2039107488E-07    0.0000000000E+00    0.0000000000E+00    0.0000000000E+00    0.0000000000E+00
    0.9490000000E+00    0.4756844785E-23    0.3284605973E-24    0.2086604403E-07    0.0000000000E+00    0.0000000000E+00    0.0000000000E+00    0.0000000000E+00
    0.9490000000E+00    0.5097051019E-23    0.3519518710E-24    0.2135207663E-07    0.0000000000E+00    0.0000000000E+00    0.0000000000E+00    0.0000000000E+00
    0.9490000000E+00    0.5461588566E-23    0.3771232243E-24    0.2184943039E-07    0.0000000000E+00    0.0000000000E+00    0.0000000000E+00    0.0000000000E+00
    0.9490000000E+00    0.5852197586E-23    0.4040948153E-24    0.2235836900E-07    0.0000000000E+00    0.0000000000E+00    0.0000000000E+00    0.0000000000E+00
    0.9490000000E+00    0.6270742692E-23    0.4329953957E-24    0.2287916232E-07    0.0000000000E+00    0.0000000000E+00    0.0000000000E+00    0.0000000000E+00
    0.9490000000E+00    0.6719221852E-23    0.4639629256E-24    0.2341208647E-07    0.0000000000E+00    0.0000000000E+00    0.0000000000E+00    0.0000000000E+00
    0.9490000000E+00    0.7199775931E-23    0.4971452317E-24    0.2395742402E-07    0.0000000000E+00    0.0000000000E+00    0.0000000000E+00    0.0000000000E+00
    0.9490000000E+00    0.7714698903E-23    0.5327007132E-24    0.2451546411E-07    0.0000000000E+00    0.0000000000E+00    0.0000000000E+00    0.0000000000E+00
    0.9490000000E+00    0.8266448809E-23    0.5707990981E-24    0.2508650263E-07    0.0000000000E+00    0.0000000000E+00    0.0000000000E+00    0.0000000000E+00
    0.9490000000E+00    0.8857659485E-23    0.6116222531E-24    0.2567084234E-07    0.0000000000E+00    0.0000000000E+00    0.0000000000E+00    0.0000000000E+00
    0.9490000000E+00    0.9491153137E-23    0.6553650517E-24    0.2626879307E-07    0.0000000000E+00    0.0000000000E+00    0.0000000000E+00    0.0000000000E+00
    0.9490000000E+00    0.1016995382E-22    0.7022363048E-24    0.2688067187E-07    0.0000000000E+00    0.0000000000E+00    0.0000000000E+00    0.0000000000E+00
    0.9490000000E+00    0.1089730185E-22    0.7524597575E-24    0.2750680315E-07    0.0000000000E+00    0.0000000000E+00    0.0000000000E+00    0.0000000000E+00
    0.9490000000E+00    0.1167666930E-22    0.8062751566E-24    0.2814751890E-07    0.0000000000E+00    0.0000000000E+00    0.0000000000E+00    0.0000000000E+00
    0.9490000000E+00    0.1251177658E-22    0.8639393956E-24    0.2880315884E-07    0.0000000000E+00    0.0000000000E+00    0.0000000000E+00    0.0000000000E+00
    0.9490000000E+00    0.1340661015E-22    0.9257277409E-24    0.2947407060E-07    0.0000000000E+00    0.0000000000E+00    0.0000000000E+00    0.0000000000E+00
    0.9490000000E+00    0.1436544159E-22    0.9919351458E-24    0.3016060990E-07    0.0000000000E+00    0.0000000000E+00    0.0000000000E+00    0.0000000000E+00
    0.9490000000E+00    0.1539284799E-22    0.1062877658E-23    0.3086314075E-07    0.0000000000E+00    0.0000000000E+00    0.0000000000E+00    0.0000000000E+00
    0.9490000000E+00    0.1649373379E-22    0.1138893930E-23    0.3158203565E-07    0.0000000000E+00    0.0000000000E+00    0.0000000000E+00    0.0000000000E+00
    0.9490000000E+00    0.1767335417E-22    0.1220346833E-23    0.3231767576E-07    0.0000000000E+00    0.0000000000E+00    0.0000000000E+00    0.0000000000E+00
    0.9490000000E+00    0.1893734018E-22    0.1307625190E-23    0.3307045113E-07    0.0000000000E+00    0.0000000000E+00    0.0000000000E+00    0.0000000000E+00
    0.9490000000E+00    0.2029172559E-22    0.1401145635E-23    0.3384076090E-07    0.0000000000E+00    0.0000000000E+00    0.0000000000E+00    0.0000000000E+00
    0.9490000000E+00    0.2174297571E-22    0.1501354598E-23    0.3462901348E-07    0.0000000000E+00    0.0000000000E+00    0.0000000000E+00    0.0000000000E+00
    0.9490000000E+00    0.2329801823E-22    0.1608730435E-23    0.3543562682E-07    0.0000000000E+00    0.0000000000E+00    0.0000000000E+00    0.0000000000E+00
    0.9490000000E+00    0.2496427630E-22    0.1723785718E-23    0.3626102861E-07    0.0000000000E+00    0.0000000000E+00    0.0000000000E+00    0.0000000000E+00
    0.9490000000E+00    0.2674970400E-22    0.1847069675E-23    0.3710565646E-07    0.0000000000E+00    0.0000000000E+00    0.0000000000E+00    0.0000000000E+00
    0.9490000000E+00    0.2866282424E-22    0.1979170815E-23    0.3796995823E-07    0.0000000000E+00    0.0000000000E+00    0.0000000000E+00    0.0000000000E+00
    0.9490000000E+00    0.3071276952E-22    0.2120719737E-23    0.3885439218E-07    0.0000000000E+00    0.0000000000E+00    0.0000000000E+00    0.0000000000E+00
    0.9490000000E+00    0.3290932546E-22    0.2272392139E-23    0.3975942724E-07    0.0000000000E+00    0.0000000000E+00    0.0000000000E+00    0.0000000000E+00
    0.9490000000E+00    0.3526297755E-22    0.2434912046E-23    0.4068554327E-07   -0.1530410975E-15   -0.1072602970E-52   -0.5396684784E-38   -0.2878525487E-54
    0.9490000000E+00    0.3778496121E-22    0.2609055264E-23    0.4163323131E-07   -0.3702461164E-15   -0.2780490629E-52   -0.1398973514E-37   -0.7995626883E-54
    0.9490000000E+00    0.4048731538E-22    0.2795653084E-23    0.4260299385E-07    0.1704973801E-13    0.1371982696E-50    0.6902981199E-36    0.4227462050E-52
    0.9490000000E+00    0.4338294005E-22    0.2995596250E-23    0.4359534505E-07    0.6317552274E-13    0.5447280861E-50    0.2740739916E-35    0.1798501697E-51
    0.9490000000E+00    0.4648565778E-22    0.3209839213E-23    0.4461081109E-07   -0.3423403867E-11   -0.3162926215E-48   -0.1591391806E-33   -0.1118974384E-49
    0.9490000000E+00    0.4981027973E-22    0.3439404683E-23    0.4564993037E-07   -0.3510657630E-10   -0.3475516877E-47   -0.1748668386E-32   -0.1317499580E-48
    0.9490000000E+00    0.5337267633E-22    0.3685388516E-23    0.4671325384E-07    0.4379825464E-09    0.4646091175E-46    0.2337630069E-31    0.1887203842E-47
    0.9490000000E+00    0.5718985306E-22    0.3948964943E-23    0.4780134531E-07    0.9495774423E-08    0.1079347558E-44    0.5430619439E-30    0.4697776996E-46
    0.9490000000E+00    0.6128003161E-22    0.4231392172E-23    0.4891478167E-07   -0.3458971944E-07   -0.4212869082E-44   -0.2119659101E-29   -0.1964757915E-45
    0.9490000000E+00    0.6566273690E-22    0.4534018400E-23    0.5005415331E-07   -0.7741701097E-05   -0.1010339479E-41   -0.5083412823E-27   -0.5048919044E-43
    0.9490000000E+00    0.7035889022E-22    0.4858288246E-23    0.5122006431E-07   -0.1018429939E-02   -0.1424170815E-39   -0.7165560027E-25   -0.7625936164E-41
    0.9490000000E+00    0.7539090917E-22    0.5205749646E-23    0.5241313287E-07   -0.4729210944E-02   -0.7086301231E-39   -0.3565395127E-24   -0.4065843833E-40
    0.9490000000E+00    0.8078281461E-22    0.5578061244E-23    0.5363399157E-07    0.4634784422E-01    0.7441499595E-38    0.3744109307E-23    0.4575004718E-39
    0.9490000000E+00    0.8656034539E-22    0.5977000309E-23    0.5488328773E-07    0.4836835439E+01    0.8321320238E-36    0.4186781462E-21    0.5481801679E-37
    0.9490000000E+00    0.9275108115E-22    0.6404471218E-23    0.5616168372E-07    0.6118375190E+02    0.1127890735E-34    0.5674859137E-20    0.7961558909E-36
    0.9490000000E+00    0.9938457404E-22    0.6862514550E-23    0.5746985739E-07   -0.6892521465E+02   -0.1361473057E-34   -0.6850103098E-20   -0.1029769762E-35
    0.9490000000E+00    0.1064924897E-21    0.7353316823E-23    0.5880850233E-07   -0.1053440160E+05   -0.2229671050E-32   -0.1121834655E-17   -0.1807057112E-33
    0.9490000000E+00    0.1141087586E-21    0.7879220933E-23    0.6017832832E-07   -0.5704487414E+06   -0.1293741621E-30   -0.6509319773E-16   -0.1123514376E-31
    0.9490000000E+00    0.1222697377E-21    0.8442737340E-23    0.6158006166E-07   -0.2725298158E+08   -0.6622850422E-29   -0.3332214910E-14   -0.6162771002E-30
    0.9490000000E+00    0.1310143844E-21    0.9046556049E-23    0.6301444556E-07   -0.1175295431E+10   -0.3060398438E-27   -0.1539806074E-12   -0.3051469655E-28
    0.9490000000E+00    0.1403844422E-21    0.9693559452E-23    0.6448224056E-07   -0.7559430185E+10   -0.2109210790E-26   -0.1061226390E-11   -0.2253466302E-27
    0.9490000000E+00    0.1504246400E-21    0.1038683609E-22    0.6598422489E-07    0.6587921421E+10    0.1969605890E-26    0.9909857078E-12    0.2254812419E-27
    0.9490000000E+00    0.1611829057E-21    0.1112969539E-22    0.6752119493E-07    0.6027655493E+12    0.1930986984E-24    0.9715550269E-10    0.2368702019E-25
    0.9490000000E+00    0.1727105951E-21    0.1192568347E-22    0.6909396560E-07    0.1758402280E+14    0.6035999042E-23    0.3036947043E-08    0.7933781689E-24
    0.9490000000E+00    0.1850627369E-21    0.1277860007E-22    0.7070337081E-07    0.4484831291E+15    0.1649593871E-21    0.8299751533E-07    0.2323315117E-22
    0.9490000000E+00    0.1982982953E-21    0.1369251667E-22    0.7235026388E-07    0.9809176024E+16    0.3866014262E-20    0.1945142883E-05    0.5834377633E-21
    0.9490000000E+00    0.2124804516E-21    0.1467179595E-22    0.7403551802E-07    0.2267767112E+17    0.9576997558E-20    0.4818561801E-05    0.1548675616E-20
    0.9490000000E+00    0.2276769058E-21    0.1572111260E-22    0.7576002677E-07   -0.3845749834E+17   -0.1740251248E-19   -0.8755884228E-05   -0.3015386858E-20
    0.9490000000E+00    0.2439602000E-21    0.1684547565E-22    0.7752470448E-07   -0.1385236069E+19   -0.6716680885E-18   -0.3379424684E-03   -0.1247055548E-18
    0.9490000000E+00    0.2614080640E-21    0.1805025236E-22    0.7933048683E-07   -0.2325065312E+20   -0.1207997626E-16   -0.6077908218E-02   -0.2403240115E-17
    0.9490000000E+00    0.2801037871E-21    0.1934119387E-22    0.8117833125E-07   -0.3405875518E+21   -0.1896093261E-15   -0.9539986311E-01   -0.4041948527E-16
    0.9490000000E+00    0.3001366153E-21    0.2072446262E-22    0.8306921749E-07   -0.4566775699E+22   -0.2724210141E-14   -0.1370656601E+01   -0.6222597199E-15
    0.9490000000E+00    0.3216021775E-21    0.2220666179E-22    0.8500414813E-07   -0.5648771795E+23   -0.3610646359E-13   -0.1816657310E+02   -0.8837227549E-14
    0.9490000000E+00    0.3446029418E-21    0.2379486681E-22    0.8698414910E-07   -0.5066455253E+24   -0.3470045227E-12   -0.1745915385E+03   -0.9100520222E-13
    0.9490000000E+00    0.3692487048E-21    0.2549665916E-22    0.8901027021E-07   -0.7898658068E+24   -0.5796745554E-12   -0.2916569262E+03   -0.1628978384E-12
    0.9490000000E+00    0.3956571157E-21    0.2732016250E-22    0.9108358575E-07    0.3696921372E+24    0.2907174749E-12    0.1462713247E+03    0.8753912909E-13
    0.9490000000E+00    0.4239542377E-21    0.2927408154E-22    0.9320519501E-07    0.1487207356E+26    0.1253148241E-10    0.6305078609E+04    0.4043277347E-11
    0.9490000000E+00    0.4542751502E-21    0.3136774352E-22    0.9537622289E-07    0.1434841615E+27    0.1295492455E-09    0.6518128904E+05    0.4478844370E-10
    0.9490000000E+00    0.4867645933E-21    0.3361114274E-22    0.9759782052E-07    0.1147230100E+28    0.1109893881E-08    0.5584309931E+06    0.4111615937E-09
    0.9490000000E+00    0.5215776589E-21    0.3601498832E-22    0.9987116580E-07    0.8335028545E+28    0.8640482907E-08    0.4347364675E+07    0.3429802394E-08
    0.9490000000E+00    0.5588805307E-21    0.3859075526E-22    0.1021974641E-06    0.5604280168E+29    0.6225163498E-07    0.3132123074E+08    0.2647779687E-07
    0.9490000000E+00    0.5988512779E-21    0.4135073927E-22    0.1045779488E-06    0.3505174055E+30    0.4171963617E-06    0.2099077962E+09    0.1901391710E-06
    0.9490000000E+00    0.6416807053E-21    0.4430811541E-22    0.1070138822E-06    0.2043483178E+31    0.2606165497E-05    0.1311263727E+10    0.1272720603E-05
    0.9490000000E+00    0.6875732635E-21    0.4747700104E-22    0.1095065557E-06    0.1111658342E+32    0.1519155588E-04    0.7643465544E+10    0.7949381490E-05
    0.9490000000E+00    0.7367480256E-21    0.5087252317E-22    0.1120572911E-06    0.5645735368E+32    0.8267066699E-04    0.4159484385E+11    0.4635349930E-04
    0.9490000000E+00    0.7894397325E-21    0.5451089068E-22    0.1146674407E-06    0.2676561434E+33    0.4199602058E-03    0.2112983943E+12    0.2523127655E-03
    0.9490000000E+00    0.8458999137E-21    0.5840947171E-22    0.1173383885E-06    0.1183661476E+34    0.1990024562E-02    0.1001259140E+13    0.1281119143E-02
    0.9490000000E+00    0.9063980879E-21    0.6258687655E-22    0.1200715507E-06    0.4876135170E+34    0.8784289900E-02    0.4419719594E+13    0.6059513310E-02
    0.9490000000E+00    0.9712230494E-21    0.6706304648E-22    0.1228683764E-06    0.1732216242E+35    0.3343744078E-01    0.1682368340E+14    0.2471519914E-01
    0.9490000000E+00    0.1040684247E-20    0.7185934897E-22    0.1257303485E-06    0.3745770619E+35    0.7747687632E-01    0.3898164476E+14    0.6136251998E-01
    0.9490000000E+00    0.1115113261E-20    0.7699867968E-22    0.1286589846E-06    0.5534465121E+35    0.1226610220E+00    0.6171555452E+14    0.1040968679E+00
    0.9490000000E+00    0.1194865387E-20    0.8250557175E-22    0.1316558373E-06    0.6229895364E+35    0.1479488781E+00    0.7443886336E+14    0.1345373162E+00
    0.9490000000E+00    0.1280321329E-20    0.8840631292E-22    0.1347224957E-06    0.6192629094E+35    0.1575817767E+00    0.7928555114E+14    0.1535454942E+00
    0.9490000000E+00    0.1371889021E-20    0.9472907100E-22    0.1378605858E-06    0.5793895191E+35    0.1579797996E+00    0.7948581203E+14    0.1649425265E+00
    0.9490000000E+00    0.1470005571E-20    0.1015040283E-21    0.1410717713E-06    0.4457772766E+35    0.1302413384E+00    0.6552950801E+14    0.1457068382E+00
    0.9490000000E+00    0.1575139348E-20    0.1087635259E-21    0.1443577550E-06    0.2752723622E+35    0.8617742905E-01    0.4335923291E+14    0.1033057791E+00
    0.9490000000E+00    0.1687792220E-20    0.1165422177E-21    0.1477202791E-06    0.1389127463E+35    0.4659861635E-01    0.2344558525E+14    0.5985550581E-01
    0.9490000000E+00    0.1808501947E-20    0.1248772362E-21    0.1511611264E-06    0.5696930280E+34    0.2047725924E-01    0.1030290950E+14    0.2818401830E-01
    0.9490000000E+00    0.1937844750E-20    0.1338083694E-21    0.1546821213E-06    0.1821715486E+34    0.7016353700E-02    0.3530201790E+13    0.1034766971E-01
    0.9490000000E+00    0.2076438060E-20    0.1433782510E-21    0.1582851308E-06    0.2674704961E+33    0.1103841727E-02    0.5553859181E+12    0.1744367116E-02
    0.9490000000E+00    0.2224943467E-20    0.1536325639E-21    0.1619720651E-06    0.7067770529E+30    0.3125455823E-05    0.1572538987E+10    0.5292299924E-05
    0.9490000000E+00    0.2384069878E-20    0.1646202581E-21    0.1657448792E-06    0.1717879261E+30    0.8139984177E-06    0.4095544201E+09    0.1476912086E-05
    0.9490000000E+00    0.2554576900E-20    0.1763937846E-21    0.1696055734E-06    0.3257184231E+29    0.1653762910E-06    0.8320727594E+08    0.3215172890E-06
    0.9490000000E+00    0.2737278465E-20    0.1890093455E-21    0.1735561947E-06    0.4215167350E+28    0.2293220130E-07    0.1153808681E+08    0.4777237462E-07
    0.9490000000E+00    0.2933046719E-20    0.2025271626E-21    0.1775988378E-06    0.1032686992E+28    0.6020043515E-08    0.3028919194E+07    0.1343787863E-07
    0.9490000000E+00    0.3142816182E-20    0.2170117645E-21    0.1817356462E-06    0.2267609801E+27    0.1416443479E-08    0.7126680779E+06    0.3387898052E-08
    0.9490000000E+00    0.3367588212E-20    0.2325322952E-21    0.1859688132E-06    0.5442932281E+26    0.3643039288E-09    0.1832955459E+06    0.9336732981E-09
    0.9490000000E+00    0.3608435782E-20    0.2491628434E-21    0.1903005833E-06    0.8227892300E+25    0.5900917219E-10    0.2968982098E+05    0.1620505861E-09
    0.9490000000E+00    0.3866508602E-20    0.2669827968E-21    0.1947332533E-06    0.2793241484E+25    0.2146542083E-10    0.1080009222E+05    0.6316412597E-10
