    0.9810000000E+00    0.4143038610E-23    0.2860772210E-24    0.1992691735E-07    0.0000000000E+00    0.0000000000E+00    0.0000000000E+00    0.0000000000E+00
    0.9810000000E+00    0.4439345853E-23    0.3065372650E-24    0.2039107488E-07    0.0000000000E+00    0.0000000000E+00    0.0000000000E+00    0.0000000000E+00
    0.9810000000E+00    0.4756844785E-23    0.3284605973E-24    0.2086604403E-07    0.0000000000E+00    0.0000000000E+00    0.0000000000E+00    0.0000000000E+00
    0.9810000000E+00    0.5097051019E-23    0.3519518710E-24    0.2135207663E-07    0.0000000000E+00    0.0000000000E+00    0.0000000000E+00    0.0000000000E+00
    0.9810000000E+00    0.5461588566E-23    0.3771232243E-24    0.2184943039E-07    0.0000000000E+00    0.0000000000E+00    0.0000000000E+00    0.0000000000E+00
    0.9810000000E+00    0.5852197586E-23    0.4040948153E-24    0.2235836900E-07    0.0000000000E+00    0.0000000000E+00    0.0000000000E+00    0.0000000000E+00
    0.9810000000E+00    0.6270742692E-23    0.4329953957E-24    0.2287916232E-07    0.0000000000E+00    0.0000000000E+00    0.0000000000E+00    0.0000000000E+00
    0.9810000000E+00    0.6719221852E-23    0.4639629256E-24    0.2341208647E-07    0.0000000000E+00    0.0000000000E+00    0.0000000000E+00    0.0000000000E+00
    0.9810000000E+00    0.7199775931E-23    0.4971452317E-24    0.2395742402E-07    0.0000000000E+00    0.0000000000E+00    0.0000000000E+00    0.0000000000E+00
    0.9810000000E+00    0.7714698903E-23    0.5327007132E-24    0.2451546411E-07    0.0000000000E+00    0.0000000000E+00    0.0000000000E+00    0.0000000000E+00
    0.9810000000E+00    0.8266448809E-23    0.5707990981E-24    0.2508650263E-07    0.0000000000E+00    0.0000000000E+00    0.0000000000E+00    0.0000000000E+00
    0.9810000000E+00    0.8857659485E-23    0.6116222531E-24    0.2567084234E-07    0.0000000000E+00    0.0000000000E+00    0.0000000000E+00    0.0000000000E+00
    0.9810000000E+00    0.9491153137E-23    0.6553650517E-24    0.2626879307E-07    0.0000000000E+00    0.0000000000E+00    0.0000000000E+00    0.0000000000E+00
    0.9810000000E+00    0.1016995382E-22    0.7022363048E-24    0.2688067187E-07    0.0000000000E+00    0.0000000000E+00    0.0000000000E+00    0.0000000000E+00
    0.9810000000E+00    0.1089730185E-22    0.7524597575E-24    0.2750680315E-07    0.0000000000E+00    0.0000000000E+00    0.0000000000E+00    0.0000000000E+00
    0.9810000000E+00    0.1167666930E-22    0.8062751566E-24    0.2814751890E-07    0.0000000000E+00    0.0000000000E+00    0.0000000000E+00    0.0000000000E+00
    0.9810000000E+00    0.1251177658E-22    0.8639393956E-24    0.2880315884E-07    0.0000000000E+00    0.0000000000E+00    0.0000000000E+00    0.0000000000E+00
    0.9810000000E+00    0.1340661015E-22    0.9257277409E-24    0.2947407060E-07    0.0000000000E+00    0.0000000000E+00    0.0000000000E+00    0.0000000000E+00
    0.9810000000E+00    0.1436544159E-22    0.9919351458E-24    0.3016060990E-07    0.0000000000E+00    0.0000000000E+00    0.0000000000E+00    0.0000000000E+00
    0.9810000000E+00    0.1539284799E-22    0.1062877658E-23    0.3086314075E-07    0.0000000000E+00    0.0000000000E+00    0.0000000000E+00    0.0000000000E+00
    0.9810000000E+00    0.1649373379E-22    0.1138893930E-23    0.3158203565E-07    0.0000000000E+00    0.0000000000E+00    0.0000000000E+00    0.0000000000E+00
    0.9810000000E+00    0.1767335417E-22    0.1220346833E-23    0.3231767576E-07    0.0000000000E+00    0.0000000000E+00    0.0000000000E+00    0.0000000000E+00
    0.9810000000E+00    0.1893734018E-22    0.1307625190E-23    0.3307045113E-07    0.0000000000E+00    0.0000000000E+00    0.0000000000E+00    0.0000000000E+00
    0.9810000000E+00    0.2029172559E-22    0.1401145635E-23    0.3384076090E-07    0.0000000000E+00    0.0000000000E+00    0.0000000000E+00    0.0000000000E+00
    0.9810000000E+00    0.2174297571E-22    0.1501354598E-23    0.3462901348E-07    0.0000000000E+00    0.0000000000E+00    0.0000000000E+00    0.0000000000E+00
    0.9810000000E+00    0.2329801823E-22    0.1608730435E-23    0.3543562682E-07    0.0000000000E+00    0.0000000000E+00    0.0000000000E+00    0.0000000000E+00
    0.9810000000E+00    0.2496427630E-22    0.1723785718E-23    0.3626102861E-07    0.0000000000E+00    0.0000000000E+00    0.0000000000E+00    0.0000000000E+00
    0.9810000000E+00    0.2674970400E-22    0.1847069675E-23    0.3710565646E-07    0.0000000000E+00    0.0000000000E+00    0.0000000000E+00    0.0000000000E+00
    0.9810000000E+00    0.2866282424E-22    0.1979170815E-23    0.3796995823E-07    0.0000000000E+00    0.0000000000E+00    0.0000000000E+00    0.0000000000E+00
    0.9810000000E+00    0.3071276952E-22    0.2120719737E-23    0.3885439218E-07    0.0000000000E+00    0.0000000000E+00    0.0000000000E+00    0.0000000000E+00
    0.9810000000E+00    0.3290932546E-22    0.2272392139E-23    0.3975942724E-07    0.0000000000E+00    0.0000000000E+00    0.0000000000E+00    0.0000000000E+00
    0.9810000000E+00    0.3526297755E-22    0.2434912046E-23    0.4068554327E-07    0.0000000000E+00    0.0000000000E+00    0.0000000000E+00    0.0000000000E+00
    0.9810000000E+00    0.3778496121E-22    0.2609055264E-23    0.4163323131E-07    0.0000000000E+00    0.0000000000E+00    0.0000000000E+00    0.0000000000E+00
    0.9810000000E+00    0.4048731538E-22    0.2795653084E-23    0.4260299385E-07    0.9072303860E-15    0.7300431185E-52    0.3673132276E-37    0.2189827539E-53
    0.9810000000E+00    0.4338294005E-22    0.2995596250E-23    0.4359534505E-07    0.2226088218E-13    0.1919434493E-50    0.9657425170E-36    0.6169283052E-52
    0.9810000000E+00    0.4648565778E-22    0.3209839213E-23    0.4461081109E-07   -0.2136532222E-12   -0.1973969195E-49   -0.9931810570E-35   -0.6798322649E-51
    0.9810000000E+00    0.4981027973E-22    0.3439404683E-23    0.4564993037E-07   -0.1092194218E-10   -0.1081261643E-47   -0.5440249950E-33   -0.3990177344E-49
    0.9810000000E+00    0.5337267633E-22    0.3685388516E-23    0.4671325384E-07    0.2030039144E-10    0.2153452696E-47    0.1083486222E-32    0.8515236956E-49
    0.9810000000E+00    0.5718985306E-22    0.3948964943E-23    0.4780134531E-07    0.2938075509E-08    0.3339595575E-45    0.1680281066E-30    0.1414996216E-46
    0.9810000000E+00    0.6128003161E-22    0.4231392172E-23    0.4891478167E-07    0.8663698207E-09    0.1055198681E-45    0.5309117000E-31    0.4790663216E-47
    0.9810000000E+00    0.6566273690E-22    0.4534018400E-23    0.5005415331E-07   -0.7503657714E-06   -0.9792733573E-43   -0.4927107022E-28   -0.4763929661E-44
    0.9810000000E+00    0.7035889022E-22    0.4858288246E-23    0.5122006431E-07   -0.1059066104E-03   -0.1480996364E-40   -0.7451471572E-26   -0.7719966107E-42
    0.9810000000E+00    0.7539090917E-22    0.5205749646E-23    0.5241313287E-07   -0.1970620397E-02   -0.2952799085E-39   -0.1485668633E-24   -0.1649283443E-40
    0.9810000000E+00    0.8078281461E-22    0.5578061244E-23    0.5363399157E-07    0.2830433398E-02    0.4544476521E-39    0.2286503764E-24    0.2719851955E-40
    0.9810000000E+00    0.8656034539E-22    0.5977000309E-23    0.5488328773E-07    0.5907437915E+00    0.1016319106E-36    0.5113498663E-22    0.6517656851E-38
    0.9810000000E+00    0.9275108115E-22    0.6404471218E-23    0.5616168372E-07    0.2374660899E+02    0.4377564211E-35    0.2202523657E-20    0.3008111477E-36
    0.9810000000E+00    0.9938457404E-22    0.6862514550E-23    0.5746985739E-07    0.1995240712E+02    0.3941179559E-35    0.1982961482E-20    0.2901934617E-36
    0.9810000000E+00    0.1064924897E-21    0.7353316823E-23    0.5880850233E-07   -0.1461968120E+04   -0.3094345664E-33   -0.1556886250E-18   -0.2441351024E-34
    0.9810000000E+00    0.1141087586E-21    0.7879220933E-23    0.6017832832E-07   -0.8689883123E+05   -0.1970810463E-31   -0.9915917755E-17   -0.1666119935E-32
    0.9810000000E+00    0.1222697377E-21    0.8442737340E-23    0.6158006166E-07   -0.4374162643E+07   -0.1062981855E-29   -0.5348277191E-15   -0.9629134492E-31
    0.9810000000E+00    0.1310143844E-21    0.9046556049E-23    0.6301444556E-07   -0.1982762184E+09   -0.5162993179E-28   -0.2597703671E-13   -0.5011444820E-29
    0.9810000000E+00    0.1403844422E-21    0.9693559452E-23    0.6448224056E-07   -0.3621097137E+10   -0.1010348262E-26   -0.5083457016E-12   -0.1050830091E-27
    0.9810000000E+00    0.1504246400E-21    0.1038683609E-22    0.6598422489E-07   -0.2807394605E+10   -0.8393331669E-27   -0.4223013227E-12   -0.9353965989E-28
    0.9810000000E+00    0.1611829057E-21    0.1112969539E-22    0.6752119493E-07    0.1096792180E+12    0.3513623872E-25    0.1767841505E-10    0.4195818279E-26
    0.9810000000E+00    0.1727105951E-21    0.1192568347E-22    0.6909396560E-07    0.3587657558E+13    0.1231521241E-23    0.6196264720E-09    0.1575808027E-24
    0.9810000000E+00    0.1850627369E-21    0.1277860007E-22    0.7070337081E-07    0.9627310959E+14    0.3541081509E-22    0.1781656515E-07    0.4855090448E-23
    0.9810000000E+00    0.1982982953E-21    0.1369251667E-22    0.7235026388E-07    0.2339456453E+16    0.9220317784E-21    0.4639102265E-06    0.1354588209E-21
    0.9810000000E+00    0.2124804516E-21    0.1467179595E-22    0.7403551802E-07    0.1513265797E+17    0.6390666292E-20    0.3215393999E-05    0.1006022147E-20
    0.9810000000E+00    0.2276769058E-21    0.1572111260E-22    0.7576002677E-07    0.5414651265E+16    0.2450199318E-20    0.1232791046E-05    0.4132975361E-21
    0.9810000000E+00    0.2439602000E-21    0.1684547565E-22    0.7752470448E-07   -0.3294597784E+18   -0.1597472262E-18   -0.8037507341E-04   -0.2887318725E-19
    0.9810000000E+00    0.2614080640E-21    0.1805025236E-22    0.7933048683E-07   -0.6199749680E+19   -0.3221106459E-17   -0.1620664561E-02   -0.6238303219E-18
    0.9810000000E+00    0.2801037871E-21    0.1934119387E-22    0.8117833125E-07   -0.9552404434E+20   -0.5317942355E-16   -0.2675664658E-01   -0.1103583064E-16
    0.9810000000E+00    0.3001366153E-21    0.2072446262E-22    0.8306921749E-07   -0.1337230822E+22   -0.7976957936E-15   -0.4013519327E+00   -0.1773775710E-15
    0.9810000000E+00    0.3216021775E-21    0.2220666179E-22    0.8500414813E-07   -0.1724131952E+23   -0.1102050318E-13   -0.5544845902E+01   -0.2625807146E-14
    0.9810000000E+00    0.3446029418E-21    0.2379486681E-22    0.8698414910E-07   -0.2052914156E+24   -0.1406053071E-12   -0.7074402574E+02   -0.3589740995E-13
    0.9810000000E+00    0.3692487048E-21    0.2549665916E-22    0.8901027021E-07   -0.6466084064E+24   -0.4745393930E-12   -0.2387593166E+03   -0.1298176287E-12
    0.9810000000E+00    0.3956571157E-21    0.2732016250E-22    0.9108358575E-07   -0.3874976615E+24   -0.3047193336E-12   -0.1533162071E+03   -0.8932261139E-13
    0.9810000000E+00    0.4239542377E-21    0.2927408154E-22    0.9320519501E-07    0.4495839135E+25    0.3788276652E-11    0.1906030053E+04    0.1189879792E-11
    0.9810000000E+00    0.4542751502E-21    0.3136774352E-22    0.9537622289E-07    0.5198805121E+26    0.4693906798E-10    0.2361687977E+05    0.1579777280E-10
    0.9810000000E+00    0.4867645933E-21    0.3361114274E-22    0.9759782052E-07    0.4417183641E+27    0.4273427880E-09    0.2150128599E+06    0.1541124698E-09
    0.9810000000E+00    0.5215776589E-21    0.3601498832E-22    0.9987116580E-07    0.3349527236E+28    0.3472277590E-08    0.1747038574E+07    0.1341763084E-08
    0.9810000000E+00    0.5588805307E-21    0.3859075526E-22    0.1021974641E-06    0.2340803653E+29    0.2600135078E-07    0.1308229588E+08    0.1076607279E-07
    0.9810000000E+00    0.5988512779E-21    0.4135073927E-22    0.1045779488E-06    0.1519528709E+30    0.1808588785E-06    0.9099717089E+08    0.8024190582E-07
    0.9810000000E+00    0.6416807053E-21    0.4430811541E-22    0.1070138822E-06    0.9187480491E+30    0.1171729472E-05    0.5895428961E+09    0.5570430439E-06
    0.9810000000E+00    0.6875732635E-21    0.4747700104E-22    0.1095065557E-06    0.5180688113E+31    0.7079757327E-05    0.3562102633E+10    0.3606448818E-05
    0.9810000000E+00    0.7367480256E-21    0.5087252317E-22    0.1120572911E-06    0.2726155429E+32    0.3991917314E-04    0.2008489630E+11    0.2178928295E-04
    0.9810000000E+00    0.7894397325E-21    0.5451089068E-22    0.1146674407E-06    0.1338776199E+33    0.2100578455E-03    0.1056883125E+12    0.1228571137E-03
    0.9810000000E+00    0.8458999137E-21    0.5840947171E-22    0.1173383885E-06    0.6132282917E+33    0.1030986805E-02    0.5187297590E+12    0.6461219700E-03
    0.9810000000E+00    0.9063980879E-21    0.6258687655E-22    0.1200715507E-06    0.2616891240E+34    0.4714293286E-02    0.2371945216E+13    0.3165760084E-02
    0.9810000000E+00    0.9712230494E-21    0.6706304648E-22    0.1228683764E-06    0.1035569384E+35    0.1998987719E-01    0.1005768855E+14    0.1438373018E-01
    0.9810000000E+00    0.1040684247E-20    0.7185934897E-22    0.1257303485E-06    0.2808650905E+35    0.5809365307E-01    0.2922918753E+14    0.4479093087E-01
    0.9810000000E+00    0.1115113261E-20    0.7699867968E-22    0.1286589846E-06    0.4785956817E+35    0.1060717416E+00    0.5336883915E+14    0.8763167263E-01
    0.9810000000E+00    0.1194865387E-20    0.8250557175E-22    0.1316558373E-06    0.5983701300E+35    0.1421022092E+00    0.7149717570E+14    0.1257946674E+00
    0.9810000000E+00    0.1280321329E-20    0.8840631292E-22    0.1347224957E-06    0.6092401484E+35    0.1550313180E+00    0.7800231567E+14    0.1470553539E+00
    0.9810000000E+00    0.1371889021E-20    0.9472907100E-22    0.1378605858E-06    0.5909006973E+35    0.1611185061E+00    0.8106501794E+14    0.1637596223E+00
    0.9810000000E+00    0.1470005571E-20    0.1015040283E-21    0.1410717713E-06    0.4983881878E+35    0.1456125021E+00    0.7326334127E+14    0.1585842549E+00
    0.9810000000E+00    0.1575139348E-20    0.1087635259E-21    0.1443577550E-06    0.3326997524E+35    0.1041557862E+00    0.5240484712E+14    0.1215471565E+00
    0.9810000000E+00    0.1687792220E-20    0.1165422177E-21    0.1477202791E-06    0.1802144701E+35    0.6045337937E-01    0.3041645806E+14    0.7559307022E-01
    0.9810000000E+00    0.1808501947E-20    0.1248772362E-21    0.1511611264E-06    0.7920895026E+34    0.2847116129E-01    0.1432495408E+14    0.3814754405E-01
    0.9810000000E+00    0.1937844750E-20    0.1338083694E-21    0.1546821213E-06    0.2752744854E+34    0.1060222175E-01    0.5334392164E+13    0.1522152919E-01
    0.9810000000E+00    0.2076438060E-20    0.1433782510E-21    0.1582851308E-06    0.5545574669E+33    0.2288639984E-02    0.1151504231E+13    0.3520779953E-02
    0.9810000000E+00    0.2224943467E-20    0.1536325639E-21    0.1619720651E-06    0.9029002944E+30    0.3992737131E-05    0.2008902112E+10    0.6581609635E-05
    0.9810000000E+00    0.2384069878E-20    0.1646202581E-21    0.1657448792E-06    0.2179891690E+30    0.1032917986E-05    0.5197014115E+09    0.1824430152E-05
    0.9810000000E+00    0.2554576900E-20    0.1763937846E-21    0.1696055734E-06    0.4349420092E+29    0.2208321396E-06    0.1111092809E+09    0.4179493766E-06
    0.9810000000E+00    0.2737278465E-20    0.1890093455E-21    0.1735561947E-06    0.5234343620E+28    0.2847692906E-07    0.1432785607E+08    0.5775034125E-07
    0.9810000000E+00    0.2933046719E-20    0.2025271626E-21    0.1775988378E-06    0.1282320256E+28    0.7475279346E-08    0.3761105220E+07    0.1624384468E-07
    0.9810000000E+00    0.3142816182E-20    0.2170117645E-21    0.1817356462E-06    0.2812480286E+27    0.1756792266E-08    0.8839108556E+06    0.4090551006E-08
    0.9810000000E+00    0.3367588212E-20    0.2325322952E-21    0.1859688132E-06    0.6752311244E+26    0.4519427008E-09    0.2273900375E+06    0.1127573286E-08
    0.9810000000E+00    0.3608435782E-20    0.2491628434E-21    0.1903005833E-06    0.1038351025E+26    0.7446893103E-10    0.3746822992E+05    0.1990840749E-09
    0.9810000000E+00    0.3866508602E-20    0.2669827968E-21    0.1947332533E-06    0.3569733046E+25    0.2743258058E-10    0.1380240353E+05    0.7858290239E-10
