    0.9790000000E+00    0.4143038610E-23    0.2860772210E-24    0.1992691735E-07    0.0000000000E+00    0.0000000000E+00    0.0000000000E+00    0.0000000000E+00
    0.9790000000E+00    0.4439345853E-23    0.3065372650E-24    0.2039107488E-07    0.0000000000E+00    0.0000000000E+00    0.0000000000E+00    0.0000000000E+00
    0.9790000000E+00    0.4756844785E-23    0.3284605973E-24    0.2086604403E-07    0.0000000000E+00    0.0000000000E+00    0.0000000000E+00    0.0000000000E+00
    0.9790000000E+00    0.5097051019E-23    0.3519518710E-24    0.2135207663E-07    0.0000000000E+00    0.0000000000E+00    0.0000000000E+00    0.0000000000E+00
    0.9790000000E+00    0.5461588566E-23    0.3771232243E-24    0.2184943039E-07    0.0000000000E+00    0.0000000000E+00    0.0000000000E+00    0.0000000000E+00
    0.9790000000E+00    0.5852197586E-23    0.4040948153E-24    0.2235836900E-07    0.0000000000E+00    0.0000000000E+00    0.0000000000E+00    0.0000000000E+00
    0.9790000000E+00    0.6270742692E-23    0.4329953957E-24    0.2287916232E-07    0.0000000000E+00    0.0000000000E+00    0.0000000000E+00    0.0000000000E+00
    0.9790000000E+00    0.6719221852E-23    0.4639629256E-24    0.2341208647E-07    0.0000000000E+00    0.0000000000E+00    0.0000000000E+00    0.0000000000E+00
    0.9790000000E+00    0.7199775931E-23    0.4971452317E-24    0.2395742402E-07    0.0000000000E+00    0.0000000000E+00    0.0000000000E+00    0.0000000000E+00
    0.9790000000E+00    0.7714698903E-23    0.5327007132E-24    0.2451546411E-07    0.0000000000E+00    0.0000000000E+00    0.0000000000E+00    0.0000000000E+00
    0.9790000000E+00    0.8266448809E-23    0.5707990981E-24    0.2508650263E-07    0.0000000000E+00    0.0000000000E+00    0.0000000000E+00    0.0000000000E+00
    0.9790000000E+00    0.8857659485E-23    0.6116222531E-24    0.2567084234E-07    0.0000000000E+00    0.0000000000E+00    0.0000000000E+00    0.0000000000E+00
    0.9790000000E+00    0.9491153137E-23    0.6553650517E-24    0.2626879307E-07    0.0000000000E+00    0.0000000000E+00    0.0000000000E+00    0.0000000000E+00
    0.9790000000E+00    0.1016995382E-22    0.7022363048E-24    0.2688067187E-07    0.0000000000E+00    0.0000000000E+00    0.0000000000E+00    0.0000000000E+00
    0.9790000000E+00    0.1089730185E-22    0.7524597575E-24    0.2750680315E-07    0.0000000000E+00    0.0000000000E+00    0.0000000000E+00    0.0000000000E+00
    0.9790000000E+00    0.1167666930E-22    0.8062751566E-24    0.2814751890E-07    0.0000000000E+00    0.0000000000E+00    0.0000000000E+00    0.0000000000E+00
    0.9790000000E+00    0.1251177658E-22    0.8639393956E-24    0.2880315884E-07    0.0000000000E+00    0.0000000000E+00    0.0000000000E+00    0.0000000000E+00
    0.9790000000E+00    0.1340661015E-22    0.9257277409E-24    0.2947407060E-07    0.0000000000E+00    0.0000000000E+00    0.0000000000E+00    0.0000000000E+00
    0.9790000000E+00    0.1436544159E-22    0.9919351458E-24    0.3016060990E-07    0.0000000000E+00    0.0000000000E+00    0.0000000000E+00    0.0000000000E+00
    0.9790000000E+00    0.1539284799E-22    0.1062877658E-23    0.3086314075E-07    0.0000000000E+00    0.0000000000E+00    0.0000000000E+00    0.0000000000E+00
    0.9790000000E+00    0.1649373379E-22    0.1138893930E-23    0.3158203565E-07    0.0000000000E+00    0.0000000000E+00    0.0000000000E+00    0.0000000000E+00
    0.9790000000E+00    0.1767335417E-22    0.1220346833E-23    0.3231767576E-07    0.0000000000E+00    0.0000000000E+00    0.0000000000E+00    0.0000000000E+00
    0.9790000000E+00    0.1893734018E-22    0.1307625190E-23    0.3307045113E-07    0.0000000000E+00    0.0000000000E+00    0.0000000000E+00    0.0000000000E+00
    0.9790000000E+00    0.2029172559E-22    0.1401145635E-23    0.3384076090E-07    0.0000000000E+00    0.0000000000E+00    0.0000000000E+00    0.0000000000E+00
    0.9790000000E+00    0.2174297571E-22    0.1501354598E-23    0.3462901348E-07    0.0000000000E+00    0.0000000000E+00    0.0000000000E+00    0.0000000000E+00
    0.9790000000E+00    0.2329801823E-22    0.1608730435E-23    0.3543562682E-07    0.0000000000E+00    0.0000000000E+00    0.0000000000E+00    0.0000000000E+00
    0.9790000000E+00    0.2496427630E-22    0.1723785718E-23    0.3626102861E-07    0.0000000000E+00    0.0000000000E+00    0.0000000000E+00    0.0000000000E+00
    0.9790000000E+00    0.2674970400E-22    0.1847069675E-23    0.3710565646E-07    0.0000000000E+00    0.0000000000E+00    0.0000000000E+00    0.0000000000E+00
    0.9790000000E+00    0.2866282424E-22    0.1979170815E-23    0.3796995823E-07    0.0000000000E+00    0.0000000000E+00    0.0000000000E+00    0.0000000000E+00
    0.9790000000E+00    0.3071276952E-22    0.2120719737E-23    0.3885439218E-07    0.0000000000E+00    0.0000000000E+00    0.0000000000E+00    0.0000000000E+00
    0.9790000000E+00    0.3290932546E-22    0.2272392139E-23    0.3975942724E-07    0.0000000000E+00    0.0000000000E+00    0.0000000000E+00    0.0000000000E+00
    0.9790000000E+00    0.3526297755E-22    0.2434912046E-23    0.4068554327E-07    0.0000000000E+00    0.0000000000E+00    0.0000000000E+00    0.0000000000E+00
    0.9790000000E+00    0.3778496121E-22    0.2609055264E-23    0.4163323131E-07    0.0000000000E+00    0.0000000000E+00    0.0000000000E+00    0.0000000000E+00
    0.9790000000E+00    0.4048731538E-22    0.2795653084E-23    0.4260299385E-07    0.1082101970E-14    0.8707612850E-52    0.4381140374E-37    0.2615957805E-53
    0.9790000000E+00    0.4338294005E-22    0.2995596250E-23    0.4359534505E-07    0.2390894115E-13    0.2061537632E-50    0.1037240160E-35    0.6636252315E-52
    0.9790000000E+00    0.4648565778E-22    0.3209839213E-23    0.4461081109E-07   -0.2525805195E-12   -0.2333623427E-49   -0.1174137159E-34   -0.8049379418E-51
    0.9790000000E+00    0.4981027973E-22    0.3439404683E-23    0.4564993037E-07   -0.1173011270E-10   -0.1161269738E-47   -0.5842801950E-33   -0.4292049596E-49
    0.9790000000E+00    0.5337267633E-22    0.3685388516E-23    0.4671325384E-07    0.2520918100E-10    0.2674173990E-47    0.1345481458E-32    0.1059061751E-48
    0.9790000000E+00    0.5718985306E-22    0.3948964943E-23    0.4780134531E-07    0.3150163507E-08    0.3580667712E-45    0.1801573881E-30    0.1519482291E-46
    0.9790000000E+00    0.6128003161E-22    0.4231392172E-23    0.4891478167E-07    0.5530851882E-09    0.6736323760E-46    0.3389307782E-31    0.3063053448E-47
    0.9790000000E+00    0.6566273690E-22    0.4534018400E-23    0.5005415331E-07   -0.8590044134E-06   -0.1121053449E-42   -0.5640458079E-28   -0.5462078557E-44
    0.9790000000E+00    0.7035889022E-22    0.4858288246E-23    0.5122006431E-07   -0.1206932894E-03   -0.1687773049E-40   -0.8491845898E-26   -0.8811415293E-42
    0.9790000000E+00    0.7539090917E-22    0.5205749646E-23    0.5241313287E-07   -0.2087457718E-02   -0.3127869400E-39   -0.1573753352E-24   -0.1749767051E-40
    0.9790000000E+00    0.8078281461E-22    0.5578061244E-23    0.5363399157E-07    0.3475921976E-02    0.5580857625E-39    0.2807947606E-24    0.3345280709E-40
    0.9790000000E+00    0.8656034539E-22    0.5977000309E-23    0.5488328773E-07    0.6672277851E+00    0.1147902620E-36    0.5775546753E-22    0.7372871588E-38
    0.9790000000E+00    0.9275108115E-22    0.6404471218E-23    0.5616168372E-07    0.2513950658E+02    0.4634337659E-35    0.2331716415E-20    0.3189475690E-36
    0.9790000000E+00    0.9938457404E-22    0.6862514550E-23    0.5746985739E-07    0.1946343830E+02    0.3844594024E-35    0.1934365525E-20    0.2835189615E-36
    0.9790000000E+00    0.1064924897E-21    0.7353316823E-23    0.5880850233E-07   -0.1640937364E+04   -0.3473145102E-33   -0.1747475053E-18   -0.2744445120E-34
    0.9790000000E+00    0.1141087586E-21    0.7879220933E-23    0.6017832832E-07   -0.9688054416E+05   -0.2197189391E-31   -0.1105491863E-16   -0.1860369095E-32
    0.9790000000E+00    0.1222697377E-21    0.8442737340E-23    0.6158006166E-07   -0.4861707625E+07   -0.1181462010E-29   -0.5944397163E-15   -0.1071892876E-30
    0.9790000000E+00    0.1310143844E-21    0.9046556049E-23    0.6301444556E-07   -0.2197436650E+09   -0.5721992545E-28   -0.2878958101E-13   -0.5562613821E-29
    0.9790000000E+00    0.1403844422E-21    0.9693559452E-23    0.6448224056E-07   -0.3792664641E+10   -0.1058218541E-26   -0.5324311100E-12   -0.1102318229E-27
    0.9790000000E+00    0.1504246400E-21    0.1038683609E-22    0.6598422489E-07   -0.2720445604E+10   -0.8133378257E-27   -0.4092220505E-12   -0.9078259511E-28
    0.9790000000E+00    0.1611829057E-21    0.1112969539E-22    0.6752119493E-07    0.1212915717E+12    0.3885630929E-25    0.1955012796E-10    0.4647219335E-26
    0.9790000000E+00    0.1727105951E-21    0.1192568347E-22    0.6909396560E-07    0.3933300544E+13    0.1350168763E-23    0.6793226777E-09    0.1730293112E-24
    0.9790000000E+00    0.1850627369E-21    0.1277860007E-22    0.7070337081E-07    0.1052273612E+15    0.3870433441E-22    0.1947366345E-07    0.5314852623E-23
    0.9790000000E+00    0.1982982953E-21    0.1369251667E-22    0.7235026388E-07    0.2550267630E+16    0.1005117148E-20    0.5057137235E-06    0.1478932338E-21
    0.9790000000E+00    0.2124804516E-21    0.1467179595E-22    0.7403551802E-07    0.1561566756E+17    0.6594645865E-20    0.3318024095E-05    0.1039736049E-20
    0.9790000000E+00    0.2276769058E-21    0.1572111260E-22    0.7576002677E-07    0.4536632218E+16    0.2052884410E-20    0.1032886386E-05    0.3468135999E-21
    0.9790000000E+00    0.2439602000E-21    0.1684547565E-22    0.7752470448E-07   -0.3587529668E+18   -0.1739507979E-18   -0.8752144553E-04   -0.3148894049E-19
    0.9790000000E+00    0.2614080640E-21    0.1805025236E-22    0.7933048683E-07   -0.6693535150E+19   -0.3477654812E-17   -0.1749744065E-02   -0.6745561329E-18
    0.9790000000E+00    0.2801037871E-21    0.1934119387E-22    0.8117833125E-07   -0.1028152823E+21   -0.5723854641E-16   -0.2879894994E-01   -0.1189652767E-16
    0.9790000000E+00    0.3001366153E-21    0.2072446262E-22    0.8306921749E-07   -0.1435703268E+22   -0.8564373771E-15   -0.4309071194E+00   -0.1907336131E-15
    0.9790000000E+00    0.3216021775E-21    0.2220666179E-22    0.8500414813E-07   -0.1846672227E+23   -0.1180377009E-13   -0.5938938096E+01   -0.2816776343E-14
    0.9790000000E+00    0.3446029418E-21    0.2379486681E-22    0.8698414910E-07   -0.2187726337E+24   -0.1498386733E-12   -0.7538969318E+02   -0.3831382771E-13
    0.9790000000E+00    0.3692487048E-21    0.2549665916E-22    0.8901027021E-07   -0.6568060135E+24   -0.4820233140E-12   -0.2425247698E+03   -0.1320686283E-12
    0.9790000000E+00    0.3956571157E-21    0.2732016250E-22    0.9108358575E-07   -0.3689210463E+24   -0.2901111065E-12   -0.1459662371E+03   -0.8517182997E-13
    0.9790000000E+00    0.4239542377E-21    0.2927408154E-22    0.9320519501E-07    0.4838631590E+25    0.4077119872E-11    0.2051358367E+04    0.1282581890E-11
    0.9790000000E+00    0.4542751502E-21    0.3136774352E-22    0.9537622289E-07    0.5516344480E+26    0.4980607322E-10    0.2505938217E+05    0.1678857850E-10
    0.9790000000E+00    0.4867645933E-21    0.3361114274E-22    0.9759782052E-07    0.4668753175E+27    0.4516810167E-09    0.2272583741E+06    0.1631411282E-09
    0.9790000000E+00    0.5215776589E-21    0.3601498832E-22    0.9987116580E-07    0.3531317374E+28    0.3660729804E-08    0.1841856249E+07    0.1416769823E-08
    0.9790000000E+00    0.5588805307E-21    0.3859075526E-22    0.1021974641E-06    0.2462325316E+29    0.2735119804E-07    0.1376145679E+08    0.1134247882E-07
    0.9790000000E+00    0.5988512779E-21    0.4135073927E-22    0.1045779488E-06    0.1594987795E+30    0.1898402461E-06    0.9551604796E+08    0.8435676392E-07
    0.9790000000E+00    0.6416807053E-21    0.4430811541E-22    0.1070138822E-06    0.9623501029E+30    0.1227337549E-05    0.6175214928E+09    0.5843804035E-06
    0.9790000000E+00    0.6875732635E-21    0.4747700104E-22    0.1095065557E-06    0.5415347072E+31    0.7400434513E-05    0.3723447859E+10    0.3775624911E-05
    0.9790000000E+00    0.7367480256E-21    0.5087252317E-22    0.1120572911E-06    0.2843820191E+32    0.4164214166E-04    0.2095178911E+11    0.2276484408E-04
    0.9790000000E+00    0.7894397325E-21    0.5451089068E-22    0.1146674407E-06    0.1393731531E+33    0.2186804955E-03    0.1100267047E+12    0.1280978003E-03
    0.9790000000E+00    0.8458999137E-21    0.5840947171E-22    0.1173383885E-06    0.6371118279E+33    0.1071140873E-02    0.5389328403E+12    0.6723233809E-03
    0.9790000000E+00    0.9063980879E-21    0.6258687655E-22    0.1200715507E-06    0.2713309456E+34    0.4887989364E-02    0.2459338502E+13    0.3287470581E-02
    0.9790000000E+00    0.9712230494E-21    0.6706304648E-22    0.1228683764E-06    0.1069860320E+35    0.2065180445E-01    0.1039073002E+14    0.1488297071E-01
    0.9790000000E+00    0.1040684247E-20    0.7185934897E-22    0.1257303485E-06    0.2861236399E+35    0.5918132240E-01    0.2977643648E+14    0.4570000926E-01
    0.9790000000E+00    0.1115113261E-20    0.7699867968E-22    0.1286589846E-06    0.4832706695E+35    0.1071078648E+00    0.5389015325E+14    0.8862433404E-01
    0.9790000000E+00    0.1194865387E-20    0.8250557175E-22    0.1316558373E-06    0.6002791358E+35    0.1425555640E+00    0.7172527620E+14    0.1263908968E+00
    0.9790000000E+00    0.1280321329E-20    0.8840631292E-22    0.1347224957E-06    0.6098446423E+35    0.1551851415E+00    0.7807971032E+14    0.1474286062E+00
    0.9790000000E+00    0.1371889021E-20    0.9472907100E-22    0.1378605858E-06    0.5906356945E+35    0.1610462488E+00    0.8102866250E+14    0.1639389829E+00
    0.9790000000E+00    0.1470005571E-20    0.1015040283E-21    0.1410717713E-06    0.4956929974E+35    0.1448250568E+00    0.7286714677E+14    0.1579702591E+00
    0.9790000000E+00    0.1575139348E-20    0.1087635259E-21    0.1443577550E-06    0.3293452430E+35    0.1031056154E+00    0.5187646514E+14    0.1205074625E+00
    0.9790000000E+00    0.1687792220E-20    0.1165422177E-21    0.1477202791E-06    0.1776506604E+35    0.5959334320E-01    0.2998374025E+14    0.7463273773E-01
    0.9790000000E+00    0.1808501947E-20    0.1248772362E-21    0.1511611264E-06    0.7776633725E+34    0.2795262307E-01    0.1406405723E+14    0.3751061557E-01
    0.9790000000E+00    0.1937844750E-20    0.1338083694E-21    0.1546821213E-06    0.2690104729E+34    0.1036096274E-01    0.5213005326E+13    0.1489812915E-01
    0.9790000000E+00    0.2076438060E-20    0.1433782510E-21    0.1582851308E-06    0.5333161580E+33    0.2200977818E-02    0.1107397968E+13    0.3391152251E-02
    0.9790000000E+00    0.2224943467E-20    0.1536325639E-21    0.1619720651E-06    0.8817097068E+30    0.3899029723E-05    0.1961754252E+10    0.6437069065E-05
    0.9790000000E+00    0.2384069878E-20    0.1646202581E-21    0.1657448792E-06    0.2150200608E+30    0.1018849189E-05    0.5126228502E+09    0.1802359945E-05
    0.9790000000E+00    0.2554576900E-20    0.1763937846E-21    0.1696055734E-06    0.4278344602E+29    0.2172234395E-06    0.1092936029E+09    0.4117544571E-06
    0.9790000000E+00    0.2737278465E-20    0.1890093455E-21    0.1735561947E-06    0.5169327516E+28    0.2812321537E-07    0.1414988889E+08    0.5712110441E-07
    0.9790000000E+00    0.2933046719E-20    0.2025271626E-21    0.1775988378E-06    0.1266394792E+28    0.7382441935E-08    0.3714395090E+07    0.1606688417E-07
    0.9790000000E+00    0.3142816182E-20    0.2170117645E-21    0.1817356462E-06    0.2777727770E+27    0.1735084398E-08    0.8729887787E+06    0.4046245482E-08
    0.9790000000E+00    0.3367588212E-20    0.2325322952E-21    0.1859688132E-06    0.6668869052E+26    0.4463577850E-09    0.2245800481E+06    0.1115359156E-08
    0.9790000000E+00    0.3608435782E-20    0.2491628434E-21    0.1903005833E-06    0.1024635841E+26    0.7348529923E-10    0.3697332631E+05    0.1967578598E-09
    0.9790000000E+00    0.3866508602E-20    0.2669827968E-21    0.1947332533E-06    0.3520021221E+25    0.2705055660E-10    0.1361019233E+05    0.7760823892E-10
