    0.9990000000E+00    0.4143038610E-23    0.2860772210E-24    0.1992691735E-07    0.0000000000E+00    0.0000000000E+00    0.0000000000E+00    0.0000000000E+00
    0.9990000000E+00    0.4439345853E-23    0.3065372650E-24    0.2039107488E-07    0.0000000000E+00    0.0000000000E+00    0.0000000000E+00    0.0000000000E+00
    0.9990000000E+00    0.4756844785E-23    0.3284605973E-24    0.2086604403E-07    0.0000000000E+00    0.0000000000E+00    0.0000000000E+00    0.0000000000E+00
    0.9990000000E+00    0.5097051019E-23    0.3519518710E-24    0.2135207663E-07    0.0000000000E+00    0.0000000000E+00    0.0000000000E+00    0.0000000000E+00
    0.9990000000E+00    0.5461588566E-23    0.3771232243E-24    0.2184943039E-07    0.0000000000E+00    0.0000000000E+00    0.0000000000E+00    0.0000000000E+00
    0.9990000000E+00    0.5852197586E-23    0.4040948153E-24    0.2235836900E-07    0.0000000000E+00    0.0000000000E+00    0.0000000000E+00    0.0000000000E+00
    0.9990000000E+00    0.6270742692E-23    0.4329953957E-24    0.2287916232E-07    0.0000000000E+00    0.0000000000E+00    0.0000000000E+00    0.0000000000E+00
    0.9990000000E+00    0.6719221852E-23    0.4639629256E-24    0.2341208647E-07    0.0000000000E+00    0.0000000000E+00    0.0000000000E+00    0.0000000000E+00
    0.9990000000E+00    0.7199775931E-23    0.4971452317E-24    0.2395742402E-07    0.0000000000E+00    0.0000000000E+00    0.0000000000E+00    0.0000000000E+00
    0.9990000000E+00    0.7714698903E-23    0.5327007132E-24    0.2451546411E-07    0.0000000000E+00    0.0000000000E+00    0.0000000000E+00    0.0000000000E+00
    0.9990000000E+00    0.8266448809E-23    0.5707990981E-24    0.2508650263E-07    0.0000000000E+00    0.0000000000E+00    0.0000000000E+00    0.0000000000E+00
    0.9990000000E+00    0.8857659485E-23    0.6116222531E-24    0.2567084234E-07    0.0000000000E+00    0.0000000000E+00    0.0000000000E+00    0.0000000000E+00
    0.9990000000E+00    0.9491153137E-23    0.6553650517E-24    0.2626879307E-07    0.0000000000E+00    0.0000000000E+00    0.0000000000E+00    0.0000000000E+00
    0.9990000000E+00    0.1016995382E-22    0.7022363048E-24    0.2688067187E-07    0.0000000000E+00    0.0000000000E+00    0.0000000000E+00    0.0000000000E+00
    0.9990000000E+00    0.1089730185E-22    0.7524597575E-24    0.2750680315E-07    0.0000000000E+00    0.0000000000E+00    0.0000000000E+00    0.0000000000E+00
    0.9990000000E+00    0.1167666930E-22    0.8062751566E-24    0.2814751890E-07    0.0000000000E+00    0.0000000000E+00    0.0000000000E+00    0.0000000000E+00
    0.9990000000E+00    0.1251177658E-22    0.8639393956E-24    0.2880315884E-07    0.0000000000E+00    0.0000000000E+00    0.0000000000E+00    0.0000000000E+00
    0.9990000000E+00    0.1340661015E-22    0.9257277409E-24    0.2947407060E-07    0.0000000000E+00    0.0000000000E+00    0.0000000000E+00    0.0000000000E+00
    0.9990000000E+00    0.1436544159E-22    0.9919351458E-24    0.3016060990E-07    0.0000000000E+00    0.0000000000E+00    0.0000000000E+00    0.0000000000E+00
    0.9990000000E+00    0.1539284799E-22    0.1062877658E-23    0.3086314075E-07    0.0000000000E+00    0.0000000000E+00    0.0000000000E+00    0.0000000000E+00
    0.9990000000E+00    0.1649373379E-22    0.1138893930E-23    0.3158203565E-07    0.0000000000E+00    0.0000000000E+00    0.0000000000E+00    0.0000000000E+00
    0.9990000000E+00    0.1767335417E-22    0.1220346833E-23    0.3231767576E-07    0.0000000000E+00    0.0000000000E+00    0.0000000000E+00    0.0000000000E+00
    0.9990000000E+00    0.1893734018E-22    0.1307625190E-23    0.3307045113E-07    0.0000000000E+00    0.0000000000E+00    0.0000000000E+00    0.0000000000E+00
    0.9990000000E+00    0.2029172559E-22    0.1401145635E-23    0.3384076090E-07    0.0000000000E+00    0.0000000000E+00    0.0000000000E+00    0.0000000000E+00
    0.9990000000E+00    0.2174297571E-22    0.1501354598E-23    0.3462901348E-07    0.0000000000E+00    0.0000000000E+00    0.0000000000E+00    0.0000000000E+00
    0.9990000000E+00    0.2329801823E-22    0.1608730435E-23    0.3543562682E-07    0.0000000000E+00    0.0000000000E+00    0.0000000000E+00    0.0000000000E+00
    0.9990000000E+00    0.2496427630E-22    0.1723785718E-23    0.3626102861E-07    0.0000000000E+00    0.0000000000E+00    0.0000000000E+00    0.0000000000E+00
    0.9990000000E+00    0.2674970400E-22    0.1847069675E-23    0.3710565646E-07    0.0000000000E+00    0.0000000000E+00    0.0000000000E+00    0.0000000000E+00
    0.9990000000E+00    0.2866282424E-22    0.1979170815E-23    0.3796995823E-07    0.0000000000E+00    0.0000000000E+00    0.0000000000E+00    0.0000000000E+00
    0.9990000000E+00    0.3071276952E-22    0.2120719737E-23    0.3885439218E-07    0.0000000000E+00    0.0000000000E+00    0.0000000000E+00    0.0000000000E+00
    0.9990000000E+00    0.3290932546E-22    0.2272392139E-23    0.3975942724E-07    0.0000000000E+00    0.0000000000E+00    0.0000000000E+00    0.0000000000E+00
    0.9990000000E+00    0.3526297755E-22    0.2434912046E-23    0.4068554327E-07    0.0000000000E+00    0.0000000000E+00    0.0000000000E+00    0.0000000000E+00
    0.9990000000E+00    0.3778496121E-22    0.2609055264E-23    0.4163323131E-07    0.0000000000E+00    0.0000000000E+00    0.0000000000E+00    0.0000000000E+00
    0.9990000000E+00    0.4048731538E-22    0.2795653084E-23    0.4260299385E-07    0.1847914433E-15    0.1487006207E-52    0.7481709443E-38    0.4402086605E-54
    0.9990000000E+00    0.4338294005E-22    0.2995596250E-23    0.4359534505E-07    0.1183258938E-13    0.1020259665E-50    0.5133325155E-36    0.3236357718E-52
    0.9990000000E+00    0.4648565778E-22    0.3209839213E-23    0.4461081109E-07   -0.4693575712E-13   -0.4336454079E-50   -0.2181839543E-35   -0.1473942538E-51
    0.9990000000E+00    0.4981027973E-22    0.3439404683E-23    0.4564993037E-07   -0.5877912708E-11   -0.5819076358E-48   -0.2927804762E-33   -0.2119336204E-49
    0.9990000000E+00    0.5337267633E-22    0.3685388516E-23    0.4671325384E-07    0.5290545833E-12    0.5612177587E-49    0.2823705903E-34    0.2190166875E-50
    0.9990000000E+00    0.5718985306E-22    0.3948964943E-23    0.4780134531E-07    0.1609209205E-08    0.1829125195E-45    0.9203043795E-31    0.7648728283E-47
    0.9990000000E+00    0.6128003161E-22    0.4231392172E-23    0.4891478167E-07    0.1683139580E-08    0.2049986763E-45    0.1031428467E-30    0.9185374293E-47
    0.9990000000E+00    0.6566273690E-22    0.4534018400E-23    0.5005415331E-07   -0.2350906838E-06   -0.3068077623E-43   -0.1543669772E-28   -0.1473031874E-44
    0.9990000000E+00    0.7035889022E-22    0.4858288246E-23    0.5122006431E-07   -0.3462477218E-04   -0.4841922663E-41   -0.2436160545E-26   -0.2490942196E-42
    0.9990000000E+00    0.7539090917E-22    0.5205749646E-23    0.5241313287E-07   -0.1184565291E-02   -0.1774965545E-39   -0.8930545427E-25   -0.9784434456E-41
    0.9990000000E+00    0.8078281461E-22    0.5578061244E-23    0.5363399157E-07    0.1115171701E-04    0.1790493150E-41    0.9008670876E-27    0.1057592750E-42
    0.9990000000E+00    0.8656034539E-22    0.5977000309E-23    0.5488328773E-07    0.2079085482E+00    0.3576870934E-37    0.1799663574E-22    0.2263857418E-38
    0.9990000000E+00    0.9275108115E-22    0.6404471218E-23    0.5616168372E-07    0.1360715142E+02    0.2508407795E-35    0.1262078006E-20    0.1701155223E-36
    0.9990000000E+00    0.9938457404E-22    0.6862514550E-23    0.5746985739E-07    0.1991867490E+02    0.3934516466E-35    0.1979609020E-20    0.2859151501E-36
    0.9990000000E+00    0.1064924897E-21    0.7353316823E-23    0.5880850233E-07   -0.5382020671E+03   -0.1139137858E-33   -0.5731447810E-19   -0.8869968683E-35
    0.9990000000E+00    0.1141087586E-21    0.7879220933E-23    0.6017832832E-07   -0.3426342622E+05   -0.7770728091E-32   -0.3909757032E-17   -0.6483470122E-33
    0.9990000000E+00    0.1222697377E-21    0.8442737340E-23    0.6158006166E-07   -0.1771053766E+07   -0.4303904932E-30   -0.2165462795E-15   -0.3847764389E-31
    0.9990000000E+00    0.1310143844E-21    0.9046556049E-23    0.6301444556E-07   -0.8227723701E+08   -0.2142449643E-28   -0.1077950156E-13   -0.2052373621E-29
    0.9990000000E+00    0.1403844422E-21    0.9693559452E-23    0.6448224056E-07   -0.2356106433E+10   -0.6573941406E-27   -0.3307606873E-12   -0.6747946490E-28
    0.9990000000E+00    0.1504246400E-21    0.1038683609E-22    0.6598422489E-07   -0.2913163973E+10   -0.8709552759E-27   -0.4382116417E-12   -0.9579473833E-28
    0.9990000000E+00    0.1611829057E-21    0.1112969539E-22    0.6752119493E-07    0.4556459858E+11    0.1459682739E-25    0.7344234396E-11    0.1720300334E-26
    0.9990000000E+00    0.1727105951E-21    0.1192568347E-22    0.6909396560E-07    0.1631325614E+13    0.5599787917E-24    0.2817472176E-09    0.7071595003E-25
    0.9990000000E+00    0.1850627369E-21    0.1277860007E-22    0.7070337081E-07    0.4496966275E+14    0.1654057316E-22    0.8322208866E-08    0.2238186932E-23
    0.9990000000E+00    0.1982982953E-21    0.1369251667E-22    0.7235026388E-07    0.1117908997E+16    0.4405927792E-21    0.2216794484E-06    0.6388268722E-22
    0.9990000000E+00    0.2124804516E-21    0.1467179595E-22    0.7403551802E-07    0.1128429991E+17    0.4765467850E-20    0.2397693140E-05    0.7403743172E-21
    0.9990000000E+00    0.2276769058E-21    0.1572111260E-22    0.7576002677E-07    0.9216254692E+16    0.4170473749E-20    0.2098328352E-05    0.6942744660E-21
    0.9990000000E+00    0.2439602000E-21    0.1684547565E-22    0.7752470448E-07   -0.1561528944E+18   -0.7571483191E-19   -0.3809509135E-04   -0.1350600057E-19
    0.9990000000E+00    0.2614080640E-21    0.1805025236E-22    0.7933048683E-07   -0.3212355818E+19   -0.1668993203E-17   -0.8397357151E-03   -0.3190071147E-18
    0.9990000000E+00    0.2801037871E-21    0.1934119387E-22    0.8117833125E-07   -0.5087639257E+20   -0.2832352052E-16   -0.1425067023E-01   -0.5800868691E-17
    0.9990000000E+00    0.3001366153E-21    0.2072446262E-22    0.8306921749E-07   -0.7277024863E+21   -0.4340949991E-15   -0.2184101612E+00   -0.9526438844E-16
    0.9990000000E+00    0.3216021775E-21    0.2220666179E-22    0.8500414813E-07   -0.9576361079E+22   -0.6121127656E-14   -0.3079778576E+01   -0.1439385880E-14
    0.9990000000E+00    0.3446029418E-21    0.2379486681E-22    0.8698414910E-07   -0.1164237735E+24   -0.7973933242E-13   -0.4011997486E+02   -0.2009177919E-13
    0.9990000000E+00    0.3692487048E-21    0.2549665916E-22    0.8901027021E-07   -0.5485744621E+24   -0.4025932692E-12   -0.2025604096E+03   -0.1086956868E-12
    0.9990000000E+00    0.3956571157E-21    0.2732016250E-22    0.9108358575E-07   -0.4763128394E+24   -0.3745615662E-12   -0.1884565642E+03   -0.1083600043E-12
    0.9990000000E+00    0.4239542377E-21    0.2927408154E-22    0.9320519501E-07    0.2308911650E+25    0.1945531375E-11    0.9788728783E+03    0.6030926561E-12
    0.9990000000E+00    0.4542751502E-21    0.3136774352E-22    0.9537622289E-07    0.3117403542E+26    0.2814647085E-10    0.1416158962E+05    0.9349098805E-11
    0.9990000000E+00    0.4867645933E-21    0.3361114274E-22    0.9759782052E-07    0.2746078179E+27    0.2656707984E-09    0.1336693628E+06    0.9455611543E-10
    0.9990000000E+00    0.5215776589E-21    0.3601498832E-22    0.9987116580E-07    0.2129002649E+28    0.2207024355E-08    0.1110440218E+07    0.8416914720E-09
    0.9990000000E+00    0.5588805307E-21    0.3859075526E-22    0.1021974641E-06    0.1516742164E+29    0.1684778004E-07    0.8476776656E+07    0.6884754920E-08
    0.9990000000E+00    0.5988512779E-21    0.4135073927E-22    0.1045779488E-06    0.1002827859E+30    0.1193595889E-06    0.6005447450E+08    0.5226405659E-07
    0.9990000000E+00    0.6416807053E-21    0.4430811541E-22    0.1070138822E-06    0.6173107083E+30    0.7872899989E-06    0.3961163707E+09    0.3693860888E-06
    0.9990000000E+00    0.6875732635E-21    0.4747700104E-22    0.1095065557E-06    0.3542933162E+31    0.4841655484E-05    0.2436026116E+10    0.2434107107E-05
    0.9990000000E+00    0.7367480256E-21    0.5087252317E-22    0.1120572911E-06    0.1897156235E+32    0.2778011386E-04    0.1397726111E+11    0.1496510687E-04
    0.9990000000E+00    0.7894397325E-21    0.5451089068E-22    0.1146674407E-06    0.9479296107E+32    0.1487328889E-03    0.7483332983E+11    0.8585247400E-04
    0.9990000000E+00    0.8458999137E-21    0.5840947171E-22    0.1173383885E-06    0.4417533650E+33    0.7426954962E-03    0.3736791334E+12    0.4593636135E-03
    0.9990000000E+00    0.9063980879E-21    0.6258687655E-22    0.1200715507E-06    0.1917996413E+34    0.3455243944E-02    0.1738468281E+13    0.2289942174E-02
    0.9990000000E+00    0.9712230494E-21    0.6706304648E-22    0.1228683764E-06    0.7745501368E+34    0.1495135175E-01    0.7522609458E+13    0.1061759756E-01
    0.9990000000E+00    0.1040684247E-20    0.7185934897E-22    0.1257303485E-06    0.2369713910E+35    0.4901475563E-01    0.2466123936E+14    0.3729689200E-01
    0.9990000000E+00    0.1115113261E-20    0.7699867968E-22    0.1286589846E-06    0.4372968588E+35    0.9691863336E-01    0.4876355264E+14    0.7902292170E-01
    0.9990000000E+00    0.1194865387E-20    0.8250557175E-22    0.1316558373E-06    0.5790532147E+35    0.1375147871E+00    0.6918906435E+14    0.1201420954E+00
    0.9990000000E+00    0.1280321329E-20    0.8840631292E-22    0.1347224957E-06    0.6040950807E+35    0.1537220697E+00    0.7734358168E+14    0.1439070347E+00
    0.9990000000E+00    0.1371889021E-20    0.9472907100E-22    0.1378605858E-06    0.5917768056E+35    0.1613573910E+00    0.8118521028E+14    0.1618581843E+00
    0.9990000000E+00    0.1470005571E-20    0.1015040283E-21    0.1410717713E-06    0.5193337105E+35    0.1517320893E+00    0.7634234476E+14    0.1630884627E+00
    0.9990000000E+00    0.1575139348E-20    0.1087635259E-21    0.1443577550E-06    0.3612381611E+35    0.1130900892E+00    0.5690004416E+14    0.1302477854E+00
    0.9990000000E+00    0.1687792220E-20    0.1165422177E-21    0.1477202791E-06    0.2029744259E+35    0.6808826153E-01    0.3425786570E+14    0.8402684300E-01
    0.9990000000E+00    0.1808501947E-20    0.1248772362E-21    0.1511611264E-06    0.9238771300E+34    0.3320818505E-01    0.1670833588E+14    0.4391278097E-01
    0.9990000000E+00    0.1937844750E-20    0.1338083694E-21    0.1546821213E-06    0.3338635693E+34    0.1285878562E-01    0.6469757649E+13    0.1821989027E-01
    0.9990000000E+00    0.2076438060E-20    0.1433782510E-21    0.1582851308E-06    0.7587478642E+33    0.3131326876E-02    0.1575492943E+13    0.4754164521E-02
    0.9990000000E+00    0.2224943467E-20    0.1536325639E-21    0.1619720651E-06    0.6918781613E+31    0.3059571075E-04    0.1539389795E+11    0.4977443599E-04
    0.9990000000E+00    0.2384069878E-20    0.1646202581E-21    0.1657448792E-06    0.2456929246E+30    0.1164189221E-05    0.5857491009E+09    0.2029408033E-05
    0.9990000000E+00    0.2554576900E-20    0.1763937846E-21    0.1696055734E-06    0.4949312876E+29    0.2512903626E-06    0.1264340034E+09    0.4693768155E-06
    0.9990000000E+00    0.2737278465E-20    0.1890093455E-21    0.1735561947E-06    0.5824835339E+28    0.3168944089E-07    0.1594419634E+08    0.6342498570E-07
    0.9990000000E+00    0.2933046719E-20    0.2025271626E-21    0.1775988378E-06    0.1426962726E+28    0.8318471882E-08    0.4185348342E+07    0.1783977424E-07
    0.9990000000E+00    0.3142816182E-20    0.2170117645E-21    0.1817356462E-06    0.3128088342E+27    0.1953934196E-08    0.9831006661E+06    0.4490097120E-08
    0.9990000000E+00    0.3367588212E-20    0.2325322952E-21    0.1859688132E-06    0.7509711558E+26    0.5026366826E-09    0.2528961612E+06    0.1237656085E-08
    0.9990000000E+00    0.3608435782E-20    0.2491628434E-21    0.1903005833E-06    0.1162671437E+26    0.8338499892E-10    0.4195425217E+05    0.2200055965E-09
    0.9990000000E+00    0.3866508602E-20    0.2669827968E-21    0.1947332533E-06    0.4021922845E+25    0.3090755558E-10    0.1555079927E+05    0.8737968204E-10
