    0.9190000000E+00    0.4143038610E-23    0.2860772210E-24    0.1992691735E-07    0.0000000000E+00    0.0000000000E+00    0.0000000000E+00    0.0000000000E+00
    0.9190000000E+00    0.4439345853E-23    0.3065372650E-24    0.2039107488E-07    0.0000000000E+00    0.0000000000E+00    0.0000000000E+00    0.0000000000E+00
    0.9190000000E+00    0.4756844785E-23    0.3284605973E-24    0.2086604403E-07    0.0000000000E+00    0.0000000000E+00    0.0000000000E+00    0.0000000000E+00
    0.9190000000E+00    0.5097051019E-23    0.3519518710E-24    0.2135207663E-07    0.0000000000E+00    0.0000000000E+00    0.0000000000E+00    0.0000000000E+00
    0.9190000000E+00    0.5461588566E-23    0.3771232243E-24    0.2184943039E-07    0.0000000000E+00    0.0000000000E+00    0.0000000000E+00    0.0000000000E+00
    0.9190000000E+00    0.5852197586E-23    0.4040948153E-24    0.2235836900E-07    0.0000000000E+00    0.0000000000E+00    0.0000000000E+00    0.0000000000E+00
    0.9190000000E+00    0.6270742692E-23    0.4329953957E-24    0.2287916232E-07    0.0000000000E+00    0.0000000000E+00    0.0000000000E+00    0.0000000000E+00
    0.9190000000E+00    0.6719221852E-23    0.4639629256E-24    0.2341208647E-07    0.0000000000E+00    0.0000000000E+00    0.0000000000E+00    0.0000000000E+00
    0.9190000000E+00    0.7199775931E-23    0.4971452317E-24    0.2395742402E-07    0.0000000000E+00    0.0000000000E+00    0.0000000000E+00    0.0000000000E+00
    0.9190000000E+00    0.7714698903E-23    0.5327007132E-24    0.2451546411E-07    0.0000000000E+00    0.0000000000E+00    0.0000000000E+00    0.0000000000E+00
    0.9190000000E+00    0.8266448809E-23    0.5707990981E-24    0.2508650263E-07    0.0000000000E+00    0.0000000000E+00    0.0000000000E+00    0.0000000000E+00
    0.9190000000E+00    0.8857659485E-23    0.6116222531E-24    0.2567084234E-07    0.0000000000E+00    0.0000000000E+00    0.0000000000E+00    0.0000000000E+00
    0.9190000000E+00    0.9491153137E-23    0.6553650517E-24    0.2626879307E-07    0.0000000000E+00    0.0000000000E+00    0.0000000000E+00    0.0000000000E+00
    0.9190000000E+00    0.1016995382E-22    0.7022363048E-24    0.2688067187E-07    0.0000000000E+00    0.0000000000E+00    0.0000000000E+00    0.0000000000E+00
    0.9190000000E+00    0.1089730185E-22    0.7524597575E-24    0.2750680315E-07    0.0000000000E+00    0.0000000000E+00    0.0000000000E+00    0.0000000000E+00
    0.9190000000E+00    0.1167666930E-22    0.8062751566E-24    0.2814751890E-07    0.0000000000E+00    0.0000000000E+00    0.0000000000E+00    0.0000000000E+00
    0.9190000000E+00    0.1251177658E-22    0.8639393956E-24    0.2880315884E-07    0.0000000000E+00    0.0000000000E+00    0.0000000000E+00    0.0000000000E+00
    0.9190000000E+00    0.1340661015E-22    0.9257277409E-24    0.2947407060E-07    0.0000000000E+00    0.0000000000E+00    0.0000000000E+00    0.0000000000E+00
    0.9190000000E+00    0.1436544159E-22    0.9919351458E-24    0.3016060990E-07    0.0000000000E+00    0.0000000000E+00    0.0000000000E+00    0.0000000000E+00
    0.9190000000E+00    0.1539284799E-22    0.1062877658E-23    0.3086314075E-07    0.0000000000E+00    0.0000000000E+00    0.0000000000E+00    0.0000000000E+00
    0.9190000000E+00    0.1649373379E-22    0.1138893930E-23    0.3158203565E-07    0.0000000000E+00    0.0000000000E+00    0.0000000000E+00    0.0000000000E+00
    0.9190000000E+00    0.1767335417E-22    0.1220346833E-23    0.3231767576E-07    0.0000000000E+00    0.0000000000E+00    0.0000000000E+00    0.0000000000E+00
    0.9190000000E+00    0.1893734018E-22    0.1307625190E-23    0.3307045113E-07    0.0000000000E+00    0.0000000000E+00    0.0000000000E+00    0.0000000000E+00
    0.9190000000E+00    0.2029172559E-22    0.1401145635E-23    0.3384076090E-07    0.0000000000E+00    0.0000000000E+00    0.0000000000E+00    0.0000000000E+00
    0.9190000000E+00    0.2174297571E-22    0.1501354598E-23    0.3462901348E-07    0.0000000000E+00    0.0000000000E+00    0.0000000000E+00    0.0000000000E+00
    0.9190000000E+00    0.2329801823E-22    0.1608730435E-23    0.3543562682E-07    0.0000000000E+00    0.0000000000E+00    0.0000000000E+00    0.0000000000E+00
    0.9190000000E+00    0.2496427630E-22    0.1723785718E-23    0.3626102861E-07    0.0000000000E+00    0.0000000000E+00    0.0000000000E+00    0.0000000000E+00
    0.9190000000E+00    0.2674970400E-22    0.1847069675E-23    0.3710565646E-07    0.0000000000E+00    0.0000000000E+00    0.0000000000E+00    0.0000000000E+00
    0.9190000000E+00    0.2866282424E-22    0.1979170815E-23    0.3796995823E-07    0.0000000000E+00    0.0000000000E+00    0.0000000000E+00    0.0000000000E+00
    0.9190000000E+00    0.3071276952E-22    0.2120719737E-23    0.3885439218E-07    0.0000000000E+00    0.0000000000E+00    0.0000000000E+00    0.0000000000E+00
    0.9190000000E+00    0.3290932546E-22    0.2272392139E-23    0.3975942724E-07   -0.2136827539E-15   -0.1397656331E-52   -0.7032155292E-38   -0.3607251203E-54
    0.9190000000E+00    0.3526297755E-22    0.2434912046E-23    0.4068554327E-07   -0.9249069993E-15   -0.6482297965E-52   -0.3261497475E-37   -0.1792689112E-53
    0.9190000000E+00    0.3778496121E-22    0.2609055264E-23    0.4163323131E-07   -0.1365486622E-14   -0.1025459171E-51   -0.5159485904E-37   -0.3038745750E-53
    0.9190000000E+00    0.4048731538E-22    0.2795653084E-23    0.4260299385E-07    0.1338839561E-12    0.1077356560E-49    0.5420601954E-35    0.3420861186E-51
    0.9190000000E+00    0.4338294005E-22    0.2995596250E-23    0.4359534505E-07    0.4918484233E-13    0.4240940774E-50    0.2133783066E-35    0.1442906528E-51
    0.9190000000E+00    0.4648565778E-22    0.3209839213E-23    0.4461081109E-07   -0.4935077615E-10   -0.4559580747E-47   -0.2294103291E-32   -0.1662267455E-48
    0.9190000000E+00    0.4981027973E-22    0.3439404683E-23    0.4564993037E-07   -0.7209270751E-10   -0.7137107860E-47   -0.3590957927E-32   -0.2788035190E-48
    0.9190000000E+00    0.5337267633E-22    0.3685388516E-23    0.4671325384E-07    0.7812548332E-08    0.8287501901E-45    0.4169766134E-30    0.3468962715E-46
    0.9190000000E+00    0.5718985306E-22    0.3948964943E-23    0.4780134531E-07    0.2626574118E-07    0.2985524121E-44    0.1502133878E-29    0.1339049326E-45
    0.9190000000E+00    0.6128003161E-22    0.4231392172E-23    0.4891478167E-07   -0.6733807314E-06   -0.8201468268E-43   -0.4126479251E-28   -0.3941555080E-44
    0.9190000000E+00    0.6566273690E-22    0.4534018400E-23    0.5005415331E-07   -0.1011997340E-03   -0.1320718602E-40   -0.6645051506E-26   -0.6801211582E-42
    0.9190000000E+00    0.7035889022E-22    0.4858288246E-23    0.5122006431E-07   -0.6831532693E-02   -0.9553204508E-39   -0.4806590588E-24   -0.5271388998E-40
    0.9190000000E+00    0.7539090917E-22    0.5205749646E-23    0.5241313287E-07   -0.6571770664E-02   -0.9847212803E-39   -0.4954517652E-24   -0.5822229417E-40
    0.9190000000E+00    0.8078281461E-22    0.5578061244E-23    0.5363399157E-07    0.5725104124E+00    0.9192090967E-37    0.4624900251E-22    0.5823583468E-38
    0.9190000000E+00    0.8656034539E-22    0.5977000309E-23    0.5488328773E-07    0.4797790844E+02    0.8254147687E-35    0.4152984325E-20    0.5603356136E-36
    0.9190000000E+00    0.9275108115E-22    0.6404471218E-23    0.5616168372E-07    0.1307884529E+03    0.2411017298E-34    0.1213077040E-19    0.1753784862E-35
    0.9190000000E+00    0.9938457404E-22    0.6862514550E-23    0.5746985739E-07   -0.1338105861E+04   -0.2643147484E-33   -0.1329870810E-18   -0.2060143098E-34
    0.9190000000E+00    0.1064924897E-21    0.7353316823E-23    0.5880850233E-07   -0.9041058767E+05   -0.1913595831E-31   -0.9628048579E-17   -0.1598181897E-32
    0.9190000000E+00    0.1141087586E-21    0.7879220933E-23    0.6017832832E-07   -0.4554517754E+07   -0.1032935785E-29   -0.5197103670E-15   -0.9243773899E-31
    0.9190000000E+00    0.1222697377E-21    0.8442737340E-23    0.6158006166E-07   -0.2055665247E+09   -0.4995550088E-28   -0.2513456507E-13   -0.4790262454E-29
    0.9190000000E+00    0.1310143844E-21    0.9046556049E-23    0.6301444556E-07   -0.6953866886E+10   -0.1810745009E-26   -0.9110565895E-12   -0.1860515480E-27
    0.9190000000E+00    0.1403844422E-21    0.9693559452E-23    0.6448224056E-07   -0.1190855604E+11   -0.3322691562E-26   -0.1671775996E-11   -0.3658187988E-27
    0.9190000000E+00    0.1504246400E-21    0.1038683609E-22    0.6598422489E-07    0.9982776263E+11    0.2984573383E-25    0.1501655525E-10    0.3520936985E-26
    0.9190000000E+00    0.1611829057E-21    0.1112969539E-22    0.6752119493E-07    0.3758891042E+13    0.1204177924E-23    0.6058689803E-09    0.1522182245E-24
    0.9190000000E+00    0.1727105951E-21    0.1192568347E-22    0.6909396560E-07    0.1012621884E+15    0.3475987713E-22    0.1748905282E-07    0.4708192633E-23
    0.9190000000E+00    0.1850627369E-21    0.1277860007E-22    0.7070337081E-07    0.2447999009E+16    0.9004138396E-21    0.4530333966E-06    0.1306827162E-21
    0.9190000000E+00    0.1982982953E-21    0.1369251667E-22    0.7235026388E-07    0.2740120121E+17    0.1079942234E-19    0.5433611487E-05    0.1679486497E-20
    0.9190000000E+00    0.2124804516E-21    0.1467179595E-22    0.7403551802E-07    0.2563540644E+17    0.1082607749E-19    0.5447022736E-05    0.1804043986E-20
    0.9190000000E+00    0.2276769058E-21    0.1572111260E-22    0.7576002677E-07   -0.3082883737E+18   -0.1395044530E-18   -0.7019014304E-04   -0.2490944559E-19
    0.9190000000E+00    0.2439602000E-21    0.1684547565E-22    0.7752470448E-07   -0.6415109524E+19   -0.3110534333E-17   -0.1565031402E-02   -0.5951288310E-18
    0.9190000000E+00    0.2614080640E-21    0.1805025236E-22    0.7933048683E-07   -0.9919933372E+20   -0.5153943806E-16   -0.2593150578E-01   -0.1056612319E-16
    0.9190000000E+00    0.2801037871E-21    0.1934119387E-22    0.8117833125E-07   -0.1379898695E+22   -0.7682067657E-15   -0.3865148502E+00   -0.1687540167E-15
    0.9190000000E+00    0.3001366153E-21    0.2072446262E-22    0.8306921749E-07   -0.1764709387E+23   -0.1052698780E-13   -0.5296539024E+01   -0.2477879089E-14
    0.9190000000E+00    0.3216021775E-21    0.2220666179E-22    0.8500414813E-07   -0.2084555368E+24   -0.1332429867E-12   -0.6703975457E+02   -0.3360627291E-13
    0.9190000000E+00    0.3446029418E-21    0.2379486681E-22    0.8698414910E-07   -0.9355777803E+24   -0.6407827660E-12   -0.3224028554E+03   -0.1731756449E-12
    0.9190000000E+00    0.3692487048E-21    0.2549665916E-22    0.8901027021E-07   -0.8059421320E+24   -0.5914728084E-12   -0.2975930884E+03   -0.1712816250E-12
    0.9190000000E+00    0.3956571157E-21    0.2732016250E-22    0.9108358575E-07    0.3784436805E+25    0.2975994892E-11    0.1497339351E+04    0.9234389149E-12
    0.9190000000E+00    0.4239542377E-21    0.2927408154E-22    0.9320519501E-07    0.5014504995E+26    0.4225314034E-10    0.2125920643E+05    0.1404866262E-10
    0.9190000000E+00    0.4542751502E-21    0.3136774352E-22    0.9537622289E-07    0.4311860261E+27    0.3893100380E-09    0.1958770968E+06    0.1386984452E-09
    0.9190000000E+00    0.4867645933E-21    0.3361114274E-22    0.9759782052E-07    0.3258972312E+28    0.3152910150E-08    0.1586352332E+07    0.1203614983E-08
    0.9190000000E+00    0.5215776589E-21    0.3601498832E-22    0.9987116580E-07    0.2262790816E+29    0.2345715466E-07    0.1180221136E+08    0.9595140141E-08
    0.9190000000E+00    0.5588805307E-21    0.3859075526E-22    0.1021974641E-06    0.1458238502E+30    0.1619792877E-06    0.8149811080E+08    0.7099626073E-07
    0.9190000000E+00    0.5988512779E-21    0.4135073927E-22    0.1045779488E-06    0.8751998731E+30    0.1041689220E-05    0.5241145624E+09    0.4892312170E-06
    0.9190000000E+00    0.6416807053E-21    0.4430811541E-22    0.1070138822E-06    0.4899834359E+31    0.6249025871E-05    0.3144129167E+10    0.3144765842E-05
    0.9190000000E+00    0.6875732635E-21    0.4747700104E-22    0.1095065557E-06    0.2561185292E+32    0.3500031259E-04    0.1761002530E+11    0.1887330307E-04
    0.9190000000E+00    0.7367480256E-21    0.5087252317E-22    0.1120572911E-06    0.1250351890E+33    0.1830893905E-03    0.9211942863E+11    0.1057886731E-03
    0.9190000000E+00    0.7894397325E-21    0.5451089068E-22    0.1146674407E-06    0.5699500989E+33    0.8942681375E-03    0.4499412536E+12    0.5536607646E-03
    0.9190000000E+00    0.8458999137E-21    0.5840947171E-22    0.1173383885E-06    0.2423524102E+34    0.4074537010E-02    0.2050058828E+13    0.2703051112E-02
    0.9190000000E+00    0.9063980879E-21    0.6258687655E-22    0.1200715507E-06    0.9595552873E+34    0.1728625546E-01    0.8697390776E+13    0.1228787876E-01
    0.9190000000E+00    0.9712230494E-21    0.6706304648E-22    0.1228683764E-06    0.2710750658E+35    0.5232635651E-01    0.2632743521E+14    0.3985625481E-01
    0.9190000000E+00    0.1040684247E-20    0.7185934897E-22    0.1257303485E-06    0.4774682642E+35    0.9875871594E-01    0.4968937010E+14    0.8060304068E-01
    0.9190000000E+00    0.1115113261E-20    0.7699867968E-22    0.1286589846E-06    0.6164002146E+35    0.1366135274E+00    0.6873560537E+14    0.1194729799E+00
    0.9190000000E+00    0.1194865387E-20    0.8250557175E-22    0.1316558373E-06    0.6372964377E+35    0.1513465114E+00    0.7614834547E+14    0.1418235675E+00
    0.9190000000E+00    0.1280321329E-20    0.8840631292E-22    0.1347224957E-06    0.6235067555E+35    0.1586616941E+00    0.7982889982E+14    0.1593118490E+00
    0.9190000000E+00    0.1371889021E-20    0.9472907100E-22    0.1378605858E-06    0.5450029912E+35    0.1486037640E+00    0.7476836203E+14    0.1598842929E+00
    0.9190000000E+00    0.1470005571E-20    0.1015040283E-21    0.1410717713E-06    0.3799795537E+35    0.1110174256E+00    0.5585720609E+14    0.1279873783E+00
    0.9190000000E+00    0.1575139348E-20    0.1087635259E-21    0.1443577550E-06    0.2162620970E+35    0.6770353323E-01    0.3406429385E+14    0.8363485814E-01
    0.9190000000E+00    0.1687792220E-20    0.1165422177E-21    0.1477202791E-06    0.1011838718E+35    0.3394237424E-01    0.1707773516E+14    0.4492811611E-01
    0.9190000000E+00    0.1808501947E-20    0.1248772362E-21    0.1511611264E-06    0.3854173006E+34    0.1385358358E-01    0.6970279385E+13    0.1964889447E-01
    0.9190000000E+00    0.1937844750E-20    0.1338083694E-21    0.1546821213E-06    0.1111282652E+34    0.4280115205E-02    0.2153493254E+13    0.6504762580E-02
    0.9190000000E+00    0.2076438060E-20    0.1433782510E-21    0.1582851308E-06    0.9900524876E+32    0.4085913264E-03    0.2055782667E+12    0.6653729393E-03
    0.9190000000E+00    0.2224943467E-20    0.1536325639E-21    0.1619720651E-06    0.5449190029E+30    0.2409699442E-05    0.1212413976E+10    0.4204737306E-05
    0.9190000000E+00    0.2384069878E-20    0.1646202581E-21    0.1657448792E-06    0.1316808897E+30    0.6239555843E-06    0.3139364426E+09    0.1166620670E-05
    0.9190000000E+00    0.2554576900E-20    0.1763937846E-21    0.1696055734E-06    0.2352844565E+29    0.1194604541E-06    0.6010522373E+08    0.2393316595E-06
    0.9190000000E+00    0.2737278465E-20    0.1890093455E-21    0.1735561947E-06    0.3317070720E+28    0.1804619536E-07    0.9079746247E+07    0.3874018101E-07
    0.9190000000E+00    0.2933046719E-20    0.2025271626E-21    0.1775988378E-06    0.8127316250E+27    0.4737814833E-08    0.2383779826E+07    0.1089818245E-07
    0.9190000000E+00    0.3142816182E-20    0.2170117645E-21    0.1817356462E-06    0.1787155297E+27    0.1116331595E-08    0.5616700589E+06    0.2751498039E-08
    0.9190000000E+00    0.3367588212E-20    0.2325322952E-21    0.1859688132E-06    0.4286000127E+26    0.2868686591E-09    0.1443348350E+06    0.7576333690E-09
    0.9190000000E+00    0.3608435782E-20    0.2491628434E-21    0.1903005833E-06    0.6320946090E+25    0.4533284864E-10    0.2280872805E+05    0.1282888763E-09
    0.9190000000E+00    0.3866508602E-20    0.2669827968E-21    0.1947332533E-06    0.2117228501E+25    0.1627041594E-10    0.8186282212E+04    0.4933721680E-10
