    0.9100000000E+00    0.4143038610E-23    0.2860772210E-24    0.1992691735E-07    0.0000000000E+00    0.0000000000E+00    0.0000000000E+00    0.0000000000E+00
    0.9100000000E+00    0.4439345853E-23    0.3065372650E-24    0.2039107488E-07    0.0000000000E+00    0.0000000000E+00    0.0000000000E+00    0.0000000000E+00
    0.9100000000E+00    0.4756844785E-23    0.3284605973E-24    0.2086604403E-07    0.0000000000E+00    0.0000000000E+00    0.0000000000E+00    0.0000000000E+00
    0.9100000000E+00    0.5097051019E-23    0.3519518710E-24    0.2135207663E-07    0.0000000000E+00    0.0000000000E+00    0.0000000000E+00    0.0000000000E+00
    0.9100000000E+00    0.5461588566E-23    0.3771232243E-24    0.2184943039E-07    0.0000000000E+00    0.0000000000E+00    0.0000000000E+00    0.0000000000E+00
    0.9100000000E+00    0.5852197586E-23    0.4040948153E-24    0.2235836900E-07    0.0000000000E+00    0.0000000000E+00    0.0000000000E+00    0.0000000000E+00
    0.9100000000E+00    0.6270742692E-23    0.4329953957E-24    0.2287916232E-07    0.0000000000E+00    0.0000000000E+00    0.0000000000E+00    0.0000000000E+00
    0.9100000000E+00    0.6719221852E-23    0.4639629256E-24    0.2341208647E-07    0.0000000000E+00    0.0000000000E+00    0.0000000000E+00    0.0000000000E+00
    0.9100000000E+00    0.7199775931E-23    0.4971452317E-24    0.2395742402E-07    0.0000000000E+00    0.0000000000E+00    0.0000000000E+00    0.0000000000E+00
    0.9100000000E+00    0.7714698903E-23    0.5327007132E-24    0.2451546411E-07    0.0000000000E+00    0.0000000000E+00    0.0000000000E+00    0.0000000000E+00
    0.9100000000E+00    0.8266448809E-23    0.5707990981E-24    0.2508650263E-07    0.0000000000E+00    0.0000000000E+00    0.0000000000E+00    0.0000000000E+00
    0.9100000000E+00    0.8857659485E-23    0.6116222531E-24    0.2567084234E-07    0.0000000000E+00    0.0000000000E+00    0.0000000000E+00    0.0000000000E+00
    0.9100000000E+00    0.9491153137E-23    0.6553650517E-24    0.2626879307E-07    0.0000000000E+00    0.0000000000E+00    0.0000000000E+00    0.0000000000E+00
    0.9100000000E+00    0.1016995382E-22    0.7022363048E-24    0.2688067187E-07    0.0000000000E+00    0.0000000000E+00    0.0000000000E+00    0.0000000000E+00
    0.9100000000E+00    0.1089730185E-22    0.7524597575E-24    0.2750680315E-07    0.0000000000E+00    0.0000000000E+00    0.0000000000E+00    0.0000000000E+00
    0.9100000000E+00    0.1167666930E-22    0.8062751566E-24    0.2814751890E-07    0.0000000000E+00    0.0000000000E+00    0.0000000000E+00    0.0000000000E+00
    0.9100000000E+00    0.1251177658E-22    0.8639393956E-24    0.2880315884E-07    0.0000000000E+00    0.0000000000E+00    0.0000000000E+00    0.0000000000E+00
    0.9100000000E+00    0.1340661015E-22    0.9257277409E-24    0.2947407060E-07    0.0000000000E+00    0.0000000000E+00    0.0000000000E+00    0.0000000000E+00
    0.9100000000E+00    0.1436544159E-22    0.9919351458E-24    0.3016060990E-07    0.0000000000E+00    0.0000000000E+00    0.0000000000E+00    0.0000000000E+00
    0.9100000000E+00    0.1539284799E-22    0.1062877658E-23    0.3086314075E-07    0.0000000000E+00    0.0000000000E+00    0.0000000000E+00    0.0000000000E+00
    0.9100000000E+00    0.1649373379E-22    0.1138893930E-23    0.3158203565E-07    0.0000000000E+00    0.0000000000E+00    0.0000000000E+00    0.0000000000E+00
    0.9100000000E+00    0.1767335417E-22    0.1220346833E-23    0.3231767576E-07    0.0000000000E+00    0.0000000000E+00    0.0000000000E+00    0.0000000000E+00
    0.9100000000E+00    0.1893734018E-22    0.1307625190E-23    0.3307045113E-07    0.0000000000E+00    0.0000000000E+00    0.0000000000E+00    0.0000000000E+00
    0.9100000000E+00    0.2029172559E-22    0.1401145635E-23    0.3384076090E-07    0.0000000000E+00    0.0000000000E+00    0.0000000000E+00    0.0000000000E+00
    0.9100000000E+00    0.2174297571E-22    0.1501354598E-23    0.3462901348E-07    0.0000000000E+00    0.0000000000E+00    0.0000000000E+00    0.0000000000E+00
    0.9100000000E+00    0.2329801823E-22    0.1608730435E-23    0.3543562682E-07    0.0000000000E+00    0.0000000000E+00    0.0000000000E+00    0.0000000000E+00
    0.9100000000E+00    0.2496427630E-22    0.1723785718E-23    0.3626102861E-07    0.0000000000E+00    0.0000000000E+00    0.0000000000E+00    0.0000000000E+00
    0.9100000000E+00    0.2674970400E-22    0.1847069675E-23    0.3710565646E-07    0.0000000000E+00    0.0000000000E+00    0.0000000000E+00    0.0000000000E+00
    0.9100000000E+00    0.2866282424E-22    0.1979170815E-23    0.3796995823E-07    0.0000000000E+00    0.0000000000E+00    0.0000000000E+00    0.0000000000E+00
    0.9100000000E+00    0.3071276952E-22    0.2120719737E-23    0.3885439218E-07    0.0000000000E+00    0.0000000000E+00    0.0000000000E+00    0.0000000000E+00
    0.9100000000E+00    0.3290932546E-22    0.2272392139E-23    0.3975942724E-07   -0.4057990927E-15   -0.2654251036E-52   -0.1335457441E-37   -0.6919936996E-54
    0.9100000000E+00    0.3526297755E-22    0.2434912046E-23    0.4068554327E-07   -0.1854621863E-14   -0.1299829230E-51   -0.6539948911E-37   -0.3631168846E-53
    0.9100000000E+00    0.3778496121E-22    0.2609055264E-23    0.4163323131E-07   -0.1031646465E-14   -0.7747504162E-52   -0.3898072165E-37   -0.2319113281E-53
    0.9100000000E+00    0.4048731538E-22    0.2795653084E-23    0.4260299385E-07    0.2242275529E-12    0.1804346333E-49    0.9078371652E-35    0.5787353973E-51
    0.9100000000E+00    0.4338294005E-22    0.2995596250E-23    0.4359534505E-07   -0.1483845371E-12   -0.1279438957E-49   -0.6437357477E-35   -0.4397235393E-51
    0.9100000000E+00    0.4648565778E-22    0.3209839213E-23    0.4461081109E-07   -0.8530790439E-10   -0.7881705391E-47   -0.3965594049E-32   -0.2902554227E-48
    0.9100000000E+00    0.4981027973E-22    0.3439404683E-23    0.4564993037E-07   -0.7234491206E-10   -0.7162075865E-47   -0.3603520307E-32   -0.2826175074E-48
    0.9100000000E+00    0.5337267633E-22    0.3685388516E-23    0.4671325384E-07    0.1695279621E-07    0.1798341909E-44    0.9048161049E-30    0.7603830198E-46
    0.9100000000E+00    0.5718985306E-22    0.3948964943E-23    0.4780134531E-07    0.3077647794E-07    0.3498241935E-44    0.1760102251E-29    0.1584929637E-45
    0.9100000000E+00    0.6128003161E-22    0.4231392172E-23    0.4891478167E-07   -0.1673074440E-05   -0.2037727884E-42   -0.1025260546E-27   -0.9892506243E-44
    0.9100000000E+00    0.6566273690E-22    0.4534018400E-23    0.5005415331E-07   -0.2382949095E-03   -0.3109894734E-40   -0.1564709595E-25   -0.1617729234E-41
    0.9100000000E+00    0.7035889022E-22    0.4858288246E-23    0.5122006431E-07   -0.1026426352E-01   -0.1435352986E-38   -0.7221821900E-24   -0.8000531914E-40
    0.9100000000E+00    0.7539090917E-22    0.5205749646E-23    0.5241313287E-07   -0.4709011134E-02   -0.7056033616E-39   -0.3550166307E-24   -0.4214254759E-40
    0.9100000000E+00    0.8078281461E-22    0.5578061244E-23    0.5363399157E-07    0.1286329555E+01    0.2065300129E-36    0.1039133220E-21    0.1321731733E-37
    0.9100000000E+00    0.8656034539E-22    0.5977000309E-23    0.5488328773E-07    0.8725072888E+02    0.1501066690E-34    0.7552453228E-20    0.1029343040E-35
    0.9100000000E+00    0.9275108115E-22    0.6404471218E-23    0.5616168372E-07    0.1469882583E+03    0.2709652309E-34    0.1363331987E-19    0.1991011243E-35
    0.9100000000E+00    0.9938457404E-22    0.6862514550E-23    0.5746985739E-07   -0.2979117438E+04   -0.5884621680E-33   -0.2960783176E-18   -0.4633174872E-34
    0.9100000000E+00    0.1064924897E-21    0.7353316823E-23    0.5880850233E-07   -0.1845561162E+06   -0.3906243988E-31   -0.1965384031E-16   -0.3295486304E-32
    0.9100000000E+00    0.1141087586E-21    0.7879220933E-23    0.6017832832E-07   -0.9100652898E+07   -0.2063970446E-29   -0.1038464205E-14   -0.1865793687E-30
    0.9100000000E+00    0.1222697377E-21    0.8442737340E-23    0.6158006166E-07   -0.4030634811E+09   -0.9794998532E-28   -0.4928246612E-13   -0.9487778126E-29
    0.9100000000E+00    0.1310143844E-21    0.9046556049E-23    0.6301444556E-07   -0.1057807947E+11   -0.2754468113E-26   -0.1385880570E-11   -0.2858892952E-27
    0.9100000000E+00    0.1403844422E-21    0.9693559452E-23    0.6448224056E-07   -0.1239798558E+11   -0.3459250807E-26   -0.1740484290E-11   -0.3847177248E-27
    0.9100000000E+00    0.1504246400E-21    0.1038683609E-22    0.6598422489E-07    0.2014636192E+12    0.6023203763E-25    0.3030509238E-10    0.7177739627E-26
    0.9100000000E+00    0.1611829057E-21    0.1112969539E-22    0.6752119493E-07    0.6881887954E+13    0.2204644257E-23    0.1109242697E-08    0.2815131369E-24
    0.9100000000E+00    0.1727105951E-21    0.1192568347E-22    0.6909396560E-07    0.1813311385E+15    0.6224483387E-22    0.3131780884E-07    0.8516545225E-23
    0.9100000000E+00    0.1850627369E-21    0.1277860007E-22    0.7070337081E-07    0.4307148709E+16    0.1584239329E-20    0.7970927283E-06    0.2322634834E-21
    0.9100000000E+00    0.1982982953E-21    0.1369251667E-22    0.7235026388E-07    0.3466616174E+17    0.1366270473E-19    0.6874240776E-05    0.2146331639E-20
    0.9100000000E+00    0.2124804516E-21    0.1467179595E-22    0.7403551802E-07    0.2231542283E+17    0.9424016636E-20    0.4741591119E-05    0.1586339685E-20
    0.9100000000E+00    0.2276769058E-21    0.1572111260E-22    0.7576002677E-07   -0.5547431031E+18   -0.2510283870E-18   -0.1263021933E-03   -0.4527755640E-19
    0.9100000000E+00    0.2439602000E-21    0.1684547565E-22    0.7752470448E-07   -0.1062155287E+20   -0.5150138862E-17   -0.2591236162E-02   -0.9953574785E-18
    0.9100000000E+00    0.2614080640E-21    0.1805025236E-22    0.7933048683E-07   -0.1606017999E+21   -0.8344135196E-16   -0.4198260559E-01   -0.1727991003E-16
    0.9100000000E+00    0.2801037871E-21    0.1934119387E-22    0.8117833125E-07   -0.2196960954E+22   -0.1223075487E-14   -0.6153770833E+00   -0.2714022271E-15
    0.9100000000E+00    0.3001366153E-21    0.2072446262E-22    0.8306921749E-07   -0.2765661607E+23   -0.1649794930E-13   -0.8300763139E+01   -0.3922745289E-14
    0.9100000000E+00    0.3216021775E-21    0.2220666179E-22    0.8500414813E-07   -0.3216956938E+24   -0.2056251212E-12   -0.1034580356E+03   -0.5238854251E-13
    0.9100000000E+00    0.3446029418E-21    0.2379486681E-22    0.8698414910E-07   -0.1061204364E+25   -0.7268251574E-12   -0.3656941456E+03   -0.1984221247E-12
    0.9100000000E+00    0.3692487048E-21    0.2549665916E-22    0.8901027021E-07   -0.7054074026E+24   -0.5176913837E-12   -0.2604707698E+03   -0.1514366806E-12
    0.9100000000E+00    0.3956571157E-21    0.2732016250E-22    0.9108358575E-07    0.6357989347E+25    0.4999777983E-11    0.2515583726E+04    0.1567151074E-11
    0.9100000000E+00    0.4239542377E-21    0.2927408154E-22    0.9320519501E-07    0.7418616093E+26    0.6251062213E-10    0.3145153731E+05    0.2099490752E-10
    0.9100000000E+00    0.4542751502E-21    0.3136774352E-22    0.9537622289E-07    0.6198857833E+27    0.5596836243E-09    0.2815987073E+06    0.2014200711E-09
    0.9100000000E+00    0.4867645933E-21    0.3361114274E-22    0.9759782052E-07    0.4605022547E+28    0.4455153631E-08    0.2241561927E+07    0.1717998695E-08
    0.9100000000E+00    0.5215776589E-21    0.3601498832E-22    0.9987116580E-07    0.3150238589E+29    0.3265685599E-07    0.1643094068E+08    0.1349380767E-07
    0.9100000000E+00    0.5588805307E-21    0.3859075526E-22    0.1021974641E-06    0.2001659372E+30    0.2223417903E-06    0.1118688452E+09    0.9844218465E-07
    0.9100000000E+00    0.5988512779E-21    0.4135073927E-22    0.1045779488E-06    0.1184894753E+31    0.1410297383E-05    0.7095757369E+09    0.6690689026E-06
    0.9100000000E+00    0.6416807053E-21    0.4430811541E-22    0.1070138822E-06    0.6544353617E+31    0.8346370931E-05    0.4199385444E+10    0.4242851450E-05
    0.9100000000E+00    0.6875732635E-21    0.4747700104E-22    0.1095065557E-06    0.3375350209E+32    0.4612642153E-04    0.2320800558E+11    0.2512522203E-04
    0.9100000000E+00    0.7367480256E-21    0.5087252317E-22    0.1120572911E-06    0.1626148751E+33    0.2381174340E-03    0.1198061882E+12    0.1389796900E-03
    0.9100000000E+00    0.7894397325E-21    0.5451089068E-22    0.1146674407E-06    0.7315518442E+33    0.1147825935E-02    0.5775160922E+12    0.7178540884E-03
    0.9100000000E+00    0.8458999137E-21    0.5840947171E-22    0.1173383885E-06    0.3069958661E+34    0.5161351676E-02    0.2596877767E+13    0.3458785233E-02
    0.9100000000E+00    0.9063980879E-21    0.6258687655E-22    0.1200715507E-06    0.1187952879E+35    0.2140080641E-01    0.1076758218E+14    0.1536704217E-01
    0.9100000000E+00    0.9712230494E-21    0.6706304648E-22    0.1228683764E-06    0.3064450079E+35    0.5915391253E-01    0.2976264550E+14    0.4551385480E-01
    0.9100000000E+00    0.1040684247E-20    0.7185934897E-22    0.1257303485E-06    0.5097716541E+35    0.1054402936E+00    0.5305113300E+14    0.8692941390E-01
    0.9100000000E+00    0.1115113261E-20    0.7699867968E-22    0.1286589846E-06    0.6309079718E+35    0.1398288993E+00    0.7035338461E+14    0.1235256317E+00
    0.9100000000E+00    0.1194865387E-20    0.8250557175E-22    0.1316558373E-06    0.6414631335E+35    0.1523360272E+00    0.7664620954E+14    0.1441991732E+00
    0.9100000000E+00    0.1280321329E-20    0.8840631292E-22    0.1347224957E-06    0.6227506499E+35    0.1584692904E+00    0.7973209400E+14    0.1607330768E+00
    0.9100000000E+00    0.1371889021E-20    0.9472907100E-22    0.1378605858E-06    0.5282900465E+35    0.1440467128E+00    0.7247553149E+14    0.1565537579E+00
    0.9100000000E+00    0.1470005571E-20    0.1015040283E-21    0.1410717713E-06    0.3573359242E+35    0.1044017079E+00    0.5252857993E+14    0.1215815703E+00
    0.9100000000E+00    0.1575139348E-20    0.1087635259E-21    0.1443577550E-06    0.1980920397E+35    0.6201517130E-01    0.3120225662E+14    0.7738523262E-01
    0.9100000000E+00    0.1687792220E-20    0.1165422177E-21    0.1477202791E-06    0.9045686250E+34    0.3034397305E-01    0.1526723888E+14    0.4057257660E-01
    0.9100000000E+00    0.1808501947E-20    0.1248772362E-21    0.1511611264E-06    0.3363984020E+34    0.1209162996E-01    0.6083771650E+13    0.1732387306E-01
    0.9100000000E+00    0.1937844750E-20    0.1338083694E-21    0.1546821213E-06    0.9327218574E+33    0.3592386685E-02    0.1807470154E+13    0.5514970870E-02
    0.9100000000E+00    0.2076438060E-20    0.1433782510E-21    0.1582851308E-06    0.6611183472E+32    0.2728413148E-03    0.1372771298E+12    0.4488180128E-03
    0.9100000000E+00    0.2224943467E-20    0.1536325639E-21    0.1619720651E-06    0.4995632434E+30    0.2209130647E-05    0.1111499975E+10    0.3893870871E-05
    0.9100000000E+00    0.2384069878E-20    0.1646202581E-21    0.1657448792E-06    0.1204260440E+30    0.5706257215E-06    0.2871041041E+09    0.1077733764E-05
    0.9100000000E+00    0.2554576900E-20    0.1763937846E-21    0.1696055734E-06    0.2109227310E+29    0.1070913294E-06    0.5388183362E+08    0.2167277162E-06
    0.9100000000E+00    0.2737278465E-20    0.1890093455E-21    0.1735561947E-06    0.3062207389E+28    0.1665963661E-07    0.8382114341E+07    0.3612648173E-07
    0.9100000000E+00    0.2933046719E-20    0.2025271626E-21    0.1775988378E-06    0.7503164506E+27    0.4373965894E-08    0.2200713204E+07    0.1016331853E-07
    0.9100000000E+00    0.3142816182E-20    0.2170117645E-21    0.1817356462E-06    0.1650713694E+27    0.1031104490E-08    0.5187889711E+06    0.2567218436E-08
    0.9100000000E+00    0.3367588212E-20    0.2325322952E-21    0.1859688132E-06    0.3956967745E+26    0.2648460097E-09    0.1332543793E+06    0.7065673723E-09
    0.9100000000E+00    0.3608435782E-20    0.2491628434E-21    0.1903005833E-06    0.5779557009E+25    0.4145008981E-10    0.2085516031E+05    0.1184910698E-09
    0.9100000000E+00    0.3866508602E-20    0.2669827968E-21    0.1947332533E-06    0.1927783797E+25    0.1481457679E-10    0.7453792631E+04    0.4537842250E-10
