    0.9350000000E+00    0.4143038610E-23    0.2860772210E-24    0.1992691735E-07    0.0000000000E+00    0.0000000000E+00    0.0000000000E+00    0.0000000000E+00
    0.9350000000E+00    0.4439345853E-23    0.3065372650E-24    0.2039107488E-07    0.0000000000E+00    0.0000000000E+00    0.0000000000E+00    0.0000000000E+00
    0.9350000000E+00    0.4756844785E-23    0.3284605973E-24    0.2086604403E-07    0.0000000000E+00    0.0000000000E+00    0.0000000000E+00    0.0000000000E+00
    0.9350000000E+00    0.5097051019E-23    0.3519518710E-24    0.2135207663E-07    0.0000000000E+00    0.0000000000E+00    0.0000000000E+00    0.0000000000E+00
    0.9350000000E+00    0.5461588566E-23    0.3771232243E-24    0.2184943039E-07    0.0000000000E+00    0.0000000000E+00    0.0000000000E+00    0.0000000000E+00
    0.9350000000E+00    0.5852197586E-23    0.4040948153E-24    0.2235836900E-07    0.0000000000E+00    0.0000000000E+00    0.0000000000E+00    0.0000000000E+00
    0.9350000000E+00    0.6270742692E-23    0.4329953957E-24    0.2287916232E-07    0.0000000000E+00    0.0000000000E+00    0.0000000000E+00    0.0000000000E+00
    0.9350000000E+00    0.6719221852E-23    0.4639629256E-24    0.2341208647E-07    0.0000000000E+00    0.0000000000E+00    0.0000000000E+00    0.0000000000E+00
    0.9350000000E+00    0.7199775931E-23    0.4971452317E-24    0.2395742402E-07    0.0000000000E+00    0.0000000000E+00    0.0000000000E+00    0.0000000000E+00
    0.9350000000E+00    0.7714698903E-23    0.5327007132E-24    0.2451546411E-07    0.0000000000E+00    0.0000000000E+00    0.0000000000E+00    0.0000000000E+00
    0.9350000000E+00    0.8266448809E-23    0.5707990981E-24    0.2508650263E-07    0.0000000000E+00    0.0000000000E+00    0.0000000000E+00    0.0000000000E+00
    0.9350000000E+00    0.8857659485E-23    0.6116222531E-24    0.2567084234E-07    0.0000000000E+00    0.0000000000E+00    0.0000000000E+00    0.0000000000E+00
    0.9350000000E+00    0.9491153137E-23    0.6553650517E-24    0.2626879307E-07    0.0000000000E+00    0.0000000000E+00    0.0000000000E+00    0.0000000000E+00
    0.9350000000E+00    0.1016995382E-22    0.7022363048E-24    0.2688067187E-07    0.0000000000E+00    0.0000000000E+00    0.0000000000E+00    0.0000000000E+00
    0.9350000000E+00    0.1089730185E-22    0.7524597575E-24    0.2750680315E-07    0.0000000000E+00    0.0000000000E+00    0.0000000000E+00    0.0000000000E+00
    0.9350000000E+00    0.1167666930E-22    0.8062751566E-24    0.2814751890E-07    0.0000000000E+00    0.0000000000E+00    0.0000000000E+00    0.0000000000E+00
    0.9350000000E+00    0.1251177658E-22    0.8639393956E-24    0.2880315884E-07    0.0000000000E+00    0.0000000000E+00    0.0000000000E+00    0.0000000000E+00
    0.9350000000E+00    0.1340661015E-22    0.9257277409E-24    0.2947407060E-07    0.0000000000E+00    0.0000000000E+00    0.0000000000E+00    0.0000000000E+00
    0.9350000000E+00    0.1436544159E-22    0.9919351458E-24    0.3016060990E-07    0.0000000000E+00    0.0000000000E+00    0.0000000000E+00    0.0000000000E+00
    0.9350000000E+00    0.1539284799E-22    0.1062877658E-23    0.3086314075E-07    0.0000000000E+00    0.0000000000E+00    0.0000000000E+00    0.0000000000E+00
    0.9350000000E+00    0.1649373379E-22    0.1138893930E-23    0.3158203565E-07    0.0000000000E+00    0.0000000000E+00    0.0000000000E+00    0.0000000000E+00
    0.9350000000E+00    0.1767335417E-22    0.1220346833E-23    0.3231767576E-07    0.0000000000E+00    0.0000000000E+00    0.0000000000E+00    0.0000000000E+00
    0.9350000000E+00    0.1893734018E-22    0.1307625190E-23    0.3307045113E-07    0.0000000000E+00    0.0000000000E+00    0.0000000000E+00    0.0000000000E+00
    0.9350000000E+00    0.2029172559E-22    0.1401145635E-23    0.3384076090E-07    0.0000000000E+00    0.0000000000E+00    0.0000000000E+00    0.0000000000E+00
    0.9350000000E+00    0.2174297571E-22    0.1501354598E-23    0.3462901348E-07    0.0000000000E+00    0.0000000000E+00    0.0000000000E+00    0.0000000000E+00
    0.9350000000E+00    0.2329801823E-22    0.1608730435E-23    0.3543562682E-07    0.0000000000E+00    0.0000000000E+00    0.0000000000E+00    0.0000000000E+00
    0.9350000000E+00    0.2496427630E-22    0.1723785718E-23    0.3626102861E-07    0.0000000000E+00    0.0000000000E+00    0.0000000000E+00    0.0000000000E+00
    0.9350000000E+00    0.2674970400E-22    0.1847069675E-23    0.3710565646E-07    0.0000000000E+00    0.0000000000E+00    0.0000000000E+00    0.0000000000E+00
    0.9350000000E+00    0.2866282424E-22    0.1979170815E-23    0.3796995823E-07    0.0000000000E+00    0.0000000000E+00    0.0000000000E+00    0.0000000000E+00
    0.9350000000E+00    0.3071276952E-22    0.2120719737E-23    0.3885439218E-07    0.0000000000E+00    0.0000000000E+00    0.0000000000E+00    0.0000000000E+00
    0.9350000000E+00    0.3290932546E-22    0.2272392139E-23    0.3975942724E-07    0.0000000000E+00    0.0000000000E+00    0.0000000000E+00    0.0000000000E+00
    0.9350000000E+00    0.3526297755E-22    0.2434912046E-23    0.4068554327E-07   -0.3463720642E-15   -0.2427581290E-52   -0.1221411032E-37   -0.6602552914E-54
    0.9350000000E+00    0.3778496121E-22    0.2609055264E-23    0.4163323131E-07   -0.7317530851E-15   -0.5495351621E-52   -0.2764926193E-37   -0.1601524529E-53
    0.9350000000E+00    0.4048731538E-22    0.2795653084E-23    0.4260299385E-07    0.5256627525E-13    0.4229978196E-50    0.2128267365E-35    0.1320919153E-51
    0.9350000000E+00    0.4338294005E-22    0.2995596250E-23    0.4359534505E-07    0.7860796577E-13    0.6777936278E-50    0.3410244666E-35    0.2267961042E-51
    0.9350000000E+00    0.4648565778E-22    0.3209839213E-23    0.4461081109E-07   -0.1281253085E-10   -0.1183765962E-47   -0.5955989245E-33   -0.4244279313E-49
    0.9350000000E+00    0.4981027973E-22    0.3439404683E-23    0.4564993037E-07   -0.5499290622E-10   -0.5444244179E-47   -0.2739212042E-32   -0.2091585893E-48
    0.9350000000E+00    0.5337267633E-22    0.3685388516E-23    0.4671325384E-07    0.1623311997E-08    0.1721999108E-45    0.8664050580E-31    0.7088772372E-47
    0.9350000000E+00    0.5718985306E-22    0.3948964943E-23    0.4780134531E-07    0.1603128656E-07    0.1822213674E-44    0.9168269229E-30    0.8037803965E-46
    0.9350000000E+00    0.6128003161E-22    0.4231392172E-23    0.4891478167E-07   -0.1397123140E-06   -0.1701631865E-43   -0.8561575016E-29   -0.8042734238E-45
    0.9350000000E+00    0.6566273690E-22    0.4534018400E-23    0.5005415331E-07   -0.2440862400E-04   -0.3185475148E-41   -0.1602737056E-26   -0.1613289584E-42
    0.9350000000E+00    0.7035889022E-22    0.4858288246E-23    0.5122006431E-07   -0.2833553856E-02   -0.3962437229E-39   -0.1993657047E-24   -0.2150307175E-40
    0.9350000000E+00    0.7539090917E-22    0.5205749646E-23    0.5241313287E-07   -0.6002110510E-02   -0.8993627817E-39   -0.4525045682E-24   -0.5229654765E-40
    0.9350000000E+00    0.8078281461E-22    0.5578061244E-23    0.5363399157E-07    0.1460524860E+00    0.2344983965E-37    0.1179853090E-22    0.1461093424E-38
    0.9350000000E+00    0.8656034539E-22    0.5977000309E-23    0.5488328773E-07    0.1361679660E+02    0.2342641725E-35    0.1178674617E-20    0.1564026052E-36
    0.9350000000E+00    0.9275108115E-22    0.6404471218E-23    0.5616168372E-07    0.9182501135E+02    0.1692746461E-34    0.8516869079E-20    0.1210960628E-35
    0.9350000000E+00    0.9938457404E-22    0.6862514550E-23    0.5746985739E-07   -0.3112086817E+03   -0.6147274801E-34   -0.3092934227E-19   -0.4712167683E-35
    0.9350000000E+00    0.1064924897E-21    0.7353316823E-23    0.5880850233E-07   -0.2757608152E+05   -0.5836647673E-32   -0.2936645577E-17   -0.4794039265E-33
    0.9350000000E+00    0.1141087586E-21    0.7879220933E-23    0.6017832832E-07   -0.1442736197E+07   -0.3272034333E-30   -0.1646288365E-15   -0.2879757783E-31
    0.9350000000E+00    0.1222697377E-21    0.8442737340E-23    0.6158006166E-07   -0.6719535619E+08   -0.1632939837E-28   -0.8215958578E-14   -0.1539955932E-29
    0.9350000000E+00    0.1310143844E-21    0.9046556049E-23    0.6301444556E-07   -0.2827250876E+10   -0.7361990814E-27   -0.3704105332E-12   -0.7439322394E-28
    0.9350000000E+00    0.1403844422E-21    0.9693559452E-23    0.6448224056E-07   -0.9854492669E+10   -0.2749572621E-26   -0.1383417456E-11   -0.2977167733E-27
    0.9350000000E+00    0.1504246400E-21    0.1038683609E-22    0.6598422489E-07    0.2718852506E+11    0.8128615335E-26    0.4089824093E-11    0.9430933465E-27
    0.9350000000E+00    0.1611829057E-21    0.1112969539E-22    0.6752119493E-07    0.1370353862E+13    0.4389991224E-24    0.2208776173E-09    0.5457600737E-25
    0.9350000000E+00    0.1727105951E-21    0.1192568347E-22    0.6909396560E-07    0.3845075843E+14    0.1319884213E-22    0.6640853371E-08    0.1758222944E-23
    0.9350000000E+00    0.1850627369E-21    0.1277860007E-22    0.7070337081E-07    0.9573313931E+15    0.3521220524E-21    0.1771663677E-06    0.5026102409E-22
    0.9350000000E+00    0.1982982953E-21    0.1369251667E-22    0.7235026388E-07    0.1667439415E+17    0.6571749292E-20    0.3306503934E-05    0.1005122733E-20
    0.9350000000E+00    0.2124804516E-21    0.1467179595E-22    0.7403551802E-07    0.2497729559E+17    0.1054815098E-19    0.5307187046E-05    0.1728679358E-20
    0.9350000000E+00    0.2276769058E-21    0.1572111260E-22    0.7576002677E-07   -0.1070577121E+18   -0.4844499127E-19   -0.2437456864E-04   -0.8507206811E-20
    0.9350000000E+00    0.2439602000E-21    0.1684547565E-22    0.7752470448E-07   -0.2758857147E+19   -0.1337704344E-17   -0.6730513414E-03   -0.2517087112E-18
    0.9350000000E+00    0.2614080640E-21    0.1805025236E-22    0.7933048683E-07   -0.4449083052E+20   -0.2311540126E-16   -0.1163026187E-01   -0.4660575475E-17
    0.9350000000E+00    0.2801037871E-21    0.1934119387E-22    0.8117833125E-07   -0.6366225043E+21   -0.3544156661E-15   -0.1783203744E+00   -0.7656865516E-16
    0.9350000000E+00    0.3001366153E-21    0.2072446262E-22    0.8306921749E-07   -0.8357531356E+22   -0.4985502502E-14   -0.2508401174E+01   -0.1154109583E-14
    0.9350000000E+00    0.3216021775E-21    0.2220666179E-22    0.8500414813E-07   -0.1012751677E+24   -0.6473421634E-13   -0.3257031446E+02   -0.1605728085E-13
    0.9350000000E+00    0.3446029418E-21    0.2379486681E-22    0.8698414910E-07   -0.7050348948E+24   -0.4828825775E-12   -0.2429570988E+03   -0.1283452041E-12
    0.9350000000E+00    0.3692487048E-21    0.2549665916E-22    0.8901027021E-07   -0.8156081414E+24   -0.5985665953E-12   -0.3011622499E+03   -0.1704710299E-12
    0.9350000000E+00    0.3956571157E-21    0.2732016250E-22    0.9108358575E-07    0.1348597201E+25    0.1060506117E-11    0.5335820789E+03    0.3236318730E-12
    0.9350000000E+00    0.4239542377E-21    0.2927408154E-22    0.9320519501E-07    0.2582310796E+26    0.2175902519E-10    0.1094781605E+05    0.7115043237E-11
    0.9350000000E+00    0.4542751502E-21    0.3136774352E-22    0.9537622289E-07    0.2350733460E+27    0.2122434581E-09    0.1067879796E+06    0.7436565744E-10
    0.9350000000E+00    0.4867645933E-21    0.3361114274E-22    0.9759782052E-07    0.1831045743E+28    0.1771454973E-08    0.8912882366E+06    0.6650713300E-09
    0.9350000000E+00    0.5215776589E-21    0.3601498832E-22    0.9987116580E-07    0.1303420587E+29    0.1351187130E-07    0.6798350581E+07    0.5435676582E-08
    0.9350000000E+00    0.5588805307E-21    0.3859075526E-22    0.1021974641E-06    0.8599270253E+29    0.9551960587E-07    0.4805964722E+08    0.4117471772E-07
    0.9350000000E+00    0.5988512779E-21    0.4135073927E-22    0.1045779488E-06    0.5280348026E+30    0.6284829084E-06    0.3162143163E+09    0.2902896691E-06
    0.9350000000E+00    0.6416807053E-21    0.4430811541E-22    0.1070138822E-06    0.3023316975E+31    0.3855800953E-05    0.1940004169E+10    0.1908326649E-05
    0.9350000000E+00    0.6875732635E-21    0.4747700104E-22    0.1095065557E-06    0.1615679689E+32    0.2207934519E-04    0.1110898156E+11    0.1170912111E-04
    0.9350000000E+00    0.7367480256E-21    0.5087252317E-22    0.1120572911E-06    0.8062302393E+32    0.1180565281E-03    0.5939885370E+11    0.6708541578E-04
    0.9350000000E+00    0.7894397325E-21    0.5451089068E-22    0.1146674407E-06    0.3755955074E+33    0.5893201799E-03    0.2965100169E+12    0.3588305588E-03
    0.9350000000E+00    0.8458999137E-21    0.5840947171E-22    0.1173383885E-06    0.1632242758E+34    0.2744199458E-02    0.1380714008E+13    0.1790415310E-02
    0.9350000000E+00    0.9063980879E-21    0.6258687655E-22    0.1200715507E-06    0.6607090250E+34    0.1190258148E-01    0.5988653969E+13    0.8321071844E-02
    0.9350000000E+00    0.9712230494E-21    0.6706304648E-22    0.1228683764E-06    0.2149717207E+35    0.4149657535E-01    0.2087854901E+14    0.3108496375E-01
    0.9350000000E+00    0.1040684247E-20    0.7185934897E-22    0.1257303485E-06    0.4212689728E+35    0.8713455100E-01    0.4384079838E+14    0.6994046354E-01
    0.9350000000E+00    0.1115113261E-20    0.7699867968E-22    0.1286589846E-06    0.5847091634E+35    0.1295898013E+00    0.6520169421E+14    0.1114574063E+00
    0.9350000000E+00    0.1194865387E-20    0.8250557175E-22    0.1316558373E-06    0.6303619685E+35    0.1496996989E+00    0.7531976975E+14    0.1379618583E+00
    0.9350000000E+00    0.1280321329E-20    0.8840631292E-22    0.1347224957E-06    0.6221780035E+35    0.1583235710E+00    0.7965877687E+14    0.1563448880E+00
    0.9350000000E+00    0.1371889021E-20    0.9472907100E-22    0.1378605858E-06    0.5673182646E+35    0.1546883794E+00    0.7782976989E+14    0.1636800686E+00
    0.9350000000E+00    0.1470005571E-20    0.1015040283E-21    0.1410717713E-06    0.4167145556E+35    0.1217501750E+00    0.6125727183E+14    0.1380408748E+00
    0.9350000000E+00    0.1575139348E-20    0.1087635259E-21    0.1443577550E-06    0.2481626967E+35    0.7769041184E-01    0.3908908283E+14    0.9438555467E-01
    0.9350000000E+00    0.1687792220E-20    0.1165422177E-21    0.1477202791E-06    0.1210285414E+35    0.4059931661E-01    0.2042710306E+14    0.5285144089E-01
    0.9350000000E+00    0.1808501947E-20    0.1248772362E-21    0.1511611264E-06    0.4800495818E+34    0.1725508168E-01    0.8681706033E+13    0.2406883824E-01
    0.9350000000E+00    0.1937844750E-20    0.1338083694E-21    0.1546821213E-06    0.1468733225E+34    0.5656839322E-02    0.2846176968E+13    0.8454967681E-02
    0.9350000000E+00    0.2076438060E-20    0.1433782510E-21    0.1582851308E-06    0.1771492972E+33    0.7310891818E-03    0.3678395429E+12    0.1170869427E-02
    0.9350000000E+00    0.2224943467E-20    0.1536325639E-21    0.1619720651E-06    0.6293474523E+30    0.2783052521E-05    0.1400262503E+10    0.4775947136E-05
    0.9350000000E+00    0.2384069878E-20    0.1646202581E-21    0.1657448792E-06    0.1526136768E+30    0.7231433213E-06    0.3638416700E+09    0.1329727003E-05
    0.9350000000E+00    0.2554576900E-20    0.1763937846E-21    0.1696055734E-06    0.2818578501E+29    0.1431070597E-06    0.7200275528E+08    0.2819675738E-06
    0.9350000000E+00    0.2737278465E-20    0.1890093455E-21    0.1735561947E-06    0.3787599094E+28    0.2060605847E-07    0.1036771343E+08    0.4350438529E-07
    0.9350000000E+00    0.2933046719E-20    0.2025271626E-21    0.1775988378E-06    0.9279673331E+27    0.5409580801E-08    0.2721771542E+07    0.1223775405E-07
    0.9350000000E+00    0.3142816182E-20    0.2170117645E-21    0.1817356462E-06    0.2038927359E+27    0.1273598906E-08    0.6407973897E+06    0.3087242796E-08
    0.9350000000E+00    0.3367588212E-20    0.2325322952E-21    0.1859688132E-06    0.4892576456E+26    0.3274677569E-09    0.1647618280E+06    0.8505633269E-09
    0.9350000000E+00    0.3608435782E-20    0.2491628434E-21    0.1903005833E-06    0.7320531605E+25    0.5250172149E-10    0.2641566818E+05    0.1461206692E-09
    0.9350000000E+00    0.3866508602E-20    0.2669827968E-21    0.1947332533E-06    0.2470055217E+25    0.1898180842E-10    0.9550489744E+04    0.5660772409E-10
