    0.9240000000E+00    0.4143038610E-23    0.2860772210E-24    0.1992691735E-07    0.0000000000E+00    0.0000000000E+00    0.0000000000E+00    0.0000000000E+00
    0.9240000000E+00    0.4439345853E-23    0.3065372650E-24    0.2039107488E-07    0.0000000000E+00    0.0000000000E+00    0.0000000000E+00    0.0000000000E+00
    0.9240000000E+00    0.4756844785E-23    0.3284605973E-24    0.2086604403E-07    0.0000000000E+00    0.0000000000E+00    0.0000000000E+00    0.0000000000E+00
    0.9240000000E+00    0.5097051019E-23    0.3519518710E-24    0.2135207663E-07    0.0000000000E+00    0.0000000000E+00    0.0000000000E+00    0.0000000000E+00
    0.9240000000E+00    0.5461588566E-23    0.3771232243E-24    0.2184943039E-07    0.0000000000E+00    0.0000000000E+00    0.0000000000E+00    0.0000000000E+00
    0.9240000000E+00    0.5852197586E-23    0.4040948153E-24    0.2235836900E-07    0.0000000000E+00    0.0000000000E+00    0.0000000000E+00    0.0000000000E+00
    0.9240000000E+00    0.6270742692E-23    0.4329953957E-24    0.2287916232E-07    0.0000000000E+00    0.0000000000E+00    0.0000000000E+00    0.0000000000E+00
    0.9240000000E+00    0.6719221852E-23    0.4639629256E-24    0.2341208647E-07    0.0000000000E+00    0.0000000000E+00    0.0000000000E+00    0.0000000000E+00
    0.9240000000E+00    0.7199775931E-23    0.4971452317E-24    0.2395742402E-07    0.0000000000E+00    0.0000000000E+00    0.0000000000E+00    0.0000000000E+00
    0.9240000000E+00    0.7714698903E-23    0.5327007132E-24    0.2451546411E-07    0.0000000000E+00    0.0000000000E+00    0.0000000000E+00    0.0000000000E+00
    0.9240000000E+00    0.8266448809E-23    0.5707990981E-24    0.2508650263E-07    0.0000000000E+00    0.0000000000E+00    0.0000000000E+00    0.0000000000E+00
    0.9240000000E+00    0.8857659485E-23    0.6116222531E-24    0.2567084234E-07    0.0000000000E+00    0.0000000000E+00    0.0000000000E+00    0.0000000000E+00
    0.9240000000E+00    0.9491153137E-23    0.6553650517E-24    0.2626879307E-07    0.0000000000E+00    0.0000000000E+00    0.0000000000E+00    0.0000000000E+00
    0.9240000000E+00    0.1016995382E-22    0.7022363048E-24    0.2688067187E-07    0.0000000000E+00    0.0000000000E+00    0.0000000000E+00    0.0000000000E+00
    0.9240000000E+00    0.1089730185E-22    0.7524597575E-24    0.2750680315E-07    0.0000000000E+00    0.0000000000E+00    0.0000000000E+00    0.0000000000E+00
    0.9240000000E+00    0.1167666930E-22    0.8062751566E-24    0.2814751890E-07    0.0000000000E+00    0.0000000000E+00    0.0000000000E+00    0.0000000000E+00
    0.9240000000E+00    0.1251177658E-22    0.8639393956E-24    0.2880315884E-07    0.0000000000E+00    0.0000000000E+00    0.0000000000E+00    0.0000000000E+00
    0.9240000000E+00    0.1340661015E-22    0.9257277409E-24    0.2947407060E-07    0.0000000000E+00    0.0000000000E+00    0.0000000000E+00    0.0000000000E+00
    0.9240000000E+00    0.1436544159E-22    0.9919351458E-24    0.3016060990E-07    0.0000000000E+00    0.0000000000E+00    0.0000000000E+00    0.0000000000E+00
    0.9240000000E+00    0.1539284799E-22    0.1062877658E-23    0.3086314075E-07    0.0000000000E+00    0.0000000000E+00    0.0000000000E+00    0.0000000000E+00
    0.9240000000E+00    0.1649373379E-22    0.1138893930E-23    0.3158203565E-07    0.0000000000E+00    0.0000000000E+00    0.0000000000E+00    0.0000000000E+00
    0.9240000000E+00    0.1767335417E-22    0.1220346833E-23    0.3231767576E-07    0.0000000000E+00    0.0000000000E+00    0.0000000000E+00    0.0000000000E+00
    0.9240000000E+00    0.1893734018E-22    0.1307625190E-23    0.3307045113E-07    0.0000000000E+00    0.0000000000E+00    0.0000000000E+00    0.0000000000E+00
    0.9240000000E+00    0.2029172559E-22    0.1401145635E-23    0.3384076090E-07    0.0000000000E+00    0.0000000000E+00    0.0000000000E+00    0.0000000000E+00
    0.9240000000E+00    0.2174297571E-22    0.1501354598E-23    0.3462901348E-07    0.0000000000E+00    0.0000000000E+00    0.0000000000E+00    0.0000000000E+00
    0.9240000000E+00    0.2329801823E-22    0.1608730435E-23    0.3543562682E-07    0.0000000000E+00    0.0000000000E+00    0.0000000000E+00    0.0000000000E+00
    0.9240000000E+00    0.2496427630E-22    0.1723785718E-23    0.3626102861E-07    0.0000000000E+00    0.0000000000E+00    0.0000000000E+00    0.0000000000E+00
    0.9240000000E+00    0.2674970400E-22    0.1847069675E-23    0.3710565646E-07    0.0000000000E+00    0.0000000000E+00    0.0000000000E+00    0.0000000000E+00
    0.9240000000E+00    0.2866282424E-22    0.1979170815E-23    0.3796995823E-07    0.0000000000E+00    0.0000000000E+00    0.0000000000E+00    0.0000000000E+00
    0.9240000000E+00    0.3071276952E-22    0.2120719737E-23    0.3885439218E-07    0.0000000000E+00    0.0000000000E+00    0.0000000000E+00    0.0000000000E+00
    0.9240000000E+00    0.3290932546E-22    0.2272392139E-23    0.3975942724E-07   -0.1498399952E-15   -0.9800735628E-53   -0.4931133169E-38   -0.2515932557E-54
    0.9240000000E+00    0.3526297755E-22    0.2434912046E-23    0.4068554327E-07   -0.6729928131E-15   -0.4716733624E-52   -0.2373173046E-37   -0.1297423234E-53
    0.9240000000E+00    0.3778496121E-22    0.2609055264E-23    0.4163323131E-07   -0.1172214454E-14   -0.8803147853E-52   -0.4429207767E-37   -0.2594647215E-53
    0.9240000000E+00    0.4048731538E-22    0.2795653084E-23    0.4260299385E-07    0.1014628784E-12    0.8164659966E-50    0.4107959555E-35    0.2578567016E-51
    0.9240000000E+00    0.4338294005E-22    0.2995596250E-23    0.4359534505E-07    0.7557735784E-13    0.6516623481E-50    0.3278767984E-35    0.2205275993E-51
    0.9240000000E+00    0.4648565778E-22    0.3209839213E-23    0.4461081109E-07   -0.3422284784E-10   -0.3161892280E-47   -0.1590871593E-32   -0.1146535196E-48
    0.9240000000E+00    0.4981027973E-22    0.3439404683E-23    0.4564993037E-07   -0.6830359600E-10   -0.6761989509E-47   -0.3402221223E-32   -0.2627331140E-48
    0.9240000000E+00    0.5337267633E-22    0.3685388516E-23    0.4671325384E-07    0.4730753067E-08    0.5018352958E-45    0.2524929522E-30    0.2089303463E-46
    0.9240000000E+00    0.5718985306E-22    0.3948964943E-23    0.4780134531E-07    0.2312657399E-07    0.2628707259E-44    0.1322605368E-29    0.1172688173E-45
    0.9240000000E+00    0.6128003161E-22    0.4231392172E-23    0.4891478167E-07   -0.4103111074E-06   -0.4997400980E-43   -0.2514387763E-28   -0.2388826006E-44
    0.9240000000E+00    0.6566273690E-22    0.4534018400E-23    0.5005415331E-07   -0.6402863121E-04   -0.8356129109E-41   -0.4204295165E-26   -0.4280016687E-42
    0.9240000000E+00    0.7035889022E-22    0.4858288246E-23    0.5122006431E-07   -0.5384315696E-02   -0.7529418550E-39   -0.3788344770E-24   -0.4132394362E-40
    0.9240000000E+00    0.7539090917E-22    0.5205749646E-23    0.5241313287E-07   -0.6518234632E-02   -0.9766993828E-39   -0.4914156351E-24   -0.5743825455E-40
    0.9240000000E+00    0.8078281461E-22    0.5578061244E-23    0.5363399157E-07    0.3701997590E+00    0.5943839251E-37    0.2990577850E-22    0.3745479085E-38
    0.9240000000E+00    0.8656034539E-22    0.5977000309E-23    0.5488328773E-07    0.3247989533E+02    0.5587860364E-35    0.2811470958E-20    0.3772991837E-36
    0.9240000000E+00    0.9275108115E-22    0.6404471218E-23    0.5616168372E-07    0.1197544062E+03    0.2207610371E-34    0.1110735065E-19    0.1597212669E-35
    0.9240000000E+00    0.9938457404E-22    0.6862514550E-23    0.5746985739E-07   -0.8567741431E+03   -0.1692377626E-33   -0.8515013326E-19   -0.1312011362E-34
    0.9240000000E+00    0.1064924897E-21    0.7353316823E-23    0.5880850233E-07   -0.6171607096E+05   -0.1306258693E-31   -0.6572298053E-17   -0.1085099377E-32
    0.9240000000E+00    0.1141087586E-21    0.7879220933E-23    0.6017832832E-07   -0.3145848468E+07   -0.7134585111E-30   -0.3589688634E-15   -0.6350516429E-31
    0.9240000000E+00    0.1222697377E-21    0.8442737340E-23    0.6158006166E-07   -0.1434289213E+09   -0.3485520619E-28   -0.1753701660E-13   -0.3324359455E-29
    0.9240000000E+00    0.1310143844E-21    0.9046556049E-23    0.6301444556E-07   -0.5384474214E+10   -0.1402084620E-26   -0.7054435747E-12   -0.1432895590E-27
    0.9240000000E+00    0.1403844422E-21    0.9693559452E-23    0.6448224056E-07   -0.1136627444E+11   -0.3171385688E-26   -0.1595648098E-11   -0.3472876845E-27
    0.9240000000E+00    0.1504246400E-21    0.1038683609E-22    0.6598422489E-07    0.6733216852E+11    0.2013045196E-25    0.1012841721E-10    0.2362075888E-26
    0.9240000000E+00    0.1611829057E-21    0.1112969539E-22    0.6752119493E-07    0.2718469980E+13    0.8708742816E-24    0.4381708903E-09    0.1094953777E-24
    0.9240000000E+00    0.1727105951E-21    0.1192568347E-22    0.6909396560E-07    0.7415288903E+14    0.2545417349E-22    0.1280698960E-07    0.3429251368E-23
    0.9240000000E+00    0.1850627369E-21    0.1277860007E-22    0.7070337081E-07    0.1809649674E+16    0.6656185748E-21    0.3348987215E-06    0.9608724766E-22
    0.9240000000E+00    0.1982982953E-21    0.1369251667E-22    0.7235026388E-07    0.2393607515E+17    0.9433739152E-20    0.4746482898E-05    0.1459231460E-20
    0.9240000000E+00    0.2124804516E-21    0.1467179595E-22    0.7403551802E-07    0.2559122654E+17    0.1080741989E-19    0.5437635370E-05    0.1791275335E-20
    0.9240000000E+00    0.2276769058E-21    0.1572111260E-22    0.7576002677E-07   -0.2223291310E+18   -0.1006067905E-18   -0.5061920863E-04   -0.1786765734E-19
    0.9240000000E+00    0.2439602000E-21    0.1684547565E-22    0.7752470448E-07   -0.4893966455E+19   -0.2372968166E-17   -0.1193933035E-02   -0.4515774354E-18
    0.9240000000E+00    0.2614080640E-21    0.1805025236E-22    0.7933048683E-07   -0.7665158356E+20   -0.3982465804E-16   -0.2003734206E-01   -0.8120679605E-17
    0.9240000000E+00    0.2801037871E-21    0.1934119387E-22    0.8117833125E-07   -0.1075913779E+22   -0.5989745825E-15   -0.3013675242E+00   -0.1308725951E-15
    0.9240000000E+00    0.3001366153E-21    0.2072446262E-22    0.8306921749E-07   -0.1387597094E+23   -0.8277406913E-14   -0.4164686951E+01   -0.1937914562E-14
    0.9240000000E+00    0.3216021775E-21    0.2220666179E-22    0.8500414813E-07   -0.1652631176E+24   -0.1056347637E-12   -0.5314897849E+02   -0.2650008005E-13
    0.9240000000E+00    0.3446029418E-21    0.2379486681E-22    0.8698414910E-07   -0.8637073459E+24   -0.5915582796E-12   -0.2976360923E+03   -0.1590149137E-12
    0.9240000000E+00    0.3692487048E-21    0.2549665916E-22    0.8901027021E-07   -0.8221229376E+24   -0.6033477385E-12   -0.3035678299E+03   -0.1737832880E-12
    0.9240000000E+00    0.3956571157E-21    0.2732016250E-22    0.9108358575E-07    0.2797705211E+25    0.2200051644E-11    0.1106931974E+04    0.6790053502E-12
    0.9240000000E+00    0.4239542377E-21    0.2927408154E-22    0.9320519501E-07    0.4058193071E+26    0.3419508038E-10    0.1720488150E+05    0.1130847259E-10
    0.9240000000E+00    0.4542751502E-21    0.3136774352E-22    0.9537622289E-07    0.3548929503E+27    0.3204264043E-09    0.1612190483E+06    0.1135451575E-09
    0.9240000000E+00    0.4867645933E-21    0.3361114274E-22    0.9759782052E-07    0.2707862027E+28    0.2619735565E-08    0.1318091358E+07    0.9947129607E-09
    0.9240000000E+00    0.5215776589E-21    0.3601498832E-22    0.9987116580E-07    0.1895209181E+29    0.1964663042E-07    0.9884987679E+07    0.7993342024E-08
    0.9240000000E+00    0.5588805307E-21    0.3859075526E-22    0.1021974641E-06    0.1230613814E+30    0.1366950253E-06    0.6877661014E+08    0.5959269557E-07
    0.9240000000E+00    0.5988512779E-21    0.4135073927E-22    0.1045779488E-06    0.7440420445E+30    0.8855812266E-06    0.4455705292E+09    0.4136839981E-06
    0.9240000000E+00    0.6416807053E-21    0.4430811541E-22    0.1070138822E-06    0.4195783915E+31    0.5351111959E-05    0.2692353582E+10    0.2678455024E-05
    0.9240000000E+00    0.6875732635E-21    0.4747700104E-22    0.1095065557E-06    0.2208874916E+32    0.3018575531E-04    0.1518763335E+11    0.1618983296E-04
    0.9240000000E+00    0.7367480256E-21    0.5087252317E-22    0.1120572911E-06    0.1085998596E+33    0.1590230899E-03    0.8001073215E+11    0.9139038532E-04
    0.9240000000E+00    0.7894397325E-21    0.5451089068E-22    0.1146674407E-06    0.4985210808E+33    0.7821939487E-03    0.3935523487E+12    0.4816757391E-03
    0.9240000000E+00    0.8458999137E-21    0.5840947171E-22    0.1173383885E-06    0.2134734729E+34    0.3589011413E-02    0.1805771923E+13    0.2368182459E-02
    0.9240000000E+00    0.9063980879E-21    0.6258687655E-22    0.1200715507E-06    0.8513892283E+34    0.1533765890E-01    0.7716975686E+13    0.1084424687E-01
    0.9240000000E+00    0.9712230494E-21    0.6706304648E-22    0.1228683764E-06    0.2526988544E+35    0.4877914648E-01    0.2454269519E+14    0.3695511156E-01
    0.9240000000E+00    0.1040684247E-20    0.7185934897E-22    0.1257303485E-06    0.4596716878E+35    0.9507770263E-01    0.4783730843E+14    0.7718252814E-01
    0.9240000000E+00    0.1115113261E-20    0.7699867968E-22    0.1286589846E-06    0.6072708143E+35    0.1345901674E+00    0.6771757383E+14    0.1170721661E+00
    0.9240000000E+00    0.1194865387E-20    0.8250557175E-22    0.1316558373E-06    0.6350813620E+35    0.1508204705E+00    0.7588367374E+14    0.1405725788E+00
    0.9240000000E+00    0.1280321329E-20    0.8840631292E-22    0.1347224957E-06    0.6233779541E+35    0.1586289184E+00    0.7981240909E+14    0.1584246236E+00
    0.9240000000E+00    0.1371889021E-20    0.9472907100E-22    0.1378605858E-06    0.5529678921E+35    0.1507755213E+00    0.7586105803E+14    0.1613508135E+00
    0.9240000000E+00    0.1470005571E-20    0.1015040283E-21    0.1410717713E-06    0.3919359933E+35    0.1145107008E+00    0.5761480936E+14    0.1313065507E+00
    0.9240000000E+00    0.1575139348E-20    0.1087635259E-21    0.1443577550E-06    0.2263116845E+35    0.7084968132E-01    0.3564724393E+14    0.8705189346E-01
    0.9240000000E+00    0.1687792220E-20    0.1165422177E-21    0.1477202791E-06    0.1072922637E+35    0.3599144905E-01    0.1810870479E+14    0.4738486557E-01
    0.9240000000E+00    0.1808501947E-20    0.1248772362E-21    0.1511611264E-06    0.4140043964E+34    0.1488112884E-01    0.7487277570E+13    0.2099308178E-01
    0.9240000000E+00    0.1937844750E-20    0.1338083694E-21    0.1546821213E-06    0.1217547217E+34    0.4689394137E-02    0.2359417481E+13    0.7088544282E-02
    0.9240000000E+00    0.2076438060E-20    0.1433782510E-21    0.1582851308E-06    0.1206502518E+33    0.4979195250E-03    0.2505227749E+12    0.8064909110E-03
    0.9240000000E+00    0.2224943467E-20    0.1536325639E-21    0.1619720651E-06    0.5708007815E+30    0.2524151879E-05    0.1269999470E+10    0.4380823979E-05
    0.9240000000E+00    0.2384069878E-20    0.1646202581E-21    0.1657448792E-06    0.1381005224E+30    0.6543743163E-06    0.3292412956E+09    0.1216932714E-05
    0.9240000000E+00    0.2554576900E-20    0.1763937846E-21    0.1696055734E-06    0.2494042817E+29    0.1266294816E-06    0.6371224166E+08    0.2523336382E-06
    0.9240000000E+00    0.2737278465E-20    0.1890093455E-21    0.1735561947E-06    0.3461827587E+28    0.1883373079E-07    0.9475986104E+07    0.4021394495E-07
    0.9240000000E+00    0.2933046719E-20    0.2025271626E-21    0.1775988378E-06    0.8481829356E+27    0.4944478066E-08    0.2487760176E+07    0.1131255687E-07
    0.9240000000E+00    0.3142816182E-20    0.2170117645E-21    0.1817356462E-06    0.1864627802E+27    0.1164724147E-08    0.5860182430E+06    0.2855376625E-08
    0.9240000000E+00    0.3367588212E-20    0.2325322952E-21    0.1859688132E-06    0.4472726515E+26    0.2993665469E-09    0.1506230109E+06    0.7864001517E-09
    0.9240000000E+00    0.3608435782E-20    0.2491628434E-21    0.1903005833E-06    0.6628510891E+25    0.4753865586E-10    0.2391855588E+05    0.1338095835E-09
    0.9240000000E+00    0.3866508602E-20    0.2669827968E-21    0.1947332533E-06    0.2225393683E+25    0.1710164058E-10    0.8604503817E+04    0.5157961492E-10
