    0.9700000000E+00    0.4143038610E-23    0.2860772210E-24    0.1992691735E-07    0.0000000000E+00    0.0000000000E+00    0.0000000000E+00    0.0000000000E+00
    0.9700000000E+00    0.4439345853E-23    0.3065372650E-24    0.2039107488E-07    0.0000000000E+00    0.0000000000E+00    0.0000000000E+00    0.0000000000E+00
    0.9700000000E+00    0.4756844785E-23    0.3284605973E-24    0.2086604403E-07    0.0000000000E+00    0.0000000000E+00    0.0000000000E+00    0.0000000000E+00
    0.9700000000E+00    0.5097051019E-23    0.3519518710E-24    0.2135207663E-07    0.0000000000E+00    0.0000000000E+00    0.0000000000E+00    0.0000000000E+00
    0.9700000000E+00    0.5461588566E-23    0.3771232243E-24    0.2184943039E-07    0.0000000000E+00    0.0000000000E+00    0.0000000000E+00    0.0000000000E+00
    0.9700000000E+00    0.5852197586E-23    0.4040948153E-24    0.2235836900E-07    0.0000000000E+00    0.0000000000E+00    0.0000000000E+00    0.0000000000E+00
    0.9700000000E+00    0.6270742692E-23    0.4329953957E-24    0.2287916232E-07    0.0000000000E+00    0.0000000000E+00    0.0000000000E+00    0.0000000000E+00
    0.9700000000E+00    0.6719221852E-23    0.4639629256E-24    0.2341208647E-07    0.0000000000E+00    0.0000000000E+00    0.0000000000E+00    0.0000000000E+00
    0.9700000000E+00    0.7199775931E-23    0.4971452317E-24    0.2395742402E-07    0.0000000000E+00    0.0000000000E+00    0.0000000000E+00    0.0000000000E+00
    0.9700000000E+00    0.7714698903E-23    0.5327007132E-24    0.2451546411E-07    0.0000000000E+00    0.0000000000E+00    0.0000000000E+00    0.0000000000E+00
    0.9700000000E+00    0.8266448809E-23    0.5707990981E-24    0.2508650263E-07    0.0000000000E+00    0.0000000000E+00    0.0000000000E+00    0.0000000000E+00
    0.9700000000E+00    0.8857659485E-23    0.6116222531E-24    0.2567084234E-07    0.0000000000E+00    0.0000000000E+00    0.0000000000E+00    0.0000000000E+00
    0.9700000000E+00    0.9491153137E-23    0.6553650517E-24    0.2626879307E-07    0.0000000000E+00    0.0000000000E+00    0.0000000000E+00    0.0000000000E+00
    0.9700000000E+00    0.1016995382E-22    0.7022363048E-24    0.2688067187E-07    0.0000000000E+00    0.0000000000E+00    0.0000000000E+00    0.0000000000E+00
    0.9700000000E+00    0.1089730185E-22    0.7524597575E-24    0.2750680315E-07    0.0000000000E+00    0.0000000000E+00    0.0000000000E+00    0.0000000000E+00
    0.9700000000E+00    0.1167666930E-22    0.8062751566E-24    0.2814751890E-07    0.0000000000E+00    0.0000000000E+00    0.0000000000E+00    0.0000000000E+00
    0.9700000000E+00    0.1251177658E-22    0.8639393956E-24    0.2880315884E-07    0.0000000000E+00    0.0000000000E+00    0.0000000000E+00    0.0000000000E+00
    0.9700000000E+00    0.1340661015E-22    0.9257277409E-24    0.2947407060E-07    0.0000000000E+00    0.0000000000E+00    0.0000000000E+00    0.0000000000E+00
    0.9700000000E+00    0.1436544159E-22    0.9919351458E-24    0.3016060990E-07    0.0000000000E+00    0.0000000000E+00    0.0000000000E+00    0.0000000000E+00
    0.9700000000E+00    0.1539284799E-22    0.1062877658E-23    0.3086314075E-07    0.0000000000E+00    0.0000000000E+00    0.0000000000E+00    0.0000000000E+00
    0.9700000000E+00    0.1649373379E-22    0.1138893930E-23    0.3158203565E-07    0.0000000000E+00    0.0000000000E+00    0.0000000000E+00    0.0000000000E+00
    0.9700000000E+00    0.1767335417E-22    0.1220346833E-23    0.3231767576E-07    0.0000000000E+00    0.0000000000E+00    0.0000000000E+00    0.0000000000E+00
    0.9700000000E+00    0.1893734018E-22    0.1307625190E-23    0.3307045113E-07    0.0000000000E+00    0.0000000000E+00    0.0000000000E+00    0.0000000000E+00
    0.9700000000E+00    0.2029172559E-22    0.1401145635E-23    0.3384076090E-07    0.0000000000E+00    0.0000000000E+00    0.0000000000E+00    0.0000000000E+00
    0.9700000000E+00    0.2174297571E-22    0.1501354598E-23    0.3462901348E-07    0.0000000000E+00    0.0000000000E+00    0.0000000000E+00    0.0000000000E+00
    0.9700000000E+00    0.2329801823E-22    0.1608730435E-23    0.3543562682E-07    0.0000000000E+00    0.0000000000E+00    0.0000000000E+00    0.0000000000E+00
    0.9700000000E+00    0.2496427630E-22    0.1723785718E-23    0.3626102861E-07    0.0000000000E+00    0.0000000000E+00    0.0000000000E+00    0.0000000000E+00
    0.9700000000E+00    0.2674970400E-22    0.1847069675E-23    0.3710565646E-07    0.0000000000E+00    0.0000000000E+00    0.0000000000E+00    0.0000000000E+00
    0.9700000000E+00    0.2866282424E-22    0.1979170815E-23    0.3796995823E-07    0.0000000000E+00    0.0000000000E+00    0.0000000000E+00    0.0000000000E+00
    0.9700000000E+00    0.3071276952E-22    0.2120719737E-23    0.3885439218E-07    0.0000000000E+00    0.0000000000E+00    0.0000000000E+00    0.0000000000E+00
    0.9700000000E+00    0.3290932546E-22    0.2272392139E-23    0.3975942724E-07    0.0000000000E+00    0.0000000000E+00    0.0000000000E+00    0.0000000000E+00
    0.9700000000E+00    0.3526297755E-22    0.2434912046E-23    0.4068554327E-07    0.0000000000E+00    0.0000000000E+00    0.0000000000E+00    0.0000000000E+00
    0.9700000000E+00    0.3778496121E-22    0.2609055264E-23    0.4163323131E-07   -0.1300928783E-15   -0.9769772401E-53   -0.4915554359E-38   -0.2758830284E-54
    0.9700000000E+00    0.4048731538E-22    0.2795653084E-23    0.4260299385E-07    0.2411141996E-14    0.1940232216E-51    0.9762066643E-37    0.5870758961E-53
    0.9700000000E+00    0.4338294005E-22    0.2995596250E-23    0.4359534505E-07    0.3293157856E-13    0.2839510460E-50    0.1428668698E-35    0.9206276431E-52
    0.9700000000E+00    0.4648565778E-22    0.3209839213E-23    0.4461081109E-07   -0.5397248660E-12   -0.4986586433E-49   -0.2508946542E-34   -0.1732382904E-50
    0.9700000000E+00    0.4981027973E-22    0.3439404683E-23    0.4564993037E-07   -0.1625606106E-10   -0.1609334219E-47   -0.8097189485E-33   -0.5990827076E-49
    0.9700000000E+00    0.5337267633E-22    0.3685388516E-23    0.4671325384E-07    0.6223468979E-10    0.6601816564E-47    0.3321631954E-32    0.2633322145E-48
    0.9700000000E+00    0.5718985306E-22    0.3948964943E-23    0.4780134531E-07    0.4340464183E-08    0.4933635958E-45    0.2482305088E-30    0.2108665240E-46
    0.9700000000E+00    0.6128003161E-22    0.4231392172E-23    0.4891478167E-07   -0.2163177614E-08   -0.2634651057E-45   -0.1325595926E-30   -0.1206600892E-46
    0.9700000000E+00    0.6566273690E-22    0.4534018400E-23    0.5005415331E-07   -0.1605036220E-05   -0.2094670716E-42   -0.1053910710E-27   -0.1027912860E-43
    0.9700000000E+00    0.7035889022E-22    0.4858288246E-23    0.5122006431E-07   -0.2210469424E-03   -0.3091116945E-40   -0.1555261755E-25   -0.1625383977E-41
    0.9700000000E+00    0.7539090917E-22    0.5205749646E-23    0.5241313287E-07   -0.2705072444E-02   -0.4053310038E-39   -0.2039378709E-24   -0.2283759477E-40
    0.9700000000E+00    0.8078281461E-22    0.5578061244E-23    0.5363399157E-07    0.8047549913E-02    0.1292095467E-38    0.6501037327E-24    0.7800728111E-40
    0.9700000000E+00    0.8656034539E-22    0.5977000309E-23    0.5488328773E-07    0.1171642608E+01    0.2015700858E-36    0.1014177888E-21    0.1303967055E-37
    0.9700000000E+00    0.9275108115E-22    0.6404471218E-23    0.5616168372E-07    0.3264219058E+02    0.6017418543E-35    0.3027598467E-20    0.4171101501E-36
    0.9700000000E+00    0.9938457404E-22    0.6862514550E-23    0.5746985739E-07    0.1347822013E+02    0.2662339704E-35    0.1339527166E-20    0.1977443152E-36
    0.9700000000E+00    0.1064924897E-21    0.7353316823E-23    0.5880850233E-07   -0.2792995529E+04   -0.5911547240E-33   -0.2974330477E-18   -0.4704805810E-34
    0.9700000000E+00    0.1141087586E-21    0.7879220933E-23    0.6017832832E-07   -0.1602562223E+06   -0.3634509637E-31   -0.1828663858E-16   -0.3099462335E-32
    0.9700000000E+00    0.1222697377E-21    0.8442737340E-23    0.6158006166E-07   -0.7929627880E+07   -0.1927008948E-29   -0.9695535212E-15   -0.1760857735E-30
    0.9700000000E+00    0.1310143844E-21    0.9046556049E-23    0.6301444556E-07   -0.3536707662E+09   -0.9209373509E-28   -0.4633595773E-13   -0.9017177641E-29
    0.9700000000E+00    0.1403844422E-21    0.9693559452E-23    0.6448224056E-07   -0.4678088225E+10   -0.1305266921E-26   -0.6567308060E-12   -0.1369430102E-27
    0.9700000000E+00    0.1504246400E-21    0.1038683609E-22    0.6598422489E-07   -0.1897967027E+10   -0.5674395299E-27   -0.2855010066E-12   -0.6379110503E-28
    0.9700000000E+00    0.1611829057E-21    0.1112969539E-22    0.6752119493E-07    0.1924407707E+12    0.6164928038E-25    0.3101816260E-10    0.7426232634E-26
    0.9700000000E+00    0.1727105951E-21    0.1192568347E-22    0.6909396560E-07    0.6019419665E+13    0.2066262751E-23    0.1039617553E-08    0.2667018848E-24
    0.9700000000E+00    0.1850627369E-21    0.1277860007E-22    0.7070337081E-07    0.1588168325E+15    0.5841541332E-22    0.2939107768E-07    0.8079193172E-23
    0.9700000000E+00    0.1982982953E-21    0.1369251667E-22    0.7235026388E-07    0.3802056435E+16    0.1498474935E-20    0.7539413096E-06    0.2220700658E-21
    0.9700000000E+00    0.2124804516E-21    0.1467179595E-22    0.7403551802E-07    0.1786779844E+17    0.7545742290E-20    0.3796557881E-05    0.1198236396E-20
    0.9700000000E+00    0.2276769058E-21    0.1572111260E-22    0.7576002677E-07   -0.1328433786E+16   -0.6011333692E-21   -0.3024536941E-06   -0.1022848646E-21
    0.9700000000E+00    0.2439602000E-21    0.1684547565E-22    0.7752470448E-07   -0.5298762512E+18   -0.2569244166E-18   -0.1292687162E-03   -0.4684313117E-19
    0.9700000000E+00    0.2614080640E-21    0.1805025236E-22    0.7933048683E-07   -0.9539231859E+19   -0.4956148707E-17   -0.2493632132E-02   -0.9682441171E-18
    0.9700000000E+00    0.2801037871E-21    0.1934119387E-22    0.8117833125E-07   -0.1444971963E+21   -0.8044338635E-16   -0.4047421191E-01   -0.1683956555E-16
    0.9700000000E+00    0.3001366153E-21    0.2072446262E-22    0.8306921749E-07   -0.1994560114E+22   -0.1189811204E-14   -0.5986405218E+00   -0.2668815752E-15
    0.9700000000E+00    0.3216021775E-21    0.2220666179E-22    0.8500414813E-07   -0.2537228533E+23   -0.1621774661E-13   -0.8159782210E+01   -0.3897903192E-14
    0.9700000000E+00    0.3446029418E-21    0.2379486681E-22    0.8698414910E-07   -0.2873053438E+24   -0.1967771325E-12   -0.9900626667E+02   -0.5067749809E-13
    0.9700000000E+00    0.3692487048E-21    0.2549665916E-22    0.8901027021E-07   -0.7019221308E+24   -0.5151335779E-12   -0.2591838377E+03   -0.1421544298E-12
    0.9700000000E+00    0.3956571157E-21    0.2732016250E-22    0.9108358575E-07   -0.2529018171E+24   -0.1988762277E-12   -0.1000624035E+03   -0.5880623999E-13
    0.9700000000E+00    0.4239542377E-21    0.2927408154E-22    0.9320519501E-07    0.6740875519E+25    0.5679985554E-11    0.2857822742E+04    0.1799648834E-11
    0.9700000000E+00    0.4542751502E-21    0.3136774352E-22    0.9537622289E-07    0.7250261028E+26    0.6546129106E-10    0.3293613417E+05    0.2222414719E-10
    0.9700000000E+00    0.4867645933E-21    0.3361114274E-22    0.9759782052E-07    0.6030850257E+27    0.5834578256E-09    0.2935604373E+06    0.2122511282E-09
    0.9700000000E+00    0.5215776589E-21    0.3601498832E-22    0.9987116580E-07    0.4508832647E+28    0.4674068146E-08    0.2351706376E+07    0.1821946324E-08
    0.9700000000E+00    0.5588805307E-21    0.3859075526E-22    0.1021974641E-06    0.3111553446E+29    0.3456274196E-07    0.1738986641E+08    0.1443606162E-07
    0.9700000000E+00    0.5988512779E-21    0.4135073927E-22    0.1045779488E-06    0.1995598201E+30    0.2375221019E-06    0.1195066533E+09    0.1063027662E-06
    0.9700000000E+00    0.6416807053E-21    0.4430811541E-22    0.1070138822E-06    0.1192405714E+31    0.1520740011E-05    0.7651437395E+09    0.7292820271E-06
    0.9700000000E+00    0.6875732635E-21    0.4747700104E-22    0.1095065557E-06    0.6645940916E+31    0.9082123431E-05    0.4569571285E+10    0.4666894015E-05
    0.9700000000E+00    0.7367480256E-21    0.5087252317E-22    0.1120572911E-06    0.3457161474E+32    0.5062331589E-04    0.2547056890E+11    0.2787347571E-04
    0.9700000000E+00    0.7894397325E-21    0.5451089068E-22    0.1146674407E-06    0.1678477634E+33    0.2633579800E-03    0.1325056934E+12    0.1553771033E-03
    0.9700000000E+00    0.8458999137E-21    0.5840947171E-22    0.1173383885E-06    0.7601209024E+33    0.1277949226E-02    0.6429862058E+12    0.8078935437E-03
    0.9700000000E+00    0.9063980879E-21    0.6258687655E-22    0.1200715507E-06    0.3206901508E+34    0.5777188603E-02    0.2906729395E+13    0.3913425622E-02
    0.9700000000E+00    0.9712230494E-21    0.6706304648E-22    0.1228683764E-06    0.1238216056E+35    0.2390162097E-01    0.1202583974E+14    0.1734873820E-01
    0.9700000000E+00    0.1040684247E-20    0.7185934897E-22    0.1257303485E-06    0.3108021781E+35    0.6428578886E-01    0.3234469307E+14    0.4999833197E-01
    0.9700000000E+00    0.1115113261E-20    0.7699867968E-22    0.1286589846E-06    0.5044136852E+35    0.1117938170E+00    0.5624783896E+14    0.9316618733E-01
    0.9700000000E+00    0.1194865387E-20    0.8250557175E-22    0.1316558373E-06    0.6082462308E+35    0.1444476066E+00    0.7267723680E+14    0.1289884691E+00
    0.9700000000E+00    0.1280321329E-20    0.8840631292E-22    0.1347224957E-06    0.6126517492E+35    0.1558994567E+00    0.7843911021E+14    0.1491712538E+00
    0.9700000000E+00    0.1371889021E-20    0.9472907100E-22    0.1378605858E-06    0.5888582842E+35    0.1605616096E+00    0.8078482153E+14    0.1646198689E+00
    0.9700000000E+00    0.1470005571E-20    0.1015040283E-21    0.1410717713E-06    0.4825904375E+35    0.1409969233E+00    0.7094106317E+14    0.1548995565E+00
    0.9700000000E+00    0.1575139348E-20    0.1087635259E-21    0.1443577550E-06    0.3138283808E+35    0.9824786916E-01    0.4943234312E+14    0.1156548044E+00
    0.9700000000E+00    0.1687792220E-20    0.1165422177E-21    0.1477202791E-06    0.1660589889E+35    0.5570488898E-01    0.2802730695E+14    0.7026415881E-01
    0.9700000000E+00    0.1808501947E-20    0.1248772362E-21    0.1511611264E-06    0.7134708032E+34    0.2564526136E-01    0.1290313337E+14    0.3466152510E-01
    0.9700000000E+00    0.1937844750E-20    0.1338083694E-21    0.1546821213E-06    0.2415044071E+34    0.9301564123E-02    0.4679980474E+13    0.1347089722E-01
    0.9700000000E+00    0.2076438060E-20    0.1433782510E-21    0.1582851308E-06    0.4431194163E+33    0.1828738904E-02    0.9201100212E+12    0.2837868336E-02
    0.9700000000E+00    0.2224943467E-20    0.1536325639E-21    0.1619720651E-06    0.8281216952E+30    0.3662056887E-05    0.1842523956E+10    0.6089275517E-05
    0.9700000000E+00    0.2384069878E-20    0.1646202581E-21    0.1657448792E-06    0.2017894136E+30    0.9561572053E-06    0.4810800627E+09    0.1703608665E-05
    0.9700000000E+00    0.2554576900E-20    0.1763937846E-21    0.1696055734E-06    0.3961759724E+29    0.2011495459E-06    0.1012061987E+09    0.3840250857E-06
    0.9700000000E+00    0.2737278465E-20    0.1890093455E-21    0.1735561947E-06    0.4878627584E+28    0.2654169113E-07    0.1335416222E+08    0.5429616165E-07
    0.9700000000E+00    0.2933046719E-20    0.2025271626E-21    0.1775988378E-06    0.1195189917E+28    0.6967353481E-08    0.3505547865E+07    0.1527243843E-07
    0.9700000000E+00    0.3142816182E-20    0.2170117645E-21    0.1817356462E-06    0.2622334035E+27    0.1638019002E-08    0.8241513841E+06    0.3847330309E-08
    0.9700000000E+00    0.3367588212E-20    0.2325322952E-21    0.1859688132E-06    0.6295650051E+26    0.4213776563E-09    0.2120115690E+06    0.1060503342E-08
    0.9700000000E+00    0.3608435782E-20    0.2491628434E-21    0.1903005833E-06    0.9632493650E+25    0.6908275604E-10    0.3475823475E+05    0.1862988584E-09
    0.9700000000E+00    0.3866508602E-20    0.2669827968E-21    0.1947332533E-06    0.3297992632E+25    0.2534431776E-10    0.1275171688E+05    0.7323541439E-10
