    0.9560000000E+00    0.4143038610E-23    0.2860772210E-24    0.1992691735E-07    0.0000000000E+00    0.0000000000E+00    0.0000000000E+00    0.0000000000E+00
    0.9560000000E+00    0.4439345853E-23    0.3065372650E-24    0.2039107488E-07    0.0000000000E+00    0.0000000000E+00    0.0000000000E+00    0.0000000000E+00
    0.9560000000E+00    0.4756844785E-23    0.3284605973E-24    0.2086604403E-07    0.0000000000E+00    0.0000000000E+00    0.0000000000E+00    0.0000000000E+00
    0.9560000000E+00    0.5097051019E-23    0.3519518710E-24    0.2135207663E-07    0.0000000000E+00    0.0000000000E+00    0.0000000000E+00    0.0000000000E+00
    0.9560000000E+00    0.5461588566E-23    0.3771232243E-24    0.2184943039E-07    0.0000000000E+00    0.0000000000E+00    0.0000000000E+00    0.0000000000E+00
    0.9560000000E+00    0.5852197586E-23    0.4040948153E-24    0.2235836900E-07    0.0000000000E+00    0.0000000000E+00    0.0000000000E+00    0.0000000000E+00
    0.9560000000E+00    0.6270742692E-23    0.4329953957E-24    0.2287916232E-07    0.0000000000E+00    0.0000000000E+00    0.0000000000E+00    0.0000000000E+00
    0.9560000000E+00    0.6719221852E-23    0.4639629256E-24    0.2341208647E-07    0.0000000000E+00    0.0000000000E+00    0.0000000000E+00    0.0000000000E+00
    0.9560000000E+00    0.7199775931E-23    0.4971452317E-24    0.2395742402E-07    0.0000000000E+00    0.0000000000E+00    0.0000000000E+00    0.0000000000E+00
    0.9560000000E+00    0.7714698903E-23    0.5327007132E-24    0.2451546411E-07    0.0000000000E+00    0.0000000000E+00    0.0000000000E+00    0.0000000000E+00
    0.9560000000E+00    0.8266448809E-23    0.5707990981E-24    0.2508650263E-07    0.0000000000E+00    0.0000000000E+00    0.0000000000E+00    0.0000000000E+00
    0.9560000000E+00    0.8857659485E-23    0.6116222531E-24    0.2567084234E-07    0.0000000000E+00    0.0000000000E+00    0.0000000000E+00    0.0000000000E+00
    0.9560000000E+00    0.9491153137E-23    0.6553650517E-24    0.2626879307E-07    0.0000000000E+00    0.0000000000E+00    0.0000000000E+00    0.0000000000E+00
    0.9560000000E+00    0.1016995382E-22    0.7022363048E-24    0.2688067187E-07    0.0000000000E+00    0.0000000000E+00    0.0000000000E+00    0.0000000000E+00
    0.9560000000E+00    0.1089730185E-22    0.7524597575E-24    0.2750680315E-07    0.0000000000E+00    0.0000000000E+00    0.0000000000E+00    0.0000000000E+00
    0.9560000000E+00    0.1167666930E-22    0.8062751566E-24    0.2814751890E-07    0.0000000000E+00    0.0000000000E+00    0.0000000000E+00    0.0000000000E+00
    0.9560000000E+00    0.1251177658E-22    0.8639393956E-24    0.2880315884E-07    0.0000000000E+00    0.0000000000E+00    0.0000000000E+00    0.0000000000E+00
    0.9560000000E+00    0.1340661015E-22    0.9257277409E-24    0.2947407060E-07    0.0000000000E+00    0.0000000000E+00    0.0000000000E+00    0.0000000000E+00
    0.9560000000E+00    0.1436544159E-22    0.9919351458E-24    0.3016060990E-07    0.0000000000E+00    0.0000000000E+00    0.0000000000E+00    0.0000000000E+00
    0.9560000000E+00    0.1539284799E-22    0.1062877658E-23    0.3086314075E-07    0.0000000000E+00    0.0000000000E+00    0.0000000000E+00    0.0000000000E+00
    0.9560000000E+00    0.1649373379E-22    0.1138893930E-23    0.3158203565E-07    0.0000000000E+00    0.0000000000E+00    0.0000000000E+00    0.0000000000E+00
    0.9560000000E+00    0.1767335417E-22    0.1220346833E-23    0.3231767576E-07    0.0000000000E+00    0.0000000000E+00    0.0000000000E+00    0.0000000000E+00
    0.9560000000E+00    0.1893734018E-22    0.1307625190E-23    0.3307045113E-07    0.0000000000E+00    0.0000000000E+00    0.0000000000E+00    0.0000000000E+00
    0.9560000000E+00    0.2029172559E-22    0.1401145635E-23    0.3384076090E-07    0.0000000000E+00    0.0000000000E+00    0.0000000000E+00    0.0000000000E+00
    0.9560000000E+00    0.2174297571E-22    0.1501354598E-23    0.3462901348E-07    0.0000000000E+00    0.0000000000E+00    0.0000000000E+00    0.0000000000E+00
    0.9560000000E+00    0.2329801823E-22    0.1608730435E-23    0.3543562682E-07    0.0000000000E+00    0.0000000000E+00    0.0000000000E+00    0.0000000000E+00
    0.9560000000E+00    0.2496427630E-22    0.1723785718E-23    0.3626102861E-07    0.0000000000E+00    0.0000000000E+00    0.0000000000E+00    0.0000000000E+00
    0.9560000000E+00    0.2674970400E-22    0.1847069675E-23    0.3710565646E-07    0.0000000000E+00    0.0000000000E+00    0.0000000000E+00    0.0000000000E+00
    0.9560000000E+00    0.2866282424E-22    0.1979170815E-23    0.3796995823E-07    0.0000000000E+00    0.0000000000E+00    0.0000000000E+00    0.0000000000E+00
    0.9560000000E+00    0.3071276952E-22    0.2120719737E-23    0.3885439218E-07    0.0000000000E+00    0.0000000000E+00    0.0000000000E+00    0.0000000000E+00
    0.9560000000E+00    0.3290932546E-22    0.2272392139E-23    0.3975942724E-07    0.0000000000E+00    0.0000000000E+00    0.0000000000E+00    0.0000000000E+00
    0.9560000000E+00    0.3526297755E-22    0.2434912046E-23    0.4068554327E-07   -0.1023392533E-15   -0.7172543120E-53   -0.3608786792E-38   -0.1912801460E-54
    0.9560000000E+00    0.3778496121E-22    0.2609055264E-23    0.4163323131E-07   -0.2611193221E-15   -0.1960965412E-52   -0.9866383455E-38   -0.5603593983E-54
    0.9560000000E+00    0.4048731538E-22    0.2795653084E-23    0.4260299385E-07    0.8742377351E-14    0.7034941205E-51    0.3539553890E-36    0.2154057038E-52
    0.9560000000E+00    0.4338294005E-22    0.2995596250E-23    0.4359534505E-07    0.5248069412E-13    0.4525124103E-50    0.2276766807E-35    0.1484660729E-51
    0.9560000000E+00    0.4648565778E-22    0.3209839213E-23    0.4461081109E-07   -0.1821645052E-11   -0.1683040948E-48   -0.8468036848E-34   -0.5916861577E-50
    0.9560000000E+00    0.4981027973E-22    0.3439404683E-23    0.4564993037E-07   -0.2723836981E-10   -0.2696572094E-47   -0.1356750820E-32   -0.1015801296E-48
    0.9560000000E+00    0.5337267633E-22    0.3685388516E-23    0.4671325384E-07    0.2299611053E-09    0.2439412873E-46    0.1227363964E-31    0.9846503467E-48
    0.9560000000E+00    0.5718985306E-22    0.3948964943E-23    0.4780134531E-07    0.7286643072E-08    0.8282442328E-45    0.4167220465E-30    0.3582243863E-46
    0.9560000000E+00    0.6128003161E-22    0.4231392172E-23    0.4891478167E-07   -0.1629204592E-07   -0.1984296422E-44   -0.9983770888E-30   -0.9196091337E-46
    0.9560000000E+00    0.6566273690E-22    0.4534018400E-23    0.5005415331E-07   -0.4496282863E-05   -0.5867924928E-42   -0.2952382387E-27   -0.2913944500E-43
    0.9560000000E+00    0.7035889022E-22    0.4858288246E-23    0.5122006431E-07   -0.6005956187E-03   -0.8398719629E-40   -0.4225724120E-25   -0.4468994400E-41
    0.9560000000E+00    0.7539090917E-22    0.5205749646E-23    0.5241313287E-07   -0.3986311487E-02   -0.5973132587E-39   -0.3005316472E-24   -0.3405641127E-40
    0.9560000000E+00    0.8078281461E-22    0.5578061244E-23    0.5363399157E-07    0.2617720863E-01    0.4202950337E-38    0.2114668592E-23    0.2567739637E-39
    0.9560000000E+00    0.8656034539E-22    0.5977000309E-23    0.5488328773E-07    0.2964050738E+01    0.5099370385E-36    0.2565692556E-21    0.3338207160E-37
    0.9560000000E+00    0.9275108115E-22    0.6404471218E-23    0.5616168372E-07    0.4956781138E+02    0.9137568957E-35    0.4597468096E-20    0.6409547852E-36
    0.9560000000E+00    0.9938457404E-22    0.6862514550E-23    0.5746985739E-07   -0.2274907533E+02   -0.4493602710E-35   -0.2260907162E-20   -0.3377469218E-36
    0.9560000000E+00    0.1064924897E-21    0.7353316823E-23    0.5880850233E-07   -0.6670164404E+04   -0.1411781421E-32   -0.7103224142E-18   -0.1137009751E-33
    0.9560000000E+00    0.1141087586E-21    0.7879220933E-23    0.6017832832E-07   -0.3678404952E+06   -0.8342389493E-31   -0.4197382227E-16   -0.7199248911E-32
    0.9560000000E+00    0.1222697377E-21    0.8442737340E-23    0.6158006166E-07   -0.1778695552E+08   -0.4322475526E-29   -0.2174806387E-14   -0.3996955101E-30
    0.9560000000E+00    0.1310143844E-21    0.9046556049E-23    0.6301444556E-07   -0.7760500690E+09   -0.2020787588E-27   -0.1016737221E-12   -0.2002245806E-28
    0.9560000000E+00    0.1403844422E-21    0.9693559452E-23    0.6448224056E-07   -0.6471984369E+10   -0.1805794740E-26   -0.9085659154E-12   -0.1917189803E-27
    0.9560000000E+00    0.1504246400E-21    0.1038683609E-22    0.6598422489E-07    0.2087067538E+10    0.6239753410E-27    0.3139463829E-12    0.7098460236E-28
    0.9560000000E+00    0.1611829057E-21    0.1112969539E-22    0.6752119493E-07    0.4074284236E+12    0.1305215575E-24    0.6567049718E-10    0.1591032219E-25
    0.9560000000E+00    0.1727105951E-21    0.1192568347E-22    0.6909396560E-07    0.1214269013E+14    0.4168173963E-23    0.2097171239E-08    0.5444306454E-24
    0.9560000000E+00    0.1850627369E-21    0.1277860007E-22    0.7070337081E-07    0.3133028406E+15    0.1152378790E-21    0.5798068116E-07    0.1612842590E-22
    0.9560000000E+00    0.1982982953E-21    0.1369251667E-22    0.7235026388E-07    0.7280878876E+16    0.2869556169E-20    0.1443785869E-05    0.4303397438E-21
    0.9560000000E+00    0.2124804516E-21    0.1467179595E-22    0.7403551802E-07    0.2118931235E+17    0.8948449404E-20    0.4502314657E-05    0.1437952412E-20
    0.9560000000E+00    0.2276769058E-21    0.1572111260E-22    0.7576002677E-07   -0.2064286899E+17   -0.9341163640E-20   -0.4699904539E-05   -0.1608413490E-20
    0.9560000000E+00    0.2439602000E-21    0.1684547565E-22    0.7752470448E-07   -0.9966936352E+18   -0.4832730852E-18   -0.2431535785E-03   -0.8916395738E-19
    0.9560000000E+00    0.2614080640E-21    0.1805025236E-22    0.7933048683E-07   -0.1709617721E+20   -0.8882391982E-17   -0.4469078586E-02   -0.1756008693E-17
    0.9560000000E+00    0.2801037871E-21    0.1934119387E-22    0.8117833125E-07   -0.2532943265E+21   -0.1410121019E-15   -0.7094870009E-01   -0.2987123048E-16
    0.9560000000E+00    0.3001366153E-21    0.2072446262E-22    0.8306921749E-07   -0.3430491131E+22   -0.2046384439E-14   -0.1029615997E+01   -0.4644981104E-15
    0.9560000000E+00    0.3216021775E-21    0.2220666179E-22    0.8500414813E-07   -0.4284601112E+23   -0.2738680188E-13   -0.1377937048E+02   -0.6660978731E-14
    0.9560000000E+00    0.3446029418E-21    0.2379486681E-22    0.8698414910E-07   -0.4233210122E+24   -0.2899350698E-12   -0.1458776661E+03   -0.7556096167E-13
    0.9560000000E+00    0.3692487048E-21    0.2549665916E-22    0.8901027021E-07   -0.7649902851E+24   -0.5614186607E-12   -0.2824716720E+03   -0.1567774407E-12
    0.9560000000E+00    0.3956571157E-21    0.2732016250E-22    0.9108358575E-07    0.8539618978E+23    0.6715361826E-13    0.3378761013E+02    0.2009398827E-13
    0.9560000000E+00    0.4239542377E-21    0.2927408154E-22    0.9320519501E-07    0.1137915555E+26    0.9588285519E-11    0.4824241215E+04    0.3074239404E-11
    0.9560000000E+00    0.4542751502E-21    0.3136774352E-22    0.9537622289E-07    0.1134469788E+27    0.1024292184E-09    0.5153614335E+05    0.3519010685E-10
    0.9560000000E+00    0.4867645933E-21    0.3361114274E-22    0.9759782052E-07    0.9190261135E+27    0.8891167165E-09    0.4473493724E+06    0.3273071575E-09
    0.9560000000E+00    0.5215776589E-21    0.3601498832E-22    0.9987116580E-07    0.6742734412E+28    0.6989835862E-08    0.3516859629E+07    0.2757171016E-08
    0.9560000000E+00    0.5588805307E-21    0.3859075526E-22    0.1021974641E-06    0.4574554950E+29    0.5081357755E-07    0.2556629698E+08    0.2147714254E-07
    0.9560000000E+00    0.5988512779E-21    0.4135073927E-22    0.1045779488E-06    0.2886095599E+30    0.3435117812E-06    0.1728342038E+09    0.1555744819E-06
    0.9560000000E+00    0.6416807053E-21    0.4430811541E-22    0.1070138822E-06    0.1696959263E+31    0.2164224657E-05    0.1088906016E+10    0.1050265422E-05
    0.9560000000E+00    0.6875732635E-21    0.4747700104E-22    0.1095065557E-06    0.9309303188E+31    0.1272178638E-04    0.6400827974E+10    0.6615228127E-05
    0.9560000000E+00    0.7367480256E-21    0.5087252317E-22    0.1120572911E-06    0.4767289783E+32    0.6980756278E-04    0.3512291335E+11    0.3889548600E-04
    0.9560000000E+00    0.7894397325E-21    0.5451089068E-22    0.1146674407E-06    0.2278811455E+33    0.3575520874E-03    0.1798984306E+12    0.2134696041E-03
    0.9560000000E+00    0.8458999137E-21    0.5840947171E-22    0.1173383885E-06    0.1016090262E+34    0.1708296351E-02    0.8595106653E+12    0.1092848449E-02
    0.9560000000E+00    0.9063980879E-21    0.6258687655E-22    0.1200715507E-06    0.4220547430E+34    0.7603257676E-02    0.3825496120E+13    0.5211904339E-02
    0.9560000000E+00    0.9712230494E-21    0.6706304648E-22    0.1228683764E-06    0.1550594793E+35    0.2993155260E-01    0.1505973403E+14    0.2198497478E-01
    0.9560000000E+00    0.1040684247E-20    0.7185934897E-22    0.1257303485E-06    0.3524048050E+35    0.7289080477E-01    0.3667421291E+14    0.5736796863E-01
    0.9560000000E+00    0.1115113261E-20    0.7699867968E-22    0.1286589846E-06    0.5372672108E+35    0.1190751838E+00    0.5991137917E+14    0.1004194844E+00
    0.9560000000E+00    0.1194865387E-20    0.8250557175E-22    0.1316558373E-06    0.6185845441E+35    0.1469027712E+00    0.7391252608E+14    0.1327476114E+00
    0.9560000000E+00    0.1280321329E-20    0.8840631292E-22    0.1347224957E-06    0.6172532509E+35    0.1570703856E+00    0.7902825027E+14    0.1520866300E+00
    0.9560000000E+00    0.1371889021E-20    0.9472907100E-22    0.1378605858E-06    0.5835114050E+35    0.1591036976E+00    0.8005128904E+14    0.1650733632E+00
    0.9560000000E+00    0.1470005571E-20    0.1015040283E-21    0.1410717713E-06    0.4589994923E+35    0.1341044314E+00    0.6747318109E+14    0.1490870275E+00
    0.9560000000E+00    0.1575139348E-20    0.1087635259E-21    0.1443577550E-06    0.2884486281E+35    0.9030242261E-01    0.4543467840E+14    0.1075712285E+00
    0.9560000000E+00    0.1687792220E-20    0.1165422177E-21    0.1477202791E-06    0.1479477578E+35    0.4962943279E-01    0.2497050747E+14    0.6334845663E-01
    0.9560000000E+00    0.1808501947E-20    0.1248772362E-21    0.1511611264E-06    0.6165259118E+34    0.2216063793E-01    0.1114988312E+14    0.3030951485E-01
    0.9560000000E+00    0.1937844750E-20    0.1338083694E-21    0.1546821213E-06    0.2011409183E+34    0.7746960692E-02    0.3897798724E+13    0.1135345595E-01
    0.9560000000E+00    0.2076438060E-20    0.1433782510E-21    0.1582851308E-06    0.3206097147E+33    0.1323145492E-02    0.6657262140E+12    0.2077802806E-02
    0.9560000000E+00    0.2224943467E-20    0.1536325639E-21    0.1619720651E-06    0.7465885480E+30    0.3301507193E-05    0.1661117313E+10    0.5555318647E-05
    0.9560000000E+00    0.2384069878E-20    0.1646202581E-21    0.1657448792E-06    0.1816374594E+30    0.8606693606E-06    0.4330363957E+09    0.1551790431E-05
    0.9560000000E+00    0.2554576900E-20    0.1763937846E-21    0.1696055734E-06    0.3486254903E+29    0.1770068453E-06    0.8905906241E+08    0.3419690396E-06
    0.9560000000E+00    0.2737278465E-20    0.1890093455E-21    0.1735561947E-06    0.4433680939E+28    0.2412100289E-07    0.1213621936E+08    0.4993350912E-07
    0.9560000000E+00    0.2933046719E-20    0.2025271626E-21    0.1775988378E-06    0.1086206930E+28    0.6332037716E-08    0.3185895671E+07    0.1404559753E-07
    0.9560000000E+00    0.3142816182E-20    0.2170117645E-21    0.1817356462E-06    0.2384453400E+27    0.1489428855E-08    0.7493898731E+06    0.3540107825E-08
    0.9560000000E+00    0.3367588212E-20    0.2325322952E-21    0.1859688132E-06    0.5723934896E+26    0.3831118712E-09    0.1927585568E+06    0.9757135499E-09
    0.9560000000E+00    0.3608435782E-20    0.2491628434E-21    0.1903005833E-06    0.8691013328E+25    0.6233060464E-10    0.3136096347E+05    0.1700975533E-09
    0.9560000000E+00    0.3866508602E-20    0.2669827968E-21    0.1947332533E-06    0.2959116320E+25    0.2274013094E-10    0.1144144870E+05    0.6649510681E-10
