    0.9310000000E+00    0.4143038610E-23    0.2860772210E-24    0.1992691735E-07    0.0000000000E+00    0.0000000000E+00    0.0000000000E+00    0.0000000000E+00
    0.9310000000E+00    0.4439345853E-23    0.3065372650E-24    0.2039107488E-07    0.0000000000E+00    0.0000000000E+00    0.0000000000E+00    0.0000000000E+00
    0.9310000000E+00    0.4756844785E-23    0.3284605973E-24    0.2086604403E-07    0.0000000000E+00    0.0000000000E+00    0.0000000000E+00    0.0000000000E+00
    0.9310000000E+00    0.5097051019E-23    0.3519518710E-24    0.2135207663E-07    0.0000000000E+00    0.0000000000E+00    0.0000000000E+00    0.0000000000E+00
    0.9310000000E+00    0.5461588566E-23    0.3771232243E-24    0.2184943039E-07    0.0000000000E+00    0.0000000000E+00    0.0000000000E+00    0.0000000000E+00
    0.9310000000E+00    0.5852197586E-23    0.4040948153E-24    0.2235836900E-07    0.0000000000E+00    0.0000000000E+00    0.0000000000E+00    0.0000000000E+00
    0.9310000000E+00    0.6270742692E-23    0.4329953957E-24    0.2287916232E-07    0.0000000000E+00    0.0000000000E+00    0.0000000000E+00    0.0000000000E+00
    0.9310000000E+00    0.6719221852E-23    0.4639629256E-24    0.2341208647E-07    0.0000000000E+00    0.0000000000E+00    0.0000000000E+00    0.0000000000E+00
    0.9310000000E+00    0.7199775931E-23    0.4971452317E-24    0.2395742402E-07    0.0000000000E+00    0.0000000000E+00    0.0000000000E+00    0.0000000000E+00
    0.9310000000E+00    0.7714698903E-23    0.5327007132E-24    0.2451546411E-07    0.0000000000E+00    0.0000000000E+00    0.0000000000E+00    0.0000000000E+00
    0.9310000000E+00    0.8266448809E-23    0.5707990981E-24    0.2508650263E-07    0.0000000000E+00    0.0000000000E+00    0.0000000000E+00    0.0000000000E+00
    0.9310000000E+00    0.8857659485E-23    0.6116222531E-24    0.2567084234E-07    0.0000000000E+00    0.0000000000E+00    0.0000000000E+00    0.0000000000E+00
    0.9310000000E+00    0.9491153137E-23    0.6553650517E-24    0.2626879307E-07    0.0000000000E+00    0.0000000000E+00    0.0000000000E+00    0.0000000000E+00
    0.9310000000E+00    0.1016995382E-22    0.7022363048E-24    0.2688067187E-07    0.0000000000E+00    0.0000000000E+00    0.0000000000E+00    0.0000000000E+00
    0.9310000000E+00    0.1089730185E-22    0.7524597575E-24    0.2750680315E-07    0.0000000000E+00    0.0000000000E+00    0.0000000000E+00    0.0000000000E+00
    0.9310000000E+00    0.1167666930E-22    0.8062751566E-24    0.2814751890E-07    0.0000000000E+00    0.0000000000E+00    0.0000000000E+00    0.0000000000E+00
    0.9310000000E+00    0.1251177658E-22    0.8639393956E-24    0.2880315884E-07    0.0000000000E+00    0.0000000000E+00    0.0000000000E+00    0.0000000000E+00
    0.9310000000E+00    0.1340661015E-22    0.9257277409E-24    0.2947407060E-07    0.0000000000E+00    0.0000000000E+00    0.0000000000E+00    0.0000000000E+00
    0.9310000000E+00    0.1436544159E-22    0.9919351458E-24    0.3016060990E-07    0.0000000000E+00    0.0000000000E+00    0.0000000000E+00    0.0000000000E+00
    0.9310000000E+00    0.1539284799E-22    0.1062877658E-23    0.3086314075E-07    0.0000000000E+00    0.0000000000E+00    0.0000000000E+00    0.0000000000E+00
    0.9310000000E+00    0.1649373379E-22    0.1138893930E-23    0.3158203565E-07    0.0000000000E+00    0.0000000000E+00    0.0000000000E+00    0.0000000000E+00
    0.9310000000E+00    0.1767335417E-22    0.1220346833E-23    0.3231767576E-07    0.0000000000E+00    0.0000000000E+00    0.0000000000E+00    0.0000000000E+00
    0.9310000000E+00    0.1893734018E-22    0.1307625190E-23    0.3307045113E-07    0.0000000000E+00    0.0000000000E+00    0.0000000000E+00    0.0000000000E+00
    0.9310000000E+00    0.2029172559E-22    0.1401145635E-23    0.3384076090E-07    0.0000000000E+00    0.0000000000E+00    0.0000000000E+00    0.0000000000E+00
    0.9310000000E+00    0.2174297571E-22    0.1501354598E-23    0.3462901348E-07    0.0000000000E+00    0.0000000000E+00    0.0000000000E+00    0.0000000000E+00
    0.9310000000E+00    0.2329801823E-22    0.1608730435E-23    0.3543562682E-07    0.0000000000E+00    0.0000000000E+00    0.0000000000E+00    0.0000000000E+00
    0.9310000000E+00    0.2496427630E-22    0.1723785718E-23    0.3626102861E-07    0.0000000000E+00    0.0000000000E+00    0.0000000000E+00    0.0000000000E+00
    0.9310000000E+00    0.2674970400E-22    0.1847069675E-23    0.3710565646E-07    0.0000000000E+00    0.0000000000E+00    0.0000000000E+00    0.0000000000E+00
    0.9310000000E+00    0.2866282424E-22    0.1979170815E-23    0.3796995823E-07    0.0000000000E+00    0.0000000000E+00    0.0000000000E+00    0.0000000000E+00
    0.9310000000E+00    0.3071276952E-22    0.2120719737E-23    0.3885439218E-07    0.0000000000E+00    0.0000000000E+00    0.0000000000E+00    0.0000000000E+00
    0.9310000000E+00    0.3290932546E-22    0.2272392139E-23    0.3975942724E-07    0.0000000000E+00    0.0000000000E+00    0.0000000000E+00    0.0000000000E+00
    0.9310000000E+00    0.3526297755E-22    0.2434912046E-23    0.4068554327E-07   -0.4395507150E-15   -0.3080632656E-52   -0.1549986700E-37   -0.8412495206E-54
    0.9310000000E+00    0.3778496121E-22    0.2609055264E-23    0.4163323131E-07   -0.8787362982E-15   -0.6599172642E-52   -0.3320301694E-37   -0.1930965014E-53
    0.9310000000E+00    0.4048731538E-22    0.2795653084E-23    0.4260299385E-07    0.6862441863E-13    0.5522167837E-50    0.2778418480E-35    0.1731388455E-51
    0.9310000000E+00    0.4338294005E-22    0.2995596250E-23    0.4359534505E-07    0.7974622978E-13    0.6876082577E-50    0.3459625905E-35    0.2310074567E-51
    0.9310000000E+00    0.4648565778E-22    0.3209839213E-23    0.4461081109E-07   -0.1892220785E-10   -0.1748246762E-47   -0.8796112785E-33   -0.6293433500E-49
    0.9310000000E+00    0.4981027973E-22    0.3439404683E-23    0.4564993037E-07   -0.6033522109E-10   -0.5973128150E-47   -0.3005314240E-32   -0.2304022667E-48
    0.9310000000E+00    0.5337267633E-22    0.3685388516E-23    0.4671325384E-07    0.2382953276E-08    0.2527821776E-45    0.1271845939E-30    0.1044795674E-46
    0.9310000000E+00    0.5718985306E-22    0.3948964943E-23    0.4780134531E-07    0.1847031239E-07    0.2099448204E-44    0.1056314451E-29    0.9298011513E-46
    0.9310000000E+00    0.6128003161E-22    0.4231392172E-23    0.4891478167E-07   -0.2065465680E-06   -0.2515642406E-43   -0.1265718022E-28   -0.1193806178E-44
    0.9310000000E+00    0.6566273690E-22    0.4534018400E-23    0.5005415331E-07   -0.3443334432E-04   -0.4493762639E-41   -0.2260987628E-26   -0.2285046510E-42
    0.9310000000E+00    0.7035889022E-22    0.4858288246E-23    0.5122006431E-07   -0.3624584517E-02   -0.5068613253E-39   -0.2550217441E-24   -0.2761684547E-40
    0.9310000000E+00    0.7539090917E-22    0.5205749646E-23    0.5241313287E-07   -0.6270749422E-02   -0.9396159292E-39   -0.4727575001E-24   -0.5485740829E-40
    0.9310000000E+00    0.8078281461E-22    0.5578061244E-23    0.5363399157E-07    0.2040087055E+00    0.3275515237E-37    0.1648039744E-22    0.2049106538E-38
    0.9310000000E+00    0.8656034539E-22    0.5977000309E-23    0.5488328773E-07    0.1856858366E+02    0.3194550093E-35    0.1607303015E-20    0.2141384316E-36
    0.9310000000E+00    0.9275108115E-22    0.6404471218E-23    0.5616168372E-07    0.1020623434E+03    0.1881466368E-34    0.9466392695E-20    0.1351392096E-35
    0.9310000000E+00    0.9938457404E-22    0.6862514550E-23    0.5746985739E-07   -0.4533464308E+03   -0.8954907926E-34   -0.4505564192E-19   -0.6892012236E-35
    0.9310000000E+00    0.1064924897E-21    0.7353316823E-23    0.5880850233E-07   -0.3676687259E+05   -0.7781935270E-32   -0.3915395801E-17   -0.6417598292E-33
    0.9310000000E+00    0.1141087586E-21    0.7879220933E-23    0.6017832832E-07   -0.1905345423E+07   -0.4321202761E-30   -0.2174166009E-15   -0.3818471557E-31
    0.9310000000E+00    0.1222697377E-21    0.8442737340E-23    0.6158006166E-07   -0.8806898156E+08   -0.2140197725E-28   -0.1076817128E-13   -0.2026463627E-29
    0.9310000000E+00    0.1310143844E-21    0.9046556049E-23    0.6301444556E-07   -0.3631812565E+10   -0.9457020940E-27   -0.4758196875E-12   -0.9594873774E-28
    0.9310000000E+00    0.1403844422E-21    0.9693559452E-23    0.6448224056E-07   -0.1043408015E+11   -0.2911287477E-26   -0.1464782521E-11   -0.3164972984E-27
    0.9310000000E+00    0.1504246400E-21    0.1038683609E-22    0.6598422489E-07    0.3818391501E+11    0.1141593214E-25    0.5743801667E-11    0.1329830513E-26
    0.9310000000E+00    0.1611829057E-21    0.1112969539E-22    0.6752119493E-07    0.1750456907E+13    0.5607668700E-24    0.2821437306E-09    0.6999503946E-25
    0.9310000000E+00    0.1727105951E-21    0.1192568347E-22    0.6909396560E-07    0.4860599985E+14    0.1668479232E-22    0.8394771161E-08    0.2231545366E-23
    0.9310000000E+00    0.1850627369E-21    0.1277860007E-22    0.7070337081E-07    0.1201538745E+16    0.4419454870E-21    0.2223600485E-06    0.6333643554E-22
    0.9310000000E+00    0.1982982953E-21    0.1369251667E-22    0.7235026388E-07    0.1915851028E+17    0.7550794662E-20    0.3799099927E-05    0.1159518214E-20
    0.9310000000E+00    0.2124804516E-21    0.1467179595E-22    0.7403551802E-07    0.2532710543E+17    0.1069587902E-19    0.5381514798E-05    0.1759954325E-20
    0.9310000000E+00    0.2276769058E-21    0.1572111260E-22    0.7576002677E-07   -0.1401317616E+18   -0.6341142391E-19   -0.3190476589E-04   -0.1118027331E-19
    0.9310000000E+00    0.2439602000E-21    0.1684547565E-22    0.7752470448E-07   -0.3386581569E+19   -0.1642073016E-17   -0.8261911167E-03   -0.3102254187E-18
    0.9310000000E+00    0.2614080640E-21    0.1805025236E-22    0.7933048683E-07   -0.5402715019E+20   -0.2807003693E-16   -0.1412313273E-01   -0.5682348937E-17
    0.9310000000E+00    0.2801037871E-21    0.1934119387E-22    0.8117833125E-07   -0.7677588913E+21   -0.4274209237E-15   -0.2150521730E+00   -0.9271301268E-16
    0.9310000000E+00    0.3001366153E-21    0.2072446262E-22    0.8306921749E-07   -0.1001543577E+23   -0.5974489112E-14   -0.3005998993E+01   -0.1388627268E-14
    0.9310000000E+00    0.3216021775E-21    0.2220666179E-22    0.8500414813E-07   -0.1206192422E+24   -0.7709878244E-13   -0.3879141095E+02   -0.1920137965E-13
    0.9310000000E+00    0.3446029418E-21    0.2379486681E-22    0.8698414910E-07   -0.7643704916E+24   -0.5235218794E-12   -0.2634043201E+03   -0.1397075098E-12
    0.9310000000E+00    0.3692487048E-21    0.2549665916E-22    0.8901027021E-07   -0.8189432333E+24   -0.6010141856E-12   -0.3023937282E+03   -0.1718579542E-12
    0.9310000000E+00    0.3956571157E-21    0.2732016250E-22    0.9108358575E-07    0.1782243071E+25    0.1401515350E-11    0.7051571527E+03    0.4294205005E-12
    0.9310000000E+00    0.4239542377E-21    0.2927408154E-22    0.9320519501E-07    0.3037486625E+26    0.2559442034E-10    0.1287755327E+05    0.8402919697E-11
    0.9310000000E+00    0.4542751502E-21    0.3136774352E-22    0.9537622289E-07    0.2723635921E+27    0.2459121446E-09    0.1237280117E+06    0.8650971719E-10
    0.9310000000E+00    0.4867645933E-21    0.3361114274E-22    0.9759782052E-07    0.2105686447E+28    0.2037157587E-08    0.1024973607E+07    0.7679086164E-09
    0.9310000000E+00    0.5215776589E-21    0.3601498832E-22    0.9987116580E-07    0.1489862671E+29    0.1544461770E-07    0.7770790840E+07    0.6238239982E-08
    0.9310000000E+00    0.5588805307E-21    0.3859075526E-22    0.1021974641E-06    0.9773647441E+29    0.1085644391E-06    0.5462301268E+08    0.4698643638E-07
    0.9310000000E+00    0.5988512779E-21    0.4135073927E-22    0.1045779488E-06    0.5968424274E+30    0.7103798137E-06    0.3574198504E+09    0.3294393914E-06
    0.9310000000E+00    0.6416807053E-21    0.4430811541E-22    0.1070138822E-06    0.3398803737E+31    0.4334679691E-05    0.2180946779E+10    0.2153981287E-05
    0.9310000000E+00    0.6875732635E-21    0.4747700104E-22    0.1095065557E-06    0.1806657881E+32    0.2468919011E-04    0.1242209655E+11    0.1314594342E-04
    0.9310000000E+00    0.7367480256E-21    0.5087252317E-22    0.1120572911E-06    0.8967728208E+32    0.1313147046E-03    0.6606956051E+11    0.7492008755E-04
    0.9310000000E+00    0.7894397325E-21    0.5451089068E-22    0.1146674407E-06    0.4155856956E+33    0.6520659382E-03    0.3280798604E+12    0.3986359204E-03
    0.9310000000E+00    0.8458999137E-21    0.5840947171E-22    0.1173383885E-06    0.1796567017E+34    0.3020468746E-02    0.1519715885E+13    0.1978605725E-02
    0.9310000000E+00    0.9063980879E-21    0.6258687655E-22    0.1200715507E-06    0.7233937736E+34    0.1303183853E-01    0.6556827331E+13    0.9147251190E-02
    0.9310000000E+00    0.9712230494E-21    0.6706304648E-22    0.1228683764E-06    0.2282200441E+35    0.4405393522E-01    0.2216525671E+14    0.3313367620E-01
    0.9310000000E+00    0.1040684247E-20    0.7185934897E-22    0.1257303485E-06    0.4350903316E+35    0.8999333713E-01    0.4527916542E+14    0.7252625817E-01
    0.9310000000E+00    0.1115113261E-20    0.7699867968E-22    0.1286589846E-06    0.5932536413E+35    0.1314835243E+00    0.6615450028E+14    0.1135419246E+00
    0.9310000000E+00    0.1194865387E-20    0.8250557175E-22    0.1316558373E-06    0.6320933845E+35    0.1501108793E+00    0.7552665065E+14    0.1388983491E+00
    0.9310000000E+00    0.1280321329E-20    0.8840631292E-22    0.1347224957E-06    0.6227340277E+35    0.1584650606E+00    0.7972996582E+14    0.1571152845E+00
    0.9310000000E+00    0.1371889021E-20    0.9472907100E-22    0.1378605858E-06    0.5626486413E+35    0.1534151321E+00    0.7718914939E+14    0.1629870553E+00
    0.9310000000E+00    0.1470005571E-20    0.1015040283E-21    0.1410717713E-06    0.4078880297E+35    0.1191713569E+00    0.5995976761E+14    0.1356615576E+00
    0.9310000000E+00    0.1575139348E-20    0.1087635259E-21    0.1443577550E-06    0.2402664244E+35    0.7521838581E-01    0.3784530991E+14    0.9175060238E-01
    0.9310000000E+00    0.1687792220E-20    0.1165422177E-21    0.1477202791E-06    0.1159922781E+35    0.3890988991E-01    0.1957708646E+14    0.5085631836E-01
    0.9310000000E+00    0.1808501947E-20    0.1248772362E-21    0.1511611264E-06    0.4555519408E+34    0.1637452932E-01    0.8238665719E+13    0.2293262345E-01
    0.9310000000E+00    0.1937844750E-20    0.1338083694E-21    0.1546821213E-06    0.1374659700E+34    0.5294514290E-02    0.2663877083E+13    0.7945313535E-02
    0.9310000000E+00    0.2076438060E-20    0.1433782510E-21    0.1582851308E-06    0.1551641361E+33    0.6403571627E-03    0.3221887178E+12    0.1029691640E-02
    0.9310000000E+00    0.2224943467E-20    0.1536325639E-21    0.1619720651E-06    0.6078109607E+30    0.2687815483E-05    0.1352345026E+10    0.4631102213E-05
    0.9310000000E+00    0.2384069878E-20    0.1646202581E-21    0.1657448792E-06    0.1472764291E+30    0.6978533531E-06    0.3511172984E+09    0.1288395160E-05
    0.9310000000E+00    0.2554576900E-20    0.1763937846E-21    0.1696055734E-06    0.2698419293E+29    0.1370062430E-06    0.6893319591E+08    0.2710349346E-06
    0.9310000000E+00    0.2737278465E-20    0.1890093455E-21    0.1735561947E-06    0.3668024693E+28    0.1995552577E-07    0.1004040500E+08    0.4230075215E-07
    0.9310000000E+00    0.2933046719E-20    0.2025271626E-21    0.1775988378E-06    0.8986821364E+27    0.5238862897E-08    0.2635876691E+07    0.1189931463E-07
    0.9310000000E+00    0.3142816182E-20    0.2170117645E-21    0.1817356462E-06    0.1974958019E+27    0.1233640993E-08    0.6206930022E+06    0.3002435645E-08
    0.9310000000E+00    0.3367588212E-20    0.2325322952E-21    0.1859688132E-06    0.4738527489E+26    0.3171570198E-09    0.1595740932E+06    0.8271023282E-09
    0.9310000000E+00    0.3608435782E-20    0.2491628434E-21    0.1903005833E-06    0.7066569741E+25    0.5068034625E-10    0.2549926310E+05    0.1416199668E-09
    0.9310000000E+00    0.3866508602E-20    0.2669827968E-21    0.1947332533E-06    0.2380070589E+25    0.1829029716E-10    0.9202563403E+04    0.5476532592E-10
