    0.9220000000E+00    0.4143038610E-23    0.2860772210E-24    0.1992691735E-07    0.0000000000E+00    0.0000000000E+00    0.0000000000E+00    0.0000000000E+00
    0.9220000000E+00    0.4439345853E-23    0.3065372650E-24    0.2039107488E-07    0.0000000000E+00    0.0000000000E+00    0.0000000000E+00    0.0000000000E+00
    0.9220000000E+00    0.4756844785E-23    0.3284605973E-24    0.2086604403E-07    0.0000000000E+00    0.0000000000E+00    0.0000000000E+00    0.0000000000E+00
    0.9220000000E+00    0.5097051019E-23    0.3519518710E-24    0.2135207663E-07    0.0000000000E+00    0.0000000000E+00    0.0000000000E+00    0.0000000000E+00
    0.9220000000E+00    0.5461588566E-23    0.3771232243E-24    0.2184943039E-07    0.0000000000E+00    0.0000000000E+00    0.0000000000E+00    0.0000000000E+00
    0.9220000000E+00    0.5852197586E-23    0.4040948153E-24    0.2235836900E-07    0.0000000000E+00    0.0000000000E+00    0.0000000000E+00    0.0000000000E+00
    0.9220000000E+00    0.6270742692E-23    0.4329953957E-24    0.2287916232E-07    0.0000000000E+00    0.0000000000E+00    0.0000000000E+00    0.0000000000E+00
    0.9220000000E+00    0.6719221852E-23    0.4639629256E-24    0.2341208647E-07    0.0000000000E+00    0.0000000000E+00    0.0000000000E+00    0.0000000000E+00
    0.9220000000E+00    0.7199775931E-23    0.4971452317E-24    0.2395742402E-07    0.0000000000E+00    0.0000000000E+00    0.0000000000E+00    0.0000000000E+00
    0.9220000000E+00    0.7714698903E-23    0.5327007132E-24    0.2451546411E-07    0.0000000000E+00    0.0000000000E+00    0.0000000000E+00    0.0000000000E+00
    0.9220000000E+00    0.8266448809E-23    0.5707990981E-24    0.2508650263E-07    0.0000000000E+00    0.0000000000E+00    0.0000000000E+00    0.0000000000E+00
    0.9220000000E+00    0.8857659485E-23    0.6116222531E-24    0.2567084234E-07    0.0000000000E+00    0.0000000000E+00    0.0000000000E+00    0.0000000000E+00
    0.9220000000E+00    0.9491153137E-23    0.6553650517E-24    0.2626879307E-07    0.0000000000E+00    0.0000000000E+00    0.0000000000E+00    0.0000000000E+00
    0.9220000000E+00    0.1016995382E-22    0.7022363048E-24    0.2688067187E-07    0.0000000000E+00    0.0000000000E+00    0.0000000000E+00    0.0000000000E+00
    0.9220000000E+00    0.1089730185E-22    0.7524597575E-24    0.2750680315E-07    0.0000000000E+00    0.0000000000E+00    0.0000000000E+00    0.0000000000E+00
    0.9220000000E+00    0.1167666930E-22    0.8062751566E-24    0.2814751890E-07    0.0000000000E+00    0.0000000000E+00    0.0000000000E+00    0.0000000000E+00
    0.9220000000E+00    0.1251177658E-22    0.8639393956E-24    0.2880315884E-07    0.0000000000E+00    0.0000000000E+00    0.0000000000E+00    0.0000000000E+00
    0.9220000000E+00    0.1340661015E-22    0.9257277409E-24    0.2947407060E-07    0.0000000000E+00    0.0000000000E+00    0.0000000000E+00    0.0000000000E+00
    0.9220000000E+00    0.1436544159E-22    0.9919351458E-24    0.3016060990E-07    0.0000000000E+00    0.0000000000E+00    0.0000000000E+00    0.0000000000E+00
    0.9220000000E+00    0.1539284799E-22    0.1062877658E-23    0.3086314075E-07    0.0000000000E+00    0.0000000000E+00    0.0000000000E+00    0.0000000000E+00
    0.9220000000E+00    0.1649373379E-22    0.1138893930E-23    0.3158203565E-07    0.0000000000E+00    0.0000000000E+00    0.0000000000E+00    0.0000000000E+00
    0.9220000000E+00    0.1767335417E-22    0.1220346833E-23    0.3231767576E-07    0.0000000000E+00    0.0000000000E+00    0.0000000000E+00    0.0000000000E+00
    0.9220000000E+00    0.1893734018E-22    0.1307625190E-23    0.3307045113E-07    0.0000000000E+00    0.0000000000E+00    0.0000000000E+00    0.0000000000E+00
    0.9220000000E+00    0.2029172559E-22    0.1401145635E-23    0.3384076090E-07    0.0000000000E+00    0.0000000000E+00    0.0000000000E+00    0.0000000000E+00
    0.9220000000E+00    0.2174297571E-22    0.1501354598E-23    0.3462901348E-07    0.0000000000E+00    0.0000000000E+00    0.0000000000E+00    0.0000000000E+00
    0.9220000000E+00    0.2329801823E-22    0.1608730435E-23    0.3543562682E-07    0.0000000000E+00    0.0000000000E+00    0.0000000000E+00    0.0000000000E+00
    0.9220000000E+00    0.2496427630E-22    0.1723785718E-23    0.3626102861E-07    0.0000000000E+00    0.0000000000E+00    0.0000000000E+00    0.0000000000E+00
    0.9220000000E+00    0.2674970400E-22    0.1847069675E-23    0.3710565646E-07    0.0000000000E+00    0.0000000000E+00    0.0000000000E+00    0.0000000000E+00
    0.9220000000E+00    0.2866282424E-22    0.1979170815E-23    0.3796995823E-07    0.0000000000E+00    0.0000000000E+00    0.0000000000E+00    0.0000000000E+00
    0.9220000000E+00    0.3071276952E-22    0.2120719737E-23    0.3885439218E-07    0.0000000000E+00    0.0000000000E+00    0.0000000000E+00    0.0000000000E+00
    0.9220000000E+00    0.3290932546E-22    0.2272392139E-23    0.3975942724E-07   -0.1726219290E-15   -0.1129085654E-52   -0.5680871243E-38   -0.2904645098E-54
    0.9220000000E+00    0.3526297755E-22    0.2434912046E-23    0.4068554327E-07   -0.7626997926E-15   -0.5345453453E-52   -0.2689506566E-37   -0.1473502031E-53
    0.9220000000E+00    0.3778496121E-22    0.2609055264E-23    0.4163323131E-07   -0.1256036787E-14   -0.9432640509E-52   -0.4745930127E-37   -0.2786117767E-53
    0.9220000000E+00    0.4048731538E-22    0.2795653084E-23    0.4260299385E-07    0.1132703520E-12    0.9114800641E-50    0.4586012467E-35    0.2884784400E-51
    0.9220000000E+00    0.4338294005E-22    0.2995596250E-23    0.4359534505E-07    0.6870380248E-13    0.5923954280E-50    0.2980572944E-35    0.2008990507E-51
    0.9220000000E+00    0.4648565778E-22    0.3209839213E-23    0.4461081109E-07   -0.3979646597E-10   -0.3676845922E-47   -0.1849964898E-32   -0.1336108164E-48
    0.9220000000E+00    0.4981027973E-22    0.3439404683E-23    0.4564993037E-07   -0.7008939966E-10   -0.6938782332E-47   -0.3491172603E-32   -0.2701776691E-48
    0.9220000000E+00    0.5337267633E-22    0.3685388516E-23    0.4671325384E-07    0.5776046365E-08    0.6127193483E-45    0.3082830531E-30    0.2556393951E-46
    0.9220000000E+00    0.5718985306E-22    0.3948964943E-23    0.4780134531E-07    0.2444507490E-07    0.2778576103E-44    0.1398010241E-29    0.1242191299E-45
    0.9220000000E+00    0.6128003161E-22    0.4231392172E-23    0.4891478167E-07   -0.4998963693E-06   -0.6088508356E-43   -0.3063366531E-28   -0.2916601488E-44
    0.9220000000E+00    0.6566273690E-22    0.4534018400E-23    0.5005415331E-07   -0.7677936673E-04   -0.1002017830E-40   -0.5041543357E-26   -0.5143297389E-42
    0.9220000000E+00    0.7035889022E-22    0.4858288246E-23    0.5122006431E-07   -0.5956573021E-02   -0.8329662287E-39   -0.4190978673E-24   -0.4581351149E-40
    0.9220000000E+00    0.7539090917E-22    0.5205749646E-23    0.5241313287E-07   -0.6543313535E-02   -0.9804572330E-39   -0.4933063564E-24   -0.5778230220E-40
    0.9220000000E+00    0.8078281461E-22    0.5578061244E-23    0.5363399157E-07    0.4402341467E+00    0.7068294717E-37    0.3556335346E-22    0.4463554439E-38
    0.9220000000E+00    0.8656034539E-22    0.5977000309E-23    0.5488328773E-07    0.3819499390E+02    0.6571089296E-35    0.3306171864E-20    0.4446349076E-36
    0.9220000000E+00    0.9275108115E-22    0.6404471218E-23    0.5616168372E-07    0.1242734181E+03    0.2290916012E-34    0.1152649389E-19    0.1661021883E-35
    0.9220000000E+00    0.9938457404E-22    0.6862514550E-23    0.5746985739E-07   -0.1024559112E+04   -0.2023801641E-33   -0.1018253709E-18   -0.1572295351E-34
    0.9220000000E+00    0.1064924897E-21    0.7353316823E-23    0.5880850233E-07   -0.7181236854E+05   -0.1519953056E-31   -0.7647477919E-17   -0.1265308313E-32
    0.9220000000E+00    0.1141087586E-21    0.7879220933E-23    0.6017832832E-07   -0.3643285844E+07   -0.8262741579E-30   -0.4157308248E-15   -0.7370388097E-31
    0.9220000000E+00    0.1222697377E-21    0.8442737340E-23    0.6158006166E-07   -0.1654439277E+09   -0.4020515640E-28   -0.2022878566E-13   -0.3842801419E-29
    0.9220000000E+00    0.1310143844E-21    0.9046556049E-23    0.6301444556E-07   -0.5977567816E+10   -0.1556522618E-26   -0.7831473679E-12   -0.1594122246E-27
    0.9220000000E+00    0.1403844422E-21    0.9693559452E-23    0.6448224056E-07   -0.1159961157E+11   -0.3236490751E-26   -0.1628404999E-11   -0.3551735015E-27
    0.9220000000E+00    0.1504246400E-21    0.1038683609E-22    0.6598422489E-07    0.7887599291E+11    0.2358173546E-25    0.1186489283E-10    0.2772949432E-26
    0.9220000000E+00    0.1611829057E-21    0.1112969539E-22    0.6752119493E-07    0.3091642528E+13    0.9904218131E-24    0.4983199261E-09    0.1247918960E-24
    0.9220000000E+00    0.1727105951E-21    0.1192568347E-22    0.6909396560E-07    0.8391080084E+14    0.2880373389E-22    0.1449228435E-07    0.3888794345E-23
    0.9220000000E+00    0.1850627369E-21    0.1277860007E-22    0.7070337081E-07    0.2040117839E+16    0.7503885131E-21    0.3775497909E-06    0.1085556329E-21
    0.9220000000E+00    0.1982982953E-21    0.1369251667E-22    0.7235026388E-07    0.2530452805E+17    0.9973076852E-20    0.5017844775E-05    0.1545949675E-20
    0.9220000000E+00    0.2124804516E-21    0.1467179595E-22    0.7403551802E-07    0.2565893150E+17    0.1083601235E-19    0.5452021353E-05    0.1799847370E-20
    0.9220000000E+00    0.2276769058E-21    0.1572111260E-22    0.7576002677E-07   -0.2534148043E+18   -0.1146734573E-18   -0.5769669855E-04   -0.2040934622E-19
    0.9220000000E+00    0.2439602000E-21    0.1684547565E-22    0.7752470448E-07   -0.5449261455E+19   -0.2642217530E-17   -0.1329402914E-02   -0.5038888591E-18
    0.9220000000E+00    0.2614080640E-21    0.1805025236E-22    0.7933048683E-07   -0.8491042663E+20   -0.4411557528E-16   -0.2219627024E-01   -0.9014842292E-17
    0.9220000000E+00    0.2801037871E-21    0.1934119387E-22    0.8117833125E-07   -0.1187571642E+22   -0.6611359036E-15   -0.3326433145E+00   -0.1447627848E-15
    0.9220000000E+00    0.3001366153E-21    0.2072446262E-22    0.8306921749E-07   -0.1526489487E+23   -0.9105939105E-14   -0.4581553881E+01   -0.2136441120E-14
    0.9220000000E+00    0.3216021775E-21    0.2220666179E-22    0.8500414813E-07   -0.1812131232E+24   -0.1158298701E-12   -0.5827853502E+02   -0.2911969058E-13
    0.9220000000E+00    0.3446029418E-21    0.2379486681E-22    0.8698414910E-07   -0.8923155789E+24   -0.6111522279E-12   -0.3074945736E+03   -0.1646325048E-12
    0.9220000000E+00    0.3692487048E-21    0.2549665916E-22    0.8901027021E-07   -0.8182789846E+24   -0.6005267002E-12   -0.3021484552E+03   -0.1733398866E-12
    0.9220000000E+00    0.3956571157E-21    0.2732016250E-22    0.9108358575E-07    0.3162136699E+25    0.2486632265E-11    0.1251121886E+04    0.7690910386E-12
    0.9220000000E+00    0.4239542377E-21    0.2927408154E-22    0.9320519501E-07    0.4414481073E+26    0.3719722854E-10    0.1871537958E+05    0.1232754991E-10
    0.9220000000E+00    0.4542751502E-21    0.3136774352E-22    0.9537622289E-07    0.3834184453E+27    0.3461815561E-09    0.1741774718E+06    0.1229334620E-09
    0.9220000000E+00    0.4867645933E-21    0.3361114274E-22    0.9759782052E-07    0.2914476402E+28    0.2819625744E-08    0.1418663920E+07    0.1072896068E-08
    0.9220000000E+00    0.5215776589E-21    0.3601498832E-22    0.9987116580E-07    0.2033359172E+29    0.2107875825E-07    0.1060554717E+08    0.8594313856E-08
    0.9220000000E+00    0.5588805307E-21    0.3859075526E-22    0.1021974641E-06    0.1316367875E+30    0.1462204780E-06    0.7356923768E+08    0.6388139417E-07
    0.9220000000E+00    0.5988512779E-21    0.4135073927E-22    0.1045779488E-06    0.7935695647E+30    0.9445303711E-06    0.4752301479E+09    0.4421627103E-06
    0.9220000000E+00    0.6416807053E-21    0.4430811541E-22    0.1070138822E-06    0.4462259237E+31    0.5690962464E-05    0.2863345654E+10    0.2854643686E-05
    0.9220000000E+00    0.6875732635E-21    0.4747700104E-22    0.1095065557E-06    0.2342524250E+32    0.3201216298E-04    0.1610657043E+11    0.1720605100E-04
    0.9220000000E+00    0.7367480256E-21    0.5087252317E-22    0.1120572911E-06    0.1148487007E+33    0.1681732861E-03    0.8461455351E+11    0.9685525680E-04
    0.9220000000E+00    0.7894397325E-21    0.5451089068E-22    0.1146674407E-06    0.5257401138E+33    0.8249013963E-03    0.4150401349E+12    0.5090591234E-03
    0.9220000000E+00    0.8458999137E-21    0.5840947171E-22    0.1173383885E-06    0.2245030888E+34    0.3774446245E-02    0.1899071435E+13    0.2495855462E-02
    0.9220000000E+00    0.9063980879E-21    0.6258687655E-22    0.1200715507E-06    0.8928729703E+34    0.1608498276E-01    0.8092983530E+13    0.1139690128E-01
    0.9220000000E+00    0.9712230494E-21    0.6706304648E-22    0.1228683764E-06    0.2599646832E+35    0.5018168917E-01    0.2524836924E+14    0.3809881454E-01
    0.9220000000E+00    0.1040684247E-20    0.7185934897E-22    0.1257303485E-06    0.4667701891E+35    0.9654594446E-01    0.4857603828E+14    0.7854168640E-01
    0.9220000000E+00    0.1115113261E-20    0.7699867968E-22    0.1286589846E-06    0.6110126091E+35    0.1354194659E+00    0.6813482633E+14    0.1180449148E+00
    0.9220000000E+00    0.1194865387E-20    0.8250557175E-22    0.1316558373E-06    0.6359591166E+35    0.1510289216E+00    0.7598855360E+14    0.1410672850E+00
    0.9220000000E+00    0.1280321329E-20    0.8840631292E-22    0.1347224957E-06    0.6234677069E+35    0.1586517576E+00    0.7982390034E+14    0.1587855853E+00
    0.9220000000E+00    0.1371889021E-20    0.9472907100E-22    0.1378605858E-06    0.5498899198E+35    0.1499362631E+00    0.7543879440E+14    0.1607951218E+00
    0.9220000000E+00    0.1470005571E-20    0.1015040283E-21    0.1410717713E-06    0.3872095149E+35    0.1131297805E+00    0.5692001441E+14    0.1299999338E+00
    0.9220000000E+00    0.1575139348E-20    0.1087635259E-21    0.1443577550E-06    0.2222982311E+35    0.6959321991E-01    0.3501506908E+14    0.8569058689E-01
    0.9220000000E+00    0.1687792220E-20    0.1165422177E-21    0.1477202791E-06    0.1048373785E+35    0.3516795189E-01    0.1769437118E+14    0.4639949600E-01
    0.9220000000E+00    0.1808501947E-20    0.1248772362E-21    0.1511611264E-06    0.4024574226E+34    0.1446608010E-01    0.7278450323E+13    0.2045111788E-01
    0.9220000000E+00    0.1937844750E-20    0.1338083694E-21    0.1546821213E-06    0.1174440599E+34    0.4523368608E-02    0.2275883549E+13    0.6852170587E-02
    0.9220000000E+00    0.2076438060E-20    0.1433782510E-21    0.1582851308E-06    0.1116962288E+33    0.4609665734E-03    0.2319303006E+12    0.7482308675E-03
    0.9220000000E+00    0.2224943467E-20    0.1536325639E-21    0.1619720651E-06    0.5603912612E+30    0.2478119689E-05    0.1246838876E+10    0.4310111098E-05
    0.9220000000E+00    0.2384069878E-20    0.1646202581E-21    0.1657448792E-06    0.1355188433E+30    0.6421413105E-06    0.3230863922E+09    0.1196731704E-05
    0.9220000000E+00    0.2554576900E-20    0.1763937846E-21    0.1696055734E-06    0.2437074775E+29    0.1237370559E-06    0.6225694924E+08    0.2470961422E-06
    0.9220000000E+00    0.2737278465E-20    0.1890093455E-21    0.1735561947E-06    0.3403664106E+28    0.1851729812E-07    0.9316776459E+07    0.3962267619E-07
    0.9220000000E+00    0.2933046719E-20    0.2025271626E-21    0.1775988378E-06    0.8339384847E+27    0.4861440112E-08    0.2445980536E+07    0.1114631024E-07
    0.9220000000E+00    0.3142816182E-20    0.2170117645E-21    0.1817356462E-06    0.1833501096E+27    0.1145281111E-08    0.5762356916E+06    0.2813703200E-08
    0.9220000000E+00    0.3367588212E-20    0.2325322952E-21    0.1859688132E-06    0.4397712592E+26    0.2943457483E-09    0.1480968508E+06    0.7748612691E-09
    0.9220000000E+00    0.3608435782E-20    0.2491628434E-21    0.1903005833E-06    0.6504930728E+25    0.4665235803E-10    0.2347262480E+05    0.1315951206E-09
    0.9220000000E+00    0.3866508602E-20    0.2669827968E-21    0.1947332533E-06    0.2181887930E+25    0.1676730884E-10    0.8436288450E+04    0.5067917662E-10
