    0.9850000000E+00    0.4143038610E-23    0.2860772210E-24    0.1992691735E-07    0.0000000000E+00    0.0000000000E+00    0.0000000000E+00    0.0000000000E+00
    0.9850000000E+00    0.4439345853E-23    0.3065372650E-24    0.2039107488E-07    0.0000000000E+00    0.0000000000E+00    0.0000000000E+00    0.0000000000E+00
    0.9850000000E+00    0.4756844785E-23    0.3284605973E-24    0.2086604403E-07    0.0000000000E+00    0.0000000000E+00    0.0000000000E+00    0.0000000000E+00
    0.9850000000E+00    0.5097051019E-23    0.3519518710E-24    0.2135207663E-07    0.0000000000E+00    0.0000000000E+00    0.0000000000E+00    0.0000000000E+00
    0.9850000000E+00    0.5461588566E-23    0.3771232243E-24    0.2184943039E-07    0.0000000000E+00    0.0000000000E+00    0.0000000000E+00    0.0000000000E+00
    0.9850000000E+00    0.5852197586E-23    0.4040948153E-24    0.2235836900E-07    0.0000000000E+00    0.0000000000E+00    0.0000000000E+00    0.0000000000E+00
    0.9850000000E+00    0.6270742692E-23    0.4329953957E-24    0.2287916232E-07    0.0000000000E+00    0.0000000000E+00    0.0000000000E+00    0.0000000000E+00
    0.9850000000E+00    0.6719221852E-23    0.4639629256E-24    0.2341208647E-07    0.0000000000E+00    0.0000000000E+00    0.0000000000E+00    0.0000000000E+00
    0.9850000000E+00    0.7199775931E-23    0.4971452317E-24    0.2395742402E-07    0.0000000000E+00    0.0000000000E+00    0.0000000000E+00    0.0000000000E+00
    0.9850000000E+00    0.7714698903E-23    0.5327007132E-24    0.2451546411E-07    0.0000000000E+00    0.0000000000E+00    0.0000000000E+00    0.0000000000E+00
    0.9850000000E+00    0.8266448809E-23    0.5707990981E-24    0.2508650263E-07    0.0000000000E+00    0.0000000000E+00    0.0000000000E+00    0.0000000000E+00
    0.9850000000E+00    0.8857659485E-23    0.6116222531E-24    0.2567084234E-07    0.0000000000E+00    0.0000000000E+00    0.0000000000E+00    0.0000000000E+00
    0.9850000000E+00    0.9491153137E-23    0.6553650517E-24    0.2626879307E-07    0.0000000000E+00    0.0000000000E+00    0.0000000000E+00    0.0000000000E+00
    0.9850000000E+00    0.1016995382E-22    0.7022363048E-24    0.2688067187E-07    0.0000000000E+00    0.0000000000E+00    0.0000000000E+00    0.0000000000E+00
    0.9850000000E+00    0.1089730185E-22    0.7524597575E-24    0.2750680315E-07    0.0000000000E+00    0.0000000000E+00    0.0000000000E+00    0.0000000000E+00
    0.9850000000E+00    0.1167666930E-22    0.8062751566E-24    0.2814751890E-07    0.0000000000E+00    0.0000000000E+00    0.0000000000E+00    0.0000000000E+00
    0.9850000000E+00    0.1251177658E-22    0.8639393956E-24    0.2880315884E-07    0.0000000000E+00    0.0000000000E+00    0.0000000000E+00    0.0000000000E+00
    0.9850000000E+00    0.1340661015E-22    0.9257277409E-24    0.2947407060E-07    0.0000000000E+00    0.0000000000E+00    0.0000000000E+00    0.0000000000E+00
    0.9850000000E+00    0.1436544159E-22    0.9919351458E-24    0.3016060990E-07    0.0000000000E+00    0.0000000000E+00    0.0000000000E+00    0.0000000000E+00
    0.9850000000E+00    0.1539284799E-22    0.1062877658E-23    0.3086314075E-07    0.0000000000E+00    0.0000000000E+00    0.0000000000E+00    0.0000000000E+00
    0.9850000000E+00    0.1649373379E-22    0.1138893930E-23    0.3158203565E-07    0.0000000000E+00    0.0000000000E+00    0.0000000000E+00    0.0000000000E+00
    0.9850000000E+00    0.1767335417E-22    0.1220346833E-23    0.3231767576E-07    0.0000000000E+00    0.0000000000E+00    0.0000000000E+00    0.0000000000E+00
    0.9850000000E+00    0.1893734018E-22    0.1307625190E-23    0.3307045113E-07    0.0000000000E+00    0.0000000000E+00    0.0000000000E+00    0.0000000000E+00
    0.9850000000E+00    0.2029172559E-22    0.1401145635E-23    0.3384076090E-07    0.0000000000E+00    0.0000000000E+00    0.0000000000E+00    0.0000000000E+00
    0.9850000000E+00    0.2174297571E-22    0.1501354598E-23    0.3462901348E-07    0.0000000000E+00    0.0000000000E+00    0.0000000000E+00    0.0000000000E+00
    0.9850000000E+00    0.2329801823E-22    0.1608730435E-23    0.3543562682E-07    0.0000000000E+00    0.0000000000E+00    0.0000000000E+00    0.0000000000E+00
    0.9850000000E+00    0.2496427630E-22    0.1723785718E-23    0.3626102861E-07    0.0000000000E+00    0.0000000000E+00    0.0000000000E+00    0.0000000000E+00
    0.9850000000E+00    0.2674970400E-22    0.1847069675E-23    0.3710565646E-07    0.0000000000E+00    0.0000000000E+00    0.0000000000E+00    0.0000000000E+00
    0.9850000000E+00    0.2866282424E-22    0.1979170815E-23    0.3796995823E-07    0.0000000000E+00    0.0000000000E+00    0.0000000000E+00    0.0000000000E+00
    0.9850000000E+00    0.3071276952E-22    0.2120719737E-23    0.3885439218E-07    0.0000000000E+00    0.0000000000E+00    0.0000000000E+00    0.0000000000E+00
    0.9850000000E+00    0.3290932546E-22    0.2272392139E-23    0.3975942724E-07    0.0000000000E+00    0.0000000000E+00    0.0000000000E+00    0.0000000000E+00
    0.9850000000E+00    0.3526297755E-22    0.2434912046E-23    0.4068554327E-07    0.0000000000E+00    0.0000000000E+00    0.0000000000E+00    0.0000000000E+00
    0.9850000000E+00    0.3778496121E-22    0.2609055264E-23    0.4163323131E-07    0.0000000000E+00    0.0000000000E+00    0.0000000000E+00    0.0000000000E+00
    0.9850000000E+00    0.4048731538E-22    0.2795653084E-23    0.4260299385E-07    0.6382753748E-15    0.5136165546E-52    0.2584205640E-37    0.1535966221E-53
    0.9850000000E+00    0.4338294005E-22    0.2995596250E-23    0.4359534505E-07    0.1930474679E-13    0.1664543057E-50    0.8374966726E-36    0.5333811767E-52
    0.9850000000E+00    0.4648565778E-22    0.3209839213E-23    0.4461081109E-07   -0.1529631421E-12   -0.1413245854E-49   -0.7110592278E-35   -0.4852442208E-51
    0.9850000000E+00    0.4981027973E-22    0.3439404683E-23    0.4564993037E-07   -0.9482303554E-11   -0.9387388205E-48   -0.4723161925E-33   -0.3453722418E-49
    0.9850000000E+00    0.5337267633E-22    0.3685388516E-23    0.4671325384E-07    0.1277322565E-10    0.1354975705E-47    0.6817412381E-33    0.5341634397E-49
    0.9850000000E+00    0.5718985306E-22    0.3948964943E-23    0.4780134531E-07    0.2560202640E-08    0.2910082257E-45    0.1464176128E-30    0.1229271794E-46
    0.9850000000E+00    0.6128003161E-22    0.4231392172E-23    0.4891478167E-07    0.1298702179E-08    0.1581759651E-45    0.7958451058E-31    0.7159507439E-47
    0.9850000000E+00    0.6566273690E-22    0.4534018400E-23    0.5005415331E-07   -0.5748016207E-06   -0.7501513720E-43   -0.3774304759E-28   -0.3638241803E-44
    0.9850000000E+00    0.7035889022E-22    0.4858288246E-23    0.5122006431E-07   -0.8187247648E-04   -0.1144903416E-40   -0.5760456585E-26   -0.5949925154E-42
    0.9850000000E+00    0.7539090917E-22    0.5205749646E-23    0.5241313287E-07   -0.1756893731E-02   -0.2632548719E-39   -0.1324538157E-24   -0.1465949700E-40
    0.9850000000E+00    0.8078281461E-22    0.5578061244E-23    0.5363399157E-07    0.1810340851E-02    0.2906640198E-39    0.1462444293E-24    0.1734338748E-40
    0.9850000000E+00    0.8656034539E-22    0.5977000309E-23    0.5488328773E-07    0.4647177557E+00    0.7995031700E-37    0.4022612944E-22    0.5111670387E-38
    0.9850000000E+00    0.9275108115E-22    0.6404471218E-23    0.5616168372E-07    0.2121402254E+02    0.3910695035E-35    0.1967623527E-20    0.2679147360E-36
    0.9850000000E+00    0.9938457404E-22    0.6862514550E-23    0.5746985739E-07    0.2035755094E+02    0.4021207224E-35    0.2023226528E-20    0.2951882767E-36
    0.9850000000E+00    0.1064924897E-21    0.7353316823E-23    0.5880850233E-07   -0.1163697870E+04   -0.2463038289E-33   -0.1239250834E-18   -0.1937375551E-34
    0.9850000000E+00    0.1141087586E-21    0.7879220933E-23    0.6017832832E-07   -0.7014496328E+05   -0.1590843347E-31   -0.8004154681E-17   -0.1340818729E-32
    0.9850000000E+00    0.1222697377E-21    0.8442737340E-23    0.6158006166E-07   -0.3552255049E+07   -0.8632469729E-30   -0.4343332932E-15   -0.7796105647E-31
    0.9850000000E+00    0.1310143844E-21    0.9046556049E-23    0.6301444556E-07   -0.1619338453E+09   -0.4216659696E-28   -0.2121566307E-13   -0.4080479538E-29
    0.9850000000E+00    0.1403844422E-21    0.9693559452E-23    0.6448224056E-07   -0.3302723015E+10   -0.9215164172E-27   -0.4636509282E-12   -0.9555330838E-28
    0.9850000000E+00    0.1504246400E-21    0.1038683609E-22    0.6598422489E-07   -0.2910696463E+10   -0.8702175588E-27   -0.4378404674E-12   -0.9668753620E-28
    0.9850000000E+00    0.1611829057E-21    0.1112969539E-22    0.6752119493E-07    0.8985804918E+11    0.2878643671E-25    0.1448358147E-10    0.3427129863E-26
    0.9850000000E+00    0.1727105951E-21    0.1192568347E-22    0.6909396560E-07    0.2992968183E+13    0.1027384535E-23    0.5169173160E-09    0.1310616634E-24
    0.9850000000E+00    0.1850627369E-21    0.1277860007E-22    0.7070337081E-07    0.8080244804E+14    0.2972045422E-22    0.1495352218E-07    0.4062544154E-23
    0.9850000000E+00    0.1982982953E-21    0.1369251667E-22    0.7235026388E-07    0.1973812382E+16    0.7779233240E-21    0.3914036305E-06    0.1139408473E-21
    0.9850000000E+00    0.2124804516E-21    0.1467179595E-22    0.7403551802E-07    0.1419598355E+17    0.5995099720E-20    0.3016368995E-05    0.9408904554E-21
    0.9850000000E+00    0.2276769058E-21    0.1572111260E-22    0.7576002677E-07    0.6823398766E+16    0.3087675676E-20    0.1553530318E-05    0.5192473971E-21
    0.9850000000E+00    0.2439602000E-21    0.1684547565E-22    0.7752470448E-07   -0.2782640535E+18   -0.1349236344E-18   -0.6788535413E-04   -0.2431255957E-19
    0.9850000000E+00    0.2614080640E-21    0.1805025236E-22    0.7933048683E-07   -0.5330544922E+19   -0.2769507411E-17   -0.1393447428E-02   -0.5347430923E-18
    0.9850000000E+00    0.2801037871E-21    0.1934119387E-22    0.8117833125E-07   -0.8263719185E+20   -0.4600515250E-16   -0.2314699039E-01   -0.9518075079E-17
    0.9850000000E+00    0.3001366153E-21    0.2072446262E-22    0.8306921749E-07   -0.1162552035E+22   -0.6934949849E-15   -0.3489244331E+00   -0.1537396813E-15
    0.9850000000E+00    0.3216021775E-21    0.2220666179E-22    0.8500414813E-07   -0.1505990844E+23   -0.9626163974E-14   -0.4843299347E+01   -0.2286630052E-14
    0.9850000000E+00    0.3446029418E-21    0.2379486681E-22    0.8698414910E-07   -0.1802903643E+24   -0.1234819389E-12   -0.6212858994E+02   -0.3143012382E-13
    0.9850000000E+00    0.3692487048E-21    0.2549665916E-22    0.8901027021E-07   -0.6259718283E+24   -0.4593944163E-12   -0.2311392869E+03   -0.1252934489E-12
    0.9850000000E+00    0.3956571157E-21    0.2732016250E-22    0.9108358575E-07   -0.4184121291E+24   -0.3290297667E-12   -0.1655477362E+03   -0.9615632155E-13
    0.9850000000E+00    0.4239542377E-21    0.2927408154E-22    0.9320519501E-07    0.3881241052E+25    0.3270405015E-11    0.1645468591E+04    0.1024104305E-11
    0.9850000000E+00    0.4542751502E-21    0.3136774352E-22    0.9537622289E-07    0.4624569021E+26    0.4175439443E-10    0.2100826786E+05    0.1401021633E-10
    0.9850000000E+00    0.4867645933E-21    0.3361114274E-22    0.9759782052E-07    0.3960261430E+27    0.3831376049E-09    0.1927715045E+06    0.1377518473E-09
    0.9850000000E+00    0.5215776589E-21    0.3601498832E-22    0.9987116580E-07    0.3018183605E+28    0.3128791187E-08    0.1574217139E+07    0.1205366816E-08
    0.9850000000E+00    0.5588805307E-21    0.3859075526E-22    0.1021974641E-06    0.2118581187E+29    0.2353293176E-07    0.1184033778E+08    0.9714460507E-08
    0.9850000000E+00    0.5988512779E-21    0.4135073927E-22    0.1045779488E-06    0.1381097564E+30    0.1643823872E-06    0.8270720410E+08    0.7271063454E-07
    0.9850000000E+00    0.6416807053E-21    0.4430811541E-22    0.1070138822E-06    0.8385073643E+30    0.1069394153E-05    0.5380539969E+09    0.5068511739E-06
    0.9850000000E+00    0.6875732635E-21    0.4747700104E-22    0.1095065557E-06    0.4747502863E+31    0.6487780667E-05    0.3264256037E+10    0.3294873997E-05
    0.9850000000E+00    0.7367480256E-21    0.5087252317E-22    0.1120572911E-06    0.2508273991E+32    0.3672872890E-04    0.1847965910E+11    0.1998704316E-04
    0.9850000000E+00    0.7894397325E-21    0.5451089068E-22    0.1146674407E-06    0.1236702084E+33    0.1940421225E-03    0.9763017622E+11    0.1131458601E-03
    0.9850000000E+00    0.8458999137E-21    0.5840947171E-22    0.1173383885E-06    0.5687304500E+33    0.9561750452E-03    0.4810890386E+12    0.5974204115E-03
    0.9850000000E+00    0.9063980879E-21    0.6258687655E-22    0.1200715507E-06    0.2436694971E+34    0.4389672205E-02    0.2208615662E+13    0.2938831881E-02
    0.9850000000E+00    0.9712230494E-21    0.6706304648E-22    0.1228683764E-06    0.9701740411E+34    0.1872753313E-01    0.9422553906E+13    0.1343455314E-01
    0.9850000000E+00    0.1040684247E-20    0.7185934897E-22    0.1257303485E-06    0.2705949185E+35    0.5596938832E-01    0.2816038690E+14    0.4302225917E-01
    0.9850000000E+00    0.1115113261E-20    0.7699867968E-22    0.1286589846E-06    0.4692861785E+35    0.1040084651E+00    0.5233072410E+14    0.8566656220E-01
    0.9850000000E+00    0.1194865387E-20    0.8250557175E-22    0.1316558373E-06    0.5944049802E+35    0.1411605570E+00    0.7102339368E+14    0.1245822055E+00
    0.9850000000E+00    0.1280321329E-20    0.8840631292E-22    0.1347224957E-06    0.6080514918E+35    0.1547288445E+00    0.7785012944E+14    0.1463234505E+00
    0.9850000000E+00    0.1371889021E-20    0.9472907100E-22    0.1378605858E-06    0.5913129066E+35    0.1612309015E+00    0.8112156847E+14    0.1633770063E+00
    0.9850000000E+00    0.1470005571E-20    0.1015040283E-21    0.1410717713E-06    0.5035491203E+35    0.1471203555E+00    0.7402200122E+14    0.1597406389E+00
    0.9850000000E+00    0.1575139348E-20    0.1087635259E-21    0.1443577550E-06    0.3393018554E+35    0.1062226565E+00    0.5344477034E+14    0.1235833063E+00
    0.9850000000E+00    0.1687792220E-20    0.1165422177E-21    0.1477202791E-06    0.1853247435E+35    0.6216763292E-01    0.3127896603E+14    0.7750094235E-01
    0.9850000000E+00    0.1808501947E-20    0.1248772362E-21    0.1511611264E-06    0.8210935687E+34    0.2951369429E-01    0.1484949318E+14    0.3942450289E-01
    0.9850000000E+00    0.1937844750E-20    0.1338083694E-21    0.1546821213E-06    0.2879585108E+34    0.1109074814E-01    0.5580188884E+13    0.1587462571E-01
    0.9850000000E+00    0.2076438060E-20    0.1433782510E-21    0.1582851308E-06    0.5979728282E+33    0.2467813718E-02    0.1241653539E+13    0.3784905369E-02
    0.9850000000E+00    0.2224943467E-20    0.1536325639E-21    0.1619720651E-06    0.1292179136E+31    0.5714176470E-05    0.2875025528E+10    0.9390663966E-05
    0.9850000000E+00    0.2384069878E-20    0.1646202581E-21    0.1657448792E-06    0.2240803667E+30    0.1061780464E-05    0.5342232526E+09    0.1869723481E-05
    0.9850000000E+00    0.2554576900E-20    0.1763937846E-21    0.1696055734E-06    0.4480947136E+29    0.2275101329E-06    0.1144692404E+09    0.4292827089E-06
    0.9850000000E+00    0.2737278465E-20    0.1890093455E-21    0.1735561947E-06    0.5364778781E+28    0.2918654866E-07    0.1468489342E+08    0.5900997000E-07
    0.9850000000E+00    0.2933046719E-20    0.2025271626E-21    0.1775988378E-06    0.1314270134E+28    0.7661530991E-08    0.3854815703E+07    0.1659809379E-07
    0.9850000000E+00    0.3142816182E-20    0.2170117645E-21    0.1817356462E-06    0.2882198968E+27    0.1800341457E-08    0.9058221556E+06    0.4179242135E-08
    0.9850000000E+00    0.3367588212E-20    0.2325322952E-21    0.1859688132E-06    0.6919682072E+26    0.4631450907E-09    0.2330263978E+06    0.1152019198E-08
    0.9850000000E+00    0.3608435782E-20    0.2491628434E-21    0.1903005833E-06    0.1065850502E+26    0.7644115106E-10    0.3846053090E+05    0.2037369825E-09
    0.9850000000E+00    0.3866508602E-20    0.2669827968E-21    0.1947332533E-06    0.3669516898E+25    0.2819939662E-10    0.1418821865E+05    0.8053459286E-10
