    0.9120000000E+00    0.4143038610E-23    0.2860772210E-24    0.1992691735E-07    0.0000000000E+00    0.0000000000E+00    0.0000000000E+00    0.0000000000E+00
    0.9120000000E+00    0.4439345853E-23    0.3065372650E-24    0.2039107488E-07    0.0000000000E+00    0.0000000000E+00    0.0000000000E+00    0.0000000000E+00
    0.9120000000E+00    0.4756844785E-23    0.3284605973E-24    0.2086604403E-07    0.0000000000E+00    0.0000000000E+00    0.0000000000E+00    0.0000000000E+00
    0.9120000000E+00    0.5097051019E-23    0.3519518710E-24    0.2135207663E-07    0.0000000000E+00    0.0000000000E+00    0.0000000000E+00    0.0000000000E+00
    0.9120000000E+00    0.5461588566E-23    0.3771232243E-24    0.2184943039E-07    0.0000000000E+00    0.0000000000E+00    0.0000000000E+00    0.0000000000E+00
    0.9120000000E+00    0.5852197586E-23    0.4040948153E-24    0.2235836900E-07    0.0000000000E+00    0.0000000000E+00    0.0000000000E+00    0.0000000000E+00
    0.9120000000E+00    0.6270742692E-23    0.4329953957E-24    0.2287916232E-07    0.0000000000E+00    0.0000000000E+00    0.0000000000E+00    0.0000000000E+00
    0.9120000000E+00    0.6719221852E-23    0.4639629256E-24    0.2341208647E-07    0.0000000000E+00    0.0000000000E+00    0.0000000000E+00    0.0000000000E+00
    0.9120000000E+00    0.7199775931E-23    0.4971452317E-24    0.2395742402E-07    0.0000000000E+00    0.0000000000E+00    0.0000000000E+00    0.0000000000E+00
    0.9120000000E+00    0.7714698903E-23    0.5327007132E-24    0.2451546411E-07    0.0000000000E+00    0.0000000000E+00    0.0000000000E+00    0.0000000000E+00
    0.9120000000E+00    0.8266448809E-23    0.5707990981E-24    0.2508650263E-07    0.0000000000E+00    0.0000000000E+00    0.0000000000E+00    0.0000000000E+00
    0.9120000000E+00    0.8857659485E-23    0.6116222531E-24    0.2567084234E-07    0.0000000000E+00    0.0000000000E+00    0.0000000000E+00    0.0000000000E+00
    0.9120000000E+00    0.9491153137E-23    0.6553650517E-24    0.2626879307E-07    0.0000000000E+00    0.0000000000E+00    0.0000000000E+00    0.0000000000E+00
    0.9120000000E+00    0.1016995382E-22    0.7022363048E-24    0.2688067187E-07    0.0000000000E+00    0.0000000000E+00    0.0000000000E+00    0.0000000000E+00
    0.9120000000E+00    0.1089730185E-22    0.7524597575E-24    0.2750680315E-07    0.0000000000E+00    0.0000000000E+00    0.0000000000E+00    0.0000000000E+00
    0.9120000000E+00    0.1167666930E-22    0.8062751566E-24    0.2814751890E-07    0.0000000000E+00    0.0000000000E+00    0.0000000000E+00    0.0000000000E+00
    0.9120000000E+00    0.1251177658E-22    0.8639393956E-24    0.2880315884E-07    0.0000000000E+00    0.0000000000E+00    0.0000000000E+00    0.0000000000E+00
    0.9120000000E+00    0.1340661015E-22    0.9257277409E-24    0.2947407060E-07    0.0000000000E+00    0.0000000000E+00    0.0000000000E+00    0.0000000000E+00
    0.9120000000E+00    0.1436544159E-22    0.9919351458E-24    0.3016060990E-07    0.0000000000E+00    0.0000000000E+00    0.0000000000E+00    0.0000000000E+00
    0.9120000000E+00    0.1539284799E-22    0.1062877658E-23    0.3086314075E-07    0.0000000000E+00    0.0000000000E+00    0.0000000000E+00    0.0000000000E+00
    0.9120000000E+00    0.1649373379E-22    0.1138893930E-23    0.3158203565E-07    0.0000000000E+00    0.0000000000E+00    0.0000000000E+00    0.0000000000E+00
    0.9120000000E+00    0.1767335417E-22    0.1220346833E-23    0.3231767576E-07    0.0000000000E+00    0.0000000000E+00    0.0000000000E+00    0.0000000000E+00
    0.9120000000E+00    0.1893734018E-22    0.1307625190E-23    0.3307045113E-07    0.0000000000E+00    0.0000000000E+00    0.0000000000E+00    0.0000000000E+00
    0.9120000000E+00    0.2029172559E-22    0.1401145635E-23    0.3384076090E-07    0.0000000000E+00    0.0000000000E+00    0.0000000000E+00    0.0000000000E+00
    0.9120000000E+00    0.2174297571E-22    0.1501354598E-23    0.3462901348E-07    0.0000000000E+00    0.0000000000E+00    0.0000000000E+00    0.0000000000E+00
    0.9120000000E+00    0.2329801823E-22    0.1608730435E-23    0.3543562682E-07    0.0000000000E+00    0.0000000000E+00    0.0000000000E+00    0.0000000000E+00
    0.9120000000E+00    0.2496427630E-22    0.1723785718E-23    0.3626102861E-07    0.0000000000E+00    0.0000000000E+00    0.0000000000E+00    0.0000000000E+00
    0.9120000000E+00    0.2674970400E-22    0.1847069675E-23    0.3710565646E-07    0.0000000000E+00    0.0000000000E+00    0.0000000000E+00    0.0000000000E+00
    0.9120000000E+00    0.2866282424E-22    0.1979170815E-23    0.3796995823E-07    0.0000000000E+00    0.0000000000E+00    0.0000000000E+00    0.0000000000E+00
    0.9120000000E+00    0.3071276952E-22    0.2120719737E-23    0.3885439218E-07    0.0000000000E+00    0.0000000000E+00    0.0000000000E+00    0.0000000000E+00
    0.9120000000E+00    0.3290932546E-22    0.2272392139E-23    0.3975942724E-07   -0.3524512433E-15   -0.2305313380E-52   -0.1159893268E-37   -0.5996464471E-54
    0.9120000000E+00    0.3526297755E-22    0.2434912046E-23    0.4068554327E-07   -0.1545313223E-14   -0.1083047351E-51   -0.5449234548E-37   -0.3018649842E-53
    0.9120000000E+00    0.3778496121E-22    0.2609055264E-23    0.4163323131E-07   -0.1295133592E-14   -0.9726251420E-52   -0.4893657253E-37   -0.2904763546E-53
    0.9120000000E+00    0.4048731538E-22    0.2795653084E-23    0.4260299385E-07    0.1996158463E-12    0.1606297333E-49    0.8081909724E-35    0.5140332739E-51
    0.9120000000E+00    0.4338294005E-22    0.2995596250E-23    0.4359534505E-07   -0.7645454347E-13   -0.6592258415E-50   -0.3316822876E-35   -0.2260474006E-51
    0.9120000000E+00    0.4648565778E-22    0.3209839213E-23    0.4461081109E-07   -0.7642697115E-10   -0.7061184715E-47   -0.3552758026E-32   -0.2594435430E-48
    0.9120000000E+00    0.4981027973E-22    0.3439404683E-23    0.4564993037E-07   -0.7361180509E-10   -0.7287497040E-47   -0.3666624602E-32   -0.2869086787E-48
    0.9120000000E+00    0.5337267633E-22    0.3685388516E-23    0.4671325384E-07    0.1450032103E-07    0.1538184892E-44    0.7739209409E-30    0.6488941147E-46
    0.9120000000E+00    0.5718985306E-22    0.3948964943E-23    0.4780134531E-07    0.2993718279E-07    0.3402842537E-44    0.1712103085E-29    0.1538179953E-45
    0.9120000000E+00    0.6128003161E-22    0.4231392172E-23    0.4891478167E-07   -0.1363293620E-05   -0.1660429063E-42   -0.8354267616E-28   -0.8042399088E-44
    0.9120000000E+00    0.6566273690E-22    0.4534018400E-23    0.5005415331E-07   -0.1962692205E-03   -0.2561433715E-40   -0.1288757419E-25   -0.1329377780E-41
    0.9120000000E+00    0.7035889022E-22    0.4858288246E-23    0.5122006431E-07   -0.9365509921E-02   -0.1309671426E-38   -0.6589468844E-24   -0.7283290728E-40
    0.9120000000E+00    0.7539090917E-22    0.5205749646E-23    0.5241313287E-07   -0.5539198785E-02   -0.8299995842E-39   -0.4176052324E-24   -0.4945875373E-40
    0.9120000000E+00    0.8078281461E-22    0.5578061244E-23    0.5363399157E-07    0.1071442596E+01    0.1720282741E-36    0.8655414863E-22    0.1098411639E-37
    0.9120000000E+00    0.8656034539E-22    0.5977000309E-23    0.5488328773E-07    0.7706496743E+02    0.1325830248E-34    0.6670770198E-20    0.9070959273E-36
    0.9120000000E+00    0.9275108115E-22    0.6404471218E-23    0.5616168372E-07    0.1440415483E+03    0.2655331239E-34    0.1336000933E-19    0.1946632629E-35
    0.9120000000E+00    0.9938457404E-22    0.6862514550E-23    0.5746985739E-07   -0.2492226806E+04   -0.4922871355E-33   -0.2476888995E-18   -0.3867085558E-34
    0.9120000000E+00    0.1064924897E-21    0.7353316823E-23    0.5880850233E-07   -0.1570181267E+06   -0.3323385461E-31   -0.1672125124E-16   -0.2797344857E-32
    0.9120000000E+00    0.1141087586E-21    0.7879220933E-23    0.6017832832E-07   -0.7779800973E+07   -0.1764409594E-29   -0.8877434312E-15   -0.1591346322E-30
    0.9120000000E+00    0.1222697377E-21    0.8442737340E-23    0.6158006166E-07   -0.3460422407E+09   -0.8409303742E-28   -0.4231049401E-13   -0.8126907812E-29
    0.9120000000E+00    0.1310143844E-21    0.9046556049E-23    0.6301444556E-07   -0.9683225037E+10   -0.2521453415E-26   -0.1268641767E-11   -0.2611056339E-27
    0.9120000000E+00    0.1403844422E-21    0.9693559452E-23    0.6448224056E-07   -0.1235477445E+11   -0.3447194159E-26   -0.1734418120E-11   -0.3824996475E-27
    0.9120000000E+00    0.1504246400E-21    0.1038683609E-22    0.6598422489E-07    0.1723473361E+12    0.5152707609E-25    0.2592528598E-10    0.6126335731E-26
    0.9120000000E+00    0.1611829057E-21    0.1112969539E-22    0.6752119493E-07    0.6001656618E+13    0.1922658126E-23    0.9673644527E-09    0.2449443136E-24
    0.9120000000E+00    0.1727105951E-21    0.1192568347E-22    0.6909396560E-07    0.1589152801E+15    0.5455022945E-22    0.2744635260E-07    0.7446666007E-23
    0.9120000000E+00    0.1850627369E-21    0.1277860007E-22    0.7070337081E-07    0.3789768457E+16    0.1393938459E-20    0.7013449229E-06    0.2038960886E-21
    0.9120000000E+00    0.1982982953E-21    0.1369251667E-22    0.7235026388E-07    0.3292418058E+17    0.1297615125E-19    0.6528808882E-05    0.2033813814E-20
    0.9120000000E+00    0.2124804516E-21    0.1467179595E-22    0.7403551802E-07    0.2361991590E+17    0.9974916545E-20    0.5018770397E-05    0.1675230475E-20
    0.9120000000E+00    0.2276769058E-21    0.1572111260E-22    0.7576002677E-07   -0.4867418573E+18   -0.2202569489E-18   -0.1108198800E-03   -0.3963646482E-19
    0.9120000000E+00    0.2439602000E-21    0.1684547565E-22    0.7752470448E-07   -0.9477042377E+19   -0.4595192893E-17   -0.2312021153E-02   -0.8860720560E-18
    0.9120000000E+00    0.2614080640E-21    0.1805025236E-22    0.7933048683E-07   -0.1440049497E+21   -0.7481838745E-16   -0.3764405510E-01   -0.1545872379E-16
    0.9120000000E+00    0.2801037871E-21    0.1934119387E-22    0.8117833125E-07   -0.1977376320E+22   -0.1100829991E-14   -0.5538705956E+00   -0.2437168446E-15
    0.9120000000E+00    0.3001366153E-21    0.2072446262E-22    0.8306921749E-07   -0.2498147534E+23   -0.1490215262E-13   -0.7497855455E+01   -0.3535202543E-14
    0.9120000000E+00    0.3216021775E-21    0.2220666179E-22    0.8500414813E-07   -0.2915963277E+24   -0.1863858653E-12   -0.9377801396E+02   -0.4737816850E-13
    0.9120000000E+00    0.3446029418E-21    0.2379486681E-22    0.8698414910E-07   -0.1034646040E+25   -0.7086352044E-12   -0.3565420693E+03   -0.1930136475E-12
    0.9120000000E+00    0.3692487048E-21    0.2549665916E-22    0.8901027021E-07   -0.7376987123E+24   -0.5413896505E-12   -0.2723942941E+03   -0.1580066055E-12
    0.9120000000E+00    0.3956571157E-21    0.2732016250E-22    0.9108358575E-07    0.5676596514E+25    0.4463946182E-11    0.2245985803E+04    0.1395996225E-11
    0.9120000000E+00    0.4239542377E-21    0.2927408154E-22    0.9320519501E-07    0.6791667041E+26    0.5722783424E-10    0.2879356023E+05    0.1917664394E-10
    0.9120000000E+00    0.4542751502E-21    0.3136774352E-22    0.9537622289E-07    0.5710305746E+27    0.5155731429E-09    0.2594050000E+06    0.1851209542E-09
    0.9120000000E+00    0.4867645933E-21    0.3361114274E-22    0.9759782052E-07    0.4258504925E+28    0.4119913309E-08    0.2072889418E+07    0.1585087976E-08
    0.9120000000E+00    0.5215776589E-21    0.3601498832E-22    0.9987116580E-07    0.2922988283E+29    0.3030107235E-07    0.1524565385E+08    0.1249175024E-07
    0.9120000000E+00    0.5588805307E-21    0.3859075526E-22    0.1021974641E-06    0.1863220815E+30    0.2069642105E-06    0.1041317838E+09    0.9142406869E-07
    0.9120000000E+00    0.5988512779E-21    0.4135073927E-22    0.1045779488E-06    0.1106398730E+31    0.1316869056E-05    0.6625682936E+09    0.6233154425E-06
    0.9120000000E+00    0.6416807053E-21    0.4430811541E-22    0.1070138822E-06    0.6129619407E+31    0.7817437784E-05    0.3933258504E+10    0.3964877077E-05
    0.9120000000E+00    0.6875732635E-21    0.4747700104E-22    0.1095065557E-06    0.3171045768E+32    0.4333446449E-04    0.2180326287E+11    0.2355042387E-04
    0.9120000000E+00    0.7367480256E-21    0.5087252317E-22    0.1120572911E-06    0.1532314600E+33    0.2243772720E-03    0.1128929756E+12    0.1306604524E-03
    0.9120000000E+00    0.7894397325E-21    0.5451089068E-22    0.1146674407E-06    0.6914013254E+33    0.1084828614E-02    0.5458196774E+12    0.6769029793E-03
    0.9120000000E+00    0.8458999137E-21    0.5840947171E-22    0.1173383885E-06    0.2910155289E+34    0.4892683107E-02    0.2461700108E+13    0.3271239803E-02
    0.9120000000E+00    0.9063980879E-21    0.6258687655E-22    0.1200715507E-06    0.1133383521E+35    0.2041774698E-01    0.1027296656E+14    0.1462760121E-01
    0.9120000000E+00    0.9712230494E-21    0.6706304648E-22    0.1228683764E-06    0.2983185969E+35    0.5758524934E-01    0.2897338974E+14    0.4420552427E-01
    0.9120000000E+00    0.1040684247E-20    0.7185934897E-22    0.1257303485E-06    0.5025826178E+35    0.1039533257E+00    0.5230298132E+14    0.8550739622E-01
    0.9120000000E+00    0.1115113261E-20    0.7699867968E-22    0.1286589846E-06    0.6279008381E+35    0.1391624246E+00    0.7001805514E+14    0.1226555716E+00
    0.9120000000E+00    0.1194865387E-20    0.8250557175E-22    0.1316558373E-06    0.6405165915E+35    0.1521112404E+00    0.7653311050E+14    0.1436569368E+00
    0.9120000000E+00    0.1280321329E-20    0.8840631292E-22    0.1347224957E-06    0.6230516917E+35    0.1585458956E+00    0.7977063703E+14    0.1604428240E+00
    0.9120000000E+00    0.1371889021E-20    0.9472907100E-22    0.1378605858E-06    0.5322788399E+35    0.1451343210E+00    0.7302274968E+14    0.1573748827E+00
    0.9120000000E+00    0.1470005571E-20    0.1015040283E-21    0.1410717713E-06    0.3624854390E+35    0.1059062254E+00    0.5328556147E+14    0.1230514636E+00
    0.9120000000E+00    0.1575139348E-20    0.1087635259E-21    0.1443577550E-06    0.2021328147E+35    0.6328018606E-01    0.3183873499E+14    0.7878309559E-01
    0.9120000000E+00    0.1687792220E-20    0.1165422177E-21    0.1477202791E-06    0.9280798063E+34    0.3113266131E-01    0.1566405877E+14    0.4153187527E-01
    0.9120000000E+00    0.1808501947E-20    0.1248772362E-21    0.1511611264E-06    0.3470117164E+34    0.1247311890E-01    0.6275713648E+13    0.1782954894E-01
    0.9120000000E+00    0.1937844750E-20    0.1338083694E-21    0.1546821213E-06    0.9709804164E+33    0.3739739872E-02    0.1881609302E+13    0.5728048527E-02
    0.9120000000E+00    0.2076438060E-20    0.1433782510E-21    0.1582851308E-06    0.7276464247E+32    0.3002972282E-03    0.1510912730E+12    0.4928521071E-03
    0.9120000000E+00    0.2224943467E-20    0.1536325639E-21    0.1619720651E-06    0.5095012519E+30    0.2253077753E-05    0.1133611482E+10    0.3962246344E-05
    0.9120000000E+00    0.2384069878E-20    0.1646202581E-21    0.1657448792E-06    0.1228926144E+30    0.5823132971E-06    0.2929845803E+09    0.1097291465E-05
    0.9120000000E+00    0.2554576900E-20    0.1763937846E-21    0.1696055734E-06    0.2162163393E+29    0.1097790414E-06    0.5523412658E+08    0.2216586725E-06
    0.9120000000E+00    0.2737278465E-20    0.1890093455E-21    0.1735561947E-06    0.3118185757E+28    0.1696418139E-07    0.8535342723E+07    0.3670271585E-07
    0.9120000000E+00    0.2933046719E-20    0.2025271626E-21    0.1775988378E-06    0.7640252021E+27    0.4453880991E-08    0.2240921612E+07    0.1032532909E-07
    0.9120000000E+00    0.3142816182E-20    0.2170117645E-21    0.1817356462E-06    0.1680686795E+27    0.1049826937E-08    0.5282089658E+06    0.2607852390E-08
    0.9120000000E+00    0.3367588212E-20    0.2325322952E-21    0.1859688132E-06    0.4029268475E+26    0.2696852101E-09    0.1356891702E+06    0.7178313538E-09
    0.9120000000E+00    0.3608435782E-20    0.2491628434E-21    0.1903005833E-06    0.5898441452E+25    0.4230271066E-10    0.2128414719E+05    0.1206517126E-09
    0.9120000000E+00    0.3866508602E-20    0.2669827968E-21    0.1947332533E-06    0.1969274687E+25    0.1513342478E-10    0.7614217515E+04    0.4624901805E-10
