    0.9440000000E+00    0.4143038610E-23    0.2860772210E-24    0.1992691735E-07    0.0000000000E+00    0.0000000000E+00    0.0000000000E+00    0.0000000000E+00
    0.9440000000E+00    0.4439345853E-23    0.3065372650E-24    0.2039107488E-07    0.0000000000E+00    0.0000000000E+00    0.0000000000E+00    0.0000000000E+00
    0.9440000000E+00    0.4756844785E-23    0.3284605973E-24    0.2086604403E-07    0.0000000000E+00    0.0000000000E+00    0.0000000000E+00    0.0000000000E+00
    0.9440000000E+00    0.5097051019E-23    0.3519518710E-24    0.2135207663E-07    0.0000000000E+00    0.0000000000E+00    0.0000000000E+00    0.0000000000E+00
    0.9440000000E+00    0.5461588566E-23    0.3771232243E-24    0.2184943039E-07    0.0000000000E+00    0.0000000000E+00    0.0000000000E+00    0.0000000000E+00
    0.9440000000E+00    0.5852197586E-23    0.4040948153E-24    0.2235836900E-07    0.0000000000E+00    0.0000000000E+00    0.0000000000E+00    0.0000000000E+00
    0.9440000000E+00    0.6270742692E-23    0.4329953957E-24    0.2287916232E-07    0.0000000000E+00    0.0000000000E+00    0.0000000000E+00    0.0000000000E+00
    0.9440000000E+00    0.6719221852E-23    0.4639629256E-24    0.2341208647E-07    0.0000000000E+00    0.0000000000E+00    0.0000000000E+00    0.0000000000E+00
    0.9440000000E+00    0.7199775931E-23    0.4971452317E-24    0.2395742402E-07    0.0000000000E+00    0.0000000000E+00    0.0000000000E+00    0.0000000000E+00
    0.9440000000E+00    0.7714698903E-23    0.5327007132E-24    0.2451546411E-07    0.0000000000E+00    0.0000000000E+00    0.0000000000E+00    0.0000000000E+00
    0.9440000000E+00    0.8266448809E-23    0.5707990981E-24    0.2508650263E-07    0.0000000000E+00    0.0000000000E+00    0.0000000000E+00    0.0000000000E+00
    0.9440000000E+00    0.8857659485E-23    0.6116222531E-24    0.2567084234E-07    0.0000000000E+00    0.0000000000E+00    0.0000000000E+00    0.0000000000E+00
    0.9440000000E+00    0.9491153137E-23    0.6553650517E-24    0.2626879307E-07    0.0000000000E+00    0.0000000000E+00    0.0000000000E+00    0.0000000000E+00
    0.9440000000E+00    0.1016995382E-22    0.7022363048E-24    0.2688067187E-07    0.0000000000E+00    0.0000000000E+00    0.0000000000E+00    0.0000000000E+00
    0.9440000000E+00    0.1089730185E-22    0.7524597575E-24    0.2750680315E-07    0.0000000000E+00    0.0000000000E+00    0.0000000000E+00    0.0000000000E+00
    0.9440000000E+00    0.1167666930E-22    0.8062751566E-24    0.2814751890E-07    0.0000000000E+00    0.0000000000E+00    0.0000000000E+00    0.0000000000E+00
    0.9440000000E+00    0.1251177658E-22    0.8639393956E-24    0.2880315884E-07    0.0000000000E+00    0.0000000000E+00    0.0000000000E+00    0.0000000000E+00
    0.9440000000E+00    0.1340661015E-22    0.9257277409E-24    0.2947407060E-07    0.0000000000E+00    0.0000000000E+00    0.0000000000E+00    0.0000000000E+00
    0.9440000000E+00    0.1436544159E-22    0.9919351458E-24    0.3016060990E-07    0.0000000000E+00    0.0000000000E+00    0.0000000000E+00    0.0000000000E+00
    0.9440000000E+00    0.1539284799E-22    0.1062877658E-23    0.3086314075E-07    0.0000000000E+00    0.0000000000E+00    0.0000000000E+00    0.0000000000E+00
    0.9440000000E+00    0.1649373379E-22    0.1138893930E-23    0.3158203565E-07    0.0000000000E+00    0.0000000000E+00    0.0000000000E+00    0.0000000000E+00
    0.9440000000E+00    0.1767335417E-22    0.1220346833E-23    0.3231767576E-07    0.0000000000E+00    0.0000000000E+00    0.0000000000E+00    0.0000000000E+00
    0.9440000000E+00    0.1893734018E-22    0.1307625190E-23    0.3307045113E-07    0.0000000000E+00    0.0000000000E+00    0.0000000000E+00    0.0000000000E+00
    0.9440000000E+00    0.2029172559E-22    0.1401145635E-23    0.3384076090E-07    0.0000000000E+00    0.0000000000E+00    0.0000000000E+00    0.0000000000E+00
    0.9440000000E+00    0.2174297571E-22    0.1501354598E-23    0.3462901348E-07    0.0000000000E+00    0.0000000000E+00    0.0000000000E+00    0.0000000000E+00
    0.9440000000E+00    0.2329801823E-22    0.1608730435E-23    0.3543562682E-07    0.0000000000E+00    0.0000000000E+00    0.0000000000E+00    0.0000000000E+00
    0.9440000000E+00    0.2496427630E-22    0.1723785718E-23    0.3626102861E-07    0.0000000000E+00    0.0000000000E+00    0.0000000000E+00    0.0000000000E+00
    0.9440000000E+00    0.2674970400E-22    0.1847069675E-23    0.3710565646E-07    0.0000000000E+00    0.0000000000E+00    0.0000000000E+00    0.0000000000E+00
    0.9440000000E+00    0.2866282424E-22    0.1979170815E-23    0.3796995823E-07    0.0000000000E+00    0.0000000000E+00    0.0000000000E+00    0.0000000000E+00
    0.9440000000E+00    0.3071276952E-22    0.2120719737E-23    0.3885439218E-07    0.0000000000E+00    0.0000000000E+00    0.0000000000E+00    0.0000000000E+00
    0.9440000000E+00    0.3290932546E-22    0.2272392139E-23    0.3975942724E-07    0.0000000000E+00    0.0000000000E+00    0.0000000000E+00    0.0000000000E+00
    0.9440000000E+00    0.3526297755E-22    0.2434912046E-23    0.4068554327E-07   -0.2043897002E-15   -0.1432484497E-52   -0.7207389409E-38   -0.3862262145E-54
    0.9440000000E+00    0.3778496121E-22    0.2609055264E-23    0.4163323131E-07   -0.4741898466E-15   -0.3561091842E-52   -0.1791724496E-37   -0.1028809561E-53
    0.9440000000E+00    0.4048731538E-22    0.2795653084E-23    0.4260299385E-07    0.2664091932E-13    0.2143779587E-50    0.1078619303E-35    0.6636390734E-52
    0.9440000000E+00    0.4338294005E-22    0.2995596250E-23    0.4359534505E-07    0.6987539447E-13    0.6024974269E-50    0.3031400049E-35    0.1998513165E-51
    0.9440000000E+00    0.4648565778E-22    0.3209839213E-23    0.4461081109E-07   -0.5432769921E-11   -0.5019404976E-48   -0.2525458833E-33   -0.1784037808E-49
    0.9440000000E+00    0.4981027973E-22    0.3439404683E-23    0.4564993037E-07   -0.4176626450E-10   -0.4134819525E-47   -0.2080389318E-32   -0.1574738246E-48
    0.9440000000E+00    0.5337267633E-22    0.3685388516E-23    0.4671325384E-07    0.6959670376E-09    0.7382774354E-46    0.3714562343E-31    0.3012807696E-47
    0.9440000000E+00    0.5718985306E-22    0.3948964943E-23    0.4780134531E-07    0.1147568167E-07    0.1304395874E-44    0.6562925484E-30    0.5703759873E-46
    0.9440000000E+00    0.6128003161E-22    0.4231392172E-23    0.4891478167E-07   -0.5749093330E-07   -0.7002131828E-44   -0.3523046210E-29   -0.3280817705E-45
    0.9440000000E+00    0.6566273690E-22    0.4534018400E-23    0.5005415331E-07   -0.1155409021E-04   -0.1507879643E-41   -0.7586731856E-27   -0.7570394211E-43
    0.9440000000E+00    0.7035889022E-22    0.4858288246E-23    0.5122006431E-07   -0.1503342035E-02   -0.2102271123E-39   -0.1057734772E-24   -0.1130942544E-40
    0.9440000000E+00    0.7539090917E-22    0.5205749646E-23    0.5241313287E-07   -0.5231632448E-02   -0.7839135091E-39   -0.3944175267E-24   -0.4518767179E-40
    0.9440000000E+00    0.8078281461E-22    0.5578061244E-23    0.5363399157E-07    0.6966694202E-01    0.1118555846E-37    0.5627891661E-23    0.6908909261E-39
    0.9440000000E+00    0.8656034539E-22    0.5977000309E-23    0.5488328773E-07    0.6939039399E+01    0.1193796434E-35    0.6006456470E-21    0.7901000591E-37
    0.9440000000E+00    0.9275108115E-22    0.6404471218E-23    0.5616168372E-07    0.7099944594E+02    0.1308837964E-34    0.6585275372E-20    0.9281917427E-36
    0.9440000000E+00    0.9938457404E-22    0.6862514550E-23    0.5746985739E-07   -0.1245582152E+03   -0.2460386303E-34   -0.1237916516E-19   -0.1869627630E-35
    0.9440000000E+00    0.1064924897E-21    0.7353316823E-23    0.5880850233E-07   -0.1474160666E+05   -0.3120151940E-32   -0.1569870396E-17   -0.2540548909E-33
    0.9440000000E+00    0.1141087586E-21    0.7879220933E-23    0.6017832832E-07   -0.7883183649E+06   -0.1787856130E-30   -0.8995403000E-16   -0.1559855559E-31
    0.9440000000E+00    0.1222697377E-21    0.8442737340E-23    0.6158006166E-07   -0.3732869181E+08   -0.9071386982E-29   -0.4564169358E-14   -0.8480579139E-30
    0.9440000000E+00    0.1310143844E-21    0.9046556049E-23    0.6301444556E-07   -0.1596046569E+10   -0.4156009033E-27   -0.2091050588E-12   -0.4163209826E-28
    0.9440000000E+00    0.1403844422E-21    0.9693559452E-23    0.6448224056E-07   -0.8389797827E+10   -0.2340897617E-26   -0.1177797088E-11   -0.2512662953E-27
    0.9440000000E+00    0.1504246400E-21    0.1038683609E-22    0.6598422489E-07    0.1164611590E+11    0.3481865826E-26    0.1751862791E-11    0.4004643390E-27
    0.9440000000E+00    0.1611829057E-21    0.1112969539E-22    0.6752119493E-07    0.8033448646E+12    0.2573551987E-24    0.1294854595E-09    0.3171646400E-25
    0.9440000000E+00    0.1727105951E-21    0.1192568347E-22    0.6909396560E-07    0.2310013600E+14    0.7929493742E-23    0.3989638236E-08    0.1047121984E-23
    0.9440000000E+00    0.1850627369E-21    0.1277860007E-22    0.7070337081E-07    0.5842145751E+15    0.2148836200E-21    0.1081163482E-06    0.3040570857E-22
    0.9440000000E+00    0.1982982953E-21    0.1369251667E-22    0.7235026388E-07    0.1195970723E+17    0.4713586401E-20    0.2371589555E-05    0.7146662766E-21
    0.9440000000E+00    0.2124804516E-21    0.1467179595E-22    0.7403551802E-07    0.2363889824E+17    0.9982932968E-20    0.5022803772E-05    0.1621847337E-20
    0.9440000000E+00    0.2276769058E-21    0.1572111260E-22    0.7576002677E-07   -0.5663287845E+17   -0.2562710568E-19   -0.1289399854E-04   -0.4461196747E-20
    0.9440000000E+00    0.2439602000E-21    0.1684547565E-22    0.7752470448E-07   -0.1763035868E+19   -0.8548542435E-18   -0.4301105830E-03   -0.1594571101E-18
    0.9440000000E+00    0.2614080640E-21    0.1805025236E-22    0.7933048683E-07   -0.2915895171E+20   -0.1514965806E-16   -0.7622385115E-02   -0.3027991472E-17
    0.9440000000E+00    0.2801037871E-21    0.1934119387E-22    0.8117833125E-07   -0.4236245168E+21   -0.2358370373E-15   -0.1186588315E+00   -0.5050842515E-16
    0.9440000000E+00    0.3001366153E-21    0.2072446262E-22    0.8306921749E-07   -0.5638430749E+22   -0.3363482518E-14   -0.1692299521E+01   -0.7718643661E-15
    0.9440000000E+00    0.3216021775E-21    0.2220666179E-22    0.8500414813E-07   -0.6924617195E+23   -0.4426155767E-13   -0.2226971969E+02   -0.1088374883E-13
    0.9440000000E+00    0.3446029418E-21    0.2379486681E-22    0.8698414910E-07   -0.5728467836E+24   -0.3923461568E-12   -0.1974046869E+03   -0.1033763562E-12
    0.9440000000E+00    0.3692487048E-21    0.2549665916E-22    0.8901027021E-07   -0.8033021227E+24   -0.5895353322E-12   -0.2966182684E+03   -0.1664415132E-12
    0.9440000000E+00    0.3956571157E-21    0.2732016250E-22    0.9108358575E-07    0.6434501686E+24    0.5059945544E-12    0.2545856378E+03    0.1530726709E-12
    0.9440000000E+00    0.4239542377E-21    0.2927408154E-22    0.9320519501E-07    0.1806229065E+26    0.1521961793E-10    0.7657584662E+04    0.4933504939E-11
    0.9440000000E+00    0.4542751502E-21    0.3136774352E-22    0.9537622289E-07    0.1705075332E+27    0.1539481574E-09    0.7745733527E+05    0.5347198574E-10
    0.9440000000E+00    0.4867645933E-21    0.3361114274E-22    0.9759782052E-07    0.1350630856E+28    0.1306675027E-08    0.6574392793E+06    0.4863169517E-09
    0.9440000000E+00    0.5215776589E-21    0.3601498832E-22    0.9987116580E-07    0.9742796031E+28    0.1009984094E-07    0.5081624745E+07    0.4027785661E-08
    0.9440000000E+00    0.5588805307E-21    0.3859075526E-22    0.1021974641E-06    0.6507642687E+29    0.7228607153E-07    0.3636994798E+08    0.3088918432E-07
    0.9440000000E+00    0.5988512779E-21    0.4135073927E-22    0.1045779488E-06    0.4044177968E+30    0.4813502290E-06    0.2421861144E+09    0.2204007154E-06
    0.9440000000E+00    0.6416807053E-21    0.4430811541E-22    0.1070138822E-06    0.2342939754E+31    0.2988078793E-05    0.1503419233E+10    0.1466033391E-05
    0.9440000000E+00    0.6875732635E-21    0.4747700104E-22    0.1095065557E-06    0.1266688974E+32    0.1731015330E-04    0.8709414717E+10    0.9100237592E-05
    0.9440000000E+00    0.7367480256E-21    0.5087252317E-22    0.1120572911E-06    0.6393771701E+32    0.9362418474E-04    0.4710598676E+11    0.5273996849E-04
    0.9440000000E+00    0.7894397325E-21    0.5451089068E-22    0.1146674407E-06    0.3012795587E+33    0.4727163139E-03    0.2378420543E+12    0.2853332660E-03
    0.9440000000E+00    0.8458999137E-21    0.5840947171E-22    0.1173383885E-06    0.1324279919E+34    0.2226438573E-02    0.1120208269E+13    0.1440000141E-02
    0.9440000000E+00    0.9063980879E-21    0.6258687655E-22    0.1200715507E-06    0.5422204872E+34    0.9768026897E-02    0.4914676128E+13    0.6769532286E-02
    0.9440000000E+00    0.9712230494E-21    0.6706304648E-22    0.1228683764E-06    0.1872952439E+35    0.3615410984E-01    0.1819054579E+14    0.2684784860E-01
    0.9440000000E+00    0.1040684247E-20    0.7185934897E-22    0.1257303485E-06    0.3909194481E+35    0.8085710742E-01    0.4068237115E+14    0.6433836466E-01
    0.9440000000E+00    0.1115113261E-20    0.7699867968E-22    0.1286589846E-06    0.5648133963E+35    0.1251802783E+00    0.6298309084E+14    0.1067302999E+00
    0.9440000000E+00    0.1194865387E-20    0.8250557175E-22    0.1316558373E-06    0.6258507068E+35    0.1486283549E+00    0.7478073471E+14    0.1357855288E+00
    0.9440000000E+00    0.1280321329E-20    0.8840631292E-22    0.1347224957E-06    0.6204755050E+35    0.1578903419E+00    0.7944080235E+14    0.1545636561E+00
    0.9440000000E+00    0.1371889021E-20    0.9472907100E-22    0.1378605858E-06    0.5757377700E+35    0.1569840920E+00    0.7898483259E+14    0.1646673371E+00
    0.9440000000E+00    0.1470005571E-20    0.1015040283E-21    0.1410717713E-06    0.4357740170E+35    0.1273187177E+00    0.6405902328E+14    0.1431014627E+00
    0.9440000000E+00    0.1575139348E-20    0.1087635259E-21    0.1443577550E-06    0.2656947747E+35    0.8317904643E-01    0.4185062942E+14    0.1001764770E+00
    0.9440000000E+00    0.1687792220E-20    0.1165422177E-21    0.1477202791E-06    0.1324890899E+35    0.4444378529E-01    0.2236140552E+14    0.5735388721E-01
    0.9440000000E+00    0.1808501947E-20    0.1248772362E-21    0.1511611264E-06    0.5370226155E+34    0.1930294171E-01    0.9712064457E+13    0.2669164354E-01
    0.9440000000E+00    0.1937844750E-20    0.1338083694E-21    0.1546821213E-06    0.1691507790E+34    0.6514857581E-02    0.3277879491E+13    0.9652876355E-02
    0.9440000000E+00    0.2076438060E-20    0.1433782510E-21    0.1582851308E-06    0.2327927544E+33    0.9607278553E-03    0.4833797353E+12    0.1525289216E-02
    0.9440000000E+00    0.2224943467E-20    0.1536325639E-21    0.1619720651E-06    0.6787731043E+30    0.3001618887E-05    0.1510231784E+10    0.5106312228E-05
    0.9440000000E+00    0.2384069878E-20    0.1646202581E-21    0.1657448792E-06    0.1648558708E+30    0.7811516269E-06    0.3930279158E+09    0.1423925143E-05
    0.9440000000E+00    0.2554576900E-20    0.1763937846E-21    0.1696055734E-06    0.3097436420E+29    0.1572654509E-06    0.7912639528E+08    0.3071744869E-06
    0.9440000000E+00    0.2737278465E-20    0.1890093455E-21    0.1735561947E-06    0.4060935271E+28    0.2209311693E-07    0.1111591066E+08    0.4623903992E-07
    0.9440000000E+00    0.2933046719E-20    0.2025271626E-21    0.1775988378E-06    0.9949120574E+27    0.5799834727E-08    0.2918123546E+07    0.1300670934E-07
    0.9440000000E+00    0.3142816182E-20    0.2170117645E-21    0.1817356462E-06    0.2185128647E+27    0.1364922316E-08    0.6867457672E+06    0.3279893571E-08
    0.9440000000E+00    0.3367588212E-20    0.2325322952E-21    0.1859688132E-06    0.5244490976E+26    0.3510219435E-09    0.1766128599E+06    0.9038286079E-09
    0.9440000000E+00    0.3608435782E-20    0.2491628434E-21    0.1903005833E-06    0.7900749036E+25    0.5666295126E-10    0.2850934552E+05    0.1563331245E-09
    0.9440000000E+00    0.3866508602E-20    0.2669827968E-21    0.1947332533E-06    0.2676430432E+25    0.2056775466E-10    0.1034844129E+05    0.6080491704E-10
