    0.9820000000E+00    0.4143038610E-23    0.2860772210E-24    0.1992691735E-07    0.0000000000E+00    0.0000000000E+00    0.0000000000E+00    0.0000000000E+00
    0.9820000000E+00    0.4439345853E-23    0.3065372650E-24    0.2039107488E-07    0.0000000000E+00    0.0000000000E+00    0.0000000000E+00    0.0000000000E+00
    0.9820000000E+00    0.4756844785E-23    0.3284605973E-24    0.2086604403E-07    0.0000000000E+00    0.0000000000E+00    0.0000000000E+00    0.0000000000E+00
    0.9820000000E+00    0.5097051019E-23    0.3519518710E-24    0.2135207663E-07    0.0000000000E+00    0.0000000000E+00    0.0000000000E+00    0.0000000000E+00
    0.9820000000E+00    0.5461588566E-23    0.3771232243E-24    0.2184943039E-07    0.0000000000E+00    0.0000000000E+00    0.0000000000E+00    0.0000000000E+00
    0.9820000000E+00    0.5852197586E-23    0.4040948153E-24    0.2235836900E-07    0.0000000000E+00    0.0000000000E+00    0.0000000000E+00    0.0000000000E+00
    0.9820000000E+00    0.6270742692E-23    0.4329953957E-24    0.2287916232E-07    0.0000000000E+00    0.0000000000E+00    0.0000000000E+00    0.0000000000E+00
    0.9820000000E+00    0.6719221852E-23    0.4639629256E-24    0.2341208647E-07    0.0000000000E+00    0.0000000000E+00    0.0000000000E+00    0.0000000000E+00
    0.9820000000E+00    0.7199775931E-23    0.4971452317E-24    0.2395742402E-07    0.0000000000E+00    0.0000000000E+00    0.0000000000E+00    0.0000000000E+00
    0.9820000000E+00    0.7714698903E-23    0.5327007132E-24    0.2451546411E-07    0.0000000000E+00    0.0000000000E+00    0.0000000000E+00    0.0000000000E+00
    0.9820000000E+00    0.8266448809E-23    0.5707990981E-24    0.2508650263E-07    0.0000000000E+00    0.0000000000E+00    0.0000000000E+00    0.0000000000E+00
    0.9820000000E+00    0.8857659485E-23    0.6116222531E-24    0.2567084234E-07    0.0000000000E+00    0.0000000000E+00    0.0000000000E+00    0.0000000000E+00
    0.9820000000E+00    0.9491153137E-23    0.6553650517E-24    0.2626879307E-07    0.0000000000E+00    0.0000000000E+00    0.0000000000E+00    0.0000000000E+00
    0.9820000000E+00    0.1016995382E-22    0.7022363048E-24    0.2688067187E-07    0.0000000000E+00    0.0000000000E+00    0.0000000000E+00    0.0000000000E+00
    0.9820000000E+00    0.1089730185E-22    0.7524597575E-24    0.2750680315E-07    0.0000000000E+00    0.0000000000E+00    0.0000000000E+00    0.0000000000E+00
    0.9820000000E+00    0.1167666930E-22    0.8062751566E-24    0.2814751890E-07    0.0000000000E+00    0.0000000000E+00    0.0000000000E+00    0.0000000000E+00
    0.9820000000E+00    0.1251177658E-22    0.8639393956E-24    0.2880315884E-07    0.0000000000E+00    0.0000000000E+00    0.0000000000E+00    0.0000000000E+00
    0.9820000000E+00    0.1340661015E-22    0.9257277409E-24    0.2947407060E-07    0.0000000000E+00    0.0000000000E+00    0.0000000000E+00    0.0000000000E+00
    0.9820000000E+00    0.1436544159E-22    0.9919351458E-24    0.3016060990E-07    0.0000000000E+00    0.0000000000E+00    0.0000000000E+00    0.0000000000E+00
    0.9820000000E+00    0.1539284799E-22    0.1062877658E-23    0.3086314075E-07    0.0000000000E+00    0.0000000000E+00    0.0000000000E+00    0.0000000000E+00
    0.9820000000E+00    0.1649373379E-22    0.1138893930E-23    0.3158203565E-07    0.0000000000E+00    0.0000000000E+00    0.0000000000E+00    0.0000000000E+00
    0.9820000000E+00    0.1767335417E-22    0.1220346833E-23    0.3231767576E-07    0.0000000000E+00    0.0000000000E+00    0.0000000000E+00    0.0000000000E+00
    0.9820000000E+00    0.1893734018E-22    0.1307625190E-23    0.3307045113E-07    0.0000000000E+00    0.0000000000E+00    0.0000000000E+00    0.0000000000E+00
    0.9820000000E+00    0.2029172559E-22    0.1401145635E-23    0.3384076090E-07    0.0000000000E+00    0.0000000000E+00    0.0000000000E+00    0.0000000000E+00
    0.9820000000E+00    0.2174297571E-22    0.1501354598E-23    0.3462901348E-07    0.0000000000E+00    0.0000000000E+00    0.0000000000E+00    0.0000000000E+00
    0.9820000000E+00    0.2329801823E-22    0.1608730435E-23    0.3543562682E-07    0.0000000000E+00    0.0000000000E+00    0.0000000000E+00    0.0000000000E+00
    0.9820000000E+00    0.2496427630E-22    0.1723785718E-23    0.3626102861E-07    0.0000000000E+00    0.0000000000E+00    0.0000000000E+00    0.0000000000E+00
    0.9820000000E+00    0.2674970400E-22    0.1847069675E-23    0.3710565646E-07    0.0000000000E+00    0.0000000000E+00    0.0000000000E+00    0.0000000000E+00
    0.9820000000E+00    0.2866282424E-22    0.1979170815E-23    0.3796995823E-07    0.0000000000E+00    0.0000000000E+00    0.0000000000E+00    0.0000000000E+00
    0.9820000000E+00    0.3071276952E-22    0.2120719737E-23    0.3885439218E-07    0.0000000000E+00    0.0000000000E+00    0.0000000000E+00    0.0000000000E+00
    0.9820000000E+00    0.3290932546E-22    0.2272392139E-23    0.3975942724E-07    0.0000000000E+00    0.0000000000E+00    0.0000000000E+00    0.0000000000E+00
    0.9820000000E+00    0.3526297755E-22    0.2434912046E-23    0.4068554327E-07    0.0000000000E+00    0.0000000000E+00    0.0000000000E+00    0.0000000000E+00
    0.9820000000E+00    0.3778496121E-22    0.2609055264E-23    0.4163323131E-07    0.0000000000E+00    0.0000000000E+00    0.0000000000E+00    0.0000000000E+00
    0.9820000000E+00    0.4048731538E-22    0.2795653084E-23    0.4260299385E-07    0.8308130676E-15    0.6685505381E-52    0.3363739069E-37    0.2003841031E-53
    0.9820000000E+00    0.4338294005E-22    0.2995596250E-23    0.4359534505E-07    0.2148065529E-13    0.1852159783E-50    0.9318939808E-36    0.5948500087E-52
    0.9820000000E+00    0.4648565778E-22    0.3209839213E-23    0.4461081109E-07   -0.1965203526E-12   -0.1815676441E-49   -0.9135377856E-35   -0.6248380681E-51
    0.9820000000E+00    0.4981027973E-22    0.3439404683E-23    0.4564993037E-07   -0.1054082007E-10   -0.1043530925E-47   -0.5250411962E-33   -0.3847993647E-49
    0.9820000000E+00    0.5337267633E-22    0.3685388516E-23    0.4671325384E-07    0.1815714564E-10    0.1926098535E-47    0.9690954573E-33    0.7610400696E-49
    0.9820000000E+00    0.5718985306E-22    0.3948964943E-23    0.4780134531E-07    0.2838058615E-08    0.3225910282E-45    0.1623081552E-30    0.1365781756E-46
    0.9820000000E+00    0.6128003161E-22    0.4231392172E-23    0.4891478167E-07    0.9964508423E-09    0.1213631395E-45    0.6106253912E-31    0.5505741601E-47
    0.9820000000E+00    0.6566273690E-22    0.4534018400E-23    0.5005415331E-07   -0.7016566530E-06   -0.9157049701E-43   -0.4607269620E-28   -0.4451276722E-44
    0.9820000000E+00    0.7035889022E-22    0.4858288246E-23    0.5122006431E-07   -0.9925702179E-04   -0.1388008622E-40   -0.6983613900E-26   -0.7229715149E-42
    0.9820000000E+00    0.7539090917E-22    0.5205749646E-23    0.5241313287E-07   -0.1914756784E-02   -0.2869092438E-39   -0.1443552548E-24   -0.1601303169E-40
    0.9820000000E+00    0.8078281461E-22    0.5578061244E-23    0.5363399157E-07    0.2544133779E-02    0.4084800664E-39    0.2055222874E-24    0.2442867381E-40
    0.9820000000E+00    0.8656034539E-22    0.5977000309E-23    0.5488328773E-07    0.5561034193E+00    0.9567236050E-37    0.4813650405E-22    0.6130776892E-38
    0.9820000000E+00    0.9275108115E-22    0.6404471218E-23    0.5616168372E-07    0.2308286389E+02    0.4255206243E-35    0.2140960581E-20    0.2921794297E-36
    0.9820000000E+00    0.9938457404E-22    0.6862514550E-23    0.5746985739E-07    0.2011866354E+02    0.3974020029E-35    0.1999484806E-20    0.2923876832E-36
    0.9820000000E+00    0.1064924897E-21    0.7353316823E-23    0.5880850233E-07   -0.1380428575E+04   -0.2921762190E-33   -0.1470052759E-18   -0.2303423998E-34
    0.9820000000E+00    0.1141087586E-21    0.7879220933E-23    0.6017832832E-07   -0.8233456632E+05   -0.1867295825E-31   -0.9395095153E-17   -0.1577401134E-32
    0.9820000000E+00    0.1222697377E-21    0.8442737340E-23    0.6158006166E-07   -0.4150722113E+07   -0.1008682724E-29   -0.5075077042E-15   -0.9130269673E-31
    0.9820000000E+00    0.1310143844E-21    0.9046556049E-23    0.6301444556E-07   -0.1884163535E+09   -0.4906248240E-28   -0.2468525257E-13   -0.4758592774E-29
    0.9820000000E+00    0.1403844422E-21    0.9693559452E-23    0.6448224056E-07   -0.3538477280E+10   -0.9872959041E-27   -0.4967471591E-12   -0.1026068506E-27
    0.9820000000E+00    0.1504246400E-21    0.1038683609E-22    0.6598422489E-07   -0.2841364962E+10   -0.8494893619E-27   -0.4274113014E-12   -0.9459909182E-28
    0.9820000000E+00    0.1611829057E-21    0.1112969539E-22    0.6752119493E-07    0.1043226746E+12    0.3342024558E-25    0.1681503183E-10    0.3987848578E-26
    0.9820000000E+00    0.1727105951E-21    0.1192568347E-22    0.6909396560E-07    0.3427573473E+13    0.1176569800E-23    0.5919782544E-09    0.1504342480E-24
    0.9820000000E+00    0.1850627369E-21    0.1277860007E-22    0.7070337081E-07    0.9211702332E+14    0.3388213898E-22    0.1704742845E-07    0.4641943414E-23
    0.9820000000E+00    0.1982982953E-21    0.1369251667E-22    0.7235026388E-07    0.2241413461E+16    0.8833908561E-21    0.4444684682E-06    0.1296826636E-21
    0.9820000000E+00    0.2124804516E-21    0.1467179595E-22    0.7403551802E-07    0.1489464455E+17    0.6290150948E-20    0.3164820801E-05    0.9894414272E-21
    0.9820000000E+00    0.2276769058E-21    0.1572111260E-22    0.7576002677E-07    0.5807792074E+16    0.2628100589E-20    0.1322300129E-05    0.4429666252E-21
    0.9820000000E+00    0.2439602000E-21    0.1684547565E-22    0.7752470448E-07   -0.3157821585E+18   -0.1531152730E-18   -0.7703827853E-04   -0.2765333631E-19
    0.9820000000E+00    0.2614080640E-21    0.1805025236E-22    0.7933048683E-07   -0.5968349724E+19   -0.3100881623E-17   -0.1560174747E-02   -0.6000869878E-18
    0.9820000000E+00    0.2801037871E-21    0.1934119387E-22    0.8117833125E-07   -0.9210008290E+20   -0.5127326163E-16   -0.2579758201E-01   -0.1063212239E-16
    0.9820000000E+00    0.3001366153E-21    0.2072446262E-22    0.8306921749E-07   -0.1290901869E+22   -0.7700592705E-15   -0.3874469178E+00   -0.1711012475E-15
    0.9820000000E+00    0.3216021775E-21    0.2220666179E-22    0.8500414813E-07   -0.1666375225E+23   -0.1065132715E-13   -0.5359099010E+01   -0.2535903636E-14
    0.9820000000E+00    0.3446029418E-21    0.2379486681E-22    0.8698414910E-07   -0.1987722248E+24   -0.1361402747E-12   -0.6849749343E+02   -0.3473086861E-13
    0.9820000000E+00    0.3692487048E-21    0.2549665916E-22    0.8901027021E-07   -0.6415017976E+24   -0.4707917042E-12   -0.2368737079E+03   -0.1286938591E-12
    0.9820000000E+00    0.3956571157E-21    0.2732016250E-22    0.9108358575E-07   -0.3959716231E+24   -0.3113830639E-12   -0.1566689903E+03   -0.9120612617E-13
    0.9820000000E+00    0.4239542377E-21    0.2927408154E-22    0.9320519501E-07    0.4333669695E+25    0.3651629702E-11    0.1837277632E+04    0.1146082163E-11
    0.9820000000E+00    0.4542751502E-21    0.3136774352E-22    0.9537622289E-07    0.5047927905E+26    0.4557682497E-10    0.2293148207E+05    0.1532756230E-10
    0.9820000000E+00    0.4867645933E-21    0.3361114274E-22    0.9759782052E-07    0.4297386276E+27    0.4157529280E-09    0.2091815483E+06    0.1498181186E-09
    0.9820000000E+00    0.5215776589E-21    0.3601498832E-22    0.9987116580E-07    0.3262803693E+28    0.3382375883E-08    0.1701805511E+07    0.1306023199E-08
    0.9820000000E+00    0.5588805307E-21    0.3859075526E-22    0.1021974641E-06    0.2282734173E+29    0.2535632235E-07    0.1275775686E+08    0.1049096134E-07
    0.9820000000E+00    0.5988512779E-21    0.4135073927E-22    0.1045779488E-06    0.1483411539E+30    0.1765601044E-06    0.8883428960E+08    0.7827473381E-07
    0.9820000000E+00    0.6416807053E-21    0.4430811541E-22    0.1070138822E-06    0.8978452149E+30    0.1145070948E-05    0.5761299507E+09    0.5439530531E-06
    0.9820000000E+00    0.6875732635E-21    0.4747700104E-22    0.1095065557E-06    0.5068014389E+31    0.6925781137E-05    0.3484631193E+10    0.3525313837E-05
    0.9820000000E+00    0.7367480256E-21    0.5087252317E-22    0.1120572911E-06    0.2669568909E+32    0.3909057509E-04    0.1966799623E+11    0.2132068148E-04
    0.9820000000E+00    0.7894397325E-21    0.5451089068E-22    0.1146674407E-06    0.1312306170E+33    0.2059046216E-03    0.1035986632E+12    0.1203358741E-03
    0.9820000000E+00    0.8458999137E-21    0.5840947171E-22    0.1173383885E-06    0.6017064412E+33    0.1011615755E-02    0.5089834267E+12    0.6334970647E-03
    0.9820000000E+00    0.9063980879E-21    0.6258687655E-22    0.1200715507E-06    0.2570303952E+34    0.4630366931E-02    0.2329718587E+13    0.3107022729E-02
    0.9820000000E+00    0.9712230494E-21    0.6706304648E-22    0.1228683764E-06    0.1018827661E+35    0.1966670717E-01    0.9895089077E+13    0.1414036676E-01
    0.9820000000E+00    0.1040684247E-20    0.7185934897E-22    0.1257303485E-06    0.2782666882E+35    0.5755620399E-01    0.2895877589E+14    0.4434260117E-01
    0.9820000000E+00    0.1115113261E-20    0.7699867968E-22    0.1286589846E-06    0.4762628963E+35    0.1055547235E+00    0.5310870716E+14    0.8713782089E-01
    0.9820000000E+00    0.1194865387E-20    0.8250557175E-22    0.1316558373E-06    0.5973971233E+35    0.1418711375E+00    0.7138091450E+14    0.1254940321E+00
    0.9820000000E+00    0.1280321329E-20    0.8840631292E-22    0.1347224957E-06    0.6089404606E+35    0.1549550574E+00    0.7796394601E+14    0.1468705691E+00
    0.9820000000E+00    0.1371889021E-20    0.9472907100E-22    0.1378605858E-06    0.5910179397E+35    0.1611504741E+00    0.8108110229E+14    0.1636668071E+00
    0.9820000000E+00    0.1470005571E-20    0.1015040283E-21    0.1410717713E-06    0.4997068995E+35    0.1459977859E+00    0.7345719261E+14    0.1588822173E+00
    0.9820000000E+00    0.1575139348E-20    0.1087635259E-21    0.1443577550E-06    0.3343637479E+35    0.1046767207E+00    0.5266694959E+14    0.1220616204E+00
    0.9820000000E+00    0.1687792220E-20    0.1165422177E-21    0.1477202791E-06    0.1814943074E+35    0.6088270388E-01    0.3063246800E+14    0.7607167066E-01
    0.9820000000E+00    0.1808501947E-20    0.1248772362E-21    0.1511611264E-06    0.7993221344E+34    0.2873113371E-01    0.1445575636E+14    0.3846642147E-01
    0.9820000000E+00    0.1937844750E-20    0.1338083694E-21    0.1546821213E-06    0.2784262162E+34    0.1072361095E-01    0.5395467813E+13    0.1538402836E-01
    0.9820000000E+00    0.2076438060E-20    0.1433782510E-21    0.1582851308E-06    0.5653023445E+33    0.2332983732E-02    0.1173815303E+13    0.3586251418E-02
    0.9820000000E+00    0.2224943467E-20    0.1536325639E-21    0.1619720651E-06    0.9501845798E+30    0.4201834107E-05    0.2114106974E+10    0.6920985263E-05
    0.9820000000E+00    0.2384069878E-20    0.1646202581E-21    0.1657448792E-06    0.2195048789E+30    0.1040100012E-05    0.5233149699E+09    0.1835710213E-05
    0.9820000000E+00    0.2554576900E-20    0.1763937846E-21    0.1696055734E-06    0.4382500224E+29    0.2225117098E-06    0.1119543383E+09    0.4208059707E-06
    0.9820000000E+00    0.2737278465E-20    0.1890093455E-21    0.1735561947E-06    0.5266903304E+28    0.2865406680E-07    0.1441698099E+08    0.5806511513E-07
    0.9820000000E+00    0.2933046719E-20    0.2025271626E-21    0.1775988378E-06    0.1290295666E+28    0.7521771959E-08    0.3784497471E+07    0.1633236906E-07
    0.9820000000E+00    0.3142816182E-20    0.2170117645E-21    0.1817356462E-06    0.2829883919E+27    0.1767663300E-08    0.8893804974E+06    0.4112714550E-08
    0.9820000000E+00    0.3367588212E-20    0.2325322952E-21    0.1859688132E-06    0.6794094733E+26    0.4547393347E-09    0.2287971334E+06    0.1133682766E-08
    0.9820000000E+00    0.3608435782E-20    0.2491628434E-21    0.1903005833E-06    0.1045217535E+26    0.7496138651E-10    0.3771600352E+05    0.2002472835E-09
    0.9820000000E+00    0.3866508602E-20    0.2669827968E-21    0.1947332533E-06    0.3594635113E+25    0.2762394726E-10    0.1389868758E+05    0.7907054980E-10
