    0.9710000000E+00    0.4143038610E-23    0.2860772210E-24    0.1992691735E-07    0.0000000000E+00    0.0000000000E+00    0.0000000000E+00    0.0000000000E+00
    0.9710000000E+00    0.4439345853E-23    0.3065372650E-24    0.2039107488E-07    0.0000000000E+00    0.0000000000E+00    0.0000000000E+00    0.0000000000E+00
    0.9710000000E+00    0.4756844785E-23    0.3284605973E-24    0.2086604403E-07    0.0000000000E+00    0.0000000000E+00    0.0000000000E+00    0.0000000000E+00
    0.9710000000E+00    0.5097051019E-23    0.3519518710E-24    0.2135207663E-07    0.0000000000E+00    0.0000000000E+00    0.0000000000E+00    0.0000000000E+00
    0.9710000000E+00    0.5461588566E-23    0.3771232243E-24    0.2184943039E-07    0.0000000000E+00    0.0000000000E+00    0.0000000000E+00    0.0000000000E+00
    0.9710000000E+00    0.5852197586E-23    0.4040948153E-24    0.2235836900E-07    0.0000000000E+00    0.0000000000E+00    0.0000000000E+00    0.0000000000E+00
    0.9710000000E+00    0.6270742692E-23    0.4329953957E-24    0.2287916232E-07    0.0000000000E+00    0.0000000000E+00    0.0000000000E+00    0.0000000000E+00
    0.9710000000E+00    0.6719221852E-23    0.4639629256E-24    0.2341208647E-07    0.0000000000E+00    0.0000000000E+00    0.0000000000E+00    0.0000000000E+00
    0.9710000000E+00    0.7199775931E-23    0.4971452317E-24    0.2395742402E-07    0.0000000000E+00    0.0000000000E+00    0.0000000000E+00    0.0000000000E+00
    0.9710000000E+00    0.7714698903E-23    0.5327007132E-24    0.2451546411E-07    0.0000000000E+00    0.0000000000E+00    0.0000000000E+00    0.0000000000E+00
    0.9710000000E+00    0.8266448809E-23    0.5707990981E-24    0.2508650263E-07    0.0000000000E+00    0.0000000000E+00    0.0000000000E+00    0.0000000000E+00
    0.9710000000E+00    0.8857659485E-23    0.6116222531E-24    0.2567084234E-07    0.0000000000E+00    0.0000000000E+00    0.0000000000E+00    0.0000000000E+00
    0.9710000000E+00    0.9491153137E-23    0.6553650517E-24    0.2626879307E-07    0.0000000000E+00    0.0000000000E+00    0.0000000000E+00    0.0000000000E+00
    0.9710000000E+00    0.1016995382E-22    0.7022363048E-24    0.2688067187E-07    0.0000000000E+00    0.0000000000E+00    0.0000000000E+00    0.0000000000E+00
    0.9710000000E+00    0.1089730185E-22    0.7524597575E-24    0.2750680315E-07    0.0000000000E+00    0.0000000000E+00    0.0000000000E+00    0.0000000000E+00
    0.9710000000E+00    0.1167666930E-22    0.8062751566E-24    0.2814751890E-07    0.0000000000E+00    0.0000000000E+00    0.0000000000E+00    0.0000000000E+00
    0.9710000000E+00    0.1251177658E-22    0.8639393956E-24    0.2880315884E-07    0.0000000000E+00    0.0000000000E+00    0.0000000000E+00    0.0000000000E+00
    0.9710000000E+00    0.1340661015E-22    0.9257277409E-24    0.2947407060E-07    0.0000000000E+00    0.0000000000E+00    0.0000000000E+00    0.0000000000E+00
    0.9710000000E+00    0.1436544159E-22    0.9919351458E-24    0.3016060990E-07    0.0000000000E+00    0.0000000000E+00    0.0000000000E+00    0.0000000000E+00
    0.9710000000E+00    0.1539284799E-22    0.1062877658E-23    0.3086314075E-07    0.0000000000E+00    0.0000000000E+00    0.0000000000E+00    0.0000000000E+00
    0.9710000000E+00    0.1649373379E-22    0.1138893930E-23    0.3158203565E-07    0.0000000000E+00    0.0000000000E+00    0.0000000000E+00    0.0000000000E+00
    0.9710000000E+00    0.1767335417E-22    0.1220346833E-23    0.3231767576E-07    0.0000000000E+00    0.0000000000E+00    0.0000000000E+00    0.0000000000E+00
    0.9710000000E+00    0.1893734018E-22    0.1307625190E-23    0.3307045113E-07    0.0000000000E+00    0.0000000000E+00    0.0000000000E+00    0.0000000000E+00
    0.9710000000E+00    0.2029172559E-22    0.1401145635E-23    0.3384076090E-07    0.0000000000E+00    0.0000000000E+00    0.0000000000E+00    0.0000000000E+00
    0.9710000000E+00    0.2174297571E-22    0.1501354598E-23    0.3462901348E-07    0.0000000000E+00    0.0000000000E+00    0.0000000000E+00    0.0000000000E+00
    0.9710000000E+00    0.2329801823E-22    0.1608730435E-23    0.3543562682E-07    0.0000000000E+00    0.0000000000E+00    0.0000000000E+00    0.0000000000E+00
    0.9710000000E+00    0.2496427630E-22    0.1723785718E-23    0.3626102861E-07    0.0000000000E+00    0.0000000000E+00    0.0000000000E+00    0.0000000000E+00
    0.9710000000E+00    0.2674970400E-22    0.1847069675E-23    0.3710565646E-07    0.0000000000E+00    0.0000000000E+00    0.0000000000E+00    0.0000000000E+00
    0.9710000000E+00    0.2866282424E-22    0.1979170815E-23    0.3796995823E-07    0.0000000000E+00    0.0000000000E+00    0.0000000000E+00    0.0000000000E+00
    0.9710000000E+00    0.3071276952E-22    0.2120719737E-23    0.3885439218E-07    0.0000000000E+00    0.0000000000E+00    0.0000000000E+00    0.0000000000E+00
    0.9710000000E+00    0.3290932546E-22    0.2272392139E-23    0.3975942724E-07    0.0000000000E+00    0.0000000000E+00    0.0000000000E+00    0.0000000000E+00
    0.9710000000E+00    0.3526297755E-22    0.2434912046E-23    0.4068554327E-07    0.0000000000E+00    0.0000000000E+00    0.0000000000E+00    0.0000000000E+00
    0.9710000000E+00    0.3778496121E-22    0.2609055264E-23    0.4163323131E-07   -0.1241145969E-15   -0.9320812790E-53   -0.4689665231E-38   -0.2629911932E-54
    0.9710000000E+00    0.4048731538E-22    0.2795653084E-23    0.4260299385E-07    0.2203868282E-14    0.1773440240E-51    0.8922871018E-37    0.5361718127E-53
    0.9710000000E+00    0.4338294005E-22    0.2995596250E-23    0.4359534505E-07    0.3178985145E-13    0.2741065556E-50    0.1379137219E-35    0.8879874803E-52
    0.9710000000E+00    0.4648565778E-22    0.3209839213E-23    0.4461081109E-07   -0.4957252776E-12   -0.4580068660E-49   -0.2304411561E-34   -0.1589861926E-50
    0.9710000000E+00    0.4981027973E-22    0.3439404683E-23    0.4564993037E-07   -0.1567169462E-10   -0.1551482511E-47   -0.7806114929E-33   -0.5770777166E-49
    0.9710000000E+00    0.5337267633E-22    0.3685388516E-23    0.4671325384E-07    0.5651039901E-10    0.5994587417E-47    0.3016111236E-32    0.2389168159E-48
    0.9710000000E+00    0.5718985306E-22    0.3948964943E-23    0.4780134531E-07    0.4186357702E-08    0.4758469146E-45    0.2394171818E-30    0.2032144930E-46
    0.9710000000E+00    0.6128003161E-22    0.4231392172E-23    0.4891478167E-07   -0.1718616046E-08   -0.2093195470E-45   -0.1053168456E-30   -0.9578493450E-47
    0.9710000000E+00    0.6566273690E-22    0.4534018400E-23    0.5005415331E-07   -0.1495270249E-05   -0.1951419391E-42   -0.9818353692E-28   -0.9568371669E-44
    0.9710000000E+00    0.7035889022E-22    0.4858288246E-23    0.5122006431E-07   -0.2063837406E-03   -0.2886066962E-40   -0.1452093095E-25   -0.1516330336E-41
    0.9710000000E+00    0.7539090917E-22    0.5205749646E-23    0.5241313287E-07   -0.2628580005E-02   -0.3938692933E-39   -0.1981710364E-24   -0.2217377029E-40
    0.9710000000E+00    0.8078281461E-22    0.5578061244E-23    0.5363399157E-07    0.7365969435E-02    0.1182662527E-38    0.5950437433E-24    0.7134248895E-40
    0.9710000000E+00    0.8656034539E-22    0.5977000309E-23    0.5488328773E-07    0.1099211886E+01    0.1891090617E-36    0.9514816051E-22    0.1222361774E-37
    0.9710000000E+00    0.9275108115E-22    0.6404471218E-23    0.5616168372E-07    0.3169749564E+02    0.5843268929E-35    0.2939976990E-20    0.4047094031E-36
    0.9710000000E+00    0.9938457404E-22    0.6862514550E-23    0.5746985739E-07    0.1455046037E+02    0.2874138276E-35    0.1446091306E-20    0.2133020743E-36
    0.9710000000E+00    0.1064924897E-21    0.7353316823E-23    0.5880850233E-07   -0.2630045631E+04   -0.5566653733E-33   -0.2800801073E-18   -0.4426715668E-34
    0.9710000000E+00    0.1141087586E-21    0.7879220933E-23    0.6017832832E-07   -0.1513655569E+06   -0.3432874977E-31   -0.1727213579E-16   -0.2925131585E-32
    0.9710000000E+00    0.1222697377E-21    0.8442737340E-23    0.6158006166E-07   -0.7501631085E+07   -0.1822999823E-29   -0.9172224654E-15   -0.1664462622E-30
    0.9710000000E+00    0.1310143844E-21    0.9046556049E-23    0.6301444556E-07   -0.3350873168E+09   -0.8725471690E-28   -0.4390125854E-13   -0.8536430997E-29
    0.9710000000E+00    0.1403844422E-21    0.9693559452E-23    0.6448224056E-07   -0.4569965818E+10   -0.1275098913E-26   -0.6415521021E-12   -0.1336691837E-27
    0.9710000000E+00    0.1504246400E-21    0.1038683609E-22    0.6598422489E-07   -0.2033787619E+10   -0.6080461220E-27   -0.3059317703E-12   -0.6830050950E-28
    0.9710000000E+00    0.1611829057E-21    0.1112969539E-22    0.6752119493E-07    0.1826841665E+12    0.5852370761E-25    0.2944556478E-10    0.7043998459E-26
    0.9710000000E+00    0.1727105951E-21    0.1192568347E-22    0.6909396560E-07    0.5735952719E+13    0.1968958156E-23    0.9906598078E-09    0.2539357853E-24
    0.9710000000E+00    0.1850627369E-21    0.1277860007E-22    0.7070337081E-07    0.1515738704E+15    0.5575133409E-22    0.2805067529E-07    0.7704468512E-23
    0.9710000000E+00    0.1982982953E-21    0.1369251667E-22    0.7235026388E-07    0.3633718866E+16    0.1432129358E-20    0.7205602566E-06    0.2120653277E-21
    0.9710000000E+00    0.2124804516E-21    0.1467179595E-22    0.7403551802E-07    0.1761449746E+17    0.7438770860E-20    0.3742736374E-05    0.1180289657E-20
    0.9710000000E+00    0.2276769058E-21    0.1572111260E-22    0.7576002677E-07   -0.4907663002E+15   -0.2220780610E-21   -0.1117361527E-06   -0.3775661725E-22
    0.9710000000E+00    0.2439602000E-21    0.1684547565E-22    0.7752470448E-07   -0.5071134499E+18   -0.2458872745E-18   -0.1237154986E-03   -0.4479437419E-19
    0.9710000000E+00    0.2614080640E-21    0.1805025236E-22    0.7933048683E-07   -0.9163898073E+19   -0.4761142433E-17   -0.2395516854E-02   -0.9293912819E-18
    0.9710000000E+00    0.2801037871E-21    0.1934119387E-22    0.8117833125E-07   -0.1390282952E+21   -0.7739878107E-16   -0.3894235199E-01   -0.1618905660E-16
    0.9710000000E+00    0.3001366153E-21    0.2072446262E-22    0.8306921749E-07   -0.1921583823E+22   -0.1146278793E-14   -0.5767376648E+00   -0.2569080296E-15
    0.9710000000E+00    0.3216021775E-21    0.2220666179E-22    0.8500414813E-07   -0.2447472758E+23   -0.1564403541E-13   -0.7871125683E+01   -0.3756956882E-14
    0.9710000000E+00    0.3446029418E-21    0.2379486681E-22    0.8698414910E-07   -0.2790165871E+24   -0.1911001140E-12   -0.9614993675E+02   -0.4917545268E-13
    0.9710000000E+00    0.3692487048E-21    0.2549665916E-22    0.8901027021E-07   -0.6970106534E+24   -0.5115290940E-12   -0.2573702810E+03   -0.1410450212E-12
    0.9710000000E+00    0.3956571157E-21    0.2732016250E-22    0.9108358575E-07   -0.2688388347E+24   -0.2114087353E-12   -0.1063679979E+03   -0.6246120359E-13
    0.9710000000E+00    0.4239542377E-21    0.2927408154E-22    0.9320519501E-07    0.6496248921E+25    0.5473858688E-11    0.2754112259E+04    0.1732929927E-11
    0.9710000000E+00    0.4542751502E-21    0.3136774352E-22    0.9537622289E-07    0.7029586007E+26    0.6346885635E-10    0.3193366239E+05    0.2153020144E-10
    0.9710000000E+00    0.4867645933E-21    0.3361114274E-22    0.9759782052E-07    0.5858469768E+27    0.5667807833E-09    0.2851695654E+06    0.2060167527E-09
    0.9710000000E+00    0.5215776589E-21    0.3601498832E-22    0.9987116580E-07    0.4385695423E+28    0.4546418304E-08    0.2287480751E+07    0.1770748212E-08
    0.9710000000E+00    0.5588805307E-21    0.3859075526E-22    0.1021974641E-06    0.3030127333E+29    0.3365827100E-07    0.1693479172E+08    0.1404685901E-07
    0.9710000000E+00    0.5988512779E-21    0.4135073927E-22    0.1045779488E-06    0.1945567815E+30    0.2315673348E-06    0.1165105772E+09    0.1035534846E-06
    0.9710000000E+00    0.6416807053E-21    0.4430811541E-22    0.1070138822E-06    0.1163795817E+31    0.1484252250E-05    0.7467853209E+09    0.7112055488E-06
    0.9710000000E+00    0.6875732635E-21    0.4747700104E-22    0.1095065557E-06    0.6493539474E+31    0.8873856651E-05    0.4464784128E+10    0.4556169046E-05
    0.9710000000E+00    0.7367480256E-21    0.5087252317E-22    0.1120572911E-06    0.3381516554E+32    0.4951564513E-04    0.2491325645E+11    0.2724142753E-04
    0.9710000000E+00    0.7894397325E-21    0.5451089068E-22    0.1146674407E-06    0.1643503866E+33    0.2578704950E-03    0.1297447252E+12    0.1520159207E-03
    0.9710000000E+00    0.8458999137E-21    0.5840947171E-22    0.1173383885E-06    0.7450748748E+33    0.1252653172E-02    0.6302587723E+12    0.7912582710E-03
    0.9710000000E+00    0.9063980879E-21    0.6258687655E-22    0.1200715507E-06    0.3146779558E+34    0.5668879743E-02    0.2852234974E+13    0.3836936966E-02
    0.9710000000E+00    0.9712230494E-21    0.6706304648E-22    0.1228683764E-06    0.1218326082E+35    0.2351767940E-01    0.1183266372E+14    0.1705618453E-01
    0.9710000000E+00    0.1040684247E-20    0.7185934897E-22    0.1257303485E-06    0.3079785877E+35    0.6370176227E-01    0.3205084646E+14    0.4950383761E-01
    0.9710000000E+00    0.1115113261E-20    0.7699867968E-22    0.1286589846E-06    0.5020594601E+35    0.1112720473E+00    0.5598531620E+14    0.9265598964E-01
    0.9710000000E+00    0.1194865387E-20    0.8250557175E-22    0.1316558373E-06    0.6074121362E+35    0.1442495240E+00    0.7257757372E+14    0.1287068938E+00
    0.9710000000E+00    0.1280321329E-20    0.8840631292E-22    0.1347224957E-06    0.6123326597E+35    0.1558182591E+00    0.7839825649E+14    0.1489723841E+00
    0.9710000000E+00    0.1371889021E-20    0.9472907100E-22    0.1378605858E-06    0.5891091143E+35    0.1606300024E+00    0.8081923264E+14    0.1645561380E+00
    0.9710000000E+00    0.1470005571E-20    0.1015040283E-21    0.1410717713E-06    0.4841260721E+35    0.1414455848E+00    0.7116680231E+14    0.1552661613E+00
    0.9710000000E+00    0.1575139348E-20    0.1087635259E-21    0.1443577550E-06    0.3155853680E+35    0.9879791580E-01    0.4970909309E+14    0.1162077797E+00
    0.9710000000E+00    0.1687792220E-20    0.1165422177E-21    0.1477202791E-06    0.1673504162E+35    0.5613810140E-01    0.2824527305E+14    0.7075304592E-01
    0.9710000000E+00    0.1808501947E-20    0.1248772362E-21    0.1511611264E-06    0.7205393192E+34    0.2589933474E-01    0.1303096762E+14    0.3497647426E-01
    0.9710000000E+00    0.1937844750E-20    0.1338083694E-21    0.1546821213E-06    0.2445034382E+34    0.9417072077E-02    0.4738097040E+13    0.1362709598E-01
    0.9710000000E+00    0.2076438060E-20    0.1433782510E-21    0.1582851308E-06    0.4527003440E+33    0.1868279070E-02    0.9400042241E+12    0.2896871084E-02
    0.9710000000E+00    0.2224943467E-20    0.1536325639E-21    0.1619720651E-06    0.8340338485E+30    0.3688201162E-05    0.1855678163E+10    0.6127763857E-05
    0.9710000000E+00    0.2384069878E-20    0.1646202581E-21    0.1657448792E-06    0.2032496518E+30    0.9630763855E-06    0.4845613727E+09    0.1714542104E-05
    0.9710000000E+00    0.2554576900E-20    0.1763937846E-21    0.1696055734E-06    0.3996539981E+29    0.2029154361E-06    0.1020946871E+09    0.3870815810E-06
    0.9710000000E+00    0.2737278465E-20    0.1890093455E-21    0.1735561947E-06    0.4910764814E+28    0.2671653055E-07    0.1344213077E+08    0.5460940941E-07
    0.9710000000E+00    0.2933046719E-20    0.2025271626E-21    0.1775988378E-06    0.1203061616E+28    0.7013241512E-08    0.3528635927E+07    0.1536053051E-07
    0.9710000000E+00    0.3142816182E-20    0.2170117645E-21    0.1817356462E-06    0.2639513744E+27    0.1648750163E-08    0.8295506508E+06    0.3869387925E-08
    0.9710000000E+00    0.3367588212E-20    0.2325322952E-21    0.1859688132E-06    0.6336920940E+26    0.4241399812E-09    0.2134014026E+06    0.1066587853E-08
    0.9710000000E+00    0.3608435782E-20    0.2491628434E-21    0.1903005833E-06    0.9700407041E+25    0.6956982038E-10    0.3500329586E+05    0.1874598661E-09
    0.9710000000E+00    0.3866508602E-20    0.2669827968E-21    0.1947332533E-06    0.3322516827E+25    0.2553278058E-10    0.1284653989E+05    0.7372003512E-10
