    0.9010000000E+00    0.4143038610E-23    0.2860772210E-24    0.1992691735E-07    0.0000000000E+00    0.0000000000E+00    0.0000000000E+00    0.0000000000E+00
    0.9010000000E+00    0.4439345853E-23    0.3065372650E-24    0.2039107488E-07    0.0000000000E+00    0.0000000000E+00    0.0000000000E+00    0.0000000000E+00
    0.9010000000E+00    0.4756844785E-23    0.3284605973E-24    0.2086604403E-07    0.0000000000E+00    0.0000000000E+00    0.0000000000E+00    0.0000000000E+00
    0.9010000000E+00    0.5097051019E-23    0.3519518710E-24    0.2135207663E-07    0.0000000000E+00    0.0000000000E+00    0.0000000000E+00    0.0000000000E+00
    0.9010000000E+00    0.5461588566E-23    0.3771232243E-24    0.2184943039E-07    0.0000000000E+00    0.0000000000E+00    0.0000000000E+00    0.0000000000E+00
    0.9010000000E+00    0.5852197586E-23    0.4040948153E-24    0.2235836900E-07    0.0000000000E+00    0.0000000000E+00    0.0000000000E+00    0.0000000000E+00
    0.9010000000E+00    0.6270742692E-23    0.4329953957E-24    0.2287916232E-07    0.0000000000E+00    0.0000000000E+00    0.0000000000E+00    0.0000000000E+00
    0.9010000000E+00    0.6719221852E-23    0.4639629256E-24    0.2341208647E-07    0.0000000000E+00    0.0000000000E+00    0.0000000000E+00    0.0000000000E+00
    0.9010000000E+00    0.7199775931E-23    0.4971452317E-24    0.2395742402E-07    0.0000000000E+00    0.0000000000E+00    0.0000000000E+00    0.0000000000E+00
    0.9010000000E+00    0.7714698903E-23    0.5327007132E-24    0.2451546411E-07    0.0000000000E+00    0.0000000000E+00    0.0000000000E+00    0.0000000000E+00
    0.9010000000E+00    0.8266448809E-23    0.5707990981E-24    0.2508650263E-07    0.0000000000E+00    0.0000000000E+00    0.0000000000E+00    0.0000000000E+00
    0.9010000000E+00    0.8857659485E-23    0.6116222531E-24    0.2567084234E-07    0.0000000000E+00    0.0000000000E+00    0.0000000000E+00    0.0000000000E+00
    0.9010000000E+00    0.9491153137E-23    0.6553650517E-24    0.2626879307E-07    0.0000000000E+00    0.0000000000E+00    0.0000000000E+00    0.0000000000E+00
    0.9010000000E+00    0.1016995382E-22    0.7022363048E-24    0.2688067187E-07    0.0000000000E+00    0.0000000000E+00    0.0000000000E+00    0.0000000000E+00
    0.9010000000E+00    0.1089730185E-22    0.7524597575E-24    0.2750680315E-07    0.0000000000E+00    0.0000000000E+00    0.0000000000E+00    0.0000000000E+00
    0.9010000000E+00    0.1167666930E-22    0.8062751566E-24    0.2814751890E-07    0.0000000000E+00    0.0000000000E+00    0.0000000000E+00    0.0000000000E+00
    0.9010000000E+00    0.1251177658E-22    0.8639393956E-24    0.2880315884E-07    0.0000000000E+00    0.0000000000E+00    0.0000000000E+00    0.0000000000E+00
    0.9010000000E+00    0.1340661015E-22    0.9257277409E-24    0.2947407060E-07    0.0000000000E+00    0.0000000000E+00    0.0000000000E+00    0.0000000000E+00
    0.9010000000E+00    0.1436544159E-22    0.9919351458E-24    0.3016060990E-07    0.0000000000E+00    0.0000000000E+00    0.0000000000E+00    0.0000000000E+00
    0.9010000000E+00    0.1539284799E-22    0.1062877658E-23    0.3086314075E-07    0.0000000000E+00    0.0000000000E+00    0.0000000000E+00    0.0000000000E+00
    0.9010000000E+00    0.1649373379E-22    0.1138893930E-23    0.3158203565E-07    0.0000000000E+00    0.0000000000E+00    0.0000000000E+00    0.0000000000E+00
    0.9010000000E+00    0.1767335417E-22    0.1220346833E-23    0.3231767576E-07    0.0000000000E+00    0.0000000000E+00    0.0000000000E+00    0.0000000000E+00
    0.9010000000E+00    0.1893734018E-22    0.1307625190E-23    0.3307045113E-07    0.0000000000E+00    0.0000000000E+00    0.0000000000E+00    0.0000000000E+00
    0.9010000000E+00    0.2029172559E-22    0.1401145635E-23    0.3384076090E-07    0.0000000000E+00    0.0000000000E+00    0.0000000000E+00    0.0000000000E+00
    0.9010000000E+00    0.2174297571E-22    0.1501354598E-23    0.3462901348E-07    0.0000000000E+00    0.0000000000E+00    0.0000000000E+00    0.0000000000E+00
    0.9010000000E+00    0.2329801823E-22    0.1608730435E-23    0.3543562682E-07    0.0000000000E+00    0.0000000000E+00    0.0000000000E+00    0.0000000000E+00
    0.9010000000E+00    0.2496427630E-22    0.1723785718E-23    0.3626102861E-07    0.0000000000E+00    0.0000000000E+00    0.0000000000E+00    0.0000000000E+00
    0.9010000000E+00    0.2674970400E-22    0.1847069675E-23    0.3710565646E-07    0.0000000000E+00    0.0000000000E+00    0.0000000000E+00    0.0000000000E+00
    0.9010000000E+00    0.2866282424E-22    0.1979170815E-23    0.3796995823E-07    0.0000000000E+00    0.0000000000E+00    0.0000000000E+00    0.0000000000E+00
    0.9010000000E+00    0.3071276952E-22    0.2120719737E-23    0.3885439218E-07    0.0000000000E+00    0.0000000000E+00    0.0000000000E+00    0.0000000000E+00
    0.9010000000E+00    0.3290932546E-22    0.2272392139E-23    0.3975942724E-07   -0.6938290597E-15   -0.4538197679E-52   -0.2283344634E-37   -0.1195840981E-53
    0.9010000000E+00    0.3526297755E-22    0.2434912046E-23    0.4068554327E-07   -0.3544711794E-14   -0.2484344703E-51   -0.1249970924E-36   -0.7014583306E-53
    0.9010000000E+00    0.3778496121E-22    0.2609055264E-23    0.4163323131E-07    0.2981706751E-14    0.2239215298E-51    0.1126636739E-36    0.6774634597E-53
    0.9010000000E+00    0.4048731538E-22    0.2795653084E-23    0.4260299385E-07    0.3816922525E-12    0.3071455792E-49    0.1545369461E-34    0.9957132629E-51
    0.9010000000E+00    0.4338294005E-22    0.2995596250E-23    0.4359534505E-07   -0.9395586277E-12   -0.8101301752E-49   -0.4076081562E-34   -0.2814134380E-50
    0.9010000000E+00    0.4648565778E-22    0.3209839213E-23    0.4461081109E-07   -0.1417449759E-09   -0.1309599794E-46   -0.6589108440E-32   -0.4874483688E-48
    0.9010000000E+00    0.4981027973E-22    0.3439404683E-23    0.4564993037E-07   -0.1728637045E-10   -0.1711333846E-47   -0.8610389478E-33   -0.6825347427E-49
    0.9010000000E+00    0.5337267633E-22    0.3685388516E-23    0.4671325384E-07    0.3146302381E-07    0.3337577683E-44    0.1679265786E-29    0.1426334562E-45
    0.9010000000E+00    0.5718985306E-22    0.3948964943E-23    0.4780134531E-07    0.3245209803E-07    0.3688703120E-44    0.1855930718E-29    0.1689132532E-45
    0.9010000000E+00    0.6128003161E-22    0.4231392172E-23    0.4891478167E-07   -0.4297591548E-05   -0.5234269273E-42   -0.2633565459E-27   -0.2568301965E-43
    0.9010000000E+00    0.6566273690E-22    0.4534018400E-23    0.5005415331E-07   -0.5863849535E-03   -0.7652683318E-40   -0.3850364093E-25   -0.4023497770E-41
    0.9010000000E+00    0.7035889022E-22    0.4858288246E-23    0.5122006431E-07   -0.1560387013E-01   -0.2182042730E-38   -0.1097870986E-23   -0.1229286958E-39
    0.9010000000E+00    0.7539090917E-22    0.5205749646E-23    0.5241313287E-07    0.5510675740E-02    0.8257256601E-39    0.4154548542E-24    0.4984548247E-40
    0.9010000000E+00    0.8078281461E-22    0.5578061244E-23    0.5363399157E-07    0.2993836912E+01    0.4806833315E-36    0.2418505722E-21    0.3109203055E-37
    0.9010000000E+00    0.8656034539E-22    0.5977000309E-23    0.5488328773E-07    0.1444251010E+03    0.2484697963E-34    0.1250148663E-19    0.1722120859E-35
    0.9010000000E+00    0.9275108115E-22    0.6404471218E-23    0.5616168372E-07    0.1529690395E+03    0.2819904910E-34    0.1418804380E-19    0.2094230532E-35
    0.9010000000E+00    0.9938457404E-22    0.6862514550E-23    0.5746985739E-07   -0.6722418596E+04   -0.1327872803E-32   -0.6681047086E-18   -0.1056687327E-33
    0.9010000000E+00    0.1064924897E-21    0.7353316823E-23    0.5880850233E-07   -0.3905053188E+06   -0.8265285838E-31   -0.4158588365E-16   -0.7047707974E-32
    0.9010000000E+00    0.1141087586E-21    0.7879220933E-23    0.6017832832E-07   -0.1884104642E+08   -0.4273030016E-29   -0.2149928418E-14   -0.3904145250E-30
    0.9010000000E+00    0.1222697377E-21    0.8442737340E-23    0.6158006166E-07   -0.8180380812E+09   -0.1987945369E-27   -0.1000213017E-12   -0.1946231370E-28
    0.9010000000E+00    0.1310143844E-21    0.9046556049E-23    0.6301444556E-07   -0.1485474336E+11   -0.3868085605E-26   -0.1946185057E-11   -0.4057757602E-27
    0.9010000000E+00    0.1403844422E-21    0.9693559452E-23    0.6448224056E-07   -0.1212870504E+11   -0.3384116912E-26   -0.1702681491E-11   -0.3803955095E-27
    0.9010000000E+00    0.1504246400E-21    0.1038683609E-22    0.6598422489E-07    0.4094204733E+12    0.1224053725E-24    0.6158692728E-10    0.1474315743E-25
    0.9010000000E+00    0.1611829057E-21    0.1112969539E-22    0.6752119493E-07    0.1297473636E+14    0.4156516087E-23    0.2091305706E-08    0.5364379435E-24
    0.9010000000E+00    0.1727105951E-21    0.1192568347E-22    0.6909396560E-07    0.3344294378E+15    0.1147982910E-21    0.5775950723E-07    0.1587542812E-22
    0.9010000000E+00    0.1850627369E-21    0.1277860007E-22    0.7070337081E-07    0.7798495992E+16    0.2868413628E-20    0.1443211012E-05    0.4250419549E-21
    0.9010000000E+00    0.1982982953E-21    0.1369251667E-22    0.7235026388E-07    0.4327183714E+17    0.1705439265E-19    0.8580731538E-05    0.2707860461E-20
    0.9010000000E+00    0.2124804516E-21    0.1467179595E-22    0.7403551802E-07    0.9650578661E+16    0.4075531732E-20    0.2050559312E-05    0.6933847760E-21
    0.9010000000E+00    0.2276769058E-21    0.1572111260E-22    0.7576002677E-07   -0.1004001806E+19   -0.4543237264E-18   -0.2285880246E-03   -0.8282385506E-19
    0.9010000000E+00    0.2439602000E-21    0.1684547565E-22    0.7752470448E-07   -0.1800329490E+20   -0.8729370356E-17   -0.4392087425E-02   -0.1705190650E-17
    0.9010000000E+00    0.2614080640E-21    0.1805025236E-22    0.7933048683E-07   -0.2663016858E+21   -0.1383581797E-15   -0.6961340811E-01   -0.2895975362E-16
    0.9010000000E+00    0.2801037871E-21    0.1934119387E-22    0.8117833125E-07   -0.3579917054E+22   -0.1992984349E-14   -0.1002748324E+01   -0.4469859902E-15
    0.9010000000E+00    0.3001366153E-21    0.2072446262E-22    0.8306921749E-07   -0.4432440369E+23   -0.2644075339E-13   -0.1330337650E+02   -0.6354243431E-14
    0.9010000000E+00    0.3216021775E-21    0.2220666179E-22    0.8500414813E-07   -0.4869469427E+24   -0.3112522986E-12   -0.1566031971E+03   -0.8014982723E-13
    0.9010000000E+00    0.3446029418E-21    0.2379486681E-22    0.8698414910E-07   -0.1174622495E+25   -0.8045059074E-12   -0.4047783672E+03   -0.2219827670E-12
    0.9010000000E+00    0.3692487048E-21    0.2549665916E-22    0.8901027021E-07   -0.4594295276E+24   -0.3371707002E-12   -0.1696437580E+03   -0.9968730404E-13
    0.9010000000E+00    0.3956571157E-21    0.2732016250E-22    0.9108358575E-07    0.1051305970E+26    0.8267230656E-11    0.4159566879E+04    0.2619087922E-11
    0.9010000000E+00    0.4239542377E-21    0.2927408154E-22    0.9320519501E-07    0.1114387054E+27    0.9390030048E-10    0.4724491139E+05    0.3187549995E-10
    0.9010000000E+00    0.4542751502E-21    0.3136774352E-22    0.9537622289E-07    0.9063867947E+27    0.8183601881E-09    0.4117489973E+06    0.2976696225E-09
    0.9010000000E+00    0.4867645933E-21    0.3361114274E-22    0.9759782052E-07    0.6615791811E+28    0.6400483083E-08    0.3220333210E+07    0.2494610679E-08
    0.9010000000E+00    0.5215776589E-21    0.3601498832E-22    0.9987116580E-07    0.4456031622E+29    0.4619332118E-07    0.2324166541E+08    0.1929164276E-07
    0.9010000000E+00    0.5588805307E-21    0.3859075526E-22    0.1021974641E-06    0.2789587819E+30    0.3098638851E-06    0.1559046320E+09    0.1386631255E-06
    0.9010000000E+00    0.5988512779E-21    0.4135073927E-22    0.1045779488E-06    0.1627501216E+31    0.1937100912E-05    0.9746311831E+09    0.9288429066E-06
    0.9010000000E+00    0.6416807053E-21    0.4430811541E-22    0.1070138822E-06    0.8861449324E+31    0.1130148940E-04    0.5686221052E+10    0.5806650747E-05
    0.9010000000E+00    0.6875732635E-21    0.4747700104E-22    0.1095065557E-06    0.4506462512E+32    0.6158382881E-04    0.3098523136E+11    0.3390445048E-04
    0.9010000000E+00    0.7367480256E-21    0.5087252317E-22    0.1120572911E-06    0.2140991131E+33    0.3135059533E-03    0.1577370989E+12    0.1849421131E-03
    0.9010000000E+00    0.7894397325E-21    0.5451089068E-22    0.1146674407E-06    0.9498738010E+33    0.1490379380E-02    0.7498681194E+12    0.9420779878E-03
    0.9010000000E+00    0.8458999137E-21    0.5840947171E-22    0.1173383885E-06    0.3931077366E+34    0.6609102921E-02    0.3325298005E+13    0.4476437633E-02
    0.9010000000E+00    0.9063980879E-21    0.6258687655E-22    0.1200715507E-06    0.1462918391E+35    0.2635427197E-01    0.1325986432E+14    0.1912674406E-01
    0.9010000000E+00    0.9712230494E-21    0.6706304648E-22    0.1228683764E-06    0.3448142914E+35    0.6656043958E-01    0.3348915876E+14    0.5176142269E-01
    0.9010000000E+00    0.1040684247E-20    0.7185934897E-22    0.1257303485E-06    0.5419635510E+35    0.1120988103E+00    0.5640129300E+14    0.9340949555E-01
    0.9010000000E+00    0.1115113261E-20    0.7699867968E-22    0.1286589846E-06    0.6428969159E+35    0.1424860235E+00    0.7169028766E+14    0.1272220207E+00
    0.9010000000E+00    0.1194865387E-20    0.8250557175E-22    0.1316558373E-06    0.6458757477E+35    0.1533839442E+00    0.7717345754E+14    0.1467472341E+00
    0.9010000000E+00    0.1280321329E-20    0.8840631292E-22    0.1347224957E-06    0.6201263448E+35    0.1578014922E+00    0.7939609862E+14    0.1617711709E+00
    0.9010000000E+00    0.1371889021E-20    0.9472907100E-22    0.1378605858E-06    0.5083309670E+35    0.1386045513E+00    0.6973736729E+14    0.1522535804E+00
    0.9010000000E+00    0.1470005571E-20    0.1015040283E-21    0.1410717713E-06    0.3334261421E+35    0.9741606243E-01    0.4901382865E+14    0.1146622856E+00
    0.9010000000E+00    0.1575139348E-20    0.1087635259E-21    0.1443577550E-06    0.1799521160E+35    0.5633624307E-01    0.2834496587E+14    0.7105226138E-01
    0.9010000000E+00    0.1687792220E-20    0.1165422177E-21    0.1477202791E-06    0.8013785531E+34    0.2688243716E-01    0.1352560487E+14    0.3632943657E-01
    0.9010000000E+00    0.1808501947E-20    0.1248772362E-21    0.1511611264E-06    0.2907023246E+34    0.1044911307E-01    0.5257357201E+13    0.1513106343E-01
    0.9010000000E+00    0.1937844750E-20    0.1338083694E-21    0.1546821213E-06    0.7706489071E+33    0.2968161248E-02    0.1493397939E+13    0.4605507712E-02
    0.9010000000E+00    0.2076438060E-20    0.1433782510E-21    0.1582851308E-06    0.4061692535E+32    0.1676246827E-03    0.8433852968E+11    0.2786942393E-03
    0.9010000000E+00    0.2224943467E-20    0.1536325639E-21    0.1619720651E-06    0.4558830219E+30    0.2015971287E-05    0.1014313952E+10    0.3591487552E-05
    0.9010000000E+00    0.2384069878E-20    0.1646202581E-21    0.1657448792E-06    0.1095820883E+30    0.5192428160E-06    0.2612513560E+09    0.9911982343E-06
    0.9010000000E+00    0.2554576900E-20    0.1763937846E-21    0.1696055734E-06    0.1879808787E+29    0.9544311371E-07    0.4802116103E+08    0.1952246363E-06
    0.9010000000E+00    0.2737278465E-20    0.1890093455E-21    0.1735561947E-06    0.2815214901E+28    0.1531589839E-07    0.7706027121E+07    0.3356854361E-07
    0.9010000000E+00    0.2933046719E-20    0.2025271626E-21    0.1775988378E-06    0.6898306391E+27    0.4021364167E-08    0.2023305493E+07    0.9444161973E-08
    0.9010000000E+00    0.3142816182E-20    0.2170117645E-21    0.1817356462E-06    0.1518425083E+27    0.9484715164E-09    0.4772130922E+06    0.2386790586E-08
    0.9010000000E+00    0.3367588212E-20    0.2325322952E-21    0.1859688132E-06    0.3637725039E+26    0.2434785985E-09    0.1225035996E+06    0.6565243168E-09
    0.9010000000E+00    0.3608435782E-20    0.2491628434E-21    0.1903005833E-06    0.5255348738E+25    0.3769054909E-10    0.1896358843E+05    0.1088986479E-09
    0.9010000000E+00    0.3866508602E-20    0.2669827968E-21    0.1947332533E-06    0.1745629100E+25    0.1341475969E-10    0.6749489932E+04    0.4153105087E-10
