    0.9580000000E+00    0.4143038610E-23    0.2860772210E-24    0.1992691735E-07    0.0000000000E+00    0.0000000000E+00    0.0000000000E+00    0.0000000000E+00
    0.9580000000E+00    0.4439345853E-23    0.3065372650E-24    0.2039107488E-07    0.0000000000E+00    0.0000000000E+00    0.0000000000E+00    0.0000000000E+00
    0.9580000000E+00    0.4756844785E-23    0.3284605973E-24    0.2086604403E-07    0.0000000000E+00    0.0000000000E+00    0.0000000000E+00    0.0000000000E+00
    0.9580000000E+00    0.5097051019E-23    0.3519518710E-24    0.2135207663E-07    0.0000000000E+00    0.0000000000E+00    0.0000000000E+00    0.0000000000E+00
    0.9580000000E+00    0.5461588566E-23    0.3771232243E-24    0.2184943039E-07    0.0000000000E+00    0.0000000000E+00    0.0000000000E+00    0.0000000000E+00
    0.9580000000E+00    0.5852197586E-23    0.4040948153E-24    0.2235836900E-07    0.0000000000E+00    0.0000000000E+00    0.0000000000E+00    0.0000000000E+00
    0.9580000000E+00    0.6270742692E-23    0.4329953957E-24    0.2287916232E-07    0.0000000000E+00    0.0000000000E+00    0.0000000000E+00    0.0000000000E+00
    0.9580000000E+00    0.6719221852E-23    0.4639629256E-24    0.2341208647E-07    0.0000000000E+00    0.0000000000E+00    0.0000000000E+00    0.0000000000E+00
    0.9580000000E+00    0.7199775931E-23    0.4971452317E-24    0.2395742402E-07    0.0000000000E+00    0.0000000000E+00    0.0000000000E+00    0.0000000000E+00
    0.9580000000E+00    0.7714698903E-23    0.5327007132E-24    0.2451546411E-07    0.0000000000E+00    0.0000000000E+00    0.0000000000E+00    0.0000000000E+00
    0.9580000000E+00    0.8266448809E-23    0.5707990981E-24    0.2508650263E-07    0.0000000000E+00    0.0000000000E+00    0.0000000000E+00    0.0000000000E+00
    0.9580000000E+00    0.8857659485E-23    0.6116222531E-24    0.2567084234E-07    0.0000000000E+00    0.0000000000E+00    0.0000000000E+00    0.0000000000E+00
    0.9580000000E+00    0.9491153137E-23    0.6553650517E-24    0.2626879307E-07    0.0000000000E+00    0.0000000000E+00    0.0000000000E+00    0.0000000000E+00
    0.9580000000E+00    0.1016995382E-22    0.7022363048E-24    0.2688067187E-07    0.0000000000E+00    0.0000000000E+00    0.0000000000E+00    0.0000000000E+00
    0.9580000000E+00    0.1089730185E-22    0.7524597575E-24    0.2750680315E-07    0.0000000000E+00    0.0000000000E+00    0.0000000000E+00    0.0000000000E+00
    0.9580000000E+00    0.1167666930E-22    0.8062751566E-24    0.2814751890E-07    0.0000000000E+00    0.0000000000E+00    0.0000000000E+00    0.0000000000E+00
    0.9580000000E+00    0.1251177658E-22    0.8639393956E-24    0.2880315884E-07    0.0000000000E+00    0.0000000000E+00    0.0000000000E+00    0.0000000000E+00
    0.9580000000E+00    0.1340661015E-22    0.9257277409E-24    0.2947407060E-07    0.0000000000E+00    0.0000000000E+00    0.0000000000E+00    0.0000000000E+00
    0.9580000000E+00    0.1436544159E-22    0.9919351458E-24    0.3016060990E-07    0.0000000000E+00    0.0000000000E+00    0.0000000000E+00    0.0000000000E+00
    0.9580000000E+00    0.1539284799E-22    0.1062877658E-23    0.3086314075E-07    0.0000000000E+00    0.0000000000E+00    0.0000000000E+00    0.0000000000E+00
    0.9580000000E+00    0.1649373379E-22    0.1138893930E-23    0.3158203565E-07    0.0000000000E+00    0.0000000000E+00    0.0000000000E+00    0.0000000000E+00
    0.9580000000E+00    0.1767335417E-22    0.1220346833E-23    0.3231767576E-07    0.0000000000E+00    0.0000000000E+00    0.0000000000E+00    0.0000000000E+00
    0.9580000000E+00    0.1893734018E-22    0.1307625190E-23    0.3307045113E-07    0.0000000000E+00    0.0000000000E+00    0.0000000000E+00    0.0000000000E+00
    0.9580000000E+00    0.2029172559E-22    0.1401145635E-23    0.3384076090E-07    0.0000000000E+00    0.0000000000E+00    0.0000000000E+00    0.0000000000E+00
    0.9580000000E+00    0.2174297571E-22    0.1501354598E-23    0.3462901348E-07    0.0000000000E+00    0.0000000000E+00    0.0000000000E+00    0.0000000000E+00
    0.9580000000E+00    0.2329801823E-22    0.1608730435E-23    0.3543562682E-07    0.0000000000E+00    0.0000000000E+00    0.0000000000E+00    0.0000000000E+00
    0.9580000000E+00    0.2496427630E-22    0.1723785718E-23    0.3626102861E-07    0.0000000000E+00    0.0000000000E+00    0.0000000000E+00    0.0000000000E+00
    0.9580000000E+00    0.2674970400E-22    0.1847069675E-23    0.3710565646E-07    0.0000000000E+00    0.0000000000E+00    0.0000000000E+00    0.0000000000E+00
    0.9580000000E+00    0.2866282424E-22    0.1979170815E-23    0.3796995823E-07    0.0000000000E+00    0.0000000000E+00    0.0000000000E+00    0.0000000000E+00
    0.9580000000E+00    0.3071276952E-22    0.2120719737E-23    0.3885439218E-07    0.0000000000E+00    0.0000000000E+00    0.0000000000E+00    0.0000000000E+00
    0.9580000000E+00    0.3290932546E-22    0.2272392139E-23    0.3975942724E-07    0.0000000000E+00    0.0000000000E+00    0.0000000000E+00    0.0000000000E+00
    0.9580000000E+00    0.3526297755E-22    0.2434912046E-23    0.4068554327E-07    0.0000000000E+00    0.0000000000E+00    0.0000000000E+00    0.0000000000E+00
    0.9580000000E+00    0.3778496121E-22    0.2609055264E-23    0.4163323131E-07   -0.2362736544E-15   -0.1774378320E-52   -0.8927590866E-38   -0.5061524577E-54
    0.9580000000E+00    0.4048731538E-22    0.2795653084E-23    0.4260299385E-07    0.7246528466E-14    0.5831240136E-51    0.2933924834E-36    0.1782362573E-52
    0.9580000000E+00    0.4338294005E-22    0.2995596250E-23    0.4359534505E-07    0.4935908796E-13    0.4255965024E-50    0.2141342354E-35    0.1393905006E-51
    0.9580000000E+00    0.4648565778E-22    0.3209839213E-23    0.4461081109E-07   -0.1525833197E-11   -0.1409736627E-48   -0.7092935984E-34   -0.4947355416E-50
    0.9580000000E+00    0.4981027973E-22    0.3439404683E-23    0.4564993037E-07   -0.2530528407E-10   -0.2505198487E-47   -0.1260463278E-32   -0.9420571895E-49
    0.9580000000E+00    0.5337267633E-22    0.3685388516E-23    0.4671325384E-07    0.1912970640E-09    0.2029267166E-46    0.1021003628E-31    0.8176630190E-48
    0.9580000000E+00    0.5718985306E-22    0.3948964943E-23    0.4780134531E-07    0.6758984635E-08    0.7682673611E-45    0.3865453381E-30    0.3317015574E-46
    0.9580000000E+00    0.6128003161E-22    0.4231392172E-23    0.4891478167E-07   -0.1294209274E-07   -0.1576287499E-44   -0.7930918522E-30   -0.7292401285E-46
    0.9580000000E+00    0.6566273690E-22    0.4534018400E-23    0.5005415331E-07   -0.3863486013E-05   -0.5042086224E-42   -0.2536870656E-27   -0.2499455424E-43
    0.9580000000E+00    0.7035889022E-22    0.4858288246E-23    0.5122006431E-07   -0.5183205501E-03   -0.7248186371E-40   -0.3646845868E-25   -0.3850033242E-41
    0.9580000000E+00    0.7539090917E-22    0.5205749646E-23    0.5241313287E-07   -0.3781384615E-02   -0.5666067928E-39   -0.2850820240E-24   -0.3224904842E-40
    0.9580000000E+00    0.8078281461E-22    0.5578061244E-23    0.5363399157E-07    0.2221119310E-01    0.3566176319E-38    0.1794282695E-23    0.2174893220E-39
    0.9580000000E+00    0.8656034539E-22    0.5977000309E-23    0.5488328773E-07    0.2585368237E+01    0.4447882775E-36    0.2237903675E-21    0.2906621357E-37
    0.9580000000E+00    0.9275108115E-22    0.6404471218E-23    0.5616168372E-07    0.4667227625E+02    0.8603792072E-35    0.4328904082E-20    0.6024555836E-36
    0.9580000000E+00    0.9938457404E-22    0.6862514550E-23    0.5746985739E-07   -0.1412089039E+02   -0.2789285735E-35   -0.1403398676E-20   -0.2092801960E-36
    0.9580000000E+00    0.1064924897E-21    0.7353316823E-23    0.5880850233E-07   -0.5869876928E+04   -0.1242395643E-32   -0.6250978085E-18   -0.9988379786E-34
    0.9580000000E+00    0.1141087586E-21    0.7879220933E-23    0.6017832832E-07   -0.3254523799E+06   -0.7381053880E-31   -0.3713696705E-16   -0.6358482833E-32
    0.9580000000E+00    0.1222697377E-21    0.8442737340E-23    0.6158006166E-07   -0.1579052318E+08   -0.3837314931E-29   -0.1930703128E-14   -0.3542114298E-30
    0.9580000000E+00    0.1310143844E-21    0.9046556049E-23    0.6301444556E-07   -0.6911849088E+09   -0.1799803828E-27   -0.9055516536E-13   -0.1780165167E-28
    0.9580000000E+00    0.1403844422E-21    0.9693559452E-23    0.6448224056E-07   -0.6183233743E+10   -0.1725228358E-26   -0.8680298199E-12   -0.1828444219E-27
    0.9580000000E+00    0.1504246400E-21    0.1038683609E-22    0.6598422489E-07    0.1195060636E+10    0.3572900035E-27    0.1797665659E-12    0.4057476311E-28
    0.9580000000E+00    0.1611829057E-21    0.1112969539E-22    0.6752119493E-07    0.3650721425E+12    0.1169525293E-24    0.5884338871E-10    0.1423130564E-25
    0.9580000000E+00    0.1727105951E-21    0.1192568347E-22    0.6909396560E-07    0.1095038322E+14    0.3758895411E-23    0.1891247202E-08    0.4901120377E-24
    0.9580000000E+00    0.1850627369E-21    0.1277860007E-22    0.7070337081E-07    0.2834590928E+15    0.1042608633E-21    0.5245771552E-07    0.1456654129E-22
    0.9580000000E+00    0.1982982953E-21    0.1369251667E-22    0.7235026388E-07    0.6650803993E+16    0.2621229656E-20    0.1318843094E-05    0.3924101212E-21
    0.9580000000E+00    0.2124804516E-21    0.1467179595E-22    0.7403551802E-07    0.2074625971E+17    0.8761344031E-20    0.4408174631E-05    0.1405419133E-20
    0.9580000000E+00    0.2276769058E-21    0.1572111260E-22    0.7576002677E-07   -0.1678296914E+17   -0.7594509330E-20   -0.3821094485E-05   -0.1305373667E-20
    0.9580000000E+00    0.2439602000E-21    0.1684547565E-22    0.7752470448E-07   -0.9087814154E+18   -0.4406465366E-18   -0.2217064958E-03   -0.8115690727E-19
    0.9580000000E+00    0.2614080640E-21    0.1805025236E-22    0.7933048683E-07   -0.1568936964E+20   -0.8151479092E-17   -0.4101327742E-02   -0.1608686979E-17
    0.9580000000E+00    0.2801037871E-21    0.1934119387E-22    0.8117833125E-07   -0.2331979592E+21   -0.1298242043E-15   -0.6531963153E-01   -0.2745306238E-16
    0.9580000000E+00    0.3001366153E-21    0.2072446262E-22    0.8306921749E-07   -0.3167163318E+22   -0.1889301993E-14   -0.9505816785E+00   -0.4280914068E-15
    0.9580000000E+00    0.3216021775E-21    0.2220666179E-22    0.8500414813E-07   -0.3966416656E+23   -0.2535299420E-13   -0.1275608234E+02   -0.6155514868E-14
    0.9580000000E+00    0.3446029418E-21    0.2379486681E-22    0.8698414910E-07   -0.4014689551E+24   -0.2749684664E-12   -0.1383473830E+03   -0.7153490736E-13
    0.9580000000E+00    0.3692487048E-21    0.2549665916E-22    0.8901027021E-07   -0.7568685323E+24   -0.5554581882E-12   -0.2794727253E+03   -0.1548411902E-12
    0.9580000000E+00    0.3956571157E-21    0.2732016250E-22    0.9108358575E-07    0.2096876659E+23    0.1648936036E-13    0.8296441707E+01    0.4925370862E-14
    0.9580000000E+00    0.4239542377E-21    0.2927408154E-22    0.9320519501E-07    0.1054998345E+26    0.8889609879E-11    0.4472710192E+04    0.2845232953E-11
    0.9580000000E+00    0.4542751502E-21    0.3136774352E-22    0.9537622289E-07    0.1062306374E+27    0.9591371468E-10    0.4825793877E+05    0.3289393568E-10
    0.9580000000E+00    0.4867645933E-21    0.3361114274E-22    0.9759782052E-07    0.8638034827E+27    0.8356912878E-09    0.4204689510E+06    0.3071008384E-09
    0.9580000000E+00    0.5215776589E-21    0.3601498832E-22    0.9987116580E-07    0.6355022939E+28    0.6587915899E-08    0.3314637986E+07    0.2594078857E-08
    0.9580000000E+00    0.5588805307E-21    0.3859075526E-22    0.1021974641E-06    0.4322341018E+29    0.4801201711E-07    0.2415672242E+08    0.2025746418E-07
    0.9580000000E+00    0.5988512779E-21    0.4135073927E-22    0.1045779488E-06    0.2733586599E+30    0.3253597013E-06    0.1637011828E+09    0.1470953311E-06
    0.9580000000E+00    0.6416807053E-21    0.4430811541E-22    0.1070138822E-06    0.1611108535E+31    0.2054734543E-05    0.1033817261E+10    0.9953844451E-06
    0.9580000000E+00    0.6875732635E-21    0.4747700104E-22    0.1095065557E-06    0.8859040889E+31    0.1210647278E-04    0.6091239655E+10    0.6284239926E-05
    0.9580000000E+00    0.7367480256E-21    0.5087252317E-22    0.1120572911E-06    0.4547219157E+32    0.6658506220E-04    0.3350154736E+11    0.3703496490E-04
    0.9580000000E+00    0.7894397325E-21    0.5451089068E-22    0.1146674407E-06    0.2178614487E+33    0.3418308941E-03    0.1719884838E+12    0.2037259908E-03
    0.9580000000E+00    0.8458999137E-21    0.5840947171E-22    0.1173383885E-06    0.9736433163E+33    0.1636932649E-02    0.8236047973E+12    0.1045360145E-02
    0.9580000000E+00    0.9063980879E-21    0.6258687655E-22    0.1200715507E-06    0.4053552292E+34    0.7302418251E-02    0.3674132047E+13    0.4996913498E-02
    0.9580000000E+00    0.9712230494E-21    0.6706304648E-22    0.1228683764E-06    0.1501920340E+35    0.2899197641E-01    0.1458699652E+14    0.2125753732E-01
    0.9580000000E+00    0.1040684247E-20    0.7185934897E-22    0.1257303485E-06    0.3462313688E+35    0.7161390184E-01    0.3603175314E+14    0.5626424094E-01
    0.9580000000E+00    0.1115113261E-20    0.7699867968E-22    0.1286589846E-06    0.5326023966E+35    0.1180413153E+00    0.5939119955E+14    0.9937317544E-01
    0.9580000000E+00    0.1194865387E-20    0.8250557175E-22    0.1316558373E-06    0.6172446241E+35    0.1465845641E+00    0.7375242367E+14    0.1322279813E+00
    0.9580000000E+00    0.1280321329E-20    0.8840631292E-22    0.1347224957E-06    0.6166137667E+35    0.1569076581E+00    0.7894637576E+14    0.1516628693E+00
    0.9580000000E+00    0.1371889021E-20    0.9472907100E-22    0.1378605858E-06    0.5845038562E+35    0.1593743053E+00    0.8018744234E+14    0.1650644055E+00
    0.9580000000E+00    0.1470005571E-20    0.1015040283E-21    0.1410717713E-06    0.4626047041E+35    0.1351577547E+00    0.6800314923E+14    0.1499947630E+00
    0.9580000000E+00    0.1575139348E-20    0.1087635259E-21    0.1443577550E-06    0.2921580118E+35    0.9146369122E-01    0.4601895803E+14    0.1087636696E+00
    0.9580000000E+00    0.1687792220E-20    0.1165422177E-21    0.1477202791E-06    0.1505346237E+35    0.5049720317E-01    0.2540711667E+14    0.6434316987E-01
    0.9580000000E+00    0.1808501947E-20    0.1248772362E-21    0.1511611264E-06    0.6301229605E+34    0.2264937533E-01    0.1139578601E+14    0.3092369322E-01
    0.9580000000E+00    0.1937844750E-20    0.1338083694E-21    0.1546821213E-06    0.2067141171E+34    0.7961612949E-02    0.4005798665E+13    0.1164759304E-01
    0.9580000000E+00    0.2076438060E-20    0.1433782510E-21    0.1582851308E-06    0.3367831474E+33    0.1389892704E-02    0.6993093453E+12    0.2178795165E-02
    0.9580000000E+00    0.2224943467E-20    0.1536325639E-21    0.1619720651E-06    0.7580861695E+30    0.3352351102E-05    0.1686698870E+10    0.5630988299E-05
    0.9580000000E+00    0.2384069878E-20    0.1646202581E-21    0.1657448792E-06    0.1844808457E+30    0.8741424374E-06    0.4398152273E+09    0.1573320974E-05
    0.9580000000E+00    0.2554576900E-20    0.1763937846E-21    0.1696055734E-06    0.3552812670E+29    0.1803861680E-06    0.9075933175E+08    0.3478871283E-06
    0.9580000000E+00    0.2737278465E-20    0.1890093455E-21    0.1735561947E-06    0.4496630341E+28    0.2446347288E-07    0.1230852940E+08    0.5055373388E-07
    0.9580000000E+00    0.2933046719E-20    0.2025271626E-21    0.1775988378E-06    0.1101625166E+28    0.6421918246E-08    0.3231118079E+07    0.1422000994E-07
    0.9580000000E+00    0.3142816182E-20    0.2170117645E-21    0.1817356462E-06    0.2418110949E+27    0.1510452761E-08    0.7599678221E+06    0.3583787703E-08
    0.9580000000E+00    0.3367588212E-20    0.2325322952E-21    0.1859688132E-06    0.5804856225E+26    0.3885280617E-09    0.1954836540E+06    0.9877738373E-09
    0.9580000000E+00    0.3608435782E-20    0.2491628434E-21    0.1903005833E-06    0.8824341346E+25    0.6328681259E-10    0.3184206906E+05    0.1724044021E-09
    0.9580000000E+00    0.3866508602E-20    0.2669827968E-21    0.1947332533E-06    0.3006975135E+25    0.2310791497E-10    0.1162649522E+05    0.6745216416E-10
