    0.9320000000E+00    0.4143038610E-23    0.2860772210E-24    0.1992691735E-07    0.0000000000E+00    0.0000000000E+00    0.0000000000E+00    0.0000000000E+00
    0.9320000000E+00    0.4439345853E-23    0.3065372650E-24    0.2039107488E-07    0.0000000000E+00    0.0000000000E+00    0.0000000000E+00    0.0000000000E+00
    0.9320000000E+00    0.4756844785E-23    0.3284605973E-24    0.2086604403E-07    0.0000000000E+00    0.0000000000E+00    0.0000000000E+00    0.0000000000E+00
    0.9320000000E+00    0.5097051019E-23    0.3519518710E-24    0.2135207663E-07    0.0000000000E+00    0.0000000000E+00    0.0000000000E+00    0.0000000000E+00
    0.9320000000E+00    0.5461588566E-23    0.3771232243E-24    0.2184943039E-07    0.0000000000E+00    0.0000000000E+00    0.0000000000E+00    0.0000000000E+00
    0.9320000000E+00    0.5852197586E-23    0.4040948153E-24    0.2235836900E-07    0.0000000000E+00    0.0000000000E+00    0.0000000000E+00    0.0000000000E+00
    0.9320000000E+00    0.6270742692E-23    0.4329953957E-24    0.2287916232E-07    0.0000000000E+00    0.0000000000E+00    0.0000000000E+00    0.0000000000E+00
    0.9320000000E+00    0.6719221852E-23    0.4639629256E-24    0.2341208647E-07    0.0000000000E+00    0.0000000000E+00    0.0000000000E+00    0.0000000000E+00
    0.9320000000E+00    0.7199775931E-23    0.4971452317E-24    0.2395742402E-07    0.0000000000E+00    0.0000000000E+00    0.0000000000E+00    0.0000000000E+00
    0.9320000000E+00    0.7714698903E-23    0.5327007132E-24    0.2451546411E-07    0.0000000000E+00    0.0000000000E+00    0.0000000000E+00    0.0000000000E+00
    0.9320000000E+00    0.8266448809E-23    0.5707990981E-24    0.2508650263E-07    0.0000000000E+00    0.0000000000E+00    0.0000000000E+00    0.0000000000E+00
    0.9320000000E+00    0.8857659485E-23    0.6116222531E-24    0.2567084234E-07    0.0000000000E+00    0.0000000000E+00    0.0000000000E+00    0.0000000000E+00
    0.9320000000E+00    0.9491153137E-23    0.6553650517E-24    0.2626879307E-07    0.0000000000E+00    0.0000000000E+00    0.0000000000E+00    0.0000000000E+00
    0.9320000000E+00    0.1016995382E-22    0.7022363048E-24    0.2688067187E-07    0.0000000000E+00    0.0000000000E+00    0.0000000000E+00    0.0000000000E+00
    0.9320000000E+00    0.1089730185E-22    0.7524597575E-24    0.2750680315E-07    0.0000000000E+00    0.0000000000E+00    0.0000000000E+00    0.0000000000E+00
    0.9320000000E+00    0.1167666930E-22    0.8062751566E-24    0.2814751890E-07    0.0000000000E+00    0.0000000000E+00    0.0000000000E+00    0.0000000000E+00
    0.9320000000E+00    0.1251177658E-22    0.8639393956E-24    0.2880315884E-07    0.0000000000E+00    0.0000000000E+00    0.0000000000E+00    0.0000000000E+00
    0.9320000000E+00    0.1340661015E-22    0.9257277409E-24    0.2947407060E-07    0.0000000000E+00    0.0000000000E+00    0.0000000000E+00    0.0000000000E+00
    0.9320000000E+00    0.1436544159E-22    0.9919351458E-24    0.3016060990E-07    0.0000000000E+00    0.0000000000E+00    0.0000000000E+00    0.0000000000E+00
    0.9320000000E+00    0.1539284799E-22    0.1062877658E-23    0.3086314075E-07    0.0000000000E+00    0.0000000000E+00    0.0000000000E+00    0.0000000000E+00
    0.9320000000E+00    0.1649373379E-22    0.1138893930E-23    0.3158203565E-07    0.0000000000E+00    0.0000000000E+00    0.0000000000E+00    0.0000000000E+00
    0.9320000000E+00    0.1767335417E-22    0.1220346833E-23    0.3231767576E-07    0.0000000000E+00    0.0000000000E+00    0.0000000000E+00    0.0000000000E+00
    0.9320000000E+00    0.1893734018E-22    0.1307625190E-23    0.3307045113E-07    0.0000000000E+00    0.0000000000E+00    0.0000000000E+00    0.0000000000E+00
    0.9320000000E+00    0.2029172559E-22    0.1401145635E-23    0.3384076090E-07    0.0000000000E+00    0.0000000000E+00    0.0000000000E+00    0.0000000000E+00
    0.9320000000E+00    0.2174297571E-22    0.1501354598E-23    0.3462901348E-07    0.0000000000E+00    0.0000000000E+00    0.0000000000E+00    0.0000000000E+00
    0.9320000000E+00    0.2329801823E-22    0.1608730435E-23    0.3543562682E-07    0.0000000000E+00    0.0000000000E+00    0.0000000000E+00    0.0000000000E+00
    0.9320000000E+00    0.2496427630E-22    0.1723785718E-23    0.3626102861E-07    0.0000000000E+00    0.0000000000E+00    0.0000000000E+00    0.0000000000E+00
    0.9320000000E+00    0.2674970400E-22    0.1847069675E-23    0.3710565646E-07    0.0000000000E+00    0.0000000000E+00    0.0000000000E+00    0.0000000000E+00
    0.9320000000E+00    0.2866282424E-22    0.1979170815E-23    0.3796995823E-07    0.0000000000E+00    0.0000000000E+00    0.0000000000E+00    0.0000000000E+00
    0.9320000000E+00    0.3071276952E-22    0.2120719737E-23    0.3885439218E-07    0.0000000000E+00    0.0000000000E+00    0.0000000000E+00    0.0000000000E+00
    0.9320000000E+00    0.3290932546E-22    0.2272392139E-23    0.3975942724E-07    0.0000000000E+00    0.0000000000E+00    0.0000000000E+00    0.0000000000E+00
    0.9320000000E+00    0.3526297755E-22    0.2434912046E-23    0.4068554327E-07   -0.4140219379E-15   -0.2901711813E-52   -0.1459964630E-37   -0.7915870983E-54
    0.9320000000E+00    0.3778496121E-22    0.2609055264E-23    0.4163323131E-07   -0.8401584134E-15   -0.6309458740E-52   -0.3174535306E-37   -0.1844321097E-53
    0.9320000000E+00    0.4048731538E-22    0.2795653084E-23    0.4260299385E-07    0.6434963583E-13    0.5178178502E-50    0.2605344000E-35    0.1621890189E-51
    0.9320000000E+00    0.4338294005E-22    0.2995596250E-23    0.4359534505E-07    0.7965072806E-13    0.6867847985E-50    0.3455482760E-35    0.2304969077E-51
    0.9320000000E+00    0.4648565778E-22    0.3209839213E-23    0.4461081109E-07   -0.1719420279E-10   -0.1588594185E-47   -0.7992838269E-33   -0.5712910206E-49
    0.9320000000E+00    0.4981027973E-22    0.3439404683E-23    0.4564993037E-07   -0.5906976311E-10   -0.5847849042E-47   -0.2942281424E-32   -0.2253411895E-48
    0.9320000000E+00    0.5337267633E-22    0.3685388516E-23    0.4671325384E-07    0.2163821070E-08    0.2295367717E-45    0.1154889216E-30    0.9477563408E-47
    0.9320000000E+00    0.5718985306E-22    0.3948964943E-23    0.4780134531E-07    0.1783916807E-07    0.2027708497E-44    0.1020219401E-29    0.8971187851E-46
    0.9320000000E+00    0.6128003161E-22    0.4231392172E-23    0.4891478167E-07   -0.1873169934E-06   -0.2281435012E-43   -0.1147879128E-28   -0.1081564768E-44
    0.9320000000E+00    0.6566273690E-22    0.4534018400E-23    0.5005415331E-07   -0.3157322426E-04   -0.4120499429E-41   -0.2073184318E-26   -0.2093120772E-42
    0.9320000000E+00    0.7035889022E-22    0.4858288246E-23    0.5122006431E-07   -0.3413489516E-02   -0.4773418338E-39   -0.2401693341E-24   -0.2598208066E-40
    0.9320000000E+00    0.7539090917E-22    0.5205749646E-23    0.5241313287E-07   -0.6210170999E-02   -0.9305387923E-39   -0.4681904377E-24   -0.5427238564E-40
    0.9320000000E+00    0.8078281461E-22    0.5578061244E-23    0.5363399157E-07    0.1875847166E+00    0.3011815580E-37    0.1515362139E-22    0.1882230493E-38
    0.9320000000E+00    0.8656034539E-22    0.5977000309E-23    0.5488328773E-07    0.1717240512E+02    0.2954350713E-35    0.1486449319E-20    0.1978365268E-36
    0.9320000000E+00    0.9275108115E-22    0.6404471218E-23    0.5616168372E-07    0.9947318117E+02    0.1833736505E-34    0.9226245099E-20    0.1315774182E-35
    0.9320000000E+00    0.9938457404E-22    0.6862514550E-23    0.5746985739E-07   -0.4131127374E+03   -0.8160175696E-34   -0.4105703344E-19   -0.6273991689E-35
    0.9320000000E+00    0.1064924897E-21    0.7353316823E-23    0.5880850233E-07   -0.3419673620E+05   -0.7237950056E-32   -0.3641695578E-17   -0.5962934124E-33
    0.9320000000E+00    0.1141087586E-21    0.7879220933E-23    0.6017832832E-07   -0.1776366561E+07   -0.4028686871E-30   -0.2026989831E-15   -0.3556378227E-31
    0.9320000000E+00    0.1222697377E-21    0.8442737340E-23    0.6158006166E-07   -0.8226480584E+08   -0.1999148249E-28   -0.1005849623E-13   -0.1890990863E-29
    0.9320000000E+00    0.1310143844E-21    0.9046556049E-23    0.6301444556E-07   -0.3418364479E+10   -0.8901214995E-27   -0.4478549179E-12   -0.9021810908E-28
    0.9320000000E+00    0.1403844422E-21    0.9693559452E-23    0.6448224056E-07   -0.1029119842E+11   -0.2871421023E-26   -0.1444724150E-11   -0.3118468095E-27
    0.9320000000E+00    0.1504246400E-21    0.1038683609E-22    0.6598422489E-07    0.3512396340E+11    0.1050109143E-25    0.5283509548E-11    0.1222021563E-26
    0.9320000000E+00    0.1611829057E-21    0.1112969539E-22    0.6752119493E-07    0.1645801232E+13    0.5272399463E-24    0.2652750248E-09    0.6574348722E-25
    0.9320000000E+00    0.1727105951E-21    0.1192568347E-22    0.6909396560E-07    0.4581843479E+14    0.1572791571E-22    0.7913329139E-08    0.2101433264E-23
    0.9320000000E+00    0.1850627369E-21    0.1277860007E-22    0.7070337081E-07    0.1134673207E+16    0.4173512553E-21    0.2099857293E-06    0.5975113420E-22
    0.9320000000E+00    0.1982982953E-21    0.1369251667E-22    0.7235026388E-07    0.1851367227E+17    0.7296649676E-20    0.3671229651E-05    0.1119355210E-20
    0.9320000000E+00    0.2124804516E-21    0.1467179595E-22    0.7403551802E-07    0.2525761507E+17    0.1066653258E-19    0.5366749456E-05    0.1753346269E-20
    0.9320000000E+00    0.2276769058E-21    0.1572111260E-22    0.7576002677E-07   -0.1310774604E+18   -0.5931423618E-19   -0.2984331060E-04   -0.1044728330E-19
    0.9320000000E+00    0.2439602000E-21    0.1684547565E-22    0.7752470448E-07   -0.3216234161E+19   -0.1559475601E-17   -0.7846331292E-03   -0.2943221951E-18
    0.9320000000E+00    0.2614080640E-21    0.1805025236E-22    0.7933048683E-07   -0.5144718912E+20   -0.2672960712E-16   -0.1344871010E-01   -0.5405514105E-17
    0.9320000000E+00    0.2801037871E-21    0.1934119387E-22    0.8117833125E-07   -0.7323660209E+21   -0.4077172726E-15   -0.2051384960E+00   -0.8834938685E-16
    0.9320000000E+00    0.3001366153E-21    0.2072446262E-22    0.8306921749E-07   -0.9568997952E+22   -0.5708176398E-14   -0.2872006658E+01   -0.1325384279E-14
    0.9320000000E+00    0.3216021775E-21    0.2220666179E-22    0.8500414813E-07   -0.1154219453E+24   -0.7377671494E-13   -0.3711994895E+02   -0.1835539535E-13
    0.9320000000E+00    0.3446029418E-21    0.2379486681E-22    0.8698414910E-07   -0.7497117863E+24   -0.5134820453E-12   -0.2583528871E+03   -0.1368893596E-12
    0.9320000000E+00    0.3692487048E-21    0.2549665916E-22    0.8901027021E-07   -0.8181013422E+24   -0.6003963303E-12   -0.3020828610E+03   -0.1715072402E-12
    0.9320000000E+00    0.3956571157E-21    0.2732016250E-22    0.9108358575E-07    0.1665259438E+25    0.1309522086E-11    0.6588717460E+03    0.4008272665E-12
    0.9320000000E+00    0.4239542377E-21    0.2927408154E-22    0.9320519501E-07    0.2916056077E+26    0.2457122424E-10    0.1236274331E+05    0.8058815718E-11
    0.9320000000E+00    0.4542751502E-21    0.3136774352E-22    0.9537622289E-07    0.2624498012E+27    0.2369611627E-09    0.1192244229E+06    0.8327633461E-10
    0.9320000000E+00    0.4867645933E-21    0.3361114274E-22    0.9759782052E-07    0.2032845861E+28    0.1966687574E-08    0.9895173890E+06    0.7405933418E-09
    0.9320000000E+00    0.5215776589E-21    0.3601498832E-22    0.9987116580E-07    0.1440520808E+29    0.1493311673E-07    0.7513434706E+07    0.6025524953E-08
    0.9320000000E+00    0.5588805307E-21    0.3859075526E-22    0.1021974641E-06    0.9463494814E+29    0.1051193029E-06    0.5288963004E+08    0.4544926893E-07
    0.9320000000E+00    0.5988512779E-21    0.4135073927E-22    0.1045779488E-06    0.5787074253E+30    0.6887949885E-06    0.3465596812E+09    0.3191055871E-06
    0.9320000000E+00    0.6416807053E-21    0.4430811541E-22    0.1070138822E-06    0.3300039256E+31    0.4208719964E-05    0.2117571517E+10    0.2089269477E-05
    0.9320000000E+00    0.6875732635E-21    0.4747700104E-22    0.1095065557E-06    0.1756524850E+32    0.2400408866E-04    0.1207739524E+11    0.1276819926E-04
    0.9320000000E+00    0.7367480256E-21    0.5087252317E-22    0.1120572911E-06    0.8730518487E+32    0.1278412358E-03    0.6432192258E+11    0.7286439943E-04
    0.9320000000E+00    0.7894397325E-21    0.5451089068E-22    0.1146674407E-06    0.4051295133E+33    0.6356598867E-03    0.3198253346E+12    0.3882122502E-03
    0.9320000000E+00    0.8458999137E-21    0.5840947171E-22    0.1173383885E-06    0.1753686875E+34    0.2948376735E-02    0.1483443576E+13    0.1929422794E-02
    0.9320000000E+00    0.9063980879E-21    0.6258687655E-22    0.1200715507E-06    0.7070693038E+34    0.1273775547E-01    0.6408862650E+13    0.8931766005E-02
    0.9320000000E+00    0.9712230494E-21    0.6706304648E-22    0.1228683764E-06    0.2248551423E+35    0.4340439908E-01    0.2183844970E+14    0.3261205585E-01
    0.9320000000E+00    0.1040684247E-20    0.7185934897E-22    0.1257303485E-06    0.4316179565E+35    0.8927511703E-01    0.4491780081E+14    0.7187450350E-01
    0.9320000000E+00    0.1115113261E-20    0.7699867968E-22    0.1286589846E-06    0.5911386309E+35    0.1310147720E+00    0.6591865267E+14    0.1130224441E+00
    0.9320000000E+00    0.1194865387E-20    0.8250557175E-22    0.1316558373E-06    0.6316754138E+35    0.1500116187E+00    0.7547670878E+14    0.1386657889E+00
    0.9320000000E+00    0.1280321329E-20    0.8840631292E-22    0.1347224957E-06    0.6226066480E+35    0.1584326468E+00    0.7971365713E+14    0.1569239051E+00
    0.9320000000E+00    0.1371889021E-20    0.9472907100E-22    0.1378605858E-06    0.5638771762E+35    0.1537501118E+00    0.7735769075E+14    0.1631773476E+00
    0.9320000000E+00    0.1470005571E-20    0.1015040283E-21    0.1410717713E-06    0.4101108642E+35    0.1198207954E+00    0.6028652551E+14    0.1362625863E+00
    0.9320000000E+00    0.1575139348E-20    0.1087635259E-21    0.1443577550E-06    0.2422460575E+35    0.7583813452E-01    0.3815712971E+14    0.9241278766E-01
    0.9320000000E+00    0.1687792220E-20    0.1165422177E-21    0.1477202791E-06    0.1172473953E+35    0.3933092199E-01    0.1978892416E+14    0.5135450609E-01
    0.9320000000E+00    0.1808501947E-20    0.1248772362E-21    0.1511611264E-06    0.4616263321E+34    0.1659286951E-01    0.8348521204E+13    0.2321485243E-01
    0.9320000000E+00    0.1937844750E-20    0.1338083694E-21    0.1546821213E-06    0.1397888129E+34    0.5383978797E-02    0.2708890172E+13    0.8071379554E-02
    0.9320000000E+00    0.2076438060E-20    0.1433782510E-21    0.1582851308E-06    0.1605043477E+33    0.6623960360E-03    0.3332773363E+12    0.1064050290E-02
    0.9320000000E+00    0.2224943467E-20    0.1536325639E-21    0.1619720651E-06    0.6131692793E+30    0.2711510633E-05    0.1364266982E+10    0.4667192794E-05
    0.9320000000E+00    0.2384069878E-20    0.1646202581E-21    0.1657448792E-06    0.1486045063E+30    0.7041463026E-06    0.3542835273E+09    0.1298695491E-05
    0.9320000000E+00    0.2554576900E-20    0.1763937846E-21    0.1696055734E-06    0.2728233878E+29    0.1385200123E-06    0.6969483243E+08    0.2737517795E-06
    0.9320000000E+00    0.2737278465E-20    0.1890093455E-21    0.1735561947E-06    0.3697802760E+28    0.2011753039E-07    0.1012191586E+08    0.4260093152E-07
    0.9320000000E+00    0.2933046719E-20    0.2025271626E-21    0.1775988378E-06    0.9059751034E+27    0.5281377211E-08    0.2657267304E+07    0.1198371899E-07
    0.9320000000E+00    0.3142816182E-20    0.2170117645E-21    0.1817356462E-06    0.1990889285E+27    0.1243592325E-08    0.6256999061E+06    0.3023586952E-08
    0.9320000000E+00    0.3367588212E-20    0.2325322952E-21    0.1859688132E-06    0.4776896848E+26    0.3197251407E-09    0.1608662152E+06    0.8329543808E-09
    0.9320000000E+00    0.3608435782E-20    0.2491628434E-21    0.1903005833E-06    0.7129820975E+25    0.5113397432E-10    0.2572750112E+05    0.1427427234E-09
    0.9320000000E+00    0.3866508602E-20    0.2669827968E-21    0.1947332533E-06    0.2402461288E+25    0.1846236456E-10    0.9289137237E+04    0.5522449483E-10
